seeds are [710 711 712 713 714 715 716 717 718 719]
seed 710
Initial fitness values: [np.float64(25.157324125081523), np.float64(24.790388213000075), np.float64(24.57144104980621), np.float64(24.417526257380185), np.float64(23.92469231458364), np.float64(23.249721776571928), np.float64(23.249721776571928), np.float64(22.04616769562308), np.float64(22.04616769562308), np.float64(21.969472811138875)]
Final fitness values: [np.float64(20.80205204348306), np.float64(20.800513291922012), np.float64(20.800513291922012), np.float64(20.800513291922012), np.float64(20.800513291922012), np.float64(20.79246360312091), np.float64(20.78193171677786), np.float64(20.77529663507911), np.float64(20.771520497349705), np.float64(20.771520497349705)]
HOF ITEM
20.771520497349705
0.14067754111533157,1.0365454251527761,-0.9164381690956772,2.7007007627422337,6.07296059795513,-2.09997211893048,-5.524455482871386,0.42503178451462603,0.8563802782118499,2.9035584193399204,0.0,1.4174237496336346,0.7036706935285922,2.998087198985897,-0.5577535803181346
HOF ITEM
20.773985286957448
0.14067754111533157,1.0365454251527761,-0.9164381690956772,2.7007007627422337,6.07296059795513,-2.09997211893048,-5.524455482871386,0.20090588405466572,0.8563802782118499,2.9035584193399204,0.0,1.4174237496336346,0.7036706935285922,2.998087198985897,-0.5577535803181346
HOF ITEM
20.77529663507911
0.14067754111533157,1.0365454251527761,-0.9164381690956772,2.7007007627422337,6.07296059795513,-2.09997211893048,-5.2952342782157125,0.20090588405466572,0.8563802782118499,2.9035584193399204,0.0,1.4174237496336346,0.7036706935285922,2.998087198985897,-0.5577535803181346
HOF ITEM
20.78140984329141
0.14067754111533157,1.0365454251527761,-0.9164381690956772,2.7007007627422337,6.07296059795513,-2.09997211893048,-5.524455482871386,0.42503178451462603,0.8563802782118499,2.9035584193399204,0.0,1.2406868386447507,0.7036706935285922,2.998087198985897,-0.5577535803181346
HOF ITEM
20.781806042722227
0.14067754111533157,1.0365454251527761,-0.9164381690956772,2.7007007627422337,6.07296059795513,-2.09997211893048,-5.524455482871386,0.42503178451462603,0.7751158840131316,2.9035584193399204,0.0,1.2406868386447507,0.7036706935285922,2.998087198985897,-0.5577535803181346
seed 711
Initial fitness values: [np.float64(27.926244632549665), np.float64(27.567961630466314), np.float64(26.703215930362447), np.float64(25.2872375185835), np.float64(25.2872375185835), np.float64(24.40013560596442), np.float64(24.166282487077616), np.float64(24.088194264868388), np.float64(23.941740201297886), np.float64(23.867077424822135)]
Final fitness values: [np.float64(20.924134605262374), np.float64(20.924134605262374), np.float64(20.924134605262374), np.float64(20.92266558286717), np.float64(20.92266558286717), np.float64(20.92266558286717), np.float64(20.921598712662014), np.float64(20.921233349081216), np.float64(20.921233349081216), np.float64(20.920543109339903)]
HOF ITEM
20.920543109339903
1.429682430331064,0.49922550937777505,1.7470087997326378,0.2527513329325856,-1.1846901769691474,-6.3139384818877256,4.870470901953636,0.845373124472034,3.153873100631243,0.8997223019550187,2.908245624224123,-4.464337034770439,3.7743989992109723,0.14231390077092024,0.6288463169454438
HOF ITEM
20.921233349081216
1.429682430331064,0.49922550937777505,1.7470087997326378,0.2527513329325856,-1.1846901769691474,-6.3139384818877256,4.870470901953636,0.9187325045432022,2.9600331951738874,0.8997223019550187,2.908245624224123,-4.464337034770439,3.7743989992109723,0.14231390077092024,0.6288463169454438
HOF ITEM
20.921598712662014
1.429682430331064,0.49922550937777505,1.7813644586045625,0.2527513329325856,-1.1846901769691474,-6.3139384818877256,5.161310822805388,0.845373124472034,3.153873100631243,0.8997223019550187,2.908245624224123,-4.464337034770439,3.7743989992109723,0.14231390077092024,0.6288463169454438
HOF ITEM
20.92266558286717
1.429682430331064,0.49922550937777505,1.7813644586045625,0.2527513329325856,-1.1846901769691474,-6.3139384818877256,5.161310822805388,0.900757644362458,3.153873100631243,0.8997223019550187,2.908245624224123,-4.464337034770439,3.7743989992109723,0.14231390077092024,0.6288463169454438
HOF ITEM
20.923183551167558
1.429682430331064,0.49922550937777505,1.7813644586045625,0.2527513329325856,-1.1846901769691474,-6.3139384818877256,5.161310822805388,0.9187325045432022,2.9600331951738874,0.8997223019550187,2.908245624224123,-4.464337034770439,3.7743989992109723,0.14231390077092024,0.6288463169454438
seed 712
Initial fitness values: [np.float64(26.71903623239958), np.float64(25.64511502473234), np.float64(25.262724249638293), np.float64(25.04555053777405), np.float64(24.646520563801225), np.float64(24.646520563801225), np.float64(24.547136155816013), np.float64(24.210283532209807), np.float64(23.92192780114915), np.float64(23.328071246634313)]
Final fitness values: [np.float64(20.63936767921409), np.float64(20.63936767921409), np.float64(20.63936767921409), np.float64(20.63936767921409), np.float64(20.63936767921409), np.float64(20.63936767921409), np.float64(20.63936767921409), np.float64(20.63936767921409), np.float64(20.63936767921409), np.float64(20.639367679178438)]
HOF ITEM
20.639367679178438
-4.329945052652936,1.5710208960326983,-5.553172584184446,3.468357274098978,1.2989680501786567,-4.361492044741937,6.8618584063936385,1.9848117708995456,1.8695961108544423,4.8376093055842775,1.242082491341509,-7.0,-3.2790780387710496,2.4305588232507858,-2.991182604586142
HOF ITEM
20.63936767921409
-4.329945052652936,1.5710208960326983,-5.553172584184446,3.468357274098978,1.2989680501786567,-4.361492044741937,6.876831429828115,1.4814886043407234,1.738401480391669,4.8376093055842775,1.354495498710449,-7.0,-3.2790780387710496,2.4305588232507858,-2.991182604586142
HOF ITEM
20.63936767921409
-4.329945052652936,1.5710208960326983,-5.553172584184446,3.468357274098978,1.2989680501786567,-4.361492044741937,6.8618584063936385,1.4814886043407234,2.1066664497812364,4.8376093055842775,1.354495498710449,-6.898068454386697,-3.2790780387710496,2.4305588232507858,-2.991182604586142
HOF ITEM
20.63936767921409
-4.329945052652936,1.5710208960326983,-5.553172584184446,3.468357274098978,1.2989680501786567,-4.361492044741937,6.876831429828115,1.4814886043407234,2.1066664497812364,4.8376093055842775,1.354495498710449,-7.0,-3.2790780387710496,2.4305588232507858,-2.991182604586142
HOF ITEM
20.63936767921409
-4.329945052652936,1.5710208960326983,-5.553172584184446,3.468357274098978,1.2989680501786567,-4.361492044741937,6.876831429828115,1.4814886043407234,2.1066664497812364,4.8376093055842775,1.354495498710449,-6.898068454386697,-3.2790780387710496,2.4305588232507858,-2.991182604586142
seed 713
Initial fitness values: [np.float64(25.575014374546555), np.float64(25.575014374546555), np.float64(24.800993600390903), np.float64(24.788999426986717), np.float64(24.618584811593188), np.float64(24.43101532571017), np.float64(24.332382035252294), np.float64(24.332382035252294), np.float64(24.332382035252294), np.float64(24.306148841689136)]
Final fitness values: [np.float64(24.186169953582134), np.float64(24.175028017911732), np.float64(24.175028017911732), np.float64(24.172773493827258), np.float64(24.172773493827258), np.float64(24.16475272639109), np.float64(24.16475272639109), np.float64(24.16475272639109), np.float64(24.164243980503134), np.float64(24.164243980503134)]
HOF ITEM
24.164243980503134
-0.462147245068131,1.5541854662056487,3.9552073627937596,-6.3213945147121375,2.3621991179943946,5.062789659348617,-4.91420574123326,0.9045252813529969,-0.8084191672723179,0.7214627573868704,1.504125957152206,-3.092073890691287,7.0,0.7297109846007346,-3.4374417201442755
HOF ITEM
24.16474955132046
-0.462147245068131,1.5541854662056487,3.9552073627937596,-6.2346452312187175,2.3621991179943946,5.062789659348617,-4.122206123367047,0.5824033522703344,-0.7408679051255302,0.7214627573868704,1.504125957152206,-3.128833443234356,6.938329396808555,1.0589552262492763,-3.695342781423049
HOF ITEM
24.16475271944434
-0.462147245068131,1.5541854662056487,3.9552073627937596,-6.2346452312187175,2.3621991179943946,5.062789659348617,-4.445046077250745,0.5824033522703344,-0.7408679051255302,0.7214627573868704,1.504125957152206,-3.128833443234356,6.938329396808555,1.2302891202330797,-3.72725276281258
HOF ITEM
24.16475272633744
-0.462147245068131,1.5541854662056487,3.9552073627937596,-6.2346452312187175,2.3621991179943946,5.062789659348617,-4.445046077250745,0.5824033522703344,-0.7408679051255302,0.7214627573868704,1.504125957152206,-3.128833443234356,6.938329396808555,1.0589552262492763,-3.4374417201442755
HOF ITEM
24.164752726348965
-0.462147245068131,1.5541854662056487,3.9552073627937596,-6.2346452312187175,2.3621991179943946,5.062789659348617,-4.445046077250745,0.5824033522703344,-0.7408679051255302,0.7214627573868704,1.504125957152206,-3.128833443234356,6.938329396808555,1.0589552262492763,-3.4877006061546605
seed 714
Initial fitness values: [np.float64(27.637047105407017), np.float64(26.83423091806489), np.float64(25.313109972510482), np.float64(24.436845945213985), np.float64(23.403398722020988), np.float64(22.8449477487489), np.float64(22.270681307766598), np.float64(22.183494674506477), np.float64(21.538465189085453), np.float64(21.35316608790149)]
Final fitness values: [np.float64(21.005580309898182), np.float64(21.005580309898182), np.float64(21.005580309898182), np.float64(21.005580309898182), np.float64(21.005570611239754), np.float64(21.005570611239754), np.float64(21.005549494350284), np.float64(21.005549494350284), np.float64(21.005549494350284), np.float64(21.005549482484614)]
HOF ITEM
21.005549482484614
1.5168673795682677,0.44756411647065103,-1.8211640100101807,-1.555599295856994,2.2867324016800623,1.5954569563819423,2.5701883723622028,2.0788459261526717,-5.3324393766047775,2.0353782555845656,1.8641220056100591,-6.181480323397419,1.0102781758491188,3.0,-2.975228030172666
HOF ITEM
21.005549494350284
1.5168673795682677,0.44756411647065103,-1.8211640100101807,-1.555599295856994,2.2867324016800623,1.5954569563819423,2.5701883723622028,2.0788459261526717,-5.253720912857362,2.0353782555845656,1.8641220056100591,-6.181480323397419,1.0102781758491188,3.0,-2.975228030172666
HOF ITEM
21.005551271914644
1.5168673795682677,0.44756411647065103,-1.8211640100101807,-1.555599295856994,2.2867324016800623,1.5954569563819423,2.5701883723622028,2.0788459261526717,-5.253720912857362,2.0353782555845656,1.8641220056100591,-6.288817571052879,1.0102781758491188,3.0,-2.975228030172666
HOF ITEM
21.00557060777528
1.5168673795682677,0.44756411647065103,-1.8211640100101807,-1.555599295856994,2.2867324016800623,1.5954569563819423,2.724197897787263,2.0788459261526717,-5.3324393766047775,2.0353782555845656,1.8641220056100591,-6.181480323397419,1.0102781758491188,3.0,-2.975228030172666
HOF ITEM
21.005570611239754
1.5168673795682677,0.44756411647065103,-1.8211640100101807,-1.555599295856994,2.2867324016800623,1.5954569563819423,2.724197897787263,2.0788459261526717,-5.253720912857362,2.0353782555845656,1.8641220056100591,-6.181480323397419,1.0102781758491188,3.0,-2.975228030172666
seed 715
Initial fitness values: [np.float64(25.798963026830865), np.float64(24.185555511302766), np.float64(24.185555511302766), np.float64(23.794162464192343), np.float64(23.47119616841637), np.float64(22.608562359477375), np.float64(22.551767349228154), np.float64(22.38936081491502), np.float64(21.770403751780794), np.float64(21.28543065665717)]
Final fitness values: [np.float64(20.60216140776809), np.float64(20.60216140776809), np.float64(20.60216140776809), np.float64(20.60216140776809), np.float64(20.60216140776809), np.float64(20.60216140776809), np.float64(20.60216140776809), np.float64(20.60216140776809), np.float64(20.60216140776809), np.float64(20.60216140776809)]
HOF ITEM
20.60216140776809
-4.51397581855382,1.5755065162721593,-4.147135824199783,-4.997363387324077,3.0147785853796294,-4.866909545373499,-2.140829342782203,3.0,-0.7720627666541977,6.701025810535965,2.5108601412718583,-6.600307519871707,-3.2519625638013316,2.3884008674999024,-0.620461757253273
HOF ITEM
20.60216140776809
-4.51397581855382,1.5755065162721593,-4.147135824199783,-4.997363387324077,3.0147785853796294,-4.866909545373499,-2.24744577347828,3.0,-0.12683946516005393,6.701025810535965,2.5108601412718583,-6.600307519871707,-3.2519625638013316,2.3884008674999024,-0.620461757253273
HOF ITEM
20.60216140776809
-4.51397581855382,1.5755065162721593,-4.147135824199783,-4.997363387324077,3.0147785853796294,-4.866909545373499,-2.140829342782203,3.0,-0.12683946516005393,6.701025810535965,2.5108601412718583,-6.600307519871707,-3.2519625638013316,2.3884008674999024,-0.620461757253273
HOF ITEM
20.60216140776809
-4.51397581855382,1.5755065162721593,-4.147135824199783,-4.997363387324077,3.0147785853796294,-4.866909545373499,-2.140829342782203,3.0,-0.7720627666541977,6.2544424490010675,2.126834715699632,-6.520428666748796,-3.2519625638013316,2.3884008674999024,-0.620461757253273
HOF ITEM
20.60216140776809
-4.51397581855382,1.5755065162721593,-4.147135824199783,-4.997363387324077,3.0147785853796294,-4.866909545373499,-2.140829342782203,3.0,-0.7720627666541977,6.3115791748565595,2.261582826772013,-6.359306695848559,-3.2519625638013316,2.3884008674999024,-0.620461757253273
seed 716
Initial fitness values: [np.float64(28.531574676293225), np.float64(27.70707591205137), np.float64(27.37948530963014), np.float64(26.542218405132484), np.float64(25.767493406039733), np.float64(25.366555672664976), np.float64(25.0050170553094), np.float64(24.633384075188502), np.float64(24.629517140755407), np.float64(24.391535129488)]
Final fitness values: [np.float64(20.8167370300014), np.float64(20.8167370300014), np.float64(20.8167370300014), np.float64(20.8167370300014), np.float64(20.8167370300014), np.float64(20.8167370300014), np.float64(20.8167370300014), np.float64(20.816737026110726), np.float64(20.816737026110726), np.float64(20.816737026110726)]
HOF ITEM
20.816737026110726
-2.3993327786671967,1.58063237355397,3.6308347289429035,4.676061141757004,0.7815837719344522,-2.9115152256173373,1.2839784711533924,2.824724394859373,4.27731695269421,-1.2174023983795907,3.0,-2.031071446443255,1.8900208945620625,2.063711066907598,-6.238803564518431
HOF ITEM
20.8167370300014
-2.3993327786671967,1.58063237355397,3.6308347289429035,4.676061141757004,0.7815837719344522,-2.9115152256173373,1.2839784711533924,2.494351292619587,4.156919874286269,-1.2174023983795907,3.0,-2.031071446443255,1.8900208945620625,2.063711066907598,-6.238803564518431
HOF ITEM
20.816737030314435
-2.3993327786671967,1.58063237355397,3.6308347289429035,4.676061141757004,0.7815837719344522,-2.9115152256173373,1.1648383880149074,2.5532355608539015,4.156919874286269,-1.2174023983795907,3.0,-2.031071446443255,1.8900208945620625,2.063711066907598,-6.238803564518431
HOF ITEM
20.81673703300592
-2.3993327786671967,1.58063237355397,3.6308347289429035,4.676061141757004,0.7815837719344522,-2.9115152256173373,1.2839784711533924,2.494351292619587,4.722281351739623,-1.2174023983795907,3.0,-2.031071446443255,1.8900208945620625,2.063711066907598,-6.238803564518431
HOF ITEM
20.8167370442718
-2.3993327786671967,1.58063237355397,3.6308347289429035,4.676061141757004,0.7815837719344522,-2.9115152256173373,1.340372841233525,2.410923470161112,4.485671072975921,-1.2174023983795907,3.0,-2.031071446443255,1.9510113342319428,2.063711066907598,-6.238803564518431
seed 717
Initial fitness values: [np.float64(27.71770692834499), np.float64(27.47602902295745), np.float64(25.67615439983211), np.float64(24.666924140212416), np.float64(23.899612425789265), np.float64(22.493808357158706), np.float64(21.86272106850755), np.float64(21.86272106850755), np.float64(21.48409430795866), np.float64(21.37909619008885)]
Final fitness values: [np.float64(19.692594584845427), np.float64(19.639385784498405), np.float64(19.639385784498405), np.float64(19.639369467833227), np.float64(19.632750476454515), np.float64(19.50006654105971), np.float64(19.493161134143733), np.float64(19.493149263732715), np.float64(19.493149263732715), np.float64(19.493141044918936)]
HOF ITEM
19.493141044918936
1.7141955024821898,0.36523779892329367,3.5375487291293717,-6.262978790210977,5.000603818443713,5.856736949572853,0.5441380588247178,0.5978591553941786,-3.490731292239714,1.2508348563959246,2.0932081060855108,5.549176963847376,1.0558422663813045,3.0,-2.4117985992710067
HOF ITEM
19.493149263732715
1.7141955024821898,0.36523779892329367,3.5375487291293717,-6.262978790210977,5.000603818443713,5.856736949572853,0.4389956895126673,0.5978591553941786,-3.490731292239714,1.2508348563959246,2.0932081060855108,5.549176963847376,1.0558422663813045,3.0,-2.4117985992710067
HOF ITEM
19.493149926124627
1.7141955024821898,0.36523779892329367,3.5375487291293717,-6.262978790210977,5.000603818443713,5.856736949572853,0.4389956895126673,0.5978591553941786,-3.920982065978491,1.2508348563959246,2.0932081060855108,5.549176963847376,1.0558422663813045,3.0,-2.4117985992710067
HOF ITEM
19.493161134143733
1.7141955024821898,0.36523779892329367,3.5375487291293717,-6.262978790210977,5.000603818443713,5.856736949572853,0.5441380588247178,0.0,-3.490731292239714,1.2508348563959246,2.0932081060855108,5.549176963847376,1.0558422663813045,3.0,-2.4117985992710067
HOF ITEM
19.493161430485067
1.7141955024821898,0.36523779892329367,3.5375487291293717,-6.262978790210977,5.000603818443713,5.856736949572853,0.5441380588247178,0.0,-3.6307817601922934,1.2508348563959246,2.0932081060855108,5.549176963847376,1.0558422663813045,3.0,-2.4117985992710067
seed 718
Initial fitness values: [np.float64(25.503269075879942), np.float64(25.503269075879942), np.float64(24.94503487554271), np.float64(24.38522744942265), np.float64(23.581956715472998), np.float64(23.509381032926917), np.float64(23.509381032926917), np.float64(22.526039056581286), np.float64(22.438286648851648), np.float64(21.93618948829402)]
Final fitness values: [np.float64(20.60267767188194), np.float64(20.60267767188194), np.float64(20.60250057208513), np.float64(20.602500572085127), np.float64(20.602500401207934), np.float64(20.602500401207934), np.float64(20.60250040120793), np.float64(20.602500401203805), np.float64(20.602500401203805), np.float64(20.6025004012038)]
HOF ITEM
20.6025004012038
-3.261535040786455,1.580660499770658,4.960562109651729,6.896626607204688,-3.5679242121645665,-4.303771783132376,4.353476022544971,1.8087400246786278,-1.1583576269662748,-1.9827404102370867,2.811441138560636,-0.5439193680557537,0.14672816856554188,2.2113145672288153,-4.784736788172255
HOF ITEM
20.602500401203805
-3.261535040786455,1.580660499770658,4.960562109651729,6.896626607204688,-3.5679242121645665,-4.303771783132376,4.144701132995326,1.8087400246786278,-1.1583576269662748,-1.9827404102370867,2.811441138560636,-0.5439193680557537,0.14672816856554188,2.2113145672288153,-4.784736788172255
HOF ITEM
20.60250040120793
-3.261535040786455,1.580660499770658,4.960562109651729,6.896626607204688,-3.5679242121645665,-4.303771783132376,4.353476022544971,1.8087400246786278,-1.1583576269662748,-1.9827404102370867,2.811441138560636,-0.5439193680557537,0.14672816856554188,2.2113145672288153,-4.78188097032805
HOF ITEM
20.602500401207934
-3.261535040786455,1.580660499770658,4.960562109651729,6.896626607204688,-3.5679242121645665,-4.303771783132376,4.16496355186439,1.8087400246786278,-1.1583576269662748,-1.9827404102370867,2.811441138560636,-0.5439193680557537,0.14672816856554188,2.2113145672288153,-4.78188097032805
HOF ITEM
20.602500401207934
-3.261535040786455,1.580660499770658,4.960562109651729,6.896626607204688,-3.5679242121645665,-4.303771783132376,4.144701132995326,1.8087400246786278,-1.1583576269662748,-1.9827404102370867,2.811441138560636,-0.5439193680557537,0.14672816856554188,2.2113145672288153,-4.78188097032805
seed 719
Initial fitness values: [np.float64(27.382050810080113), np.float64(25.37204220890056), np.float64(24.787066718043715), np.float64(24.704150961623256), np.float64(24.512189027770077), np.float64(24.476163525826394), np.float64(24.308495664013062), np.float64(24.308495664013062), np.float64(24.165697552187527), np.float64(24.106693523935363)]
Final fitness values: [np.float64(23.618253172353878), np.float64(23.617076461804512), np.float64(23.616614362865707), np.float64(23.616614362865707), np.float64(23.613212925129822), np.float64(23.613212925129822), np.float64(23.613212925129822), np.float64(23.613212925129822), np.float64(23.612914603070124), np.float64(23.612914603070124)]
HOF ITEM
23.612914603070124
6.951184273145131,-0.9203394783819706,2.5043102217763162,-2.2616166873465358,-5.142861147860474,6.308750442296488,5.779188112034335,2.555738066551992,1.3242934023378743,1.7902782920391545,1.8119581754424978,-5.959923750042457,1.3366372243919298,3.0,-5.60142422640759
HOF ITEM
23.612914603070124
6.951184273145131,-0.9203394783819706,2.5043102217763162,-2.2616166873465358,-5.142861147860474,6.308750442296488,5.953625934126429,2.691246755905772,1.5272883790692227,1.7902782920391545,1.8119581754424978,-5.959923750042457,1.3366372243919298,3.0,-5.60142422640759
HOF ITEM
23.61301709464941
6.951184273145131,-0.9203394783819706,3.758895808326948,-1.8413836585358812,-5.2486201031999276,6.211124310190923,5.779188112034335,2.5656336774674324,1.3242934023378743,1.7902782920391545,1.8119581754424978,-5.891245828934343,1.3366372243919298,3.0,-5.60142422640759
HOF ITEM
23.61307393169739
6.951184273145131,-0.9203394783819706,2.838200637545961,-1.880164022276105,-5.2612090662273925,6.211124310190923,5.779188112034335,2.555738066551992,1.3242934023378743,1.7902782920391545,1.8119581754424978,-5.959923750042457,1.3366372243919298,3.0,-5.60142422640759
HOF ITEM
23.613212925129822
6.951184273145131,-0.9203394783819706,3.758895808326948,-1.8413836585358812,-5.324794374614894,6.211124310190923,5.779188112034335,2.377399935889572,1.5685654307926902,1.7902782920391545,1.8119581754424978,-5.959923750042457,1.3366372243919298,3.0,-5.60142422640759
best parameter set
fitness 19.291619628315956 seed 717
1.718744266781362,0.3598919457518593,3.583332198596104,-6.264081671178193,4.943785752329947,5.8659624731311,0.5456731941498799,0.0008321586426047402,-3.4908204325483756,1.1681247479749064,2.067124780448512,5.560812805972102,1.0474603840740528,2.97581069625391,-2.408726485295753
