seeds are [170 171 172 173 174 175 176 177 178 179]
seed 170
Initial fitness values: [np.float64(53.77298384987272), np.float64(47.352905862905224), np.float64(45.983154927168556), np.float64(44.71601206148608), np.float64(44.620305311188474), np.float64(44.59459414361515), np.float64(44.59459414361515), np.float64(44.57445044583387), np.float64(44.37759702993617), np.float64(43.800408052323604)]
Final fitness values: [np.float64(40.909224850424266), np.float64(40.909224850424266), np.float64(40.909224850424266), np.float64(40.90884512154144), np.float64(40.90884512154144), np.float64(40.90884512154144), np.float64(40.90884512154144), np.float64(40.90884512154144), np.float64(40.90884512154144), np.float64(40.90884512154144)]
HOF ITEM
40.90884512154144
-5.839288014804862,1.5969450328400137,5.6734019164176575,-1.283291812736551,-4.502662959542877,-3.9284623417249454,-4.496149536538592,2.039657715433189,6.928207546155388,0.6948104772336536,1.3908381737816367,-0.8405601226434036,-0.21100094159212152,2.6762096891383664,3.9439675329945194
HOF ITEM
40.90884512154144
-5.839288014804862,1.5969450328400137,5.6734019164176575,-1.283291812736551,-4.502662959542877,-3.9284623417249454,-4.496149536538592,2.039657715433189,6.928207546155388,0.6948104772336536,1.3908381737816367,-0.8405601226434036,-0.21100094159212152,2.834174718141181,3.9439675329945194
HOF ITEM
40.90884512172983
-5.839288014804862,1.5969450328400137,5.6734019164176575,-1.283291812736551,-4.502662959542877,-3.9284623417249454,-4.496149536538592,2.039657715433189,6.928207546155388,0.6948104772336536,1.3908381737816367,-0.6527070470973816,-0.21100094159212152,2.834174718141181,3.9439675329945194
HOF ITEM
40.90884512172983
-5.839288014804862,1.5969450328400137,5.6734019164176575,-1.283291812736551,-4.502662959542877,-3.9284623417249454,-4.496149536538592,2.039657715433189,6.928207546155388,0.6948104772336536,1.3908381737816367,-0.6527070470973816,-0.21100094159212152,2.6762096891383664,3.9439675329945194
HOF ITEM
40.90884512246015
-5.839288014804862,1.5969450328400137,5.6734019164176575,-1.283291812736551,-4.502662959542877,-3.9284623417249454,-4.496149536538592,2.039657715433189,6.928207546155388,1.0550582148816008,1.3908381737816367,-0.8405601226434036,-0.21100094159212152,2.834174718141181,3.9439675329945194
seed 171
Initial fitness values: [np.float64(51.911695953163836), np.float64(49.40142983261798), np.float64(48.20390997354884), np.float64(47.85932473873223), np.float64(44.86360536899811), np.float64(44.86360536899811), np.float64(44.664590330669604), np.float64(43.88260559615852), np.float64(43.22204658793244), np.float64(42.61616888793142)]
Final fitness values: [np.float64(37.43303591127664), np.float64(37.409645042433304), np.float64(37.409645042433304), np.float64(37.409645042433304), np.float64(37.401968018333285), np.float64(37.401968018333285), np.float64(37.401968018333285), np.float64(37.401968018333285), np.float64(37.401968018333285), np.float64(37.401968018333285)]
HOF ITEM
37.401968018333285
-2.2818431763932763,1.634461222851821,-3.3844051888310163,0.1909615229456051,0.7391863009401544,-1.9725813612835807,7.0,2.9098732722274243,-0.373938743799021,-1.092286448508613,2.5944884430068957,-1.1025529100198836,-2.5255960494374454,2.6871094191108953,0.8489485400558352
HOF ITEM
37.401968018333285
-2.2818431763932763,1.634461222851821,-3.3844051888310163,0.1909615229456051,0.7391863009401544,-1.9725813612835807,7.0,2.641280447809045,-0.373938743799021,-1.092286448508613,2.5944884430068957,-1.1025529100198836,-2.5255960494374454,2.6871094191108953,0.8489485400558352
HOF ITEM
37.401968018333285
-2.2818431763932763,1.634461222851821,-3.3844051888310163,0.1909615229456051,0.7391863009401544,-1.9725813612835807,7.0,2.641280447809045,-0.5251846664280531,-1.092286448508613,2.5944884430068957,-1.1025529100198836,-2.5255960494374454,2.6871094191108953,0.8489485400558352
HOF ITEM
37.401968018333285
-2.2818431763932763,1.634461222851821,-3.3844051888310163,0.1909615229456051,0.7391863009401544,-1.9725813612835807,6.911181488315201,2.9098732722274243,-0.373938743799021,-1.092286448508613,2.5944884430068957,-1.1025529100198836,-2.5255960494374454,2.6871094191108953,0.8489485400558352
HOF ITEM
37.401968018333285
-2.2818431763932763,1.634461222851821,-3.3844051888310163,0.1909615229456051,0.7391863009401544,-1.9725813612835807,7.0,3.0,-0.5251846664280531,-1.092286448508613,2.5944884430068957,-1.1025529100198836,-2.5255960494374454,2.6871094191108953,0.8489485400558352
seed 172
Initial fitness values: [np.float64(50.61724443457312), np.float64(50.092586309159074), np.float64(47.135493895921705), np.float64(47.09763003162239), np.float64(46.84347033607011), np.float64(46.84346950938199), np.float64(46.84346950938199), np.float64(46.81415022325736), np.float64(46.644461844867), np.float64(46.623686134355026)]
Final fitness values: [np.float64(43.58497309823382), np.float64(43.58497309823382), np.float64(43.584972548929585), np.float64(43.584972548929585), np.float64(43.584972548929585), np.float64(43.584972548929585), np.float64(43.58496301663584), np.float64(43.58496301663584), np.float64(43.5848639713798), np.float64(43.5848639713798)]
HOF ITEM
43.5848639713798
5.210784104328328,-0.7575282170212847,6.644032507412925,-4.8177144377301,-0.02962548040603219,5.374509187987874,-3.013573642228303,1.7089617110068276,-2.2578734158305203,6.375329178872409,0.7978662805546707,-2.439025473842577,1.036286777150683,2.7132500675413187,-4.858808927568373
HOF ITEM
43.58486397435103
5.210784104328328,-0.7575282170212847,6.644032507412925,-4.8177144377301,-0.02962548040603219,5.374509187987874,-3.2624965990514574,1.7089617110068276,-2.2578734158305203,6.375329178872409,0.7978662805546707,-2.439025473842577,1.036286777150683,2.7132500675413187,-4.858808927568373
HOF ITEM
43.58486896502248
5.210784104328328,-0.7575282170212847,6.644032507412925,-4.8177144377301,-0.02962548040603219,5.374509187987874,-3.013573642228303,1.7089617110068276,-2.415923022764255,6.375329178872409,0.7978662805546707,-2.439025473842577,1.036286777150683,2.7132500675413187,-4.858808927568373
HOF ITEM
43.58487185590682
5.210784104328328,-0.7575282170212847,6.672095990873049,-4.757028179876014,-0.02962548040603219,5.374509187987874,-3.7475813900929698,1.7089617110068276,-2.435293359057396,6.419798913084811,0.9239140820640495,-2.439025473842577,1.036286777150683,2.7132500675413187,-4.858808927568373
HOF ITEM
43.58496188752402
5.210784104328328,-0.7575282170212847,6.672095990873049,-4.8177144377301,-0.02962548040603219,5.374509187987874,-3.013573642228303,1.7089617110068276,-2.415923022764255,6.375329178872409,0.7978662805546707,-2.439025473842577,1.036286777150683,2.7132500675413187,-4.858808927568373
seed 173
Initial fitness values: [np.float64(52.54174031016286), np.float64(51.961124599735136), np.float64(50.39827469199544), np.float64(50.3874376660335), np.float64(49.63715569137977), np.float64(48.75869270232796), np.float64(48.03462308692017), np.float64(47.69678363460953), np.float64(45.74277293183367), np.float64(45.74277293180535)]
Final fitness values: [np.float64(40.84166231694244), np.float64(40.84166231694244), np.float64(40.84166231694244), np.float64(40.84166231694244), np.float64(40.841583921431514), np.float64(40.841583921431514), np.float64(40.841583921431514), np.float64(40.841583921431514), np.float64(40.841583921431514), np.float64(40.841583921431514)]
HOF ITEM
40.841583921431514
-3.481230729767771,1.566603409559482,-0.7961382509680257,1.5321121640130473,3.6900834052649905,3.2205226293330984,4.241032067305137,0.0,-4.547782681370783,-0.487715029116656,1.8676573654797737,-7.0,-2.4169338460693433,2.695484775245543,-3.619725326128585
HOF ITEM
40.84166231694244
-3.481230729767771,1.566603409559482,-0.7961382509680257,1.5321121640130473,3.6900834052649905,3.2205226293330984,4.241032067305137,0.0,-4.547782681370783,-0.487715029116656,1.930511490183823,-7.0,-2.4169338460693433,2.695484775245543,-3.619725326128585
HOF ITEM
40.84175170275623
-3.481230729767771,1.566603409559482,-0.7961382509680257,1.5321121640130473,3.6900834052649905,3.2205226293330984,4.241032067305137,0.0,-4.808523882462295,-0.26277601092666764,1.930511490183823,-7.0,-2.4169338460693433,2.695484775245543,-3.619725326128585
HOF ITEM
40.84175726560422
-3.481230729767771,1.566603409559482,-0.7961382509680257,1.5321121640130473,3.6900834052649905,3.2205226293330984,4.241032067305137,0.0,-4.547782681370783,-0.26277601092666764,1.930511490183823,-7.0,-2.4169338460693433,2.695484775245543,-3.619725326128585
HOF ITEM
40.841776801848276
-3.481230729767771,1.566603409559482,-0.7961382509680257,1.5321121640130473,3.6900834052649905,3.2205226293330984,4.241032067305137,0.0,-4.808523882462295,-0.26277601092666764,2.270861811723496,-7.0,-2.4169338460693433,2.695484775245543,-3.619725326128585
seed 174
Initial fitness values: [np.float64(54.90440658967733), np.float64(50.434887111981446), np.float64(47.93384405285874), np.float64(46.946093862553774), np.float64(46.41043953421192), np.float64(46.41043953421192), np.float64(46.41043953421192), np.float64(46.05730975763456), np.float64(45.21197023135515), np.float64(45.21197023135515)]
Final fitness values: [np.float64(44.085041162973546), np.float64(43.92999616833883), np.float64(43.96051129499911), np.float64(43.95617285359714), np.float64(43.87180357175333), np.float64(43.842545328739696), np.float64(43.78657387109381), np.float64(43.786463675623764), np.float64(43.73843997157564), np.float64(43.73843997157564)]
HOF ITEM
43.73843997157564
5.085855407009863,-0.7413984274996273,-1.4689965760687453,-6.7125742763660226,-1.1660983238568772,4.0286973465875215,4.689584633541015,2.4358531933946463,1.1305115430925687,3.3715237480897984,1.746091589067557,-2.5277010038649417,0.9582592846711537,2.644659126091025,-5.504687737992634
HOF ITEM
43.76283896087842
5.085855407009863,-0.7413984274996273,-1.4689965760687453,-6.170994488469573,-1.3925072735646247,3.90453686637079,4.581483504438791,2.4519569095032625,1.184488995110431,3.4003316033070465,1.9446436947401484,-3.1978629560825342,0.9690652638004279,2.67236658971663,-5.504687737992634
HOF ITEM
43.77880801206742
5.085855407009863,-0.7413984274996273,-1.4689965760687453,-6.606718834289308,-1.1984187043939563,4.017809607549487,4.650744208956385,2.4519569095032625,1.8109873476725258,3.253162403075962,1.3810294236847733,-2.5277010038649417,0.9240889452767636,2.5692621793699146,-5.504687737992634
HOF ITEM
43.78014311352395
5.085855407009863,-0.7413984274996273,-1.5072962305998872,-6.572286452825291,-1.115358894692098,4.0286973465875215,4.581483504438791,2.4519569095032625,1.184488995110431,3.438601376496031,1.6947663918334315,-2.695345709947185,0.9240889452767636,2.5692621793699146,-5.504687737992634
HOF ITEM
43.78532190030531
5.085855407009863,-0.7413984274996273,-1.5072962305998872,-6.187764240682889,-1.115358894692098,4.0286973465875215,4.581483504438791,2.4519569095032625,1.184488995110431,3.438601376496031,1.8306588228455682,-2.695345709947185,0.9240889452767636,2.5692621793699146,-5.504687737992634
seed 175
Initial fitness values: [np.float64(49.135972832336684), np.float64(48.455496296043144), np.float64(48.02513399337478), np.float64(45.94598199293563), np.float64(45.94598199293563), np.float64(45.705394802960924), np.float64(45.49120015398756), np.float64(45.19671663419729), np.float64(44.089103236185835), np.float64(44.089103236185835)]
Final fitness values: [np.float64(41.01996710334848), np.float64(41.01996710334848), np.float64(41.01996710334848), np.float64(41.01996710334848), np.float64(41.01996710334848), np.float64(41.01996710334848), np.float64(41.01996710334848), np.float64(41.01996710334848), np.float64(41.01996710334848), np.float64(41.01996710334848)]
HOF ITEM
41.01996710334848
3.701931263006799,-0.2927535421498958,-3.5314283435281966,-0.19935085000110472,-0.46851561072536296,-2.021160283061784,1.84213604235699,1.7682297474359154,2.4337103367439297,1.7565591919529522,2.4140529246577653,1.2110852504207328,-5.073443617801031,1.8592072351188904,1.232481352413732
HOF ITEM
41.0210578786821
3.701931263006799,-0.2927535421498958,-3.5314283435281966,-0.19935085000110472,-0.5411293633504387,-2.021160283061784,1.9334764423150046,1.7682297474359154,2.6261552867306888,1.7822773805005157,2.6525348390406034,1.2110852504207328,-5.138247957247856,1.8592072351188904,1.3928465876598073
HOF ITEM
41.06767296168468
3.701931263006799,-0.2927535421498958,-3.4968540908889967,-0.19935085000110472,-0.46851561072536296,-2.021160283061784,1.84213604235699,1.7682297474359154,2.4337103367439297,1.7565591919529522,2.4140529246577653,1.2110852504207328,-5.073443617801031,1.8592072351188904,1.232481352413732
HOF ITEM
41.08015999598604
3.701931263006799,-0.2927535421498958,-3.5314283435281966,-0.19935085000110472,-0.45424435627365,-2.021160283061784,1.84213604235699,1.7682297474359154,2.4337103367439297,1.7565591919529522,2.4140529246577653,1.2110852504207328,-5.073443617801031,1.8592072351188904,1.232481352413732
HOF ITEM
41.08390499111663
3.701931263006799,-0.2927535421498958,-3.5314283435281966,-0.19935085000110472,-0.45424435627365,-2.021160283061784,1.84213604235699,1.7682297474359154,2.4337103367439297,1.7565591919529522,2.4140529246577653,1.2110852504207328,-5.073443617801031,1.8592072351188904,1.2495388139466077
seed 176
Initial fitness values: [np.float64(52.087589101197416), np.float64(50.04917406697141), np.float64(49.00015076438506), np.float64(46.124143637493106), np.float64(46.124143637493106), np.float64(46.124143637493106), np.float64(45.660243842928075), np.float64(45.27030825953471), np.float64(45.27030825953471), np.float64(44.98725494764016)]
Final fitness values: [np.float64(43.47026182287023), np.float64(43.47026182287023), np.float64(43.47026182287023), np.float64(43.47026182287023), np.float64(43.47026182287023), np.float64(43.47026182287023), np.float64(43.47026182287023), np.float64(43.47026182287023), np.float64(43.47026182287023), np.float64(43.47026182287023)]
HOF ITEM
43.47026182287023
4.762791440211408,-0.657275324765027,2.5777381964747046,-3.5201357975127214,3.003418956686942,-3.65725659945464,0.32156929605369006,0.24941324350747307,6.538199490710114,0.9849875817160384,2.6768133586365894,-5.261305290878213,6.270990100594943,1.4006058237374337,-1.7756754855244405
HOF ITEM
43.47026182303699
4.762791440211408,-0.657275324765027,2.5777381964747046,-3.5201357975127214,3.003418956686942,-3.65725659945464,0.32156929605369006,0.24941324350747307,6.538199490710114,0.9849875817160384,2.6768133586365894,-5.261305290878213,6.270990100594943,1.4006058237374337,-1.6016726268375694
HOF ITEM
43.472903923041045
4.762791440211408,-0.657275324765027,2.5777381964747046,-3.5201357975127214,3.003418956686942,-3.65725659945464,0.32156929605369006,0.27726519717545195,6.538199490710114,0.9849875817160384,2.6768133586365894,-5.261305290878213,6.270990100594943,1.4006058237374337,-1.6016726268375694
HOF ITEM
43.47290392526689
4.762791440211408,-0.657275324765027,2.5777381964747046,-3.5201357975127214,3.003418956686942,-3.65725659945464,0.32156929605369006,0.27726519717545195,6.538199490710114,0.9849875817160384,2.6768133586365894,-5.261305290878213,6.270990100594943,1.4006058237374337,-1.7756754855244405
HOF ITEM
43.476684269131084
4.762791440211408,-0.657275324765027,2.4597584024185886,-3.5201357975127214,3.0971254294206134,-3.65725659945464,0.09969642360482547,0.27726519717545195,6.538199490710114,0.9849875817160384,2.6768133586365894,-5.261305290878213,6.270990100594943,1.4006058237374337,-1.6016726268375694
seed 177
Initial fitness values: [np.float64(48.35176111188294), np.float64(48.35176111188294), np.float64(45.019507235178516), np.float64(44.631585620752766), np.float64(43.12253800503343), np.float64(43.12253800503343), np.float64(42.511970013344026), np.float64(42.474841781166894), np.float64(42.474841781166894), np.float64(41.390771755366956)]
Final fitness values: [np.float64(41.12755347343471), np.float64(41.125348264698154), np.float64(41.125348264698154), np.float64(41.12019815810357), np.float64(41.12019815810357), np.float64(41.12019815810357), np.float64(41.12019815810357), np.float64(41.04416181192993), np.float64(41.04416181192993), np.float64(41.04416181192993)]
HOF ITEM
41.04416181192993
0.4074084999645094,0.9308086934802962,3.070896111999342,-3.54464110980696,0.059532278445930516,4.445382310756181,0.8452252169704036,3.0,6.124654206488835,2.723682454802808,1.963037266737837,1.1605076884573664,5.725916740653922,0.0,5.787032555526671
HOF ITEM
41.06071212628274
0.4074084999645094,0.9308086934802962,3.070896111999342,-3.54464110980696,0.059532278445930516,4.445382310756181,0.8452252169704036,3.0,6.124654206488835,2.723682454802808,1.963037266737837,1.1605076884573664,5.725916740653922,0.0,5.402369096191267
HOF ITEM
41.08807693427632
0.4074084999645094,0.9308086934802962,3.070896111999342,-3.54464110980696,0.059532278445930516,4.445382310756181,0.8452252169704036,2.94133447999061,6.124654206488835,2.723682454802808,1.7812398005997494,1.1605076884573664,5.725916740653922,0.0,5.787032555526671
HOF ITEM
41.11554032821642
0.4074084999645094,0.9308086934802962,3.070896111999342,-3.54464110980696,0.059532278445930516,4.445382310756181,0.8452252169704036,2.94133447999061,6.124654206488835,2.723682454802808,2.072037493561713,1.1966122757583817,5.725916740653922,0.06433772396789028,5.402369096191267
HOF ITEM
41.11626065545035
0.4074084999645094,0.9308086934802962,3.070896111999342,-3.54464110980696,0.059532278445930516,4.445382310756181,0.8452252169704036,2.94133447999061,6.124654206488835,2.54580698801742,2.072037493561713,1.1966122757583817,5.725916740653922,0.06433772396789028,5.402369096191267
seed 178
Initial fitness values: [np.float64(53.18730087937722), np.float64(52.62976621786192), np.float64(49.57919156201326), np.float64(49.239967384353335), np.float64(47.86919533292048), np.float64(47.43031558152455), np.float64(47.39088482865066), np.float64(47.228302712843764), np.float64(47.14116608166485), np.float64(46.624179337929334)]
Final fitness values: [np.float64(37.64986468324468), np.float64(37.627566913459745), np.float64(37.62756691106597), np.float64(37.61387168738167), np.float64(37.61387168738167), np.float64(37.61387168738167), np.float64(37.58659186503477), np.float64(37.58659186503477), np.float64(37.581967639483295), np.float64(37.581967639483295)]
HOF ITEM
37.581967639483295
-1.3099511781019193,1.4424595867599588,4.6837028494502455,1.9673698749142667,-5.795810999764173,0.6947923950288045,-1.7635718992056186,2.9079444448298917,-4.069624919770405,-0.22028582321777399,3.0,-0.5175782135023654,-6.20589758440273,0.6193496335715404,5.69052157706636
HOF ITEM
37.58335350053093
-1.3099511781019193,1.4424595867599588,4.6837028494502455,1.9673698749142667,-5.795810999764173,0.6947923950288045,-1.7635718992056186,2.9079444448298917,-4.00541839559822,-0.22028582321777399,3.0,-0.5175782135023654,-6.281940233863878,0.6193496335715404,5.69052157706636
HOF ITEM
37.5864444662385
-1.3099511781019193,1.4424595867599588,4.6837028494502455,1.9673698749142667,-5.723520955923855,0.6947923950288045,-1.7635718992056186,2.9052795541767376,-4.00541839559822,-0.22028582321777399,3.0,-0.5175782135023654,-6.218116420815221,0.6193496335715404,5.628590393518569
HOF ITEM
37.586591803000786
-1.3099511781019193,1.4424595867599588,4.6837028494502455,1.9673698749142667,-5.723520955923855,0.6947923950288045,-1.7635718992056186,2.9079444448298917,-4.00541839559822,-0.22028582321777399,3.0,-0.5175782135023654,-6.20589758440273,0.6193496335715404,5.69052157706636
HOF ITEM
37.58659186503477
-1.3099511781019193,1.4424595867599588,4.6837028494502455,1.9673698749142667,-5.723520955923855,0.6947923950288045,-1.7635718992056186,2.9079444448298917,-4.00541839559822,-0.22028582321777399,3.0,-0.5175782135023654,-6.281940233863878,0.6193496335715404,5.69052157706636
seed 179
Initial fitness values: [np.float64(51.4269319427499), np.float64(48.23947071097623), np.float64(47.65425243333166), np.float64(47.491063946494066), np.float64(47.07644141333285), np.float64(46.779717330795336), np.float64(46.672404375731794), np.float64(46.57697131808123), np.float64(46.45087378237698), np.float64(46.45087378237698)]
Final fitness values: [np.float64(46.16620033267379), np.float64(46.16620033267379), np.float64(46.140943223110476), np.float64(46.140943223110476), np.float64(46.140943223110476), np.float64(46.140943223110476), np.float64(46.140943223110476), np.float64(46.140943223110476), np.float64(46.140943223110476), np.float64(46.140943223110476)]
HOF ITEM
46.140943223110476
5.835458743257896,-0.8190920067005234,-1.8735745673206206,-0.7088377395121241,-5.778202234605303,-0.11288783495892335,3.7949303338945124,0.0,-2.826513058851129,1.7099628849796238,1.3480293457150234,-2.837536189851297,-5.502133749174892,1.815357257605789,-3.6168555677391265
HOF ITEM
46.14451344759883
5.835458743257896,-0.8190920067005234,-1.5878044658646537,-0.7088377395121241,-5.590187456790314,0.272371571402255,3.7042774079287435,0.0,-2.7092297047516034,1.7099628849796238,1.3388879051916165,-2.837536189851297,-5.502133749174892,1.815357257605789,-3.6168555677391265
HOF ITEM
46.15379513220151
5.734703434476189,-0.8190920067005234,-1.8735745673206206,-0.4032423257667667,-5.753977943951395,-0.11288783495892335,3.7949303338945124,0.0,-2.7212496788753033,1.6966771466276713,1.3480293457150234,-2.6753961067162058,-5.317464223467614,1.6501778103128026,-3.8503076443979145
HOF ITEM
46.16620033267379
5.835458743257896,-0.8190920067005234,-1.8735745673206206,-0.7088377395121241,-5.778202234605303,-0.11288783495892335,3.7949303338945124,0.0,-2.826513058851129,1.7099628849796238,1.3480293457150234,-2.837536189851297,-5.317464223467614,1.815357257605789,-3.6168555677391265
HOF ITEM
46.17030948613076
5.835458743257896,-0.8190920067005234,-1.878363258236998,-0.7088377395121241,-5.778202234605303,-0.11288783495892335,3.7949303338945124,0.0,-2.826513058851129,1.7099628849796238,1.3480293457150234,-2.837536189851297,-5.317464223467614,1.7539631295159963,-3.6168555677391265
best parameter set
fitness 37.171071419032124 seed 171
-2.277557923762309,1.6075204199608115,-3.385793208483794,0.19072421491272037,0.7394205636872818,-1.9711984674119696,7.0,2.641280447809045,-0.373938743799021,-1.0964389141081228,2.5988818121941155,-1.1011996956616534,-2.5257606797592596,2.687193656356752,0.8476396924150982
