seeds are [140 141 142 143 144 145 146 147 148 149]
seed 140
Initial fitness values: [np.float64(22.47330033938216), np.float64(22.47330033938216), np.float64(22.47330033938216), np.float64(22.180744591413585), np.float64(22.000418906203514), np.float64(22.000418906203514), np.float64(21.82666772890012), np.float64(21.551163558521612), np.float64(21.430452621476434), np.float64(21.430452621476434)]
Final fitness values: [np.float64(18.7003416128112), np.float64(18.7003416128112), np.float64(18.689744408159576), np.float64(18.689744408159576), np.float64(18.689744408159576), np.float64(18.682823018571238), np.float64(18.682823018571238), np.float64(18.682823018571238), np.float64(18.592793945666504), np.float64(18.592793945666504)]
HOF ITEM
18.592793945666504
3.0841932426497305,-0.18221363024668188,-6.917647189166785,1.1060368648602974,2.3298834837247897,-2.301615960911146,6.103348352017521,1.9366390517611887,-0.9740549448891707,0.9526146662904127,2.651041401570035,5.760707632005934,1.0089027084405204,2.8567332604642632,-4.640049124012339
HOF ITEM
18.677501487604104
3.0841932426497305,-0.18221363024668188,-6.917647189166785,1.0133308922102198,2.3298834837247897,-2.1980398287783776,6.103348352017521,1.9366390517611887,-0.9740549448891707,0.9526146662904127,2.546554682209882,5.370380777853569,1.0089027084405204,2.8567332604642632,-4.7042402483397545
HOF ITEM
18.682823018571238
3.0841932426497305,-0.18221363024668188,-6.917647189166785,0.8307501690659341,2.144806737005472,-2.1980398287783776,6.103348352017521,2.133486131396755,-0.9740549448891707,0.9526146662904127,2.546554682209882,5.370380777853569,1.0089027084405204,2.8567332604642632,-4.7042402483397545
HOF ITEM
18.682823018571238
3.0841932426497305,-0.18221363024668188,-6.917647189166785,0.8307501690659341,2.144806737005472,-2.1980398287783776,6.103348352017521,1.9366390517611887,-0.9740549448891707,0.9526146662904127,2.546554682209882,5.370380777853569,1.0089027084405204,2.8567332604642632,-4.7042402483397545
HOF ITEM
18.682823018571238
3.0841932426497305,-0.18221363024668188,-6.917647189166785,0.8307501690659341,2.144806737005472,-2.1980398287783776,6.103348352017521,1.8342665070645015,-0.9740549448891707,0.9526146662904127,2.546554682209882,5.370380777853569,1.0089027084405204,2.8567332604642632,-4.7042402483397545
seed 141
Initial fitness values: [np.float64(26.966408322975372), np.float64(26.822678576981975), np.float64(25.20726191609117), np.float64(23.787861227602864), np.float64(23.636958589356613), np.float64(23.296290414181264), np.float64(22.276254220022043), np.float64(22.276254220022043), np.float64(22.276254220022043), np.float64(22.01809230355361)]
Final fitness values: [np.float64(20.824123269088737), np.float64(20.82407300574307), np.float64(20.82364854449853), np.float64(20.82364854449853), np.float64(20.82364141315165), np.float64(20.823222125912473), np.float64(20.823222125912473), np.float64(20.822981845790217), np.float64(20.822981845790217), np.float64(20.822728154221974)]
HOF ITEM
20.822728154221974
0.03270254379164601,1.0788392649448557,6.546067293962903,-4.077812086075971,2.731961541477708,-4.104347823573972,6.652113709135188,0.014597280751311725,-5.999337895381731,0.2255335526069001,2.794972425696392,5.459938270770159,0.654596473548167,2.964987960769588,-0.44872746288099574
HOF ITEM
20.82275802607672
0.03270254379164601,1.0788392649448557,6.546067293962903,-4.077812086075971,2.731961541477708,-4.476766576347982,6.652113709135188,0.5639982546433859,-5.999337895381731,0.11426202741342963,3.0,5.459938270770159,0.654596473548167,2.964987960769588,-0.44872746288099574
HOF ITEM
20.822769808940162
0.03270254379164601,1.0788392649448557,6.546067293962903,-4.077812086075971,2.731961541477708,-4.104347823573972,6.652113709135188,0.2744026773663691,-5.999337895381731,0.2255335526069001,2.794972425696392,5.455644814556737,0.654596473548167,2.9649489101066897,-0.44872746288099574
HOF ITEM
20.822912060282256
0.03270254379164601,1.0788392649448557,6.409598231269644,-4.001142986140661,2.79204303940161,-4.2274464196123915,6.495165894072636,0.014597280751311725,-5.722088643713736,0.2255335526069001,2.794972425696392,5.6965342601313065,0.654596473548167,2.964987960769588,-0.44872746288099574
HOF ITEM
20.822912129098206
0.03270254379164601,1.0788392649448557,6.546067293962903,-4.077812086075971,2.731961541477708,-4.2274464196123915,6.495165894072636,0.2744026773663691,-5.999337895381731,0.2255335526069001,2.794972425696392,5.459938270770159,0.654596473548167,2.964987960769588,-0.44872746288099574
seed 142
Initial fitness values: [np.float64(27.17882571922957), np.float64(26.799325542562137), np.float64(24.99129540502004), np.float64(24.99129540502004), np.float64(24.67552592317133), np.float64(24.512972990999476), np.float64(24.072382501418556), np.float64(23.771434924343627), np.float64(23.771434924343627), np.float64(23.741108828009228)]
Final fitness values: [np.float64(22.345222497199337), np.float64(22.345222497199337), np.float64(22.345222497199337), np.float64(22.345222488236303), np.float64(22.345222488236303), np.float64(22.34196034860149), np.float64(22.34196034860149), np.float64(22.34196034860149), np.float64(22.34196034860149), np.float64(22.34196034860149)]
HOF ITEM
22.34196034860149
5.816845249173761,-0.7616815164284761,2.136640203118323,2.448235915601375,5.714739271340199,4.058656022410842,1.5503177847834961,3.0,3.1780157165829346,4.555362354464392,2.0632408789361105,0.39497989495814495,5.8084440018748085,2.527087660934945,1.2755717445083312
HOF ITEM
22.34196034860149
5.816845249173761,-0.7616815164284761,2.136640203118323,2.448235915601375,5.714739271340199,4.058656022410842,1.5503177847834961,3.0,3.1780157165829346,4.555362354464392,2.0632408789361105,0.3042890349874388,5.558646395054772,2.4712213186506613,1.132807553277489
HOF ITEM
22.34196034860149
5.816845249173761,-0.7616815164284761,2.136640203118323,2.448235915601375,5.714739271340199,4.058656022410842,1.5503177847834961,3.0,3.1780157165829346,4.555362354464392,2.0632408789361105,0.3042890349874388,5.8084440018748085,2.4712213186506613,1.2755717445083312
HOF ITEM
22.34196034860149
5.816845249173761,-0.7616815164284761,2.136640203118323,2.448235915601375,5.714739271340199,4.058656022410842,1.5503177847834961,3.0,3.1780157165829346,4.693181772789637,2.0632408789361105,0.3042890349874388,5.8084440018748085,2.527087660934945,1.2755717445083312
HOF ITEM
22.34196034860149
5.816845249173761,-0.7616815164284761,2.136640203118323,2.448235915601375,5.714739271340199,4.058656022410842,1.5503177847834961,3.0,3.1780157165829346,4.555362354464392,2.0632408789361105,0.3042890349874388,5.8084440018748085,2.527087660934945,1.2755717445083312
seed 143
Initial fitness values: [np.float64(24.971761788286724), np.float64(23.521657297814265), np.float64(23.280420887681032), np.float64(22.1647920567645), np.float64(21.864013456787884), np.float64(21.294051801515323), np.float64(21.294051801515323), np.float64(21.294051801515323), np.float64(21.00035260579088), np.float64(20.914010892222844)]
Final fitness values: [np.float64(20.52288442822362), np.float64(20.52288442822362), np.float64(20.52288442822362), np.float64(20.52288442822362), np.float64(20.52288442822362), np.float64(20.52288442822362), np.float64(20.52288442822362), np.float64(20.52288442822362), np.float64(20.52288442822362), np.float64(20.52288442822362)]
HOF ITEM
20.52288442822362
-2.8647615663363144,1.5123243148025256,-2.3041219939810706,-2.719827381740699,0.35487875294281535,1.9979609460425858,-0.6124032567092859,1.7795848775687273,-5.159394728502122,-2.6764974813996147,3.0,-1.3465988570712273,-1.641873152687865,3.0,-3.2067128644569567
HOF ITEM
20.526039027814996
-2.8647615663363144,1.5123243148025256,-2.3041219939810706,-2.719827381740699,0.35487875294281535,1.9979609460425858,-0.6337489804917956,1.7795848775687273,-5.252371433199818,-2.6764974813996147,3.0,-1.3465988570712273,-1.641873152687865,3.0,-3.2067128644569567
HOF ITEM
20.529226609750708
-2.8647615663363144,1.5067933799085949,-2.3041219939810706,-2.6878693183911215,0.35487875294281535,1.9979609460425858,-0.9030523272420454,1.7795848775687273,-5.159394728502122,-2.6764974813996147,3.0,-1.3465988570712273,-1.641873152687865,3.0,-3.2718271287222795
HOF ITEM
20.530018529800262
-2.8647615663363144,1.5067933799085949,-2.3041219939810706,-2.6878693183911215,0.35487875294281535,1.9979609460425858,-0.6124032567092859,1.7795848775687273,-5.159394728502122,-2.6764974813996147,3.0,-1.3465988570712273,-1.641873152687865,3.0,-3.2067128644569567
HOF ITEM
20.531402493286453
-2.8647615663363144,1.5067933799085949,-2.3041219939810706,-2.719827381740699,0.35487875294281535,1.9979609460425858,-0.6124032567092859,1.7795848775687273,-5.159394728502122,-2.6764974813996147,3.0,-1.3465988570712273,-1.641873152687865,3.0,-3.2067128644569567
seed 144
Initial fitness values: [np.float64(24.241335003994088), np.float64(24.094299785795865), np.float64(23.796544181364226), np.float64(23.796544181364226), np.float64(23.3011228508383), np.float64(23.010716398196898), np.float64(23.010716398196898), np.float64(22.923944567300627), np.float64(22.807861252399768), np.float64(22.773362747641414)]
Final fitness values: [np.float64(20.43586240984768), np.float64(20.304095011721298), np.float64(20.304095011721298), np.float64(20.222628480940003), np.float64(20.211273252972628), np.float64(20.211273252972628), np.float64(20.211273252972628), np.float64(20.211273252972628), np.float64(20.211273252972628), np.float64(20.211273252972628)]
HOF ITEM
20.211273252972628
2.5630579040107606,0.07464075267882478,1.6712556120865563,-1.7640877986469674,-3.9054977720573913,3.519150085434927,1.3559653539471361,2.359246693269268,4.078970684477691,6.108363115171201,0.48431016040262514,7.0,-2.564894087274926,1.4512517350946934,-4.760338711378519
HOF ITEM
20.222628480940003
2.5630579040107606,0.07464075267882478,1.6712556120865563,-1.7640877986469674,-3.9054977720573913,3.519150085434927,1.3559653539471361,2.359246693269268,4.078970684477691,6.108363115171201,0.48431016040262514,7.0,-2.626146045996499,1.4512517350946934,-4.760338711378519
HOF ITEM
20.245998100331132
2.5630579040107606,0.07464075267882478,1.6712556120865563,-1.7640877986469674,-3.9054977720573913,3.519150085434927,1.3559653539471361,2.359246693269268,4.078970684477691,6.108363115171201,0.48431016040262514,7.0,-2.626146045996499,1.5815295488238852,-4.760338711378519
HOF ITEM
20.281950324394337
2.5630579040107606,0.07464075267882478,1.6712556120865563,-1.7640877986469674,-3.9054977720573913,3.519150085434927,1.3559653539471361,2.359246693269268,4.078970684477691,6.108363115171201,0.48431016040262514,7.0,-2.626146045996499,1.4512517350946934,-4.710401468957785
HOF ITEM
20.29184322561262
2.5630579040107606,0.07464075267882478,1.6731919950667404,-1.729666975140687,-3.9054977720573913,3.519150085434927,1.3559653539471361,2.359246693269268,4.078970684477691,6.108363115171201,0.48431016040262514,7.0,-2.564894087274926,1.4512517350946934,-4.760338711378519
seed 145
Initial fitness values: [np.float64(26.948877121379375), np.float64(26.880531457815767), np.float64(24.640897486987264), np.float64(24.640897486987264), np.float64(23.61182621367967), np.float64(23.61182621367967), np.float64(22.767322976160496), np.float64(22.44933649321674), np.float64(21.90431914888797), np.float64(21.90431914888797)]
Final fitness values: [np.float64(20.910927651926055), np.float64(20.910762030303296), np.float64(20.910745991725108), np.float64(20.910745991725108), np.float64(20.9107438508383), np.float64(20.9107438508383), np.float64(20.910722508603317), np.float64(20.910722508603317), np.float64(20.910722508603317), np.float64(20.910722508603317)]
HOF ITEM
20.910722508603317
0.36672105373975156,0.9724524964705757,-3.1206661155579396,-2.893051138266048,-0.9010389662770755,3.4981316541768313,0.8402626712889976,2.981392614609806,1.8266396520259236,2.84392167146875,2.7728541621346117,-3.8791124362673886,1.169736540356515,1.5282634982320003,-1.7165232221009457
HOF ITEM
20.9107438508383
0.36672105373975156,0.9724524964705757,-3.1206661155579396,-2.893051138266048,-0.9010389662770755,3.7548787446315157,0.8402626712889976,2.981392614609806,1.8266396520259236,2.84392167146875,2.7728541621346117,-3.8791124362673886,1.169736540356515,1.5282634982320003,-1.7165232221009457
HOF ITEM
20.910745991725108
0.36672105373975156,0.9724524964705757,-3.1206661155579396,-2.893051138266048,-0.9010389662770755,3.4981316541768313,0.8402626712889976,2.981392614609806,1.8266396520259236,2.84392167146875,2.817100701571494,-3.8791124362673886,1.169736540356515,1.4337451156137502,-1.7165232221009457
HOF ITEM
20.910745991725108
0.36672105373975156,0.9724524964705757,-3.1206661155579396,-2.893051138266048,-0.9010389662770755,3.4981316541768313,0.8402626712889976,2.981392614609806,1.8266396520259236,2.84392167146875,2.7728541621346117,-3.8791124362673886,1.169736540356515,1.4337451156137502,-1.7165232221009457
HOF ITEM
20.910762030303296
0.36672105373975156,0.9724524964705757,-3.1206661155579396,-2.893051138266048,-0.9010389662770755,3.7548787446315157,0.8402626712889976,2.981392614609806,1.8266396520259236,2.84392167146875,2.817100701571494,-3.8791124362673886,1.169736540356515,1.4337451156137502,-1.7165232221009457
seed 146
Initial fitness values: [np.float64(28.029466599911625), np.float64(26.664149763181772), np.float64(25.91655256152605), np.float64(24.97983762470242), np.float64(24.64386039366985), np.float64(24.347260711387175), np.float64(24.347260711387175), np.float64(23.681986826106634), np.float64(23.626225341574443), np.float64(23.505191978914322)]
Final fitness values: [np.float64(20.244001299210268), np.float64(20.244001299210268), np.float64(20.244001299210268), np.float64(20.244001299210268), np.float64(20.244001299210268), np.float64(20.244001299210268), np.float64(20.244001299210268), np.float64(20.244001299210268), np.float64(20.244001299210268), np.float64(20.244001299210268)]
HOF ITEM
20.244001299210268
5.8105890039123125,-0.83599871282699,5.562283259289992,1.3745046633044775,3.039208110099903,-2.7076552233201547,1.3510306149559035,3.0,6.40156755601362,0.3659693215916189,1.3061057284267197,-3.8431312222742866,1.7254701947073794,1.2802426136486633,1.249513063743526
HOF ITEM
20.25558696139909
5.8105890039123125,-0.83599871282699,5.562283259289992,1.4915516659745873,3.039208110099903,-2.8139158107905495,1.3510306149559035,3.0,6.40156755601362,0.3659693215916189,1.3061057284267197,-3.8431312222742866,1.7254701947073794,1.2802426136486633,1.249513063743526
HOF ITEM
20.319827661354232
5.8105890039123125,-0.83599871282699,5.562283259289992,1.4915516659745873,3.039208110099903,-2.8139158107905495,1.35726761523522,3.0,6.40156755601362,0.3873856279961365,1.3061057284267197,-3.8431312222742866,1.7254701947073794,1.2802426136486633,1.1827911234424144
HOF ITEM
20.32267567818892
5.8105890039123125,-0.83599871282699,5.562283259289992,1.2283104825410545,2.7994227639533444,-2.8139158107905495,1.3510306149559035,3.0,6.40156755601362,0.3659693215916189,1.3061057284267197,-3.8058029426630013,1.7254701947073794,1.2802426136486633,1.249513063743526
HOF ITEM
20.326701731960092
5.8105890039123125,-0.83599871282699,5.562283259289992,1.4915516659745873,3.039208110099903,-2.613181608412858,1.3510306149559035,3.0,6.152995313407679,0.3659693215916189,1.3061057284267197,-3.8431312222742866,1.7254701947073794,1.2802426136486633,1.249513063743526
seed 147
Initial fitness values: [np.float64(25.849757288856196), np.float64(25.849757288856196), np.float64(25.118825795310993), np.float64(23.56734297753787), np.float64(23.56734297753787), np.float64(23.328192383406748), np.float64(23.185107366886093), np.float64(23.11589684466846), np.float64(22.806458316010275), np.float64(22.806458316010275)]
Final fitness values: [np.float64(22.565287315182008), np.float64(22.565287315182008), np.float64(22.565287315182008), np.float64(22.565287315182008), np.float64(22.565287315182008), np.float64(22.565287315182008), np.float64(22.565287315182008), np.float64(22.565287315182008), np.float64(22.565287315182008), np.float64(22.565264480253173)]
HOF ITEM
22.565264480253173
6.710011938027836,-1.6211907934593477,6.4873295293055016,-0.2105390045719681,6.662585888234419,2.8218171226252546,3.2372098371098685,1.6325103650060178,4.767217050842783,-1.2903435420674105,0.4713807350723258,-1.5860437088780812,1.343280488949283,3.0,-0.41027620757900507
HOF ITEM
22.565287315182008
6.710011938027836,-1.6211907934593477,6.4873295293055016,-0.2105390045719681,6.662585888234419,2.8218171226252546,3.2372098371098685,1.942393451287029,4.457781755318558,-1.2903435420674105,0.4713807350723258,-1.5860437088780812,1.343280488949283,3.0,-0.41027620757900507
HOF ITEM
22.56528811106127
6.710011938027836,-1.6211907934593477,6.4873295293055016,-0.2105390045719681,6.662585888234419,2.8218171226252546,3.3904861178188197,1.942393451287029,4.457781755318558,-1.2903435420674105,0.4713807350723258,-1.5860437088780812,1.343280488949283,3.0,-0.41027620757900507
HOF ITEM
22.565288480127776
6.710011938027836,-1.6211907934593477,6.4873295293055016,-0.2105390045719681,6.662585888234419,2.8218171226252546,2.944772542419202,2.451119236597747,4.457781755318558,-1.2903435420674105,0.4713807350723258,-1.5860437088780812,1.343280488949283,3.0,-0.41027620757900507
HOF ITEM
22.5652964576679
6.710011938027836,-1.6211907934593477,6.4873295293055016,-0.22617479895012807,6.662585888234419,2.8218171226252546,3.2372098371098685,1.942393451287029,4.457781755318558,-1.2903435420674105,0.4713807350723258,-1.5860437088780812,1.343280488949283,3.0,-0.41027620757900507
seed 148
Initial fitness values: [np.float64(25.118812736714045), np.float64(24.908434207679875), np.float64(23.959550281857524), np.float64(23.834406628912113), np.float64(23.503970460638758), np.float64(23.503970460638758), np.float64(23.503970460638758), np.float64(23.503970460638758), np.float64(23.279852833411148), np.float64(22.868762403693847)]
Final fitness values: [np.float64(20.726097709701484), np.float64(20.726097709701484), np.float64(20.726076279227282), np.float64(20.726076279227282), np.float64(20.726076279227282), np.float64(20.726069778835832), np.float64(20.726069778835832), np.float64(20.726069778835832), np.float64(20.726069778835832), np.float64(20.726069778835832)]
HOF ITEM
20.726069778835832
-6.418505331120766,1.5593997425631037,5.407181230033383,-3.5019233144959654,5.323193053250271,1.1622063857591518,5.377286277077915,1.4965675518552168,3.7121709943672934,-5.653564693174289,1.8852156566953044,-3.77522589980372,6.571053575302103,2.361197750672073,5.667309696846609
HOF ITEM
20.726069778835832
-6.418505331120766,1.5593997425631037,5.407181230033383,-3.5019233144959654,5.323193053250271,1.1622063857591518,5.377286277077915,1.2300212202518408,3.7121709943672934,-5.653564693174289,1.8852156566953044,-3.77522589980372,6.571053575302103,2.361197750672073,5.667309696846609
HOF ITEM
20.726069778835832
-6.418505331120766,1.5593997425631037,5.407181230033383,-3.5019233144959654,5.323193053250271,1.1622063857591518,5.377286277077915,1.2300212202518408,3.7121709943672934,-5.653564693174289,1.8852156566953044,-3.77522589980372,6.221510707192166,2.361197750672073,5.456620534557303
HOF ITEM
20.726069778835832
-6.418505331120766,1.5593997425631037,5.407181230033383,-3.5019233144959654,5.323193053250271,1.1622063857591518,5.377286277077915,1.556025321260679,3.7121709943672934,-5.653564693174289,1.8852156566953044,-3.77522589980372,6.1539240449412125,2.361197750672073,5.667309696846609
HOF ITEM
20.726069778835832
-6.418505331120766,1.5593997425631037,5.407181230033383,-3.5019233144959654,5.323193053250271,1.1622063857591518,5.377286277077915,1.556025321260679,3.7121709943672934,-5.653564693174289,1.8852156566953044,-3.77522589980372,6.571053575302103,2.361197750672073,5.667309696846609
seed 149
Initial fitness values: [np.float64(27.315952805127804), np.float64(27.03012417890268), np.float64(26.402586425796006), np.float64(25.024433051372124), np.float64(24.727180154438624), np.float64(24.500331497148537), np.float64(23.921274610673585), np.float64(22.82308433420697), np.float64(22.569418925299093), np.float64(22.569418925299093)]
Final fitness values: [np.float64(20.888663050664036), np.float64(20.888663050664036), np.float64(20.888124895763227), np.float64(20.888124895763227), np.float64(20.88734472406711), np.float64(20.886797228022477), np.float64(20.886796910266177), np.float64(20.88679648740114), np.float64(20.88679648740114), np.float64(20.88679648740114)]
HOF ITEM
20.88679648740114
0.417987921308824,0.9446843849504319,2.076185673299866,0.48317571941119053,-3.06856512902727,-4.573499919893347,3.805538872092562,0.0,-3.1773285613970286,0.7885142135416828,2.9529432013531904,-1.3248634460392705,5.507114279248148,1.650260343954434,6.63796211613871
HOF ITEM
20.886796910266177
0.417987921308824,0.9446843849504319,2.076185673299866,0.48317571941119053,-3.06856512902727,-4.573499919893347,3.805538872092562,0.0,-3.1773285613970286,0.7885142135416828,2.9529432013531904,-1.3248634460392705,5.669585538250699,1.650260343954434,6.63796211613871
HOF ITEM
20.886797228022477
0.417987921308824,0.9446843849504319,2.076185673299866,0.48317571941119053,-3.06856512902727,-4.573499919893347,3.805538872092562,0.0,-3.1773285613970286,0.7885142135416828,2.9529432013531904,-1.3248634460392705,5.507114279248148,1.960338888760196,6.63796211613871
HOF ITEM
20.886797228022477
0.417987921308824,0.9446843849504319,2.076185673299866,0.48317571941119053,-3.06856512902727,-4.573499919893347,3.805538872092562,0.0,-3.1773285613970286,0.7885142135416828,2.9529432013531904,-1.3248634460392705,5.654513200786971,1.960338888760196,6.63796211613871
HOF ITEM
20.886797228022477
0.417987921308824,0.9446843849504319,2.076185673299866,0.48317571941119053,-3.06856512902727,-4.573499919893347,3.805538872092562,0.0,-3.1773285613970286,0.7885142135416828,2.9529432013531904,-1.3248634460392705,5.507114279248148,1.9113238695647563,6.63796211613871
best parameter set
fitness 18.45073398550222 seed 140
3.0853096163207714,-0.18530718386203204,-6.917090192579824,1.0988297928230575,2.3370928627123297,-2.301794808940941,6.103348352017521,1.9366390517611887,-0.9740549448891707,0.9578691850467846,2.655575974434834,5.760308014328034,1.0026317385437853,2.8354951241855653,-4.6385004800465515
