seeds are [720 721 722 723 724 725 726 727 728 729]
seed 720
Initial fitness values: [np.float64(52.251783975989596), np.float64(50.92859429423558), np.float64(50.177899202720965), np.float64(46.78659509934473), np.float64(46.78659509934473), np.float64(45.62074817260584), np.float64(45.20884344864923), np.float64(44.82138071172452), np.float64(44.82138071172452), np.float64(43.64913643960237)]
Final fitness values: [np.float64(40.84080272542641), np.float64(40.84080272542641), np.float64(40.83959332744322), np.float64(40.83959332744321), np.float64(40.839593327443175), np.float64(40.839593327443175), np.float64(40.82555907254036), np.float64(40.82555907254036), np.float64(40.82411773454016), np.float64(40.81904845219949)]
HOF ITEM
40.81904845219949
-5.844035679146504,1.5796825178249123,3.4108673004752665,0.31559957916813297,-6.6278511231623405,-5.1194450473380755,-2.135528533888685,0.17739763706803047,-2.280029177813082,-4.584304123502841,2.038876888983117,-0.5612931118915693,4.818285478819479,1.307844280599905,-2.7850619918133663
HOF ITEM
40.82411773454016
-5.844035679146504,1.5796825178249123,3.5554114227312508,0.31559957916813297,-6.6278511231623405,-5.1194450473380755,-2.135528533888685,0.17739763706803047,-2.280029177813082,-4.584304123502841,2.038876888983117,-0.5612931118915693,4.818285478819479,1.307844280599905,-2.723105780883157
HOF ITEM
40.824117734540195
-5.844035679146504,1.5796825178249123,3.5554114227312508,0.31559957916813297,-6.6278511231623405,-5.1194450473380755,-2.135528533888685,0.17739763706803047,-2.280029177813082,-4.584304123502841,2.038876888983117,-0.5612931118915693,4.672800099170198,1.307844280599905,-2.7850619918133663
HOF ITEM
40.824117734540195
-5.844035679146504,1.5796825178249123,3.5554114227312508,0.31559957916813297,-6.6278511231623405,-5.1194450473380755,-2.135528533888685,0.17739763706803047,-2.280029177813082,-4.584304123502841,2.038876888983117,-0.5612931118915693,4.672800099170198,1.307844280599905,-2.723105780883157
HOF ITEM
40.82555907254036
-5.844035679146504,1.5796825178249123,3.4108673004752665,0.12596909886361407,-6.6278511231623405,-5.1194450473380755,-2.135528533888685,0.17739763706803047,-2.280029177813082,-4.584304123502841,2.038876888983117,-0.5612931118915693,4.672800099170198,1.307844280599905,-2.723105780883157
seed 721
Initial fitness values: [np.float64(48.90676478551648), np.float64(48.90676478551648), np.float64(47.42764534930178), np.float64(43.924837975856654), np.float64(42.641354525190465), np.float64(41.26997066033548), np.float64(41.44032029520896), np.float64(41.28641465441715), np.float64(41.03318528596241), np.float64(40.40547166831302)]
Final fitness values: [np.float64(37.40140210581457), np.float64(37.40140210581457), np.float64(37.40140210581457), np.float64(37.40140210581457), np.float64(37.40140210581457), np.float64(37.40140210581457), np.float64(37.40140210581457), np.float64(37.40140210581457), np.float64(37.40140210581457), np.float64(37.40140210581457)]
HOF ITEM
37.40140210581457
-2.3086278728689993,1.5352111204929988,0.13258288297114063,-4.211079798195649,2.721105783497936,2.335569903423613,6.081211484541572,1.1436684885614405,7.0,-1.2332397063262341,2.6848211857462303,-2.401079381131233,-3.9841230173387725,2.6348929806331713,1.4378256899800759
HOF ITEM
37.401402107963754
-2.3086278728689993,1.5352111204929988,0.13258288297114063,-4.211079798195649,2.721105783497936,2.335569903423613,6.177905673005841,1.131861935715932,7.0,-1.2332397063262341,2.6848211857462303,-2.401079381131233,-3.9105003543201566,2.6348929806331713,1.4378256899800759
HOF ITEM
37.40140210865933
-2.3086278728689993,1.5352111204929988,0.13258288297114063,-4.211079798195649,2.721105783497936,2.335569903423613,6.108895027610124,1.1436684885614405,7.0,-1.2332397063262341,2.6848211857462303,-2.401079381131233,-3.9841230173387725,2.6348929806331713,1.4378256899800759
HOF ITEM
37.40140211372855
-2.3086278728689993,1.5352111204929988,0.13258288297114063,-4.211079798195649,2.721105783497936,2.335569903423613,6.081211484541572,1.1436684885614405,7.0,-1.2332397063262341,2.6848211857462303,-2.401079381131233,-3.701230243184678,2.6348929806331713,1.4378256899800759
HOF ITEM
37.40140211657334
-2.3086278728689993,1.5352111204929988,0.13258288297114063,-4.211079798195649,2.721105783497936,2.335569903423613,6.108895027610124,1.1436684885614405,7.0,-1.2332397063262341,2.6848211857462303,-2.401079381131233,-3.701230243184678,2.6348929806331713,1.4378256899800759
seed 722
Initial fitness values: [np.float64(49.15404823297476), np.float64(48.28669894887624), np.float64(45.68060443126022), np.float64(45.68060443126022), np.float64(45.68060443126022), np.float64(45.66203979598036), np.float64(45.194774948383525), np.float64(45.194774948383525), np.float64(44.58385495379673), np.float64(43.77622481509034)]
Final fitness values: [np.float64(41.220869949475016), np.float64(41.220869949475016), np.float64(41.22048670107799), np.float64(41.22008019923927), np.float64(41.21961264046477), np.float64(41.21961264046477), np.float64(41.219409852282354), np.float64(41.218448863264555), np.float64(41.218448863264555), np.float64(41.218448863264555)]
HOF ITEM
41.218448863264555
2.284032371527709,0.12655664950903042,1.7013347490894775,-4.503467627427142,0.13506861096230352,-3.7332910641353685,-6.714920100395089,0.43464001367708377,3.4882171578240735,-4.371051758322925,0.0,5.709677353618222,1.2395495648530284,3.0,-0.47085602611732935
HOF ITEM
41.218607273768384
2.284032371527709,0.12655664950903042,1.7013347490894775,-4.59906380825886,0.13506861096230352,-3.7332910641353685,-6.897301827064299,0.43464001367708377,3.4882171578240735,-4.371051758322925,0.0,5.755498831627465,1.2395495648530284,3.0,-0.47085602611732935
HOF ITEM
41.21874388342669
2.284032371527709,0.12655664950903042,1.7013347490894775,-4.513727723367817,0.13506861096230352,-3.7332910641353685,-6.528771045842489,0.43464001367708377,4.042296263896688,-4.3797486582701275,0.0,5.824959016373159,1.2395495648530284,3.0,-0.47085602611732935
HOF ITEM
41.219079450644536
2.284032371527709,0.12655664950903042,1.7013347490894775,-4.59906380825886,0.13506861096230352,-3.7332910641353685,-6.3813578030738745,0.5166078022919814,3.310971631761525,-4.524679583987846,0.08920576917620256,5.755498831627465,1.2395495648530284,3.0,-0.47085602611732935
HOF ITEM
41.21914615952825
2.284032371527709,0.12655664950903042,1.7013347490894775,-4.59906380825886,0.13506861096230352,-3.7332910641353685,-6.796631481301425,0.43464001367708377,3.4882171578240735,-4.573014166476647,0.0,5.755498831627465,1.2395495648530284,3.0,-0.47085602611732935
seed 723
Initial fitness values: [np.float64(53.364572680287104), np.float64(52.31794179313435), np.float64(49.65847422921516), np.float64(47.65617133527385), np.float64(47.654796978726296), np.float64(46.16659342834645), np.float64(45.63345180076765), np.float64(45.35249877478969), np.float64(45.19320362226907), np.float64(45.00683061119748)]
Final fitness values: [np.float64(42.92609252271865), np.float64(42.803662030139776), np.float64(42.803662030139776), np.float64(42.803662030139776), np.float64(42.77921325598609), np.float64(42.77921325598609), np.float64(42.776545115652674), np.float64(42.77568059976601), np.float64(42.77568059976601), np.float64(42.77568059976497)]
HOF ITEM
42.77568059976497
3.8671536583820405,-0.4055907489799442,-4.470279023358789,-2.098768918326795,7.0,4.175738877127351,1.3622760180066678,3.0,4.1664495503102845,-2.277468672776887,3.0,-4.358356430360825,1.2924007334801624,1.912913933504291,6.050119807724271
HOF ITEM
42.77568059976601
3.8671536583820405,-0.4055907489799442,-4.470279023358789,-2.098768918326795,7.0,4.175738877127351,1.3622760180066678,3.0,4.1664495503102845,-1.990096200914218,3.0,-4.358356430360825,1.2924007334801624,1.912913933504291,6.050119807724271
HOF ITEM
42.77589222628611
3.8671536583820405,-0.4055907489799442,-4.409048892740935,-2.098768918326795,7.0,4.175738877127351,1.3622760180066678,3.0,4.1664495503102845,-1.990096200914218,3.0,-4.358356430360825,1.2924007334801624,1.912913933504291,6.050119807724271
HOF ITEM
42.7762472261646
3.8671536583820405,-0.4055907489799442,-4.470279023358789,-2.098768918326795,7.0,4.264206151092122,1.3622760180066678,3.0,4.1664495503102845,-1.990096200914218,3.0,-4.358356430360825,1.2924007334801624,1.912913933504291,6.050119807724271
HOF ITEM
42.77645123535546
3.8671536583820405,-0.4055907489799442,-4.470279023358789,-2.098768918326795,7.0,4.175738877127351,1.3622760180066678,3.0,4.1664495503102845,-2.277468672776887,3.0,-4.358356430360825,1.014362823086012,1.912913933504291,6.050119807724271
seed 724
Initial fitness values: [np.float64(50.76459870604732), np.float64(50.13130257269761), np.float64(49.532510161344405), np.float64(48.68775824802759), np.float64(48.253869476117416), np.float64(47.952678656271644), np.float64(46.341143840589325), np.float64(46.31145556441933), np.float64(45.77664668859907), np.float64(44.709793672570925)]
Final fitness values: [np.float64(39.73934048322648), np.float64(39.73934048322648), np.float64(39.73934048322648), np.float64(39.73934048322648), np.float64(39.73934048322648), np.float64(39.73934048322648), np.float64(39.73934048322648), np.float64(39.73934048322648), np.float64(39.73934048322648), np.float64(39.73934048322648)]
HOF ITEM
39.73934048322648
1.4612574061320138,0.6571464666232767,0.5270863318416359,3.3903667720342137,0.12308363104350253,-4.959394639256004,-3.345866353371483,2.3888762625700846,1.110860320799732,-5.3565952104244134,2.981436208117232,1.6665853160307562,1.4570125437010448,1.2968453068506307,-2.2112769638843592
HOF ITEM
39.73934048322648
1.4612574061320138,0.6571464666232767,0.5270863318416359,3.3903667720342137,0.12308363104350253,-4.959394639256004,-3.345866353371483,2.3888762625700846,1.110860320799732,-5.207516949039555,3.0,1.6665853160307562,1.4570125437010448,1.2968453068506307,-2.2112769638843592
HOF ITEM
39.739628631959306
1.4612574061320138,0.6571464666232767,0.7886489037270542,3.3903667720342137,0.022608446218577577,-4.782221169112912,-3.345866353371483,2.3888762625700846,1.110860320799732,-5.207516949039555,3.0,1.644635960480734,1.4570125437010448,1.2968453068506307,-2.2112769638843592
HOF ITEM
39.739827500597016
1.4612574061320138,0.6556024189660538,0.7886489037270542,3.3903667720342137,0.022608446218577577,-4.782221169112912,-3.345866353371483,2.3888762625700846,1.110860320799732,-5.207516949039555,3.0,1.644635960480734,1.4570125437010448,1.2968453068506307,-2.2112769638843592
HOF ITEM
39.74218872881976
1.4612574061320138,0.6556024189660538,0.7886489037270542,3.3903667720342137,0.022608446218577577,-4.782221169112912,-3.345866353371483,2.259656394799585,1.110860320799732,-5.300998268656626,3.0,1.644635960480734,1.4570125437010448,1.2968453068506307,-2.2112769638843592
seed 725
Initial fitness values: [np.float64(50.37829428884613), np.float64(48.75189798330626), np.float64(46.192178073157315), np.float64(46.192178073157315), np.float64(44.95272354700253), np.float64(44.59910149019255), np.float64(44.51220756782797), np.float64(44.427383021580404), np.float64(44.248776305935806), np.float64(43.769391130886135)]
Final fitness values: [np.float64(41.31566359056713), np.float64(41.31566359056713), np.float64(41.31566359056713), np.float64(41.31566359056713), np.float64(41.31566359056713), np.float64(41.31566359056713), np.float64(41.31566359056713), np.float64(41.31566359056713), np.float64(41.31566359056713), np.float64(41.31566359056713)]
HOF ITEM
41.31566359056713
1.2531459611177487,0.5625465327147207,-2.8654552750864397,-4.177407544702835,2.336994396791158,-2.9867120930772817,5.726506408964515,2.236435598501703,-1.7471125880161704,0.8478825119829232,3.0,-5.168864343167974,4.9350513941489575,3.0,-4.632068418859303
HOF ITEM
41.31566359056713
1.2531459611177487,0.5625465327147207,-2.8654552750864397,-4.177407544702835,2.336994396791158,-2.9867120930772817,5.352135579416906,2.236435598501703,-1.7471125880161704,0.8478825119829232,3.0,-5.168864343167974,4.759644925617754,3.0,-4.632068418859303
HOF ITEM
41.31566359056713
1.2531459611177487,0.5625465327147207,-2.8654552750864397,-4.177407544702835,2.336994396791158,-2.9867120930772817,5.352135579416906,2.236435598501703,-1.7471125880161704,0.8478825119829232,3.0,-5.168864343167974,4.9350513941489575,3.0,-4.735455683284049
HOF ITEM
41.31566359056713
1.2531459611177487,0.5625465327147207,-2.8654552750864397,-4.177407544702835,2.336994396791158,-2.9867120930772817,5.726506408964515,1.9466021897729495,-1.648933002754877,0.8478825119829232,3.0,-5.168864343167974,4.9350513941489575,3.0,-4.632068418859303
HOF ITEM
41.31566359056713
1.2531459611177487,0.5625465327147207,-2.8654552750864397,-4.177407544702835,2.336994396791158,-2.9867120930772817,5.352135579416906,2.236435598501703,-1.7471125880161704,0.8478825119829232,3.0,-5.168864343167974,4.9350513941489575,3.0,-4.632068418859303
seed 726
Initial fitness values: [np.float64(51.718562584602), np.float64(48.42039037461265), np.float64(48.329856083313615), np.float64(48.0588247331051), np.float64(47.113361991429414), np.float64(47.11336199120667), np.float64(46.96863917639121), np.float64(46.780084724770845), np.float64(46.75769237971156), np.float64(46.754072315097815)]
Final fitness values: [np.float64(46.52811970929317), np.float64(46.52811970929317), np.float64(46.52811970914024), np.float64(46.52811970914024), np.float64(46.52811970914024), np.float64(46.52811970914024), np.float64(46.52811970914024), np.float64(46.52811970914024), np.float64(46.52811970914024), np.float64(46.52811970914024)]
HOF ITEM
46.52811970914024
4.3509670794917295,-0.47151952834162714,5.199630636181739,-2.362420823492746,6.743534840224869,-0.884633717871937,6.527591310141514,0.5861138844133823,-0.41123471781335647,-3.1798926064664137,2.4461357716217575,-2.9367359271228373,1.7500511782793378,1.3731726007246936,-6.679092681779267
HOF ITEM
46.52811970929317
4.3509670794917295,-0.47151952834162714,5.199630636181739,-2.362420823492746,6.743534840224869,-0.884633717871937,6.527591310141514,0.5861138844133823,-0.5870589126362898,-3.1798926064664137,2.4461357716217575,-2.9367359271228373,1.7500511782793378,1.3731726007246936,-6.679092681779267
HOF ITEM
46.528119709516574
4.3509670794917295,-0.47151952834162714,5.199630636181739,-2.362420823492746,6.743534840224869,-0.884633717871937,6.527591310141514,0.5861138844133823,-0.9166394165065883,-3.1798926064664137,2.4461357716217575,-2.9367359271228373,1.7500511782793378,1.3731726007246936,-6.679092681779267
HOF ITEM
46.528156025063126
4.3509670794917295,-0.47151952834162714,5.199630636181739,-2.90044403397367,6.743534840224869,-0.884633717871937,6.527591310141514,0.5861138844133823,-0.5870589126362898,-3.1798926064664137,2.4461357716217575,-2.9367359271228373,1.7500511782793378,1.3731726007246936,-6.679092681779267
HOF ITEM
46.5281560251936
4.3509670794917295,-0.47151952834162714,5.199630636181739,-2.90044403397367,6.743534840224869,-0.884633717871937,6.527591310141514,0.5861138844133823,-0.9166394165065883,-3.1798926064664137,2.4461357716217575,-2.9367359271228373,1.7500511782793378,1.3731726007246936,-6.679092681779267
seed 727
Initial fitness values: [np.float64(48.94959118111422), np.float64(45.73522280440091), np.float64(45.036886624655594), np.float64(44.39140887883266), np.float64(43.49526011746035), np.float64(43.01818870372499), np.float64(42.34831027815878), np.float64(42.2424096322692), np.float64(41.67648494569259), np.float64(41.598595752750185)]
Final fitness values: [np.float64(38.69249960767305), np.float64(38.6923455630073), np.float64(38.69233750696152), np.float64(38.69233750696152), np.float64(38.69233750696152), np.float64(38.69233750696152), np.float64(38.69233750696152), np.float64(38.69233750696152), np.float64(38.69233750696152), np.float64(38.692234390934544)]
HOF ITEM
38.692234390934544
1.1282321656030554,0.6494049380348738,1.8791568338412505,-6.549874322856857,0.07059489312527727,1.1402723965695756,5.022895323678961,1.0208179744491934,2.8227233469896182,0.9925072164232436,2.6363948441894887,-0.7961628292953108,0.7367776807217723,2.9000338587581815,7.0
HOF ITEM
38.69233750696152
1.1282321656030554,0.6494049380348738,1.8791568338412505,-6.496418130722878,0.07059489312527727,1.1402723965695756,5.022895323678961,1.0208179744491934,3.342692029196507,0.9925072164232436,2.6363948441894887,-0.7961628292953108,0.7367776807217723,2.9000338587581815,7.0
HOF ITEM
38.69233825565749
1.1282321656030554,0.6494049380348738,1.8791568338412505,-6.496418130722878,0.07059489312527727,1.1402723965695756,4.864716367987888,1.028984169389182,3.118745925480764,0.9925072164232436,2.6363948441894887,-0.7961628292953108,0.7367776807217723,2.9000338587581815,7.0
HOF ITEM
38.69233877682854
1.1282321656030554,0.6494049380348738,1.8791568338412505,-6.496418130722878,0.07059489312527727,1.1402723965695756,4.864716367987888,1.0208179744491934,3.118745925480764,0.9925072164232436,2.6363948441894887,-0.7961628292953108,0.7367776807217723,2.9000338587581815,7.0
HOF ITEM
38.69233991159434
1.1282321656030554,0.6494049380348738,1.8791568338412505,-6.496418130722878,0.07059489312527727,1.1402723965695756,4.864716367987888,1.028984169389182,3.342692029196507,0.9925072164232436,2.6363948441894887,-0.7961628292953108,0.7367776807217723,2.9000338587581815,7.0
seed 728
Initial fitness values: [np.float64(52.487549831892615), np.float64(50.655985122472934), np.float64(49.963949549032364), np.float64(49.334893188736835), np.float64(48.42714181897077), np.float64(48.42714181897077), np.float64(47.47100218173742), np.float64(46.5862756410081), np.float64(46.5862756410081), np.float64(46.50659962859498)]
Final fitness values: [np.float64(40.37013484427782), np.float64(40.37013484427782), np.float64(40.37013484427782), np.float64(40.37013484427782), np.float64(40.312580505047386), np.float64(40.34401586182287), np.float64(40.34401586182287), np.float64(40.34401586182287), np.float64(40.33872419637265), np.float64(40.33872419637265)]
HOF ITEM
40.312580505047386
6.270008440720494,-0.9295701611871587,3.4392270509083778,5.662080711916799,-3.86531659406548,-5.130008461258151,6.994448265910979,1.9597602997161117,-5.931084097697043,1.3295384066835583,2.9002653552758666,-0.7282282590461058,0.8268557696850279,2.9392804519108964,2.7094930295192086
HOF ITEM
40.33872419637265
6.270008440720494,-0.9579589918065773,3.4392270509083778,6.045057558250067,-3.86531659406548,-4.98064470284239,6.994448265910979,1.9597602997161117,-5.931084097697043,1.3295384066835583,3.0,-0.6308812276979734,0.8268557696850279,3.0,2.7094930295192086
HOF ITEM
40.33872419637265
6.270008440720494,-0.9579589918065773,3.4392270509083778,6.045057558250067,-3.86531659406548,-4.98064470284239,6.994448265910979,1.9597602997161117,-5.68253318141052,1.3295384066835583,3.0,-0.6308812276979734,0.8268557696850279,3.0,2.7094930295192086
HOF ITEM
40.33872419637265
6.270008440720494,-0.9579589918065773,3.4392270509083778,6.045057558250067,-3.86531659406548,-4.98064470284239,6.869062683053856,1.9597602997161117,-5.68253318141052,1.3295384066835583,3.0,-0.6308812276979734,0.8268557696850279,3.0,2.7094930295192086
HOF ITEM
40.34401586182287
6.270008440720494,-0.9579589918065773,3.4392270509083778,6.045057558250067,-3.86531659406548,-4.98064470284239,6.994448265910979,1.9597602997161117,-5.931084097697043,1.3295384066835583,3.0,-0.6308812276979734,0.8217935831782783,3.0,2.7094930295192086
seed 729
Initial fitness values: [np.float64(51.3768432158663), np.float64(48.99682856354653), np.float64(48.99101930870746), np.float64(48.6554213451931), np.float64(47.51879732553446), np.float64(47.34336738730097), np.float64(46.0360583267211), np.float64(45.87954247322769), np.float64(45.87954247322769), np.float64(45.389274271778824)]
Final fitness values: [np.float64(41.10003935661332), np.float64(41.10003882374955), np.float64(41.068828635238525), np.float64(41.068828635238525), np.float64(41.068828635238525), np.float64(41.06882268399908), np.float64(41.06882268399908), np.float64(41.06882268399908), np.float64(41.06882268399908), np.float64(41.06882268399908)]
HOF ITEM
41.06882268399908
-0.04296663673243921,1.109739705388842,-3.474972763635674,2.9118709885535563,3.766989817325809,0.5593511381578409,2.098127848278508,2.4511478244001874,1.2065787969167932,2.4210346133210394,2.5000229928811892,-6.103333001273554,0.45106642815120235,3.0,-3.8625531949009537
HOF ITEM
41.06882282295448
-0.04296663673243921,1.109739705388842,-3.474972763635674,2.9118709885535563,3.766989817325809,0.5593511381578409,2.098127848278508,2.4511478244001874,1.2065787969167932,2.4210346133210394,2.6625343681498888,-6.103333001273554,0.45106642815120235,3.0,-3.8625531949009537
HOF ITEM
41.06882282295448
-0.04296663673243921,1.109739705388842,-3.474972763635674,2.9118709885535563,3.766989817325809,0.5593511381578409,2.098127848278508,2.4511478244001874,1.2065787969167932,2.8660681301968354,2.6625343681498888,-6.103333001273554,0.45106642815120235,3.0,-3.8625531949009537
HOF ITEM
41.06882849628354
-0.04296663673243921,1.109739705388842,-3.474972763635674,2.9118709885535563,3.766989817325809,0.5593511381578409,2.098127848278508,2.4511478244001874,1.0612692811921467,2.4210346133210394,2.5000229928811892,-6.103333001273554,0.45106642815120235,3.0,-3.8625531949009537
HOF ITEM
41.068828635238525
-0.04296663673243921,1.109739705388842,-3.474972763635674,2.9118709885535563,3.766989817325809,0.5593511381578409,2.098127848278508,2.4511478244001874,1.0612692811921467,2.4210346133210394,2.6625343681498888,-6.103333001273554,0.45106642815120235,3.0,-3.8625531949009537
best parameter set
fitness 37.39335068193272 seed 721
-2.3091561961608704,1.5375402887297154,0.13256139715734405,-4.211080124975818,2.7211312482331422,2.335566249065287,6.177905673418832,1.1318619358901025,6.999999999491445,-1.233389484171391,2.6850052193636644,-2.4010393609551937,-3.910500354447773,2.634892980830137,1.437826077591806
