seeds are [560 561 562 563 564 565 566 567 568 569]
seed 560
Initial fitness values: [np.float64(25.965556191674686), np.float64(23.95677662154641), np.float64(23.95677662154641), np.float64(22.40006923180687), np.float64(21.876126118493662), np.float64(21.876126118493662), np.float64(21.807191148141165), np.float64(21.728683319650358), np.float64(21.692295853218063), np.float64(21.48144019606281)]
Final fitness values: [np.float64(20.728661397290917), np.float64(20.728661397290917), np.float64(20.728661397290917), np.float64(20.728661397290917), np.float64(20.728661397290917), np.float64(20.728661397290917), np.float64(20.728661397290917), np.float64(20.728648073841985), np.float64(20.728648073841985), np.float64(20.728648073841985)]
HOF ITEM
20.728648073841985
-3.0908450115345767,1.643761547144397,-7.0,0.6946320177034411,-2.5219451746907864,-5.396173748352587,5.712254308173535,0.4771793491373141,0.9742536350295842,5.497166943774857,3.0,-3.949315090164338,-1.9762986355806664,2.975040229427627,-4.320366553364744
HOF ITEM
20.728661397290917
-3.0908450115345767,1.643761547144397,-7.0,0.6946320177034411,-2.5219451746907864,-5.396173748352587,5.712254308173535,0.4771793491373141,0.8154612220994917,5.497166943774857,2.9480726697300605,-3.477522857304131,-1.9762986355806664,2.975040229427627,-4.320366553364744
HOF ITEM
20.728662671190857
-3.0908450115345767,1.643761547144397,-7.0,0.6946320177034411,-2.5219451746907864,-5.396173748352587,5.712254308173535,0.501155939615262,0.9512530353271598,5.633540720888052,2.9480726697300605,-3.4072985381998966,-1.9762986355806664,2.975040229427627,-4.320366553364744
HOF ITEM
20.728671129214415
-3.0908450115345767,1.643761547144397,-7.0,0.6946320177034411,-2.5219451746907864,-5.396173748352587,5.712254308173535,0.4771793491373141,0.6811252769571604,5.497166943774857,2.66699204706553,-3.477522857304131,-1.9762986355806664,2.975040229427627,-4.320366553364744
HOF ITEM
20.728672179977057
-3.0908450115345767,1.643761547144397,-7.0,0.6946320177034411,-2.5219451746907864,-5.396173748352587,5.878929933665458,0.4872145178778013,0.8681745143342305,5.497166943774857,2.9480726697300605,-3.477522857304131,-1.9762986355806664,2.975040229427627,-4.320366553364744
seed 561
Initial fitness values: [np.float64(28.138198138259856), np.float64(25.47094771902704), np.float64(25.47094771902704), np.float64(25.031844331635174), np.float64(24.989258132722284), np.float64(24.945349427466347), np.float64(24.722970275060483), np.float64(24.722970275060483), np.float64(24.694641253806942), np.float64(24.59628669282398)]
Final fitness values: [np.float64(20.020881626639), np.float64(20.020881626639), np.float64(20.020881626639), np.float64(20.020881626639), np.float64(20.020881626639), np.float64(20.020881626639), np.float64(19.9065019392688), np.float64(19.9065019392688), np.float64(19.9065019392688), np.float64(19.89493340134345)]
HOF ITEM
19.89493340134345
-3.8925554733083354,1.4382962256096683,-5.965828330906848,6.642036080337966,6.550016363329393,-2.847198847219361,-1.0039924855595894,2.058759482887862,6.610641029240218,0.5116324172708466,0.08852238471251682,2.3646988895980843,-2.945005167644948,2.513779460740188,-3.5707955109231087
HOF ITEM
19.90079156113037
-3.8925554733083354,1.4382962256096683,-5.965828330906848,6.642036080337966,6.559759617106989,-2.847198847219361,-0.846702167575437,2.058759482887862,6.993135289185538,0.5116324172708466,0.08852238471251682,2.3646988895980843,-2.945005167644948,2.513779460740188,-3.5707955109231087
HOF ITEM
19.9065019392688
-3.8925554733083354,1.4382962256096683,-5.965828330906848,6.642036080337966,6.559759617106989,-2.847198847219361,-1.0039924855595894,2.058759482887862,6.610641029240218,0.5116324172708466,0.08852238471251682,2.3646988895980843,-2.945005167644948,2.513779460740188,-3.5707955109231087
HOF ITEM
19.931165619171157
-3.8925554733083354,1.4382962256096683,-5.965828330906848,6.642036080337966,6.550016363329393,-2.847198847219361,-0.846702167575437,2.058759482887862,6.610641029240218,0.5116324172708466,0.08852238471251682,2.3646988895980843,-2.945005167644948,2.513779460740188,-3.5707955109231087
HOF ITEM
19.954387621013538
-3.8925554733083354,1.4382962256096683,-5.965828330906848,6.642036080337966,6.559759617106989,-2.847198847219361,-1.0039924855595894,2.058759482887862,6.610641029240218,0.5116324172708466,0.08852238471251682,2.481935062639745,-2.945005167644948,2.513779460740188,-3.5707955109231087
seed 562
Initial fitness values: [np.float64(25.84876776138409), np.float64(25.22819044480026), np.float64(25.110029180769292), np.float64(24.635156416471947), np.float64(24.477057596434015), np.float64(23.322709339412736), np.float64(23.183296717999077), np.float64(22.833446491185732), np.float64(22.78302207760192), np.float64(22.4256117780631)]
Final fitness values: [np.float64(19.45325315573338), np.float64(19.45286591051139), np.float64(19.45286591051139), np.float64(19.452863961151305), np.float64(19.45286392420209), np.float64(19.45286392420209), np.float64(19.45286392420209), np.float64(19.45286392420209), np.float64(19.45286392420209), np.float64(19.45286392420209)]
HOF ITEM
19.45286392420209
-3.777879762201216,1.6303344216074278,5.814228775409882,-2.0397865894365963,5.56849625382286,4.001486000793926,-1.318540982724514,1.2878453294103842,2.2588818077142205,-1.3585546012848755,0.7852413489306531,3.7188175226201836,-2.5038744063214606,2.5901958363250515,-0.6943090245194565
HOF ITEM
19.452863961151305
-3.777879762201216,1.6303344216074278,5.814228775409882,-2.0397865894365963,5.56849625382286,4.001486000793926,-1.318540982724514,1.2847058896984653,2.2588818077142205,-1.3585546012848755,0.7852413489306531,3.7188175226201836,-2.5038744063214606,2.5901958363250515,-0.6943090245194565
HOF ITEM
19.452865755526883
-3.777879762201216,1.6303344216074278,5.814228775409882,-1.8719808846807493,5.56849625382286,4.001486000793926,-1.318540982724514,1.2847058896984653,2.2588818077142205,-1.3585546012848755,0.7852413489306531,3.7188175226201836,-2.5038744063214606,2.5901958363250515,-0.6943090245194565
HOF ITEM
19.45286591051139
-3.777879762201216,1.6303344216074278,5.814228775409882,-2.0397865894365963,5.56849625382286,4.001486000793926,-1.318540982724514,1.2878453294103842,2.4818864581786912,-1.3585546012848755,0.7852413489306531,3.7188175226201836,-2.5038744063214606,2.5901958363250515,-0.6943090245194565
HOF ITEM
19.45286595776827
-3.777879762201216,1.6303344216074278,5.814228775409882,-2.0397865894365963,5.56849625382286,4.001486000793926,-1.318540982724514,1.2847058896984653,2.4818864581786912,-1.3585546012848755,0.7852413489306531,3.7188175226201836,-2.5038744063214606,2.5901958363250515,-0.6943090245194565
seed 563
Initial fitness values: [np.float64(27.71796425604321), np.float64(25.01147344969592), np.float64(24.31010946027125), np.float64(24.072768349972886), np.float64(23.645162445357645), np.float64(23.59864569682736), np.float64(23.410857877687196), np.float64(23.410857877687196), np.float64(23.35418823047726), np.float64(23.354189503667858)]
Final fitness values: [np.float64(20.94826950861327), np.float64(20.94826950861327), np.float64(20.948255935155586), np.float64(20.948255935155586), np.float64(20.948255935155586), np.float64(20.948255935155586), np.float64(20.948255935155586), np.float64(20.948255935155586), np.float64(20.948255935155586), np.float64(20.948255935155586)]
HOF ITEM
20.948255935155586
0.7767245131121114,0.790792781231324,2.5861087996623895,-1.453656362629397,3.252100601418788,4.62729276637646,3.391878619480907,2.692906661261522,0.7210899745133081,5.747783422784392,1.8243677398068863,-3.865039382682102,0.873164080750616,2.9398210636189632,-2.1240218206056305
HOF ITEM
20.948255935155586
0.7767245131121114,0.790792781231324,2.5861087996623895,-1.453656362629397,3.252100601418788,4.62729276637646,3.391878619480907,2.692906661261522,0.7210899745133081,5.2535098977020915,1.9342456055883237,-3.6187592627681955,0.873164080750616,2.9398210636189632,-2.1240218206056305
HOF ITEM
20.948255935155586
0.7767245131121114,0.790792781231324,2.5861087996623895,-1.453656362629397,3.252100601418788,4.62729276637646,3.5393607946262575,2.692906661261522,0.836676753033867,5.421699577917546,1.9232438314152087,-3.6187592627681955,0.873164080750616,2.9398210636189632,-2.1240218206056305
HOF ITEM
20.948255935155586
0.7767245131121114,0.790792781231324,2.5861087996623895,-1.453656362629397,3.252100601418788,4.62729276637646,3.391878619480907,2.692906661261522,0.7210899745133081,5.747783422784392,1.8243677398068863,-3.6187592627681955,0.873164080750616,2.9398210636189632,-2.1240218206056305
HOF ITEM
20.948255935155586
0.7767245131121114,0.790792781231324,2.5861087996623895,-1.453656362629397,3.252100601418788,4.62729276637646,3.391878619480907,2.692906661261522,0.7210899745133081,5.2535098977020915,1.9342456055883237,-3.865039382682102,0.873164080750616,2.9398210636189632,-2.1240218206056305
seed 564
Initial fitness values: [np.float64(23.159024206046993), np.float64(22.751916331999844), np.float64(22.751916331999844), np.float64(22.751476858551058), np.float64(22.751476858551058), np.float64(22.10923040143758), np.float64(22.10923040143758), np.float64(21.89148050209604), np.float64(21.89148050209604), np.float64(21.816920997789943)]
Final fitness values: [np.float64(21.518457397744463), np.float64(21.518457397744463), np.float64(21.518457397744463), np.float64(21.518451506435028), np.float64(21.51638533978337), np.float64(21.51638533978337), np.float64(21.51638533978337), np.float64(21.51638533978337), np.float64(21.51638533978337), np.float64(21.51638533978337)]
HOF ITEM
21.51638533978337
-3.2869051051239944,1.424731645653381,-5.700646829299844,7.0,-4.624555710621955,-4.325067620467229,-0.034417643150215324,1.5321271942233494,5.356649431966089,-5.849054212700877,2.82502440380303,-0.2647218930217747,4.90057931400912,3.0,-2.0837030451051177
HOF ITEM
21.51638533978337
-3.2869051051239944,1.424731645653381,-5.700646829299844,7.0,-4.624555710621955,-4.325067620467229,-0.034417643150215324,1.5321271942233494,5.356649431966089,-5.849054212700877,2.82502440380303,-0.2647218930217747,5.201819698752191,3.0,-2.007251145198337
HOF ITEM
21.51638533978337
-3.2869051051239944,1.424731645653381,-5.700646829299844,7.0,-4.624555710621955,-4.325067620467229,-0.034417643150215324,1.5321271942233494,5.356649431966089,-5.889499061460339,2.82502440380303,-0.2647218930217747,5.201819698752191,3.0,-2.0837030451051177
HOF ITEM
21.51638533978337
-3.2869051051239944,1.424731645653381,-5.700646829299844,7.0,-4.624555710621955,-4.325067620467229,-0.034417643150215324,1.5321271942233494,5.356649431966089,-5.849054212700877,2.82502440380303,-0.2647218930217747,4.868424370395884,3.0,-2.0837030451051177
HOF ITEM
21.51638533978337
-3.2869051051239944,1.424731645653381,-5.700646829299844,7.0,-4.624555710621955,-4.325067620467229,-0.034417643150215324,1.5321271942233494,5.356649431966089,-5.849054212700877,2.82502440380303,-0.2647218930217747,5.201819698752191,3.0,-2.0837030451051177
seed 565
Initial fitness values: [np.float64(23.148355096620012), np.float64(23.148355096620012), np.float64(23.144134104310663), np.float64(22.916408189995373), np.float64(22.64187190997426), np.float64(22.084265707223413), np.float64(22.084265707223413), np.float64(22.084265707223413), np.float64(22.084265707223413), np.float64(21.88524537646064)]
Final fitness values: [np.float64(21.43578251468996), np.float64(21.43578251468996), np.float64(21.435781130995228), np.float64(21.435780433515006), np.float64(21.435780433515006), np.float64(21.435777373574282), np.float64(21.435777373574282), np.float64(21.435777373574282), np.float64(21.435777373574282), np.float64(21.435777373574282)]
HOF ITEM
21.435777373574282
2.4111832244317117,0.11891180008573754,-6.299248260123301,-3.003102337556541,-0.32186286235692724,3.7288011134026915,-6.44382764294425,1.6821814451226254,0.02104706824307237,1.1994199417060942,3.0,-2.2467361778332546,-0.38141681873578304,0.9795420935594621,0.022547160112088682
HOF ITEM
21.435777660132395
2.4111832244317117,0.11891180008573754,-6.299248260123301,-3.003102337556541,-0.32186286235692724,3.7288011134026915,-6.327311989305521,1.6821814451226254,0.02104706824307237,1.1994199417060942,3.0,-2.2467361778332546,-0.38141681873578304,0.9795420935594621,0.022547160112088682
HOF ITEM
21.43577771500789
2.4111832244317117,0.11891180008573754,-6.299248260123301,-3.003102337556541,-0.32186286235692724,3.7288011134026915,-6.327311989305521,1.6821814451226254,0.02104706824307237,1.1994199417060942,3.0,-2.2467361778332546,-0.38141681873578304,1.0296793139755596,0.022547160112088682
HOF ITEM
21.43578013434757
2.4111832244317117,0.11891180008573754,-6.299248260123301,-3.003102337556541,-0.32186286235692724,3.7288011134026915,-6.327311989305521,1.6821814451226254,0.02104706824307237,1.1994199417060942,3.0,-2.2467361778332546,-0.38141681873578304,0.9795420935594621,0.12630602899962123
HOF ITEM
21.435780146956866
2.4111832244317117,0.11891180008573754,-6.299248260123301,-3.003102337556541,-0.32186286235692724,3.7288011134026915,-6.44382764294425,1.6821814451226254,0.02104706824307237,1.1994199417060942,3.0,-2.2467361778332546,-0.38141681873578304,1.0296793139755596,0.12630602899962123
seed 566
Initial fitness values: [np.float64(26.44766318990432), np.float64(26.0019669330882), np.float64(24.043986111263717), np.float64(24.002514972405397), np.float64(23.72934632905876), np.float64(23.699985148724018), np.float64(23.699985148724018), np.float64(23.54123567446769), np.float64(23.513651316362264), np.float64(23.463408186467923)]
Final fitness values: [np.float64(21.798162365636095), np.float64(21.798162365636095), np.float64(21.798162365636095), np.float64(21.798162365636095), np.float64(21.798162365636095), np.float64(21.798162365636095), np.float64(21.798162365636095), np.float64(21.798162365636095), np.float64(21.798162365636095), np.float64(21.798162365636095)]
HOF ITEM
21.798162365636095
3.3345428907042423,-0.024530688181120044,5.534248666838578,3.922832317781818,-0.8702347414806102,-5.661220847938326,-3.385838887826464,3.0,2.161781659353519,6.560114503476399,3.0,-4.283544881683256,1.5181650096460437,2.8615975028410774,-0.6640671195047106
HOF ITEM
21.798162365636095
3.3345428907042423,-0.024530688181120044,5.534248666838578,3.922832317781818,-0.8702347414806102,-5.661220847938326,-3.385838887826464,3.0,2.161781659353519,6.330719040418901,3.0,-4.152146518764997,1.5181650096460437,2.8615975028410774,-0.6640671195047106
HOF ITEM
21.798162365636095
3.3345428907042423,-0.024530688181120044,5.534248666838578,3.922832317781818,-0.8702347414806102,-5.661220847938326,-3.385838887826464,3.0,2.161781659353519,6.732577134759065,3.0,-4.283544881683256,1.5181650096460437,2.8615975028410774,-0.6640671195047106
HOF ITEM
21.798162365636095
3.3345428907042423,-0.024530688181120044,5.534248666838578,3.922832317781818,-0.8702347414806102,-5.661220847938326,-3.32354875880412,3.0,2.161781659353519,5.778883989748156,3.0,-4.1936864814813575,1.5181650096460437,2.8615975028410774,-0.6640671195047106
HOF ITEM
21.798162365636095
3.3345428907042423,-0.024530688181120044,5.534248666838578,3.922832317781818,-0.8702347414806102,-5.661220847938326,-3.385838887826464,3.0,2.161781659353519,6.330719040418901,3.0,-4.283544881683256,1.5181650096460437,2.8615975028410774,-0.6640671195047106
seed 567
Initial fitness values: [np.float64(29.066069644206415), np.float64(27.564230133619276), np.float64(25.44990789938444), np.float64(22.646799469768784), np.float64(21.979032642327525), np.float64(21.979032642327525), np.float64(21.331457745831635), np.float64(21.331457745831635), np.float64(21.1317859350905), np.float64(21.060791116981317)]
Final fitness values: [np.float64(20.776491710609715), np.float64(20.776491710609715), np.float64(20.77623296996789), np.float64(20.77620951135603), np.float64(20.773061401212832), np.float64(20.772994039557318), np.float64(20.772713865454495), np.float64(20.772172424595958), np.float64(20.771215059703884), np.float64(20.771214996321767)]
HOF ITEM
20.771214996321767
-6.3730084997608945,1.6203511830817405,-4.680612410518874,-0.052788481734409864,-5.875941224238954,7.0,-0.8720928950100305,2.200146825115097,5.560610115378099,-5.0816730700806625,1.9314239181929913,-0.49912104396150125,5.06715635986752,1.469345258386944,-0.3011639936618302
HOF ITEM
20.771215059703884
-6.3730084997608945,1.6203511830817405,-4.680612410518874,-0.052788481734409864,-5.875941224238954,7.0,-0.8720928950100305,1.8324678258290834,5.560610115378099,-5.0816730700806625,1.9314239181929913,-0.49912104396150125,5.06715635986752,1.469345258386944,-0.3011639936618302
HOF ITEM
20.771575388582075
-6.3730084997608945,1.6203511830817405,-4.469596412717377,0.12105410128542715,-5.845586295801021,7.0,-1.0263807590089253,2.185807031301313,5.260480296004263,-5.0816730700806625,1.9314239181929913,-0.49912104396150125,5.046927361737656,1.5896908680151332,-0.3011639936618302
HOF ITEM
20.771811651421558
-6.3730084997608945,1.6203511830817405,-4.413808630399138,-0.024969466468858715,-6.095934974091002,7.0,-0.9775992928527286,1.7774636825042391,6.039254991825077,-5.0816730700806625,1.9314239181929913,-0.49912104396150125,5.643245673952998,1.2050668709632126,-0.15984569748773977
HOF ITEM
20.77196504578087
-6.3730084997608945,1.6203511830817405,-4.469596412717377,0.48093841344612726,-5.6715589577141,7.0,-1.0263807590089253,1.8324678258290834,5.560610115378099,-5.0816730700806625,1.9314239181929913,-0.49912104396150125,5.06715635986752,1.469345258386944,-0.3011639936618302
seed 568
Initial fitness values: [np.float64(27.989072245130913), np.float64(27.989072245130913), np.float64(23.068128972359307), np.float64(23.068128972359307), np.float64(22.128277744477458), np.float64(21.442476257329243), np.float64(19.779682740758457), np.float64(18.948201587674266), np.float64(18.793513849923905), np.float64(18.79347773084628)]
Final fitness values: [np.float64(18.29229136705796), np.float64(18.29229136705796), np.float64(18.29229136705796), np.float64(18.29229136705796), np.float64(18.29229136705796), np.float64(18.29229136705796), np.float64(18.29229136705796), np.float64(18.29166081273322), np.float64(18.291500914562555), np.float64(18.291500914562555)]
HOF ITEM
18.291500914562555
-3.2535101775522124,2.149550378414782,1.9326788574216218,-6.7098229582371545,-1.6178421237972644,-3.345708650691799,-4.288092230226265,0.04196238372321426,-2.464634329825876,-2.1474580248733686,2.5854913888324766,5.7673973184861875,-5.576499723522127,2.890002876857163,-0.47965250197854337
HOF ITEM
18.291625007519258
-3.2535101775522124,2.149550378414782,1.9326788574216218,-6.7098229582371545,-1.6178421237972644,-3.345708650691799,-4.288092230226265,0.5366599861089325,-2.464634329825876,-2.1474580248733686,2.5854913888324766,5.7673973184861875,-5.576499723522127,2.890002876857163,-0.47965250197854337
HOF ITEM
18.29166081273322
-3.2535101775522124,2.149550378414782,1.9326788574216218,-6.7098229582371545,-1.6178421237972644,-3.345708650691799,-4.288092230226265,0.5366599861089325,-2.8842520267700045,-2.1474580248733686,2.5854913888324766,5.7673973184861875,-5.576499723522127,2.890002876857163,-0.47965250197854337
HOF ITEM
18.29229136705796
-3.2535101775522124,2.149550378414782,2.0139671993673085,-6.7098229582371545,-1.6178421237972644,-3.345708650691799,-4.288092230226265,0.04196238372321426,-2.464634329825876,-2.1474580248733686,2.5854913888324766,5.7673973184861875,-5.534859053684816,2.890002876857163,-0.47965250197854337
HOF ITEM
18.29229136705796
-3.2535101775522124,2.149550378414782,2.0139671993673085,-6.7098229582371545,-1.6178421237972644,-3.345708650691799,-4.288092230226265,0.04196238372321426,-2.464634329825876,-2.1474580248733686,2.5854913888324766,5.7673973184861875,-5.576499723522127,2.890002876857163,-0.47965250197854337
seed 569
Initial fitness values: [np.float64(25.05852801563446), np.float64(25.05852801563446), np.float64(23.37104605127999), np.float64(22.96844603659904), np.float64(22.96844603659904), np.float64(22.757482940641225), np.float64(22.717913688489006), np.float64(22.709944132493767), np.float64(22.67516171917331), np.float64(22.394862107654266)]
Final fitness values: [np.float64(19.37186291660635), np.float64(19.37186291660635), np.float64(19.37186291654123), np.float64(19.371494534673854), np.float64(19.371249272377856), np.float64(19.371249272082363), np.float64(19.37124927198276), np.float64(19.36325887939064), np.float64(19.363013834792376), np.float64(19.36301383434275)]
HOF ITEM
19.36301383434275
-6.74309862766458,1.657102112266587,6.855264480144855,0.02713886369466928,-1.0265438133271547,4.177335614294375,3.8126182300586033,0.8666665488234473,2.9490963253868605,-2.6754687481828223,0.4792521231738044,2.856084627734232,-6.199877475893294,1.8402575094105498,-5.157674369468289
HOF ITEM
19.363013834792376
-6.74309862766458,1.657102112266587,6.855264480144855,0.02713886369466928,-1.0265438133271547,4.177335614294375,3.899409490550639,0.7433352061208719,2.9490963253868605,-2.6754687481828223,0.4792521231738044,2.856084627734232,-6.199877475893294,1.8402575094105498,-5.157674369468289
HOF ITEM
19.36325887939064
-6.74309862766458,1.657102112266587,7.0,0.02713886369466928,-1.0265438133271547,4.177335614294375,3.8126182300586033,0.8666665488234473,2.9490963253868605,-2.6754687481828223,0.4792521231738044,2.856084627734232,-6.199877475893294,1.8402575094105498,-5.157674369468289
HOF ITEM
19.371249271533003
-6.74309862766458,1.657102112266587,6.855264480144855,0.02713886369466928,-1.0265438133271547,4.177335614294375,3.8126182300586033,0.8666665488234473,2.9490963253868605,-2.6713212692196855,0.4792521231738044,2.856084627734232,-6.199877475893294,1.8402575094105498,-5.157674369468289
HOF ITEM
19.37124927198276
-6.74309862766458,1.657102112266587,6.855264480144855,0.02713886369466928,-1.0265438133271547,4.177335614294375,3.899409490550639,0.7433352061208719,2.9490963253868605,-2.6713212692196855,0.4792521231738044,2.856084627734232,-6.199877475893294,1.8402575094105498,-5.157674369468289
best parameter set
fitness 18.272651214992433 seed 568
-3.258479038638642,2.1546726424429776,1.9335669305981362,-6.709810999287061,-1.618417819619518,-3.346552801406668,-4.2880957442844645,0.0430048385120845,-2.464895343674274,-2.1469610046504997,2.5853916434989848,5.76813839407386,-5.576499723522127,2.890002876857163,-0.47777913454730947
