seeds are [190 191 192 193 194 195 196 197 198 199]
seed 190
Initial fitness values: [np.float64(53.6736268071173), np.float64(50.15205224006078), np.float64(49.018941062065224), np.float64(48.399055296634025), np.float64(47.59210175545945), np.float64(46.052700052744), np.float64(45.46392361494136), np.float64(45.46392361494136), np.float64(42.89759565268074), np.float64(42.89759565268074)]
Final fitness values: [np.float64(40.85099781240028), np.float64(40.85099781240028), np.float64(40.85099781240028), np.float64(40.85099781240028), np.float64(40.848947152498205), np.float64(40.848947152498205), np.float64(40.848947152498205), np.float64(40.848947152498205), np.float64(40.848947152498205), np.float64(40.848947152498205)]
HOF ITEM
40.848947152498205
-4.661784187147784,1.5920485534604294,-4.239268014984584,-1.504811505625821,-0.10522762726322497,-2.9663285898870937,-3.344499040168934,2.321818913062544,1.5069715199959746,-1.5971901474057668,1.0398795466435156,-4.199494145220608,-3.630002610177413,2.641957564419607,-0.17978635334931603
HOF ITEM
40.848947152498205
-4.661784187147784,1.5920485534604294,-4.239268014984584,-1.504811505625821,-0.10522762726322497,-2.9663285898870937,-3.344499040168934,2.321818913062544,1.5069715199959746,-1.5971901474057668,1.0398795466435156,-4.199494145220608,-3.630002610177413,3.0,0.294224684028885
HOF ITEM
40.848947152498205
-4.661784187147784,1.5920485534604294,-4.239268014984584,-1.504811505625821,-0.10522762726322497,-2.9663285898870937,-3.344499040168934,2.321818913062544,1.5069715199959746,-1.5971901474057668,1.0398795466435156,-4.199494145220608,-3.630002610177413,2.641957564419607,-0.18019368303126213
HOF ITEM
40.84925123819658
-4.661784187147784,1.5920485534604294,-4.386854104414092,-1.5580215204717285,-0.10522762726322497,-2.9663285898870937,-3.344499040168934,2.321818913062544,1.5069715199959746,-1.7031752558178572,1.0398795466435156,-4.199494145220608,-3.630002610177413,2.641957564419607,-0.17978635334931603
HOF ITEM
40.85099781240028
-4.661784187147784,1.5920485534604294,-4.386854104414092,-1.5580215204717285,-0.10522762726322497,-2.9527381512784694,-3.344499040168934,2.321818913062544,1.5069715199959746,-1.7031752558178572,1.0398795466435156,-4.199494145220608,-3.630002610177413,3.0,-0.17978635334931603
seed 191
Initial fitness values: [np.float64(52.70865379015015), np.float64(49.15888728432505), np.float64(48.854864516286625), np.float64(47.80356497968401), np.float64(47.08148608841693), np.float64(47.08148608841693), np.float64(46.928022066165404), np.float64(46.782683154901406), np.float64(46.758926823853756), np.float64(46.678769265793775)]
Final fitness values: [np.float64(41.40517180431842), np.float64(41.40517180431842), np.float64(41.4050412883447), np.float64(41.4050412883447), np.float64(41.4050412883447), np.float64(41.4050412883447), np.float64(41.4050412883447), np.float64(41.397505973510825), np.float64(41.397505973510825), np.float64(41.397505973510825)]
HOF ITEM
41.397505973510825
1.4358306034643031,0.47647321714815527,-1.2303452103038783,-4.274700636918176,-4.4316148615518545,1.6762483958014078,1.1338808923908117,3.0,2.590934419764564,2.3891366207628755,1.5351054556110078,-4.729188023182137,4.692716167282126,2.4840041300376954,4.515112441963615
HOF ITEM
41.397505973510825
1.4358306034643031,0.47647321714815527,-1.2303452103038783,-4.274700636918176,-4.4316148615518545,1.6762483958014078,1.1338808923908117,3.0,2.590934419764564,2.3891366207628755,1.5351054556110078,-4.729188023182137,4.616623592741423,2.4840041300376954,4.538570125685668
HOF ITEM
41.4050412883447
1.4358306034643031,0.47647321714815527,-1.2303452103038783,-4.274700636918176,-4.6479075342041725,1.6762483958014078,1.1338808923908117,3.0,2.590934419764564,2.447800615857181,1.5351054556110078,-4.729188023182137,4.784199673398254,2.636202788983775,4.57888968601639
HOF ITEM
41.4050412883447
1.4358306034643031,0.47647321714815527,-1.2303452103038783,-4.274700636918176,-4.6479075342041725,1.6762483958014078,1.1338808923908117,3.0,2.590934419764564,2.447800615857181,1.5351054556110078,-4.729188023182137,4.692716167282126,2.4840041300376954,4.169163475809493
HOF ITEM
41.4050412883447
1.4358306034643031,0.47647321714815527,-1.2303452103038783,-4.274700636918176,-4.6479075342041725,1.6762483958014078,1.1338808923908117,3.0,2.590934419764564,2.447800615857181,1.5351054556110078,-4.729188023182137,4.692716167282126,2.636202788983775,4.169163475809493
seed 192
Initial fitness values: [np.float64(47.7409796554113), np.float64(47.073248811009904), np.float64(47.073248811009904), np.float64(45.806911301745835), np.float64(43.30611614534904), np.float64(39.39753861064449), np.float64(39.349737768737775), np.float64(38.92979385855158), np.float64(38.92979385855158), np.float64(37.97824009439291)]
Final fitness values: [np.float64(37.24306798722244), np.float64(37.24306798722244), np.float64(37.24306798722244), np.float64(37.24306798722244), np.float64(37.24306798722244), np.float64(37.24306798722244), np.float64(37.24306798722244), np.float64(37.24109074260361), np.float64(37.24109074260361), np.float64(37.24109074260361)]
HOF ITEM
37.24109074260361
-3.2269729022719704,1.6394829034931635,-0.21640688266615216,-3.03337499207455,-5.103755830819072,-2.8122241550502856,2.523217745009431,0.44200100249371366,-2.1382670590652784,-1.937206875681871,2.837040479591237,-0.546466783242045,-2.928959098559685,2.347366699358156,5.065505137444734
HOF ITEM
37.24244380749022
-3.2269729022719704,1.6394829034931635,-0.21640688266615216,-3.03337499207455,-5.103755830819072,-2.8122241550502856,2.523217745009431,0.6314977868821107,-2.1382670590652784,-1.937206875681871,2.837040479591237,-0.546466783242045,-2.928959098559685,2.347366699358156,5.065505137444734
HOF ITEM
37.242521573653775
-3.2269729022719704,1.6394829034931635,-0.21640688266615216,-3.03337499207455,-5.103755830819072,-2.8122241550502856,2.523217745009431,0.44200100249371366,-2.1382670590652784,-1.937206875681871,2.837040479591237,-0.546466783242045,-2.928959098559685,2.347366699358156,5.142928500762322
HOF ITEM
37.242646964533364
-3.2269729022719704,1.6394829034931635,-0.12633901461649724,-3.03337499207455,-5.103755830819072,-2.8122241550502856,2.3539456958347467,0.44200100249371366,-2.170456801363623,-1.937206875681871,2.837040479591237,-0.546466783242045,-2.928959098559685,2.347366699358156,5.065505137444734
HOF ITEM
37.24306798722244
-3.2269729022719704,1.6394829034931635,-0.21640688266615216,-3.03337499207455,-5.103755830819072,-2.8122241550502856,2.523217745009431,0.6314977868821107,-2.1382670590652784,-1.937206875681871,2.837040479591237,-0.546466783242045,-2.928959098559685,2.347366699358156,5.142928500762322
seed 193
Initial fitness values: [np.float64(51.04874003604106), np.float64(49.571287632540354), np.float64(48.30900483945438), np.float64(47.54844499143471), np.float64(47.54844499143471), np.float64(46.848548803851735), np.float64(46.786811126023544), np.float64(45.92705280314608), np.float64(45.92705280314608), np.float64(45.87090532718622)]
Final fitness values: [np.float64(41.258056977817), np.float64(41.258056977817), np.float64(41.258056977817), np.float64(41.258056977817), np.float64(41.258056977817), np.float64(41.258056977817), np.float64(41.258056977817), np.float64(41.258056977817), np.float64(41.258014663515475), np.float64(41.25734793100691)]
HOF ITEM
41.25734793100691
0.8214073603050781,0.7677135769840052,-2.9477884336400613,-2.709508656048044,0.7306373152828496,-2.633498118163773,0.9953849235588849,3.0,3.4807131113170438,4.900755218588112,0.655780548951986,-0.7662854437640008,5.927348444884669,1.2106891108032312,-0.7072370173786825
HOF ITEM
41.258014663515475
0.8214073603050781,0.7677135769840052,-2.947991294440746,-2.709508656048044,0.7306373152828496,-2.633498118163773,0.9953849235588849,3.0,3.4807131113170438,4.8164139418637415,0.9272329699242756,-1.1307632330510344,5.842884597399191,1.059359032402063,-0.5406750677131418
HOF ITEM
41.258056977817
0.8214073603050781,0.7677135769840052,-2.947991294440746,-2.709508656048044,0.7306373152828496,-2.633498118163773,0.9953849235588849,3.0,3.4807131113170438,4.900755218588112,0.9272329699242756,-1.1307632330510344,5.842884597399191,1.059359032402063,-0.5406750677131418
HOF ITEM
41.25805701015272
0.8214073603050781,0.7677135769840052,-2.947991294440746,-2.709508656048044,0.7306373152828496,-2.633498118163773,0.9953849235588849,3.0,3.4807131113170438,4.900755218588112,0.9272329699242756,-1.1307632330510344,5.842884597399191,1.059359032402063,-0.4985075619838052
HOF ITEM
41.25805729140107
0.8214073603050781,0.7677135769840052,-2.947991294440746,-2.709508656048044,0.7306373152828496,-2.633498118163773,0.9953849235588849,3.0,3.4807131113170438,4.900755218588112,0.9272329699242756,-1.1307632330510344,6.145614599880345,1.059359032402063,-0.5406750677131418
seed 194
Initial fitness values: [np.float64(43.76661911319172), np.float64(43.76661911319172), np.float64(43.437840251729966), np.float64(42.71791814032458), np.float64(42.64341560077649), np.float64(42.44405847422133), np.float64(41.46134984994202), np.float64(41.46134984994202), np.float64(41.41464684405236), np.float64(41.00794109030967)]
Final fitness values: [np.float64(38.856555654915496), np.float64(38.829954561637926), np.float64(38.829954561637926), np.float64(38.829954561637926), np.float64(38.81454306960964), np.float64(38.81454306960964), np.float64(38.81454306960964), np.float64(38.81103362022908), np.float64(38.81103362022908), np.float64(38.81103362022908)]
HOF ITEM
38.81103362022908
-3.8797118635204257,1.6419386407041459,-1.3217070661715047,-1.7119747821819447,0.9734593638153776,-5.328620116990387,-2.5398235416820327,2.5827243774698214,6.422272403505487,0.9035852920032856,2.970055233929345,-3.1891567970813903,2.703280349372483,0.052948248241511835,3.475261308756044
HOF ITEM
38.81103362022908
-3.8797118635204257,1.6419386407041459,-1.3217070661715047,-1.7119747821819447,0.9734593638153776,-5.328620116990387,-2.5398235416820327,2.5827243774698214,6.422272403505487,0.9035852920032856,2.916898188192884,-3.5387363517404804,2.703280349372483,0.052948248241511835,3.475261308756044
HOF ITEM
38.81103362022908
-3.8797118635204257,1.6419386407041459,-1.3217070661715047,-1.7119747821819447,0.9734593638153776,-5.328620116990387,-2.5398235416820327,2.5827243774698214,6.422272403505487,0.9035852920032856,2.916898188192884,-3.561967007366193,2.703280349372483,0.052948248241511835,3.475261308756044
HOF ITEM
38.81454306960964
-3.8797118635204257,1.6419386407041459,-1.3217070661715047,-1.7119747821819447,0.9734593638153776,-5.494428995232987,-2.5398235416820327,2.5827243774698214,6.583927935731481,0.9035852920032856,2.916898188192884,-3.5387363517404804,2.703280349372483,0.052948248241511835,3.475261308756044
HOF ITEM
38.82421419237138
-3.8797118635204257,1.6597777079066616,-1.282994175353953,-1.7119747821819447,0.9734593638153776,-5.494428995232987,-2.5398235416820327,2.5827243774698214,6.583927935731481,0.9035852920032856,2.916898188192884,-3.561967007366193,2.703280349372483,0.052948248241511835,3.3600735858547672
seed 195
Initial fitness values: [np.float64(53.60808935077306), np.float64(51.9129552437584), np.float64(51.61480252166345), np.float64(50.509448596859485), np.float64(49.86157875981008), np.float64(49.08755697603148), np.float64(48.01700702009486), np.float64(48.01700702009486), np.float64(47.425667989038914), np.float64(47.347731992836415)]
Final fitness values: [np.float64(44.06547773996302), np.float64(44.06547773996302), np.float64(43.77791690176985), np.float64(43.76452182220871), np.float64(43.58614805485884), np.float64(43.563377377253424), np.float64(43.54398215682978), np.float64(43.48752042457551), np.float64(43.487519859413055), np.float64(43.4611960785103)]
HOF ITEM
43.4611960785103
-1.0572553391751938,1.3172514782031197,5.622815701207168,0.8495669281780814,-3.969045026480551,-1.873801264890087,6.512690238509973,1.1291510861754617,-5.755486787059895,0.3472412375361933,0.8051164811253251,-2.438632507576103,-4.247164310031689,3.0,2.324680006657266
HOF ITEM
43.487519859413055
-1.0572553391751938,1.1831042813280706,5.959442122470565,1.0971637571147645,-4.276167845685301,-2.0635313275973175,5.856894229055606,0.7642258244184637,-5.755486787059895,0.3472412375361933,0.8051164811253251,-2.6103434576610383,-4.8483320860004175,2.8968401111982813,2.1870229479252163
HOF ITEM
43.48752042457551
-1.0572553391751938,1.1831042813280706,5.959442122470565,1.0971637571147645,-4.276167845685301,-2.0635313275973175,5.856894229055606,1.2046680193193882,-5.766112044017282,0.3472412375361933,0.8051164811253251,-2.6103434576610383,-4.590936734932112,2.8968401111982813,2.1870229479252163
HOF ITEM
43.48752042457551
-1.0572553391751938,1.1831042813280706,5.959442122470565,1.0971637571147645,-4.276167845685301,-2.0635313275973175,5.856894229055606,1.2046680193193882,-5.766112044017282,0.3472412375361933,0.8051164811253251,-2.6103434576610383,-4.68059222822711,2.8968401111982813,2.1870229479252163
HOF ITEM
43.48752042457551
-1.0572553391751938,1.1831042813280706,5.959442122470565,1.0971637571147645,-4.276167845685301,-2.0635313275973175,5.856894229055606,1.2046680193193882,-5.766112044017282,0.3472412375361933,0.8051164811253251,-2.6103434576610383,-4.8483320860004175,2.8968401111982813,2.1870229479252163
seed 196
Initial fitness values: [np.float64(52.414233160318965), np.float64(49.6624905636179), np.float64(49.35410121175613), np.float64(47.71012850484788), np.float64(47.37398595518642), np.float64(47.04069208383426), np.float64(46.92047383859476), np.float64(46.789581468046904), np.float64(46.77784475597973), np.float64(46.77784475597973)]
Final fitness values: [np.float64(42.925840770204914), np.float64(42.925840770204914), np.float64(42.925840770204914), np.float64(42.916987530699224), np.float64(42.916987530699224), np.float64(42.90336144096503), np.float64(42.90336144096503), np.float64(42.83321507983182), np.float64(42.81841125014101), np.float64(42.83177920951931)]
HOF ITEM
42.81841125014101
2.8177308220803243,-0.10859357308242726,-3.181316665609314,-1.7812499382577773,-0.9838554407533914,-4.11211567595616,-5.211566182436509,2.091166368408988,-1.2058724803191854,5.1428472621444286,0.0,-3.057178287402713,1.5156815661241245,1.0480945374313124,-3.1723131634299104
HOF ITEM
42.83177920951931
2.8177308220803243,-0.11225898503041742,-3.181316665609314,-1.3656442007911729,-0.5142848386181103,-4.11211567595616,-5.176772491650644,2.091166368408988,-1.2058724803191854,5.370098191731086,0.0,-3.0449992216915387,1.5236053366091575,1.0444792925007034,-2.897196930432923
HOF ITEM
42.83321507983182
2.8177308220803243,-0.11225898503041742,-3.181316665609314,-1.3656442007911729,-0.5142848386181103,-4.11211567595616,-5.05457923638385,2.091166368408988,-1.2058724803191854,5.283162865187191,0.0,-3.057178287402713,1.5236053366091575,1.0444792925007034,-2.897196930432923
HOF ITEM
42.88921588176928
2.8177308220803243,-0.08132818542901762,-3.1484801974022893,-1.7812499382577773,-0.9838554407533914,-4.11211567595616,-5.176772491650644,2.1455470384923285,-1.2058724803191854,5.283162865187191,0.0,-3.057178287402713,1.5156815661241245,1.1916305521789143,-2.8768936070114473
HOF ITEM
42.89076434272935
2.8177308220803243,-0.11878171937379252,-3.181316665609314,-1.7812499382577773,-0.9121949030495565,-4.11211567595616,-5.176772491650644,2.091166368408988,-1.3518259117958988,5.175247265825826,0.0,-3.057178287402713,1.5156815661241245,1.1916305521789143,-2.897196930432923
seed 197
Initial fitness values: [np.float64(49.03029189148432), np.float64(49.27648332908438), np.float64(47.814037421195046), np.float64(47.468069923710075), np.float64(47.23717014449223), np.float64(47.112747365758715), np.float64(46.985572828643036), np.float64(46.8102310261827), np.float64(46.45907977817435), np.float64(46.44920947778012)]
Final fitness values: [np.float64(42.62161440351467), np.float64(42.621536974555134), np.float64(42.62153060103398), np.float64(42.48042096675291), np.float64(42.48042096675291), np.float64(42.45132953352813), np.float64(42.451311284819255), np.float64(42.44835787231911), np.float64(42.44761705304337), np.float64(42.44761705304337)]
HOF ITEM
42.44761705304337
3.6023882191609053,-0.3461048266401916,6.4785376033101345,-4.086958774004552,2.013455297525074,3.9050120942303375,-1.5686066498496118,2.5929659031933276,-3.3267542299173893,1.308780576472531,3.0,-0.498605991725527,6.491206585188538,0.9698234293684939,-5.785742188057127
HOF ITEM
42.447659256029105
3.6023882191609053,-0.3461048266401916,6.4785376033101345,-3.73406827802169,2.013455297525074,3.9050120942303375,-1.680453154873887,2.3436091097269967,-3.4256640306761863,1.308780576472531,3.0,-0.498605991725527,6.305788074603002,0.9698234293684939,-5.785742188057127
HOF ITEM
42.44835787231911
3.6023882191609053,-0.3461048266401916,6.621986452271707,-4.086958774004552,2.026943142889783,3.9050120942303375,-2.0177986497972578,2.418313332842577,-3.2786136002342956,1.308780576472531,3.0,-0.498605991725527,6.383937311902908,0.9698234293684939,-5.607454733927364
HOF ITEM
42.44835885061623
3.6023882191609053,-0.3461048266401916,6.621986452271707,-4.086958774004552,2.026943142889783,3.9050120942303375,-1.6871962062502999,2.5929659031933276,-3.3267542299173893,1.308780576472531,3.0,-0.498605991725527,6.383937311902908,0.9698234293684939,-5.607454733927364
HOF ITEM
42.44894513833216
3.6023882191609053,-0.3461048266401916,6.7611338557406615,-4.044975721955991,2.026943142889783,3.9050120942303375,-1.6871962062502999,2.5929659031933276,-3.406345140831035,1.308780576472531,3.0,-0.498605991725527,6.258069796285617,0.9597141205249754,-5.607454733927364
seed 198
Initial fitness values: [np.float64(52.19414992519641), np.float64(52.19414992519641), np.float64(47.79240119745724), np.float64(47.654969246675314), np.float64(45.08456250309909), np.float64(45.08456250309909), np.float64(44.742779301766795), np.float64(44.64720981225924), np.float64(44.40876265421967), np.float64(44.40876265421967)]
Final fitness values: [np.float64(44.24321140744044), np.float64(44.24321140744044), np.float64(44.24321105445945), np.float64(44.24321105445945), np.float64(44.240035819351206), np.float64(44.240035819351206), np.float64(44.240035819351206), np.float64(44.240031336310956), np.float64(44.23654141585476), np.float64(44.23654141585476)]
HOF ITEM
44.23654141585476
7.0,-1.6935954506030204,-4.726234534348944,-2.7294239236534166,4.686891181169863,6.111418894764448,3.468377680070177,0.12283108471490214,-2.743267435332074,0.551692675624296,2.1696580793835065,-6.873269540194485,-0.739621677286161,0.2671724612730544,4.6589862157765705
HOF ITEM
44.236545489892045
7.0,-1.6935954506030204,-4.726234534348944,-2.7294239236534166,4.686891181169863,6.111418894764448,3.468377680070177,0.12283108471490214,-2.743267435332074,0.551692675624296,2.1696580793835065,-6.873269540194485,-0.739621677286161,0.2671724612730544,4.241048322529093
HOF ITEM
44.236546546183924
7.0,-1.6935954506030204,-4.726234534348944,-2.7294239236534166,4.686891181169863,6.111418894764448,3.468377680070177,0.12283108471490214,-2.743267435332074,0.551692675624296,2.1696580793835065,-6.873269540194485,-0.7109516096274677,0.2671724612730544,4.241048322529093
HOF ITEM
44.24003056821326
7.0,-1.6935954506030204,-4.726234534348944,-2.7294239236534166,4.686891181169863,6.111418894764448,3.468377680070177,0.12283108471490214,-2.4905358402084476,0.551692675624296,2.1696580793835065,-6.873269540194485,-0.7109516096274677,0.2671724612730544,4.6589862157765705
HOF ITEM
44.24003068929519
7.0,-1.6935954506030204,-4.726234534348944,-2.7294239236534166,4.686891181169863,6.111418894764448,3.468377680070177,0.12283108471490214,-2.4905358402084476,0.551692675624296,2.1696580793835065,-6.873269540194485,-0.739621677286161,0.2671724612730544,4.6589862157765705
seed 199
Initial fitness values: [np.float64(50.742063948091186), np.float64(48.909714436276616), np.float64(46.35354549368301), np.float64(45.60424995594809), np.float64(44.8134084668004), np.float64(44.57729060356781), np.float64(44.27721652318211), np.float64(44.27721652318211), np.float64(44.111002581419164), np.float64(43.937662104271055)]
Final fitness values: [np.float64(42.63115170095943), np.float64(42.58732889911089), np.float64(42.52774123705722), np.float64(42.50816678410453), np.float64(42.39145448708123), np.float64(42.39145448708123), np.float64(42.33988132619731), np.float64(42.33988132619731), np.float64(42.33988132619731), np.float64(42.33642407864951)]
HOF ITEM
42.33642407864951
3.4259008674202316,-0.29652887069447337,4.8822511273773745,-4.533844137375836,-1.4092968531047334,2.2016136505956916,-3.1958161019274876,2.973355800557348,-1.3517708207943655,6.908104243682372,0.3111121823597828,-5.922129232135281,1.16890376015332,3.0,-3.098566945002708
HOF ITEM
42.33988132619731
3.4259008674202316,-0.29652887069447337,4.8822511273773745,-4.533844137375836,-1.4092968531047334,2.2016136505956916,-3.1958161019274876,2.973355800557348,-1.3517708207943655,6.908104243682372,0.6237970288996346,-5.922129232135281,1.16890376015332,3.0,-3.098566945002708
HOF ITEM
42.339928808498044
3.4259008674202316,-0.29652887069447337,4.8822511273773745,-4.533844137375836,-1.4092968531047334,2.2016136505956916,-3.1958161019274876,2.973355800557348,-1.3517708207943655,7.0,0.6237970288996346,-5.922129232135281,1.16890376015332,3.0,-3.098566945002708
HOF ITEM
42.34713084313589
3.4259008674202316,-0.29652887069447337,4.42546631510062,-4.4409907771700725,-1.4092968531047334,2.2016136505956916,-3.1958161019274876,2.973355800557348,-1.3517708207943655,6.908104243682372,0.6237970288996346,-5.922129232135281,1.16890376015332,3.0,-3.098566945002708
HOF ITEM
42.375650612078005
3.4259008674202316,-0.29652887069447337,4.42546631510062,-4.4409907771700725,-1.2531527422608457,2.2518820920604634,-2.5070672261467934,3.0,-1.5682301295875267,6.7665959458476905,0.6237970288996346,-5.5521094206230766,1.17849850865777,3.0,-3.028394531014786
best parameter set
fitness 37.07193352991263 seed 192
-3.217632638231028,1.588168956242734,-0.21674664945917013,-3.033205559418564,-5.106623712792227,-2.8090844547204843,2.5232422558862013,0.6315049319005621,-2.13823737251214,-1.9498653973031885,2.830321220826733,-0.5451379536660172,-2.974725558889591,2.335946698113482,5.147312817031588
