seeds are [970 971 972 973 974 975 976 977 978 979]
seed 970
Initial fitness values: [np.float64(52.88819626393399), np.float64(47.345951027752875), np.float64(47.345951027752875), np.float64(46.69870309666458), np.float64(46.56428109883915), np.float64(46.11009767230688), np.float64(46.1100917458239), np.float64(46.110086274465395), np.float64(46.08281501396755), np.float64(46.009306538635805)]
Final fitness values: [np.float64(40.558478186801686), np.float64(40.22727983254854), np.float64(40.18568854731778), np.float64(40.185688547317746), np.float64(40.05167801013978), np.float64(39.81310896645937), np.float64(39.81310896645937), np.float64(39.76501360527796), np.float64(39.611825013750185), np.float64(39.611825013750185)]
HOF ITEM
39.611825013750185
-2.746461346809926,1.486304112983255,2.4460479947152733,1.9143721249339494,-4.090330745104933,-6.898343384411048,-1.4860122541109448,2.4567856792985867,3.168645178866848,2.561643524552406,2.000801196570607,-2.882088156086651,5.726575851117213,0.10304024567994224,5.945352809922144
HOF ITEM
39.76501360527796
-2.746461346809926,1.484721522184651,2.4289986514203155,1.9143721249339494,-4.090330745104933,-7.0,-1.4860122541109448,2.3312668747100322,3.218196765311246,2.561643524552406,1.621148765751121,-3.283274081259704,5.726575851117213,0.10304024567994224,5.945352809922144
HOF ITEM
39.81310896645937
-2.7047116130329623,1.484721522184651,2.4289986514203155,1.9143721249339494,-4.090330745104933,-7.0,-1.4697973487850844,2.3312668747100322,3.218196765311246,2.561643524552406,1.621148765751121,-3.283274081259704,5.726575851117213,0.10304024567994224,5.945352809922144
HOF ITEM
39.869982395099605
-2.746461346809926,1.484721522184651,2.4460479947152733,1.9143721249339494,-4.00004775483665,-7.0,-1.4697973487850844,2.199734886629571,3.357458365511461,2.570661563764585,2.0413866436424897,-3.210127213881644,5.726575851117213,0.10304024567994224,5.945352809922144
HOF ITEM
39.89207428645414
-2.7047116130329623,1.4449429619445016,2.4289986514203155,1.9143721249339494,-4.090330745104933,-7.0,-1.4697973487850844,2.3312668747100322,3.218196765311246,2.644982280448788,1.621148765751121,-3.283274081259704,5.726575851117213,0.10304024567994224,5.945352809922144
seed 971
Initial fitness values: [np.float64(50.346179820694076), np.float64(48.11205586414935), np.float64(48.11205586414935), np.float64(47.44147355808909), np.float64(46.76246932709722), np.float64(46.58869788348185), np.float64(46.58869788348185), np.float64(46.32338264832621), np.float64(46.32338264832621), np.float64(46.036670618032616)]
Final fitness values: [np.float64(44.58862166612676), np.float64(44.58862117450282), np.float64(44.58862117450282), np.float64(44.58862117450282), np.float64(44.58862117450282), np.float64(44.58862117450282), np.float64(44.58862117450282), np.float64(44.58862117450282), np.float64(44.58862117450282), np.float64(44.58862117450282)]
HOF ITEM
44.58862117450282
-1.7476701305601445,0.6738685843679685,3.932422419243266,-1.6085461297154855,-3.232092082445894,-0.8808206406260951,0.21449270957245453,0.3857063163128972,6.212865848344936,3.437812998266297,2.47325918914774,1.5125276676598398,-5.4729644579670635,2.11075092068391,2.829258170001624
HOF ITEM
44.58862117450282
-1.7476701305601445,0.6738685843679685,3.932422419243266,-1.6085461297154855,-3.232092082445894,-0.8808206406260951,0.21449270957245453,0.3857063163128972,6.212865848344936,3.620598180806814,2.5856688458368673,1.0707448353008306,-5.4729644579670635,2.11075092068391,2.829258170001624
HOF ITEM
44.58862117450282
-1.7476701305601445,0.6738685843679685,3.932422419243266,-1.6085461297154855,-3.232092082445894,-0.8808206406260951,0.21449270957245453,0.3857063163128972,6.212865848344936,3.437812998266297,2.538187466538711,1.0707448353008306,-5.4729644579670635,2.11075092068391,2.829258170001624
HOF ITEM
44.58862117450282
-1.7476701305601445,0.6738685843679685,3.932422419243266,-1.6085461297154855,-3.232092082445894,-0.8808206406260951,0.21449270957245453,0.3857063163128972,6.212865848344936,3.437812998266297,2.5856688458368673,1.0707448353008306,-5.4729644579670635,2.11075092068391,2.829258170001624
HOF ITEM
44.58862166612676
-1.7476701305601445,0.6738685843679685,3.932422419243266,-1.6085461297154855,-3.232092082445894,-0.8808206406260951,0.21449270957245453,0.3857063163128972,6.212865848344936,3.620598180806814,2.538187466538711,0.9600631646181952,-5.4729644579670635,2.0898427358923755,2.829258170001624
seed 972
Initial fitness values: [np.float64(47.85701317324163), np.float64(47.85701317324163), np.float64(46.18747281643792), np.float64(45.168178220296284), np.float64(45.168178220296284), np.float64(44.83767413433484), np.float64(44.55753420990354), np.float64(43.82476944734136), np.float64(42.80575527731936), np.float64(42.323998248342065)]
Final fitness values: [np.float64(40.96467526706377), np.float64(40.96467526706377), np.float64(40.96467526706377), np.float64(40.96457697782536), np.float64(40.96457697782536), np.float64(40.96457697782536), np.float64(40.96454624237327), np.float64(40.96454624237327), np.float64(40.96454624237327), np.float64(40.96454624237327)]
HOF ITEM
40.96454624237327
-6.582768972496095,1.5649867081345499,6.963509151878462,6.212219562689324,-5.388127955062247,2.8906468579073397,-5.254405332198973,1.8705933547163962,1.0797754215361977,0.06010016867599956,1.0365026818626477,3.7167754676998013,-3.892670511227024,1.0711048063291038,-4.104802614402595
HOF ITEM
40.96454792295807
-6.582768972496095,1.5649867081345499,6.963509151878462,6.212219562689324,-5.388127955062247,2.9156131159761873,-5.254405332198973,1.8705933547163962,1.0797754215361977,0.06010016867599956,1.0365026818626477,3.7167754676998013,-3.892670511227024,1.6036391702911321,-4.38337497207154
HOF ITEM
40.96457697782536
-6.582768972496095,1.5649867081345499,6.963509151878462,6.212219562689324,-5.388127955062247,2.8906468579073397,-5.254405332198973,1.8705933547163962,1.0797754215361977,0.06010016867599956,1.0365026818626477,3.7167754676998013,-3.892670511227024,1.6036391702911321,-4.104802614402595
HOF ITEM
40.96464729345963
-6.582768972496095,1.5649867081345499,6.963509151878462,6.212219562689324,-5.388127955062247,2.8906468579073397,-5.254405332198973,1.8705933547163962,1.0797754215361977,-0.06494999330291594,1.0365026818626477,3.7167754676998013,-3.892670511227024,1.6036391702911321,-4.104802614402595
HOF ITEM
40.96466596079979
-6.582768972496095,1.5649867081345499,6.963509151878462,6.212219562689324,-5.1743956057664,2.8906468579073397,-5.254405332198973,1.8705933547163962,1.0797754215361977,-0.06494999330291594,1.5442215441796328,3.7170463957950535,-3.8121368391267483,1.0711048063291038,-3.8754483440239165
seed 973
Initial fitness values: [np.float64(53.415926097838714), np.float64(47.98050890887886), np.float64(47.97857750589962), np.float64(45.18304186989708), np.float64(45.12658323008831), np.float64(44.997383140147356), np.float64(44.61277479244725), np.float64(44.43355155659669), np.float64(44.43345614564196), np.float64(43.63989189820895)]
Final fitness values: [np.float64(40.527220688331035), np.float64(40.527220688331035), np.float64(40.527220688331035), np.float64(40.527220688331035), np.float64(40.527220688331035), np.float64(40.527220688331035), np.float64(40.527220688331035), np.float64(40.527220688331035), np.float64(40.527220688331035), np.float64(40.527220688331035)]
HOF ITEM
40.527220688331035
-5.62585038806773,1.7679667943749895,5.97590629431956,5.5101582233078865,4.24014715787388,6.199842375741614,-5.029559412316209,2.0857031593220245,0.8158893239080359,3.5690498405817705,0.11446943198521659,6.762682260238811,-4.2229402166871495,1.4727588620233105,-6.262828168981446
HOF ITEM
40.53902627546527
-5.62585038806773,1.7679667943749895,5.628722811006635,5.410415589299271,4.24014715787388,6.199842375741614,-5.029559412316209,2.0857031593220245,0.8158893239080359,3.5388776426634356,0.11446943198521659,6.762682260238811,-4.2229402166871495,1.4727588620233105,-6.262828168981446
HOF ITEM
40.539119406750366
-5.629341291836762,1.807307515916236,6.038695975383952,5.5101582233078865,4.179855392311476,6.141821490843938,-4.83226938785683,2.0857031593220245,0.8890179091436072,3.5690498405817705,0.11446943198521659,6.90043487844475,-4.2229402166871495,1.4727588620233105,-6.230355209343847
HOF ITEM
40.546781290522894
-5.62585038806773,1.7679667943749895,5.97590629431956,5.5101582233078865,4.24014715787388,6.155373465273913,-5.029559412316209,2.0857031593220245,0.8158893239080359,3.538679190015773,0.11446943198521659,6.762682260238811,-4.2229402166871495,1.4727588620233105,-6.262828168981446
HOF ITEM
40.5529303349236
-5.62585038806773,1.7679667943749895,5.97590629431956,5.231754084700254,4.24014715787388,6.199842375741614,-5.050136567682652,2.0857031593220245,0.9230818527839338,3.5690498405817705,0.11446943198521659,6.762682260238811,-4.204961530667158,1.4727588620233105,-6.262828168981446
seed 974
Initial fitness values: [np.float64(50.551139403604665), np.float64(49.80629545624219), np.float64(47.81484027234369), np.float64(46.0375099924825), np.float64(44.05532166413782), np.float64(44.05532166413782), np.float64(42.33493968624612), np.float64(41.89467851203381), np.float64(41.40231601553309), np.float64(41.03655661991942)]
Final fitness values: [np.float64(40.67116494302617), np.float64(40.671154907845356), np.float64(40.671154907845356), np.float64(40.671154907845356), np.float64(40.67114905652561), np.float64(40.67114905652561), np.float64(40.67114905652561), np.float64(40.67114905652561), np.float64(40.67114905652561), np.float64(40.67114905652561)]
HOF ITEM
40.67114905652561
-4.061478095691638,1.5862016293709713,0.5385079981925661,1.9031718582992807,-4.115747775642563,-1.6781346256539658,3.368491671017847,2.2480228650345215,-2.634914757520988,0.5055426890023633,0.9897495417118668,-3.6453639070363395,-3.0232026823874154,2.521697559314564,-3.5230404124842156
HOF ITEM
40.67114905652561
-4.061478095691638,1.5862016293709713,0.5385079981925661,1.9031718582992807,-4.115747775642563,-1.6781346256539658,3.365764609562455,2.2480228650345215,-2.634914757520988,0.5055426890023633,0.9897495417118668,-3.6453639070363395,-3.0232026823874154,2.521697559314564,-3.5230404124842156
HOF ITEM
40.67114905652561
-4.061478095691638,1.5862016293709713,0.5385079981925661,1.9031718582992807,-4.115747775642563,-1.6781346256539658,3.365764609562455,2.2480228650345215,-2.728237149738432,0.5055426890023633,0.9897495417118668,-3.6453639070363395,-3.0232026823874154,2.521697559314564,-3.5230404124842156
HOF ITEM
40.67114905652561
-4.061478095691638,1.5862016293709713,0.5385079981925661,1.9031718582992807,-4.115747775642563,-1.6781346256539658,3.368491671017847,2.2480228650345215,-2.458709865936377,0.5055426890023633,0.9897495417118668,-3.6453639070363395,-3.0232026823874154,2.521697559314564,-3.5230404124842156
HOF ITEM
40.67114905652561
-4.061478095691638,1.5862016293709713,0.5385079981925661,1.9031718582992807,-4.115747775642563,-1.6781346256539658,3.365764609562455,2.2480228650345215,-2.458709865936377,0.5055426890023633,0.9897495417118668,-3.6453639070363395,-3.0232026823874154,2.521697559314564,-3.5230404124842156
seed 975
Initial fitness values: [np.float64(49.101499109940306), np.float64(48.83511026490615), np.float64(47.487647976663325), np.float64(47.445332101954016), np.float64(46.83292448039898), np.float64(46.61529084406017), np.float64(46.562080348772916), np.float64(45.820767593834674), np.float64(45.820767593834674), np.float64(45.693735487772464)]
Final fitness values: [np.float64(39.58937713758508), np.float64(39.58937713758508), np.float64(39.58937713758508), np.float64(39.58937713758508), np.float64(39.58937713758508), np.float64(39.58937713758508), np.float64(39.58937713758508), np.float64(39.58937713758508), np.float64(39.58937713758508), np.float64(39.58937713758508)]
HOF ITEM
39.58937713758508
-3.2650612138966553,1.4628071102880429,5.286789248901904,7.0,-6.456454978821057,-3.5244188775994396,-1.0740845669548211,0.3314181343124877,-3.6448843230680232,4.065813705907074,2.1046838916721065,3.4298243326576148,-2.5519938212661892,2.1206120667721797,-4.696062924720144
HOF ITEM
39.58937713758508
-3.2650612138966553,1.4628071102880429,5.286789248901904,7.0,-6.456454978821057,-3.5244188775994396,-1.0740845669548211,0.3314181343124877,-3.6448843230680232,4.0943491923774475,2.1046838916721065,3.229878365921851,-2.5519938212661892,2.1206120667721797,-4.696062924720144
HOF ITEM
39.58937713758508
-3.2650612138966553,1.4628071102880429,5.286789248901904,7.0,-6.456454978821057,-3.5244188775994396,-1.0740845669548211,0.3314181343124877,-3.6448843230680232,4.122232446259831,2.1046838916721065,3.4298243326576148,-2.5519938212661892,2.1206120667721797,-4.696062924720144
HOF ITEM
39.58937713758508
-3.2650612138966553,1.4628071102880429,5.286789248901904,7.0,-6.456454978821057,-3.5244188775994396,-1.0740845669548211,0.3314181343124877,-3.6448843230680232,4.065813705907074,2.1046838916721065,3.229878365921851,-2.5519938212661892,2.1206120667721797,-4.696062924720144
HOF ITEM
39.59398463631685
-3.2650612138966553,1.4628071102880429,5.286789248901904,7.0,-6.456454978821057,-3.5244188775994396,-1.0740845669548211,0.3314181343124877,-3.726066028794164,4.0943491923774475,2.1046838916721065,3.627791785792051,-2.5519938212661892,2.1206120667721797,-4.696062924720144
seed 976
Initial fitness values: [np.float64(49.70246018972629), np.float64(49.70246018972629), np.float64(48.43824967784951), np.float64(46.62644167473295), np.float64(43.84538230468858), np.float64(43.84538230468858), np.float64(43.049604798001894), np.float64(41.42869441502127), np.float64(41.42869441502127), np.float64(41.42869441502016)]
Final fitness values: [np.float64(41.22800994948935), np.float64(41.22800994948935), np.float64(41.22800994948935), np.float64(41.226555381055626), np.float64(41.226555381055626), np.float64(41.22312571667738), np.float64(41.21781939116541), np.float64(41.21781939116541), np.float64(41.21774957214843), np.float64(41.21774957214843)]
HOF ITEM
41.21774957214843
-6.898611845475074,1.6397924903438734,-5.696702526393146,-2.8670692811312586,-5.331652540089376,5.500985662323704,2.889597839178281,0.0,-1.0602818359856645,-5.592834511846488,1.8289861684111808,-0.5616610074149135,2.315526552871419,0.0,6.696005444943605
HOF ITEM
41.21774964755603
-6.898611845475074,1.6397924903438734,-5.696702526393146,-2.8670692811312586,-5.331652540089376,5.510287855344476,2.889597839178281,0.0,-1.0602818359856645,-5.592834511846488,1.8289861684111808,-0.5616610074149135,2.315526552871419,0.0,6.696005444943605
HOF ITEM
41.21778344453228
-6.898611845475074,1.6397924903438734,-5.696702526393146,-2.8670692811312586,-5.331652540089376,5.500985662323704,2.879312249993004,0.0,-1.0238109551227532,-5.592834511846488,1.8289861684111808,-0.5616610074149135,2.315526552871419,0.0,6.696005444943605
HOF ITEM
41.21781918358242
-6.898611845475074,1.6397924903438734,-5.696702526393146,-2.8670692811312586,-5.331652540089376,5.500985662323704,2.889597839178281,0.0,-1.0238109551227532,-5.592834511846488,1.8289861684111808,-0.5616610074149135,2.315526552871419,0.0,6.73059875397131
HOF ITEM
41.21781939116541
-6.898611845475074,1.6397924903438734,-5.696702526393146,-2.8670692811312586,-5.331652540089376,5.500985662323704,2.889597839178281,0.0,-1.0238109551227532,-5.592834511846488,1.8289861684111808,-0.5616610074149135,2.315526552871419,0.0,6.696005444943605
seed 977
Initial fitness values: [np.float64(53.24150458928809), np.float64(51.876656431831016), np.float64(50.60751617948829), np.float64(48.030778625563386), np.float64(46.905441424216065), np.float64(46.905441424216065), np.float64(46.7016585482), np.float64(46.7016585482), np.float64(46.64256553052521), np.float64(46.50223610789108)]
Final fitness values: [np.float64(46.47831397038097), np.float64(46.47831397038097), np.float64(46.47831397038097), np.float64(46.476564709100025), np.float64(46.476564709100025), np.float64(46.47656470895213), np.float64(46.47656470895213), np.float64(46.47656470895213), np.float64(46.47656470895213), np.float64(46.47656470895213)]
HOF ITEM
46.47656470895213
7.0,-0.9300752006900348,0.24414516562621835,5.976936032695906,5.784108828530402,-6.361016188518962,-7.0,3.0,2.1390861732421804,4.72420947559414,2.042960036230549,0.686726233091258,1.794257826345472,1.8096089108943247,-4.914676219667446
HOF ITEM
46.47656470895213
7.0,-0.9300752006900348,0.24414516562621835,5.976936032695906,5.784108828530402,-6.361016188518962,-7.0,3.0,2.1390861732421804,4.8292061736741925,2.042960036230549,0.7248949769052728,1.794257826345472,1.8096089108943247,-4.914676219667446
HOF ITEM
46.47656470895213
7.0,-0.9300752006900348,0.24414516562621835,5.976936032695906,5.784108828530402,-6.361016188518962,-7.0,3.0,2.1390861732421804,4.816836278557062,2.042960036230549,0.7248949769052728,1.794257826345472,1.8096089108943247,-4.914676219667446
HOF ITEM
46.47656470895213
7.0,-0.9300752006900348,0.24414516562621835,5.976936032695906,5.784108828530402,-6.361016188518962,-7.0,3.0,2.1390861732421804,4.72420947559414,2.042960036230549,0.7248949769052728,1.794257826345472,1.8096089108943247,-4.914676219667446
HOF ITEM
46.47656470908898
7.0,-0.9300752006900348,0.24414516562621835,5.976936032695906,5.784108828530402,-6.361016188518962,-7.0,3.0,2.1390861732421804,4.8292061736741925,1.835729570784372,0.7248949769052728,1.794257826345472,1.8096089108943247,-4.914676219667446
seed 978
Initial fitness values: [np.float64(52.95212781192049), np.float64(51.88090311544359), np.float64(50.09943964022271), np.float64(48.60600381225317), np.float64(47.98028078554382), np.float64(47.061720436181616), np.float64(46.384442571588295), np.float64(45.68035708163882), np.float64(43.45037167049392), np.float64(43.305007721107536)]
Final fitness values: [np.float64(41.23552403995741), np.float64(41.23552403995741), np.float64(41.227245385580915), np.float64(41.20690011991324), np.float64(41.20690011991324), np.float64(41.204822672730984), np.float64(41.204822672730984), np.float64(41.20241408470811), np.float64(41.200839664603926), np.float64(41.18060040979471)]
HOF ITEM
41.18060040979471
0.30836535448827074,0.9812701698135935,-2.240913529388685,-2.8715863987390557,1.0877582734082738,1.2430393710906849,0.8044781391678332,2.928842747166848,3.4848465818131733,1.905073457058414,1.9838262673507077,-2.907815859808757,1.9512370472169707,1.4376344686610736,-4.442766983258509
HOF ITEM
41.200711794465214
0.30836535448827074,0.9812701698135935,-2.240913529388685,-2.8715863987390557,1.0877582734082738,1.1290003535016078,0.8044781391678332,2.9997370542569297,3.4848465818131733,1.905073457058414,1.9838262673507077,-2.907815859808757,1.9512370472169707,1.4189660351808344,-4.371267338993
HOF ITEM
41.200839664603926
0.30836535448827074,0.9812701698135935,-2.240913529388685,-2.8715863987390557,1.0877582734082738,1.1290003535016078,0.8044781391678332,2.9997370542569297,3.4848465818131733,1.905073457058414,1.9838262673507077,-2.907815859808757,1.9512370472169707,1.4376344686610736,-4.442766983258509
HOF ITEM
41.20241408470811
0.30836535448827074,0.9812701698135935,-2.240913529388685,-2.8715863987390557,1.0877582734082738,1.1290003535016078,0.8044781391678332,2.9997370542569297,3.4848465818131733,1.905073457058414,1.9838262673507077,-2.907815859808757,2.0454082615770193,1.4189660351808344,-4.371267338993
HOF ITEM
41.204170551470405
0.30836535448827074,0.9812701698135935,-2.240913529388685,-2.8715863987390557,1.0877582734082738,1.2430393710906849,0.8044781391678332,2.9997370542569297,3.4848465818131733,1.905073457058414,1.9838262673507077,-3.0489447094891093,1.9512370472169707,1.4031135435896283,-4.442766983258509
seed 979
Initial fitness values: [np.float64(49.61932148795021), np.float64(47.3761210136596), np.float64(47.02259297345942), np.float64(45.695311210724576), np.float64(44.67806668611225), np.float64(43.62176208677749), np.float64(43.077166735950144), np.float64(42.68327827435399), np.float64(42.16212931280987), np.float64(41.63567381640225)]
Final fitness values: [np.float64(38.91894546349148), np.float64(38.91880595858702), np.float64(38.9188054588496), np.float64(38.9188054588496), np.float64(38.9188054588496), np.float64(38.9188054588496), np.float64(38.9188054588496), np.float64(38.9188054588496), np.float64(38.9188054588496), np.float64(38.9188054588496)]
HOF ITEM
38.9188054588496
-6.493605870979374,1.5744714704817815,4.586380889335216,-5.630720846932725,5.670425273491411,5.891840305539951,-7.0,1.6730463314771313,-3.4620717836684984,-1.098319246359387,0.08698256292070038,4.0563189815482765,-5.42889697960143,1.8993576464692,-1.6904179992990203
HOF ITEM
38.91880595858702
-6.493605870979374,1.5744714704817815,4.586380889335216,-5.630720846932725,5.670425273491411,5.891840305539951,-7.0,1.6730463314771313,-3.3708420586984422,-1.098319246359387,0.08698256292070038,4.0563189815482765,-5.42889697960143,1.8993576464692,-1.6904179992990203
HOF ITEM
38.918944239007175
-6.493605870979374,1.5744714704817815,4.586380889335216,-5.652134844327417,5.670425273491411,5.891840305539951,-7.0,1.491661699503578,-3.4620717836684984,-1.098319246359387,0.08698256292070038,4.0563189815482765,-5.42889697960143,1.8993576464692,-1.6904179992990203
HOF ITEM
38.91894546349148
-6.493605870979374,1.5744714704817815,4.586380889335216,-5.630720846932725,5.670425273491411,5.891840305539951,-7.0,1.491661699503578,-3.4620717836684984,-1.098319246359387,0.08698256292070038,4.0563189815482765,-5.42889697960143,1.8993576464692,-1.6904179992990203
HOF ITEM
38.91894553019556
-6.493605870979374,1.5744714704817815,4.586380889335216,-5.630720846932725,5.670425273491411,5.891840305539951,-7.0,1.491661699503578,-3.3708420586984422,-1.098319246359387,0.08698256292070038,4.0563189815482765,-5.42889697960143,1.8993576464692,-1.6904179992990203
best parameter set
fitness 38.87089432748286 seed 979
-6.4926185481214,1.5772697378350722,4.5859671899248875,-5.630485202897012,5.6667459277243655,5.888547061126312,-6.9999654181353375,1.4918024535181926,-3.4624494622099964,-1.100787523128008,0.07852986746767997,4.0540614118473295,-5.429290313624804,1.8992576117594286,-1.6909125376048004
