seeds are [90 91 92 93 94 95 96 97 98 99]
seed 90
Initial fitness values: [np.float64(50.106734475505775), np.float64(49.29993818521567), np.float64(48.108161465192595), np.float64(48.108161465192595), np.float64(46.7711869156517), np.float64(44.810055748591544), np.float64(43.377111072697424), np.float64(43.377111072697424), np.float64(42.99705880072671), np.float64(42.945718115651786)]
Final fitness values: [np.float64(40.486175506138636), np.float64(40.48617529491097), np.float64(40.47639258703504), np.float64(40.47639258703504), np.float64(40.47639232287241), np.float64(40.47059820025541), np.float64(40.47059820025541), np.float64(40.470598037391255), np.float64(40.470598037391255), np.float64(40.47059803733444)]
HOF ITEM
40.47059803733444
-5.220890912390525,1.9954496054529263,2.711143709570394,-6.39722044950985,4.627216171227302,4.110197621945723,0.4539857046339873,1.1346218520564177,3.45484577902506,-6.286849210408957,2.0015577614298627,4.110977995678829,-3.9868655829506827,1.226001553662896,-6.59189495443996
HOF ITEM
40.470598037391255
-5.220890912390525,1.9954496054529263,2.711143709570394,-6.39722044950985,4.627216171227302,4.110197621945723,0.5762237496913221,1.1346218520564177,3.45484577902506,-6.286849210408957,2.0015577614298627,4.110977995678829,-3.9868655829506827,1.226001553662896,-6.59189495443996
HOF ITEM
40.47059803751189
-5.220890912390525,1.9954496054529263,2.711143709570394,-6.39722044950985,4.627216171227302,4.110197621945723,0.5762237496913221,1.3359792244931465,3.686196588777933,-6.286849210408957,2.0015577614298627,4.110977995678829,-3.9868655829506827,1.226001553662896,-6.59189495443996
HOF ITEM
40.47059803751197
-5.220890912390525,1.9954496054529263,2.711143709570394,-6.39722044950985,4.627216171227302,4.110197621945723,0.5762237496913221,1.3359792244931465,3.6697556528062534,-6.286849210408957,2.0015577614298627,4.110977995678829,-3.9868655829506827,1.226001553662896,-6.59189495443996
HOF ITEM
40.47059820002987
-5.220890912390525,1.9954496054529263,2.711143709570394,-6.39722044950985,4.627216171227302,4.110197621945723,0.4539857046339873,1.1346218520564177,3.686196588777933,-6.3954437578003285,2.0015577614298627,4.110977995678829,-3.9868655829506827,1.226001553662896,-6.59189495443996
seed 91
Initial fitness values: [np.float64(49.532385945626785), np.float64(45.433647399566674), np.float64(45.378385584500606), np.float64(44.54747611945594), np.float64(43.27008635636793), np.float64(42.19848571450695), np.float64(42.19848571450695), np.float64(42.19848571450695), np.float64(41.76552650568455), np.float64(41.76552650568455)]
Final fitness values: [np.float64(40.738839349931425), np.float64(40.738839349931425), np.float64(40.738839349931425), np.float64(40.738208609009774), np.float64(40.738208609009774), np.float64(40.738208609009774), np.float64(40.738208609009774), np.float64(40.738208609009774), np.float64(40.738208609009774), np.float64(40.738208609009774)]
HOF ITEM
40.738208609009774
-2.8947366261134446,1.5799146668699078,-5.964308756784884,4.500810433173147,6.8571234957073,4.210616713948424,-1.5915856147520209,3.0,2.027322186226216,-0.13269753507433185,1.629362902189155,-0.4294544775643127,3.8482274624816855,2.678406152185411,-4.183569525072042
HOF ITEM
40.738208609009774
-2.8947366261134446,1.5799146668699078,-5.964308756784884,4.500810433173147,6.8571234957073,4.210616713948424,-1.5915856147520209,3.0,2.027322186226216,-0.13269753507433185,1.629362902189155,-0.4294544775643127,3.5026165054160225,3.0,-4.480065916099978
HOF ITEM
40.738208609009774
-2.8947366261134446,1.5799146668699078,-5.964308756784884,4.500810433173147,6.8571234957073,4.210616713948424,-1.5915856147520209,3.0,2.027322186226216,-0.13269753507433185,1.629362902189155,-0.4294544775643127,3.8482274624816855,2.678406152185411,-4.327123277416019
HOF ITEM
40.738208609009774
-2.8947366261134446,1.5799146668699078,-5.964308756784884,4.500810433173147,6.8571234957073,4.210616713948424,-1.5915856147520209,3.0,2.027322186226216,-0.13269753507433185,1.629362902189155,-0.4294544775643127,3.8482274624816855,3.0,-4.327123277416019
HOF ITEM
40.738208609009774
-2.8947366261134446,1.5799146668699078,-5.964308756784884,4.500810433173147,6.8571234957073,4.210616713948424,-1.5915856147520209,3.0,2.027322186226216,-0.13269753507433185,1.629362902189155,-0.4294544775643127,3.8482274624816855,2.678406152185411,-4.480065916099978
seed 92
Initial fitness values: [np.float64(49.77181788601389), np.float64(48.1684773145251), np.float64(48.1684773145251), np.float64(44.0146497546341), np.float64(43.32949580320772), np.float64(43.298439699913324), np.float64(43.1684195250431), np.float64(42.70090314080945), np.float64(42.44820001301356), np.float64(42.26208081601811)]
Final fitness values: [np.float64(39.28934138550296), np.float64(39.28860258067829), np.float64(39.28860258067829), np.float64(39.28860258067829), np.float64(39.286135939296194), np.float64(39.286135939296194), np.float64(39.286135939296194), np.float64(39.286135939296194), np.float64(39.286135939296194), np.float64(39.286135939296194)]
HOF ITEM
39.286135939296194
0.13638116031316022,1.043023746758026,3.4266416722977824,-1.8975408555089812,-6.125125310923648,-3.3306735124208564,3.827727803969523,2.511243651268288,3.156834584512411,0.6981941499434655,3.0,-0.5145671057902129,0.9133538025994566,1.193385848370907,6.714820101984952
HOF ITEM
39.286135939296194
0.13638116031316022,1.043023746758026,3.4266416722977824,-1.8975408555089812,-6.125125310923648,-3.3306735124208564,3.827727803969523,2.5482799662424527,3.156834584512411,0.6981941499434655,3.0,-0.5145671057902129,0.9133538025994566,1.193385848370907,6.714820101984952
HOF ITEM
39.286135939296194
0.13638116031316022,1.043023746758026,3.4266416722977824,-1.8975408555089812,-6.125125310923648,-3.3306735124208564,3.7338850696212886,2.5482799662424527,3.156834584512411,0.6981941499434655,3.0,-0.5145671057902129,0.9133538025994566,1.193385848370907,6.714820101984952
HOF ITEM
39.286135939296194
0.13638116031316022,1.043023746758026,3.4266416722977824,-1.8975408555089812,-6.125125310923648,-3.3306735124208564,3.7338850696212886,2.511243651268288,3.156834584512411,0.6981941499434655,3.0,-0.5145671057902129,0.9133538025994566,1.193385848370907,6.714820101984952
HOF ITEM
39.288050119922154
0.13638116031316022,1.043023746758026,3.8777635273102664,-1.7758165760952382,-6.125125310923648,-3.3306735124208564,3.6439655664528785,2.511243651268288,2.8870974387291177,0.6981941499434655,3.0,-0.5145671057902129,0.9133538025994566,1.193385848370907,6.714820101984952
seed 93
Initial fitness values: [np.float64(48.6201683867405), np.float64(48.6201683867405), np.float64(47.75727477071067), np.float64(47.6456752988791), np.float64(47.49100318239962), np.float64(46.881235921064395), np.float64(46.282877819182666), np.float64(46.10400644343219), np.float64(45.20972039045774), np.float64(45.20972039045774)]
Final fitness values: [np.float64(44.27150543669115), np.float64(44.27150537115639), np.float64(44.27150535487636), np.float64(44.27150535487636), np.float64(44.27150535487636), np.float64(44.27150535487636), np.float64(44.27150535487636), np.float64(44.27150535487636), np.float64(44.27150535487636), np.float64(44.27150535487636)]
HOF ITEM
44.27150535487636
-0.4974686222783786,0.6889164338061698,6.267446733735215,3.9090535102919874,0.22184454854038496,2.29770634631952,4.511607129754207,2.130795397705534,5.280284558014757,0.8964013691831616,0.31649611422246815,-5.5855323265858665,-4.065731024577667,2.483615038919872,2.1861101112523005
HOF ITEM
44.27150535487636
-0.4974686222783786,0.6889164338061698,6.267446733735215,3.9090535102919874,0.22184454854038496,2.29770634631952,4.8283048429486985,2.130795397705534,5.446099907752658,0.8964013691831616,0.31649611422246815,-5.5855323265858665,-4.065731024577667,2.483615038919872,2.1861101112523005
HOF ITEM
44.27150535487636
-0.4974686222783786,0.6889164338061698,6.267446733735215,3.9090535102919874,0.22184454854038496,2.29770634631952,4.8283048429486985,2.504178507754623,5.407531253768184,0.8964013691831616,0.31649611422246815,-5.5855323265858665,-4.065731024577667,2.483615038919872,2.1861101112523005
HOF ITEM
44.27150535487636
-0.4974686222783786,0.6889164338061698,6.267446733735215,3.9090535102919874,0.22184454854038496,2.29770634631952,4.511607129754207,2.130795397705534,5.446099907752658,0.8964013691831616,0.31649611422246815,-5.5855323265858665,-4.065731024577667,2.483615038919872,2.1861101112523005
HOF ITEM
44.27150535487636
-0.4974686222783786,0.6889164338061698,6.267446733735215,3.9090535102919874,0.22184454854038496,2.29770634631952,4.8283048429486985,2.504178507754623,5.446099907752658,0.8964013691831616,0.31649611422246815,-5.5855323265858665,-4.065731024577667,2.483615038919872,2.1861101112523005
seed 94
Initial fitness values: [np.float64(46.013441223665254), np.float64(45.62290810001341), np.float64(44.917012393091596), np.float64(44.70254889116839), np.float64(44.24688656992332), np.float64(44.12785124541359), np.float64(43.71152216819449), np.float64(43.528557597327), np.float64(43.51893373101089), np.float64(43.455021237598395)]
Final fitness values: [np.float64(39.80835166441371), np.float64(39.808296833978886), np.float64(39.63067243604518), np.float64(39.58126729435522), np.float64(39.58126729435522), np.float64(39.286815846745675), np.float64(38.76351010396629), np.float64(38.76351010396629), np.float64(38.76351010396629), np.float64(38.76351010396629)]
HOF ITEM
38.76351010396629
2.6945235715996247,-0.020128357990322948,-0.516309085942363,-1.8784615044967052,0.9121505532078134,4.045400220366773,-4.035897333317922,2.139211810599228,-4.9469044159990805,1.2265224113231734,3.0,-1.4685514689343313,6.073067046739539,0.1890607155169787,2.576527377620964
HOF ITEM
38.76456042187914
2.6945235715996247,-0.020128357990322948,-0.516309085942363,-1.8784615044967052,0.9121505532078134,4.045400220366773,-4.035897333317922,2.139211810599228,-4.861460116649499,1.2265224113231734,3.0,-1.4685514689343313,6.073067046739539,0.1890607155169787,2.576527377620964
HOF ITEM
38.76608020592737
2.6945235715996247,-0.020128357990322948,-0.516309085942363,-1.8784615044967052,0.9121505532078134,4.045400220366773,-4.035897333317922,2.139211810599228,-4.790076943066391,1.2265224113231734,3.0,-1.4685514689343313,6.0539467279539005,0.24497669884280762,2.576527377620964
HOF ITEM
38.76608426940769
2.6945235715996247,-0.020128357990322948,-0.516309085942363,-1.8784615044967052,0.9121505532078134,4.045400220366773,-4.035897333317922,2.139211810599228,-4.9469044159990805,1.2265224113231734,3.0,-1.4685514689343313,6.073067046739539,0.511185122830713,2.606657809257413
HOF ITEM
38.78740683784355
2.6774054321356955,-0.028028581617608843,-0.30527736083584744,-1.8457760578624152,0.8797422025290016,3.6514983362522964,-4.34742966887989,2.139211810599228,-4.5391161367441635,1.2265224113231734,3.0,-1.352252581007615,5.8897558703029675,0.511185122830713,2.606657809257413
seed 95
Initial fitness values: [np.float64(48.712765198737934), np.float64(48.712765198737934), np.float64(48.248552212817096), np.float64(47.32064741222615), np.float64(45.63315559490168), np.float64(45.4878718504393), np.float64(44.36943547055744), np.float64(42.777099766749636), np.float64(42.777099766749636), np.float64(42.13330834168677)]
Final fitness values: [np.float64(41.338951089294355), np.float64(41.338951089294355), np.float64(41.338951089294355), np.float64(41.338951089294355), np.float64(41.338951089294355), np.float64(41.338951089294355), np.float64(41.338951089294355), np.float64(41.338951089294355), np.float64(41.338951089294355), np.float64(41.338951089294355)]
HOF ITEM
41.338951089294355
0.963611470088946,0.7157639530276714,5.143516018856259,-1.193782521368797,-2.207992476884493,-1.609722263989016,2.2879323267517404,1.2046781096077075,3.979566646120987,1.0106462164972654,2.9675530766074067,-0.6289844442394361,7.0,2.5508110722102586,-2.1667546218497447
HOF ITEM
41.338951089294355
0.963611470088946,0.7157639530276714,5.143516018856259,-1.193782521368797,-2.207992476884493,-1.609722263989016,2.2879323267517404,1.2046781096077075,3.979566646120987,1.0106462164972654,2.9675530766074067,-0.6289844442394361,6.8477336018727355,2.5508110722102586,-2.6803971768194117
HOF ITEM
41.338951089294355
0.963611470088946,0.7157639530276714,5.143516018856259,-1.193782521368797,-2.207992476884493,-1.609722263989016,2.2879323267517404,1.2046781096077075,3.979566646120987,1.0106462164972654,2.9675530766074067,-0.6289844442394361,7.0,2.5508110722102586,-2.6803971768194117
HOF ITEM
41.338951089294355
0.963611470088946,0.7157639530276714,5.143516018856259,-1.193782521368797,-2.207992476884493,-1.609722263989016,2.2879323267517404,1.2046781096077075,3.979566646120987,1.0106462164972654,2.9675530766074067,-0.6289844442394361,6.8477336018727355,2.5508110722102586,-2.4399421471584106
HOF ITEM
41.338951089294355
0.963611470088946,0.7157639530276714,5.143516018856259,-1.193782521368797,-2.207992476884493,-1.609722263989016,2.2879323267517404,1.2046781096077075,3.979566646120987,1.0106462164972654,2.9675530766074067,-0.6289844442394361,7.0,2.5508110722102586,-2.4399421471584106
seed 96
Initial fitness values: [np.float64(52.991455131223525), np.float64(45.35881168828844), np.float64(45.35881168828844), np.float64(45.35881168828844), np.float64(44.41707464553441), np.float64(44.41707464553441), np.float64(43.82894321500649), np.float64(43.324850984275926), np.float64(42.64062622574338), np.float64(42.016329248533125)]
Final fitness values: [np.float64(38.709230554763764), np.float64(38.709230554763764), np.float64(38.709230554763764), np.float64(38.709230554763764), np.float64(38.709230554763764), np.float64(38.709230554763764), np.float64(38.709230554763764), np.float64(38.709230554763764), np.float64(38.709230554763764), np.float64(38.709230554763764)]
HOF ITEM
38.709230554763764
-5.746854512796833,1.6003496388223535,5.644513723773047,-6.294069143769983,-0.183220381574287,-1.2207651020731374,-0.034635467371092674,2.7321870951275784,6.945219783481761,-4.600365150558383,2.0541333243703916,-1.3429565572990927,3.2193850455647537,0.0,5.7555018585713
HOF ITEM
38.709230554763764
-5.746854512796833,1.6003496388223535,5.644513723773047,-6.294069143769983,-0.183220381574287,-1.2207651020731374,-0.034635467371092674,3.0,7.0,-4.600365150558383,2.0541333243703916,-1.3429565572990927,3.2193850455647537,0.0,5.7555018585713
HOF ITEM
38.709230554763764
-5.746854512796833,1.6003496388223535,5.644513723773047,-6.294069143769983,-0.183220381574287,-1.2207651020731374,-0.034635467371092674,2.7321870951275784,7.0,-4.600365150558383,2.0541333243703916,-1.3429565572990927,3.2193850455647537,0.0,5.7555018585713
HOF ITEM
38.709230554763764
-5.746854512796833,1.6003496388223535,5.644513723773047,-6.294069143769983,-0.183220381574287,-1.2207651020731374,-0.034635467371092674,3.0,6.8124527065311815,-4.600365150558383,2.0541333243703916,-1.3429565572990927,3.2193850455647537,0.0,5.7555018585713
HOF ITEM
38.709230554763764
-5.746854512796833,1.6003496388223535,5.644513723773047,-6.294069143769983,-0.183220381574287,-1.2207651020731374,-0.034635467371092674,3.0,6.945219783481761,-4.600365150558383,2.0541333243703916,-1.3429565572990927,3.2193850455647537,0.0,5.7555018585713
seed 97
Initial fitness values: [np.float64(51.745261893933424), np.float64(50.58056284622838), np.float64(46.69957810915295), np.float64(45.65575897002001), np.float64(44.83370062490616), np.float64(44.43071554442422), np.float64(43.77449220790319), np.float64(43.77449220790319), np.float64(42.07746910995581), np.float64(42.07746910995581)]
Final fitness values: [np.float64(38.9730068232029), np.float64(38.9730068232029), np.float64(38.97288127450785), np.float64(38.97288127450785), np.float64(38.97271034771551), np.float64(38.97271034771551), np.float64(38.97271034771551), np.float64(38.972423802135566), np.float64(38.972423802135566), np.float64(38.972423802135566)]
HOF ITEM
38.972423802135566
-2.25862320956268,1.536602322711016,0.30555813372146307,0.8228622547301305,-2.6727200049648365,1.3759095903602832,2.094954534109722,1.213507550551086,1.2029200375799607,1.6499712371918964,0.316467935986445,2.00939048294852,-1.3229512899229745,2.7453457814722095,-4.828862374246563
HOF ITEM
38.97271034771551
-2.25862320956268,1.536602322711016,0.30555813372146307,0.8228622547301305,-2.6727200049648365,1.3759095903602832,1.9038712702421683,1.3615985496306875,1.2029200375799607,1.6499712371918964,0.316467935986445,2.00939048294852,-1.3229512899229745,2.7453457814722095,-4.828862374246563
HOF ITEM
38.97288127450785
-2.25862320956268,1.536602322711016,0.30555813372146307,0.8228622547301305,-2.6727200049648365,1.3759095903602832,2.094954534109722,1.3615985496306875,1.2029200375799607,1.6499712371918964,0.316467935986445,2.00939048294852,-1.3229512899229745,2.7453457814722095,-4.828862374246563
HOF ITEM
38.9730068232029
-2.25862320956268,1.536602322711016,0.30555813372146307,0.8228622547301305,-2.6727200049648365,1.3759095903602832,1.9038712702421683,1.59238233602026,1.2029200375799607,1.6499712371918964,0.316467935986445,2.00939048294852,-1.3229512899229745,2.7453457814722095,-4.828862374246563
HOF ITEM
38.97302433359599
-2.25862320956268,1.536602322711016,0.30555813372146307,0.8228622547301305,-2.6727200049648365,1.3759095903602832,2.094954534109722,1.59238233602026,1.2029200375799607,1.6499712371918964,0.316467935986445,2.00939048294852,-1.3229512899229745,2.7453457814722095,-4.828862374246563
seed 98
Initial fitness values: [np.float64(51.96040622162249), np.float64(48.824514699836826), np.float64(48.064313619465025), np.float64(48.064313619465025), np.float64(47.96114615204086), np.float64(47.83572423339635), np.float64(47.83572423339635), np.float64(47.82378584575842), np.float64(47.82378584575842), np.float64(47.782347906160695)]
Final fitness values: [np.float64(40.860375485883665), np.float64(40.860375485883665), np.float64(40.860375485883665), np.float64(40.859655283791845), np.float64(40.859655283791845), np.float64(40.859655283791845), np.float64(40.859655283791845), np.float64(40.85959239252078), np.float64(40.85959239252078), np.float64(40.85959239252078)]
HOF ITEM
40.85959239252078
-4.917130433802004,1.624742124046392,-1.732012286833764,-5.453418769432837,3.333069338717577,3.141177294183304,2.518291108882939,1.7974933300144473,-2.1453838194764008,-4.04396045723223,2.2636354171992026,-4.553209494431343,-0.5610279141914113,2.432375203051379,-0.8303580540023372
HOF ITEM
40.85959239252078
-4.917130433802004,1.624742124046392,-1.732012286833764,-5.453418769432837,3.333069338717577,3.141177294183304,2.518291108882939,1.9061930765218835,-2.024642870051996,-4.04396045723223,2.2636354171992026,-4.553209494431343,-0.5610279141914113,2.416346807724868,-0.8109862743022576
HOF ITEM
40.85959239252078
-4.917130433802004,1.624742124046392,-1.732012286833764,-5.453418769432837,3.333069338717577,3.141177294183304,2.518291108882939,1.7974933300144473,-2.1453838194764008,-4.04396045723223,2.2636354171992026,-4.553209494431343,-0.6728941092578571,2.416346807724868,-0.8109862743022576
HOF ITEM
40.85959239252078
-4.917130433802004,1.624742124046392,-1.732012286833764,-5.453418769432837,3.333069338717577,3.141177294183304,2.518291108882939,1.7974933300144473,-2.1453838194764008,-4.04396045723223,2.2636354171992026,-4.553209494431343,-0.5610279141914113,2.416346807724868,-0.8109862743022576
HOF ITEM
40.85959239252078
-4.917130433802004,1.624742124046392,-1.732012286833764,-5.453418769432837,3.333069338717577,3.141177294183304,2.518291108882939,1.7974933300144473,-2.1453838194764008,-4.04396045723223,2.2636354171992026,-4.553209494431343,-0.5610279141914113,2.416346807724868,-0.7642860267180258
seed 99
Initial fitness values: [np.float64(49.611513369942784), np.float64(48.82643471094629), np.float64(48.37967449084294), np.float64(47.026660271220116), np.float64(46.38515752541308), np.float64(45.80184285528866), np.float64(44.91090488889209), np.float64(43.1473983375523), np.float64(42.36088383714644), np.float64(42.36088383714644)]
Final fitness values: [np.float64(40.77845775135084), np.float64(40.77845775135084), np.float64(40.77279424513726), np.float64(40.77279424513726), np.float64(40.77279424513726), np.float64(40.772794245137185), np.float64(40.772794245137185), np.float64(40.772794245137185), np.float64(40.772794245137185), np.float64(40.772794245137185)]
HOF ITEM
40.772794245137185
1.3384003414455414,0.5224735928538722,-7.0,5.321028363454441,6.835836394430908,-3.5385423080786893,1.1293426970634912,2.6311138200507407,2.197105593920818,2.804726124623335,0.0,1.808221418707561,4.610540801587988,1.8371948305676138,-7.0
HOF ITEM
40.77279424513726
1.3384003414455414,0.5224735928538722,-7.0,5.321028363454441,6.835836394430908,-3.5385423080786893,1.1293426970634912,2.6311138200507407,2.197105593920818,2.804726124623335,0.0,1.808221418707561,4.610540801587988,1.8371948305676138,-6.897202368911008
HOF ITEM
40.772794245709996
1.3384003414455414,0.5224735928538722,-7.0,5.321028363454441,6.835836394430908,-3.5385423080786893,1.1293426970634912,2.6311138200507407,2.197105593920818,2.804726124623335,0.0,1.808221418707561,4.911663732800969,1.8371948305676138,-7.0
HOF ITEM
40.77279424571004
1.3384003414455414,0.5224735928538722,-7.0,5.321028363454441,6.835836394430908,-3.5385423080786893,1.1293426970634912,2.6311138200507407,2.197105593920818,2.804726124623335,0.0,1.808221418707561,4.911663732800969,1.8371948305676138,-6.897202368911008
HOF ITEM
40.77845775071414
1.3384003414455414,0.5224735928538722,-7.0,5.321028363454441,6.835836394430908,-3.6462548465164106,1.1293426970634912,2.6311138200507407,2.197105593920818,2.804726124623335,0.0,1.808221418707561,4.610540801587988,1.8371948305676138,-6.897202368911008
best parameter set
fitness 38.15784154138064 seed 94
2.689566938500275,-0.04118120213072626,-0.513707928018524,-1.8747481717948595,0.9061765863248074,4.045328005727085,-4.031743547448181,2.1396282214631586,-4.861485601065313,1.2119421634604062,2.99999708358102,-1.472277319973571,6.073079008001314,0.18897833842432105,2.576486161004177
