seeds are [230 231 232 233 234 235 236 237 238 239]
seed 230
Initial fitness values: [np.float64(28.178666457792676), np.float64(26.854801141713867), np.float64(26.507508563680457), np.float64(25.120515008524052), np.float64(25.120515008524052), np.float64(24.76677466856191), np.float64(24.315450745288754), np.float64(24.315450745288754), np.float64(24.315450745288754), np.float64(24.30082047612284)]
Final fitness values: [np.float64(23.969768169137925), np.float64(23.969768169137925), np.float64(23.961554802732234), np.float64(23.955890468265792), np.float64(23.951912273726435), np.float64(23.951912273726435), np.float64(23.936835868817), np.float64(23.936835692822058), np.float64(23.928229282248907), np.float64(23.928229282248907)]
HOF ITEM
23.928229282248907
1.3387376037393242,0.8408958878483878,-1.39704509758444,0.790722511340847,-4.98565804384009,4.17204368534759,3.343978252008228,1.8830359250547581,3.699963427431306,1.4435917152322892,1.8378204698187317,-2.183604257317145,-4.5333194304160855,2.189435065194848,-6.3717677091824845
HOF ITEM
23.934093256621395
1.2187906762492005,0.863006480904958,-1.3649827278156026,1.843515793566293,-4.98565804384009,4.17204368534759,3.7675184078901287,1.8830359250547581,3.5854884047130016,1.4435917152322892,1.6259467138629906,-2.476972762770806,-4.186647816506738,2.2196357254461927,-6.753491925953318
HOF ITEM
23.93492191228246
1.2187906762492005,0.863006480904958,-1.3649827278156026,1.843515793566293,-5.050256602628461,4.17204368534759,3.275086643323502,1.8830359250547581,3.8738705832104126,1.4435917152322892,1.6259467138629906,-2.476972762770806,-4.186647816506738,2.2196357254461927,-6.753491925953318
HOF ITEM
23.936835692822058
1.2187906762492005,0.863006480904958,-1.3649827278156026,1.843515793566293,-5.050256602628461,4.293449838922833,3.0772495778496802,1.8830359250547581,3.8738705832104126,1.4435917152322892,1.6259467138629906,-2.476972762770806,-4.467833589475035,2.189435065194848,-6.753491925953318
HOF ITEM
23.936835868817
1.2187906762492005,0.863006480904958,-1.3649827278156026,1.843515793566293,-5.050256602628461,4.293449838922833,3.0772495778496802,1.8830359250547581,3.8738705832104126,1.4435917152322892,1.6259467138629906,-2.476972762770806,-4.186647816506738,2.2196357254461927,-6.753491925953318
seed 231
Initial fitness values: [np.float64(25.713291299995632), np.float64(25.699343523674415), np.float64(25.01445007652889), np.float64(24.59268071395791), np.float64(22.416231674283438), np.float64(22.416231674283438), np.float64(21.446031120535768), np.float64(21.145834034497906), np.float64(21.145834034497906), np.float64(21.06535519002967)]
Final fitness values: [np.float64(19.25577972749407), np.float64(19.25577972749407), np.float64(19.25577972749407), np.float64(19.25577972749407), np.float64(19.25577972749407), np.float64(19.25577972749407), np.float64(19.25577972749407), np.float64(19.25577972749407), np.float64(19.25577972749407), np.float64(19.25577972749407)]
HOF ITEM
19.25577972749407
4.228535129458259,-0.8009549464827473,-2.685686681450861,-3.7794594973039106,-4.0669129425062,-6.491322115901641,-0.8197894715425279,2.3268923090345153,-1.479031855041035,-0.07048258894845721,0.7087611285556094,-3.0082409844446705,0.09673522665437317,3.0,0.5804931110314616
HOF ITEM
19.257117601975413
4.228535129458259,-0.8009549464827473,-2.835755172638532,-3.7794594973039106,-4.0669129425062,-6.491322115901641,-0.8197894715425279,2.3268923090345153,-1.479031855041035,-0.07048258894845721,0.7087611285556094,-3.0082409844446705,0.09673522665437317,3.0,0.5804931110314616
HOF ITEM
19.257727434024087
4.228535129458259,-0.8009549464827473,-2.685686681450861,-3.7794594973039106,-4.0669129425062,-6.491322115901641,-0.8197894715425279,2.2597594091024003,-1.479031855041035,-0.07048258894845721,0.7087611285556094,-3.0082409844446705,0.09673522665437317,3.0,0.5804931110314616
HOF ITEM
19.263053361100788
4.228535129458259,-0.8009549464827473,-2.835755172638532,-3.9631749320565843,-4.0669129425062,-6.491322115901641,-0.8197894715425279,2.3268923090345153,-1.479031855041035,-0.07048258894845721,0.7087611285556094,-3.0082409844446705,0.09673522665437317,3.0,0.5804931110314616
HOF ITEM
19.264932024480487
4.228535129458259,-0.8009549464827473,-2.835755172638532,-3.9631749320565843,-4.0669129425062,-6.491322115901641,-0.8197894715425279,2.2597594091024003,-1.479031855041035,-0.07048258894845721,0.7087611285556094,-3.0082409844446705,0.09673522665437317,3.0,0.5804931110314616
seed 232
Initial fitness values: [np.float64(24.8757737706233), np.float64(24.33936232020653), np.float64(24.22561177422188), np.float64(23.92130859573192), np.float64(23.81154026202254), np.float64(23.724987444732946), np.float64(23.603750818860156), np.float64(23.44105582856208), np.float64(23.434550861591077), np.float64(23.20109295932318)]
Final fitness values: [np.float64(21.96013691367594), np.float64(21.951875448804337), np.float64(21.951875448804337), np.float64(21.951875448804337), np.float64(21.951875448804337), np.float64(21.950836454384017), np.float64(21.950836454384017), np.float64(21.93977113406039), np.float64(21.89352900215024), np.float64(21.89352900215024)]
HOF ITEM
21.89352900215024
3.8504516206486805,-0.19180963277532764,-3.2002861648506284,-3.4664804838459538,-1.3148830190710425,5.3721488863759,2.4316681798766577,0.436094697189237,-2.7328455714832014,1.4840571676750633,3.0,-1.7717129875993791,2.131658470880272,0.052839672307145376,6.441052974742385
HOF ITEM
21.93977113406039
4.260823521477624,-0.33908716729899074,-3.315747104024241,-3.4700157584123446,-1.3148830190710425,5.3721488863759,2.2770938190156342,0.9977213606151828,-2.7328455714832014,1.4840571676750633,3.0,-1.7717129875993791,2.232528411000523,0.0,6.599501837777867
HOF ITEM
21.939863198310064
4.260823521477624,-0.33908716729899074,-3.315747104024241,-3.4700157584123446,-1.3148830190710425,5.3721488863759,2.2770938190156342,0.9977213606151828,-2.7328455714832014,1.4840571676750633,3.0,-1.7717129875993791,2.232528411000523,0.0,6.3530296726100834
HOF ITEM
21.944563174606245
4.260823521477624,-0.33908716729899074,-3.2002861648506284,-3.6817496892541537,-1.3148830190710425,5.875455460518386,2.2770938190156342,0.9977213606151828,-2.7328455714832014,1.4840571676750633,3.0,-1.7717129875993791,2.232528411000523,0.0,6.3530296726100834
HOF ITEM
21.94693538519687
4.260823521477624,-0.33908716729899074,-3.315747104024241,-3.4700157584123446,-1.3148830190710425,5.875455460518386,2.4316681798766577,0.7812428368988347,-2.7328455714832014,1.4840571676750633,3.0,-1.7717129875993791,2.232528411000523,0.0,6.3530296726100834
seed 233
Initial fitness values: [np.float64(25.354609312906177), np.float64(25.354609312906177), np.float64(24.49704246806339), np.float64(23.37811489276958), np.float64(23.37811489276958), np.float64(23.286205896924592), np.float64(23.115118699722313), np.float64(22.866569056744815), np.float64(22.660603718985445), np.float64(22.53733734861336)]
Final fitness values: [np.float64(20.838197447960596), np.float64(20.838197447960596), np.float64(20.838197447960596), np.float64(20.838197447960596), np.float64(20.838197447960596), np.float64(20.838197447960596), np.float64(20.838197447960596), np.float64(20.838197447960596), np.float64(20.83819744796042), np.float64(20.83819744796038)]
HOF ITEM
20.83819744796038
-1.0534261221363517,1.3682713292526771,5.018404229111245,-1.2860521481137646,-3.0502019259288833,1.6172523507764751,3.883806082609562,2.6364555084244867,-1.968495843305207,3.536384418006948,2.5632407591403044,-0.15808455156419032,-0.2183174858728007,2.9526382766264065,-4.136436015906069
HOF ITEM
20.83819744796042
-1.0534261221363517,1.3682713292526771,5.018404229111245,-1.2860521481137646,-3.0502019259288833,1.6172523507764751,4.231743132255355,2.344150693074079,-1.803218238331009,3.7475157638341043,2.206448415411118,-0.17001500804362124,-0.2183174858728007,2.9526382766264065,-4.136436015906069
HOF ITEM
20.838197447960596
-1.0534261221363517,1.3682713292526771,5.018404229111245,-1.2860521481137646,-3.0502019259288833,1.6172523507764751,3.9354763810888396,2.5810345301891986,-1.7400284723725705,3.5807232030400287,2.206448415411118,-0.17001500804362124,-0.2183174858728007,2.9526382766264065,-4.136436015906069
HOF ITEM
20.838197447960596
-1.0534261221363517,1.3682713292526771,5.018404229111245,-1.2860521481137646,-3.0502019259288833,1.6172523507764751,4.007275705899223,2.5810345301891986,-1.8014921243391875,3.5807232030400287,2.206448415411118,-0.17001500804362124,-0.2183174858728007,2.9526382766264065,-4.136436015906069
HOF ITEM
20.838197447960596
-1.0534261221363517,1.3682713292526771,5.018404229111245,-1.2860521481137646,-3.0502019259288833,1.6172523507764751,3.883806082609562,2.4877449216928476,-1.8014921243391875,3.5807232030400287,2.206448415411118,-0.17001500804362124,-0.2183174858728007,2.9526382766264065,-4.136436015906069
seed 234
Initial fitness values: [np.float64(25.32085691437692), np.float64(24.652599368625374), np.float64(24.341471644732998), np.float64(24.341471644732998), np.float64(24.31372294193627), np.float64(24.171425712883465), np.float64(24.103564008575713), np.float64(24.103564008575713), np.float64(24.006091409963428), np.float64(23.885792922071175)]
Final fitness values: [np.float64(23.349353520965394), np.float64(23.349353520965394), np.float64(23.349353520965394), np.float64(23.349353520965394), np.float64(23.349142901071914), np.float64(23.349142901071914), np.float64(23.349142901071914), np.float64(23.349142901071914), np.float64(23.34907805698794), np.float64(23.343012439320585)]
HOF ITEM
23.343012439320585
3.523889768599201,-0.09045310328708979,6.570608353666914,3.8397598630625605,-6.4168633960317525,3.6912214310191778,-3.552680925147181,2.1911846458590256,-3.3134042110248054,1.6911964615889894,1.6829478553563348,-6.60191606475711,2.136397709506346,1.2966943274173497,6.287425613142329
HOF ITEM
23.34778827763432
3.523889768599201,-0.09045310328708979,6.570608353666914,3.8397598630625605,-6.542636065516746,3.424786757200131,-3.633267359274723,2.1911846458590256,-3.474070429503955,1.6911964615889894,1.6829478553563348,-6.787599490862796,1.9404634032744164,1.4114697987427334,6.3754975300383885
HOF ITEM
23.34907805698794
3.523889768599201,-0.09045310328708979,6.570608353666914,3.8397598630625605,-6.726442778155509,3.424786757200131,-3.633267359274723,2.1911846458590256,-3.3134042110248054,1.6911964615889894,1.6829478553563348,-6.787599490862796,2.189929627467793,1.4114697987427334,6.125261224322376
HOF ITEM
23.349142901071914
3.523889768599201,-0.09045310328708979,6.570608353666914,3.8397598630625605,-6.726442778155509,3.424786757200131,-3.633267359274723,2.1911846458590256,-3.3134042110248054,1.6911964615889894,1.6829478553563348,-6.787599490862796,2.0535304068096005,1.4114697987427334,6.1651131590675226
HOF ITEM
23.349353520965394
3.523889768599201,-0.09045310328708979,6.570608353666914,3.8397598630625605,-6.726442778155509,3.660152193532062,-3.633267359274723,2.1911846458590256,-3.3134042110248054,1.6911964615889894,1.6829478553563348,-6.787599490862796,2.0535304068096005,1.4114697987427334,6.1651131590675226
seed 235
Initial fitness values: [np.float64(26.109062137262015), np.float64(24.947026505609696), np.float64(23.502940132039896), np.float64(23.502940132039896), np.float64(22.678166843901497), np.float64(21.79051885420198), np.float64(21.778593693349816), np.float64(21.687457838858656), np.float64(21.153757170541795), np.float64(20.97379662404336)]
Final fitness values: [np.float64(20.29202298872512), np.float64(20.28165284709094), np.float64(20.28165284709094), np.float64(20.275674715422156), np.float64(20.275674715422156), np.float64(20.193986250589436), np.float64(20.193986250589436), np.float64(20.193986250589436), np.float64(20.18428591987869), np.float64(20.18428591987869)]
HOF ITEM
20.18428591987869
-4.374406738030857,1.5970225871384973,-1.9235624577771941,-6.379588503227774,-2.526591647190862,2.735488867984665,-1.2611529925026654,1.4980149993650358,-6.5595135909833475,3.7916317602975003,0.0,4.332510048827422,-3.51919300249624,2.426707607790113,-5.2787148477651735
HOF ITEM
20.193986250589436
-4.374406738030857,1.5970225871384973,-1.9235624577771941,-6.379588503227774,-2.4994823327901856,2.751417809098213,-1.2611529925026654,1.4980149993650358,-6.5595135909833475,3.7916317602975003,0.0,4.332510048827422,-3.51919300249624,2.426707607790113,-5.2787148477651735
HOF ITEM
20.194064427100987
-4.374406738030857,1.5970225871384973,-1.9235624577771941,-6.379588503227774,-2.4994823327901856,2.751417809098213,-1.5550322537522858,2.118494085704858,-6.149453759751117,3.7916317602975003,0.0,4.332510048827422,-3.51919300249624,2.426707607790113,-5.2787148477651735
HOF ITEM
20.1940681741621
-4.374406738030857,1.5970225871384973,-1.9235624577771941,-6.379588503227774,-2.4994823327901856,2.751417809098213,-1.2611529925026654,2.118494085704858,-6.5595135909833475,3.7916317602975003,0.0,4.332510048827422,-3.51919300249624,2.426707607790113,-5.2787148477651735
HOF ITEM
20.21106010797091
-4.374406738030857,1.5970225871384973,-1.9235624577771941,-6.79896519618881,-2.4994823327901856,2.751417809098213,-0.5178356560908306,1.343786498518119,-6.623305225747929,3.7916317602975003,0.0,4.332510048827422,-3.51919300249624,2.426707607790113,-5.2787148477651735
seed 236
Initial fitness values: [np.float64(25.525226264452545), np.float64(25.34085427656654), np.float64(24.74671066875661), np.float64(24.705604582441044), np.float64(23.983371055791956), np.float64(23.872160225889942), np.float64(23.244621157041973), np.float64(21.769167896713142), np.float64(21.769167896713142), np.float64(21.675366976559673)]
Final fitness values: [np.float64(20.104092579631867), np.float64(20.104091880410273), np.float64(20.104091880410273), np.float64(20.104091880410273), np.float64(20.10408865277646), np.float64(20.10408865277646), np.float64(20.10408865277646), np.float64(20.066734088904084), np.float64(20.066734088904084), np.float64(20.066734088904084)]
HOF ITEM
20.066734088904084
-2.1357240386232,1.5237441990319365,4.061386016293835,-0.2505219523999383,-5.345286573866764,-5.724870141329782,0.5867288022132685,0.5825705260102727,-5.714234900636431,2.7840491148771127,0.2502715438085737,3.714369959365353,-0.9556641912367474,2.715571533504888,-0.8034834551769244
HOF ITEM
20.094644690093048
-2.1357240386232,1.5237441990319365,3.890000398249413,-0.35739767386735516,-5.345286573866764,-5.713948342824371,0.5867288022132685,0.5825705260102727,-5.714234900636431,2.7840491148771127,0.2502715438085737,3.714369959365353,-0.9556641912367474,2.715571533504888,-0.8034834551769244
HOF ITEM
20.10408865277646
-2.1357240386232,1.5237441990319365,3.890000398249413,-0.35739767386735516,-5.345286573866764,-5.713948342824371,0.5867288022132685,0.572406630220164,-5.996451326463436,3.1640156378055266,0.16600268545296878,3.714369959365353,-0.9556641912367474,2.715571533504888,-0.8034834551769244
HOF ITEM
20.104091880410273
-2.1357240386232,1.5237441990319365,3.8858028866901093,-0.35739767386735516,-5.345286573866764,-5.713948342824371,0.5867288022132685,0.572406630220164,-5.996451326463436,3.1640156378055266,0.16600268545296878,3.714369959365353,-0.9556641912367474,2.715571533504888,-0.8034834551769244
HOF ITEM
20.104092579631867
-2.1357240386232,1.5237441990319365,3.8858028866901093,-0.35739767386735516,-5.345286573866764,-5.713948342824371,0.5867288022132685,0.572406630220164,-5.78414771704372,3.1640156378055266,0.16600268545296878,3.714369959365353,-0.9556641912367474,2.715571533504888,-0.8034834551769244
seed 237
Initial fitness values: [np.float64(27.673779821988184), np.float64(25.819879426500183), np.float64(24.35087397841825), np.float64(24.053499078299854), np.float64(23.708098239451537), np.float64(23.100159952746086), np.float64(23.03273274732917), np.float64(22.838167563949565), np.float64(22.747715518564544), np.float64(22.424042282817553)]
Final fitness values: [np.float64(21.36123452888955), np.float64(21.36123452888955), np.float64(21.36123452888955), np.float64(21.36123452888955), np.float64(21.36123452888955), np.float64(21.36123452888955), np.float64(21.343606527054973), np.float64(21.343606527054973), np.float64(21.343606527054973), np.float64(21.343606527054973)]
HOF ITEM
21.343606527054973
2.382303247296725,0.09462493474742643,-3.1229595126256444,-1.3640215889480576,7.0,-6.078220278823817,0.7250001432125986,0.9392826805634581,4.922118219867395,0.9600095654641142,2.9650991128830686,-5.99674955964328,3.3771346637694144,2.1596047017581106,5.780894123603778
HOF ITEM
21.35584225377387
2.382303247296725,0.09462493474742643,-3.1229595126256444,-1.3640215889480576,7.0,-6.018626434647005,0.7263527541768862,0.9392826805634581,4.901183115330724,0.9600095654641142,2.9650991128830686,-5.9605119177146015,3.0168259399272244,2.1596047017581106,5.780894123603778
HOF ITEM
21.357063708848354
2.382303247296725,0.09462493474742643,-3.1229595126256444,-1.3640215889480576,7.0,-6.078220278823817,0.7250001432125986,0.9392826805634581,4.901183115330724,0.9600095654641142,2.9650991128830686,-5.99674955964328,3.3771346637694144,2.1596047017581106,5.780894123603778
HOF ITEM
21.36123452888955
2.382303247296725,0.09462493474742643,-3.1229595126256444,-1.3640215889480576,7.0,-6.018626434647005,0.7263527541768862,0.9392826805634581,4.901183115330724,0.9600095654641142,2.9650991128830686,-5.9605119177146015,3.0168259399272244,2.214377864736418,5.780894123603778
HOF ITEM
21.366865788139993
2.382303247296725,0.09462493474742643,-3.1229595126256444,-1.3640215889480576,7.0,-6.018626434647005,0.7263527541768862,0.9392826805634581,4.901183115330724,0.9600095654641142,2.9650991128830686,-5.9605119177146015,3.435386593824426,2.214377864736418,5.780894123603778
seed 238
Initial fitness values: [np.float64(27.19849745544995), np.float64(24.67907276747905), np.float64(24.67907276747905), np.float64(24.392703514369074), np.float64(24.377447938018726), np.float64(24.285456366552825), np.float64(24.23096664410533), np.float64(24.20713111816081), np.float64(24.20713111816081), np.float64(24.18676288982471)]
Final fitness values: [np.float64(24.097798812632867), np.float64(24.09773687046385), np.float64(24.097736333352646), np.float64(24.097736333352646), np.float64(24.097736333352646), np.float64(24.097736333352646), np.float64(24.09772920478382), np.float64(24.097718734214517), np.float64(24.0976427149792), np.float64(24.0976427149792)]
HOF ITEM
24.0976427149792
0.9408575182925301,1.0128112511927476,6.8630110286239665,2.964005783447589,5.937748089776808,-5.564160496646718,-1.6124427197710522,0.8431301971291206,-4.068566147920617,-0.28672508487491005,3.0,6.861827672433814,1.4057216287797434,1.5835879710523493,-5.319044966206119
HOF ITEM
24.09769187805735
0.9408575182925301,1.0128112511927476,6.941975160962998,2.660185827233395,5.937748089776808,-6.065445119615871,-1.812271827481644,0.9255345454906003,-4.207822453971115,-0.4650164385730252,3.0,6.861827672433814,1.4057216287797434,1.5835879710523493,-5.319044966206119
HOF ITEM
24.097700571554693
0.9408575182925301,1.0128112511927476,6.979573451651223,2.9460138811828736,5.68730510099694,-5.656283274901985,-1.940955175582021,0.9705075110491496,-4.528437750790377,-0.6752007733843278,3.0,6.954916919506878,1.4057216287797434,1.5835879710523493,-5.319044966206119
HOF ITEM
24.097707560243254
0.9408575182925301,1.0128112511927476,7.0,2.566044166690973,5.937748089776808,-6.065445119615871,-1.812271827481644,0.9224660916832343,-4.128418297998813,-0.571587500153105,3.0,6.861827672433814,1.4057216287797434,1.5835879710523493,-5.319044966206119
HOF ITEM
24.09771113318716
0.9408575182925301,1.0128112511927476,6.8630110286239665,2.964005783447589,5.937748089776808,-5.564160496646718,-1.6124427197710522,0.8431301971291206,-4.068566147920617,-0.6752007733843278,3.0,6.861827672433814,1.4057216287797434,1.5835879710523493,-5.319044966206119
seed 239
Initial fitness values: [np.float64(25.529198385071286), np.float64(25.476001711072737), np.float64(22.127001240097442), np.float64(22.127001240097442), np.float64(21.736564782139858), np.float64(21.473532504632715), np.float64(21.37804880804788), np.float64(20.926878921858087), np.float64(20.724943936623117), np.float64(20.864969165530933)]
Final fitness values: [np.float64(19.02490037767419), np.float64(19.024887765651787), np.float64(18.694446907954916), np.float64(18.694446907954916), np.float64(18.694446907954916), np.float64(18.694446907954916), np.float64(18.683914863760705), np.float64(18.683914863760705), np.float64(18.491695973090014), np.float64(18.491695973090014)]
HOF ITEM
18.491695973090014
-4.658177413358192,1.9263502022835823,0.2643787513035759,-5.760600091662457,1.4923047145098034,0.4687145458679184,-4.783286288805611,1.7056764864585103,-2.3352934138690022,-3.0934543812381285,1.8273779093199076,6.556936169832113,-3.3347813983508505,2.331824876321907,-1.1167434781913896
HOF ITEM
18.532691136709047
-4.658177413358192,1.9557659061243569,0.10853521991557041,-5.958996750195603,1.4030057838237018,0.4687145458679184,-4.628319575864314,1.7056764864585103,-2.387652503714306,-3.295930180389102,2.037653743654597,6.901733943000102,-3.3347813983508505,2.331824876321907,-1.1167434781913896
HOF ITEM
18.683914863760705
-4.658177413358192,1.9263502022835823,0.10853521991557041,-5.760600091662457,1.4923047145098034,0.4687145458679184,-4.628319575864314,1.7056764864585103,-2.387652503714306,-3.295930180389102,2.037653743654597,6.593083955304184,-3.3347813983508505,2.331824876321907,-1.1167434781913896
HOF ITEM
18.694446907954916
-4.658177413358192,1.9263502022835823,0.10853521991557041,-5.760600091662457,1.4923047145098034,0.4687145458679184,-4.628319575864314,1.7056764864585103,-2.387652503714306,-3.295930180389102,2.037653743654597,6.556936169832113,-3.3347813983508505,2.331824876321907,-1.1167434781913896
HOF ITEM
18.69446650259424
-4.658177413358192,1.9263502022835823,0.10853521991557041,-5.760600091662457,1.4923047145098034,0.4687145458679184,-4.628319575864314,1.7056764864585103,-2.610900383567818,-3.295930180389102,2.037653743654597,6.556936169832113,-3.3347813983508505,2.331824876321907,-1.1167434781913896
best parameter set
fitness 18.41259825950756 seed 239
-4.648864327027417,1.9296088374073828,0.11236358644681757,-5.760600137120953,1.4917513849755502,0.46543955288403926,-4.628305623885767,1.7056801707593527,-2.6109002550567353,-3.2993035458491016,2.035075364390317,6.557378247544998,-3.3362366460402493,2.3320287529816213,-1.1209346344560887
