seeds are [100 101 102 103 104 105 106 107 108 109]
seed 100
Initial fitness values: [np.float64(25.787894664088263), np.float64(24.884346824379893), np.float64(24.82486846271455), np.float64(24.227167398241207), np.float64(23.915605259649826), np.float64(23.070240227736395), np.float64(22.97973874822706), np.float64(22.833714163367393), np.float64(22.768550155142545), np.float64(22.650877335490843)]
Final fitness values: [np.float64(21.305571715988137), np.float64(21.305571715988137), np.float64(21.305571715988137), np.float64(21.305571715988137), np.float64(21.305571715988137), np.float64(21.305571715988137), np.float64(21.28974619907354), np.float64(21.285330394987707), np.float64(21.285330394987707), np.float64(21.285330394987707)]
HOF ITEM
21.285330394987707
2.5222630848019403,0.024678921138021358,-6.0201079506236965,-5.059841430776136,-5.3309186171512675,0.9432377699531151,2.4747259347446127,2.611485935639246,5.8578134342631785,1.2507316686870635,3.0,-0.623720511639251,-1.6122598705194462,2.244827330228424,-3.031897376466775
HOF ITEM
21.28577262236818
2.5222630848019403,0.024678921138021358,-6.0201079506236965,-5.059841430776136,-5.3309186171512675,0.9432377699531151,2.4747259347446127,2.611485935639246,5.8578134342631785,1.2507316686870635,3.0,-0.623720511639251,-1.556461227191122,2.2510493461171768,-3.031897376466775
HOF ITEM
21.287331880773795
2.5222630848019403,0.024678921138021358,-6.0201079506236965,-5.059841430776136,-5.3309186171512675,0.9432377699531151,2.4747259347446127,2.611485935639246,5.8578134342631785,1.2507316686870635,3.0,-0.623720511639251,-1.4275733750707202,2.244827330228424,-3.031897376466775
HOF ITEM
21.28974619907354
2.5222630848019403,0.024678921138021358,-6.0201079506236965,-5.059841430776136,-5.3309186171512675,0.9432377699531151,2.4747259347446127,2.611485935639246,5.8578134342631785,1.2507316686870635,3.0,-0.623720511639251,-1.4275733750707202,1.9876249396446302,-3.031897376466775
HOF ITEM
21.298100648362762
2.5222630848019403,0.024678921138021358,-6.0201079506236965,-5.059841430776136,-5.3309186171512675,0.7239373588588187,2.733471923415472,2.6812151294710858,5.8916146387254855,1.2507316686870635,3.0,-0.623720511639251,-1.556461227191122,2.2510493461171768,-3.031897376466775
seed 101
Initial fitness values: [np.float64(28.20911543890269), np.float64(27.115675671655236), np.float64(26.69243582943616), np.float64(25.494147202963227), np.float64(24.730005709476195), np.float64(24.262062239223866), np.float64(23.918085223549053), np.float64(23.81191768060821), np.float64(23.756759606211425), np.float64(23.724332478008076)]
Final fitness values: [np.float64(21.40318264847472), np.float64(21.40318264847472), np.float64(21.40318264847472), np.float64(21.40318264847472), np.float64(21.40318264847472), np.float64(21.40318264847472), np.float64(21.40318264847472), np.float64(21.40318264847472), np.float64(21.40318264847472), np.float64(21.40318264847472)]
HOF ITEM
21.40318264847472
5.366640285265141,-0.7371203653144948,1.5993370726184541,5.223037579209966,3.9554460366607413,-1.9221587967340548,3.162656820298956,2.0685744503553383,-6.980369535391498,1.2507815770000041,2.63417094273751,-2.404018369861729,5.548662228763695,0.5755604465160218,6.371692616166921
HOF ITEM
21.40318265154163
5.366640285265141,-0.7371203653144948,1.5993370726184541,5.223037579209966,3.9554460366607413,-1.9221587967340548,3.162656820298956,2.0685744503553383,-6.9084932810371384,1.2507815770000041,2.63417094273751,-2.404018369861729,5.548662228763695,0.5755604465160218,6.371692616166921
HOF ITEM
21.40319195196146
5.366640285265141,-0.7371203653144948,1.5993370726184541,5.223037579209966,3.9554460366607413,-1.9221587967340548,3.162656820298956,2.0886137374236737,-6.980369535391498,1.2507815770000041,2.63417094273751,-2.404018369861729,5.548662228763695,0.5755604465160218,6.371692616166921
HOF ITEM
21.40319195438301
5.366640285265141,-0.7371203653144948,1.5993370726184541,5.223037579209966,3.9554460366607413,-1.9221587967340548,3.162656820298956,2.0886137374236737,-6.9084932810371384,1.2507815770000041,2.63417094273751,-2.404018369861729,5.548662228763695,0.5755604465160218,6.371692616166921
HOF ITEM
21.403214626451238
5.366640285265141,-0.7371203653144948,1.5993370726184541,5.223037579209966,3.9554460366607413,-1.9221587967340548,3.325005237051314,2.0685744503553383,-6.980369535391498,1.2507815770000041,2.63417094273751,-2.404018369861729,5.548662228763695,0.5755604465160218,6.371692616166921
seed 102
Initial fitness values: [np.float64(27.477316714246626), np.float64(26.225059690228683), np.float64(24.015885461965844), np.float64(23.134783963951783), np.float64(22.684472104992494), np.float64(22.104701687297062), np.float64(22.104701687297062), np.float64(21.71292658054079), np.float64(21.71292658054079), np.float64(21.52764142804577)]
Final fitness values: [np.float64(20.600622112664347), np.float64(20.60062211266402), np.float64(20.60039518690089), np.float64(20.60039518690089), np.float64(20.6003951869004), np.float64(20.600395186886306), np.float64(20.60036821629128), np.float64(20.60036821629128), np.float64(20.60036821629128), np.float64(20.600368216277076)]
HOF ITEM
20.600368216277076
-3.0360858294550512,1.5845805224266867,6.704405552611139,-7.0,-3.2841626712823717,-4.389192328347259,0.7957664414449741,1.6458772719256252,-4.561853967791056,5.8108650854627415,1.5284810464005405,-2.8737069928991406,-1.7578617039759818,2.9163050260399626,-0.5670859914124968
HOF ITEM
20.600368216277207
-3.0360858294550512,1.5845805224266867,6.704405552611139,-7.0,-3.2841626712823717,-4.389192328347259,0.7957664414449741,1.6458772719256252,-3.896567355051032,5.8108650854627415,1.5284810464005405,-2.8737069928991406,-1.7578617039759818,2.9163050260399626,-0.5670859914124968
HOF ITEM
20.600368216291276
-3.0360858294550512,1.5845805224266867,6.704405552611139,-7.0,-3.2841626712823717,-4.389192328347259,1.3537921330790188,1.6458772719256252,-3.896567355051032,5.8108650854627415,1.5284810464005405,-2.8737069928991406,-1.7578617039759818,2.9163050260399626,-0.5670859914124968
HOF ITEM
20.60036821629128
-3.0360858294550512,1.5845805224266867,6.704405552611139,-7.0,-3.2841626712823717,-4.389192328347259,1.3537921330790188,1.6458772719256252,-4.561853967791056,5.9216967886392196,1.5284810464005405,-2.8737069928991406,-1.7578617039759818,2.9163050260399626,-0.5670859914124968
HOF ITEM
20.60036821629128
-3.0360858294550512,1.5845805224266867,6.704405552611139,-7.0,-3.2841626712823717,-4.389192328347259,1.3537921330790188,1.6458772719256252,-4.561853967791056,5.9216967886392196,1.5284810464005405,-3.081273686284135,-1.7578617039759818,2.9163050260399626,-0.5670859914124968
seed 103
Initial fitness values: [np.float64(26.292067609559634), np.float64(24.810476796297518), np.float64(24.125831351393373), np.float64(23.20940790785072), np.float64(23.19261480629182), np.float64(22.6702255074485), np.float64(22.31190944094475), np.float64(22.31190944094475), np.float64(22.295950653133758), np.float64(22.19344290638477)]
Final fitness values: [np.float64(20.033765242366606), np.float64(20.033765242366606), np.float64(20.033765242366606), np.float64(20.033765242366606), np.float64(20.033765242366606), np.float64(20.033765242366606), np.float64(20.033765242366606), np.float64(20.033765242366606), np.float64(20.033765242366606), np.float64(20.033724910720405)]
HOF ITEM
20.033724910720405
-3.0065685610673785,1.5708429421011108,6.656835605384814,-3.3553215444010855,-3.5568415546710273,3.0190230104907525,4.440539290275244,2.263981352558469,-3.6860597401306467,0.8377095909416035,1.1859091194648934,7.0,-2.0179638388795427,3.0,-6.668060507940328
HOF ITEM
20.033765242366606
-3.0065685610673785,1.5708429421011108,6.579054515135802,-3.2013535749986635,-3.5568415546710273,3.0190230104907525,4.440539290275244,2.091380409726165,-3.61406344889858,0.8377095909416035,1.1859091194648934,7.0,-2.0179638388795427,3.0,-6.668060507940328
HOF ITEM
20.033765242366606
-3.0065685610673785,1.5708429421011108,6.579054515135802,-3.2013535749986635,-3.5568415546710273,3.0190230104907525,4.440539290275244,2.263981352558469,-3.61406344889858,0.8377095909416035,1.1859091194648934,7.0,-2.0179638388795427,3.0,-6.668060507940328
HOF ITEM
20.033765242366606
-3.0065685610673785,1.5708429421011108,6.579054515135802,-3.2013535749986635,-3.5568415546710273,3.0190230104907525,4.440539290275244,1.8982483932365941,-3.2158143873052456,0.8377095909416035,1.1859091194648934,7.0,-2.0179638388795427,3.0,-6.668060507940328
HOF ITEM
20.033765242366606
-3.0065685610673785,1.5708429421011108,6.579054515135802,-3.2013535749986635,-3.5568415546710273,3.0190230104907525,4.440539290275244,1.8982483932365941,-3.61406344889858,0.8377095909416035,1.1859091194648934,7.0,-2.0179638388795427,3.0,-6.668060507940328
seed 104
Initial fitness values: [np.float64(24.787793148621084), np.float64(23.791719031677346), np.float64(23.791719031677346), np.float64(23.44814312058668), np.float64(22.515060994526745), np.float64(22.51494340892444), np.float64(22.328300297506825), np.float64(21.85036226381985), np.float64(21.85036226381985), np.float64(21.85036226381985)]
Final fitness values: [np.float64(19.852297196589056), np.float64(19.852297196589056), np.float64(19.852297196589056), np.float64(19.852297196589056), np.float64(19.852297196589056), np.float64(19.852297196589056), np.float64(19.852297196589056), np.float64(19.852297196589056), np.float64(19.852297196589056), np.float64(19.852297196589056)]
HOF ITEM
19.852297196589056
-1.6460715113528743,1.8932435741211808,4.57345661947187,5.050567546819033,1.0680424085286147,-3.114524948984776,5.63620463800379,3.0,1.1978422027331912,-1.1031706480442245,1.692133004513744,-3.961341727654836,0.6677871724382703,1.4573751980506604,6.104470291661384
HOF ITEM
19.852297196589056
-1.6460715113528743,1.8932435741211808,4.57345661947187,5.050567546819033,1.0680424085286147,-3.114524948984776,5.52780742920076,3.0,1.1008793057748112,-1.1031706480442245,1.692133004513744,-3.961341727654836,0.6677871724382703,1.4573751980506604,6.104470291661384
HOF ITEM
19.852297196589056
-1.6460715113528743,1.8932435741211808,4.57345661947187,5.050567546819033,1.0680424085286147,-3.114524948984776,5.63620463800379,3.0,0.9480560764880671,-1.1031706480442245,1.692133004513744,-3.961341727654836,0.6677871724382703,1.4573751980506604,6.104470291661384
HOF ITEM
19.852297196589056
-1.6460715113528743,1.8932435741211808,4.57345661947187,5.050567546819033,1.0680424085286147,-3.114524948984776,5.52780742920076,3.0,0.9480560764880671,-1.1031706480442245,1.692133004513744,-3.961341727654836,0.6677871724382703,1.4573751980506604,6.104470291661384
HOF ITEM
19.854099611556713
-1.6460715113528743,1.8932435741211808,4.57345661947187,5.050567546819033,1.0680424085286147,-3.108817264731212,5.2981385697701455,3.0,0.9522690588725258,-1.1031706480442245,1.692133004513744,-3.961341727654836,0.6677871724382703,1.4573751980506604,6.104470291661384
seed 105
Initial fitness values: [np.float64(26.91599498087629), np.float64(25.712728863440592), np.float64(24.25155198808327), np.float64(24.05235883288968), np.float64(23.20594438550826), np.float64(21.671511520580633), np.float64(21.671511520580633), np.float64(21.671511520580633), np.float64(21.495669957333256), np.float64(21.40456622089347)]
Final fitness values: [np.float64(20.6943078992238), np.float64(20.6943078992238), np.float64(20.6943078992238), np.float64(20.6943078992238), np.float64(20.6943078992238), np.float64(20.6943078992238), np.float64(20.6943078992238), np.float64(20.6943078992238), np.float64(20.6943078992238), np.float64(20.6943078992238)]
HOF ITEM
20.6943078992238
-6.028928519133714,1.5845841838305779,-5.375268775808714,0.9807609576420836,5.661378297473155,1.051235128185377,4.522154783590147,1.5967699693088697,3.587557151824063,-5.280646268804007,1.9659031118938939,-4.2490908571305575,3.9846853138201723,1.989254618960402,-2.1822243590890085
HOF ITEM
20.6943078992238
-6.028928519133714,1.5845841838305779,-5.375268775808714,0.9807609576420836,5.661378297473155,1.051235128185377,4.530128513429526,1.5967699693088697,3.587557151824063,-5.280646268804007,1.9659031118938939,-4.2490908571305575,3.9846853138201723,2.579263948204982,-2.1822243590890085
HOF ITEM
20.6943078992238
-6.028928519133714,1.5845841838305779,-5.375268775808714,0.9807609576420836,5.661378297473155,1.051235128185377,4.522154783590147,1.5967699693088697,3.0458099046565774,-5.280646268804007,1.9659031118938939,-4.2490908571305575,3.9846853138201723,2.579263948204982,-2.1822243590890085
HOF ITEM
20.6943078992238
-6.028928519133714,1.5845841838305779,-5.375268775808714,0.9807609576420836,5.661378297473155,1.051235128185377,4.522154783590147,1.5967699693088697,3.0458099046565774,-5.280646268804007,1.9659031118938939,-4.2490908571305575,4.056096542664592,2.579263948204982,-2.1822243590890085
HOF ITEM
20.6943078992238
-6.028928519133714,1.5845841838305779,-5.375268775808714,0.9807609576420836,5.661378297473155,1.051235128185377,4.522154783590147,1.5967699693088697,3.587557151824063,-5.280646268804007,1.9659031118938939,-4.2490908571305575,3.9846853138201723,2.579263948204982,-2.1822243590890085
seed 106
Initial fitness values: [np.float64(28.025962585157586), np.float64(25.420340693937224), np.float64(23.5187171303178), np.float64(22.848244403614675), np.float64(22.75067005832912), np.float64(21.8585528756862), np.float64(21.8585528756862), np.float64(21.76816982147225), np.float64(21.76816982147225), np.float64(21.621235198547996)]
Final fitness values: [np.float64(20.946311253309133), np.float64(20.946296111103322), np.float64(20.945258127668684), np.float64(20.945258127668684), np.float64(20.945258127668684), np.float64(20.940788646495008), np.float64(20.93099069059512), np.float64(20.91908785275337), np.float64(20.91903929212301), np.float64(20.91903929212301)]
HOF ITEM
20.91903929212301
1.0648353723017396,0.6703063976836502,2.9037246492072177,2.242526649706488,5.188429578745487,0.44881889212158854,0.22854000620207648,2.7681983157281067,-7.0,6.217090909016753,0.359447325827253,6.111657101943624,1.046548671722269,3.0,-0.49267819415903275
HOF ITEM
20.91908785275337
1.0648353723017396,0.6703063976836502,2.9037246492072177,2.242526649706488,5.188429578745487,0.44881889212158854,0.22854000620207648,2.764190795150109,-7.0,6.217090909016753,0.359447325827253,6.111657101943624,1.046548671722269,3.0,-0.49267819415903275
HOF ITEM
20.920283118098403
1.0648353723017396,0.6703063976836502,2.9037246492072177,2.21370416009345,5.101702707960901,0.44881889212158854,0.22854000620207648,2.764190795150109,-6.4473732377653405,6.217090909016753,0.359447325827253,6.111657101943624,1.046548671722269,3.0,-0.49267819415903275
HOF ITEM
20.921357148155423
1.0648353723017396,0.6703063976836502,2.9037246492072177,2.242526649706488,5.188429578745487,0.38172257627201334,0.24996027169829155,2.7681983157281067,-6.874596567763802,6.269146064449834,0.7938326163942087,6.347928834266439,1.046548671722269,3.0,-0.4876682317452942
HOF ITEM
20.92138374356405
1.0648353723017396,0.6703063976836502,2.9037246492072177,2.242526649706488,5.188429578745487,0.44881889212158854,0.24996027169829155,2.593829698434817,-7.0,6.217090909016753,0.359447325827253,6.111657101943624,1.046548671722269,3.0,-0.49267819415903275
seed 107
Initial fitness values: [np.float64(27.590879199878124), np.float64(26.634582084025755), np.float64(24.50151612140628), np.float64(24.367928411901655), np.float64(22.676938098283486), np.float64(22.676938098283486), np.float64(22.217462261419314), np.float64(22.217462261419314), np.float64(22.203315329899667), np.float64(22.18935757654335)]
Final fitness values: [np.float64(18.868317539629988), np.float64(18.868317539629988), np.float64(18.868317539629988), np.float64(18.868317539629988), np.float64(18.868317539629988), np.float64(18.868317539629988), np.float64(18.868317539629988), np.float64(18.868317539629988), np.float64(18.868317539629988), np.float64(18.868317539629988)]
HOF ITEM
18.868317539629988
2.9251249152069456,-0.13384801145789224,-1.2756490862568,-2.4891077535428066,-0.3435976321179878,-6.185743676230205,-5.4627325977130035,3.0,6.051196289365368,0.10257124880271765,2.1723602284803363,4.219789494180688,1.284663397384612,3.0,-0.4554884715873028
HOF ITEM
18.872286675523693
2.9251249152069456,-0.13384801145789224,-1.2756490862568,-2.4891077535428066,-0.3435976321179878,-6.185743676230205,-5.4627325977130035,3.0,6.051196289365368,0.10257124880271765,2.1723602284803363,4.219789494180688,1.27610739820792,3.0,-0.4554884715873028
HOF ITEM
18.954109496839447
2.9251249152069456,-0.13384801145789224,-1.2756490862568,-2.4061083692413145,-0.3435976321179878,-6.185743676230205,-5.410917291640402,3.0,6.051196289365368,0.10257124880271765,2.0692051796091313,4.219789494180688,1.27610739820792,3.0,-0.4554884715873028
HOF ITEM
18.955388450086506
2.9251249152069456,-0.13384801145789224,-1.5717935237760807,-2.4956553896888347,-0.3435976321179878,-6.527535980383476,-5.335825450098008,2.979355800429925,6.051196289365368,0.1327485557461502,2.1723602284803363,4.219789494180688,1.284663397384612,3.0,-0.4554884715873028
HOF ITEM
18.97803505165434
2.9251249152069456,-0.13384801145789224,-1.2756490862568,-2.4891077535428066,-0.3435976321179878,-6.185743676230205,-5.4627325977130035,3.0,6.051196289365368,0.10257124880271765,2.1723602284803363,4.080214837031746,1.284663397384612,3.0,-0.4554884715873028
seed 108
Initial fitness values: [np.float64(24.541268974401905), np.float64(23.66708690303752), np.float64(23.069800976367276), np.float64(22.2243187321575), np.float64(22.193986192783), np.float64(21.38044419057951), np.float64(21.369539973057414), np.float64(21.196342549933945), np.float64(20.91131839983574), np.float64(20.91131839983574)]
Final fitness values: [np.float64(19.49162506141441), np.float64(19.484328197485436), np.float64(19.484328197485436), np.float64(19.484328197485436), np.float64(19.483644896885615), np.float64(19.483644896885615), np.float64(19.483607597979894), np.float64(19.476236999231645), np.float64(19.476236999231645), np.float64(19.39013335093002)]
HOF ITEM
19.39013335093002
-4.668389166894738,1.6412324326640828,6.513800337365601,6.414441690491194,2.7931103375265462,3.694699867854942,5.1845132504578,0.031750052679639436,1.6544970589046464,-3.402843386796554,2.3156742808759367,-0.642940710014717,-2.2336673440991666,0.9099652565175386,3.7642961489933873
HOF ITEM
19.474823799387234
-4.668389166894738,1.6412324326640828,6.513800337365601,6.902113360203979,2.7103540420793397,3.694699867854942,5.1845132504578,0.031750052679639436,1.7818157866561581,-3.402843386796554,2.326969017755984,-0.590390234454123,-2.2740530344756733,0.7790566872803184,3.7642961489933873
HOF ITEM
19.475324331704805
-4.668389166894738,1.6412324326640828,6.513800337365601,6.902113360203979,2.7103540420793397,3.694699867854942,5.1845132504578,0.031750052679639436,1.6544970589046464,-3.402843386796554,2.326969017755984,-0.590390234454123,-2.2740530344756733,0.7790566872803184,3.7642961489933873
HOF ITEM
19.476236999231645
-4.668389166894738,1.6412324326640828,6.513800337365601,6.902113360203979,2.7103540420793397,3.694699867854942,5.688897873726218,0.031750052679639436,1.7818157866561581,-3.402843386796554,2.326969017755984,-0.590390234454123,-2.2740530344756733,0.7790566872803184,3.7642961489933873
HOF ITEM
19.47653450907795
-4.668389166894738,1.6412324326640828,6.513800337365601,6.902113360203979,2.7103540420793397,3.694699867854942,5.688897873726218,0.031750052679639436,1.6544970589046464,-3.402843386796554,2.326969017755984,-0.590390234454123,-2.2740530344756733,0.7790566872803184,3.7642961489933873
seed 109
Initial fitness values: [np.float64(27.78051790112657), np.float64(26.849848224798524), np.float64(26.3996278997392), np.float64(25.253703855667094), np.float64(24.528073135031214), np.float64(23.75867110493898), np.float64(22.609076278991928), np.float64(22.417829867930045), np.float64(21.999543603624446), np.float64(21.859524606450314)]
Final fitness values: [np.float64(21.15193519843952), np.float64(21.15193519843952), np.float64(21.15193519843952), np.float64(21.15193519843952), np.float64(21.15193519843952), np.float64(21.15193519843952), np.float64(21.15193519843952), np.float64(21.15193519843952), np.float64(21.15193519843952), np.float64(21.15193519843952)]
HOF ITEM
21.15193519843952
1.902276567411671,0.2923920131900575,3.236313645562121,5.0245240381695435,5.707629060268167,2.464108655333836,2.720012156997052,2.920242405485115,1.233964141077232,1.151740339627752,3.0,-1.5358737999493606,5.6026896797235946,2.7514070075212467,-2.7474021028670847
HOF ITEM
21.15193519843952
1.902276567411671,0.2923920131900575,3.236313645562121,5.0245240381695435,5.707629060268167,2.464108655333836,2.720012156997052,3.0,0.43660051013899615,1.151740339627752,3.0,-1.5358737999493606,5.942452097997036,2.4727311824992797,-2.535518291735126
HOF ITEM
21.15193519843952
1.902276567411671,0.2923920131900575,3.236313645562121,5.0245240381695435,5.707629060268167,2.464108655333836,2.720012156997052,3.0,0.5699420787855489,1.151740339627752,3.0,-1.5358737999493606,5.534239251492047,2.9061941919810046,-2.7474021028670847
HOF ITEM
21.15193519843952
1.902276567411671,0.2923920131900575,3.236313645562121,5.0245240381695435,5.707629060268167,2.464108655333836,2.720012156997052,3.0,0.9393689264457327,1.151740339627752,3.0,-1.5358737999493606,5.6026896797235946,2.718928108628952,-2.6003760921435553
HOF ITEM
21.15193519843952
1.902276567411671,0.2923920131900575,3.236313645562121,5.0245240381695435,5.707629060268167,2.464108655333836,2.720012156997052,2.920242405485115,1.233964141077232,1.151740339627752,3.0,-1.5358737999493606,5.534239251492047,2.9061941919810046,-2.7474021028670847
best parameter set
fitness 18.692416027532214 seed 107
2.921505112401863,-0.1276560105940837,-1.2915509859162502,-2.4736221740054734,-0.36089372469365844,-6.169737449073328,-5.4627325977130035,3.0,6.066147190797229,0.06456132519867623,2.1751579058239763,4.226957119642307,1.2814574959964817,3.0,-0.4550589684852397
