seeds are [390 391 392 393 394 395 396 397 398 399]
seed 390
Initial fitness values: [np.float64(52.1572229393731), np.float64(51.25519297052288), np.float64(48.38371170962642), np.float64(46.863587239257136), np.float64(46.664834403960825), np.float64(45.645501718293666), np.float64(45.070196120096256), np.float64(43.72800237605383), np.float64(43.72800237605383), np.float64(43.72800237605383)]
Final fitness values: [np.float64(39.42290114372808), np.float64(39.42290114372808), np.float64(39.42290114372808), np.float64(39.42290114372808), np.float64(39.42290114372808), np.float64(39.42290114372808), np.float64(39.42290114372808), np.float64(39.42290114372808), np.float64(39.42290114372808), np.float64(39.42290114372808)]
HOF ITEM
39.42290114372808
-2.706747982810611,1.5368541898479666,1.409986284961732,4.201671285044221,4.77151288364074,2.6104048492293357,-1.4551584985582273,2.4269135870080976,1.188189887794345,2.824584493002514,2.1069240463489685,-7.0,0.679313955331235,0.1727602705871677,2.841665432626593
HOF ITEM
39.42290114372808
-2.706747982810611,1.5368541898479666,1.409986284961732,4.201671285044221,4.77151288364074,2.6104048492293357,-1.4551584985582273,2.4269135870080976,1.188189887794345,2.824584493002514,2.1069240463489685,-6.964130282655685,0.679313955331235,0.1727602705871677,2.841665432626593
HOF ITEM
39.42290114372826
-2.706747982810611,1.5368541898479666,1.409986284961732,4.201671285044221,4.77151288364074,2.6104048492293357,-1.4551584985582273,2.4269135870080976,1.188189887794345,3.4381716710544428,2.1069240463489685,-6.964130282655685,0.679313955331235,0.1727602705871677,2.841665432626593
HOF ITEM
39.42290114372826
-2.706747982810611,1.5368541898479666,1.409986284961732,4.201671285044221,4.77151288364074,2.6104048492293357,-1.4551584985582273,2.4269135870080976,1.188189887794345,3.1910301370111656,2.577313898275763,-6.964130282655685,0.679313955331235,0.1727602705871677,2.841665432626593
HOF ITEM
39.42290114372826
-2.706747982810611,1.5368541898479666,1.409986284961732,4.201671285044221,4.77151288364074,2.6104048492293357,-1.4551584985582273,2.4269135870080976,1.188189887794345,2.824584493002514,2.577313898275763,-6.964130282655685,0.679313955331235,0.1727602705871677,2.841665432626593
seed 391
Initial fitness values: [np.float64(50.4580362455372), np.float64(49.016909204391474), np.float64(46.22594780671251), np.float64(46.22594780671251), np.float64(45.84277962459477), np.float64(45.12324228600116), np.float64(45.00576908974224), np.float64(44.1689061042288), np.float64(43.502210161042285), np.float64(43.30639135094773)]
Final fitness values: [np.float64(40.76702010941788), np.float64(40.766994632071274), np.float64(40.766994632069846), np.float64(40.766994632063785), np.float64(40.7669904873817), np.float64(40.76697773385853), np.float64(40.76697773385853), np.float64(40.766977733761614), np.float64(40.766977733761614), np.float64(40.76697773361991)]
HOF ITEM
40.76697773361991
-4.068963833831356,1.6282885185833964,5.594459721688211,3.176125170797842,1.7981366184439194,-3.594336043683163,0.38408276511445333,1.9276921192774266,2.55737467479459,4.043716551295168,1.2680415565276622,-3.9871996322027297,-2.7651550867163466,2.543927700644326,-0.45539094025486915
HOF ITEM
40.76697773368612
-4.068963833831356,1.6282885185833964,5.594459721688211,3.176125170797842,1.7981366184439194,-3.594336043683163,0.42974561043109377,1.8939415033438913,2.0041656221027457,4.257749300618382,1.1948008418966352,-4.342785531458961,-2.7651550867163466,2.543927700644326,-0.45539094025486915
HOF ITEM
40.766977733761614
-4.068963833831356,1.6282885185833964,5.594459721688211,3.176125170797842,1.7981366184439194,-3.594336043683163,0.42974561043109377,1.8939415033438913,1.5150520919718466,4.10407901514939,1.1948008418966352,-4.388525294561548,-2.7651550867163466,2.543927700644326,-0.45539094025486915
HOF ITEM
40.76697773384531
-4.068963833831356,1.6282885185833964,5.594459721688211,3.176125170797842,1.7981366184439194,-3.594336043683163,0.42974561043109377,2.143016846078493,2.373934713740084,3.7392312286599494,1.1948008418966352,-4.342785531458961,-2.7651550867163466,2.543927700644326,-0.45539094025486915
HOF ITEM
40.76697773384633
-4.068963833831356,1.6282885185833964,5.594459721688211,3.176125170797842,1.7981366184439194,-3.594336043683163,0.42974561043109377,2.143016846078493,1.5558533526417984,3.7392312286599494,1.1948008418966352,-4.724373542410699,-2.7651550867163466,2.543927700644326,-0.45539094025486915
seed 392
Initial fitness values: [np.float64(52.70765177686293), np.float64(49.31577249807876), np.float64(46.0830966203422), np.float64(46.0830966203422), np.float64(44.65404916900345), np.float64(44.07377066525316), np.float64(43.98941910863853), np.float64(43.32741666863588), np.float64(42.780975421136766), np.float64(42.559007873750524)]
Final fitness values: [np.float64(41.040490813949546), np.float64(41.040354156459415), np.float64(41.039997472538666), np.float64(41.039988932369766), np.float64(41.03920195289001), np.float64(41.03875589974657), np.float64(41.038571566236826), np.float64(41.038571566236826), np.float64(41.03797604905301), np.float64(41.03797010013967)]
HOF ITEM
41.03797010013967
-0.5818114139021242,1.2781669868147472,-4.648169470003981,4.984545581522282,6.143962575363759,3.6727207488424036,6.821968902649104,0.0,-1.4013352798517595,0.27261121173671804,3.0,-1.2265569453540845,3.5581410721371993,2.609342567246744,1.8315541245206224
HOF ITEM
41.03797604905301
-0.5818114139021242,1.2781669868147472,-4.648169470003981,4.984545581522282,6.143962575363759,3.7926842010555983,6.821968902649104,0.0,-1.4013352798517595,0.27261121173671804,3.0,-1.2265569453540845,2.9043428930939985,2.7867918370572404,1.8470066455786958
HOF ITEM
41.03833695936264
-0.5818114139021242,1.2781669868147472,-4.648169470003981,4.799942412935171,5.958744181314883,3.717901703168034,6.736190411540719,0.0,-1.1068464981904156,0.27261121173671804,3.0,-1.2265569453540845,3.5581410721371993,2.609342567246744,1.8315541245206224
HOF ITEM
41.038338620155024
-0.5818114139021242,1.2781669868147472,-4.700275072090707,4.799942412935171,5.958744181314883,3.717901703168034,6.736190411540719,0.0,-1.1068464981904156,0.27261121173671804,3.0,-1.2265569453540845,3.2335837367863647,2.7890462950378003,1.8315541245206224
HOF ITEM
41.038338620155024
-0.5818114139021242,1.2781669868147472,-4.700275072090707,4.799942412935171,5.958744181314883,3.717901703168034,6.736190411540719,0.0,-1.1068464981904156,0.27261121173671804,3.0,-1.2265569453540845,3.5581410721371993,2.609342567246744,2.057200541890441
seed 393
Initial fitness values: [np.float64(53.51244709200064), np.float64(47.94494390535946), np.float64(47.94494390535946), np.float64(46.98732015004405), np.float64(45.857393912074734), np.float64(45.24260984461856), np.float64(45.17264837215145), np.float64(44.64208950290263), np.float64(44.2972734334041), np.float64(44.06861978583279)]
Final fitness values: [np.float64(40.09311572439942), np.float64(40.09311572439942), np.float64(40.09311572439942), np.float64(40.09311572439942), np.float64(40.09311572439942), np.float64(40.09311572439942), np.float64(40.09311572439942), np.float64(40.09311572439942), np.float64(40.09311572439942), np.float64(40.09311572439942)]
HOF ITEM
40.09311572439942
3.470482861325686,-0.5492049912835293,-3.7619808335365006,3.391432611411457,5.555734479695093,-4.378611215921376,2.0710432692622,2.9046339977990674,-5.232180687434464,-1.2975563354758395,0.2956941869525931,-4.410963886269292,0.8412886094388078,1.6545364981963009,4.10999115115986
HOF ITEM
40.09311572439942
3.470482861325686,-0.5492049912835293,-3.7619808335365006,3.391432611411457,5.555734479695093,-4.378611215921376,2.0710432692622,2.9046339977990674,-4.970467343240644,-1.2975563354758395,0.2956941869525931,-4.410963886269292,0.8412886094388078,1.6545364981963009,4.10999115115986
HOF ITEM
40.09311572439942
3.470482861325686,-0.5492049912835293,-3.7619808335365006,3.391432611411457,5.555734479695093,-4.378611215921376,2.0710432692622,3.0,-5.232180687434464,-1.2975563354758395,0.2956941869525931,-4.410963886269292,0.8412886094388078,1.6545364981963009,4.10999115115986
HOF ITEM
40.09311572439942
3.470482861325686,-0.5492049912835293,-3.7619808335365006,3.391432611411457,5.555734479695093,-4.378611215921376,2.626856841681887,3.0,-5.232180687434464,-1.2975563354758395,0.2956941869525931,-4.410963886269292,0.8412886094388078,1.6545364981963009,4.10999115115986
HOF ITEM
40.10405807620131
3.470482861325686,-0.5492049912835293,-3.684808238654718,3.5242005030749883,5.6852941768456935,-4.425354878391539,2.562207169235345,2.9056955745491813,-5.232180687434464,-1.4538718692468129,0.26597522583959327,-4.410963886269292,0.8412886094388078,1.6545364981963009,4.058526655681543
seed 394
Initial fitness values: [np.float64(52.62272136612983), np.float64(49.13557624396148), np.float64(48.25447947236881), np.float64(48.18039273118692), np.float64(46.79880347146587), np.float64(46.510762670779876), np.float64(46.510762670779876), np.float64(46.41853498374574), np.float64(46.41853498374574), np.float64(46.41853498374574)]
Final fitness values: [np.float64(45.147240782105605), np.float64(45.147240782105605), np.float64(45.147240782105605), np.float64(45.147240782105605), np.float64(45.14724070629096), np.float64(45.14724070629096), np.float64(45.14724070629096), np.float64(45.14724070629096), np.float64(45.14724070629096), np.float64(45.14724070629096)]
HOF ITEM
45.14724070629096
-1.510393303442904,1.2324600071790508,0.534811766182739,6.238146215562372,-4.800309194030981,4.993744197818781,1.159033658887467,1.2427243525341447,4.131618875593465,0.8024851672478135,2.048621552727095,4.992524253573188,4.581300789091939,1.5962256071386567,-4.13189979925468
HOF ITEM
45.147240782105605
-1.510393303442904,1.2324600071790508,0.534811766182739,6.238146215562372,-4.800309194030981,5.0652572870489205,1.159033658887467,1.2427243525341447,4.131618875593465,0.8024851672478135,2.048621552727095,4.992524253573188,4.581300789091939,1.5962256071386567,-4.13189979925468
HOF ITEM
45.14724078210561
-1.510393303442904,1.2324600071790508,0.534811766182739,6.238146215562372,-4.800309194030981,5.0652572870489205,1.159033658887467,1.2427243525341447,4.131618875593465,0.8024851672478135,2.048621552727095,4.992524253573188,4.433575199626914,1.5962256071386567,-4.449412888874892
HOF ITEM
45.147240782105634
-1.510393303442904,1.2324600071790508,0.534811766182739,6.238146215562372,-4.800309194030981,5.0652572870489205,1.159033658887467,1.2427243525341447,4.131618875593465,0.8024851672478135,2.048621552727095,4.992524253573188,4.433575199626914,1.850420224403083,-4.449412888874892
HOF ITEM
45.14724078210565
-1.510393303442904,1.2324600071790508,0.534811766182739,6.238146215562372,-4.800309194030981,5.0652572870489205,1.159033658887467,1.2427243525341447,4.131618875593465,0.8024851672478135,2.048621552727095,4.992524253573188,4.433575199626914,1.850420224403083,-4.288637142976071
seed 395
Initial fitness values: [np.float64(50.36768198459053), np.float64(47.2329589455025), np.float64(47.065191657609006), np.float64(45.76952365537829), np.float64(45.76952365537829), np.float64(43.96424661766436), np.float64(43.96424661766436), np.float64(43.96424661766436), np.float64(43.22157858266967), np.float64(42.26992892027271)]
Final fitness values: [np.float64(38.91003711722423), np.float64(38.91003711722423), np.float64(38.91003711722423), np.float64(38.910036948948076), np.float64(38.90996597326782), np.float64(38.90996597326782), np.float64(38.90996597326782), np.float64(38.90996040346271), np.float64(38.90986963709331), np.float64(38.90986963709331)]
HOF ITEM
38.90986963709331
-0.5101477768635004,1.2460663059368235,5.963679572243497,-0.8107050069424363,-1.7285373551180139,1.110731661936764,0.3683335361491198,3.0,6.370116983222938,3.123274471762755,1.9935439645529283,-3.1842136701145054,-5.23131960327781,3.0,6.406975443661689
HOF ITEM
38.90987482707887
-0.5101477768635004,1.2460663059368235,5.963679572243497,-0.8107050069424363,-1.7285373551180139,1.110731661936764,0.3683335361491198,3.0,6.370116983222938,2.93371317120768,1.9175129216022495,-3.014729919612576,-5.347906612942704,3.0,6.406975443661689
HOF ITEM
38.909960401982296
-0.5101477768635004,1.2460663059368235,5.963679572243497,-0.8107050069424363,-1.7285373551180139,1.110731661936764,0.3683335361491198,3.0,6.370116983222938,3.5897168729672915,1.9175129216022495,-3.014729919612576,-5.347906612942704,3.0,6.63182481743153
HOF ITEM
38.909960402666314
-0.5101477768635004,1.2460663059368235,5.963679572243497,-0.8107050069424363,-1.7285373551180139,1.110731661936764,0.3683335361491198,3.0,6.370116983222938,3.5897168729672915,1.9175129216022495,-3.2431315960233134,-5.347906612942704,3.0,6.63182481743153
HOF ITEM
38.90996040346271
-0.5101477768635004,1.2460663059368235,5.963679572243497,-0.8107050069424363,-1.7285373551180139,1.110731661936764,0.3683335361491198,3.0,6.370116983222938,3.5897168729672915,1.9175129216022495,-3.5979197973148485,-5.347906612942704,3.0,6.63182481743153
seed 396
Initial fitness values: [np.float64(50.218517470553174), np.float64(50.218517470553174), np.float64(45.81542027516333), np.float64(45.742840830607214), np.float64(43.138383040874736), np.float64(43.138383040874736), np.float64(42.15935308800985), np.float64(42.15935308800985), np.float64(41.96461414545769), np.float64(41.93705763945022)]
Final fitness values: [np.float64(40.998607257066446), np.float64(40.998607257066446), np.float64(40.998607257066446), np.float64(40.998607257066446), np.float64(40.998607257066446), np.float64(40.998607257066446), np.float64(40.998607257066446), np.float64(40.998607257066446), np.float64(40.998607257066446), np.float64(40.998607257066446)]
HOF ITEM
40.998607257066446
-1.83842080988302,1.4913089674794728,1.047568027852119,-1.09338235678076,-6.839038667499826,5.231745915742758,-0.6379962026358585,2.8428918476160727,1.847379737737475,0.4276952682168479,2.0878717510572886,-5.944178236065578,-0.7690735755979283,2.4413745228838213,2.406800110207981
HOF ITEM
40.99861076143406
-1.83842080988302,1.4913089674794728,1.047568027852119,-1.09338235678076,-6.839038667499826,4.920312448218976,-0.6379962026358585,2.8428918476160727,1.847379737737475,0.4276952682168479,2.0878717510572886,-5.944178236065578,-0.7690735755979283,2.4413745228838213,2.406800110207981
HOF ITEM
40.99861078874929
-1.83842080988302,1.4913089674794728,1.047568027852119,-1.09338235678076,-6.839038667499826,5.231745915742758,-0.6379962026358585,2.8428918476160727,1.847379737737475,0.4276952682168479,2.0878717510572886,-5.944178236065578,-0.7690735755979283,2.5531479132705552,2.183496328444778
HOF ITEM
40.998611934391405
-1.83842080988302,1.4913089674794728,1.047568027852119,-1.09338235678076,-6.839038667499826,4.8345288940350155,-0.6379962026358585,2.8428918476160727,1.847379737737475,0.4276952682168479,2.0878717510572886,-5.944178236065578,-0.7690735755979283,2.4413745228838213,2.406800110207981
HOF ITEM
40.998612452324345
-1.83842080988302,1.4913089674794728,1.047568027852119,-1.09338235678076,-6.839038667499826,4.920312448218976,-0.6379962026358585,2.8428918476160727,1.847379737737475,0.4276952682168479,2.0878717510572886,-5.944178236065578,-0.7690735755979283,2.4413745228838213,2.183496328444778
seed 397
Initial fitness values: [np.float64(49.414638405300494), np.float64(49.40822501021309), np.float64(48.97017216056407), np.float64(48.4916923235697), np.float64(48.4916923235697), np.float64(47.16200824169054), np.float64(45.9726426206004), np.float64(45.283709069866426), np.float64(44.72547041949484), np.float64(44.72547041949484)]
Final fitness values: [np.float64(40.75546826324375), np.float64(40.75546826324375), np.float64(40.75546826324375), np.float64(40.75546826324375), np.float64(40.75546826324375), np.float64(40.75546826324375), np.float64(40.75546826324375), np.float64(40.75546826324375), np.float64(40.75546826324375), np.float64(40.75546826324375)]
HOF ITEM
40.75546826324375
-3.1557190007126166,1.5972255377712319,4.075309565166842,4.749955433407143,5.708496578602284,6.372582475314902,5.485828823445614,0.0,-5.202682749556156,-0.8454164180470853,1.9093577397477777,-1.4881192901431974,-1.974190656219901,2.867822821661713,-2.346414282756377
HOF ITEM
40.75547552042162
-3.1557190007126166,1.5972255377712319,4.075309565166842,4.749955433407143,5.708496578602284,6.372582475314902,5.485828823445614,0.0,-4.88520346189471,-0.8454164180470853,1.9093577397477777,-1.4881192901431974,-1.974190656219901,2.867822821661713,-2.346414282756377
HOF ITEM
40.755725702671555
-3.1557190007126166,1.5972255377712319,4.075309565166842,4.735615426227049,5.708496578602284,6.375974642171125,5.485828823445614,0.0,-5.202682749556156,-0.8454164180470853,1.9093577397477777,-1.4881192901431974,-1.974190656219901,2.867822821661713,-2.346414282756377
HOF ITEM
40.75573288126054
-3.1557190007126166,1.5972255377712319,4.075309565166842,4.735615426227049,5.708496578602284,6.375974642171125,5.485828823445614,0.0,-4.88520346189471,-0.8454164180470853,1.9093577397477777,-1.4881192901431974,-1.974190656219901,2.867822821661713,-2.346414282756377
HOF ITEM
40.756161336564055
-3.1557190007126166,1.5972255377712319,4.075309565166842,4.749955433407143,5.708496578602284,6.372582475314902,5.485828823445614,0.0,-5.202682749556156,-0.8454164180470853,1.8626061734412114,-1.4881192901431974,-1.974190656219901,2.867822821661713,-2.346414282756377
seed 398
Initial fitness values: [np.float64(52.700825778024175), np.float64(51.76587029046717), np.float64(45.68614937455706), np.float64(45.68614937455706), np.float64(45.25644025370564), np.float64(44.68448882394477), np.float64(44.63916909756718), np.float64(44.53215024589999), np.float64(44.11101601510577), np.float64(44.11101601510577)]
Final fitness values: [np.float64(43.121427602186216), np.float64(43.121427602186216), np.float64(43.121427602186216), np.float64(43.121427602186216), np.float64(43.121427602186216), np.float64(43.121427602186216), np.float64(43.121427602186216), np.float64(43.121427602186216), np.float64(43.121427602186216), np.float64(43.121427602186216)]
HOF ITEM
43.121427602186216
5.042282958792503,-0.7300412738791215,-2.2949355113078487,4.638703174603073,5.356635181264137,-1.7686861398572515,4.768202144296287,0.11614898240775061,-2.225277182939052,5.199479434543713,1.3959409195231245,-6.055339232527518,1.295708531699446,3.0,-1.1111503020630755
HOF ITEM
43.12142812430602
5.042282958792503,-0.7300412738791215,-2.2949355113078487,4.638703174603073,5.356635181264137,-1.7686861398572515,4.768202144296287,0.11614898240775061,-2.225277182939052,5.1165495842139075,1.3959409195231245,-6.055339232527518,1.295708531699446,3.0,-1.1111503020630755
HOF ITEM
43.12143082043169
5.042282958792503,-0.7300412738791215,-2.2949355113078487,4.638703174603073,5.356635181264137,-1.7686861398572515,4.768202144296287,0.11614898240775061,-2.225277182939052,4.892695438123136,1.3959409195231245,-6.055339232527518,1.295708531699446,3.0,-1.1111503020630755
HOF ITEM
43.121434958225905
5.042282958792503,-0.7300412738791215,-2.2949355113078487,4.638703174603073,5.356635181264137,-1.7686861398572515,4.768202144296287,0.11614898240775061,-2.225277182939052,5.1165495842139075,1.2769148610344414,-6.055339232527518,1.295708531699446,3.0,-1.1111503020630755
HOF ITEM
43.12144563273868
5.042282958792503,-0.7300412738791215,-2.2949355113078487,4.638703174603073,5.356635181264137,-1.7686861398572515,4.768202144296287,0.11614898240775061,-2.225277182939052,4.892695438123136,1.2769148610344414,-6.055339232527518,1.295708531699446,3.0,-1.1111503020630755
seed 399
Initial fitness values: [np.float64(49.153756302961504), np.float64(49.153756302961504), np.float64(48.047911585894695), np.float64(47.42552098453479), np.float64(46.62637149095127), np.float64(46.62637149095127), np.float64(46.55850187054877), np.float64(44.90876917155518), np.float64(44.90876917155518), np.float64(44.643685348198275)]
Final fitness values: [np.float64(38.28633556147142), np.float64(38.28633556147142), np.float64(38.28633556147142), np.float64(38.28633556147142), np.float64(38.28633556147142), np.float64(38.28633556147142), np.float64(38.28633556147142), np.float64(38.28633556147142), np.float64(38.28633556147142), np.float64(38.28633556147142)]
HOF ITEM
38.28633556147142
-4.79173765419588,1.6668363587831696,4.291987641036767,5.547754326392182,-1.2324969300494837,-0.5167024625637278,-2.6664076873733644,0.4347764132862406,-7.0,-1.5551532172761724,2.6823834506007453,-0.9226429688434232,-3.683807411578672,2.272650247196575,-2.2591630895451313
HOF ITEM
38.28633556147142
-4.79173765419588,1.6668363587831696,4.291987641036767,5.547754326392182,-1.2324969300494837,-0.5167024625637278,-2.6664076873733644,0.4347764132862406,-7.0,-2.0084216430894126,2.6823834506007453,-0.9226429688434232,-3.683807411578672,2.272650247196575,-2.2591630895451313
HOF ITEM
38.28633556147142
-4.79173765419588,1.6668363587831696,4.291987641036767,5.547754326392182,-1.2324969300494837,-0.5167024625637278,-2.6664076873733644,0.4347764132862406,-7.0,-1.816168913398161,2.6823834506007453,-1.328424666871184,-3.683807411578672,2.272650247196575,-2.2591630895451313
HOF ITEM
38.28633556147142
-4.79173765419588,1.6668363587831696,4.291987641036767,5.547754326392182,-1.2324969300494837,-0.5167024625637278,-2.6664076873733644,0.4347764132862406,-7.0,-1.5551532172761724,2.5695175460091173,-2.0901753364172184,-3.683807411578672,2.272650247196575,-2.2591630895451313
HOF ITEM
38.28633556147142
-4.79173765419588,1.6668363587831696,4.291987641036767,5.547754326392182,-1.2324969300494837,-0.5167024625637278,-2.6664076873733644,0.4347764132862406,-7.0,-1.5551532172761724,2.5695175460091173,-1.9598079184372932,-3.683807411578672,2.272650247196575,-2.2591630895451313
best parameter set
fitness 38.210663921381375 seed 399
-4.792294530564731,1.6654073243866518,4.291781339552624,5.54796039776908,-1.2327531817498354,-0.5164460263426565,-2.6664477609928365,0.4351482804139714,-6.99999999998114,-1.5551532172761724,2.5695175460091173,-2.0901753364172184,-3.6811132770337047,2.2720771443069583,-2.259329544111606
