seeds are [600 601 602 603 604 605 606 607 608 609]
seed 600
Initial fitness values: [np.float64(27.5756979285196), np.float64(26.73745695518873), np.float64(25.594764531409012), np.float64(25.08100451109082), np.float64(24.75833730479759), np.float64(24.537542839238505), np.float64(24.308165900752616), np.float64(24.254042464760204), np.float64(24.206904271822193), np.float64(23.815090091719213)]
Final fitness values: [np.float64(22.44092969158247), np.float64(22.44092969158247), np.float64(22.44092969158247), np.float64(22.435270417980107), np.float64(22.435270417980107), np.float64(22.435270417980107), np.float64(22.435270417980107), np.float64(22.41723549736092), np.float64(22.409502610477134), np.float64(22.409502610477134)]
HOF ITEM
22.409502610477134
5.695479834327635,-0.6577942420417469,4.6375260411673525,0.6674663139883051,-0.2979197841302195,-2.3998229379516514,-0.912987249735256,2.863863245243198,5.849018222375076,-7.0,1.1142047176240424,1.9183138812232123,1.7360052962140937,1.910366344439216,-2.3399309037339995
HOF ITEM
22.412542259937
5.695479834327635,-0.6577942420417469,4.694850601813247,0.5269760610581249,-0.08417159995364971,-2.23218635385897,-0.912987249735256,3.0,6.036690064659653,-7.0,1.1142047176240424,1.9183138812232123,1.7360052962140937,1.910366344439216,-2.3399309037339995
HOF ITEM
22.41723549736092
5.695479834327635,-0.6577942420417469,4.694850601813247,0.42867335044539523,-0.08417159995364971,-2.1808478755042087,-0.9213155811806975,3.0,6.011574183505633,-7.0,1.139258550420583,1.799280524102079,1.7360052962140937,1.910366344439216,-2.322156930573895
HOF ITEM
22.43319627598947
5.695479834327635,-0.6577942420417469,4.6375260411673525,0.6674663139883051,-0.2979197841302195,-2.3998229379516514,-0.912987249735256,2.863863245243198,5.849018222375076,-7.0,1.057435596298854,1.9183138812232123,1.7360052962140937,1.910366344439216,-2.3399309037339995
HOF ITEM
22.435270417980107
5.695479834327635,-0.6577942420417469,4.694850601813247,0.5269760610581249,-0.08417159995364971,-2.23218635385897,-0.912987249735256,3.0,6.036690064659653,-7.0,1.057435596298854,1.9183138812232123,1.7360052962140937,1.910366344439216,-2.3399309037339995
seed 601
Initial fitness values: [np.float64(25.841065140849985), np.float64(25.016821403420757), np.float64(22.904008285434642), np.float64(22.78506984676342), np.float64(22.78506984676342), np.float64(22.741126681754444), np.float64(22.741126681754444), np.float64(22.738608246118222), np.float64(22.73781679825163), np.float64(22.73781679825163)]
Final fitness values: [np.float64(20.720355561454333), np.float64(20.68952122735217), np.float64(20.68952122735217), np.float64(20.668398170940936), np.float64(20.668398170940936), np.float64(20.66536050193958), np.float64(20.66536050193958), np.float64(20.66358689211703), np.float64(20.6605087513948), np.float64(20.654005273249716)]
HOF ITEM
20.654005273249716
-3.2503985390237613,1.473827460719399,-2.096419601745749,3.9647266532066965,5.636729681352035,-6.119383625436778,5.142522387526107,0.0,0.1644984603404978,-2.197553003189251,2.60193035189565,-4.522234254200346,-4.981457869089839,2.819471473022371,-0.24556156935326354
HOF ITEM
20.6605087513948
-3.2503985390237613,1.473827460719399,-2.096419601745749,4.08775844505939,5.565860827354156,-6.283204185469066,5.142522387526107,0.0,0.32291382309495875,-2.197553003189251,2.537155069924621,-4.522234254200346,-4.754135947124345,2.819471473022371,-0.24556156935326354
HOF ITEM
20.660563832449558
-3.2503985390237613,1.473827460719399,-2.096419601745749,4.08775844505939,5.565860827354156,-6.283204185469066,5.142522387526107,0.0,0.1513502980703791,-2.197553003189251,2.537155069924621,-4.522234254200346,-4.617260279934489,2.819471473022371,-0.24556156935326354
HOF ITEM
20.66358689211703
-3.2503985390237613,1.473827460719399,-2.0888440207690127,4.08775844505939,5.565860827354156,-6.283204185469066,5.142522387526107,0.0,0.32291382309495875,-2.197553003189251,2.537155069924621,-4.522234254200346,-5.030897818812348,2.819471473022371,-0.24556156935326354
HOF ITEM
20.66365096421375
-3.2503985390237613,1.473827460719399,-2.0888440207690127,4.08775844505939,5.565860827354156,-6.283204185469066,5.076200729657135,0.06256774303807278,0.1775026771954691,-2.197553003189251,2.537155069924621,-4.522234254200346,-5.030897818812348,2.819471473022371,-0.24556156935326354
seed 602
Initial fitness values: [np.float64(26.291297471763524), np.float64(26.155086589492914), np.float64(25.885988432131093), np.float64(25.410426963756404), np.float64(24.83731727065907), np.float64(24.769352001608127), np.float64(24.56687893770106), np.float64(24.496351609959877), np.float64(24.144686711843423), np.float64(24.130532366366072)]
Final fitness values: [np.float64(23.64755202660533), np.float64(23.647552026365258), np.float64(23.647552026365258), np.float64(23.647552026365258), np.float64(23.647545548529664), np.float64(23.647545548529664), np.float64(23.64754554852959), np.float64(23.645277324526866), np.float64(23.645277324526866), np.float64(23.645277324526866)]
HOF ITEM
23.645277324526866
5.373066513938398,-0.5854017572688991,-0.33522552813832024,-5.127603401844133,1.1769277143677201,-6.800621619604697,4.141042470638984,1.7026499499184786,-6.840563976765289,1.286156260002824,1.8360099026855048,-3.921574896916255,1.7716464813832555,1.8629394942732949,-5.592883574824296
HOF ITEM
23.646733862043988
5.373066513938398,-0.5854017572688991,-0.33522552813832024,-5.127603401844133,1.1928051426725157,-6.655439854613228,3.8767399517666012,2.2533370194258993,-7.0,1.286156260002824,1.8360099026855048,-3.921574896916255,1.7716464813832555,1.8629394942732949,-5.592883574824296
HOF ITEM
23.646959295655
5.373066513938398,-0.5854017572688991,-0.23037666910762983,-4.930242325217109,1.1769277143677201,-6.655439854613228,3.661920446096901,1.729864129734325,-6.8112100044933035,1.3554503451378914,1.8582658811773534,-3.375534245512102,1.7716464813832555,1.8629394942732949,-5.94281914884708
HOF ITEM
23.64754554852959
5.373066513938398,-0.5854017572688991,-0.23037666910762983,-5.127603401844133,1.1769277143677201,-6.655439854613228,3.8767399517666012,1.729864129734325,-7.0,1.286156260002824,1.588053660600895,-3.6612743264694902,1.7716464813832555,1.8629394942732949,-5.9863147373968735
HOF ITEM
23.647545548529664
5.373066513938398,-0.5854017572688991,-0.23037666910762983,-5.127603401844133,1.1769277143677201,-6.655439854613228,3.8767399517666012,1.729864129734325,-6.879653279173551,1.286156260002824,1.588053660600895,-3.6612743264694902,1.7716464813832555,1.8629394942732949,-5.9863147373968735
seed 603
Initial fitness values: [np.float64(26.78809967923151), np.float64(26.78809967923151), np.float64(25.40651496536806), np.float64(24.59836191373877), np.float64(24.374116377593506), np.float64(23.643025350175403), np.float64(22.98367891240138), np.float64(22.88743657129428), np.float64(22.88743657129428), np.float64(22.29179530659512)]
Final fitness values: [np.float64(20.680503882128114), np.float64(20.680503882128114), np.float64(20.6795516495925), np.float64(20.6795516495925), np.float64(20.6795516495925), np.float64(20.6795516495925), np.float64(20.679551649592497), np.float64(20.679551649592497), np.float64(20.676531248848402), np.float64(20.676499781470774)]
HOF ITEM
20.676499781470774
-3.2610235130409833,1.56879543153387,-0.3431763992901764,-3.480634256874804,5.73769612008553,5.528097373864653,6.685627944460287,2.8000885641564093,0.2561493000510386,-2.2798469667520025,2.828817286365454,-5.479523732260442,1.2883916643158544,2.941133726968012,2.260694715478081
HOF ITEM
20.676531248848402
-3.2610235130409833,1.56879543153387,-0.3431763992901764,-3.454622244982569,5.73769612008553,5.258290995068593,6.403249925383197,2.078922101104828,0.7474840263380882,-2.2798469667520025,2.828817286365454,-5.479523732260442,1.7613791912252676,2.799809127362099,2.260694715478081
HOF ITEM
20.679551649592497
-3.2610235130409833,1.56879543153387,-0.3431763992901764,-3.454622244982569,5.73769612008553,5.528097373864653,6.980471550357744,2.1921892020450335,0.5847548900724244,-2.2798469667520025,2.828817286365454,-5.479523732260442,1.6098687858767031,2.412851915960296,2.260694715478081
HOF ITEM
20.679551649592497
-3.2610235130409833,1.56879543153387,-0.3431763992901764,-3.454622244982569,5.73769612008553,5.528097373864653,6.685627944460287,2.550686903242934,0.19642012677248077,-2.2798469667520025,2.828817286365454,-5.479523732260442,1.6098687858767031,2.412851915960296,2.260694715478081
HOF ITEM
20.679551649592497
-3.2610235130409833,1.56879543153387,-0.3431763992901764,-3.454622244982569,5.73769612008553,5.528097373864653,6.685627944460287,2.6107513337356973,0.7474840263380882,-2.2798469667520025,2.828817286365454,-5.479523732260442,1.6098687858767031,2.412851915960296,2.260694715478081
seed 604
Initial fitness values: [np.float64(27.561271646150185), np.float64(25.941303917218775), np.float64(24.95950693211087), np.float64(23.640139956994126), np.float64(23.640139956994126), np.float64(23.469516459548064), np.float64(23.413440566742917), np.float64(23.269563391296213), np.float64(23.160464218800794), np.float64(22.78235791175706)]
Final fitness values: [np.float64(20.866599275436737), np.float64(20.86659927543656), np.float64(20.86659927543656), np.float64(20.86659915039908), np.float64(20.8665989536856), np.float64(20.8665989536856), np.float64(20.86659884992889), np.float64(20.86659884992889), np.float64(20.866598742384664), np.float64(20.866598722471768)]
HOF ITEM
20.866598722471768
0.6955352643863163,0.8139063545393229,-1.7895935151035784,-4.875624725058695,7.0,-3.827083682299848,3.9663113464348685,2.2159845172352393,-1.821044450317597,4.290089371563265,1.608184007234883,4.308577603337808,0.9271642535782428,3.0,-0.4979312488779643
HOF ITEM
20.866598722472347
0.6955352643863163,0.8139063545393229,-1.7895935151035784,-4.875624725058695,7.0,-3.827083682299848,3.749755818645928,1.8553703371729642,-2.281021152261903,4.290089371563265,1.608184007234883,4.308577603337808,0.9271642535782428,3.0,-0.4979312488779643
HOF ITEM
20.866598726961012
0.6955352643863163,0.8139063545393229,-1.7895935151035784,-4.875624725058695,7.0,-3.827083682299848,3.7564352681560953,2.2604114554188808,-1.931001888372136,4.0503029235847166,1.608184007234883,4.308577603337808,0.9271642535782428,3.0,-0.4979312488779643
HOF ITEM
20.866598738695572
0.6955352643863163,0.8139063545393229,-1.7895935151035784,-4.875624725058695,7.0,-3.827083682299848,3.7564352681560953,2.2604114554188808,-1.931001888372136,3.842323854649635,1.608184007234883,4.308577603337808,0.9271642535782428,3.0,-0.4979312488779643
HOF ITEM
20.866598741192995
0.6955352643863163,0.8139063545393229,-1.7895935151035784,-4.875624725058695,7.0,-3.827083682299848,3.7564352681560953,2.2604114554188808,-1.931001888372136,3.842323854649635,1.6047345039414553,4.395080565066482,0.9271642535782428,3.0,-0.4979312488779643
seed 605
Initial fitness values: [np.float64(26.893457094502505), np.float64(26.028459724639703), np.float64(24.465850193232757), np.float64(24.465850193232757), np.float64(24.465850193232757), np.float64(24.1827478046925), np.float64(23.90229145387756), np.float64(23.874455368294537), np.float64(23.763688112148746), np.float64(23.585056451440263)]
Final fitness values: [np.float64(20.871125668515933), np.float64(20.871125668515933), np.float64(20.871125668515933), np.float64(20.871125668515933), np.float64(20.871125668515933), np.float64(20.871125668515933), np.float64(20.871125668515933), np.float64(20.870976070955166), np.float64(20.870976070955166), np.float64(20.870976070955166)]
HOF ITEM
20.870976070955166
6.591607761630134,-0.9227910197202203,-3.862650858612466,-4.064933043867822,-3.6173561873498845,1.6811666995842416,0.7315120999766741,3.0,-5.10766001860789,1.3848979450823031,1.2430888833776141,-4.727320742455625,2.9514363766658027,2.0125417047856105,-1.3883272081337357
HOF ITEM
20.87097609784049
6.591607761630134,-0.9227910197202203,-3.862650858612466,-4.064933043867822,-3.6173561873498845,1.6811666995842416,0.7315120999766741,3.0,-5.10766001860789,1.3848979450823031,1.2430888833776141,-4.727320742455625,2.9813935507051865,2.0125417047856105,-1.3883272081337357
HOF ITEM
20.871125639649602
6.591607761630134,-0.9227910197202203,-3.862650858612466,-4.064933043867822,-3.6173561873498845,1.6100405437538416,0.7315120999766741,3.0,-5.1275150275330414,1.3848979450823031,1.2430888833776141,-4.727320742455625,2.9514363766658027,2.0125417047856105,-1.3883272081337357
HOF ITEM
20.871125668515933
6.591607761630134,-0.9227910197202203,-3.862650858612466,-4.064933043867822,-3.6173561873498845,1.6100405437538416,0.7315120999766741,3.0,-5.1275150275330414,1.3848979450823031,1.2430888833776141,-4.727320742455625,2.9813935507051865,2.0125417047856105,-1.3883272081337357
HOF ITEM
20.871125700693565
6.591607761630134,-0.9227910197202203,-3.862650858612466,-4.064933043867822,-3.6173561873498845,1.6100405437538416,0.7315120999766741,3.0,-5.1275150275330414,1.3848979450823031,1.2430888833776141,-4.727320742455625,2.9813935507051865,2.0125417047856105,-0.7771686193524057
seed 606
Initial fitness values: [np.float64(23.87233463361961), np.float64(23.872327378326354), np.float64(23.06945026901166), np.float64(22.41260708842799), np.float64(22.41260708842799), np.float64(21.83698853860804), np.float64(21.83698853860804), np.float64(21.415294218912074), np.float64(21.415294218912074), np.float64(21.415294218912074)]
Final fitness values: [np.float64(20.796949079768055), np.float64(20.796942187246657), np.float64(20.796933595086273), np.float64(20.796933595086273), np.float64(20.79693359431638), np.float64(20.796932466000943), np.float64(20.796932466000943), np.float64(20.796932465354214), np.float64(20.796932460619807), np.float64(20.796932452287233)]
HOF ITEM
20.796932452287233
-0.49490015934929876,1.2542553921794564,0.36621370625841193,-6.3219977926988085,7.0,-2.021746723888044,-5.574943960737935,2.8543349416192294,-2.8637232306713556,3.1146752958745925,1.5425585307310754,-2.5730791946170077,0.3642245954883791,3.0,-0.48692028841064466
HOF ITEM
20.796932460619807
-0.49490015934929876,1.2542553921794564,0.36621370625841193,-6.3219977926988085,7.0,-2.021746723888044,-5.574943960737935,2.8543349416192294,-2.5131395942637793,3.1146752958745925,1.6053905496100624,-2.140444275103735,0.3642245954883791,3.0,-0.48692028841064466
HOF ITEM
20.796932460721525
-0.49490015934929876,1.2542553921794564,0.36621370625841193,-6.3219977926988085,7.0,-2.021746723888044,-5.927796424698041,2.8543349416192294,-2.5131395942637793,3.1146752958745925,1.6053905496100624,-2.4574962188717895,0.3642245954883791,3.0,-0.48692028841064466
HOF ITEM
20.796932460721525
-0.49490015934929876,1.2542553921794564,0.36621370625841193,-6.3219977926988085,7.0,-2.021746723888044,-5.574943960737935,2.8543349416192294,-2.5131395942637793,3.1146752958745925,1.6053905496100624,-2.4574962188717895,0.3642245954883791,3.0,-0.48692028841064466
HOF ITEM
20.796932464146003
-0.49490015934929876,1.2542553921794564,0.36621370625841193,-6.331189965680149,7.0,-2.021746723888044,-6.015076369479772,2.9307643094484077,-2.4402274665744907,3.1146752958745925,1.9204461448641144,-2.6447002895828007,0.3642245954883791,3.0,-0.48692028841064466
seed 607
Initial fitness values: [np.float64(25.387183660216976), np.float64(24.364488860481444), np.float64(23.9852272271277), np.float64(23.91351530968843), np.float64(23.70876232854545), np.float64(23.46480331488031), np.float64(22.69769019131061), np.float64(22.69769019131061), np.float64(22.081011436697892), np.float64(21.565130908165848)]
Final fitness values: [np.float64(19.57382321435643), np.float64(19.57382321435643), np.float64(19.573560867289967), np.float64(19.573560867289967), np.float64(19.573560867289967), np.float64(19.573560867289967), np.float64(19.573560867289967), np.float64(19.573274764709588), np.float64(19.573274764709588), np.float64(19.573274764709588)]
HOF ITEM
19.573274764709588
-7.0,1.647174168738516,-4.699857474571566,1.562053392285343,-4.851097241431463,4.036273737107725,-5.473937591022952,1.8130984663495462,1.222634326451597,-4.183927820033742,1.1150847079565938,3.1439640169068825,0.9452575593573265,2.9040942741872513,-0.3403697341425984
HOF ITEM
19.573274764709588
-7.0,1.647174168738516,-4.699857474571566,1.562053392285343,-4.851097241431463,4.036273737107725,-5.473937591022952,1.8130984663495462,1.222634326451597,-4.183927820033742,1.1150847079565938,3.1439640169068825,0.9452575593573265,2.9040942741872513,-0.3846354798392882
HOF ITEM
19.573274764709588
-7.0,1.647174168738516,-4.699857474571566,1.562053392285343,-4.851097241431463,4.036273737107725,-5.473937591022952,1.8130984663495462,1.222634326451597,-4.183927820033742,1.1150847079565938,3.1439640169068825,0.9515697743395832,3.0,-0.3846354798392882
HOF ITEM
19.573274764709588
-7.0,1.647174168738516,-4.699857474571566,1.562053392285343,-4.851097241431463,4.036273737107725,-5.473937591022952,1.8130984663495462,1.222634326451597,-4.183927820033742,1.1150847079565938,3.1439640169068825,0.9515697743395832,3.0,-0.3403697341425984
HOF ITEM
19.573560867289967
-7.0,1.647174168738516,-4.877479764026363,1.562053392285343,-4.851097241431463,4.036273737107725,-5.473937591022952,1.8130984663495462,1.222634326451597,-4.183927820033742,1.1150847079565938,3.1439640169068825,0.1867475525502645,2.899870441160258,-0.3846354798392882
seed 608
Initial fitness values: [np.float64(28.690347117206787), np.float64(27.88377745077802), np.float64(26.68039982946091), np.float64(25.792911423317523), np.float64(24.872400843253327), np.float64(24.180351525106634), np.float64(23.823797468930042), np.float64(23.05761140405655), np.float64(22.97237518159791), np.float64(21.98607351540662)]
Final fitness values: [np.float64(20.721899515578535), np.float64(20.721899515578535), np.float64(20.721899515578535), np.float64(20.721899515578535), np.float64(20.721899515578535), np.float64(20.721899515578535), np.float64(20.721306526046963), np.float64(20.721306526046963), np.float64(20.721306526046963), np.float64(20.721306526046963)]
HOF ITEM
20.721306526046963
-2.714136048073402,1.5684986771336797,-6.733017315601718,5.056317441657439,7.0,-2.0821257410568577,3.780335598784078,2.4508429984633775,5.782310089458951,-1.5116799753592902,2.9822368989696963,-1.701040248063534,-1.1223623725592418,1.8260740862309333,-2.767152485302752
HOF ITEM
20.721306526046963
-2.714136048073402,1.5684986771336797,-6.733017315601718,5.056317441657439,7.0,-2.0821257410568577,3.780335598784078,2.2501000642258475,5.782310089458951,-1.5116799753592902,2.9822368989696963,-1.701040248063534,-1.1223623725592418,1.8260740862309333,-2.767152485302752
HOF ITEM
20.721899515578535
-2.714136048073402,1.5684986771336797,-6.6714544497364985,5.056317441657439,7.0,-2.0821257410568577,3.780335598784078,2.4508429984633775,5.6443312066357825,-1.5116799753592902,2.9822368989696963,-1.701040248063534,-1.1223623725592418,1.7053935595479328,-2.9639319898194776
HOF ITEM
20.721899515578535
-2.714136048073402,1.5684986771336797,-6.6714544497364985,5.056317441657439,7.0,-2.0821257410568577,3.555007270159487,2.4508429984633775,5.784022602951155,-1.5116799753592902,2.9822368989696963,-1.701040248063534,-1.1223623725592418,1.7053935595479328,-2.9639319898194776
HOF ITEM
20.721899515578535
-2.714136048073402,1.5684986771336797,-6.6714544497364985,5.056317441657439,7.0,-2.0821257410568577,3.555007270159487,2.4508429984633775,5.6443312066357825,-1.5116799753592902,2.9822368989696963,-1.701040248063534,-1.1223623725592418,1.7053935595479328,-2.9639319898194776
seed 609
Initial fitness values: [np.float64(27.74431674919008), np.float64(27.349501733574407), np.float64(26.084589905707155), np.float64(25.23324129691392), np.float64(24.724259474124434), np.float64(24.266965512564475), np.float64(23.955478057042818), np.float64(23.955478057042818), np.float64(23.413538438208974), np.float64(23.056049621647198)]
Final fitness values: [np.float64(17.833903870267882), np.float64(17.833903870267882), np.float64(17.833903870267882), np.float64(17.833903870267882), np.float64(17.801158570786548), np.float64(17.77873499141832), np.float64(17.778335115269424), np.float64(17.77833479276891), np.float64(17.778334652654543), np.float64(17.778334652654543)]
HOF ITEM
17.778334652654543
-4.284803325187005,1.8609068798142916,1.0846580413899072,-0.7126257516963717,-5.809736562850922,-1.7296949658530778,-3.9471092874152847,2.185020096602165,-6.75736107404948,0.9830765598104901,1.5451033826172729,2.813140093636597,-3.213662750400189,2.4525137678762903,-4.023971887026777
HOF ITEM
17.77833479276891
-4.284803325187005,1.8609068798142916,1.0846580413899072,-0.7126257516963717,-5.809736562850922,-1.7296949658530778,-3.9471092874152847,2.185020096602165,-6.75736107404948,0.9830765598104901,1.5451033826172729,2.5995354706825875,-3.213662750400189,2.4525137678762903,-4.023971887026777
HOF ITEM
17.77833499022759
-4.284803325187005,1.8609068798142916,1.0846580413899072,-0.7126257516963717,-5.809736562850922,-1.7296949658530778,-3.9471092874152847,2.185020096602165,-6.75736107404948,0.9830765598104901,1.5451033826172729,2.1906756738837028,-3.213662750400189,2.4525137678762903,-4.023971887026777
HOF ITEM
17.778335115269424
-4.284803325187005,1.8609068798142916,1.0846580413899072,-0.7126257516963717,-5.809736562850922,-1.7296949658530778,-3.9471092874152847,2.185020096602165,-6.75736107404948,1.1743440084747767,1.5451033826172729,2.5995354706825875,-3.213662750400189,2.4525137678762903,-4.023971887026777
HOF ITEM
17.778335195811753
-4.284803325187005,1.8609068798142916,1.0846580413899072,-0.7126257516963717,-5.809736562850922,-1.7296949658530778,-3.9471092874152847,2.185020096602165,-6.75736107404948,1.1743440084747767,1.5451033826172729,2.1906756738837028,-3.213662750400189,2.4525137678762903,-4.023971887026777
best parameter set
fitness 17.68972842246604 seed 609
-4.284568039119086,1.8560825236081708,1.0833467660987406,-0.711315683105247,-5.812205640045575,-1.7271973881926366,-3.944385979988921,2.1849310504423625,-6.757362371234155,1.1743440002500585,1.5451033614121514,2.599535469240703,-3.217313578618305,2.452893777418607,-4.021251151164467
