seeds are [540 541 542 543 544 545 546 547 548 549]
seed 540
Initial fitness values: [np.float64(24.812532494131037), np.float64(24.812532494131037), np.float64(23.654837815217725), np.float64(23.542629527258878), np.float64(22.5256010085893), np.float64(21.93215597979881), np.float64(21.801340478726452), np.float64(21.801340478726452), np.float64(21.413548933556974), np.float64(20.903418687475966)]
Final fitness values: [np.float64(20.129087690990268), np.float64(20.129087690990268), np.float64(20.129087690990268), np.float64(20.094617878015693), np.float64(20.078455812738255), np.float64(20.078455812738255), np.float64(20.078455812738255), np.float64(20.052392898101214), np.float64(20.052392898101214), np.float64(20.05201545484741)]
HOF ITEM
20.05201545484741
-2.913207991562317,1.5833985651330207,5.036766111135294,5.399638202391774,5.05768474546594,5.40590633348056,3.003437738040905,2.8618311520664492,3.499812045096456,-1.6521632046605406,2.984628064740602,-0.7624878187022276,5.237503487451086,0.03650156547983349,6.886368347786395
HOF ITEM
20.052392898101214
-2.913207991562317,1.5833985651330207,5.036766111135294,5.399638202391774,5.05768474546594,5.4040546129802545,2.4336078032968294,2.9328940649192194,3.499812045096456,-1.6521632046605406,2.984628064740602,-0.7624878187022276,5.237503487451086,0.03650156547983349,6.886368347786395
HOF ITEM
20.052392898101214
-2.913207991562317,1.5833985651330207,5.036766111135294,5.399638202391774,5.05768474546594,5.4040546129802545,3.003437738040905,2.8618311520664492,3.499812045096456,-1.6521632046605406,2.984628064740602,-0.7624878187022276,5.237503487451086,0.03650156547983349,6.886368347786395
HOF ITEM
20.07056101387382
-2.913207991562317,1.5833985651330207,5.1432020526395705,5.754522708992127,5.05768474546594,5.40590633348056,2.4336078032968294,2.9328940649192194,3.3548502836603253,-1.6521632046605406,2.984628064740602,-0.7020496290835879,5.237503487451086,0.03650156547983349,6.827357259503477
HOF ITEM
20.078455812738255
-2.913207991562317,1.5833985651330207,5.1432020526395705,5.754522708992127,5.05768474546594,5.40590633348056,2.4336078032968294,2.8618311520664492,3.499812045096456,-1.6521632046605406,2.984628064740602,-0.7020496290835879,5.237503487451086,0.03650156547983349,6.886368347786395
seed 541
Initial fitness values: [np.float64(26.549870447118842), np.float64(23.069980261255), np.float64(23.069980261255), np.float64(22.412026014901564), np.float64(22.412026014901564), np.float64(21.787885596920923), np.float64(21.64211364379149), np.float64(21.091293801214604), np.float64(21.091293801214604), np.float64(21.038453797085094)]
Final fitness values: [np.float64(20.65614391025014), np.float64(20.65614391025014), np.float64(20.65614391025014), np.float64(20.65614391025014), np.float64(20.65614391025014), np.float64(20.656143910250133), np.float64(20.656143910250133), np.float64(20.656143910250133), np.float64(20.656143910250133), np.float64(20.656143910250133)]
HOF ITEM
20.656143910250133
-2.944867066501388,1.6056749065269857,5.321638607116071,0.24066701170879254,-4.3145935502069985,5.344403568807933,4.808840158677945,1.5424603974366429,0.08238371507828991,-1.6516088174985681,3.0,-0.4505478238218598,-6.616383914053949,3.0,-3.276501197728256
HOF ITEM
20.656143910250137
-2.944867066501388,1.6056749065269857,5.321638607116071,0.24066701170879254,-4.3145935502069985,5.344403568807933,4.808840158677945,1.7637174644498306,0.08238371507828991,-1.6516088174985681,3.0,-0.4505478238218598,-6.616383914053949,3.0,-3.276501197728256
HOF ITEM
20.656143910250137
-2.944867066501388,1.6056749065269857,5.321638607116071,0.24066701170879254,-4.3145935502069985,5.344403568807933,4.808840158677945,1.7637174644498306,-0.025072750296716226,-1.6516088174985681,3.0,-0.4505478238218598,-6.616383914053949,3.0,-3.276501197728256
HOF ITEM
20.656143910250137
-2.944867066501388,1.6056749065269857,5.321638607116071,0.24066701170879254,-4.3145935502069985,5.344403568807933,4.808840158677945,1.7637174644498306,-0.11036700759677569,-1.6516088174985681,3.0,-0.4505478238218598,-6.616383914053949,3.0,-3.276501197728256
HOF ITEM
20.656143910250137
-2.944867066501388,1.6056749065269857,5.321638607116071,0.24066701170879254,-4.3145935502069985,5.344403568807933,4.808840158677945,1.5424603974366429,0.08238371507828991,-1.6516088174985681,3.0,-0.4505478238218598,-6.616383914053949,2.8582016907946697,-3.276501197728256
seed 542
Initial fitness values: [np.float64(27.479069850929555), np.float64(27.479069850929555), np.float64(27.06111750882827), np.float64(26.452487074687436), np.float64(26.06153775536726), np.float64(25.906811733263595), np.float64(25.384904239000274), np.float64(24.888828186826938), np.float64(24.549771940931354), np.float64(24.481542400670687)]
Final fitness values: [np.float64(20.774857472511663), np.float64(20.774856961067044), np.float64(20.774856961067044), np.float64(20.774856961067044), np.float64(20.774856961067037), np.float64(20.75616312653927), np.float64(20.75616312653927), np.float64(20.756163126539214), np.float64(20.75616231984671), np.float64(20.75616217604287)]
HOF ITEM
20.75616217604287
-6.653328417372069,1.5529273882979886,4.457011298550851,7.0,-7.0,5.557696261237136,-1.129736936567166,1.937724249752855,4.832137290545816,-5.413801332406861,1.8674645625068866,-0.4722915920980912,2.115478025684111,1.2957962261655407,-1.2727951692480286
HOF ITEM
20.75616231984671
-6.653328417372069,1.5529273882979886,4.457011298550851,7.0,-7.0,5.211159067026026,-1.129736936567166,1.937724249752855,4.832137290545816,-5.413801332406861,1.8674645625068866,-0.4722915920980912,2.115478025684111,1.2957962261655407,-1.2727951692480286
HOF ITEM
20.756162564037588
-6.653328417372069,1.5529273882979886,4.295359580838484,6.784241710731353,-7.0,5.265138912629419,-1.129736936567166,1.937724249752855,4.832137290545816,-5.413801332406861,1.8674645625068866,-0.4722915920980912,2.115478025684111,1.2957962261655407,-1.2727951692480286
HOF ITEM
20.756162591164625
-6.653328417372069,1.5529273882979886,4.295359580838484,6.784241710731353,-7.0,5.211159067026026,-1.129736936567166,1.937724249752855,4.832137290545816,-5.413801332406861,1.8674645625068866,-0.4722915920980912,2.1371803935935896,1.2957962261655407,-1.2727951692480286
HOF ITEM
20.756162616270533
-6.653328417372069,1.5529273882979886,4.295359580838484,6.784241710731353,-7.0,5.169946628806497,-1.2340681812896954,1.937724249752855,4.832137290545816,-5.413801332406861,1.8674645625068866,-0.4722915920980912,2.3137111921312394,1.2957962261655407,-1.7117170564118858
seed 543
Initial fitness values: [np.float64(25.601800766828585), np.float64(24.708965190888836), np.float64(23.57826781556569), np.float64(22.805962109569478), np.float64(21.68168883412204), np.float64(21.606138372459775), np.float64(21.302970931253068), np.float64(21.073708595233047), np.float64(21.073708595233047), np.float64(20.78129250226772)]
Final fitness values: [np.float64(19.301834060048833), np.float64(19.301834060048833), np.float64(19.301833480377258), np.float64(19.301833480377258), np.float64(19.301833480377258), np.float64(19.286090135861105), np.float64(19.286090135861105), np.float64(19.251191565026435), np.float64(19.251191565026435), np.float64(19.251191565026435)]
HOF ITEM
19.251191565026435
-4.914058202329057,1.5073465399052053,6.696479460318116,-4.913515061709169,-6.377118795766032,0.8017287972710244,3.1174260716128943,1.7434534583173127,0.491328847951625,0.06433088512975471,0.3071774172587548,3.323296108859919,-4.395525147521227,2.2129826246285536,-7.0
HOF ITEM
19.251191565026435
-4.914058202329057,1.5073465399052053,6.696479460318116,-4.913515061709169,-6.377118795766032,0.8017287972710244,3.0442197374668254,1.7434534583173127,0.491328847951625,0.06433088512975471,0.3071774172587548,3.323296108859919,-4.395525147521227,2.2129826246285536,-7.0
HOF ITEM
19.286081097738855
-4.914058202329057,1.5073465399052053,6.601847845675563,-4.913515061709169,-6.377118795766032,0.8017287972710244,3.0442197374668254,1.7434534583173127,0.491328847951625,-0.210742046651074,0.3468421830077804,3.114563219560216,-4.395525147521227,2.2129826246285536,-7.0
HOF ITEM
19.286090135861105
-4.914058202329057,1.5073465399052053,6.601847845675563,-5.171127334725152,-6.377118795766032,0.8017287972710244,3.1174260716128943,1.6899959980473165,0.6901652743937532,-0.210742046651074,0.3468421830077804,3.114563219560216,-4.395525147521227,2.2129826246285536,-7.0
HOF ITEM
19.286090135861105
-4.914058202329057,1.5073465399052053,6.601847845675563,-5.171127334725152,-6.377118795766032,0.8017287972710244,3.0230161522603836,2.0798834403672717,0.6901652743937532,-0.210742046651074,0.3468421830077804,3.114563219560216,-4.395525147521227,2.2129826246285536,-7.0
seed 544
Initial fitness values: [np.float64(26.429731381716216), np.float64(24.773597480822467), np.float64(24.461074183477756), np.float64(24.4582271157277), np.float64(24.245104709786055), np.float64(24.245104709786055), np.float64(24.245103299239133), np.float64(24.16398087152024), np.float64(24.009734156383853), np.float64(23.771357076431656)]
Final fitness values: [np.float64(22.37078744878266), np.float64(22.370764095552072), np.float64(22.36720891608358), np.float64(22.34992014008808), np.float64(22.349721012417845), np.float64(22.348726192783733), np.float64(22.348286526436187), np.float64(22.34784335317564), np.float64(22.346587514178324), np.float64(22.32764616421751)]
HOF ITEM
22.32764616421751
6.100339966284247,-0.8065689920034199,6.733258252274029,1.7542348431711736,2.3694119285548028,-4.309820772268049,-6.047011222558077,0.6869042024746442,-1.0849508379275559,0.7102019880895314,1.8900044463370398,1.2226602388509384,1.5545608042321082,2.979218092833105,-0.6600169419647299
HOF ITEM
22.346281890867267
6.100339966284247,-0.8065689920034199,6.094740234558009,1.7542348431711736,2.41484817265028,-4.214600770141893,-5.654862223196064,0.7347786642808519,-1.214338344507877,0.7625478074283976,2.55422228783179,0.9655160055508493,1.5545608042321082,3.0,-0.6600169419647299
HOF ITEM
22.346587514178324
6.100339966284247,-0.8065689920034199,6.094740234558009,1.6422011923252073,2.7134466955542047,-4.050623940247803,-4.622818970385757,0.12582391662778422,-1.5353903277721777,0.7153814350228617,2.853364874413741,0.9655160055508493,1.5545608042321082,3.0,-0.6600169419647299
HOF ITEM
22.346830735042435
6.100339966284247,-0.8065689920034199,6.29555191385268,1.6422011923252073,2.7134466955542047,-3.8823060302875936,-5.583614445685139,1.050301841190207,-1.7550850370963609,0.7415334856571295,2.2776771606520305,0.9655160055508493,1.5545608042321082,3.0,-0.6600169419647299
HOF ITEM
22.347014743038134
6.100339966284247,-0.8065689920034199,6.29555191385268,1.7542348431711736,2.585618677797779,-4.050623940247803,-4.956726210535403,0.04750500076150843,-1.3928249540595998,0.7415334856571295,2.305366152221198,0.9655160055508493,1.5545608042321082,3.0,-0.6600169419647299
seed 545
Initial fitness values: [np.float64(28.365782124833057), np.float64(28.16545890443025), np.float64(25.0136691737239), np.float64(24.860230759132893), np.float64(24.451175259587938), np.float64(24.245763335048487), np.float64(24.16015374469313), np.float64(24.155606141666517), np.float64(24.077265863678623), np.float64(23.997381577777244)]
Final fitness values: [np.float64(22.418364129156902), np.float64(22.40120036225794), np.float64(22.338395788658655), np.float64(22.338395788658655), np.float64(22.301765208989163), np.float64(22.153431214039937), np.float64(22.115011903217127), np.float64(22.115011903217127), np.float64(22.1008312030832), np.float64(22.09457437820676)]
HOF ITEM
22.09457437820676
4.107698577674643,-0.25920764017148307,-0.757838911076476,1.8720931571385142,-2.701196401689783,3.1689686277214455,6.474076537918243,1.7278419439664767,5.962776568968139,1.5643207829654582,3.0,-0.6839668282312403,-1.072682265313599,3.0,-4.5898056180329725
HOF ITEM
22.1008312030832
4.107698577674643,-0.25920764017148307,-0.8647898249859325,2.118356067729403,-2.4309369938487673,3.1689686277214455,6.362780534045323,1.638418251402217,6.128582930403254,1.5643207829654582,3.0,-0.6839668282312403,-1.4101078848722592,2.772087287613472,-4.369982124162278
HOF ITEM
22.102437417409362
4.107698577674643,-0.25920764017148307,-0.9524085349289623,1.8720931571385142,-2.4309369938487673,3.1689686277214455,6.20340822593487,1.7278419439664767,6.128582930403254,1.5643207829654582,3.0,-0.6839668282312403,-1.4101078848722592,2.772087287613472,-4.369982124162278
HOF ITEM
22.10361728741356
4.107698577674643,-0.25920764017148307,-0.8905431123034424,1.4928302864102279,-2.539580824196886,3.1689686277214455,6.474076537918243,1.731055232255434,5.962776568968139,1.5643207829654582,3.0,-0.6839668282312403,-1.0097776018984752,2.909644448783318,-4.24585810163438
HOF ITEM
22.106886711017278
4.107698577674643,-0.25920764017148307,-0.9640677373716428,1.4928302864102279,-2.539580824196886,3.078301928692229,6.302629118895258,2.037609854640697,6.128582930403254,1.5643207829654582,3.0,-0.6839668282312403,-1.072682265313599,3.0,-4.194556996830098
seed 546
Initial fitness values: [np.float64(27.465574766550674), np.float64(26.979896173855217), np.float64(25.46828948803391), np.float64(25.224066070363456), np.float64(23.04262804317601), np.float64(23.020377925488688), np.float64(22.135958141950482), np.float64(21.496222072635724), np.float64(21.496222072635724), np.float64(21.23634579743825)]
Final fitness values: [np.float64(20.920372789621315), np.float64(20.920372789621315), np.float64(20.91859966263217), np.float64(20.917972860865724), np.float64(20.917972860865724), np.float64(20.915835202144184), np.float64(20.915835202144184), np.float64(20.91504975169017), np.float64(20.91504975169017), np.float64(20.91504975169017)]
HOF ITEM
20.91504975169017
1.0917299015731188,0.6385872596197426,-1.2565058099926474,-3.5204168277991275,1.4931062401737827,-0.3958078697821107,5.032320604622427,2.603533284216273,-4.312956767132574,0.9395125444964674,3.0,-2.570507442776353,2.957437089139383,1.3691174835064992,-4.763807590188387
HOF ITEM
20.91504975169017
1.0917299015731188,0.6385872596197426,-1.2565058099926474,-3.5204168277991275,1.4931062401737827,-0.3958078697821107,4.68733510959825,2.61873324101459,-4.312956767132574,0.9395125444964674,3.0,-2.570507442776353,2.957437089139383,1.3691174835064992,-4.763807590188387
HOF ITEM
20.91504975169017
1.0917299015731188,0.6385872596197426,-1.2565058099926474,-3.5204168277991275,1.4931062401737827,-0.3958078697821107,5.087856050067521,2.603533284216273,-4.312956767132574,0.9395125444964674,3.0,-2.570507442776353,2.957437089139383,1.3691174835064992,-4.763807590188387
HOF ITEM
20.91504975169017
1.0917299015731188,0.6385872596197426,-1.2565058099926474,-3.5204168277991275,1.4931062401737827,-0.3958078697821107,5.032320604622427,2.61873324101459,-4.312956767132574,0.9395125444964674,3.0,-2.570507442776353,2.957437089139383,1.3691174835064992,-4.763807590188387
HOF ITEM
20.915835202144184
1.0917299015731188,0.6385872596197426,-1.2565058099926474,-3.5204168277991275,1.4931062401737827,-0.3958078697821107,5.087856050067521,2.603533284216273,-4.7098146955912625,0.9395125444964674,3.0,-2.570507442776353,3.0377876632879417,1.3691174835064992,-4.863029006003697
seed 547
Initial fitness values: [np.float64(24.887292020952575), np.float64(24.887292020952575), np.float64(23.80803188787217), np.float64(23.371646773705404), np.float64(22.989045418312532), np.float64(22.989045418312532), np.float64(22.972731457058927), np.float64(22.9415372431285), np.float64(22.9415372431285), np.float64(22.933709028473732)]
Final fitness values: [np.float64(22.704711151712356), np.float64(22.698363922302136), np.float64(22.69725601898074), np.float64(22.69685817876841), np.float64(22.69685817876841), np.float64(22.692886998061553), np.float64(22.692886998061553), np.float64(22.688126851259117), np.float64(22.622831360437385), np.float64(22.622831360437385)]
HOF ITEM
22.622831360437385
6.130678524950191,-0.9515546393695319,0.954135964649234,2.560357334644367,-1.7350428111146579,5.167493457513805,3.0216661947077057,1.469358617868489,-5.905240087266804,1.315916417128005,2.8724115075052716,-0.4431405251459303,6.4867851905216956,2.000491530200576,-4.632242979363119
HOF ITEM
22.6228357509567
6.130678524950191,-0.9515546393695319,0.954135964649234,2.560357334644367,-1.7350428111146579,5.167493457513805,3.0216661947077057,1.469358617868489,-5.9519092921644425,1.315916417128005,2.8724115075052716,-0.4431405251459303,6.4867851905216956,2.000491530200576,-4.632242979363119
HOF ITEM
22.651671825733047
6.130678524950191,-0.952784714081671,0.954135964649234,2.560357334644367,-1.7350428111146579,5.167493457513805,3.0216661947077057,1.469358617868489,-5.905240087266804,1.315916417128005,2.8724115075052716,-0.4431405251459303,6.4867851905216956,1.9025819918552929,-4.389078131664252
HOF ITEM
22.65887179862916
6.130678524950191,-0.952784714081671,1.0647514626473844,2.2203333301464334,-1.7350428111146579,5.167493457513805,3.0216661947077057,1.469358617868489,-5.905240087266804,1.315916417128005,2.8724115075052716,-0.4431405251459303,6.4867851905216956,2.000491530200576,-4.468904849961411
HOF ITEM
22.680845691410564
6.130678524950191,-0.952784714081671,0.8208560483451288,2.560357334644367,-1.7350428111146579,5.111067806212093,3.4054111356443073,1.4517416262650276,-5.905240087266804,1.3057788674824147,2.5870510027459623,-0.4578026885260966,6.861666552264143,2.000491530200576,-3.970897434319428
seed 548
Initial fitness values: [np.float64(25.120662863771905), np.float64(25.015275254577492), np.float64(24.988504759492105), np.float64(24.581398085356465), np.float64(22.764841144850344), np.float64(22.764841144850344), np.float64(22.764841144850344), np.float64(22.756244006780914), np.float64(22.75200669260606), np.float64(22.75200669260606)]
Final fitness values: [np.float64(21.272313768409813), np.float64(21.272313768409813), np.float64(21.272313768409813), np.float64(21.272313768409813), np.float64(21.272313768409813), np.float64(21.272313768409813), np.float64(21.272313768409813), np.float64(21.272313768409813), np.float64(21.272313768409813), np.float64(21.272189826004816)]
HOF ITEM
21.272189826004816
-3.7095232930381337,1.4278440946750328,-6.340179104095857,0.9480758601209469,5.552359888432155,5.972672264346401,-0.45832582408518807,0.691919495568437,4.307938712776066,-5.6273613025115,2.636385212718877,-2.6722117591604673,2.794345870722733,2.009347203092453,-0.3099378227457754
HOF ITEM
21.272313768409813
-3.7095232930381337,1.4278440946750328,-6.221870103454775,0.9480758601209469,5.552359888432155,6.090665312801387,-0.45832582408518807,0.691919495568437,4.307938712776066,-5.6273613025115,2.636385212718877,-2.6722117591604673,3.500424856859281,2.1614160262728093,-0.3099378227457754
HOF ITEM
21.272313768409813
-3.7095232930381337,1.4278440946750328,-6.221870103454775,0.9480758601209469,5.552359888432155,6.090665312801387,-0.45832582408518807,0.691919495568437,4.307938712776066,-5.6273613025115,2.636385212718877,-2.6722117591604673,3.190180910523826,2.009347203092453,-0.3368885083173623
HOF ITEM
21.272313768409813
-3.7095232930381337,1.4278440946750328,-6.221870103454775,0.9480758601209469,5.552359888432155,6.090665312801387,-0.45832582408518807,0.691919495568437,4.307938712776066,-5.6273613025115,2.636385212718877,-2.6722117591604673,3.500424856859281,2.009347203092453,-0.3099378227457754
HOF ITEM
21.272313768409813
-3.7095232930381337,1.4278440946750328,-6.221870103454775,0.9480758601209469,5.552359888432155,6.090665312801387,-0.45832582408518807,0.691919495568437,4.307938712776066,-5.6273613025115,2.636385212718877,-2.6722117591604673,3.500424856859281,2.1614160262728093,-0.1461757985496308
seed 549
Initial fitness values: [np.float64(28.351979748310175), np.float64(27.764642509959796), np.float64(26.83018263982981), np.float64(23.18644839198271), np.float64(23.18644839198271), np.float64(23.012687850518656), np.float64(22.89092607170885), np.float64(22.564077265001384), np.float64(22.5246226023205), np.float64(22.476271054446347)]
Final fitness values: [np.float64(20.501713275871808), np.float64(20.501713275871808), np.float64(20.501713275871808), np.float64(20.501713275871808), np.float64(20.501713275871808), np.float64(20.501713275871808), np.float64(20.501713275871808), np.float64(20.501713275871808), np.float64(20.501713275871808), np.float64(20.501713275871808)]
HOF ITEM
20.501713275871808
-3.3498632923946157,1.327872467937328,5.477446633914625,-1.2722468617632066,0.06533625358258731,5.5663897541561225,-6.680851387546362,2.7206381532340056,5.649347257441438,1.6583625855433552,0.7997786122122542,-6.79478116440232,-2.965900785881753,2.8584230595903986,-4.110727013166697
HOF ITEM
20.501713275871808
-3.3498632923946157,1.327872467937328,5.477446633914625,-1.2722468617632066,0.06533625358258731,5.5663897541561225,-6.680851387546362,2.742293431853996,5.649347257441438,1.6583625855433552,0.7997786122122542,-6.79478116440232,-2.965900785881753,2.8584230595903986,-4.110727013166697
HOF ITEM
20.501722038533817
-3.3498632923946157,1.395759877493604,5.477446633914625,-1.2722468617632066,0.06533625358258731,5.5663897541561225,-6.680851387546362,2.742293431853996,5.649347257441438,1.6583625855433552,0.7997786122122542,-6.79478116440232,-2.965900785881753,2.8584230595903986,-4.110727013166697
HOF ITEM
20.501733256178028
-3.3498632923946157,1.327872467937328,5.477446633914625,-1.2722468617632066,0.06533625358258731,5.5663897541561225,-6.680851387546362,2.742293431853996,5.649347257441438,1.6583625855433552,0.7997786122122542,-6.79478116440232,-2.6966827442616816,2.8584230595903986,-4.110727013166697
HOF ITEM
20.501818610798985
-3.377169752610419,1.395759877493604,5.477446633914625,-1.2722468617632066,0.06533625358258731,5.5663897541561225,-6.680851387546362,2.7206381532340056,5.649347257441438,1.6583625855433552,0.7997786122122542,-6.79478116440232,-2.965900785881753,2.8584230595903986,-4.110727013166697
best parameter set
fitness 19.249758875686368 seed 543
-4.914119917158809,1.5074509650679921,6.696479461092055,-4.913515062215206,-6.377065903142948,0.801675903219717,3.1174260716128943,1.7434534583173127,0.491328847951625,0.06428408336330756,0.3071645486220529,3.3233318858635847,-4.3954148773275135,2.212921057531877,-7.0
