seeds are [220 221 222 223 224 225 226 227 228 229]
seed 220
Initial fitness values: [np.float64(46.842479195832894), np.float64(46.7846747820229), np.float64(44.13420243634312), np.float64(44.03014024589749), np.float64(43.00957975856108), np.float64(43.00957975856108), np.float64(41.29207115027285), np.float64(41.29207095434659), np.float64(41.29207043373773), np.float64(41.13256519160427)]
Final fitness values: [np.float64(40.75108627996767), np.float64(40.75108627996767), np.float64(40.75108627996767), np.float64(40.75108627996767), np.float64(40.75107528055821), np.float64(40.7507765472744), np.float64(40.7507765472744), np.float64(40.7507765472744), np.float64(40.7507765472744), np.float64(40.750762905122265)]
HOF ITEM
40.750762905122265
-4.719088113762555,1.6011425118273368,-6.300555832110451,-3.857111251518486,-5.242601578768347,4.069476759335137,-3.386536163023664,2.3192376927808325,0.5787561322648325,-4.835849472756358,2.5814764893493938,-1.0206407357443612,-3.4130600827262634,0.9056335099020669,3.379713508878963
HOF ITEM
40.7507765472744
-4.719088113762555,1.6011425118273368,-6.300555832110451,-3.857111251518486,-5.242601578768347,4.234190533248208,-3.386536163023664,2.3192376927808325,0.5787561322648325,-4.835849472756358,2.5814764893493938,-1.0206407357443612,-3.4130600827262634,0.9056335099020669,3.379713508878963
HOF ITEM
40.7507765472744
-4.719088113762555,1.6011425118273368,-6.300555832110451,-3.857111251518486,-5.242601578768347,4.234190533248208,-3.386536163023664,2.3192376927808325,0.5787561322648325,-4.835849472756358,2.7658700776652214,-0.30932797027819725,-3.4130600827262634,0.9056335099020669,3.379713508878963
HOF ITEM
40.75078956451116
-4.719088113762555,1.6011425118273368,-6.300555832110451,-3.857111251518486,-5.242601578768347,4.234190533248208,-3.386536163023664,2.3192376927808325,0.5787561322648325,-5.035616626511317,2.5814764893493938,-1.0206407357443612,-3.4130600827262634,0.58141671430852,3.379713508878963
HOF ITEM
40.75078956451116
-4.719088113762555,1.6011425118273368,-6.300555832110451,-3.857111251518486,-5.242601578768347,4.234190533248208,-3.386536163023664,2.3192376927808325,0.5787561322648325,-5.035616626511317,2.5814764893493938,-0.6878837475692059,-3.4130600827262634,0.58141671430852,3.379713508878963
seed 221
Initial fitness values: [np.float64(51.71123277943861), np.float64(46.995730589648545), np.float64(46.995730589648545), np.float64(46.995730589648545), np.float64(46.185276733601256), np.float64(45.56479863637109), np.float64(45.042115895906846), np.float64(44.852190303601475), np.float64(44.70733586026917), np.float64(44.55085830973747)]
Final fitness values: [np.float64(43.79300254137898), np.float64(43.785507494862834), np.float64(43.785507494862834), np.float64(43.785507494862834), np.float64(43.777318164549996), np.float64(43.777197914991255), np.float64(43.777197914991255), np.float64(43.777197914991255), np.float64(43.74857005093059), np.float64(43.74857005093059)]
HOF ITEM
43.74857005093059
5.726769991831634,-0.9358046941194195,2.9536519760557827,0.8277381078967092,-1.0585059750642134,-3.857054704859372,0.47551111065421714,1.0253647267394432,-4.90658862980253,1.0580962963980411,3.0,-1.9729550992828888,2.033567268459593,1.7290948455655442,-3.5508110455213493
HOF ITEM
43.777197914991255
5.726769991831634,-0.9358046941194195,2.9536519760557827,0.586562675590977,-1.0585059750642134,-3.857054704859372,0.47551111065421714,1.0253647267394432,-5.260128759202873,1.0580962963980411,3.0,-1.9729550992828888,2.033567268459593,1.7290948455655442,-3.5508110455213493
HOF ITEM
43.777318164549996
5.726769991831634,-0.9358046941194195,2.9536519760557827,0.586562675590977,-1.0585059750642134,-3.857054704859372,0.47551111065421714,1.0253647267394432,-5.192744359888793,1.0580962963980411,3.0,-1.9729550992828888,2.033567268459593,1.7290948455655442,-3.5508110455213493
HOF ITEM
43.77765436186855
5.726769991831634,-0.9358046941194195,2.9536519760557827,0.586562675590977,-1.0585059750642134,-3.857054704859372,0.47551111065421714,1.0253647267394432,-5.025375672834732,1.0580962963980411,3.0,-1.9729550992828888,2.033567268459593,1.7290948455655442,-3.5508110455213493
HOF ITEM
43.78018752261368
5.726769991831634,-0.9358046941194195,2.9536519760557827,0.586562675590977,-1.0585059750642134,-3.857054704859372,0.47551111065421714,1.0253647267394432,-5.260128759202873,1.0580962963980411,3.0,-1.9729550992828888,2.033567268459593,1.7290948455655442,-3.7116847539567357
seed 222
Initial fitness values: [np.float64(48.03736490512159), np.float64(48.03736490512159), np.float64(46.40848432169927), np.float64(45.68535797170157), np.float64(45.151108177053594), np.float64(44.19943385179054), np.float64(43.666893785577706), np.float64(42.1679244574806), np.float64(42.1679244574806), np.float64(42.16779041887303)]
Final fitness values: [np.float64(41.1117489869086), np.float64(41.1117489869086), np.float64(41.105665722813306), np.float64(41.10173046317398), np.float64(41.099438592586694), np.float64(41.099438592586694), np.float64(41.099438592586694), np.float64(41.099434120901805), np.float64(41.093853297748424), np.float64(41.09344014003748)]
HOF ITEM
41.09344014003748
-2.0025950127657897,1.4917395397101847,-0.5149130376617006,-4.291037509769532,-5.949068999934646,1.679645959748835,-0.778878279815601,2.818125947518241,3.280470068834677,2.205348416018721,1.0244633287571374,-3.7438770802837125,-5.658435692663719,2.6094324174052703,6.4296603448023415
HOF ITEM
41.09344014003748
-2.0025950127657897,1.4917395397101847,-0.5149130376617006,-4.291037509769532,-5.949068999934646,1.679645959748835,-0.778878279815601,2.818125947518241,3.280470068834677,2.205348416018721,1.0244633287571374,-3.7438770802837125,-5.042794054027658,2.6094324174052703,6.4296603448023415
HOF ITEM
41.093853297748424
-2.0025950127657897,1.4917395397101847,-0.5149130376617006,-4.291037509769532,-5.949068999934646,1.679645959748835,-0.778878279815601,2.818125947518241,3.280470068834677,2.205348416018721,1.0412798195495843,-3.7438770802837125,-5.658435692663719,2.6094324174052703,6.4296603448023415
HOF ITEM
41.099434120901805
-2.0025950127657897,1.4917395397101847,-0.5149130376617006,-4.291037509769532,-6.190209449841333,1.679645959748835,-0.778878279815601,2.818125947518241,3.280470068834677,2.205348416018721,1.0244633287571374,-3.7438770802837125,-5.042794054027658,2.6094324174052703,6.535063184224197
HOF ITEM
41.099435355945076
-2.0025950127657897,1.4917395397101847,-0.5149130376617006,-4.291037509769532,-6.190209449841333,1.679645959748835,-0.778878279815601,2.818125947518241,3.280470068834677,2.205348416018721,1.0244633287571374,-3.7321819959242415,-5.004295033147117,2.6094324174052703,6.535063184224197
seed 223
Initial fitness values: [np.float64(50.03051720987429), np.float64(50.03051720987429), np.float64(48.64644961180152), np.float64(47.41971047149363), np.float64(47.41971047149363), np.float64(47.19388644186272), np.float64(46.78069462851394), np.float64(46.10099902501476), np.float64(45.70384519722899), np.float64(45.30770516458319)]
Final fitness values: [np.float64(42.87910463143306), np.float64(42.87910463143306), np.float64(42.87910463143306), np.float64(42.87910463143306), np.float64(42.87910463143306), np.float64(42.8724519307649), np.float64(42.87243301621961), np.float64(42.87243301621961), np.float64(42.8724182201343), np.float64(42.8724182201343)]
HOF ITEM
42.8724182201343
4.661418853304659,-0.6411426187300675,2.5841514855269874,-7.0,-4.740838028959578,-1.5662166086100717,-2.7190282877344756,0.2688737482012235,-2.0854458118555166,2.5742958150549837,1.4417136648618267,-0.9671779127522909,1.208915194591331,3.0,-2.6852269543461746
HOF ITEM
42.87243292338045
4.661418853304659,-0.6411426187300675,2.5841514855269874,-7.0,-4.740838028959578,-1.5662166086100717,-2.7463600709866327,0.2688737482012235,-2.227338631524252,2.5742958150549837,1.4417136648618267,-0.9671779127522909,1.208915194591331,3.0,-2.6852269543461746
HOF ITEM
42.87243301621961
4.661418853304659,-0.6411426187300675,2.5841514855269874,-7.0,-4.740838028959578,-1.5662166086100717,-2.7190282877344756,0.2688737482012235,-2.227338631524252,2.5742958150549837,1.4417136648618267,-0.9671779127522909,1.208915194591331,3.0,-2.6852269543461746
HOF ITEM
42.87243678620523
4.661418853304659,-0.6411426187300675,2.5841514855269874,-7.0,-4.740838028959578,-1.5662166086100717,-2.7463600709866327,0.30816403605701453,-2.0854458118555166,2.5742958150549837,1.4417136648618267,-0.9671779127522909,1.208915194591331,3.0,-2.6852269543461746
HOF ITEM
42.8724519307649
4.661418853304659,-0.6411426187300675,2.5841514855269874,-7.0,-4.740838028959578,-1.5662166086100717,-2.7463600709866327,0.30816403605701453,-2.227338631524252,2.5742958150549837,1.4417136648618267,-0.9671779127522909,1.208915194591331,3.0,-2.6852269543461746
seed 224
Initial fitness values: [np.float64(50.372966581891426), np.float64(48.154906890064545), np.float64(44.63981598186799), np.float64(43.035260333364846), np.float64(43.035260333364846), np.float64(40.73796518526649), np.float64(40.73796518526649), np.float64(40.01033079403941), np.float64(40.31210429648391), np.float64(40.248596729573485)]
Final fitness values: [np.float64(39.3852446391174), np.float64(39.38497123168851), np.float64(39.3838575181401), np.float64(39.383852773801344), np.float64(39.383580534081396), np.float64(39.383176886206165), np.float64(39.383176881147456), np.float64(39.383176881147456), np.float64(39.383176881147456), np.float64(39.383176881147456)]
HOF ITEM
39.383176881147456
-1.0742729094137315,1.3707404189403876,-2.630989999560601,1.5815755645109564,-5.2125469459412095,4.606714117380408,1.7938215281612802,0.11790868578762714,-3.4506099541282675,-0.08040448950542747,2.405850699518831,-0.6399765835854476,-4.034302835224539,1.1206612107749383,6.020326915697568
HOF ITEM
39.383176886206165
-1.0742729094137315,1.3707404189403876,-2.630989999560601,1.5815755645109564,-5.2125469459412095,4.606714117380408,1.7938215281612802,0.11790868578762714,-3.4506099541282675,-0.08040448950542747,2.405850699518831,-0.6399765835854476,-4.034302835224539,1.1206612107749383,6.381458390818163
HOF ITEM
39.383176886633294
-1.0742729094137315,1.3707404189403876,-2.630989999560601,1.5815755645109564,-5.2125469459412095,4.606714117380408,1.7938215281612802,0.11790868578762714,-3.4506099541282675,-0.08040448950542747,2.405850699518831,-0.6399765835854476,-4.127955532265679,1.1206612107749383,6.381458390818163
HOF ITEM
39.383176886942955
-1.0742729094137315,1.3707404189403876,-2.630989999560601,1.5815755645109564,-5.2125469459412095,4.606714117380408,1.7938215281612802,0.11790868578762714,-3.4506099541282675,-0.08040448950542747,2.405850699518831,-0.6399765835854476,-4.217877534884807,1.1206612107749383,6.381458390818163
HOF ITEM
39.38317688746551
-1.0742729094137315,1.3707404189403876,-2.630989999560601,1.5815755645109564,-5.2125469459412095,4.606714117380408,1.7938215281612802,0.11790868578762714,-3.4506099541282675,-0.08040448950542747,2.405850699518831,-0.6399765835854476,-4.217877534884807,1.3154347802109323,6.381458390818163
seed 225
Initial fitness values: [np.float64(52.66902675341422), np.float64(51.50355368136299), np.float64(48.7092498705272), np.float64(46.4746141215219), np.float64(46.448692978649134), np.float64(45.44351066119358), np.float64(45.443344466380495), np.float64(44.909020200422816), np.float64(44.28780498861837), np.float64(44.26993857092649)]
Final fitness values: [np.float64(40.95483882762214), np.float64(40.95483882762214), np.float64(40.95483882762214), np.float64(40.95483882762214), np.float64(40.95483882762214), np.float64(40.95483882762214), np.float64(40.95483882762214), np.float64(40.95459835058446), np.float64(40.94981246950167), np.float64(40.94981246950167)]
HOF ITEM
40.94981246950167
-0.5670523899183868,1.6044259147361748,6.381952166571108,0.5999696906937482,-3.4832501362496355,-5.179302389843315,-0.19742298036971007,2.8781869648829144,-2.8949426314157285,-0.7048538028558942,2.7325692646427044,1.5544133220553336,0.6615003720750539,0.9197822208159327,-2.2538502122892683
HOF ITEM
40.954245045877194
-0.5670523899183868,1.6044259147361748,6.4142767223596024,0.8766647625296147,-3.4832501362496355,-5.179302389843315,0.17822341373648193,3.0,-2.8949426314157285,-0.7048538028558942,2.7325692646427044,1.5544133220553336,0.6615003720750539,0.9197822208159327,-2.242323111203505
HOF ITEM
40.95459835058446
-0.5670523899183868,1.6044259147361748,6.071110688740043,0.8354861536409518,-3.4832501362496355,-5.179302389843315,-0.19742298036971007,2.8781869648829144,-2.8949426314157285,-0.7048538028558942,2.7325692646427044,1.5544133220553336,0.6615003720750539,0.9197822208159327,-2.242323111203505
HOF ITEM
40.95483882762214
-0.5670523899183868,1.6044259147361748,6.4142767223596024,0.8766647625296147,-3.4832501362496355,-5.179302389843315,-0.19742298036971007,2.8781869648829144,-2.8949426314157285,-0.7048538028558942,2.7325692646427044,1.5544133220553336,0.6615003720750539,0.9197822208159327,-2.242323111203505
HOF ITEM
40.95484072432339
-0.5670523899183868,1.6044259147361748,6.4142767223596024,0.8766647625296147,-3.4832501362496355,-5.179302389843315,-0.19742298036971007,3.0,-2.8949426314157285,-0.7048538028558942,2.7325692646427044,1.5544133220553336,0.6615003720750539,0.9197822208159327,-2.242323111203505
seed 226
Initial fitness values: [np.float64(49.59374389048662), np.float64(48.51204880287658), np.float64(47.07722603835766), np.float64(44.59982429833807), np.float64(44.555098131861754), np.float64(43.278993200040524), np.float64(43.08723133904145), np.float64(41.860114777452914), np.float64(41.860114777452914), np.float64(41.85750489087334)]
Final fitness values: [np.float64(40.954066450967225), np.float64(40.953432823032465), np.float64(40.95343280124555), np.float64(40.95314995788144), np.float64(40.9531319875775), np.float64(40.95288237670951), np.float64(40.952147311224564), np.float64(40.952147311224564), np.float64(40.94852332735988), np.float64(40.94852332735988)]
HOF ITEM
40.94852332735988
-1.9367716252286256,1.5135883051800085,-2.3397221667020265,5.049101985272238,-4.971752001314475,-3.722954262742123,-0.716381369467961,3.0,0.4473614407745812,3.8243448610732322,0.5437129647396334,-6.4467954051119705,-1.8191855691867804,2.0617663736827634,3.9757411794001363
HOF ITEM
40.95167180589929
-1.9367716252286256,1.5135883051800085,-2.867961205844993,4.974974219085901,-5.301183923994455,-3.5930934803735854,-0.716381369467961,3.0,0.4473614407745812,3.8243448610732322,0.5437129647396334,-6.4467954051119705,-1.6088469440871205,1.774002190084776,4.378531118950779
HOF ITEM
40.951868304588565
-1.9367716252286256,1.5135883051800085,-3.0157771073043422,5.049101985272238,-5.269680685593499,-3.7223157097454695,-0.716381369467961,3.0,0.4473614407745812,3.8243448610732322,0.5437129647396334,-6.4467954051119705,-1.7152672605151476,1.6747719885438523,3.9757411794001363
HOF ITEM
40.95190920625108
-1.9367716252286256,1.5135883051800085,-2.867961205844993,4.974974219085901,-5.186992996763751,-3.4370130423392253,-0.716381369467961,3.0,0.4473614407745812,3.8243448610732322,0.5437129647396334,-6.4467954051119705,-1.6088469440871205,1.6747719885438523,4.378531118950779
HOF ITEM
40.951939045194706
-1.9367716252286256,1.5135883051800085,-3.0157771073043422,5.049101985272238,-5.186992996763751,-3.5930934803735854,-0.716381369467961,3.0,0.4473614407745812,3.8243448610732322,0.5437129647396334,-6.4467954051119705,-1.6088469440871205,1.774002190084776,4.378531118950779
seed 227
Initial fitness values: [np.float64(52.538695656656486), np.float64(48.909448691795134), np.float64(48.85808610956822), np.float64(48.67592705612278), np.float64(48.45274778148122), np.float64(48.10628471734494), np.float64(48.10628471734494), np.float64(47.969078575086534), np.float64(47.85203756563686), np.float64(47.804669853783516)]
Final fitness values: [np.float64(43.9877791952881), np.float64(43.9877791952881), np.float64(43.98777907563143), np.float64(43.987778963974655), np.float64(43.98777861532906), np.float64(43.98777861532906), np.float64(43.98777854993264), np.float64(43.98777230153123), np.float64(43.98777230153123), np.float64(43.98777230153123)]
HOF ITEM
43.98777230153123
5.170045630545716,-0.767026645811812,0.46225094439900954,-6.627429592349012,6.731242222972298,1.7504081522781838,0.07521520035899815,1.083084217421607,-6.783833176117982,0.7425449183444782,2.3219075093099732,-5.981879434088227,3.4348014279971184,2.3310351011093045,-0.7318025523363267
HOF ITEM
43.98777243685075
5.170045630545716,-0.767026645811812,0.46225094439900954,-6.627429592349012,6.731242222972298,1.7504081522781838,0.07521520035899815,1.083084217421607,-6.783833176117982,0.7425449183444782,2.3219075093099732,-5.981879434088227,3.442444686772968,2.222114747968499,-0.9057374422278687
HOF ITEM
43.9877724467385
5.170045630545716,-0.767026645811812,0.46225094439900954,-6.627429592349012,6.731242222972298,1.7504081522781838,0.07521520035899815,1.083084217421607,-6.783833176117982,0.7425449183444782,2.3219075093099732,-5.981879434088227,3.4348014279971184,2.222114747968499,-0.9057374422278687
HOF ITEM
43.98777248486008
5.170045630545716,-0.767026645811812,0.46225094439900954,-6.627429592349012,6.731242222972298,1.7504081522781838,0.07521520035899815,1.083084217421607,-6.783833176117982,0.7425449183444782,2.3219075093099732,-5.981879434088227,3.442444686772968,2.2001794736243125,-0.8600518429019053
HOF ITEM
43.987772497955
5.170045630545716,-0.767026645811812,0.46225094439900954,-6.627429592349012,6.731242222972298,1.7504081522781838,0.07521520035899815,1.083084217421607,-6.783833176117982,0.7425449183444782,2.3219075093099732,-5.981879434088227,3.4348014279971184,2.2001794736243125,-0.8600518429019053
seed 228
Initial fitness values: [np.float64(50.7642905380146), np.float64(50.28656679645051), np.float64(49.713530919376495), np.float64(47.9974336903175), np.float64(47.9974336903175), np.float64(47.30559707780729), np.float64(47.01499803123592), np.float64(46.0153040870438), np.float64(44.824791948049985), np.float64(44.34789570912483)]
Final fitness values: [np.float64(40.900312298347714), np.float64(40.900312298347714), np.float64(40.90031229834769), np.float64(40.90031229834769), np.float64(40.90031229834769), np.float64(40.90031229834769), np.float64(40.90031229834769), np.float64(40.90031229834769), np.float64(40.90031229834769), np.float64(40.90031229834769)]
HOF ITEM
40.90031229834769
-6.108599594765735,1.570674965786805,5.861142610548079,1.9345434349909243,-2.951958018004257,4.078147637983132,3.703514582582697,1.383474286298662,-2.647530268889329,-4.850433222975593,1.9808326351606944,-0.47354725746889237,-0.7384107044233049,2.5189614818732635,2.8194230791035566
HOF ITEM
40.90031229834769
-6.108599594765735,1.570674965786805,5.861142610548079,1.9345434349909243,-2.951958018004257,4.078147637983132,3.4308908946180074,1.383474286298662,-2.562660271832525,-4.850433222975593,1.9808326351606944,-0.47354725746889237,-0.7384107044233049,2.5189614818732635,2.8194230791035566
HOF ITEM
40.90031229834769
-6.108599594765735,1.570674965786805,5.861142610548079,1.9345434349909243,-2.951958018004257,4.078147637983132,3.703514582582697,1.383474286298662,-2.562660271832525,-4.850433222975593,1.9808326351606944,-0.47354725746889237,-0.7384107044233049,2.5189614818732635,2.8194230791035566
HOF ITEM
40.900312298347714
-6.108599594765735,1.570674965786805,5.861142610548079,1.9345434349909243,-2.951958018004257,4.078147637983132,3.703514582582697,1.6057404461123366,-2.474360129634565,-4.850433222975593,1.9808326351606944,-0.47354725746889237,-0.7384107044233049,2.5189614818732635,2.8194230791035566
HOF ITEM
40.900312298347714
-6.108599594765735,1.570674965786805,5.861142610548079,1.9345434349909243,-2.951958018004257,4.078147637983132,4.039282570539448,1.6057404461123366,-2.6631498672131357,-4.850433222975593,1.9808326351606944,-0.47354725746889237,-0.7384107044233049,2.5189614818732635,2.8194230791035566
seed 229
Initial fitness values: [np.float64(51.13019155943003), np.float64(51.04117988422853), np.float64(50.3514493946277), np.float64(48.98022342060128), np.float64(46.70035492516655), np.float64(46.24785625341822), np.float64(45.088974997399525), np.float64(43.8834548295164), np.float64(43.8834548295164), np.float64(43.49714881981489)]
Final fitness values: [np.float64(41.22257253720091), np.float64(41.22257253720091), np.float64(41.22257253720091), np.float64(41.22257253720091), np.float64(41.22257253720091), np.float64(41.22257253720091), np.float64(41.22247028372286), np.float64(41.22247028372286), np.float64(41.22247028372286), np.float64(41.22245255371957)]
HOF ITEM
41.22245255371957
-0.04416837434419706,1.0881308795693085,6.478737813346325,2.7012131534815578,-3.533810893442184,7.0,0.630050476087403,2.916745355915556,3.270841110548225,5.068085559061608,2.6912561827082757,0.6389001665489666,6.36787932461322,1.8677803616928563,0.6957643837315045
HOF ITEM
41.22247028372286
-0.04416837434419706,1.0881308795693085,6.478737813346325,2.7012131534815578,-3.3145305071529583,7.0,0.630050476087403,2.916745355915556,3.270841110548225,5.037787234179157,3.0,1.0762703484404554,6.77467920499592,3.0,0.44508117320639456
HOF ITEM
41.22247028372286
-0.04416837434419706,1.0881308795693085,6.478737813346325,2.7012131534815578,-3.3145305071529583,7.0,0.630050476087403,2.916745355915556,3.270841110548225,5.068085559061608,2.814721569074419,0.6389001665489666,6.584722141377281,1.8677803616928563,0.6957643837315045
HOF ITEM
41.22247028372286
-0.04416837434419706,1.0881308795693085,6.478737813346325,2.7012131534815578,-3.3145305071529583,7.0,0.630050476087403,2.916745355915556,3.270841110548225,5.068085559061608,2.814721569074419,0.6389001665489666,6.584722141377281,2.3297869502839585,0.6957643837315045
HOF ITEM
41.22247028372286
-0.04416837434419706,1.0881308795693085,6.478737813346325,2.7012131534815578,-3.3145305071529583,7.0,0.630050476087403,2.916745355915556,3.270841110548225,5.068085559061608,2.814721569074419,0.6389001665489666,6.77467920499592,1.8677803616928563,0.6957643837315045
best parameter set
fitness 39.370591650913404 seed 224
-1.07490061888028,1.37148652487377,-2.6309907674763164,1.5815766074112703,-5.212547214988387,4.606714118346124,1.7937396317689474,0.1176810377243735,-3.4506116852095463,-0.07918753389510556,2.4057482405285975,-0.6403691785372622,-4.034302834782078,1.1206612112632701,6.381458390431755
