seeds are [240 241 242 243 244 245 246 247 248 249]
seed 240
Initial fitness values: [np.float64(52.240800430375906), np.float64(50.91326185361628), np.float64(49.19953243930849), np.float64(49.139885720401054), np.float64(48.825595221550735), np.float64(47.61400342109924), np.float64(47.06614825633129), np.float64(47.06614825633129), np.float64(46.49110052563014), np.float64(46.35342484158574)]
Final fitness values: [np.float64(41.03576664465191), np.float64(41.03576664465191), np.float64(41.03576664465191), np.float64(41.03576664465191), np.float64(41.03576664465191), np.float64(41.03576664465191), np.float64(41.03576664465191), np.float64(41.03576664465191), np.float64(41.03576664465191), np.float64(41.03576664465191)]
HOF ITEM
41.03576664465191
-0.1819348464033469,1.155188807611481,6.069086515032262,4.639667565617565,-3.077054868305059,-0.1537998647109156,3.445268380771072,1.437722148882804,3.7263073858655513,0.5458496056626289,3.0,-0.46774553313883227,4.954698741017107,1.3783925152949728,-5.606674710011679
HOF ITEM
41.035766663211
-0.1819348464033469,1.155188807611481,6.069086515032262,4.639667565617565,-3.077054868305059,-0.1537998647109156,3.445268380771072,1.437722148882804,3.7263073858655513,0.5458496056626289,3.0,-0.46774553313883227,4.954698741017107,1.8376637616704816,-6.215615671323846
HOF ITEM
41.035797668649636
-0.1819348464033469,1.155188807611481,6.069086515032262,4.639667565617565,-3.077054868305059,-0.1537998647109156,3.4213079147424086,1.437722148882804,3.607576469987733,0.5458496056626289,3.0,-0.46774553313883227,4.989276040507562,1.611982399777316,-5.606674710011679
HOF ITEM
41.0358027216437
-0.1819348464033469,1.155188807611481,6.069086515032262,4.639667565617565,-3.077054868305059,-0.1537998647109156,3.445268380771072,1.437722148882804,3.7024665978476516,0.5458496056626289,3.0,-0.46774553313883227,4.954698741017107,1.3192690555544824,-5.606674710011679
HOF ITEM
41.0358027434196
-0.1819348464033469,1.155188807611481,6.069086515032262,4.639667565617565,-3.077054868305059,-0.1537998647109156,3.445268380771072,1.437722148882804,3.7024665978476516,0.5458496056626289,3.0,-0.46774553313883227,4.954698741017107,1.3783925152949728,-5.606674710011679
seed 241
Initial fitness values: [np.float64(52.81291121525526), np.float64(49.63832972460955), np.float64(48.887041208954216), np.float64(47.16765631725864), np.float64(47.16765631725864), np.float64(47.16676493332697), np.float64(45.64425837764004), np.float64(45.59227891918908), np.float64(45.59227891918908), np.float64(45.125923418337955)]
Final fitness values: [np.float64(39.245746921831746), np.float64(39.245746921831746), np.float64(39.08925463360528), np.float64(39.02320112786352), np.float64(39.02320112786352), np.float64(38.926260623629126), np.float64(38.905378671964655), np.float64(38.85699562287914), np.float64(38.85699562287914), np.float64(38.85074105520117)]
HOF ITEM
38.85074105520117
-5.009777047368862,1.640767039113292,-1.336729256552004,-0.9577194934561285,5.67429338876587,1.0608514458102185,-3.691226043520853,2.242672118046907,6.286615636570057,4.989817441033397,2.5340714896049814,4.6849157147278575,-3.3214586906957937,0.6490554598085754,2.7308119681439242
HOF ITEM
38.85699562287914
-5.009777047368862,1.640767039113292,-1.336729256552004,-0.9577194934561285,5.67429338876587,1.0608514458102185,-3.691226043520853,2.242672118046907,6.286615636570057,5.184363166792959,2.4567725600774066,4.412161655873978,-3.3320006426627313,0.6490554598085754,2.7308119681439242
HOF ITEM
38.85699562287914
-5.009777047368862,1.640767039113292,-1.336729256552004,-0.9577194934561285,5.67429338876587,1.0608514458102185,-3.691226043520853,2.242672118046907,6.286615636570057,5.184363166792959,2.658849721179597,4.20563395639119,-3.3320006426627313,0.6490554598085754,2.7308119681439242
HOF ITEM
38.90416053195675
-5.009777047368862,1.5700998780396263,-1.336729256552004,-0.9577194934561285,5.67429338876587,1.2542334621587692,-3.691226043520853,2.242672118046907,6.286615636570057,4.989817441033397,2.5340714896049814,4.20563395639119,-3.3320006426627313,0.6490554598085754,2.9032089479438965
HOF ITEM
38.90441778467774
-5.009777047368862,1.5700998780396263,-1.336729256552004,-0.9577194934561285,5.67429338876587,1.2542334621587692,-3.691226043520853,2.242672118046907,6.286615636570057,4.989817441033397,2.5340714896049814,4.6849157147278575,-3.3214586906957937,0.6490554598085754,2.9032089479438965
seed 242
Initial fitness values: [np.float64(51.52589447530531), np.float64(49.57721583148412), np.float64(48.22406896525827), np.float64(48.22406896525827), np.float64(47.40461465999075), np.float64(47.319874927467566), np.float64(46.30447754076832), np.float64(45.66281219032121), np.float64(44.84999677717289), np.float64(44.35353105027761)]
Final fitness values: [np.float64(41.067277876059855), np.float64(41.067277876059855), np.float64(41.067277876059855), np.float64(41.067277876059855), np.float64(41.067277876059855), np.float64(41.06727504043576), np.float64(41.06598275594785), np.float64(41.06598275594785), np.float64(41.06598275594785), np.float64(41.06598275594785)]
HOF ITEM
41.06598275594785
-0.12632812648863548,1.135821135108756,-5.263856806260006,-3.2040404274681604,-6.812213213939235,-5.468238342702948,0.5970537834900007,2.889764808515701,0.5184788107702658,5.735742429322811,2.2614113696192164,-0.5530315151768775,2.8733806510161495,1.3831365924242935,-6.929928108216905
HOF ITEM
41.06598275594785
-0.12632812648863548,1.135821135108756,-5.263856806260006,-3.2040404274681604,-6.812213213939235,-5.468238342702948,0.5970537834900007,2.889764808515701,0.5184788107702658,5.735742429322811,2.2614113696192164,0.21234557807316848,2.8733806510161495,1.3831365924242935,-6.929928108216905
HOF ITEM
41.06598278455355
-0.12632812648863548,1.135821135108756,-5.263856806260006,-3.2040404274681604,-6.812213213939235,-5.468238342702948,0.5970537834900007,2.889764808515701,0.5184788107702658,5.735742429322811,2.2614113696192164,0.21234557807316848,2.8733806510161495,1.3831365924242935,-6.731727150773654
HOF ITEM
41.066076389199345
-0.12632812648863548,1.135821135108756,-5.263856806260006,-3.2040404274681604,-6.812213213939235,-5.468238342702948,0.5970537834900007,2.889764808515701,0.5184788107702658,5.735742429322811,2.311577699847867,-0.3149597198126388,2.7919365141675634,1.5753649060258357,-6.704780246772607
HOF ITEM
41.06608644353997
-0.12632812648863548,1.135821135108756,-5.263856806260006,-3.2040404274681604,-6.812213213939235,-5.468238342702948,0.5970537834900007,2.889764808515701,0.5184788107702658,5.735742429322811,2.2528105146067072,-0.5530315151768775,2.8526203174652536,1.5753649060258357,-6.929928108216905
seed 243
Initial fitness values: [np.float64(48.262163271243836), np.float64(47.317466595818935), np.float64(46.92876027897155), np.float64(44.789307778825325), np.float64(42.97574940245328), np.float64(42.97574940245328), np.float64(42.56653790964738), np.float64(42.27122936183748), np.float64(42.27122936183748), np.float64(42.240617922358815)]
Final fitness values: [np.float64(40.768824057041144), np.float64(40.768763051953954), np.float64(40.768763051953954), np.float64(40.768763051953954), np.float64(40.76876305158819), np.float64(40.768631777251905), np.float64(40.768631777251905), np.float64(40.76863177688643), np.float64(40.768631776711445), np.float64(40.768631776711445)]
HOF ITEM
40.768631776711445
-2.9148782354437857,1.5817780961635932,4.258135547619117,-1.760611374800872,2.2633614529594857,6.0445299422685315,2.770209898747817,2.335144435182495,-6.575172565848947,0.12105424996419412,3.0,0.5742061782154346,-1.7805038988237512,3.0,-3.395043193402324
HOF ITEM
40.768631776738154
-2.9148782354437857,1.5817780961635932,4.258135547619117,-1.760611374800872,2.2633614529594857,6.0445299422685315,2.0647047597694765,2.335144435182495,-6.575172565848947,0.05095277163396453,3.0,0.3655270965009355,-1.7805038988237512,3.0,-3.395043193402324
HOF ITEM
40.76863177677362
-2.9148782354437857,1.5817780961635932,4.258135547619117,-1.760611374800872,2.2633614529594857,6.0445299422685315,3.0107470627080186,2.335144435182495,-6.59504032968095,0.05095277163396453,3.0,0.5742061782154346,-1.7805038988237512,3.0,-3.395043193402324
HOF ITEM
40.76863177677362
-2.9148782354437857,1.5817780961635932,4.258135547619117,-1.760611374800872,2.2633614529594857,6.0445299422685315,3.0107470627080186,2.449765279581985,-6.59504032968095,0.05095277163396453,3.0,0.5742061782154346,-1.7805038988237512,3.0,-3.395043193402324
HOF ITEM
40.76863177677544
-2.9148782354437857,1.5817780961635932,4.258135547619117,-1.760611374800872,2.2633614529594857,6.0445299422685315,2.0647047597694765,2.335144435182495,-6.575172565848947,0.12105424996419412,2.9201861632372914,0.3655270965009355,-1.7805038988237512,3.0,-3.395043193402324
seed 244
Initial fitness values: [np.float64(47.43113420394278), np.float64(47.352623689773274), np.float64(47.32476054277261), np.float64(44.673063945596446), np.float64(44.673063945596446), np.float64(44.66044974865435), np.float64(44.6580458302473), np.float64(44.62142580515779), np.float64(44.598426950977675), np.float64(42.4935677390855)]
Final fitness values: [np.float64(40.62542158667877), np.float64(40.62509215099895), np.float64(40.625016067070085), np.float64(40.62497489607253), np.float64(40.624966571959845), np.float64(40.62487664765137), np.float64(40.62484934777064), np.float64(40.62475111600469), np.float64(40.606434865382866), np.float64(40.606434865382866)]
HOF ITEM
40.606434865382866
-5.671459823732879,2.052617667712022,-3.296815807685597,5.141884942123714,3.026261213001674,1.066490010194162,-4.388112516788326,2.137869762434224,0.18137820631911752,-6.863493683579741,2.0772901365219667,-0.3145284449159524,3.89724728719559,1.957996406655512,1.7229194951842062
HOF ITEM
40.62475111598413
-5.6723434076004215,2.052617667712022,-3.561389605930442,5.141884942123714,3.026261213001674,1.066490010194162,-4.388112516788326,2.137869762434224,0.17892956548777728,-7.0,2.0772901365219667,-0.3145284449159524,4.0712810555557315,1.816538183075455,0.9461314072268681
HOF ITEM
40.62475111600469
-5.6723434076004215,2.052617667712022,-3.561389605930442,5.141884942123714,3.026261213001674,1.066490010194162,-4.388112516788326,2.137869762434224,0.17892956548777728,-6.863493683579741,2.0772901365219667,-0.3145284449159524,4.0712810555557315,1.816538183075455,0.9461314072268681
HOF ITEM
40.62475111600469
-5.6723434076004215,2.052617667712022,-3.561389605930442,5.141884942123714,3.026261213001674,1.066490010194162,-4.388112516788326,2.137869762434224,0.17892956548777728,-6.863493683579741,2.0772901365219667,-0.3145284449159524,3.7091345082361715,1.8596197826204848,1.7229194951842062
HOF ITEM
40.62479689091077
-5.6723434076004215,2.052617667712022,-3.561389605930442,5.141884942123714,3.026261213001674,1.1606002160232827,-4.388112516788326,2.137869762434224,0.17892956548777728,-7.0,2.0772901365219667,-0.3145284449159524,4.0712810555557315,1.816538183075455,0.9461314072268681
seed 245
Initial fitness values: [np.float64(51.426408761560275), np.float64(51.426408761560275), np.float64(50.34871109696918), np.float64(49.85195017659435), np.float64(49.00138819411946), np.float64(48.51360698856205), np.float64(48.31677660664702), np.float64(48.19426115414871), np.float64(47.9323527956456), np.float64(47.86600681754006)]
Final fitness values: [np.float64(44.6768724919203), np.float64(44.67686156010613), np.float64(44.67686156010613), np.float64(44.676702763667905), np.float64(44.659215874346124), np.float64(44.659215874346124), np.float64(44.659215874346124), np.float64(44.657058651319346), np.float64(44.46663427209912), np.float64(44.46663427209912)]
HOF ITEM
44.46663427209912
-2.6615313031622674,1.9400287313016695,-3.5433257728608325,6.830492281785032,-5.024220665069757,-1.82903691709489,-0.5358755375128121,0.391849365704455,-5.064514035180827,-1.169984906798294,1.36084008964878,-5.75902555905858,-5.85050791549906,1.4301100071279778,-4.170804447412602
HOF ITEM
44.58345462532807
-2.2076433992203985,1.9400287313016695,-4.015842020568641,6.830492281785032,-5.158041619254229,-1.753683199825761,-0.0972334271639251,0.3657091903235472,-4.862605072283074,-0.7471435920683623,1.36084008964878,-5.331920308324802,-5.85050791549906,2.1865336943172307,-4.03611799020595
HOF ITEM
44.655690206225394
-2.730123102709237,1.9400287313016695,-4.015842020568641,6.830492281785032,-5.158041619254229,-1.753683199825761,-0.0972334271639251,0.24009767488938627,-5.064514035180827,-1.169984906798294,1.3654105985361729,-5.331920308324802,-5.85050791549906,2.189013629677307,-4.03611799020595
HOF ITEM
44.65600068436505
-2.730123102709237,1.9400287313016695,-4.015842020568641,7.0,-5.158041619254229,-1.753683199825761,-0.0972334271639251,0.24009767488938627,-5.064514035180827,-1.169984906798294,1.36084008964878,-5.266301673035996,-5.85050791549906,2.189013629677307,-4.03611799020595
HOF ITEM
44.657058651319346
-2.730123102709237,1.9400287313016695,-4.113304628789955,6.830492281785032,-5.304324071000435,-1.810149520501807,-0.0972334271639251,0.24009767488938627,-5.064514035180827,-1.169984906798294,1.3654105985361729,-5.331920308324802,-5.85050791549906,2.189013629677307,-3.4564304499671916
seed 246
Initial fitness values: [np.float64(50.25111994897286), np.float64(50.25111994897286), np.float64(50.171155177322845), np.float64(49.53172461761136), np.float64(48.54508267487387), np.float64(48.461008924306256), np.float64(48.295477374463594), np.float64(47.926947362090786), np.float64(47.78285120533176), np.float64(47.78025791070055)]
Final fitness values: [np.float64(40.67586099521385), np.float64(40.67586099521385), np.float64(40.67586099521385), np.float64(40.675712584570604), np.float64(40.675712584570554), np.float64(40.67558562072341), np.float64(40.675585620723346), np.float64(40.675585620723346), np.float64(40.675585620723346), np.float64(40.675585620723346)]
HOF ITEM
40.675585620723346
-4.148386043024338,1.599279999162991,5.631128204882418,-2.309821350012248,-0.4137312464458491,-3.014240770195772,-0.8057321410199905,2.8798604091997997,1.5381642369716635,5.569805780535531,1.5594270482902775,0.45651130082615443,-2.8597782167084898,2.511309596077152,-0.48044122644602155
HOF ITEM
40.675585620723346
-4.148386043024338,1.599279999162991,5.631128204882418,-2.309821350012248,-0.4137312464458491,-3.014240770195772,-0.8057321410199905,2.9768888300777308,1.566260371626498,5.849235828610689,1.7306855506218628,0.45651130082615443,-2.8597782167084898,2.511309596077152,-0.48044122644602155
HOF ITEM
40.675585620723346
-4.148386043024338,1.599279999162991,5.631128204882418,-2.309821350012248,-0.4137312464458491,-3.014240770195772,-0.8057321410199905,2.9768888300777308,1.2471508846627026,5.569805780535531,1.5594270482902775,0.45651130082615443,-2.8597782167084898,2.511309596077152,-0.48044122644602155
HOF ITEM
40.675585620723346
-4.148386043024338,1.599279999162991,5.631128204882418,-2.309821350012248,-0.4137312464458491,-3.014240770195772,-0.8057321410199905,2.9768888300777308,1.2144677755001299,5.569805780535531,1.5594270482902775,0.45651130082615443,-2.8597782167084898,2.511309596077152,-0.48044122644602155
HOF ITEM
40.675585620723346
-4.148386043024338,1.599279999162991,5.631128204882418,-2.309821350012248,-0.4137312464458491,-3.014240770195772,-0.8057321410199905,2.9768888300777308,1.566260371626498,5.849235828610689,1.5594270482902775,0.45651130082615443,-2.8597782167084898,2.511309596077152,-0.48044122644602155
seed 247
Initial fitness values: [np.float64(50.15750240688049), np.float64(46.06436891755908), np.float64(44.31517070810322), np.float64(44.31517070810322), np.float64(44.30589746537924), np.float64(44.220135984377066), np.float64(44.220135984377066), np.float64(44.220135984377066), np.float64(44.06142563217895), np.float64(43.84482472059911)]
Final fitness values: [np.float64(38.19554434446565), np.float64(38.19554434446565), np.float64(38.130366541704696), np.float64(38.130366541704696), np.float64(38.10873087794444), np.float64(38.10873087794444), np.float64(38.054622921633324), np.float64(37.89162192807061), np.float64(37.89162192807061), np.float64(37.89162192807061)]
HOF ITEM
37.89162192807061
-3.05738898931995,2.092964204419449,3.110887837447518,-2.7617923254809646,1.6244311763782948,3.1896946139902975,-5.046333924161772,3.0,5.5485580375372,2.617757414095737,0.1643360458050981,-4.52904827007062,-2.2436891558717598,2.659095702061271,2.937039047255683
HOF ITEM
37.90446459863956
-3.05738898931995,2.092964204419449,3.110887837447518,-2.7617923254809646,1.6244311763782948,3.1896946139902975,-5.046333924161772,3.0,5.5485580375372,2.554527234072942,0.3346330938637109,-4.52904827007062,-2.2436891558717598,2.659095702061271,2.937039047255683
HOF ITEM
37.907584127774975
-3.05738898931995,2.092964204419449,3.110887837447518,-2.7617923254809646,1.6244311763782948,3.1896946139902975,-5.046333924161772,3.0,5.5485580375372,2.617757414095737,0.3346330938637109,-4.52904827007062,-2.2436891558717598,2.659095702061271,2.937039047255683
HOF ITEM
38.0222147809189
-3.05738898931995,2.092964204419449,3.110887837447518,-2.7617923254809646,1.6244311763782948,3.254649616560292,-5.046333924161772,3.0,5.5485580375372,2.4672962583793354,0.7363623514619871,-4.52904827007062,-2.2436891558717598,2.659095702061271,3.077672926556621
HOF ITEM
38.02930000476266
-3.05738898931995,2.092964204419449,3.110887837447518,-2.7617923254809646,1.6244311763782948,3.254649616560292,-5.105859473319998,3.0,5.5485580375372,2.554527234072942,0.3346330938637109,-4.52904827007062,-2.2436891558717598,2.659095702061271,3.077672926556621
seed 248
Initial fitness values: [np.float64(50.98089212612231), np.float64(50.81534489009464), np.float64(48.803527931063186), np.float64(48.61704807670034), np.float64(48.24285145063188), np.float64(48.08208158738093), np.float64(47.90239234423177), np.float64(47.69447928222863), np.float64(47.49741062753298), np.float64(46.81954006594298)]
Final fitness values: [np.float64(42.3026926293043), np.float64(42.302729649266986), np.float64(42.302685707674264), np.float64(42.30268171225107), np.float64(42.302494967761355), np.float64(42.30248725146795), np.float64(42.30248725146795), np.float64(42.30248032406332), np.float64(42.30246122641227), np.float64(42.30244573508036)]
HOF ITEM
42.30244573508036
3.3494639582262504,-0.2629190456434819,-5.6263494280765105,5.601808587562218,1.7577908890906615,3.3611252447143953,1.3327682706774924,3.0,0.46013755855854943,5.503062335617717,2.049107553201502,-0.5231562644905037,-6.3803200749368845,2.6571920184513154,-0.4128000586522227
HOF ITEM
42.30246122641227
3.3494639582262504,-0.2629190456434819,-5.6263494280765105,5.601808587562218,1.7577908890906615,3.8220550240916134,1.3327682706774924,3.0,0.46013755855854943,5.182467408848284,2.049107553201502,-0.5231562644905037,-6.3803200749368845,2.6571920184513154,-0.4128000586522227
HOF ITEM
42.30246122641227
3.3494639582262504,-0.2629190456434819,-5.6263494280765105,5.601808587562218,1.7577908890906615,3.8220550240916134,1.3327682706774924,3.0,0.46013755855854943,4.875356210074542,2.112823290264872,-0.5231562644905037,-6.3803200749368845,2.6571920184513154,-0.4128000586522227
HOF ITEM
42.302461389114235
3.3494639582262504,-0.2629190456434819,-5.6263494280765105,5.601808587562218,1.7577908890906615,3.8220550240916134,1.3327682706774924,3.0,0.46013755855854943,5.182467408848284,1.5962907368631831,-0.5231562644905037,-6.3803200749368845,2.6571920184513154,-0.4128000586522227
HOF ITEM
42.30246397105715
3.3494639582262504,-0.2629190456434819,-5.359706584951738,5.601808587562218,1.7577908890906615,3.9388229919121756,1.3327682706774924,3.0,0.46013755855854943,5.115723748315857,2.3950132162665767,-0.7644037262531134,-6.287441811948903,2.8429519671446166,-0.34292993822930257
seed 249
Initial fitness values: [np.float64(52.365445443728504), np.float64(49.3202453120348), np.float64(48.5694765109758), np.float64(47.594058061832406), np.float64(46.42280463121705), np.float64(45.18104619271325), np.float64(44.77382013960539), np.float64(43.349939577666234), np.float64(43.349939577666234), np.float64(43.349939577666234)]
Final fitness values: [np.float64(39.69705888808179), np.float64(39.692044411669265), np.float64(39.692044411669265), np.float64(39.692044411669265), np.float64(39.68244014541346), np.float64(39.68244014541346), np.float64(39.68244014541346), np.float64(39.68214621070446), np.float64(39.68016394020072), np.float64(39.68016394020072)]
HOF ITEM
39.600920860253936
2.0428452986893673,0.07129979318669025,-1.5137267522354254,1.8827553271351465,-3.3402957907892454,-5.492163998839364,5.400086081627098,1.022317168532585,-5.060782877914889,1.0917151099899656,2.364603873702563,-0.597380441563,-7.0,2.2509520893292096,0.4005162797136003
HOF ITEM
39.68016394020072
2.0428452986893673,0.06427739909407723,-1.606579586640756,1.85959258286539,-3.2324296232532506,-5.520842606496941,5.347112462033879,1.3609531028979183,-5.201741436379706,1.0917151099899656,1.8118587714730139,-0.6715504310695561,-6.704151291520983,2.2509520893292096,0.39397897867053217
HOF ITEM
39.68016396298676
2.0428452986893673,0.06427739909407723,-1.606579586640756,1.85959258286539,-3.2324296232532506,-5.520842606496941,5.400086081627098,1.3609531028979183,-5.201741436379706,1.0917151099899656,1.8118587714730139,-0.6715504310695561,-6.704151291520983,2.2509520893292096,0.39397897867053217
HOF ITEM
39.68214526579093
2.0428452986893673,0.06427739909407723,-1.5236281586759592,1.8593914380730585,-3.3402957907892454,-5.520842606496941,5.347112462033879,1.3609531028979183,-5.201741436379706,1.0917151099899656,1.8118587714730139,-0.6715504310695561,-6.704151291520983,2.2509520893292096,0.39397897867053217
HOF ITEM
39.6821452700346
2.0428452986893673,0.06427739909407723,-1.5236281586759592,1.8593914380730585,-3.3402957907892454,-5.520842606496941,5.347112462033879,1.3609531028979183,-5.060782877914889,1.0917151099899656,1.8118587714730139,-0.6715504310695561,-6.704151291520983,2.2509520893292096,0.39397897867053217
best parameter set
fitness 37.771776522335365 seed 247
-3.056873562058233,2.100213819376366,3.1082132774267524,-2.755412434239061,1.6359636384563903,3.172242356742043,-5.046333924161772,3.0,5.554686296557799,2.617578362762589,0.16370039195451125,-4.529799838748552,-2.240760476193526,2.662338688162215,2.9371734423870826
