seeds are [270 271 272 273 274 275 276 277 278 279]
seed 270
Initial fitness values: [np.float64(23.155374290311077), np.float64(23.155368335242425), np.float64(22.14888063531562), np.float64(21.417512359829235), np.float64(21.41751235976458), np.float64(21.311180431266166), np.float64(21.311180431266166), np.float64(20.854932331128467), np.float64(20.854932331128467), np.float64(20.854932331128467)]
Final fitness values: [np.float64(20.682975660648328), np.float64(20.681902691732684), np.float64(20.681902691732684), np.float64(20.681765265346936), np.float64(20.681739162401346), np.float64(20.681739162401346), np.float64(20.681731373612894), np.float64(20.68170397386504), np.float64(20.680921247296034), np.float64(20.680921247296034)]
HOF ITEM
20.677271667203932
-3.290640648821637,1.632594339722588,-5.50541670995907,-5.591760407149995,6.514008560222047,-2.110560859313944,6.940403969714666,0.0,4.325928080698287,-1.7221978666865305,2.568644316090356,-1.5430846058806236,-2.130749334404295,2.8233458272976026,-2.9288353485493683
HOF ITEM
20.680921247296034
-3.290640648821637,1.6385311256816493,-5.494062670151504,-5.119945622759604,6.3272481678810415,-2.0521726262982805,6.7973776124269625,0.10038476002510975,4.0811061939864635,-3.4507374009506533,2.795825080513255,-2.73794179037765,-2.130749334404295,2.8233458272976026,-2.9699194830686566
HOF ITEM
20.68170384539197
-3.290640648821637,1.6385311256816493,-5.494062670151504,-4.880639937955799,6.214015426528968,-2.0521726262982805,6.7973776124269625,0.10038476002510975,4.39985777877238,-2.6888798943903174,2.795825080513255,-2.73794179037765,-2.130749334404295,2.8233458272976026,-2.9699194830686566
HOF ITEM
20.68170397386504
-3.290640648821637,1.6385311256816493,-5.494062670151504,-4.880639937955799,6.214015426528968,-2.0521726262982805,6.7973776124269625,0.10038476002510975,4.39985777877238,-2.8300636939364496,2.795825080513255,-2.73794179037765,-2.130749334404295,2.8233458272976026,-2.9699194830686566
HOF ITEM
20.681705372301
-3.290640648821637,1.6385311256816493,-5.494062670151504,-4.880639937955799,6.214015426528968,-2.0521726262982805,6.711197205436863,0.10038476002510975,4.39985777877238,-2.6888798943903174,2.795825080513255,-2.73794179037765,-2.130749334404295,2.8233458272976026,-2.9699194830686566
seed 271
Initial fitness values: [np.float64(27.25439011833615), np.float64(25.877829263769822), np.float64(24.145276377641423), np.float64(23.718328580873603), np.float64(23.208586359344697), np.float64(23.208316264992707), np.float64(23.208284273380123), np.float64(22.88412746439085), np.float64(22.680043246590433), np.float64(22.680043246590433)]
Final fitness values: [np.float64(21.97537611936329), np.float64(21.97537611936329), np.float64(21.97537611936329), np.float64(21.97537611936329), np.float64(21.97537611936329), np.float64(21.97537611936329), np.float64(21.923094977537033), np.float64(21.923094977537033), np.float64(21.923094977537033), np.float64(21.923094977537033)]
HOF ITEM
21.923094977537033
4.095225226610215,-0.2733469995539657,3.34632095556676,-5.679856455384855,-3.1591918656576707,3.883554413427625,4.231216042568135,0.0,5.984274675687596,1.5501754077509509,3.0,-0.6760548942993035,7.0,2.4779050620107608,5.443796088668913
HOF ITEM
21.923094977537033
4.095225226610215,-0.2733469995539657,3.34632095556676,-5.679856455384855,-3.1591918656576707,3.883554413427625,4.231216042568135,0.0,5.984274675687596,1.5501754077509509,3.0,-0.6760548942993035,7.0,2.4779050620107608,5.467672183123915
HOF ITEM
21.923094977537033
4.095225226610215,-0.2733469995539657,3.34632095556676,-5.679856455384855,-3.1591918656576707,3.883554413427625,4.231216042568135,0.0,5.984274675687596,1.5501754077509509,3.0,-0.6760548942993035,7.0,2.3590381664087303,5.467672183123915
HOF ITEM
21.923823343729232
4.095225226610215,-0.2733469995539657,3.34632095556676,-5.679856455384855,-3.4719278776705442,3.883554413427625,4.231216042568135,0.0,5.984274675687596,1.5501754077509509,3.0,-0.6760548942993035,7.0,2.3590381664087303,5.467672183123915
HOF ITEM
21.923866647089763
4.095225226610215,-0.2733469995539657,3.34632095556676,-5.679856455384855,-3.4719278776705442,3.9185904605575352,4.231216042568135,0.0,5.984274675687596,1.5501754077509509,3.0,-0.6760548942993035,7.0,2.3590381664087303,5.467672183123915
seed 272
Initial fitness values: [np.float64(27.037688089194354), np.float64(26.063884599338966), np.float64(26.056194293804534), np.float64(24.888837227115435), np.float64(24.352208562898987), np.float64(23.19071858212985), np.float64(23.19052733654621), np.float64(22.91029600002274), np.float64(22.090776567101898), np.float64(22.031866951072047)]
Final fitness values: [np.float64(21.20691875302673), np.float64(21.205988740594865), np.float64(21.20593163646127), np.float64(21.2057962003466), np.float64(21.204896355520482), np.float64(21.20292572565338), np.float64(21.202700958948377), np.float64(21.202475627079835), np.float64(21.202428231135162), np.float64(21.20153535170617)]
HOF ITEM
21.20153535170617
2.176116259940457,0.16134349360316605,6.022029526838302,4.935056812304618,-2.07907441666203,4.62661096601544,3.7930029359210864,2.3171223286708655,-4.138335855703291,1.2243697168564,3.0,-0.44363867923880135,-2.9729712308694904,2.1338968391316744,1.632452314635825
HOF ITEM
21.20201204816763
2.176116259940457,0.16134349360316605,5.802385358569866,5.0747831193324275,-1.8325958053036935,4.971942464785015,4.037786150316429,2.4348457507594117,-4.374202180076284,1.2243697168564,3.0,-0.44363867923880135,-2.9729712308694904,2.125049621789038,2.038048919098913
HOF ITEM
21.202295483437375
2.176116259940457,0.16134349360316605,6.001324605146972,4.882285245825292,-1.8355397920662249,4.971942464785015,3.7930029359210864,2.4348457507594117,-4.138335855703291,1.2243697168564,3.0,-0.44363867923880135,-2.9729712308694904,2.0658088756772033,1.690779025756688
HOF ITEM
21.202428231135162
2.176116259940457,0.16134349360316605,6.0303710845312475,5.0747831193324275,-1.8325958053036935,4.971942464785015,3.7930029359210864,2.4348457507594117,-4.138335855703291,1.2243697168564,3.0,-0.44363867923880135,-2.9729712308694904,2.0658088756772033,1.690779025756688
HOF ITEM
21.202475627079835
2.176116259940457,0.16134349360316605,5.802385358569866,4.882285245825292,-1.8325958053036935,4.971942464785015,3.7930029359210864,2.4314546351888495,-3.8154973059741657,1.2243697168564,3.0,-0.44363867923880135,-2.9729712308694904,2.1644621446520973,1.690779025756688
seed 273
Initial fitness values: [np.float64(25.726408818811088), np.float64(24.826463651915496), np.float64(24.47638180200419), np.float64(24.47638180200419), np.float64(24.311221337870418), np.float64(24.302963042023748), np.float64(24.281735708391142), np.float64(24.099937076927194), np.float64(24.004600878691488), np.float64(23.99329350262155)]
Final fitness values: [np.float64(20.46413677416277), np.float64(20.46413677416277), np.float64(20.46413677416277), np.float64(20.46413677416277), np.float64(20.46413677416277), np.float64(20.46413677416277), np.float64(20.46413677416277), np.float64(20.46413677416277), np.float64(20.46413677416277), np.float64(20.46413677416277)]
HOF ITEM
20.46413677416277
3.536791567482345,-0.21555833056219445,1.035428166864564,2.9344384125926517,-4.303527643955739,-6.697870901583961,0.6806058821644948,3.0,-1.7709108766696315,5.975394769843007,2.583359036441962,-3.7737353972571785,1.4527012050671546,1.1777719601647039,-3.8694554511877333
HOF ITEM
20.46413677416277
3.536791567482345,-0.21555833056219445,1.035428166864564,2.9344384125926517,-4.303527643955739,-6.697870901583961,0.6806058821644948,3.0,-1.7709108766696315,6.277334656784582,2.9444273844474127,-3.7737353972571785,1.4527012050671546,1.1777719601647039,-3.8694554511877333
HOF ITEM
20.46413677416277
3.536791567482345,-0.21555833056219445,1.035428166864564,2.9344384125926517,-4.303527643955739,-6.697870901583961,0.6806058821644948,3.0,-1.7709108766696315,6.277334656784582,2.583359036441962,-3.7737353972571785,1.4527012050671546,1.1777719601647039,-3.8694554511877333
HOF ITEM
20.46413677416277
3.536791567482345,-0.21555833056219445,1.035428166864564,2.9344384125926517,-4.303527643955739,-6.697870901583961,0.6806058821644948,3.0,-1.7709108766696315,5.975394769843007,2.9444273844474127,-3.7737353972571785,1.4527012050671546,1.1777719601647039,-3.8694554511877333
HOF ITEM
20.471893483908755
3.536791567482345,-0.21555833056219445,1.035428166864564,2.9344384125926517,-4.303527643955739,-6.697870901583961,0.6806058821644948,3.0,-1.757223255692262,5.975394769843007,2.9444273844474127,-3.7737353972571785,1.4527012050671546,1.1777719601647039,-3.8694554511877333
seed 274
Initial fitness values: [np.float64(26.07237396131618), np.float64(25.55516394439799), np.float64(24.32469378818251), np.float64(24.32346658267563), np.float64(23.869618592943652), np.float64(23.869618592943652), np.float64(23.85270636383511), np.float64(23.844225762642477), np.float64(23.837198465194852), np.float64(23.816775348177792)]
Final fitness values: [np.float64(23.534820177999322), np.float64(23.534820177999322), np.float64(23.534820177999322), np.float64(23.534819663312458), np.float64(23.53279873656715), np.float64(23.530068112530774), np.float64(23.51100478143079), np.float64(23.509423862976746), np.float64(23.509423862976746), np.float64(23.508799274074704)]
HOF ITEM
23.508799274074704
5.91610339225744,-0.7085756829294325,-3.6598057495814547,0.7390151959447002,4.3867327130622735,1.5626620419769957,2.043664238122444,1.939021659552925,5.658312075976382,2.805770025077927,2.1737814046525155,-2.707807818002871,3.409999105131897,1.2064584208497189,-6.40084089705188
HOF ITEM
23.509423862976746
5.91610339225744,-0.7085756829294325,-3.6598057495814547,0.7390151959447002,4.3867327130622735,1.3264034009609122,2.043664238122444,1.939021659552925,5.658312075976382,2.499246294201438,2.1737814046525155,-2.707807818002871,3.409999105131897,1.2064584208497189,-6.40084089705188
HOF ITEM
23.50942415599094
5.91610339225744,-0.7085756829294325,-3.6598057495814547,0.7390151959447002,4.3867327130622735,1.3264034009609122,2.043664238122444,1.939021659552925,5.658312075976382,2.496914603485611,2.1737814046525155,-2.707807818002871,3.409999105131897,1.2064584208497189,-6.40084089705188
HOF ITEM
23.5094330249752
5.91610339225744,-0.7085756829294325,-3.6598057495814547,0.7390151959447002,4.3867327130622735,1.3264034009609122,2.043664238122444,1.939021659552925,5.658312075976382,2.496914603485611,2.1737814046525155,-2.707807818002871,3.674265257234498,0.9473294881728427,-6.630004456850181
HOF ITEM
23.509481427929728
5.91610339225744,-0.7085756829294325,-3.6598057495814547,0.7390151959447002,4.3867327130622735,1.3264034009609122,2.043664238122444,1.939021659552925,5.658312075976382,2.499246294201438,2.1737814046525155,-2.707807818002871,3.388861533980932,0.6645880496072125,-6.40084089705188
seed 275
Initial fitness values: [np.float64(26.070632909732232), np.float64(25.628501386247095), np.float64(24.955216667821574), np.float64(24.150745731116142), np.float64(23.529866792749825), np.float64(23.175757243499685), np.float64(23.175757243499685), np.float64(22.950280997568964), np.float64(22.889226919341574), np.float64(22.813484564860186)]
Final fitness values: [np.float64(21.218983827469177), np.float64(21.204503682466257), np.float64(21.204503682466257), np.float64(21.198401979864098), np.float64(21.167840675801273), np.float64(21.148434410914305), np.float64(21.148434410914305), np.float64(21.148434410914305), np.float64(21.135877636255394), np.float64(21.135877636255394)]
HOF ITEM
21.135877636255394
3.158471956899816,0.04037690108520641,-1.9135876338772144,5.4384766382364145,1.367665052147378,5.575093104107899,1.632189547766572,2.537577001643848,1.6469987869897056,2.1693410316490396,1.9931254874633606,3.682231306472466,-3.8068517985956682,1.416948792487373,-7.0
HOF ITEM
21.148434410914305
3.158471956899816,0.04037690108520641,-1.9135876338772144,5.4384766382364145,1.367665052147378,5.575093104107899,1.632189547766572,2.537577001643848,1.6469987869897056,2.1693410316490396,1.9931254874633606,3.682231306472466,-3.8068517985956682,1.5005593715489378,-7.0
HOF ITEM
21.149302711561326
3.158471956899816,0.04037690108520641,-1.9135876338772144,5.4384766382364145,1.53447595104192,5.575093104107899,1.632189547766572,2.537577001643848,1.6469987869897056,2.1693410316490396,1.9931254874633606,3.682231306472466,-3.8068517985956682,1.5005593715489378,-7.0
HOF ITEM
21.15160335488591
3.158471956899816,0.04037690108520641,-2.262589916105975,5.4384766382364145,1.53447595104192,5.575093104107899,1.632189547766572,2.537577001643848,1.6469987869897056,2.1693410316490396,1.9931254874633606,3.682231306472466,-3.8068517985956682,1.416948792487373,-7.0
HOF ITEM
21.157533418753474
3.158471956899816,0.04037690108520641,-1.9135876338772144,5.790028398918499,1.367665052147378,5.575093104107899,1.632189547766572,2.537577001643848,1.6469987869897056,2.1693410316490396,1.9931254874633606,3.682231306472466,-3.8068517985956682,1.5005593715489378,-7.0
seed 276
Initial fitness values: [np.float64(28.22309008738426), np.float64(26.72400494353006), np.float64(25.625869064332054), np.float64(23.382603131018907), np.float64(23.382603131018907), np.float64(22.778962407814923), np.float64(22.73920313719403), np.float64(22.73920313719403), np.float64(22.73920313719403), np.float64(22.73771356614351)]
Final fitness values: [np.float64(20.633165835072564), np.float64(20.633159800973736), np.float64(20.633159800973736), np.float64(20.633159800973736), np.float64(20.633159800973736), np.float64(20.633159800973736), np.float64(20.633159800973736), np.float64(20.633159800973736), np.float64(20.633159800973736), np.float64(20.633159800973736)]
HOF ITEM
20.633159800973736
-2.8915930580386084,1.5941125428663894,-2.1861259970912417,-1.845646556945527,5.5616501509179335,0.4438404230145925,6.442774437104061,2.256765203244842,-7.0,5.477248433830296,2.5916547681761406,6.99801704790182,-1.6946021119488501,3.0,-2.253643683659842
HOF ITEM
20.633159800973736
-2.8915930580386084,1.5941125428663894,-2.1861259970912417,-1.845646556945527,5.5616501509179335,0.4438404230145925,6.013249640838144,2.256765203244842,-6.314779685480759,5.879425465822201,2.805817421256056,6.432092763349684,-1.6946021119488501,3.0,-2.253643683659842
HOF ITEM
20.633159800973736
-2.8915930580386084,1.5941125428663894,-2.1861259970912417,-1.845646556945527,5.5616501509179335,0.4438404230145925,6.025138283431139,2.256765203244842,-6.314779685480759,5.477248433830296,2.5916547681761406,6.99801704790182,-1.6946021119488501,3.0,-2.253643683659842
HOF ITEM
20.633159800973736
-2.8915930580386084,1.5941125428663894,-2.1861259970912417,-1.845646556945527,5.5616501509179335,0.4438404230145925,6.025138283431139,2.256765203244842,-7.0,5.477248433830296,2.805817421256056,6.278840132660198,-1.6946021119488501,3.0,-2.253643683659842
HOF ITEM
20.633159800973736
-2.8915930580386084,1.5941125428663894,-2.1861259970912417,-1.845646556945527,5.5616501509179335,0.4438404230145925,6.025138283431139,2.256765203244842,-6.314779685480759,6.1004988910505995,2.805817421256056,6.278840132660198,-1.6946021119488501,3.0,-2.253643683659842
seed 277
Initial fitness values: [np.float64(27.070420626698134), np.float64(27.018028317460384), np.float64(26.403558227445775), np.float64(24.72821253065544), np.float64(24.590723176724538), np.float64(24.044927017644575), np.float64(24.044926610685735), np.float64(23.429388212776068), np.float64(23.429388212776068), np.float64(23.188102820975775)]
Final fitness values: [np.float64(20.95739100582594), np.float64(20.95739100582594), np.float64(20.95739100582594), np.float64(20.95739100582594), np.float64(20.95739100582594), np.float64(20.95739100582594), np.float64(20.957003545572743), np.float64(20.957003545572743), np.float64(20.957003545572743), np.float64(20.957003545572743)]
HOF ITEM
20.957003545572743
1.0671430006703564,0.6431872091823341,-5.179234142204587,-1.212496753007337,1.4809412444105998,-0.5919306516199666,5.2936023828283405,3.0,5.136428714140994,2.1622779556985647,1.663516785592575,-3.9256850293318064,0.8522965625683577,3.0,-4.117347971796525
HOF ITEM
20.957003545572743
1.0671430006703564,0.6431872091823341,-5.179234142204587,-1.212496753007337,1.4809412444105998,-0.5919306516199666,5.2936023828283405,2.941925305256686,5.136428714140994,2.1622779556985647,1.663516785592575,-3.9256850293318064,0.8522965625683577,3.0,-4.117347971796525
HOF ITEM
20.957003545572743
1.0671430006703564,0.6431872091823341,-5.179234142204587,-1.212496753007337,1.4809412444105998,-0.5919306516199666,5.340010451415102,3.0,5.136428714140994,2.1622779556985647,1.663516785592575,-3.9256850293318064,0.8522965625683577,3.0,-4.117347971796525
HOF ITEM
20.957003545572743
1.0671430006703564,0.6431872091823341,-5.179234142204587,-1.212496753007337,1.4809412444105998,-0.5919306516199666,5.218319950929875,2.941925305256686,5.136428714140994,2.1622779556985647,1.663516785592575,-3.9256850293318064,0.8522965625683577,3.0,-4.117347971796525
HOF ITEM
20.95739100582594
1.0671430006703564,0.6431872091823341,-5.179234142204587,-1.1101840766038278,1.5749325347449352,-0.5919306516199666,5.2936023828283405,3.0,5.136428714140994,2.1622779556985647,1.663516785592575,-3.9256850293318064,0.8522965625683577,3.0,-4.117347971796525
seed 278
Initial fitness values: [np.float64(24.87444617462839), np.float64(24.87444617462839), np.float64(24.7901067382904), np.float64(24.099620685856625), np.float64(24.08959325044863), np.float64(23.288394864638008), np.float64(23.270972156626552), np.float64(23.054023932316085), np.float64(22.749486640736443), np.float64(22.425258192813743)]
Final fitness values: [np.float64(20.747934982489316), np.float64(20.747934982489316), np.float64(20.74789707738667), np.float64(20.74789707738667), np.float64(20.74789707738667), np.float64(20.74789707738667), np.float64(20.74789707738667), np.float64(20.747598827307918), np.float64(20.747598827307918), np.float64(20.747598827307918)]
HOF ITEM
20.747598827307918
-2.462177409332177,1.5609072866694527,3.6881850444860116,-1.0706685772673068,-0.03090652335595301,2.456364726204238,4.880783288962122,0.0,-6.212394112890641,5.269054858766821,0.7166685046781484,-2.501818172284365,-1.2998436581763895,2.9461721382223574,-2.159545816313887
HOF ITEM
20.74760243326227
-2.462177409332177,1.5609072866694527,3.6881850444860116,-1.0706685772673068,-0.03090652335595301,2.456364726204238,4.880783288962122,0.0,-5.993491639243716,5.429438412597516,0.7166685046781484,-2.769682963373341,-1.2998436581763895,2.9461721382223574,-2.159545816313887
HOF ITEM
20.747602475012012
-2.462177409332177,1.5609072866694527,3.6881850444860116,-1.0706685772673068,-0.03090652335595301,2.456364726204238,4.880783288962122,0.0,-6.212394112890641,5.429438412597516,0.7166685046781484,-2.769682963373341,-1.2998436581763895,2.9461721382223574,-2.159545816313887
HOF ITEM
20.747602641274405
-2.462177409332177,1.5609072866694527,3.6881850444860116,-1.0706685772673068,-0.03090652335595301,2.456364726204238,4.880783288962122,0.0,-5.993491639243716,5.429438412597516,0.7166685046781484,-2.501818172284365,-1.2998436581763895,2.9461721382223574,-2.159545816313887
HOF ITEM
20.74760826830692
-2.462177409332177,1.5609072866694527,3.6881850444860116,-1.0706685772673068,-0.03090652335595301,2.456364726204238,4.774918115079336,0.0,-6.212394112890641,5.269054858766821,0.7166685046781484,-2.501818172284365,-1.2998436581763895,2.9461721382223574,-2.159545816313887
seed 279
Initial fitness values: [np.float64(26.47411004065372), np.float64(24.540932444447236), np.float64(24.427506568505052), np.float64(23.913458733795213), np.float64(23.913458733795213), np.float64(23.24259589054399), np.float64(23.24259589054399), np.float64(23.24175518614492), np.float64(23.18388095006109), np.float64(22.863247097116947)]
Final fitness values: [np.float64(22.39187574530579), np.float64(22.39187574530579), np.float64(22.39187574530579), np.float64(22.39187574530579), np.float64(22.39187574530579), np.float64(22.39187574530579), np.float64(22.39187574530579), np.float64(22.39187574530579), np.float64(22.391875437840802), np.float64(22.391875437840802)]
HOF ITEM
22.391875437840802
6.302601889332337,-0.8664781429642421,-5.0818810470948215,-5.509623741593896,1.136207959461502,5.056582303828618,1.541605056279679,3.0,6.264237033134752,5.5799750506081685,0.0,-1.5319099877128655,2.093153588956866,0.0,-2.5977237101886588
HOF ITEM
22.39187574530579
6.302601889332337,-0.8664781429642421,-5.0818810470948215,-5.509623741593896,1.136207959461502,5.056582303828618,1.541605056279679,3.0,6.264237033134752,5.5799750506081685,0.0,-1.5319099877128655,2.093153588956866,0.0,-2.555857353376823
HOF ITEM
22.391875918855032
6.302601889332337,-0.8664781429642421,-5.0818810470948215,-5.509623741593896,1.136207959461502,5.0071814684350056,1.541605056279679,3.0,6.264237033134752,5.5799750506081685,0.0,-1.5319099877128655,2.093153588956866,0.0,-2.555857353376823
HOF ITEM
22.391877727486467
6.302601889332337,-0.8664781429642421,-5.0818810470948215,-5.509623741593896,1.136207959461502,5.0071814684350056,1.541605056279679,3.0,6.264237033134752,5.5799750506081685,0.0,-1.5319099877128655,2.093153588956866,0.0,-2.6635675909767365
HOF ITEM
22.391878647416473
6.302601889332337,-0.8664781429642421,-5.0818810470948215,-5.509623741593896,1.136207959461502,5.0071814684350056,1.541605056279679,3.0,6.264237033134752,5.5799750506081685,0.0,-1.5319099877128655,2.093153588956866,0.0,-2.7226403302172866
best parameter set
fitness 20.273435637800056 seed 273
3.543989477330435,-0.193787449339812,1.0261910586508196,2.943685597329655,-4.311839745623008,-6.689549974467262,0.7007517774611999,2.999999999995273,-1.7604578096601373,5.975394769843007,2.9444273844474127,-3.7737353972571785,1.4461945688032944,1.1857993136340654,-3.8694967828717033
