seeds are [110 111 112 113 114 115 116 117 118 119]
seed 110
Initial fitness values: [np.float64(51.71882331220139), np.float64(49.1265513084562), np.float64(49.1265513084562), np.float64(46.041137691771304), np.float64(45.89282395497113), np.float64(44.959109796486125), np.float64(43.710711037491), np.float64(42.3986039622604), np.float64(42.3986039622604), np.float64(42.04857964639585)]
Final fitness values: [np.float64(38.94972603147163), np.float64(38.94972603147163), np.float64(38.94972603147163), np.float64(38.94969379139989), np.float64(38.94969379139989), np.float64(38.949500521198765), np.float64(38.94879400048831), np.float64(38.94879400048831), np.float64(38.94879400048831), np.float64(38.94872483302271)]
HOF ITEM
38.94872483302271
-3.0279475819486406,1.640734438204756,-5.579078845733469,1.439787926613381,-4.429132332701858,5.250652124984608,0.22362057500464924,0.1045606631210963,-6.589383543872962,-1.7297293101808333,2.943631820805315,-0.6125088101413989,0.5210953623530978,3.0,-3.572233672658182
HOF ITEM
38.94879400048831
-3.0279475819486406,1.640734438204756,-5.4572853687577005,1.439787926613381,-4.429132332701858,5.250652124984608,0.22362057500464924,0.1045606631210963,-6.589383543872962,-1.7297293101808333,2.943631820805315,-0.6125088101413989,0.5210953623530978,3.0,-3.572233672658182
HOF ITEM
38.948794000654686
-3.0279475819486406,1.640734438204756,-5.4572853687577005,1.439787926613381,-4.429132332701858,5.256235469964595,0.22362057500464924,0.1045606631210963,-6.589383543872962,-1.7297293101808333,2.943631820805315,-0.6125088101413989,0.5210953623530978,3.0,-3.572233672658182
HOF ITEM
38.948806740670946
-3.0279475819486406,1.640734438204756,-5.4572853687577005,1.439787926613381,-4.429132332701858,4.9452341895681915,0.22362057500464924,0.1045606631210963,-6.573964169679237,-1.7297293101808333,2.943631820805315,-0.6125088101413989,0.5210953623530978,3.0,-3.572233672658182
HOF ITEM
38.94880675134571
-3.0279475819486406,1.640734438204756,-5.4572853687577005,1.439787926613381,-4.429132332701858,5.250652124984608,0.22362057500464924,0.1045606631210963,-6.573964169679237,-1.7297293101808333,2.943631820805315,-0.6125088101413989,0.5210953623530978,3.0,-3.572233672658182
seed 111
Initial fitness values: [np.float64(52.519198580898035), np.float64(51.891755248097894), np.float64(50.791807891931526), np.float64(48.050979134602), np.float64(47.60370300525757), np.float64(47.22609296011506), np.float64(47.21371658696746), np.float64(47.01675902714714), np.float64(47.01675902714714), np.float64(47.01675902714714)]
Final fitness values: [np.float64(46.840590796902646), np.float64(46.84059077173809), np.float64(46.84059077173809), np.float64(46.84059077173809), np.float64(46.84059077173809), np.float64(46.84057380089138), np.float64(46.84057258227049), np.float64(46.84057258227049), np.float64(46.84057094096575), np.float64(46.84056784995295)]
HOF ITEM
46.84056784995295
2.135713198706624,0.34417755118628485,-4.379032781296567,6.946504932427978,-3.424213668845974,2.1502158137400147,3.2581438805286087,1.3321009473213032,6.065393496101908,6.167192395487058,0.3507168526981755,-4.701542955230478,-6.492449990930931,1.0813012736021146,-0.8400591971861907
HOF ITEM
46.84056890855882
2.135713198706624,0.34417755118628485,-3.9901553815420168,6.897818478320742,-3.763367423471802,2.269307594843394,3.2581438805286087,1.3321009473213032,6.065393496101908,6.167192395487058,0.3507168526981755,-4.701542955230478,-6.3316582675344,1.0813012736021146,-0.8400591971861907
HOF ITEM
46.84056901376627
2.135713198706624,0.34417755118628485,-4.1568072273867305,7.0,-3.424213668845974,2.1497726917066298,3.2581438805286087,1.3321009473213032,6.065393496101908,6.167192395487058,0.3507168526981755,-4.701542955230478,-6.697052040433716,0.6316034091319589,-0.8400591971861907
HOF ITEM
46.84057070527856
2.135713198706624,0.34417755118628485,-3.9901553815420168,7.0,-3.424213668845974,2.4838922447319756,3.2581438805286087,1.3321009473213032,6.065393496101908,6.167192395487058,0.3507168526981755,-4.771424890000666,-5.790744978325931,0.7863232760098138,-0.8400591971861907
HOF ITEM
46.84057091568992
2.135713198706624,0.34417755118628485,-3.9901553815420168,7.0,-3.424213668845974,2.1502158137400147,3.2581438805286087,1.3321009473213032,6.065393496101908,6.167192395487058,0.3507168526981755,-4.771424890000666,-6.492449990930931,1.0813012736021146,-0.8400591971861907
seed 112
Initial fitness values: [np.float64(51.41607078799139), np.float64(51.41607078799139), np.float64(49.70029397021092), np.float64(49.70029397021092), np.float64(47.96159164870934), np.float64(47.25529609705977), np.float64(47.25529609705977), np.float64(45.95662330573349), np.float64(45.95662330573349), np.float64(45.22516488688327)]
Final fitness values: [np.float64(39.07202627269447), np.float64(39.07202627269447), np.float64(39.07202627269447), np.float64(39.07202627269447), np.float64(39.07202627269447), np.float64(39.07202627269447), np.float64(39.07202627269447), np.float64(39.07202627269447), np.float64(39.07202627269447), np.float64(39.07202627269447)]
HOF ITEM
39.07202627269447
-0.7201433447692902,1.3150195267616223,2.1363394689316553,4.282447942710705,1.9206625994045734,-1.7140111664553914,0.04318788223391001,0.577010264485874,-3.6955195814398087,0.8070590564322245,0.27643440245219664,0.5709665145503607,0.19894880328664458,3.0,-0.6490175056845149
HOF ITEM
39.07213257980463
-0.7201433447692902,1.3150195267616223,2.1363394689316553,4.282447942710705,1.9206625994045734,-1.7140111664553914,0.04318788223391001,0.577010264485874,-3.840567962047834,0.8070590564322245,0.27643440245219664,0.5709665145503607,0.19894880328664458,3.0,-0.6490175056845149
HOF ITEM
39.08383912789426
-0.7201433447692902,1.3150195267616223,2.457666690314376,4.605964413120148,1.9206625994045734,-1.7140111664553914,0.02278000856023752,0.577010264485874,-3.6955195814398087,0.7960150962922778,0.2228660497973038,0.5796300442507135,0.19894880328664458,3.0,-0.6490175056845149
HOF ITEM
39.09415502191221
-0.7201433447692902,1.3150195267616223,2.1363394689316553,4.282447942710705,1.9206625994045734,-1.7140111664553914,0.04318788223391001,0.577010264485874,-3.840567962047834,0.6493093013332751,0.409112032054445,0.5709665145503607,0.19894880328664458,3.0,-0.6490175056845149
HOF ITEM
39.0965467012263
-0.7201433447692902,1.3150195267616223,2.1363394689316553,4.282447942710705,1.8820625982140626,-1.8209622055694892,0.20106180658509418,0.7679485399220963,-3.6955195814398087,0.428124144887391,0.5840218815058134,1.0367591782319343,0.19894880328664458,3.0,-0.6490175056845149
seed 113
Initial fitness values: [np.float64(52.1972287320493), np.float64(47.711733555492124), np.float64(46.523434751513996), np.float64(45.1871980311182), np.float64(45.1871980311182), np.float64(42.19219238709528), np.float64(41.85027846453186), np.float64(41.85027846453186), np.float64(41.66354055059824), np.float64(41.5694565751727)]
Final fitness values: [np.float64(40.840919181820254), np.float64(40.840919181820254), np.float64(40.840919181820254), np.float64(40.840919181820254), np.float64(40.840919181820254), np.float64(40.840919181820254), np.float64(40.840919181820254), np.float64(40.840919181820254), np.float64(40.840919181820254), np.float64(40.840919181820254)]
HOF ITEM
40.840919181820254
-3.0915156849716294,1.6096717808114895,-5.373657627465226,-1.464765542822978,-0.9541327806536939,-0.11428168612476555,-1.7701669879836357,2.9644943486858963,0.9327244364792743,5.723740708393518,2.351021915444556,-5.169469337859624,5.213374374813059,2.0397054356361903,-7.0
HOF ITEM
40.840919181820254
-3.0915156849716294,1.6096717808114895,-5.373657627465226,-1.464765542822978,-0.9541327806536939,-0.11428168612476555,-1.7701669879836357,2.9644943486858963,0.9327244364792743,5.723740708393518,2.351021915444556,-5.169469337859624,5.213374374813059,2.1218211091297174,-6.975172085978543
HOF ITEM
40.840919181820254
-3.0915156849716294,1.6096717808114895,-5.373657627465226,-1.464765542822978,-0.9541327806536939,-0.11428168612476555,-1.7701669879836357,2.9644943486858963,0.9327244364792743,5.723740708393518,2.351021915444556,-5.169469337859624,5.097661151025137,2.3106994105213214,-6.975172085978543
HOF ITEM
40.840919181820254
-3.0915156849716294,1.6096717808114895,-5.373657627465226,-1.464765542822978,-0.9541327806536939,-0.11428168612476555,-1.7701669879836357,2.9644943486858963,0.9327244364792743,5.723740708393518,2.8046797074412413,-5.278032874944791,5.097661151025137,2.0397054356361903,-7.0
HOF ITEM
40.840919181820254
-3.0915156849716294,1.6096717808114895,-5.373657627465226,-1.464765542822978,-0.9541327806536939,-0.11428168612476555,-1.7701669879836357,2.9644943486858963,0.9327244364792743,5.723740708393518,2.8046797074412413,-5.278032874944791,5.097661151025137,2.3106994105213214,-6.975172085978543
seed 114
Initial fitness values: [np.float64(53.18955171003258), np.float64(50.73235532162643), np.float64(48.88210093848783), np.float64(48.59029210759244), np.float64(48.09688407880651), np.float64(48.09688407880651), np.float64(47.471797739310034), np.float64(45.72869049675381), np.float64(43.89078025053538), np.float64(43.89078025053538)]
Final fitness values: [np.float64(37.46398183727095), np.float64(37.46398183727095), np.float64(37.46354261883107), np.float64(37.46354261883107), np.float64(37.408930682186785), np.float64(37.408930682186785), np.float64(37.408930682186785), np.float64(37.4037571384282), np.float64(37.4037571384282), np.float64(37.4037571384282)]
HOF ITEM
37.4037571384282
-1.4160340162618423,1.5008519316069127,-0.5572610841535515,3.845013481952512,0.08948022938674563,-6.807146777646844,-1.7517524351024882,2.821699455446775,-5.322480647746653,-0.578072875432334,2.9901245360619044,-6.191959012750397,1.7213196183714243,1.0246869075497833,-4.433844648070719
HOF ITEM
37.40833585627129
-1.4160340162618423,1.5008519316069127,-0.5572610841535515,3.845013481952512,0.08948022938674563,-6.807146777646844,-1.7517524351024882,2.8413488944307073,-5.322480647746653,-0.578072875432334,2.9901245360619044,-6.191959012750397,1.7213196183714243,1.0246869075497833,-4.433844648070719
HOF ITEM
37.408930682186785
-1.4160340162618423,1.5008519316069127,-0.3141468458872336,4.074655039784602,0.08948022938674563,-6.807146777646844,-1.7517524351024882,2.821699455446775,-5.322480647746653,-0.578072875432334,2.9901245360619044,-6.191959012750397,1.7213196183714243,1.0246869075497833,-4.433844648070719
HOF ITEM
37.40893380766645
-1.4160340162618423,1.5008519316069127,-0.3141468458872336,4.074655039784602,0.08948022938674563,-6.807146777646844,-1.7517524351024882,2.821699455446775,-5.322480647746653,-0.578072875432334,2.9901245360619044,-6.191959012750397,1.7213196183714243,1.0246869075497833,-4.419534845866728
HOF ITEM
37.408989864632574
-1.4160340162618423,1.5008519316069127,-0.3141468458872336,4.074655039784602,0.08948022938674563,-6.807146777646844,-1.7517524351024882,2.821699455446775,-5.322480647746653,-0.578072875432334,2.9901245360619044,-6.191959012750397,1.7213196183714243,1.0246869075497833,-4.19252112611154
seed 115
Initial fitness values: [np.float64(51.09648112529455), np.float64(47.59114965629274), np.float64(46.27329697003039), np.float64(43.077993239606165), np.float64(42.554774888424426), np.float64(41.77542930338453), np.float64(41.77542930338453), np.float64(41.518079103824036), np.float64(41.518079103824036), np.float64(41.11869632221317)]
Final fitness values: [np.float64(40.77058946588824), np.float64(40.77058946588824), np.float64(40.77058946588824), np.float64(40.77058946588824), np.float64(40.77058946588824), np.float64(40.77041776892678), np.float64(40.77041776892678), np.float64(40.77041767984391), np.float64(40.735424670001464), np.float64(40.735424670001464)]
HOF ITEM
40.735424670001464
-2.988997747497325,1.579237123519112,-2.0762749127356956,-4.965287223147178,-4.261929074697883,-0.7919718203413495,1.551466433044252,2.6120678339753813,-6.233810486607311,1.1826672638732214,1.0771064872587337,-6.234250722411034,-1.8516884620897576,2.9282572357302477,-3.134789820221555
HOF ITEM
40.73567097938868
-2.988997747497325,1.579237123519112,-2.0762749127356956,-4.965287223147178,-4.261929074697883,-0.7919718203413495,1.551466433044252,2.6120678339753813,-6.233810486607311,1.2259358109416296,1.0771064872587337,-6.234250722411034,-1.8516884620897576,2.9282572357302477,-3.134789820221555
HOF ITEM
40.735670979388715
-2.988997747497325,1.579237123519112,-2.0762749127356956,-4.965287223147178,-4.261929074697883,-0.7919718203413495,1.551466433044252,2.361224489602877,-6.233810486607311,1.2259358109416296,1.0771064872587337,-6.234250722411034,-1.8516884620897576,2.9282572357302477,-3.134789820221555
HOF ITEM
40.77041713835916
-2.988997747497325,1.5758659770046477,-2.0762749127356956,-4.965287223147178,-4.261929074697883,-0.7919718203413495,1.551466433044252,2.361224489602877,-6.233810486607311,1.2259358109416296,1.0771064872587337,-6.427311119296913,-1.8516884620897576,2.9282572357302477,-3.134789820221555
HOF ITEM
40.77041767984391
-2.988997747497325,1.5758659770046477,-2.0762749127356956,-4.965287223147178,-4.261929074697883,-0.7919718203413495,1.551466433044252,2.361224489602877,-6.233810486607311,1.2259358109416296,1.0771064872587337,-6.259366699384556,-1.8516884620897576,2.9282572357302477,-3.134789820221555
seed 116
Initial fitness values: [np.float64(51.817650320820334), np.float64(49.90472083125935), np.float64(47.764266028698984), np.float64(47.30271024752766), np.float64(46.93145978730979), np.float64(46.404165437378644), np.float64(46.08567882502436), np.float64(45.59020899533916), np.float64(45.08005681527306), np.float64(43.644362635582205)]
Final fitness values: [np.float64(39.812296048512465), np.float64(39.812296048512465), np.float64(39.812296048512465), np.float64(39.812296048512465), np.float64(39.812296048512465), np.float64(39.812296048512465), np.float64(39.812296048512465), np.float64(39.812296048512465), np.float64(39.812296048512465), np.float64(39.812296048512465)]
HOF ITEM
39.812296048512465
3.7253739841676,-0.5762322976763841,2.6063444279318686,-0.7297707269948217,3.738470889989243,2.615756118492007,-5.597532112065536,2.2707938272161448,4.275300555155049,1.4407275008240557,1.3076363490901173,6.556699559762204,1.3722502257933686,0.7889994404157672,-6.6113922566783945
HOF ITEM
39.812296048512465
3.7253739841676,-0.5762322976763841,2.6063444279318686,-0.7297707269948217,3.738470889989243,2.615756118492007,-5.976816678797059,2.23433509557422,4.275300555155049,1.4407275008240557,1.3076363490901173,6.556699559762204,1.3722502257933686,0.7889994404157672,-6.6113922566783945
HOF ITEM
39.812296048512465
3.7253739841676,-0.5762322976763841,2.6063444279318686,-0.7297707269948217,3.738470889989243,2.615756118492007,-5.751577949657104,2.23433509557422,4.275300555155049,1.4407275008240557,1.3076363490901173,6.556699559762204,1.3722502257933686,0.7889994404157672,-6.6113922566783945
HOF ITEM
39.81538827752189
3.7253739841676,-0.5762322976763841,2.6063444279318686,-0.7297707269948217,3.738470889989243,2.615756118492007,-5.751577949657104,2.23433509557422,4.275300555155049,1.4407275008240557,1.3076363490901173,6.556699559762204,1.3680414524980105,0.7889994404157672,-6.73079851777355
HOF ITEM
39.81575569033008
3.7253739841676,-0.5762322976763841,2.6063444279318686,-0.7297707269948217,3.738470889989243,2.615756118492007,-5.672279859685864,2.542603217888345,4.275300555155049,1.4407275008240557,1.3076363490901173,6.556699559762204,1.3722502257933686,0.7889994404157672,-6.134525493624253
seed 117
Initial fitness values: [np.float64(50.90009427826349), np.float64(50.57076093702873), np.float64(48.04969811004522), np.float64(47.14566952194222), np.float64(46.45153049665637), np.float64(44.66435012672089), np.float64(44.180482825315686), np.float64(43.42571251251353), np.float64(43.40495609158929), np.float64(43.13387867937509)]
Final fitness values: [np.float64(40.09684377340429), np.float64(40.09684377340429), np.float64(40.09684377340429), np.float64(40.09594426236301), np.float64(40.09594426236301), np.float64(40.095722807610336), np.float64(40.095722807610336), np.float64(40.095722807610336), np.float64(40.095722807610336), np.float64(40.095722807610336)]
HOF ITEM
40.095722807610336
0.6077456602386099,0.8618228919538802,-5.715332373455831,-2.7488746284415746,-5.427500513416325,5.728444570206705,2.944283626768571,0.0,-6.1164707289182605,0.8958561466060853,3.0,-0.6494849495562893,-3.5686510686736934,0.6912339640147813,4.808430461071915
HOF ITEM
40.095944224682256
0.6077456602386099,0.8618228919538802,-5.715332373455831,-2.7488746284415746,-5.427500513416325,5.728444570206705,2.944283626768571,0.0,-6.739629601060958,0.8958561466060853,3.0,-0.6494849495562893,-3.5686510686736934,0.6912339640147813,4.577050677407904
HOF ITEM
40.09594426236301
0.6077456602386099,0.8618228919538802,-5.715332373455831,-2.7488746284415746,-5.427500513416325,5.728444570206705,2.944283626768571,0.0,-6.739629601060958,0.8958561466060853,3.0,-0.6494849495562893,-3.5686510686736934,0.6912339640147813,4.808430461071915
HOF ITEM
40.09614836388199
0.6077456602386099,0.8618228919538802,-5.715332373455831,-3.061263742407742,-5.600513744727738,5.8205997543205,2.944283626768571,0.0,-6.1164707289182605,0.8958561466060853,3.0,-0.6494849495562893,-3.5686510686736934,0.49540734242707896,4.808430461071915
HOF ITEM
40.096426262235774
0.6077456602386099,0.8618228919538802,-5.510791160568042,-2.898312249421175,-5.427500513416325,5.728444570206705,2.944283626768571,0.0,-6.739629601060958,0.8958561466060853,3.0,-0.6494849495562893,-3.5686510686736934,0.6912339640147813,4.808430461071915
seed 118
Initial fitness values: [np.float64(51.70073301867483), np.float64(49.368784118742546), np.float64(48.85462552506704), np.float64(44.90939965233919), np.float64(44.90939965233919), np.float64(43.662555653008084), np.float64(43.662555653008084), np.float64(43.44256153259745), np.float64(43.15292933802912), np.float64(43.15292933802912)]
Final fitness values: [np.float64(42.62894466154016), np.float64(42.627570289207526), np.float64(42.62755689595958), np.float64(42.626571011137976), np.float64(42.626571011137976), np.float64(42.62508052065037), np.float64(42.62508052065037), np.float64(42.62508052065037), np.float64(42.62508052065037), np.float64(42.62508052065037)]
HOF ITEM
42.62508052065037
2.178003529685072,-0.07131041581739328,1.4209600635995214,-1.0305900657288183,-5.6445965864637175,-0.3038439750663978,-6.265904212268087,1.9736824961442518,-2.748450242390737,1.6076271892053429,1.0287318887614902,-2.9544073946145057,5.136311527234703,3.0,-1.7947142319479386
HOF ITEM
42.62508052065037
2.178003529685072,-0.07131041581739328,1.4209600635995214,-1.0305900657288183,-5.6445965864637175,-0.3038439750663978,-6.265904212268087,1.9736824961442518,-2.748450242390737,1.6076271892053429,1.0287318887614902,-2.9544073946145057,5.294352362807372,3.0,-1.7437212671179865
HOF ITEM
42.62508052065037
2.178003529685072,-0.07131041581739328,1.4209600635995214,-1.0305900657288183,-5.6445965864637175,-0.3038439750663978,-6.265904212268087,1.9736824961442518,-2.748450242390737,1.6076271892053429,1.0287318887614902,-2.9544073946145057,5.136311527234703,3.0,-1.7437212671179865
HOF ITEM
42.62508052065037
2.178003529685072,-0.07131041581739328,1.4209600635995214,-1.0305900657288183,-5.6445965864637175,-0.3038439750663978,-6.265904212268087,1.9736824961442518,-2.748450242390737,1.6076271892053429,1.0287318887614902,-2.9544073946145057,5.301022611284365,3.0,-1.9304550114102406
HOF ITEM
42.62508052065037
2.178003529685072,-0.07131041581739328,1.4209600635995214,-1.0305900657288183,-5.6445965864637175,-0.3038439750663978,-6.265904212268087,1.9736824961442518,-2.748450242390737,1.6076271892053429,1.0287318887614902,-2.9544073946145057,5.294352362807372,3.0,-1.7947142319479386
seed 119
Initial fitness values: [np.float64(52.824015787856716), np.float64(50.458071712771215), np.float64(50.15160593073513), np.float64(50.014096711558004), np.float64(49.30886587276788), np.float64(46.27943371135434), np.float64(46.27943371135434), np.float64(46.08603415471219), np.float64(45.48454864929662), np.float64(45.48454864929662)]
Final fitness values: [np.float64(43.72772700513863), np.float64(43.72772700513863), np.float64(43.72772700513863), np.float64(43.72772700513863), np.float64(43.72772700513863), np.float64(43.72772700513863), np.float64(43.72771969380623), np.float64(43.72771969380623), np.float64(43.72771969380623), np.float64(43.72771969380623)]
HOF ITEM
43.72771969380623
6.599515167783188,-1.0288318132327978,0.36105463230896323,-0.9712376859385325,3.3464117324674554,3.1383290740412275,1.9373787979470611,1.3255740497059267,0.9948300456423391,1.205096813750628,2.8309944494416643,-2.298313924322617,3.081067678359776,2.3932700868661465,4.5494389524491305
HOF ITEM
43.72772700513863
6.599515167783188,-1.0288318132327978,0.36105463230896323,-0.9712376859385325,3.3464117324674554,3.1383290740412275,1.9373787979470611,1.3255740497059267,0.9948300456423391,1.205096813750628,2.8309944494416643,-2.298313924322617,3.3260980947221466,2.704205814834968,4.5494389524491305
HOF ITEM
43.72772700513863
6.599515167783188,-1.0288318132327978,0.36105463230896323,-0.9712376859385325,3.3464117324674554,3.1383290740412275,1.9373787979470611,1.3255740497059267,0.9948300456423391,1.205096813750628,2.8309944494416643,-2.298313924322617,3.2077357125955253,2.704205814834968,4.452920216258261
HOF ITEM
43.72772700513863
6.599515167783188,-1.0288318132327978,0.36105463230896323,-0.9712376859385325,3.3464117324674554,3.1383290740412275,1.9373787979470611,1.3255740497059267,0.9948300456423391,1.205096813750628,2.8309944494416643,-2.298313924322617,3.3260980947221466,3.0,4.5494389524491305
HOF ITEM
43.72772700513863
6.599515167783188,-1.0288318132327978,0.36105463230896323,-0.9712376859385325,3.3464117324674554,3.1383290740412275,1.9373787979470611,1.3255740497059267,0.9948300456423391,1.205096813750628,2.8309944494416643,-2.298313924322617,3.2077357125955253,2.704205814834968,4.176704820996862
best parameter set
fitness 37.38977798351003 seed 114
-1.4162005011421894,1.5006879254645404,-0.5572719806782476,3.845024337910378,0.08950170418209169,-6.807152527525391,-1.7519089099241345,2.8217006267908546,-5.322493645742072,-0.5778469393081511,2.990035386149027,-6.191961660291059,1.7213181758534815,1.0246859093191534,-4.433844654764569
