seeds are [770 771 772 773 774 775 776 777 778 779]
seed 770
Initial fitness values: [np.float64(51.04174677170959), np.float64(49.01422739453039), np.float64(48.430332490711756), np.float64(48.00820586417463), np.float64(47.081367091850716), np.float64(46.66845843957655), np.float64(45.66501530358156), np.float64(44.21370728302815), np.float64(44.21370728302815), np.float64(43.98262492987779)]
Final fitness values: [np.float64(41.54469135531627), np.float64(41.54469135531627), np.float64(41.54466886670959), np.float64(41.5446619385871), np.float64(41.5446619385871), np.float64(41.5446619385871), np.float64(41.5446619385871), np.float64(41.5446619385058), np.float64(41.5446619385058), np.float64(41.5446315423962)]
HOF ITEM
41.5446315423962
-1.6080907441089831,1.6166226572537021,-4.333390590973562,6.228813549527354,-4.009708883809968,5.887741314545347,-4.869545902395226,3.0,-0.10137766020225603,-0.08855175440907484,1.0320404115215485,-3.2067750025488797,-2.0445250409865903,2.930168560303619,5.314109040895655
HOF ITEM
41.5446619385058
-1.6080907441089831,1.6166226572537021,-3.4875711636345232,6.228813549527354,-3.7367344197678385,6.0763404262930845,-4.911616491625523,3.0,-0.10137766020225603,-0.08855175440907484,1.0320404115215485,-3.2067750025488797,-2.4493348934603247,2.930168560303619,5.286931130676739
HOF ITEM
41.5446619385058
-1.6080907441089831,1.6166226572537021,-3.4875711636345232,6.228813549527354,-3.7367344197678385,6.0763404262930845,-4.869545902395226,3.0,-0.10137766020225603,-0.08855175440907484,1.0320404115215485,-3.2067750025488797,-2.4493348934603247,2.930168560303619,5.286931130676739
HOF ITEM
41.54466193850588
-1.6080907441089831,1.6166226572537021,-3.4875711636345232,6.228813549527354,-3.7367344197678385,6.0763404262930845,-4.869545902395226,3.0,-0.10137766020225603,-0.08855175440907484,1.0320404115215485,-3.2067750025488797,-2.4214720866736728,2.930168560303619,5.286931130676739
HOF ITEM
41.54466193853787
-1.6080907441089831,1.6166226572537021,-3.4875711636345232,6.228813549527354,-3.7367344197678385,6.0763404262930845,-4.869545902395226,3.0,-0.10137766020225603,-0.08855175440907484,1.0320404115215485,-3.2067750025488797,-2.4493348934603247,2.8839125397435046,5.248663429280299
seed 771
Initial fitness values: [np.float64(52.53609574143976), np.float64(48.35750193420773), np.float64(47.3256066580131), np.float64(46.641576051918484), np.float64(46.579146194998486), np.float64(46.35994688782532), np.float64(45.95772825384826), np.float64(45.929912118468856), np.float64(45.4395598164995), np.float64(45.4395598164995)]
Final fitness values: [np.float64(44.33842111129312), np.float64(44.33842111129312), np.float64(44.33842111129312), np.float64(44.33842111129312), np.float64(44.33842111129312), np.float64(44.33842111129312), np.float64(44.33842111129312), np.float64(44.33842111129312), np.float64(44.33842111129312), np.float64(44.33842111129312)]
HOF ITEM
44.33842111129312
7.0,-1.7105287814398178,-3.076011125211558,-6.598082425366233,-3.5425659044667666,-1.111672924529172,7.0,0.7454810622615862,3.5244898882419196,4.8200326394558815,1.844243698018522,4.352264921788637,1.0363230141555844,2.269832689481417,-2.520768699620914
HOF ITEM
44.33842145855854
7.0,-1.7105287814398178,-3.076011125211558,-6.598082425366233,-3.5425659044667666,-1.111672924529172,7.0,0.7454810622615862,3.5244898882419196,4.8200326394558815,1.8694549789823454,4.352264921788637,1.0363230141555844,2.269832689481417,-2.520768699620914
HOF ITEM
44.33842375954718
7.0,-1.7105287814398178,-3.076011125211558,-6.598082425366233,-3.5425659044667666,-1.111672924529172,7.0,0.7371528263979491,3.5244898882419196,4.8200326394558815,1.844243698018522,4.352264921788637,1.0363230141555844,2.269832689481417,-2.520768699620914
HOF ITEM
44.33842456823584
7.0,-1.7105287814398178,-3.076011125211558,-6.598082425366233,-3.5425659044667666,-1.111672924529172,7.0,0.7371528263979491,3.5244898882419196,5.16259810809075,1.844243698018522,4.352264921788637,1.0363230141555844,2.269832689481417,-2.520768699620914
HOF ITEM
44.338427250721644
7.0,-1.7105287814398178,-3.076011125211558,-6.598082425366233,-3.5425659044667666,-1.111672924529172,6.77881474849658,0.7454810622615862,3.297868808255228,4.610305674788881,1.8651801696867287,4.352264921788637,1.0363230141555844,2.269832689481417,-2.520768699620914
seed 772
Initial fitness values: [np.float64(52.04161834070743), np.float64(48.907028070058054), np.float64(48.35340600132271), np.float64(46.45737925762064), np.float64(46.2340843588396), np.float64(45.89504353100227), np.float64(45.89504353100227), np.float64(44.6063630705288), np.float64(44.45189523724918), np.float64(43.86450612429897)]
Final fitness values: [np.float64(41.41539317366916), np.float64(41.415393171456856), np.float64(41.415393169903105), np.float64(41.415393169903105), np.float64(41.415393169903105), np.float64(41.415393169903105), np.float64(41.41539316799311), np.float64(41.41538520584285), np.float64(41.41538520584285), np.float64(41.41538520584285)]
HOF ITEM
41.41538520584285
1.5551103209136818,0.43218113082639564,-2.115742196963379,4.661388095694328,5.315713743139548,2.5809191191911776,3.9078452111604443,2.0100372631020322,-1.4393993491508756,2.5333547225026747,1.3842735119778833,-6.461505671709191,0.9378787848738964,3.0,-4.556045525803542
HOF ITEM
41.41539316799311
1.5551103209136818,0.43218113082639564,-2.115742196963379,4.661388095694328,5.315713743139548,2.5809191191911776,3.9078452111604443,2.0587093791280244,-1.4393993491508756,2.5333547225026747,1.3842735119778833,-6.170601845988727,0.9378787848738964,3.0,-4.556045525803542
HOF ITEM
41.415393169903105
1.5551103209136818,0.43218113082639564,-2.115742196963379,4.661388095694328,5.315713743139548,2.5809191191911776,3.9078452111604443,2.053627997474475,-1.4393993491508756,2.5333547225026747,1.3842735119778833,-6.170601845988727,0.9378787848738964,3.0,-4.556045525803542
HOF ITEM
41.415393171456856
1.5551103209136818,0.43218113082639564,-2.115742196963379,4.661388095694328,5.315713743139548,2.5809191191911776,3.887902827411479,2.0587093791280244,-1.4393993491508756,2.5333547225026747,1.3842735119778833,-6.170601845988727,0.9378787848738964,3.0,-4.556045525803542
HOF ITEM
41.41539317366916
1.5551103209136818,0.43218113082639564,-2.115742196963379,4.661388095694328,5.315713743139548,2.5809191191911776,3.887902827411479,2.053627997474475,-1.4393993491508756,2.5333547225026747,1.3842735119778833,-6.170601845988727,0.9378787848738964,3.0,-4.556045525803542
seed 773
Initial fitness values: [np.float64(51.971007363177634), np.float64(49.82465962986566), np.float64(47.48512027001943), np.float64(45.89015804890979), np.float64(45.89015804890979), np.float64(43.9373452250955), np.float64(43.627701899675635), np.float64(43.145285506171106), np.float64(42.79257758832329), np.float64(40.99272682056716)]
Final fitness values: [np.float64(32.02454854286105), np.float64(32.02454854286105), np.float64(32.02454854286105), np.float64(32.02454854286105), np.float64(32.02454854286105), np.float64(32.02454854286105), np.float64(32.02454854286105), np.float64(32.02454854286105), np.float64(32.02454854286105), np.float64(32.02454854286105)]
HOF ITEM
32.02454854286105
0.14976657309672609,0.7994950653950074,0.3253101649198129,-0.029166843593078112,3.081836336544754,2.948978331116775,-0.5625667201531912,0.1714756329513922,5.6138559759991935,-1.6592423930600482,1.3974005538337813,5.1474072051662905,0.37147137351371434,2.0277913257840217,-2.435263805071951
HOF ITEM
32.106942325661436
0.14976657309672609,0.7994950653950074,0.3601333499144091,-0.029166843593078112,3.081836336544754,2.948978331116775,-0.5763201421692973,0.1714756329513922,5.6138559759991935,-1.6592423930600482,1.3974005538337813,5.1474072051662905,0.37147137351371434,2.0277913257840217,-2.435263805071951
HOF ITEM
32.13295165075248
0.14976657309672609,0.7994950653950074,0.3253101649198129,-0.16573121529643609,3.081836336544754,2.948978331116775,-0.44107211545721614,0.1480632213134676,5.815962290336383,-1.6592423930600482,1.3974005538337813,5.1474072051662905,0.37147137351371434,2.0277913257840217,-2.435263805071951
HOF ITEM
32.20763884607807
0.14976657309672609,0.7994950653950074,0.09095849292394162,-0.06818928748775474,3.081836336544754,2.740086838812566,-0.5625667201531912,0.1714756329513922,5.6138559759991935,-1.6592423930600482,1.3974005538337813,5.1474072051662905,0.37147137351371434,2.0277913257840217,-2.435263805071951
HOF ITEM
32.24065423957871
0.14976657309672609,0.7994950653950074,0.09095849292394162,-0.06818928748775474,3.081836336544754,2.740086838812566,-0.5625667201531912,0.1714756329513922,5.6138559759991935,-1.6592423930600482,1.4267139337743644,5.218706178154536,0.37147137351371434,2.0277913257840217,-2.435263805071951
seed 774
Initial fitness values: [np.float64(47.37204564274439), np.float64(47.37204564274439), np.float64(42.63896068249246), np.float64(40.42371943460632), np.float64(40.42371943460632), np.float64(39.57471796221446), np.float64(39.57471796221446), np.float64(39.57471796221446), np.float64(39.57471796221446), np.float64(39.40658890459109)]
Final fitness values: [np.float64(38.80946145699042), np.float64(38.80941576465844), np.float64(38.80941576465844), np.float64(38.80941576465844), np.float64(38.80941576465844), np.float64(38.80941576465844), np.float64(38.80941576465844), np.float64(38.80941576465844), np.float64(38.80941576465844), np.float64(38.80941576465844)]
HOF ITEM
38.80941576465844
-5.0089351260739186,1.8582935531800349,4.799503744085106,-7.0,2.350863647246577,2.3801062078025272,-5.283784459993758,2.689560026056738,-3.419683998261913,-4.395505619970589,1.5286440274675805,2.168988005259074,-4.214357125898591,0.1719467634567892,-2.1632863974600323
HOF ITEM
38.80941576465844
-5.0089351260739186,1.8582935531800349,4.799503744085106,-7.0,2.350863647246577,2.3801062078025272,-5.286668881710049,2.689560026056738,-3.5390215558979694,-4.395505619970589,1.5286440274675805,2.168988005259074,-4.214357125898591,0.1719467634567892,-2.1632863974600323
HOF ITEM
38.80941576465844
-5.0089351260739186,1.8582935531800349,4.799503744085106,-7.0,2.350863647246577,2.3801062078025272,-5.163807898015634,2.689560026056738,-3.5951920136466486,-4.395505619970589,1.5286440274675805,2.168988005259074,-4.214357125898591,0.1719467634567892,-2.1632863974600323
HOF ITEM
38.80941576465844
-5.0089351260739186,1.8582935531800349,4.799503744085106,-7.0,2.350863647246577,2.3801062078025272,-5.163807898015634,2.689560026056738,-3.5390215558979694,-4.395505619970589,1.5286440274675805,2.168988005259074,-4.214357125898591,0.1719467634567892,-2.1632863974600323
HOF ITEM
38.80946145699042
-5.0089351260739186,1.8582935531800349,4.799503744085106,-6.698679497838679,2.350863647246577,2.3801062078025272,-5.163807898015634,2.689560026056738,-3.5390215558979694,-4.395505619970589,1.5286440274675805,2.168988005259074,-4.214357125898591,0.1719467634567892,-2.1632863974600323
seed 775
Initial fitness values: [np.float64(50.78108059884533), np.float64(48.60555258291179), np.float64(48.60555258291179), np.float64(48.60555258291179), np.float64(47.604805592330386), np.float64(47.604805592330386), np.float64(47.11701860108019), np.float64(46.70103091129362), np.float64(46.70103091129362), np.float64(45.862675032379244)]
Final fitness values: [np.float64(40.415710123598814), np.float64(40.415710123598814), np.float64(40.415710123598814), np.float64(40.415710123598814), np.float64(40.415710123598814), np.float64(40.415710123598814), np.float64(40.415710120352706), np.float64(40.415710120352706), np.float64(40.415710120352706), np.float64(40.41571012028007)]
HOF ITEM
40.41571012028007
-4.315277004888373,1.408975234663175,3.7673780539004933,2.9045220214282788,2.0740632856914747,-3.1887927572737964,-4.964351978990083,2.4344714262260276,-2.1045619155102586,-3.4594245583186365,2.369386451061707,-4.677787009975286,-1.6167551338133836,2.8135292727842436,-3.9937244558915777
HOF ITEM
40.415710120352706
-4.315277004888373,1.408975234663175,3.7673780539004933,2.9045220214282788,2.0740632856914747,-3.1887927572737964,-4.936803869295322,2.4344714262260276,-2.1045619155102586,-3.4594245583186365,2.369386451061707,-4.677787009975286,-1.9468127806223714,2.8832333837381254,-3.9660507509047354
HOF ITEM
40.415710120352706
-4.315277004888373,1.408975234663175,3.7673780539004933,2.9045220214282788,2.0740632856914747,-3.1887927572737964,-4.936803869295322,2.4344714262260276,-2.1045619155102586,-3.4594245583186365,2.369386451061707,-4.677787009975286,-1.9468127806223714,2.8832333837381254,-3.778064175514137
HOF ITEM
40.415710120352706
-4.315277004888373,1.408975234663175,3.7673780539004933,2.9045220214282788,2.0740632856914747,-3.1887927572737964,-4.936803869295322,2.4344714262260276,-2.1045619155102586,-3.4594245583186365,2.369386451061707,-4.677787009975286,-2.0939781947288623,2.8832333837381254,-3.778064175514137
HOF ITEM
40.415710120352706
-4.315277004888373,1.408975234663175,3.7673780539004933,2.9045220214282788,2.0740632856914747,-3.1887927572737964,-4.936803869295322,2.4344714262260276,-2.1045619155102586,-3.4594245583186365,2.369386451061707,-4.677787009975286,-1.9468127806223714,3.0,-3.9660507509047354
seed 776
Initial fitness values: [np.float64(53.30638861422763), np.float64(52.29121036597026), np.float64(48.25608506453423), np.float64(47.99164390018234), np.float64(47.63151525594584), np.float64(47.28753867777077), np.float64(47.286646033840206), np.float64(47.087436865740834), np.float64(46.818425395582274), np.float64(46.81756877451431)]
Final fitness values: [np.float64(42.9011376101173), np.float64(42.89112614347531), np.float64(42.89112610922899), np.float64(42.89112610922899), np.float64(42.876022989766945), np.float64(42.86651591822581), np.float64(42.861780751243884), np.float64(42.85942536402899), np.float64(42.85656694754581), np.float64(42.854499625823514)]
HOF ITEM
42.854499625823514
2.5860307262765296,-0.05242414214367498,0.6965373083572974,-1.6163507429609718,-5.127374505531358,3.276513381135741,-6.029362026817063,2.1665093019674004,-1.8389756150678,1.6607390418225385,1.044847135433504,-3.93779914011238,-0.6040888559866592,1.8115223095152948,-1.3318352958914899
HOF ITEM
42.85510504607359
2.5860307262765296,-0.05242414214367498,0.6799449028925083,-1.7008570352686263,-5.129006990191458,3.1766285872052924,-6.114172329813006,2.1665093019674004,-2.1348947096502466,1.6626188459305322,1.044847135433504,-3.93779914011238,-0.6040888559866592,1.4613072116773216,-1.3592898408528649
HOF ITEM
42.85656694754581
2.5860307262765296,-0.05228568073750625,0.6827820040008977,-1.7008570352686263,-5.315485503149329,3.5437281738752215,-5.990465636352769,2.1665093019674004,-2.1348947096502466,1.6626188459305322,1.0279254162522191,-3.93779914011238,-0.6040888559866592,1.8115223095152948,-1.3318352958914899
HOF ITEM
42.85663891569881
2.5860307262765296,-0.05242414214367498,0.6965373083572974,-1.6163507429609718,-5.127374505531358,3.276513381135741,-6.029362026817063,2.1665093019674004,-1.8389756150678,1.6607390418225385,1.044847135433504,-3.93779914011238,-0.6040888559866592,1.4613072116773216,-1.3592898408528649
HOF ITEM
42.85830105353988
2.5860307262765296,-0.05242414214367498,0.6965373083572974,-1.6163507429609718,-5.127374505531358,3.276513381135741,-6.029362026817063,2.1665093019674004,-1.8389756150678,1.6607390418225385,1.044847135433504,-3.93779914011238,-0.5283318009506874,1.4613072116773216,-1.3592898408528649
seed 777
Initial fitness values: [np.float64(48.883931261968094), np.float64(48.11082726493379), np.float64(47.0342728579942), np.float64(45.73749089874577), np.float64(45.411837505812834), np.float64(45.411837505812834), np.float64(45.08586781771449), np.float64(44.48963061361702), np.float64(43.89774345863507), np.float64(43.36206854438138)]
Final fitness values: [np.float64(40.74090535248956), np.float64(40.740019076140356), np.float64(40.740019076140356), np.float64(40.74001907601095), np.float64(40.73752233550167), np.float64(40.73752233535528), np.float64(40.73752233535528), np.float64(40.73752233535528), np.float64(40.73752233535528), np.float64(40.73752233535528)]
HOF ITEM
40.73752233535528
-1.9797421684149081,1.7758797099743917,2.170233485341067,-3.010694749684774,-4.955788578685298,-2.8091581872306457,4.701870313767669,1.2605324492365555,0.6980735916703141,-0.4317697980987848,1.129176089540744,-2.8152388000909583,-3.819464682932871,3.0,3.885232135452989
HOF ITEM
40.73752233535528
-1.9797421684149081,1.7758797099743917,2.170233485341067,-3.010694749684774,-4.955788578685298,-2.8091581872306457,4.701870313767669,1.2605324492365555,0.6980735916703141,-0.4317697980987848,1.129176089540744,-2.8152388000909583,-3.5812629181206304,3.0,3.885232135452989
HOF ITEM
40.73752233538059
-1.9797421684149081,1.7758797099743917,2.170233485341067,-3.010694749684774,-4.955788578685298,-2.8091581872306457,4.701870313767669,1.2605324492365555,0.6261203819562875,-0.4317697980987848,1.129176089540744,-2.8152388000909583,-3.819464682932871,3.0,3.885232135452989
HOF ITEM
40.73752233538059
-1.9797421684149081,1.7758797099743917,2.170233485341067,-3.010694749684774,-4.955788578685298,-2.8091581872306457,4.701870313767669,1.2605324492365555,0.6261203819562875,-0.4317697980987848,1.129176089540744,-2.8152388000909583,-3.5812629181206304,3.0,3.885232135452989
HOF ITEM
40.737522335495854
-1.9797421684149081,1.7758797099743917,2.170233485341067,-3.010694749684774,-4.955788578685298,-2.8091581872306457,5.11619784439851,1.2605324492365555,0.6980735916703141,-0.4317697980987848,1.129176089540744,-2.8152388000909583,-3.5812629181206304,3.0,3.885232135452989
seed 778
Initial fitness values: [np.float64(51.44076126380441), np.float64(47.80577650968573), np.float64(47.34530547118627), np.float64(47.16581408632655), np.float64(47.011740514483336), np.float64(47.007034809066155), np.float64(46.92781677176936), np.float64(46.7646305511444), np.float64(46.7646305511444), np.float64(46.72890507167238)]
Final fitness values: [np.float64(44.53351195650171), np.float64(44.52997769203676), np.float64(44.52997769203676), np.float64(44.52997769203676), np.float64(44.529337903483864), np.float64(44.529337903483864), np.float64(44.5293160001545), np.float64(44.52931595895949), np.float64(44.5292965799959), np.float64(44.5292965799959)]
HOF ITEM
44.5292965799959
6.589955452689205,-1.036084767716481,-1.309858335102222,-1.6758229641555524,0.25823948232275695,3.327063820117105,3.6913831921097224,2.179701370442006,-6.359515956261673,5.7271430076934875,0.9700296532932037,-2.034447942240329,0.7467616171595186,2.026482192307755,-4.4805151856878735
HOF ITEM
44.52929658652958
6.589955452689205,-1.036084767716481,-1.309858335102222,-1.6758229641555524,0.25823948232275695,3.327063820117105,3.883142818558248,2.179701370442006,-6.359515956261673,5.7271430076934875,0.9700296532932037,-2.034447942240329,0.7467616171595186,2.026482192307755,-4.4805151856878735
HOF ITEM
44.52930903000369
6.589955452689205,-1.036084767716481,-1.309858335102222,-1.6758229641555524,0.25823948232275695,3.327063820117105,3.883142818558248,1.942999978093574,-6.506943282270346,6.102203506874203,0.8295293048652832,-2.1091483223125116,0.7467616171595186,2.026482192307755,-4.4805151856878735
HOF ITEM
44.52931595895949
6.589955452689205,-1.036084767716481,-1.309858335102222,-1.6758229641555524,0.25823948232275695,3.327063820117105,3.883142818558248,1.942999978093574,-6.506943282270346,5.978633733850035,0.8295293048652832,-2.1091483223125116,0.7467616171595186,2.026482192307755,-4.4805151856878735
HOF ITEM
44.5293160001545
6.589955452689205,-1.036084767716481,-1.309858335102222,-1.6758229641555524,0.25823948232275695,3.327063820117105,4.169830756057144,1.9428920902007367,-6.506943282270346,5.978633733850035,0.8295293048652832,-2.1091483223125116,0.7467616171595186,2.026482192307755,-4.4805151856878735
seed 779
Initial fitness values: [np.float64(51.22072022886732), np.float64(48.67572054301187), np.float64(46.94511450950824), np.float64(46.94511450950824), np.float64(43.179851232289195), np.float64(43.179851232289195), np.float64(43.029737544766846), np.float64(41.83862549932354), np.float64(41.62446018697464), np.float64(40.808736628136735)]
Final fitness values: [np.float64(39.248135677603535), np.float64(39.248135677603535), np.float64(39.248135677603535), np.float64(39.248135677603535), np.float64(39.248135677603535), np.float64(39.248135677603535), np.float64(39.248135677603535), np.float64(39.248135677603535), np.float64(39.248135677603535), np.float64(39.14626946765129)]
HOF ITEM
39.14626946765129
-3.4466080251255007,1.5493412328809024,5.983324115506892,5.789925362148704,-1.7637582598948602,-3.06936925427903,-2.1586628249539372,2.7266624349275665,1.7313294042240357,-1.441594843996969,3.0,-7.0,6.413470668135164,0.0,6.826244345549807
HOF ITEM
39.248135677603535
-3.4466080251255007,1.5493412328809024,5.6898113358783515,6.061970694683197,-1.7637582598948602,-3.2435813403648943,-2.1586628249539372,2.7266624349275665,1.437506761783546,-0.9247506367870604,3.0,-7.0,6.413470668135164,0.0,6.759170394038136
HOF ITEM
39.24992653585481
-3.4470584330788245,1.5493412328809024,5.6898113358783515,6.061970694683197,-1.7637582598948602,-3.2435813403648943,-2.1586628249539372,2.7266624349275665,1.437506761783546,-0.9459166797556183,3.0,-7.0,6.413470668135164,0.0,6.759170394038136
HOF ITEM
39.258650485661356
-3.4466080251255007,1.5493412328809024,5.6898113358783515,6.061970694683197,-1.7637582598948602,-3.2527087375739865,-2.1586628249539372,2.7266624349275665,1.437506761783546,-0.9247506367870604,2.8616195553717145,-7.0,6.413470668135164,0.0,6.759170394038136
HOF ITEM
39.27185850277236
-3.4466080251255007,1.5493412328809024,5.775583786621672,6.061970694683197,-1.7637582598948602,-3.2435813403648943,-2.1586628249539372,2.7396010735595766,1.5009207903825814,-0.8612505120262622,3.0,-7.0,6.203000403670121,0.0,6.578077085537987
best parameter set
fitness 31.95272472466958 seed 773
0.14860215128158477,0.7985193201771725,0.3577629896264815,-0.03138956848937931,3.0827710558582644,2.9513259631399773,-0.5739563628431649,0.17148532114556111,5.61049782586076,-1.6604843183547109,1.3975396763422738,5.14805799327387,0.37544467395744624,2.0268321204930366,-2.431615763325767
