seeds are [180 181 182 183 184 185 186 187 188 189]
seed 180
Initial fitness values: [np.float64(51.220653840785275), np.float64(47.8939899796931), np.float64(47.86739701727907), np.float64(47.64346471058052), np.float64(45.294837285182716), np.float64(45.294837285182716), np.float64(44.760797707954865), np.float64(44.2518373774923), np.float64(44.2518373774923), np.float64(42.589605827315246)]
Final fitness values: [np.float64(40.98860396599546), np.float64(40.98860396599546), np.float64(40.98860396599546), np.float64(40.98860396599546), np.float64(40.98860396599546), np.float64(40.98860396599546), np.float64(40.98860396599546), np.float64(40.98860396599546), np.float64(40.98860021930794), np.float64(40.98860021930794)]
HOF ITEM
40.98860021930794
-6.81635127426118,1.5626595897105313,-2.33861771505283,0.65616994402473,-3.053136792020633,-6.946063481285645,0.3564486701242345,0.4508975843963615,-3.171304061812853,-5.666793364313507,1.831608378157651,-1.140536142457211,6.167497149760554,1.8269184679188732,-2.221336918073109
HOF ITEM
40.98860396599546
-6.81635127426118,1.5626595897105313,-2.33861771505283,0.65616994402473,-3.053136792020633,-6.946063481285645,0.35322786945922036,0.4508975843963615,-2.8183457978381385,-5.666793364313507,1.831608378157651,-1.140536142457211,6.167497149760554,1.8695830153635515,-1.8136297048508847
HOF ITEM
40.98860396599546
-6.81635127426118,1.5626595897105313,-2.33861771505283,0.65616994402473,-3.053136792020633,-6.946063481285645,0.35322786945922036,0.4508975843963615,-2.8183457978381385,-5.666793364313507,1.831608378157651,-1.140536142457211,6.6677839003637995,1.8695830153635515,-1.8136297048508847
HOF ITEM
40.98860396599546
-6.81635127426118,1.5626595897105313,-2.33861771505283,0.65616994402473,-3.053136792020633,-6.946063481285645,0.35322786945922036,0.4508975843963615,-2.8183457978381385,-5.666793364313507,1.831608378157651,-1.140536142457211,6.760090672955538,1.8269184679188732,-2.221336918073109
HOF ITEM
40.98860396599546
-6.81635127426118,1.5626595897105313,-2.33861771505283,0.65616994402473,-3.053136792020633,-6.946063481285645,0.35322786945922036,0.4508975843963615,-2.8183457978381385,-5.666793364313507,1.831608378157651,-1.140536142457211,6.167497149760554,1.8269184679188732,-1.8136297048508847
seed 181
Initial fitness values: [np.float64(50.137542099462436), np.float64(48.07831547150982), np.float64(48.07831547150982), np.float64(48.07831547150982), np.float64(47.04255404827678), np.float64(45.232945689154306), np.float64(47.04255404827678), np.float64(45.614631339220225), np.float64(42.97335035674914), np.float64(42.29520165514641)]
Final fitness values: [np.float64(39.9637278071197), np.float64(39.9637278071197), np.float64(39.9637278071197), np.float64(39.80895142206989), np.float64(39.80895142206989), np.float64(39.75651882649373), np.float64(39.75651882649373), np.float64(39.74525117892132), np.float64(39.74525117892132), np.float64(39.74525117892132)]
HOF ITEM
39.74525117892132
-5.824832761516062,1.5982358300491015,5.398967317015938,5.383163230688249,5.230549447253502,6.44991604902759,-4.1499092218195885,1.8572390793694484,4.5949927452948,-3.2456265027445457,1.325173564477507,5.844122667296872,4.060714134323721,2.163555920041522,5.201925967115871
HOF ITEM
39.74525117892132
-5.824832761516062,1.5982358300491015,5.398967317015938,5.383163230688249,5.230549447253502,6.44991604902759,-4.1499092218195885,1.8572390793694484,4.5949927452948,-3.2456265027445457,1.325173564477507,5.844122667296872,4.237694456081713,1.910955959151333,4.926653644032184
HOF ITEM
39.74525117892132
-5.824832761516062,1.5982358300491015,5.398967317015938,5.383163230688249,5.230549447253502,6.44991604902759,-4.1499092218195885,1.8572390793694484,4.5949927452948,-3.2456265027445457,1.325173564477507,5.844122667296872,4.060714134323721,2.163555920041522,4.926653644032184
HOF ITEM
39.74525117892132
-5.824832761516062,1.5982358300491015,5.398967317015938,5.383163230688249,5.230549447253502,6.44991604902759,-4.1499092218195885,1.8572390793694484,4.5949927452948,-3.2456265027445457,1.325173564477507,5.844122667296872,4.237694456081713,1.910955959151333,5.201925967115871
HOF ITEM
39.75651882649373
-5.824832761516062,1.5982358300491015,5.398967317015938,5.383163230688249,5.198976792684744,6.44991604902759,-4.1499092218195885,1.8572390793694484,4.5949927452948,-3.2456265027445457,1.325173564477507,5.844122667296872,4.237694456081713,1.910955959151333,4.926653644032184
seed 182
Initial fitness values: [np.float64(52.35322448580166), np.float64(50.310398007278124), np.float64(47.1093334964008), np.float64(45.61105210405568), np.float64(45.25494426588057), np.float64(44.458131675669364), np.float64(44.0655807271412), np.float64(43.17869582367606), np.float64(43.17869582367606), np.float64(42.631946431539426)]
Final fitness values: [np.float64(41.281220805602366), np.float64(41.281220805602366), np.float64(41.281220805602366), np.float64(41.281220805602366), np.float64(41.281220805602366), np.float64(41.281220805602366), np.float64(41.281220805602366), np.float64(41.281220805602366), np.float64(41.281220805602366), np.float64(41.281220805602366)]
HOF ITEM
41.281220805602366
1.3483050860493648,0.5200446470794442,-1.166257330782042,1.9941576107007315,5.157090573731513,4.777878786449207,1.1196878109726978,3.0,2.67115353784898,2.4349064308055524,1.299690877851563,-2.4552259708110054,1.4167699492054744,1.9334600703670954,-4.585402326166564
HOF ITEM
41.28124137310394
1.3483050860493648,0.5200446470794442,-1.166257330782042,1.9941576107007315,5.157090573731513,4.638018683046294,1.1196878109726978,3.0,2.67115353784898,2.4349064308055524,1.3146140205846202,-2.4552259708110054,1.4167699492054744,1.9114056180664183,-4.539299891864637
HOF ITEM
41.28152924947167
1.3483050860493648,0.5200446470794442,-1.166257330782042,1.9941576107007315,5.157090573731513,4.777878786449207,1.119621396316769,3.0,2.67115353784898,2.4349064308055524,1.299690877851563,-2.4552259708110054,1.4167699492054744,1.9334600703670954,-4.585402326166564
HOF ITEM
41.28240192323302
1.3483050860493648,0.5200446470794442,-1.166257330782042,1.9941576107007315,5.157090573731513,4.777878786449207,1.1196878109726978,3.0,2.67115353784898,2.4349064308055524,1.299690877851563,-2.4552259708110054,1.4167699492054744,1.9720598434976195,-4.569079624070836
HOF ITEM
41.282952634314434
1.3483050860493648,0.5200446470794442,-1.166257330782042,1.9941576107007315,5.157090573731513,4.666508165993537,1.1196878109726978,3.0,2.67115353784898,2.4349064308055524,1.299690877851563,-2.4552259708110054,1.4167699492054744,1.8697429434865394,-4.585402326166564
seed 183
Initial fitness values: [np.float64(52.502784752139924), np.float64(49.178308244912), np.float64(48.09709395702885), np.float64(46.712960706025775), np.float64(45.80817609414374), np.float64(45.87783886189397), np.float64(45.783795651998226), np.float64(44.18524367445175), np.float64(44.18524367445175), np.float64(43.615940622948735)]
Final fitness values: [np.float64(37.54417829649378), np.float64(37.529672911318734), np.float64(37.529672911318734), np.float64(37.51467657108677), np.float64(37.51467657108677), np.float64(37.51467657108677), np.float64(37.51467657108677), np.float64(37.51467657108677), np.float64(37.51467657108677), np.float64(37.51467657108677)]
HOF ITEM
37.51467657108677
-0.9516186926386481,1.1926388328382167,2.4802126881018616,-1.071074329974354,2.1525200830864155,0.4785302668976317,-2.1463919525222055,0.0,6.091530980450798,-1.8113872813700533,1.0431481395929694,3.1712968051849564,0.42649807422438807,0.8082068650826151,-6.400755623523971
HOF ITEM
37.529672911318734
-0.9516186926386481,1.1926388328382167,2.4802126881018616,-1.071074329974354,2.1525200830864155,0.5323960542883146,-2.115672812471891,0.0,6.091530980450798,-1.8113872813700533,1.0431481395929694,3.1712968051849564,0.42649807422438807,0.8082068650826151,-6.400755623523971
HOF ITEM
37.54417829649378
-0.9516186926386481,1.1926388328382167,2.461396403298855,-1.071074329974354,2.1525200830864155,0.4785302668976317,-2.1463919525222055,0.0,6.091530980450798,-1.8113872813700533,1.0431481395929694,3.1712968051849564,0.42649807422438807,0.8082068650826151,-6.400755623523971
HOF ITEM
37.55125219174861
-0.9516186926386481,1.1926388328382167,2.461396403298855,-1.071074329974354,2.1525200830864155,0.4785302668976317,-2.115672812471891,0.0,6.091530980450798,-1.8113872813700533,1.0431481395929694,3.1712968051849564,0.42649807422438807,0.8082068650826151,-6.400755623523971
HOF ITEM
37.564625495928965
-0.9516186926386481,1.1926388328382167,2.461396403298855,-1.1221116255905956,1.8632024268066167,0.1476602953003623,-2.1463919525222055,0.0,6.091530980450798,-1.8113872813700533,1.0646219102177055,3.1712968051849564,0.42649807422438807,0.8082068650826151,-6.400755623523971
seed 184
Initial fitness values: [np.float64(51.68247239946044), np.float64(49.41573377957627), np.float64(49.26565575855081), np.float64(46.01855125889002), np.float64(46.01855125889002), np.float64(42.50470720740879), np.float64(42.500230033479774), np.float64(41.93257136448302), np.float64(41.58146656809461), np.float64(41.58146656809461)]
Final fitness values: [np.float64(41.27299881706689), np.float64(41.27299881706689), np.float64(41.27299881706689), np.float64(41.27299881706689), np.float64(41.27299881706689), np.float64(41.27299881706689), np.float64(41.27299881706689), np.float64(41.27299881706689), np.float64(41.27299881706689), np.float64(41.27299881706689)]
HOF ITEM
41.27299881706689
6.004557139959452,-1.5650481646599272,-5.672634571004858,5.090414649343793,5.6692920679672305,0.8316295925028994,4.622268635738683,0.13488291010562548,5.6454093475370195,-3.032308261605327,2.369589675875453,1.7086662231273486,-5.796796524530341,2.5550147564388963,-5.3754697499608595
HOF ITEM
41.27299881706689
6.004557139959452,-1.5650481646599272,-5.672634571004858,5.090414649343793,5.6692920679672305,0.8316295925028994,4.622268635738683,0.13488291010562548,5.6454093475370195,-3.032308261605327,2.369589675875453,1.7086662231273486,-5.796796524530341,2.621677225622538,-5.3754697499608595
HOF ITEM
41.27478286536824
6.004557139959452,-1.5650481646599272,-5.672634571004858,5.159381804714633,5.7389851401081735,0.8316295925028994,4.622268635738683,0.13488291010562548,5.6454093475370195,-3.032308261605327,2.369589675875453,1.7086662231273486,-5.796796524530341,2.621677225622538,-5.3754697499608595
HOF ITEM
41.293617964391785
6.004557139959452,-1.5650481646599272,-5.672634571004858,4.728573393429425,5.315352430162269,0.8316295925028994,4.622268635738683,0.13488291010562548,5.6454093475370195,-3.032308261605327,2.367252391295222,1.7086662231273486,-5.796796524530341,2.621677225622538,-5.3754697499608595
HOF ITEM
41.29781148758304
6.004557139959452,-1.5650481646599272,-5.672634571004858,4.9508220545023285,5.519103513903352,0.8316295925028994,4.65372999806231,0.13488291010562548,5.653643922052731,-3.032308261605327,2.369589675875453,1.7086662231273486,-6.0879687236735425,2.621677225622538,-5.3754697499608595
seed 185
Initial fitness values: [np.float64(49.33796868650302), np.float64(48.04061410733025), np.float64(47.21110640428887), np.float64(47.118969456825475), np.float64(46.656988945198485), np.float64(45.200727210277606), np.float64(42.28150092092046), np.float64(42.28150092092046), np.float64(42.04672566019418), np.float64(41.5866615520279)]
Final fitness values: [np.float64(40.9877527536652), np.float64(40.98754591507897), np.float64(40.98754591507897), np.float64(40.98754591507897), np.float64(40.98752390438685), np.float64(40.98750348761213), np.float64(40.98750348761213), np.float64(40.98750348761213), np.float64(40.987501673289636), np.float64(40.987501673289636)]
HOF ITEM
40.987501673289636
-5.76749498026237,1.5355202220033166,3.1059481095607437,-1.8100565709772698,-4.6582696699365815,-6.564375522587348,-4.4572994050951715,2.043174435095077,6.464554062271797,-5.858174933659217,3.0,-0.303896225178017,-1.8679293998788324,1.9351793107011073,-6.022128892022813
HOF ITEM
40.98750348761213
-5.76749498026237,1.5355202220033166,3.1059481095607437,-1.8100565709772698,-4.6582696699365815,-6.564375522587348,-4.4572994050951715,2.043174435095077,6.464554062271797,-5.858174933659217,3.0,-0.303896225178017,-1.8679293998788324,1.8729425396404347,-6.022128892022813
HOF ITEM
40.98750507379356
-5.76749498026237,1.5355202220033166,3.1059481095607437,-1.8100565709772698,-4.6582696699365815,-6.564375522587348,-4.4572994050951715,2.043174435095077,6.464554062271797,-5.858174933659217,3.0,-0.4144411507567116,-2.0148274603922904,1.918417118454758,-6.1776624276162195
HOF ITEM
40.98752390438685
-5.76749498026237,1.5355202220033166,3.1059481095607437,-1.8100565709772698,-4.6582696699365815,-6.564375522587348,-4.4572994050951715,2.043174435095077,6.464554062271797,-5.998183568068653,3.0,-0.2609622425016085,-2.2753441135635306,1.9351793107011073,-6.022128892022813
HOF ITEM
40.98752390438685
-5.76749498026237,1.5355202220033166,3.1059481095607437,-1.8100565709772698,-4.6582696699365815,-6.564375522587348,-4.4572994050951715,2.043174435095077,6.464554062271797,-5.858174933659217,3.0,-0.2609622425016085,-2.2753441135635306,1.9351793107011073,-6.022128892022813
seed 186
Initial fitness values: [np.float64(54.98483297831761), np.float64(49.78883428680628), np.float64(49.17092127995648), np.float64(45.52714738990654), np.float64(44.23969622776283), np.float64(43.65214259621118), np.float64(40.24185649572419), np.float64(40.24185649572419), np.float64(40.24185649572419), np.float64(40.24185649572419)]
Final fitness values: [np.float64(38.51667032830631), np.float64(38.51667032830631), np.float64(38.51667032830631), np.float64(38.51667032830631), np.float64(38.51667032830631), np.float64(38.51667032830631), np.float64(38.51667032830631), np.float64(38.51111521695716), np.float64(38.51033999114286), np.float64(38.51033999114286)]
HOF ITEM
38.51033999114286
1.2581947723018736,0.5499619662853056,5.493872306761899,4.7826070527620805,-4.1681817506374195,-2.043117152521736,1.0845190061861008,2.7172315424010423,1.1484463925149513,3.4095964570580186,1.1303928533480776,1.2153217442281006,-5.792330879542634,3.0,3.883793726562672
HOF ITEM
38.51111521695716
1.2581947723018736,0.5499619662853056,5.493872306761899,4.7826070527620805,-4.1681817506374195,-2.043117152521736,1.0845190061861008,2.7172315424010423,1.1484463925149513,3.4048779089954415,1.1303928533480776,1.2153217442281006,-5.792330879542634,3.0,3.883793726562672
HOF ITEM
38.511972171934794
1.2581947723018736,0.5499619662853056,5.493872306761899,4.7826070527620805,-4.1681817506374195,-2.043117152521736,1.0845190061861008,2.7172315424010423,1.1484463925149513,3.4095964570580186,1.1303928533480776,1.2368093311230526,-6.17400034853738,3.0,3.883793726562672
HOF ITEM
38.511972171934794
1.2581947723018736,0.5499619662853056,5.493872306761899,4.7826070527620805,-4.1681817506374195,-2.043117152521736,1.0845190061861008,2.7172315424010423,1.1484463925149513,3.4095964570580186,1.1303928533480776,1.2368093311230526,-5.792330879542634,3.0,3.883793726562672
HOF ITEM
38.51667032830631
1.2581947723018736,0.5499619662853056,5.493872306761899,4.7826070527620805,-4.1681817506374195,-2.043117152521736,1.0845190061861008,2.7172315424010423,1.1484463925149513,3.4095964570580186,1.1303928533480776,1.2368093311230526,-5.792330879542634,3.0,4.099715343938123
seed 187
Initial fitness values: [np.float64(53.272884453117264), np.float64(50.503071792411646), np.float64(47.78610902293559), np.float64(47.360298858417785), np.float64(47.360298858417785), np.float64(47.245165249479285), np.float64(47.245103320276016), np.float64(46.87252655460503), np.float64(46.87252655460503), np.float64(46.69877260095097)]
Final fitness values: [np.float64(46.65417069631953), np.float64(46.65417069631953), np.float64(46.652746226727494), np.float64(46.652746226727494), np.float64(46.652746226727494), np.float64(46.65274522434237), np.float64(46.65273592544479), np.float64(46.652279816166576), np.float64(46.65225294775946), np.float64(46.65225294775946)]
HOF ITEM
46.65225294775946
6.657406591235452,-0.97294243738992,5.966963304529786,1.3917821657684,-4.567818833595506,0.042746252008055874,4.995831496362315,2.526699539569668,3.3626603320200705,1.787803940768507,1.294042286210362,-6.097589946793656,3.049987793046534,0.0,-5.194046567700253
HOF ITEM
46.65225294775946
6.657406591235452,-0.97294243738992,5.966963304529786,1.3917821657684,-4.567818833595506,0.042746252008055874,4.995831496362315,2.540218049852364,3.3626603320200705,1.787803940768507,1.294042286210362,-6.097589946793656,3.049987793046534,0.0,-5.194046567700253
HOF ITEM
46.6522559185218
6.657406591235452,-0.97294243738992,6.00802029207713,1.3917821657684,-4.567818833595506,0.042746252008055874,4.995831496362315,2.526699539569668,3.3626603320200705,1.787803940768507,1.294042286210362,-6.097589946793656,3.049987793046534,0.0,-5.194046567700253
HOF ITEM
46.652279816166576
6.657406591235452,-0.97294243738992,5.966963304529786,1.1315111039314172,-4.567818833595506,0.042746252008055874,4.995831496362315,2.540218049852364,3.3626603320200705,1.787803940768507,1.294042286210362,-6.097589946793656,3.049987793046534,0.0,-5.194046567700253
HOF ITEM
46.65255776823466
6.657406591235452,-0.97294243738992,5.782893092025604,1.737030685284242,-4.567818833595506,0.06558700651848795,5.055289619233155,2.4080477504514373,3.2146453123115477,1.787803940768507,1.294042286210362,-5.971203399409391,2.9750762319143393,0.041157962135015796,-5.216067196675765
seed 188
Initial fitness values: [np.float64(53.54303148048719), np.float64(49.08815353900518), np.float64(48.88299116441675), np.float64(46.947738531498366), np.float64(46.43483160523593), np.float64(44.78856352645185), np.float64(44.408470937398135), np.float64(43.90685776354643), np.float64(43.12801221099338), np.float64(42.94353599480756)]
Final fitness values: [np.float64(41.42623638916397), np.float64(41.425455554060996), np.float64(41.425455554060996), np.float64(41.42525391326679), np.float64(41.42387373148827), np.float64(41.42340846227316), np.float64(41.417003014973474), np.float64(41.416882148263554), np.float64(41.416882148263554), np.float64(41.416755430844816)]
HOF ITEM
41.416755430844816
1.5247362740462618,0.45262845140184,4.012521576512344,-4.460123877598131,-5.838394905253603,-3.430090577284174,-2.913650588490717,2.7009962643664256,-2.714432225764294,1.1413522716270286,3.0,-0.48442350243961796,4.872432689989262,1.2649108147640078,-6.213601382991075
HOF ITEM
41.416797859587746
1.5247362740462618,0.45261091111935414,4.012521576512344,-4.444899482500331,-5.838394905253603,-3.430090577284174,-2.913650588490717,2.7009962643664256,-2.714432225764294,1.1413522716270286,3.0,-0.48442350243961796,4.599097498908599,1.7117905845399015,-6.32421682025455
HOF ITEM
41.416882148263554
1.5247362740462618,0.45261091111935414,4.012521576512344,-4.444899482500331,-5.838394905253603,-3.430090577284174,-2.411594561825627,2.7009962643664256,-2.714432225764294,1.1413522716270286,3.0,-0.48442350243961796,4.599097498908599,1.7117905845399015,-6.32421682025455
HOF ITEM
41.41699863241548
1.5247362740462618,0.45261091111935414,4.012521576512344,-4.460123877598131,-5.838394905253603,-3.430090577284174,-2.913650588490717,2.7009962643664256,-2.714432225764294,1.1413522716270286,3.0,-0.48442350243961796,4.872432689989262,1.2649108147640078,-6.32421682025455
HOF ITEM
41.41699863333909
1.5247362740462618,0.45261091111935414,4.012521576512344,-4.460123877598131,-5.838394905253603,-3.430090577284174,-2.913650588490717,2.7009962643664256,-2.714432225764294,1.1413522716270286,3.0,-0.48442350243961796,4.872432689989262,1.2649108147640078,-6.213601382991075
seed 189
Initial fitness values: [np.float64(52.757590836545276), np.float64(50.06681755521401), np.float64(48.28770166834977), np.float64(48.28770166834977), np.float64(46.97696072485455), np.float64(44.531057597426205), np.float64(44.25967107322692), np.float64(43.702623649317005), np.float64(42.746849906648166), np.float64(42.475150404840385)]
Final fitness values: [np.float64(39.445403539934794), np.float64(39.444593409206725), np.float64(39.444593409206725), np.float64(39.444593409206725), np.float64(39.44432159758644), np.float64(39.44432159758644), np.float64(39.43941789815596), np.float64(39.43913093519883), np.float64(39.43805890571906), np.float64(39.43805890571906)]
HOF ITEM
39.43805890571906
3.6095230358046924,-0.3374328620342205,7.0,-2.5715154810236633,4.911653691571411,4.304102988665032,-2.6758835808924326,3.0,2.5036326596093073,1.0530108608475188,1.9732615550967159,-1.3990841400160137,0.7256594481340397,3.0,1.022469975571614
HOF ITEM
39.43805890571906
3.6095230358046924,-0.3374328620342205,7.0,-2.5715154810236633,4.911653691571411,4.304102988665032,-2.3355642543557518,3.0,2.5036326596093073,1.0530108608475188,1.9732615550967159,-1.3990841400160137,0.7256594481340397,3.0,1.022469975571614
HOF ITEM
39.43836483088616
3.6095230358046924,-0.3374328620342205,7.0,-2.5893689808960745,4.911653691571411,4.304102988665032,-2.3355642543557518,3.0,2.5036326596093073,1.0530108608475188,1.9732615550967159,-1.3990841400160137,0.7256594481340397,3.0,1.022469975571614
HOF ITEM
39.43913093519883
3.6095230358046924,-0.3374328620342205,7.0,-2.5715154810236633,4.911653691571411,4.304102988665032,-2.3355642543557518,3.0,2.444230470797521,1.0530108608475188,1.9732615550967159,-1.3990841400160137,0.7256594481340397,3.0,1.022469975571614
HOF ITEM
39.43913093519883
3.6095230358046924,-0.3374328620342205,7.0,-2.5715154810236633,4.911653691571411,4.304102988665032,-2.6758835808924326,3.0,2.444230470797521,1.0530108608475188,1.9732615550967159,-1.3990841400160137,0.7256594481340397,3.0,1.022469975571614
best parameter set
fitness 36.92069806474738 seed 183
-0.9734343055116566,1.3131805682844533,2.4916169923553784,-1.0436413615531699,2.1722730014644402,0.44179871982151464,-2.1070711003744687,0.07461746538772036,6.099152327037615,-1.6037701270494604,1.0180599722018977,3.1792321412727342,0.39692731950695215,0.9452170601642459,-6.427443261248406
