seeds are [790 791 792 793 794 795 796 797 798 799]
seed 790
Initial fitness values: [np.float64(50.80725470354849), np.float64(50.80725470354849), np.float64(48.899221718704645), np.float64(48.22252752482518), np.float64(46.568226250898825), np.float64(46.568226250898825), np.float64(45.735928603721845), np.float64(45.40925725776729), np.float64(44.316651792901006), np.float64(44.316651792901006)]
Final fitness values: [np.float64(43.16134051227175), np.float64(43.16134051227175), np.float64(43.16134051227175), np.float64(43.16134051227175), np.float64(43.156648292008), np.float64(43.15469303694661), np.float64(43.154357951945634), np.float64(43.154357951945634), np.float64(43.154357951945634), np.float64(43.154357951945634)]
HOF ITEM
43.154357951945634
5.2838300670378215,-0.7815391143206287,-1.0485835185533157,-4.052557566024662,4.458690720896147,0.375520151845714,4.333785093584604,2.6620479189811594,-1.0710045868493958,-5.100342202414349,1.6533149215676022,-0.676127832952973,1.2838726226702741,3.0,-1.3715220715840466
HOF ITEM
43.154357951945634
5.2838300670378215,-0.7815391143206287,-1.0485835185533157,-4.052557566024662,4.458690720896147,0.375520151845714,4.333785093584604,2.5462288852858324,-1.0710045868493958,-5.100342202414349,1.6533149215676022,-0.676127832952973,1.2838726226702741,3.0,-1.3715220715840466
HOF ITEM
43.15445509395908
5.2838300670378215,-0.7815391143206287,-1.0485835185533157,-4.052557566024662,5.211716552119372,0.375520151845714,4.831103537653639,2.5462288852858324,-1.3704785539400575,-5.009796811692718,1.6533149215676022,-0.8700356604136465,1.2838726226702741,3.0,-1.3715220715840466
HOF ITEM
43.15445509395908
5.2838300670378215,-0.7815391143206287,-1.0485835185533157,-4.052557566024662,5.211716552119372,0.375520151845714,4.831103537653639,2.6620479189811594,-1.4394966366129711,-5.009796811692718,1.6533149215676022,-0.8700356604136465,1.2838726226702741,3.0,-1.3715220715840466
HOF ITEM
43.1546823205214
5.2838300670378215,-0.7815391143206287,-1.0485835185533157,-4.052557566024662,5.211716552119372,0.375520151845714,4.773796910759698,2.5462288852858324,-0.9309226494120648,-5.100342202414349,1.27759222554337,-0.8700356604136465,1.2838726226702741,3.0,-1.3715220715840466
seed 791
Initial fitness values: [np.float64(46.885669540518556), np.float64(46.885669540518556), np.float64(46.885669540518556), np.float64(46.5994594198704), np.float64(46.59938583288819), np.float64(46.40136465243536), np.float64(46.125585185528095), np.float64(46.125585185528095), np.float64(45.91985906817222), np.float64(45.8766960678136)]
Final fitness values: [np.float64(42.11862760709886), np.float64(42.116598424848505), np.float64(42.116598424848505), np.float64(42.11618210711688), np.float64(42.116051772363356), np.float64(42.11510231698278), np.float64(42.11437800150633), np.float64(42.11437800150633), np.float64(42.113956826049645), np.float64(42.113956826049645)]
HOF ITEM
42.113956826049645
2.9312713446523873,-0.11502130255340451,3.521002702225602,5.994872628593283,4.010549275127061,-4.3576673718416234,6.428160084623083,2.703911688693089,-0.1479431773997851,2.983957695113487,0.5262078110791096,3.3446341493634524,1.2962858727700919,3.0,-0.45507832247048613
HOF ITEM
42.11437206088659
2.9312713446523873,-0.11502130255340451,3.521002702225602,6.253200149671227,3.555619261827033,-4.88733328154294,6.428160084623083,2.170370500567964,-0.33344465221540154,2.945357211547035,0.6550065961013576,2.9288698387651064,1.2962858727700919,3.0,-0.45507832247048613
HOF ITEM
42.11437800150633
2.9312713446523873,-0.11502130255340451,3.521002702225602,6.253200149671227,3.555619261827033,-4.88733328154294,6.57478293305517,2.703911688693089,-0.2953868901180303,2.945357211547035,0.7256175564083708,3.206130312705598,1.2962858727700919,3.0,-0.45507832247048613
HOF ITEM
42.11437800150633
2.9312713446523873,-0.11502130255340451,3.521002702225602,6.253200149671227,3.555619261827033,-4.88733328154294,6.428160084623083,2.673947631055558,-0.2953868901180303,2.945357211547035,0.7256175564083708,3.206130312705598,1.2962858727700919,3.0,-0.45507832247048613
HOF ITEM
42.11437800150633
2.9312713446523873,-0.11502130255340451,3.521002702225602,6.253200149671227,3.555619261827033,-4.88733328154294,6.57478293305517,2.673947631055558,-0.11140239300907268,2.945357211547035,0.7256175564083708,3.206130312705598,1.2962858727700919,3.0,-0.45507832247048613
seed 792
Initial fitness values: [np.float64(51.80449776587179), np.float64(49.31711479418928), np.float64(48.788833271751265), np.float64(47.984706042966955), np.float64(44.66063482573599), np.float64(44.66063482573599), np.float64(44.658933503533994), np.float64(44.65756937253214), np.float64(44.657077973020456), np.float64(44.65669284168453)]
Final fitness values: [np.float64(44.5903988923172), np.float64(44.58657043775351), np.float64(44.58657043775351), np.float64(44.58458193059617), np.float64(44.58458193059617), np.float64(44.58051154318644), np.float64(44.58051154318644), np.float64(44.573839555356685), np.float64(44.573839555356685), np.float64(44.570433421385616)]
HOF ITEM
44.570433421385616
-2.844167244256412,1.221059600004627,-1.076552304623768,2.781981249030669,-4.727263539314681,4.4583479462794084,-3.502311585316151,3.0,0.31723733481556743,2.392386021241999,0.41796874916472826,-1.7034354825569744,1.3286032625660722,2.8031820081840637,2.7783200623186515
HOF ITEM
44.57046927128718
-2.844167244256412,1.221059600004627,-1.076552304623768,2.781981249030669,-4.772289537916543,4.4583479462794084,-3.502311585316151,3.0,0.31723733481556743,2.392386021241999,0.41796874916472826,-1.7034354825569744,1.3286032625660722,2.461151181776904,2.7783200623186515
HOF ITEM
44.57252092356686
-2.844167244256412,1.221059600004627,-0.4110621152301415,3.313706989393082,-4.727263539314681,4.4583479462794084,-3.502311585316151,3.0,0.31723733481556743,2.392386021241999,0.24052309429633634,-0.9677012269723276,1.3440263185263288,2.461151181776904,2.6854725212637027
HOF ITEM
44.57383955535663
-2.844167244256412,1.221059600004627,-0.12920924862132238,3.5707557233422516,-5.321447210023502,4.555743795838537,-4.010159685505226,3.0,0.31723733481556743,2.836127141249917,0.24052309429633634,-2.004498493555131,1.3440263185263288,2.461151181776904,2.6854725212637027
HOF ITEM
44.573839555356685
-2.844167244256412,1.221059600004627,-0.12920924862132238,3.5707557233422516,-5.321447210023502,4.555743795838537,-4.010159685505226,3.0,0.31723733481556743,2.836127141249917,0.24052309429633634,-2.004498493555131,1.519619266899293,2.3531499411346704,2.616993999659118
seed 793
Initial fitness values: [np.float64(51.06365705606865), np.float64(50.65974548394515), np.float64(45.0813818085075), np.float64(45.0813818085075), np.float64(45.0813818085075), np.float64(44.64959763481616), np.float64(44.64959763481616), np.float64(43.34526402109702), np.float64(43.34526402109702), np.float64(42.48759754051177)]
Final fitness values: [np.float64(38.19238845549462), np.float64(38.19238845549462), np.float64(38.19238845549462), np.float64(38.19238845549462), np.float64(38.19238845549462), np.float64(38.187706964995684), np.float64(38.187706964995684), np.float64(38.18719602664761), np.float64(38.18719602664761), np.float64(38.18719602664761)]
HOF ITEM
38.18719602664761
-5.122939267330904,1.6703880208975919,1.3901850312888024,-3.989293282218634,2.286837329815888,5.016002273624373,3.936034493596837,1.358066440404088,-7.0,-4.58390882200361,1.3044060423593007,0.6199796301889291,-4.202227699579696,2.21223451723433,-3.6875854461599045
HOF ITEM
38.18719602664761
-5.122939267330904,1.6703880208975919,1.3901850312888024,-3.989293282218634,2.286837329815888,5.016002273624373,4.074161126752572,1.358066440404088,-6.845520121850532,-4.58390882200361,1.3044060423593007,0.6199796301889291,-4.202227699579696,2.21223451723433,-3.6875854461599045
HOF ITEM
38.18719602664761
-5.122939267330904,1.6703880208975919,1.3901850312888024,-3.989293282218634,2.286837329815888,5.016002273624373,4.074161126752572,1.7713963631148284,-6.845520121850532,-4.58390882200361,1.3044060423593007,0.6199796301889291,-4.202227699579696,2.21223451723433,-3.6875854461599045
HOF ITEM
38.18770696499568
-5.122939267330904,1.6703880208975919,1.3901850312888024,-4.135871775637717,2.286837329815888,5.016002273624373,4.074161126752572,1.358066440404088,-6.845520121850532,-4.58390882200361,1.3044060423593007,0.6199796301889291,-4.202227699579696,2.21223451723433,-3.6875854461599045
HOF ITEM
38.187706964995684
-5.122939267330904,1.6703880208975919,1.3901850312888024,-4.135871775637717,2.286837329815888,5.016002273624373,4.074161126752572,1.7713963631148284,-6.845520121850532,-4.58390882200361,1.3044060423593007,0.6199796301889291,-4.202227699579696,2.21223451723433,-3.6875854461599045
seed 794
Initial fitness values: [np.float64(52.09744908762944), np.float64(52.09744908762944), np.float64(51.97959790832016), np.float64(50.15690393390998), np.float64(50.15690393390998), np.float64(50.06928416034245), np.float64(49.748395262360035), np.float64(49.748395262360035), np.float64(49.72830047562807), np.float64(49.499492795913326)]
Final fitness values: [np.float64(49.37448324608985), np.float64(49.37448276446241), np.float64(49.37433633934547), np.float64(49.37433633934547), np.float64(49.37433633567429), np.float64(49.374280931478445), np.float64(49.37207210314065), np.float64(49.3742702713059), np.float64(49.3742702713059), np.float64(49.37426856959036)]
HOF ITEM
49.37207210314065
1.658788969235616,-3.322678071601227,1.7529796192587312,-0.6853794706053267,5.072826463001327,5.54956645644797,-5.2736333616002575,0.0,-4.2480375765133,7.0,0.6501088112331714,-3.970121864455987,0.7360333545954739,2.1096952384493903,-3.3595543729811883
HOF ITEM
49.37426856959036
1.6713688666746083,-3.205304536405143,1.7529796192587312,-0.4824636978430886,5.072826463001327,5.54956645644797,-4.932051400684853,0.0,-4.382402945009986,6.894750188306427,0.6501088112331714,-3.9436195949915143,0.7360333545954739,2.1096952384493903,-3.3595543729811883
HOF ITEM
49.374270253392666
1.6713688666746083,-3.205304536405143,1.7529796192587312,-0.4824636978430886,5.072826463001327,5.54956645644797,-4.932051400684853,0.0,-4.382402945009986,6.737330796502263,0.6501088112331714,-3.970121864455987,0.7360333545954739,2.1096952384493903,-3.3595543729811883
HOF ITEM
49.3742702713059
1.6713688666746083,-3.205304536405143,1.7529796192587312,-0.4824636978430886,5.072826463001327,5.54956645644797,-4.932051400684853,0.0,-4.382402945009986,6.737330796502263,0.6501088112331714,-4.125843961005075,0.7360333545954739,2.1096952384493903,-3.3595543729811883
HOF ITEM
49.37427071286474
1.6713688666746083,-2.955731303152965,1.7529796192587312,-0.4824636978430886,5.072826463001327,5.54956645644797,-4.932051400684853,0.0,-4.382402945009986,6.737330796502263,0.6501088112331714,-4.125843961005075,0.7360333545954739,2.1096952384493903,-3.3595543729811883
seed 795
Initial fitness values: [np.float64(48.880090387114706), np.float64(47.50273984646313), np.float64(47.50273984646313), np.float64(46.57036690090735), np.float64(46.21842256437569), np.float64(46.05568719617052), np.float64(45.342026213007834), np.float64(44.1731069300032), np.float64(44.1731069300032), np.float64(43.748369568172414)]
Final fitness values: [np.float64(40.22153991881912), np.float64(40.22153991881912), np.float64(40.220844843748), np.float64(40.220844843748), np.float64(40.220844843748), np.float64(40.220844843748), np.float64(40.220844843748), np.float64(40.220844843748), np.float64(40.220844843748), np.float64(40.220844843748)]
HOF ITEM
40.220844843748
4.125010980459172,-0.7408477546557871,-4.787125553136572,-5.797264983124857,-6.688317994202536,0.21667434121139,0.07097630786755821,3.0,-6.388041315176444,2.8549689992802754,0.11463638951428524,-5.163158387286338,-0.39356931562978387,1.4718428802771235,-7.0
HOF ITEM
40.22153991881912
4.125010980459172,-0.7408477546557871,-4.787125553136572,-5.797264983124857,-6.688317994202536,0.21667434121139,0.07097630786755821,3.0,-6.487286767929277,2.8549689992802754,0.11463638951428524,-5.163158387286338,-0.39356931562978387,1.4718428802771235,-7.0
HOF ITEM
40.22320117438867
4.125010980459172,-0.7408477546557871,-4.787125553136572,-5.797264983124857,-6.688317994202536,0.21667434121139,0.07097630786755821,3.0,-6.7741037603664385,2.8549689992802754,0.11463638951428524,-5.163158387286338,-0.39356931562978387,1.4718428802771235,-7.0
HOF ITEM
40.24187995729769
4.125010980459172,-0.7408477546557871,-4.787125553136572,-5.797264983124857,-6.688317994202536,0.21667434121139,0.07097630786755821,3.0,-6.487286767929277,2.8549689992802754,0.12227634123774278,-5.210931057153811,-0.39356931562978387,1.4718428802771235,-7.0
HOF ITEM
40.2466279658955
4.38532147310804,-0.7408477546557871,-4.787125553136572,-5.753060502596257,-6.657973673871823,0.21667434121139,0.07097630786755821,2.937254925686857,-6.7723499479974985,2.8549689992802754,0.0552414395278013,-5.163158387286338,-0.37284642143168173,1.4718428802771235,-7.0
seed 796
Initial fitness values: [np.float64(53.31772579203155), np.float64(51.47521712812478), np.float64(48.991377218990145), np.float64(46.675026081106864), np.float64(42.70864051805902), np.float64(42.70864051805902), np.float64(42.38604854716639), np.float64(42.38604854716639), np.float64(42.37764802374603), np.float64(42.25359915368717)]
Final fitness values: [np.float64(41.81695381747475), np.float64(41.81695381747475), np.float64(41.815558364661136), np.float64(41.815558364661136), np.float64(41.8153947554971), np.float64(41.8153947554971), np.float64(41.8153947554971), np.float64(41.8153947554971), np.float64(41.8153947554971), np.float64(41.8153947554971)]
HOF ITEM
41.8153947554971
-2.8413419793891004,1.2102456910596509,-0.818773588731907,-2.6393286137060823,-7.0,3.820197624314068,-3.795026857893167,3.0,1.0970132815501565,-1.1401651753387343,1.3072946295506531,-0.4378945531273223,6.3820725108655445,2.724718288557375,-0.2756863306872155
HOF ITEM
41.8153947554971
-2.8413419793891004,1.2102456910596509,-0.818773588731907,-2.6393286137060823,-7.0,3.820197624314068,-4.344343771312644,3.0,1.0970132815501565,-1.1401651753387343,1.3072946295506531,-0.4378945531273223,6.3820725108655445,2.724718288557375,-0.184239825817681
HOF ITEM
41.8153947554971
-2.8413419793891004,1.2102456910596509,-0.818773588731907,-2.6393286137060823,-7.0,3.820197624314068,-4.344343771312644,3.0,1.0970132815501565,-1.1401651753387343,1.3072946295506531,-0.4378945531273223,6.3820725108655445,2.724718288557375,-0.30026463670025916
HOF ITEM
41.8153947554971
-2.8413419793891004,1.2102456910596509,-0.818773588731907,-2.6393286137060823,-7.0,3.820197624314068,-3.795026857893167,3.0,1.0970132815501565,-1.1401651753387343,1.3072946295506531,-0.4378945531273223,6.3820725108655445,2.724718288557375,-0.184239825817681
HOF ITEM
41.8153947554971
-2.8413419793891004,1.2102456910596509,-0.818773588731907,-2.6393286137060823,-7.0,3.820197624314068,-3.795026857893167,3.0,1.0970132815501565,-1.1401651753387343,1.3072946295506531,-0.4378945531273223,6.3820725108655445,2.724718288557375,-0.30026463670025916
seed 797
Initial fitness values: [np.float64(43.874280134162575), np.float64(43.874280134162575), np.float64(43.36311063359179), np.float64(42.76111635487727), np.float64(42.67346956804367), np.float64(41.35854023252713), np.float64(41.29101733727898), np.float64(41.29101733727898), np.float64(41.20046832255412), np.float64(41.153950299463276)]
Final fitness values: [np.float64(39.17191679263302), np.float64(39.1719167921144), np.float64(39.17191556597916), np.float64(39.171915565976875), np.float64(39.17191556563826), np.float64(39.1719139037405), np.float64(39.171913897515914), np.float64(39.17191389713741), np.float64(39.17191089214264), np.float64(39.17191089214264)]
HOF ITEM
39.17191089214264
-1.1420014123301314,1.4398585220830054,3.4314911278121234,6.399585174761634,-5.865711988811272,2.870147931846926,-0.03791348178752023,3.0,0.745146180058737,5.833126817960486,0.3534412291481889,6.618956712315204,2.6907333215961717,0.9794716291011734,-1.8311558079794492
HOF ITEM
39.17191089279984
-1.1420014123301314,1.4398585220830054,3.4314911278121234,6.399585174761634,-5.865711988811272,2.870147931846926,-0.03791348178752023,3.0,0.745146180058737,5.833126817960486,0.3534412291481889,6.618956712315204,2.6907333215961717,0.9794716291011734,-1.6319320855454726
HOF ITEM
39.17191090360753
-1.1420014123301314,1.4398585220830054,3.4314911278121234,6.399585174761634,-5.865711988811272,2.870147931846926,-0.03791348178752023,3.0,0.745146180058737,5.833126817960486,0.3534412291481889,6.618956712315204,2.8556330403450794,1.1877743646195458,-1.8311558079794492
HOF ITEM
39.17191090377852
-1.1420014123301314,1.4398585220830054,3.4314911278121234,6.399585174761634,-5.865711988811272,2.870147931846926,-0.03791348178752023,3.0,0.745146180058737,5.833126817960486,0.3534412291481889,6.618956712315204,2.8556330403450794,1.1877743646195458,-1.6319320855454726
HOF ITEM
39.17191389713741
-1.1420014123301314,1.4398585220830054,3.4314911278121234,6.399585174761634,-5.865711988811272,3.4218896479412475,-0.03791348178752023,3.0,0.745146180058737,5.833126817960486,0.3534412291481889,6.618956712315204,2.6907333215961717,0.9794716291011734,-1.8311558079794492
seed 798
Initial fitness values: [np.float64(50.17527143322101), np.float64(50.17527143322101), np.float64(49.64343950763071), np.float64(47.503662639531434), np.float64(47.503662639531434), np.float64(45.52289310797017), np.float64(44.871603804823145), np.float64(44.701039895162666), np.float64(44.00803096298174), np.float64(43.34935401197483)]
Final fitness values: [np.float64(41.49118542774283), np.float64(41.4905692660101), np.float64(41.49022860287961), np.float64(41.49022860287961), np.float64(41.490068175931476), np.float64(41.48940382575626), np.float64(41.48940382575626), np.float64(41.489101429708896), np.float64(41.488808614599755), np.float64(41.48873657808793)]
HOF ITEM
41.48873657808793
1.8037876271568376,0.32013289077304824,0.22062901024880954,-2.005770218881743,3.960366765413113,-5.1974202732910975,5.693085016177335,1.335871829649262,-6.964503948963056,-2.1421727446295895,1.1166068017916617,4.172653680952896,1.182275374704808,3.0,-0.4539707688186037
HOF ITEM
41.48876053768364
1.8037876271568376,0.32013289077304824,0.3281241161882574,-2.005770218881743,4.59998415263689,-5.1540523774016025,5.693085016177335,1.4996941970537412,-6.643890513034761,-1.6196132798108716,1.2971080610014307,3.9721233182722036,1.182275374704808,3.0,-0.4539707688186037
HOF ITEM
41.488808614599755
1.8037876271568376,0.32013289077304824,0.44728656867675193,-1.965139003056846,4.703395506894297,-5.095796553236107,4.781799967117103,1.4640944131505869,-6.643890513034761,-1.9087755011577086,1.571033811603657,4.07819587899481,1.182275374704808,3.0,-0.4539707688186037
HOF ITEM
41.48890791915803
1.8037876271568376,0.32013289077304824,0.2498775017746174,-2.4940332577151834,4.703395506894297,-5.1974202732910975,5.693085016177335,1.4640944131505869,-6.964503948963056,-1.9087755011577086,1.571033811603657,4.07819587899481,1.182275374704808,3.0,-0.4539707688186037
HOF ITEM
41.48890791915803
1.8037876271568376,0.32013289077304824,0.2498775017746174,-2.4940332577151834,4.703395506894297,-5.1974202732910975,5.693085016177335,1.4640944131505869,-6.992292161465651,-1.9087755011577086,1.571033811603657,4.07819587899481,1.182275374704808,3.0,-0.4539707688186037
seed 799
Initial fitness values: [np.float64(50.395683170373765), np.float64(48.67333267030512), np.float64(45.805966261201824), np.float64(45.805966261201824), np.float64(45.06956446941336), np.float64(44.999727716644415), np.float64(44.70496395277834), np.float64(44.487938712247896), np.float64(44.368870842889905), np.float64(44.368870842889905)]
Final fitness values: [np.float64(43.27187910350876), np.float64(43.274497524039084), np.float64(43.27124592266908), np.float64(43.26812239885447), np.float64(43.25337548164273), np.float64(43.24158122845895), np.float64(43.23404360397123), np.float64(43.23404360397123), np.float64(43.22544316034472), np.float64(43.22248967143272)]
HOF ITEM
43.22248967143272
5.544526576832729,-0.830636261499155,3.969837806512839,1.37585072138906,3.4319383354837933,-1.690421811022584,-6.050523845756336,1.7354310602448946,2.3551214111498595,3.66133951583073,0.0,0.9381436130665307,1.3378220802277843,3.0,-0.45428541634816877
HOF ITEM
43.22544316034472
5.544526576832729,-0.830636261499155,3.9391792803193626,1.5317087888851935,3.616395872033802,-2.0028652180949815,-6.050523845756336,1.7354310602448946,2.3551214111498595,3.66133951583073,0.0,1.3501603039735788,1.3378220802277843,3.0,-0.45428541634816877
HOF ITEM
43.229914431451434
5.544526576832729,-0.830636261499155,3.9391792803193626,1.37585072138906,3.734770395988297,-1.9646251055074049,-6.050523845756336,1.7354310602448946,2.3551214111498595,3.66133951583073,0.0,1.3501603039735788,1.3378220802277843,3.0,-0.45428541634816877
HOF ITEM
43.23404360397123
5.544526576832729,-0.830636261499155,3.9391792803193626,1.5317087888851935,3.616395872033802,-2.0028652180949815,-5.886227801460307,1.7354310602448946,1.9448064526438547,3.75340903438098,0.1851949690334953,1.3501603039735788,1.3378220802277843,3.0,-0.45428541634816877
HOF ITEM
43.234870895595854
5.544526576832729,-0.830636261499155,3.969837806512839,1.37585072138906,3.734770395988297,-1.9646251055074049,-6.050523845756336,1.7354310602448946,2.3551214111498595,3.66133951583073,0.1851949690334953,1.3501603039735788,1.3378220802277843,3.0,-0.45428541634816877
best parameter set
fitness 38.16094848842787 seed 793
-5.123287144465344,1.6697101503965834,1.3900482651599517,-4.135871175968665,2.2866861127037357,5.016289661390983,4.074161126752572,1.358066440404088,-6.845520121850532,-4.58384565337394,1.30453959816385,0.6200736188970454,-4.2003930229793625,2.211824523089211,-3.687487782358459
