seeds are [730 731 732 733 734 735 736 737 738 739]
seed 730
Initial fitness values: [np.float64(27.24358616812842), np.float64(25.595482558067197), np.float64(23.758432459074967), np.float64(23.758432459074967), np.float64(22.55412798479322), np.float64(22.125734394299954), np.float64(21.72143065223597), np.float64(21.14295088531855), np.float64(20.63711535181521), np.float64(20.63711535181521)]
Final fitness values: [np.float64(19.65191523078627), np.float64(19.65163963118799), np.float64(19.65163963118799), np.float64(19.65163963118799), np.float64(19.65163963118799), np.float64(19.65163963118799), np.float64(19.65163963118799), np.float64(19.65163963118799), np.float64(19.65163963118799), np.float64(19.65163963118799)]
HOF ITEM
19.65163963118799
-2.1232106778869233,1.552404627723881,-0.865916005516407,4.527408319097812,-0.30944492609544716,1.8530876447167504,-0.8611094692100139,3.0,0.7966936489552894,0.9594082242018682,0.4456242914437588,1.644310605329273,6.8931859731061715,2.7151765241696495,-2.8590910717855746
HOF ITEM
19.65163963118799
-2.1232106778869233,1.552404627723881,-0.865916005516407,4.527408319097812,-0.30944492609544716,1.8530876447167504,-0.8611094692100139,3.0,0.7966936489552894,0.9594082242018682,0.4456242914437588,1.644310605329273,6.794008793833552,2.586993829830236,-2.4607421016385596
HOF ITEM
19.65163963118799
-2.1232106778869233,1.552404627723881,-0.865916005516407,4.527408319097812,-0.30944492609544716,1.8530876447167504,-0.8611094692100139,3.0,0.7966936489552894,0.9594082242018682,0.4456242914437588,1.644310605329273,6.794008793833552,2.586993829830236,-2.679481415578711
HOF ITEM
19.65163963118799
-2.1232106778869233,1.552404627723881,-0.865916005516407,4.527408319097812,-0.30944492609544716,1.8530876447167504,-0.8611094692100139,3.0,0.7966936489552894,0.9594082242018682,0.4456242914437588,1.644310605329273,6.8931859731061715,2.7151765241696495,-2.7447296329501203
HOF ITEM
19.65163963118799
-2.1232106778869233,1.552404627723881,-0.865916005516407,4.527408319097812,-0.30944492609544716,1.8530876447167504,-0.8611094692100139,3.0,0.7966936489552894,0.9594082242018682,0.4456242914437588,1.644310605329273,6.8931859731061715,2.961054898185355,-2.8590910717855746
seed 731
Initial fitness values: [np.float64(25.419278863394997), np.float64(25.419278863394997), np.float64(24.770022164666404), np.float64(24.39535809482378), np.float64(24.19501582563692), np.float64(24.065034063453727), np.float64(23.941941267685014), np.float64(23.867212063330136), np.float64(23.824581998958994), np.float64(23.824581998958994)]
Final fitness values: [np.float64(21.69431190691208), np.float64(21.69431190691208), np.float64(21.69431190691208), np.float64(21.686801100308234), np.float64(21.686801100308234), np.float64(21.686801100308234), np.float64(21.68680109318431), np.float64(21.68680109318431), np.float64(21.68680109318431), np.float64(21.68680109318431)]
HOF ITEM
21.68680109318431
3.5936014495843884,-0.3156729574407509,-5.754904657257719,-2.7617766655436626,0.6536318074957916,5.889505556289773,4.934437763533229,0.8354689114830086,4.632975195841688,1.219404424842078,3.0,-2.836167565863339,6.70129946514013,1.050557164151456,6.61155825456626
HOF ITEM
21.686801100308234
3.5936014495843884,-0.3156729574407509,-5.754904657257719,-2.7617766655436626,0.6536318074957916,5.889505556289773,4.934437763533229,0.8354689114830086,4.632975195841688,1.219404424842078,3.0,-2.836167565863339,6.70129946514013,1.050557164151456,6.414271201667729
HOF ITEM
21.68680444570904
3.5936014495843884,-0.3156729574407509,-5.754904657257719,-2.7617766655436626,0.6536318074957916,5.963585607644967,4.934437763533229,0.8354689114830086,4.632975195841688,1.219404424842078,3.0,-2.836167565863339,6.681507684581955,1.0956469873045065,6.287579765522761
HOF ITEM
21.686804622826774
3.5936014495843884,-0.3156729574407509,-5.754904657257719,-2.7617766655436626,0.6536318074957916,5.968059045536816,4.934437763533229,0.8354689114830086,4.632975195841688,1.219404424842078,3.0,-2.836167565863339,6.70129946514013,1.050557164151456,6.414271201667729
HOF ITEM
21.69431155553678
3.5910128051702337,-0.3156729574407509,-5.754904657257719,-2.7617766655436626,0.6536318074957916,5.889505556289773,4.934437763533229,0.8354689114830086,4.632975195841688,1.219404424842078,3.0,-2.836167565863339,6.70129946514013,1.050557164151456,6.61155825456626
seed 732
Initial fitness values: [np.float64(27.985041177342232), np.float64(25.428748266121275), np.float64(25.34956269135426), np.float64(23.725616034639263), np.float64(23.725616034639263), np.float64(23.236933150449527), np.float64(22.503879072253977), np.float64(22.503879072253977), np.float64(21.96292959210668), np.float64(21.823554910775144)]
Final fitness values: [np.float64(19.34617999441278), np.float64(19.346179994410512), np.float64(19.346179994408697), np.float64(19.346179994408697), np.float64(19.346179994407716), np.float64(19.346179994407716), np.float64(19.346177440969477), np.float64(19.346177440969477), np.float64(19.346173702942874), np.float64(19.346173702942874)]
HOF ITEM
19.346173702942874
-6.677231894402292,1.6281815113332492,6.6760638249202895,-4.361181260099501,-2.2388523379490946,4.0763097844875995,1.9921731661309872,0.7630483216261372,3.2833545683393863,-4.591046791813331,0.6182368414886737,0.6973438268592822,-6.315717808728725,1.8464648830843464,-6.246219098486917
HOF ITEM
19.346177440969477
-6.677231894402292,1.6281815113332492,6.6760638249202895,-4.146990756136693,-2.2388523379490946,4.0763097844875995,1.6098334343973448,1.3908792769656793,3.2833545683393863,-4.591046791813331,0.6182368414886737,0.6973438268592822,-6.315717808728725,1.8464648830843464,-6.246219098486917
HOF ITEM
19.346177440973968
-6.677231894402292,1.6281815113332492,6.6760638249202895,-4.146990756136693,-2.2388523379490946,4.0763097844875995,1.9921731661309872,1.0077210817370343,3.2833545683393863,-4.591046791813331,0.6182368414886737,0.6973438268592822,-6.315717808728725,1.8464648830843464,-6.246219098486917
HOF ITEM
19.346179994402654
-6.677231894402292,1.6281815113332492,6.6760638249202895,-4.02327074811421,-2.2388523379490946,4.0763097844875995,1.6098334343973448,1.3908792769656793,3.2833545683393863,-4.591046791813331,0.6182368414886737,0.6973438268592822,-6.315717808728725,1.8464648830843464,-6.246219098486917
HOF ITEM
19.346179994407716
-6.677231894402292,1.6281815113332492,6.6760638249202895,-4.02327074811421,-2.2388523379490946,4.0763097844875995,1.9921731661309872,1.0077210817370343,3.2833545683393863,-4.591046791813331,0.6182368414886737,0.6973438268592822,-6.315717808728725,1.8464648830843464,-6.246219098486917
seed 733
Initial fitness values: [np.float64(27.7731666050629), np.float64(26.24776283956125), np.float64(24.521633028703196), np.float64(22.888077515408405), np.float64(22.888077515408405), np.float64(22.888077515408405), np.float64(21.771837042869787), np.float64(21.761040389969526), np.float64(21.32591301584057), np.float64(21.32591301584057)]
Final fitness values: [np.float64(20.645763161730663), np.float64(20.645763161730663), np.float64(20.645763161730663), np.float64(20.645763161730663), np.float64(20.645763161730663), np.float64(20.645763161730663), np.float64(20.645763161730663), np.float64(20.645763161730663), np.float64(20.645763161730663), np.float64(20.645763161730663)]
HOF ITEM
20.645763161730663
-5.489696839322892,1.585246430992084,4.7422167999091185,-1.954725989653549,-4.262638287914249,-4.4596415344257805,-4.1568582094385045,2.11659246938293,7.0,4.919326922371235,2.947399055357229,-3.814446003894661,-1.9826083713878027,2.6087273269174567,-4.3201744068135675
HOF ITEM
20.645763161730663
-5.489696839322892,1.585246430992084,4.7422167999091185,-1.954725989653549,-4.262638287914249,-4.4596415344257805,-4.1568582094385045,2.11659246938293,7.0,4.919326922371235,2.947399055357229,-3.6749720336092477,-1.9826083713878027,2.6087273269174567,-4.3201744068135675
HOF ITEM
20.645763161730663
-5.489696839322892,1.585246430992084,4.7422167999091185,-1.954725989653549,-4.262638287914249,-4.4596415344257805,-4.1568582094385045,2.11659246938293,7.0,4.919326922371235,2.947399055357229,-3.814446003894661,-2.1836967775984344,2.6087273269174567,-4.604258809324862
HOF ITEM
20.645763161730663
-5.489696839322892,1.585246430992084,4.7422167999091185,-1.954725989653549,-4.262638287914249,-4.4596415344257805,-4.1568582094385045,2.11659246938293,7.0,4.919326922371235,2.947399055357229,-3.814446003894661,-1.9826083713878027,2.6087273269174567,-4.604258809324862
HOF ITEM
20.645763161730663
-5.489696839322892,1.585246430992084,4.7422167999091185,-1.954725989653549,-4.262638287914249,-4.4596415344257805,-4.1568582094385045,2.11659246938293,7.0,4.919326922371235,2.947399055357229,-3.6749720336092477,-1.9826083713878027,2.6087273269174567,-4.604258809324862
seed 734
Initial fitness values: [np.float64(27.899195858896036), np.float64(28.21108133841945), np.float64(27.019935650975643), np.float64(26.63966710686663), np.float64(26.63966710686663), np.float64(26.25274230753322), np.float64(26.035923924026864), np.float64(25.277174659724626), np.float64(25.277174659724626), np.float64(25.163696710169912)]
Final fitness values: [np.float64(23.6815999506311), np.float64(23.6815999506311), np.float64(23.6815999506311), np.float64(23.6815999506311), np.float64(23.6815999506311), np.float64(23.6815999506311), np.float64(23.6815999506311), np.float64(23.6815999506311), np.float64(23.6815999506311), np.float64(23.6815999506311)]
HOF ITEM
23.6815999506311
4.518382983789284,-0.38025381568687766,-5.182423984166483,5.754060510980609,6.426904394284175,3.5712875112338436,2.1671905455832268,2.8664719410043653,6.051943520996809,1.5804370811644208,1.833028480521697,-6.889094082653176,-1.0319270475235571,2.8947913887099475,-4.463701874882435
HOF ITEM
23.6815999506311
4.518382983789284,-0.38025381568687766,-5.182423984166483,5.754060510980609,6.426904394284175,3.5712875112338436,2.270614249075712,2.8664719410043653,6.051943520996809,1.5804370811644208,1.833028480521697,-6.889094082653176,-1.0319270475235571,2.8947913887099475,-4.463701874882435
HOF ITEM
23.6815999506311
4.518382983789284,-0.38025381568687766,-5.182423984166483,5.754060510980609,6.426904394284175,3.5712875112338436,2.1671905455832268,2.998811142867569,6.0456127030120745,1.5804370811644208,1.833028480521697,-6.889094082653176,-1.0319270475235571,2.8947913887099475,-4.463701874882435
HOF ITEM
23.6815999506311
4.518382983789284,-0.38025381568687766,-5.182423984166483,5.754060510980609,6.426904394284175,3.5712875112338436,2.1671905455832268,2.998811142867569,6.051943520996809,1.5804370811644208,1.833028480521697,-6.889094082653176,-1.0319270475235571,2.8947913887099475,-4.463701874882435
HOF ITEM
23.681806544334094
4.518382983789284,-0.38025381568687766,-5.182423984166483,5.754060510980609,6.426904394284175,3.5712875112338436,2.270614249075712,2.8664719410043653,6.051943520996809,1.5804370811644208,1.833028480521697,-6.914288334774014,-1.0319270475235571,3.0,-4.463701874882435
seed 735
Initial fitness values: [np.float64(27.227561466513674), np.float64(25.16303830415674), np.float64(24.35735411984931), np.float64(24.270247387321213), np.float64(24.233243571747376), np.float64(24.100058428650428), np.float64(24.09858753933509), np.float64(24.033532779168155), np.float64(23.978715712397598), np.float64(23.757252199767628)]
Final fitness values: [np.float64(23.59274053846908), np.float64(23.592723141532446), np.float64(23.592723141532446), np.float64(23.592723141532446), np.float64(23.592702870734033), np.float64(23.592697961225834), np.float64(23.59269796122583), np.float64(23.592622803491977), np.float64(23.592622803491977), np.float64(23.59261945496294)]
HOF ITEM
23.59261945496294
6.450456398181107,-0.8153398012207661,3.0416506027410457,-4.571613573992768,4.8735430211637825,-5.767882972343037,5.413231202594447,0.6962423051753104,-1.7798709385508042,6.194512397743626,2.840119150345322,-1.8047834974092858,1.7853861227380468,1.8682988795503115,-6.642105229223507
HOF ITEM
23.592622803491977
6.450456398181107,-0.8153398012207661,3.0416506027410457,-4.571613573992768,4.998960480573404,-5.767882972343037,5.413231202594447,0.6962423051753104,-1.6951467376009175,6.20476796142999,2.536972866479291,-1.8047834974092858,1.7853861227380468,1.8682988795503115,-6.642105229223507
HOF ITEM
23.592622803491977
6.450456398181107,-0.8153398012207661,3.0416506027410457,-4.571613573992768,4.998960480573404,-5.767882972343037,5.413231202594447,0.6962423051753104,-1.6951467376009175,6.182819362291027,2.536972866479291,-1.8047834974092858,1.7853861227380468,1.8682988795503115,-6.642105229223507
HOF ITEM
23.592626155677905
6.450456398181107,-0.8153398012207661,3.0416506027410457,-4.571613573992768,4.998960480573404,-5.784583646709238,5.413231202594447,0.9965142663443294,-1.6951467376009175,6.20476796142999,2.536972866479291,-1.8047834974092858,1.7853861227380468,1.8682988795503115,-6.642105229223507
HOF ITEM
23.592626155677912
6.450456398181107,-0.8153398012207661,3.0416506027410457,-4.571613573992768,4.998960480573404,-5.784583646709238,5.413231202594447,0.9965142663443294,-1.3870219662334913,6.20476796142999,2.536972866479291,-1.8047834974092858,1.7853861227380468,1.8682988795503115,-6.642105229223507
seed 736
Initial fitness values: [np.float64(26.85581372783201), np.float64(25.946037838330287), np.float64(24.59124789844381), np.float64(23.106060392439254), np.float64(23.041935865374978), np.float64(21.552108980301366), np.float64(21.491646113292123), np.float64(20.977892463816), np.float64(20.22342983560904), np.float64(20.142124998021806)]
Final fitness values: [np.float64(18.071743956527808), np.float64(18.071743956527808), np.float64(18.071743956527808), np.float64(18.071301923497856), np.float64(18.071301923497856), np.float64(18.071301923497856), np.float64(18.071301923497856), np.float64(18.071301923497856), np.float64(18.071301923497856), np.float64(18.071301923497856)]
HOF ITEM
18.071301923497856
-0.42493647276202023,0.9452766058451055,4.848100337964805,3.0787038729861274,-5.137974496887255,-4.350758115746193,0.2260864721189713,2.6460995342832825,2.2213439313227843,4.964697430390722,0.8273607858046182,4.9921985876264765,-0.08608463795436094,2.4747127353144998,4.357268918834488
HOF ITEM
18.071435262927466
-0.42493647276202023,0.9452766058451055,4.848100337964805,3.0787038729861274,-5.3613734583282255,-4.574938592527788,0.2260864721189713,2.6460995342832825,2.2213439313227843,4.964697430390722,0.8273607858046182,4.9921985876264765,-0.08608463795436094,2.4747127353144998,4.357268918834488
HOF ITEM
18.071743956527808
-0.42493647276202023,0.9452766058451055,4.848100337964805,3.0787038729861274,-5.137974496887255,-4.350758115746193,0.2260864721189713,2.6460995342832825,2.2213439313227843,4.964697430390722,0.8262633789187547,4.9921985876264765,-0.08608463795436094,2.4747127353144998,4.357268918834488
HOF ITEM
18.07187729014102
-0.42493647276202023,0.9452766058451055,4.848100337964805,3.0787038729861274,-5.3613734583282255,-4.574938592527788,0.2260864721189713,2.6460995342832825,2.2213439313227843,4.964697430390722,0.8262633789187547,4.9921985876264765,-0.08608463795436094,2.4747127353144998,4.357268918834488
HOF ITEM
18.073354789341792
-0.42493647276202023,0.9452766058451055,4.848100337964805,3.0787038729861274,-5.137974496887255,-4.350758115746193,0.2260864721189713,2.6460995342832825,2.2213439313227843,4.964697430390722,0.8273607858046182,4.9921985876264765,-0.08608463795436094,2.4747127353144998,4.351143594982355
seed 737
Initial fitness values: [np.float64(24.5909908936199), np.float64(24.5909908936199), np.float64(24.436355123979048), np.float64(24.180828954752723), np.float64(24.02634394494062), np.float64(23.836148175821805), np.float64(23.755776785729015), np.float64(23.710274618052814), np.float64(23.710274618052814), np.float64(23.646088545324996)]
Final fitness values: [np.float64(21.819981727836538), np.float64(21.819981727836538), np.float64(21.81992100845039), np.float64(21.81992015803492), np.float64(21.81992015803492), np.float64(21.819919819480432), np.float64(21.819919819480432), np.float64(21.819919525378847), np.float64(21.819919525378847), np.float64(21.819919525378847)]
HOF ITEM
21.819919525378847
3.5871657270774353,-0.10904084354385199,6.298297871268098,-5.983258684675337,-6.9967705744014275,-4.673849394331128,5.3512338813796205,1.9402955874966776,1.0621817984766992,1.5262728581056988,2.9809304469518034,-0.6955037452402598,4.907453586705935,0.0,-4.629710204782912
HOF ITEM
21.819919525378847
3.5871657270774353,-0.10904084354385199,6.298297871268098,-5.983258684675337,-6.9967705744014275,-4.673849394331128,5.458032374968319,1.8571708529977358,1.0621817984766992,1.5262728581056988,2.9809304469518034,-0.6955037452402598,4.907453586705935,0.0,-4.629710204782912
HOF ITEM
21.819919525378847
3.5871657270774353,-0.10904084354385199,6.298297871268098,-5.983258684675337,-6.9967705744014275,-4.673849394331128,5.393010545973374,1.9402955874966776,1.0621817984766992,1.5262728581056988,2.9809304469518034,-0.6955037452402598,4.907453586705935,0.0,-4.629710204782912
HOF ITEM
21.819919819480432
3.5871657270774353,-0.10904084354385199,6.298297871268098,-5.771051028602483,-6.9967705744014275,-4.673849394331128,5.458032374968319,1.9402955874966776,1.0621817984766992,1.5262728581056988,2.9809304469518034,-0.6955037452402598,4.907453586705935,0.0,-4.629710204782912
HOF ITEM
21.819919819480432
3.5871657270774353,-0.10904084354385199,6.298297871268098,-5.771051028602483,-6.9967705744014275,-4.673849394331128,5.393010545973374,1.9402955874966776,1.0621817984766992,1.5262728581056988,2.9809304469518034,-0.6955037452402598,4.907453586705935,0.0,-4.629710204782912
seed 738
Initial fitness values: [np.float64(27.99616218337093), np.float64(26.918407657129443), np.float64(26.489284474721504), np.float64(25.358576720432108), np.float64(24.548919890807174), np.float64(24.05883913676674), np.float64(23.781281003203986), np.float64(22.97000645443996), np.float64(22.40486249038412), np.float64(22.291753204905014)]
Final fitness values: [np.float64(20.582625068051833), np.float64(20.58257208530566), np.float64(20.58239782301143), np.float64(20.58239782301143), np.float64(20.582331250516376), np.float64(20.582003396470842), np.float64(20.581919384823102), np.float64(20.581813221271382), np.float64(20.581776299040847), np.float64(20.58139307729295)]
HOF ITEM
20.58139307729295
-4.174227403869443,1.6090053597506577,-2.329346517336475,1.1804498142926514,6.815200490561234,-3.290087595207334,5.33896296162687,1.6860480114738656,-2.714058402206574,4.849174445720816,0.0,6.804617639736159,-2.8906390725258455,2.493163520142202,-0.5863330761432171
HOF ITEM
20.581481550610167
-4.174227403869443,1.6090053597506577,-2.329346517336475,1.1723639314873302,6.699861823800192,-3.286313128091129,5.606501911246988,1.717700062997557,-2.4930527737330412,4.549409405826615,0.0,6.804617639736159,-2.8906390725258455,2.493163520142202,-0.5863330761432171
HOF ITEM
20.581530034645276
-4.174227403869443,1.6090053597506577,-2.329346517336475,1.2838986962723253,6.815200490561234,-3.286313128091129,5.630951979889641,1.717700062997557,-2.1138056421055307,4.464587472444917,0.0,6.684514233359428,-2.8906390725258455,2.493163520142202,-0.5863330761432171
HOF ITEM
20.581727541794706
-4.174227403869443,1.6090053597506577,-2.329346517336475,0.972885515179194,6.699861823800192,-3.286313128091129,6.0660514166035595,1.8904747495853373,-2.4930527737330412,4.763236657858872,0.0,7.0,-2.8906390725258455,2.493163520142202,-0.5863330761432171
HOF ITEM
20.581776299040847
-4.174227403869443,1.6090053597506577,-2.329346517336475,0.9077872993166244,6.699861823800192,-3.286313128091129,5.7327171183965735,1.717700062997557,-2.9341666372742283,4.549409405826615,0.0,6.804617639736159,-2.8906390725258455,2.493163520142202,-0.5863330761432171
seed 739
Initial fitness values: [np.float64(27.73616977700185), np.float64(27.73616977700185), np.float64(25.073242704148143), np.float64(25.073242704148143), np.float64(24.815904144229034), np.float64(24.394928671381663), np.float64(24.394928671381663), np.float64(24.37795380317159), np.float64(24.12582314446096), np.float64(23.968256076416708)]
Final fitness values: [np.float64(20.563170845421837), np.float64(20.563170845421837), np.float64(20.563170845421837), np.float64(20.563170845421837), np.float64(20.563170845421837), np.float64(20.563170845421837), np.float64(20.563170845421837), np.float64(20.563170845421837), np.float64(20.563170845421837), np.float64(20.563170845421837)]
HOF ITEM
20.563170845421837
-4.109063763384046,1.59067730854265,-3.3837006879810545,4.235150469188879,-5.293378903863865,4.146067185652834,2.882431357569444,0.863386580183202,5.562243168588838,-2.8240006951042385,2.4913685385026807,-0.45216187368479643,-2.879063475620669,2.4837255909082767,-5.185753871598501
HOF ITEM
20.56317095720284
-4.109063763384046,1.59067730854265,-3.3837006879810545,4.235150469188879,-5.293378903863865,4.146067185652834,2.882431357569444,0.863386580183202,5.562243168588838,-2.8240006951042385,2.4913685385026807,-0.45216187368479643,-2.9796640691862395,2.4837255909082767,-5.185753871598501
HOF ITEM
20.563171882101628
-4.109063763384046,1.59067730854265,-3.3837006879810545,4.235150469188879,-5.293378903863865,4.146067185652834,2.882431357569444,0.863386580183202,5.562243168588838,-2.8240006951042385,2.4913685385026807,-0.45216187368479643,-3.0325399415347234,2.4837255909082767,-5.241389258474945
HOF ITEM
20.56317381474986
-4.109063763384046,1.59067730854265,-3.3837006879810545,4.235150469188879,-5.293378903863865,4.146067185652834,2.882431357569444,0.863386580183202,5.562243168588838,-2.8240006951042385,2.4913685385026807,-0.45216187368479643,-2.79729130669257,2.4837255909082767,-5.185753871598501
HOF ITEM
20.56317405962906
-4.109063763384046,1.59067730854265,-3.3837006879810545,3.9241529203267933,-5.293378903863865,4.146067185652834,2.877823815668448,0.863386580183202,5.580032366955175,-2.8240006951042385,2.4913685385026807,-0.45216187368479643,-2.8294063835559196,2.4837255909082767,-5.185753871598501
best parameter set
fitness 17.978554063460408 seed 736
-0.42044992540635395,0.9375516570713568,4.848637610633699,3.078163977075313,-5.1323033287117354,-4.356430562070691,0.22316441281279004,2.6568074359012583,2.2217023050972884,4.964835798812425,0.8267412962768705,4.992137475260805,-0.0944713727453527,2.4737464076771807,4.358080927036998
