seeds are [270 271 272 273 274 275 276 277 278 279]
seed 270
Initial fitness values: [np.float64(45.0715155460049), np.float64(45.0715071358933), np.float64(43.63240149598845), np.float64(42.127079324128644), np.float64(42.127079324004704), np.float64(41.94608053480374), np.float64(41.94608053480374), np.float64(41.6609646763769), np.float64(41.6609646763769), np.float64(41.294215922806444)]
Final fitness values: [np.float64(40.688721421489824), np.float64(40.688721421489824), np.float64(40.687545401003106), np.float64(40.687545401003106), np.float64(40.687545401003106), np.float64(40.68754528205191), np.float64(40.68754528205191), np.float64(40.68081697357772), np.float64(40.680816973481626), np.float64(40.66621781388019)]
HOF ITEM
40.66621781388019
-3.6808895008585134,1.584421769516672,-5.658361025268303,-2.732863536324781,5.2363306687583195,-2.619438072698664,6.346964492115412,0.8783371692673496,5.2805786794927645,-7.0,2.1177679020982256,4.721803600141824,-2.5491586874998458,2.6357689487037046,-2.6060567952288896
HOF ITEM
40.680815724835966
-3.6808895008585134,1.584421769516672,-5.658361025268303,-3.2413183315293717,5.427198472932901,-2.619438072698664,5.957511721380829,0.3415843634856348,5.51871292610582,-6.899766667768517,2.1177679020982256,5.010324848212391,-2.5491586874998458,2.6357689487037046,-2.6060567952288896
HOF ITEM
40.680816973481626
-3.6808895008585134,1.584421769516672,-5.658361025268303,-3.2413183315293717,5.427198472932901,-2.619438072698664,6.076655558911955,0.5714266103644502,5.51871292610582,-6.899766667768517,2.1177679020982256,5.010324848212391,-2.5491586874998458,2.6357689487037046,-2.6060567952288896
HOF ITEM
40.68081697357772
-3.6808895008585134,1.584421769516672,-5.658361025268303,-3.2413183315293717,5.427198472932901,-2.619438072698664,6.076655558911955,0.5714266103644502,5.51458002318775,-6.899766667768517,2.1177679020982256,5.010324848212391,-2.5491586874998458,2.6357689487037046,-2.6060567952288896
HOF ITEM
40.680854724741955
-3.6808895008585134,1.584421769516672,-5.658361025268303,-3.2413183315293717,5.427198472932901,-2.619438072698664,5.957511721380829,0.3415843634856348,5.51871292610582,-7.0,2.1177679020982256,4.721803600141824,-2.5491586874998458,2.6357689487037046,-2.6060567952288896
seed 271
Initial fitness values: [np.float64(52.0688427608152), np.float64(49.58783520312708), np.float64(46.80861728117464), np.float64(46.28114567421042), np.float64(45.66623955162499), np.float64(45.665831305868224), np.float64(45.665831305868224), np.float64(45.28853384244189), np.float64(45.092665092055164), np.float64(45.092665092055164)]
Final fitness values: [np.float64(43.78341711281576), np.float64(43.783410645900766), np.float64(43.69104749957265), np.float64(43.69104749957265), np.float64(43.69034269816327), np.float64(43.689743061309684), np.float64(43.686300206594794), np.float64(43.686300206594794), np.float64(43.686300206594794), np.float64(43.686300206594794)]
HOF ITEM
43.686300206594794
3.868640330629162,-0.21846465042630883,2.499811287128535,-4.091865355425185,-3.3771674374069605,4.530977667571641,3.7686761279973418,2.4094688027651645,4.496889681159487,1.5172365599553785,3.0,-0.559600975082909,6.670470780918425,2.0773402555883145,6.779986764271134
HOF ITEM
43.686300206594794
3.868640330629162,-0.21846465042630883,2.499811287128535,-4.091865355425185,-3.3771674374069605,4.530977667571641,3.5606978057974277,2.4094688027651645,4.8520338704713994,1.5172365599553785,3.0,-0.559600975082909,6.670470780918425,2.0773402555883145,6.6995475856104605
HOF ITEM
43.686300206594794
3.868640330629162,-0.21846465042630883,2.499811287128535,-4.091865355425185,-3.3771674374069605,4.530977667571641,3.7686761279973418,2.4473181167385576,4.496889681159487,1.5172365599553785,3.0,-0.559600975082909,6.670470780918425,2.0773402555883145,6.779986764271134
HOF ITEM
43.686300206594794
3.868640330629162,-0.21846465042630883,2.499811287128535,-4.091865355425185,-3.3771674374069605,4.530977667571641,3.7686761279973418,2.4473181167385576,4.8520338704713994,1.5172365599553785,3.0,-0.559600975082909,6.670470780918425,2.0773402555883145,6.6995475856104605
HOF ITEM
43.686300206594794
3.868640330629162,-0.21846465042630883,2.499811287128535,-4.091865355425185,-3.3771674374069605,4.530977667571641,3.7686761279973418,2.4473181167385576,4.8520338704713994,1.5172365599553785,3.0,-0.559600975082909,6.670470780918425,2.0773402555883145,6.779986764271134
seed 272
Initial fitness values: [np.float64(51.32784958812106), np.float64(49.767358624620464), np.float64(49.767358624620464), np.float64(48.07455686376814), np.float64(47.797199867909406), np.float64(44.74475324683856), np.float64(44.69371398402605), np.float64(43.81735154741175), np.float64(43.044892077176655), np.float64(43.03609488330029)]
Final fitness values: [np.float64(38.15515758035471), np.float64(38.14868424962839), np.float64(38.14363305521529), np.float64(38.14363305521529), np.float64(38.14363305521529), np.float64(38.057221315773006), np.float64(38.054690353804745), np.float64(38.054690353804745), np.float64(38.037602786232505), np.float64(38.03261331395185)]
HOF ITEM
38.03261331395185
2.6583877655767076,-0.02034369965137433,5.990088661250772,-2.82770607872985,0.9969137952524723,3.6621826328121765,3.5326285337163186,2.7333129104458065,-4.985723639359175,1.258717947943857,3.0,-0.5031851546115599,-3.6463344232755235,2.1451713845810803,2.318340712885383
HOF ITEM
38.03268177201167
2.6583877655767076,-0.02034369965137433,5.990088661250772,-2.1380190309829943,0.9969137952524723,3.6621826328121765,3.8747972303975513,2.866700660031217,-4.732856306544137,1.258717947943857,3.0,-0.5031851546115599,-3.6463344232755235,2.1451713845810803,2.318340712885383
HOF ITEM
38.037602786232505
2.6583877655767076,-0.02034369965137433,5.990088661250772,-2.82770607872985,0.9969137952524723,3.6621826328121765,3.5326285337163186,2.7333129104458065,-4.985723639359175,1.258717947943857,3.0,-0.5031851546115599,-3.6463344232755235,2.1451713845810803,2.3703882554937845
HOF ITEM
38.054690353804745
2.6583877655767076,-0.02034369965137433,5.990088661250772,-2.82770607872985,0.9484296167736097,3.6621826328121765,3.8747972303975513,2.7333129104458065,-4.985723639359175,1.258717947943857,3.0,-0.5031851546115599,-3.6463344232755235,2.1451713845810803,2.318340712885383
HOF ITEM
38.054690353804745
2.6583877655767076,-0.02034369965137433,5.990088661250772,-2.82770607872985,0.9484296167736097,3.6621826328121765,3.8747972303975513,2.866700660031217,-4.732856306544137,1.258717947943857,3.0,-0.5031851546115599,-3.6463344232755235,2.1451713845810803,2.318340712885383
seed 273
Initial fitness values: [np.float64(49.63070141785087), np.float64(47.90183205971229), np.float64(47.27555383596884), np.float64(47.27555383596884), np.float64(47.18571246430942), np.float64(47.04127550288803), np.float64(46.902603265773564), np.float64(46.826306743977), np.float64(46.808461785728426), np.float64(46.773140422146334)]
Final fitness values: [np.float64(42.16483977467966), np.float64(42.16483977467966), np.float64(42.16483977467966), np.float64(42.12842781935343), np.float64(42.12842781935343), np.float64(42.12842781935343), np.float64(42.12842781935343), np.float64(42.12842781935343), np.float64(42.12842781935343), np.float64(42.12842781935343)]
HOF ITEM
42.12842781935343
4.2170576868569505,-0.35398927187990537,1.5206738437151452,3.5024170889645214,-3.8850608150241803,-6.603586316523194,0.7184833560290373,3.0,-1.8260189868877001,5.508458514056772,2.7447239759141766,-3.914779939879139,1.545052308764954,1.2491651301099194,-4.252064208077858
HOF ITEM
42.16483977467966
4.2170576868569505,-0.35398927187990537,1.5206738437151452,3.5024170889645214,-3.8850608150241803,-6.603586316523194,0.7184833560290373,3.0,-1.8260189868877001,5.508458514056772,2.710205215335666,-3.674897089854383,1.545052308764954,1.2491651301099194,-4.582063204655065
HOF ITEM
42.16483977467966
4.2170576868569505,-0.35398927187990537,1.5206738437151452,3.5024170889645214,-3.8850608150241803,-6.603586316523194,0.7184833560290373,3.0,-1.8260189868877001,5.508458514056772,2.7447239759141766,-3.914779939879139,1.545052308764954,1.2491651301099194,-4.582063204655065
HOF ITEM
42.16696215046015
4.2170576868569505,-0.35398927187990537,1.5206738437151452,3.5024170889645214,-3.8850608150241803,-6.603586316523194,0.7184833560290373,3.0,-1.7829193319803935,5.508458514056772,3.0,-4.096145330149549,1.545052308764954,1.2491651301099194,-4.252064208077858
HOF ITEM
42.18759202534107
4.2170576868569505,-0.35398927187990537,1.5206738437151452,3.5024170889645214,-3.8850608150241803,-6.603586316523194,0.7184833560290373,3.0,-1.8260189868877001,5.508458514056772,2.7447239759141766,-3.914779939879139,1.5506717370849425,1.2491651301099194,-4.582063204655065
seed 274
Initial fitness values: [np.float64(49.78239005194536), np.float64(49.012449864701566), np.float64(47.54797671513681), np.float64(47.45292416632846), np.float64(46.79460698657437), np.float64(46.088445768965826), np.float64(45.826068299873945), np.float64(45.653357674545894), np.float64(45.653357674545894), np.float64(45.26476988799164)]
Final fitness values: [np.float64(43.693678577216346), np.float64(43.69056231198423), np.float64(43.69056231198423), np.float64(43.69056231198423), np.float64(43.69056231198423), np.float64(43.69056231198423), np.float64(43.69056231198423), np.float64(43.69056231198423), np.float64(43.69056231198423), np.float64(43.69056231198423)]
HOF ITEM
43.69056231198423
2.121818607633133,0.44631629439323217,1.6966402462587753,-3.491882971879406,2.7431178219272203,0.4236846021627665,5.597884284330152,2.4622255495757384,-5.1738307969017,-1.0962870033110161,2.6718875329232987,5.494329157113371,1.5454961008883839,1.4155331587666204,-4.054756710262298
HOF ITEM
43.69056231198423
2.121818607633133,0.44631629439323217,1.6966402462587753,-3.491882971879406,2.7431178219272203,0.4236846021627665,5.597884284330152,2.2031353562384424,-5.1506336937334245,-1.0962870033110161,2.6718875329232987,5.494329157113371,1.5454961008883839,1.4155331587666204,-4.054756710262298
HOF ITEM
43.69056231198423
2.121818607633133,0.44631629439323217,1.6966402462587753,-3.491882971879406,2.7431178219272203,0.4236846021627665,5.4546019013404115,2.2031353562384424,-5.1738307969017,-1.0962870033110161,2.6718875329232987,5.494329157113371,1.5454961008883839,1.4155331587666204,-4.054756710262298
HOF ITEM
43.69056231198423
2.121818607633133,0.44631629439323217,1.6966402462587753,-3.491882971879406,2.7431178219272203,0.4236846021627665,5.4546019013404115,2.2031353562384424,-5.1506336937334245,-1.0962870033110161,2.6718875329232987,5.494329157113371,1.5454961008883839,1.4155331587666204,-4.054756710262298
HOF ITEM
43.69056231198423
2.121818607633133,0.44631629439323217,1.6966402462587753,-3.491882971879406,2.7431178219272203,0.4236846021627665,5.597884284330152,2.4622255495757384,-5.1506336937334245,-1.0962870033110161,2.6718875329232987,5.494329157113371,1.5454961008883839,1.4155331587666204,-4.054756710262298
seed 275
Initial fitness values: [np.float64(49.822779747603306), np.float64(49.073693113574194), np.float64(48.54750480582696), np.float64(46.53718042995744), np.float64(45.457711583425144), np.float64(44.88413435008479), np.float64(44.59588681762483), np.float64(44.39836552095356), np.float64(44.39836552095356), np.float64(44.25235287909769)]
Final fitness values: [np.float64(42.44687229202679), np.float64(42.44687229202679), np.float64(42.44687229202679), np.float64(42.44687229202679), np.float64(42.44687229202679), np.float64(42.44687229202679), np.float64(42.44687229202679), np.float64(42.44687229202679), np.float64(42.44687229202679), np.float64(42.44687229202679)]
HOF ITEM
42.44687229202679
3.4395974675280985,-0.08558669133196223,-2.7318829866550463,5.174253164402751,1.0844608093763168,6.207128829037972,1.6947233589235304,2.4487657547985084,2.2093928485711904,1.945646776250842,2.192911306575448,3.0320097691603927,-5.616335207596583,2.871279273415302,-6.6420019820602985
HOF ITEM
42.44687229202679
3.4395974675280985,-0.08558669133196223,-2.7318829866550463,5.174253164402751,1.0844608093763168,6.207128829037972,1.6947233589235304,2.4487657547985084,2.2093928485711904,1.945646776250842,2.192911306575448,3.0320097691603927,-5.616335207596583,3.0,-6.6420019820602985
HOF ITEM
42.44687229202679
3.4395974675280985,-0.08558669133196223,-2.7318829866550463,5.174253164402751,1.0844608093763168,6.207128829037972,1.6947233589235304,2.4487657547985084,2.2093928485711904,1.945646776250842,2.192911306575448,3.0320097691603927,-5.639063840905324,2.871279273415302,-6.6420019820602985
HOF ITEM
42.447535252790054
3.4395974675280985,-0.08558669133196223,-2.7318829866550463,5.174253164402751,1.0844608093763168,6.207128829037972,1.6947233589235304,2.4487657547985084,2.2093928485711904,1.945646776250842,2.192911306575448,3.0320097691603927,-5.616335207596583,3.0,-6.757829232012821
HOF ITEM
42.44768659074742
3.4395974675280985,-0.08558669133196223,-2.6084223207533226,5.174253164402751,1.0844608093763168,6.207128829037972,1.6947233589235304,2.4487657547985084,2.2093928485711904,1.945646776250842,2.192911306575448,3.0320097691603927,-5.639063840905324,2.871279273415302,-6.6420019820602985
seed 276
Initial fitness values: [np.float64(53.37254547270158), np.float64(53.37254547270158), np.float64(50.271541857925854), np.float64(48.946285886451996), np.float64(48.36672804015421), np.float64(45.9069691655687), np.float64(44.92697412199542), np.float64(44.83789544117988), np.float64(44.61753771740896), np.float64(44.6100788666118)]
Final fitness values: [np.float64(44.55876731944155), np.float64(44.55876731944155), np.float64(44.55748418653434), np.float64(44.5573606758867), np.float64(44.55130451394818), np.float64(44.55001809706257), np.float64(44.55001809706257), np.float64(44.54989522598436), np.float64(44.543824408399814), np.float64(44.54047938881432)]
HOF ITEM
44.54047938881432
-4.917038983467158,1.1695751702282275,6.679866505921869,-0.7007770448677874,-0.8537493808990632,-0.7249570641020255,-6.069884168007823,2.206228859749645,7.0,3.441875053464227,0.6437519209794211,-1.1292729922010998,-0.6732388064778547,0.32919440457676613,-3.7767029044859464
HOF ITEM
44.543824408399814
-4.917038983467158,1.1695751702282275,6.679866505921869,-0.7007770448677874,-0.8320775046921807,-0.699788996026603,-6.069884168007823,2.206228859749645,7.0,3.441875053464227,0.262574884560388,-0.7301248553002171,-0.6484976659049134,0.32919440457676613,-4.039472472566907
HOF ITEM
44.54386201458089
-4.917038983467158,1.1695751702282275,6.679866505921869,-0.7007770448677874,-0.8320775046921807,-0.699788996026603,-6.069884168007823,2.206228859749645,7.0,3.441875053464227,0.3371883374887127,-1.1483446418142012,-0.6484976659049134,0.32919440457676613,-4.039472472566907
HOF ITEM
44.543913816610846
-4.917038983467158,1.1695751702282275,6.679866505921869,-0.7007770448677874,-0.8320775046921807,-0.699788996026603,-6.069884168007823,2.206228859749645,7.0,3.441875053464227,0.3371883374887127,-0.7301248553002171,-0.6484976659049134,0.32919440457676613,-4.039472472566907
HOF ITEM
44.544082956174805
-4.917038983467158,1.1695751702282275,6.679026451762555,-0.7007770448677874,-0.8320775046921807,-0.699788996026603,-6.069884168007823,2.206228859749645,7.0,3.441875053464227,0.262574884560388,-0.7301248553002171,-0.6484976659049134,0.42468127519398513,-4.221546760485688
seed 277
Initial fitness values: [np.float64(51.95907649041913), np.float64(51.76165465875548), np.float64(51.1068794129379), np.float64(47.49921309472104), np.float64(47.27629559892694), np.float64(46.30210453172553), np.float64(46.19431855333498), np.float64(45.56069962832194), np.float64(45.31090530489792), np.float64(44.444951102956935)]
Final fitness values: [np.float64(39.92823222496269), np.float64(39.92823222496269), np.float64(39.91874705360269), np.float64(39.91874705360269), np.float64(39.91874705360269), np.float64(39.91874705360269), np.float64(39.91874705360269), np.float64(39.91874705360269), np.float64(39.91874705360269), np.float64(39.91874705360269)]
HOF ITEM
39.91874705360269
1.0188368098354221,0.6478160258680747,-4.354497502497619,0.17864562154710045,1.8513235516929323,-0.7298771419575605,6.2364571062998015,3.0,5.252092741150528,1.3232747518047692,1.643198252894858,4.491049923321189,0.7857201140574523,2.7330588982236375,-3.5292509265314704
HOF ITEM
39.91874705360269
1.0188368098354221,0.6478160258680747,-4.354497502497619,0.17864562154710045,1.8513235516929323,-0.7298771419575605,6.2364571062998015,3.0,5.186141851940565,1.3232747518047692,1.643198252894858,4.491049923321189,0.7857201140574523,2.7330588982236375,-3.5292509265314704
HOF ITEM
39.92823222496269
1.0188368098354221,0.6478160258680747,-4.354497502497619,0.17864562154710045,1.8513235516929323,-0.7298771419575605,6.024492549485555,2.9169748482558537,5.186141851940565,1.3232747518047692,1.643198252894858,4.611563880893776,0.7857201140574523,2.7330588982236375,-3.5292509265314704
HOF ITEM
39.92823222496269
1.0188368098354221,0.6478160258680747,-4.354497502497619,0.17864562154710045,1.8513235516929323,-0.7298771419575605,6.024492549485555,3.0,5.186141851940565,1.3232747518047692,1.643198252894858,4.611563880893776,0.7857201140574523,2.7330588982236375,-3.5292509265314704
HOF ITEM
39.92823222496269
1.0188368098354221,0.6478160258680747,-4.354497502497619,0.17864562154710045,1.8513235516929323,-0.7298771419575605,6.2364571062998015,3.0,5.252092741150528,1.3232747518047692,1.643198252894858,4.611563880893776,0.7857201140574523,2.7330588982236375,-3.5292509265314704
seed 278
Initial fitness values: [np.float64(48.939934017173535), np.float64(48.52561816996675), np.float64(48.44352016815168), np.float64(46.61837661592123), np.float64(46.61837661592123), np.float64(44.66353639845081), np.float64(44.66353639845081), np.float64(43.930012273276766), np.float64(43.906778034720986), np.float64(43.65485920487309)]
Final fitness values: [np.float64(40.97175563636644), np.float64(40.97175561985073), np.float64(40.97160886242389), np.float64(40.971606593681514), np.float64(40.971606593681514), np.float64(40.971606593681514), np.float64(40.97127211782257), np.float64(40.97127211782257), np.float64(40.97126985530221), np.float64(40.9710918608013)]
HOF ITEM
40.9710918608013
-2.8215538506628706,1.5814713393784063,3.2798705884883206,0.14944729787223013,-0.6028591888288162,3.1050369238488944,4.7309635357103925,0.0,-7.0,5.207245023169248,1.1467416724350767,-2.4311387323129345,-1.683528058564272,3.0,-3.2692563402727206
HOF ITEM
40.97126985530221
-2.8215538506628706,1.5814713393784063,3.2798237572198436,0.14944729787223013,-0.6028591888288162,3.1050369238488944,4.8371242345191,0.0,-7.0,4.648422903029838,1.1467416724350767,-2.6589088594990073,-1.683528058564272,3.0,-3.2692563402727206
HOF ITEM
40.97126985557356
-2.8215538506628706,1.5814713393784063,3.2798237572198436,0.14944729787223013,-0.6028591888288162,3.1050369238488944,4.8371242345191,0.0,-7.0,4.648422903029838,1.1467416724350767,-2.4311387323129345,-1.683528058564272,3.0,-3.2692563402727206
HOF ITEM
40.97126986696456
-2.8215538506628706,1.5814713393784063,3.2798237572198436,0.14944729787223013,-0.6028591888288162,3.1050369238488944,4.8371242345191,0.0,-7.0,5.207245023169248,1.1467416724350767,-2.6589088594990073,-1.683528058564272,3.0,-3.2692563402727206
HOF ITEM
40.97126986701133
-2.8215538506628706,1.5814713393784063,3.2798237572198436,0.14944729787223013,-0.6028591888288162,3.1050369238488944,4.8371242345191,0.0,-7.0,5.207245023169248,1.1467416724350767,-2.4311387323129345,-1.683528058564272,3.0,-3.2692563402727206
seed 279
Initial fitness values: [np.float64(50.59467698340145), np.float64(47.30779841275325), np.float64(47.30779841275325), np.float64(46.08842345049883), np.float64(46.08842345049883), np.float64(45.36928340541717), np.float64(45.36928340541717), np.float64(45.36812249416847), np.float64(45.30409808652079), np.float64(44.89347200305001)]
Final fitness values: [np.float64(44.24195940299191), np.float64(44.24179441617077), np.float64(44.24179441617077), np.float64(44.24179441617077), np.float64(44.24179043443166), np.float64(44.24179043443166), np.float64(44.24179043443166), np.float64(44.24179043443166), np.float64(44.24179043443166), np.float64(44.24179043443166)]
HOF ITEM
44.24179043443166
6.9304114461843165,-1.6781479278343394,-4.5647659991184995,-5.906141180656175,0.7387055817270293,4.655555853133341,1.3276566050739196,2.4084222296337257,6.097207084315314,5.5799750506081685,0.3929557172076168,-2.0631122283219705,3.5452590205883405,0.0,-1.976755864530718
HOF ITEM
44.24179109221227
6.9304114461843165,-1.6781479278343394,-4.5647659991184995,-5.906141180656175,0.7387055817270293,4.655555853133341,1.3276566050739196,2.4084222296337257,6.097207084315314,5.5799750506081685,0.3929557172076168,-2.0631122283219705,3.3942135788129577,0.0,-1.976755864530718
HOF ITEM
44.24179133355097
6.9304114461843165,-1.6781479278343394,-4.5647659991184995,-5.906141180656175,0.7387055817270293,4.655555853133341,1.3276566050739196,2.4084222296337257,6.097207084315314,5.5799750506081685,0.3929557172076168,-2.0631122283219705,3.5452590205883405,0.0,-2.60517366273632
HOF ITEM
44.241792215723876
6.9304114461843165,-1.6781479278343394,-4.5647659991184995,-5.906141180656175,0.7387055817270293,4.655555853133341,1.3276566050739196,2.4084222296337257,6.097207084315314,5.5799750506081685,0.3929557172076168,-2.0631122283219705,3.3942135788129577,0.0,-2.60517366273632
HOF ITEM
44.24179259599255
6.9304114461843165,-1.6781479278343394,-4.5647659991184995,-5.906141180656175,0.7387055817270293,4.655555853133341,1.3276566050739196,2.4084222296337257,6.097207084315314,5.5799750506081685,0.3929557172076168,-2.0631122283219705,3.0769278836593332,0.0,-1.976755864530718
best parameter set
fitness 37.69412140054032 seed 272
2.6550011396867856,-0.02800512842877681,5.990139560025239,-2.827709789464026,0.9974400632034217,3.6615881969973008,3.5326285337163186,2.7333129104458065,-4.985723639359175,1.255798403056262,3.0,-0.5180918826427148,-3.64208846863686,2.146840742500059,2.3700019324325217
