seeds are [750 751 752 753 754 755 756 757 758 759]
seed 750
Initial fitness values: [np.float64(50.30252403907677), np.float64(50.30252403907677), np.float64(44.86274595156352), np.float64(44.86274595156352), np.float64(43.348771532747406), np.float64(43.21257816068198), np.float64(43.21257816068198), np.float64(41.85071301539771), np.float64(41.85071301539771), np.float64(41.81404495391988)]
Final fitness values: [np.float64(40.641854329822856), np.float64(40.641854329822856), np.float64(40.641854329822856), np.float64(40.63314505388744), np.float64(40.63314505388744), np.float64(40.63314505388744), np.float64(40.63314505388744), np.float64(40.63314505388744), np.float64(40.63314505388744), np.float64(40.63314505388744)]
HOF ITEM
40.63314505388744
-2.480866952574398,1.5506498690535737,-0.560359781457617,-3.378562759209446,-3.8543736238705324,-3.506215250225521,-6.181474629228916,0.0,-0.9993739920290108,1.7700291608125363,1.3878542629230408,-3.838739908172077,-1.2637952325486492,2.895904575157578,-0.920166980087232
HOF ITEM
40.63314505509319
-2.480866952574398,1.5506498690535737,-0.560359781457617,-3.378562759209446,-3.8543736238705324,-3.506215250225521,-6.181474629228916,0.0,-0.9993739920290108,1.7700291608125363,1.3878542629230408,-3.770417641899769,-1.2637952325486492,2.895904575157578,-0.920166980087232
HOF ITEM
40.633248079504085
-2.480866952574398,1.5506498690535737,-0.560359781457617,-3.378562759209446,-3.8543736238705324,-3.506215250225521,-6.181474629228916,0.0,-0.9993739920290108,1.8849420592149335,1.2333509273824979,-3.9977431787004485,-1.2637952325486492,2.895904575157578,-0.920166980087232
HOF ITEM
40.63334608030009
-2.480866952574398,1.5506498690535737,-0.560359781457617,-3.378562759209446,-3.8543736238705324,-3.506215250225521,-6.181474629228916,0.0,-0.9993739920290108,1.7700291608125363,1.2149443205214379,-3.770417641899769,-1.2637952325486492,2.895904575157578,-0.920166980087232
HOF ITEM
40.63334639211776
-2.480866952574398,1.5506498690535737,-0.560359781457617,-3.378562759209446,-3.8543736238705324,-3.506215250225521,-6.181474629228916,0.0,-0.9993739920290108,1.7700291608125363,1.2149443205214379,-3.838739908172077,-1.2637952325486492,2.895904575157578,-0.920166980087232
seed 751
Initial fitness values: [np.float64(52.14096133904713), np.float64(44.92992098983059), np.float64(43.986841189133266), np.float64(43.57870947879252), np.float64(42.954674838466666), np.float64(42.460926701997685), np.float64(42.41462001113003), np.float64(41.687359813465434), np.float64(41.687359813465434), np.float64(41.562002014053775)]
Final fitness values: [np.float64(37.08829509928203), np.float64(37.08829509928203), np.float64(37.08829509928203), np.float64(37.07778970293019), np.float64(37.07778970293019), np.float64(37.07778970293019), np.float64(37.077397172954505), np.float64(37.077397172954505), np.float64(37.077397172954505), np.float64(37.07739717293076)]
HOF ITEM
37.07739717293076
-3.4165108068739745,1.6092114409328901,2.407200230761929,-0.26402513903740593,1.74029219004698,3.824286983695278,2.3966481752908395,1.570539310108965,-1.3181615137708471,-2.1431296856166644,2.8009672064605633,-0.710405470348254,-4.115401159643129,2.2904306834714814,4.196435526475209
HOF ITEM
37.077397172954505
-3.4165108068739745,1.6092114409328901,2.407200230761929,-0.26402513903740593,1.74029219004698,3.824286983695278,2.3966481752908395,1.570539310108965,-1.2646060823054206,-2.1431296856166644,2.8009672064605633,-0.710405470348254,-4.115401159643129,2.2904306834714814,4.196435526475209
HOF ITEM
37.07739717363163
-3.4165108068739745,1.6092114409328901,2.407200230761929,-0.26402513903740593,1.74029219004698,3.824286983695278,2.5801741235858926,1.570539310108965,-1.2646060823054206,-2.1431296856166644,2.8009672064605633,-0.710405470348254,-4.115401159643129,2.2904306834714814,4.196435526475209
HOF ITEM
37.07739717396026
-3.4165108068739745,1.6092114409328901,2.407200230761929,-0.26402513903740593,1.74029219004698,3.824286983695278,2.3966481752908395,1.6729309635255611,-1.3181615137708471,-2.1431296856166644,2.8009672064605633,-0.710405470348254,-4.115401159643129,2.2904306834714814,4.196435526475209
HOF ITEM
37.077397174053274
-3.4165108068739745,1.6092114409328901,2.407200230761929,-0.26402513903740593,1.74029219004698,3.824286983695278,2.5801741235858926,1.6729309635255611,-1.3181615137708471,-2.1431296856166644,2.8009672064605633,-0.710405470348254,-4.115401159643129,2.2904306834714814,4.196435526475209
seed 752
Initial fitness values: [np.float64(51.60285211700024), np.float64(47.69521224860599), np.float64(47.410571870511674), np.float64(47.410571870511674), np.float64(47.282756618275414), np.float64(47.1303033616181), np.float64(47.10787236656776), np.float64(46.977124679859905), np.float64(46.89477210300562), np.float64(46.8716249908597)]
Final fitness values: [np.float64(46.68945009144426), np.float64(46.68945009144426), np.float64(46.68945009144426), np.float64(46.68945009144426), np.float64(46.68945009144426), np.float64(46.68945009144426), np.float64(46.68945009144426), np.float64(46.68945009144426), np.float64(46.68945009144426), np.float64(46.68945009144426)]
HOF ITEM
46.68945009144426
2.8040887902482283,0.05423189909904093,-1.462031240709524,-1.1491479272556397,4.979262976497906,-5.303784649781834,-6.633530158233584,0.37011805836541706,1.6672748084267086,-1.1442442190388646,2.4374364510673496,-3.4768265306742845,1.6929000597910964,1.409158837183007,-5.363917398236508
HOF ITEM
46.68945313874889
2.8040887902482283,0.05423189909904093,-1.462031240709524,-1.1491479272556397,4.979262976497906,-5.303784649781834,-6.633530158233584,0.36578989201817014,1.6672748084267086,-1.1442442190388646,2.4374364510673496,-3.4768265306742845,1.6929000597910964,1.409158837183007,-5.363917398236508
HOF ITEM
46.68967949856332
2.8040887902482283,0.05423189909904093,-1.462031240709524,-1.1491479272556397,4.979262976497906,-5.303784649781834,-6.633530158233584,0.37011805836541706,1.6672748084267086,-1.1442442190388646,2.4374364510673496,-3.4768265306742845,1.6929000597910964,1.409158837183007,-5.295801736037842
HOF ITEM
46.68968254586933
2.8040887902482283,0.05423189909904093,-1.462031240709524,-1.1491479272556397,4.979262976497906,-5.303784649781834,-6.633530158233584,0.36578989201817014,1.6672748084267086,-1.1442442190388646,2.4374364510673496,-3.4768265306742845,1.6929000597910964,1.409158837183007,-5.295801736037842
HOF ITEM
46.69068602617502
2.8040887902482283,0.05423189909904093,-1.462031240709524,-1.1491479272556397,5.002411965726294,-5.303784649781834,-6.633530158233584,0.37011805836541706,1.6672748084267086,-1.1442442190388646,2.4374364510673496,-3.4768265306742845,1.6929000597910964,1.409158837183007,-5.363917398236508
seed 753
Initial fitness values: [np.float64(49.31535909644918), np.float64(46.36480478238823), np.float64(45.98124684964709), np.float64(45.88210122551662), np.float64(45.77760029622019), np.float64(45.319625111173224), np.float64(45.26284294073557), np.float64(44.633974264613634), np.float64(44.50120132730837), np.float64(44.3293668573933)]
Final fitness values: [np.float64(42.37513981954467), np.float64(42.341281241010826), np.float64(42.341281241010826), np.float64(42.33919858913465), np.float64(42.33919858913465), np.float64(42.338833990767775), np.float64(42.333861719405604), np.float64(42.330038857891516), np.float64(42.273295296131934), np.float64(42.273295296131934)]
HOF ITEM
42.273295296131934
3.1094678522163792,-0.1813051698769833,2.663892710737334,-0.7446681978915431,-1.9996702754941214,0.8714341348437538,1.322429695654764,3.0,2.9674463357117067,4.009197676429527,0.9898244210384818,-2.0416015196896917,3.1302002751072244,2.902895207267871,-3.6504231036458563
HOF ITEM
42.330038857891516
3.1482817632810485,-0.1813051698769833,2.663892710737334,-0.7446681978915431,-2.3557416245275267,1.051517018163757,1.337441296658505,3.0,2.9674463357117067,4.009197676429527,1.2175249195720836,-1.828076096982534,2.9263045947870823,2.902895207267871,-3.480449519506216
HOF ITEM
42.330038857891516
3.1482817632810485,-0.1813051698769833,2.663892710737334,-0.7446681978915431,-2.3557416245275267,1.051517018163757,1.337441296658505,3.0,2.9674463357117067,4.009197676429527,1.2175249195720836,-1.828076096982534,3.1302002751072244,2.902895207267871,-3.480449519506216
HOF ITEM
42.333625056116766
3.1482817632810485,-0.1813051698769833,2.663892710737334,-0.7446681978915431,-2.4765762580786808,0.9627913161673951,1.337441296658505,3.0,2.9674463357117067,3.9378300068315917,1.2098313608563172,-1.4412880125850063,3.34611928035677,2.902895207267871,-3.480449519506216
HOF ITEM
42.333735193623646
3.1482817632810485,-0.1813051698769833,2.663892710737334,-0.7446681978915431,-2.4765762580786808,0.9627913161673951,1.337441296658505,3.0,2.9674463357117067,4.009197676429527,1.2175249195720836,-2.0416015196896917,3.1302002751072244,2.902895207267871,-3.480449519506216
seed 754
Initial fitness values: [np.float64(52.414747957533), np.float64(49.382391622945775), np.float64(44.56740112105593), np.float64(44.56740112105593), np.float64(44.46503523851873), np.float64(44.00904450581891), np.float64(43.84076816878345), np.float64(42.865703256484295), np.float64(42.865703256484295), np.float64(42.53821271210006)]
Final fitness values: [np.float64(38.87693315156474), np.float64(38.87693315156474), np.float64(38.87693315156474), np.float64(38.87693315156474), np.float64(38.87675415638015), np.float64(38.87675415638015), np.float64(38.87647569849702), np.float64(38.8753193541233), np.float64(38.8753193541233), np.float64(38.874863995586225)]
HOF ITEM
38.874863995586225
4.03652512207682,-0.45420162627087296,3.9102638878808964,5.994103759786258,0.9123681109249607,-3.9973041089849803,4.9159470717294615,2.433093392257357,-2.751045654636522,-7.0,1.641210589864962,6.559271920512698,1.332876823432321,3.0,-0.5075206249748935
HOF ITEM
38.8753193541233
4.03652512207682,-0.45420162627087296,3.9102638878808964,5.994103759786258,0.9123681109249607,-3.9973041089849803,4.9159470717294615,2.1275509305863327,-3.1649920983239954,-7.0,1.641210589864962,6.132611172550339,1.332876823432321,3.0,-0.5075206249748935
HOF ITEM
38.8753193541233
4.03652512207682,-0.45420162627087296,3.9102638878808964,5.994103759786258,0.9123681109249607,-3.9973041089849803,4.248902713207007,2.1275509305863327,-3.1649920983239954,-7.0,1.641210589864962,6.132611172550339,1.332876823432321,3.0,-0.5075206249748935
HOF ITEM
38.8753193541233
4.03652512207682,-0.45420162627087296,3.9102638878808964,5.994103759786258,0.9123681109249607,-3.9973041089849803,4.9159470717294615,2.433093392257357,-2.751045654636522,-7.0,1.641210589864962,6.132611172550339,1.332876823432321,3.0,-0.5075206249748935
HOF ITEM
38.876251233645014
4.03652512207682,-0.45420162627087296,3.9102638878808964,5.47844080939859,0.9123681109249607,-3.5556925846713,4.9159470717294615,2.1275509305863327,-2.9845391233080054,-7.0,1.641210589864962,6.864150680387276,1.332876823432321,3.0,-0.5075206249748935
seed 755
Initial fitness values: [np.float64(52.02185367315979), np.float64(50.725652754435714), np.float64(47.606156530577096), np.float64(47.23493354776441), np.float64(47.10435683214985), np.float64(45.16133278585581), np.float64(43.81096793996062), np.float64(42.91600754939987), np.float64(42.408061129837435), np.float64(41.923112982723985)]
Final fitness values: [np.float64(37.42363320725746), np.float64(37.42363320725746), np.float64(37.42363320725746), np.float64(37.422078397303586), np.float64(37.422078397303586), np.float64(37.40794098944035), np.float64(37.40794098944035), np.float64(37.40794098944035), np.float64(37.407902299123215), np.float64(37.40683605291679)]
HOF ITEM
37.40683605291679
-3.09680225708016,1.570373098045272,-0.6238698286299221,-1.258240221253693,0.570359977463764,-0.35983824619246313,-6.371617467977414,2.3543882241302403,-6.302080956551373,-1.9128433808288272,2.7896240288119505,-1.7378025922496723,3.5599885216488523,0.0,-2.3229394894776294
HOF ITEM
37.407902299123215
-3.09680225708016,1.570373098045272,-0.6238698286299221,-1.258240221253693,0.6356093900693757,-0.1838435355863097,-6.457967818920411,2.3543882241302403,-6.175480802187384,-1.9128433808288272,2.7896240288119505,-1.7378025922496723,3.515003023694275,0.13872522012421845,-2.4665306568693794
HOF ITEM
37.40794098944035
-3.09680225708016,1.570373098045272,-0.6238698286299221,-1.258240221253693,0.6356093900693757,-0.1838435355863097,-6.457967818920411,2.3543882241302403,-6.175480802187384,-1.9128433808288272,2.7897003782675838,-1.7378025922496723,3.515003023694275,0.13872522012421845,-2.4665306568693794
HOF ITEM
37.4083089084477
-3.09680225708016,1.570373098045272,-0.6238698286299221,-1.258240221253693,0.6356093900693757,-0.1838435355863097,-6.457967818920411,2.3543882241302403,-6.383747551103308,-1.9128433808288272,2.7896240288119505,-1.7378025922496723,3.515003023694275,0.13872522012421845,-2.4665306568693794
HOF ITEM
37.40834759517751
-3.09680225708016,1.570373098045272,-0.6238698286299221,-1.258240221253693,0.6356093900693757,-0.1838435355863097,-6.457967818920411,2.3543882241302403,-6.383747551103308,-1.9128433808288272,2.7897003782675838,-1.7378025922496723,3.515003023694275,0.13872522012421845,-2.4665306568693794
seed 756
Initial fitness values: [np.float64(54.86587757552499), np.float64(52.55586409877335), np.float64(51.0325194992752), np.float64(49.47688875074974), np.float64(48.17234282585126), np.float64(48.17234282585126), np.float64(47.70241905198893), np.float64(47.54486825103949), np.float64(47.05559612234175), np.float64(47.01019644084202)]
Final fitness values: [np.float64(41.76558839975731), np.float64(41.76558839975731), np.float64(41.76558839975731), np.float64(41.76558839975731), np.float64(41.76558839975731), np.float64(41.76558839975731), np.float64(41.76558839975731), np.float64(41.76558839975731), np.float64(41.76558839975731), np.float64(41.76558839975731)]
HOF ITEM
41.76558839975731
1.3380138093327103,1.062487968570142,2.8744842165273368,5.17319240872683,1.7736107516041741,1.238855402916386,5.824697804323523,2.028371958900791,-3.217671183203003,1.5514034344447163,0.8521698484185734,-2.1867089267742124,-0.059165987185183955,2.9671466487212816,1.879636719180693
HOF ITEM
41.76558839975731
1.3380138093327103,1.062487968570142,2.8744842165273368,5.17319240872683,1.7736107516041741,1.238855402916386,5.824697804323523,2.028371958900791,-3.1959234441722892,1.5514034344447163,0.8521698484185734,-2.1867089267742124,-0.059165987185183955,2.9671466487212816,1.879636719180693
HOF ITEM
41.76558839975731
1.3380138093327103,1.062487968570142,2.8744842165273368,5.17319240872683,1.7736107516041741,1.238855402916386,5.824697804323523,2.454150724287473,-3.1959234441722892,1.5514034344447163,0.8521698484185734,-2.1867089267742124,-0.059165987185183955,2.9671466487212816,1.879636719180693
HOF ITEM
41.76558839975731
1.3380138093327103,1.062487968570142,2.8744842165273368,5.17319240872683,1.7736107516041741,1.238855402916386,5.824697804323523,2.454150724287473,-3.217671183203003,1.5514034344447163,0.8521698484185734,-2.1867089267742124,-0.059165987185183955,2.9671466487212816,1.879636719180693
HOF ITEM
41.77886749097392
1.3380138093327103,1.062487968570142,3.12027716940299,5.473633092117309,1.7736107516041741,1.1847497199409358,5.824697804323523,2.028371958900791,-3.055489028055532,1.5514034344447163,0.8521698484185734,-2.1867089267742124,-0.059165987185183955,2.9671466487212816,1.879636719180693
seed 757
Initial fitness values: [np.float64(50.88030884664905), np.float64(50.618662364656394), np.float64(49.62168781288241), np.float64(49.4148737590726), np.float64(49.4148737590726), np.float64(49.028167052594185), np.float64(48.35256444627629), np.float64(48.02211386077656), np.float64(43.480457775394605), np.float64(43.26986502581)]
Final fitness values: [np.float64(38.8143376433076), np.float64(38.77900877977376), np.float64(38.77900877977376), np.float64(38.71915326961214), np.float64(38.71915326961214), np.float64(38.71915326961214), np.float64(38.71915326961214), np.float64(38.706694291345656), np.float64(38.706694291345656), np.float64(38.70177271722176)]
HOF ITEM
38.70177271722176
-6.310823803758224,1.5820479893916921,5.242074456424702,2.121648623423139,0.4024377983203928,2.141089229266162,-5.003046297238628,1.9130383081528204,3.0765349989727686,5.242118911952571,0.07870815706160252,-5.478199231837856,-3.714703844690607,0.7032521283839285,3.716812554473879
HOF ITEM
38.706694291345656
-6.310823803758224,1.5739452587966523,5.22979166093853,2.5639680792446318,0.34890291085103486,2.075976340934501,-5.003046297238628,1.9130383081528204,2.672816402452097,5.032823046503061,0.0,-6.0284822304968495,-3.6476068100572188,0.7032521283839285,3.6984594172887237
HOF ITEM
38.70678714537884
-6.310823803758224,1.5739452587966523,5.22979166093853,2.5639680792446318,0.34890291085103486,2.075976340934501,-5.003046297238628,1.9130383081528204,2.672816402452097,5.1754830290971565,0.0,-6.0284822304968495,-3.6476068100572188,0.7032521283839285,3.6984594172887237
HOF ITEM
38.719151302872426
-6.310823803758224,1.5739452587966523,5.242074456424702,2.5716452201688824,0.24867877773215724,2.075976340934501,-5.003046297238628,1.9130383081528204,2.672816402452097,5.1754830290971565,0.0,-5.608697263789889,-3.7480711033354535,0.7032521283839285,3.6984594172887237
HOF ITEM
38.71915326961214
-6.310823803758224,1.5739452587966523,5.242074456424702,2.5716452201688824,0.24867877773215724,2.075976340934501,-5.003046297238628,1.9130383081528204,2.672816402452097,5.1754830290971565,0.0,-5.90993584335311,-3.7480711033354535,0.7032521283839285,3.6984594172887237
seed 758
Initial fitness values: [np.float64(51.539663991553404), np.float64(51.06856468752585), np.float64(48.714410553840565), np.float64(47.959095795761144), np.float64(47.30579392622558), np.float64(46.43060666824832), np.float64(46.43060666824832), np.float64(46.43060666824832), np.float64(46.13167155895993), np.float64(45.853628418674)]
Final fitness values: [np.float64(43.65011978368006), np.float64(43.65011978368006), np.float64(43.65011978368006), np.float64(43.65011978368006), np.float64(43.65011978368006), np.float64(43.65011978368006), np.float64(43.65011978368006), np.float64(43.65011978368006), np.float64(43.65011978368006), np.float64(43.65011978368006)]
HOF ITEM
43.65011978368006
3.780236699039887,-0.9186474314128593,-2.121407333446863,2.619602079440318,6.929321692731633,4.962764389887667,1.536070105241196,3.0,-1.728242842564482,0.8285884910884014,1.868336404742886,-6.144996291223413,4.624503222665356,2.2939259045397256,-5.610774353561531
HOF ITEM
43.65011978368006
3.780236699039887,-0.9186474314128593,-2.121407333446863,2.619602079440318,6.929321692731633,4.962764389887667,1.536070105241196,3.0,-1.728242842564482,0.8285884910884014,1.868336404742886,-6.144996291223413,4.355548899224253,2.2939259045397256,-5.097952758870581
HOF ITEM
43.65011978368006
3.780236699039887,-0.9186474314128593,-2.121407333446863,2.619602079440318,6.929321692731633,4.962764389887667,1.536070105241196,3.0,-1.728242842564482,0.8285884910884014,1.868336404742886,-6.144996291223413,4.624503222665356,2.595719129506074,-5.097952758870581
HOF ITEM
43.65011978368006
3.780236699039887,-0.9186474314128593,-2.121407333446863,2.619602079440318,6.929321692731633,4.962764389887667,1.536070105241196,3.0,-1.728242842564482,0.8285884910884014,1.868336404742886,-6.144996291223413,4.624503222665356,2.595719129506074,-5.610774353561531
HOF ITEM
43.65011978368006
3.780236699039887,-0.9186474314128593,-2.121407333446863,2.619602079440318,6.929321692731633,4.962764389887667,1.536070105241196,3.0,-1.728242842564482,0.8285884910884014,1.868336404742886,-6.144996291223413,4.624503222665356,2.2939259045397256,-5.097952758870581
seed 759
Initial fitness values: [np.float64(49.980672095179735), np.float64(49.578693492099106), np.float64(47.670132918957975), np.float64(46.91010117999264), np.float64(46.474368588338464), np.float64(45.56384521265098), np.float64(45.484615902121156), np.float64(43.07670724060679), np.float64(43.07670724060679), np.float64(42.116297764591216)]
Final fitness values: [np.float64(38.693290400469415), np.float64(38.693290400216604), np.float64(38.693290400216604), np.float64(38.693290400216604), np.float64(38.693290400216604), np.float64(38.69266232874683), np.float64(38.692470924044166), np.float64(38.69190836953067), np.float64(38.69190836953067), np.float64(38.69178747229022)]
HOF ITEM
38.69178747229022
0.08434241982716495,1.156071844234901,-3.8139292881545,3.8632217630384456,4.344385840221159,-5.752693309323022,-1.0075684432282814,2.737047589665799,-4.381348568601347,4.32387186909096,2.1131080970767666,3.7124520748183496,0.7091148349526177,3.0,-0.581815413416799
HOF ITEM
38.69190836953067
0.08434241982716495,1.156071844234901,-3.8139292881545,3.8632217630384456,4.344385840221159,-5.752693309323022,-1.0075684432282814,2.737047589665799,-4.472251747243543,4.32387186909096,2.1131080970767666,3.7124520748183496,0.7091148349526177,3.0,-0.581815413416799
HOF ITEM
38.69190836953067
0.08434241982716495,1.156071844234901,-3.8139292881545,3.8632217630384456,4.344385840221159,-5.752693309323022,-1.0075684432282814,2.737047589665799,-4.472251747243543,4.32387186909096,2.190363915138344,3.7124520748183496,0.7091148349526177,3.0,-0.581815413416799
HOF ITEM
38.69190836953067
0.08434241982716495,1.156071844234901,-3.8139292881545,3.8632217630384456,4.344385840221159,-5.752693309323022,-1.0075684432282814,2.737047589665799,-4.472251747243543,4.862190410560036,2.190363915138344,3.7124520748183496,0.7091148349526177,3.0,-0.581815413416799
HOF ITEM
38.692470924044166
0.08434241982716495,1.156071844234901,-3.8139292881545,3.8632217630384456,4.344385840221159,-5.758469122095139,-1.0075684432282814,2.7681634729042583,-4.381348568601347,4.32387186909096,2.1131080970767666,3.80265722574322,0.7091148349526177,3.0,-0.581815413416799
best parameter set
fitness 36.935270998188805 seed 751
-3.411490933266619,1.592185049747128,2.407147760807199,-0.26408356851299736,1.7411921209483445,3.8234979665570923,2.3966481752908395,1.570539310108965,-1.3181615137708471,-2.147282107250005,2.8007606421603914,-0.707438686104321,-4.115402123267593,2.2904312596342837,4.196447348970785
