seeds are [350 351 352 353 354 355 356 357 358 359]
seed 350
Initial fitness values: [np.float64(27.7381804829507), np.float64(26.799750712911262), np.float64(26.632413920114857), np.float64(24.799479763787303), np.float64(24.799479763787303), np.float64(23.68262771908945), np.float64(23.68262771908945), np.float64(23.421643024044965), np.float64(23.209889646766335), np.float64(23.209889646766335)]
Final fitness values: [np.float64(22.77607510345865), np.float64(22.77607510345865), np.float64(22.77607510345865), np.float64(22.77607510345865), np.float64(22.737265643203038), np.float64(22.737265643203038), np.float64(22.737265643203038), np.float64(22.737250260440717), np.float64(22.737250260440717), np.float64(22.737250260440717)]
HOF ITEM
22.737250260440717
6.5411681353260445,-1.5884966791012696,6.16215891197921,1.0373739266410944,-1.0610624914957296,4.964279447598968,1.359575710535257,3.0,4.23043178063602,3.7936747735942733,0.0,-4.827508615414647,6.242447464590555,0.0,-1.5071744450723548
HOF ITEM
22.737265643203038
6.5411681353260445,-1.5884966791012696,6.16215891197921,1.0373739266410944,-1.0610624914957296,4.964279447598968,1.359575710535257,3.0,4.23043178063602,3.7936747735942733,0.0,-4.827508615414647,5.9602853558136495,0.0,-1.5071744450723548
HOF ITEM
22.737267960229378
6.5411681353260445,-1.5884966791012696,6.16215891197921,1.0373739266410944,-1.0610624914957296,4.964279447598968,1.359575710535257,3.0,4.23043178063602,3.7936747735942733,0.0,-4.827508615414647,5.9602853558136495,0.0,-1.6435689105898306
HOF ITEM
22.737273549230267
6.5411681353260445,-1.5884966791012696,6.16215891197921,1.0373739266410944,-1.1877622434610653,4.907914052511038,1.359575710535257,3.0,4.23043178063602,3.7936747735942733,0.0,-4.752615374547262,5.9602853558136495,0.2542766995568025,-1.5576941672365452
HOF ITEM
22.737559432928304
6.5411681353260445,-1.5884966791012696,6.16215891197921,1.0373739266410944,-1.0610624914957296,5.334583138189149,1.359575710535257,3.0,4.23043178063602,3.7936747735942733,0.0,-4.650632911849003,5.9602853558136495,0.0,-1.5071744450723548
seed 351
Initial fitness values: [np.float64(27.545261235062945), np.float64(25.840451835537447), np.float64(24.05510890175357), np.float64(24.05510890175357), np.float64(23.90228962271111), np.float64(23.448354326934556), np.float64(23.448354326934556), np.float64(22.708226961221204), np.float64(22.449835479287945), np.float64(22.3680749287642)]
Final fitness values: [np.float64(20.637571418346788), np.float64(20.480355718353124), np.float64(20.476072881279546), np.float64(20.472713636625272), np.float64(20.472713636625272), np.float64(20.47159424215401), np.float64(20.46953905882948), np.float64(20.46953905882948), np.float64(20.36728696415299), np.float64(20.36728696415299)]
HOF ITEM
20.36728696415299
-1.5856637740227637,1.4691126190328827,-3.1246604877525446,2.0487491697544473,-3.439294083076795,-4.747651075664258,4.905355493145928,2.729274070627808,-2.187163205253978,-0.44377478891675265,3.0,-0.4793614128756616,-4.210164097638166,2.801850319029838,2.957992529342298
HOF ITEM
20.373417136468067
-1.5856637740227637,1.4691126190328827,-3.1246604877525446,2.0487491697544473,-3.439294083076795,-4.747651075664258,4.905355493145928,2.729274070627808,-2.187163205253978,-0.44377478891675265,3.0,-0.4793614128756616,-4.210164097638166,2.801850319029838,2.8372072708252114
HOF ITEM
20.460774758748443
-1.5856637740227637,1.4691126190328827,-2.7790552718592267,2.2490340144773615,-3.5462919265893174,-4.747651075664258,4.905355493145928,2.729274070627808,-2.187163205253978,-0.44422966922412893,3.0,-0.454754247244966,-4.210164097638166,2.801850319029838,2.8372072708252114
HOF ITEM
20.46222327250895
-1.5856637740227637,1.4691126190328827,-2.7790552718592267,2.2490340144773615,-3.5462919265893174,-4.697945421793919,4.905355493145928,2.729274070627808,-2.187163205253978,-0.44422966922412893,3.0,-0.454754247244966,-4.210164097638166,2.801850319029838,2.8372072708252114
HOF ITEM
20.462568590512536
-1.5856637740227637,1.4691126190328827,-2.7790552718592267,2.2490340144773615,-3.5462919265893174,-4.747651075664258,4.905355493145928,2.729274070627808,-2.187163205253978,-0.44422966922412893,3.0,-0.454754247244966,-4.210164097638166,2.801850319029838,2.701928515623699
seed 352
Initial fitness values: [np.float64(24.701679980639177), np.float64(24.701679980639177), np.float64(22.86401910622767), np.float64(22.86380057664659), np.float64(22.7949918983916), np.float64(22.73839999249353), np.float64(22.73752874661468), np.float64(22.73719748146564), np.float64(22.737056297490497), np.float64(22.737056297490497)]
Final fitness values: [np.float64(20.644002059258455), np.float64(20.644002056686485), np.float64(20.643965414811156), np.float64(20.643958611615354), np.float64(20.64386271247893), np.float64(20.64386271247893), np.float64(20.643802445265415), np.float64(20.643736682658247), np.float64(20.643736682658247), np.float64(20.643736682098208)]
HOF ITEM
20.643736682098208
-5.4958036540428745,1.5835988973645905,-5.654649159564651,4.814882412279605,-2.6878729303143434,6.2117095031489376,5.689499383837433,1.1808430253965008,-2.6922028989226416,-4.222216739865675,2.1191969764307745,-0.47279800029548946,-4.992550327614706,2.951769707184906,7.0
HOF ITEM
20.643736682658247
-5.4958036540428745,1.5835988973645905,-5.654649159564651,4.814882412279605,-2.6878729303143434,6.411661885852305,5.165162993621894,1.0553513498106006,-2.6922028989226416,-4.222216739865675,2.1191969764307745,-0.47279800029548946,-5.283500985752524,3.0,7.0
HOF ITEM
20.643736682658247
-5.4958036540428745,1.5835988973645905,-5.654649159564651,4.814882412279605,-2.6878729303143434,6.411661885852305,5.165162993621894,1.0553513498106006,-2.6922028989226416,-4.222216739865675,2.1191969764307745,-0.47279800029548946,-5.567422583543306,3.0,7.0
HOF ITEM
20.643736682658247
-5.4958036540428745,1.5835988973645905,-5.654649159564651,4.814882412279605,-2.6878729303143434,6.411661885852305,5.165162993621894,1.0553513498106006,-2.6922028989226416,-4.222216739865675,2.1191969764307745,-0.47279800029548946,-4.992550327614706,2.951769707184906,7.0
HOF ITEM
20.643736682658336
-5.4958036540428745,1.5835988973645905,-5.654649159564651,4.814882412279605,-2.6878729303143434,6.411661885852305,5.165162993621894,1.0553513498106006,-2.6414071791356726,-4.222216739865675,2.1191969764307745,-0.47279800029548946,-4.992550327614706,2.951769707184906,7.0
seed 353
Initial fitness values: [np.float64(25.77733608086248), np.float64(25.77733608086248), np.float64(24.583059952900626), np.float64(24.502975971211207), np.float64(23.881719271800993), np.float64(23.709046460399087), np.float64(23.297726075457323), np.float64(23.297726075457323), np.float64(22.953038842060554), np.float64(22.953038842060554)]
Final fitness values: [np.float64(19.530729798542737), np.float64(19.530729798542737), np.float64(19.530729798542737), np.float64(19.52722332706833), np.float64(19.52722332706833), np.float64(19.524977130636255), np.float64(19.52247971562185), np.float64(19.52247971562185), np.float64(19.52023351918978), np.float64(19.52023351918978)]
HOF ITEM
19.52023351918978
2.6849997035971165,-0.3447168260436078,2.5238406428629965,2.6494112368681075,2.8224408800063325,2.4777500511528823,0.028702920871212442,3.0,-2.350235493679454,0.6931687600188468,0.5304464124825115,-3.582434509724501,-7.0,1.6449808992742296,0.30840578678541375
HOF ITEM
19.52247971562185
2.6849997035971165,-0.3447168260436078,2.5238406428629965,2.6494112368681075,2.8224408800063325,2.4777500511528823,0.028702920871212442,3.0,-2.350235493679454,0.6931687600188468,0.5304464124825115,-3.582434509724501,-7.0,1.6365299847362944,0.30840578678541375
HOF ITEM
19.524977130636255
2.6849997035971165,-0.3447168260436078,2.5238406428629965,2.6494112368681075,2.8224408800063325,2.4777500511528823,0.028702920871212442,2.9555298505199787,-2.350235493679454,0.6931687600188468,0.5304464124825115,-3.582434509724501,-7.0,1.6449808992742296,0.30840578678541375
HOF ITEM
19.52722332706833
2.6849997035971165,-0.3447168260436078,2.5238406428629965,2.6494112368681075,2.8224408800063325,2.4777500511528823,0.028702920871212442,2.9555298505199787,-2.350235493679454,0.6931687600188468,0.5304464124825115,-3.582434509724501,-7.0,1.6365299847362944,0.30840578678541375
HOF ITEM
19.530729798542737
2.6849997035971165,-0.3447168260436078,2.5238406428629965,2.6494112368681075,2.8224408800063325,2.4478606711963526,0.028702920871212442,3.0,-2.350235493679454,0.6931687600188468,0.5304464124825115,-3.6256733204100824,-7.0,1.6449808992742296,0.30840578678541375
seed 354
Initial fitness values: [np.float64(26.11035994762013), np.float64(25.667701545271328), np.float64(25.53155309748518), np.float64(24.681778634968822), np.float64(23.868045399268528), np.float64(23.868045399268528), np.float64(23.74545670052776), np.float64(22.840313185436752), np.float64(22.75050679628271), np.float64(22.57341865166731)]
Final fitness values: [np.float64(20.584838483040162), np.float64(20.584838483040162), np.float64(20.584838483040162), np.float64(20.584838483040162), np.float64(20.584838483040162), np.float64(20.584838483040162), np.float64(20.584838483040162), np.float64(20.584838483040162), np.float64(20.584838483040162), np.float64(20.584838483040162)]
HOF ITEM
20.584838483040162
-4.04199119930328,1.5987788801463152,-3.7191250209294835,-2.5223887862877232,2.041999093293064,2.163710994485521,-2.7093246591890154,2.5345278328288776,4.035705563035351,6.531058105222012,0.4413911955986669,-1.8131812483224903,-7.0,1.7927124523973519,-1.7232309264722128
HOF ITEM
20.58483853523661
-4.04199119930328,1.5987788801463152,-3.7191250209294835,-2.5223887862877232,2.041999093293064,2.163710994485521,-2.7093246591890154,2.5345278328288776,4.035705563035351,6.531058105222012,0.4413911955986669,-2.2843259072975837,-7.0,1.7927124523973519,-1.7232309264722128
HOF ITEM
20.58483865319649
-4.04199119930328,1.5987788801463152,-3.7191250209294835,-2.5223887862877232,2.041999093293064,2.163710994485521,-2.7093246591890154,2.5345278328288776,4.035705563035351,6.393356848835137,0.4413911955986669,-1.8131812483224903,-7.0,1.7927124523973519,-1.7232309264722128
HOF ITEM
20.584848744782942
-4.04199119930328,1.5987788801463152,-3.7191250209294835,-2.5223887862877232,2.041999093293064,2.163710994485521,-2.7093246591890154,2.5345278328288776,4.035705563035351,6.531058105222012,0.19455888659964665,-1.8131812483224903,-7.0,1.7927124523973519,-1.7232309264722128
HOF ITEM
20.584849548568965
-4.04199119930328,1.5987788801463152,-3.7191250209294835,-2.5223887862877232,2.041999093293064,2.163710994485521,-2.7093246591890154,2.5345278328288776,4.035705563035351,6.531058105222012,0.19455888659964665,-2.2843259072975837,-7.0,1.7927124523973519,-1.7232309264722128
seed 355
Initial fitness values: [np.float64(27.177776545692087), np.float64(26.482222467936182), np.float64(25.585940476919095), np.float64(25.10165683399237), np.float64(24.760742564720832), np.float64(24.098331530097397), np.float64(24.098331530097397), np.float64(24.07005101311756), np.float64(24.019096882227455), np.float64(23.99873217300424)]
Final fitness values: [np.float64(22.659979970230015), np.float64(22.659979970230015), np.float64(22.590840299721215), np.float64(22.590840299721215), np.float64(22.590840299721215), np.float64(22.590826971688184), np.float64(22.57840212493776), np.float64(22.57840212493776), np.float64(22.57840212493776), np.float64(22.486286214608285)]
HOF ITEM
22.486286214608285
5.471323823617284,-0.6950357939779743,-4.231950925813969,-2.1044621836167563,-5.750478992159408,3.577630653316124,1.778895042686156,2.960105801779153,-3.4555607336866063,1.6633154303549122,2.057735351525841,-3.3708468829468923,-5.33941591997452,0.0,1.9161050390862746
HOF ITEM
22.57430367557109
5.686599079775739,-0.6950357939779743,-4.390042076185793,-2.1044621836167563,-5.7396206958419205,3.1720468828285364,1.778895042686156,2.960105801779153,-3.702618161189242,1.6862042927481788,2.174532720604126,-2.9493787040649253,-5.35934370598098,0.3359481081555391,1.606703322600635
HOF ITEM
22.57840212493776
5.606802633230017,-0.6950357939779743,-4.231950925813969,-2.1044621836167563,-5.750478992159408,3.269114785494816,1.778895042686156,2.960105801779153,-3.537670720559447,1.6862042927481788,2.057735351525841,-3.4103937693603923,-5.33941591997452,0.3359481081555391,1.9161050390862746
HOF ITEM
22.578404874031442
5.606802633230017,-0.6950357939779743,-4.231950925813969,-2.1044621836167563,-5.750478992159408,3.269114785494816,1.778895042686156,2.960105801779153,-3.537670720559447,1.6862042927481788,2.057735351525841,-3.4103937693603923,-5.33941591997452,0.3359481081555391,1.230242072087278
HOF ITEM
22.579718114033835
5.606802633230017,-0.6950357939779743,-4.231950925813969,-2.1044621836167563,-5.750478992159408,3.269114785494816,1.778895042686156,2.960105801779153,-3.54387854292692,1.6862042927481788,2.057735351525841,-3.4103937693603923,-5.33941591997452,0.3359481081555391,1.9161050390862746
seed 356
Initial fitness values: [np.float64(27.35717373979351), np.float64(26.15090556061306), np.float64(24.806497494419975), np.float64(24.583095966802997), np.float64(23.89829619764834), np.float64(22.760319535484943), np.float64(22.760319535484943), np.float64(22.74299066777201), np.float64(22.74299066777201), np.float64(22.737491569501387)]
Final fitness values: [np.float64(20.74624148563713), np.float64(20.703328262395033), np.float64(20.719539449932128), np.float64(20.671506710638802), np.float64(20.715474132882317), np.float64(20.577098747680303), np.float64(20.577098747680303), np.float64(20.577098747680303), np.float64(20.571830466648585), np.float64(20.565702328039674)]
HOF ITEM
20.565702328039674
-4.4370903322383555,1.5625277083568294,0.45464268552128817,-4.274768817696545,2.6817504573616904,3.4310998650942457,-3.268129073838962,2.4391175398620177,4.262288386809894,-6.792783762502469,2.3855431554542483,-1.4923383885122674,6.728915410143607,1.087484296858532,0.35034060895492547
HOF ITEM
20.5670929771432
-4.4370903322383555,1.682237101758705,0.45464268552128817,-4.2591878420162566,2.6817504573616904,3.8371733716092673,-3.2341261359630487,2.4391175398620177,4.262288386809894,-6.792783762502469,2.3855431554542483,-1.4923383885122674,6.728915410143607,1.1758404818361816,0.35034060895492547
HOF ITEM
20.571830466648585
-4.4370903322383555,1.682237101758705,0.45464268552128817,-4.2591878420162566,2.6817504573616904,3.644499529905954,-3.1393848982408006,2.4391175398620177,4.262288386809894,-7.0,2.3855431554542483,-1.4923383885122674,6.629030451269376,0.7796831231946688,0.35034060895492547
HOF ITEM
20.574107263025518
-4.4370903322383555,1.5625277083568294,0.45464268552128817,-4.274768817696545,2.6817504573616904,3.4257524836713324,-3.1393848982408006,2.4391175398620177,4.262288386809894,-6.792783762502469,2.3855431554542483,-1.4923383885122674,6.728915410143607,1.1758404818361816,0.7246779274134307
HOF ITEM
20.57589403688851
-4.4370903322383555,1.682237101758705,0.45464268552128817,-4.2591878420162566,2.6817504573616904,3.4310998650942457,-3.268129073838962,2.4391175398620177,4.262288386809894,-6.792783762502469,2.3855431554542483,-1.4923383885122674,6.728915410143607,1.1758404818361816,0.35034060895492547
seed 357
Initial fitness values: [np.float64(28.86547761076525), np.float64(25.44274280827222), np.float64(24.39429916587851), np.float64(24.162602973663265), np.float64(24.114369817268567), np.float64(24.09724619237118), np.float64(24.07375199650399), np.float64(24.040714936224255), np.float64(23.950700916134213), np.float64(23.897554229450346)]
Final fitness values: [np.float64(23.5130502312515), np.float64(23.5130502312515), np.float64(23.5130502312515), np.float64(23.51297951509251), np.float64(23.51297951509251), np.float64(23.50760668815537), np.float64(23.50760668815537), np.float64(23.50760668815537), np.float64(23.50608304267843), np.float64(23.50608304267843)]
HOF ITEM
23.50608304267843
6.248056277799332,-0.7783259658435631,5.213297833083858,4.085477125692168,-4.498546003948402,3.80402020241786,2.7341815316879208,0.47159718763129277,-4.365465398853693,1.7672896273566188,1.8127163271459468,-4.8116254237582385,-4.379826078211913,0.1755664726789413,5.882051792366995
HOF ITEM
23.506215722986976
6.248056277799332,-0.7783259658435631,5.213297833083858,4.085477125692168,-4.498546003948402,3.80402020241786,2.7341815316879208,0.47159718763129277,-4.619983421247528,1.7672896273566188,1.8127163271459468,-4.8116254237582385,-4.379826078211913,0.1755664726789413,5.882051792366995
HOF ITEM
23.506501869606588
6.248056277799332,-0.7783259658435631,5.213297833083858,4.085477125692168,-4.957372338370629,3.1831261558800925,2.7341815316879208,0.47159718763129277,-4.619983421247528,1.7672896273566188,1.8127163271459468,-4.8116254237582385,-4.379826078211913,0.1755664726789413,5.788523294480286
HOF ITEM
23.50719028496707
6.248056277799332,-0.7783259658435631,5.213297833083858,4.085477125692168,-4.498546003948402,2.9713550551500454,2.7341815316879208,0.47159718763129277,-4.605114208050369,1.7672896273566188,1.8127163271459468,-4.912819967310666,-4.742162164774128,0.1755664726789413,5.558480150393241
HOF ITEM
23.507345691601454
6.248056277799332,-0.7783259658435631,5.213297833083858,4.085477125692168,-4.498546003948402,3.2664979075866567,2.7341815316879208,0.47159718763129277,-4.619983421247528,1.7672896273566188,1.8127163271459468,-4.8116254237582385,-4.379826078211913,0.15291079710567831,6.143378049269273
seed 358
Initial fitness values: [np.float64(26.156717756023873), np.float64(24.007388089171258), np.float64(22.924629039263955), np.float64(22.742168565935046), np.float64(22.742168565935046), np.float64(22.74216352417062), np.float64(22.74216352417062), np.float64(22.742163522980672), np.float64(22.73997561291882), np.float64(22.73997561291882)]
Final fitness values: [np.float64(20.500567063120002), np.float64(20.50056703665767), np.float64(20.50056703665767), np.float64(20.50056703665767), np.float64(20.50056703665767), np.float64(20.50056703665767), np.float64(20.50056703665767), np.float64(20.50056703665767), np.float64(20.50056703665767), np.float64(20.50056703665767)]
HOF ITEM
20.50056703665767
-4.784173805897571,1.8289179588071636,1.0840685387865063,1.9301092637507893,2.3118115536919235,0.8237404326648754,-7.0,2.29618193843833,0.9486787656494624,2.7960942657612393,1.672981662870272,-6.497031331575141,-4.356892597023164,2.355871810253733,-0.4763633003311274
HOF ITEM
20.50056703665767
-4.784173805897571,1.8289179588071636,1.0840685387865063,1.9301092637507893,2.3118115536919235,0.8237404326648754,-6.962072484562354,2.29618193843833,0.9486787656494624,2.7960942657612393,1.672981662870272,-6.534763074509752,-4.356892597023164,2.355871810253733,-0.4763633003311274
HOF ITEM
20.50056703665767
-4.784173805897571,1.8289179588071636,1.0840685387865063,1.9301092637507893,2.3118115536919235,0.8237404326648754,-7.0,2.29618193843833,0.9486787656494624,2.7960942657612393,1.672981662870272,-6.534763074509752,-4.356892597023164,2.355871810253733,-0.4763633003311274
HOF ITEM
20.500567063120002
-4.784173805897571,1.8289179588071636,1.0840685387865063,1.9301092637507893,2.3118115536919235,0.8237404326648754,-6.962072484562354,2.29618193843833,0.9486787656494624,2.7960942657612393,1.1800640835132004,-6.497031331575141,-4.356892597023164,2.355871810253733,-0.4763633003311274
HOF ITEM
20.500567063120002
-4.784173805897571,1.8289179588071636,1.0840685387865063,1.9301092637507893,2.3118115536919235,0.8237404326648754,-7.0,2.29618193843833,0.9486787656494624,2.7960942657612393,1.1800640835132004,-6.497031331575141,-4.356892597023164,2.355871810253733,-0.4763633003311274
seed 359
Initial fitness values: [np.float64(23.516106127712153), np.float64(23.516106127712153), np.float64(22.728068343559006), np.float64(22.593851792808984), np.float64(22.103057627818586), np.float64(21.9898509020294), np.float64(21.918537883013308), np.float64(21.67162968882429), np.float64(21.455353507189866), np.float64(21.168309225214326)]
Final fitness values: [np.float64(19.23836711994433), np.float64(19.23836711994433), np.float64(19.23836711994433), np.float64(19.23836711994433), np.float64(19.23836711994433), np.float64(19.23836711994433), np.float64(19.23836711994433), np.float64(19.23836711994433), np.float64(19.23836711994433), np.float64(19.23836711994433)]
HOF ITEM
19.23836711994433
-1.8032989084700533,1.550135899264974,0.5054897276532572,1.9830636689353744,-1.6335027998643512,-5.3695837740092065,-2.657512812490033,2.8896848359112193,-2.650477541039885,-0.8057475296542027,2.726703815803689,-3.236720581165316,2.7684464636108808,1.1543778863795855,4.985247102605516
HOF ITEM
19.238374564653178
-1.8032989084700533,1.550135899264974,0.5054897276532572,1.9830636689353744,-1.701588487203478,-5.437835728586614,-2.657512812490033,2.8896848359112193,-2.650477541039885,-0.8057475296542027,2.726703815803689,-3.236720581165316,2.7684464636108808,1.1543778863795855,4.985247102605516
HOF ITEM
19.23837512727214
-1.8032989084700533,1.550135899264974,0.5054897276532572,1.9830636689353744,-1.701588487203478,-5.437835728586614,-2.9547424074556368,2.8896848359112193,-2.650477541039885,-0.8057475296542027,2.726703815803689,-3.236720581165316,2.7684464636108808,1.1543778863795855,4.985247102605516
HOF ITEM
19.23869436951423
-1.8032989084700533,1.550135899264974,0.5054897276532572,1.9830636689353744,-1.6335027998643512,-5.3695837740092065,-2.657512812490033,2.8896848359112193,-2.650477541039885,-0.8057475296542027,2.726703815803689,-3.236720581165316,2.7684464636108808,1.1562514592004003,4.985247102605516
HOF ITEM
19.238701872609504
-1.8032989084700533,1.550135899264974,0.5054897276532572,1.9830636689353744,-1.701588487203478,-5.437835728586614,-2.657512812490033,2.8896848359112193,-2.650477541039885,-0.8057475296542027,2.726703815803689,-3.236720581165316,2.7684464636108808,1.1562514592004003,4.985247102605516
best parameter set
fitness 19.13773764992161 seed 359
-1.8026057900430263,1.5142687721632047,0.5125739488373053,1.9759813677557425,-1.635504624803245,-5.367610492622132,-2.6575131202388436,2.8896843777332117,-2.6469297055666345,-0.8120546005256565,2.755028457704289,-3.2488882709571443,2.7675981533447462,1.152109856223369,4.985514962218902
