seeds are [260 261 262 263 264 265 266 267 268 269]
seed 260
Initial fitness values: [np.float64(49.31872692324091), np.float64(48.385598423949205), np.float64(48.385598423949205), np.float64(46.05641576814465), np.float64(46.05641576814465), np.float64(46.05641576814465), np.float64(44.61128210033018), np.float64(44.61128210033018), np.float64(44.43081348809589), np.float64(44.330299037585625)]
Final fitness values: [np.float64(43.60753346134712), np.float64(43.60707185049123), np.float64(43.607068154094605), np.float64(43.607068154094605), np.float64(43.607068154094605), np.float64(43.607068154094605), np.float64(43.607068154094605), np.float64(43.60608564157859), np.float64(43.60608564157859), np.float64(43.6060333459249)]
HOF ITEM
43.6060333459249
5.980642591777339,-1.5553438284514463,-3.045261934005863,-0.40140207098470115,-1.3409323815568905,-5.701236899912957,0.25565104951495776,1.7897720224385054,-2.581066352846444,-7.0,2.2827781835600094,6.906421631266014,1.7229217216561,0.0,-2.629004392297871
HOF ITEM
43.60608564157859
5.980642591777339,-1.5553438284514463,-3.045261934005863,-0.40140207098470115,-1.3409323815568905,-5.701236899912957,0.25565104951495776,1.7897720224385054,-2.3028546224934523,-7.0,2.2827781835600094,6.906421631266014,1.7229217216561,0.0,-2.629004392297871
HOF ITEM
43.60608564157859
5.980642591777339,-1.5553438284514463,-3.045261934005863,-0.40140207098470115,-1.3409323815568905,-5.701236899912957,0.25565104951495776,1.7897720224385054,-2.3028546224934523,-7.0,2.3633278204298342,6.906421631266014,1.7229217216561,0.0,-2.629004392297871
HOF ITEM
43.607068154094605
5.980642591777339,-1.5553438284514463,-3.045261934005863,-0.40140207098470115,-1.3409323815568905,-5.701236899912957,-0.1296160056912468,1.7897720224385054,-2.581066352846444,-7.0,2.3633278204298342,6.906421631266014,1.7229217216561,0.0,-2.629004392297871
HOF ITEM
43.607068154094605
5.980642591777339,-1.5553438284514463,-3.045261934005863,-0.40140207098470115,-1.3409323815568905,-5.701236899912957,-0.1296160056912468,1.7897720224385054,-2.581066352846444,-7.0,2.2827781835600094,6.906421631266014,1.7229217216561,0.0,-2.629004392297871
seed 261
Initial fitness values: [np.float64(52.68033474223089), np.float64(52.55329019861558), np.float64(50.564777767136796), np.float64(44.36114999790577), np.float64(43.0404952000218), np.float64(42.2684144730534), np.float64(42.2684144730534), np.float64(41.966362295169105), np.float64(41.59089188596101), np.float64(41.51216535709862)]
Final fitness values: [np.float64(39.508905682306924), np.float64(39.508905682306924), np.float64(39.508905682306924), np.float64(39.508905682306924), np.float64(39.508905682306924), np.float64(39.508905682306924), np.float64(39.508905682306924), np.float64(39.33230322761711), np.float64(39.33230322761711), np.float64(39.33230322761711)]
HOF ITEM
39.33230322761711
3.4141071005959396,-0.6201477156132692,3.9075152038428254,-5.293438159866389,0.21808990565072406,0.04778299701199295,2.1352916458502964,1.5575364193514383,-6.141801752245943,0.5430050525486492,1.0734641704102117,-1.1817642264377826,0.12290185774192054,3.0,1.334413243385443
HOF ITEM
39.508905682306924
3.4900006700670585,-0.6201477156132692,3.9075152038428254,-5.478464357092363,0.4888566469552263,0.05942798687340582,2.1352916458502964,1.5575364193514383,-6.141801752245943,0.7180151345973892,1.0692347855055473,-1.327578621121393,0.12290185774192054,2.990589528468489,0.7395727250179006
HOF ITEM
39.50893086674678
3.4900006700670585,-0.6201477156132692,3.9075152038428254,-5.131904307163955,0.4888566469552263,0.05942798687340582,2.1352916458502964,1.5575364193514383,-6.141801752245943,0.7180151345973892,1.0692347855055473,-1.327578621121393,0.12290185774192054,2.990589528468489,0.7395727250179006
HOF ITEM
39.50893333461903
3.4900006700670585,-0.6201477156132692,3.9075152038428254,-5.131904307163955,0.4888566469552263,0.05942798687340582,2.1352916458502964,2.0016425522050056,-6.141801752245943,0.7180151345973892,1.0692347855055473,-1.327578621121393,0.12290185774192054,2.990589528468489,0.7395727250179006
HOF ITEM
39.50893529240613
3.4900006700670585,-0.6201477156132692,3.9075152038428254,-5.131904307163955,0.4888566469552263,0.05942798687340582,2.1838900371922922,1.5575364193514383,-6.141801752245943,0.7180151345973892,1.0692347855055473,-1.327578621121393,0.12290185774192054,2.990589528468489,0.7395727250179006
seed 262
Initial fitness values: [np.float64(46.044491072745075), np.float64(46.044491072745075), np.float64(44.34332526340924), np.float64(42.370604063557366), np.float64(41.967050591514116), np.float64(41.47878378533028), np.float64(40.43250130145119), np.float64(40.43250130145119), np.float64(40.41972365417213), np.float64(40.08413464767368)]
Final fitness values: [np.float64(39.15585449220756), np.float64(39.15585449220756), np.float64(39.15585449220756), np.float64(39.15585449220756), np.float64(39.15585449220756), np.float64(39.15585449220756), np.float64(39.15585449220756), np.float64(39.15585449220756), np.float64(39.15585449220756), np.float64(39.11652318575274)]
HOF ITEM
39.11652318575274
-2.368972901833651,1.5318164386574964,5.8708992826295425,-5.59976759289821,4.221617436850362,4.344210394917995,6.039149933037983,1.8109610107779632,5.5706334241737085,-1.1812396043698241,2.675914185118127,-0.9134767956604193,2.5340697844508218,0.17489702125940634,3.2498727611343328
HOF ITEM
39.15585449220756
-2.363152196284478,1.5318164386574964,5.893020352034479,-5.870667064851837,4.221617436850362,4.344210394917995,6.296960464088229,1.7954718834781151,5.580592232939933,-1.1812396043698241,2.675914185118127,-0.9134767956604193,2.5340697844508218,0.17489702125940634,3.2498727611343328
HOF ITEM
39.15585449220756
-2.363152196284478,1.5318164386574964,5.893020352034479,-5.870667064851837,4.221617436850362,4.344210394917995,6.039149933037983,1.7954718834781151,5.580592232939933,-1.1812396043698241,2.675914185118127,-0.9134767956604193,2.5340697844508218,0.17489702125940634,3.2498727611343328
HOF ITEM
39.15585449220756
-2.363152196284478,1.5318164386574964,5.893020352034479,-5.870667064851837,4.221617436850362,4.344210394917995,6.039149933037983,1.7954718834781151,5.538867967746016,-1.1812396043698241,2.675914185118127,-0.9134767956604193,2.5340697844508218,0.17489702125940634,3.2498727611343328
HOF ITEM
39.15585449220756
-2.363152196284478,1.5318164386574964,5.893020352034479,-5.870667064851837,4.221617436850362,4.344210394917995,6.039149933037983,1.8109610107779632,5.5706334241737085,-1.1812396043698241,2.675914185118127,-0.9134767956604193,2.5340697844508218,0.17489702125940634,3.2498727611343328
seed 263
Initial fitness values: [np.float64(54.17624962179369), np.float64(52.706999324765206), np.float64(49.88723038079759), np.float64(48.427892454362386), np.float64(46.9303428798962), np.float64(46.2842171009807), np.float64(46.1323233181816), np.float64(44.87983985109241), np.float64(44.811738158514245), np.float64(44.67095152108422)]
Final fitness values: [np.float64(41.998670216242004), np.float64(41.998670216242004), np.float64(41.93278741351614), np.float64(41.93278741351614), np.float64(41.874030740425205), np.float64(41.874030740425205), np.float64(41.874030740425205), np.float64(41.70234811404406), np.float64(41.70234811404406), np.float64(41.70234811404406)]
HOF ITEM
41.70234811404406
4.755989289298754,-0.6519224725228988,-3.1735300238989237,0.6762755962122318,4.9417614366253355,0.04087161391940521,1.3606990415901379,3.0,7.0,-1.566811728005057,0.0,3.183730688754682,-1.6809602513918591,0.0,7.0
HOF ITEM
41.74499436569035
4.755989289298754,-0.6519224725228988,-3.1362479010205186,0.6762755962122318,4.802160870932126,0.04087161391940521,1.3606990415901379,3.0,7.0,-1.566811728005057,0.0,3.3144025581256766,-1.8662437118703652,0.0,6.641370756197099
HOF ITEM
41.80202751730487
4.755989289298754,-0.6519224725228988,-3.1362479010205186,0.6762755962122318,4.802160870932126,0.04087161391940521,1.3606990415901379,3.0,7.0,-1.566811728005057,0.11624920155213873,3.3144025581256766,-2.027855081775981,0.0,6.641370756197099
HOF ITEM
41.86852905769627
4.755989289298754,-0.6519224725228988,-3.1735300238989237,0.6762755962122318,4.802160870932126,0.04087161391940521,1.3606990415901379,3.0,7.0,-1.566811728005057,0.11624920155213873,3.3144025581256766,-1.6809602513918591,0.0,6.641370756197099
HOF ITEM
41.874030740425205
4.755989289298754,-0.6519224725228988,-3.1362479010205186,0.6762755962122318,4.802160870932126,0.04087161391940521,1.3606990415901379,3.0,7.0,-1.566811728005057,0.11624920155213873,3.3144025581256766,-1.6809602513918591,0.0,6.641370756197099
seed 264
Initial fitness values: [np.float64(50.53673451630691), np.float64(44.594727386863305), np.float64(44.57271828820081), np.float64(44.08873884216002), np.float64(43.2244927049482), np.float64(42.08546483154427), np.float64(42.08546483154427), np.float64(41.55703429308649), np.float64(41.542745180485284), np.float64(41.25569123852395)]
Final fitness values: [np.float64(40.83244562386622), np.float64(40.83244562386622), np.float64(40.83244562386622), np.float64(40.83244562386619), np.float64(40.83244562386619), np.float64(40.832445623866185), np.float64(40.832445623866185), np.float64(40.83219864245091), np.float64(40.83219864245091), np.float64(40.83219864245091)]
HOF ITEM
40.83219864245091
-5.027594075613392,1.6115412968368112,6.136021551385187,-0.632592554062468,-0.21947802082982681,6.867473313168522,-2.6325799103128693,0.9818580424979364,-6.744367328746872,3.9748044816374652,1.5947995058252942,-1.9238815290314837,-4.38815655218541,2.239218070444652,-6.571885094023546
HOF ITEM
40.83219864245091
-5.027594075613392,1.6115412968368112,6.136021551385187,-0.632592554062468,-0.21947802082982681,6.867473313168522,-2.6325799103128693,0.9818580424979364,-6.744367328746872,3.9748044816374652,1.5947995058252942,-1.782140704944996,-4.38815655218541,2.239218070444652,-6.571885094023546
HOF ITEM
40.832198642450926
-5.027594075613392,1.6115412968368112,6.136021551385187,-0.632592554062468,-0.21947802082982681,6.867473313168522,-2.6325799103128693,0.9818580424979364,-6.744367328746872,3.9748044816374652,1.7858553633697252,-1.9238815290314837,-4.38815655218541,2.239218070444652,-6.571885094023546
HOF ITEM
40.83225057485927
-5.027594075613392,1.6115412968368112,6.024378587528052,-0.9062922125441533,-0.21947802082982681,6.867473313168522,-2.6325799103128693,0.953790171078886,-6.75301589377542,4.0063798158575175,1.791389819060304,-1.7384997685703194,-4.38815655218541,2.239218070444652,-6.571885094023546
HOF ITEM
40.832445623866185
-5.027594075613392,1.6115412968368112,5.921430681963133,-0.8383891765650675,-0.21947802082982681,6.867473313168522,-2.6325799103128693,1.281375107956757,-7.0,3.9748044816374652,1.7858553633697252,-1.7162506084651896,-4.38815655218541,2.239218070444652,-6.571885094023546
seed 265
Initial fitness values: [np.float64(50.60194175225881), np.float64(49.04837729446418), np.float64(46.91165542896009), np.float64(45.70430884061483), np.float64(45.70430884061483), np.float64(45.70430884061483), np.float64(45.51257400397223), np.float64(45.51257400397223), np.float64(45.223231618998334), np.float64(44.67300213992831)]
Final fitness values: [np.float64(43.65663576404935), np.float64(43.63974549539514), np.float64(43.63974549539514), np.float64(43.63968689201498), np.float64(43.63968689201498), np.float64(43.63968689201498), np.float64(43.63968689201498), np.float64(43.63968689201498), np.float64(43.626884686395776), np.float64(43.626884686395776)]
HOF ITEM
43.626884686395776
6.884669915775412,-0.9939181091940679,2.8635620271185216,-6.491609902242771,0.6758298874832638,-0.7633341814988577,4.5242403612329385,1.950715947227257,-2.0079249879061694,3.498226085753088,0.9337266334929553,5.761185555477682,1.4494994323873425,2.6378992247842614,-0.7268242565354563
HOF ITEM
43.62692117955847
6.884669915775412,-0.9939181091940679,2.8635620271185216,-6.491609902242771,0.6758298874832638,-1.0686474978399354,4.39990717082121,1.6976224548414198,-1.4413832409430896,3.602931157258028,0.9148527382496568,5.807680287212906,1.4494994323873425,2.6378992247842614,-0.6427481072867541
HOF ITEM
43.63968689201498
6.884669915775412,-0.9939181091940679,2.8635620271185216,-6.491609902242771,0.6758298874832638,-1.0686474978399354,4.595166029112655,1.6976224548414198,-2.0079249879061694,3.602931157258028,0.9148527382496568,5.761185555477682,1.4494994323873425,2.6378992247842614,-0.6427481072867541
HOF ITEM
43.639686892015476
6.884669915775412,-0.9939181091940679,2.8635620271185216,-6.491609902242771,0.6758298874832638,-1.0686474978399354,4.595166029112655,1.6976224548414198,-1.410259367235989,3.602931157258028,0.9148527382496568,5.761185555477682,1.4494994323873425,2.6378992247842614,-0.6427481072867541
HOF ITEM
43.639745495393285
6.884669915775412,-0.9939181091940679,2.8635620271185216,-6.776232497671392,0.6758298874832638,-1.0686474978399354,4.506285255162835,1.6976224548414198,-2.0079249879061694,3.602931157258028,0.9148527382496568,5.761185555477682,1.4494994323873425,2.6378992247842614,-0.6427481072867541
seed 266
Initial fitness values: [np.float64(50.586977179409566), np.float64(50.43887123186876), np.float64(50.43887123186876), np.float64(49.54702065573436), np.float64(48.86888018172779), np.float64(48.853508955170085), np.float64(48.38554274025386), np.float64(48.38554274025386), np.float64(48.34576013250553), np.float64(48.17761245558902)]
Final fitness values: [np.float64(47.472666365423386), np.float64(47.376508084554985), np.float64(47.376508084554985), np.float64(47.33007388373192), np.float64(47.31498674350344), np.float64(47.21521536858788), np.float64(47.215182009634255), np.float64(46.86920040825175), np.float64(46.802734045782636), np.float64(46.80255899683511)]
HOF ITEM
46.80255899683511
-6.876546423517938,1.793633885411016,2.760810234464684,0.681867673679576,2.1154700011746224,-0.6770198361388362,2.2695967593656445,0.9730151889940017,6.502499945097275,5.785141391673251,1.0270239752983288,-5.6367564560343,-5.31436559359696,1.434155785922071,-1.135866729920099
HOF ITEM
46.802655887115826
-6.876546423517938,1.793633885411016,2.4776129780684464,1.0271363796581714,1.9058648239041043,-1.1264926331804408,2.5853252690744015,0.9730151889940017,6.502499945097275,5.866114813331826,1.0270239752983288,-6.134263778406919,-5.31436559359696,1.434155785922071,-1.135866729920099
HOF ITEM
46.802734045782636
-6.953640987124212,1.7652786260134834,3.440749617546311,1.6635745426213837,3.1286093008479097,-1.2481313825425882,2.1105498094887243,1.0285544946530976,6.951434211794125,6.79923753933096,1.7700476409222627,-5.910691927771256,-5.342683634069731,1.4371807302335255,-1.2956300948679094
HOF ITEM
46.86920040825175
-6.876546423517938,1.793633885411016,2.760810234464684,0.681867673679576,2.1154700011746224,-1.1264926331804408,2.449315382260577,0.9730151889940017,6.502499945097275,5.866114813331826,1.0270239752983288,-5.6367564560343,-5.31436559359696,1.434155785922071,-1.135866729920099
HOF ITEM
46.86920046359626
-6.876546423517938,1.793633885411016,2.760810234464684,0.681867673679576,2.1154700011746224,-1.1264926331804408,2.6794370454968037,0.9695842388797793,6.787465834588579,5.986337515711035,0.39992649891721654,-5.6367564560343,-5.31436559359696,1.434155785922071,-1.135866729920099
seed 267
Initial fitness values: [np.float64(47.46024428406375), np.float64(47.46024428406375), np.float64(46.82575187873004), np.float64(46.25831141667354), np.float64(46.173050609386074), np.float64(46.171449810041224), np.float64(46.089446324995585), np.float64(45.68972693955679), np.float64(45.23199626389271), np.float64(45.23199626389271)]
Final fitness values: [np.float64(43.497845685431294), np.float64(43.497845685431294), np.float64(43.497845685431294), np.float64(43.497845685431294), np.float64(43.46067292468259), np.float64(43.46067292468259), np.float64(43.46067292468259), np.float64(43.46067292468259), np.float64(43.45598606467446), np.float64(43.45598606467446)]
HOF ITEM
43.45598606467446
5.4033184724573475,-0.8124391090366359,3.3252489163083534,1.615774107600604,-6.193222136089062,-4.906629894678065,1.333076849572071,3.0,1.6249396491638783,2.1905856817508607,1.6278903732296073,-0.5344362186334384,3.561595088259478,2.211115825499284,3.9654283040383964
HOF ITEM
43.46047982567121
5.4033184724573475,-0.8124391090366359,3.3252489163083534,1.615774107600604,-6.193222136089062,-4.846163539589983,1.333076849572071,3.0,1.6249396491638783,2.1905856817508607,1.6278903732296073,-0.5344362186334384,3.561595088259478,2.211115825499284,4.286933318012858
HOF ITEM
43.46067292468259
5.4033184724573475,-0.8124391090366359,3.3252489163083534,1.615774107600604,-6.193222136089062,-4.846163539589983,1.333076849572071,3.0,1.6249396491638783,2.178504141273933,1.7138014791020917,-0.5344362186334384,4.0306524866942235,2.211115825499284,3.6469323191971945
HOF ITEM
43.46067292468259
5.4033184724573475,-0.8124391090366359,3.3252489163083534,1.615774107600604,-6.193222136089062,-4.846163539589983,1.333076849572071,3.0,1.6249396491638783,2.178504141273933,1.7138014791020917,-0.5344362186334384,4.0306524866942235,2.211115825499284,4.286933318012858
HOF ITEM
43.46068508729907
5.4033184724573475,-0.8124391090366359,3.3252489163083534,1.615774107600604,-6.193222136089062,-4.846163539589983,1.333076849572071,3.0,1.6249396491638783,2.178504141273933,1.7138014791020917,-0.5344362186334384,3.561595088259478,2.211115825499284,4.286933318012858
seed 268
Initial fitness values: [np.float64(51.391121649795615), np.float64(51.391121649795615), np.float64(48.55635216828215), np.float64(45.23064771814216), np.float64(45.23064771814216), np.float64(44.85028493404424), np.float64(41.70027554764257), np.float64(41.70027554764257), np.float64(41.689109707368196), np.float64(41.295859170280565)]
Final fitness values: [np.float64(37.2935498243297), np.float64(37.28162409285678), np.float64(37.28162409285678), np.float64(37.281624036061416), np.float64(37.27640295487444), np.float64(37.27640295487444), np.float64(37.211975920455615), np.float64(37.211975920455615), np.float64(37.211975920455615), np.float64(37.19654273100305)]
HOF ITEM
37.19654273100305
-4.25205905283075,1.5952430466276566,5.155954773800266,4.480531663758558,2.4120852830712747,4.388607903419342,-2.943231746058312,2.457979028406632,1.163767373462238,2.3664753637413414,1.196211074810127,-0.9481148621112758,-3.63659523667008,2.0634541947732283,6.670972204942196
HOF ITEM
37.20336150689806
-4.2577929542319355,1.622598443369193,5.155954773800266,4.480531663758558,2.4120852830712747,4.388607903419342,-2.943231746058312,2.457979028406632,1.163767373462238,2.668328722056744,1.5651473712287465,-0.9362908723245662,-3.63659523667008,2.0634541947732283,6.779368921125803
HOF ITEM
37.2068772986954
-4.2577929542319355,1.622598443369193,5.155954773800266,4.480531663758558,2.4120852830712747,4.388607903419342,-2.943231746058312,2.457979028406632,1.163767373462238,1.4428106637646725,1.5651473712287465,-0.9362908723245662,-3.63659523667008,2.0634541947732283,6.755207373835748
HOF ITEM
37.20846006795304
-4.2577929542319355,1.622598443369193,5.155954773800266,4.480531663758558,2.4120852830712747,4.388607903419342,-2.943231746058312,2.4263811866895355,1.163767373462238,2.668328722056744,1.5651473712287465,-0.9362908723245662,-3.63659523667008,2.0634541947732283,6.779368921125803
HOF ITEM
37.208460068123024
-4.2577929542319355,1.622598443369193,5.155954773800266,4.480531663758558,2.4120852830712747,4.388607903419342,-2.943231746058312,2.4263811866895355,1.163767373462238,2.260620816554085,1.7711053471433118,-0.7452821842363815,-3.63659523667008,2.0634541947732283,6.779368921125803
seed 269
Initial fitness values: [np.float64(51.87110184555695), np.float64(48.541730481912474), np.float64(47.15233465712758), np.float64(47.15233465712758), np.float64(46.94298407308224), np.float64(46.94298407308224), np.float64(46.698396378337165), np.float64(46.32662979032952), np.float64(45.58209833843775), np.float64(45.58209833843775)]
Final fitness values: [np.float64(41.01373423401048), np.float64(41.01373423401048), np.float64(41.01373423401048), np.float64(41.01373423401048), np.float64(41.01373423401048), np.float64(41.01373423401048), np.float64(41.01373423401048), np.float64(41.01373423401048), np.float64(41.01373423401048), np.float64(41.01373423401048)]
HOF ITEM
41.01373423401048
-6.553949822700796,1.5488796689210163,2.628554660232108,-2.0533313041069228,1.8993810758635052,-4.251877884766442,6.158291732498992,2.156407952775405,-6.569325364184451,0.38797245815543435,2.797356260338208,6.4673055048898815,-5.314203293670229,1.8712047010322919,-0.47618251328090677
HOF ITEM
41.01373423401048
-6.553949822700796,1.5488796689210163,2.628554660232108,-2.0533313041069228,1.8993810758635052,-4.251877884766442,5.840154124280666,2.156407952775405,-6.448521628508732,0.4163984346993827,2.797356260338208,6.707361006255323,-5.314203293670229,1.8712047010322919,-0.47618251328090677
HOF ITEM
41.01373423401048
-6.553949822700796,1.5488796689210163,2.628554660232108,-2.0533313041069228,1.8993810758635052,-4.251877884766442,6.158291732498992,2.5209547383999227,-6.569325364184451,0.38797245815543435,2.797356260338208,6.4673055048898815,-5.314203293670229,1.8712047010322919,-0.47618251328090677
HOF ITEM
41.01373423401048
-6.553949822700796,1.5488796689210163,2.628554660232108,-2.0533313041069228,1.8993810758635052,-4.251877884766442,6.158291732498992,2.5209547383999227,-6.569325364184451,0.38797245815543435,2.7875580041683214,6.707361006255323,-5.314203293670229,1.8712047010322919,-0.47618251328090677
HOF ITEM
41.01373423401048
-6.553949822700796,1.5488796689210163,2.628554660232108,-2.0533313041069228,1.8993810758635052,-4.251877884766442,6.158291732498992,2.5209547383999227,-6.569325364184451,0.38797245815543435,2.6645725457112595,6.92904855811795,-5.314203293670229,1.8712047010322919,-0.47618251328090677
best parameter set
fitness 37.07862722077234 seed 268
-4.240561952654097,1.5975292191748371,5.151227043339084,4.479588404642953,2.4101779197083566,4.389715171100106,-2.9326656300033016,2.457838060582994,1.162380263318119,2.366475493822189,1.1962111135475773,-0.9481148022145198,-3.6555577947876654,2.05191699277065,6.673394447246185
