seeds are [730 731 732 733 734 735 736 737 738 739]
seed 730
Initial fitness values: [np.float64(51.44754392614717), np.float64(49.01963645906417), np.float64(46.04793253999249), np.float64(45.79854235808237), np.float64(43.5985800616109), np.float64(43.185340620411814), np.float64(42.93944399119069), np.float64(41.25080360918487), np.float64(40.58525673896524), np.float64(40.58525673896524)]
Final fitness values: [np.float64(38.80204631219558), np.float64(38.80100900233485), np.float64(38.80100900233485), np.float64(38.80100900233485), np.float64(38.80100900233485), np.float64(38.80100900233485), np.float64(38.80100900233485), np.float64(38.80100900233485), np.float64(38.80100900233485), np.float64(38.80100900233485)]
HOF ITEM
38.80100900233485
-2.2346121223179636,1.5480325950362546,-1.0292133665195755,3.5631040557103213,0.8640677866273312,1.5649674983396897,-0.9721591871024217,2.9429655502948537,0.7136165036893202,0.7342649613075909,0.2830673548627413,0.9852230260999839,6.084012093347013,2.3186863175257466,-4.321534276069552
HOF ITEM
38.80100900233485
-2.2346121223179636,1.5480325950362546,-1.0292133665195755,3.5631040557103213,0.8640677866273312,1.5649674983396897,-0.9721591871024217,2.9429655502948537,0.7136165036893202,0.7342649613075909,0.2830673548627413,0.9852230260999839,6.084012093347013,2.551679459281387,-4.435895714905006
HOF ITEM
38.80100900233485
-2.2346121223179636,1.5480325950362546,-1.0292133665195755,3.5631040557103213,0.8640677866273312,1.5649674983396897,-0.9721591871024217,2.9429655502948537,0.7136165036893202,0.7342649613075909,0.2830673548627413,0.9852230260999839,6.084012093347013,2.3186863175257466,-4.69413274519343
HOF ITEM
38.80100900233485
-2.2346121223179636,1.5480325950362546,-1.0292133665195755,3.5631040557103213,0.8640677866273312,1.5649674983396897,-0.9721591871024217,2.9429655502948537,0.7136165036893202,0.7342649613075909,0.2830673548627413,0.9852230260999839,6.084012093347013,2.551679459281387,-4.69413274519343
HOF ITEM
38.80100900233485
-2.2346121223179636,1.5480325950362546,-1.0292133665195755,3.5631040557103213,0.8640677866273312,1.5649674983396897,-0.9721591871024217,2.9429655502948537,0.7136165036893202,0.7342649613075909,0.2830673548627413,0.9852230260999839,6.084012093347013,2.564564691541452,-4.435895714905006
seed 731
Initial fitness values: [np.float64(48.72382804088048), np.float64(48.72382804088048), np.float64(47.645957965646744), np.float64(47.03904308804905), np.float64(46.92878213374668), np.float64(46.668359807638076), np.float64(46.46248694096241), np.float64(46.385657527014416), np.float64(46.16937052909848), np.float64(46.09144076479269)]
Final fitness values: [np.float64(41.680584695540716), np.float64(41.680584695540716), np.float64(41.680584695540716), np.float64(41.65891824065792), np.float64(41.65891824065792), np.float64(41.65891824065792), np.float64(41.65809981408562), np.float64(41.6580998699306), np.float64(41.6580998699306), np.float64(41.65672617840047)]
HOF ITEM
41.65672617840047
2.193604240344626,0.15457593734047975,-7.0,-1.9081772616725745,0.3487868410447888,7.0,5.63473812315349,1.4411937930396639,3.566213382580299,1.1545059370680237,3.0,-1.9444862636624982,6.334552690963729,2.435656443029164,6.335828529272394
HOF ITEM
41.65809623857128
2.193604240344626,0.15457593734047975,-6.863314411061678,-1.9081772616725745,0.3487868410447888,7.0,5.053429689663723,1.621424588619104,3.4326832558839957,1.1545059370680237,3.0,-1.9444862636624982,6.601916448521526,2.435656443029164,6.335828529272394
HOF ITEM
41.6580972107595
2.193604240344626,0.15457593734047975,-6.863314411061678,-1.9081772616725745,0.3487868410447888,7.0,5.416370039175472,1.5360525882111191,3.491836705033744,1.1545059370680237,3.0,-1.9444862636624982,6.601916448521526,2.435656443029164,6.335828529272394
HOF ITEM
41.658099034827195
2.193604240344626,0.15457593734047975,-6.863314411061678,-1.9081772616725745,0.3487868410447888,7.0,5.63473812315349,1.5360525882111191,3.491836705033744,1.1545059370680237,3.0,-1.9444862636624982,6.601916448521526,2.435656443029164,6.335828529272394
HOF ITEM
41.65809928429016
2.193604240344626,0.15457593734047975,-6.863314411061678,-1.9081772616725745,0.3487868410447888,6.949984795981887,5.453483119131346,1.621424588619104,3.7657615202542063,1.1545059370680237,3.0,-1.9444862636624982,6.601916448521526,2.435656443029164,6.335828529272394
seed 732
Initial fitness values: [np.float64(53.004771231616104), np.float64(48.94180477405771), np.float64(48.81176450067729), np.float64(45.71709217271108), np.float64(45.71709217271108), np.float64(44.91775067644554), np.float64(43.37494029884055), np.float64(43.37494029884055), np.float64(42.36964133903876), np.float64(42.043319504983636)]
Final fitness values: [np.float64(38.59528519140295), np.float64(38.59528519140295), np.float64(38.59528519140295), np.float64(38.59528519140295), np.float64(38.59528519140295), np.float64(38.59528519140295), np.float64(38.59528519140295), np.float64(38.59528519140295), np.float64(38.59528519140295), np.float64(38.58308459550178)]
HOF ITEM
38.58308459550178
-6.726874854362971,1.6121214678161917,7.0,-2.8399151855505815,-2.5100787487453773,3.1117158709331276,1.2639109683484624,0.11924436253771206,2.8561642251820687,-4.497178042588013,0.4334135059835087,0.5913955272293284,-6.258097014236492,1.8464648830843464,-5.495785876208456
HOF ITEM
38.59155250778773
-6.726874854362971,1.6121214678161917,6.672681393537747,-3.0286192396386067,-2.5567918510995713,3.1117158709331276,1.2639109683484624,0.10038678775971122,2.8561642251820687,-4.3894098921182545,0.3491278219855307,0.5913955272293284,-6.269983502057671,1.8464648830843464,-5.495785876208456
HOF ITEM
38.59528519140295
-6.726874854362971,1.6121214678161917,6.672681393537747,-2.8399151855505815,-2.5567918510995713,3.1117158709331276,1.2639109683484624,0.10038678775971122,2.8561642251820687,-4.3894098921182545,0.4334135059835087,0.5913955272293284,-6.258097014236492,1.8464648830843464,-5.495785876208456
HOF ITEM
38.59528695687953
-6.726874854362971,1.6121214678161917,6.672681393537747,-2.963635193573065,-2.5567918510995713,3.1117158709331276,0.9443810663073233,0.48354498298835613,2.8561642251820687,-4.3894098921182545,0.4334135059835087,0.5913955272293284,-6.258097014236492,1.8464648830843464,-5.495785876208456
HOF ITEM
38.595289158914376
-6.726874854362971,1.6121214678161917,6.672681393537747,-2.8399151855505815,-2.5567918510995713,3.1117158709331276,0.9970555563300105,0.10038678775971122,2.8561642251820687,-4.3894098921182545,0.4334135059835087,0.5913955272293284,-6.258097014236492,1.8464648830843464,-5.495785876208456
seed 733
Initial fitness values: [np.float64(53.61909564659411), np.float64(51.68612051495889), np.float64(47.38052312253351), np.float64(47.238166227996736), np.float64(47.0509241124901), np.float64(46.75163909905775), np.float64(46.75163909905775), np.float64(46.67384875062276), np.float64(46.67384875062276), np.float64(46.65199566646076)]
Final fitness values: [np.float64(46.569896880391), np.float64(46.57664428964418), np.float64(46.56952703706134), np.float64(46.56952703706134), np.float64(46.569468254922825), np.float64(46.569468254922825), np.float64(46.569468254922825), np.float64(46.569468254922825), np.float64(46.569468254922825), np.float64(46.569468254922825)]
HOF ITEM
46.569468254922825
5.433657299758809,-0.7428707624929234,-4.956552466494636,5.972889054984781,1.3619125471835933,-6.479053739291369,6.74379596125746,0.11307002128606791,-2.638776001411279,1.7528450928198258,1.310734523213482,-2.584736238866098,1.5086648325037701,1.4693468626057706,-5.3955707738900145
HOF ITEM
46.56952703706134
5.433657299758809,-0.7428707624929234,-4.956552466494636,5.972889054984781,1.3619125471835933,-6.479053739291369,6.74379596125746,0.11307002128606791,-2.57898247661826,1.7528450928198258,1.310734523213482,-2.584736238866098,1.5086648325037701,1.4693468626057706,-5.3955707738900145
HOF ITEM
46.56980205010261
5.433657299758809,-0.7428707624929234,-4.956552466494636,5.972889054984781,1.3619125471835933,-6.479053739291369,6.74379596125746,0.11307002128606791,-2.338745326245219,1.7528450928198258,1.310734523213482,-2.584736238866098,1.5086648325037701,1.4693468626057706,-5.3955707738900145
HOF ITEM
46.569896880391
5.433657299758809,-0.7428707624929234,-4.806482172839203,6.488866026634565,1.4618897711118541,-6.8980621762080405,6.74379596125746,0.05788301308147951,-2.6203838400409745,1.7528450928198258,1.310734523213482,-2.4593616227045674,1.5086648325037701,1.4693468626057706,-5.356253761229128
HOF ITEM
46.57060963929675
5.433657299758809,-0.7428707624929234,-4.956552466494636,5.972889054984781,1.3619125471835933,-6.479053739291369,6.956519065635801,0.06546349349261624,-2.638776001411279,1.7528450928198258,1.310734523213482,-2.584736238866098,1.5086648325037701,1.4693468626057706,-5.3955707738900145
seed 734
Initial fitness values: [np.float64(52.736002144588475), np.float64(53.34894490078555), np.float64(51.00800834352832), np.float64(50.260673617085146), np.float64(50.260673617085146), np.float64(49.763465614888325), np.float64(49.53706469648838), np.float64(49.53706469648838), np.float64(49.53706469648838), np.float64(49.51182053512227)]
Final fitness values: [np.float64(44.92843147701656), np.float64(44.67688300668063), np.float64(44.44674728194541), np.float64(44.41130645427499), np.float64(44.393551251857225), np.float64(44.274460698542676), np.float64(43.95523905633846), np.float64(43.43807654960975), np.float64(43.43807654960975), np.float64(43.058858738955806)]
HOF ITEM
43.058858738955806
1.641691612554254,0.33594966101663015,-2.3243853230178133,-6.78964664268784,1.3059133596750236,0.7913617230348188,-6.123860890536113,2.3108014745573473,2.4558920802261066,3.469023571459752,2.1461155646852363,-7.0,0.9284273159908593,2.3976912139306994,-2.747774221509356
HOF ITEM
43.38448441907278
1.52954586115909,0.33594966101663015,-2.3249280359084876,-6.41808989557874,1.6392153497489828,0.7913617230348188,-5.684934605539339,2.3108014745573473,2.5750992810175433,3.469023571459752,2.2300482384213938,-7.0,0.8743354755530511,2.3976912139306994,-2.6510679852298322
HOF ITEM
43.43807654960975
1.52954586115909,0.33594966101663015,-2.3249280359084876,-6.617216595386893,1.3555458946805887,0.7913617230348188,-5.684934605539339,2.3108014745573473,2.5750992810175433,3.469023571459752,2.2300482384213938,-7.0,0.8743354755530511,2.3976912139306994,-2.6510679852298322
HOF ITEM
43.44252272443135
1.4504896664799498,0.3496015307168067,-2.345549887323147,-6.221152661135873,2.2908257309356936,0.6029300599315964,-5.715348988696933,2.5979087140697827,2.299337147915314,3.8096505123952302,2.374492729092592,-7.0,0.8017195605253057,2.173498106608125,-2.535925530968818
HOF ITEM
43.4562241966186
1.52954586115909,0.33594966101663015,-2.3249280359084876,-6.617216595386893,1.898282184357865,0.7252835241528982,-5.976005944114272,2.382007448389037,2.0901560105755514,4.026405778766186,2.2762670033846617,-6.8426149482035585,0.8483535923504077,2.3976912139306994,-2.6510679852298322
seed 735
Initial fitness values: [np.float64(51.95456198703371), np.float64(48.58700681800629), np.float64(47.32404134325193), np.float64(47.065240845598716), np.float64(47.065240845598716), np.float64(47.0023629729825), np.float64(46.838562119968), np.float64(46.74027273568457), np.float64(46.74027273568457), np.float64(46.71173424768761)]
Final fitness values: [np.float64(46.64406570715221), np.float64(46.64406570715221), np.float64(46.643950771252), np.float64(46.64350836923708), np.float64(46.64350836923708), np.float64(46.64314452957295), np.float64(46.64311125736575), np.float64(46.64306855911131), np.float64(46.64296027144013), np.float64(46.64296027144013)]
HOF ITEM
46.64296027144013
5.874239750109924,-0.8292930831911178,2.88981629937593,-5.81788516125043,5.387704916542394,-5.725510406387164,-0.027125009306421366,0.25508984651513805,-3.259833697296955,5.528562404482376,2.8812343380767276,-1.0796632941343212,1.7776629231919387,1.30254891955582,-5.384242803488548
HOF ITEM
46.64296027144013
5.874239750109924,-0.8292930831911178,2.88981629937593,-5.81788516125043,5.387704916542394,-5.725510406387164,-0.027125009306421366,0.25508984651513805,-3.259833697296955,5.528562404482376,2.8812343380767276,-1.253134617087275,1.7776629231919387,1.30254891955582,-5.384242803488548
HOF ITEM
46.64296027158555
5.874239750109924,-0.8292930831911178,2.88981629937593,-5.81788516125043,5.387704916542394,-5.725510406387164,-0.027125009306421366,0.24013182087990986,-3.291000712519756,5.6072076786041,2.8812343380767276,-1.253134617087275,1.7776629231919387,1.30254891955582,-5.384242803488548
HOF ITEM
46.64298166929322
5.874239750109924,-0.8292930831911178,2.540331058413929,-6.055415878148896,5.367620140084677,-5.992364832592414,0.42468170975383834,0.4240915998745012,-3.7673598074751107,5.469010644043117,2.8812343380767276,-1.253134617087275,1.7776629231919387,1.30254891955582,-5.384242803488548
HOF ITEM
46.642985064606904
5.874239750109924,-0.8292930831911178,2.2400948435094055,-6.058038628800851,5.337971747062164,-6.269927922987319,0.42468170975383834,0.29073781923979547,-3.723586060147313,5.738933979414185,3.0,-0.9965517146765106,1.7776629231919387,1.30254891955582,-5.384242803488548
seed 736
Initial fitness values: [np.float64(51.958573553284616), np.float64(49.675911990116255), np.float64(47.82383291544181), np.float64(44.9839093724349), np.float64(44.9156670109468), np.float64(42.88331644634778), np.float64(42.332215429927174), np.float64(41.769639078235), np.float64(40.368540374256995), np.float64(40.080020465239805)]
Final fitness values: [np.float64(37.45695189576136), np.float64(37.45695189576136), np.float64(37.42203884485813), np.float64(37.42203884485813), np.float64(37.42203884485813), np.float64(37.416825047050686), np.float64(37.416825047050686), np.float64(37.41122778430311), np.float64(37.41122778430311), np.float64(37.41122778430311)]
HOF ITEM
37.41122778430311
-0.3801881691961907,0.8665766538229799,4.932340423850193,2.894692993641627,-5.176644177774994,-3.9141558620901105,0.2260864721189713,2.8981801008921306,2.218139286195895,5.836829533377749,2.0118853483119707,5.068902388230428,-0.3387731275487932,3.0,3.9597829675322584
HOF ITEM
37.416447242064166
-0.3801881691961907,0.8665766538229799,4.932340423850193,2.894692993641627,-4.9532452163340235,-3.6899753853085153,0.2260864721189713,2.8981801008921306,2.218139286195895,5.657988343567772,2.0118853483119707,5.068902388230428,-0.3387731275487932,3.0,3.9597829675322584
HOF ITEM
37.416447242064166
-0.3801881691961907,0.8665766538229799,4.932340423850193,2.894692993641627,-4.9532452163340235,-3.6899753853085153,0.2260864721189713,2.8981801008921306,2.218139286195895,5.836829533377749,2.0118853483119707,5.068902388230428,-0.3387731275487932,3.0,3.9597829675322584
HOF ITEM
37.416825047050686
-0.3801881691961907,0.8665766538229799,4.932340423850193,2.894692993641627,-5.176644177774994,-3.9141558620901105,0.2260864721189713,2.8981801008921306,2.218139286195895,5.836829533377749,2.0118853483119707,5.068902388230428,-0.3387731275487932,3.0,3.886990986782962
HOF ITEM
37.416825047050686
-0.3801881691961907,0.8665766538229799,4.932340423850193,2.894692993641627,-5.176644177774994,-3.9141558620901105,0.2260864721189713,2.8981801008921306,2.218139286195895,5.657988343567772,2.0118853483119707,5.068902388230428,-0.3387731275487932,3.0,3.886990986782962
seed 737
Initial fitness values: [np.float64(47.382004931056954), np.float64(47.382004931056954), np.float64(47.142608258485545), np.float64(46.806641987778114), np.float64(46.670449601052134), np.float64(46.29936992367804), np.float64(46.222027517557045), np.float64(46.18351822712111), np.float64(45.92261115521468), np.float64(45.24113966412305)]
Final fitness values: [np.float64(42.21640658397315), np.float64(42.21640658397315), np.float64(42.21640640365982), np.float64(42.21640640365982), np.float64(42.21640640365982), np.float64(42.21640633680508), np.float64(42.21640633680508), np.float64(42.21640633680508), np.float64(42.21640633680508), np.float64(42.21640633680508)]
HOF ITEM
42.194312231084645
3.1801568527209945,-0.2094033292338372,-2.511191544978326,4.128768672623777,4.676359258226387,-1.8646441604986566,1.3236629088504852,3.0,1.1254988294690533,3.970267634407834,2.2448676640663154,-4.626551108003512,6.988381693444834,0.9412226592501609,-5.0825543555070265
HOF ITEM
42.21640633680508
3.1774870839214877,-0.2094033292338372,-2.433777155424781,4.1552973653504335,4.676359258226387,-1.8646441604986566,1.3236629088504852,3.0,1.1254988294690533,3.970267634407834,2.3171030041196277,-4.578328976322792,7.0,1.5401110600672432,-4.841698568976182
HOF ITEM
42.21640633680508
3.1774870839214877,-0.2094033292338372,-2.433777155424781,4.1552973653504335,4.676359258226387,-1.8646441604986566,1.3236629088504852,3.0,1.1254988294690533,3.970267634407834,2.5649938325034864,-4.578328976322792,7.0,1.5401110600672432,-4.841698568976182
HOF ITEM
42.21640633680508
3.1774870839214877,-0.2094033292338372,-2.433777155424781,4.1552973653504335,4.676359258226387,-1.8646441604986566,1.3236629088504852,3.0,1.1254988294690533,4.233068063594533,2.3171030041196277,-4.564045255203791,7.0,1.5401110600672432,-4.841698568976182
HOF ITEM
42.21640633680508
3.1774870839214877,-0.2094033292338372,-2.433777155424781,4.1552973653504335,4.676359258226387,-1.8646441604986566,1.3236629088504852,3.0,1.1254988294690533,3.970267634407834,2.3171030041196277,-4.564045255203791,7.0,1.5401110600672432,-4.841698568976182
seed 738
Initial fitness values: [np.float64(53.121207274096925), np.float64(51.38025659725254), np.float64(50.39110650335701), np.float64(48.79070515440991), np.float64(47.33811308054976), np.float64(46.233585953936746), np.float64(46.233585953936746), np.float64(43.91248881675026), np.float64(43.528926924979864), np.float64(42.43243324578764)]
Final fitness values: [np.float64(40.730627028886104), np.float64(40.730627028886104), np.float64(40.73062702189778), np.float64(40.73062702189778), np.float64(40.73062702189778), np.float64(40.73062702189778), np.float64(40.73062702189778), np.float64(40.73062702101394), np.float64(40.73062702101394), np.float64(40.73062702084388)]
HOF ITEM
40.73062702084388
-3.8361966425721676,1.610845673505596,-2.821626086798673,-0.05084235573876779,5.135001170201238,-2.9241756573725275,5.146262156074578,1.0890381694793287,-2.5340048970910525,5.721509852283642,1.5605682755676824,6.947181516558697,-2.5635069908058674,2.5642952749560437,-0.7383074784241518
HOF ITEM
40.73062702101394
-3.8361966425721676,1.610845673505596,-2.821626086798673,-0.05084235573876779,5.135001170201238,-2.9241756573725275,5.957382198567022,0.826335445570496,-2.5340048970910525,5.721509852283642,1.5605682755676824,6.9358589754652105,-2.5635069908058674,2.5642952749560437,-0.7383074784241518
HOF ITEM
40.73062702101394
-3.8361966425721676,1.610845673505596,-2.821626086798673,-0.05084235573876779,5.135001170201238,-2.9241756573725275,5.957382198567022,0.826335445570496,-2.5340048970910525,5.721509852283642,1.5605682755676824,7.0,-2.5635069908058674,2.5642952749560437,-0.7383074784241518
HOF ITEM
40.7306270210184
-3.8361966425721676,1.610845673505596,-2.821626086798673,-0.05084235573876779,5.135001170201238,-2.9241756573725275,5.957382198567022,0.826335445570496,-2.8776074126713147,5.721509852283642,1.5605682755676824,6.9358589754652105,-2.5635069908058674,2.5642952749560437,-0.7383074784241518
HOF ITEM
40.730627021226766
-3.8361966425721676,1.610845673505596,-2.821626086798673,-0.05084235573876779,5.135001170201238,-2.9241756573725275,5.793189504303727,0.8039456869437935,-2.8776074126713147,5.721509852283642,1.5605682755676824,6.9358589754652105,-2.5635069908058674,2.5642952749560437,-0.7383074784241518
seed 739
Initial fitness values: [np.float64(52.41563889346787), np.float64(52.41563889346787), np.float64(48.60368128548645), np.float64(48.60368128548645), np.float64(48.53362805988309), np.float64(47.91118516617253), np.float64(47.56448702366143), np.float64(47.56448702366143), np.float64(47.264356805546385), np.float64(47.09619351424641)]
Final fitness values: [np.float64(40.70727782432495), np.float64(40.70726922852013), np.float64(40.705693852309565), np.float64(40.705693852309565), np.float64(40.70568325209768), np.float64(40.70414635282614), np.float64(40.70414635282614), np.float64(40.704076299763486), np.float64(40.704076299763486), np.float64(40.703107980359675)]
HOF ITEM
40.703107980359675
-3.8868573104418673,1.601016575649832,-4.935423068657462,3.7019457779274125,-4.019074488990561,4.301976697604863,2.7060085294827103,1.68806307321145,5.536029282180872,-2.592624997325041,2.6077246264168616,-0.4538180741689399,-4.586512183772861,2.656455979296384,-5.535761507169889
HOF ITEM
40.703834358034605
-3.8868573104418673,1.601016575649832,-4.8378849667883035,3.6730615245606377,-3.6368932918024957,4.301976697604863,2.7060085294827103,1.68806307321145,5.536029282180872,-2.592624997325041,2.6077246264168616,-0.45430950406522197,-5.0781821525470665,2.464806899773287,-5.3066562012055645
HOF ITEM
40.703982923257755
-3.8868573104418673,1.601016575649832,-4.982477556465046,3.2902204919855693,-4.019074488990561,3.9227845774329433,2.787655513463802,1.68806307321145,5.536029282180872,-2.592624997325041,2.6077246264168616,-0.45430950406522197,-4.489302157307848,2.52651861612378,-5.3066562012055645
HOF ITEM
40.704076299763486
-3.8868573104418673,1.601016575649832,-4.8378849667883035,3.1103413666180484,-4.019074488990561,4.301976697604863,2.7014009875817147,1.68806307321145,5.553818480547209,-2.592624997325041,2.6077246264168616,-0.45430950406522197,-4.591847084040112,2.656455979296384,-5.3066562012055645
HOF ITEM
40.70409456924443
-3.8868573104418673,1.601016575649832,-5.63208121294234,3.421338915480134,-4.019074488990561,4.301976697604863,2.7060085294827103,1.68806307321145,5.536029282180872,-2.592624997325041,2.6077246264168616,-0.45430950406522197,-4.2977243006586106,2.656455979296384,-5.3066562012055645
best parameter set
fitness 37.11774757681258 seed 736
-0.3924226801289642,0.872215977171542,4.929304611084844,2.8948112636735295,-4.931541436929847,-3.7075446356604496,0.21773128869038655,2.9118366568776293,2.2214705458495456,5.657988343567772,2.0118853483119707,5.068902388230428,-0.3182584018482993,3.0,3.9593015051663225
