seeds are [960 961 962 963 964 965 966 967 968 969]
seed 960
Initial fitness values: [np.float64(28.934796324932485), np.float64(26.181033976414444), np.float64(25.914820677612127), np.float64(24.236860335189917), np.float64(23.715717525212913), np.float64(23.627437783078303), np.float64(22.81195457204692), np.float64(22.81195457204692), np.float64(22.457720578812207), np.float64(22.066646499084403)]
Final fitness values: [np.float64(20.849217419681622), np.float64(20.849217419681622), np.float64(20.849217419681622), np.float64(20.849217419681622), np.float64(20.849217419681622), np.float64(20.849217419681622), np.float64(20.849217419681622), np.float64(20.849217419681622), np.float64(20.849217419681622), np.float64(20.849217419681622)]
HOF ITEM
20.849217419681622
-0.2669437545439925,1.1653029919745228,3.3531812701102783,-0.1699062544259226,4.32347797196971,-1.9602377861392546,5.630138095847355,2.0578746122238085,6.260136459721867,0.20536194198578045,2.9259807623607537,-5.665895838348789,1.4859653484448434,1.7633550886535054,-0.7184024913530558
HOF ITEM
20.849217419681622
-0.2669437545439925,1.1653029919745228,3.3531812701102783,-0.1699062544259226,4.32347797196971,-1.9602377861392546,5.579082285568069,2.3589482775348087,6.260136459721867,0.20536194198578045,2.9259807623607537,-5.665895838348789,1.4859653484448434,1.7633550886535054,-0.7184024913530558
HOF ITEM
20.849217419681622
-0.2669437545439925,1.1653029919745228,3.3531812701102783,-0.1699062544259226,4.32347797196971,-1.9602377861392546,5.303056343705721,2.3589482775348087,6.260136459721867,0.20536194198578045,2.9259807623607537,-5.665895838348789,1.4859653484448434,1.7633550886535054,-0.7184024913530558
HOF ITEM
20.849217419681622
-0.2669437545439925,1.1653029919745228,3.3531812701102783,-0.1699062544259226,4.32347797196971,-1.9602377861392546,5.630138095847355,2.3589482775348087,6.260136459721867,0.20536194198578045,2.9259807623607537,-5.665895838348789,1.4859653484448434,1.7633550886535054,-0.7184024913530558
HOF ITEM
20.849217419681622
-0.2669437545439925,1.1653029919745228,3.3531812701102783,-0.1699062544259226,4.32347797196971,-1.9602377861392546,5.303056343705721,2.0578746122238085,6.260136459721867,0.20536194198578045,2.9259807623607537,-5.665895838348789,1.4859653484448434,1.7633550886535054,-0.7184024913530558
seed 961
Initial fitness values: [np.float64(28.000647244828404), np.float64(25.50952556337767), np.float64(25.50952556337767), np.float64(24.9335214386254), np.float64(24.610324795312305), np.float64(24.466308940707005), np.float64(23.751758809027198), np.float64(23.751758809027198), np.float64(23.736390112732824), np.float64(23.58569719465945)]
Final fitness values: [np.float64(21.059395300530102), np.float64(21.05855970365351), np.float64(21.008563357594408), np.float64(21.008563357594408), np.float64(20.891622465726666), np.float64(20.891622465726666), np.float64(20.891622465726666), np.float64(20.786407714573958), np.float64(20.7591968199355), np.float64(20.7591968199355)]
HOF ITEM
20.7591968199355
-2.4409553252340506,1.9978400372406175,4.7188321184865964,3.9018051659193436,-4.233347211334283,-3.4287188422216017,0.5029670045800493,1.1799096523383523,5.772781309678991,4.6069044562838535,2.8046999244756345,-1.9919674420174434,-2.643386413571092,2.9780835903438003,3.4665846361995305
HOF ITEM
20.775609899427288
-2.4409553252340506,1.9978400372406175,4.7188321184865964,3.9018051659193436,-4.233347211334283,-3.4287188422216017,0.5029670045800493,1.1799096523383523,5.772781309678991,4.6069044562838535,2.8046999244756345,-1.9919674420174434,-2.643386413571092,2.9780835903438003,3.59402999719124
HOF ITEM
20.786407714573958
-2.4409553252340506,1.8264107832502243,5.174011160929167,3.874828271395422,-4.061290175095518,-2.8787152473110047,0.4560681725639661,1.1060791455864225,5.652146333718386,4.6069044562838535,2.9477919030036723,-1.8770106859415807,-2.643386413571092,2.8643387137697576,3.59402999719124
HOF ITEM
20.786407714573958
-2.4409553252340506,1.8264107832502243,5.174011160929167,3.874828271395422,-4.061290175095518,-2.8787152473110047,0.4560681725639661,1.1060791455864225,5.652146333718386,4.6069044562838535,2.60635855952393,-1.8770106859415807,-2.643386413571092,2.8643387137697576,3.59402999719124
HOF ITEM
20.786407714573958
-2.4409553252340506,1.8264107832502243,5.174011160929167,3.874828271395422,-4.061290175095518,-2.8787152473110047,0.4560681725639661,1.1060791455864225,5.652146333718386,4.6069044562838535,2.9477919030036723,-2.2092279643045827,-2.643386413571092,2.8643387137697576,3.59402999719124
seed 962
Initial fitness values: [np.float64(28.34987395525387), np.float64(26.554240541365058), np.float64(25.843621243289206), np.float64(24.98772353252829), np.float64(24.811973694159907), np.float64(24.465069478854204), np.float64(24.354151514501154), np.float64(24.253589925867757), np.float64(24.24496885102932), np.float64(24.240647982043253)]
Final fitness values: [np.float64(21.158261590659865), np.float64(21.158261590659865), np.float64(21.158261590659865), np.float64(21.154639674889467), np.float64(21.154639674889467), np.float64(21.154639674889467), np.float64(21.15461005077769), np.float64(21.15297150918446), np.float64(21.15297150918446), np.float64(21.15297150918446)]
HOF ITEM
21.15297150918446
0.39520998241713323,0.9376884797208878,-5.621836763825191,-0.8604382040033082,4.102454351476315,4.496843759457279,-6.8884899940862425,0.45208705398630766,-0.8185171665740276,0.4820863577752719,2.6919966385566667,-5.223383833482633,-1.8906320322156906,0.0,-6.787763599641924
HOF ITEM
21.15367377685333
0.39520998241713323,0.9376884797208878,-5.621836763825191,-0.8604382040033082,4.102454351476315,4.496843759457279,-6.675797548885457,0.45208705398630766,-0.8185171665740276,0.4820863577752719,2.6919966385566667,-5.223383833482633,-2.0039454185068126,0.0,-6.787763599641924
HOF ITEM
21.15370340125704
0.39520998241713323,0.9376884797208878,-5.621836763825191,-0.8604382040033082,4.102454351476315,4.496843759457279,-6.8884899940862425,0.45208705398630766,-0.8185171665740276,0.4820863577752719,2.6919966385566667,-5.223383833482633,-2.0039454185068126,0.0,-6.787763599641924
HOF ITEM
21.153754406654695
0.39520998241713323,0.9376884797208878,-5.621836763825191,-0.8604382040033082,4.102454351476315,4.370530788085385,-6.537529659455634,0.45208705398630766,-0.8185171665740276,0.4820863577752719,2.6919966385566667,-5.223383833482633,-1.8906320322156906,0.0,-6.787763599641924
HOF ITEM
21.154584765717427
0.39520998241713323,0.9376884797208878,-5.621836763825191,-0.8604382040033082,4.102454351476315,4.370530788085385,-6.537529659455634,0.45208705398630766,-0.8185171665740276,0.4820863577752719,2.6919966385566667,-5.223383833482633,-2.0039454185068126,0.0,-6.787763599641924
seed 963
Initial fitness values: [np.float64(27.160015874652704), np.float64(27.10805179434204), np.float64(25.466198373250826), np.float64(25.444296517563732), np.float64(25.176138127311802), np.float64(25.065333067965106), np.float64(24.88085593918176), np.float64(24.604868304811447), np.float64(24.604868304811447), np.float64(24.520153821757496)]
Final fitness values: [np.float64(24.35558631003634), np.float64(24.355585761558523), np.float64(24.355585464732286), np.float64(24.35558125577313), np.float64(24.355361945922684), np.float64(24.355361945922684), np.float64(24.35523224752299), np.float64(24.35522794366168), np.float64(24.355128556059405), np.float64(24.354987500822702)]
HOF ITEM
24.354987500822702
-4.7209078298448315,1.9274011286044417,4.167488380038569,-1.5839267536638988,5.32412238069526,-4.3151763413442294,-0.4648290131041938,1.0971525665138766,6.111824212650078,3.797282874002927,2.922961594058414,0.20498534327317403,-2.9884127033111834,1.4435593789421928,-3.795077104800251
HOF ITEM
24.35509928224316
-4.7209078298448315,1.9274011286044417,4.167488380038569,-1.6804335739891614,5.155660427461028,-3.8834431101634452,-0.5238127093471621,1.3736490621601372,6.522309847973012,4.23930978783006,2.5867023943923213,0.20498534327317403,-2.9884127033111834,1.4435593789421928,-3.8008618174642996
HOF ITEM
24.355103126579582
-4.7209078298448315,1.9274011286044417,4.167488380038569,-1.6804335739891614,5.32412238069526,-3.8310969807561936,-0.2291362992985067,1.3736490621601372,6.111824212650078,3.947002521839133,2.922961594058414,0.20498534327317403,-2.9884127033111834,1.4435593789421928,-3.8008618174642996
HOF ITEM
24.355121376432088
-4.7209078298448315,1.9274011286044417,4.167488380038569,-1.6804335739891614,5.155660427461028,-3.8310969807561936,-0.2291362992985067,1.3736490621601372,6.111824212650078,3.947002521839133,2.922961594058414,0.20498534327317403,-2.9884127033111834,1.4435593789421928,-3.8008618174642996
HOF ITEM
24.355121376432088
-4.7209078298448315,1.9274011286044417,4.167488380038569,-1.6804335739891614,5.155660427461028,-3.8310969807561936,-0.2291362992985067,1.3736490621601372,6.111824212650078,3.947002521839133,2.5867023943923213,0.20498534327317403,-2.9884127033111834,1.4435593789421928,-3.8008618174642996
seed 964
Initial fitness values: [np.float64(27.587031495491743), np.float64(26.985998363873563), np.float64(25.660332794347344), np.float64(25.30029123459414), np.float64(25.15566845070567), np.float64(24.909931947886435), np.float64(24.731754803820174), np.float64(24.731754803820174), np.float64(24.59962130638926), np.float64(24.368718479248543)]
Final fitness values: [np.float64(20.618165226485534), np.float64(20.6088655205996), np.float64(20.6088655205996), np.float64(20.608335619573385), np.float64(20.596106507029454), np.float64(20.596106507029454), np.float64(20.596106507029454), np.float64(20.596106507029344), np.float64(20.596106507029344), np.float64(20.59479510316116)]
HOF ITEM
20.59479510316116
-3.148956462555656,1.5830914046406632,1.2924562322186377,-1.8012935010999982,-1.0748200084980386,2.000294900278186,4.020776114767544,1.7524735162364156,4.697099829510867,-1.8658100508632922,2.8809984531873205,-0.5000596529627801,0.6392903422128883,1.2674355426803376,-2.446184029974419
HOF ITEM
20.596106507029344
-3.148956462555656,1.5830914046406632,1.4741072828845585,-1.8012935010999982,-1.0748200084980386,1.738063949422673,4.060666318775436,1.7524735162364156,4.697099829510867,-1.8658100508632922,2.8809984531873205,-0.5000596529627801,0.6392903422128883,1.2674355426803376,-2.446184029974419
HOF ITEM
20.596106507029454
-3.148956462555656,1.5830914046406632,1.4741072828845585,-1.8012935010999982,-1.0748200084980386,1.738063949422673,4.020776114767544,1.7524735162364156,4.697099829510867,-1.8658100508632922,2.8809984531873205,-0.5000596529627801,0.6392903422128883,1.2674355426803376,-2.446184029974419
HOF ITEM
20.59610651068964
-3.148956462555656,1.5830914046406632,1.4741072828845585,-1.8012935010999982,-1.0748200084980386,1.738063949422673,4.020776114767544,1.7524735162364156,4.697099829510867,-1.8658100508632922,2.8809984531873205,-0.5000596529627801,0.6392903422128883,1.2674355426803376,-2.4464614209138222
HOF ITEM
20.596106759938767
-3.148956462555656,1.5830914046406632,1.4741072828845585,-1.8012935010999982,-1.0748200084980386,1.738063949422673,4.020776114767544,1.7524735162364156,4.697099829510867,-1.8658100508632922,2.8809984531873205,-0.5000596529627801,0.6392903422128883,1.2674355426803376,-2.4655343008756985
seed 965
Initial fitness values: [np.float64(27.727239690522868), np.float64(24.34826819293518), np.float64(22.216375513796585), np.float64(21.82004731497091), np.float64(21.62431570238823), np.float64(21.438590666967674), np.float64(21.429640527709754), np.float64(21.396425142773023), np.float64(21.14587505625306), np.float64(21.10061593272014)]
Final fitness values: [np.float64(20.768609620397076), np.float64(20.76698900751437), np.float64(20.765733063759853), np.float64(20.765733063759853), np.float64(20.752239350117442), np.float64(20.752239350117435), np.float64(20.751747218790882), np.float64(20.75023566433673), np.float64(20.75023566433673), np.float64(20.750235664336728)]
HOF ITEM
20.750235664336728
-1.1408203402054204,1.3984928265290342,-6.723646817312043,-1.9434753313007609,5.170090616001389,-0.5861166025793753,-1.822305354055861,2.8338695944598276,-3.431028993843965,6.405823614649215,1.2077727979005815,-0.24460850541441356,-0.34093569284444347,3.0,-5.585168497082537
HOF ITEM
20.75023566433673
-1.1408203402054204,1.3984928265290342,-6.723646817312043,-1.9434753313007609,5.170090616001389,-0.5861166025793753,-1.822305354055861,2.8338695944598276,-3.431028993843965,6.405823614649215,1.310162138369709,-0.24460850541441356,-0.34093569284444347,3.0,-5.585168497082537
HOF ITEM
20.750920087936255
-1.1408203402054204,1.3984928265290342,-6.723646817312043,-1.9434753313007609,5.170090616001389,-0.5861166025793753,-1.7284641148454034,2.74623375322298,-3.1865723351639725,6.7954346840837845,1.2077727979005815,-0.2283681055088169,-0.34093569284444347,3.0,-5.585168497082537
HOF ITEM
20.75152352918443
-1.1408203402054204,1.3984928265290342,-6.723646817312043,-1.9434753313007609,5.278362086743141,-0.5861166025793753,-1.822305354055861,2.888713383978346,-2.9938268665163217,7.0,1.310162138369709,-0.24460850541441356,-0.34093569284444347,3.0,-5.585168497082537
HOF ITEM
20.751663652041483
-1.1408203402054204,1.3984928265290342,-6.723646817312043,-1.9434753313007609,5.278362086743141,-0.5861166025793753,-1.822305354055861,2.8338695944598276,-3.347354697268692,6.7954346840837845,1.2077727979005815,-0.5996696449282731,-0.34093569284444347,3.0,-5.585168497082537
seed 966
Initial fitness values: [np.float64(26.411182023945628), np.float64(25.342524133867624), np.float64(25.204299853139123), np.float64(24.8676610518327), np.float64(24.45929986621739), np.float64(24.304347896034557), np.float64(24.112037194110368), np.float64(24.112037194110368), np.float64(23.20966081915607), np.float64(23.20966081915607)]
Final fitness values: [np.float64(20.12372736164103), np.float64(20.12372736164103), np.float64(20.12372736164103), np.float64(20.12372736164103), np.float64(20.12372736164103), np.float64(20.12372736164103), np.float64(20.12372736164103), np.float64(20.12372736164103), np.float64(20.12372736164103), np.float64(20.12372736164103)]
HOF ITEM
20.12372736164103
-1.0434710059486318,1.374240943488461,0.18552065474741375,2.9902889794904377,5.524762125885594,2.0381333387773615,0.0005165650975414715,2.9810102005127446,1.4031246594180158,-0.32498725839416076,2.320121525926282,-1.064241123130269,1.495879002077413,0.9332495392562742,6.398833242073271
HOF ITEM
20.131409120112746
-1.0434710059486318,1.374240943488461,0.18552065474741375,2.911732938603305,5.613634880059494,2.4236187600799974,-0.019584876766173317,2.9810102005127446,1.6527750505061045,-0.19444327556787797,2.320121525926282,-0.8454973573647299,1.495879002077413,0.9332495392562742,6.398833242073271
HOF ITEM
20.14396457389356
-1.0434710059486318,1.374240943488461,0.1525805468414876,2.610727001829702,5.316598806562064,2.0373546095337827,0.0005165650975414715,3.0,1.7395799043203677,-0.32498725839416076,2.4732627271862544,-0.8704707998527184,1.686174151077347,0.9332495392562742,6.213645274068172
HOF ITEM
20.15028783737716
-1.2797299139050187,1.3703778329828198,0.18552065474741375,3.21840754979476,5.776054999579904,2.0381333387773615,-0.23695961663427662,2.9810102005127446,1.4056511245888743,-0.3598698318129375,2.3879256929562263,-1.064241123130269,1.5320017500609167,0.9332495392562742,6.261922115628306
HOF ITEM
20.15482368517437
-1.0434710059486318,1.374240943488461,0.18552065474741375,2.7815931955346294,5.524762125885594,1.910114101024846,-0.011096775135200446,2.9761525582555115,1.5881658696093508,-0.33705046577485487,2.320121525926282,-1.0586990287214277,1.495879002077413,1.0493397341194528,6.5520692396918365
seed 967
Initial fitness values: [np.float64(27.762669494908323), np.float64(24.916663657740198), np.float64(24.711969838608212), np.float64(24.711872553549135), np.float64(24.68030877388269), np.float64(24.476209365920948), np.float64(24.476209365920948), np.float64(24.274015682045082), np.float64(24.273990708618342), np.float64(24.093508537085548)]
Final fitness values: [np.float64(20.460673866111), np.float64(20.460673866111), np.float64(20.460673866111), np.float64(20.460673866111), np.float64(20.460673866111), np.float64(20.460673866111), np.float64(20.460673866111), np.float64(20.460673866111), np.float64(20.460673866111), np.float64(20.460673866111)]
HOF ITEM
20.460673866111
3.01505695276819,0.03475328984074055,2.5120355290286236,-3.590916090957876,-3.787271178929166,-2.9312339658608018,4.739715082221074,1.4466264433461606,-2.1694739827476885,1.504530878137547,1.2267855077737857,-4.2866641880176,0.8017449975591934,3.0,2.5339375617293056
HOF ITEM
20.460743758040717
3.01505695276819,0.03475328984074055,2.5120355290286236,-3.573530513011244,-3.787271178929166,-2.9312339658608018,4.739715082221074,1.4215689199810857,-2.1694739827476885,1.504530878137547,1.2267855077737857,-4.2866641880176,0.8017449975591934,3.0,2.5339375617293056
HOF ITEM
20.4630619151476
3.01505695276819,0.03475328984074055,2.1507059244656217,-3.54135095535212,-3.787271178929166,-2.9312339658608018,4.739715082221074,1.4466264433461606,-2.1694739827476885,1.504530878137547,1.2267855077737857,-4.2866641880176,0.8017449975591934,3.0,2.5339375617293056
HOF ITEM
20.468534313134775
3.01505695276819,0.03475328984074055,2.5120355290286236,-3.590916090957876,-3.787271178929166,-2.9312339658608018,4.739715082221074,1.5928355823619396,-2.1694739827476885,1.504530878137547,1.2267855077737857,-4.150250070945451,0.8017449975591934,3.0,2.5339375617293056
HOF ITEM
20.501354172530117
3.01505695276819,0.03475328984074055,2.94630041994998,-3.590916090957876,-3.787271178929166,-2.9312339658608018,4.926651901250482,1.4466264433461606,-2.1694739827476885,1.504530878137547,1.2267855077737857,-4.2866641880176,0.8103097133040678,3.0,2.6802834207806656
seed 968
Initial fitness values: [np.float64(25.76951824489662), np.float64(24.772428489376807), np.float64(24.772428489376807), np.float64(24.02547025298714), np.float64(23.520671057361206), np.float64(23.30915964492827), np.float64(23.301276421236427), np.float64(22.7351332726937), np.float64(22.7351332726937), np.float64(22.574621396656905)]
Final fitness values: [np.float64(21.44488210276142), np.float64(21.44488199686256), np.float64(21.444876155960344), np.float64(21.444858162171013), np.float64(21.444858162171013), np.float64(21.444858053406943), np.float64(21.44485776564553), np.float64(21.444854967310768), np.float64(21.44484879803246), np.float64(21.44484879803246)]
HOF ITEM
21.44484879803246
2.8932993740167836,-0.10022582307079565,2.1892931083341036,7.0,-3.3877551492461135,6.314423539175127,4.39394023238332,1.007591119089426,0.017888576913256123,1.2952878913642245,3.0,-0.4523503372556363,6.91538068677475,0.1789661297270787,3.2009372793573188
HOF ITEM
21.444850506378213
2.8932993740167836,-0.10022582307079565,2.2155736353424933,7.0,-3.1807721704121916,6.391668826454517,4.329650248877117,1.2559916444052217,0.10979281085902964,1.2952878913642245,3.0,-0.4523503372556363,7.0,0.29032971610218355,3.1757482619281836
HOF ITEM
21.444854861303337
2.8932993740167836,-0.10022582307079565,2.1892931083341036,7.0,-3.2064434233714114,6.388727222519197,4.39394023238332,1.007591119089426,0.017888576913256123,1.2952878913642245,3.0,-0.4523503372556363,7.0,0.26830272385867104,3.4407465188601396
HOF ITEM
21.44485486338041
2.8932993740167836,-0.10022582307079565,2.1892931083341036,7.0,-3.2064434233714114,6.388727222519197,4.39394023238332,1.007591119089426,0.017888576913256123,1.2952878913642245,3.0,-0.4523503372556363,7.0,0.24354076497743624,3.356602761302253
HOF ITEM
21.44485488055743
2.8932993740167836,-0.10022582307079565,2.1892931083341036,7.0,-3.2064434233714114,6.388727222519197,4.39394023238332,1.007591119089426,0.017888576913256123,1.2952878913642245,3.0,-0.4523503372556363,7.0,0.1789661297270787,3.4407465188601396
seed 969
Initial fitness values: [np.float64(27.165337054254895), np.float64(25.450143005322584), np.float64(25.414829743021304), np.float64(25.37585450585531), np.float64(25.07355878577965), np.float64(24.92329758260038), np.float64(24.564163146168276), np.float64(24.473222230654233), np.float64(24.46379658774086), np.float64(24.37217299662919)]
Final fitness values: [np.float64(23.616052478418652), np.float64(23.616052478418652), np.float64(23.615322873260126), np.float64(23.615011345276287), np.float64(23.615010488970817), np.float64(23.615010488970817), np.float64(23.615010488970817), np.float64(23.615010488970817), np.float64(23.615010488970817), np.float64(23.615010488970817)]
HOF ITEM
23.615010488970817
5.897039685049687,-0.7039059546660915,-5.265418326040718,-2.019773837251723,-5.315962207431763,-2.389671957008249,6.872407156284873,3.0,1.076143108195854,1.773395612826711,1.85914636240863,-5.982047783893881,6.667866697041463,0.10321892498865964,-4.028170396649101
HOF ITEM
23.615010488970817
5.897039685049687,-0.7039059546660915,-5.265418326040718,-2.019773837251723,-5.315962207431763,-2.389671957008249,6.872407156284873,3.0,1.1400733356913386,1.773395612826711,1.85914636240863,-5.982047783893881,6.667866697041463,0.10321892498865964,-4.028170396649101
HOF ITEM
23.615010664649464
5.897039685049687,-0.7039059546660915,-5.265418326040718,-2.019773837251723,-5.315962207431763,-2.389671957008249,6.872407156284873,3.0,1.076143108195854,1.773395612826711,1.85914636240863,-5.982047783893881,6.424081476584919,0.2974040153373846,-4.028170396649101
HOF ITEM
23.615010664649464
5.897039685049687,-0.7039059546660915,-5.265418326040718,-2.019773837251723,-5.315962207431763,-2.389671957008249,6.723500735093005,3.0,1.076143108195854,1.773395612826711,1.85914636240863,-5.982047783893881,6.424081476584919,0.2974040153373846,-4.028170396649101
HOF ITEM
23.615010736121995
5.897039685049687,-0.7039059546660915,-5.265418326040718,-2.019773837251723,-5.315962207431763,-2.389671957008249,6.682599090415786,3.0,1.076143108195854,1.773395612826711,1.85914636240863,-5.982047783893881,6.323642224913901,0.3104390737834467,-4.028170396649101
best parameter set
fitness 19.859560787906624 seed 966
-1.306989288147668,1.4218016453494526,0.1908676470071132,3.220956434619065,5.774542988342501,2.038475329293336,-0.24878119542843974,2.941528079076157,1.4117365484386792,-0.34316940977592303,2.3842819062235936,-1.0720094718330133,1.529530030169709,0.9314172466553972,6.262282929260502
