seeds are [700 701 702 703 704 705 706 707 708 709]
seed 700
Initial fitness values: [np.float64(26.605549399527625), np.float64(24.441737656380568), np.float64(24.30720859450587), np.float64(24.099700302546026), np.float64(23.363965607338837), np.float64(22.558181758704055), np.float64(22.521801380310013), np.float64(22.005036334500314), np.float64(21.7641530402417), np.float64(21.63602696393053)]
Final fitness values: [np.float64(20.856278288339897), np.float64(20.856278288339897), np.float64(20.856278288339897), np.float64(20.856278288339897), np.float64(20.856278288339897), np.float64(20.856278288339897), np.float64(20.856234287161637), np.float64(20.856234287161637), np.float64(20.856234287161637), np.float64(20.856234287161637)]
HOF ITEM
20.856234287161637
-0.4948887065551529,1.2767792641524918,-0.5379178929662907,0.36280478215386935,5.146783697917107,6.174267277432952,0.3915567922546502,2.9557710888004634,4.192515357521708,1.647870061651394,1.2092041034041197,-4.211560842239657,4.768699527009169,2.187099291177228,1.6188064786370542
HOF ITEM
20.856234287161637
-0.4948887065551529,1.2767792641524918,-0.5379178929662907,0.36280478215386935,5.146783697917107,6.174267277432952,0.3915567922546502,2.9557710888004634,4.192515357521708,1.647870061651394,1.2092041034041197,-4.211560842239657,4.611386762318923,2.187099291177228,1.6188064786370542
HOF ITEM
20.856234287161637
-0.4948887065551529,1.2767792641524918,-0.5379178929662907,0.36280478215386935,5.146783697917107,6.174267277432952,0.3915567922546502,2.9557710888004634,4.192515357521708,1.647870061651394,1.2092041034041197,-4.211560842239657,4.768699527009169,2.203052230429085,1.845250802791004
HOF ITEM
20.856278288339897
-0.4948887065551529,1.2767792641524918,-0.5379178929662907,0.36280478215386935,5.146783697917107,6.210152388440801,0.3915567922546502,2.9557710888004634,4.192515357521708,1.647870061651394,1.2092041034041197,-4.211560842239657,4.768699527009169,2.187099291177228,1.6913685792173319
HOF ITEM
20.856278288339897
-0.4948887065551529,1.2767792641524918,-0.5379178929662907,0.36280478215386935,5.146783697917107,6.210152388440801,0.3915567922546502,2.9557710888004634,4.192515357521708,1.647870061651394,1.2092041034041197,-4.211560842239657,4.78145249164418,2.187099291177228,1.7350723098618213
seed 701
Initial fitness values: [np.float64(27.56009120856627), np.float64(25.153972227375807), np.float64(25.153972227375807), np.float64(25.153972227162665), np.float64(24.84884384895636), np.float64(24.811807789214363), np.float64(24.567283657222323), np.float64(24.567283657222323), np.float64(24.567283657222323), np.float64(23.72471240690811)]
Final fitness values: [np.float64(19.06180437631595), np.float64(19.054984486888007), np.float64(19.05353232000545), np.float64(19.05353232000545), np.float64(19.047025977174265), np.float64(19.047025977174265), np.float64(19.047025977174265), np.float64(19.04702597704113), np.float64(19.04702597704113), np.float64(19.04702597704113)]
HOF ITEM
19.04702597704113
-5.353809986229532,2.003401037553865,0.7369599647960101,0.8308380900750305,-1.0699975523690786,5.259021166447608,-4.791107467909922,1.82867546924387,-3.396256666742024,-4.1433348686515,0.8245351559448453,-3.244351941541492,3.093599728843026,0.9251718462415041,-0.7395883273692914
HOF ITEM
19.047025977174265
-5.353809986229532,2.003401037553865,0.7369599647960101,0.8308380900750305,-1.0699975523690786,5.259021166447608,-4.791107467909922,1.82867546924387,-3.396256666742024,-4.1433348686515,0.8245351559448453,-3.244351941541492,3.093599728843026,1.3322130661377265,-0.7395883273692914
HOF ITEM
19.053532319870264
-5.353809986229532,2.003401037553865,0.7369599647960101,0.8308380900750305,-1.0537991061093603,5.259021166447608,-4.791107467909922,1.82867546924387,-3.396256666742024,-4.1433348686515,0.8245351559448453,-3.244351941541492,3.093599728843026,0.9251718462415041,-0.7395883273692914
HOF ITEM
19.05353232000545
-5.353809986229532,2.003401037553865,0.7369599647960101,0.8308380900750305,-1.0537991061093603,5.259021166447608,-4.791107467909922,1.82867546924387,-3.396256666742024,-4.1433348686515,0.8245351559448453,-3.244351941541492,3.093599728843026,1.3322130661377265,-0.7395883273692914
HOF ITEM
19.054984486888007
-5.353809986229532,2.003401037553865,0.7369599647960101,0.8308380900750305,-1.0537991061093603,4.970783822959351,-4.791107467909922,1.82867546924387,-3.396256666742024,-4.1433348686515,0.8245351559448453,-3.244351941541492,3.093599728843026,1.3322130661377265,-0.7395883273692914
seed 702
Initial fitness values: [np.float64(28.31969286496841), np.float64(27.109684812246517), np.float64(25.756873465592847), np.float64(24.742798942417814), np.float64(24.5257321081059), np.float64(23.98090655397344), np.float64(23.062158733509982), np.float64(22.965165286583158), np.float64(22.391771548419946), np.float64(22.189174374140702)]
Final fitness values: [np.float64(21.182325319070863), np.float64(21.182325319070863), np.float64(21.17849393941968), np.float64(21.17849393941968), np.float64(21.17849393941968), np.float64(21.178036070918253), np.float64(21.177028467802018), np.float64(21.172279123312702), np.float64(21.172279123312702), np.float64(21.136257643601795)]
HOF ITEM
21.136257643601795
1.8969401586083667,0.274680741195783,-2.889050370533541,-4.536109475124607,2.4025326620310374,-2.5943939921116166,2.1418742520785887,1.3727607188332875,5.558618850844386,1.7673565763724572,1.4871092438221538,-2.2707848194864355,1.1687914828944965,3.0,-0.8231495870706099
HOF ITEM
21.172279123312702
1.8969401586083667,0.2707012931391115,-2.889050370533541,-4.536109475124607,2.4025326620310374,-2.5943939921116166,2.1418742520785887,1.4218316845583654,5.5407860711218015,1.7553840206212163,1.0955007840482875,-2.2707848194864355,1.1687914828944965,3.0,-0.8231495870706099
HOF ITEM
21.177028467802018
1.8969401586083667,0.2707012931391115,-2.889050370533541,-4.536109475124607,2.4025326620310374,-2.5943939921116166,2.1418742520785887,1.4974471384964456,5.558618850844386,1.7553840206212163,0.8218164885080463,-2.2707848194864355,1.1687914828944965,3.0,-0.8231495870706099
HOF ITEM
21.177085633147186
1.8969401586083667,0.2707012931391115,-2.889050370533541,-4.536109475124607,2.4025326620310374,-2.5943939921116166,2.1418742520785887,1.4974471384964456,5.558618850844386,1.7553840206212163,0.8734303048146312,-2.2707848194864355,1.1687914828944965,3.0,-0.8231495870706099
HOF ITEM
21.178036070918253
1.8969401586083667,0.2707012931391115,-2.889050370533541,-4.536109475124607,2.4025326620310374,-2.5943939921116166,2.1418742520785887,1.4974471384964456,5.558618850844386,1.7673565763724572,0.8218164885080463,-2.2707848194864355,1.1687914828944965,3.0,-0.8231495870706099
seed 703
Initial fitness values: [np.float64(25.730040728851165), np.float64(25.730002286249416), np.float64(23.900123103220448), np.float64(22.378733704648194), np.float64(21.844779614363976), np.float64(21.844779614363976), np.float64(21.844779614363976), np.float64(21.247040839206644), np.float64(21.247040839206644), np.float64(21.201099574336236)]
Final fitness values: [np.float64(20.63061884273555), np.float64(20.63061884273555), np.float64(20.62955044996644), np.float64(20.62955044996644), np.float64(20.62955044996644), np.float64(20.62955044996644), np.float64(20.62955044996644), np.float64(20.629421100073692), np.float64(20.62844515040594), np.float64(20.62844515040594)]
HOF ITEM
20.62844515040594
-4.661915708070322,1.6270402609592638,-4.5773446714024395,-6.281885852234208,-5.0846468019809405,-0.13793392422254816,-3.3168583822496944,2.311456881324691,1.9270634791501844,1.3814063119715145,2.896078956517939,5.309103817823717,1.1487916580181308,0.0,4.726740664269213
HOF ITEM
20.628845115612094
-4.661915708070322,1.6270402609592638,-4.5773446714024395,-6.281885852234208,-5.0846468019809405,-0.1075894687181728,-3.3168583822496944,2.311456881324691,1.9270634791501844,1.1606172336377139,2.896078956517939,5.695515224115959,1.0374718552180158,0.0,4.837954185850912
HOF ITEM
20.628845115612094
-4.661915708070322,1.6270402609592638,-4.5773446714024395,-6.281885852234208,-5.0846468019809405,-0.1075894687181728,-3.3168583822496944,2.311456881324691,1.9270634791501844,0.8673392318709621,2.896078956517939,5.695515224115959,1.0374718552180158,0.0,4.837954185850912
HOF ITEM
20.628946567161837
-4.661915708070322,1.6270402609592638,-4.5773446714024395,-6.281885852234208,-5.0846468019809405,-0.13793392422254816,-3.3168583822496944,2.311456881324691,1.9270634791501844,0.8673392318709621,2.896078956517939,5.6191831025705214,0.9487301968276893,0.0,4.6366095320897145
HOF ITEM
20.628946567161837
-4.661915708070322,1.6270402609592638,-4.5773446714024395,-6.281885852234208,-5.0846468019809405,-0.13793392422254816,-3.3168583822496944,2.311456881324691,1.9270634791501844,0.8673392318709621,2.628390299820097,5.6191831025705214,0.9487301968276893,0.0,4.6366095320897145
seed 704
Initial fitness values: [np.float64(25.275528829110236), np.float64(25.275528829110236), np.float64(23.696015961101963), np.float64(23.240153305402547), np.float64(21.94002713265886), np.float64(21.853498205978124), np.float64(21.814912304776996), np.float64(21.814912304776996), np.float64(21.792769854747874), np.float64(21.43158199117119)]
Final fitness values: [np.float64(20.83427727049216), np.float64(20.83407425409238), np.float64(20.83407425409238), np.float64(20.83406484556693), np.float64(20.83406365554559), np.float64(20.83406349026269), np.float64(20.83406331530254), np.float64(20.83406331530254), np.float64(20.83406331530254), np.float64(20.83406330704451)]
HOF ITEM
20.83406330704451
-0.29403923379921937,1.1825850144191656,0.9972304532256995,-2.3511907681980047,1.8816406187666959,5.036947336991109,5.492635849698935,1.471944238407704,4.186464405983547,2.48558188959506,2.4005336918682993,2.321061983833629,0.3115267765715577,3.0,-3.870274864930904
HOF ITEM
20.83406331106121
-0.29403923379921937,1.1825850144191656,0.9972304532256995,-2.3511907681980047,1.8816406187666959,5.036947336991109,5.568380856166784,1.411393867418437,3.8372966043387677,2.48558188959506,2.4005336918682993,2.321061983833629,0.3115267765715577,3.0,-3.870274864930904
HOF ITEM
20.83406331530254
-0.29403923379921937,1.1825850144191656,0.9972304532256995,-2.3511907681980047,1.8816406187666959,5.036947336991109,5.568380856166784,1.411393867418437,4.186464405983547,2.48558188959506,2.4005336918682993,2.321061983833629,0.3115267765715577,3.0,-3.870274864930904
HOF ITEM
20.834063346386944
-0.29403923379921937,1.1825850144191656,0.9972304532256995,-2.3511907681980047,1.8816406187666959,5.036947336991109,5.568380856166784,1.411393867418437,4.186464405983547,2.48558188959506,2.4005336918682993,2.2391223937731026,0.3115267765715577,3.0,-3.870274864930904
HOF ITEM
20.834063363709888
-0.29403923379921937,1.1825850144191656,0.9972304532256995,-2.3511907681980047,1.8816406187666959,5.036947336991109,5.568380856166784,1.411393867418437,4.186464405983547,2.48558188959506,2.4005336918682993,2.190365912365297,0.3115267765715577,3.0,-3.870274864930904
seed 705
Initial fitness values: [np.float64(24.277991896225824), np.float64(24.277991896225824), np.float64(24.072543455587684), np.float64(23.920214377267737), np.float64(23.861623661755537), np.float64(22.87121693963431), np.float64(22.87121693963431), np.float64(22.71297718274099), np.float64(22.440504100364322), np.float64(22.33044811265087)]
Final fitness values: [np.float64(19.103634599382147), np.float64(19.103634599382147), np.float64(19.103634599382147), np.float64(19.10345860298137), np.float64(19.10345860298137), np.float64(19.10345860298137), np.float64(19.066045127598258), np.float64(19.066045127598258), np.float64(19.066045127598258), np.float64(19.054560254252213)]
HOF ITEM
19.054560254252213
-4.324051059281382,2.1712860733552746,0.1252111683123438,3.9335036032463564,5.664819876770796,6.366041977347555,-2.6189926570973436,2.7096254545326737,-4.605511966423646,-6.059129576134739,2.257819000094563,2.772749281126752,-6.156131025797237,2.458338260821508,-5.665755720194143
HOF ITEM
19.064970997908134
-4.324051059281382,2.1712860733552746,0.2343537853299083,4.057422704377224,5.664819876770796,6.350292015529144,-2.4707950466244695,2.7096254545326737,-4.605511966423646,-6.428361912090467,2.257819000094563,2.7665560774255926,-6.156131025797237,2.458338260821508,-5.665755720194143
HOF ITEM
19.064970997908134
-4.324051059281382,2.1712860733552746,0.2343537853299083,4.057422704377224,5.664819876770796,6.350292015529144,-2.831047226966162,3.0,-5.304017180749431,-6.428361912090467,2.257819000094563,2.7665560774255926,-6.156131025797237,2.458338260821508,-5.665755720194143
HOF ITEM
19.064970997908233
-4.324051059281382,2.1712860733552746,0.2343537853299083,4.057422704377224,5.664819876770796,6.350292015529144,-2.8298875533331915,3.0,-4.605511966423646,-6.755138757465767,2.257819000094563,2.7665560774255926,-6.156131025797237,2.458338260821508,-5.665755720194143
HOF ITEM
19.064970997908254
-4.324051059281382,2.1712860733552746,0.2343537853299083,4.057422704377224,5.664819876770796,6.350292015529144,-2.831047226966162,3.0,-5.304017180749431,-6.860410258376296,2.257819000094563,2.7665560774255926,-6.156131025797237,2.458338260821508,-5.665755720194143
seed 706
Initial fitness values: [np.float64(26.71357295310515), np.float64(26.71357295310515), np.float64(25.267988791742326), np.float64(25.25220791440701), np.float64(24.82410584860587), np.float64(24.51343608477688), np.float64(24.51343608477688), np.float64(24.30923642203307), np.float64(24.3055318926327), np.float64(24.132883813204984)]
Final fitness values: [np.float64(22.253925528367557), np.float64(22.253925528367557), np.float64(22.253925528367557), np.float64(22.237016295074756), np.float64(22.237016295074756), np.float64(22.237016295074756), np.float64(22.237016295074756), np.float64(22.237016295074756), np.float64(22.237016295074756), np.float64(22.237016295074756)]
HOF ITEM
22.237016295074756
6.203808716408845,-0.817294153093159,-3.258650724698597,-5.202089426254566,4.382122363552555,-4.218485762724963,1.6049711707472665,2.9357168763977604,6.426431776054237,-5.108161847565163,2.2483279546704362,-4.397637887245009,5.916480902132496,2.2805348036655473,-1.1867732180525798
HOF ITEM
22.237016295074756
6.203808716408845,-0.817294153093159,-3.258650724698597,-5.202089426254566,4.382122363552555,-4.218485762724963,1.6049711707472665,2.9357168763977604,6.426431776054237,-5.108161847565163,2.1137011131471324,-4.397637887245009,5.916480902132496,2.2805348036655473,-1.1867732180525798
HOF ITEM
22.237016295074756
6.203808716408845,-0.817294153093159,-3.258650724698597,-5.202089426254566,4.382122363552555,-4.218485762724963,1.6049711707472665,2.9357168763977604,6.426431776054237,-5.175909569765454,2.0905010004670292,-4.397637887245009,5.916480902132496,2.99784751214273,-1.1867732180525798
HOF ITEM
22.237016295074756
6.203808716408845,-0.817294153093159,-3.258650724698597,-5.202089426254566,4.382122363552555,-4.218485762724963,1.6049711707472665,2.9357168763977604,6.426431776054237,-5.175909569765454,2.0905010004670292,-4.397637887245009,6.393568700601276,2.2805348036655473,-1.1867732180525798
HOF ITEM
22.237016295074756
6.203808716408845,-0.817294153093159,-3.258650724698597,-5.202089426254566,4.382122363552555,-4.218485762724963,1.6049711707472665,2.9357168763977604,6.426431776054237,-5.175909569765454,2.0905010004670292,-4.397637887245009,5.916480902132496,2.2805348036655473,-1.1867732180525798
seed 707
Initial fitness values: [np.float64(27.233264466948185), np.float64(25.006358216522894), np.float64(25.006358216522894), np.float64(23.10763583444892), np.float64(22.79968862213659), np.float64(22.76280892149332), np.float64(22.76280892149332), np.float64(22.750858183384878), np.float64(22.65757865962027), np.float64(22.65757865962027)]
Final fitness values: [np.float64(18.889953030359464), np.float64(18.889953030359464), np.float64(18.874015091779256), np.float64(18.873946133250744), np.float64(18.873946133250744), np.float64(18.873946133250744), np.float64(18.84994344174996), np.float64(18.78077184411362), np.float64(18.78077184411362), np.float64(18.78077184411362)]
HOF ITEM
18.78077184411362
-3.2167610564557174,1.945288058653066,-5.098567626240633,-0.06675807019830353,1.146857054283117,1.781482536218489,-1.636733158129334,2.46676543541967,-5.8595733137213735,-2.256245391301518,2.111164333212909,3.111898179405178,-2.3712538403033845,2.5294817681318933,-6.9487716713693075
HOF ITEM
18.786977076954116
-3.2167610564557174,1.8958418907672054,-4.853564900263046,-0.036193430150419814,1.3006154661495306,1.9767779383932031,-1.7482265107360682,2.5036220107836877,-5.460030319131127,-2.3038415876369656,2.111164333212909,3.624974208365539,-2.3712538403033845,2.511464486152474,-6.9487716713693075
HOF ITEM
18.787029293447485
-3.2167610564557174,1.8958418907672054,-4.853564900263046,-0.036193430150419814,1.3006154661495306,1.9767779383932031,-1.7482265107360682,2.5036220107836877,-5.053215615765681,-2.3038415876369656,2.111164333212909,3.624974208365539,-2.3712538403033845,2.511464486152474,-6.9487716713693075
HOF ITEM
18.78899080778895
-3.2167610564557174,1.8958418907672054,-4.853564900263046,-0.036193430150419814,1.3006154661495306,1.9767779383932031,-1.7482265107360682,2.046060280221691,-5.053215615765681,-2.3038415876369656,2.111164333212909,3.624974208365539,-2.3712538403033845,2.511464486152474,-6.9487716713693075
HOF ITEM
18.844082239759373
-3.2167610564557174,1.8958418907672054,-4.853564900263046,-0.036193430150419814,1.3006154661495306,1.9767779383932031,-2.172683839941378,2.046060280221691,-5.053215615765681,-2.3038415876369656,2.111164333212909,3.350483332736933,-2.3712538403033845,2.511464486152474,-6.9487716713693075
seed 708
Initial fitness values: [np.float64(26.144085233184867), np.float64(25.906482948872885), np.float64(25.524367815710026), np.float64(25.310632756695625), np.float64(24.64793863843945), np.float64(24.046276665517308), np.float64(24.046276665517308), np.float64(23.663353941417558), np.float64(23.663353941417558), np.float64(21.922511049208147)]
Final fitness values: [np.float64(20.73089700458738), np.float64(20.73089700458738), np.float64(20.729587308628787), np.float64(20.729587308628787), np.float64(20.729587308628787), np.float64(20.729587308628787), np.float64(20.729587308628787), np.float64(20.729587308628787), np.float64(20.729587308628787), np.float64(20.729587308628787)]
HOF ITEM
20.729587308628787
-6.364208628588172,1.5579824647705685,-4.30567691707226,5.224072648321425,3.9655167177623527,0.3494264714758434,0.5651087674808634,2.4010696026725435,-4.441039550798324,0.3727728226889011,2.129568336875623,-1.8166385788545105,-5.886587658168892,1.896372948728889,-5.7267701794399395
HOF ITEM
20.729587308628787
-6.364208628588172,1.5579824647705685,-4.30567691707226,5.224072648321425,3.9655167177623527,0.3494264714758434,0.4166756631811519,2.4010696026725435,-4.441039550798324,0.3727728226889011,2.129568336875623,-1.8166385788545105,-5.886587658168892,1.896372948728889,-5.7267701794399395
HOF ITEM
20.729587308628787
-6.364208628588172,1.5579824647705685,-4.30567691707226,5.224072648321425,3.9655167177623527,0.3494264714758434,0.8047543784570279,2.4010696026725435,-4.441039550798324,0.3727728226889011,2.129568336875623,-1.8166385788545105,-5.886587658168892,1.896372948728889,-5.7267701794399395
HOF ITEM
20.72958730862879
-6.364208628588172,1.5579824647705685,-4.30567691707226,5.224072648321425,3.9655167177623527,0.3494264714758434,0.8047543784570279,2.4010696026725435,-4.54244121363256,0.3727728226889011,1.920057024557543,-1.8166385788545105,-5.886587658168892,1.896372948728889,-5.7267701794399395
HOF ITEM
20.72958730862879
-6.364208628588172,1.5579824647705685,-4.30567691707226,5.224072648321425,3.9655167177623527,0.3494264714758434,0.4166756631811519,2.4010696026725435,-4.441039550798324,0.3727728226889011,1.920057024557543,-1.8166385788545105,-5.886587658168892,1.896372948728889,-5.7267701794399395
seed 709
Initial fitness values: [np.float64(27.67902137806745), np.float64(25.958250376707603), np.float64(25.36825307084468), np.float64(25.156442901289896), np.float64(25.00487494148191), np.float64(24.444224191893174), np.float64(23.480579191510802), np.float64(23.480579191510802), np.float64(22.840632325347553), np.float64(22.803576822807948)]
Final fitness values: [np.float64(20.560492754160983), np.float64(20.560492754160983), np.float64(20.560492754160983), np.float64(20.560492754160983), np.float64(20.560491295835046), np.float64(20.560490986680115), np.float64(20.560490986680115), np.float64(20.560490986680115), np.float64(20.560490553944636), np.float64(20.560490553944636)]
HOF ITEM
20.560490553944636
2.9930756464868495,-0.15167580248828555,-4.697018257780371,-0.8700546067311241,3.196234831763108,-2.3466565786936493,1.2943512451960626,3.0,3.744216622201103,5.4854114928143805,2.3329024637105618,-4.444243803767127,-5.9199160699658435,2.055750242300541,2.798870228210504
HOF ITEM
20.560490553944636
2.9930756464868495,-0.15167580248828555,-4.697018257780371,-0.8700546067311241,3.196234831763108,-2.3466565786936493,1.2943512451960626,3.0,3.744216622201103,5.4854114928143805,2.544401428605191,-4.349635600126172,-5.9199160699658435,2.055750242300541,2.798870228210504
HOF ITEM
20.560490668858886
2.9930756464868495,-0.15167580248828555,-4.697018257780371,-0.8700546067311241,3.196234831763108,-2.3466565786936493,1.2943512451960626,3.0,3.744216622201103,5.4854114928143805,1.9582922478760516,-4.444243803767127,-5.896652240922922,2.055750242300541,2.798870228210504
HOF ITEM
20.560490986680115
2.9930756464868495,-0.15167580248828555,-4.697018257780371,-0.8700546067311241,3.196234831763108,-2.3466565786936493,1.2943512451960626,3.0,3.744216622201103,5.4854114928143805,2.544401428605191,-4.444243803767127,-5.9199160699658435,2.008461697014689,2.798870228210504
HOF ITEM
20.560490986680115
2.9930756464868495,-0.15167580248828555,-4.697018257780371,-0.8700546067311241,3.196234831763108,-2.3466565786936493,1.2943512451960626,3.0,3.744216622201103,5.4854114928143805,2.544401428605191,-4.349635600126172,-5.9199160699658435,2.008461697014689,2.798870228210504
best parameter set
fitness 18.48845386781141 seed 707
-3.265434899987419,1.9469866701688878,-4.87286764621247,-0.0030722433950768884,1.2736876587351522,2.0255491885235988,-1.747597536430843,2.047231107014409,-5.05500538596812,-2.273491411224359,2.0849591239905734,3.597050473238402,-2.315177442009632,2.696693621643753,-6.98511963605345
