seeds are [600 601 602 603 604 605 606 607 608 609]
seed 600
Initial fitness values: [np.float64(51.94353071111851), np.float64(51.133942090416554), np.float64(48.982929302839295), np.float64(46.668426916248286), np.float64(46.668426916248286), np.float64(45.823035609650454), np.float64(45.57207970859756), np.float64(45.446865032930646), np.float64(45.446865032930646), np.float64(45.33715142814341)]
Final fitness values: [np.float64(43.06287173874843), np.float64(43.04608248604039), np.float64(43.04102461023148), np.float64(43.04080037404179), np.float64(43.04080037404179), np.float64(43.040800333593616), np.float64(43.03007656283736), np.float64(43.03007656283736), np.float64(43.02958617499578), np.float64(43.02958617499578)]
HOF ITEM
43.02958617499578
4.624490781115323,-0.5435469558016238,5.875022822117347,-1.1104047527185643,1.336259653080961,-1.1971049666931854,5.81925007635935,0.7946093898514122,5.579425110032421,-7.0,1.5661173104181085,4.446366406101395,1.682614694229202,1.2899222793358154,-2.7061392425581974
HOF ITEM
43.03007643955748
4.624490781115323,-0.5435469558016238,5.77248372059934,-1.7181901193093965,1.336259653080961,-1.1971049666931854,6.107564436641763,0.5514833036755444,5.579425110032421,-7.0,1.5661173104181085,4.446366406101395,1.682614694229202,1.2899222793358154,-2.7061392425581974
HOF ITEM
43.03007656283736
4.624490781115323,-0.5435469558016238,5.77248372059934,-1.7181901193093965,1.336259653080961,-1.1971049666931854,5.81925007635935,0.7946093898514122,5.579425110032421,-7.0,1.5661173104181085,4.446366406101395,1.682614694229202,1.2899222793358154,-2.7061392425581974
HOF ITEM
43.030076570666054
4.624490781115323,-0.5435469558016238,5.77248372059934,-1.7181901193093965,1.336259653080961,-1.1971049666931854,5.950307290210507,0.7946093898514122,5.590099587177478,-7.0,1.5661173104181085,4.446366406101395,1.682614694229202,1.2899222793358154,-2.7061392425581974
HOF ITEM
43.030076570924955
4.624490781115323,-0.5435469558016238,5.77248372059934,-1.7181901193093965,1.336259653080961,-1.1971049666931854,5.950307290210507,0.7946093898514122,5.579425110032421,-7.0,1.5661173104181085,4.446366406101395,1.682614694229202,1.2899222793358154,-2.7061392425581974
seed 601
Initial fitness values: [np.float64(49.63969731686462), np.float64(47.95684889761525), np.float64(47.21950835561941), np.float64(47.0709007566161), np.float64(46.91194310918069), np.float64(46.56949111827943), np.float64(46.56949111827943), np.float64(46.30120796044544), np.float64(46.18963959361429), np.float64(46.03590209993909)]
Final fitness values: [np.float64(42.78615852956337), np.float64(42.78389697579617), np.float64(42.78389697579568), np.float64(42.75065526522199), np.float64(42.75065526522199), np.float64(42.72876762968277), np.float64(42.72876762968277), np.float64(42.72876762968277), np.float64(42.72876762968277), np.float64(42.72876762968277)]
HOF ITEM
42.72876762968277
2.1277639005287905,0.14389967916590166,-2.842057050862088,-5.712413532824456,-0.4254917625470759,-0.7738484766482472,5.536092958933615,1.5126197621026927,-4.493123312310406,-2.858985878196119,2.3598968252725916,3.2742545787729447,0.8282228511515086,0.9985962989144331,-5.7424899344806395
HOF ITEM
42.72876762968277
2.1277639005287905,0.14389967916590166,-2.842057050862088,-5.712413532824456,-0.4254917625470759,-0.7738484766482472,5.536092958933615,1.5126197621026927,-4.478960046373503,-2.858985878196119,2.3598968252725916,3.2742545787729447,0.8282228511515086,0.9985962989144331,-5.7424899344806395
HOF ITEM
42.72876762968318
2.1277639005287905,0.14389967916590166,-2.842057050862088,-5.712413532824456,-0.4254917625470759,-0.7738484766482472,5.691296467075029,1.5126197621026927,-4.493123312310406,-2.858985878196119,2.3598968252725916,3.2742545787729447,0.8282228511515086,0.9985962989144331,-5.7424899344806395
HOF ITEM
42.72876762968319
2.1277639005287905,0.14389967916590166,-2.842057050862088,-5.712413532824456,-0.4254917625470759,-0.7738484766482472,5.691296467075029,1.5126197621026927,-4.478960046373503,-2.858985878196119,2.3598968252725916,3.2742545787729447,0.8282228511515086,0.9985962989144331,-5.7424899344806395
HOF ITEM
42.728767629683524
2.1277639005287905,0.14389967916590166,-2.842057050862088,-5.712413532824456,-0.4254917625470759,-0.7738484766482472,5.536092958933615,1.7422764241748014,-4.310607753291063,-2.858985878196119,2.3598968252725916,3.2742545787729447,0.8282228511515086,0.9985962989144331,-5.7424899344806395
seed 602
Initial fitness values: [np.float64(50.32258035962054), np.float64(50.03230406011446), np.float64(49.66374036204657), np.float64(49.22901773608339), np.float64(47.86578132628334), np.float64(47.74715191241686), np.float64(47.37499520223599), np.float64(47.24660638095756), np.float64(46.90021484829338), np.float64(46.87886921057582)]
Final fitness values: [np.float64(46.6418577109376), np.float64(46.6418577109376), np.float64(46.6418577109376), np.float64(46.6418577109376), np.float64(46.6418577109376), np.float64(46.6418577109376), np.float64(46.64179668923293), np.float64(46.64179668923293), np.float64(46.64170739641862), np.float64(46.64165981007348)]
HOF ITEM
46.64165981007348
5.412789027859084,-0.7340476781030316,1.532389816905729,-5.005848699841618,0.08810092637935538,-6.628577802824434,5.122838408840262,2.3241471320594425,-7.0,0.3580360041253037,0.0,-4.825875432697075,1.7716464813832555,1.322308067354417,-7.0
HOF ITEM
46.64170739641862
5.412789027859084,-0.7340476781030316,1.5655014597973775,-5.005848699841618,0.03838832373519738,-6.608553500624049,5.397582009986374,2.534940827016861,-7.0,0.41778221500135054,0.0,-4.825875432697075,1.7716464813832555,1.322308067354417,-7.0
HOF ITEM
46.64170739641862
5.412789027859084,-0.7340476781030316,1.5655014597973775,-5.005848699841618,0.03838832373519738,-6.608553500624049,5.397582009986374,2.3680838222287,-6.83826713757813,0.41778221500135054,0.0,-4.825875432697075,1.7716464813832555,1.322308067354417,-7.0
HOF ITEM
46.641723552325104
5.412789027859084,-0.7340476781030316,1.532389816905729,-5.005848699841618,0.03838832373519738,-6.608553500624049,5.584450030322794,2.534940827016861,-7.0,0.41778221500135054,0.0,-4.825875432697075,1.7716464813832555,1.322308067354417,-7.0
HOF ITEM
46.64179668923293
5.412789027859084,-0.7340476781030316,1.532389816905729,-5.005848699841618,0.08810092637935538,-6.628577802824434,5.122838408840262,2.3241471320594425,-7.0,0.3580360041253037,0.0,-4.974486474301214,1.7716464813832555,1.322308067354417,-7.0
seed 603
Initial fitness values: [np.float64(51.8638940650169), np.float64(51.8638940650169), np.float64(48.88696752383529), np.float64(48.40181056420858), np.float64(46.89448994471291), np.float64(46.499870393568244), np.float64(46.18907855859183), np.float64(44.45057805118205), np.float64(44.45057805118205), np.float64(44.099627790437104)]
Final fitness values: [np.float64(43.058566164316765), np.float64(43.058566164316765), np.float64(43.058566164316765), np.float64(43.058566164316765), np.float64(43.058566164316765), np.float64(43.058566164316765), np.float64(43.058566164316765), np.float64(43.058566164316765), np.float64(43.058566164316765), np.float64(43.058566164316765)]
HOF ITEM
43.058566164316765
1.335459422504627,0.38032789649105325,2.9073177813340045,2.0571735897207972,-7.0,-6.286482723788327,-2.559957635096123,2.556110021633368,-0.40684907143495663,1.4130389678173008,0.9874312625264321,-5.839163344159727,2.38566620575905,0.9253529938901233,-3.032792359762151
HOF ITEM
43.059733480929
1.335459422504627,0.38032789649105325,2.9073177813340045,2.0571735897207972,-7.0,-6.286482723788327,-2.559957635096123,2.556110021633368,-0.40684907143495663,1.4130389678173008,0.9874312625264321,-5.839163344159727,2.38566620575905,0.9253529938901233,-2.864195850034745
HOF ITEM
43.06025232519385
1.335459422504627,0.38032789649105325,3.068593633771929,2.2193696970262766,-7.0,-6.286482723788327,-2.5613632010020204,2.556110021633368,-0.40684907143495663,1.4130389678173008,0.9874312625264321,-5.741346881348897,2.38566620575905,0.9253529938901233,-3.1979321843280664
HOF ITEM
43.06166004241469
1.335459422504627,0.38032789649105325,2.9073177813340045,2.0571735897207972,-7.0,-6.286482723788327,-2.559957635096123,2.556110021633368,-0.40684907143495663,1.4130389678173008,0.9874312625264321,-5.519296140528489,2.8210808790663062,0.5496992170442552,-3.032792359762151
HOF ITEM
43.06204746667554
1.335459422504627,0.38032789649105325,2.9073177813340045,2.0571735897207972,-7.0,-6.286482723788327,-2.559957635096123,2.556110021633368,-0.40684907143495663,1.4130389678173008,0.9874312625264321,-5.519296140528489,2.8210808790663062,0.5496992170442552,-2.864195850034745
seed 604
Initial fitness values: [np.float64(52.07097335753444), np.float64(50.48654238143102), np.float64(48.05327841712789), np.float64(44.392022989139015), np.float64(44.392022989139015), np.float64(44.392022989139015), np.float64(44.14863987660447), np.float64(44.14863987660447), np.float64(43.46656338702747), np.float64(43.46656338702747)]
Final fitness values: [np.float64(41.154480729498715), np.float64(41.15447266478741), np.float64(41.15447266478741), np.float64(41.15447085312562), np.float64(41.153632245986095), np.float64(41.152976545321486), np.float64(41.152976545321486), np.float64(41.151949065896325), np.float64(41.15186964045382), np.float64(41.151850515770114)]
HOF ITEM
41.151850515770114
0.6275473647033104,0.8439190788373636,3.7983272023902406,-2.533933625005679,4.911371630237431,6.259879600419596,4.726605723081186,0.06556876349799867,-0.537092252278992,2.7305891045339683,1.0875538620945726,-3.5222113474614987,0.8117796862790033,3.0,-2.3409037706494775
HOF ITEM
41.151850543026185
0.6275473647033104,0.8439190788373636,3.7983272023902406,-2.5811708976717913,4.911371630237431,6.259879600419596,4.726605723081186,0.06556876349799867,-0.537092252278992,2.7305891045339683,1.0875538620945726,-3.650185935448818,0.8117796862790033,3.0,-2.3409037706494775
HOF ITEM
41.15186791032
0.6275473647033104,0.8439190788373636,3.7983272023902406,-2.5811708976717913,4.911371630237431,6.259879600419596,4.683253320515226,0.06556876349799867,-0.537092252278992,2.7305891045339683,1.0875538620945726,-3.5222113474614987,0.8117796862790033,3.0,-2.3409037706494775
HOF ITEM
41.15186964045382
0.6275473647033104,0.8439190788373636,3.7983272023902406,-2.5811708976717913,4.911371630237431,6.259879600419596,4.726605723081186,0.06556876349799867,-0.537092252278992,2.7305891045339683,1.0875538620945726,-3.5222113474614987,0.8117796862790033,3.0,-2.3409037706494775
HOF ITEM
41.15192997460461
0.6275473647033104,0.8439190788373636,3.7983272023902406,-2.8053968619140845,4.911371630237431,6.259879600419596,4.726605723081186,0.06556876349799867,-0.537092252278992,2.7305891045339683,1.0875538620945726,-3.650185935448818,0.8117796862790033,3.0,-2.3409037706494775
seed 605
Initial fitness values: [np.float64(51.26756387501544), np.float64(49.806887073254195), np.float64(47.25079596943064), np.float64(47.25079596943064), np.float64(47.25079596943064), np.float64(46.802679385398136), np.float64(46.5807705734329), np.float64(46.398938092692056), np.float64(46.268529375240504), np.float64(46.144129051572904)]
Final fitness values: [np.float64(39.09494933575813), np.float64(39.09494933575813), np.float64(39.09494933575813), np.float64(39.09494933575813), np.float64(38.937178518706084), np.float64(38.937178518706084), np.float64(38.937178518706084), np.float64(38.91877929126634), np.float64(38.91877929126634), np.float64(38.86489640718817)]
HOF ITEM
38.86489640718817
5.36925689334202,-0.7736890950813445,-3.2676345882578435,-3.901636397415919,-3.251950653154937,1.050770813898598,0.7148940978230585,3.0,-4.381801133527015,1.312529693563428,3.0,-1.064057763571327,-3.7057332281477438,2.633276258364244,-1.3902218867833276
HOF ITEM
38.91877929126634
5.36925689334202,-0.7736890950813445,-3.237884519183303,-3.901636397415919,-3.251950653154937,0.6151674309625377,0.7020331678263341,3.0,-4.60932230326079,1.312529693563428,3.0,-1.0594174614745877,-4.283069500981249,2.633276258364244,-1.0689980882926409
HOF ITEM
38.92575132880034
5.36925689334202,-0.7736890950813445,-3.2676345882578435,-3.901636397415919,-3.251950653154937,1.050770813898598,0.7020331678263341,3.0,-4.732194579754785,1.312529693563428,3.0,-1.0594174614745877,-4.323681434115129,2.633276258364244,-1.6465462716220702
HOF ITEM
38.937178518706084
5.36925689334202,-0.7736890950813445,-3.2676345882578435,-3.901636397415919,-3.251950653154937,1.050770813898598,0.7020331678263341,3.0,-4.381801133527015,1.312529693563428,3.0,-1.0594174614745877,-4.323681434115129,2.633276258364244,-1.3902218867833276
HOF ITEM
38.937178518706084
5.36925689334202,-0.7736890950813445,-3.2676345882578435,-3.901636397415919,-3.251950653154937,1.050770813898598,0.7020331678263341,3.0,-4.381801133527015,1.312529693563428,3.0,-1.0594174614745877,-4.076117187384006,2.633276258364244,-1.3902218867833276
seed 606
Initial fitness values: [np.float64(46.11813157563089), np.float64(46.11813157563089), np.float64(44.63322667588649), np.float64(43.692067288768996), np.float64(43.692067288768996), np.float64(42.74290395393505), np.float64(42.74290395393505), np.float64(42.11508141538055), np.float64(42.11508141538055), np.float64(42.11508141538055)]
Final fitness values: [np.float64(41.05572003485689), np.float64(41.055715495436125), np.float64(41.05571549542875), np.float64(41.05571549542875), np.float64(41.05570745084404), np.float64(41.05570745084404), np.float64(41.05570739035691), np.float64(41.05570736206272), np.float64(41.055707361993754), np.float64(41.05570733781466)]
HOF ITEM
41.05570733781466
-0.472562573916063,1.2362585820305299,0.5605776188596511,-4.482193299043035,7.0,-1.738147723503452,-6.234108138931557,1.3882668080000058,-5.319215523203759,4.009888676769667,2.6675556182221936,-1.9757482514661173,0.3663380153586389,2.872189911069024,-0.48692028841064466
HOF ITEM
41.055707361993754
-0.472562573916063,1.2362585820305299,0.5605776188596511,-4.482193299043035,7.0,-1.738147723503452,-5.872758095207562,1.3882668080000058,-5.142090317443376,4.203046654366035,2.7303876371011806,-1.7984793556468976,0.3663380153586389,2.872189911069024,-0.48692028841064466
HOF ITEM
41.055707361993754
-0.472562573916063,1.2362585820305299,0.5605776188596511,-4.482193299043035,7.0,-1.738147723503452,-5.872758095207562,1.3882668080000058,-5.142090317443376,4.203046654366035,2.798381612650462,-1.5431133319528443,0.3663380153586389,2.872189911069024,-0.48692028841064466
HOF ITEM
41.05570736206272
-0.472562573916063,1.2362585820305299,0.5605776188596511,-4.482193299043035,7.0,-1.738147723503452,-6.234108138931557,1.3882668080000058,-5.142090317443376,4.009888676769667,2.7303876371011806,-1.5431133319528443,0.3663380153586389,2.872189911069024,-0.48692028841064466
HOF ITEM
41.05570736206272
-0.472562573916063,1.2362585820305299,0.5605776188596511,-4.482193299043035,7.0,-1.738147723503452,-6.234108138931557,1.3882668080000058,-5.142090317443376,4.203046654366035,2.798381612650462,-1.5431133319528443,0.3663380153586389,2.872189911069024,-0.48692028841064466
seed 607
Initial fitness values: [np.float64(48.709551504176694), np.float64(46.33727038058146), np.float64(46.089680486757636), np.float64(43.616612130714316), np.float64(43.616612130714316), np.float64(43.36697422649694), np.float64(42.706521491163926), np.float64(42.42666775607869), np.float64(42.29683917282039), np.float64(42.29683917282039)]
Final fitness values: [np.float64(38.22174216932846), np.float64(38.22174216932846), np.float64(38.22174216932846), np.float64(38.22174216932846), np.float64(38.22174216932846), np.float64(38.22174216932846), np.float64(38.22174216932846), np.float64(38.22174216932846), np.float64(38.22174216932846), np.float64(38.22174216932846)]
HOF ITEM
38.22174216932846
-5.1423313434476565,1.824578436840004,0.5420483441751288,-1.8921514370611983,1.6582625430505336,1.9567437939131498,-1.5759694227744747,0.8742422371934548,-0.3072822301641778,-3.902933161468365,2.2015229920196417,-1.5307593926630108,-2.3972397658474334,1.1457367652080475,6.367014040684849
HOF ITEM
38.221812430079495
-5.1423313434476565,1.824578436840004,0.5420483441751288,-1.8921514370611983,1.6582625430505336,1.9567437939131498,-1.5759694227744747,0.9282376644758523,-0.36790894734216323,-3.902933161468365,2.2015229920196417,-1.5307593926630108,-2.3972397658474334,1.1457367652080475,6.367014040684849
HOF ITEM
38.221852651315956
-5.1423313434476565,1.824578436840004,0.5420483441751288,-1.8921514370611983,1.6582625430505336,1.9567437939131498,-1.521304229258173,0.8742422371934548,-0.3072822301641778,-3.902933161468365,2.2015229920196417,-1.5307593926630108,-2.3972397658474334,1.1457367652080475,6.367014040684849
HOF ITEM
38.22225893327547
-5.1423313434476565,1.824578436840004,0.5420483441751288,-1.8921514370611983,1.6582625430505336,1.9567437939131498,-1.5759694227744747,1.0562326672338518,-0.3072822301641778,-3.902933161468365,2.2015229920196417,-1.5307593926630108,-2.3972397658474334,1.1457367652080475,6.367014040684849
HOF ITEM
38.222316016788966
-5.1423313434476565,1.824578436840004,0.5420483441751288,-1.8921514370611983,1.6582625430505336,1.9567437939131498,-1.521304229258173,1.0562326672338518,-0.3072822301641778,-3.902933161468365,2.2015229920196417,-1.5307593926630108,-2.3972397658474334,1.1457367652080475,6.367014040684849
seed 608
Initial fitness values: [np.float64(54.492750262007654), np.float64(52.282702193104065), np.float64(50.81986630322151), np.float64(49.2109883309341), np.float64(48.16591408341096), np.float64(46.945406606804134), np.float64(45.10678036103086), np.float64(44.87142088241759), np.float64(44.87142088241759), np.float64(44.37015982195913)]
Final fitness values: [np.float64(42.160244331095754), np.float64(42.160244331095754), np.float64(42.160244331095754), np.float64(42.146115836047535), np.float64(42.14412083018016), np.float64(42.14412083018016), np.float64(42.14142173605874), np.float64(42.14142173605874), np.float64(42.14142173605874), np.float64(42.14142173605874)]
HOF ITEM
42.14142173605874
3.303857555029623,-0.25960127169708025,-7.0,3.0841397591207538,6.622666569403883,-3.036383011174183,4.927422419291537,2.1616600792283043,-3.841390974846821,1.7726104351969612,1.9274766033527335,-6.332963601361139,1.1438285872532064,3.0,-3.4402784862939972
HOF ITEM
42.14142173641771
3.303857555029623,-0.25960127169708025,-7.0,3.0841397591207538,6.622666569403883,-3.036383011174183,4.927422419291537,1.8915537295301528,-4.168145523781798,1.7726104351969612,1.9274766033527335,-6.332963601361139,1.1438285872532064,3.0,-3.4402784862939972
HOF ITEM
42.142066374067795
3.303857555029623,-0.25960127169708025,-7.0,3.0841397591207538,6.615372460949668,-3.036383011174183,4.927422419291537,2.1616600792283043,-3.841390974846821,1.7726104351969612,1.9274766033527335,-6.332963601361139,1.1438285872532064,3.0,-3.4402784862939972
HOF ITEM
42.142066374427124
3.303857555029623,-0.25960127169708025,-7.0,3.0841397591207538,6.615372460949668,-3.036383011174183,4.927422419291537,1.8915537295301528,-3.841390974846821,1.7726104351969612,1.9274766033527335,-6.332963601361139,1.1438285872532064,3.0,-3.4402784862939972
HOF ITEM
42.14206637442804
3.303857555029623,-0.25960127169708025,-7.0,3.0841397591207538,6.615372460949668,-3.036383011174183,4.927422419291537,1.8915537295301528,-3.964564965711639,1.7726104351969612,1.9274766033527335,-6.332963601361139,1.1438285872532064,3.0,-3.4402784862939972
seed 609
Initial fitness values: [np.float64(55.11297713964176), np.float64(47.30022295595914), np.float64(47.131387509711516), np.float64(47.12506064047355), np.float64(47.05724678202617), np.float64(46.974378388286375), np.float64(46.957330618447685), np.float64(46.838247637601334), np.float64(46.878412719804196), np.float64(46.634285133841416)]
Final fitness values: [np.float64(43.31127137762193), np.float64(43.30950608429125), np.float64(43.30950608429125), np.float64(43.30950608429125), np.float64(43.308968872527515), np.float64(43.308968872527515), np.float64(43.308968872527515), np.float64(43.308968872527515), np.float64(43.308968872527515), np.float64(43.308968872527515)]
HOF ITEM
43.308968872527515
5.673133754521689,-0.8585566563908256,6.279009884823441,3.7509319743481724,0.11877796019613426,-0.1972463965670726,1.3558226682472618,3.0,2.8884616640296388,2.2122527568334993,2.130948912145851,-2.119780808601986,4.30889289520265,2.1966207017599078,-1.720932765625449
HOF ITEM
43.308968872527515
5.673133754521689,-0.8585566563908256,6.279009884823441,3.7509319743481724,0.11877796019613426,-0.1972463965670726,1.3558226682472618,3.0,2.8884616640296388,2.2122527568334993,2.130948912145851,-2.119780808601986,4.703805989065427,2.1966207017599078,-1.720932765625449
HOF ITEM
43.30896888889443
5.673133754521689,-0.8585566563908256,6.279009884823441,3.7509319743481724,0.11877796019613426,-0.1972463965670726,1.3558226682472618,3.0,2.8884616640296388,2.2122527568334993,2.130948912145851,-2.119780808601986,4.703805989065427,1.8526547636793214,-1.3181512328930487
HOF ITEM
43.30896889087734
5.673133754521689,-0.8585566563908256,6.279009884823441,3.7509319743481724,0.11877796019613426,-0.1972463965670726,1.3558226682472618,3.0,2.8884616640296388,2.2122527568334993,2.130948912145851,-2.119780808601986,4.703805989065427,1.8526547636793214,-1.720932765625449
HOF ITEM
43.30896907558946
5.673133754521689,-0.8585566563908256,6.279009884823441,3.7509319743481724,0.11877796019613426,-0.1972463965670726,1.3558226682472618,3.0,2.8884616640296388,2.2122527568334993,2.130948912145851,-2.119780808601986,4.30889289520265,1.8526547636793214,-1.3181512328930487
best parameter set
fitness 38.21693023252747 seed 607
-5.142405961744281,1.8243893829883493,0.5420321385640267,-1.8921574181354686,1.6583371661781183,1.9566913582571572,-1.575969509341025,0.8742420845436332,-0.3072823320566397,-3.9025948013517016,2.201471066962542,-1.5306915015169629,-2.397240683611482,1.1457801393354106,6.36701441377612
