seeds are [300 301 302 303 304 305 306 307 308 309]
seed 300
Initial fitness values: [np.float64(50.82477188637371), np.float64(49.41245616911645), np.float64(48.50032517569491), np.float64(47.223794715729966), np.float64(47.223794715729966), np.float64(46.847673145118236), np.float64(46.8129832178705), np.float64(46.8129832178705), np.float64(46.8129832178705), np.float64(46.74619251739815)]
Final fitness values: [np.float64(46.64779200057815), np.float64(46.64779200057815), np.float64(46.64779200057815), np.float64(46.64779197757541), np.float64(46.647791755887006), np.float64(46.647791755887006), np.float64(46.647791755887006), np.float64(46.647791755887006), np.float64(46.647791755887006), np.float64(46.64779163726886)]
HOF ITEM
46.64779163726886
4.674580859246472,-0.5605280724363166,-7.0,2.9644823573057772,4.379688928799938,5.488813743478501,2.938403010367802,1.3211152200390508,6.054086476760304,3.574320666779866,2.6242001889417264,-1.8302032710081755,5.038158424337293,2.350554919401817,2.793521790211516
HOF ITEM
46.647791755887006
4.674580859246472,-0.5605280724363166,-7.0,2.9644823573057772,4.379688928799938,5.3762286824156265,2.938403010367802,1.3211152200390508,6.054086476760304,3.8659956371865283,2.5681119571271593,-1.5998028139591822,4.779559635294392,2.2014547647482625,2.793521790211516
HOF ITEM
46.647791755887006
4.674580859246472,-0.5605280724363166,-7.0,2.9644823573057772,4.379688928799938,5.3762286824156265,2.938403010367802,1.3211152200390508,6.054086476760304,3.574320666779866,2.3221720743198175,-1.5998028139591822,4.779559635294392,2.2014547647482625,2.793521790211516
HOF ITEM
46.647791755887006
4.674580859246472,-0.5605280724363166,-7.0,2.9644823573057772,4.379688928799938,5.3762286824156265,2.938403010367802,1.3211152200390508,6.054086476760304,3.574320666779866,2.5681119571271593,-1.5998028139591822,4.779559635294392,2.4094598471789435,2.793521790211516
HOF ITEM
46.647791755887006
4.674580859246472,-0.5605280724363166,-7.0,2.9644823573057772,4.379688928799938,5.3762286824156265,2.938403010367802,1.3211152200390508,6.054086476760304,3.8659956371865283,2.5681119571271593,-1.5998028139591822,4.779559635294392,2.4094598471789435,2.793521790211516
seed 301
Initial fitness values: [np.float64(52.26908685351419), np.float64(51.75684592832622), np.float64(49.90565020737232), np.float64(49.19960819624965), np.float64(47.67594613757367), np.float64(47.643674310599714), np.float64(47.64237882265576), np.float64(46.81316261810899), np.float64(46.788378813566844), np.float64(46.696883426430624)]
Final fitness values: [np.float64(41.19889054506157), np.float64(41.196593142992725), np.float64(41.196593142992725), np.float64(41.19088625608404), np.float64(41.19088625608404), np.float64(41.190346560085), np.float64(41.18898319337821), np.float64(41.187638452651676), np.float64(41.18577659778722), np.float64(41.180235543395085)]
HOF ITEM
41.180235543395085
1.2133819230276726,0.5842322289947723,6.142871579984147,0.10371254685887549,0.13070275937841835,5.698553249374078,4.653714078511203,1.2536505161584321,0.6823866452613776,1.0745766972297675,3.0,-0.4557437821289258,0.5437005994216473,3.0,5.471509065336055
HOF ITEM
41.18424816160535
1.2133819230276726,0.5842322289947723,5.792523961532577,0.7968489502711995,-0.03526298602324035,5.708267653759566,4.740168105381452,1.2240511375984306,0.9369451110383323,1.0745766972297675,3.0,-0.4557437821289258,0.5712622806696812,2.9702443017826115,5.896633851974122
HOF ITEM
41.18425758346388
1.2133819230276726,0.5842322289947723,5.801884855869017,0.4904410750452861,-0.03526298602324035,5.899259932848583,4.600798063835079,1.7204913540355045,0.9369451110383323,1.0745766972297675,3.0,-0.4557437821289258,0.5437005994216473,3.0,5.118359494738596
HOF ITEM
41.18538564066244
1.2133819230276726,0.5842322289947723,5.792523961532577,0.7968489502711995,-0.03526298602324035,5.899259932848583,4.600798063835079,1.7204913540355045,1.2127735682219414,1.0745766972297675,3.0,-0.4557437821289258,0.6069034113561156,2.923559773780517,5.791370984042972
HOF ITEM
41.18577659778722
1.2133819230276726,0.5842322289947723,5.792523961532577,0.7968489502711995,-0.03526298602324035,5.708267653759566,4.740168105381452,1.2240511375984306,0.9369451110383323,1.0745766972297675,3.0,-0.4557437821289258,0.5712622806696812,2.852384774391025,5.087771517941041
seed 302
Initial fitness values: [np.float64(51.47117134629361), np.float64(51.1137030980714), np.float64(48.20338709303204), np.float64(47.41409863278918), np.float64(45.876004674183896), np.float64(44.583238713145306), np.float64(44.583238713145306), np.float64(44.43014452359716), np.float64(44.43014452353159), np.float64(44.43014452353159)]
Final fitness values: [np.float64(44.308957203915114), np.float64(44.308957203915114), np.float64(44.308957203915114), np.float64(44.308957203915114), np.float64(44.308957203915114), np.float64(44.308957203915114), np.float64(44.308957203915114), np.float64(44.308957203915114), np.float64(44.308957203915114), np.float64(44.308957203915114)]
HOF ITEM
44.308957203915114
6.273854288954866,-1.5713825584016412,4.827812368282062,-1.9297009026524434,-0.689073714178571,0.6950528073906769,2.6357433975901916,0.698155777617128,-6.392245635269721,6.116538047544569,1.7609247502663365,-3.617725833951249,1.1688187447162661,2.240214091357902,-1.3689134725816814
HOF ITEM
44.308957203915114
6.273854288954866,-1.5713825584016412,4.827812368282062,-1.9297009026524434,-0.689073714178571,0.6950528073906769,2.6357433975901916,0.698155777617128,-6.392245635269721,6.116538047544569,1.7609247502663365,-3.5993921617696,1.1688187447162661,2.240214091357902,-1.3689134725816814
HOF ITEM
44.308957203915114
6.273854288954866,-1.5713825584016412,4.827812368282062,-1.9297009026524434,-0.689073714178571,0.6950528073906769,2.6357433975901916,0.698155777617128,-6.392245635269721,5.997833588589256,1.7609247502663365,-3.5993921617696,1.1688187447162661,2.240214091357902,-1.3689134725816814
HOF ITEM
44.308957203915114
6.273854288954866,-1.5713825584016412,4.827812368282062,-1.9297009026524434,-0.689073714178571,0.6950528073906769,2.6357433975901916,0.698155777617128,-6.392245635269721,5.997833588589256,1.7609247502663365,-3.617725833951249,1.1688187447162661,2.240214091357902,-1.3689134725816814
HOF ITEM
44.30895731098183
6.273854288954866,-1.5713825584016412,4.827812368282062,-1.9297009026524434,-0.689073714178571,0.6950528073906769,2.6357433975901916,0.698155777617128,-6.392245635269721,5.7670478910078895,1.4581851500844354,-3.848047505353025,1.1688187447162661,2.240214091357902,-1.3689134725816814
seed 303
Initial fitness values: [np.float64(54.59588380542793), np.float64(52.01773395193237), np.float64(49.86446188530428), np.float64(48.20309942113929), np.float64(48.20309942113929), np.float64(46.90001526861704), np.float64(46.00890302688693), np.float64(45.49448483425925), np.float64(43.79284412007773), np.float64(42.2154991641429)]
Final fitness values: [np.float64(40.89381889120738), np.float64(40.89381889120738), np.float64(40.88846322149501), np.float64(40.88846322149501), np.float64(40.88846322149501), np.float64(40.86515708366685), np.float64(40.86515708366685), np.float64(40.86508295665189), np.float64(40.82936157301389), np.float64(40.82936157301389)]
HOF ITEM
40.82936157301389
-7.0,1.5913311346910421,-1.5381620830255354,-0.9461836141873465,5.915832624295858,3.2960749926093587,-5.08569168418953,1.2204515203021937,-4.997526667868192,-6.627585662733161,1.810237416246353,-6.252815861938447,3.554645020572942,1.342568669525786,-4.556244014482014
HOF ITEM
40.86402059203761
-7.0,1.5911492851558104,-1.3700175838100062,-1.0682254563296665,5.915832624295858,2.9707956052140543,-5.08569168418953,1.0878024260576877,-4.939727191698426,-6.627585662733161,1.810237416246353,-6.252815861938447,3.671807631246575,0.9704850137019014,-4.068778719419031
HOF ITEM
40.86508295665189
-7.0,1.5913311346910421,-1.3700175838100062,-1.0682254563296665,5.915832624295858,2.9768244655376526,-5.08569168418953,1.0878024260576877,-4.977852267843147,-6.627585662733161,1.810237416246353,-6.252815861938447,3.554645020572942,1.1001954521114126,-3.8033365370042427
HOF ITEM
40.865082956652
-7.0,1.5913311346910421,-1.3700175838100062,-1.0682254563296665,5.915832624295858,2.9768244655376526,-5.08569168418953,1.0878024260576877,-4.977852267843147,-6.627585662733161,1.810237416246353,-6.252815861938447,3.554645020572942,1.1001954521114126,-4.655050854036576
HOF ITEM
40.86508295666752
-7.0,1.5913311346910421,-1.3700175838100062,-1.0682254563296665,5.915832624295858,2.9768244655376526,-5.08569168418953,1.0878024260576877,-4.977852267843147,-6.627585662733161,1.810237416246353,-6.252815861938447,3.8231876430617704,0.8978350465907589,-4.068778719419031
seed 304
Initial fitness values: [np.float64(50.92843098188223), np.float64(48.20937561361652), np.float64(46.0072130334052), np.float64(44.79495247991072), np.float64(42.397550111088286), np.float64(42.01326888818219), np.float64(40.973530559691895), np.float64(40.973530559691895), np.float64(40.80456216836423), np.float64(40.292113985634714)]
Final fitness values: [np.float64(39.32908725307451), np.float64(39.32908725307451), np.float64(39.32908725307451), np.float64(39.32908725307451), np.float64(39.32908725307451), np.float64(39.32908725307451), np.float64(39.32908725307451), np.float64(39.32908725307451), np.float64(39.32908725307451), np.float64(39.32908725307451)]
HOF ITEM
39.32908725307451
-1.4390080189610988,1.4293403343743583,3.7651652573859513,-1.8175477309781012,-1.6387520077362496,3.8553757770372656,1.8531014422528804,1.1387800793193554,0.4793394860515185,6.112248655079338,0.027676273788481587,4.469611141391848,-0.8110908413532645,2.3655226766625437,-5.205529012771059
HOF ITEM
39.32909871595958
-1.4390080189610988,1.4293403343743583,3.7651652573859513,-1.8175477309781012,-1.6387520077362496,3.8553757770372656,1.7677316902752531,1.1387800793193554,0.4793394860515185,6.112248655079338,0.027676273788481587,4.469611141391848,-0.8110908413532645,2.3655226766625437,-5.205529012771059
HOF ITEM
39.32909908480474
-1.4390080189610988,1.4293403343743583,3.7651652573859513,-1.8175477309781012,-1.6387520077362496,3.8553757770372656,1.9135473095219808,1.1387800793193554,0.6799446086850791,6.112248655079338,0.027676273788481587,4.469611141391848,-0.8110908413532645,2.3655226766625437,-5.205529012771059
HOF ITEM
39.329211855237915
-1.4390080189610988,1.4293403343743583,3.7959746652311765,-1.8175477309781012,-1.6387520077362496,3.8553757770372656,1.8531014422528804,1.1387800793193554,0.4793394860515185,6.112248655079338,0.027676273788481587,4.469611141391848,-0.8110908413532645,2.3655226766625437,-5.205529012771059
HOF ITEM
39.3292229717749
-1.4390080189610988,1.4293403343743583,3.7959746652311765,-1.8175477309781012,-1.6387520077362496,3.8553757770372656,1.7677316902752531,1.1387800793193554,0.4793394860515185,6.112248655079338,0.027676273788481587,4.469611141391848,-0.8110908413532645,2.3655226766625437,-5.205529012771059
seed 305
Initial fitness values: [np.float64(53.06861521927784), np.float64(46.68432941839851), np.float64(46.68432941839851), np.float64(46.00897904113701), np.float64(46.00897904113701), np.float64(44.660256356374944), np.float64(43.67263704045392), np.float64(43.655071790308355), np.float64(43.38421611778822), np.float64(42.48966946304296)]
Final fitness values: [np.float64(40.75160063598434), np.float64(40.75160063598434), np.float64(40.75160063598434), np.float64(40.740041370821096), np.float64(40.740041370821096), np.float64(40.740041370821096), np.float64(40.74004137055428), np.float64(40.74004137055428), np.float64(40.74004137055428), np.float64(40.74004137055428)]
HOF ITEM
40.74004137055428
-4.033340722828804,1.6131475014867882,-0.3287232773023223,2.6246730256051647,0.3088700059354314,-6.442317980993854,-2.699787073528913,2.532825302672165,3.3084362692638565,0.4421814485953045,2.378052830259163,-4.259937873604494,2.602995290026704,2.847342399833481,-2.78249267442796
HOF ITEM
40.74004137055428
-4.033340722828804,1.6131475014867882,-0.3287232773023223,2.6246730256051647,0.3088700059354314,-6.442317980993854,-2.699787073528913,2.532825302672165,3.3084362692638565,0.4421814485953045,2.378052830259163,-4.1759003292832935,2.602995290026704,2.847342399833481,-2.78249267442796
HOF ITEM
40.74004137055428
-4.033340722828804,1.6131475014867882,-0.3287232773023223,2.6246730256051647,0.3088700059354314,-6.442317980993854,-2.699787073528913,2.532825302672165,3.3084362692638565,0.4421814485953045,2.378052830259163,-4.259937873604494,2.2477481936000854,2.847342399833481,-2.78249267442796
HOF ITEM
40.740041370821096
-4.033340722828804,1.6131475014867882,-0.3287232773023223,2.6246730256051647,0.3088700059354314,-6.442317980993854,-2.699787073528913,2.532825302672165,3.3084362692638565,0.4421814485953045,2.1583115847681196,-4.1759003292832935,2.2477481936000854,2.847342399833481,-2.78249267442796
HOF ITEM
40.740041370821096
-4.033340722828804,1.6131475014867882,-0.3287232773023223,2.6246730256051647,0.3088700059354314,-6.442317980993854,-2.699787073528913,2.532825302672165,3.3084362692638565,0.4421814485953045,2.1583115847681196,-4.1759003292832935,2.602995290026704,2.847342399833481,-2.78249267442796
seed 306
Initial fitness values: [np.float64(47.93762425501559), np.float64(47.93762425501559), np.float64(44.194449730694814), np.float64(44.194449730694814), np.float64(43.384430415333696), np.float64(39.992037193298664), np.float64(39.992037193298664), np.float64(39.94933339266777), np.float64(39.94933339266777), np.float64(39.94933339266777)]
Final fitness values: [np.float64(39.6324711507456), np.float64(39.53284155573233), np.float64(39.53284155573233), np.float64(39.53284155573233), np.float64(38.827388848776195), np.float64(38.827388848776195), np.float64(38.827388848776195), np.float64(38.159759035236696), np.float64(38.159759035236696), np.float64(38.159759035236696)]
HOF ITEM
38.159759035236696
-1.5356575683752853,1.3815346150947,2.9760968232231053,-0.2270608866990772,6.16902617146616,5.343787285909044,-0.39355439837960515,2.25276535153081,6.1403673278372555,5.418277492869947,3.0,-2.1396129806011053,-3.1407068269444296,2.886192263581606,2.177715697970673
HOF ITEM
38.18718288836398
-1.5356575683752853,1.3815346150947,2.9760968232231053,-0.2270608866990772,6.394684100325425,5.343787285909044,-0.39355439837960515,2.619230178940978,6.363456387127152,5.4807675779432286,3.0,-2.1396129806011053,-3.2296666609966866,2.886192263581606,2.085916574695186
HOF ITEM
38.22530036699263
-1.5356575683752853,1.3815346150947,2.9760968232231053,-0.1952546062832013,6.16902617146616,5.343787285909044,-0.39355439837960515,2.25276535153081,6.1403673278372555,5.418277492869947,3.0,-2.1396129806011053,-3.1407068269444296,2.886192263581606,2.177715697970673
HOF ITEM
38.22530036699263
-1.5356575683752853,1.3815346150947,2.9760968232231053,-0.1952546062832013,6.16902617146616,5.343787285909044,-0.39355439837960515,2.25276535153081,6.1403673278372555,5.418277492869947,3.0,-2.018947883744671,-3.1407068269444296,2.886192263581606,2.177715697970673
HOF ITEM
38.22530036699263
-1.5356575683752853,1.3815346150947,2.9760968232231053,-0.1952546062832013,6.16902617146616,5.343787285909044,-0.39355439837960515,2.25276535153081,6.1403673278372555,5.418277492869947,2.847096514553512,-2.1396129806011053,-3.1407068269444296,2.886192263581606,2.177715697970673
seed 307
Initial fitness values: [np.float64(52.60886772051333), np.float64(49.610108818257224), np.float64(47.1254119140986), np.float64(47.1254119140986), np.float64(46.395237421631656), np.float64(46.148739998828965), np.float64(44.612538573398226), np.float64(44.612538573398226), np.float64(43.741939861102686), np.float64(43.58632259865472)]
Final fitness values: [np.float64(37.54660286879526), np.float64(37.54660286879526), np.float64(37.54660286879526), np.float64(37.46001098222901), np.float64(37.25848222094313), np.float64(37.25848222094313), np.float64(37.05838545531675), np.float64(37.05838545531675), np.float64(37.05838545531675), np.float64(37.03793759326015)]
HOF ITEM
37.03793759326015
1.9946574239162616,0.1423328670861288,1.9513659873616216,1.1934069933717468,-0.10718015394668376,1.668741490824187,0.16944566761906188,1.9626568998026759,-4.606554136225257,1.151023119475518,0.2396285288183327,-4.8641912074051685,-2.8817282546541185,2.264323689462935,4.634036906804947
HOF ITEM
37.05838545531675
1.9946574239162616,0.1423328670861288,1.9513659873616216,1.1934069933717468,-0.10718015394668376,1.622730528959012,0.195814845090669,1.9626568998026759,-4.463182794334076,1.151023119475518,0.2396285288183327,-4.94332169907957,-2.8817282546541185,2.264323689462935,4.166828811127416
HOF ITEM
37.05904616290914
1.9946574239162616,0.1423328670861288,1.9513659873616216,1.1934069933717468,-0.10718015394668376,1.622730528959012,0.195814845090669,1.9626568998026759,-4.463182794334076,1.151023119475518,0.2396285288183327,-4.9595037053954965,-2.8817282546541185,2.264323689462935,4.166828811127416
HOF ITEM
37.115985121401614
1.9946574239162616,0.1423328670861288,1.9513659873616216,1.1934069933717468,-0.10718015394668376,1.6698825285745516,0.195814845090669,1.9626568998026759,-4.463182794334076,1.151023119475518,0.2396285288183327,-4.9595037053954965,-2.8817282546541185,2.264323689462935,4.166828811127416
HOF ITEM
37.1813095322125
1.9946574239162616,0.1423328670861288,1.9513659873616216,1.1934069933717468,-0.10718015394668376,1.6698825285745516,0.195814845090669,1.9626568998026759,-4.463182794334076,1.151023119475518,0.2396285288183327,-4.94332169907957,-2.9517979435508868,2.3151988658591565,4.166828811127416
seed 308
Initial fitness values: [np.float64(51.22315979616928), np.float64(49.24554840726709), np.float64(47.59597000746498), np.float64(46.768621273994995), np.float64(45.24337056629283), np.float64(45.042452112567545), np.float64(44.486429965597594), np.float64(43.74416248596412), np.float64(42.940264013650406), np.float64(42.7276239058214)]
Final fitness values: [np.float64(39.15974988101602), np.float64(38.967087078170835), np.float64(38.967087078170835), np.float64(38.967087078170835), np.float64(38.967087078170835), np.float64(38.967087078170835), np.float64(38.768111837572626), np.float64(38.768111837572626), np.float64(38.768111837572626), np.float64(38.768111837572626)]
HOF ITEM
38.768111837572626
-1.735464825812592,1.5179949536382285,-1.4840213938123508,-5.495839536605676,-3.617669228919144,2.850451437899955,-5.938203725489938,1.0911007886578852,1.3194214042997432,2.9431278402105563,0.7095320065609746,6.6018144753681645,-1.1201973235997438,2.4356373155459328,-6.700350230170901
HOF ITEM
38.80181238773515
-1.735464825812592,1.5179949536382285,-1.4840213938123508,-5.495839536605676,-3.584718587470014,2.850451437899955,-6.137063011998751,1.0911007886578852,1.3194214042997432,2.9431278402105563,0.7095320065609746,6.6018144753681645,-1.1201973235997438,2.4356373155459328,-6.700350230170901
HOF ITEM
38.80206007385685
-1.735464825812592,1.5179949536382285,-1.4840213938123508,-5.495839536605676,-3.584718587470014,2.850451437899955,-5.938203725489938,1.0911007886578852,1.3194214042997432,2.9431278402105563,0.7095320065609746,6.6018144753681645,-1.1201973235997438,2.4356373155459328,-6.700350230170901
HOF ITEM
38.83779871432998
-1.735464825812592,1.5179949536382285,-1.4840213938123508,-5.495839536605676,-3.03842753126755,3.2644280147893654,-5.62499888890788,1.0911007886578852,1.3194214042997432,2.9431278402105563,0.6851411323988869,6.782970456832322,-1.1201973235997438,2.4568601694854024,-6.700350230170901
HOF ITEM
38.93949627028113
-1.735464825812592,1.5179949536382285,-1.4840213938123508,-5.983262699285682,-3.584718587470014,2.850451437899955,-6.137063011998751,1.0524138127758904,1.0595051447171102,3.0547845768962194,0.7095320065609746,6.6018144753681645,-1.1201973235997438,2.437027349744415,-6.613391058138803
seed 309
Initial fitness values: [np.float64(45.225733490720025), np.float64(44.92195183222445), np.float64(44.92195183222445), np.float64(44.60067292334293), np.float64(44.60067292334293), np.float64(44.59149520411069), np.float64(44.59149520411069), np.float64(44.584287705784874), np.float64(44.584287705784874), np.float64(44.575842740342146)]
Final fitness values: [np.float64(41.98185934128312), np.float64(41.98185934128312), np.float64(41.98185934128312), np.float64(41.98185934128312), np.float64(41.98185934128312), np.float64(41.98185934128312), np.float64(41.98185934128312), np.float64(41.98185934128312), np.float64(41.98185934128312), np.float64(41.98185934128312)]
HOF ITEM
41.98185934128312
-2.7807117370023806,1.1114243746127075,1.0198616501235265,5.055835165787705,-4.003176123771068,-4.634407340150872,2.4604547468920575,3.0,1.7065165780698428,-0.6471856169217316,1.0972408386182333,-3.743433811436639,-6.6819721028706445,3.0,-2.3237311657481166
HOF ITEM
41.98185934128312
-2.7807117370023806,1.1114243746127075,1.0198616501235265,5.055835165787705,-4.003176123771068,-4.634407340150872,2.4604547468920575,3.0,1.7065165780698428,-0.6471856169217316,1.0972408386182333,-3.743433811436639,-6.411872278990937,3.0,-2.3237311657481166
HOF ITEM
41.98337916318479
-2.7807117370023806,1.1114243746127075,1.0198616501235265,5.055835165787705,-4.003176123771068,-4.634407340150872,2.309332540693682,3.0,1.5902015334923165,-0.6471856169217316,1.0972408386182333,-3.594884244048777,-6.488640411984297,2.993499775444386,-2.3237311657481166
HOF ITEM
41.98412628185096
-2.7807117370023806,1.1114243746127075,1.0198616501235265,5.055835165787705,-4.003176123771068,-4.634407340150872,2.4604547468920575,3.0,1.46195035126821,-0.6471856169217316,1.0972408386182333,-3.8178448836870196,-6.835483715882224,3.0,-2.3237311657481166
HOF ITEM
41.98412628185096
-2.7807117370023806,1.1114243746127075,1.0198616501235265,5.055835165787705,-4.003176123771068,-4.634407340150872,2.4604547468920575,3.0,1.5146518810435596,-0.6471856169217316,1.0972408386182333,-3.8178448836870196,-6.6819721028706445,3.0,-2.3237311657481166
best parameter set
fitness 36.27418146812003 seed 307
1.963766426292456,0.14605352291353685,1.8909525135638563,1.2715765091866533,-0.07412348723677617,1.6190662083462222,0.13506684524256907,1.9713825481432634,-4.464713996347579,1.0856231284722881,0.18320743437455655,-4.960503226579343,-2.8837469821265356,2.316597882559241,4.168309463303678
