seeds are [610 611 612 613 614 615 616 617 618 619]
seed 610
Initial fitness values: [np.float64(27.574626240227847), np.float64(25.48261422453161), np.float64(25.17146653391773), np.float64(24.185420830612777), np.float64(24.046874705373472), np.float64(23.952695526453837), np.float64(23.952695526453837), np.float64(23.753672237757513), np.float64(23.753661856023488), np.float64(23.577038141323552)]
Final fitness values: [np.float64(22.24840635498244), np.float64(22.247607740739507), np.float64(22.179882652073704), np.float64(22.179882652073704), np.float64(22.179882652073704), np.float64(22.137996907721426), np.float64(22.118517190674773), np.float64(22.118517190674773), np.float64(22.05503874855266), np.float64(21.985022692504803)]
HOF ITEM
21.985022692504803
6.609463685633323,-0.8942024291779749,-4.630914916524365,-3.196788549861773,3.1442613198528333,-7.0,-4.053818808293867,2.33016154521357,5.724633906851644,1.3634532364590142,1.4884398999271742,4.396846742366873,1.561700117938229,3.0,-0.6607123397081552
HOF ITEM
22.05503874855266
6.609463685633323,-0.8942024291779749,-5.1150263623200125,-3.5068639664110854,3.4018578062442506,-7.0,-4.053818808293867,2.33016154521357,5.724633906851644,1.3634532364590142,1.4884398999271742,4.396846742366873,1.561700117938229,3.0,-0.6714543788852907
HOF ITEM
22.07216176696386
6.609463685633323,-0.8942024291779749,-4.949958124766639,-3.120691472277598,2.4073135556519594,-6.668666812027103,-4.726232369320072,1.7304552239593645,4.766084115222509,1.608715313160698,0.8091750852569112,4.34934467775386,1.561700117938229,2.867041276427773,-0.7123305739474863
HOF ITEM
22.081003686729254
6.609463685633323,-0.8942024291779749,-4.630914916524365,-3.196788549861773,3.1442613198528333,-6.783882807807687,-4.293583805095805,1.8973375374577146,5.157326342953879,1.4907001022137907,1.3882439808154783,4.396846742366873,1.561700117938229,3.0,-0.6584389236872285
HOF ITEM
22.094879731952215
6.609463685633323,-0.8942024291779749,-4.630914916524365,-3.4745496579819726,3.2554652123044154,-6.74200850334937,-4.293583805095805,1.8973375374577146,5.4301563654227225,1.608715313160698,1.3882439808154783,4.396846742366873,1.561700117938229,3.0,-0.6714543788852907
seed 611
Initial fitness values: [np.float64(26.743119294682835), np.float64(26.105843245268172), np.float64(24.81609535366735), np.float64(24.607624298242566), np.float64(24.604660010440156), np.float64(24.422361379175562), np.float64(24.314963569155758), np.float64(24.158432935017302), np.float64(24.079484613237355), np.float64(24.005762390204715)]
Final fitness values: [np.float64(21.998777547201943), np.float64(21.99877754528233), np.float64(21.991223831696676), np.float64(21.991220918185025), np.float64(21.98598616805919), np.float64(21.98227120784544), np.float64(21.969174079525516), np.float64(21.96917383049945), np.float64(21.966372146013633), np.float64(21.962788441446307)]
HOF ITEM
21.962788441446307
3.240607448668412,0.0009868889152893218,-4.820254481442872,-2.6406832868340255,-5.6668367958559065,4.426302212354452,5.470203134432383,1.7061410216487527,1.2238282626460575,1.47996241082165,3.0,-0.5127806734926154,4.215614948704602,0.0,0.6052365220134084
HOF ITEM
21.96382630386403
3.240607448668412,0.0009868889152893218,-4.820254481442872,-2.568941715165838,-5.593742019628443,4.8879327032056334,5.319764267421894,2.502624508179036,1.0393108801581197,1.47996241082165,3.0,-0.5127806734926154,3.399329304192182,0.0755450793247425,0.8658624258405825
HOF ITEM
21.96637207165666
3.240607448668412,0.0009868889152893218,-4.820254481442872,-2.5491828192233545,-5.6668367958559065,4.930602340902857,5.223642217243987,1.899857848035175,0.8847837589816727,1.47996241082165,3.0,-0.5127806734926154,3.7668383260973606,0.0,0.2790299751893497
HOF ITEM
21.966372146013633
3.240607448668412,0.0009868889152893218,-4.820254481442872,-2.5491828192233545,-5.6668367958559065,4.930602340902857,5.223642217243987,1.899857848035175,0.8847837589816727,1.47996241082165,3.0,-0.5127806734926154,3.9829426270725907,0.0,0.2790299751893497
HOF ITEM
21.96670140930412
3.240607448668412,0.0009868889152893218,-4.943935450235029,-2.5491828192233545,-5.6820457777664295,4.8879327032056334,5.4340457846996975,2.4419839829783863,0.9486382479393604,1.47996241082165,3.0,-0.5127806734926154,3.7668383260973606,0.0,0.6052365220134084
seed 612
Initial fitness values: [np.float64(26.81817957575877), np.float64(26.431060370102387), np.float64(26.431060370102387), np.float64(25.88434132753779), np.float64(25.88434132753779), np.float64(25.369661159019643), np.float64(25.182439753687785), np.float64(24.508164071853493), np.float64(24.113429875350544), np.float64(24.113429875350544)]
Final fitness values: [np.float64(20.75267175826347), np.float64(20.75267175826347), np.float64(20.748868372833755), np.float64(20.747876242049824), np.float64(20.746668410993955), np.float64(20.746668410993955), np.float64(20.746668410993944), np.float64(20.746666778649253), np.float64(20.746654313768484), np.float64(20.746654313768484)]
HOF ITEM
20.746654313768484
-1.2703173666633334,1.424206512842264,-0.7348171516705141,-4.585459373710126,-0.6661767286283071,-2.8834329325477293,6.281475518763935,1.6543571648347175,3.473122752432794,-0.26031320967735216,3.0,-1.9898143757399671,1.945561965348224,1.8927047431289397,-2.355850024937154
HOF ITEM
20.746654313768495
-1.2703173666633334,1.424206512842264,-0.7348171516705141,-4.585459373710126,-0.6661767286283071,-2.8834329325477293,6.281475518763935,1.6543571648347175,2.862896901804361,-0.26031320967735216,3.0,-1.9898143757399671,1.945561965348224,1.8927047431289397,-2.355850024937154
HOF ITEM
20.746666136320314
-1.2703173666633334,1.424206512842264,-0.7348171516705141,-4.585459373710126,-0.6661767286283071,-2.8834329325477293,6.281475518763935,1.6543571648347175,2.862896901804361,-0.26031320967735216,3.0,-1.9898143757399671,2.0183494020516233,1.8927047431289397,-2.7205075480685377
HOF ITEM
20.746666778649253
-1.2703173666633334,1.424206512842264,-0.7348171516705141,-4.585459373710126,-0.6661767286283071,-2.8834329325477293,6.281475518763935,1.6543571648347175,3.349500432217597,-0.26031320967735216,3.0,-1.9898143757399671,2.0183494020516233,1.8927047431289397,-2.355850024937154
HOF ITEM
20.74666677864926
-1.2703173666633334,1.424206512842264,-0.7348171516705141,-4.585459373710126,-0.6661767286283071,-2.8834329325477293,6.281475518763935,1.6543571648347175,2.862896901804361,-0.26031320967735216,3.0,-1.9898143757399671,2.0183494020516233,1.8927047431289397,-2.355850024937154
seed 613
Initial fitness values: [np.float64(26.744308426240924), np.float64(26.285231090978105), np.float64(25.450280170265476), np.float64(24.55115933508133), np.float64(24.55115933508133), np.float64(24.31500860204229), np.float64(23.41570957550132), np.float64(22.57093768244697), np.float64(22.57093768244697), np.float64(22.057464921215747)]
Final fitness values: [np.float64(20.774443872119903), np.float64(20.774443872119903), np.float64(20.774443872119903), np.float64(20.774443872119903), np.float64(20.774443872119903), np.float64(20.774443872119903), np.float64(20.774443872119903), np.float64(20.774443872119903), np.float64(20.774443872119903), np.float64(20.774443872119903)]
HOF ITEM
20.774443872119903
-2.1794890308567703,1.555462544350458,3.257555153295462,-4.164656259263402,-2.050563367160887,2.6122654743665588,2.7019688509980098,0.980052617612698,4.612592935708604,6.447201947604171,2.8361993102025935,-1.4849114302235062,-1.128724739266707,2.9951589509491607,-4.134491963034042
HOF ITEM
20.774443872119903
-2.1794890308567703,1.555462544350458,3.257555153295462,-4.164656259263402,-2.050563367160887,2.6122654743665588,2.7019688509980098,0.980052617612698,4.612592935708604,6.290403874040472,2.8361993102025935,-1.4849114302235062,-1.128724739266707,2.9951589509491607,-4.134491963034042
HOF ITEM
20.774443872119903
-2.1794890308567703,1.555462544350458,3.257555153295462,-4.164656259263402,-2.050563367160887,2.6122654743665588,2.7019688509980098,0.980052617612698,4.612592935708604,6.447201947604171,2.9805993781961737,-1.6348900910646182,-1.128724739266707,2.9951589509491607,-4.134491963034042
HOF ITEM
20.774443872119903
-2.1794890308567703,1.555462544350458,3.257555153295462,-4.164656259263402,-2.050563367160887,2.6122654743665588,2.7019688509980098,0.980052617612698,4.612592935708604,6.447201947604171,2.8361993102025935,-1.7989580526810236,-1.128724739266707,2.9951589509491607,-4.134491963034042
HOF ITEM
20.774443872119903
-2.1794890308567703,1.555462544350458,3.257555153295462,-4.164656259263402,-2.050563367160887,2.6122654743665588,2.7019688509980098,0.980052617612698,4.612592935708604,6.447201947604171,2.8361993102025935,-1.6348900910646182,-1.128724739266707,2.9951589509491607,-4.134491963034042
seed 614
Initial fitness values: [np.float64(24.28114292035842), np.float64(23.26753397791401), np.float64(22.02956777064674), np.float64(21.679768466197153), np.float64(21.405900296262388), np.float64(21.23094035448066), np.float64(21.23094035448066), np.float64(21.058852908469216), np.float64(21.058852908469216), np.float64(21.025262337564868)]
Final fitness values: [np.float64(19.897764208008446), np.float64(19.897764208008446), np.float64(19.897764208008446), np.float64(19.850223465721285), np.float64(19.850223465721285), np.float64(19.850223465642266), np.float64(19.8390617188436), np.float64(19.788654622784176), np.float64(19.788654622784176), np.float64(19.78865462271666)]
HOF ITEM
19.78865462271666
1.3250149189475984,0.5586327047416866,-4.982113429931984,-4.838741447244861,-4.163565317751599,-5.613713564268033,0.3097598432294256,3.0,-1.5904489402673536,5.29924194573983,1.8466503445930087,1.5270804150990014,1.0824637088213047,3.0,-0.8674545462499225
HOF ITEM
19.788654622784176
1.3250149189475984,0.5586327047416866,-4.982113429931984,-4.838741447244861,-4.163565317751599,-5.613713564268033,0.3097598432294256,3.0,-1.5904489402673536,5.3650033583336105,2.0061753720306132,1.2699160136728647,1.0824637088213047,3.0,-0.8674545462499225
HOF ITEM
19.806365892152982
1.3250149189475984,0.5586327047416866,-4.661537362664513,-4.623441361670688,-4.322496313725252,-5.548422819081486,0.3097598432294256,3.0,-1.0750727210952915,5.533537699685339,2.2042058123338184,1.5270804150990014,1.0824637088213047,3.0,-0.8674545462499225
HOF ITEM
19.806365892152982
1.3250149189475984,0.5586327047416866,-4.661537362664513,-4.623441361670688,-4.322496313725252,-5.548422819081486,0.3097598432294256,3.0,-1.0750727210952915,5.29924194573983,2.2042058123338184,1.5270804150990014,1.0824637088213047,3.0,-0.8674545462499225
HOF ITEM
19.829219376012965
1.3250149189475984,0.5586327047416866,-4.982113429931984,-4.838741447244861,-4.090337333206038,-5.613713564268033,0.3097598432294256,3.0,-1.5904489402673536,5.3650033583336105,2.0061753720306132,1.2699160136728647,1.0824637088213047,3.0,-0.8674545462499225
seed 615
Initial fitness values: [np.float64(28.80612424802872), np.float64(22.21126223683553), np.float64(22.21126223683553), np.float64(20.57100477516002), np.float64(20.123691057814618), np.float64(19.64864072253987), np.float64(19.41788282681288), np.float64(19.402722862621015), np.float64(19.402722862621015), np.float64(19.134458666936254)]
Final fitness values: [np.float64(17.998775627475506), np.float64(17.998775627475506), np.float64(17.998775627475506), np.float64(17.9987753625147), np.float64(17.9987753625147), np.float64(17.99875676533024), np.float64(17.99875676533024), np.float64(17.99875653958525), np.float64(17.99875653958525), np.float64(17.99875653958525)]
HOF ITEM
17.99875653958525
0.6848547866006156,1.3872010559819383,4.543143137804929,5.876565794151903,0.5683323652093224,-1.3977483421098629,-5.013129630923101,1.5320462489491058,0.7984364892224148,1.3072533918575173,1.2104370157417772,-6.025016681062158,0.7245185027624504,0.753558011374916,3.0056896339920334
HOF ITEM
17.99875676533024
0.6848547866006156,1.3872010559819383,4.543143137804929,5.876565794151903,0.5683323652093224,-1.3977483421098629,-4.677989310982628,1.7390697239585755,0.7984364892224148,1.3072533918575173,1.2104370157417772,-6.025016681062158,0.7245185027624504,0.753558011374916,3.0056896339920334
HOF ITEM
17.998756801264275
0.6848547866006156,1.3872010559819383,4.543143137804929,5.876565794151903,0.5683323652093224,-1.3977483421098629,-5.013129630923101,1.7390697239585755,0.7984364892224148,1.3072533918575173,1.2104370157417772,-6.025016681062158,0.7245185027624504,0.753558011374916,3.0056896339920334
HOF ITEM
17.998756804546094
0.6848547866006156,1.3872010559819383,4.543143137804929,5.876565794151903,0.5683323652093224,-1.3977483421098629,-5.1435342087713085,1.7390697239585755,0.7984364892224148,1.3072533918575173,1.2104370157417772,-6.025016681062158,0.7245185027624504,0.753558011374916,3.0056896339920334
HOF ITEM
17.998774366908464
0.6848547866006156,1.3872010559819383,4.543143137804929,5.876565794151903,0.5683323652093224,-1.3977483421098629,-4.677989310982628,1.5320462489491058,0.7984364892224148,1.3072533918575173,1.2104370157417772,-6.027192018506577,0.7245185027624504,0.753558011374916,3.0056896339920334
seed 616
Initial fitness values: [np.float64(27.761823117048923), np.float64(25.731313850874912), np.float64(25.660853882342828), np.float64(25.435445154556824), np.float64(25.27750211262756), np.float64(24.77845110061578), np.float64(24.77845110061578), np.float64(24.67264105574049), np.float64(24.425709211570258), np.float64(24.425709211570258)]
Final fitness values: [np.float64(20.89330307543729), np.float64(20.89330207196188), np.float64(20.892710821246034), np.float64(20.89015496422523), np.float64(20.87975262761344), np.float64(20.850642993095377), np.float64(20.850329231029374), np.float64(20.841031962563427), np.float64(20.792536967254073), np.float64(20.783960678903245)]
HOF ITEM
20.783960678903245
-1.5501271060316497,1.4625248209434425,5.521122304166633,-1.6107256354265913,-4.547808420801501,5.608635644485109,-3.7093489504055124,1.064500826763627,0.27473470442515446,-0.4083849350524901,3.0,-0.4501132699285905,-4.927744535393016,0.960927510204994,3.8198787022557075
HOF ITEM
20.788048296654413
-1.5570482003416586,1.4806804871226353,5.751769555327359,-1.1265075650702445,-4.716610899538692,5.511419115770459,-3.7093489504055124,1.064500826763627,0.44594540203460564,-0.4083849350524901,3.0,-0.4501132699285905,-4.927744535393016,0.5861096138372197,4.016873633214086
HOF ITEM
20.792536967254073
-1.5570482003416586,1.4806804871226353,5.563002104511205,-1.1265075650702445,-4.515769717190352,5.511419115770459,-3.7093489504055124,1.064500826763627,0.27473470442515446,-0.4083849350524901,3.0,-0.4501132699285905,-4.927744535393016,0.6078550047910573,3.8858169153402975
HOF ITEM
20.793602683835424
-1.5501271060316497,1.4625248209434425,5.521122304166633,-1.6107256354265913,-4.547808420801501,5.392897883978842,-3.0971833237833692,0.8379935897476969,0.16268870553487372,-0.4083849350524901,3.0,-0.45606716415559334,-5.134979852042166,1.3850513010343173,3.8198787022557075
HOF ITEM
20.793646968929956
-1.5501271060316497,1.4625248209434425,5.521122304166633,-1.6107256354265913,-4.547808420801501,5.392897883978842,-3.0971833237833692,0.6456600387294975,0.16268870553487372,-0.4083849350524901,3.0,-0.45606716415559334,-5.134979852042166,1.3850513010343173,3.8198787022557075
seed 617
Initial fitness values: [np.float64(28.237080829669953), np.float64(24.53905872194382), np.float64(24.53905872194382), np.float64(23.882166763568545), np.float64(22.990934566014413), np.float64(22.41157472783076), np.float64(22.21385535050499), np.float64(21.932599090375806), np.float64(21.436633827975907), np.float64(21.43565208740271)]
Final fitness values: [np.float64(20.761165929503637), np.float64(20.761165929503637), np.float64(20.76116592646713), np.float64(20.761165916485847), np.float64(20.761090620265044), np.float64(20.761090620265044), np.float64(20.761090620265044), np.float64(20.761090620265044), np.float64(20.761090620265044), np.float64(20.761090620265044)]
HOF ITEM
20.761090620265044
-1.0775718029692192,1.3935683998509059,2.185325068579057,-5.418432507997231,0.9966576605154776,-1.9374992200833796,1.608399593532245,1.4487654681403552,3.3955126989654754,5.916854471335144,0.3872756237986764,-5.385501561550536,-0.035578441930016254,3.0,-0.47784360930173875
HOF ITEM
20.76109065415136
-1.0775718029692192,1.3935683998509059,2.185325068579057,-5.418432507997231,0.9966576605154776,-1.9374992200833796,1.608399593532245,1.4487654681403552,3.3955126989654754,5.916854471335144,0.3872756237986764,-5.580020515958047,-0.035578441930016254,3.0,-0.47784360930173875
HOF ITEM
20.76109066412528
-1.0775718029692192,1.3935683998509059,2.185325068579057,-5.418432507997231,0.9966576605154776,-1.9374992200833796,1.608399593532245,1.4487654681403552,3.3955126989654754,5.916854471335144,0.3872756237986764,-5.645307373312065,-0.035578441930016254,3.0,-0.47784360930173875
HOF ITEM
20.76109095871008
-1.0775718029692192,1.3935683998509059,2.185325068579057,-5.418432507997231,0.9966576605154776,-1.9374992200833796,1.608399593532245,1.4487654681403552,3.4253210388025654,5.916854471335144,0.3872756237986764,-5.3086696514800655,-0.035578441930016254,3.0,-0.47784360930173875
HOF ITEM
20.76109097401922
-1.0775718029692192,1.3935683998509059,2.185325068579057,-5.418432507997231,0.9966576605154776,-1.9374992200833796,1.608399593532245,1.4487654681403552,3.4253210388025654,5.916854471335144,0.3872756237986764,-5.385501561550536,-0.035578441930016254,3.0,-0.47784360930173875
seed 618
Initial fitness values: [np.float64(24.520924822759255), np.float64(24.520924822759255), np.float64(23.063833249280936), np.float64(22.468874071068097), np.float64(22.34833205536197), np.float64(22.20745392252771), np.float64(22.20745392252771), np.float64(22.206444901813914), np.float64(21.98373034141904), np.float64(21.97931272658323)]
Final fitness values: [np.float64(21.011707676023995), np.float64(21.006780014775146), np.float64(21.011707676023995), np.float64(21.011707676023995), np.float64(21.011707676023995), np.float64(21.011707676023995), np.float64(21.003006829344688), np.float64(21.003006788509005), np.float64(21.002923015211408), np.float64(20.98012053579099)]
HOF ITEM
20.98012053579099
1.3148088351419593,0.5429402382258791,-0.8425497419596694,-4.064144217102645,-6.8774945398262854,-2.6074445703124183,4.252634057792001,1.892111677516144,3.7733615358412815,2.8927566616903055,1.7590897621037924,-1.3433520362990445,0.9328902896577244,3.0,-3.782840525407288
HOF ITEM
21.002922974375323
1.3148088351419593,0.5429402382258791,-0.5194245724109472,-4.064144217102645,-6.736378581149448,-2.4801431911430467,4.252634057792001,1.892111677516144,3.628354668899484,3.1844631241054846,1.3682308149461377,-1.3433520362990445,0.9328902896577244,3.0,-3.742098708185588
HOF ITEM
21.002923015211408
1.3148088351419593,0.5429402382258791,-0.5194245724109472,-4.064144217102645,-6.736378581149448,-2.4801431911430467,4.252634057792001,1.9571772916119083,3.628354668899484,3.1844631241054846,1.3682308149461377,-1.3433520362990445,0.9328902896577244,3.0,-3.742098708185588
HOF ITEM
21.003006788509005
1.3148088351419593,0.5429402382258791,-0.5194245724109472,-4.064144217102645,-6.736378581149448,-2.4801431911430467,4.252634057792001,1.892111677516144,3.628354668899484,3.1844631241054846,1.3682308149461377,-1.283612198329207,0.9328902896577244,3.0,-3.742098708185588
HOF ITEM
21.003006813345277
1.3148088351419593,0.5429402382258791,-0.5194245724109472,-4.064144217102645,-6.736378581149448,-2.4801431911430467,4.601242187522385,1.8012947442279004,3.628354668899484,3.1844631241054846,1.3682308149461377,-1.283612198329207,0.9328902896577244,3.0,-3.742098708185588
seed 619
Initial fitness values: [np.float64(25.59870491316723), np.float64(24.504905306767974), np.float64(23.846528364943115), np.float64(23.202549933793204), np.float64(21.752560713854304), np.float64(21.736414792058138), np.float64(21.543642229971244), np.float64(21.36961183306864), np.float64(20.129738573442186), np.float64(20.129738573442186)]
Final fitness values: [np.float64(19.435518516321352), np.float64(19.435518516321352), np.float64(19.435518516321352), np.float64(19.435518516321352), np.float64(19.435518516321352), np.float64(19.435518516321352), np.float64(19.435518516321352), np.float64(19.435518516321352), np.float64(19.435518516321352), np.float64(19.435518516321352)]
HOF ITEM
19.435518516321352
-6.372569988362536,1.7005877541139884,2.9765332766975887,0.8277903086709535,4.274127597189857,2.5448048149082974,-5.022468350978015,1.925929096066706,4.152394310731776,-3.8358929430173054,0.07186949453615751,-1.1158158115298937,-1.6852723339460913,0.5184563181704378,4.803558594866089
HOF ITEM
19.444745076414392
-6.372569988362536,1.7005877541139884,2.9765332766975887,0.8277903086709535,4.274127597189857,2.5448048149082974,-5.022468350978015,1.925929096066706,4.152394310731776,-3.8358929430173054,0.04230609165105187,-1.1158158115298937,-1.6852723339460913,0.5184563181704378,4.803558594866089
HOF ITEM
19.45109542432142
-6.372569988362536,1.7039349886499033,2.904966247657157,0.8504250209029315,4.239513661020154,2.714685653782362,-5.022468350978015,1.925929096066706,3.9784150453846268,-3.915329878858801,0.07186949453615751,-1.1158158115298937,-1.6852723339460913,0.48402616985263425,4.901587969414276
HOF ITEM
19.45152649521342
-6.372569988362536,1.7039349886499033,2.904966247657157,0.8504250209029315,4.239513661020154,2.714685653782362,-5.022468350978015,1.925929096066706,3.9784150453846268,-3.915329878858801,0.04230609165105187,-1.1158158115298937,-1.6852723339460913,0.48402616985263425,4.901587969414276
HOF ITEM
19.453138406964683
-6.372569988362536,1.7039349886499033,2.904966247657157,0.8504250209029315,4.239513661020154,2.714685653782362,-5.022468350978015,1.925929096066706,3.9784150453846268,-3.92020027696236,0.04230609165105187,-1.1158158115298937,-1.6852723339460913,0.48402616985263425,4.901587969414276
best parameter set
fitness 17.99465903312258 seed 615
0.6847156348186264,1.3870800466680762,4.543230707662426,5.876475922639587,0.5684165172710636,-1.39783227564001,-5.013129630975401,1.5320462482177668,0.7982334807637725,1.3074498336148903,1.210445576576811,-6.025016375582009,0.7245283306991944,0.7535312326842161,3.0056849229141895
