seeds are [560 561 562 563 564 565 566 567 568 569]
seed 560
Initial fitness values: [np.float64(58.04134849307421), np.float64(56.50469474587483), np.float64(54.55954174251827), np.float64(54.26012487810701), np.float64(52.71235849627703), np.float64(50.8030076502349), np.float64(48.10147637206445), np.float64(48.10147637206445), np.float64(47.97393295590648), np.float64(47.05773203357197)]
Final fitness values: [np.float64(40.63197356840783), np.float64(40.63197356840783), np.float64(40.63197356840783), np.float64(40.63197356840783), np.float64(40.63197356840783), np.float64(40.63197356840783), np.float64(40.63197356840783), np.float64(40.63197356840783), np.float64(40.63197356840783), np.float64(40.63197356840783)]
HOF ITEM
40.63197356840783
-6.750284997979988,1.366114100886461,3.2454436959738855,3.1370480348771745,3.205231543214163,3.5193681245317254,-5.452140305236325,1.8055269421519906,1.415918251242188,3.948135027098367,2.670162911384324,2.73002192731403,-1.664143094069199,0.45160981966807395,6.24620701600434
HOF ITEM
40.63197356840783
-6.750284997979988,1.366114100886461,3.2454436959738855,3.1370480348771745,3.205231543214163,3.5193681245317254,-5.452140305236325,1.8055269421519906,1.415918251242188,4.048551908342712,2.670162911384324,2.73002192731403,-1.664143094069199,0.45160981966807395,6.24620701600434
HOF ITEM
40.63197356840783
-6.750284997979988,1.366114100886461,3.2454436959738855,3.1370480348771745,3.205231543214163,3.5193681245317254,-5.452140305236325,1.8055269421519906,1.415918251242188,3.340776629797755,2.670162911384324,2.8414617934998505,-1.664143094069199,0.45160981966807395,6.24620701600434
HOF ITEM
40.63197356840783
-6.750284997979988,1.366114100886461,3.2454436959738855,3.1370480348771745,3.205231543214163,3.5193681245317254,-5.452140305236325,1.8055269421519906,1.415918251242188,3.948135027098367,2.670162911384324,2.8414617934998505,-1.664143094069199,0.45160981966807395,6.24620701600434
HOF ITEM
40.63197356840783
-6.750284997979988,1.366114100886461,3.2454436959738855,3.1370480348771745,3.205231543214163,3.5193681245317254,-5.452140305236325,1.8055269421519906,1.415918251242188,4.048551908342712,2.670162911384324,2.8414617934998505,-1.664143094069199,0.45160981966807395,6.24620701600434
seed 561
Initial fitness values: [np.float64(59.88315994511121), np.float64(56.03963369829961), np.float64(55.61129998096311), np.float64(53.740595796707375), np.float64(48.199043138387964), np.float64(48.199043138387964), np.float64(48.16889784829298), np.float64(47.30311942865276), np.float64(47.279812984458225), np.float64(46.764317707772086)]
Final fitness values: [np.float64(45.70122046095889), np.float64(45.70122046095889), np.float64(45.70122046095889), np.float64(45.69808050593481), np.float64(45.6968087461775), np.float64(45.6968087461775), np.float64(45.692045556623455), np.float64(45.692045556623455), np.float64(45.69055365381892), np.float64(45.69055365381892)]
HOF ITEM
45.69055365381892
3.1010203212825744,-0.2087264912104706,-7.0,-4.008243731228549,-2.097990978271422,0.2180077563902988,1.288866454876513,2.464662414090021,1.6997772351041789,6.347515197650648,2.155105135793937,5.24589266960167,-4.531960289986246,1.547484477828104,2.648439861565844
HOF ITEM
45.69055365381892
3.1010203212825744,-0.2087264912104706,-7.0,-4.008243731228549,-2.097990978271422,0.2180077563902988,1.288866454876513,2.464662414090021,1.6997772351041789,6.658906613514149,2.155105135793937,5.24589266960167,-4.531960289986246,1.547484477828104,2.648439861565844
HOF ITEM
45.691220051352474
3.1010203212825744,-0.2087264912104706,-7.0,-4.008243731228549,-2.097990978271422,0.2180077563902988,1.288866454876513,2.464662414090021,1.6997772351041789,6.347515197650648,2.155105135793937,5.24589266960167,-4.531960289986246,1.547484477828104,2.5530235766012592
HOF ITEM
45.69139074921257
3.1010203212825744,-0.2087264912104706,-7.0,-4.008243731228549,-2.097990978271422,0.2180077563902988,1.288866454876513,2.464662414090021,1.6997772351041789,6.347515197650648,2.155105135793937,5.24589266960167,-4.531960289986246,1.2743866919194295,2.7785650136150424
HOF ITEM
45.69203655810031
3.1010203212825744,-0.2087264912104706,-7.0,-4.008243731228549,-2.097990978271422,0.2180077563902988,1.288866454876513,2.464662414090021,1.6997772351041789,6.658906613514149,2.3853744094175475,5.24589266960167,-4.531960289986246,1.2743866919194295,2.5530235766012592
seed 562
Initial fitness values: [np.float64(62.88235439091), np.float64(59.534372596838985), np.float64(47.65638065129768), np.float64(47.65638065129768), np.float64(47.65638065129768), np.float64(47.449436927501054), np.float64(46.142729906356045), np.float64(46.142729906356045), np.float64(45.23907266209345), np.float64(45.23907266209345)]
Final fitness values: [np.float64(42.44133505654694), np.float64(42.44131672324254), np.float64(42.44131672324254), np.float64(42.44127938067367), np.float64(42.44127938067367), np.float64(42.44126566631315), np.float64(42.44126566631315), np.float64(42.44126566631315), np.float64(42.44126566631315), np.float64(42.44126566631315)]
HOF ITEM
42.44126566631315
-6.37929211302421,1.6109807508090939,-0.4371673709332223,-4.611271961584135,-7.0,2.548320535626927,-5.0436718713444675,1.9297193651670448,4.089433512450801,2.681847793928421,0.0,5.524662454816182,-4.08032808156946,1.8901384270357364,3.2745982742341115
HOF ITEM
42.44127499335392
-6.37929211302421,1.6109807508090939,-0.4371673709332223,-4.611271961584135,-7.0,2.548320535626927,-5.0436718713444675,1.9297193651670448,4.089433512450801,2.681847793928421,0.0,5.524662454816182,-4.08032808156946,1.8901384270357364,3.0738736153744357
HOF ITEM
42.44127571695582
-6.37929211302421,1.6109807508090939,-0.4371673709332223,-4.611271961584135,-7.0,2.548320535626927,-5.0436718713444675,1.9297193651670448,4.089433512450801,2.681847793928421,0.0,5.524662454816182,-4.08032808156946,1.8901384270357364,3.060685961331538
HOF ITEM
42.441276693957036
-6.37929211302421,1.6109807508090939,-0.4371673709332223,-4.611271961584135,-6.9928244743472865,2.548320535626927,-5.0436718713444675,1.9297193651670448,4.089433512450801,2.681847793928421,0.0,5.524662454816182,-4.08032808156946,1.8901384270357364,3.2745982742341115
HOF ITEM
42.44127938067367
-6.37929211302421,1.6109807508090939,-0.4371673709332223,-4.611271961584135,-7.0,2.548320535626927,-5.0436718713444675,1.9297193651670448,4.089433512450801,2.681847793928421,0.0,5.524662454816182,-4.08032808156946,1.8901384270357364,2.996954276794965
seed 563
Initial fitness values: [np.float64(57.1743418831217), np.float64(57.1743418831217), np.float64(54.94421850693993), np.float64(54.655624713659535), np.float64(53.34780529519835), np.float64(51.49094900883526), np.float64(50.22746745813674), np.float64(49.34202511365272), np.float64(49.34188972665348), np.float64(47.63994858671229)]
Final fitness values: [np.float64(43.45846702929192), np.float64(43.45846702929192), np.float64(43.45846702929192), np.float64(43.45336844340894), np.float64(43.45334856717828), np.float64(43.453346979003705), np.float64(43.453346979003705), np.float64(43.453346979003705), np.float64(43.45334563393412), np.float64(43.45334563393412)]
HOF ITEM
43.45334563393412
-1.8009981505100308,1.484388930320961,-4.735567979732667,0.45724111633324865,-4.827911999274583,5.400395177914119,-0.48368787102402183,1.903945477649623,1.2821145425205276,0.6133825024576218,0.9451066255484009,2.329057390928588,-4.83142189318606,1.066088352324807,3.766317361443519
HOF ITEM
43.453346972822466
-1.8009981505100308,1.484388930320961,-4.735567979732667,0.45724111633324865,-4.827911999274583,5.081909390371726,-0.48368787102402183,1.903945477649623,1.2821145425205276,0.6133825024576218,0.9451066255484009,2.329057390928588,-4.499437134212286,1.066088352324807,3.7835791026022907
HOF ITEM
43.453346979003705
-1.8009981505100308,1.484388930320961,-4.735567979732667,0.45724111633324865,-4.827911999274583,5.081909390371726,-0.48368787102402183,1.903945477649623,1.2821145425205276,0.6133825024576218,0.9451066255484009,2.329057390928588,-4.83142189318606,1.066088352324807,3.7835791026022907
HOF ITEM
43.45334856717828
-1.8009981505100308,1.484388930320961,-4.735567979732667,0.45724111633324865,-4.827911999274583,4.801102868924118,-0.48368787102402183,1.903945477649623,1.2821145425205276,0.6133825024576218,0.9451066255484009,2.329057390928588,-4.499437134212286,1.066088352324807,3.7835791026022907
HOF ITEM
43.45334857536355
-1.8009981505100308,1.484388930320961,-4.735567979732667,0.45724111633324865,-4.827911999274583,4.801102868924118,-0.48368787102402183,1.903945477649623,1.2821145425205276,0.6133825024576218,0.9451066255484009,2.329057390928588,-4.83142189318606,1.066088352324807,3.7835791026022907
seed 564
Initial fitness values: [np.float64(58.90451220261742), np.float64(54.3063653229796), np.float64(54.19123409658502), np.float64(52.22759100042289), np.float64(51.70615969186082), np.float64(51.70615969186082), np.float64(51.13988988293469), np.float64(50.47046514948089), np.float64(49.045857556591336), np.float64(47.10857730932354)]
Final fitness values: [np.float64(43.673264100467875), np.float64(43.673264100467875), np.float64(43.673264100467875), np.float64(43.67326410046705), np.float64(43.67326410046705), np.float64(43.673264100466504), np.float64(43.67326410046636), np.float64(43.67326410046636), np.float64(43.67326410046636), np.float64(43.67326410046636)]
HOF ITEM
43.67326410046636
-3.5352213995368933,1.5761362199383662,-4.611471383611228,1.309514393277106,0.27437159979642683,2.6576037108077366,-2.2191885563303457,2.684857822540027,0.5718638159615822,-1.3386408394290519,3.0,4.434460792131336,4.648648758566542,1.4436987774626289,3.7779741817223047
HOF ITEM
43.67326410046636
-3.5352213995368933,1.5761362199383662,-4.611471383611228,1.309514393277106,0.27437159979642683,2.6576037108077366,-2.2191885563303457,2.684857822540027,0.5718638159615822,-1.3386408394290519,3.0,4.510321628873293,4.648648758566542,1.4436987774626289,3.7779741817223047
HOF ITEM
43.673264100466504
-3.5352213995368933,1.5761362199383662,-4.611471383611228,1.309514393277106,0.27437159979642683,2.6576037108077366,-2.2191885563303457,2.684857822540027,0.5718638159615822,-1.3386408394290519,3.0,4.434460792131336,4.648648758566542,1.4436987774626289,4.403840036923981
HOF ITEM
43.673264100466504
-3.5352213995368933,1.5761362199383662,-4.611471383611228,1.309514393277106,0.27437159979642683,2.6576037108077366,-2.2191885563303457,2.684857822540027,0.5718638159615822,-1.3386408394290519,3.0,4.510321628873293,4.648648758566542,1.4436987774626289,4.403840036923981
HOF ITEM
43.67326410046705
-3.5352213995368933,1.5761362199383662,-4.611471383611228,1.309514393277106,0.27437159979642683,2.6576037108077366,-2.2191885563303457,2.684857822540027,0.5718638159615822,-1.3386408394290519,3.0,4.434460792131336,4.215808877721873,1.4436987774626289,3.7779741817223047
seed 565
Initial fitness values: [np.float64(55.07444430989976), np.float64(55.07444430989976), np.float64(53.256398970660996), np.float64(48.959925442343874), np.float64(48.959925442343874), np.float64(48.959925442343874), np.float64(46.12108156782232), np.float64(45.12114340976609), np.float64(45.09227646846071), np.float64(45.033525540593374)]
Final fitness values: [np.float64(43.86073366502307), np.float64(43.859511209589016), np.float64(43.859511209589016), np.float64(43.859505850153035), np.float64(43.85948989266584), np.float64(43.85868552195568), np.float64(43.85868552195568), np.float64(43.85868552195568), np.float64(43.85750820526627), np.float64(43.85713456712431)]
HOF ITEM
43.85713456712431
-1.8357476468409166,1.4983809623096445,-2.4123918834086155,3.243532769044859,-3.7804621019259614,4.599840822656827,-0.6335730826939029,2.837437834560954,0.4505364338707518,1.3112674201206518,2.7353601510611254,5.421073648200112,-1.003652284881722,1.3855259814414005,3.852138072652544
HOF ITEM
43.857147020684415
-1.8357476468409166,1.4983809623096445,-2.3783289777507415,3.2432622117069916,-3.85428755728929,4.599840822656827,-0.6335730826939029,2.837437834560954,0.4505364338707518,1.4581875324009677,2.980695700812539,5.134673220390017,-0.805583386597728,1.2749503476173305,3.852138072652544
HOF ITEM
43.8575042072628
-1.8357476468409166,1.4983809623096445,-2.3783289777507415,3.2432622117069916,-3.9848467919572,4.558724640177783,-0.6335730826939029,2.837437834560954,0.4505364338707518,1.3112674201206518,2.7353601510611254,5.421073648200112,-1.003652284881722,1.2749503476173305,3.852138072652544
HOF ITEM
43.85750820526627
-1.8357476468409166,1.4983809623096445,-2.3783289777507415,3.2432622117069916,-3.9848467919572,4.558724640177783,-0.6335730826939029,2.837437834560954,0.4505364338707518,1.511389399331155,2.8898109745350453,5.421073648200112,-0.805583386597728,1.2749503476173305,3.852138072652544
HOF ITEM
43.857728106769656
-1.8357476468409166,1.4983809623096445,-2.373008041928105,3.182270975274076,-3.8414042466285014,4.558724640177783,-0.6335730826939029,2.837437834560954,0.4505364338707518,1.4581875324009677,2.980695700812539,5.134673220390017,-1.2854982641447092,1.3855259814414005,3.852138072652544
seed 566
Initial fitness values: [np.float64(61.90351749747117), np.float64(55.92358285470097), np.float64(55.92040793985311), np.float64(55.40942277288835), np.float64(52.638877912836065), np.float64(52.638877912836065), np.float64(52.638877912836065), np.float64(51.784328262731584), np.float64(50.10999188126095), np.float64(50.03170542854978)]
Final fitness values: [np.float64(43.06131739408915), np.float64(43.06131739408915), np.float64(43.06131739408915), np.float64(43.06131739408915), np.float64(43.06131739408915), np.float64(43.06131739408915), np.float64(43.06131739408915), np.float64(43.06131739408915), np.float64(43.06131739408915), np.float64(43.06131739408915)]
HOF ITEM
43.06131739408915
0.11461411634059757,0.7929178719151325,-3.1499574614821824,-4.291644269427029,-4.894656457759648,-5.450762672767977,0.6789812158947509,1.9777365196192394,2.2053859606131314,-1.997203361686423,1.7289352724327536,0.14176372987340607,2.612865673682683,1.41527989182486,3.601590345202383
HOF ITEM
43.08766021610813
0.11461411634059757,0.7929178719151325,-3.1499574614821824,-4.291644269427029,-4.894656457759648,-5.450762672767977,0.6789812158947509,1.9777365196192394,2.2053859606131314,-1.997203361686423,1.7289352724327536,0.14176372987340607,2.716240630361379,1.41527989182486,3.9227236540523065
HOF ITEM
43.08982352336566
0.11461411634059757,0.7929178719151325,-3.1499574614821824,-4.291644269427029,-4.894656457759648,-5.450762672767977,0.6789812158947509,1.9777365196192394,2.2053859606131314,-1.997203361686423,1.7289352724327536,0.14176372987340607,2.764918052017394,1.41527989182486,4.252219562759456
HOF ITEM
43.09659677686368
0.11461411634059757,0.7929178719151325,-3.1499574614821824,-4.291644269427029,-4.894656457759648,-5.450762672767977,0.6789812158947509,1.9777365196192394,2.2053859606131314,-1.997203361686423,1.7289352724327536,0.14176372987340607,2.764918052017394,1.3893621273120682,3.9227236540523065
HOF ITEM
43.11134207153837
0.11461411634059757,0.7990651154229714,-3.2002316349216735,-4.291644269427029,-4.894656457759648,-5.450762672767977,0.6789812158947509,1.9777365196192394,2.2053859606131314,-1.997203361686423,1.7639033600175178,0.14176372987340607,2.7006868704033486,1.3893621273120682,4.252219562759456
seed 567
Initial fitness values: [np.float64(58.49769169422216), np.float64(58.49769169422216), np.float64(55.01240652526007), np.float64(55.01240652526007), np.float64(54.98324389508386), np.float64(53.697076413942256), np.float64(53.110409569965725), np.float64(52.92992139204032), np.float64(53.05621830367352), np.float64(52.755851768194525)]
Final fitness values: [np.float64(47.48683157850505), np.float64(47.48683157850505), np.float64(47.48680983737829), np.float64(47.48680983737829), np.float64(47.48680983737829), np.float64(47.48678007833977), np.float64(47.48678007107065), np.float64(47.486780064505446), np.float64(47.4867455032589), np.float64(47.48674549818477)]
HOF ITEM
47.48674549818477
1.5111805667617608,0.29586808284408994,-5.445445496114791,5.192415747803714,-5.8652577290331305,3.576889457937487,2.7891934404443726,1.4362343836594025,5.701293077777376,2.342981065927383,2.012082667553138,5.485939617922421,-1.7105106311034821,1.4403030229425589,6.6009871855947395
HOF ITEM
47.4867455032589
1.5111805667617608,0.29586808284408994,-5.445445496114791,5.192415747803714,-5.8652577290331305,3.576889457937487,2.7891934404443726,1.4362343836594025,5.701293077777376,2.342981065927383,2.012082667553138,5.485939617922421,-1.5323747843297801,1.510532565772269,6.313724588091255
HOF ITEM
47.48674550887719
1.5111805667617608,0.29586808284408994,-5.445445496114791,5.192415747803714,-5.8652577290331305,3.576889457937487,2.7891934404443726,1.4362343836594025,5.701293077777376,2.342981065927383,2.012082667553138,5.485939617922421,-1.5323747843297801,1.6244235369605404,6.6009871855947395
HOF ITEM
47.48678001688734
1.5111805667617608,0.29586808284408994,-5.445445496114791,5.192415747803714,-5.344384362829645,3.576889457937487,2.7891934404443726,1.4362343836594025,5.701293077777376,2.342981065927383,2.012082667553138,5.485939617922421,-1.5323747843297801,1.4403030229425589,6.313724588091255
HOF ITEM
47.486780022721845
1.5111805667617608,0.29586808284408994,-5.445445496114791,5.192415747803714,-5.344384362829645,3.576889457937487,2.7891934404443726,1.4362343836594025,5.701293077777376,2.342981065927383,2.012082667553138,5.485939617922421,-1.5323747843297801,1.510532565772269,6.313724588091255
seed 568
Initial fitness values: [np.float64(55.4599446796242), np.float64(55.008899460821816), np.float64(55.008899460821816), np.float64(54.024317240519345), np.float64(47.546266426651655), np.float64(46.575567979602305), np.float64(46.575567979602305), np.float64(46.27424287806926), np.float64(46.27424287806926), np.float64(46.199024638634846)]
Final fitness values: [np.float64(44.51624013781425), np.float64(44.51624013781425), np.float64(44.51624013781425), np.float64(44.51624013781425), np.float64(44.51624013781425), np.float64(44.51624013781425), np.float64(44.51624013781425), np.float64(44.51624013781425), np.float64(44.51624013781425), np.float64(44.51624013781425)]
HOF ITEM
44.51624013781425
1.8204751530860852,0.3148842645694426,-0.0584345728077273,0.43167138037965846,2.9997386472793224,-2.130917315505191,1.2132197445061899,3.0,4.357264586612785,3.2266523705926105,0.6606512707238639,1.1195910534485967,6.467740664658247,0.6165882835406898,5.670616176805143
HOF ITEM
44.54341591988718
1.8204751530860852,0.3148842645694426,-0.0378610065114976,0.36965790204649646,2.9997386472793224,-2.079363988561999,1.2132197445061899,3.0,4.3806644453803,3.142879060216653,0.8326653003645111,1.1195910534485967,6.467740664658247,0.6165882835406898,5.670616176805143
HOF ITEM
44.54910036710272
1.8204751530860852,0.3148842645694426,-0.0378610065114976,0.36965790204649646,2.9997386472793224,-2.079363988561999,1.2132197445061899,3.0,4.357264586612785,3.23210791637624,0.8326653003645111,1.1195910534485967,6.467740664658247,0.6165882835406898,5.670616176805143
HOF ITEM
44.553427784074756
1.8204751530860852,0.3148842645694426,-0.0378610065114976,0.36965790204649646,2.9997386472793224,-2.079363988561999,1.2132197445061899,3.0,4.357264586612785,3.2266523705926105,0.8326653003645111,1.1195910534485967,6.467740664658247,0.6165882835406898,5.670616176805143
HOF ITEM
44.56162297637973
1.8204751530860852,0.3148842645694426,-0.0584345728077273,0.43167138037965846,2.9997386472793224,-2.1218428719414892,1.2132197445061899,3.0,4.357264586612785,3.482802991342129,0.45413320275500424,1.1195910534485967,6.700368209448008,0.6165882835406898,5.670616176805143
seed 569
Initial fitness values: [np.float64(63.88308092654287), np.float64(58.439320626356405), np.float64(55.43467199422593), np.float64(53.043031212731066), np.float64(52.48487718909623), np.float64(50.21107743765688), np.float64(50.126209827094605), np.float64(48.88200986511469), np.float64(48.767950537333945), np.float64(47.50706782160907)]
Final fitness values: [np.float64(43.99363711676287), np.float64(43.992528959059776), np.float64(43.992528959059776), np.float64(43.99249974669348), np.float64(43.99249974669348), np.float64(43.99249974669348), np.float64(43.99249974669348), np.float64(43.99249974669348), np.float64(43.99249974669348), np.float64(43.99249974669348)]
HOF ITEM
43.99249974669348
-6.405250697037427,1.5581604642620832,2.508633266889176,4.187320688082177,-1.3618809679640032,3.8243983871692935,-5.093523008094876,1.9183464807193575,0.5351409594114537,4.1359298180985125,2.8620807398503834,0.8880485515245726,2.846451123253813,3.0,5.114702790965626
HOF ITEM
43.99249974669348
-6.405250697037427,1.5581604642620832,2.508633266889176,4.187320688082177,-1.3618809679640032,3.8243983871692935,-5.093523008094876,1.9183464807193575,0.5351409594114537,4.482364650750655,2.8620807398503834,0.8880485515245726,3.000811593754892,2.680387510760875,5.297376244188076
HOF ITEM
43.99249974669348
-6.405250697037427,1.5581604642620832,2.508633266889176,4.187320688082177,-1.3618809679640032,3.8243983871692935,-5.093523008094876,1.9183464807193575,0.5351409594114537,4.482364650750655,2.8620807398503834,0.8880485515245726,2.846451123253813,3.0,5.114702790965626
HOF ITEM
43.99249974669348
-6.405250697037427,1.5581604642620832,2.508633266889176,4.187320688082177,-1.3618809679640032,3.8243983871692935,-5.093523008094876,1.9183464807193575,0.5351409594114537,5.14651796350669,2.7344172053141382,0.5844271139550679,2.364459739143301,3.0,5.251108176586981
HOF ITEM
43.99249974669348
-6.405250697037427,1.5581604642620832,2.508633266889176,4.187320688082177,-1.3618809679640032,3.8243983871692935,-5.093523008094876,1.9183464807193575,0.5351409594114537,4.1359298180985125,2.8620807398503834,0.9706852176015454,2.846451123253813,3.0,5.114702790965626
best parameter set
fitness 40.58076659651166 seed 560
-6.747280421038101,1.367660892926777,3.243997244450302,3.1376519540189483,3.203807431609172,3.519911786409429,-5.4526082829787486,1.8055840793108264,1.4168028761962195,3.948135027098367,2.670162911384324,2.73002192731403,-1.6637788965860143,0.4518114600151162,6.245974214879866
