seeds are [390 391 392 393 394 395 396 397 398 399]
seed 390
Initial fitness values: [np.float64(61.610019903413786), np.float64(58.332789083702046), np.float64(55.32745353378736), np.float64(53.03751537901352), np.float64(51.215092629889945), np.float64(49.83420484851684), np.float64(49.53115896157121), np.float64(48.06217154862363), np.float64(47.94269268081569), np.float64(46.17232392783226)]
Final fitness values: [np.float64(44.89810066125791), np.float64(44.89810066125791), np.float64(44.89810066125791), np.float64(44.89810066125791), np.float64(44.89810066125791), np.float64(44.89810066125791), np.float64(44.89596921419518), np.float64(44.89451401927093), np.float64(44.89451401927093), np.float64(44.894505985598805)]
HOF ITEM
44.894505985598805
0.9552903906997063,0.6279614562089596,1.1518139646597179,5.765662088518735,-2.1670859828521594,3.5537365831991883,1.008535820306484,2.2975560506488333,0.469955023471786,3.3733366721203732,1.688791141404823,5.735382661927041,3.432587180313887,2.778810950542255,4.47350981429939
HOF ITEM
44.89451401927093
0.9552903906997063,0.6279614562089596,1.1518139646597179,5.765662088518735,-2.1670859828521594,3.670238872670484,1.008535820306484,2.2975560506488333,0.469955023471786,3.3733366721203732,1.688791141404823,5.735382661927041,3.432587180313887,2.778810950542255,4.47350981429939
HOF ITEM
44.89596921419518
0.9552903906997063,0.6279614562089596,1.1518139646597179,5.941797481877062,-1.8806953712612537,3.484532415898178,1.008535820306484,2.2975560506488333,0.469955023471786,3.5283270247996863,1.6091656140177877,5.770817647514208,2.785705760873657,2.778810950542255,4.81822916577416
HOF ITEM
44.89596921419518
0.9552903906997063,0.6279614562089596,1.1518139646597179,5.941797481877062,-1.8806953712612537,3.484532415898178,1.008535820306484,2.2975560506488333,0.469955023471786,3.5283270247996863,1.6091656140177877,5.770817647514208,3.432587180313887,2.778810950542255,4.81822916577416
HOF ITEM
44.89596921419518
0.9552903906997063,0.6279614562089596,1.1518139646597179,5.941797481877062,-1.8806953712612537,3.484532415898178,1.008535820306484,2.2975560506488333,0.469955023471786,3.5283270247996863,1.6091656140177877,5.770817647514208,2.785705760873657,3.0,4.81822916577416
seed 391
Initial fitness values: [np.float64(61.26582796031414), np.float64(59.74024720210561), np.float64(54.9689369015701), np.float64(52.74458398263354), np.float64(51.988551799746375), np.float64(50.8593785254664), np.float64(46.20523628203497), np.float64(46.20523628203497), np.float64(45.55870957709031), np.float64(45.41244985519853)]
Final fitness values: [np.float64(42.775332476787376), np.float64(42.775332476787376), np.float64(42.775332476787376), np.float64(42.775332476787376), np.float64(42.775332476787376), np.float64(42.775332476787376), np.float64(42.775332476787376), np.float64(42.775332476787376), np.float64(42.775332476787376), np.float64(42.775332476787376)]
HOF ITEM
42.775332476787376
-1.8149590881271598,1.4852055458410347,3.220994679671218,-0.8802681335004257,4.448791260964086,6.446288924200853,-0.6032517153934458,2.34466662356018,5.96158448983589,1.3237134568122224,0.1350069744930097,2.0787294779368164,6.724875303749115,1.4170064490808039,0.2554192304124731
HOF ITEM
42.77533247678935
-1.8149590881271598,1.4852055458410347,3.220994679671218,-0.8802681335004257,4.448791260964086,6.446288924200853,-0.6032517153934458,2.34466662356018,5.96158448983589,1.3237134568122224,0.1350069744930097,2.0787294779368164,6.724875303749115,1.2737224048819804,0.2554192304124731
HOF ITEM
42.775332476789984
-1.8149590881271598,1.4852055458410347,3.220994679671218,-0.8802681335004257,4.448791260964086,6.446288924200853,-0.6032517153934458,2.34466662356018,5.96158448983589,1.3237134568122224,0.1350069744930097,2.0787294779368164,6.724875303749115,1.2737224048819804,0.32295550804175627
HOF ITEM
42.77533247679106
-1.8149590881271598,1.4852055458410347,3.220994679671218,-0.8802681335004257,4.448791260964086,6.446288924200853,-0.6032517153934458,2.34466662356018,5.96158448983589,1.3237134568122224,0.1350069744930097,2.0787294779368164,6.724875303749115,1.2737224048819804,0.4337165438938776
HOF ITEM
42.79063565326933
-1.8185521678223804,1.4852055458410347,3.20766906240104,-0.8802681335004257,4.448791260964086,6.446288924200853,-0.6032517153934458,2.3751900136834743,5.96158448983589,1.5614000000597454,0.1350069744930097,2.2750980080508154,6.724875303749115,1.4170064490808039,0.3548817334413777
seed 392
Initial fitness values: [np.float64(60.963509311639115), np.float64(58.481099148969044), np.float64(56.25838630310481), np.float64(48.42298324579601), np.float64(47.4408629501907), np.float64(47.4408629501907), np.float64(46.37403494221086), np.float64(46.28673590312426), np.float64(46.13534875506097), np.float64(45.71538149776966)]
Final fitness values: [np.float64(43.664982911833896), np.float64(43.664982911833896), np.float64(43.664974594666724), np.float64(43.664974594666724), np.float64(43.664974594666724), np.float64(43.664974594666724), np.float64(43.664974594666724), np.float64(43.664974594666724), np.float64(43.664974594666724), np.float64(43.664974594666724)]
HOF ITEM
43.664974594666724
-3.2918300952867203,1.5847562901258359,-5.982362402178245,-6.38155093350624,-3.4750435510869937,5.610582596764515,-1.9756303763602447,2.859177414929719,2.5567652281265514,-0.7117769765800855,2.824640280588294,5.1131178115273475,-2.8325683216140605,0.10856295320373958,0.37581710063614715
HOF ITEM
43.66497790359776
-3.2918300952867203,1.5847562901258359,-5.982362402178245,-6.38155093350624,-3.4750435510869937,5.610582596764515,-1.9756303763602447,2.859177414929719,2.5567652281265514,-0.7117769765800855,2.824640280588294,5.1131178115273475,-2.8325683216140605,0.0,0.37581710063614715
HOF ITEM
43.664978299771434
-3.2918300952867203,1.5847562901258359,-5.982362402178245,-6.38155093350624,-3.4750435510869937,5.610582596764515,-1.9756303763602447,2.859177414929719,2.5567652281265514,-0.7117769765800855,2.824640280588294,5.1131178115273475,-2.590215197090479,0.10856295320373958,0.37581710063614715
HOF ITEM
43.664980758554634
-3.2918300952867203,1.5847562901258359,-5.982362402178245,-6.38155093350624,-3.4750435510869937,5.610582596764515,-1.9756303763602447,2.859177414929719,2.5567652281265514,-0.7117769765800855,2.824640280588294,5.1131178115273475,-2.590215197090479,0.0,0.37581710063614715
HOF ITEM
43.66498103249513
-3.2918300952867203,1.5847562901258359,-5.982362402178245,-6.38155093350624,-3.4750435510869937,5.610582596764515,-1.9756303763602447,2.859177414929719,2.5567652281265514,-0.7117769765800855,2.824640280588294,5.1131178115273475,-2.438987502357703,0.10856295320373958,0.37581710063614715
seed 393
Initial fitness values: [np.float64(55.50118879592855), np.float64(55.50118879592855), np.float64(53.32861190715557), np.float64(52.82078732121971), np.float64(52.53794582084873), np.float64(50.9546646855754), np.float64(50.9546646855754), np.float64(50.927312806268), np.float64(49.661724738512454), np.float64(49.661724738512454)]
Final fitness values: [np.float64(46.118485799371186), np.float64(46.00276044627702), np.float64(46.00276044627702), np.float64(46.00276044627702), np.float64(45.997344516545915), np.float64(45.997344516545915), np.float64(45.997344516545915), np.float64(45.997344516545915), np.float64(45.997344516545915), np.float64(45.96085978549861)]
HOF ITEM
45.96085978549861
3.3928291383477336,-0.43474962094077785,-4.803438043606081,2.4796189292358854,-0.05256083488431776,-2.237653949704797,1.631869644938764,1.4421458786359482,1.9899716950767643,4.084110334344601,0.865165230247174,6.240270697222581,-4.434883526098019,2.8233461312430914,3.6790477680925378
HOF ITEM
45.997344516545915
3.707384194764974,-0.5260565091093538,-4.598319091044448,2.4328057459628574,-0.05256083488431776,-2.51893355217231,1.631869644938764,1.4421458786359482,1.9899716950767643,4.084110334344601,0.865165230247174,6.240270697222581,-4.3998289250115095,2.8233461312430914,3.8797058619283042
HOF ITEM
45.997344516545915
3.707384194764974,-0.5260565091093538,-4.598319091044448,2.4328057459628574,-0.05256083488431776,-2.51893355217231,1.631869644938764,1.4421458786359482,1.9899716950767643,4.084110334344601,0.865165230247174,6.240270697222581,-4.434883526098019,2.8233461312430914,3.8797058619283042
HOF ITEM
45.99893518012702
3.9468731771322405,-0.5260565091093538,-4.598319091044448,2.730240371368286,0.19843612311915335,-2.3191298241632783,1.631869644938764,1.4570069439084916,1.9899716950767643,4.084110334344601,0.865165230247174,6.240270697222581,-4.3998289250115095,2.7939878018441937,3.8797058619283042
HOF ITEM
46.002168820096706
3.707384194764974,-0.5260565091093538,-4.598319091044448,2.4328057459628574,-0.023843309100244976,-2.51893355217231,1.631869644938764,1.4421458786359482,1.9899716950767643,4.084110334344601,0.865165230247174,6.240270697222581,-4.3998289250115095,2.8233461312430914,3.8797058619283042
seed 394
Initial fitness values: [np.float64(56.51812714090575), np.float64(56.51812714090575), np.float64(55.445044343224296), np.float64(51.847926378606175), np.float64(51.847926378606175), np.float64(49.240757968615696), np.float64(46.85765256337131), np.float64(45.422332381949), np.float64(44.238815803067745), np.float64(44.238815803067745)]
Final fitness values: [np.float64(43.58408251783199), np.float64(43.58408251783199), np.float64(43.58408251783199), np.float64(43.58408251783199), np.float64(43.58408251783199), np.float64(43.58408251783199), np.float64(43.58408251783199), np.float64(43.58408251783199), np.float64(43.58408251783199), np.float64(43.58408251783199)]
HOF ITEM
43.58408251783199
-4.50471164226101,1.5812466693559755,-3.103215434626264,-5.109741881805989,-1.9904449557488608,-0.9344240970788575,-3.1847637585635518,2.370311808691769,3.0147210487247174,6.157323796630226,2.209756014612301,1.2063843408608943,4.244863126578809,3.0,6.210155127670852
HOF ITEM
43.58408251783199
-4.50471164226101,1.5812466693559755,-3.103215434626264,-5.109741881805989,-1.9904449557488608,-0.9344240970788575,-3.1847637585635518,2.370311808691769,3.0147210487247174,6.0193125405013115,2.1200714931164506,1.2063843408608943,4.244863126578809,2.6543964275753718,6.10903694214274
HOF ITEM
43.58408251783199
-4.50471164226101,1.5812466693559755,-3.103215434626264,-5.109741881805989,-1.9904449557488608,-0.9344240970788575,-3.1847637585635518,2.370311808691769,3.0147210487247174,6.157323796630226,2.1200714931164506,1.2063843408608943,4.244863126578809,2.6543964275753718,6.10903694214274
HOF ITEM
43.58408251783199
-4.50471164226101,1.5812466693559755,-3.103215434626264,-5.109741881805989,-1.9904449557488608,-0.9344240970788575,-3.1847637585635518,2.370311808691769,3.0147210487247174,6.0193125405013115,2.1200714931164506,1.2063843408608943,4.244863126578809,3.0,6.210155127670852
HOF ITEM
43.58408251783199
-4.50471164226101,1.5812466693559755,-3.103215434626264,-5.109741881805989,-1.9904449557488608,-0.9344240970788575,-3.1847637585635518,2.370311808691769,3.0147210487247174,6.157323796630226,2.209756014612301,1.4536519783354738,4.244863126578809,2.6543964275753718,6.210155127670852
seed 395
Initial fitness values: [np.float64(54.57137866298763), np.float64(53.03110239487915), np.float64(53.03110239487915), np.float64(51.91261136977403), np.float64(50.92017319286717), np.float64(48.72529892757436), np.float64(48.72529892757436), np.float64(48.127054168548256), np.float64(48.127054168548256), np.float64(48.127054168548256)]
Final fitness values: [np.float64(45.35109639285396), np.float64(45.11608791072114), np.float64(45.09698376966925), np.float64(45.09698376966925), np.float64(45.09698376966925), np.float64(45.09698376966925), np.float64(45.094044178607746), np.float64(45.094044178607746), np.float64(45.094044178607746), np.float64(45.094044178607746)]
HOF ITEM
45.094044178607746
4.625864380922516,-0.6994900333807716,4.484470293262459,5.736969949611944,3.598389763762214,0.06515719436846557,1.2884441818506784,1.668614112100477,2.7251354700013866,-5.795062749216031,0.7082830439624529,0.0,4.080864823370513,0.9548342860227137,6.843398084515195
HOF ITEM
45.094044178607746
4.625864380922516,-0.6994900333807716,4.484470293262459,5.736969949611944,3.598389763762214,0.06515719436846557,1.2884441818506784,1.668614112100477,2.7251354700013866,-5.795062749216031,0.9599013103316922,0.0,4.080864823370513,0.9548342860227137,6.843398084515195
HOF ITEM
45.094044178607746
4.625864380922516,-0.6994900333807716,4.484470293262459,5.736969949611944,3.598389763762214,0.06515719436846557,1.2884441818506784,1.668614112100477,2.7251354700013866,-5.795062749216031,0.777915275467329,0.0,4.080864823370513,0.9548342860227137,6.843398084515195
HOF ITEM
45.09698376966925
4.625864380922516,-0.6994900333807716,4.484470293262459,5.736969949611944,3.598389763762214,0.06515719436846557,1.2884441818506784,1.668614112100477,2.7251354700013866,-5.795062749216031,0.777915275467329,0.0,4.141451509841755,0.9548342860227137,7.0
HOF ITEM
45.09698376966925
4.625864380922516,-0.6994900333807716,4.484470293262459,5.736969949611944,3.598389763762214,0.06515719436846557,1.2884441818506784,1.668614112100477,2.7251354700013866,-5.8581883581707,0.9599013103316922,0.0,4.141451509841755,0.9548342860227137,7.0
seed 396
Initial fitness values: [np.float64(58.72632626825225), np.float64(55.905036130375095), np.float64(55.67390737776556), np.float64(49.25289934638322), np.float64(47.610284793028505), np.float64(45.4030156415004), np.float64(45.4030156415004), np.float64(45.14328705196088), np.float64(45.07919094142862), np.float64(45.07860995193612)]
Final fitness values: [np.float64(43.8406943463709), np.float64(43.8406943463709), np.float64(43.8406943463709), np.float64(43.8406943463709), np.float64(43.8406943463709), np.float64(43.840135199226715), np.float64(43.831585492646084), np.float64(43.831585492646084), np.float64(43.831585492646084), np.float64(43.83090692071009)]
HOF ITEM
43.83090692071009
-1.8026848473909847,1.494451848682106,-6.283490078830585,1.1075667696111198,4.591943416712771,1.9357457101310165,-0.6042297735695275,2.8315231021398706,3.0040509136111004,3.430212160163103,3.0,0.24698869106639915,0.44245662199691616,0.04973669318537649,1.6658983344014209
HOF ITEM
43.831585492646084
-1.8026848473909847,1.494451848682106,-6.283490078830585,1.1075667696111198,4.591943416712771,2.1084669690508697,-0.6042297735695275,2.8315231021398706,3.0040509136111004,3.333173212134514,3.0,0.18084979607010962,0.44245662199691616,0.04973669318537649,1.6658983344014209
HOF ITEM
43.831585492646084
-1.8026848473909847,1.494451848682106,-6.283490078830585,1.1075667696111198,4.591943416712771,2.1084669690508697,-0.6042297735695275,2.8315231021398706,3.0040509136111004,3.430212160163103,3.0,0.24698869106639915,0.44245662199691616,0.04973669318537649,1.6658983344014209
HOF ITEM
43.83159402052899
-1.8026848473909847,1.494451848682106,-6.283490078830585,1.1075667696111198,4.591943416712771,2.1084669690508697,-0.6042297735695275,2.8315231021398706,3.0040509136111004,3.333173212134514,3.0,0.18084979607010962,0.4465543674537489,0.04973669318537649,1.6658983344014209
HOF ITEM
43.83212351480017
-1.8026848473909847,1.494451848682106,-6.283490078830585,1.1075667696111198,4.591943416712771,2.1084669690508697,-0.6042297735695275,2.8315231021398706,3.0040509136111004,3.430212160163103,3.0,0.24698869106639915,0.44245662199691616,0.04973669318537649,1.4806181283373687
seed 397
Initial fitness values: [np.float64(59.7730571862358), np.float64(57.952211581127344), np.float64(55.11094103543902), np.float64(54.33681490776867), np.float64(53.76444856680571), np.float64(53.06504990917058), np.float64(53.044194359676915), np.float64(52.768938248848094), np.float64(52.44213303212551), np.float64(52.16921490001745)]
Final fitness values: [np.float64(44.10633776411999), np.float64(44.10633776411999), np.float64(44.10014512180962), np.float64(44.10014512180962), np.float64(44.100116555962714), np.float64(44.10000159930234), np.float64(44.09999932809932), np.float64(44.09999118458876), np.float64(44.09998790528421), np.float64(44.09998790528421)]
HOF ITEM
44.09998790528421
0.10095483451388082,1.0510111773275135,5.603071299906045,0.3572633157002006,-6.610297416414374,4.692830826559886,0.7048951420775317,2.8483745168758583,4.6817765695957085,5.008295775968542,2.869959311483562,1.0299111913671928,1.6541911865176606,0.3672369205448095,2.0106299662633673
HOF ITEM
44.09999118458876
0.10095483451388082,1.0510111773275135,5.603071299906045,0.3572633157002006,-6.819140082342161,4.753596951746035,0.7048951420775317,2.8483745168758583,4.6817765695957085,5.008295775968542,3.0,0.9103380514268636,1.6541911865176606,0.20392079601233623,2.0478666272310453
HOF ITEM
44.09999118458876
0.10095483451388082,1.0510111773275135,5.603071299906045,0.3572633157002006,-6.819140082342161,4.753596951746035,0.7048951420775317,2.8483745168758583,4.6817765695957085,5.008295775968542,3.0,1.0299111913671928,1.6541911865176606,0.20392079601233623,2.0478666272310453
HOF ITEM
44.09999118458876
0.10095483451388082,1.0510111773275135,5.603071299906045,0.3572633157002006,-6.819140082342161,4.753596951746035,0.7048951420775317,2.8483745168758583,4.6817765695957085,5.153719316744293,2.869959311483562,1.0299111913671928,1.6541911865176606,0.20392079601233623,2.0478666272310453
HOF ITEM
44.09999118458876
0.10095483451388082,1.0510111773275135,5.603071299906045,0.3572633157002006,-6.819140082342161,4.753596951746035,0.7048951420775317,2.8483745168758583,4.6817765695957085,5.008295775968542,2.869959311483562,1.0299111913671928,1.6541911865176606,0.20392079601233623,2.0478666272310453
seed 398
Initial fitness values: [np.float64(57.16493489800677), np.float64(55.030159284572626), np.float64(53.06557339860139), np.float64(52.99893100047365), np.float64(51.361782040367856), np.float64(51.13155584128854), np.float64(50.60877909428246), np.float64(49.292955858769204), np.float64(48.6620269688205), np.float64(48.14450476119046)]
Final fitness values: [np.float64(43.74831150425081), np.float64(43.74831150425081), np.float64(43.74831150425081), np.float64(43.74831150425081), np.float64(43.74831150425081), np.float64(43.74831150425081), np.float64(43.74831148321966), np.float64(43.74831148321966), np.float64(43.746190385054135), np.float64(43.746190385054135)]
HOF ITEM
43.746190385054135
-0.1773826488381713,0.9938273498023433,-2.239873696372626,0.5866983100786468,-3.933603030132265,5.788861724741467,0.608257154417121,1.6740643161964406,0.9659337190275509,3.421059190567556,0.4162050478862656,3.0552245055799307,-5.907398623033896,0.0,5.714816698990357
HOF ITEM
43.74619038767482
-0.1773826488381713,0.9938273498023433,-2.239873696372626,0.5866983100786468,-3.933603030132265,5.788861724741467,0.608257154417121,1.6740643161964406,0.9659337190275509,3.421059190567556,0.4162050478862656,3.0552245055799307,-6.087060682529426,0.0,5.714816698990357
HOF ITEM
43.74622678381547
-0.1773826488381713,0.9938273498023433,-2.239873696372626,0.5866983100786468,-3.933603030132265,5.324155904979442,0.608257154417121,1.6740643161964406,0.9659337190275509,3.421059190567556,0.4162050478862656,3.0552245055799307,-6.087060682529426,0.0,5.801274640167672
HOF ITEM
43.748274185002245
-0.1773826488381713,0.9938273498023433,-2.0298441164141194,0.7720944553539688,-3.933603030132265,5.788861724741467,0.608257154417121,1.6740643161964406,0.9659337190275509,3.421059190567556,0.4162050478862656,3.0552245055799307,-5.907398623033896,0.0,5.714816698990357
HOF ITEM
43.74831148188208
-0.1773826488381713,0.9938273498023433,-2.0298441164141194,0.7720944553539688,-3.933603030132265,5.324155904979442,0.608257154417121,1.6740643161964406,0.9659337190275509,3.421059190567556,0.4162050478862656,3.0552245055799307,-6.087060682529426,0.0,5.7440045762621885
seed 399
Initial fitness values: [np.float64(62.854765638069196), np.float64(53.32442265022417), np.float64(49.59831020941724), np.float64(49.365336088361744), np.float64(48.24696982119014), np.float64(47.59067314120962), np.float64(47.25518529574249), np.float64(46.14358456108821), np.float64(45.667298539626636), np.float64(45.072237110878596)]
Final fitness values: [np.float64(44.26913342444487), np.float64(44.26912329375354), np.float64(44.26912329375354), np.float64(44.18498647135072), np.float64(44.18498647135072), np.float64(44.18498647135072), np.float64(44.1715709485874), np.float64(44.171194594370284), np.float64(44.16975755396734), np.float64(44.168176976297175)]
HOF ITEM
44.168176976297175
0.8572751949840192,0.7351617495803453,-2.793135223105241,4.24810083249391,-0.3558791891015193,2.995967681723465,1.0009493360525001,2.9557492525518776,0.4543926670270192,5.083928298550433,2.891765534666183,0.0,6.454592754586955,0.0,6.38517644646654
HOF ITEM
44.16961048242089
0.8572751949840192,0.7351617495803453,-3.0085859386764247,4.3195165721516355,-0.3280472401266029,3.522751977826513,1.0009493360525001,2.9557492525518776,0.4543926670270192,4.9632315666897275,2.9518817265842796,0.0,7.0,0.0,6.38517644646654
HOF ITEM
44.16961048242089
0.8572751949840192,0.7351617495803453,-3.0085859386764247,4.3195165721516355,-0.3280472401266029,3.522751977826513,1.0009493360525001,2.9557492525518776,0.4543926670270192,4.8828331230664554,2.9518817265842796,0.0,7.0,0.0,6.38517644646654
HOF ITEM
44.16975755396734
0.8572751949840192,0.7351617495803453,-3.0085859386764247,4.3195165721516355,-0.3280472401266029,3.522751977826513,1.0009493360525001,2.9557492525518776,0.4543926670270192,4.8828331230664554,2.9518817265842796,0.0,7.0,0.22151889743229314,6.38517644646654
HOF ITEM
44.169967919570375
0.8572751949840192,0.7351617495803453,-3.016902378131388,4.100971574972786,-0.588032647598618,3.3398565975524424,1.0009493360525001,2.9557492525518776,0.4543926670270192,4.640013806646566,2.9518817265842796,0.0,7.0,0.0,6.21864588011861
best parameter set
fitness 42.63703806775126 seed 391
-1.8179285615929786,1.4884810998145923,3.2192546787806657,-0.8743801979248497,4.4451030198591095,6.446877372159858,-0.6006368244702712,2.3391190060914338,5.965313832249271,1.327120621139307,0.14180486142079274,2.0760967228966076,6.724875303749115,1.2737224048819804,0.4337165438938776
