seeds are [740 741 742 743 744 745 746 747 748 749]
seed 740
Initial fitness values: [np.float64(32.62186152500857), np.float64(30.15762951556431), np.float64(28.389019325767055), np.float64(26.74833164937592), np.float64(24.641239204724165), np.float64(23.758585571056692), np.float64(22.854364317323547), np.float64(22.395798297266545), np.float64(22.08114817943921), np.float64(22.08114817943921)]
Final fitness values: [np.float64(21.88440112554943), np.float64(21.88440112554943), np.float64(21.88440112554943), np.float64(21.88440112554943), np.float64(21.8386141379339), np.float64(21.8386141379339), np.float64(21.8386141379339), np.float64(21.8386141379339), np.float64(21.8386141379339), np.float64(21.8386141379339)]
HOF ITEM
21.8386141379339
-5.754514451112129,1.5741348168537315,5.896046315517767,4.989202028412694,-0.5707807375400533,1.564762936770014,-4.430572946552327,2.048069051720297,1.244367015263358,3.593820164813511,2.607328514591496,1.4170652956160452,-0.7489272913191275,0.0,3.4057139831463785
HOF ITEM
21.8386141379339
-5.754514451112129,1.5741348168537315,5.896046315517767,4.989202028412694,-0.5707807375400533,1.564762936770014,-4.430572946552327,2.048069051720297,1.244367015263358,3.593820164813511,2.607328514591496,1.5092296284539721,-0.7489272913191275,0.0,3.4057139831463785
HOF ITEM
21.8386141379339
-5.754514451112129,1.5741348168537315,5.896046315517767,4.989202028412694,-0.5707807375400533,1.564762936770014,-4.430572946552327,2.048069051720297,1.244367015263358,3.593820164813511,3.0,1.2783454444484914,-0.7489272913191275,0.0,3.4057139831463785
HOF ITEM
21.8386141379339
-5.754514451112129,1.5741348168537315,5.896046315517767,4.989202028412694,-0.5707807375400533,1.564762936770014,-4.430572946552327,2.048069051720297,1.244367015263358,3.593820164813511,3.0,1.5092296284539721,-0.7489272913191275,0.0,3.4057139831463785
HOF ITEM
21.8386141379339
-5.754514451112129,1.5741348168537315,5.896046315517767,4.989202028412694,-0.5707807375400533,1.564762936770014,-4.430572946552327,2.048069051720297,1.244367015263358,3.7827813603303038,3.0,1.4170652956160452,-0.7489272913191275,0.0,3.4057139831463785
seed 741
Initial fitness values: [np.float64(27.806430949714766), np.float64(27.80643008361712), np.float64(27.900711388339964), np.float64(27.60265254957118), np.float64(27.542921393079716), np.float64(27.524593411922034), np.float64(27.524593411922034), np.float64(27.481983033976014), np.float64(27.481983033976014), np.float64(27.481983033976014)]
Final fitness values: [np.float64(27.417893337262704), np.float64(27.417893337262704), np.float64(27.417893337262704), np.float64(27.417893337262704), np.float64(27.417726397695446), np.float64(27.417726397695446), np.float64(27.417726397695446), np.float64(27.416801026947933), np.float64(27.416801026947933), np.float64(27.416801026947933)]
HOF ITEM
27.416801026947933
-5.892856896620381,1.8209670653801928,4.932908650371876,4.45261073551148,-6.6374204216686845,-6.577151091822632,-2.977201884700578,1.3242337655657785,5.757378156198752,4.728895353807302,1.3033918741880774,3.9672119311691323,3.0364277127274435,2.564011619394314,1.196593424224773
HOF ITEM
27.41772633380603
-5.892856896620381,1.8209670653801928,4.673192934402286,4.3503424004569995,-6.6374204216686845,-6.577151091822632,-2.938015807262447,1.3242337655657785,5.785032228938325,4.573540411582899,0.8829871698688241,4.646174749305564,3.0533973600311297,2.564011619394314,1.196593424224773
HOF ITEM
27.417726397695446
-5.892856896620381,1.8209670653801928,4.673192934402286,4.3503424004569995,-6.6374204216686845,-6.577151091822632,-2.938015807262447,1.3242337655657785,5.785032228938325,4.728895353807302,0.8829871698688241,4.646174749305564,3.287602596447308,2.564011619394314,1.196593424224773
HOF ITEM
27.417726397695446
-5.892856896620381,1.8209670653801928,4.673192934402286,4.3503424004569995,-6.6374204216686845,-6.577151091822632,-2.938015807262447,1.3242337655657785,5.785032228938325,4.728895353807302,0.8829871698688241,4.646174749305564,3.0533973600311297,2.564011619394314,1.315825314080963
HOF ITEM
27.417726397695446
-5.892856896620381,1.8209670653801928,4.673192934402286,4.3503424004569995,-6.6374204216686845,-6.577151091822632,-2.938015807262447,1.3242337655657785,5.785032228938325,4.728895353807302,0.8829871698688241,4.646174749305564,3.0364277127274435,2.564011619394314,1.196593424224773
seed 742
Initial fitness values: [np.float64(35.2910323714656), np.float64(32.05814570477293), np.float64(30.230900727367793), np.float64(30.144981944574496), np.float64(28.857780294844932), np.float64(28.446444284053317), np.float64(28.19409984357441), np.float64(28.19409984357441), np.float64(27.773216933476803), np.float64(27.455008986067277)]
Final fitness values: [np.float64(26.602299482034653), np.float64(26.602299482034653), np.float64(26.602299482034653), np.float64(26.597130075888707), np.float64(26.597130075888707), np.float64(26.597130075888707), np.float64(26.59653912198214), np.float64(26.595703988735547), np.float64(26.595703988735547), np.float64(26.595696621536234)]
HOF ITEM
26.595696621536234
-1.871037133751349,-2.9283100231193497,-3.0390416937102227,0.9221210871877263,5.464806608877325,-0.48506017849132493,-0.7274232415451847,1.874583905309218,4.240403945827173,1.6873448586501154,2.3045879434146817,6.04994301654641,-6.99068396998094,2.9498151230110263,4.340555493047846
HOF ITEM
26.59570398178448
-1.871037133751349,-2.5419542314538353,-3.0390416937102227,0.9221210871877263,5.464806608877325,-0.48506017849132493,-0.7274232415451847,1.874583905309218,4.240403945827173,1.6873448586501154,2.5492819572595673,6.096870570191734,-6.527836093536722,2.9498151230110263,4.340555493047846
HOF ITEM
26.59570398178448
-1.871037133751349,-2.9283100231193497,-3.0390416937102227,0.9221210871877263,5.464806608877325,-0.48506017849132493,-0.7274232415451847,1.874583905309218,4.240403945827173,1.6873448586501154,2.5492819572595673,6.096870570191734,-7.0,2.9498151230110263,4.340555493047846
HOF ITEM
26.595703988735547
-1.871037133751349,-2.9283100231193497,-3.0390416937102227,0.9221210871877263,5.464806608877325,-0.48506017849132493,-0.7274232415451847,1.874583905309218,4.240403945827173,1.6873448586501154,2.5492819572595673,5.910714489214432,-7.0,2.9498151230110263,4.340555493047846
HOF ITEM
26.59653912198214
-1.871037133751349,-2.5419542314538353,-3.0390416937102227,0.9221210871877263,5.464806608877325,-0.48506017849132493,-0.7274232415451847,1.874583905309218,4.240403945827173,1.6873448586501154,2.043100209467089,6.096870570191734,-6.527836093536722,2.9498151230110263,4.104257158016881
seed 743
Initial fitness values: [np.float64(30.407285687928255), np.float64(29.43701567912554), np.float64(28.03260408065795), np.float64(27.635467887981584), np.float64(26.809947551090854), np.float64(26.809947551090854), np.float64(26.80598018114446), np.float64(26.686173248982755), np.float64(26.686173248982755), np.float64(26.67848487957256)]
Final fitness values: [np.float64(21.75570929499406), np.float64(21.75570929499406), np.float64(21.735841914365277), np.float64(21.735841914365277), np.float64(21.735841914365277), np.float64(21.735841914365277), np.float64(21.735841914365277), np.float64(21.735841914365277), np.float64(21.735841914365277), np.float64(21.735841914365277)]
HOF ITEM
21.735841914365277
3.6020515747567163,-0.6035159156261736,-3.449943756464804,-4.304263228322834,1.746426428987416,-2.634962313053957,1.5375597208488756,0.7923687327926987,6.883201390692838,5.488820642569851,1.5532562199439794,5.295856023939914,0.2543489511281255,2.741811917109576,2.790791484299482
HOF ITEM
21.75570929499406
3.6020515747567163,-0.6035159156261736,-3.449943756464804,-4.304263228322834,1.7580192989832426,-2.634962313053957,1.5375597208488756,0.7923687327926987,6.883201390692838,5.488820642569851,1.5532562199439794,5.295856023939914,0.2543489511281255,2.741811917109576,2.790791484299482
HOF ITEM
21.755710198015194
3.6020515747567163,-0.6035159156261736,-3.449943756464804,-4.304263228322834,1.7580192989832426,-2.634962313053957,1.5375597208488756,0.7923687327926987,6.883201390692838,5.488820642569851,1.5532562199439794,5.200948266182479,0.2543489511281255,2.741811917109576,2.790791484299482
HOF ITEM
21.755716367431514
3.6020515747567163,-0.6035159156261736,-3.449943756464804,-4.304263228322834,1.7580192989832426,-2.634962313053957,1.5375597208488756,0.7923687327926987,6.883201390692838,5.75268276502533,1.5532562199439794,5.295856023939914,0.2543489511281255,2.741811917109576,2.790791484299482
HOF ITEM
21.755716626870374
3.6020515747567163,-0.6035159156261736,-3.449943756464804,-4.304263228322834,1.7580192989832426,-2.634962313053957,1.5375597208488756,0.7923687327926987,6.883201390692838,5.75268276502533,1.5532562199439794,5.200948266182479,0.2543489511281255,2.741811917109576,2.790791484299482
seed 744
Initial fitness values: [np.float64(31.242313980460196), np.float64(30.4017746786856), np.float64(27.997435104099146), np.float64(27.997435104099146), np.float64(27.373281880631094), np.float64(27.373281880631094), np.float64(27.233663570016635), np.float64(27.233663570016635), np.float64(27.233663570016635), np.float64(26.356508507672487)]
Final fitness values: [np.float64(21.28851759773925), np.float64(21.28851759773925), np.float64(21.28851759773925), np.float64(21.28851759773925), np.float64(21.28851759773925), np.float64(21.28851759773925), np.float64(21.28851759773925), np.float64(21.28851759773925), np.float64(21.28851759773925), np.float64(21.28851759773925)]
HOF ITEM
21.28851759773925
-5.819665279910027,1.6109116571041955,3.209508844436219,3.9053623856505206,2.1528592504339827,-2.1463594467747775,-4.501283997693754,2.03219720901828,3.4453535049787014,6.258798316420171,1.953942155678149,3.9719025770294256,0.41692756024062483,0.31677988834246074,4.781515102206096
HOF ITEM
21.28851759773925
-5.819665279910027,1.6109116571041955,3.209508844436219,3.9053623856505206,2.1528592504339827,-2.1463594467747775,-4.501283997693754,2.03219720901828,3.4453535049787014,6.258798316420171,1.8194276234058284,3.7683795199064387,0.41692756024062483,0.31677988834246074,4.781515102206096
HOF ITEM
21.28851759773925
-5.819665279910027,1.6109116571041955,3.209508844436219,3.9053623856505206,2.1528592504339827,-2.1463594467747775,-4.501283997693754,2.03219720901828,3.4453535049787014,6.258798316420171,1.953942155678149,3.7683795199064387,0.41692756024062483,0.31677988834246074,4.781515102206096
HOF ITEM
21.28851759773925
-5.819665279910027,1.6109116571041955,3.209508844436219,3.9053623856505206,2.1528592504339827,-2.1463594467747775,-4.501283997693754,2.03219720901828,3.4453535049787014,6.258798316420171,1.8194276234058284,3.9719025770294256,0.41692756024062483,0.31677988834246074,4.781515102206096
HOF ITEM
21.292270248244115
-5.819665279910027,1.6109116571041955,3.209508844436219,3.9053623856505206,2.1528592504339827,-2.1463594467747775,-4.501283997693754,2.0301477976997035,3.4453535049787014,6.633834183105697,1.8194276234058284,3.832963783739811,0.41692756024062483,0.31677988834246074,4.781515102206096
seed 745
Initial fitness values: [np.float64(30.522387592740632), np.float64(29.081470632886088), np.float64(27.76790837077321), np.float64(23.95814558997388), np.float64(23.95814558997388), np.float64(23.869723391394267), np.float64(23.41286728801233), np.float64(23.309065111734597), np.float64(22.978969623335505), np.float64(22.978969623335505)]
Final fitness values: [np.float64(22.329385172904473), np.float64(22.329385172904473), np.float64(22.32886324267015), np.float64(22.32886324267015), np.float64(22.328835545614222), np.float64(22.328835545614222), np.float64(22.328835545614222), np.float64(22.328834506961915), np.float64(22.32883196023912), np.float64(22.328799271827187)]
HOF ITEM
22.328799271827187
1.0304617996002738,0.6541681540803193,-5.788559329870358,3.7136496744115672,5.110433304515358,5.580945799384224,1.0442892786630256,3.0,1.335632161142267,5.032071204179951,3.0,2.7991101024349967,2.6359191099577033,0.9401059363072929,5.421697904848643
HOF ITEM
22.32883196023912
1.0304617996002738,0.6541681540803193,-5.788559329870358,3.7136496744115672,5.110433304515358,6.076901179618327,1.0442892786630256,3.0,1.335632161142267,5.032071204179951,2.917509009770116,2.7227480726515285,2.3836390657366557,0.8776294659870121,5.278798246666684
HOF ITEM
22.32883196023912
1.0304617996002738,0.6541681540803193,-5.788559329870358,3.7136496744115672,5.110433304515358,6.076901179618327,1.0442892786630256,3.0,1.335632161142267,5.032071204179951,2.804375077118486,2.7227480726515285,2.3836390657366557,0.8776294659870121,5.278798246666684
HOF ITEM
22.32883208324415
1.0304617996002738,0.6541681540803193,-5.788559329870358,3.7136496744115672,5.110433304515358,6.076901179618327,1.0442892786630256,3.0,1.335632161142267,5.032071204179951,2.917509009770116,2.7227480726515285,2.3836390657366557,0.8776294659870121,5.421697904848643
HOF ITEM
22.32883208324415
1.0304617996002738,0.6541681540803193,-5.788559329870358,3.7136496744115672,5.110433304515358,6.076901179618327,1.0442892786630256,3.0,1.335632161142267,5.032071204179951,2.804375077118486,2.7227480726515285,2.3836390657366557,0.8776294659870121,5.421697904848643
seed 746
Initial fitness values: [np.float64(32.312959746506195), np.float64(30.27584269977292), np.float64(27.43279665300014), np.float64(26.548703412358467), np.float64(25.71068453721687), np.float64(24.27870182838976), np.float64(23.609007981453196), np.float64(23.302030579973504), np.float64(23.22778224700781), np.float64(23.21681881310994)]
Final fitness values: [np.float64(22.11503667324232), np.float64(22.11503667324232), np.float64(22.114684858274693), np.float64(22.114684858274693), np.float64(22.114604163006906), np.float64(22.110643969868196), np.float64(22.110643969868196), np.float64(22.10569641716927), np.float64(22.105328964102565), np.float64(22.10399483002228)]
HOF ITEM
22.10399483002228
0.7120850774324659,0.7961398810815109,-3.907232835501808,4.307726843571982,-4.602961228215367,-6.5958424220068474,0.9491038634573484,2.598741500727924,0.5591829893738935,5.4486373752512565,0.09775756585290715,2.3863098428856677,0.7134120436840385,1.5618762530753547,1.3085019313445703
HOF ITEM
22.105304416581212
0.7120850774324659,0.7961398810815109,-4.589659026361065,4.335046575429371,-4.1006001367010585,-6.5916798899816715,0.9491038634573484,2.598741500727924,0.5591829893738935,5.4486373752512565,0.09775756585290715,2.3863098428856677,0.7134120436840385,1.5618762530753547,1.114594356485694
HOF ITEM
22.105328964102565
0.7120850774324659,0.7961398810815109,-4.589659026361065,4.307726843571982,-4.1006001367010585,-6.5916798899816715,0.9491038634573484,2.5940893341615165,0.5591829893738935,5.4486373752512565,0.09775756585290715,2.3863098428856677,0.7134120436840385,1.5618762530753547,1.114594356485694
HOF ITEM
22.105641660145707
0.7120850774324659,0.7961398810815109,-4.589659026361065,4.335046575429371,-4.1006001367010585,-6.5958424220068474,0.9491038634573484,2.5940893341615165,0.5591829893738935,5.4486373752512565,0.09775756585290715,2.3863098428856677,0.7134120436840385,1.5618762530753547,1.114594356485694
HOF ITEM
22.10569641716927
0.7120850774324659,0.7961398810815109,-4.589659026361065,4.335046575429371,-4.1006001367010585,-6.5916798899816715,0.9491038634573484,2.5940893341615165,0.5591829893738935,5.4486373752512565,0.09775756585290715,2.3863098428856677,0.7134120436840385,1.5618762530753547,1.114594356485694
seed 747
Initial fitness values: [np.float64(29.93883285772848), np.float64(28.946723973124723), np.float64(28.83958396966353), np.float64(27.998210504439385), np.float64(27.224976181067824), np.float64(27.160463363097346), np.float64(27.08761773860949), np.float64(27.08553302424169), np.float64(27.012944482092294), np.float64(26.97799408796909)]
Final fitness values: [np.float64(26.709380231042992), np.float64(26.709380231042992), np.float64(26.709380231027016), np.float64(26.70919876217228), np.float64(26.709190485305722), np.float64(26.709190485245674), np.float64(26.708925119500595), np.float64(26.708770189126028), np.float64(26.708743157566488), np.float64(26.708491234395947)]
HOF ITEM
26.708491234395947
-6.773863634542512,1.6399838881583961,-2.6128788385084283,6.3571266692481405,-1.9227240168916557,-0.6833707879403346,-3.4786446578627794,1.0208221908925867,4.54406312916861,2.191381056710942,0.0,5.725625636905245,1.371998722895667,1.4141605783382765,5.254750646621167
HOF ITEM
26.708743157566488
-6.773863634542512,1.6399838881583961,-2.3400725522317485,6.3571266692481405,-1.6644938428037699,-0.486036187115582,-3.4786446578627794,1.0208221908925867,4.54406312916861,2.191381056710942,0.0,5.725625636905245,1.371998722895667,1.3343860084811467,5.176849119633337
HOF ITEM
26.70877018908562
-6.773863634542512,1.6399838881583961,-2.007717520865417,6.3571266692481405,-1.9227240168916557,-0.6833707879403346,-3.4786446578627794,1.0208221908925867,4.54406312916861,2.191381056710942,0.0,5.725625636905245,1.371998722895667,1.4141605783382765,5.254750646621167
HOF ITEM
26.708770189126028
-6.773863634542512,1.6399838881583961,-2.007717520865417,6.3571266692481405,-1.9227240168916557,-0.6833707879403346,-3.4786446578627794,1.0208221908925867,4.54406312916861,2.191381056710942,0.0,5.725625636905245,0.20309870847144224,1.3343860084811467,5.176849119633337
HOF ITEM
26.70881737452214
-6.773863634542512,1.6399838881583961,-2.186258879215671,6.3571266692481405,-1.6644938428037699,-0.486036187115582,-3.4786446578627794,1.0208221908925867,4.54406312916861,2.191381056710942,0.0,5.725625636905245,0.9442326591689307,1.4141605783382765,5.254750646621167
seed 748
Initial fitness values: [np.float64(29.55065912581203), np.float64(27.14788622881483), np.float64(25.50915280022044), np.float64(24.950510540870425), np.float64(24.466399533516093), np.float64(22.892550274094607), np.float64(22.89254497317163), np.float64(22.89254497317163), np.float64(22.58763285367747), np.float64(22.587632130880344)]
Final fitness values: [np.float64(22.098459067904653), np.float64(22.09428514538568), np.float64(22.093818166909973), np.float64(22.093818166909973), np.float64(22.09347430450363), np.float64(22.093462758342596), np.float64(22.093462758342596), np.float64(22.093462758342596), np.float64(22.093456765475263), np.float64(22.093456765475263)]
HOF ITEM
22.093456765475263
0.15934894755368384,1.0303713011372626,-5.589154357312143,4.639665470127682,-4.743999214966108,0.5677888800091071,0.7371551642820409,2.8941918606016146,0.4552771069616672,5.158911829971991,0.2839648612978484,0.524597629950685,-1.3101022315182314,1.6673021278723652,7.0
HOF ITEM
22.09346093542185
0.15934894755368384,1.0303713011372626,-5.589154357312143,4.639665470127682,-4.587554577019544,0.9170311096157742,0.7371551642820409,2.8941918606016146,0.4552771069616672,5.158911829971991,0.2839648612978484,0.524597629950685,-0.5117939276436656,1.7225069137805717,6.94280691078417
HOF ITEM
22.09346096203488
0.15934894755368384,1.0303713011372626,-5.589154357312143,4.639665470127682,-4.587554577019544,0.9170311096157742,0.7371551642820409,2.8941918606016146,0.4552771069616672,5.158911829971991,0.2839648612978484,0.524597629950685,-0.5117939276436656,1.7225069137805717,7.0
HOF ITEM
22.093461164191886
0.15934894755368384,1.0303713011372626,-5.589154357312143,4.639665470127682,-4.587554577019544,0.9170311096157742,0.7371551642820409,2.8941918606016146,0.4552771069616672,5.158911829971991,0.2839648612978484,0.524597629950685,-0.5117939276436656,1.6673021278723652,7.0
HOF ITEM
22.093462758342596
0.15934894755368384,1.0303713011372626,-5.589154357312143,4.609904084302101,-4.587554577019544,0.9170311096157742,0.7371551642820409,2.8941918606016146,0.4552771069616672,5.158911829971991,0.2839648612978484,0.524597629950685,-0.5117939276436656,1.7225069137805717,6.94280691078417
seed 749
Initial fitness values: [np.float64(30.159512154502202), np.float64(29.87869094836739), np.float64(28.963731205446962), np.float64(27.87092064118196), np.float64(27.18579757980878), np.float64(26.50818517930676), np.float64(26.50818517930676), np.float64(25.28902911458846), np.float64(25.28902911458846), np.float64(25.243098492480424)]
Final fitness values: [np.float64(22.06369657769613), np.float64(22.06369657769613), np.float64(22.06369583753656), np.float64(22.06369583753656), np.float64(22.063695625679955), np.float64(22.063649921372715), np.float64(22.063649921372715), np.float64(22.063649921372715), np.float64(22.063649921372715), np.float64(22.063621054271987)]
HOF ITEM
22.063621054271987
-6.358276202398029,1.5659569145459367,0.37968722763006024,-4.307645918042623,-5.038790791266531,4.825955055457017,-5.03070490179614,1.9273696658846025,4.233479750494914,-2.1308930188199526,2.85666966441382,4.563137729868327,5.104538606753651,1.921167208461717,6.577911738692963
HOF ITEM
22.063648158710475
-6.358276202398029,1.5659569145459367,0.37968722763006024,-4.307250175691659,-5.038790791266531,4.497163493558437,-5.03070490179614,1.9273696658846025,4.233479750494914,-2.4323913553988263,2.9649661612526934,4.593232712356983,5.104538606753651,2.147824623480794,6.358353070653921
HOF ITEM
22.063649921372715
-6.358276202398029,1.5659569145459367,0.37968722763006024,-4.307250175691659,-5.038790791266531,4.912332029622419,-5.03070490179614,1.9273696658846025,4.233479750494914,-2.984456652768495,2.9963860363488566,4.297720342880199,4.484469841242467,2.1271417182437573,6.034376381329515
HOF ITEM
22.063649921372715
-6.358276202398029,1.5659569145459367,0.37968722763006024,-4.307250175691659,-5.038790791266531,4.912332029622419,-5.03070490179614,1.9273696658846025,4.233479750494914,-2.5805556944868036,3.0,4.037980183843522,4.71670604053719,2.120150051862045,6.124791175701375
HOF ITEM
22.063649921372715
-6.358276202398029,1.5659569145459367,0.37968722763006024,-4.307250175691659,-5.038790791266531,4.912332029622419,-5.03070490179614,1.9273696658846025,4.233479750494914,-2.4323913553988263,3.0,4.037980183843522,4.484469841242467,2.1271417182437573,6.034376381329515
best parameter set
fitness 20.495534660189247 seed 743
3.6493400362353308,-0.6845437199342528,-3.049852851917618,-4.253492330115817,1.7083747792937418,-3.036035238115098,1.017060711166724,0.8899874555817253,6.840214612183818,5.4888324414773635,1.5531630386226507,5.2959105309160845,0.18861490160403174,3.0,2.827750506460079
