seeds are [300 301 302 303 304 305 306 307 308 309]
seed 300
Initial fitness values: [np.float64(28.22382284026865), np.float64(28.198156482192527), np.float64(27.585708429675044), np.float64(27.458704885201207), np.float64(27.42806362250299), np.float64(27.42806362250299), np.float64(27.42806359605245), np.float64(27.423096099714108), np.float64(27.423096099714108), np.float64(27.42309430532492)]
Final fitness values: [np.float64(26.729784517241807), np.float64(26.729784517241807), np.float64(26.729784517241807), np.float64(26.729784517241807), np.float64(26.729784517241807), np.float64(26.729784517241807), np.float64(26.724871207346233), np.float64(26.724871207346233), np.float64(26.724871207346233), np.float64(26.724871207346233)]
HOF ITEM
26.724871207346233
-2.4612858529001134,1.6784802279009199,-5.6122085895127585,4.075023224136759,1.4335861069275881,-2.9876903052800086,0.8972832187084219,1.1104771953092196,5.383530917794914,4.101557475152549,0.04517974408628971,3.4069489317521295,5.334856057928221,2.712410839064372,4.528907483576696
HOF ITEM
26.724871207346233
-2.4612858529001134,1.6784802279009199,-5.6122085895127585,4.075023224136759,1.4335861069275881,-2.9876903052800086,0.8972832187084219,1.1104771953092196,5.383530917794914,4.101557475152549,0.04517974408628971,3.4069489317521295,5.334856057928221,2.712410839064372,4.633017682934045
HOF ITEM
26.729784517241807
-2.4612858529001134,1.6784802279009199,-5.6122085895127585,4.032721614011117,1.4335861069275881,-2.9876903052800086,0.8972832187084219,1.1104771953092196,5.383530917794914,4.101557475152549,0.04517974408628971,3.4069489317521295,5.334856057928221,2.712410839064372,4.633017682934045
HOF ITEM
26.729784517241807
-2.4612858529001134,1.6784802279009199,-5.6122085895127585,4.032721614011117,1.4335861069275881,-2.9876903052800086,0.8972832187084219,1.1104771953092196,5.383530917794914,4.101557475152549,0.04517974408628971,3.4069489317521295,5.334856057928221,2.151322990173569,4.743110600976847
HOF ITEM
26.729784517241807
-2.4612858529001134,1.6784802279009199,-5.6122085895127585,4.032721614011117,1.4335861069275881,-2.9876903052800086,0.8972832187084219,1.1104771953092196,5.383530917794914,4.101557475152549,0.04517974408628971,3.4069489317521295,5.334856057928221,2.6906905098421756,4.300627824715609
seed 301
Initial fitness values: [np.float64(29.707520744684036), np.float64(29.707520744684036), np.float64(27.68526500854374), np.float64(25.755263818978147), np.float64(25.47359143317402), np.float64(24.748261135010768), np.float64(24.748261135010768), np.float64(24.09185530438298), np.float64(23.99031320489148), np.float64(23.99031320489148)]
Final fitness values: [np.float64(23.8179310148777), np.float64(23.779910786068847), np.float64(23.744328871751456), np.float64(23.744328871751456), np.float64(23.744328871751456), np.float64(23.74432880848482), np.float64(23.637367379049184), np.float64(23.637367379049184), np.float64(23.637367379049184), np.float64(23.627782040613052)]
HOF ITEM
23.627782040613052
4.825737017906779,-0.6832902907623783,-4.90893221988963,1.747393231442245,7.0,4.714378806560191,1.3338173931024815,2.6220102031013592,4.703346055170924,5.062167519749805,2.7066899647444407,6.806888052138017,4.657008621024287,2.354449212549022,3.392696137703368
HOF ITEM
23.637343109388677
4.825737017906779,-0.6832902907623783,-4.929685298781089,1.747393231442245,7.0,4.490486873553158,1.3338173931024815,2.556699859181195,4.703346055170924,5.256682028177318,2.7066899647444407,6.806888052138017,4.657008621024287,1.7215764067896868,3.392696137703368
HOF ITEM
23.637367379049184
4.825737017906779,-0.6832902907623783,-4.929685298781089,1.747393231442245,7.0,4.463381495121775,1.3338173931024815,2.556699859181195,4.703346055170924,5.42449830886011,2.913350825564903,6.915749759931997,4.657008621024287,1.7215764067896868,3.392696137703368
HOF ITEM
23.637367379049184
4.825737017906779,-0.6832902907623783,-4.929685298781089,1.747393231442245,7.0,4.463381495121775,1.3338173931024815,2.556699859181195,4.703346055170924,5.42449830886011,2.7066899647444407,6.806888052138017,4.657008621024287,1.7215764067896868,3.392696137703368
HOF ITEM
23.637367379049184
4.825737017906779,-0.6832902907623783,-4.929685298781089,1.747393231442245,7.0,4.463381495121775,1.3338173931024815,2.556699859181195,4.703346055170924,5.256682028177318,2.7066899647444407,6.915749759931997,4.657008621024287,1.7215764067896868,3.392696137703368
seed 302
Initial fitness values: [np.float64(31.913932529986326), np.float64(28.395946344625127), np.float64(28.18269171068036), np.float64(26.90158802554496), np.float64(26.35371036952451), np.float64(24.94631502638922), np.float64(24.94631502638922), np.float64(24.733958484337585), np.float64(24.258854949135), np.float64(23.091406673115227)]
Final fitness values: [np.float64(21.8948948089124), np.float64(21.894893678604475), np.float64(21.894892665325912), np.float64(21.89364286693833), np.float64(21.893641389250426), np.float64(21.893640064558728), np.float64(21.893638363765387), np.float64(21.893284601433024), np.float64(21.893284601433024), np.float64(21.893284601433024)]
HOF ITEM
21.893284601433024
-4.89607663833518,1.586658230140099,5.777586340273014,-0.2944583529996711,-2.467295598102965,3.217789135150713,-3.567151535035533,2.27083697096208,5.555962758679742,-0.05142305098792466,2.680741386665667,1.1172719687913308,3.5086415511388633,0.04281394735164187,0.8022734223062633
HOF ITEM
21.893284601433024
-4.89607663833518,1.586658230140099,5.777586340273014,-0.2944583529996711,-2.467295598102965,3.217789135150713,-3.567151535035533,2.27083697096208,5.555962758679742,-0.18264888039969188,3.0,0.9568538198235793,3.5086415511388633,0.04281394735164187,0.8022734223062633
HOF ITEM
21.893284601433024
-4.89607663833518,1.586658230140099,5.777586340273014,-0.2944583529996711,-2.467295598102965,3.217789135150713,-3.567151535035533,2.27083697096208,5.555962758679742,-0.18264888039969188,3.0,1.1172719687913308,3.5086415511388633,0.04281394735164187,0.8022734223062633
HOF ITEM
21.89337495172655
-4.89607663833518,1.586658230140099,5.777586340273014,-0.2944583529996711,-2.5263696206469706,3.1700663367290214,-3.567151535035533,2.27083697096208,5.555962758679742,-0.18264888039969188,3.0,1.1172719687913308,3.5086415511388633,0.04281394735164187,0.8022734223062633
HOF ITEM
21.893377890754056
-4.89607663833518,1.586658230140099,5.777586340273014,-0.2944583529996711,-2.5263696206469706,3.1700663367290214,-3.567151535035533,2.27083697096208,5.555962758679742,-0.28690576077871177,3.0,0.9568538198235793,3.6438380531862933,0.04281394735164187,0.8022734223062633
seed 303
Initial fitness values: [np.float64(32.50409260872781), np.float64(28.972424286136725), np.float64(25.53931724100884), np.float64(25.38347228134184), np.float64(25.372470058993954), np.float64(25.342993956303545), np.float64(25.342993956303545), np.float64(25.302250408658487), np.float64(25.301964857663602), np.float64(25.30196484953191)]
Final fitness values: [np.float64(25.123224580098753), np.float64(25.104806488686123), np.float64(25.071024445780175), np.float64(25.013463179875476), np.float64(25.013463179875476), np.float64(25.010665612804573), np.float64(24.88710988319941), np.float64(24.88710988319941), np.float64(24.874670813518705), np.float64(24.782318878239685)]
HOF ITEM
24.782318878239685
-3.9482634381027575,2.055318692402101,1.3190820577637958,0.38508345641999586,0.7381164225743735,1.3741134735016356,-6.510239202622781,2.5794968125390567,1.4622473929591424,1.6441396175170797,2.378399301712905,0.7736177330862963,0.3535760160424123,0.32552607682051166,3.54852710602859
HOF ITEM
24.874670813518705
-3.9482634381027575,2.055318692402101,1.1926094958397855,0.4912479512310726,0.036715960150470295,1.2807248512593505,-6.550017893361404,2.5794968125390567,1.0865902700548342,1.6441396175170797,2.4735413162876223,1.2476177911646047,0.3535760160424123,0.32278743611123445,3.54852710602859
HOF ITEM
24.883531744654082
-3.9482634381027575,1.9920796719561855,1.0625885033131874,0.4912479512310726,0.37726937593774,1.3741134735016356,-6.510239202622781,2.5794968125390567,1.0865902700548342,1.7798512066772645,2.430136172979586,1.0271520623643087,0.3535760160424123,0.32278743611123445,3.554616692192026
HOF ITEM
24.88710988319941
-3.9482634381027575,2.055318692402101,1.1926094958397855,0.4912479512310726,0.37726937593774,1.3741134735016356,-6.510239202622781,2.5794968125390567,1.0865902700548342,1.6441396175170797,2.378399301712905,1.0271520623643087,0.3535760160424123,0.32278743611123445,3.54852710602859
HOF ITEM
24.891373267536032
-3.9482634381027575,2.055318692402101,0.7300432351080393,0.4912479512310726,0.37726937593774,1.3741134735016356,-6.510239202622781,2.5794968125390567,1.0865902700548342,1.6441396175170797,2.378399301712905,1.0271520623643087,0.3535760160424123,0.32278743611123445,3.54852710602859
seed 304
Initial fitness values: [np.float64(32.81079467106042), np.float64(32.678129640250475), np.float64(29.33759120015011), np.float64(29.16224433596798), np.float64(28.146142461509683), np.float64(27.939525665379886), np.float64(27.48607563669503), np.float64(27.430772886601034), np.float64(27.33450029425658), np.float64(27.291394554924732)]
Final fitness values: [np.float64(26.60590300586953), np.float64(26.605903005417378), np.float64(26.585548196076967), np.float64(26.585548196076967), np.float64(26.585548196076967), np.float64(26.574881265538504), np.float64(26.574881265538504), np.float64(26.574881265538504), np.float64(26.574881265538504), np.float64(26.574881265538504)]
HOF ITEM
26.574881265538504
3.9119289953734957,-2.3820847489315637,-3.378851907650063,1.3408727486446215,3.214304214121039,-2.654741246947401,1.264949350353142,1.877702210210872,3.4314895738594213,0.5027296312843443,2.4650350918401456,1.4353452851408548,5.148223914746376,1.8860793683189963,3.2005653025059986
HOF ITEM
26.574881266609378
3.9119289953734957,-2.1918724704595665,-3.378851907650063,1.3408727486446215,3.214304214121039,-2.654741246947401,1.264949350353142,1.877702210210872,3.4314895738594213,0.5027296312843443,2.4650350918401456,1.4353452851408548,5.148223914746376,1.8860793683189963,3.2837687777331834
HOF ITEM
26.574881266609406
3.9119289953734957,-2.3820847489315637,-3.378851907650063,1.3408727486446215,3.214304214121039,-2.654741246947401,1.264949350353142,1.877702210210872,3.4314895738594213,0.5027296312843443,2.4650350918401456,1.4353452851408548,5.148223914746376,1.8860793683189963,3.2837687777331834
HOF ITEM
26.574881363431526
3.9119289953734957,-2.1918724704595665,-3.378851907650063,1.3408727486446215,3.214304214121039,-2.654741246947401,1.264949350353142,1.877702210210872,3.4314895738594213,0.5027296312843443,2.4650350918401456,1.4353452851408548,4.810531470811414,1.8860793683189963,3.2005653025059986
HOF ITEM
26.57488136343156
3.9119289953734957,-2.3820847489315637,-3.378851907650063,1.3408727486446215,3.214304214121039,-2.654741246947401,1.264949350353142,1.877702210210872,3.4314895738594213,0.5027296312843443,2.4650350918401456,1.4353452851408548,4.810531470811414,1.8860793683189963,3.2005653025059986
seed 305
Initial fitness values: [np.float64(29.620812501204465), np.float64(27.272611857322197), np.float64(26.985239950613348), np.float64(26.69783419825817), np.float64(26.69783419825817), np.float64(26.66933608826513), np.float64(26.416108855146547), np.float64(26.416108855146547), np.float64(25.887300236785517), np.float64(25.887300236785517)]
Final fitness values: [np.float64(21.824349681826114), np.float64(21.824349681826114), np.float64(21.824349681826114), np.float64(21.824349681826114), np.float64(21.824349681826114), np.float64(21.824349681826114), np.float64(21.823818200823354), np.float64(21.823818200823354), np.float64(21.823410645340687), np.float64(21.823338610684377)]
HOF ITEM
21.823338610684377
-3.6508748371272963,1.5900871470781983,5.77752575581645,3.606585490051017,-5.750824457085212,0.4816489926456455,-2.3328433472049457,2.6380029809466294,1.8837589621685307,3.327159627379362,2.7309989576669587,0.6838710839355804,-3.195577045823482,1.672623294341477,2.8521498505838387
HOF ITEM
21.823338610684377
-3.6508748371272963,1.5900871470781983,5.77752575581645,3.606585490051017,-5.750824457085212,0.4816489926456455,-2.3328433472049457,2.6380029809466294,1.8837589621685307,3.749777801057946,2.6256556889528557,0.6838710839355804,-3.195577045823482,1.672623294341477,2.8521498505838387
HOF ITEM
21.823410645340687
-3.6508748371272963,1.5900871470781983,5.77752575581645,3.606585490051017,-5.750824457085212,0.4816489926456455,-2.3328433472049457,2.6380029809466294,1.8837589621685307,3.3249764928249834,2.7309989576669587,0.6838710839355804,-3.195577045823482,1.672623294341477,2.731774590958206
HOF ITEM
21.823410645340687
-3.6508748371272963,1.5900871470781983,5.77752575581645,3.606585490051017,-5.750824457085212,0.4816489926456455,-2.3328433472049457,2.6380029809466294,1.8837589621685307,3.749777801057946,2.6256556889528557,0.6838710839355804,-3.195577045823482,1.672623294341477,2.731774590958206
HOF ITEM
21.823410645340687
-3.6508748371272963,1.5900871470781983,5.77752575581645,3.606585490051017,-5.750824457085212,0.4816489926456455,-2.3328433472049457,2.6380029809466294,1.8837589621685307,3.327159627379362,2.6256556889528557,0.6838710839355804,-3.195577045823482,1.672623294341477,2.731774590958206
seed 306
Initial fitness values: [np.float64(27.00108394758464), np.float64(23.8770495995469), np.float64(23.8770495995469), np.float64(22.809134585040336), np.float64(22.809134585040336), np.float64(22.809134585040336), np.float64(22.68135127812177), np.float64(22.68135127812177), np.float64(22.279117808722592), np.float64(22.279117808722592)]
Final fitness values: [np.float64(22.032926336977592), np.float64(22.032926336977592), np.float64(22.032926336977592), np.float64(22.011774554892966), np.float64(22.011774554892966), np.float64(22.011774554892966), np.float64(22.011774554892966), np.float64(22.008113095789987), np.float64(22.008113095789987), np.float64(22.008113095789987)]
HOF ITEM
22.008113095789987
-1.6136204693215788,1.4703845341717288,-5.708587369927365,6.177490983259296,5.580459769222767,-2.9995602462996946,-0.4451474727229364,2.813729067175894,0.6494277137369561,3.648910305818464,2.5475627627674906,2.9746344379336516,5.873454918556684,0.0,4.78442776583845
HOF ITEM
22.008113095789987
-1.6136204693215788,1.4703845341717288,-5.708587369927365,6.177490983259296,5.580459769222767,-2.9995602462996946,-0.4451474727229364,2.813729067175894,0.6494277137369561,3.283800860784861,2.5475627627674906,2.9746344379336516,5.873454918556684,0.0,4.78442776583845
HOF ITEM
22.011774554892966
-1.6136204693215788,1.4703845341717288,-5.708587369927365,6.15535649965044,5.580459769222767,-2.7495077334253386,-0.4451474727229364,2.813729067175894,0.6494277137369561,3.648910305818464,2.8443857379922917,2.7866082463820883,5.873454918556684,0.0,4.78442776583845
HOF ITEM
22.011774554892966
-1.6136204693215788,1.4703845341717288,-5.708587369927365,6.15535649965044,5.580459769222767,-2.7495077334253386,-0.4451474727229364,2.813729067175894,0.6494277137369561,3.648910305818464,3.0,2.9746344379336516,5.873454918556684,0.0,4.78442776583845
HOF ITEM
22.011774554892966
-1.6136204693215788,1.4703845341717288,-5.708587369927365,6.15535649965044,5.580459769222767,-2.7495077334253386,-0.4451474727229364,2.813729067175894,0.6494277137369561,3.7203199216711087,2.5475627627674906,2.9746344379336516,5.873454918556684,0.0,4.78442776583845
seed 307
Initial fitness values: [np.float64(28.199330537663055), np.float64(28.199330537663055), np.float64(26.6136024114238), np.float64(26.43244094617949), np.float64(26.088724069856298), np.float64(25.26154806574922), np.float64(25.254128226553032), np.float64(24.34824547888229), np.float64(24.34824547888229), np.float64(23.315681746081708)]
Final fitness values: [np.float64(22.258277536345346), np.float64(22.25790304129518), np.float64(22.257213880212138), np.float64(22.25720295853881), np.float64(22.25265031680288), np.float64(22.252649312740022), np.float64(22.25264819811524), np.float64(22.25213719263891), np.float64(22.25213719263891), np.float64(22.250907536063256)]
HOF ITEM
22.250907536063256
0.7785767235420998,0.7668299590707578,0.012789511664058614,-1.132358088488196,-2.9173443443582334,4.1357261790685955,0.974847754386138,2.9383339704072866,1.2339270858176485,6.641265161955265,3.0,4.271007158953395,-5.845149207220938,0.15923978230240995,5.202745924577817
HOF ITEM
22.25207513756677
0.7785767235420998,0.7668299590707578,0.012789511664058614,-1.132358088488196,-2.781213702665004,4.28042047529721,0.974847754386138,2.9383339704072866,1.2404840776111954,6.405070663016857,2.9290182283093618,4.151381514693447,-5.816196905069749,0.0,5.527601641426913
HOF ITEM
22.25213719263891
0.7785767235420998,0.7668299590707578,0.012789511664058614,-1.132358088488196,-2.781213702665004,4.261074424721929,0.974847754386138,2.9383339704072866,1.2404840776111954,6.581841983887351,2.9290182283093618,4.404121483976797,-6.216100325542917,0.3507502791210039,4.976989809836912
HOF ITEM
22.25213719263891
0.7785767235420998,0.7668299590707578,0.012789511664058614,-1.132358088488196,-2.781213702665004,4.261074424721929,0.974847754386138,2.9383339704072866,1.2404840776111954,6.6488215465975165,2.9485523660346593,4.404121483976797,-6.216100325542917,0.3507502791210039,4.976989809836912
HOF ITEM
22.252143667721555
0.7785767235420998,0.7668299590707578,0.012789511664058614,-1.132358088488196,-2.781213702665004,4.261074424721929,0.974847754386138,2.9383339704072866,1.2404840776111954,6.581841983887351,2.9290182283093618,4.151381514693447,-5.816196905069749,0.0,5.327566605761398
seed 308
Initial fitness values: [np.float64(30.662781737276635), np.float64(29.555289905130667), np.float64(29.476051119782596), np.float64(28.974064888450215), np.float64(28.66306135464004), np.float64(28.18289142371124), np.float64(28.18289142371124), np.float64(28.125859677333924), np.float64(27.97142122080564), np.float64(27.88109268226056)]
Final fitness values: [np.float64(27.058063822371903), np.float64(27.05806381293623), np.float64(27.05806381293623), np.float64(27.05806381293623), np.float64(27.05806381293623), np.float64(27.05806381293623), np.float64(27.05806381293623), np.float64(27.05806381293623), np.float64(27.057996785268944), np.float64(27.057984666511036)]
HOF ITEM
27.057984666511036
-0.28555275054598506,-2.1684226141408742,-3.4559048539818944,-0.47757491705926636,3.3818316792021608,-3.461770173428784,0.4717336435051266,2.035442445463816,4.121075642608583,6.465468593200962,1.2522517583135262,0.5038034190957577,3.579012796559566,0.2708110531933914,1.390155065567453
HOF ITEM
27.057996785268944
-0.28555275054598506,-2.1684226141408742,-3.4559048539818944,-0.47757491705926636,3.3818316792021608,-3.461770173428784,0.4717336435051266,2.035442445463816,4.121075642608583,6.402466573886756,0.8501288815814358,0.5749021521495108,3.579012796559566,0.2708110531933914,1.390155065567453
HOF ITEM
27.05806381293623
-0.28555275054598506,-1.9345399106172527,-3.4559048539818944,-0.47757491705926636,3.3818316792021608,-3.461770173428784,0.4717336435051266,2.035442445463816,4.121075642608583,6.465468593200962,1.2522517583135262,0.5038034190957577,3.579012796559566,0.2708110531933914,1.390155065567453
HOF ITEM
27.058063822371903
-0.28555275054598506,-1.9345399106172527,-3.4559048539818944,-0.47757491705926636,3.3818316792021608,-3.461770173428784,0.4717336435051266,2.035442445463816,4.121075642608583,6.465468593200962,1.2522517583135262,0.7346577675982634,3.579012796559566,0.2708110531933914,1.390155065567453
HOF ITEM
27.058063834833938
-0.28555275054598506,-1.9345399106172527,-3.4559048539818944,-0.47757491705926636,3.3818316792021608,-3.461770173428784,0.4717336435051266,2.035442445463816,4.121075642608583,6.465468593200962,1.2522517583135262,0.9754550354773595,3.579012796559566,0.2708110531933914,1.390155065567453
seed 309
Initial fitness values: [np.float64(28.459081883276685), np.float64(28.459081883276685), np.float64(27.980660532893044), np.float64(25.830305450066607), np.float64(25.830305450066607), np.float64(25.071680073480863), np.float64(24.734439180445715), np.float64(24.52340942120833), np.float64(23.56830863809927), np.float64(23.56830863809927)]
Final fitness values: [np.float64(21.914084139973152), np.float64(21.914084139973152), np.float64(21.91290643867896), np.float64(21.91290643867896), np.float64(21.91258410533473), np.float64(21.91258410533473), np.float64(21.91258410533473), np.float64(21.912583696652113), np.float64(21.912583696652113), np.float64(21.912583696652113)]
HOF ITEM
21.912583696652113
-3.598371656768928,1.5718438375371537,4.51489762640952,4.017445511361476,-6.71950803284347,5.423049188505495,-2.281131538013323,2.647951830424621,0.9218589654467668,4.97085928110671,2.2586216447173983,4.51743347812083,6.450038698461206,2.5070919083825305,1.0724429767702428
HOF ITEM
21.912583696652113
-3.598371656768928,1.5718438375371537,4.51489762640952,4.017445511361476,-6.71950803284347,5.423049188505495,-2.281131538013323,2.647951830424621,0.9218589654467668,4.97085928110671,2.5672537478890183,4.299739337117296,6.370191190723951,2.5070919083825305,1.0724429767702428
HOF ITEM
21.91258410533473
-3.598371656768928,1.5718438375371537,4.51489762640952,4.017445511361476,-6.71950803284347,4.890822403087388,-2.281131538013323,2.647951830424621,0.9218589654467668,4.97085928110671,2.2586216447173983,4.51743347812083,6.370191190723951,2.5070919083825305,1.0724429767702428
HOF ITEM
21.91258410533473
-3.598371656768928,1.5718438375371537,4.51489762640952,4.017445511361476,-6.71950803284347,4.890822403087388,-2.281131538013323,2.647951830424621,0.9218589654467668,4.97085928110671,2.5672537478890183,4.51743347812083,6.450038698461206,2.5070919083825305,1.0724429767702428
HOF ITEM
21.91258410533473
-3.598371656768928,1.5718438375371537,4.51489762640952,4.017445511361476,-6.71950803284347,4.890822403087388,-2.281131538013323,2.647951830424621,0.9218589654467668,4.97085928110671,2.5672537478890183,3.87315947471069,6.370191190723951,2.5070919083825305,1.0724429767702428
best parameter set
fitness 21.80003606077916 seed 305
-3.6513278543387595,1.5878715971909467,5.775065399439162,3.6088390388793763,-5.750797549039492,0.4816220538673128,-2.332857532190722,2.637886137893885,1.886797333307324,3.327159627379362,2.6256556889528557,0.6838710839355804,-3.195580879966842,1.6726329036035068,2.7317775241254534
