seeds are [750 751 752 753 754 755 756 757 758 759]
seed 750
Initial fitness values: [np.float64(58.98640179221449), np.float64(55.209374540519576), np.float64(54.441694425984736), np.float64(53.88903304200616), np.float64(53.46716250513252), np.float64(52.82014086205292), np.float64(52.53995847147998), np.float64(51.002005249780034), np.float64(49.5953332916622), np.float64(49.5953332916622)]
Final fitness values: [np.float64(42.59662853006376), np.float64(42.59662853006376), np.float64(42.59662853006376), np.float64(42.59662853006376), np.float64(42.58567595899779), np.float64(42.58567595899779), np.float64(42.58567595899779), np.float64(42.48224197280877), np.float64(42.45693043670738), np.float64(42.45693043670738)]
HOF ITEM
42.45693043670738
-5.823994464016128,1.5648004103950053,2.1046210913133514,7.0,1.0049575225899245,-5.101442462225108,-4.517130446447031,2.0271681240879156,1.4475567703027235,3.213281973661678,0.18029896691267755,3.9407076730636175,4.4383677077380215,0.0,6.943318514811514
HOF ITEM
42.461997334118884
-5.819168960282297,1.5648004103950053,2.1046210913133514,7.0,1.0049575225899245,-5.101442462225108,-4.506899149410848,2.0271681240879156,1.4475567703027235,3.213281973661678,0.3567827721172795,3.9407076730636175,4.478073614233033,0.0,7.0
HOF ITEM
42.48224197280877
-5.819168960282297,1.5648004103950053,2.1046210913133514,7.0,1.0049575225899245,-5.101442462225108,-4.506899149410848,2.0271681240879156,1.4475567703027235,3.812883963734896,0.3567827721172795,3.9407076730636175,4.478073614233033,0.0,7.0
HOF ITEM
42.50489327943496
-5.823994464016128,1.5648004103950053,2.1046210913133514,7.0,1.0049575225899245,-5.101442462225108,-4.506899149410848,2.0271681240879156,1.4475567703027235,3.328194872064075,0.2022794365767365,3.781704402535246,4.478073614233033,0.0,6.943318514811514
HOF ITEM
42.52116871969417
-5.823994464016128,1.5648004103950053,2.1046210913133514,7.0,1.0049575225899245,-5.101442462225108,-4.506899149410848,2.0271681240879156,1.4475567703027235,3.812883963734896,0.3567827721172795,3.9407076730636175,4.478073614233033,0.0,7.0
seed 751
Initial fitness values: [np.float64(54.31055184055944), np.float64(54.480554479614476), np.float64(54.480554479614476), np.float64(54.03455746042046), np.float64(53.15525223572293), np.float64(53.15525223572293), np.float64(52.47352300634419), np.float64(52.379232167795564), np.float64(51.85274552492108), np.float64(51.4739599791529)]
Final fitness values: [np.float64(51.25072605197749), np.float64(51.25072605197749), np.float64(51.25072605197749), np.float64(51.25072605197749), np.float64(51.25072605197749), np.float64(51.25072605197749), np.float64(51.25072605197749), np.float64(51.25072605197749), np.float64(51.25072605197749), np.float64(51.25072605197749)]
HOF ITEM
51.25072605197749
0.42453717912593597,-3.2856656419652146,0.2889299343099916,-1.5845381669074732,-5.17699402893289,-6.658032965109793,0.8197183929464694,1.9135877237462595,3.292370645101717,1.936526354316976,2.611313422332325,4.814225212955012,3.1943854372007183,0.2217683043207983,0.9949642676348567
HOF ITEM
51.25072605197749
0.42453717912593597,-3.351452875017751,0.2889299343099916,-1.5845381669074732,-5.17699402893289,-6.658032965109793,0.8197183929464694,1.9135877237462595,3.292370645101717,1.936526354316976,2.611313422332325,4.814225212955012,3.1943854372007183,0.2217683043207983,0.9949642676348567
HOF ITEM
51.26308114784384
0.42453717912593597,-3.2856656419652146,0.2889299343099916,-1.5845381669074732,-5.17699402893289,-6.658032965109793,0.8197183929464694,1.9135877237462595,3.292370645101717,1.936526354316976,2.611313422332325,4.871089946298922,3.1943854372007183,0.2217683043207983,0.9949642676348567
HOF ITEM
51.26308114784384
0.42453717912593597,-3.351452875017751,0.2889299343099916,-1.5845381669074732,-5.17699402893289,-6.658032965109793,0.8197183929464694,1.9135877237462595,3.292370645101717,1.936526354316976,2.611313422332325,4.871089946298922,3.1943854372007183,0.2217683043207983,0.9949642676348567
HOF ITEM
51.263081147989695
0.42453717912593597,-2.9199629263284588,0.2889299343099916,-1.5845381669074732,-5.17699402893289,-6.658032965109793,0.8197183929464694,1.9135877237462595,3.292370645101717,1.936526354316976,2.611313422332325,4.871089946298922,3.1943854372007183,0.2217683043207983,0.9949642676348567
seed 752
Initial fitness values: [np.float64(55.16971464225223), np.float64(54.218708065442954), np.float64(52.80741429426682), np.float64(51.71522584229403), np.float64(51.71522584229403), np.float64(50.863706243514), np.float64(50.863706243514), np.float64(50.58928819573648), np.float64(49.95957804393323), np.float64(49.79155163159717)]
Final fitness values: [np.float64(44.260162161260794), np.float64(44.260162161260794), np.float64(44.26009982400012), np.float64(44.24666965076349), np.float64(44.18876663296081), np.float64(44.18841496853259), np.float64(44.18841496853259), np.float64(44.17305033649734), np.float64(44.17305033649734), np.float64(44.17305033649734)]
HOF ITEM
44.17305033649734
0.8824137621909639,0.7311347508517627,-6.052562703072278,-6.135083996899874,-6.235683628857067,2.398652322847047,1.005727731865614,2.9553534753775557,0.982112114568415,6.433662553005486,2.68018445360339,1.510233658467444,5.314234406769928,1.9905177553197564,4.840636292474516
HOF ITEM
44.17305033649734
0.8824137621909639,0.7311347508517627,-6.052562703072278,-6.135083996899874,-6.235683628857067,2.398652322847047,1.005727731865614,2.9553534753775557,0.982112114568415,6.214558219144053,2.68018445360339,1.510233658467444,5.314234406769928,1.9905177553197564,4.549641821126054
HOF ITEM
44.17305033649734
0.8824137621909639,0.7311347508517627,-6.052562703072278,-6.135083996899874,-6.235683628857067,2.398652322847047,1.005727731865614,2.9553534753775557,0.982112114568415,6.214558219144053,2.68018445360339,1.510233658467444,5.005861315165949,2.0060469978334856,4.549641821126054
HOF ITEM
44.17305033649734
0.8824137621909639,0.7311347508517627,-6.052562703072278,-6.135083996899874,-6.235683628857067,2.398652322847047,1.005727731865614,2.9553534753775557,0.982112114568415,6.433662553005486,2.68018445360339,1.510233658467444,5.005861315165949,2.0060469978334856,4.549641821126054
HOF ITEM
44.17305033649734
0.8824137621909639,0.7311347508517627,-6.052562703072278,-6.135083996899874,-6.235683628857067,2.398652322847047,1.005727731865614,2.9553534753775557,0.982112114568415,6.214558219144053,2.822572212407436,1.510233658467444,5.314234406769928,1.9905177553197564,4.840636292474516
seed 753
Initial fitness values: [np.float64(60.18965468520226), np.float64(51.53504814438097), np.float64(51.53504814438097), np.float64(51.31917008448003), np.float64(51.31917008448003), np.float64(48.72368566817607), np.float64(48.72368566817607), np.float64(48.72368566817607), np.float64(48.3397580473276), np.float64(47.41638146195678)]
Final fitness values: [np.float64(44.43023138311285), np.float64(44.4301278026661), np.float64(44.4301278026661), np.float64(44.42616146269504), np.float64(44.42616146269504), np.float64(44.42602435303129), np.float64(44.42602435303129), np.float64(44.42602435303129), np.float64(44.41978966104456), np.float64(44.41978966104456)]
HOF ITEM
44.41978966104456
1.2297388022882512,0.565516636037676,-4.422197350112354,1.5139517177735184,1.7044570969298136,3.35612416805167,1.0914825276231521,2.8773738408074254,0.8039472483521248,5.5563676741863235,2.8644739498746676,4.018574050080408,-7.0,2.9109051957212766,3.8839363071195314
HOF ITEM
44.421249823455014
1.2297388022882512,0.565516636037676,-4.422197350112354,1.7766801791124922,1.4826685053504065,3.0742227020093202,1.0914825276231521,2.8773738408074254,0.6810414983478594,5.285350743796812,2.8644739498746676,4.15998950133291,-7.0,2.9109051957212766,3.8839363071195314
HOF ITEM
44.42435137065893
1.2297388022882512,0.565516636037676,-4.052828069370617,1.7766801791124922,1.4826685053504065,3.35612416805167,1.0914825276231521,2.8773738408074254,0.6810414983478594,5.5563676741863235,2.8644739498746676,4.018574050080408,-7.0,3.0,3.714452156773266
HOF ITEM
44.42602435303129
1.2297388022882512,0.565516636037676,-4.422197350112354,1.7766801791124922,1.4826685053504065,3.35612416805167,1.0914825276231521,2.8773738408074254,0.6810414983478594,5.5563676741863235,2.8644739498746676,4.237163544375895,-7.0,2.9109051957212766,3.8839363071195314
HOF ITEM
44.42602435303129
1.2297388022882512,0.565516636037676,-4.422197350112354,1.7766801791124922,1.4826685053504065,3.35612416805167,1.0914825276231521,2.8773738408074254,0.6810414983478594,5.5563676741863235,2.8644739498746676,4.018574050080408,-7.0,2.9109051957212766,3.8839363071195314
seed 754
Initial fitness values: [np.float64(52.56891589075451), np.float64(51.87264327866228), np.float64(48.34964764556049), np.float64(46.50107021483225), np.float64(46.04208755233917), np.float64(45.33240387179023), np.float64(44.82132110981556), np.float64(44.61004865421792), np.float64(44.51187375658342), np.float64(44.51187375658342)]
Final fitness values: [np.float64(43.956852754228784), np.float64(43.956852754228784), np.float64(43.956852754228784), np.float64(43.956852754228784), np.float64(43.956852754228784), np.float64(43.956852754228784), np.float64(43.956852754228784), np.float64(43.956852754228784), np.float64(43.956852754228784), np.float64(43.956852754228784)]
HOF ITEM
43.956852754228784
0.11198660820421268,1.048175272032016,-3.321792060968238,1.9434818216897394,-3.0442492978600377,-2.047821350427642,0.7162902493872405,2.9228865902208883,0.4586097970740146,2.5615029241134493,2.194688239066827,5.873452065727639,1.6741504351570953,1.6112673106084752,0.39875787683408326
HOF ITEM
43.9572238186193
0.11198660820421268,1.048175272032016,-3.321792060968238,1.9434818216897394,-3.0442492978600377,-2.047821350427642,0.7162902493872405,2.9228865902208883,0.4586097970740146,2.5615029241134493,2.194688239066827,5.858894359929123,1.6741504351570953,1.6112673106084752,0.39875787683408326
HOF ITEM
43.95733573980879
0.11198660820421268,1.048175272032016,-3.321792060968238,1.9434818216897394,-3.0442492978600377,-2.047821350427642,0.7162902493872405,2.9228865902208883,0.4586097970740146,2.5615029241134493,2.194688239066827,5.873452065727639,1.6741504351570953,1.812686843352378,0.39875787683408326
HOF ITEM
43.957400874420465
0.11198660820421268,1.048175272032016,-3.321792060968238,1.9434818216897394,-3.0442492978600377,-2.1567767812083383,0.7162902493872405,2.9228865902208883,0.4586097970740146,2.5615029241134493,2.194688239066827,5.858894359929123,1.6741504351570953,1.9182775629083388,0.39875787683408326
HOF ITEM
43.95744434736195
0.11198660820421268,1.048175272032016,-3.321792060968238,1.9434818216897394,-3.0442492978600377,-2.047821350427642,0.7162902493872405,2.9228865902208883,0.4586097970740146,2.5615029241134493,2.194688239066827,5.873452065727639,1.7099343138219116,1.812686843352378,0.39875787683408326
seed 755
Initial fitness values: [np.float64(59.05955547994724), np.float64(58.95490334135389), np.float64(56.88261179204641), np.float64(54.50498178503959), np.float64(53.961545524573374), np.float64(53.205848044872404), np.float64(53.19286895779401), np.float64(52.7566529271616), np.float64(52.7566529271616), np.float64(51.68162233823676)]
Final fitness values: [np.float64(42.99370829757523), np.float64(42.99370829757523), np.float64(42.94991001088782), np.float64(42.949906975700685), np.float64(42.949906975700685), np.float64(42.94990474311971), np.float64(42.94816268009439), np.float64(42.94816268009439), np.float64(42.94816268009439), np.float64(42.94816268009439)]
HOF ITEM
42.94816268009439
-5.000539865910582,1.3468909307930093,-2.126739365480938,4.09662300610665,-0.42093265256710705,6.603703457841107,-3.6745093109767297,1.7917739424835182,0.7173916078403972,1.7095643424677591,0.037543803934987845,3.785444664725502,-2.5174680362378705,1.894356993454939,4.727323920292644
HOF ITEM
42.94817090204732
-5.000539865910582,1.3468909307930093,-2.126739365480938,4.09662300610665,-0.42093265256710705,6.603703457841107,-3.6745093109767297,1.7917739424835182,0.7173916078403972,1.7095643424677591,0.037543803934987845,3.785444664725502,-2.5586803965601455,1.894356993454939,5.3376357346319105
HOF ITEM
42.94817309489086
-5.000539865910582,1.3468909307930093,-2.126739365480938,4.09662300610665,-0.42093265256710705,6.352121505461221,-3.6745093109767297,1.7917739424835182,0.7173916078403972,1.7095643424677591,0.037543803934987845,3.785444664725502,-2.5174680362378705,1.894356993454939,4.727323920292644
HOF ITEM
42.94817635431352
-5.000539865910582,1.3468909307930093,-2.126739365480938,4.09662300610665,-0.42093265256710705,6.352121505461221,-3.6745093109767297,1.7917739424835182,0.7173916078403972,1.7095643424677591,0.037543803934987845,3.785444664725502,-2.5586803965601455,1.894356993454939,4.727323920292644
HOF ITEM
42.94817959069786
-5.000539865910582,1.3468909307930093,-2.126739365480938,4.09662300610665,-0.42093265256710705,6.603703457841107,-3.6745093109767297,1.7917739424835182,0.7173916078403972,1.7095643424677591,0.037543803934987845,3.785444664725502,-2.5586803965601455,1.4602010739764035,5.3376357346319105
seed 756
Initial fitness values: [np.float64(60.80961640280989), np.float64(57.15693450095563), np.float64(54.64965370912464), np.float64(51.95361704357876), np.float64(51.02656733926021), np.float64(50.03506088601082), np.float64(49.502064079282505), np.float64(49.00305814980821), np.float64(49.00305814980821), np.float64(47.163086521553964)]
Final fitness values: [np.float64(42.18067305727571), np.float64(42.18049777286957), np.float64(42.08974675016985), np.float64(42.08974675016985), np.float64(42.08974655044068), np.float64(42.08223195330703), np.float64(42.08223195330703), np.float64(42.03786903326955), np.float64(42.03786903326955), np.float64(42.03786903326955)]
HOF ITEM
42.03786903326955
2.6846669142316664,-0.04275790825003646,-4.721418214293341,6.348732585564847,-2.791415517703132,2.0499167312753332,1.2770583563127307,3.0,0.5087938524210011,-3.9830231237387217,2.1101382258805743,0.06914957923310527,1.951088436947087,2.1670768690351254,6.986062389716569
HOF ITEM
42.037870269124944
2.6846669142316664,-0.04275790825003646,-4.721418214293341,6.348732585564847,-2.791415517703132,2.0499167312753332,1.2770583563127307,3.0,0.5087938524210011,-3.9830231237387217,2.1101382258805743,0.06914957923310527,2.0295692776482865,1.4973925838740696,6.963070428119842
HOF ITEM
42.03787029060377
2.6846669142316664,-0.04275790825003646,-4.721418214293341,6.348732585564847,-2.791415517703132,2.0499167312753332,1.2770583563127307,3.0,0.5087938524210011,-3.9830231237387217,2.1101382258805743,0.06914957923310527,2.0295692776482865,1.4973925838740696,6.986062389716569
HOF ITEM
42.03805962571692
2.6846669142316664,-0.04275790825003646,-4.521913848010825,6.682318446999892,-2.2821640626997417,1.4245964860112774,1.2770583563127307,3.0,0.5087938524210011,-3.9830231237387217,2.1101382258805743,0.06914957923310527,1.951088436947087,2.1670768690351254,6.986062389716569
HOF ITEM
42.03817415387846
2.6846669142316664,-0.04275790825003646,-4.503098686586071,6.450059126512252,-2.4635235663990445,2.100369026130348,1.2770583563127307,3.0,0.5087938524210011,-3.9830231237387217,2.1101382258805743,0.06914957923310527,1.951088436947087,2.1670768690351254,6.986062389716569
seed 757
Initial fitness values: [np.float64(56.41564116225721), np.float64(54.544288798033406), np.float64(53.558324696190546), np.float64(53.150637428054544), np.float64(51.19007770389199), np.float64(50.496616526641034), np.float64(47.61918873390408), np.float64(46.85579881463788), np.float64(45.04266579215283), np.float64(45.04266579215283)]
Final fitness values: [np.float64(42.55560188572509), np.float64(42.55183950411343), np.float64(42.55183950411343), np.float64(42.54352870686034), np.float64(42.54352870686034), np.float64(42.54352870686034), np.float64(42.54352870686034), np.float64(42.54352870686034), np.float64(42.509386883020156), np.float64(42.509386883020156)]
HOF ITEM
42.509386883020156
-0.5879863176923745,1.2648593000822048,2.2344427413441155,4.5173573271445475,1.1528656069733332,2.1177193362682663,0.31156801183414484,2.8001371424919927,0.5289827136357073,6.309220902774329,1.4001684252567186,1.5546487665310715,-4.950050497782463,2.977090165396576,5.2040762313368285
HOF ITEM
42.54352870686034
-0.5935821594687971,1.2648593000822048,2.2344427413441155,4.5173573271445475,0.976890556045168,2.1177193362682663,0.31156801183414484,2.772071599446757,0.5289827136357073,6.4640099884119016,1.6759315515863962,1.6829006232342079,-4.641691305400857,3.0,5.261415228137463
HOF ITEM
42.54352870686034
-0.5935821594687971,1.2648593000822048,2.2344427413441155,4.5173573271445475,0.976890556045168,2.1177193362682663,0.31156801183414484,2.772071599446757,0.5289827136357073,6.513617085243309,1.7405354770696215,1.6829006232342079,-4.641691305400857,3.0,5.261415228137463
HOF ITEM
42.54352870686034
-0.5935821594687971,1.2648593000822048,2.2344427413441155,4.5173573271445475,0.976890556045168,2.1177193362682663,0.31156801183414484,2.772071599446757,0.5289827136357073,6.5774658044629115,1.6943522162585876,1.6829006232342079,-4.641691305400857,3.0,5.261415228137463
HOF ITEM
42.54352870686034
-0.5935821594687971,1.2648593000822048,2.2344427413441155,4.5173573271445475,0.976890556045168,2.1177193362682663,0.31156801183414484,2.772071599446757,0.5289827136357073,6.4640099884119016,1.7405354770696215,1.6829006232342079,-4.641691305400857,3.0,5.261415228137463
seed 758
Initial fitness values: [np.float64(57.32860501041568), np.float64(57.06466752178556), np.float64(52.430668214343825), np.float64(51.88760440212942), np.float64(49.55550579339259), np.float64(49.52947343572884), np.float64(49.5233858088545), np.float64(47.37497330313765), np.float64(44.71683907524072), np.float64(44.71683907524072)]
Final fitness values: [np.float64(42.79237335250788), np.float64(42.720408114811526), np.float64(42.72025176164173), np.float64(42.72025176164173), np.float64(42.72025176164173), np.float64(42.72025176164173), np.float64(42.72025176164173), np.float64(42.719656459378875), np.float64(42.71839147901082), np.float64(42.71839147901082)]
HOF ITEM
42.71839147901082
-3.0168525612589994,1.5900175486545833,-0.9654167296873096,6.078208697353276,-6.105717864141786,-5.489826754544115,-1.7104607129738145,2.9296691360199874,0.5775082569718094,3.916991063782575,0.0,3.3278960875854238,-0.7912286825269965,0.8991591415526013,5.135488352453983
HOF ITEM
42.71919639402926
-3.0168525612589994,1.5900175486545833,-0.9654167296873096,6.334529431552469,-6.416054730586979,-5.746579831752514,-1.7104607129738145,2.9296691360199874,0.5775082569718094,3.916991063782575,0.0,3.3278960875854238,-0.7912286825269965,0.8991591415526013,5.135488352453983
HOF ITEM
42.719391128209836
-3.0168525612589994,1.5900175486545833,-0.9654167296873096,6.078208697353276,-6.5969291893310285,-5.746579831752514,-1.7104607129738145,2.9296691360199874,0.5775082569718094,3.916991063782575,0.0,3.3278960875854238,-0.7912286825269965,0.8991591415526013,5.135488352453983
HOF ITEM
42.719656459378875
-3.0168525612589994,1.5900175486545833,-0.9654167296873096,6.334529431552469,-6.416054730586979,-5.746579831752514,-1.7104607129738145,2.9296691360199874,0.5775082569718094,3.916991063782575,0.0,3.3278960875854238,-0.7912286825269965,0.8510779963637556,5.135488352453983
HOF ITEM
42.720124701103664
-3.0168525612589994,1.5900175486545833,-0.9654167296873096,6.078208697353276,-6.105717864141786,-5.489826754544115,-1.7104607129738145,2.9296691360199874,0.5775082569718094,3.916991063782575,0.0,3.3278960875854238,-0.7430229446433829,0.7774098670204581,5.067139044518165
seed 759
Initial fitness values: [np.float64(61.50859507170333), np.float64(55.952976114568145), np.float64(55.636477895875295), np.float64(55.48906550217059), np.float64(52.954677996579214), np.float64(52.52120188611927), np.float64(52.261094061354896), np.float64(52.2434694016842), np.float64(52.2434694016842), np.float64(52.20070608197127)]
Final fitness values: [np.float64(48.39386200668641), np.float64(48.39294739662074), np.float64(48.39294739662074), np.float64(48.39266202868067), np.float64(48.38846594054216), np.float64(48.38819868647765), np.float64(48.38601631806728), np.float64(48.379511318660704), np.float64(48.37324517714758), np.float64(48.37324517714758)]
HOF ITEM
48.37324517714758
6.092227904381093,-1.485909755673582,-2.1418266505501706,5.299276646903421,-2.4701185075662004,0.45658649137093515,2.0258612094240775,1.264411822689502,1.4575733173109588,2.4161823251729655,2.3824217639449756,5.469834854292478,4.78441361896768,2.130589095666782,6.865611149078543
HOF ITEM
48.37460249075095
6.092227904381093,-1.485909755673582,-2.723205047981934,5.299276646903421,-2.1917862971289477,0.45658649137093515,2.0258612094240775,1.264411822689502,1.4575733173109588,2.4161823251729655,2.3824217639449756,5.469834854292478,4.78441361896768,2.130589095666782,6.865611149078543
HOF ITEM
48.37460249075095
6.092227904381093,-1.485909755673582,-2.723205047981934,5.299276646903421,-2.1917862971289477,0.45658649137093515,2.0258612094240775,1.264411822689502,1.4575733173109588,2.4161823251729655,2.3824217639449756,5.469834854292478,4.78441361896768,2.130589095666782,6.6661043532833295
HOF ITEM
48.376267255818135
6.092227904381093,-1.485909755673582,-2.723205047981934,5.299276646903421,-2.4701185075662004,0.4029958682877307,2.0258612094240775,1.264411822689502,1.4575733173109588,2.4161823251729655,2.3824217639449756,5.469834854292478,4.78441361896768,2.130589095666782,6.6661043532833295
HOF ITEM
48.377893511860606
6.092227904381093,-1.485909755673582,-2.723205047981934,5.299276646903421,-2.8776114588894863,-0.2181814233303998,2.0258612094240775,1.264411822689502,1.4575733173109588,2.4161823251729655,2.3824217639449756,5.469834854292478,4.78441361896768,2.130589095666782,6.6661043532833295
best parameter set
fitness 41.75025206297063 seed 756
2.6875994099081097,-0.04202775914772875,-4.503098891989682,6.450060601890369,-2.4635248134695145,2.1003690315542736,1.2833551152821685,3.0,0.515968079652672,-3.982844277506642,2.1110647616251543,0.06358519359928011,1.9510884269303765,2.167076864526942,6.9860623816329825
