seeds are [150 151 152 153 154 155 156 157 158 159]
seed 150
Initial fitness values: [np.float64(31.520286872432635), np.float64(31.520286872432635), np.float64(25.43454100006253), np.float64(24.327417961000467), np.float64(23.438763804216464), np.float64(23.209560543198087), np.float64(23.209560543198087), np.float64(22.79590635030727), np.float64(22.79590635030727), np.float64(22.79590635030727)]
Final fitness values: [np.float64(21.9257534810553), np.float64(21.9257534810553), np.float64(21.9257534810553), np.float64(21.9257534810553), np.float64(21.9257534810553), np.float64(21.9257534810553), np.float64(21.9257534810553), np.float64(21.9257534810553), np.float64(21.9257534810553), np.float64(21.9257534810553)]
HOF ITEM
21.9257534810553
-3.5669693792637474,1.5914337396394378,-3.24012440021938,-3.376833874008623,-0.40960824573085136,6.0356683510662865,-2.210640356477498,2.710146428605782,3.700308601041931,1.979012079373127,0.10940838557309604,4.873084309638111,-0.8230139031037806,0.3675051550106426,2.3886721840250553
HOF ITEM
21.925765488088036
-3.5669693792637474,1.5914337396394378,-3.24012440021938,-3.376833874008623,-0.40960824573085136,6.0356683510662865,-2.210640356477498,2.710146428605782,3.700308601041931,1.979012079373127,0.10940838557309604,4.873084309638111,-0.8230139031037806,0.3675051550106426,2.469543525766243
HOF ITEM
21.925800287746497
-3.5669693792637474,1.5914337396394378,-3.24012440021938,-3.376833874008623,-0.40960824573085136,6.0356683510662865,-2.210640356477498,2.710146428605782,3.700308601041931,1.979012079373127,0.10940838557309604,4.873084309638111,-0.8230139031037806,0.3675051550106426,2.711799304894176
HOF ITEM
21.92607028100805
-3.5669693792637474,1.5914337396394378,-3.24012440021938,-3.376833874008623,-0.40960824573085136,6.0356683510662865,-2.210640356477498,2.710146428605782,3.700308601041931,1.979012079373127,0.10940838557309604,4.873084309638111,-0.8230139031037806,0.0,2.469543525766243
HOF ITEM
21.926150501633302
-3.5669693792637474,1.5914337396394378,-3.24012440021938,-3.376833874008623,-0.40960824573085136,6.0356683510662865,-2.210640356477498,2.710146428605782,3.700308601041931,1.979012079373127,0.10940838557309604,4.873084309638111,-1.0344332859328869,0.0,2.469543525766243
seed 151
Initial fitness values: [np.float64(30.785268327253295), np.float64(30.251954156276803), np.float64(29.803249432542376), np.float64(28.085824237692748), np.float64(28.085824237692748), np.float64(28.085824237692748), np.float64(25.468212352725686), np.float64(25.306087077890624), np.float64(25.302788934970692), np.float64(25.302698946176168)]
Final fitness values: [np.float64(21.979051907721008), np.float64(21.969587108362038), np.float64(21.84138633101844), np.float64(21.84138633101844), np.float64(21.84138633101844), np.float64(21.84138633101844), np.float64(21.831602087849877), np.float64(21.831602087849877), np.float64(21.831602087849877), np.float64(21.831602087849877)]
HOF ITEM
21.831602087849877
-4.098292246384665,1.5850463681178728,6.538754296024086,2.498286634177652,-5.201323405324138,-6.046742420622337,-2.7778765568097126,2.5068960644503724,4.699482781324196,2.8051331794875924,2.3707740132031727,5.558242631254261,0.42589391304028745,2.662462338803132,3.1840300850242764
HOF ITEM
21.831602087849877
-4.098292246384665,1.5850463681178728,6.538754296024086,2.498286634177652,-5.201323405324138,-6.046742420622337,-2.7778765568097126,2.5068960644503724,4.699482781324196,2.8051331794875924,2.239664840656604,5.578676846120147,0.4930688160728608,2.662462338803132,3.1840300850242764
HOF ITEM
21.831602087849877
-4.098292246384665,1.5850463681178728,6.538754296024086,2.498286634177652,-5.201323405324138,-6.046742420622337,-2.7778765568097126,2.5068960644503724,4.699482781324196,2.9685346657830376,2.3707740132031727,5.558242631254261,0.42589391304028745,2.662462338803132,3.1840300850242764
HOF ITEM
21.831602087849877
-4.098292246384665,1.5850463681178728,6.538754296024086,2.498286634177652,-5.201323405324138,-6.046742420622337,-2.7778765568097126,2.5068960644503724,4.699482781324196,2.8051331794875924,2.239664840656604,5.558242631254261,0.42589391304028745,2.662462338803132,3.1840300850242764
HOF ITEM
21.831602087849877
-4.098292246384665,1.5850463681178728,6.538754296024086,2.498286634177652,-5.201323405324138,-6.046742420622337,-2.7778765568097126,2.5068960644503724,4.699482781324196,2.8051331794875924,2.239664840656604,5.578676846120147,0.42589391304028745,2.662462338803132,3.1840300850242764
seed 152
Initial fitness values: [np.float64(31.56408273971775), np.float64(30.23186051264768), np.float64(28.644217695800755), np.float64(28.578088866749876), np.float64(26.58081409520845), np.float64(27.496462493045694), np.float64(27.37607059964523), np.float64(27.223612866312205), np.float64(25.81779569034179), np.float64(25.81779569034179)]
Final fitness values: [np.float64(22.080460026348664), np.float64(22.080460026348664), np.float64(22.080460026348664), np.float64(22.01102936490212), np.float64(22.01102936490212), np.float64(22.01102936490212), np.float64(22.003182028672025), np.float64(22.003182028672025), np.float64(22.003182028672025), np.float64(22.00314183556153)]
HOF ITEM
22.00314183556153
-2.6421912028137604,1.5534355349857936,-2.2393822533871903,-5.180923344572595,-2.679179665625534,2.1266549280309013,-1.3173376796246525,2.1892807645722026,3.9338858103701635,2.423605455058545,0.46664003597342374,5.0895065164015945,1.8084007372860413,1.0839102336834352,4.647597536201145
HOF ITEM
22.003182028672025
-2.6421912028137604,1.5534355349857936,-2.2393822533871903,-5.180923344572595,-2.679179665625534,2.1266549280309013,-1.3173376796246525,2.1892807645722026,3.9338858103701635,2.423605455058545,0.46664003597342374,5.0895065164015945,1.3702974154255068,1.299450051090153,4.758621782785085
HOF ITEM
22.0031875880043
-2.6421912028137604,1.5534355349857936,-2.2393822533871903,-5.180923344572595,-2.679179665625534,2.1266549280309013,-1.3173376796246525,2.1892807645722026,3.9338858103701635,2.423605455058545,0.46664003597342374,5.0895065164015945,1.7999870125020754,1.0839102336834352,4.555106552844896
HOF ITEM
22.003203975951322
-2.6421912028137604,1.5534355349857936,-2.2393822533871903,-5.180923344572595,-2.679179665625534,2.1266549280309013,-1.3173376796246525,2.1892807645722026,3.9338858103701635,2.423605455058545,0.46664003597342374,5.0895065164015945,1.3702974154255068,1.299450051090153,4.725060484001776
HOF ITEM
22.003305064253198
-2.6421912028137604,1.5534355349857936,-2.2393822533871903,-5.180923344572595,-2.679179665625534,2.1266549280309013,-1.3173376796246525,2.1892807645722026,3.9338858103701635,2.423605455058545,0.46664003597342374,5.0895065164015945,1.3702974154255068,1.299450051090153,4.555106552844896
seed 153
Initial fitness values: [np.float64(29.04103076324368), np.float64(27.265089183695565), np.float64(27.03680600440968), np.float64(26.866099946744885), np.float64(26.866099946744885), np.float64(26.828294465554418), np.float64(26.815058222063882), np.float64(26.659724688406524), np.float64(26.644965362731423), np.float64(26.63634974103081)]
Final fitness values: [np.float64(22.822017959150624), np.float64(22.822017959150624), np.float64(22.822017959150624), np.float64(22.821789427185067), np.float64(22.821764922972847), np.float64(22.821764922972847), np.float64(22.821472313274363), np.float64(22.821451862836007), np.float64(22.821435131282794), np.float64(22.821245485000166)]
HOF ITEM
22.821245485000166
3.257083220801941,-0.24377667182262286,-3.4087155057422134,-0.09149361570228719,-2.446104035958262,2.7832622606678306,1.315961269651752,3.0,0.4906060057949783,6.827817215099738,3.0,5.722211323160387,1.2020594656317827,1.4476039848554643,3.6648552505873995
HOF ITEM
22.821245485000166
3.257083220801941,-0.24377667182262286,-3.4087155057422134,-0.09149361570228719,-2.446104035958262,2.7832622606678306,1.315961269651752,3.0,0.4906060057949783,6.842893789121153,3.0,5.790999192532165,1.2020594656317827,1.4476039848554643,3.6648552505873995
HOF ITEM
22.82131082300931
3.257083220801941,-0.24377667182262286,-3.4087155057422134,-0.09149361570228719,-2.446104035958262,2.7832622606678306,1.315961269651752,3.0,0.4906060057949783,6.827817215099738,3.0,5.722211323160387,1.2020594656317827,1.4476039848554643,3.916598527149346
HOF ITEM
22.821431083426305
3.257083220801941,-0.24377667182262286,-3.4087155057422134,-0.09149361570228719,-2.446104035958262,2.768117669315166,1.315961269651752,3.0,0.4906060057949783,6.842893789121153,3.0,5.790999192532165,1.538311944893178,1.282791313206525,3.916598527149346
HOF ITEM
22.821431083426305
3.257083220801941,-0.24377667182262286,-3.4087155057422134,-0.09149361570228719,-2.446104035958262,2.768117669315166,1.315961269651752,3.0,0.4906060057949783,7.0,3.0,5.424929900114115,1.538311944893178,1.282791313206525,3.916598527149346
seed 154
Initial fitness values: [np.float64(34.55768539597745), np.float64(30.208741453463276), np.float64(27.386109437725924), np.float64(27.205727793124527), np.float64(27.205727793124527), np.float64(27.181188200457456), np.float64(26.82480857194139), np.float64(26.605368251084304), np.float64(26.346860256714233), np.float64(25.46657134900922)]
Final fitness values: [np.float64(21.949077219181554), np.float64(21.949077219181554), np.float64(21.949077219181554), np.float64(21.949077219181554), np.float64(21.949077219181554), np.float64(21.949077219181554), np.float64(21.949077219181554), np.float64(21.949077219181554), np.float64(21.949077219181554), np.float64(21.949077219181554)]
HOF ITEM
21.949077219181554
-3.1519683406952774,1.6451420541201982,-1.8761728915877223,5.4013801550271205,-1.219380714803203,-5.969373029969203,-1.4722643514691052,1.8025463435879139,1.7985035451443951,-0.8345899044349397,1.7928038831715873,3.788625473842646,-3.1919797362620814,2.382034495189213,4.454495109937242
HOF ITEM
21.95115044627972
-3.1519683406952774,1.6451420541201982,-1.8761728915877223,5.4013801550271205,-1.2243351455648377,-5.969373029969203,-1.4722643514691052,1.8025463435879139,1.7985035451443951,-0.8345899044349397,1.7928038831715873,3.788625473842646,-3.3571681647288836,2.382034495189213,4.454495109937242
HOF ITEM
21.95284560062444
-3.1519683406952774,1.6451420541201982,-1.8761728915877223,5.4013801550271205,-1.219380714803203,-5.969373029969203,-1.4722643514691052,1.8025463435879139,1.7985035451443951,-0.8345899044349397,1.7928038831715873,3.788625473842646,-3.1919797362620814,2.382034495189213,4.106094000321068
HOF ITEM
21.957838178329776
-3.1519683406952774,1.6451420541201982,-1.8870812169862645,5.4013801550271205,-1.219380714803203,-5.969373029969203,-1.4722643514691052,1.8025463435879139,1.7985035451443951,-0.8345899044349397,1.7928038831715873,3.788625473842646,-3.1919797362620814,2.382034495189213,4.454495109937242
HOF ITEM
21.957954320011993
-3.1519683406952774,1.6451420541201982,-1.8761728915877223,5.4013801550271205,-1.219380714803203,-5.969373029969203,-1.4722643514691052,1.8025463435879139,1.7985035451443951,-0.8345899044349397,1.7928038831715873,3.788625473842646,-3.1919797362620814,2.382034495189213,3.7691783379350143
seed 155
Initial fitness values: [np.float64(31.407969651044073), np.float64(30.339746534836284), np.float64(28.97632886314628), np.float64(26.633465914179297), np.float64(26.57416207058683), np.float64(26.223034124547535), np.float64(24.788597777469263), np.float64(24.35958899616858), np.float64(24.336240296407677), np.float64(23.90835817221145)]
Final fitness values: [np.float64(21.4519182663228), np.float64(21.294540440125555), np.float64(21.294540440125555), np.float64(21.25720971221053), np.float64(21.25720971221053), np.float64(21.25720971221053), np.float64(21.25720971221053), np.float64(21.25720971221053), np.float64(21.25720971221053), np.float64(21.180071975951165)]
HOF ITEM
21.180071975951165
2.8533158027935057,-0.10770322547247434,1.725033670166719,5.309482399839344,4.842131206309109,2.2021159812682756,1.2707683203098024,2.819888419969479,0.9422034586311523,6.945244237430064,1.8946633403446445,6.872148766198837,1.108553326953004,2.507231845466892,5.118535747963538
HOF ITEM
21.25720971221053
2.8533158027935057,-0.10770322547247434,1.725033670166719,5.276494578381514,4.842131206309109,2.2021159812682756,1.2707683203098024,2.915346270361342,0.9422034586311523,6.945244237430064,2.3477849925853573,6.872148766198837,1.1648154972965568,2.327456651869933,5.139550266822286
HOF ITEM
21.26125075633355
2.8590477139619157,-0.10770322547247434,1.725033670166719,5.276494578381514,4.842131206309109,2.2021159812682756,1.2707683203098024,2.915346270361342,0.9422034586311523,7.0,2.3477849925853573,6.872148766198837,1.0761669357919605,2.4562629977003696,5.51989763614285
HOF ITEM
21.263736390414948
2.8533158027935057,-0.10770322547247434,1.725033670166719,5.276494578381514,4.889196158392565,2.2021159812682756,1.2707683203098024,2.915346270361342,0.9636493615099917,6.945244237430064,2.3477849925853573,6.872148766198837,1.1648154972965568,2.327456651869933,5.139550266822286
HOF ITEM
21.288628798610016
2.8533158027935057,-0.10770322547247434,1.725033670166719,5.276494578381514,4.842131206309109,2.2021159812682756,1.2707683203098024,2.915346270361342,0.9422034586311523,6.945244237430064,2.3477849925853573,6.872148766198837,1.1648154972965568,2.327456651869933,5.419738960983703
seed 156
Initial fitness values: [np.float64(32.77881114573117), np.float64(30.09295726445144), np.float64(26.87325844725024), np.float64(24.70005528180756), np.float64(23.662864230775416), np.float64(22.855849458109383), np.float64(22.855849458109383), np.float64(22.634722878493662), np.float64(22.436502683405916), np.float64(22.436502683405916)]
Final fitness values: [np.float64(22.113067279377304), np.float64(22.11306021625352), np.float64(22.11306021625352), np.float64(22.113059908931575), np.float64(22.113059908931575), np.float64(22.11305849631366), np.float64(22.11305849631366), np.float64(22.11305849631366), np.float64(22.11305849631366), np.float64(22.111988412143113)]
HOF ITEM
22.111988412143113
0.12299426947670795,1.0415691219303522,-1.7219520959614738,5.340196256728895,-5.371043574877614,1.8835374087272985,0.7185790333392161,2.9022673829744785,0.44855821238074434,4.6235672107975505,2.015266119569967,3.1141209693671157,-6.36543840414104,0.8413685796436055,2.0942418851631626
HOF ITEM
22.113058108396253
0.12299426947670795,1.041355787511827,-1.7219520959614738,5.340196256728895,-5.294423785885778,2.2402965131529093,0.7185790333392161,2.9022673829744785,0.44855821238074434,4.7960107035871165,2.3119110276809853,3.2114834976767512,-6.247795981600304,1.0121901044277155,1.8574083509019992
HOF ITEM
22.113058387890714
0.12299426947670795,1.041355787511827,-1.7219520959614738,5.340196256728895,-5.299625813606719,2.212298542823712,0.7185790333392161,2.9022673829744785,0.44855821238074434,4.906680330971154,1.7823242842097848,3.381305354351085,-6.36543840414104,1.093408797220827,2.2629663796907873
HOF ITEM
22.11305849631366
0.12299426947670795,1.041355787511827,-1.7219520959614738,5.340196256728895,-5.408654346567373,2.2402965131529093,0.7185790333392161,2.9022673829744785,0.44855821238074434,4.731471738893972,2.0603335639616907,3.1489804790840212,-6.247795981600304,1.057022944088777,1.837554799914013
HOF ITEM
22.11305849631366
0.12299426947670795,1.041355787511827,-1.7219520959614738,5.340196256728895,-5.408654346567373,2.2402965131529093,0.7185790333392161,2.9022673829744785,0.44855821238074434,4.731471738893972,2.105723953200275,3.381305354351085,-6.247795981600304,1.057022944088777,1.837554799914013
seed 157
Initial fitness values: [np.float64(27.46895227051243), np.float64(27.46895227051243), np.float64(27.45860716118178), np.float64(27.003910098402727), np.float64(27.003910098402727), np.float64(26.983982199239477), np.float64(26.978760493954926), np.float64(26.840002243762004), np.float64(26.836658677371183), np.float64(26.578474721788528)]
Final fitness values: [np.float64(22.28172030060762), np.float64(22.28172030060762), np.float64(22.28172030060762), np.float64(22.280161551110375), np.float64(22.27898136295626), np.float64(22.27898136295626), np.float64(22.27898136295626), np.float64(22.236806236096395), np.float64(22.233390356185634), np.float64(22.233390356185634)]
HOF ITEM
22.233390356185634
1.3224785961847079,0.5154385927262342,-4.770681934271291,6.136112440009315,-0.9760348732635507,-6.35008205214327,1.1259506799505177,2.46262579662761,0.7084708318795795,3.2968245303879713,0.4354206267663394,1.6953153257101023,-0.9625413720723682,1.5601020955710456,5.510820171962236
HOF ITEM
22.236806236096395
1.3224785961847079,0.5154385927262342,-4.458372419495032,6.486918913650167,-0.9760348732635507,-6.35008205214327,1.1259506799505177,2.46262579662761,0.7084708318795795,3.2968245303879713,0.4354206267663394,1.6953153257101023,-0.9964678232033538,1.5601020955710456,5.496325890241794
HOF ITEM
22.23753925327621
1.3224785961847079,0.5154385927262342,-4.458372419495032,6.486918913650167,-0.9760348732635507,-6.35008205214327,1.1259506799505177,2.46262579662761,0.7084708318795795,3.2968245303879713,0.4354206267663394,1.6953153257101023,-0.9625413720723682,1.5601020955710456,5.496325890241794
HOF ITEM
22.256485995641643
1.3224785961847079,0.5154385927262342,-4.770681934271291,6.136112440009315,-1.2371454231706067,-6.297381947187605,1.1259506799505177,2.46262579662761,0.7084708318795795,3.2968245303879713,0.4354206267663394,1.6953153257101023,-0.9964678232033538,1.5601020955710456,5.510820171962236
HOF ITEM
22.257017369916536
1.3224785961847079,0.5154385927262342,-4.770681934271291,6.136112440009315,-1.2371454231706067,-6.297381947187605,1.1259506799505177,2.46262579662761,0.7084708318795795,3.2968245303879713,0.4354206267663394,1.6953153257101023,-0.9625413720723682,1.5601020955710456,5.510820171962236
seed 158
Initial fitness values: [np.float64(28.41524092022353), np.float64(28.41524092022353), np.float64(27.060231027682306), np.float64(25.23690167266147), np.float64(25.236087683490393), np.float64(24.629274659910113), np.float64(24.128481327831146), np.float64(23.1624395023424), np.float64(23.1624395023424), np.float64(23.15274628523169)]
Final fitness values: [np.float64(21.825010006782467), np.float64(21.823598532935037), np.float64(21.823598532935037), np.float64(21.782033227786137), np.float64(21.782033227786137), np.float64(21.782033227786137), np.float64(21.770621590688872), np.float64(21.76593950527094), np.float64(21.76593950527094), np.float64(21.76593950527094)]
HOF ITEM
21.76593950527094
-4.911255523539892,1.587245532922319,-5.119684123950136,-2.0561822036671935,-2.6471096151948976,2.98038837849123,-3.5858639208369576,2.252136882378751,0.6992539117763324,0.7667521656620386,0.043299631896640316,1.2066710287756528,-5.744338220864403,1.90786442351718,7.0
HOF ITEM
21.768464390057275
-4.911255523539892,1.58945907984177,-5.119684123950136,-1.899927034288041,-2.6471096151948976,2.98038837849123,-3.5858639208369576,2.252136882378751,0.6733602136705993,0.9496301177996357,0.0,1.2394571587924632,-5.796197193198918,2.285957650370637,7.0
HOF ITEM
21.770621590688872
-4.911255523539892,1.587245532922319,-5.119684123950136,-2.0561822036671935,-2.6471096151948976,2.98038837849123,-3.5858639208369576,2.252136882378751,0.6992539117763324,0.7667521656620386,0.043299631896640316,1.2066710287756528,-5.744338220864403,2.285957650370637,7.0
HOF ITEM
21.777352057440147
-4.911255523539892,1.58945907984177,-5.119684123950136,-2.0561822036671935,-2.6471096151948976,2.98038837849123,-3.5858639208369576,2.252136882378751,0.6992539117763324,0.7667521656620386,0.043299631896640316,1.2066710287756528,-5.744338220864403,1.90786442351718,7.0
HOF ITEM
21.778934124032496
-4.911255523539892,1.587245532922319,-4.9809072209144745,-2.0561822036671935,-2.6471096151948976,3.322967637960375,-3.5858639208369576,2.242753648761309,0.6992539117763324,0.7667521656620386,0.043299631896640316,1.2066710287756528,-6.008734384903242,2.1232977448467683,6.937730858692758
seed 159
Initial fitness values: [np.float64(28.692813040279372), np.float64(28.660010594284238), np.float64(27.73541571551282), np.float64(27.628571266339378), np.float64(27.618376601139758), np.float64(27.07039403754573), np.float64(27.055031706022163), np.float64(27.055031706022163), np.float64(27.050177265610685), np.float64(27.050177265610685)]
Final fitness values: [np.float64(26.93735229873277), np.float64(26.936405223877603), np.float64(26.93628434768596), np.float64(26.93628434768596), np.float64(26.93628434768596), np.float64(26.9358816953103), np.float64(26.935715673073577), np.float64(26.935715673073577), np.float64(26.935446201653424), np.float64(26.935446201653424)]
HOF ITEM
26.935446201653424
-2.5151374355834295,-1.9248927995693157,-5.312630869709552,1.661741411403604,-3.336718325204182,-4.431406421174279,-1.2528035983402148,1.8795866034226967,0.634308586587332,5.328079582150891,0.24777221015381268,6.051450334923577,-0.9941488411636487,1.43564610944681,4.391432384698538
HOF ITEM
26.935715673073577
-2.5151374355834295,-1.9248927995693157,-5.33263189260828,1.661741411403604,-3.336718325204182,-4.431406421174279,-1.2528035983402148,1.8795866034226967,0.634308586587332,5.328079582150891,0.24777221015381268,6.051450334923577,-0.9941488411636487,1.403617954539135,4.391432384698538
HOF ITEM
26.935753370062088
-2.5151374355834295,-1.9248927995693157,-5.312630869709552,1.9876535533266504,-3.115428067487674,-4.620156057443576,-1.2528035983402148,1.8795866034226967,0.634308586587332,5.328079582150891,0.24777221015381268,6.051450334923577,-0.9941488411636487,1.403617954539135,4.391432384698538
HOF ITEM
26.935831127509243
-2.5151374355834295,-1.9248927995693157,-5.33263189260828,1.661741411403604,-3.336718325204182,-4.431406421174279,-1.2528035983402148,1.8795866034226967,0.634308586587332,5.328079582150891,0.24777221015381268,6.051450334923577,-0.9941488411636487,1.43564610944681,4.391432384698538
HOF ITEM
26.935836927672845
-2.5151374355834295,-1.9248927995693157,-5.312630869709552,1.9876535533266504,-3.115428067487674,-4.620156057443576,-1.2528035983402148,1.8795866034226967,0.634308586587332,5.328032315637602,0.24777221015381268,6.051450334923577,-0.9941488411636487,1.43564610944681,4.391432384698538
best parameter set
fitness 21.044970938680226 seed 155
2.8568241812512016,-0.10447951357850817,1.7286907304887686,5.303570580024581,4.844688047164914,2.1985587966529807,1.2690516554339972,2.8192166123542695,0.9398057620161115,6.945244237430064,1.8946633403446445,6.872148766198837,1.109059060181166,2.507718209144685,5.1185075241042215
