seeds are [180 181 182 183 184 185 186 187 188 189]
seed 180
Initial fitness values: [np.float64(57.120725931965225), np.float64(57.120725931965225), np.float64(54.154657479880456), np.float64(54.154657479880456), np.float64(54.091330616908664), np.float64(52.96293367232816), np.float64(52.96293367232816), np.float64(52.0689798438683), np.float64(52.05472308897049), np.float64(52.02882598715276)]
Final fitness values: [np.float64(51.488294951925106), np.float64(51.488294951925106), np.float64(51.488294951925106), np.float64(51.488294951925106), np.float64(51.48829476759154), np.float64(51.48829476759154), np.float64(51.48829476759154), np.float64(51.48829476759154), np.float64(51.48829476759154), np.float64(51.48829476759154)]
HOF ITEM
51.48829476759154
1.8660847361583963,-2.7708597702380717,-1.4418792257807775,4.45917578345534,-0.9814695046194516,-3.4178569205565843,1.1773734216806147,2.04280613711464,0.5066720799403928,6.426462705739783,0.0,1.5412500298771938,3.633228031342405,2.8217322526056274,4.623608537557103
HOF ITEM
51.48829476759154
1.8660847361583963,-2.7708597702380717,-1.4418792257807775,4.45917578345534,-0.9814695046194516,-3.4178569205565843,1.1773734216806147,2.04280613711464,0.5066720799403928,6.426462705739783,0.0,1.5412500298771938,3.9943465342157087,2.8217322526056274,4.558059808362971
HOF ITEM
51.48829476759154
1.8660847361583963,-2.7708597702380717,-1.4418792257807775,4.45917578345534,-0.9814695046194516,-3.4178569205565843,1.1773734216806147,2.04280613711464,0.5066720799403928,6.426462705739783,0.0,1.5412500298771938,3.9943465342157087,2.8217322526056274,4.623608537557103
HOF ITEM
51.48829476759154
1.8660847361583963,-2.7708597702380717,-1.4418792257807775,4.45917578345534,-0.9814695046194516,-3.4178569205565843,1.1773734216806147,2.04280613711464,0.5066720799403928,6.426462705739783,0.0,1.5412500298771938,3.633228031342405,2.8217322526056274,4.558059808362971
HOF ITEM
51.488294951925106
1.8660847361583963,-2.732682892647035,-1.4418792257807775,4.45917578345534,-0.9814695046194516,-3.4178569205565843,1.1773734216806147,2.04280613711464,0.5066720799403928,6.426462705739783,0.0,1.5412500298771938,3.5586250390089114,2.9141383374113854,4.968397108888374
seed 181
Initial fitness values: [np.float64(57.257906357735564), np.float64(56.170800151586214), np.float64(55.61095284244473), np.float64(54.900722861120535), np.float64(54.00735247364824), np.float64(53.89721427126765), np.float64(53.89721427126765), np.float64(53.36218373532773), np.float64(52.76817475175504), np.float64(52.37939618564265)]
Final fitness values: [np.float64(42.81139253114681), np.float64(42.81139253114681), np.float64(42.81139253114681), np.float64(42.81139253114681), np.float64(42.81139253114681), np.float64(42.81139253114681), np.float64(42.81139253114681), np.float64(42.81139253114681), np.float64(42.81139253114681), np.float64(42.81139253114681)]
HOF ITEM
42.81139253114681
-3.806445223612538,1.3700324808299449,-2.008065909854551,1.4897095542763563,1.700050923857215,2.4771590945413924,-2.484510842723191,1.9105518732892786,1.266853769314363,3.2626262833917594,0.0,4.576115486239312,-2.322903766117417,0.7298259998081214,2.701214725054755
HOF ITEM
42.81622801989505
-3.806445223612538,1.3700324808299449,-2.008065909854551,1.4897095542763563,1.700050923857215,2.51319496506477,-2.484510842723191,1.9105518732892786,1.266853769314363,3.2626262833917594,0.0,4.576115486239312,-2.322903766117417,0.7298259998081214,2.701214725054755
HOF ITEM
42.831307660730324
-3.806445223612538,1.3700324808299449,-2.008065909854551,1.4897095542763563,1.700050923857215,2.4771590945413924,-2.484510842723191,1.9105518732892786,1.266853769314363,3.2626262833917594,0.0,4.576115486239312,-2.2665177978055073,0.5430161425338924,2.856567471410789
HOF ITEM
42.83576173208264
-3.806445223612538,1.3700324808299449,-2.008065909854551,1.4897095542763563,1.700050923857215,2.4771590945413924,-2.484510842723191,1.9105518732892786,1.266853769314363,3.2626262833917594,0.0,4.576115486239312,-1.8037151619872178,0.5142808446966486,2.701214725054755
HOF ITEM
42.836830849682535
-3.806445223612538,1.3700324808299449,-2.008065909854551,1.4897095542763563,1.700050923857215,2.4771590945413924,-2.484510842723191,1.9235468349014329,1.266853769314363,3.2626262833917594,0.0,4.576115486239312,-2.56407364174932,0.7298259998081214,2.701214725054755
seed 182
Initial fitness values: [np.float64(55.18473580782764), np.float64(55.183105679312256), np.float64(54.03053539147821), np.float64(54.03053539147821), np.float64(51.59103020255563), np.float64(50.00408282388431), np.float64(48.58929406202289), np.float64(47.772531393449526), np.float64(45.354989724151764), np.float64(45.354989724151764)]
Final fitness values: [np.float64(40.965606535566856), np.float64(40.965606535566856), np.float64(40.965606535566856), np.float64(40.965606535566856), np.float64(40.93631308571582), np.float64(40.93631308571582), np.float64(40.93631308571582), np.float64(40.93631308571582), np.float64(40.93631308571582), np.float64(40.93394876741776)]
HOF ITEM
40.93394876741776
-2.302200233352354,1.54055256940133,0.39297559676671756,0.6270809088822541,6.179255940416393,3.0587442313192077,-1.0482598793751114,3.0,5.158676824600092,6.596274080610989,2.165535083787918,0.7754977455512466,-4.173326849092042,2.673296722210677,1.8712404640768971
HOF ITEM
40.93631308571582
-2.302200233352354,1.54055256940133,0.39297559676671756,0.6270809088822541,6.179255940416393,3.064864086595831,-1.0482598793751114,3.0,5.158676824600092,6.596274080610989,2.138197690929432,2.147587572394707,-4.173326849092042,2.673296722210677,1.8712404640768971
HOF ITEM
40.93631308571582
-2.302200233352354,1.54055256940133,0.39297559676671756,0.6270809088822541,6.179255940416393,3.064864086595831,-1.0482598793751114,3.0,5.158676824600092,6.596274080610989,1.7439423785704002,2.147587572394707,-4.173326849092042,2.673296722210677,1.8712404640768971
HOF ITEM
40.93631308571582
-2.302200233352354,1.54055256940133,0.39297559676671756,0.6270809088822541,6.179255940416393,3.064864086595831,-1.0482598793751114,3.0,5.158676824600092,6.596274080610989,2.482549816699614,0.7754977455512466,-4.173326849092042,2.673296722210677,1.8712404640768971
HOF ITEM
40.93631308571582
-2.302200233352354,1.54055256940133,0.39297559676671756,0.6270809088822541,6.179255940416393,3.064864086595831,-1.0482598793751114,3.0,5.158676824600092,6.596274080610989,2.138197690929432,0.7754977455512466,-4.173326849092042,2.673296722210677,1.8712404640768971
seed 183
Initial fitness values: [np.float64(58.07172560507076), np.float64(54.260532815755425), np.float64(54.260532815755425), np.float64(53.75196123249253), np.float64(52.59186875179183), np.float64(49.6256300501073), np.float64(49.6256300501073), np.float64(49.541670112643686), np.float64(49.27723130684684), np.float64(48.471030551349735)]
Final fitness values: [np.float64(48.041677215427946), np.float64(48.041677215427946), np.float64(48.041677215427946), np.float64(48.041677215427946), np.float64(48.041677215427946), np.float64(48.041677215427946), np.float64(48.041677215427946), np.float64(48.041677215427946), np.float64(48.041677215427946), np.float64(48.041677215427946)]
HOF ITEM
48.041677215427946
7.0,-1.417825802215485,1.693218291157429,0.5940247876861531,2.8041216796351454,3.5268033292303924,3.2483186668437765,0.1211014247690974,6.172302413477715,-1.1634492094501179,2.2080739989616736,1.885473839851235,4.10448082585385,1.5467983398401155,5.737148298150713
HOF ITEM
48.04212979928062
7.0,-1.417825802215485,1.693218291157429,0.5940247876861531,2.8041216796351454,3.5268033292303924,3.2483186668437765,0.1211014247690974,6.172302413477715,-1.1634492094501179,2.2080739989616736,1.885473839851235,4.10448082585385,1.5467983398401155,5.520888162869005
HOF ITEM
48.044010844599946
7.0,-1.417825802215485,1.693218291157429,0.5940247876861531,2.8041216796351454,3.5268033292303924,3.2483186668437765,0.1211014247690974,6.172302413477715,-1.1634492094501179,2.2080739989616736,1.885473839851235,4.10448082585385,2.005701089496268,5.737148298150713
HOF ITEM
48.04401214817905
7.0,-1.417825802215485,1.693218291157429,0.5940247876861531,2.8041216796351454,3.5268033292303924,3.2483186668437765,0.1211014247690974,6.172302413477715,-1.1634492094501179,2.2080739989616736,1.885473839851235,4.10448082585385,2.005701089496268,5.520888162869005
HOF ITEM
48.05687079024733
7.0,-1.417825802215485,1.693218291157429,0.5940247876861531,2.8041216796351454,3.597707890036211,3.2483186668437765,0.1211014247690974,6.172302413477715,-1.1634492094501179,2.2080739989616736,1.885473839851235,4.10448082585385,1.5467983398401155,5.737148298150713
seed 184
Initial fitness values: [np.float64(58.7046439515225), np.float64(58.35243517021737), np.float64(56.22814733722461), np.float64(55.559167236211884), np.float64(54.51266531487862), np.float64(53.743639125819264), np.float64(53.742997854947525), np.float64(53.413311080829814), np.float64(52.71503014504702), np.float64(52.45562456949875)]
Final fitness values: [np.float64(42.633977498745224), np.float64(42.633977498745224), np.float64(42.633977498745224), np.float64(42.617057025844616), np.float64(42.617057025844616), np.float64(42.617057025844616), np.float64(42.617057025844616), np.float64(42.617057025844616), np.float64(42.617057025844616), np.float64(42.617057025844616)]
HOF ITEM
42.617057025844616
-1.2772350305995612,1.3995020336659254,1.9797795853034543,-4.454494186904591,-3.5557655150281207,3.483921181761905,-0.18240060067075609,2.335955124673142,6.284006576210407,2.9134312868141823,0.06458850335418602,1.4064751684787284,-5.143536128713828,2.864188011156025,1.8100475684946469
HOF ITEM
42.6247922080361
-1.2772350305995612,1.3995020336659254,1.9797795853034543,-4.454494186904591,-3.5557655150281207,3.483921181761905,-0.18240060067075609,2.335955124673142,6.284006576210407,2.9134312868141823,0.06458850335418602,1.4064751684787284,-5.143536128713828,2.864188011156025,1.4141815717486874
HOF ITEM
42.62803258516667
-1.2772350305995612,1.3995020336659254,1.9797795853034543,-4.454494186904591,-3.5557655150281207,3.483921181761905,-0.18240060067075609,2.335955124673142,6.284006576210407,2.9134312868141823,0.06458850335418602,1.4064751684787284,-5.143536128713828,3.0,1.8100475684946469
HOF ITEM
42.63041305914196
-1.2772350305995612,1.3995020336659254,1.9797795853034543,-4.454494186904591,-3.5557655150281207,3.6373124403789205,-0.18240060067075609,2.335955124673142,6.284006576210407,2.9134312868141823,0.06458850335418602,1.4064751684787284,-5.143536128713828,2.864188011156025,1.8100475684946469
HOF ITEM
42.63390204661038
-1.2772350305995612,1.3995020336659254,1.9797795853034543,-4.454494186904591,-3.7295260367440686,3.6373124403789205,-0.18240060067075609,2.335955124673142,6.284006576210407,3.0808318645893693,0.0,1.4064751684787284,-5.143536128713828,3.0,1.8100475684946469
seed 185
Initial fitness values: [np.float64(52.9838738384342), np.float64(52.9838738384342), np.float64(52.68879014632049), np.float64(51.90438951155492), np.float64(49.93548285925359), np.float64(47.160820869848436), np.float64(46.90494200899788), np.float64(46.76357810659592), np.float64(46.159329413916346), np.float64(45.86013707511329)]
Final fitness values: [np.float64(42.20560190081311), np.float64(42.20560190081311), np.float64(42.20560190081311), np.float64(42.20560190081311), np.float64(42.20560190081311), np.float64(42.20560190081311), np.float64(42.20560190081311), np.float64(42.20560190081311), np.float64(42.20560190081311), np.float64(42.20560190081311)]
HOF ITEM
42.20560190081311
-5.740440717050977,1.4912643116430806,2.6845922727693337,-1.6173743919820716,-4.312022538832095,-6.498250413988013,-4.434876999650018,1.976287977916624,6.729742370517244,-4.71135776062469,2.7191592711949357,4.272937942149188,-3.9424452616094117,1.1481831838161163,1.40986808685445
HOF ITEM
42.20560190081311
-5.740440717050977,1.4912643116430806,2.6845922727693337,-1.6173743919820716,-4.312022538832095,-6.498250413988013,-4.434876999650018,1.976287977916624,6.729742370517244,-4.521531458051021,2.7191592711949357,4.304171818491791,-3.9424452616094117,1.1481831838161163,1.40986808685445
HOF ITEM
42.20560190081311
-5.740440717050977,1.4912643116430806,2.6845922727693337,-1.6173743919820716,-4.312022538832095,-6.498250413988013,-4.434876999650018,1.976287977916624,6.729742370517244,-4.71135776062469,3.0,4.272937942149188,-3.9424452616094117,1.1481831838161163,1.40986808685445
HOF ITEM
42.20560190081311
-5.740440717050977,1.4912643116430806,2.6845922727693337,-1.6173743919820716,-4.312022538832095,-6.498250413988013,-4.434876999650018,1.976287977916624,6.729742370517244,-4.71135776062469,2.787158151630844,4.304171818491791,-3.9424452616094117,1.1481831838161163,1.40986808685445
HOF ITEM
42.20560190081311
-5.740440717050977,1.4912643116430806,2.6845922727693337,-1.6173743919820716,-4.312022538832095,-6.498250413988013,-4.434876999650018,1.976287977916624,6.729742370517244,-4.71135776062469,2.7191592711949357,4.304171818491791,-3.9424452616094117,1.1481831838161163,1.40986808685445
seed 186
Initial fitness values: [np.float64(61.47924301532587), np.float64(59.100586741420514), np.float64(55.28416719129127), np.float64(54.002784903685274), np.float64(52.98863570185367), np.float64(49.232380409960165), np.float64(49.232380409960165), np.float64(48.77915857363256), np.float64(47.79039782754389), np.float64(47.28025845506693)]
Final fitness values: [np.float64(46.1681622902091), np.float64(46.1681622902091), np.float64(46.1681622902091), np.float64(46.1681622902091), np.float64(46.1681622902091), np.float64(46.1681622902091), np.float64(46.1681622902091), np.float64(46.1681622902091), np.float64(46.1681622902091), np.float64(46.1681622902091)]
HOF ITEM
46.1681622902091
4.463259008846767,-0.6059100730190988,-6.379900348008647,-3.3586202233741154,-1.1351011900452663,1.5639129617188394,1.330161424836732,2.2067642433467602,2.0058144780721205,4.1098040406486,1.175439872353743,4.789062385795588,4.854347388015434,2.4438626240462464,6.527962131718622
HOF ITEM
46.1681622902091
4.463259008846767,-0.6059100730190988,-6.379900348008647,-3.3586202233741154,-1.1351011900452663,1.5639129617188394,1.330161424836732,2.2067642433467602,2.0058144780721205,4.1098040406486,1.175439872353743,4.789062385795588,4.91115772057041,2.4438626240462464,6.527962131718622
HOF ITEM
46.1681622902091
4.463259008846767,-0.6059100730190988,-6.379900348008647,-3.3586202233741154,-1.1351011900452663,1.5639129617188394,1.330161424836732,2.2067642433467602,2.0058144780721205,4.1098040406486,1.175439872353743,4.789062385795588,4.91115772057041,2.4438626240462464,7.0
HOF ITEM
46.1681622902091
4.463259008846767,-0.6059100730190988,-6.379900348008647,-3.3586202233741154,-1.1351011900452663,1.5639129617188394,1.330161424836732,2.2067642433467602,2.0058144780721205,4.1098040406486,1.175439872353743,4.789062385795588,4.854347388015434,2.4438626240462464,6.833887336662885
HOF ITEM
46.1681622902091
4.463259008846767,-0.6059100730190988,-6.379900348008647,-3.3586202233741154,-1.1351011900452663,1.5639129617188394,1.330161424836732,2.2067642433467602,2.0058144780721205,4.1098040406486,1.175439872353743,4.789062385795588,4.91115772057041,2.4438626240462464,6.833887336662885
seed 187
Initial fitness values: [np.float64(63.01184835630823), np.float64(57.49331950899455), np.float64(55.11792731557935), np.float64(55.11792731557935), np.float64(53.80775424534445), np.float64(53.269343694430006), np.float64(52.83028229560567), np.float64(52.45705835667032), np.float64(52.45705835667032), np.float64(52.44756776663862)]
Final fitness values: [np.float64(50.56825937314837), np.float64(50.56825937314837), np.float64(50.56825937314837), np.float64(50.56825937314837), np.float64(50.56825937314837), np.float64(50.56825937314837), np.float64(50.56825937314837), np.float64(50.56825937314837), np.float64(50.56825937314837), np.float64(50.56825937314837)]
HOF ITEM
50.56825937314837
-6.289249838551329,-1.0749119125085758,1.2852030904761522,-0.4110325858714008,4.240995972652409,4.036449251709831,-4.976357109373324,1.86181184118564,4.431664253481451,-2.15650790805095,0.9069604601507053,2.792644689196544,-6.939082325522546,1.8026170789350748,6.1635067610906065
HOF ITEM
50.572960470811914
-6.289249838551329,-1.0749119125085758,1.2852030904761522,-0.4110325858714008,4.240995972652409,4.036449251709831,-4.976357109373324,1.86181184118564,4.431664253481451,-2.15650790805095,0.9069604601507053,2.708626107948233,-7.0,1.8026170789350748,6.1635067610906065
HOF ITEM
50.58508412282175
-6.289249838551329,-0.6312995161022252,1.2852030904761522,-0.4110325858714008,4.240995972652409,4.036449251709831,-4.976357109373324,1.86181184118564,4.431664253481451,-2.0904216890285165,0.9069604601507053,2.792644689196544,-6.755033750849541,1.8026170789350748,5.9554394510098225
HOF ITEM
50.62227747885919
-6.289249838551329,-1.127021294446761,1.2852030904761522,-0.4110325858714008,4.240995972652409,4.036449251709831,-4.976357109373324,1.86181184118564,4.420333024532444,-2.1293776342958703,0.9069604601507053,2.792644689196544,-6.939082325522546,1.8137541008018139,6.263021903785912
HOF ITEM
50.64834235109424
-6.289249838551329,-1.0749119125085758,1.2852030904761522,-0.4110325858714008,4.240995972652409,4.036449251709831,-4.976357109373324,1.86181184118564,4.431664253481451,-2.3372596008551927,0.9069604601507053,2.792644689196544,-6.939082325522546,1.8026170789350748,6.1635067610906065
seed 188
Initial fitness values: [np.float64(57.81138956564887), np.float64(56.39250139841171), np.float64(54.063812795520626), np.float64(53.61568839734176), np.float64(51.40007142020925), np.float64(51.40007142020925), np.float64(50.14380958801856), np.float64(47.59430141920662), np.float64(47.59430141920662), np.float64(47.45714623728609)]
Final fitness values: [np.float64(42.95802032410706), np.float64(42.95802032410706), np.float64(42.94895659602739), np.float64(42.94892629451153), np.float64(42.91141196194632), np.float64(42.91141196194632), np.float64(42.91141196194632), np.float64(42.76538386899871), np.float64(42.76538386899871), np.float64(42.76538386899871)]
HOF ITEM
42.76538386899871
-4.8180104002509285,1.580109872471706,2.4555109853927384,-1.0342520808794793,-0.7406267238862811,3.100756913604453,-3.49908025864347,2.293824136264634,3.1124008510228176,4.381127564982326,1.5931514364935686,0.0,-4.761872206487921,1.700053871081901,2.243000724624812
HOF ITEM
42.76538386899871
-4.8180104002509285,1.580109872471706,2.4555109853927384,-1.0342520808794793,-0.7406267238862811,3.100756913604453,-3.49908025864347,2.293824136264634,3.1124008510228176,4.381127564982326,1.6972861091245366,0.0,-4.761872206487921,1.700053871081901,2.243000724624812
HOF ITEM
42.800516461030085
-4.8180104002509285,1.580109872471706,2.4555109853927384,-1.0342520808794793,-0.7406267238862811,3.100756913604453,-3.49908025864347,2.293824136264634,3.1124008510228176,4.381127564982326,1.5931514364935686,0.0,-4.761872206487921,1.6063702522260597,2.4469037904867035
HOF ITEM
42.8221192867825
-4.8180104002509285,1.580109872471706,2.4555109853927384,-1.0342520808794793,-0.7406267238862811,3.100756913604453,-3.49908025864347,2.293824136264634,3.1124008510228176,4.381127564982326,1.6972861091245366,0.0,-4.761872206487921,1.6063702522260597,1.9690539291753097
HOF ITEM
42.8221192867825
-4.8180104002509285,1.580109872471706,2.4555109853927384,-1.0342520808794793,-0.7406267238862811,3.100756913604453,-3.49908025864347,2.293824136264634,3.1124008510228176,4.381127564982326,1.5931514364935686,0.0,-4.761872206487921,1.6063702522260597,1.9690539291753097
seed 189
Initial fitness values: [np.float64(56.98320590590626), np.float64(56.98320590590626), np.float64(55.5775962974764), np.float64(54.86372900184293), np.float64(54.86372900184293), np.float64(53.98339043398483), np.float64(52.53711213623668), np.float64(51.81627300015133), np.float64(50.29206119293271), np.float64(50.29206119293271)]
Final fitness values: [np.float64(43.942109894574195), np.float64(43.942109894574195), np.float64(43.942109894574195), np.float64(43.942109894574195), np.float64(43.942109894574195), np.float64(43.8782811217912), np.float64(43.8782811217912), np.float64(43.8782811217912), np.float64(43.8782811217912), np.float64(43.8782811217912)]
HOF ITEM
43.8782811217912
-3.5496234611191455,1.6179982322722666,6.490417662634743,4.673677889651329,-6.988279540011232,-4.908054850932458,-2.223755879574141,2.7173767814531917,1.7108300974724702,5.9868975929764945,2.1525533790485043,0.0,5.303626908178454,1.9355646173771772,4.117007796366392
HOF ITEM
43.8782811217912
-3.5496234611191455,1.6179982322722666,6.490417662634743,4.673677889651329,-6.988279540011232,-4.908054850932458,-2.223755879574141,2.7173767814531917,1.7108300974724702,5.865435952386724,2.1525533790485043,0.0,5.061920615140742,1.9508478984238145,4.117007796366392
HOF ITEM
43.8782811217912
-3.5496234611191455,1.6179982322722666,6.490417662634743,4.673677889651329,-6.988279540011232,-4.908054850932458,-2.223755879574141,2.7173767814531917,1.7108300974724702,5.865435952386724,2.1525533790485043,0.0,5.061920615140742,1.9355646173771772,3.667513990228755
HOF ITEM
43.8782811217912
-3.5496234611191455,1.6179982322722666,6.490417662634743,4.673677889651329,-6.988279540011232,-4.908054850932458,-2.223755879574141,2.7173767814531917,1.7108300974724702,5.9868975929764945,2.1525533790485043,0.0,5.061920615140742,1.9355646173771772,4.117007796366392
HOF ITEM
43.8782811217912
-3.5496234611191455,1.6179982322722666,6.490417662634743,4.673677889651329,-6.988279540011232,-4.908054850932458,-2.223755879574141,2.7173767814531917,1.7108300974724702,5.9868975929764945,2.1525533790485043,0.0,5.061920615140742,1.9508478984238145,4.117007796366392
best parameter set
fitness 40.863977069655164 seed 182
-2.3028443878180083,1.5457211830952873,0.39386354392347733,0.6287719013450954,6.176872992741747,3.057846151558463,-1.0482717428696358,2.999742701403232,5.159670788313049,6.596274080610989,2.165535083787918,0.7754977455512466,-4.173326849092042,2.673296722210677,1.8714453903524126
