seeds are [570 571 572 573 574 575 576 577 578 579]
seed 570
Initial fitness values: [np.float64(29.796745984347005), np.float64(29.1464694733382), np.float64(29.1464694733382), np.float64(27.579131016156904), np.float64(26.26357362025892), np.float64(26.26357362025892), np.float64(26.238674842911145), np.float64(26.179376434386423), np.float64(25.73621007810305), np.float64(25.27028037658581)]
Final fitness values: [np.float64(21.96552510435026), np.float64(21.96552510435026), np.float64(21.96552510435026), np.float64(21.96552510435026), np.float64(21.96552510435026), np.float64(21.96552510435026), np.float64(21.96552510435026), np.float64(21.96552510435026), np.float64(21.96552510435026), np.float64(21.96334419094712)]
HOF ITEM
21.96334419094712
-0.3679404069538814,1.2059374261758637,-4.765148286535768,-0.9203419554182211,-7.0,4.503674650441486,0.49712786354552496,2.153609885992315,0.9269177876464444,3.2952501502405993,0.6043929355282085,3.836819973080144,-1.23470942224088,3.0,3.5411532713603346
HOF ITEM
21.96552510435026
-0.3679404069538814,1.2059374261758637,-4.673938891071478,-0.948682857543385,-6.948774291727011,5.055000979034975,0.49712786354552496,2.153609885992315,0.9269177876464444,3.2952501502405993,0.6043929355282085,3.836819973080144,-1.5578844771830669,3.0,3.830662450628826
HOF ITEM
21.96552524531071
-0.3679404069538814,1.2059374261758637,-4.673938891071478,-0.948682857543385,-6.948774291727011,5.055000979034975,0.49712786354552496,2.153609885992315,0.9269177876464444,3.2952501502405993,0.6043929355282085,3.836819973080144,-1.5578844771830669,3.0,4.366542802621872
HOF ITEM
21.965584239826715
-0.3679404069538814,1.2059374261758637,-4.673938891071478,-0.948682857543385,-7.0,5.055000979034975,0.49712786354552496,2.153609885992315,0.9269177876464444,3.2952501502405993,0.6043929355282085,3.836819973080144,-1.5578844771830669,3.0,3.830662450628826
HOF ITEM
21.965584282511657
-0.3679404069538814,1.2059374261758637,-4.673938891071478,-0.948682857543385,-7.0,5.055000979034975,0.49712786354552496,2.153609885992315,0.9269177876464444,3.2952501502405993,0.6043929355282085,3.836819973080144,-1.5578844771830669,3.0,3.9814836615122173
seed 571
Initial fitness values: [np.float64(33.42377439110697), np.float64(30.263076873459426), np.float64(30.263076873459426), np.float64(29.577933346150378), np.float64(29.390667048182276), np.float64(28.73246265883082), np.float64(28.384575973129273), np.float64(27.562226973242065), np.float64(27.562226973242065), np.float64(27.44689260352644)]
Final fitness values: [np.float64(21.973291545496902), np.float64(21.973291545496902), np.float64(21.973291545496902), np.float64(21.973291545496902), np.float64(21.973291545496902), np.float64(21.973291545496902), np.float64(21.972598964483126), np.float64(21.972598964483126), np.float64(21.972598964483126), np.float64(21.972598964483126)]
HOF ITEM
21.972598964483126
-5.978234394890231,1.5309334615001668,1.6057882932640328,5.993508800199372,3.134809035463728,-4.927339209219965,-4.006000899605824,1.8008963741009734,6.2228178089706,-3.982408674276445,2.065683592537166,3.291048825471109,-2.976990041320836,2.631817333090657,4.297249816633359
HOF ITEM
21.972598964483126
-5.978234394890231,1.5309334615001668,1.6057882932640328,5.993508800199372,3.134809035463728,-4.927339209219965,-4.006000899605824,1.8008963741009734,6.2228178089706,-3.982408674276445,2.065683592537166,3.291048825471109,-2.875444271177155,2.425805440082394,4.297249816633359
HOF ITEM
21.972598964483126
-5.978234394890231,1.5309334615001668,1.6057882932640328,5.993508800199372,3.134809035463728,-4.927339209219965,-4.006000899605824,1.8008963741009734,6.2228178089706,-3.982408674276445,2.065683592537166,3.291048825471109,-2.976990041320836,2.425805440082394,4.310656337628906
HOF ITEM
21.972598964483126
-5.978234394890231,1.5309334615001668,1.6057882932640328,5.993508800199372,3.134809035463728,-4.927339209219965,-4.006000899605824,1.8008963741009734,6.2228178089706,-3.982408674276445,2.065683592537166,3.291048825471109,-2.875444271177155,2.631817333090657,4.230433987403846
HOF ITEM
21.972598964483126
-5.978234394890231,1.5309334615001668,1.6057882932640328,5.993508800199372,3.134809035463728,-4.927339209219965,-4.006000899605824,1.8008963741009734,6.2228178089706,-3.982408674276445,2.065683592537166,3.291048825471109,-2.976990041320836,2.631817333090657,4.230433987403846
seed 572
Initial fitness values: [np.float64(31.401545352699642), np.float64(29.68246453039488), np.float64(28.506879645114644), np.float64(27.66792703454276), np.float64(27.66792703454276), np.float64(27.562394273286635), np.float64(27.32168719353838), np.float64(27.32168719353838), np.float64(27.171489941937743), np.float64(25.916106768736135)]
Final fitness values: [np.float64(24.55966743883698), np.float64(24.55966743883698), np.float64(24.46489757905333), np.float64(24.46489757905333), np.float64(24.46489757905333), np.float64(24.433152517721364), np.float64(24.38290098128179), np.float64(24.38290098128179), np.float64(24.38290098128179), np.float64(24.382900823354053)]
HOF ITEM
24.382900823354053
-4.935900476639975,1.6015123884205567,-1.0479596193975398,4.342314799307864,1.478902744034073,-1.7502236480612128,-2.135567438339874,1.3533313369306663,7.0,-1.8255649233173203,1.0893983815016455,6.2749629880305635,0.7007925371249856,1.1984104341713784,1.8162454479147065
HOF ITEM
24.38290098128179
-4.935900476639975,1.6015123884205567,-1.0479596193975398,4.342314799307864,1.478902744034073,-1.7502236480612128,-2.135567438339874,1.3533313369306663,7.0,-1.8255649233173203,1.0893983815016455,6.2749629880305635,1.1489374485174553,1.0528826732684802,1.4261918132174873
HOF ITEM
24.382908284879996
-4.935900476639975,1.6015123884205567,-1.0479596193975398,4.342314799307864,1.478902744034073,-1.7502236480612128,-2.135567438339874,1.3533313369306663,7.0,-1.8255649233173203,1.0893983815016455,6.2749629880305635,1.1489374485174553,1.1984104341713784,1.4261918132174873
HOF ITEM
24.382988001099143
-4.935900476639975,1.6015123884205567,-1.0479596193975398,4.342314799307864,1.478902744034073,-1.74998760749396,-2.135567438339874,1.3533313369306663,7.0,-1.8255649233173203,1.0893983815016455,6.2749629880305635,0.7007925371249856,1.1984104341713784,1.4261918132174873
HOF ITEM
24.383515695559158
-4.935900476639975,1.6015123884205567,-1.0479596193975398,4.342314799307864,1.6541591673193763,-1.74998760749396,-2.135567438339874,1.3533313369306663,7.0,-1.8255649233173203,1.0893983815016455,6.2749629880305635,1.1489374485174553,1.0528826732684802,1.4261918132174873
seed 573
Initial fitness values: [np.float64(29.58397516509436), np.float64(28.052273331006234), np.float64(27.876192440495522), np.float64(27.367049700209893), np.float64(27.04038204729867), np.float64(25.101571231204296), np.float64(25.00745255135654), np.float64(23.53380484296345), np.float64(23.376857538938552), np.float64(23.105019926817803)]
Final fitness values: [np.float64(22.07754322158636), np.float64(22.07754228010184), np.float64(22.07754228010184), np.float64(22.074806797358274), np.float64(22.07354856363397), np.float64(22.07354856363397), np.float64(22.06710724753715), np.float64(22.06710724753715), np.float64(22.05608536583779), np.float64(22.05608536583779)]
HOF ITEM
22.05608536583779
-0.13465445109640523,1.134505173093289,-3.754041290843789,-4.7120294655548625,0.914426098473652,2.2150792156757477,0.5907416459287228,2.9072863524498684,5.090096827105155,5.056828799980139,1.6550147369125459,1.854536727042318,-0.2578109052362382,2.1582160381265703,1.0162644802189433
HOF ITEM
22.063752277425507
-0.13465445109640523,1.134505173093289,-3.754041290843789,-4.7120294655548625,0.914426098473652,2.2150792156757477,0.5907416459287228,2.9072863524498684,5.090096827105155,5.066335371999858,1.6550147369125459,2.005934279515781,-0.2578109052362382,2.1582160381265703,0.46101314892192
HOF ITEM
22.065739357686535
-0.13465445109640523,1.134505173093289,-3.754041290843789,-4.7120294655548625,0.914426098473652,1.7102491748979618,0.5907416459287228,2.9072863524498684,5.090096827105155,5.5664540244363865,1.5433753743695189,2.0483601976079515,-0.2578109052362382,2.2310074930699098,1.0162644802189433
HOF ITEM
22.06710724692165
-0.13465445109640523,1.1326364498409491,-3.754041290843789,-4.7120294655548625,0.914426098473652,2.2150792156757477,0.5907416459287228,2.9072863524498684,5.090096827105155,5.066335371999858,1.6550147369125459,1.854536727042318,-0.2578109052362382,2.1582160381265703,1.0162644802189433
HOF ITEM
22.06710724753715
-0.13465445109640523,1.1326364498409491,-3.754041290843789,-4.7120294655548625,0.914426098473652,2.2150792156757477,0.5907416459287228,2.9072863524498684,5.090096827105155,5.056828799980139,1.6550147369125459,1.854536727042318,-0.2578109052362382,2.1582160381265703,1.0162644802189433
seed 574
Initial fitness values: [np.float64(29.595173555470474), np.float64(28.898902651888246), np.float64(27.501122124081373), np.float64(26.39664688697816), np.float64(26.0484545687454), np.float64(24.964080827655025), np.float64(24.73651654567363), np.float64(24.377962593657756), np.float64(23.830197558083977), np.float64(22.714431252103207)]
Final fitness values: [np.float64(20.247574842123196), np.float64(20.247574842123196), np.float64(20.247574842123196), np.float64(20.247574842123196), np.float64(20.247574842123196), np.float64(20.247574842123196), np.float64(20.247574842123196), np.float64(20.247574842123196), np.float64(20.247574842123196), np.float64(20.247574842123196)]
HOF ITEM
20.247574842123196
-2.028101496734334,1.1530723366810591,0.7476216853018314,-4.543857526655797,1.4834354753889643,1.752815868124951,-0.927058332068963,1.699289729029661,6.43038361565731,5.923009163878646,0.8151532475619789,1.1285784376418944,-1.5855811486046014,3.0,6.800071846357336
HOF ITEM
20.247576777118418
-2.028101496734334,1.1530723366810591,0.7476216853018314,-4.543857526655797,1.4834354753889643,1.752815868124951,-0.927058332068963,1.699289729029661,6.43038361565731,6.207528589877139,0.8151532475619789,1.1285784376418944,-1.5855811486046014,3.0,6.800071846357336
HOF ITEM
20.24757767931703
-2.028101496734334,1.1530723366810591,0.7476216853018314,-4.543857526655797,1.4834354753889643,1.752815868124951,-0.927058332068963,1.699289729029661,6.43038361565731,6.449017890857305,0.8151532475619789,1.1285784376418944,-1.5855811486046014,3.0,6.800071846357336
HOF ITEM
20.247578745152108
-2.028101496734334,1.1530723366810591,0.7476216853018314,-4.543857526655797,1.4834354753889643,1.752815868124951,-0.927058332068963,1.699289729029661,6.43038361565731,5.923009163878646,1.0199941590385488,1.1285784376418944,-1.5855811486046014,3.0,6.800071846357336
HOF ITEM
20.24757875109116
-2.028101496734334,1.1530723366810591,0.7476216853018314,-4.543857526655797,1.4834354753889643,1.752815868124951,-0.927058332068963,1.699289729029661,6.43038361565731,6.066242941462574,0.9988726926232987,1.1285784376418944,-1.5855811486046014,3.0,6.800071846357336
seed 575
Initial fitness values: [np.float64(30.652390038728445), np.float64(30.427653985138306), np.float64(28.074713432917598), np.float64(25.307364593680596), np.float64(25.177923583172593), np.float64(25.0597619243642), np.float64(25.0597619243642), np.float64(24.88109803515434), np.float64(24.88109803515434), np.float64(24.88109803515434)]
Final fitness values: [np.float64(22.581018820093703), np.float64(22.581018820093703), np.float64(22.581018820093632), np.float64(22.581018820093632), np.float64(22.581018820093632), np.float64(22.581018820093632), np.float64(22.581018820093632), np.float64(22.581018820093632), np.float64(22.581018820093632), np.float64(22.581018820093632)]
HOF ITEM
22.581018820093632
-3.0074841623498005,1.9650408957276144,6.479514192257899,1.991877106301553,-5.719695088771283,-3.4000110804275363,-5.215629706400648,3.0,4.038983216570805,1.6589327840921142,2.791719134183454,1.0152620739176885,-3.339666807219752,2.6262711270284544,3.4937746283027646
HOF ITEM
22.581018820093632
-3.0074841623498005,1.9650408957276144,6.479514192257899,1.991877106301553,-5.719695088771283,-3.4000110804275363,-5.215629706400648,3.0,4.038983216570805,1.3504159545698884,2.791719134183454,1.0152620739176885,-3.339666807219752,2.6262711270284544,3.4937746283027646
HOF ITEM
22.581018820093632
-3.0074841623498005,1.9650408957276144,6.479514192257899,1.991877106301553,-5.719695088771283,-3.4000110804275363,-5.427486237771573,3.0,4.038983216570805,1.3504159545698884,2.791719134183454,1.0152620739176885,-3.339666807219752,2.6262711270284544,3.4937746283027646
HOF ITEM
22.581018820093632
-3.0074841623498005,1.9650408957276144,6.479514192257899,1.991877106301553,-5.719695088771283,-3.4000110804275363,-5.427486237771573,3.0,4.038983216570805,1.3717216134332282,2.791719134183454,1.0805327453872888,-3.339666807219752,2.6262711270284544,3.4937746283027646
HOF ITEM
22.581018820093632
-3.0074841623498005,1.9650408957276144,6.479514192257899,1.991877106301553,-5.719695088771283,-3.4000110804275363,-5.215629706400648,3.0,4.038983216570805,1.3717216134332282,2.791719134183454,1.0805327453872888,-3.339666807219752,2.6262711270284544,3.4937746283027646
seed 576
Initial fitness values: [np.float64(32.18013693668403), np.float64(27.832547700565957), np.float64(26.884774036611947), np.float64(26.884774036611947), np.float64(23.62741979777911), np.float64(23.62741979777911), np.float64(23.229389480261414), np.float64(22.68842396552819), np.float64(22.661626427462334), np.float64(21.976170517755772)]
Final fitness values: [np.float64(20.179476263063183), np.float64(20.179476263063183), np.float64(20.179476263063183), np.float64(20.179476263063183), np.float64(20.157848885639474), np.float64(20.157848885639474), np.float64(20.157848885639474), np.float64(20.155187951485555), np.float64(20.155187951485555), np.float64(20.155187951485555)]
HOF ITEM
20.155187951485555
-1.1409930637100123,1.0780570182393707,0.1413307995761236,1.9122791558810062,4.449020208473441,-1.4216509540750935,-0.30006160795096265,2.531206564976282,4.239347434019787,2.09148460450335,2.592244299448153,5.875486525512177,-0.610424495422419,2.7873020360629095,0.5746563729041233
HOF ITEM
20.157848885639474
-1.1409930637100123,1.0780570182393707,0.1413307995761236,1.9122791558810062,4.449020208473441,-1.4216509540750935,-0.30006160795096265,2.531206564976282,4.239347434019787,2.09148460450335,2.592244299448153,5.875486525512177,-0.610424495422419,2.9974720888485087,0.5746563729041233
HOF ITEM
20.179476263063183
-1.1409930637100123,1.0780570182393707,0.1413307995761236,2.1117729108317853,4.561749816487054,-1.4216509540750935,-0.2984533911603272,2.531206564976282,4.161443572653436,2.09148460450335,2.592244299448153,5.875486525512177,-0.610424495422419,2.7873020360629095,0.5746563729041233
HOF ITEM
20.179476511689646
-1.1409930637100123,1.0780570182393707,0.1413307995761236,2.1117729108317853,4.561749816487054,-1.4216509540750935,-0.2984533911603272,2.531206564976282,4.161443572653436,2.3409467752383284,2.8677437259204446,5.875486525512177,-0.610424495422419,2.7873020360629095,0.5746563729041233
HOF ITEM
20.207336457877418
-1.1409930637100123,1.0780570182393707,0.1413307995761236,2.1117729108317853,4.561749816487054,-1.4216509540750935,-0.30006160795096265,2.531206564976282,4.161443572653436,2.09148460450335,2.592244299448153,5.875486525512177,-0.610424495422419,2.7873020360629095,0.5746563729041233
seed 577
Initial fitness values: [np.float64(30.203788193639703), np.float64(28.48932331884694), np.float64(28.48932331884694), np.float64(28.34342630206952), np.float64(27.140265853056246), np.float64(27.140265853056246), np.float64(27.140265853056246), np.float64(27.140265853056246), np.float64(27.05021373171923), np.float64(24.958648096103463)]
Final fitness values: [np.float64(22.62304810774369), np.float64(22.62304810774369), np.float64(22.62304810774369), np.float64(22.62304810774369), np.float64(22.62304810774369), np.float64(22.62304810774369), np.float64(22.62304810774369), np.float64(22.62304810774369), np.float64(22.62304810774369), np.float64(22.62304810774369)]
HOF ITEM
22.62304810774369
0.3866782032377991,0.5643894728832901,5.715388011388968,4.928498639018347,-4.509205997509378,0.3268116209818912,1.0688333396130765,1.436265669455159,2.712244330750337,3.291105137040328,0.7333587225822773,4.6963190611087615,-6.850059174540911,0.66715320175178,0.0
HOF ITEM
22.62304810774369
0.3866782032377991,0.5643894728832901,5.715388011388968,4.928498639018347,-4.509205997509378,0.3268116209818912,1.0688333396130765,1.436265669455159,2.712244330750337,3.291105137040328,0.7333587225822773,4.6963190611087615,-6.366290215813998,0.4783799418848915,0.0
HOF ITEM
22.62304810774369
0.3866782032377991,0.5643894728832901,5.715388011388968,4.928498639018347,-4.509205997509378,0.3268116209818912,1.0688333396130765,1.436265669455159,2.712244330750337,3.291105137040328,0.7333587225822773,4.6963190611087615,-6.850059174540911,0.4783799418848915,0.0
HOF ITEM
22.623178430009173
0.3866782032377991,0.5643894728832901,5.715388011388968,4.928498639018347,-4.535624948126635,0.3268116209818912,1.0688333396130765,1.436265669455159,2.712244330750337,3.291105137040328,0.7333587225822773,4.6963190611087615,-6.685883170437551,0.5487749417982745,0.0
HOF ITEM
22.623369835677682
0.3866782032377991,0.5643894728832901,5.715388011388968,4.928498639018347,-4.509205997509378,0.17048210596362826,1.0688333396130765,1.436265669455159,2.712244330750337,3.291105137040328,0.7333587225822773,4.6963190611087615,-6.393243327215621,0.7215429793571002,0.0
seed 578
Initial fitness values: [np.float64(29.776571127039066), np.float64(29.776571127039066), np.float64(28.28082857593658), np.float64(28.28082857593658), np.float64(27.213950157432798), np.float64(27.213950157432798), np.float64(27.2087744082269), np.float64(27.144457660861086), np.float64(27.144457660861086), np.float64(27.116029569485914)]
Final fitness values: [np.float64(27.06722168963981), np.float64(27.06722168963981), np.float64(27.06722168963981), np.float64(27.067035478576425), np.float64(27.067035478576425), np.float64(27.06698788955969), np.float64(27.066970456579014), np.float64(27.066970456579014), np.float64(27.066970456579014), np.float64(27.066970456579014)]
HOF ITEM
27.066970456579014
-5.035910222653316,-3.796578161093892,-5.6033009427866345,-5.272734323716822,-2.3246566119601484,4.582291102797368,-3.712927235012585,2.1251114731509753,2.648633548197675,-2.093646204722113,1.1272202542461491,1.288932783910234,3.614953251934682,1.8218530669217634,4.216902116884204
HOF ITEM
27.066970456579014
-5.035910222653316,-3.796578161093892,-5.6033009427866345,-5.272734323716822,-2.3246566119601484,4.582291102797368,-3.712927235012585,2.1251114731509753,2.648633548197675,-2.093646204722113,1.1272202542461491,1.288932783910234,3.614953251934682,1.9040676119248774,4.427403895102962
HOF ITEM
27.066970456579014
-5.035910222653316,-3.796578161093892,-5.6033009427866345,-5.272734323716822,-2.3246566119601484,4.582291102797368,-3.712927235012585,2.1251114731509753,2.648633548197675,-2.093646204722113,1.1272202542461491,1.288932783910234,3.614953251934682,2.205172461002716,4.427403895102962
HOF ITEM
27.066970456579014
-5.035910222653316,-3.796578161093892,-5.6033009427866345,-5.272734323716822,-2.3246566119601484,4.582291102797368,-3.712927235012585,2.1251114731509753,2.648633548197675,-2.093646204722113,1.1272202542461491,1.288932783910234,3.614953251934682,1.8218530669217634,4.160788811162852
HOF ITEM
27.066970456579014
-5.035910222653316,-3.796578161093892,-5.6033009427866345,-5.272734323716822,-2.3246566119601484,4.582291102797368,-3.712927235012585,2.1251114731509753,2.648633548197675,-2.093646204722113,1.1272202542461491,1.288932783910234,3.8608001686397073,2.205172461002716,4.427403895102962
seed 579
Initial fitness values: [np.float64(34.32086397526185), np.float64(30.092730190212645), np.float64(29.457334460750992), np.float64(28.4505899764996), np.float64(27.22867190720763), np.float64(26.956713571617165), np.float64(26.5398298365707), np.float64(26.132963115351227), np.float64(26.061091340408524), np.float64(25.854362113232444)]
Final fitness values: [np.float64(22.564251175523726), np.float64(22.564251175523726), np.float64(22.56395168389418), np.float64(22.56395168389418), np.float64(22.563851781944592), np.float64(22.563851781944592), np.float64(22.562857259013942), np.float64(22.562857259013942), np.float64(22.549682368273555), np.float64(22.54933287103121)]
HOF ITEM
22.54933287103121
2.3698264282505206,0.08279467160623277,-3.0187175186394364,-0.5944617279533112,6.158150481325568,5.7111909423881775,1.2690460605216,3.0,6.1983694385290775,2.836933960116659,3.0,7.0,-3.3783787858499634,1.2811493934920977,1.2937800575870333
HOF ITEM
22.549682368273555
2.3698264282505206,0.08279467160623277,-3.0187175186394364,-0.5944617279533112,6.158150481325568,5.7111909423881775,1.2690460605216,3.0,6.1983694385290775,2.836933960116659,2.6575324716388207,7.0,-3.3783787858499634,0.9990746180181012,1.323671982688074
HOF ITEM
22.549682368273555
2.3698264282505206,0.08279467160623277,-3.0187175186394364,-0.5944617279533112,6.158150481325568,5.7111909423881775,1.2690460605216,3.0,6.1983694385290775,2.836933960116659,3.0,7.0,-3.3783787858499634,0.9990746180181012,1.323671982688074
HOF ITEM
22.555463579904497
2.3698264282505206,0.08279467160623277,-3.0187175186394364,-0.7693749921524583,6.029224947121608,5.7111909423881775,1.2690460605216,3.0,6.246507629236637,3.2059526677283117,2.886826075676595,7.0,-3.7393328471314518,1.2363487827262407,1.4199368624988604
HOF ITEM
22.562480031855173
2.3698264282505206,0.08279467160623277,-2.5097100075208196,-0.7657449054203749,6.029224947121608,5.7111909423881775,1.2690460605216,3.0,6.246507629236637,2.846921951098755,2.6575324716388207,7.0,-3.3783787858499634,1.4256966856831643,1.2937800575870333
best parameter set
fitness 19.21393708389055 seed 576
-1.2737061147043325,1.1565891054518178,0.22389589576828334,2.2134559669923504,4.447599552687908,-1.4584719863480875,-0.4336991370342169,2.274562385963414,4.305509061570104,2.0851438522395616,2.585903548678398,5.86596798545916,-0.6431557870207363,2.9317472635738415,1.5127989584415598
