seeds are [920 921 922 923 924 925 926 927 928 929]
seed 920
Initial fitness values: [np.float64(57.72142953593358), np.float64(57.49139891243964), np.float64(54.31800846995323), np.float64(54.31800846995323), np.float64(54.31800846995323), np.float64(52.84255014096252), np.float64(52.296322894742566), np.float64(52.296322894742566), np.float64(52.150471121160436), np.float64(51.975487204198544)]
Final fitness values: [np.float64(50.94638310728183), np.float64(50.94638310728183), np.float64(50.94638310728183), np.float64(50.94638310728183), np.float64(50.94638310728183), np.float64(50.94638310728183), np.float64(50.94638310728183), np.float64(50.94566651558467), np.float64(50.94566651558467), np.float64(50.94566651558467)]
HOF ITEM
50.94566651558467
-2.5114368643509195,-2.618008952903337,-2.236497162609038,-2.187885519023918,-4.077546111618973,-2.7916686589210244,-0.3580194301332648,1.313985306267524,3.6710668133625233,0.255750149133668,1.5891423313843422,5.426759114177036,-6.306844567996035,2.80971841326949,5.715174469429897
HOF ITEM
50.94566651558467
-2.5114368643509195,-2.618008952903337,-2.236497162609038,-2.187885519023918,-4.077546111618973,-2.7916686589210244,-0.3580194301332648,1.313985306267524,3.6710668133625233,0.255750149133668,1.5891423313843422,5.426759114177036,-6.245587853057284,2.80971841326949,5.715174469429897
HOF ITEM
50.94638310728183
-2.5114368643509195,-2.3822435459891698,-2.236497162609038,-2.187885519023918,-4.077546111618973,-2.7916686589210244,-0.3580194301332648,1.313985306267524,3.6710668133625233,0.255750149133668,1.5891423313843422,5.426759114177036,-5.948867240865526,2.7442449072367645,5.785429244572414
HOF ITEM
50.94638310728183
-2.5114368643509195,-2.3822435459891698,-2.236497162609038,-2.187885519023918,-4.077546111618973,-2.7916686589210244,-0.3580194301332648,1.313985306267524,3.6710668133625233,0.255750149133668,1.5891423313843422,5.426759114177036,-6.827353951653362,2.80971841326949,5.785429244572414
HOF ITEM
50.94638310728183
-2.5114368643509195,-2.3822435459891698,-2.236497162609038,-2.187885519023918,-4.077546111618973,-2.7916686589210244,-0.3580194301332648,1.313985306267524,3.6710668133625233,0.255750149133668,1.5891423313843422,5.426759114177036,-6.306844567996035,2.80971841326949,5.785429244572414
seed 921
Initial fitness values: [np.float64(59.60792714835226), np.float64(58.5565141374371), np.float64(54.551936036481266), np.float64(53.9476823318923), np.float64(53.49375683316005), np.float64(52.47529270750735), np.float64(52.29558587507675), np.float64(51.98327572641879), np.float64(51.98327572641879), np.float64(51.78159204649513)]
Final fitness values: [np.float64(51.525612617387736), np.float64(51.525612617387736), np.float64(51.525612617387736), np.float64(51.525612617387736), np.float64(51.525612617387736), np.float64(51.525612617387736), np.float64(51.525612617387736), np.float64(51.525612617387736), np.float64(51.525612617387736), np.float64(51.525612617387736)]
HOF ITEM
51.525612617387736
-1.5606860119705008,-1.467308137478916,-4.323182237369503,-3.052446017369707,3.624717686978638,-0.5066566712831645,-0.42548301782171283,2.089337913544913,6.203832099358891,5.5706890337735375,0.5590985436196707,6.172682012942887,4.240346250842716,0.20916583189209922,3.6678691027187273
HOF ITEM
51.529729222795936
-1.5606860119705008,-1.467308137478916,-4.323182237369503,-3.052446017369707,3.624717686978638,-0.5066566712831645,-0.42548301782171283,2.089337913544913,6.203832099358891,5.5706890337735375,0.5590985436196707,6.172682012942887,4.063619834229569,0.20916583189209922,3.6507988863505503
HOF ITEM
51.53155756135047
-1.5606860119705008,-1.5594807119180865,-4.20590051490613,-3.052446017369707,3.624717686978638,-0.5066566712831645,-0.42548301782171283,2.089337913544913,6.203832099358891,5.5706890337735375,0.5590985436196707,6.172682012942887,4.240346250842716,0.20916583189209922,3.209179649799193
HOF ITEM
51.53518249026362
-1.5606860119705008,-1.5594807119180865,-4.20590051490613,-3.052446017369707,3.624717686978638,-0.5066566712831645,-0.42548301782171283,2.089337913544913,6.203832099358891,5.531623851477874,0.5590985436196707,5.990740099937764,4.005155135963518,0.20916583189209922,3.3780329555918214
HOF ITEM
51.53540377704759
-1.5606860119705008,-1.5594807119180865,-4.20590051490613,-3.052446017369707,3.624717686978638,-0.6062439575660621,-0.42548301782171283,2.089337913544913,6.203832099358891,5.5706890337735375,0.5590985436196707,6.048842583762835,4.240346250842716,0.20916583189209922,3.209179649799193
seed 922
Initial fitness values: [np.float64(56.203519643101444), np.float64(56.203519643101444), np.float64(54.945557308805284), np.float64(51.983209526085744), np.float64(51.2686733555618), np.float64(50.88700523243527), np.float64(49.99698204198289), np.float64(49.354674190566094), np.float64(49.284472899359926), np.float64(49.035477253669036)]
Final fitness values: [np.float64(46.48286040929876), np.float64(46.48253765681391), np.float64(46.48253765681391), np.float64(46.48247761992586), np.float64(46.4824247922087), np.float64(46.48238821413945), np.float64(46.48238821413942), np.float64(46.48238821413942), np.float64(46.48236925725182), np.float64(46.48236925725182)]
HOF ITEM
46.48236925725182
6.186247300278895,-1.5565056624395142,-6.924879915473374,1.7763703658777503,-1.6026843085681133,1.8855885242883912,1.3227471042835606,2.065072175616617,0.535521156043567,4.977206778623197,0.5879912887323558,3.0191524002706114,-5.100465598982975,2.3235851705867367,6.494275085106309
HOF ITEM
46.48237747575723
6.186247300278895,-1.5565056624395142,-6.924879915473374,1.7763703658777503,-1.6026843085681133,2.002795719958706,1.3227471042835606,2.065072175616617,0.535521156043567,4.977206778623197,0.5879912887323558,3.0191524002706114,-5.100465598982975,2.3235851705867367,6.494275085106309
HOF ITEM
46.48237747575723
6.186247300278895,-1.5565056624395142,-6.924879915473374,1.7763703658777503,-1.6026843085681133,2.002795719958706,1.3227471042835606,2.065072175616617,0.535521156043567,4.977206778623197,0.5879912887323558,3.0191524002706114,-5.039309906202461,2.3235851705867367,6.494275085106309
HOF ITEM
46.48238821413942
6.186247300278895,-1.5565056624395142,-6.646799960570439,1.7763703658777503,-1.6026843085681133,2.002795719958706,1.3227471042835606,2.065072175616617,0.535521156043567,4.977206778623197,0.5879912887323558,3.0191524002706114,-5.039309906202461,2.332765200935013,6.494275085106309
HOF ITEM
46.48238821413942
6.186247300278895,-1.5565056624395142,-6.646799960570439,1.7763703658777503,-1.6026843085681133,2.002795719958706,1.3227471042835606,2.065072175616617,0.535521156043567,4.977206778623197,0.5879912887323558,3.0191524002706114,-5.039309906202461,2.3235851705867367,6.494275085106309
seed 923
Initial fitness values: [np.float64(66.74754890400267), np.float64(55.517385785823876), np.float64(55.517385785823876), np.float64(54.23341938772012), np.float64(54.23341938772012), np.float64(53.47311485704944), np.float64(52.417652559034465), np.float64(51.3283115148825), np.float64(51.3283115148825), np.float64(49.49683692988667)]
Final fitness values: [np.float64(43.72791789030291), np.float64(43.72791789030291), np.float64(43.72791789030291), np.float64(43.72791789030291), np.float64(43.72790654846053), np.float64(43.72790654846053), np.float64(43.7278842788008), np.float64(43.72606639445376), np.float64(43.726043462916294), np.float64(43.72602119265391)]
HOF ITEM
43.72602119265391
2.295494211057808,-0.05264817562091505,2.416257185382066,-4.064927502752782,2.5339319305297856,4.265198631683173,1.1804081112675067,1.9203775348763261,6.913450542442809,4.816199798322906,1.7837770636981674,6.6905047015395915,0.5604502441393296,3.0,6.262540756491963
HOF ITEM
43.726043462916294
2.295494211057808,-0.05264817562091505,2.416257185382066,-4.064927502752782,2.5339319305297856,4.265198631683173,1.1804081112675067,1.9203775348763261,6.913450542442809,4.816199798322906,1.8093302182929083,6.6905047015395915,0.5604502441393296,3.0,6.262540756491963
HOF ITEM
43.72606639445376
2.295494211057808,-0.05264817562091505,2.416257185382066,-4.064927502752782,2.5339319305297856,4.265198631683173,1.1804081112675067,1.9203775348763261,6.913450542442809,4.973399728902644,1.8093302182929083,6.6905047015395915,0.5604502441393296,3.0,6.262540756491963
HOF ITEM
43.7278842788008
2.295494211057808,-0.05264817562091505,2.416257185382066,-4.064927502752782,2.5339319305297856,4.265198631683173,1.1804081112675067,1.9203775348763261,6.913450542442809,4.816199798322906,1.7837770636981674,6.6905047015395915,0.5604502441393296,3.0,6.007631485133991
HOF ITEM
43.727901618703406
2.295494211057808,-0.05264817562091505,2.416257185382066,-4.064927502752782,2.5339319305297856,4.265198631683173,1.1804081112675067,1.9203775348763261,6.913450542442809,4.795799756688331,1.8093302182929083,6.6905047015395915,0.5604502441393296,3.0,6.007631485133991
seed 924
Initial fitness values: [np.float64(56.009765118005376), np.float64(55.712349725931865), np.float64(50.11731712482203), np.float64(49.87929810793386), np.float64(49.367442814447664), np.float64(48.559664405753786), np.float64(47.85395009538327), np.float64(46.55392613919888), np.float64(46.463967595763314), np.float64(45.350077622021374)]
Final fitness values: [np.float64(44.05470671441452), np.float64(44.05381428650859), np.float64(44.053141872841806), np.float64(44.053141872841806), np.float64(44.053141872841806), np.float64(44.05305218727231), np.float64(44.05284285234672), np.float64(44.05305218727231), np.float64(44.04840757560366), np.float64(44.04840757560366)]
HOF ITEM
44.04840757560366
-6.605077831019179,1.570355845072397,0.2858693332122922,-0.6034048839313754,-3.3326963091136013,4.535857730312257,-5.267352127963526,1.8778739530880062,1.17371316876481,6.281617297408559,2.4027557208910775,1.6906896333597472,3.463076820791577,2.744710847021877,0.7732973437792592
HOF ITEM
44.04840757560366
-6.605077831019179,1.570355845072397,0.2858693332122922,-0.6034048839313754,-3.3326963091136013,4.535857730312257,-5.267352127963526,1.8778739530880062,1.17371316876481,6.673294186945584,2.720669465688419,1.6558234735962236,3.447307737039087,2.669361154706239,0.7732973437792592
HOF ITEM
44.04840757560366
-6.605077831019179,1.570355845072397,0.2858693332122922,-0.6034048839313754,-3.3326963091136013,4.535857730312257,-5.267352127963526,1.8778739530880062,1.17371316876481,6.673294186945584,2.720669465688419,1.6558234735962236,3.463076820791577,2.744710847021877,0.7732973437792592
HOF ITEM
44.04930272555105
-6.605077831019179,1.570355845072397,0.2858693332122922,-0.6034048839313754,-3.288915039483379,4.526906609531885,-5.267352127963526,1.8778739530880062,1.17371316876481,6.183733712451542,2.6146431377561914,1.6906896333597472,3.447307737039087,2.669361154706239,0.7732973437792592
HOF ITEM
44.04930272555105
-6.605077831019179,1.570355845072397,0.2858693332122922,-0.6034048839313754,-3.288915039483379,4.526906609531885,-5.267352127963526,1.8778739530880062,1.17371316876481,6.183733712451542,2.3362681440617323,1.5789630681190523,3.311401310966035,2.711379156456366,0.7732973437792592
seed 925
Initial fitness values: [np.float64(56.874129405201934), np.float64(55.88652171045537), np.float64(53.669936025196854), np.float64(53.22634939434422), np.float64(52.20433639101714), np.float64(52.026611536004204), np.float64(50.74821522722835), np.float64(49.408974522539154), np.float64(49.22290738963019), np.float64(47.70810490339105)]
Final fitness values: [np.float64(43.613300252565985), np.float64(43.61210754547229), np.float64(43.61210754547229), np.float64(43.61072579836111), np.float64(43.61072579836111), np.float64(43.60988507536325), np.float64(43.60988507536325), np.float64(43.60983268506721), np.float64(43.60983268506721), np.float64(43.60941653926139)]
HOF ITEM
43.60941653926139
-3.760693525077829,1.597098213623512,-4.27480973097164,-0.3096954080460069,5.6650562874545685,2.820919766002464,-2.4373100260390714,2.6352142308888267,5.425476481935356,1.0232690894442527,2.486704469422406,2.0334750423777113,2.0651796770518023,2.7046177750324585,6.367323375477058
HOF ITEM
43.609430605948624
-3.760693525077829,1.597098213623512,-4.227726554264159,-0.3096954080460069,5.6650562874545685,2.8628355989842573,-2.4373100260390714,2.6352142308888267,5.425476481935356,1.0232690894442527,3.0,2.023271788690267,2.15725745754038,2.962710869837498,6.497621396459528
HOF ITEM
43.609472417594844
-3.760693525077829,1.597098213623512,-4.27480973097164,-0.3096954080460069,5.6650562874545685,2.7896895846207808,-2.4373100260390714,2.6352142308888267,5.425476481935356,1.0363072085730767,2.5713369030850517,1.5360377314362461,1.9357783446242929,3.0,6.497621396459528
HOF ITEM
43.60983268506721
-3.760693525077829,1.597098213623512,-4.27480973097164,-0.3096954080460069,5.6650562874545685,2.6088100984868645,-2.4373100260390714,2.6352142308888267,5.425476481935356,1.0232690894442527,2.7532748958517366,1.5360377314362461,2.0824930357299007,2.8941139157799043,6.497621396459528
HOF ITEM
43.60983268506721
-3.760693525077829,1.597098213623512,-4.27480973097164,-0.3096954080460069,5.6650562874545685,2.6088100984868645,-2.4373100260390714,2.6352142308888267,5.425476481935356,1.0232690894442527,2.9203020893550353,1.5360377314362461,2.0824930357299007,2.8941139157799043,6.497621396459528
seed 926
Initial fitness values: [np.float64(56.147684088778995), np.float64(55.032196834416816), np.float64(53.36067665107227), np.float64(51.40612123403582), np.float64(46.881899936440554), np.float64(46.88099279767407), np.float64(44.84487160307437), np.float64(44.674477293235796), np.float64(44.13827657568737), np.float64(43.46710549134796)]
Final fitness values: [np.float64(41.41864900615074), np.float64(41.41864900615074), np.float64(41.41864900615074), np.float64(41.41864900615074), np.float64(41.41864900615074), np.float64(41.41864900615074), np.float64(41.41864900615074), np.float64(41.36138296997288), np.float64(41.285569544453935), np.float64(41.285569544453935)]
HOF ITEM
41.285569544453935
-3.4437047197705626,1.5306793376862153,5.232521763447821,1.1181541473048544,-1.099858982537674,1.7070870659791308,-2.146988545271757,2.534599340393595,3.7517514880128218,3.2525798203598373,1.956667559526028,6.635594352453843,-5.401585370254132,2.2540094986257033,4.0978665908928935
HOF ITEM
41.36138296997288
-3.465135190150662,1.5306793376862153,5.232521763447821,1.1436211911432275,-1.099858982537674,1.7070870659791308,-2.1657217235530366,2.6105807553137717,3.712727910086122,3.2051289348121585,2.385468805225462,6.445015710515946,-5.401585370254132,2.2540094986257033,4.0978665908928935
HOF ITEM
41.41864900615074
-3.4437047197705626,1.5306793376862153,5.232521763447821,1.1436211911432275,-1.099858982537674,1.7070870659791308,-2.1657217235530366,2.534599340393595,3.712727910086122,3.1254722257695637,2.385468805225462,6.656139221769444,-5.401585370254132,2.2540094986257033,4.0978665908928935
HOF ITEM
41.41864900615074
-3.4437047197705626,1.5306793376862153,5.232521763447821,1.1436211911432275,-1.099858982537674,1.7070870659791308,-2.1657217235530366,2.534599340393595,3.712727910086122,3.2051289348121585,2.5206242510583765,6.635594352453843,-5.401585370254132,2.2540094986257033,4.0978665908928935
HOF ITEM
41.41864900615074
-3.4437047197705626,1.5306793376862153,5.232521763447821,1.1436211911432275,-1.099858982537674,1.7070870659791308,-2.1657217235530366,2.534599340393595,3.712727910086122,3.2051289348121585,2.385468805225462,6.635594352453843,-5.401585370254132,2.2540094986257033,4.0978665908928935
seed 927
Initial fitness values: [np.float64(57.737352193480866), np.float64(54.95904847049986), np.float64(53.56011470446919), np.float64(51.50577902047481), np.float64(51.50577902047481), np.float64(50.42433041752253), np.float64(49.859887340952056), np.float64(49.214037053945574), np.float64(48.952509569203485), np.float64(48.7975796685309)]
Final fitness values: [np.float64(42.40257609279651), np.float64(42.40257609279651), np.float64(42.40255538054679), np.float64(42.40255538054679), np.float64(42.398933363111915), np.float64(42.398933363111915), np.float64(42.39890479285008), np.float64(42.39890479285008), np.float64(42.39890479285008), np.float64(42.39890479285008)]
HOF ITEM
42.39890479285008
-2.752682184126482,1.5073920939455683,-2.4383868778632665,-5.8351091007538285,-7.0,-0.6279403488609333,-1.480456320877231,2.2821297569624317,3.345400396473638,-1.0942385191052446,0.4661657885256362,0.3076626718353841,-7.0,2.425323222749308,4.728463854802649
HOF ITEM
42.39890479285008
-2.752682184126482,1.5073920939455683,-2.4383868778632665,-5.8351091007538285,-7.0,-0.6279403488609333,-1.480456320877231,2.2821297569624317,3.345400396473638,-1.0942385191052446,0.4661657885256362,0.3076626718353841,-6.847807859317944,2.425323222749308,4.728463854802649
HOF ITEM
42.39890479285008
-2.752682184126482,1.5073920939455683,-2.4383868778632665,-5.8351091007538285,-7.0,-0.6279403488609333,-1.480456320877231,2.2821297569624317,3.345400396473638,-1.0942385191052446,0.4661657885256362,0.3076626718353841,-6.664631505985664,2.425323222749308,4.728463854802649
HOF ITEM
42.398933363111915
-2.752682184126482,1.5073920939455683,-2.4383868778632665,-5.8351091007538285,-7.0,-0.6279403488609333,-1.480456320877231,2.2821297569624317,3.345400396473638,-1.0942385191052446,0.4661657885256362,0.3076626718353841,-6.847807859317944,2.425323222749308,4.631707570390462
HOF ITEM
42.398933363111915
-2.752682184126482,1.5073920939455683,-2.4383868778632665,-5.8351091007538285,-7.0,-0.6279403488609333,-1.480456320877231,2.2821297569624317,3.345400396473638,-1.0942385191052446,0.4661657885256362,0.3076626718353841,-6.664631505985664,2.425323222749308,4.631707570390462
seed 928
Initial fitness values: [np.float64(59.21952038710773), np.float64(56.978023975383934), np.float64(56.493578020214045), np.float64(54.11832107873322), np.float64(51.77495680289016), np.float64(51.58379740053679), np.float64(49.260619761674185), np.float64(49.260619761674185), np.float64(49.260619761674185), np.float64(47.95157360976535)]
Final fitness values: [np.float64(43.99133966002305), np.float64(43.99133966002305), np.float64(43.99133966002305), np.float64(43.99133966002305), np.float64(43.99133966002305), np.float64(43.99133966002305), np.float64(43.99133966002305), np.float64(43.99133966002305), np.float64(43.99133966002305), np.float64(43.99133966002305)]
HOF ITEM
43.99133966002305
0.132697323343557,1.0381046357544494,-5.113135540733411,-4.301489092304528,-3.9049690351513537,-6.357671995319099,0.7229424767590115,2.908959129964288,1.7157421098568795,2.7897088836237716,3.0,3.950550210118268,4.395242079116949,2.955458165701702,3.5712885837733315
HOF ITEM
43.99133966002305
0.132697323343557,1.0381046357544494,-5.113135540733411,-4.301489092304528,-3.9049690351513537,-6.357671995319099,0.7229424767590115,2.908959129964288,1.7157421098568795,2.7897088836237716,3.0,3.950550210118268,5.112328381410473,3.0,3.470017421181297
HOF ITEM
43.99133966002305
0.132697323343557,1.0381046357544494,-5.113135540733411,-4.301489092304528,-3.9049690351513537,-6.357671995319099,0.7229424767590115,2.908959129964288,1.7157421098568795,2.7897088836237716,3.0,3.950550210118268,4.395242079116949,3.0,3.470017421181297
HOF ITEM
43.99133966002305
0.132697323343557,1.0381046357544494,-5.113135540733411,-4.301489092304528,-3.9049690351513537,-6.357671995319099,0.7229424767590115,2.908959129964288,1.7157421098568795,2.7897088836237716,3.0,3.877679334191119,4.684463590298201,2.955458165701702,3.5712885837733315
HOF ITEM
43.99133966002305
0.132697323343557,1.0381046357544494,-5.113135540733411,-4.301489092304528,-3.9049690351513537,-6.357671995319099,0.7229424767590115,2.908959129964288,1.7157421098568795,2.7897088836237716,3.0,4.086143613824393,5.112328381410473,3.0,3.470017421181297
seed 929
Initial fitness values: [np.float64(62.23195594025962), np.float64(62.23195594025962), np.float64(54.503523884376264), np.float64(54.503523884376264), np.float64(52.12232746963748), np.float64(52.12232746963748), np.float64(50.69792034696052), np.float64(50.02544447427073), np.float64(48.09061558791265), np.float64(46.138264106598356)]
Final fitness values: [np.float64(43.83615667329837), np.float64(43.83615667329837), np.float64(43.83615667329837), np.float64(43.83011324192688), np.float64(43.83011324192688), np.float64(43.83011324192688), np.float64(43.83011324192688), np.float64(43.83011324192688), np.float64(43.83011324192688), np.float64(43.826833281198645)]
HOF ITEM
43.826833281198645
-2.927648982378104,1.5696962165121862,-2.6192520036796543,-4.8259433937657645,-0.4293749055978647,3.2159759105858905,-1.6272872266458485,2.985180684006156,3.9498330705264686,4.299718551647982,2.141487921376431,0.0,6.472056636486007,2.570469300558667,1.6611462524680327
HOF ITEM
43.83011324192688
-2.927648982378104,1.5696962165121862,-2.6192520036796543,-4.8259433937657645,-0.4293749055978647,3.0930110002543163,-1.6272872266458485,2.985180684006156,3.9498330705264686,4.410768145890167,2.141487921376431,0.0,6.472056636486007,2.438399135731483,1.5505014504948014
HOF ITEM
43.83011324192688
-2.927648982378104,1.5696962165121862,-2.6192520036796543,-4.8259433937657645,-0.4293749055978647,3.0930110002543163,-1.6272872266458485,2.985180684006156,3.9498330705264686,4.410768145890167,1.9048448595135081,0.0,6.472056636486007,2.770632495598237,1.4195594849455446
HOF ITEM
43.83011324192688
-2.927648982378104,1.5696962165121862,-2.6192520036796543,-4.8259433937657645,-0.4293749055978647,3.0930110002543163,-1.6272872266458485,2.985180684006156,3.9498330705264686,4.410768145890167,1.9048448595135081,0.0,6.472056636486007,2.438399135731483,1.4195594849455446
HOF ITEM
43.83011324192688
-2.927648982378104,1.5696962165121862,-2.6192520036796543,-4.8259433937657645,-0.4293749055978647,3.0930110002543163,-1.6272872266458485,2.985180684006156,3.9498330705264686,4.299718551647982,2.141487921376431,0.0,6.472056636486007,2.438399135731483,1.4195594849455446
best parameter set
fitness 41.032757293273384 seed 926
-3.4433608348243387,1.5786806922521408,5.229086630870145,1.1126999385194667,-1.0975532810618438,1.7049115084183855,-2.14829884434772,2.4881768651411966,3.753075248185529,3.2525798203598373,1.956667559526028,6.635594352453843,-5.401692559921843,2.2538117030338736,4.098065747114878
