seeds are [370 371 372 373 374 375 376 377 378 379]
seed 370
Initial fitness values: [np.float64(29.273654943574563), np.float64(28.264396883489816), np.float64(26.197235038628897), np.float64(23.850403852150894), np.float64(23.850403852150894), np.float64(23.662555044728283), np.float64(23.48830711967132), np.float64(23.35948162152951), np.float64(23.252925511978482), np.float64(23.252925511978482)]
Final fitness values: [np.float64(21.204062600035343), np.float64(21.204062600035343), np.float64(21.19587240148244), np.float64(21.19587240148244), np.float64(21.19587240148244), np.float64(21.195869033002037), np.float64(21.195869033002037), np.float64(21.172225168696773), np.float64(21.16428845634857), np.float64(21.16428845634857)]
HOF ITEM
21.16428845634857
2.0844326916753944,0.19113225556180527,-2.224607048061632,-0.14747635488264105,6.619695567915005,0.08919276356593492,1.2128992584736886,2.8048413563243164,6.426100660978971,4.154394888339634,1.890894731065299,5.063444977483904,0.7167872977588713,3.0,3.691709634820722
HOF ITEM
21.17222481094646
2.0844326916753944,0.19113225556180527,-2.031896749485421,-0.005058797149051719,6.654654492958494,-0.07722879007896116,1.2128992584736886,2.73157064812674,6.426100660978971,4.553016387961971,1.8432873436928492,5.0029761859548785,0.7167872977588713,3.0,3.691709634820722
HOF ITEM
21.172225168696773
2.0844326916753944,0.19113225556180527,-2.031896749485421,-0.005058797149051719,6.654654492958494,-0.07722879007896116,1.2128992584736886,2.73157064812674,6.426100660978971,4.553016387961971,1.8432873436928492,5.047674552658198,0.7167872977588713,3.0,3.691709634820722
HOF ITEM
21.172264165115635
2.0844326916753944,0.19113225556180527,-2.031896749485421,-0.005058797149051719,6.654654492958494,-0.07722879007896116,1.2128992584736886,2.73157064812674,6.426100660978971,4.147723383208333,1.890894731065299,5.006407621359879,0.7167872977588713,3.0,3.691709634820722
HOF ITEM
21.17874685500969
2.0844326916753944,0.19113225556180527,-2.315058998604755,0.10298836796593931,6.772930592234228,-0.07722879007896116,1.2128992584736886,2.8048413563243164,6.344514849911982,4.147723383208333,1.890894731065299,5.006407621359879,0.7167872977588713,3.0,3.691709634820722
seed 371
Initial fitness values: [np.float64(28.070252753711664), np.float64(28.070252753711664), np.float64(25.52541699845893), np.float64(23.311513281523517), np.float64(22.909322042037022), np.float64(22.854435794692904), np.float64(22.24699579240551), np.float64(22.24699579240551), np.float64(22.246995720829243), np.float64(22.208728095362318)]
Final fitness values: [np.float64(21.25511141162456), np.float64(21.25511141162456), np.float64(21.25511141162456), np.float64(21.25511141162456), np.float64(21.25511141162456), np.float64(21.25511141162456), np.float64(21.25511141162456), np.float64(21.25511141162456), np.float64(21.25511141162456), np.float64(21.25511141162456)]
HOF ITEM
21.25511141162456
-4.322498292535167,1.6107483698984681,-6.80711141302176,-4.467885148493028,-2.337286716200492,-6.334318219624481,-2.9989542853668185,2.4264397221446683,2.482909496953374,3.3620485330443963,0.5699137013789022,5.083464850247928,-0.32427750940756567,0.3443451666285967,3.0584880490382367
HOF ITEM
21.257894287589394
-4.322498292535167,1.6107483698984681,-6.80711141302176,-4.467885148493028,-2.337286716200492,-6.334318219624481,-2.9989542853668185,2.4264397221446683,2.482909496953374,3.3620485330443963,0.5699137013789022,4.931339233141513,-0.32427750940756567,0.3443451666285967,3.0584880490382367
HOF ITEM
21.260341061427205
-4.318417154748211,1.6107483698984681,-6.80711141302176,-4.467885148493028,-2.337286716200492,-6.334318219624481,-2.9989542853668185,2.4264397221446683,2.482909496953374,3.3620485330443963,0.5699137013789022,5.083464850247928,-0.32427750940756567,0.3443451666285967,3.0584880490382367
HOF ITEM
21.26562383093706
-4.318417154748211,1.6107483698984681,-6.80711141302176,-4.467885148493028,-2.337286716200492,-6.334318219624481,-2.9989542853668185,2.4264397221446683,2.482909496953374,3.3620485330443963,0.5699137013789022,4.931339233141513,-0.32427750940756567,0.3443451666285967,3.0584880490382367
HOF ITEM
21.266377658561108
-4.322498292535167,1.6107483698984681,-6.80711141302176,-4.467885148493028,-2.337286716200492,-6.334318219624481,-2.9989542853668185,2.4264397221446683,2.482909496953374,3.3620485330443963,0.5699137013789022,5.182936998649801,-0.3299206783796231,0.3443451666285967,3.0584880490382367
seed 372
Initial fitness values: [np.float64(29.701389120752793), np.float64(27.347145600684886), np.float64(26.101012350893864), np.float64(26.101012350893864), np.float64(26.10079133231758), np.float64(24.891741273298877), np.float64(24.891741273298877), np.float64(24.89173579126769), np.float64(24.32008083991609), np.float64(24.28298710899207)]
Final fitness values: [np.float64(21.74675302646415), np.float64(21.74675302646415), np.float64(21.74675302646415), np.float64(21.74675302644909), np.float64(21.746753024782254), np.float64(21.746753024782254), np.float64(21.74673405995712), np.float64(21.608681453240894), np.float64(21.470245404114053), np.float64(21.470245404114053)]
HOF ITEM
21.470245404114053
-1.6903235022055085,1.4819642853748791,0.10147459143796372,3.4995288859674827,5.166765796968642,2.9509476408134003,-0.5081598926222948,3.0,1.6355632395354522,3.30185302484608,1.0921356216743816,2.30399702005166,-3.2286649755450707,3.0,7.0
HOF ITEM
21.485647312013633
-1.6903235022055085,1.4819642853748791,0.24639191805462832,3.4995288859674827,5.166765796968642,2.9034058203607085,-0.5081598926222948,3.0,1.6355632395354522,3.0031750360148557,1.0921356216743816,2.30399702005166,-3.2286649755450707,3.0,6.82783330446947
HOF ITEM
21.608681453240894
-1.6903235022055085,1.4819642853748791,-0.18168705675780594,3.422942176710448,5.148604477914744,2.9509476408134003,-0.5081598926222948,3.0,1.6355632395354522,3.8354157620391542,1.82417136201961,2.30399702005166,-2.87376832147972,3.0,6.716806295060022
HOF ITEM
21.608681453828787
-1.6903235022055085,1.4819642853748791,-0.18168705675780594,3.422942176710448,5.148604477914744,2.9509476408134003,-0.5081598926222948,3.0,1.6355632395354522,3.8354157620391542,1.82417136201961,2.666456928243635,-3.209237636509496,3.0,6.716806295060022
HOF ITEM
21.67079659444068
-1.6903235022055085,1.4819642853748791,-0.18168705675780594,3.422942176710448,5.148604477914744,2.9509476408134003,-0.5081598926222948,3.0,1.6355632395354522,3.8354157620391542,1.82417136201961,2.666456928243635,-3.0875645121238886,2.793892047270112,6.716806295060022
seed 373
Initial fitness values: [np.float64(30.47792318298686), np.float64(30.47792318298686), np.float64(28.545301258843153), np.float64(27.6259418560241), np.float64(27.5657453968553), np.float64(26.918068338817346), np.float64(26.312582101266194), np.float64(25.306815124979984), np.float64(24.904303563995686), np.float64(24.74241629017968)]
Final fitness values: [np.float64(21.40400348589971), np.float64(21.40400348589971), np.float64(21.403960915391618), np.float64(21.403960915391618), np.float64(21.401730045899264), np.float64(21.322009707614203), np.float64(21.322009707614203), np.float64(21.322009707614203), np.float64(21.29373018791028), np.float64(21.29373018791028)]
HOF ITEM
21.29373018791028
-5.6584029100011275,1.6094021627379103,-2.916794257685461,1.9984099750653586,-0.42815785205051815,-2.2899075774536994,-4.287596934015513,2.058374184609726,0.8519079593492651,0.4823204149667377,0.5141150270590128,6.340764020196797,0.2780527019075354,2.3710795828688798,5.118600187526274
HOF ITEM
21.322009707614203
-5.6584029100011275,1.6094021627379103,-2.916794257685461,1.831395125656176,-0.42815785205051815,-2.2899075774536994,-4.287596934015513,2.058374184609726,0.8519079593492651,0.4823204149667377,0.5141150270590128,6.340764020196797,-0.17234615168688566,2.3710795828688798,5.118600187526274
HOF ITEM
21.322009707614203
-5.6584029100011275,1.6094021627379103,-2.916794257685461,1.831395125656176,-0.42815785205051815,-2.2899075774536994,-4.287596934015513,2.058374184609726,0.8519079593492651,0.4823204149667377,0.5141150270590128,6.340764020196797,0.2780527019075354,2.6565429930097215,5.118600187526274
HOF ITEM
21.322009707614203
-5.6584029100011275,1.6094021627379103,-2.916794257685461,1.831395125656176,-0.42815785205051815,-2.2899075774536994,-4.287596934015513,2.058374184609726,0.8519079593492651,0.4823204149667377,0.5141150270590128,6.340764020196797,-0.17234615168688566,2.6565429930097215,5.118600187526274
HOF ITEM
21.322009707614203
-5.6584029100011275,1.6094021627379103,-2.916794257685461,1.831395125656176,-0.42815785205051815,-2.2899075774536994,-4.287596934015513,2.058374184609726,0.8519079593492651,0.4823204149667377,0.5141150270590128,6.340764020196797,0.2780527019075354,2.3710795828688798,5.118600187526274
seed 374
Initial fitness values: [np.float64(30.523800275939713), np.float64(28.559298797549648), np.float64(27.656813903295845), np.float64(26.753971042515836), np.float64(26.310247669909135), np.float64(25.306185171866133), np.float64(25.230768068870287), np.float64(24.891171971051843), np.float64(24.753692922548627), np.float64(24.306402958578055)]
Final fitness values: [np.float64(22.024255676961936), np.float64(22.024255676961936), np.float64(22.024255676961936), np.float64(22.024255676961936), np.float64(22.024255676961936), np.float64(22.024255676961936), np.float64(22.024255676961936), np.float64(22.024255676961936), np.float64(22.024255676961936), np.float64(22.024255676961936)]
HOF ITEM
22.024255676961936
0.7069171402826137,0.36381412442326094,-4.267374059832367,-0.656210235303075,1.4905298528504418,-3.0480688921162375,1.2265317718751247,0.8013551730340436,4.818992784071196,-0.22621574271223713,2.6121057877818012,1.789242553916345,0.5609062955444233,1.7460640161789496,7.0
HOF ITEM
22.02811908279645
0.7069171402826137,0.36381412442326094,-4.267374059832367,-0.656210235303075,1.4905298528504418,-3.0480688921162375,1.2265317718751247,0.8013551730340436,4.818992784071196,-0.22621574271223713,2.6121057877818012,1.789242553916345,0.5609062955444233,1.7460640161789496,6.9859571955689015
HOF ITEM
22.036628740633983
0.7069171402826137,0.36381412442326094,-4.267374059832367,-0.5816800156216431,1.4905298528504418,-3.0480688921162375,1.2265317718751247,0.8103950073763061,4.758807622649623,-0.22621574271223713,2.6121057877818012,1.789242553916345,0.5609062955444233,1.7637830346270005,7.0
HOF ITEM
22.04720587817324
0.7069171402826137,0.36381412442326094,-4.267374059832367,-0.656210235303075,1.5795326459570809,-3.0480688921162375,1.2265317718751247,0.8013551730340436,4.818992784071196,-0.22621574271223713,2.7437330405205707,1.6990003344321385,0.5609062955444233,1.7460640161789496,7.0
HOF ITEM
22.057017037859893
0.7069171402826137,0.36381412442326094,-4.267374059832367,-0.656210235303075,1.4905298528504418,-3.0480688921162375,1.2265317718751247,0.8013551730340436,4.818992784071196,-0.22621574271223713,2.566294577315968,1.789242553916345,0.5609062955444233,1.7460640161789496,7.0
seed 375
Initial fitness values: [np.float64(30.505854411554544), np.float64(30.198001564309447), np.float64(27.523737398737595), np.float64(27.494504532644235), np.float64(27.42455744563411), np.float64(27.40248330615103), np.float64(27.239723021269015), np.float64(27.239723021269015), np.float64(27.235294617703314), np.float64(27.191777402286434)]
Final fitness values: [np.float64(26.854735373197478), np.float64(26.854735373197478), np.float64(26.854728066937344), np.float64(26.854715509297062), np.float64(26.854669834593498), np.float64(26.85458714224711), np.float64(26.854578502725975), np.float64(26.854561837161228), np.float64(26.854561837161228), np.float64(26.854561837161228)]
HOF ITEM
26.854561837161228
7.0,-1.2267361729193977,-3.6191320748749667,-1.9909905539689496,-6.472534618989777,1.9934650829947596,3.406226603768436,1.0215893074942255,4.144037212259459,6.7554322267822515,1.9547406648203705,0.0,0.23993710840462362,1.3731679718514396,1.8279180577979466
HOF ITEM
26.854561837161228
7.0,-1.2267361729193977,-3.6191320748749667,-1.9909905539689496,-6.472534618989777,1.9934650829947596,3.406226603768436,1.0215893074942255,4.144037212259459,7.0,1.9547406648203705,0.0,0.23993710840462362,1.3731679718514396,1.8279180577979466
HOF ITEM
26.854561837161228
7.0,-1.2267361729193977,-3.6191320748749667,-1.9909905539689496,-6.472534618989777,1.9934650829947596,3.406226603768436,1.0215893074942255,4.144037212259459,7.0,1.405601274796011,0.0,0.23993710840462362,1.3731679718514396,1.8279180577979466
HOF ITEM
26.854562224798222
7.0,-1.2267361729193977,-3.6191320748749667,-1.9909905539689496,-6.472534618989777,1.9934650829947596,3.406226603768436,1.0215893074942255,4.144037212259459,7.0,1.478800154423802,0.0,0.4566088609001049,1.3731679718514396,2.0211145022895343
HOF ITEM
26.85456476140874
7.0,-1.2267361729193977,-3.6191320748749667,-1.9909905539689496,-6.472534618989777,2.123764574887213,3.406226603768436,1.0215893074942255,4.144037212259459,7.0,1.9547406648203705,0.25798621591401816,0.23993710840462362,1.8634348578711482,1.849877677677174
seed 376
Initial fitness values: [np.float64(28.78590731085372), np.float64(28.78590731085372), np.float64(28.78556236697323), np.float64(25.301955986170107), np.float64(25.30195593530068), np.float64(25.30194770702009), np.float64(25.301942963899304), np.float64(25.301921170728832), np.float64(25.301761394777436), np.float64(25.29878752536566)]
Final fitness values: [np.float64(21.86872268099699), np.float64(21.868688708612538), np.float64(21.866735568871945), np.float64(21.866735568871945), np.float64(21.865302406847004), np.float64(21.865302406847004), np.float64(21.865278114519427), np.float64(21.865242570202934), np.float64(21.865227008621844), np.float64(21.86522193029104)]
HOF ITEM
21.86522193029104
-4.779954368378144,1.5892962912795459,-6.01204452053989,0.7560169958935006,-6.445725339627921,-1.8278856966916486,-3.4524113946220574,2.308017764655132,0.4625977026810279,3.3724070761670086,2.491792880109125,4.872377920871804,2.500492511791454,0.0,3.343517675508936
HOF ITEM
21.865227008621844
-4.779954368378144,1.5892962912795459,-6.131443035444265,0.681977373088983,-6.422301404814446,-2.138418195518156,-3.4524113946220574,2.308017764655132,0.4625977026810279,3.2528349131091847,2.6236646983314627,4.872377920871804,2.1634380786405165,0.0,3.780421593768121
HOF ITEM
21.865235985546008
-4.779954368378144,1.5892962912795459,-6.053201615836966,0.732717766005224,-6.422301404814446,-2.138418195518156,-3.4524113946220574,2.308017764655132,0.4625977026810279,2.947195903516218,3.0,4.872377920871804,2.546718215891779,0.4407860621120523,3.780421593768121
HOF ITEM
21.86523773327127
-4.779954368378144,1.5892962912795459,-6.05534607947908,0.732717766005224,-6.422301404814446,-2.4872806755334147,-3.4524113946220574,2.308017764655132,0.4625977026810279,2.679322583243595,2.6236646983314627,4.872377920871804,2.698520692555313,0.4407860621120523,3.9893389766901275
HOF ITEM
21.86523773327127
-4.779954368378144,1.5892962912795459,-6.05534607947908,0.732717766005224,-6.422301404814446,-2.4872806755334147,-3.4524113946220574,2.308017764655132,0.4625977026810279,3.3347767577938545,2.6236646983314627,4.872377920871804,2.698520692555313,0.4407860621120523,3.9893389766901275
seed 377
Initial fitness values: [np.float64(28.36173431558558), np.float64(26.456261103424275), np.float64(25.65031977915034), np.float64(24.01326568891138), np.float64(23.762585506876757), np.float64(23.68981406560714), np.float64(23.543616704425013), np.float64(23.0352206825565), np.float64(23.0352206825565), np.float64(22.971528066749926)]
Final fitness values: [np.float64(22.10644913645247), np.float64(22.10644913645247), np.float64(22.10644913645247), np.float64(22.10644913645247), np.float64(22.10644913645247), np.float64(22.10644913645247), np.float64(22.10644913645247), np.float64(22.10644913645247), np.float64(22.10644913645247), np.float64(22.10644913645247)]
HOF ITEM
22.10644913645247
0.049292986738897704,0.8775647004570958,-6.254358678107243,-1.3576689088334661,2.992200732366023,-6.101050856081117,0.7187550795811026,1.738030798572099,6.537675831617811,2.039644798933291,0.0,2.582994409629876,1.8716019759583131,1.0545187750176424,3.941446763946486
HOF ITEM
22.113072774978367
0.08448772490539294,0.9372626363742718,-6.254358678107243,-1.3576689088334661,2.992200732366023,-6.049015136151003,0.7399083038766276,1.9004566497632962,6.537675831617811,1.8939461060400913,0.0,2.582994409629876,2.007101341471244,1.0545187750176424,3.941446763946486
HOF ITEM
22.13486379267061
0.08448772490539294,1.034044298741224,-6.254358678107243,-1.4358209929616386,2.75887477198145,-6.3892610829183285,0.7399083038766276,2.0426478243247392,6.537675831617811,1.8939461060400913,0.0,2.5396883400251125,1.9461804631191904,1.1739978829287658,3.980403864470306
HOF ITEM
22.13660982660799
0.049292986738897704,0.8518327383330304,-6.322890953128835,-1.3576689088334661,2.992200732366023,-6.101050856081117,0.7187550795811026,1.738030798572099,6.537675831617811,2.039644798933291,0.0,2.628385693795076,1.8716019759583131,1.0545187750176424,4.025456921326711
HOF ITEM
22.13695152185937
0.049292986738897704,0.8948796330260217,-6.254358678107243,-1.3576689088334661,2.992200732366023,-6.167761900346778,0.7187550795811026,1.738030798572099,6.361675106168155,2.039644798933291,0.08772108714768426,2.3811597376314215,1.8716019759583131,1.0545187750176424,3.8410041990334327
seed 378
Initial fitness values: [np.float64(32.84635526426815), np.float64(30.252581258011418), np.float64(28.613635865728856), np.float64(28.1084810713091), np.float64(27.16668104534336), np.float64(26.578400888854002), np.float64(23.83944854528824), np.float64(23.83944854528824), np.float64(23.303103994956096), np.float64(23.198199788074646)]
Final fitness values: [np.float64(21.870910750036938), np.float64(21.870910537645937), np.float64(21.870910537645937), np.float64(21.870910537645937), np.float64(21.87078414636624), np.float64(21.87078414636624), np.float64(21.87078414636624), np.float64(21.870714765532757), np.float64(21.870714765532757), np.float64(21.870714765532757)]
HOF ITEM
21.870714765532757
-3.9398150274352166,1.604906064267457,-5.791936073307261,-6.658893496098215,0.08452152529321763,5.290248619939229,-2.6116566301235657,2.5348069436050955,6.194095179178824,6.190482552801151,1.5460685262475982,5.238221163037352,-1.8689358219643903,1.0603002936382495,5.71982427180639
HOF ITEM
21.870715459821202
-3.9398150274352166,1.604906064267457,-5.791936073307261,-6.658893496098215,0.08452152529321763,5.290248619939229,-2.6116566301235657,2.5348069436050955,6.194095179178824,6.271301764471151,1.5460685262475982,5.238221163037352,-1.8027579718374207,1.0603002936382495,5.704876007602608
HOF ITEM
21.870782844303342
-3.9398150274352166,1.604906064267457,-5.965036796257329,-6.658893496098215,0.08452152529321763,5.290248619939229,-2.6116566301235657,2.5348069436050955,6.194095179178824,6.190482552801151,1.5460685262475982,5.238221163037352,-1.8689358219643903,1.0603002936382495,5.634865960528709
HOF ITEM
21.870782989461993
-3.9398150274352166,1.604906064267457,-5.965036796257329,-6.658893496098215,0.08452152529321763,5.290248619939229,-2.6116566301235657,2.5348069436050955,6.194095179178824,6.271301764471151,1.5460685262475982,5.238221163037352,-1.8362550376782045,1.0603002936382495,5.704876007602608
HOF ITEM
21.870782989462015
-3.9398150274352166,1.604906064267457,-5.965036796257329,-6.658893496098215,0.08452152529321763,5.290248619939229,-2.6116566301235657,2.5348069436050955,6.194095179178824,6.599466500258985,1.5460685262475982,5.238221163037352,-1.8362550376782045,1.0603002936382495,5.704876007602608
seed 379
Initial fitness values: [np.float64(29.8090203036234), np.float64(28.549957537898926), np.float64(28.170073812379204), np.float64(27.802136467244132), np.float64(27.796972543795018), np.float64(27.77802895042266), np.float64(27.777764522152694), np.float64(27.663907825184204), np.float64(27.45991689130906), np.float64(27.274976729695506)]
Final fitness values: [np.float64(27.023691158903965), np.float64(27.023691158903965), np.float64(27.023691158903965), np.float64(27.023691158903965), np.float64(27.023691158903965), np.float64(27.023691158903965), np.float64(27.023691158903965), np.float64(27.023691158903965), np.float64(27.023691158903965), np.float64(27.02130132621278)]
HOF ITEM
27.02130132621278
-0.6647097813580822,-2.939556075878814,3.8630129689332526,-1.2893040001494198,-0.0730767391397471,6.5060639897038754,0.2579240189077854,2.078999754075701,4.71959919757351,1.9810820343155104,1.8416763218801548,4.301382690538191,4.435774802910658,0.6441541032175445,2.884243560023717
HOF ITEM
27.023691158903965
-0.6647097813580822,-2.9819574629833534,3.8630129689332526,-1.2893040001494198,-0.0730767391397471,6.5060639897038754,0.2579240189077854,2.078999754075701,4.71959919757351,2.09793666532695,1.7521100377330694,4.301382690538191,4.487854689956325,0.5841917643859358,2.946095044613722
HOF ITEM
27.023691158903965
-0.6647097813580822,-3.419700609170784,3.8630129689332526,-1.2893040001494198,-0.0730767391397471,6.5060639897038754,0.2579240189077854,2.078999754075701,4.71959919757351,2.09793666532695,1.7521100377330694,4.301382690538191,4.487854689956325,0.5841917643859358,2.946095044613722
HOF ITEM
27.023691158903965
-0.6647097813580822,-2.8234562450509784,3.8630129689332526,-1.2893040001494198,-0.0730767391397471,6.5060639897038754,0.2579240189077854,2.078999754075701,4.71959919757351,2.09793666532695,1.7521100377330694,4.301382690538191,4.487854689956325,0.5841917643859358,2.946095044613722
HOF ITEM
27.023692127312643
-0.6647097813580822,-2.8234562450509784,3.8630129689332526,-1.2893040001494198,-0.0730767391397471,6.5060639897038754,0.2579240189077854,2.078999754075701,4.71959919757351,2.09793666532695,1.7521100377330694,4.301382690538191,4.487854689956325,0.5841917643859358,2.936339604705508
best parameter set
fitness 21.074116091560406 seed 370
2.0866462545084747,0.19513811243011042,-2.032228261110534,-0.004307205392580523,6.653864446570923,-0.07689738795411988,1.2122289970012696,2.731601687322386,6.425570098383794,4.5530163933828485,1.8432873828182599,5.002976160439365,0.7170483698962025,2.999996543570974,3.6916898310122535
