seeds are [250 251 252 253 254 255 256 257 258 259]
seed 250
Initial fitness values: [np.float64(29.977013573525575), np.float64(29.063390335378642), np.float64(27.191488366416696), np.float64(26.997360747841075), np.float64(26.913150280323073), np.float64(26.855270809000864), np.float64(26.814800370024848), np.float64(26.778366278878398), np.float64(26.575666472048738), np.float64(26.575666472048738)]
Final fitness values: [np.float64(25.985316927810622), np.float64(25.985316927810622), np.float64(25.974426793896228), np.float64(25.94216180424934), np.float64(25.788704774410895), np.float64(25.48003043786337), np.float64(25.48003043786337), np.float64(25.47949657404771), np.float64(25.474290044220954), np.float64(25.272962219864834)]
HOF ITEM
25.272962219864834
2.0284341299818944,-0.14400827285938342,-4.954449488775216,-5.256771604159589,-1.0333441102019854,-2.9598943348294044,1.4756767361908094,1.1956492485147823,4.6213962882404385,4.712391225761766,1.267273524824283,1.4983673252874086,-5.9709660698031355,1.8722720391687615,1.2588167828971135
HOF ITEM
25.31145685251467
2.476713339715712,-0.1678575007022375,-5.52770486097119,-5.717281599783064,-1.1614921001581562,-2.8816587225243886,1.4776607756330455,1.2969817656135278,4.703311462837616,4.138805169559435,1.1780963699612028,1.8682950667993286,-6.316329612028902,1.8792555544003506,1.343041660909113
HOF ITEM
25.323418913178763
2.353115481744509,-0.1678575007022375,-5.52770486097119,-5.717281599783064,-1.1614921001581562,-2.882341727141318,1.4776607756330455,1.2969817656135278,4.703311462837616,4.1002159866767665,1.0634909076052677,1.5266487234745045,-5.9709660698031355,1.8722720391687615,1.1240337375123635
HOF ITEM
25.325784072600488
2.353115481744509,-0.1678575007022375,-5.52770486097119,-5.717281599783064,-1.1614921001581562,-2.882341727141318,1.4776607756330455,1.2969817656135278,4.703311462837616,4.1002159866767665,1.267273524824283,1.5284102731053748,-5.9709660698031355,1.8722720391687615,1.1240337375123635
HOF ITEM
25.413482073741108
2.353115481744509,-0.1678575007022375,-4.954449488775216,-5.372860710503192,-0.7781051576826461,-2.8829749813385206,1.637625237499256,1.1956492485147823,5.098452167769733,4.185221783433473,1.267273524824283,1.3838057706648688,-5.6463137867581334,1.8722720391687615,1.1240337375123635
seed 251
Initial fitness values: [np.float64(31.631351393752514), np.float64(28.6116895145638), np.float64(28.6116895145638), np.float64(26.27074418208623), np.float64(25.21237343591199), np.float64(24.670542817313187), np.float64(24.670542817313187), np.float64(24.479463234142433), np.float64(24.404019281182055), np.float64(24.195014196344832)]
Final fitness values: [np.float64(23.06985396642513), np.float64(23.06985396642513), np.float64(23.06985396642513), np.float64(23.06985396642513), np.float64(23.06985396642513), np.float64(23.06985396642513), np.float64(23.06985396642513), np.float64(23.06985396642513), np.float64(23.06985396642513), np.float64(23.06985396642513)]
HOF ITEM
23.06985396642513
3.4719130597264076,-0.32028244847172654,3.420031689316013,4.6051268102456575,5.573651216509448,-2.0362718589737643,1.3168119613322447,3.0,5.844739477191067,6.370282898195989,1.7229747947396412,6.073345765073037,4.983368801456427,2.264476666398607,6.031017083072564
HOF ITEM
23.06985396642513
3.4719130597264076,-0.32028244847172654,3.420031689316013,4.6051268102456575,5.573651216509448,-2.0362718589737643,1.3168119613322447,3.0,5.844739477191067,6.370282898195989,1.7229747947396412,5.910640330286747,4.983368801456427,2.264476666398607,6.317172824232353
HOF ITEM
23.06985396642513
3.4719130597264076,-0.32028244847172654,3.420031689316013,4.6051268102456575,5.573651216509448,-2.0362718589737643,1.3168119613322447,3.0,5.844739477191067,6.370282898195989,1.7229747947396412,5.910640330286747,5.079369080750021,2.264476666398607,6.031017083072564
HOF ITEM
23.06985396642513
3.4719130597264076,-0.32028244847172654,3.420031689316013,4.6051268102456575,5.573651216509448,-2.0362718589737643,1.3168119613322447,3.0,5.844739477191067,6.370282898195989,1.7229747947396412,5.694971632499152,5.079369080750021,2.264476666398607,6.317172824232353
HOF ITEM
23.06985396642513
3.4719130597264076,-0.32028244847172654,3.420031689316013,4.6051268102456575,5.573651216509448,-2.0362718589737643,1.3168119613322447,3.0,5.844739477191067,6.370282898195989,1.7229747947396412,5.910640330286747,4.983368801456427,2.264476666398607,6.031017083072564
seed 252
Initial fitness values: [np.float64(29.93170049562078), np.float64(28.171820951456944), np.float64(26.99918020832511), np.float64(26.974651225307408), np.float64(26.925318953289487), np.float64(26.90314548945057), np.float64(26.90314548945057), np.float64(26.903135842232775), np.float64(26.895773318032976), np.float64(26.895773318032976)]
Final fitness values: [np.float64(26.86031087428645), np.float64(26.86031086982483), np.float64(26.860310867824293), np.float64(26.86031084489684), np.float64(26.86030700782657), np.float64(26.860307006892963), np.float64(26.855599800672795), np.float64(26.855599800672795), np.float64(26.85559979644501), np.float64(26.855514770381337)]
HOF ITEM
26.855514770381337
5.407214271413259,-0.7268344420214208,-6.587347005509928,5.927931679202622,0.7551568144649186,4.884295005580131,3.6191820328080966,1.2705764012243503,6.495253130910886,6.295374861072531,2.5347245880036833,0.0,-1.5172787471105789,0.0,3.7444352760056816
HOF ITEM
26.85555362335463
5.407214271413259,-0.7268344420214208,-6.587347005509928,5.978945610174429,0.7551568144649186,4.884295005580131,3.6191820328080966,1.2705764012243503,6.495253130910886,6.295374861072531,2.5347245880036833,0.0,-1.5172787471105789,0.011200622566244184,3.7444352760056816
HOF ITEM
26.85559623521362
5.407214271413259,-0.7268344420214208,-6.51220688543141,5.922678116561337,0.6397175693406847,4.903187160584488,3.6191820328080966,1.2705764012243503,6.495253130910886,6.39557230651305,2.844653485388459,0.0,-0.852096698481199,0.0,3.7444352760056816
HOF ITEM
26.855596475253577
5.407214271413259,-0.7268344420214208,-6.028151864412449,5.922678116561337,0.6397175693406847,4.577218389661764,3.6191820328080966,1.2705764012243503,6.495253130910886,6.749029005314821,3.0,0.016680959044350383,-0.7555926352527459,0.011200622566244184,3.7444352760056816
HOF ITEM
26.85559979644501
5.407214271413259,-0.7268344420214208,-6.587347005509928,5.927931679202622,0.6397175693406847,5.215594001239163,3.6191820328080966,1.2705764012243503,6.495253130910886,6.39557230651305,2.844653485388459,0.0,-0.852096698481199,0.0,3.7444352760056816
seed 253
Initial fitness values: [np.float64(31.214705870141536), np.float64(30.260917560856168), np.float64(29.25305388728894), np.float64(28.13180779215201), np.float64(28.13180779215201), np.float64(27.313077525845245), np.float64(26.035387900860712), np.float64(25.794449876929665), np.float64(25.794449876929665), np.float64(25.258946124389087)]
Final fitness values: [np.float64(22.065113649702738), np.float64(22.061280043899938), np.float64(22.061280043899938), np.float64(22.061280043899938), np.float64(22.061280043889223), np.float64(22.061280043889223), np.float64(22.06029838035209), np.float64(22.06029838031176), np.float64(22.060298380311725), np.float64(22.06029811721849)]
HOF ITEM
22.06029811721849
-0.8687373884452765,1.3376265486084982,-0.576903792576897,0.5149231677415173,-5.084692323085032,6.322963805298037,0.13186338850243048,2.852019722054,0.5653013051298008,3.718401215424622,2.8874380367118113,3.2934925850809895,4.460729079698415,1.9368724212716875,2.325116047622734
HOF ITEM
22.060298117289765
-0.8687373884452765,1.3376265486084982,-0.576903792576897,0.5149231677415173,-5.084692323085032,6.322963805298037,0.13186338850243048,2.852019722054,0.5653013051298008,3.2410885370381264,2.8874380367118113,3.0234223360363846,4.06598299175378,1.3725640837056452,2.3214664343129634
HOF ITEM
22.060298380311725
-0.8687373884452765,1.3376265486084982,-0.576903792576897,0.5149231677415173,-5.084692323085032,6.89188042413284,0.13186338850243048,2.852019722054,0.5653013051298008,3.8224741930477006,2.8661651688717966,3.2934925850809895,4.460729079698415,1.9368724212716875,2.3214664343129634
HOF ITEM
22.060298380311732
-0.8687373884452765,1.3376265486084982,-0.576903792576897,0.5149231677415173,-5.084692323085032,6.89188042413284,0.13186338850243048,2.852019722054,0.5653013051298008,4.246812445003427,2.8874380367118113,2.7937364427424907,4.06598299175378,1.9368724212716875,2.3214664343129634
HOF ITEM
22.06029838031176
-0.8687373884452765,1.3376265486084982,-0.576903792576897,0.5149231677415173,-5.084692323085032,6.89188042413284,0.13186338850243048,2.852019722054,0.5653013051298008,3.2410885370381264,2.8874380367118113,3.0234223360363846,4.460729079698415,1.9368724212716875,2.325116047622734
seed 254
Initial fitness values: [np.float64(29.174524589429193), np.float64(29.174524589429193), np.float64(27.605287768851788), np.float64(26.180574081178463), np.float64(25.974025154167972), np.float64(24.64152146494098), np.float64(24.64152146494098), np.float64(23.83065531849166), np.float64(23.83065531849166), np.float64(23.83065531849166)]
Final fitness values: [np.float64(21.559622200501405), np.float64(21.559622200501405), np.float64(21.554501535058012), np.float64(21.55450150170155), np.float64(21.536445909112892), np.float64(21.536445909112892), np.float64(21.536445909112892), np.float64(21.532786847944895), np.float64(21.532786847944895), np.float64(21.532786847944895)]
HOF ITEM
21.532786847944895
1.0653138298386682,0.6849809986031493,0.9833771138337047,0.719681525484274,2.8116422766328424,3.0155773027324564,1.066940150989089,2.9475244881871547,2.1171225140457612,5.447975656403902,2.159199530279802,4.731181200711582,0.34885085490988776,3.0,1.2231122096424776
HOF ITEM
21.532786859704377
1.0653138298386682,0.6849809986031493,0.9833771138337047,0.719681525484274,2.8116422766328424,3.0155773027324564,1.066940150989089,2.9475244881871547,2.1171225140457612,5.447975656403902,1.8213295515756593,4.731181200711582,0.34885085490988776,3.0,1.2231122096424776
HOF ITEM
21.53278686996483
1.0653138298386682,0.6849809986031493,0.9833771138337047,0.719681525484274,2.8116422766328424,3.0155773027324564,1.066940150989089,2.9475244881871547,2.1171225140457612,5.346473615171633,1.8213295515756593,4.731181200711582,0.34885085490988776,3.0,1.2231122096424776
HOF ITEM
21.536445909112892
1.0653138298386682,0.6849809986031493,0.9567109970719466,0.719681525484274,2.8116422766328424,2.945078126286773,1.066940150989089,2.9475244881871547,2.1171225140457612,5.447975656403902,1.939304171379394,4.731181200711582,0.34885085490988776,3.0,1.2231122096424776
HOF ITEM
21.536445909112892
1.0653138298386682,0.6849809986031493,0.9567109970719466,0.719681525484274,2.8116422766328424,2.945078126286773,1.066940150989089,2.9475244881871547,2.1171225140457612,5.447975656403902,2.159199530279802,4.731181200711582,0.34885085490988776,3.0,1.2231122096424776
seed 255
Initial fitness values: [np.float64(32.170254517642526), np.float64(28.796771476444892), np.float64(27.893278669544014), np.float64(26.76044957538407), np.float64(26.083580319699884), np.float64(25.122253061668832), np.float64(24.608626973414104), np.float64(23.49927577220374), np.float64(23.49927577220374), np.float64(23.209693195130967)]
Final fitness values: [np.float64(21.950173188889018), np.float64(21.950173188889018), np.float64(21.950173188889018), np.float64(21.950173188889018), np.float64(21.950173188889018), np.float64(21.950173188889018), np.float64(21.949738527828263), np.float64(21.949738527828263), np.float64(21.949738527828263), np.float64(21.949738527828263)]
HOF ITEM
21.949738527828263
-3.007801255004826,1.5763481805443762,-4.530782544467314,-2.3136240985563044,-2.6891207617519575,-4.338235207121171,-1.7067421963168534,2.9256232155097606,0.8399227971416248,4.297982846333683,2.0188976676404446,0.8978055009132031,3.83936172279243,3.0,1.545012487951851
HOF ITEM
21.949738527828263
-3.007801255004826,1.5763481805443762,-4.530782544467314,-2.3136240985563044,-2.6891207617519575,-4.338235207121171,-1.7067421963168534,2.9256232155097606,0.8399227971416248,4.297982846333683,2.0188976676404446,0.8978055009132031,3.83936172279243,2.6930040568155094,1.3314595406674186
HOF ITEM
21.949738527828263
-3.007801255004826,1.5763481805443762,-4.530782544467314,-2.3136240985563044,-2.6891207617519575,-4.338235207121171,-1.7067421963168534,2.9256232155097606,0.8399227971416248,4.297982846333683,2.5735187717615493,0.8978055009132031,3.83936172279243,3.0,1.3315289406261315
HOF ITEM
21.949738527828263
-3.007801255004826,1.5763481805443762,-4.530782544467314,-2.3136240985563044,-2.6891207617519575,-4.338235207121171,-1.7067421963168534,2.9256232155097606,0.8399227971416248,4.297982846333683,2.0188976676404446,0.8978055009132031,3.83936172279243,3.0,1.3315289406261315
HOF ITEM
21.949738527828263
-3.007801255004826,1.5763481805443762,-4.530782544467314,-2.3136240985563044,-2.6891207617519575,-4.338235207121171,-1.7067421963168534,2.9256232155097606,0.8399227971416248,4.297982846333683,2.5735187717615493,0.8978055009132031,3.83936172279243,2.6930040568155094,1.3314595406674186
seed 256
Initial fitness values: [np.float64(31.328855984362896), np.float64(30.44378477457582), np.float64(30.109817366023368), np.float64(28.937126278925515), np.float64(28.93438070402864), np.float64(28.09966716832258), np.float64(27.694327188412572), np.float64(27.657290417981294), np.float64(27.517719217140584), np.float64(25.261660218833555)]
Final fitness values: [np.float64(24.540023249034377), np.float64(24.540023249034377), np.float64(24.540023249034377), np.float64(24.540023249034377), np.float64(24.540023249034377), np.float64(24.540023249034377), np.float64(24.540023249034377), np.float64(24.540023249034377), np.float64(24.540023249034377), np.float64(24.540023249034377)]
HOF ITEM
24.540023249034377
-4.096163449475717,1.8185134157319127,-2.399548796987598,4.11864149087019,-3.475722038395287,5.804048800853318,-1.1523506861986383,1.3561167296486416,4.681793025933953,-6.556126083940675,2.6572236099057576,0.30519366040191387,3.5394775782598904,2.0124816205625304,2.1504916923385955
HOF ITEM
24.540023249034377
-4.096163449475717,1.8185134157319127,-2.399548796987598,4.11864149087019,-3.475722038395287,5.804048800853318,-1.1523506861986383,1.3561167296486416,4.681793025933953,-6.354039398264496,2.6572236099057576,0.30519366040191387,3.5913874031928508,2.0124816205625304,2.1504916923385955
HOF ITEM
24.540023249034377
-4.096163449475717,1.8185134157319127,-2.399548796987598,4.11864149087019,-3.475722038395287,5.804048800853318,-1.1523506861986383,1.3561167296486416,4.681793025933953,-6.354039398264496,2.6572236099057576,0.30519366040191387,3.5394775782598904,2.038292860558416,2.1504916923385955
HOF ITEM
24.540023249034377
-4.096163449475717,1.8185134157319127,-2.399548796987598,4.11864149087019,-3.475722038395287,5.804048800853318,-1.1523506861986383,1.3561167296486416,4.681793025933953,-6.556126083940675,2.6572236099057576,0.30519366040191387,3.5394775782598904,2.038292860558416,2.1504916923385955
HOF ITEM
24.540023249034377
-4.096163449475717,1.8185134157319127,-2.399548796987598,4.11864149087019,-3.475722038395287,5.804048800853318,-1.1523506861986383,1.3561167296486416,4.681793025933953,-6.354039398264496,2.6572236099057576,0.30519366040191387,3.5394775782598904,2.0124816205625304,2.1504916923385955
seed 257
Initial fitness values: [np.float64(33.10090574551998), np.float64(28.768437349756127), np.float64(28.492277444115157), np.float64(28.492277444115157), np.float64(27.171793804712838), np.float64(27.100508006065432), np.float64(27.025269603149678), np.float64(26.895173978395935), np.float64(26.828404883055452), np.float64(26.828404883055452)]
Final fitness values: [np.float64(26.523900608947372), np.float64(26.523900608947372), np.float64(26.523900608947372), np.float64(26.523900608947372), np.float64(26.523900608947372), np.float64(26.523900608947372), np.float64(26.523900608947372), np.float64(26.512922830587804), np.float64(26.512922830587804), np.float64(26.512922830587804)]
HOF ITEM
26.512922830587804
-4.036235169783609,-2.9475789594582658,2.263138276522122,7.0,5.955598791209183,3.5119995278218554,-2.6824764547179116,1.7404798174336047,0.9035504469374448,-0.7439396715246841,0.9056274941990636,2.326217386330161,-3.2242068067596708,2.1317755585020186,4.234109775138681
HOF ITEM
26.515032499123507
-4.036235169783609,-2.9475789594582658,2.263138276522122,7.0,5.955598791209183,3.5119995278218554,-2.6824764547179116,1.7404798174336047,0.9035504469374448,-0.7439396715246841,0.9056274941990636,2.326217386330161,-3.2242068067596708,2.1317755585020186,4.343870104415567
HOF ITEM
26.523900608947372
-4.036235169783609,-3.0135579266751407,2.263138276522122,7.0,5.955598791209183,3.5119995278218554,-2.6824764547179116,1.7404798174336047,0.9035504469374448,-0.7439396715246841,0.9056274941990636,2.326217386330161,-3.1215699764025127,2.1317755585020186,4.343870104415567
HOF ITEM
26.523900608947372
-4.036235169783609,-2.9475789594582658,2.263138276522122,7.0,5.955598791209183,3.5119995278218554,-2.6824764547179116,1.7404798174336047,0.9035504469374448,-0.7439396715246841,0.9056274941990636,2.326217386330161,-3.1215699764025127,2.1317755585020186,4.343870104415567
HOF ITEM
26.525323654610393
-4.036235169783609,-3.0135579266751407,2.2210292522679342,6.99125677772541,5.955598791209183,3.4958730737390926,-2.6824764547179116,1.7404798174336047,0.9035504469374448,-0.7439396715246841,0.9056274941990636,2.326217386330161,-3.1215699764025127,2.1317755585020186,4.343870104415567
seed 258
Initial fitness values: [np.float64(28.812622815619786), np.float64(27.01816911296957), np.float64(24.693794776039862), np.float64(24.669795939192102), np.float64(23.565364483710127), np.float64(22.564207159418395), np.float64(22.564207159418395), np.float64(22.564207159418395), np.float64(22.564207159418395), np.float64(22.06928608060052)]
Final fitness values: [np.float64(21.37198375674698), np.float64(21.37198375674698), np.float64(21.34656623127713), np.float64(21.34656623127713), np.float64(21.34656623127713), np.float64(21.346357024943014), np.float64(21.329469147614127), np.float64(21.3292833687622), np.float64(21.3292833687622), np.float64(21.329280939260144)]
HOF ITEM
21.329280939260144
-6.209024899275809,1.5767492876778255,-7.0,-0.5578876137303904,-6.603833303268813,-2.0046459552479625,-4.863880979979101,1.9608151381415964,0.7099941366369089,0.5057171421583408,0.2806266853062742,5.212419229732878,2.017991404370978,1.2362665913883157,1.4599177625531548
HOF ITEM
21.32928093929393
-6.209024899275809,1.5767492876778255,-7.0,-0.5578876137303904,-6.603833303268813,-2.0046459552479625,-4.863880979979101,1.9608151381415964,0.7099941366369089,0.5057171421583408,0.2806266853062742,5.212419229732878,1.8090598226963928,0.9037948995332853,1.4599177625531548
HOF ITEM
21.329280939326704
-6.209024899275809,1.5767492876778255,-7.0,-0.5578876137303904,-6.603833303268813,-2.0046459552479625,-4.863880979979101,1.9608151381415964,0.7099941366369089,0.5057171421583408,0.2806266853062742,5.212419229732878,2.017991404370978,0.8137614349385813,1.3394917295984987
HOF ITEM
21.329283368737457
-6.209024899275809,1.5767492876778255,-7.0,-0.5578876137303904,-6.603833303268813,-1.4965221377142295,-4.863880979979101,1.9608151381415964,0.7099941366369089,0.5057171421583408,0.2806266853062742,5.212419229732878,2.017991404370978,0.9543438979174443,1.3394917295984987
HOF ITEM
21.3292833687622
-6.209024899275809,1.5767492876778255,-7.0,-0.5578876137303904,-6.603833303268813,-1.4965221377142295,-4.863880979979101,1.9608151381415964,0.7099941366369089,0.5057171421583408,0.2806266853062742,5.212419229732878,2.017991404370978,0.8137614349385813,1.1185311707106536
seed 259
Initial fitness values: [np.float64(32.16398961004884), np.float64(29.78714957860067), np.float64(27.90877817601217), np.float64(27.804044521958588), np.float64(25.58186026733433), np.float64(25.563162262025212), np.float64(25.215689558032498), np.float64(25.17754168348972), np.float64(24.66894786825816), np.float64(24.66894786825816)]
Final fitness values: [np.float64(23.82633748203933), np.float64(23.82633748203933), np.float64(23.82633748203933), np.float64(23.82633748203933), np.float64(23.82633748203933), np.float64(23.82633748203933), np.float64(23.82633748203933), np.float64(23.826337481483343), np.float64(23.826337481483343), np.float64(23.826337457297146)]
HOF ITEM
23.826337457297146
6.253334450573151,-0.9745958655898299,-5.514793523455516,1.279950927356565,-1.7904812223417919,5.291794588834906,1.334339462108723,2.4476953727490414,0.47136764152856964,5.292011249597049,1.9640047214546468,0.5625938726278968,2.2162296808671886,0.8839344285549688,3.976786809787849
HOF ITEM
23.826337478106044
6.253334450573151,-0.9745958655898299,-5.514793523455516,1.279950927356565,-1.7904812223417919,5.291794588834906,1.334339462108723,2.4476953727490414,0.47136764152856964,5.292011249597049,1.777160042508171,0.6390877911287075,2.2162296808671886,0.8839344285549688,3.8953196379212836
HOF ITEM
23.826337481483343
6.253334450573151,-0.9745958655898299,-5.514793523455516,1.279950927356565,-1.7904812223417919,5.291794588834906,1.334339462108723,2.4476953727490414,0.47136764152856964,5.622877864072991,1.777160042508171,0.6390877911287075,2.2162296808671886,0.8839344285549688,3.8953196379212836
HOF ITEM
23.82633748203933
6.253334450573151,-0.9745958655898299,-5.514793523455516,1.279950927356565,-1.7904812223417919,5.291794588834906,1.334339462108723,2.4476953727490414,0.47136764152856964,5.292011249597049,2.937220355585311,0.5625938726278968,2.2162296808671886,0.8839344285549688,3.8953196379212836
HOF ITEM
23.82633748203933
6.253334450573151,-0.9745958655898299,-5.514793523455516,1.279950927356565,-1.7904812223417919,5.291794588834906,1.334339462108723,2.4476953727490414,0.47136764152856964,5.292011249597049,2.1200339753349313,0.5625938726278968,2.2162296808671886,0.8839344285549688,3.8953196379212836
best parameter set
fitness 21.195888579754502 seed 258
-6.210061353122677,1.5868438368935458,-6.999889498076129,-0.5579223348919865,-6.603659366618609,-2.0045610709443817,-4.861304001564085,1.9584618966353708,0.7007589253393238,0.5057338579885204,0.2896251556845336,5.212788396102701,1.8090928580212506,0.9038127228723125,1.4599109974778566
