seeds are [620 621 622 623 624 625 626 627 628 629]
seed 620
Initial fitness values: [np.float64(62.14875264626643), np.float64(59.17531056208095), np.float64(53.78298314376177), np.float64(53.62788109321391), np.float64(52.058658572989934), np.float64(52.058658572989934), np.float64(52.058658566960375), np.float64(46.97849949704857), np.float64(46.97849949704857), np.float64(46.97849949704857)]
Final fitness values: [np.float64(46.668763187620314), np.float64(46.668763187620314), np.float64(46.66876302676645), np.float64(46.66876302676645), np.float64(46.66876302676645), np.float64(46.66876302676645), np.float64(46.66876302674244), np.float64(46.66876302674244), np.float64(46.66876302674244), np.float64(46.66876302674244)]
HOF ITEM
46.66876302674244
1.007198385367906,0.7210041266774568,-5.17143938269577,0.7659104602062161,-6.330649264005473,4.339490635793561,2.087907637411959,2.0126647060948386,7.0,2.000760948447674,2.190329065911532,6.597924722034299,2.9994548380876274,1.9280379303969097,1.4571722362112016
HOF ITEM
46.66876302676645
1.007198385367906,0.7210041266774568,-5.17143938269577,0.7659104602062161,-6.330649264005473,4.339490635793561,2.087907637411959,2.0126647060948386,7.0,2.000760948447674,2.190329065911532,6.597924722034299,2.9994548380876274,1.9280379303969097,1.1913168422499825
HOF ITEM
46.668763026810886
1.007198385367906,0.7210041266774568,-5.17143938269577,0.7659104602062161,-6.330649264005473,4.339490635793561,2.087907637411959,2.0126647060948386,7.0,2.000760948447674,2.190329065911532,6.597924722034299,2.9994548380876274,2.1039671627295453,1.4571722362112016
HOF ITEM
46.668763026814034
1.007198385367906,0.7210041266774568,-5.17143938269577,0.7659104602062161,-6.330649264005473,4.339490635793561,2.087907637411959,2.0126647060948386,7.0,2.000760948447674,2.190329065911532,6.597924722034299,2.9994548380876274,2.1039671627295453,1.1913168422499825
HOF ITEM
46.66876302681689
1.007198385367906,0.7210041266774568,-5.17143938269577,0.7659104602062161,-6.330649264005473,4.339490635793561,2.087907637411959,2.0126647060948386,7.0,2.000760948447674,2.190329065911532,6.597924722034299,2.9994548380876274,2.2205221118559626,2.025927564957678
seed 621
Initial fitness values: [np.float64(61.48541752351983), np.float64(53.70590518683384), np.float64(53.70590518683384), np.float64(52.463688689410205), np.float64(51.69281484579331), np.float64(51.69281484579331), np.float64(50.97743770527004), np.float64(50.97743770527004), np.float64(50.49346625497584), np.float64(49.053138120299884)]
Final fitness values: [np.float64(47.03601950145083), np.float64(47.03601950145083), np.float64(47.03601950145083), np.float64(47.03601950145083), np.float64(47.03601950145083), np.float64(47.03601950145083), np.float64(47.03601950145083), np.float64(47.03601950145083), np.float64(47.03601950145083), np.float64(47.03601950145083)]
HOF ITEM
47.03601950145083
-4.149644381309174,1.7422164635234825,4.549181216685341,6.790957180023963,1.5274956873195595,4.69666944844538,-0.20567862493160102,0.9807357735713403,6.049972853326527,-6.109078737736286,2.1410171821491755,0.10272700872167365,2.361381284190193,1.629740860605395,3.808968646000358
HOF ITEM
47.0360195014517
-4.149644381309174,1.7422164635234825,4.549181216685341,6.790957180023963,1.5274956873195595,4.69666944844538,-0.20567862493160102,0.9807357735713403,6.049972853326527,-6.109078737736286,2.1410171821491755,0.10272700872167365,2.3880141739595597,1.629740860605395,3.808968646000358
HOF ITEM
47.03601950145553
-4.149644381309174,1.7422164635234825,4.549181216685341,6.790957180023963,1.5274956873195595,4.69666944844538,-0.20567862493160102,0.9807357735713403,6.049972853326527,-6.109078737736286,2.1410171821491755,0.10272700872167365,2.5921395069373783,1.629740860605395,3.808968646000358
HOF ITEM
47.03601950145745
-4.149644381309174,1.7422164635234825,4.549181216685341,6.790957180023963,1.5274956873195595,4.69666944844538,-0.20567862493160102,0.9807357735713403,6.049972853326527,-6.109078737736286,2.1410171821491755,0.10272700872167365,2.6001043561644015,1.7819425354772875,3.808968646000358
HOF ITEM
47.03601950159922
-4.149644381309174,1.7422164635234825,4.549181216685341,6.790957180023963,1.5274956873195595,4.69666944844538,-0.20567862493160102,0.9807357735713403,6.049972853326527,-6.109078737736286,2.1410171821491755,0.10272700872167365,2.5921395069373783,1.4239439154043636,3.808968646000358
seed 622
Initial fitness values: [np.float64(50.360052365617555), np.float64(50.360052365617555), np.float64(49.44568046134739), np.float64(47.79207752315787), np.float64(47.79207752315787), np.float64(46.83261257864937), np.float64(46.726930062375295), np.float64(46.527796432292696), np.float64(45.934847837107604), np.float64(45.355540985794754)]
Final fitness values: [np.float64(43.727272474301984), np.float64(43.727272474301984), np.float64(43.547134891174885), np.float64(43.547134891174885), np.float64(43.547134891174885), np.float64(43.547134891174885), np.float64(43.547134891174885), np.float64(43.547134891174885), np.float64(43.547134891174885), np.float64(43.547134891174885)]
HOF ITEM
43.547134891174885
-3.8168451094761804,1.5902119435943027,4.349106926380853,4.332860984220267,-5.143268635048187,-4.187564641342134,-2.4969332845707197,2.5737171501929494,0.8670406355267294,4.666110459678125,1.8313549721310345,2.0138965409078686,-0.1647110516779227,3.0,4.572092008473013
HOF ITEM
43.547134891174885
-3.8168451094761804,1.5902119435943027,4.349106926380853,4.332860984220267,-5.143268635048187,-4.187564641342134,-2.4969332845707197,2.5737171501929494,0.8670406355267294,4.666110459678125,1.8313549721310345,2.0138965409078686,-0.1209029851647491,3.0,4.224190544129599
HOF ITEM
43.547134891174885
-3.8168451094761804,1.5902119435943027,4.349106926380853,4.332860984220267,-5.143268635048187,-4.187564641342134,-2.4969332845707197,2.5737171501929494,0.8670406355267294,4.179246108433489,1.8077930638916744,1.5379565081230635,-0.1647110516779227,3.0,5.004284948412157
HOF ITEM
43.547134891174885
-3.8168451094761804,1.5902119435943027,4.349106926380853,4.332860984220267,-5.143268635048187,-4.187564641342134,-2.4969332845707197,2.5737171501929494,0.8670406355267294,4.666110459678125,1.8313549721310345,2.0138965409078686,-0.32299896252993654,3.0,5.759739384424854
HOF ITEM
43.547134891174885
-3.8168451094761804,1.5902119435943027,4.349106926380853,4.332860984220267,-5.143268635048187,-4.187564641342134,-2.4969332845707197,2.5737171501929494,0.8670406355267294,4.666110459678125,1.8313549721310345,1.7368222874616681,-0.1647110516779227,3.0,4.572092008473013
seed 623
Initial fitness values: [np.float64(58.723826320620184), np.float64(54.344096121830724), np.float64(51.53740141417994), np.float64(48.57767400709984), np.float64(47.36504413303814), np.float64(44.90647470968301), np.float64(44.90647470968301), np.float64(44.64059903828408), np.float64(44.509412512573746), np.float64(44.10447384632327)]
Final fitness values: [np.float64(41.3845297478136), np.float64(41.3845297478136), np.float64(41.3845297478136), np.float64(41.3845297478136), np.float64(41.3845297478136), np.float64(41.3845297478136), np.float64(41.3845297478136), np.float64(41.3845297478136), np.float64(41.3845297478136), np.float64(41.3845297478136)]
HOF ITEM
41.3845297478136
-3.1404756450016693,1.5349333128742273,-2.5309452758666735,-1.2242338335838907,5.140251744420202,-0.2083518766911094,-1.855942767655228,2.528550763023019,6.3386607651628974,-3.5805411328293077,2.5838067132788147,0.34171870935678,-3.3003212227702265,2.204358610655896,0.9090793756939473
HOF ITEM
41.39400300558883
-3.1404756450016693,1.5349333128742273,-2.5309452758666735,-1.2242338335838907,5.140251744420202,-0.2083518766911094,-1.855942767655228,2.528550763023019,6.3386607651628974,-3.5805411328293077,2.2276040817727525,0.34171870935678,-3.3003212227702265,2.204358610655896,0.9090793756939473
HOF ITEM
41.39745660213849
-3.1404756450016693,1.5349333128742273,-2.5309452758666735,-1.2242338335838907,5.140251744420202,-0.2083518766911094,-1.855942767655228,2.528550763023019,6.3386607651628974,-3.5805411328293077,2.1373023237882163,0.34171870935678,-3.3003212227702265,2.204358610655896,0.9090793756939473
HOF ITEM
41.397559328805684
-3.1404756450016693,1.5349333128742273,-2.5309452758666735,-1.2242338335838907,5.140251744420202,-0.2083518766911094,-1.855942767655228,2.528550763023019,6.3386607651628974,-3.8819147212355327,2.2276040817727525,0.34171870935678,-3.3003212227702265,2.204358610655896,0.9090793756939473
HOF ITEM
41.40890180243283
-3.1404756450016693,1.5349333128742273,-2.5309452758666735,-1.2242338335838907,5.140251744420202,-0.2083518766911094,-1.855942767655228,2.528550763023019,6.3386607651628974,-3.8819147212355327,2.1373023237882163,0.34171870935678,-3.3003212227702265,2.204358610655896,0.9090793756939473
seed 624
Initial fitness values: [np.float64(64.23889104075101), np.float64(57.60551842065726), np.float64(52.24076708195841), np.float64(48.29903636978344), np.float64(46.64350026278866), np.float64(45.64681505809385), np.float64(45.64681505809385), np.float64(45.39298758810813), np.float64(44.732119107181596), np.float64(44.732119107181596)]
Final fitness values: [np.float64(44.09820982642113), np.float64(43.64127540631566), np.float64(43.64127540631566), np.float64(43.64127540631566), np.float64(43.64127540631566), np.float64(43.638390590695096), np.float64(43.638390590695096), np.float64(43.638390590695096), np.float64(43.55732854421472), np.float64(43.553264135859045)]
HOF ITEM
43.553264135859045
-4.514037634022854,1.5910886194209812,-5.845637473686818,0.40907617684250497,0.8193289236940108,2.8454715255364214,-3.17904326011964,2.3581822209348537,0.9616043032950075,0.690375677621153,0.8361260110753083,5.322507775492215,4.506741814713828,1.382797514233459,1.703678880688283
HOF ITEM
43.55732854421472
-4.514037634022854,1.5910886194209812,-5.48226663250995,0.40907617684250497,0.8193289236940108,2.8454715255364214,-3.17904326011964,2.3581822209348537,0.9616043032950075,0.690375677621153,0.8361260110753083,5.322507775492215,4.506741814713828,1.382797514233459,1.4031236253889354
HOF ITEM
43.638390590695096
-4.514037634022854,1.5910886194209812,-5.845637473686818,0.40907617684250497,0.8193289236940108,2.93035426757408,-3.17904326011964,2.3581822209348537,0.9616043032950075,0.6492235393169482,0.8361260110753083,5.322507775492215,4.506741814713828,1.382797514233459,1.703678880688283
HOF ITEM
43.63839059069512
-4.514037634022854,1.5910886194209812,-5.845637473686818,0.40907617684250497,0.8193289236940108,2.93035426757408,-3.17904326011964,2.3581822209348537,0.9616043032950075,0.6492235393169482,0.8361260110753083,5.322507775492215,4.235883539666281,1.382797514233459,1.703678880688283
HOF ITEM
43.638390590695124
-4.514037634022854,1.5910886194209812,-5.845637473686818,0.40907617684250497,0.8193289236940108,2.93035426757408,-3.17904326011964,2.3581822209348537,0.9616043032950075,0.6492235393169482,0.8361260110753083,5.322507775492215,4.32461617948254,1.382797514233459,1.703678880688283
seed 625
Initial fitness values: [np.float64(61.214955971863645), np.float64(56.697102886182435), np.float64(56.54677230900396), np.float64(53.76482736361014), np.float64(53.044744146839996), np.float64(51.639616403298994), np.float64(51.478315869742175), np.float64(50.913655794668394), np.float64(50.85207593489442), np.float64(50.63986929105841)]
Final fitness values: [np.float64(44.39872574050198), np.float64(44.39872574050198), np.float64(44.39872561330468), np.float64(44.39872561330468), np.float64(44.39872561330468), np.float64(44.39872561330468), np.float64(44.39872561330468), np.float64(44.39872561330468), np.float64(44.39872561330468), np.float64(44.39872561330468)]
HOF ITEM
44.39872561330468
4.497949428646091,-0.6047101197354712,7.0,1.991308186561413,-3.9672401880627497,-0.9294016019385903,1.3373111374251359,3.0,4.575568305913039,5.613062087723089,2.0206687248411415,2.061475206423289,-4.907247991748917,0.6777002103254699,6.6875813998348885
HOF ITEM
44.39872561330468
4.497949428646091,-0.6047101197354712,7.0,1.991308186561413,-3.9672401880627497,-0.9294016019385903,1.3373111374251359,3.0,4.575568305913039,5.647423321561049,2.0206687248411415,2.141700780241819,-4.907247991748917,0.6777002103254699,6.6875813998348885
HOF ITEM
44.39872561330468
4.497949428646091,-0.6047101197354712,7.0,1.991308186561413,-3.9672401880627497,-0.9294016019385903,1.3373111374251359,3.0,4.575568305913039,5.710449078479854,2.0206687248411415,2.061475206423289,-4.907247991748917,0.6777002103254699,6.6875813998348885
HOF ITEM
44.39872561330468
4.497949428646091,-0.6047101197354712,7.0,1.991308186561413,-3.9672401880627497,-0.9294016019385903,1.3373111374251359,3.0,4.575568305913039,5.613062087723089,2.0206687248411415,2.141700780241819,-4.907247991748917,0.6777002103254699,6.6875813998348885
HOF ITEM
44.39872561330468
4.497949428646091,-0.6047101197354712,7.0,1.991308186561413,-3.9672401880627497,-0.9294016019385903,1.3373111374251359,3.0,4.575568305913039,5.710449078479854,2.0206687248411415,2.141700780241819,-4.907247991748917,0.6777002103254699,6.6875813998348885
seed 626
Initial fitness values: [np.float64(60.388628324006994), np.float64(58.271663918352786), np.float64(55.02526962030425), np.float64(53.31152626155835), np.float64(53.078666343012074), np.float64(52.53091537946562), np.float64(52.267874056821064), np.float64(52.267874056821064), np.float64(52.006140484243964), np.float64(51.94792302707623)]
Final fitness values: [np.float64(51.564365917838224), np.float64(51.564365917838224), np.float64(51.564365917838224), np.float64(51.56435789036428), np.float64(51.56435789036428), np.float64(51.56435789036428), np.float64(51.56435789036428), np.float64(51.56435789036428), np.float64(51.56435789036428), np.float64(51.56435789036428)]
HOF ITEM
51.56435789036428
3.439209363370586,-3.0391419865423757,1.361825092664269,-5.01613732020167,2.139840897764926,6.848967079686365,1.289784053862111,2.108241000666363,7.0,6.823649503055664,0.896524039615884,1.5765972728491402,6.774465958050234,3.0,3.1672596236441564
HOF ITEM
51.56435789036428
3.439209363370586,-3.0391419865423757,1.361825092664269,-5.01613732020167,2.139840897764926,6.848967079686365,1.289784053862111,2.108241000666363,7.0,6.823649503055664,0.896524039615884,1.5765972728491402,6.774465958050234,3.0,2.2177487217928484
HOF ITEM
51.56435789036428
3.439209363370586,-3.373599039168968,1.361825092664269,-5.01613732020167,2.139840897764926,6.848967079686365,1.289784053862111,2.108241000666363,7.0,6.823649503055664,0.896524039615884,1.5765972728491402,6.774465958050234,2.9069276614566424,3.1672596236441564
HOF ITEM
51.56435789036428
3.439209363370586,-3.373599039168968,1.361825092664269,-5.01613732020167,2.139840897764926,6.848967079686365,1.289784053862111,2.108241000666363,7.0,6.823649503055664,0.896524039615884,1.5765972728491402,6.774465958050234,3.0,2.2177487217928484
HOF ITEM
51.56435789036428
3.439209363370586,-3.0391419865423757,1.361825092664269,-5.01613732020167,2.139840897764926,6.848967079686365,1.289784053862111,2.108241000666363,7.0,6.823649503055664,0.896524039615884,1.5765972728491402,6.774465958050234,2.9069276614566424,3.1672596236441564
seed 627
Initial fitness values: [np.float64(54.416852131227195), np.float64(53.561465409476355), np.float64(52.408740546002655), np.float64(52.408740546002655), np.float64(48.8959772201039), np.float64(48.8959772201039), np.float64(48.68792187810379), np.float64(47.43358017482379), np.float64(47.41563699518384), np.float64(46.71558057687264)]
Final fitness values: [np.float64(44.56020797131009), np.float64(44.56020797131009), np.float64(44.560072006697595), np.float64(44.557804733151386), np.float64(44.557804733151386), np.float64(44.55767141041453), np.float64(44.55767141041453), np.float64(44.55767141041453), np.float64(44.55759417061636), np.float64(44.55759417061636)]
HOF ITEM
44.55759417061636
-3.269013097667252,2.099295863896209,-3.7835831716381043,3.10052767320674,4.769535129851922,-1.5702252555688734,-4.774759876057248,2.883035898159359,1.6777584572499924,4.014246358903328,2.395688431897899,4.86367211217879,-4.128734094782771,2.570230041892828,3.4177237111777083
HOF ITEM
44.55759417061636
-3.269013097667252,2.099295863896209,-3.7835831716381043,3.10052767320674,4.769535129851922,-1.5702252555688734,-4.774759876057248,2.883035898159359,1.6777584572499924,3.8809817767108896,2.1876259877919852,4.86367211217879,-4.128734094782771,2.570230041892828,3.4177237111777083
HOF ITEM
44.55767141041453
-3.269013097667252,2.099295863896209,-3.7835831716381043,3.10052767320674,4.769535129851922,-1.5702252555688734,-5.150729518435987,2.883035898159359,1.6777584572499924,4.014246358903328,1.9807032653028853,5.326603458263464,-3.8310272225350217,2.570230041892828,3.330845614317125
HOF ITEM
44.55767141041453
-3.269013097667252,2.099295863896209,-3.7835831716381043,3.10052767320674,4.769535129851922,-1.5702252555688734,-5.150729518435987,2.883035898159359,1.6777584572499924,4.014246358903328,1.9807032653028853,4.86367211217879,-3.8310272225350217,2.570230041892828,3.330845614317125
HOF ITEM
44.55767141041453
-3.269013097667252,2.099295863896209,-3.7835831716381043,3.10052767320674,4.769535129851922,-1.5702252555688734,-5.071416285541416,2.883035898159359,1.6777584572499924,4.014246358903328,1.9807032653028853,4.86367211217879,-3.8310272225350217,2.570230041892828,3.330845614317125
seed 628
Initial fitness values: [np.float64(56.80980662691202), np.float64(55.154394055679106), np.float64(55.154394055679106), np.float64(53.57004008006998), np.float64(52.43492729873175), np.float64(51.30623241387454), np.float64(49.34374559361098), np.float64(49.30217869857993), np.float64(46.03596609486021), np.float64(45.53074334757869)]
Final fitness values: [np.float64(40.08757997210727), np.float64(40.087553928821706), np.float64(40.087553928821706), np.float64(40.0563787372851), np.float64(40.0563787372851), np.float64(40.05455806830263), np.float64(40.054109289425384), np.float64(40.05170361201534), np.float64(40.048064054856326), np.float64(40.0480962424788)]
HOF ITEM
40.048064054856326
-6.915770140255277,1.3819936338050987,-3.466121831528834,3.1306735452290817,-5.083064015045528,-2.1438334247176574,-5.54978844174093,1.7793199874563184,0.8091824807265392,-2.1193729320047177,0.34221224786354015,3.3006341064879336,-6.123543452115474,1.139050875138935,3.845630430623021
HOF ITEM
40.0480962424788
-6.915770140255277,1.3819936338050987,-3.466121831528834,3.1306735452290817,-5.083064015045528,-2.1438334247176574,-5.54978844174093,1.7793199874563184,0.8091824807265392,-2.1193729320047177,0.34221224786354015,3.3006341064879336,-6.146601074658209,0.8126929738647165,3.845630430623021
HOF ITEM
40.05129316513303
-6.915770140255277,1.3819936338050987,-3.466121831528834,3.0176844768044115,-5.135705063647761,-2.273123553466027,-5.54978844174093,1.7793199874563184,0.8091824807265392,-2.1193729320047177,0.34221224786354015,3.3006341064879336,-6.146601074658209,0.8126929738647165,3.255288956272918
HOF ITEM
40.05130557157927
-6.915770140255277,1.3819936338050987,-3.466121831528834,3.0176844768044115,-5.1088133963091815,-2.2299822681520878,-5.54978844174093,1.7793199874563184,0.8091824807265392,-2.1193729320047177,0.34221224786354015,3.3006341064879336,-6.146601074658209,1.0624002253039073,3.6312549578552757
HOF ITEM
40.05170361201534
-6.915770140255277,1.3819936338050987,-3.466121831528834,3.0176844768044115,-5.135705063647761,-2.273123553466027,-5.54978844174093,1.7793199874563184,0.8091824807265392,-2.1193729320047177,0.34221224786354015,3.3006341064879336,-5.849981323356396,1.0624002253039073,3.6312549578552757
seed 629
Initial fitness values: [np.float64(57.39357329657675), np.float64(54.09533277444407), np.float64(52.95728984052251), np.float64(52.19244843328861), np.float64(51.94060590411176), np.float64(47.678330866386055), np.float64(46.870104506322335), np.float64(46.870104506322335), np.float64(46.870104506322335), np.float64(46.824770744538746)]
Final fitness values: [np.float64(46.17032471649729), np.float64(46.169853614915375), np.float64(46.167970072648004), np.float64(46.167970072648004), np.float64(46.16360535336024), np.float64(46.16271869655222), np.float64(46.16176312968512), np.float64(46.16176312968512), np.float64(46.16176312968512), np.float64(46.16176312968512)]
HOF ITEM
46.16176312968512
4.054147492403173,-0.49755159282391864,5.626820608746786,1.075179891355318,-4.041602103416313,3.584064439716262,1.3111511781177498,2.248532215268465,4.037701029147774,6.982220585360333,2.1327687005833873,1.5846907775406216,3.341469249712463,0.7094638993093508,5.100147405632159
HOF ITEM
46.16176312968512
4.054147492403173,-0.49755159282391864,5.626820608746786,1.075179891355318,-4.041602103416313,3.584064439716262,1.3111511781177498,2.248532215268465,4.037701029147774,6.446155839793113,2.314139235101017,1.5846907775406216,3.341469249712463,0.7094638993093508,5.100147405632159
HOF ITEM
46.16176312968512
4.054147492403173,-0.49755159282391864,5.626820608746786,1.075179891355318,-4.041602103416313,3.584064439716262,1.3111511781177498,2.248532215268465,4.037701029147774,6.982220585360333,2.304593127375056,1.8046558211363106,3.341469249712463,0.7094638993093508,5.100147405632159
HOF ITEM
46.16182823070671
4.054147492403173,-0.49755159282391864,5.626820608746786,1.075179891355318,-4.2946347821996085,3.533288808997675,1.3111511781177498,2.248532215268465,4.037701029147774,6.332694321344847,2.4389310617829896,1.6711588035955032,3.0086938580454836,0.7719157098406448,5.77664048584823
HOF ITEM
46.16206385301762
4.054147492403173,-0.49755159282391864,5.626820608746786,1.075179891355318,-4.041602103416313,3.584064439716262,1.3111511781177498,2.248532215268465,4.037701029147774,6.982220585360333,2.314139235101017,1.5846907775406216,3.341469249712463,0.7094638993093508,5.280580424561398
best parameter set
fitness 40.00464817468662 seed 628
-6.912114202575059,1.3836004825667547,-3.4661285130431567,3.1306810793171276,-5.083065427325515,-2.143832865870608,-5.549955824386691,1.7784416553342115,0.8109921787349298,-2.116799303624634,0.34292429875008273,3.2996914026250566,-6.1235439945149075,1.1390503536496785,3.8456305983204553
