seeds are [780 781 782 783 784 785 786 787 788 789]
seed 780
Initial fitness values: [np.float64(32.40402235441527), np.float64(29.012834771231194), np.float64(25.853597505444025), np.float64(24.67403236125188), np.float64(24.363657791468864), np.float64(23.835065237382516), np.float64(23.737395685816637), np.float64(23.67793269734586), np.float64(23.67793269734586), np.float64(23.671601271869747)]
Final fitness values: [np.float64(21.42064440218894), np.float64(21.42064440218894), np.float64(21.42064440218894), np.float64(21.42064440218894), np.float64(21.42064440218894), np.float64(21.063576781375822), np.float64(21.063576781375822), np.float64(21.063576781375822), np.float64(21.063576781375822), np.float64(21.063576781375822)]
HOF ITEM
21.063576781375822
-6.8732389488505765,1.1103189936877529,0.9269978280523117,-0.12775504934079013,5.303282471623086,0.09393880264146223,-5.569333352892663,1.2344189035695756,6.805536734663563,2.849273690081355,2.902923783505526,6.414458877804423,-6.622848800215264,1.667619789568898,0.5769099078893217
HOF ITEM
21.366796966866886
-6.8732389488505765,1.0955460749061663,1.46244987282337,-0.19984438810835567,5.303282471623086,0.19109878778594527,-5.569333352892663,1.324099078037595,7.0,3.144434141929372,2.387210609596464,6.414458877804423,-6.7950752669799215,1.667619789568898,0.310803306639374
HOF ITEM
21.37416386096729
-6.8732389488505765,1.1103189936877529,0.9269978280523117,-0.192269226710666,5.303282471623086,0.09393880264146223,-5.569333352892663,1.2344189035695756,6.858907097514178,2.849273690081355,2.459814318067233,6.433441263833149,-6.7950752669799215,1.667619789568898,0.5769099078893217
HOF ITEM
21.37416386096729
-6.8732389488505765,1.1103189936877529,0.9269978280523117,-0.192269226710666,5.303282471623086,0.09393880264146223,-5.569333352892663,1.2344189035695756,6.858907097514178,2.849273690081355,2.459814318067233,6.414458877804423,-6.7950752669799215,1.667619789568898,0.5769099078893217
HOF ITEM
21.42064440218894
-6.8732389488505765,1.1103189936877529,0.9269978280523117,-0.192269226710666,5.303282471623086,0.09393880264146223,-5.569333352892663,1.015577623708217,6.858907097514178,2.849273690081355,2.2092288812357173,6.414458877804423,-6.7950752669799215,1.667619789568898,0.5769099078893217
seed 781
Initial fitness values: [np.float64(31.107429686018328), np.float64(30.30526730825865), np.float64(27.53308650201662), np.float64(27.198459805339432), np.float64(26.602502826839668), np.float64(24.832102980063095), np.float64(24.832102980063095), np.float64(24.538226534356937), np.float64(23.791023727046117), np.float64(23.791023727046117)]
Final fitness values: [np.float64(21.9149077991312), np.float64(21.9149077991312), np.float64(21.9149077991312), np.float64(21.9149077991312), np.float64(21.9149077991312), np.float64(21.9149077991312), np.float64(21.9149077991312), np.float64(21.9149077991312), np.float64(21.9149077991312), np.float64(21.9149077991312)]
HOF ITEM
21.9149077991312
-4.698863156550345,1.5738416576464358,-0.32037750323530734,-2.107866104093042,3.7906804672383396,4.872782971099766,-3.3548351774322085,2.282820711199688,5.495963065808983,-1.7114041760005547,1.461568004257335,3.0947152869827734,1.4348451233839354,0.0,3.2621988175182253
HOF ITEM
21.91494453347903
-4.698863156550345,1.5738416576464358,-0.32037750323530734,-2.107866104093042,3.7906804672383396,4.872782971099766,-3.3548351774322085,2.282820711199688,5.495963065808983,-1.7114041760005547,1.461568004257335,3.0947152869827734,1.4348451233839354,0.0,3.252835892381902
HOF ITEM
21.91554360117632
-4.698863156550345,1.5738416576464358,-0.32037750323530734,-2.107866104093042,3.7906804672383396,4.699492718373022,-3.3548351774322085,2.282820711199688,5.495963065808983,-1.7114041760005547,1.461568004257335,3.0947152869827734,1.7407543931145897,0.0,3.2621988175182253
HOF ITEM
21.915577166044134
-4.698863156550345,1.5738416576464358,-0.32037750323530734,-2.107866104093042,3.7906804672383396,4.699492718373022,-3.3548351774322085,2.282820711199688,5.495963065808983,-1.7114041760005547,1.461568004257335,3.0947152869827734,1.7407543931145897,0.0,3.252835892381902
HOF ITEM
21.915927209023273
-4.698863156550345,1.5738416576464358,-0.32037750323530734,-2.107866104093042,3.7906804672383396,4.872782971099766,-3.3548351774322085,2.282820711199688,5.495963065808983,-1.7114041760005547,1.461568004257335,3.0947152869827734,1.7407543931145897,0.0,3.2621988175182253
seed 782
Initial fitness values: [np.float64(30.87841729772487), np.float64(27.732414877780922), np.float64(27.732414877780922), np.float64(27.604864192269694), np.float64(27.393656451223976), np.float64(27.393656451223976), np.float64(27.393656451223976), np.float64(27.212978510179667), np.float64(27.17431717049631), np.float64(27.17417242163476)]
Final fitness values: [np.float64(26.33777341304393), np.float64(26.33777341304393), np.float64(26.33777341304393), np.float64(26.33777341304393), np.float64(26.33777341304393), np.float64(26.33777341304393), np.float64(26.337589424978802), np.float64(26.337589424978802), np.float64(26.337589424978802), np.float64(26.337550485254194)]
HOF ITEM
26.337550485254194
-0.7280291876098348,1.31310163747119,4.366548594570941,3.9774244816216426,-4.981541926273711,7.0,1.9409819440541236,0.9862906603691356,4.855243118044433,4.0329529785792575,0.1474364455920387,2.9891195397764423,-6.457004609467545,3.0,4.779736196088599
HOF ITEM
26.337589424978802
-0.7280291876098348,1.31310163747119,4.366548594570941,3.9774244816216426,-4.915609145468807,6.824075175144377,1.9409819440541236,0.9862906603691356,4.855243118044433,4.0329529785792575,0.1474364455920387,2.9891195397764423,-6.457004609467545,3.0,4.779736196088599
HOF ITEM
26.33777341304393
-0.7280291876098348,1.31310163747119,4.366548594570941,3.9774244816216426,-4.4664074461100665,6.824075175144377,1.9409819440541236,0.9862906603691356,4.855243118044433,4.0329529785792575,0.1474364455920387,2.9891195397764423,-6.457004609467545,3.0,4.779736196088599
HOF ITEM
26.337773738625135
-0.7280291876098348,1.31310163747119,4.366548594570941,3.9774244816216426,-4.4664074461100665,6.824075175144377,1.9409819440541236,0.9862906603691356,4.855243118044433,4.0329529785792575,0.1474364455920387,2.9891195397764423,-6.457004609467545,3.0,5.050860481796281
HOF ITEM
26.33777533164908
-0.7280291876098348,1.31310163747119,4.366548594570941,3.9774244816216426,-4.4664074461100665,6.813986524635687,1.9409819440541236,0.9862906603691356,4.855243118044433,4.0329529785792575,0.1474364455920387,2.9891195397764423,-6.457004609467545,3.0,4.779736196088599
seed 783
Initial fitness values: [np.float64(34.853791407472116), np.float64(30.588400031920003), np.float64(30.044320984897244), np.float64(29.251947696336355), np.float64(28.76901046315749), np.float64(28.419542700685195), np.float64(28.378799319471558), np.float64(27.91335766577279), np.float64(27.48708239174772), np.float64(27.076264139680116)]
Final fitness values: [np.float64(21.067731634605202), np.float64(21.067731634605202), np.float64(21.067731634605202), np.float64(21.067731634605202), np.float64(21.067731634605202), np.float64(21.067731634605202), np.float64(21.067731634605202), np.float64(21.067731634605202), np.float64(21.067731634605202), np.float64(21.067731634605202)]
HOF ITEM
21.067731634605202
1.1317125839743927,0.614685784775805,-5.571529929422318,-6.369072479636234,-2.679853556923069,6.439499122516197,1.0552182014413758,2.678261040309239,5.312512073419424,0.42435352782140345,3.0,1.9953879635666665,4.213043655140944,2.6928086996735003,3.708632090614191
HOF ITEM
21.067731634605202
1.1317125839743927,0.614685784775805,-5.571529929422318,-6.369072479636234,-2.679853556923069,6.439499122516197,1.0552182014413758,2.678261040309239,5.312512073419424,0.42435352782140345,3.0,1.9953879635666665,4.213043655140944,2.436109920007666,3.708632090614191
HOF ITEM
21.067731634605202
1.1317125839743927,0.614685784775805,-5.571529929422318,-6.369072479636234,-2.679853556923069,6.439499122516197,1.0552182014413758,2.678261040309239,5.312512073419424,0.42435352782140345,3.0,1.9953879635666665,4.213043655140944,2.436109920007666,3.505332875690402
HOF ITEM
21.067731634605202
1.1317125839743927,0.614685784775805,-5.571529929422318,-6.369072479636234,-2.679853556923069,6.439499122516197,1.0552182014413758,2.678261040309239,5.312512073419424,0.42435352782140345,3.0,1.9953879635666665,4.553677335681129,2.436109920007666,3.708632090614191
HOF ITEM
21.067731634605202
1.1317125839743927,0.614685784775805,-5.571529929422318,-6.369072479636234,-2.679853556923069,6.439499122516197,1.0552182014413758,2.678261040309239,5.312512073419424,0.42435352782140345,3.0,1.9953879635666665,4.213043655140944,2.6928086996735003,3.505332875690402
seed 784
Initial fitness values: [np.float64(30.04356951840332), np.float64(29.776431119008425), np.float64(26.957682968695003), np.float64(25.730665109581697), np.float64(24.183603089896415), np.float64(23.959051319390852), np.float64(23.461322311331244), np.float64(23.421051148711733), np.float64(22.96309273749469), np.float64(22.96309273749469)]
Final fitness values: [np.float64(22.057171055198246), np.float64(22.055144101741238), np.float64(22.055144101741238), np.float64(22.055144101741238), np.float64(22.05512688784711), np.float64(22.054977542515704), np.float64(22.054977542515704), np.float64(22.054961304934107), np.float64(22.03586583153112), np.float64(22.03280976784658)]
HOF ITEM
22.03280976784658
-2.793061990388028,1.5633434694382669,-6.4357678433048555,5.549975453937386,-0.4009102438261264,-4.812231780200198,-1.505879082497679,2.764130458269376,0.45825061928642213,2.10674211000988,0.0,0.23271675470792275,1.8721225007853883,1.5683822994311842,0.0
HOF ITEM
22.03586583153112
-2.793061990388028,1.5633434694382669,-6.4357678433048555,5.549975453937386,-0.4009102438261264,-4.963258699082662,-1.505879082497679,2.764130458269376,0.45825061928642213,1.6946389844314171,0.0,0.17530917756008524,1.8721225007853883,1.5683822994311842,0.0
HOF ITEM
22.03813947112464
-2.793061990388028,1.5633434694382669,-6.4357678433048555,5.636168913806966,-0.15910433966653406,-4.812231780200198,-1.505879082497679,2.764130458269376,0.45825061928642213,1.6946389844314171,0.0,0.17530917756008524,1.8721225007853883,1.5683822994311842,0.0
HOF ITEM
22.053580962516264
-2.793061990388028,1.5552367042539716,-6.512162699218184,5.590707399918069,-0.6620679214070985,-4.586985341525077,-1.505879082497679,2.764130458269376,0.45825061928642213,2.072743177403428,0.0,0.23271675470792275,2.6584809560178835,1.9493095684965123,0.0
HOF ITEM
22.054961304934107
-2.793061990388028,1.5552367042539716,-6.4357678433048555,5.608387983127957,-0.15910433966653406,-4.812231780200198,-1.505879082497679,2.764130458269376,0.45825061928642213,2.10674211000988,0.0,0.23271675470792275,2.1592901299787925,2.20547288558409,0.0
seed 785
Initial fitness values: [np.float64(33.49487769495899), np.float64(30.756607853850035), np.float64(25.70704561125721), np.float64(25.70704561125721), np.float64(25.142987291223015), np.float64(24.944970320946716), np.float64(24.944970320946716), np.float64(24.431803713295324), np.float64(24.431803713295324), np.float64(24.431803713295324)]
Final fitness values: [np.float64(24.345253042124416), np.float64(24.345253042124416), np.float64(24.345253042124416), np.float64(24.345253042124416), np.float64(24.345253042124416), np.float64(24.345253042124416), np.float64(24.345253042124416), np.float64(24.345253042124416), np.float64(24.345253042124416), np.float64(24.345253042124416)]
HOF ITEM
24.345253042124416
3.4271545823176037,-0.25263349870004614,-5.568659975490024,3.5222436436682907,1.8590681431074028,-0.7831494811480891,2.076288960012322,1.5153375870115489,2.219719228846181,2.3295209376946833,2.4345447250776475,5.864207318997769,-5.026226002778913,1.7994696246796071,3.1628958405609113
HOF ITEM
24.345298398111222
3.4271545823176037,-0.25263349870004614,-5.568659975490024,3.5222436436682907,1.8590681431074028,-0.7831494811480891,2.076288960012322,1.5153375870115489,2.219719228846181,2.3295209376946833,2.4345447250776475,5.864207318997769,-5.032153863746872,1.7994696246796071,3.1628958405609113
HOF ITEM
24.345692609194984
3.4271545823176037,-0.25263349870004614,-5.568659975490024,3.5222436436682907,1.8590681431074028,-0.7831494811480891,2.076288960012322,1.5153375870115489,2.219719228846181,2.3295209376946833,2.4345447250776475,5.864207318997769,-5.026226002778913,1.7994696246796071,3.619322010635665
HOF ITEM
24.345757836210083
3.4271545823176037,-0.25263349870004614,-5.568659975490024,3.5222436436682907,1.8590681431074028,-0.7831494811480891,2.076288960012322,1.5153375870115489,2.219719228846181,2.3295209376946833,2.4345447250776475,5.864207318997769,-5.032153863746872,1.7994696246796071,3.619322010635665
HOF ITEM
24.34814652753027
3.4271545823176037,-0.25263349870004614,-5.701368902566024,3.5222436436682907,1.8590681431074028,-0.7831494811480891,2.076288960012322,1.5153375870115489,2.219719228846181,2.3295209376946833,2.4345447250776475,5.864207318997769,-5.026226002778913,1.7994696246796071,3.1628958405609113
seed 786
Initial fitness values: [np.float64(31.821359862099705), np.float64(28.00562031746785), np.float64(27.628742767074677), np.float64(26.620288828570065), np.float64(26.270616089918757), np.float64(25.97901579119836), np.float64(25.44530554181791), np.float64(25.44530554181791), np.float64(24.435457488102966), np.float64(23.737656920938836)]
Final fitness values: [np.float64(21.93955440755616), np.float64(21.939528194517408), np.float64(21.93920058965822), np.float64(21.93870418071319), np.float64(21.935609122587948), np.float64(21.935609122587948), np.float64(21.935584032070828), np.float64(21.932035091616118), np.float64(21.932035091616118), np.float64(21.931940201267327)]
HOF ITEM
21.931940201267327
-5.3038959924383,1.57336307325598,-2.4854218219257054,3.477555967282688,2.234602460723067,-1.1539926216057965,-3.979408095960569,2.1661161073459247,0.5991468655562973,2.0678650788230217,2.547023343685533,5.547742446506231,2.7095109515317497,0.0,3.581563130312196
HOF ITEM
21.932035091616118
-5.3038959924383,1.57336307325598,-2.4854218219257054,3.477555967282688,2.2237893120007834,-1.1563366422845887,-3.979408095960569,2.1661161073459247,0.5991468655562973,2.0678650788230217,2.547023343685533,5.547742446506231,2.7095109515317497,0.0,3.581563130312196
HOF ITEM
21.932035091616118
-5.3038959924383,1.57336307325598,-2.4854218219257054,3.477555967282688,2.2237893120007834,-1.1563366422845887,-3.979408095960569,2.1661161073459247,0.5991468655562973,2.105222205202883,2.547023343685533,5.547742446506231,2.7095109515317497,0.0,3.581563130312196
HOF ITEM
21.93206962129508
-5.3038959924383,1.57336307325598,-2.4854218219257054,3.477555967282688,2.2237893120007834,-1.1539926216057965,-3.979408095960569,2.1661161073459247,0.5991468655562973,2.0678650788230217,2.547023343685533,5.547742446506231,2.7095109515317497,0.0,3.581563130312196
HOF ITEM
21.932091337422204
-5.3038959924383,1.57336307325598,-2.4854218219257054,3.477555967282688,2.2237893120007834,-1.1563366422845887,-3.979408095960569,2.1661161073459247,0.5991468655562973,2.105222205202883,2.547023343685533,5.547742446506231,2.6987053254662454,0.0024090899201264704,3.581563130312196
seed 787
Initial fitness values: [np.float64(29.773972515500798), np.float64(29.773972515500798), np.float64(27.90500374010157), np.float64(27.268746994211806), np.float64(27.156650319001663), np.float64(26.528812364602636), np.float64(26.472105606058946), np.float64(26.03065266036832), np.float64(25.909443892711415), np.float64(25.578953361052665)]
Final fitness values: [np.float64(23.905433997828123), np.float64(23.90543399778528), np.float64(23.89674995457803), np.float64(23.89674995103152), np.float64(23.896749948001812), np.float64(23.896749935892345), np.float64(23.896749935892345), np.float64(23.890943308405934), np.float64(23.890943308405934), np.float64(23.890943308405934)]
HOF ITEM
23.890943308405934
5.986217669330642,-0.9351116404128985,-6.350858342268995,-6.675929262178271,-2.0896319948267297,-7.0,1.3236903937446867,2.2151386650093197,5.126996823390978,-3.7176428148103406,1.8008049174310314,0.0,6.182009583900272,1.3821011044324236,0.6173576620643353
HOF ITEM
23.890943308405934
5.986217669330642,-0.9351116404128985,-6.350858342268995,-6.675929262178271,-2.0896319948267297,-7.0,1.3236903937446867,2.2151386650093197,5.126996823390978,-3.799375542748871,1.3151554789705393,0.0,6.182009583900272,1.3821011044324236,0.6173576620643353
HOF ITEM
23.8909433258246
5.986217669330642,-0.9351116404128985,-6.350858342268995,-6.675929262178271,-2.0896319948267297,-7.0,1.3236903937446867,2.2151386650093197,5.126996823390978,-3.799375542748871,1.3151554789705393,0.0,6.182009583900272,1.3724184403482595,0.3488173771523172
HOF ITEM
23.89094333108263
5.986217669330642,-0.9351116404128985,-6.350858342268995,-6.675929262178271,-2.0896319948267297,-7.0,1.3236903937446867,2.2151386650093197,5.126996823390978,-3.799375542748871,1.8008049174310314,0.0,6.695327834267589,1.214600848630254,0.12970654348548416
HOF ITEM
23.89633038666718
5.986217669330642,-0.9351116404128985,-6.350858342268995,-6.675929262178271,-2.0896319948267297,-6.991098535266057,1.3236903937446867,2.177334649723726,5.126996823390978,-3.7176428148103406,1.8008049174310314,0.0,6.182009583900272,1.3821011044324236,0.6173576620643353
seed 788
Initial fitness values: [np.float64(30.60629594796627), np.float64(30.072245378639245), np.float64(28.862493718885677), np.float64(28.17495036727117), np.float64(27.830063921301385), np.float64(27.810521127317617), np.float64(27.593560454229877), np.float64(26.04188810080612), np.float64(25.35505555623383), np.float64(25.342221588199802)]
Final fitness values: [np.float64(21.87014256131498), np.float64(21.87014256131498), np.float64(21.87014256131498), np.float64(21.87013844620692), np.float64(21.87014256131498), np.float64(21.870140821107434), np.float64(21.870136375794207), np.float64(21.870136375794207), np.float64(21.870136024826973), np.float64(21.870136024826973)]
HOF ITEM
21.870136024826973
-4.843367930859759,1.58398605608584,-4.520901376359695,-0.4188384987727719,1.3112666427441926,5.447876761011026,-3.5189171011967098,2.2731889107072676,1.5894727208607917,7.0,1.6563600646017473,3.4876128045306727,3.5640289520693518,0.40706168387043373,6.892527481094083
HOF ITEM
21.870136375794207
-4.843367930859759,1.58398605608584,-4.520901376359695,-0.4188384987727719,1.3112666427441926,5.447876761011026,-3.5189171011967098,2.2731889107072676,1.5894727208607917,7.0,1.6563600646017473,3.4876128045306727,3.599400041722507,0.40706168387043373,6.892527481094083
HOF ITEM
21.870136375794207
-4.843367930859759,1.58398605608584,-4.520901376359695,-0.4188384987727719,1.3112666427441926,5.447876761011026,-3.5189171011967098,2.2731889107072676,1.5894727208607917,7.0,1.8102031398221077,3.4876128045306727,3.599400041722507,0.40706168387043373,6.892527481094083
HOF ITEM
21.870136755971693
-4.843367930859759,1.58398605608584,-4.520901376359695,-0.4188384987727719,1.3112666427441926,5.447876761011026,-3.5189171011967098,2.2731889107072676,1.5894727208607917,7.0,1.8102031398221077,3.4876128045306727,3.599400041722507,0.40706168387043373,6.831848473498439
HOF ITEM
21.870136755971693
-4.843367930859759,1.58398605608584,-4.520901376359695,-0.4188384987727719,1.3112666427441926,5.447876761011026,-3.5189171011967098,2.2731889107072676,1.5894727208607917,7.0,1.6563600646017473,3.4876128045306727,3.599400041722507,0.40706168387043373,6.831848473498439
seed 789
Initial fitness values: [np.float64(32.50132181718391), np.float64(28.92745658269108), np.float64(27.538332621454757), np.float64(27.0663026346999), np.float64(27.042442616898683), np.float64(26.81637595663198), np.float64(26.79643645333261), np.float64(26.760698539617128), np.float64(26.70967783185132), np.float64(26.569460928039238)]
Final fitness values: [np.float64(23.60590864175458), np.float64(23.60590864175458), np.float64(23.60590864175458), np.float64(23.60590864175458), np.float64(23.60590864175458), np.float64(23.60590864175458), np.float64(23.60590864175458), np.float64(23.60590864175458), np.float64(23.60590864175458), np.float64(23.60590864175458)]
HOF ITEM
23.60590864175458
3.535145545114081,-0.3568545401361848,-6.623038125741781,-3.116551670779064,2.686933779356846,-0.29409375122839365,1.3581440098984485,2.0416217702483426,6.058548937147641,3.3305801934978416,0.11635295758881992,2.1712324615322833,6.354339766549549,2.2863719404774208,4.857835730060524
HOF ITEM
23.60590864175458
3.535145545114081,-0.3568545401361848,-6.623038125741781,-3.116551670779064,2.686933779356846,-0.29409375122839365,1.3581440098984485,2.0416217702483426,6.058548937147641,3.3305801934978416,0.11635295758881992,2.1712324615322833,6.349603240688758,2.7896805548043124,4.462564692765462
HOF ITEM
23.60590864175458
3.535145545114081,-0.3568545401361848,-6.623038125741781,-3.116551670779064,2.686933779356846,-0.29409375122839365,1.3581440098984485,2.0416217702483426,6.058548937147641,3.3305801934978416,0.11635295758881992,2.1712324615322833,6.354339766549549,2.7390194146838835,4.932102271727108
HOF ITEM
23.60590864175458
3.535145545114081,-0.3568545401361848,-6.623038125741781,-3.116551670779064,2.686933779356846,-0.29409375122839365,1.3581440098984485,2.0416217702483426,6.058548937147641,3.3305801934978416,0.11635295758881992,2.1712324615322833,6.354339766549549,2.7896805548043124,4.857835730060524
HOF ITEM
23.60590864175458
3.535145545114081,-0.3568545401361848,-6.623038125741781,-3.116551670779064,2.686933779356846,-0.29409375122839365,1.3581440098984485,2.0416217702483426,6.058548937147641,3.3305801934978416,0.11635295758881992,2.1712324615322833,6.354339766549549,2.2863719404774208,4.932102271727108
best parameter set
fitness 20.692089686131464 seed 780
-6.872012896473741,1.1084679684537624,0.933969819832443,-0.13956170014022934,5.313201212323867,0.08669611685048331,-5.583017914827492,1.2291741865640506,6.793720873132258,2.849273690081355,2.902923783505526,6.414458877804423,-6.605188584331421,1.6656930195441977,0.5677655728519438
