seeds are [400 401 402 403 404 405 406 407 408 409]
seed 400
Initial fitness values: [np.float64(62.551353671823954), np.float64(60.896756388863366), np.float64(51.46124818517907), np.float64(49.482067768457334), np.float64(49.13892235041311), np.float64(48.749732302122055), np.float64(47.83194785153595), np.float64(47.83194785153595), np.float64(47.40841338205279), np.float64(47.21093855166053)]
Final fitness values: [np.float64(46.53044862297764), np.float64(46.53044862297764), np.float64(46.53044862297764), np.float64(46.53044862297764), np.float64(46.53044862297764), np.float64(46.53044862297764), np.float64(46.53044862297764), np.float64(46.53044862297764), np.float64(46.53044862297764), np.float64(46.53044862297764)]
HOF ITEM
46.53044862297764
6.8373171741062855,-1.6649598014865146,-5.537012345951863,-4.307367818311294,0.9247434211734541,6.619543002483151,1.327816603671782,2.1529324865799815,4.735983846472134,2.8193340050205036,1.519354486474807,1.4273722344240594,2.680600400586988,1.4686308818279417,4.202029006926894
HOF ITEM
46.53045414122358
6.8373171741062855,-1.6649598014865146,-5.537012345951863,-4.307367818311294,0.9247434211734541,6.619543002483151,1.327816603671782,2.1529324865799815,4.735983846472134,2.8193340050205036,1.519354486474807,1.4273722344240594,2.6243014647436342,1.737229497906358,4.202029006926894
HOF ITEM
46.53045649197153
6.8373171741062855,-1.6649598014865146,-5.537012345951863,-4.307367818311294,0.9247434211734541,6.619543002483151,1.327816603671782,2.1529324865799815,4.735983846472134,2.8193340050205036,1.519354486474807,1.4273722344240594,2.680600400586988,1.737229497906358,4.202029006926894
HOF ITEM
46.53046383947422
6.8373171741062855,-1.6649598014865146,-5.537012345951863,-4.307367818311294,0.9247434211734541,6.619543002483151,1.327816603671782,2.1529324865799815,4.735983846472134,2.8193340050205036,1.519354486474807,1.4273722344240594,3.2317309525472453,1.4686308818279417,4.202029006926894
HOF ITEM
46.53047170329487
6.8373171741062855,-1.6649598014865146,-5.537012345951863,-4.307367818311294,0.9247434211734541,7.0,1.327816603671782,2.1529324865799815,4.735983846472134,2.8193340050205036,1.519354486474807,1.4273722344240594,3.2317309525472453,1.4686308818279417,4.202029006926894
seed 401
Initial fitness values: [np.float64(54.84567057177544), np.float64(54.80570528017148), np.float64(51.37773719638706), np.float64(49.80547239552103), np.float64(49.388069164374464), np.float64(46.400915467194565), np.float64(46.400915467194565), np.float64(46.23693284969328), np.float64(46.05202719974804), np.float64(45.36957666914159)]
Final fitness values: [np.float64(41.53179998404201), np.float64(41.5316920304247), np.float64(41.53169202317246), np.float64(41.53169202317246), np.float64(41.53169201894849), np.float64(41.53169201894849), np.float64(41.46515136574232), np.float64(41.47943198709669), np.float64(41.47943198709669), np.float64(41.38923271593736)]
HOF ITEM
41.38923271593736
-3.374791660929886,1.588767708109395,-0.6556802048025674,3.566012870024604,-1.9210978355290167,-3.3912119696741567,-2.0629050311252226,2.7454490736689148,0.5096809487588436,4.224801291199277,1.2625225358444336,0.0,-3.3998937885612426,2.1574789270315446,1.451119789121735
HOF ITEM
41.463235713786766
-3.374791660929886,1.588767708109395,-0.6556802048025674,3.566012870024604,-2.1290917209203286,-3.4779582714465405,-2.0629050311252226,2.7454490736689148,0.5096809487588436,4.224801291199277,1.2952328651649396,0.10277267602082005,-3.3998937885612426,2.1574789270315446,1.6800271151453323
HOF ITEM
41.46515136574232
-3.374791660929886,1.588767708109395,-0.749034894476716,3.566012870024604,-2.1290917209203286,-3.666457007332844,-2.0629050311252226,2.775664130129182,0.5096809487588436,4.224801291199277,1.4580704742646187,0.5273904668013847,-3.3998937885612426,2.0039467330764436,1.451119789121735
HOF ITEM
41.47494161990265
-3.374791660929886,1.588767708109395,-0.6556802048025674,3.566012870024604,-2.1290917209203286,-3.546689859285878,-2.0629050311252226,2.7454490736689148,0.5096809487588436,4.060894699016875,1.141994631210327,0.9254822430418338,-3.289879046750424,2.0075705422444825,1.7827491466779786
HOF ITEM
41.47943198598903
-3.374791660929886,1.588767708109395,-0.5565346230442854,3.566012870024604,-2.1290917209203286,-3.4779582714465405,-2.0629050311252226,2.7454490736689148,0.5096809487588436,4.224801291199277,1.2625225358444336,0.0,-3.3998937885612426,2.1574789270315446,1.6800271151453323
seed 402
Initial fitness values: [np.float64(58.646564801241155), np.float64(57.72669275173716), np.float64(54.07250210272498), np.float64(53.62312735028662), np.float64(53.57818433014157), np.float64(52.14835531709339), np.float64(52.068403426685656), np.float64(52.068403426685656), np.float64(51.72203457988411), np.float64(51.72203457988411)]
Final fitness values: [np.float64(42.77305630649957), np.float64(42.77305630649957), np.float64(42.77305630649957), np.float64(42.77296638868614), np.float64(42.77296638868614), np.float64(42.77296638868614), np.float64(42.7287439447192), np.float64(42.7287439447192), np.float64(42.72597471901038), np.float64(42.72597471901038)]
HOF ITEM
42.72597471901038
-0.8165890713477933,1.3077631111248804,-0.780288186806421,0.7110396163384161,-3.3572076445471404,0.8331958943850214,0.1556842695656367,2.3680464324658836,0.7252974496534842,5.485561113225701,0.00783581106551931,3.257282008352878,4.582772617140806,2.623988754572348,1.4172151396293655
HOF ITEM
42.72597471901038
-0.8165890713477933,1.3077631111248804,-0.780288186806421,0.7110396163384161,-3.3572076445471404,0.8331958943850214,0.1556842695656367,2.3680464324658836,0.7252974496534842,5.485561113225701,0.00783581106551931,3.257282008352878,4.582772617140806,2.0397340809068423,1.4172151396293655
HOF ITEM
42.72671167952738
-0.8165890713477933,1.3077631111248804,-0.780288186806421,0.7110396163384161,-3.3572076445471404,0.9499736754345596,0.1556842695656367,2.3680464324658836,0.7252974496534842,5.485561113225701,0.00783581106551931,3.257282008352878,4.582772617140806,2.623988754572348,1.4172151396293655
HOF ITEM
42.72671167952738
-0.8165890713477933,1.3077631111248804,-0.780288186806421,0.7110396163384161,-3.3572076445471404,0.9499736754345596,0.1556842695656367,2.3680464324658836,0.7252974496534842,5.485561113225701,0.00783581106551931,3.257282008352878,4.582772617140806,2.0397340809068423,1.4172151396293655
HOF ITEM
42.7287439447192
-0.8165890713477933,1.3077631111248804,-0.9970128174319733,0.5148581170106381,-3.3572076445471404,0.8331958943850214,0.1556842695656367,2.3680464324658836,0.7252974496534842,5.485561113225701,0.00783581106551931,3.257282008352878,4.582772617140806,2.623988754572348,1.4172151396293655
seed 403
Initial fitness values: [np.float64(58.6755612889601), np.float64(55.93596021490187), np.float64(52.28122853560569), np.float64(51.97766143579428), np.float64(49.56665845694272), np.float64(48.892177577155806), np.float64(47.14637081035379), np.float64(47.14637081035379), np.float64(45.944761155908964), np.float64(45.77563073060868)]
Final fitness values: [np.float64(43.905149420469954), np.float64(43.905107475963035), np.float64(43.90510747584186), np.float64(43.90510747584186), np.float64(43.90510747584186), np.float64(43.90510747584186), np.float64(43.90510747584186), np.float64(43.90510747584186), np.float64(43.90510747584186), np.float64(43.90510747584186)]
HOF ITEM
43.90510747584186
-1.3702414383811403,1.4457450967418541,-1.5730967363327657,4.547208244369809,6.879492987959051,4.7176909029470675,-0.23824641649107842,3.0,2.011744757126318,6.453859124981896,0.4132792424252426,0.08967884026021934,7.0,1.0507567820235981,1.4106993151666842
HOF ITEM
43.905107475844325
-1.3702414383811403,1.4457450967418541,-1.5730967363327657,4.547208244369809,6.879492987959051,4.7176909029470675,-0.23824641649107842,3.0,2.011744757126318,6.453859124981896,0.4132792424252426,0.08967884026021934,7.0,1.0507567820235981,1.4267819219516373
HOF ITEM
43.90510747591798
-1.3702414383811403,1.4457450967418541,-1.5730967363327657,4.547208244369809,6.879492987959051,4.7176909029470675,-0.23824641649107842,3.0,2.011744757126318,6.453859124981896,0.4132792424252426,0.08967884026021934,7.0,1.0507567820235981,1.8397508986740387
HOF ITEM
43.905107475963035
-1.3702414383811403,1.4457450967418541,-1.5730967363327657,4.547208244369809,6.879492987959051,4.7176909029470675,-0.23824641649107842,3.0,2.011744757126318,6.453859124981896,0.4132792424252426,0.08967884026021934,6.735719382629554,1.0507567820235981,1.4106993151666842
HOF ITEM
43.90510747596802
-1.3702414383811403,1.4457450967418541,-1.5730967363327657,4.547208244369809,6.879492987959051,4.7176909029470675,-0.23824641649107842,3.0,2.011744757126318,6.453859124981896,0.4132792424252426,0.08967884026021934,6.735719382629554,1.0507567820235981,1.4267819219516373
seed 404
Initial fitness values: [np.float64(57.575815316708436), np.float64(56.466686833241994), np.float64(54.64280126855298), np.float64(54.31999582228809), np.float64(53.18973224166648), np.float64(52.78516162808518), np.float64(52.1433380754779), np.float64(52.1433380754779), np.float64(52.14317966394935), np.float64(52.00663671754655)]
Final fitness values: [np.float64(51.744916836232846), np.float64(51.744916836232846), np.float64(51.74491637376874), np.float64(51.74491637376874), np.float64(51.74491637376874), np.float64(51.744915440461206), np.float64(51.744914315646916), np.float64(51.744914315646916), np.float64(51.74491263677587), np.float64(51.74483905656142)]
HOF ITEM
51.74483905656142
3.406945218637087,-3.3747384051391145,-6.0101803930846645,-5.783181831935092,-2.1909966412637494,6.50660491534286,1.269018523020104,1.9714929815765923,4.838541399634682,-5.413556080268721,1.586679554191017,1.654640973981287,2.4984675212852134,2.306289572481095,4.206334337527995
HOF ITEM
51.74491263677587
3.3973822182738584,-3.2476079085859784,-6.0101803930846645,-5.783181831935092,-2.1909966412637494,6.50660491534286,1.269018523020104,1.9714929815765923,4.838541399634682,-5.243678737090513,1.586679554191017,1.654640973981287,2.5158732417910614,2.1640121930122467,4.206334337527995
HOF ITEM
51.74491263677685
3.3973822182738584,-3.2476079085859784,-6.0101803930846645,-5.783181831935092,-2.1909966412637494,6.50660491534286,1.269018523020104,1.9714929815765923,4.838541399634682,-5.530686157211758,1.586679554191017,1.654640973981287,2.5158732417910614,2.1640121930122467,4.206334337527995
HOF ITEM
51.74491291609434
3.3973822182738584,-3.2476079085859784,-6.0101803930846645,-5.783181831935092,-2.1909966412637494,6.50660491534286,1.269018523020104,1.9714929815765923,4.838541399634682,-5.243678737090513,1.586679554191017,1.654640973981287,2.5158732417910614,2.212360146811472,4.403318846623925
HOF ITEM
51.74491353601476
3.3973822182738584,-3.2476079085859784,-6.0101803930846645,-5.783181831935092,-2.1909966412637494,6.50660491534286,1.269018523020104,1.9714929815765923,4.838541399634682,-5.243678737090513,1.586679554191017,1.654640973981287,2.5158732417910614,2.1640121930122467,3.814296687208942
seed 405
Initial fitness values: [np.float64(61.48700599384658), np.float64(59.106166405731486), np.float64(59.106166405731486), np.float64(58.74838186422393), np.float64(55.184522491381), np.float64(55.184522491381), np.float64(53.9404981093362), np.float64(53.24564660225668), np.float64(52.9426816187258), np.float64(51.20783647764491)]
Final fitness values: [np.float64(41.894914733300894), np.float64(41.894914733300894), np.float64(41.87312488766258), np.float64(41.87312488766258), np.float64(41.86961372388079), np.float64(41.86961372388079), np.float64(41.86961372388079), np.float64(41.86961372388079), np.float64(41.86961372388079), np.float64(41.86961372388079)]
HOF ITEM
41.86961372388079
-3.2795064871729074,1.48344101171484,-4.291142955411903,-0.3365130585849364,2.466348844608405,3.805151143350243,-2.007439609160661,2.3138898944309356,4.297096815008028,-3.4353692358559123,2.1704587256505703,1.8887228479403517,1.9345195366281853,3.0,6.434899583534639
HOF ITEM
41.86961372388079
-3.2795064871729074,1.48344101171484,-4.291142955411903,-0.3365130585849364,2.466348844608405,3.805151143350243,-2.007439609160661,2.3138898944309356,4.297096815008028,-3.4353692358559123,2.1704587256505703,1.8887228479403517,1.9345195366281853,3.0,6.313687087836853
HOF ITEM
41.86961372388079
-3.2795064871729074,1.48344101171484,-4.291142955411903,-0.3365130585849364,2.466348844608405,3.805151143350243,-2.007439609160661,2.3138898944309356,4.297096815008028,-3.4353692358559123,2.1704587256505703,1.8887228479403517,1.9345195366281853,3.0,6.77377718950736
HOF ITEM
41.86966647819255
-3.2795064871729074,1.48344101171484,-4.291142955411903,-0.3365130585849364,2.466348844608405,3.940430283248541,-2.007439609160661,2.3138898944309356,4.297096815008028,-3.4353692358559123,2.1704587256505703,1.8887228479403517,1.9345195366281853,2.9582848991644517,6.434899583534639
HOF ITEM
41.86966647819255
-3.2795064871729074,1.48344101171484,-4.291142955411903,-0.3365130585849364,2.466348844608405,3.940430283248541,-2.007439609160661,2.3138898944309356,4.297096815008028,-3.4353692358559123,2.1704587256505703,1.8887228479403517,1.9345195366281853,3.0,6.77377718950736
seed 406
Initial fitness values: [np.float64(67.30864486447597), np.float64(54.61306163497612), np.float64(51.23860342563207), np.float64(51.23860342563207), np.float64(49.68684883050171), np.float64(48.850164450101836), np.float64(46.662498146992824), np.float64(46.662498146992824), np.float64(46.662498146992824), np.float64(45.982110808968386)]
Final fitness values: [np.float64(44.59812836281753), np.float64(44.59812836281753), np.float64(44.557262456910955), np.float64(44.555985942169194), np.float64(44.55533984350438), np.float64(44.53263536410083), np.float64(44.53263536410083), np.float64(44.526700231947004), np.float64(44.526691369819495), np.float64(44.52669131374529)]
HOF ITEM
44.52669131374529
1.3978286028487048,0.4864071107872147,5.679664588654773,1.614373971483615,-5.972433585206055,6.124836210136212,1.1276956785522374,2.864889718716495,3.5297082356729548,5.052505001423457,1.61548396041848,3.243759635450941,-1.6021896824835364,0.8983988161799175,1.217397679484219
HOF ITEM
44.526691369819495
1.3978286028487048,0.4864071107872147,5.679664588654773,1.614373971483615,-5.972433585206055,6.124836210136212,1.1276956785522374,2.864889718716495,3.5297082356729548,5.051022316357398,1.61548396041848,3.243759635450941,-1.6021896824835364,0.8983988161799175,1.217397679484219
HOF ITEM
44.52669878681211
1.3978286028487048,0.4864071107872147,5.679664588654773,1.614373971483615,-5.8988847473425565,6.124836210136212,1.1276956785522374,2.864889718716495,3.5297082356729548,5.052505001423457,1.61548396041848,3.243759635450941,-1.6021896824835364,0.4903580708279488,1.217397679484219
HOF ITEM
44.526700231947004
1.3978286028487048,0.4864071107872147,5.679664588654773,1.614373971483615,-6.015945522256394,6.124836210136212,1.1276956785522374,2.864889718716495,3.5297082356729548,5.052505001423457,1.61548396041848,3.243759635450941,-1.6021896824835364,0.8983988161799175,1.217397679484219
HOF ITEM
44.52670097101182
1.3978286028487048,0.4864071107872147,5.679664588654773,1.614373971483615,-6.015945522256394,6.124836210136212,1.1276956785522374,2.864889718716495,3.5297082356729548,5.052505001423457,1.61548396041848,3.334349655972934,-1.6021896824835364,0.8983988161799175,1.217397679484219
seed 407
Initial fitness values: [np.float64(55.05024345888721), np.float64(55.05024345888721), np.float64(52.96556538548714), np.float64(52.6908233018894), np.float64(52.10628726337025), np.float64(51.87641537343809), np.float64(51.75475088598915), np.float64(51.75475088598915), np.float64(51.59443300489259), np.float64(51.59443300489259)]
Final fitness values: [np.float64(51.549947878019466), np.float64(51.549656682628466), np.float64(51.54965662262253), np.float64(51.54965662262253), np.float64(51.54965662262253), np.float64(51.549645736164706), np.float64(51.549645736164706), np.float64(51.549645736164706), np.float64(51.54825697162851), np.float64(51.54825697162851)]
HOF ITEM
51.54825697162851
2.1762264402658333,-2.009661533804145,6.8572108252761135,3.4436851058402738,4.547097584138944,5.829900401759204,1.2169842065060408,2.102145183707802,3.2861460380486824,4.300599286900811,1.2320112535612684,0.8564540631559205,3.5511914410999417,0.9730230628017774,2.600654559324625
HOF ITEM
51.5493263932595
2.1762264402658333,-2.194238851223599,6.8572108252761135,3.4436851058402738,4.547097584138944,5.829900401759204,1.2169842065060408,2.102145183707802,3.2861460380486824,4.360532527224497,1.2320112535612684,0.5267921729388568,3.5511914410999417,0.9730230628017774,2.600654559324625
HOF ITEM
51.549326394744234
2.1762264402658333,-2.1573069293995237,6.8572108252761135,3.4436851058402738,4.547097584138944,5.829900401759204,1.2169842065060408,2.102145183707802,3.2861460380486824,4.360532527224497,1.2320112535612684,0.5267921729388568,3.5511914410999417,0.9730230628017774,2.600654559324625
HOF ITEM
51.549346234063634
2.1762264402658333,-2.009661533804145,6.8572108252761135,3.4436851058402738,4.547097584138944,5.829900401759204,1.2169842065060408,2.102145183707802,3.2861460380486824,4.563539204293565,1.2320112535612684,0.8564540631559205,3.5511914410999417,0.9730230628017774,2.600654559324625
HOF ITEM
51.54964573467998
2.1762264402658333,-2.194238851223599,6.8572108252761135,3.4436851058402738,4.547097584138944,5.829900401759204,1.2169842065060408,2.102145183707802,3.2861460380486824,4.563539204293565,1.2320112535612684,0.593220110520766,3.5511914410999417,0.9730230628017774,2.600654559324625
seed 408
Initial fitness values: [np.float64(57.75018087080034), np.float64(57.73017009044497), np.float64(53.94440223223421), np.float64(53.94440223223421), np.float64(50.46287022329378), np.float64(46.024290621936), np.float64(45.866986114857625), np.float64(45.75451109410336), np.float64(45.75451109410336), np.float64(45.313992820718816)]
Final fitness values: [np.float64(43.59620656521504), np.float64(43.59620656521504), np.float64(43.59620656521504), np.float64(43.58676883813788), np.float64(43.58676883813788), np.float64(43.5867393830375), np.float64(43.5867393830375), np.float64(43.5867393830375), np.float64(43.5867393830375), np.float64(43.5867393830375)]
HOF ITEM
43.5867393830375
-3.577172220091338,1.5906517915450662,-5.237549359132967,3.8591490165677302,0.9532396115498417,0.4467129306959813,-2.2576317939302695,2.693845445791327,0.4738014879750307,0.07467362882624332,1.6448305802477043,3.192745189897303,-5.704352100917976,1.9560189816623446,4.504871745441816
HOF ITEM
43.58673940630935
-3.577172220091338,1.5906517915450662,-5.237549359132967,3.8591490165677302,0.9532396115498417,0.4467129306959813,-2.2576317939302695,2.693845445791327,0.4738014879750307,0.07467362882624332,1.6448305802477043,3.192745189897303,-5.562944722090954,1.9560189816623446,4.504871745441816
HOF ITEM
43.58676883813788
-3.577172220091338,1.5906517915450662,-5.237549359132967,3.8591490165677302,0.9532396115498417,0.4467129306959813,-2.2576317939302695,2.693845445791327,0.4738014879750307,0.07467362882624332,1.6448305802477043,3.192745189897303,-5.704352100917976,1.9560189816623446,4.057107729046539
HOF ITEM
43.58787472541788
-3.577172220091338,1.5906517915450662,-5.237549359132967,3.8591490165677302,0.9532396115498417,0.7545732496760702,-2.2576317939302695,2.693845445791327,0.4738014879750307,0.07467362882624332,1.6448305802477043,3.192745189897303,-5.704352100917976,1.9560189816623446,4.504871745441816
HOF ITEM
43.58789637546118
-3.577172220091338,1.5906517915450662,-5.237549359132967,3.8591490165677302,0.9532396115498417,0.7545732496760702,-2.2576317939302695,2.693845445791327,0.4738014879750307,0.07467362882624332,1.6448305802477043,3.192745189897303,-5.704352100917976,1.9560189816623446,4.057107729046539
seed 409
Initial fitness values: [np.float64(63.89913102437019), np.float64(50.96969664950781), np.float64(50.96939706343533), np.float64(46.66876190162691), np.float64(46.66876190162691), np.float64(45.45770654933544), np.float64(45.45770654933544), np.float64(45.03934402257832), np.float64(44.84483701550366), np.float64(44.84483701550366)]
Final fitness values: [np.float64(43.85522847906073), np.float64(43.85506518207408), np.float64(43.854791878218684), np.float64(43.854791878218684), np.float64(43.854791878218684), np.float64(43.85478948925192), np.float64(43.85478948925192), np.float64(43.85380449283812), np.float64(43.85380449283812), np.float64(43.853802028171735)]
HOF ITEM
43.853802028171735
-1.4901218927491873,1.4539401793320619,-4.427106517633811,1.1922026100268945,1.2328436387765276,3.2977724195863383,-0.34296856291071587,2.8321359781279747,0.7711429634268482,7.0,2.48915977419499,4.782373012649007,-4.111349603170816,0.3626519437924389,2.7457776909986222
HOF ITEM
43.853802028171735
-1.4901218927491873,1.4539401793320619,-4.427106517633811,1.1922026100268945,1.2328436387765276,3.2977724195863383,-0.34296856291071587,2.8321359781279747,0.7711429634268482,6.989142499751878,2.903287894313897,4.782373012649007,-4.111349603170816,0.3626519437924389,2.7457776909986222
HOF ITEM
43.85380449283812
-1.4901218927491873,1.4539401793320619,-4.427106517633811,1.1922026100268945,1.2328436387765276,3.2977724195863383,-0.34296856291071587,2.8321359781279747,0.7711429634268482,6.989142499751878,2.903287894313897,4.317306870875692,-4.106601694037344,0.3626519437924389,2.727742911121249
HOF ITEM
43.85380524892683
-1.4901218927491873,1.4539401793320619,-4.427106517633811,1.1922026100268945,1.2328436387765276,3.2977724195863383,-0.34296856291071587,2.8321359781279747,0.7711429634268482,7.0,2.48915977419499,4.317306870875692,-4.111349603170816,0.3626519437924389,2.727742911121249
HOF ITEM
43.85389659522522
-1.4901218927491873,1.4539401793320619,-4.427106517633811,1.1922026100268945,1.2328436387765276,3.3279966681449,-0.34296856291071587,2.8321359781279747,0.7711429634268482,7.0,2.0825731319184886,4.61258372351508,-4.111349603170816,0.14706844473228384,2.727742911121249
best parameter set
fitness 40.820297751456515 seed 405
-3.3392910153994446,1.5768690055889005,-4.289129270637424,-0.2773536639623259,2.404798229887392,3.940447058415344,-2.047863910193773,2.481786675053904,4.247316095263945,-3.321639729523667,2.2685001559161724,1.9455428997144215,1.9345195366281853,3.0,6.77377718950736
