seeds are [480 481 482 483 484 485 486 487 488 489]
seed 480
Initial fitness values: [np.float64(29.574458568791858), np.float64(28.644295545081537), np.float64(27.954802097946498), np.float64(27.485884224999214), np.float64(27.1746359777379), np.float64(27.1746359777379), np.float64(27.17366577804471), np.float64(27.162889167201374), np.float64(27.162889167201374), np.float64(27.011422144657136)]
Final fitness values: [np.float64(25.816485070884944), np.float64(25.816485070884944), np.float64(25.816485070884944), np.float64(25.816485070884944), np.float64(25.816485070884944), np.float64(25.816485070884944), np.float64(25.816485070884944), np.float64(25.816485070884944), np.float64(25.816485070884944), np.float64(25.816485070884944)]
HOF ITEM
25.816485070884944
-2.7904972097056686,1.5461450508596029,-1.463297007613272,0.7971081833424675,-4.7293296556829585,-7.0,0.07353334655870553,0.7246035116731573,3.5312057620167256,2.525328052388685,0.3220160038075994,2.3469078397353798,2.2721525336716653,0.5372045071961261,7.0
HOF ITEM
25.81653792906103
-2.7904972097056686,1.5461450508596029,-1.463297007613272,0.7971081833424675,-4.7293296556829585,-7.0,0.07353334655870553,0.7246035116731573,3.5312057620167256,2.525328052388685,0.3220160038075994,2.3469078397353798,2.2721525336716653,0.5371842293296132,7.0
HOF ITEM
25.827660120544817
-2.6978742227991477,1.5461450508596029,-1.463297007613272,0.8699067971773673,-4.7293296556829585,-7.0,0.09404910745509049,0.7246035116731573,3.3315467955075295,2.525328052388685,0.5844461793900163,2.962629587855533,2.282339266088943,0.5371842293296132,7.0
HOF ITEM
25.836187646163616
-2.7904972097056686,1.5461450508596029,-1.463297007613272,0.7971081833424675,-4.7293296556829585,-7.0,0.07353334655870553,0.7246035116731573,3.5312057620167256,2.525328052388685,0.3220160038075994,2.3469078397353798,2.282339266088943,0.5371842293296132,7.0
HOF ITEM
25.836444426920647
-2.7904972097056686,1.5461450508596029,-1.463297007613272,0.7971081833424675,-4.7293296556829585,-7.0,0.07353334655870553,0.7246035116731573,3.5312057620167256,2.525328052388685,0.3220160038075994,2.3469078397353798,2.282339266088943,0.5372045071961261,7.0
seed 481
Initial fitness values: [np.float64(30.844226497620575), np.float64(29.051376107701), np.float64(27.852342893239907), np.float64(27.438134486905255), np.float64(27.269896710237287), np.float64(27.269896710237287), np.float64(27.187316027910345), np.float64(27.187316027910345), np.float64(27.129017288281467), np.float64(27.129017288281467)]
Final fitness values: [np.float64(22.102601784756743), np.float64(22.102601784756743), np.float64(22.100266761390444), np.float64(22.100266761390444), np.float64(22.100266761390444), np.float64(22.100266761390444), np.float64(22.08280163277088), np.float64(22.082116832534584), np.float64(22.070802970929723), np.float64(22.070594611514164)]
HOF ITEM
22.070594611514164
-1.9601359551448394,1.5067858293874137,-4.612844697481024,4.9919684342486335,6.578854703470694,4.259904099427197,-0.7443853223363981,2.7990778616568823,1.501827107070799,3.022552057081131,0.05404617042966014,1.0311317474685946,0.029022938299247236,0.6731038181878344,4.327309766500338
HOF ITEM
22.070802970929723
-1.9601359551448394,1.5067858293874137,-4.612844697481024,4.9919684342486335,6.578854703470694,4.593980958698922,-0.7443853223363981,2.7990778616568823,1.5015644477417187,3.022552057081131,0.05404617042966014,1.0311317474685946,0.029022938299247236,0.6731038181878344,4.327309766500338
HOF ITEM
22.071311779353284
-1.9601359551448394,1.5067858293874137,-4.612844697481024,4.999163555183734,6.578854703470694,4.43538499234191,-0.7443853223363981,2.7990778616568823,1.501827107070799,3.07743988911097,0.0,1.0283105797765326,0.32520025346678993,0.8425595638514224,4.327309766500338
HOF ITEM
22.071627316194533
-1.9601359551448394,1.5067858293874137,-4.612844697481024,4.999163555183734,6.578854703470694,4.43538499234191,-0.7443853223363981,2.7990778616568823,1.501827107070799,2.8554407374557504,0.0,0.9021364150322526,0.8009274836773739,0.8425595638514224,4.327309766500338
HOF ITEM
22.081725166710587
-1.9601359551448394,1.5067858293874137,-4.612844697481024,4.996765109955643,6.578854703470694,4.593980958698922,-0.7443853223363981,2.7990778616568823,1.5015644477417187,3.07743988911097,0.0,0.9021364150322526,0.8009274836773739,0.8425595638514224,4.327309766500338
seed 482
Initial fitness values: [np.float64(31.23961254975777), np.float64(31.23961254975777), np.float64(27.557499808368107), np.float64(27.009541425718577), np.float64(26.90242245400264), np.float64(26.74287105110725), np.float64(26.712334102259142), np.float64(26.450354207042967), np.float64(26.450354207042967), np.float64(26.32887849730316)]
Final fitness values: [np.float64(19.732703913490305), np.float64(19.732703913490305), np.float64(19.732703913490305), np.float64(19.732703913490305), np.float64(19.732703913490305), np.float64(19.732703913490305), np.float64(19.732703913490305), np.float64(19.716288851408525), np.float64(19.716288851408525), np.float64(19.716288851408525)]
HOF ITEM
19.716288851408525
6.728724753391252,-1.1320559470972278,-3.000459983772661,-1.0702332164743888,-1.3772488264550875,-0.6592930018994339,2.817008154515042,0.222457174352053,4.096260816850934,0.09236148774052522,2.0077719358007697,1.6823013384373655,2.6937016337427635,0.2726797316803221,1.7753925456439352
HOF ITEM
19.732703913490305
6.728724753391252,-1.1320559470972278,-3.000459983772661,-1.0702332164743888,-1.3772488264550875,-0.6592930018994339,2.817008154515042,0.222457174352053,4.096260816850934,0.09236148774052522,2.0077719358007697,1.6823013384373655,2.3198556987015926,0.2726797316803221,1.2833615356792554
HOF ITEM
19.73420363332595
6.728724753391252,-1.1320559470972278,-3.000459983772661,-1.0702332164743888,-1.3757987674537728,-0.6401963179252745,2.817008154515042,0.222457174352053,4.096260816850934,0.09236148774052522,2.0077719358007697,1.6823013384373655,2.3198556987015926,0.2726797316803221,1.2833615356792554
HOF ITEM
19.735381753821336
6.728724753391252,-1.1320559470972278,-3.000459983772661,-1.0702332164743888,-1.3757987674537728,-0.6592930018994339,2.817008154515042,0.222457174352053,4.096260816850934,0.09236148774052522,2.0077719358007697,1.6823013384373655,2.3198556987015926,0.2726797316803221,1.2833615356792554
HOF ITEM
19.743171717634844
6.728724753391252,-1.1320559470972278,-3.000459983772661,-1.0702332164743888,-1.3772488264550875,-0.8151899485014391,2.817008154515042,0.222457174352053,4.096260816850934,0.09236148774052522,2.0077719358007697,1.6823013384373655,2.3198556987015926,0.2726797316803221,1.2833615356792554
seed 483
Initial fitness values: [np.float64(28.70836831550502), np.float64(26.45681407488177), np.float64(26.45681407488177), np.float64(26.380047400936142), np.float64(26.10786660306562), np.float64(25.852972291156355), np.float64(25.727337677955784), np.float64(25.35142300997321), np.float64(25.35142300997321), np.float64(24.898318874001124)]
Final fitness values: [np.float64(23.39677029278589), np.float64(23.39677029278589), np.float64(23.39677029278589), np.float64(23.395983058664743), np.float64(23.347088469478738), np.float64(23.347088469478738), np.float64(23.347088469478738), np.float64(23.34694925668352), np.float64(23.34694925668352), np.float64(23.34694925668352)]
HOF ITEM
23.34694925668352
4.966358830730764,-0.7115692660553867,1.0897070312237507,4.134494202878845,-5.699662744939891,3.6195003682197178,1.3495266164081878,3.0,0.467623140357288,6.805449980740893,2.1861103550397134,6.118051491586808,4.5288618613635965,0.4295966150610082,4.891952765765539
HOF ITEM
23.34694925668352
4.966358830730764,-0.7115692660553867,1.0897070312237507,4.134494202878845,-5.699662744939891,3.6195003682197178,1.3495266164081878,3.0,0.467623140357288,6.827535283700765,2.1861103550397134,6.118051491586808,4.5288618613635965,0.4295966150610082,4.891952765765539
HOF ITEM
23.34694925668352
4.966358830730764,-0.7115692660553867,1.0897070312237507,4.134494202878845,-5.699662744939891,3.6195003682197178,1.3495266164081878,3.0,0.467623140357288,6.827535283700765,1.8168525167228085,6.118051491586808,4.5288618613635965,0.4295966150610082,4.891952765765539
HOF ITEM
23.346949907534697
4.966358830730764,-0.7115692660553867,1.0897070312237507,4.134494202878845,-5.699662744939891,3.6195003682197178,1.3495266164081878,3.0,0.467623140357288,6.156826759064565,1.645977985114858,6.118051491586808,4.5288618613635965,0.4295966150610082,4.891952765765539
HOF ITEM
23.347045566077902
4.966358830730764,-0.7115692660553867,1.0897070312237507,4.134494202878845,-5.373628741545231,3.6195003682197178,1.3495266164081878,3.0,0.467623140357288,6.865744092411496,2.1861103550397134,6.060235010015405,4.346738152665677,0.48320020290128585,5.18752407258052
seed 484
Initial fitness values: [np.float64(29.8558933845804), np.float64(29.85518490916457), np.float64(28.097532074251426), np.float64(28.097532074251426), np.float64(27.981242298619865), np.float64(27.560985089954475), np.float64(27.330614982665978), np.float64(27.231123437350597), np.float64(27.195853626836893), np.float64(27.16848366797574)]
Final fitness values: [np.float64(27.079621673968788), np.float64(27.07961846569297), np.float64(27.07938853117916), np.float64(27.079315449321975), np.float64(27.079280714821934), np.float64(27.079280552561134), np.float64(27.07924251035967), np.float64(27.07923309503588), np.float64(27.07900098399646), np.float64(27.078388928686437)]
HOF ITEM
27.078388928686437
2.695753245281983,-3.7666671934718217,-5.903113813181778,2.334700713320817,-6.862360851229157,-2.099486297454373,1.2603255451792743,2.0961556872448335,0.466565729779155,3.238862181625051,1.863266392426123,4.6391188206352325,0.3663891867116227,2.361151076645037,1.7552647938438735
HOF ITEM
27.07900098399646
2.695753245281983,-3.307695541763619,-5.623954144091192,2.0127176038831007,-6.765251648811373,-1.5071502586343002,1.2603255451792743,2.0961556872448335,0.466565729779155,3.238862181625051,1.863266392426123,4.579778123524324,0.3663891867116227,2.4766066697662583,1.7552647938438735
HOF ITEM
27.07922263743308
2.695753245281983,-3.1224625105158044,-5.786712576427086,2.0127176038831007,-6.927569881291555,-1.71952100992195,1.2603255451792743,2.0961556872448335,0.466565729779155,3.238862181625051,1.863266392426123,4.579778123524324,-0.1080627184862627,2.0384899155608256,1.4459145643098226
HOF ITEM
27.07922266552492
2.695753245281983,-3.624797687873154,-5.859788695316262,2.0127176038831007,-6.765251648811373,-1.5071502586343002,1.2603255451792743,2.0961556872448335,0.466565729779155,3.238862181625051,1.863266392426123,4.579778123524324,0.3663891867116227,2.540698572536603,1.7552647938438735
HOF ITEM
27.079223655767173
2.695753245281983,-3.624797687873154,-5.859788695316262,2.0127176038831007,-6.765251648811373,-1.5071502586343002,1.2603255451792743,2.0961556872448335,0.466565729779155,3.238862181625051,1.863266392426123,4.579778123524324,0.3663891867116227,2.4766066697662583,1.4534151528976138
seed 485
Initial fitness values: [np.float64(30.176929352770788), np.float64(30.176929352770788), np.float64(27.984588906525694), np.float64(26.087834682312952), np.float64(26.07938547478673), np.float64(25.248393660074168), np.float64(24.198727453268116), np.float64(23.87769139147324), np.float64(23.87769139147324), np.float64(23.4664943112567)]
Final fitness values: [np.float64(22.41720937879236), np.float64(22.41720937879236), np.float64(22.41720937879236), np.float64(22.41720937879236), np.float64(22.41720937879236), np.float64(22.41720937879236), np.float64(22.41720937879236), np.float64(22.41720937879236), np.float64(22.41720937879236), np.float64(22.41720937879236)]
HOF ITEM
22.41720937879236
1.9226947604663254,0.2674833250104884,-1.928792164629148,5.3633722648090485,2.5654789719572073,0.2892921060542265,1.2170680590908862,3.0,0.4680013655607128,4.3258084622457895,2.2662427782630985,3.5973118344506867,6.515594052709643,2.5341848346048903,3.4350133580742606
HOF ITEM
22.41720937879236
1.9226947604663254,0.2674833250104884,-1.928792164629148,5.3633722648090485,2.5654789719572073,0.2892921060542265,1.2170680590908862,3.0,0.4680013655607128,4.3258084622457895,2.2662427782630985,3.5973118344506867,6.515594052709643,2.5341848346048903,3.2936483136203196
HOF ITEM
22.41720937879236
1.9226947604663254,0.2674833250104884,-1.928792164629148,5.3633722648090485,2.5654789719572073,0.2892921060542265,1.2170680590908862,3.0,0.4680013655607128,4.394852789377153,2.828923972068442,3.5846290542378614,6.860230763391774,2.5341848346048903,3.4350133580742606
HOF ITEM
22.41720937879236
1.9226947604663254,0.2674833250104884,-1.928792164629148,5.3633722648090485,2.5654789719572073,0.2892921060542265,1.2170680590908862,3.0,0.4680013655607128,4.3258084622457895,2.8344629005779343,3.001311159005874,6.515594052709643,2.5341848346048903,3.4350133580742606
HOF ITEM
22.41720937879236
1.9226947604663254,0.2674833250104884,-1.928792164629148,5.3633722648090485,2.5654789719572073,0.2892921060542265,1.2170680590908862,3.0,0.4680013655607128,4.394852789377153,2.237399822275875,3.470697118833479,6.515594052709643,2.5341848346048903,3.4350133580742606
seed 486
Initial fitness values: [np.float64(29.912164758371834), np.float64(28.930685089867076), np.float64(28.741519621094582), np.float64(25.36332581776285), np.float64(25.36331226588411), np.float64(24.473312783501054), np.float64(24.473312783501054), np.float64(22.80760305437993), np.float64(22.80760305437993), np.float64(22.80760305437993)]
Final fitness values: [np.float64(21.908672116891385), np.float64(21.89833651769758), np.float64(21.897453580218965), np.float64(21.896210618013654), np.float64(21.894100532382797), np.float64(21.894100532382797), np.float64(21.891344687039638), np.float64(21.891344687039638), np.float64(21.891344687039638), np.float64(21.891344687039638)]
HOF ITEM
21.891344687039638
-4.861414508871835,1.5953208848440399,5.699117543657914,4.484574351214521,-1.8023612869228864,4.072662569537257,-3.5312763975741213,2.2733356346003624,1.2767766645691008,-0.770580888560641,1.2128449147857845,2.4500078790995605,-5.024145159148517,2.3766119527734144,0.46315507906680664
HOF ITEM
21.89145794123589
-4.861414508871835,1.5953208848440399,5.699117543657914,4.484574351214521,-1.8023612869228864,4.072662569537257,-3.5312763975741213,2.2733356346003624,1.2767766645691008,-0.770580888560641,1.2128449147857845,2.443971143569899,-5.024145159148517,2.3766119527734144,0.46315507906680664
HOF ITEM
21.891457941246813
-4.861414508871835,1.5953208848440399,5.699117543657914,4.484574351214521,-1.8023612869228864,4.072662569537257,-3.5312763975741213,2.2733356346003624,1.2767766645691008,-0.770580888560641,1.2128449147857845,2.443971143569899,-4.868455323309928,2.3766119527734144,0.46315507906680664
HOF ITEM
21.89158834499062
-4.861414508871835,1.5953208848440399,5.699117543657914,4.484574351214521,-1.8669442200094784,4.072662569537257,-3.5312763975741213,2.2733356346003624,1.2767766645691008,-0.770580888560641,1.2128449147857845,2.4500078790995605,-5.024145159148517,2.3766119527734144,0.46315507906680664
HOF ITEM
21.891701602580426
-4.861414508871835,1.5953208848440399,5.699117543657914,4.484574351214521,-1.8669442200094784,4.072662569537257,-3.5312763975741213,2.2733356346003624,1.2767766645691008,-0.770580888560641,1.2128449147857845,2.443971143569899,-5.024145159148517,2.3766119527734144,0.46315507906680664
seed 487
Initial fitness values: [np.float64(29.246673656751184), np.float64(29.246673656751184), np.float64(27.43245886671191), np.float64(26.767379404108553), np.float64(26.161265304077208), np.float64(25.81736870155379), np.float64(25.060808343449533), np.float64(24.620822965002326), np.float64(23.90242312590013), np.float64(23.79694009046474)]
Final fitness values: [np.float64(22.033492152544135), np.float64(22.033492152544135), np.float64(22.033492152544135), np.float64(22.033492152544135), np.float64(22.033492152544135), np.float64(22.033492152544135), np.float64(22.033492152544135), np.float64(22.033492152544135), np.float64(22.033492152544135), np.float64(22.033492152544135)]
HOF ITEM
22.033492152544135
-1.8995187404757987,1.5013103395462828,0.47349618627619294,-3.072478039246135,-1.0681650286257491,6.169895349033907,-0.686824125505048,2.8555097485807046,3.2443957797286025,5.763650508141896,2.763715526596285,2.7734012727782984,-4.524308514651356,1.8880722240159717,0.0
HOF ITEM
22.033492152544135
-1.8995187404757987,1.5013103395462828,0.47349618627619294,-3.072478039246135,-1.0681650286257491,6.169895349033907,-0.686824125505048,2.8555097485807046,3.2443957797286025,5.763650508141896,2.763715526596285,2.7871094454497927,-4.524308514651356,1.8880722240159717,0.0
HOF ITEM
22.033492152544135
-1.8995187404757987,1.5013103395462828,0.47349618627619294,-3.072478039246135,-1.0681650286257491,6.169895349033907,-0.686824125505048,2.8555097485807046,3.2443957797286025,5.572590719546535,2.763715526596285,2.7871094454497927,-4.501348072142772,1.7619348488149198,0.0
HOF ITEM
22.033492152544135
-1.8995187404757987,1.5013103395462828,0.47349618627619294,-3.072478039246135,-1.0681650286257491,6.169895349033907,-0.686824125505048,2.8555097485807046,3.2443957797286025,5.572590719546535,2.763715526596285,2.7871094454497927,-4.501348072142772,1.672581532945898,0.0
HOF ITEM
22.033492152544135
-1.8995187404757987,1.5013103395462828,0.47349618627619294,-3.072478039246135,-1.0681650286257491,6.169895349033907,-0.686824125505048,2.8555097485807046,3.2443957797286025,5.659135487419633,2.763715526596285,2.988315121059491,-4.33624174131447,1.5935817051372618,0.0
seed 488
Initial fitness values: [np.float64(28.80337862487206), np.float64(24.217701738406475), np.float64(24.110883110312194), np.float64(24.110883110312194), np.float64(24.110883110312194), np.float64(23.861589603196155), np.float64(23.861589603196155), np.float64(23.494019703018154), np.float64(23.349670114914975), np.float64(23.03411331365663)]
Final fitness values: [np.float64(20.60674041193515), np.float64(20.60674041193515), np.float64(20.60674041193515), np.float64(20.60674041193515), np.float64(20.60674041193515), np.float64(20.60674041193515), np.float64(20.60674041193515), np.float64(20.60674041193515), np.float64(20.60674041193515), np.float64(20.60674041193515)]
HOF ITEM
20.60674041193515
-5.884490257906603,1.8273402881256193,0.0004785008931205287,-3.5184833535383815,1.7629844708782558,3.569885142767374,-4.593226287878161,2.0206914519298804,6.055267177782021,-5.906457119224035,1.8319425800989193,0.9644458057428094,-1.5951574235614108,1.0687727555792315,5.181714083866302
HOF ITEM
20.607176447210488
-5.884490257906603,1.8273402881256193,0.0004785008931205287,-3.5184833535383815,1.7629844708782558,3.2945861028753938,-4.593226287878161,2.0206914519298804,6.055267177782021,-5.906457119224035,1.8319425800989193,0.9644458057428094,-1.5951574235614108,1.0687727555792315,4.86868160073592
HOF ITEM
20.607471806799637
-5.884490257906603,1.8273402881256193,0.0004785008931205287,-3.5184833535383815,1.7629844708782558,3.569885142767374,-4.593226287878161,2.0206914519298804,6.055267177782021,-5.906457119224035,1.8319425800989193,0.9644458057428094,-1.5951574235614108,1.0687727555792315,5.031318351430413
HOF ITEM
20.60818078378651
-5.884490257906603,1.8273402881256193,0.0004785008931205287,-3.5184833535383815,1.7629844708782558,3.569885142767374,-4.593226287878161,2.0206914519298804,6.055267177782021,-5.906457119224035,1.8319425800989193,0.9644458057428094,-1.5951574235614108,1.0687727555792315,4.86868160073592
HOF ITEM
20.608411361525704
-5.884490257906603,1.8273402881256193,0.0004785008931205287,-3.5184833535383815,1.7629844708782558,3.726723901889508,-4.593226287878161,2.0206914519298804,6.05081313618219,-5.906457119224035,1.8319425800989193,0.9644458057428094,-1.5951574235614108,1.0687727555792315,5.640818937200499
seed 489
Initial fitness values: [np.float64(31.877357420967975), np.float64(31.13511814216526), np.float64(30.252876835893925), np.float64(29.21005825267431), np.float64(27.651825113510355), np.float64(26.01537223324077), np.float64(25.640503896017464), np.float64(25.09317234845605), np.float64(24.82512739720646), np.float64(24.50305052296757)]
Final fitness values: [np.float64(20.813057575812888), np.float64(20.813057575812888), np.float64(20.813057575812888), np.float64(20.813057575812888), np.float64(20.813057575812888), np.float64(20.78342050193217), np.float64(20.78342050193217), np.float64(20.78342050193217), np.float64(20.78342050193217), np.float64(20.783062673605073)]
HOF ITEM
20.783062673605073
-6.486791618704801,1.6002618686893098,0.48582738266831477,5.468556631447165,-0.18347827399094496,-2.7019762069337534,-5.188144117428151,1.9024198115776432,0.5630684799745502,4.119147929975426,2.693212825228805,6.045216215388866,-7.0,1.676536501668036,3.5509270319163573
HOF ITEM
20.78342050193217
-6.486791618704801,1.6002618686893098,0.48582738266831477,5.436816119548701,-0.18347827399094496,-2.7019762069337534,-5.188144117428151,1.9024198115776432,0.5630684799745502,4.056974758967482,3.0,5.711131932467946,-7.0,1.676536501668036,3.4344250413710617
HOF ITEM
20.78342050193217
-6.486791618704801,1.6002618686893098,0.48582738266831477,5.436816119548701,-0.18347827399094496,-2.7019762069337534,-5.188144117428151,1.9024198115776432,0.5630684799745502,4.056974758967482,2.719723146187936,5.711131932467946,-7.0,1.676536501668036,3.4344250413710617
HOF ITEM
20.78342050193217
-6.486791618704801,1.6002618686893098,0.48582738266831477,5.436816119548701,-0.18347827399094496,-2.7019762069337534,-5.188144117428151,1.9024198115776432,0.5630684799745502,4.056974758967482,3.0,6.045216215388866,-7.0,1.676536501668036,3.4344250413710617
HOF ITEM
20.783502440293187
-6.486791618704801,1.6002618686893098,0.48582738266831477,5.436816119548701,-0.18347827399094496,-2.7019762069337534,-5.188144117428151,1.9024198115776432,0.5630684799745502,4.056974758967482,2.719723146187936,5.711131932467946,-7.0,1.676536501668036,3.3934460271615063
best parameter set
fitness 19.622315558241173 seed 482
6.7305653995180235,-1.1331790875676016,-3.0007167100771195,-1.0585619236441628,-1.3896349509241643,-0.658193663353281,2.811219295461784,0.2298198727537506,4.133561151634519,0.08994931557430055,1.9940122957535622,1.6954350430545608,2.6934119989274246,0.27144449843386637,1.775711565674774
