seeds are [300 301 302 303 304 305 306 307 308 309]
seed 300
Initial fitness values: [np.float64(55.191699493491434), np.float64(55.191699493491434), np.float64(53.184439680020205), np.float64(52.96371051854439), np.float64(52.9294940437358), np.float64(52.80351433357577), np.float64(51.82156335686057), np.float64(51.82156335686057), np.float64(51.82156335686057), np.float64(51.821538586604106)]
Final fitness values: [np.float64(51.56682222554412), np.float64(51.56673890075524), np.float64(51.56673890075524), np.float64(51.56670686448075), np.float64(51.56670686448075), np.float64(51.56670686448075), np.float64(51.56670686448075), np.float64(51.56670686448075), np.float64(51.56670686448075), np.float64(51.56670686448075)]
HOF ITEM
51.56670686448075
-4.689679574956923,-3.8983500122182706,0.484738768028195,0.3530167245755138,4.144171137330398,0.5942515329722409,-3.378365600952091,2.108537858086273,3.937677066773379,5.384503037027434,1.8965581837777052,3.3606098165954,-1.107480226099124,1.717482091567173,1.8803439411918876
HOF ITEM
51.56670686448075
-4.689679574956923,-4.0,0.484738768028195,0.3530167245755138,4.144171137330398,0.5942515329722409,-3.378365600952091,2.108537858086273,3.937677066773379,5.428969015309325,1.8965581837777052,3.3606098165954,-1.107480226099124,1.717482091567173,1.8803439411918876
HOF ITEM
51.56670686448075
-4.689679574956923,-4.0,0.484738768028195,0.3530167245755138,4.144171137330398,0.5942515329722409,-3.378365600952091,2.108537858086273,3.937677066773379,5.766521156313141,1.8965581837777052,3.3606098165954,-1.107480226099124,1.717482091567173,1.8803439411918876
HOF ITEM
51.56670686448075
-4.689679574956923,-4.0,0.484738768028195,0.3530167245755138,4.144171137330398,0.5942515329722409,-3.378365600952091,2.108537858086273,3.937677066773379,5.384503037027434,1.8965581837777052,3.3606098165954,-1.107480226099124,1.717482091567173,1.8803439411918876
HOF ITEM
51.56670686448075
-4.689679574956923,-4.0,0.484738768028195,0.3530167245755138,4.144171137330398,0.5942515329722409,-3.378365600952091,2.108537858086273,3.937677066773379,5.428969015309325,1.8965581837777052,3.927040921626133,-1.107480226099124,1.717482091567173,1.8803439411918876
seed 301
Initial fitness values: [np.float64(58.11283673958952), np.float64(58.11283673958952), np.float64(54.232315079920355), np.float64(50.42226231253789), np.float64(49.60706878314488), np.float64(48.85603610340244), np.float64(48.25426931912538), np.float64(46.8462499990623), np.float64(46.714893265038484), np.float64(46.714893265038484)]
Final fitness values: [np.float64(46.42088331343387), np.float64(46.416434991837505), np.float64(46.406051074398356), np.float64(46.406051074398356), np.float64(46.40598494669631), np.float64(46.39530418150365), np.float64(46.39530418150365), np.float64(46.39530418150365), np.float64(46.395189935621616), np.float64(46.39290010082926)]
HOF ITEM
46.39290010082926
4.977211591046858,-0.7267923727804908,-4.9654477088615065,1.8826363255063705,6.94427612885196,5.772183033172389,1.3199152318634038,2.2273892819913788,4.534454625303819,5.630906020002216,2.867438730417106,5.305533515521312,5.137199147830715,1.767389876971509,3.2103914482443394
HOF ITEM
46.394506287606035
4.98272439882517,-0.7267923727804908,-4.98370702743714,1.9390135076521031,7.0,5.327587071062957,1.3199152318634038,2.2273892819913788,4.534454625303819,5.2574287231091965,3.0,5.610062210655271,5.369601734785159,1.9071452643221842,3.3695950448005934
HOF ITEM
46.395189935621616
4.977211591046858,-0.7267923727804908,-4.411293194778117,1.9390135076521031,7.0,5.327587071062957,1.3199152318634038,2.2273892819913788,4.534454625303819,5.2574287231091965,3.0,5.610062210655271,5.177195237186757,2.1599499367552903,3.4344406403896626
HOF ITEM
46.395189935621616
4.977211591046858,-0.7267923727804908,-4.411293194778117,1.9390135076521031,7.0,5.327587071062957,1.3199152318634038,2.2273892819913788,4.534454625303819,5.2574287231091965,3.0,5.610062210655271,5.369601734785159,2.213815001704723,3.4344406403896626
HOF ITEM
46.39523830250144
4.977211591046858,-0.7267923727804908,-5.099003157900224,1.9390135076521031,7.0,4.774305693804352,1.3199152318634038,2.2273892819913788,4.534454625303819,5.2574287231091965,3.0,5.75751138276876,5.369601734785159,2.1303019399215297,2.999417933121324
seed 302
Initial fitness values: [np.float64(61.019204261486), np.float64(55.42180071206925), np.float64(54.28299004926074), np.float64(53.505397556272015), np.float64(51.36274096225224), np.float64(49.3052320796672), np.float64(48.08701602687323), np.float64(47.37451210058732), np.float64(46.554714075135735), np.float64(45.24560156546254)]
Final fitness values: [np.float64(43.58426177499371), np.float64(43.58426177499371), np.float64(43.58426177499371), np.float64(43.58426177499371), np.float64(43.58426177499371), np.float64(43.58426177499371), np.float64(43.58426177499371), np.float64(43.584249702408165), np.float64(43.584249702408165), np.float64(43.584249702408165)]
HOF ITEM
43.584249702408165
-5.166683328430003,1.4084229525769942,5.5840905803775955,-0.13387346170727893,-1.567555733137083,4.3782019590473,-3.852460385462564,2.1368381048800367,5.189588780520878,0.24127774412813668,1.3287733530060377,0.6575063747121768,2.1815814191386282,2.3870630587991095,0.009333415902048003
HOF ITEM
43.584249702408165
-5.166683328430003,1.4084229525769942,5.5840905803775955,-0.13387346170727893,-1.567555733137083,4.3782019590473,-3.852460385462564,2.1368381048800367,5.189588780520878,0.24127774412813668,1.3287733530060377,0.6575063747121768,2.1815814191386282,2.3870630587991095,0.08042559700802243
HOF ITEM
43.584261663977315
-5.166683328430003,1.4084229525769942,5.5840905803775955,-0.13387346170727893,-1.567555733137083,4.3782019590473,-3.852460385462564,2.1368381048800367,5.189588780520878,0.24127774412813668,1.6315129531879389,0.8878280461139527,2.1815814191386282,2.3870630587991095,0.009333415902048003
HOF ITEM
43.584261663977315
-5.166683328430003,1.4084229525769942,5.5840905803775955,-0.13387346170727893,-1.567555733137083,4.3782019590473,-3.852460385462564,2.1368381048800367,5.189588780520878,0.24127774412813668,1.6315129531879389,0.8878280461139527,2.1815814191386282,2.3870630587991095,0.08042559700802243
HOF ITEM
43.58426177499371
-5.166683328430003,1.4084229525769942,5.5840905803775955,-0.13387346170727893,-1.567555733137083,4.3782019590473,-3.852460385462564,2.1368381048800367,5.189588780520878,0.4720634417095036,1.6315129531879389,0.8878280461139527,2.1815814191386282,2.738843341912456,0.15658382879480331
seed 303
Initial fitness values: [np.float64(62.26640424973649), np.float64(56.32001867274391), np.float64(49.99681031634039), np.float64(49.66429115615646), np.float64(49.64644696757203), np.float64(49.58035660233187), np.float64(49.58035660233187), np.float64(49.56052009091988), np.float64(49.56052009091988), np.float64(49.385895055890465)]
Final fitness values: [np.float64(48.52097620310991), np.float64(48.52097620310991), np.float64(48.520976203109804), np.float64(48.52093706649372), np.float64(48.52040993854598), np.float64(48.51793160122895), np.float64(48.51718015519248), np.float64(48.51718015519248), np.float64(48.51700924213044), np.float64(48.51694248869276)]
HOF ITEM
48.51694248869276
-3.951302521224809,2.1697093881614364,-3.7633560060163775,3.1858158444276445,-4.832034973376537,5.594714399113007,-6.927888297130021,2.587839483418679,0.5196047177016458,0.5003090326469488,0.08617497970034466,1.1205352330289007,4.06635458282435,1.252537318556956,1.5224877093028455
HOF ITEM
48.516982023633794
-3.951302521224809,2.1697093881614364,-3.495650405446214,3.3554911863850503,-4.891026135639736,5.6718866561479215,-7.0,2.587839483418679,0.5196047177016458,0.5003090326469488,0.08617497970034466,1.1205352330289007,4.845784393467366,1.252537318556956,1.516292084152622
HOF ITEM
48.51700924213044
-3.951302521224809,2.1697093881614364,-3.9524639342101406,3.00491404769753,-4.891026135639736,5.6718866561479215,-7.0,2.587839483418679,0.5196047177016458,0.5003090326469488,0.08617497970034466,1.1205352330289007,4.654357314176101,1.252537318556956,1.516292084152622
HOF ITEM
48.51710986261774
-3.951302521224809,2.1697093881614364,-3.615670061223358,3.1296603596418393,-5.270786946016192,5.819404932790311,-6.997166736637165,2.587839483418679,0.5196047177016458,0.5003090326469488,0.08617497970034466,1.1205352330289007,4.654357314176101,1.252537318556956,1.7113581029775786
HOF ITEM
48.51718015519248
-3.951302521224809,2.1697093881614364,-3.389667319530756,3.3554911863850503,-4.891026135639736,5.6718866561479215,-7.0,2.587839483418679,0.5196047177016458,0.5003090326469488,0.08617497970034466,1.1205352330289007,4.845784393467366,1.252537318556956,1.516292084152622
seed 304
Initial fitness values: [np.float64(62.77699640338364), np.float64(62.65943879730974), np.float64(55.95596477232359), np.float64(54.73751671576111), np.float64(54.55903697433883), np.float64(52.45209560274281), np.float64(52.31696533876718), np.float64(52.2054535487966), np.float64(51.95676617757476), np.float64(51.65371323315388)]
Final fitness values: [np.float64(50.696850411054136), np.float64(50.696850411054136), np.float64(50.69337424966065), np.float64(50.69337424966065), np.float64(50.68103215995374), np.float64(50.67975636224657), np.float64(50.67897916428211), np.float64(50.6663362431339), np.float64(50.6663362431339), np.float64(50.6663362431339)]
HOF ITEM
50.6663362431339
3.2886350395322754,-2.622333568390805,-3.4638043066348185,-0.36185746193534807,2.2073024434312916,2.9943778440644997,1.2479211683088345,1.9474215398843566,4.098547816146361,0.37768821430673016,3.0,1.8610450184645262,6.212065282648373,2.255534713174987,2.4309606654345277
HOF ITEM
50.6663362431339
3.2886350395322754,-3.9483099097007663,-3.4638043066348185,-0.36185746193534807,2.2073024434312916,2.9943778440644997,1.2479211683088345,1.9474215398843566,4.098547816146361,0.37768821430673016,3.0,1.8610450184645262,5.795494609891435,2.255534713174987,2.4309606654345277
HOF ITEM
50.6663362431339
3.2886350395322754,-2.622333568390805,-3.4638043066348185,-0.36185746193534807,2.2073024434312916,2.9943778440644997,1.2479211683088345,1.9474215398843566,4.098547816146361,0.37768821430673016,3.0,1.8610450184645262,5.795494609891435,2.255534713174987,2.4309606654345277
HOF ITEM
50.6663668748232
3.2886350395322754,-2.622333568390805,-3.4638043066348185,-0.36185746193534807,2.2073024434312916,2.9943778440644997,1.2479211683088345,1.9474215398843566,4.098547816146361,0.37519492616485856,3.0,1.8610450184645262,5.889604300830099,2.3409925319297176,2.4309606654345277
HOF ITEM
50.66649012445301
3.2886350395322754,-2.622333568390805,-3.4638043066348185,-0.36185746193534807,2.2073024434312916,2.9943778440644997,1.2479211683088345,1.9474215398843566,4.098547816146361,0.40282277267360966,3.0,1.8610450184645262,6.212065282648373,2.255534713174987,2.4309606654345277
seed 305
Initial fitness values: [np.float64(57.346017635443125), np.float64(53.29332132751593), np.float64(52.51217080769652), np.float64(51.94816631899647), np.float64(51.94816631899647), np.float64(51.94816631899647), np.float64(51.652421451599835), np.float64(51.24649928531596), np.float64(51.24649928531596), np.float64(50.74330047934644)]
Final fitness values: [np.float64(41.62901996184982), np.float64(41.56132223560921), np.float64(41.56132223560921), np.float64(41.417670428155276), np.float64(41.417670428155276), np.float64(41.417670428155276), np.float64(41.417670428155276), np.float64(41.40533577837614), np.float64(41.40533577837614), np.float64(41.40533577837614)]
HOF ITEM
41.40533577837614
-3.131181705961893,1.585931975966767,4.297309833791996,2.880541597766752,-3.4367851825989324,-0.703244093547529,-1.837656443942086,2.6434524223586684,1.458426944749595,2.519868933194867,3.0,1.4799581561610082,-3.05435105095029,2.3190960911930283,2.6663574131233627
HOF ITEM
41.40533577837614
-3.131181705961893,1.585931975966767,4.297309833791996,2.880541597766752,-3.4367851825989324,-0.703244093547529,-1.837656443942086,2.6434524223586684,1.458426944749595,2.519868933194867,2.9400646713145653,1.6730143492746123,-3.05435105095029,2.3190960911930283,2.6663574131233627
HOF ITEM
41.417670428155276
-3.131181705961893,1.585931975966767,4.297309833791996,2.880541597766752,-3.5007193760341986,-0.703244093547529,-1.837656443942086,2.615259815446958,1.458426944749595,2.6966964864885945,2.927971058045159,1.4287884383211311,-3.05435105095029,2.3190960911930283,2.8548081479252856
HOF ITEM
41.417670428155276
-3.131181705961893,1.585931975966767,4.297309833791996,2.880541597766752,-3.5007193760341986,-0.703244093547529,-1.837656443942086,2.615259815446958,1.458426944749595,2.6966964864885945,3.0,1.4287884383211311,-3.05435105095029,2.3190960911930283,2.8548081479252856
HOF ITEM
41.417670428155276
-3.131181705961893,1.585931975966767,4.297309833791996,2.880541597766752,-3.5007193760341986,-0.703244093547529,-1.837656443942086,2.615259815446958,1.458426944749595,2.6966964864885945,3.0,1.4799581561610082,-3.05435105095029,2.3190960911930283,2.8548081479252856
seed 306
Initial fitness values: [np.float64(52.526994192032625), np.float64(46.84306597673758), np.float64(46.84306597673758), np.float64(45.010219740029626), np.float64(45.010219740029626), np.float64(44.967578589044344), np.float64(44.821221306931136), np.float64(44.821221306931136), np.float64(44.234445954117), np.float64(44.234445954117)]
Final fitness values: [np.float64(43.79873459497579), np.float64(43.79873459497579), np.float64(43.79873459497579), np.float64(43.79873459497579), np.float64(43.79873459497579), np.float64(43.79873459497579), np.float64(43.79873459497579), np.float64(43.77957304236477), np.float64(43.77957304236477), np.float64(43.77957304236477)]
HOF ITEM
43.77957304236477
-1.6127829906934885,1.4703845341717288,-5.77589667799112,6.1714400437422725,5.589884102628596,-3.0374341798148303,-0.4451474727229364,2.813729067175894,0.6494277137369561,3.581175400425372,2.5340194695522813,2.6069580118259172,5.207060871678085,0.0,4.143933207305898
HOF ITEM
43.77957304236477
-1.6127829906934885,1.4703845341717288,-5.77589667799112,6.1714400437422725,5.589884102628596,-3.0374341798148303,-0.4451474727229364,2.813729067175894,0.6494277137369561,3.1071956972095385,2.5340194695522813,2.783716928427312,5.207060871678085,0.0,4.143933207305898
HOF ITEM
43.77957304236477
-1.6127829906934885,1.4703845341717288,-5.77589667799112,6.1714400437422725,5.589884102628596,-3.0374341798148303,-0.4451474727229364,2.813729067175894,0.6494277137369561,3.1071956972095385,2.5340194695522813,2.6069580118259172,5.207060871678085,0.0,4.143933207305898
HOF ITEM
43.77957304236477
-1.6127829906934885,1.4703845341717288,-5.77589667799112,6.1714400437422725,5.589884102628596,-3.0374341798148303,-0.4451474727229364,2.813729067175894,0.6494277137369561,3.2160659553917688,2.5340194695522813,2.6069580118259172,5.207060871678085,0.0,4.143933207305898
HOF ITEM
43.79873459497579
-1.6127829906934885,1.4703845341717288,-5.77589667799112,6.149305560133417,5.589884102628596,-2.7873816669404743,-0.4451474727229364,2.813729067175894,0.6494277137369561,3.581175400425372,2.5340194695522813,2.783716928427312,5.207060871678085,0.0,4.143933207305898
seed 307
Initial fitness values: [np.float64(55.51167528847187), np.float64(55.51167528847187), np.float64(51.11875954439701), np.float64(51.05031673648477), np.float64(50.11031941706361), np.float64(48.9912075201994), np.float64(48.92300825454284), np.float64(47.13483901376352), np.float64(47.13483901376352), np.float64(45.30451327945082)]
Final fitness values: [np.float64(44.29562186868507), np.float64(44.29562186868507), np.float64(44.28570484702261), np.float64(44.28570484702261), np.float64(44.28570484702261), np.float64(44.28570484702261), np.float64(44.28570484702261), np.float64(44.28570484702261), np.float64(44.285600757750956), np.float64(44.285600757750956)]
HOF ITEM
44.285600757750956
0.8798268790485032,0.7151026138340641,0.18849244334070914,-1.0730112866995176,-1.7516937325144346,1.771191100428584,0.9907268692108041,2.673991003273457,1.3889728212462524,6.950431809495073,2.2685539187370543,5.974575204186731,-4.553402716422399,0.04247355361555646,5.37659433555965
HOF ITEM
44.285600757750956
0.8798268790485032,0.7151026138340641,0.18849244334070914,-1.0730112866995176,-1.7516937325144346,1.771191100428584,0.9907268692108041,2.673991003273457,1.3889728212462524,6.950431809495073,2.2685539187370543,5.570942785402118,-4.553402716422399,0.04247355361555646,5.37659433555965
HOF ITEM
44.28570484702261
0.8798268790485032,0.7151026138340641,0.18849244334070914,-1.0730112866995176,-1.7516937325144346,1.771191100428584,0.9907268692108041,2.673991003273457,1.3889728212462524,7.0,2.2685539187370543,5.974575204186731,-4.8930358657098125,0.0,5.37659433555965
HOF ITEM
44.28570484702261
0.8798268790485032,0.7151026138340641,0.18849244334070914,-1.0730112866995176,-1.7516937325144346,1.771191100428584,0.9907268692108041,2.673991003273457,1.3889728212462524,6.950431809495073,2.2685539187370543,5.974575204186731,-4.8930358657098125,0.0,5.37659433555965
HOF ITEM
44.28570484702261
0.8798268790485032,0.7151026138340641,0.18849244334070914,-1.0730112866995176,-1.7516937325144346,1.771191100428584,0.9907268692108041,2.673991003273457,1.3889728212462524,6.950431809495073,2.2685539187370543,5.7346059026476786,-4.8930358657098125,0.0,5.37659433555965
seed 308
Initial fitness values: [np.float64(58.56045509165425), np.float64(57.633032079806064), np.float64(56.946115651755306), np.float64(55.74292786093406), np.float64(55.125492233617415), np.float64(54.24403481103566), np.float64(53.197329583421556), np.float64(52.30613770527792), np.float64(52.30613770527792), np.float64(52.14673565252775)]
Final fitness values: [np.float64(51.40002672170494), np.float64(51.40002672170494), np.float64(51.40002672170494), np.float64(51.40002672170494), np.float64(51.40002672170494), np.float64(51.40002672170494), np.float64(51.40002672170494), np.float64(51.40002672170494), np.float64(51.40002672170494), np.float64(51.40002672170494)]
HOF ITEM
51.36280390630227
5.7837688375008,-3.6373862768487224,4.641261207148937,3.2755343780185937,4.590428972685495,0.29544836228363724,1.3661859688831022,1.9344006684284034,5.536026197402404,3.9135022274302,0.7970177122069502,3.180792522131908,5.313613062877716,0.7246776122357584,5.169669302233216
HOF ITEM
51.40002672170494
6.179355112485411,-4.0,4.366553134036712,3.387315592780689,4.966421574661229,0.26502754644686277,1.3661859688831022,1.9493774083492417,5.488097244089636,3.8234980059635584,0.8745035728889633,3.180792522131908,5.284084094274159,0.7855678703997452,5.169669302233216
HOF ITEM
51.40957670779382
5.5325298677847226,-4.0,4.366553134036712,3.387315592780689,4.966421574661229,0.26502754644686277,1.3661859688831022,1.9493774083492417,5.488097244089636,3.8234980059635584,0.8745035728889633,3.180792522131908,5.284084094274159,0.7455111736196154,4.901239406696217
HOF ITEM
51.41756169347443
6.3575503892600524,-3.5599505712816777,4.366553134036712,3.387315592780689,4.966421574661229,0.26502754644686277,1.3661859688831022,1.9493774083492417,5.488097244089636,3.8234980059635584,0.8745035728889633,3.180792522131908,5.295091362678804,0.7855678703997452,5.169669302233216
HOF ITEM
51.42159367862474
6.176606250259594,-4.0,4.4557684754333335,3.387315592780689,4.774035976247456,0.26502754644686277,1.3661859688831022,1.9493774083492417,5.393130617305462,3.8234980059635584,0.8745035728889633,3.249816369172078,5.284084094274159,0.7855678703997452,5.153332162258218
seed 309
Initial fitness values: [np.float64(54.229450275890564), np.float64(54.229450275890564), np.float64(53.28921765725189), np.float64(49.77453220817403), np.float64(49.77453220817403), np.float64(48.41050754043558), np.float64(48.175061515193335), np.float64(47.84992055655672), np.float64(46.95461458063273), np.float64(46.83611960117386)]
Final fitness values: [np.float64(43.9371560652756), np.float64(43.9371560652756), np.float64(43.93366281059507), np.float64(43.93366281059507), np.float64(43.93363512950013), np.float64(43.93363512950013), np.float64(43.93363512950013), np.float64(43.93363512950013), np.float64(43.93363512950013), np.float64(43.93363512950013)]
HOF ITEM
43.93363512950013
-3.5897959454850463,1.5525416909697891,4.949872656766798,4.682843245188271,-4.669652182689676,2.4551051615333215,-2.281131538013323,2.647951830424621,0.8328553687643778,5.893563985882601,1.7956745299326584,3.1720739841718504,5.520057658605717,1.560920232434587,0.6508391670447665
HOF ITEM
43.93363512950013
-3.5897959454850463,1.5525416909697891,4.949872656766798,4.682843245188271,-4.669652182689676,2.4551051615333215,-2.281131538013323,2.647951830424621,0.8328553687643778,5.803638378129335,1.7956745299326584,3.598653846578456,5.520057658605717,1.560920232434587,0.46771344059446074
HOF ITEM
43.93363512950013
-3.5897959454850463,1.5525416909697891,4.949872656766798,4.682843245188271,-4.669652182689676,2.4551051615333215,-2.281131538013323,2.647951830424621,0.8328553687643778,5.893563985882601,1.7956745299326584,3.1720739841718504,5.520057658605717,1.560920232434587,0.46771344059446074
HOF ITEM
43.93363512950013
-3.5897959454850463,1.5525416909697891,4.949872656766798,4.682843245188271,-4.669652182689676,2.4551051615333215,-2.281131538013323,2.647951830424621,0.8328553687643778,5.803638378129335,1.7956745299326584,3.1720739841718504,5.520057658605717,1.560920232434587,0.46771344059446074
HOF ITEM
43.93363512950013
-3.5897959454850463,1.5525416909697891,4.949872656766798,4.682843245188271,-4.669652182689676,2.4551051615333215,-2.281131538013323,2.647951830424621,0.8328553687643778,5.803638378129335,1.7956745299326584,3.469759223296829,5.520057658605717,1.991994942769747,0.46771344059446074
best parameter set
fitness 41.26477601459604 seed 305
-3.1269548995891605,1.57497187046453,4.296033263405146,2.881685041440603,-3.4957411597521584,-0.7082529016291055,-1.8347653887744446,2.614933295278193,1.4621140462307876,2.6966964864885945,3.0,1.4799581561610082,-3.0604817990343665,2.3178241153662698,2.8557398357364217
