seeds are [640 641 642 643 644 645 646 647 648 649]
seed 640
Initial fitness values: [np.float64(29.283683719985678), np.float64(26.263101829087507), np.float64(25.674229324427763), np.float64(22.280336141415386), np.float64(22.280336141415386), np.float64(22.280336141415386), np.float64(22.258815067461427), np.float64(22.11918621202012), np.float64(22.103719090650856), np.float64(22.103719090650856)]
Final fitness values: [np.float64(21.541798588559224), np.float64(21.539007883600846), np.float64(21.539007883600846), np.float64(21.539007883600846), np.float64(21.53900625733943), np.float64(21.53900625733943), np.float64(21.53900625733943), np.float64(21.53900625733943), np.float64(21.53900625733943), np.float64(21.538957474691447)]
HOF ITEM
21.538957474691447
-6.98534640770819,1.5704660595084545,0.4385490966398325,-2.568890617231488,-5.994552753766611,4.577648057305829,-5.654590951420404,1.7894398577635338,2.993210061605475,0.6559244886377129,0.04975542013976611,4.369031786708118,-0.7027519221597218,1.2091989784436425,1.217781688018317
HOF ITEM
21.53900625733943
-6.98534640770819,1.5704660595084545,0.4385490966398325,-2.568890617231488,-5.994552753766611,5.161529016335332,-5.654590951420404,1.7894398577635338,2.993210061605475,0.6559244886377129,0.04975542013976611,4.369031786708118,-0.56202707149581,1.4865543980682256,1.4878712310289615
HOF ITEM
21.539007883600846
-6.98534640770819,1.5704660595084545,0.4385490966398325,-2.568890617231488,-5.994552753766611,5.1883201137032815,-5.654590951420404,1.7894398577635338,2.993210061605475,0.6559244886377129,0.04975542013976611,4.369031786708118,-0.56202707149581,1.4865543980682256,1.4878712310289615
HOF ITEM
21.541798588559224
-6.98534640770819,1.5704660595084545,0.4385490966398325,-2.568890617231488,-6.504864412975317,5.161529016335332,-5.654590951420404,1.7894398577635338,2.993210061605475,0.6559244886377129,0.04975542013976611,4.369031786708118,-0.56202707149581,1.4865543980682256,1.4878712310289615
HOF ITEM
21.54179858855928
-6.98534640770819,1.5704660595084545,0.4385490966398325,-2.568890617231488,-6.504864412975317,5.161529016335332,-5.654590951420404,1.7894398577635338,2.993210061605475,0.6559244886377129,0.04975542013976611,4.369031786708118,-0.56202707149581,1.4865543980682256,1.2165836161822037
seed 641
Initial fitness values: [np.float64(32.79526483907096), np.float64(30.301903063201607), np.float64(26.69837797561574), np.float64(26.69837797561574), np.float64(26.02671373210843), np.float64(25.760534137173163), np.float64(25.32915319121372), np.float64(25.32915319121372), np.float64(25.041345265022564), np.float64(24.666352641167574)]
Final fitness values: [np.float64(22.25915742566687), np.float64(22.25915742566687), np.float64(22.111726731074306), np.float64(22.111726731074306), np.float64(22.111726731074306), np.float64(22.111725859265437), np.float64(22.065717025384163), np.float64(22.065717025384163), np.float64(21.96184613342973), np.float64(21.87193221758436)]
HOF ITEM
21.87193221758436
3.9931412014254795,-0.46096936508699915,0.3405574515855896,-0.7363232762812661,5.5372186592272685,2.716474595817205,1.3395152656260956,3.0,5.945404290527595,5.75177414952702,1.3686850112249829,2.859399409156754,0.8428249962726729,2.7390291779378084,3.2008230575469105
HOF ITEM
21.947396333193982
4.043105795209391,-0.4722996449074358,0.19735924437032198,-0.917726167932624,5.315214930458541,2.748653898821152,1.3395152656260956,3.0,5.869743831199994,6.100815145499662,1.1998358978189165,2.6982620907078756,0.7083011093425812,2.7390291779378084,3.328479139561664
HOF ITEM
21.96184613342973
4.043105795209391,-0.4722996449074358,0.19735924437032198,-0.917726167932624,5.315214930458541,2.748653898821152,1.3395152656260956,3.0,5.869743831199994,6.100815145499662,1.3686850112249829,1.7525346055801982,0.7217133618207145,2.7390291779378084,3.7233297630155184
HOF ITEM
21.998426086104722
3.9940082239346224,-0.46096936508699915,0.20435630993751722,-0.917726167932624,5.315214930458541,2.8643069431283585,1.3395152656260956,3.0,5.869743831199994,6.100815145499662,1.5416573517339125,1.951328312163552,0.7083011093425812,2.7390291779378084,3.328479139561664
HOF ITEM
22.065698197359392
3.975144234349849,-0.46096936508699915,0.19735924437032198,-0.917726167932624,5.315214930458541,2.748653898821152,1.3395152656260956,3.0,5.869743831199994,6.100815145499662,1.3686850112249829,2.292170568252975,0.7490657168478698,2.7390291779378084,3.328479139561664
seed 642
Initial fitness values: [np.float64(29.6022507012323), np.float64(26.49649274934067), np.float64(26.49649274934067), np.float64(25.168010397406356), np.float64(25.01527183952972), np.float64(24.48535565002184), np.float64(24.48535565002184), np.float64(24.485347973299035), np.float64(24.430322024129016), np.float64(24.335312564905507)]
Final fitness values: [np.float64(23.88741874523849), np.float64(23.882108083115078), np.float64(23.84800124699998), np.float64(23.84800124699998), np.float64(23.826923088073283), np.float64(23.826923088073283), np.float64(23.826923088073283), np.float64(23.826923088073283), np.float64(23.826923088073283), np.float64(23.826872435295197)]
HOF ITEM
23.826872435295197
6.84948514074617,-1.6724976634040323,-6.655076985447855,0.2481392536842964,6.148221118432219,4.110710931341157,1.355401726516726,2.0718505705828147,5.68166412418641,5.048295984044961,0.3171806725079588,3.4620137205843005,0.9853466250886536,1.8660157500290928,1.8464954135647842
HOF ITEM
23.826923088073283
6.84948514074617,-1.6724976634040323,-6.844552620931023,0.2481392536842964,6.148221118432219,4.110710931341157,1.355401726516726,2.0718505705828147,5.68166412418641,5.048295984044961,0.3171806725079588,3.4620137205843005,0.8692157334910586,2.133885301370352,1.8950103956982134
HOF ITEM
23.826928156033883
6.84948514074617,-1.6724976634040323,-6.844552620931023,0.2481392536842964,6.148221118432219,4.110710931341157,1.355401726516726,2.0718505705828147,5.68166412418641,5.048295984044961,0.3171806725079588,3.4620137205843005,0.8692157334910586,1.7969888371249887,1.8950103956982134
HOF ITEM
23.82701870765821
6.84948514074617,-1.6724976634040323,-6.844552620931023,0.2481392536842964,6.148221118432219,4.5777634178872955,1.355401726516726,2.0718505705828147,5.68166412418641,5.048295984044961,0.3171806725079588,3.4620137205843005,0.8692157334910586,2.133885301370352,1.9743414952713156
HOF ITEM
23.847996106774016
6.84948514074617,-1.6752506855119125,-6.844552620931023,0.2481392536842964,6.148221118432219,4.110710931341157,1.355401726516726,2.0718505705828147,5.68166412418641,5.048295984044961,0.3171806725079588,3.4620137205843005,0.8692157334910586,2.133885301370352,1.8950103956982134
seed 643
Initial fitness values: [np.float64(31.018142628262503), np.float64(29.710982435606237), np.float64(27.07988987952217), np.float64(24.714276917619774), np.float64(24.714276917619774), np.float64(23.067499492982606), np.float64(22.95746232410081), np.float64(22.595624244617515), np.float64(22.133847525559244), np.float64(22.133847524561297)]
Final fitness values: [np.float64(22.030041958230512), np.float64(22.030041958230512), np.float64(22.030041958230512), np.float64(22.030041958230512), np.float64(22.030041958230512), np.float64(22.030041958230512), np.float64(22.030041956761576), np.float64(22.030041956761576), np.float64(22.030041956761576), np.float64(22.030041956761576)]
HOF ITEM
22.030041956761576
-1.811714070882455,1.5038619374984097,-4.443186777876697,-3.8554214963616777,-1.0677219399315097,5.392140651459923,-0.6054853459835068,3.0,2.4142257934890936,1.7993694851537978,2.860009035957754,1.8700387795572087,5.333226648843609,0.49863643053307793,0.3721130072810441
HOF ITEM
22.0300419572294
-1.811714070882455,1.5038619374984097,-4.443186777876697,-3.8554214963616777,-1.0677219399315097,5.392140651459923,-0.6054853459835068,3.0,2.4142257934890936,1.7993694851537978,2.860009035957754,1.8700387795572087,5.5609694521331985,0.49863643053307793,0.3721130072810441
HOF ITEM
22.030041957546654
-1.811714070882455,1.5038619374984097,-4.443186777876697,-3.8554214963616777,-1.0677219399315097,5.392140651459923,-0.6054853459835068,3.0,2.4142257934890936,1.7993694851537978,2.860009035957754,1.8700387795572087,5.333226648843609,0.49707236338841626,0.18918762353713597
HOF ITEM
22.03004195756611
-1.811714070882455,1.5038619374984097,-4.443186777876697,-3.8554214963616777,-1.0677219399315097,5.392140651459923,-0.6054853459835068,3.0,2.4142257934890936,1.7993694851537978,2.860009035957754,1.8700387795572087,5.333226648843609,0.49863643053307793,0.18918762353713597
HOF ITEM
22.030041957768514
-1.811714070882455,1.5038619374984097,-4.443186777876697,-3.8554214963616777,-1.0677219399315097,5.392140651459923,-0.6054853459835068,3.0,2.4142257934890936,1.7993694851537978,3.0,1.8700387795572087,5.5609694521331985,0.49707236338841626,0.18918762353713597
seed 644
Initial fitness values: [np.float64(28.522367635764827), np.float64(28.491514641230722), np.float64(27.685703467327603), np.float64(27.40568979475483), np.float64(27.40568979475483), np.float64(27.331821860286265), np.float64(27.13565056273576), np.float64(27.13565056273576), np.float64(27.105471945819), np.float64(26.842283992477565)]
Final fitness values: [np.float64(26.391133963507524), np.float64(26.391133963507524), np.float64(26.391133963507524), np.float64(26.391133963507524), np.float64(26.391133963507524), np.float64(26.391133963507524), np.float64(26.391133963507524), np.float64(26.391133963507524), np.float64(26.391133963507524), np.float64(26.391133963507524)]
HOF ITEM
26.391133963507524
3.4458613755754484,-0.5420451583448687,-3.5151251020033913,2.7161039181175974,-0.4597397342234884,4.871257408065871,2.854200727549459,0.9412353814028191,3.5740864276254287,6.687115958211498,0.12730550546393377,4.988769958958102,2.4426897114203796,1.079556705756154,5.186671243346525
HOF ITEM
26.391142392276766
3.4458613755754484,-0.5420451583448687,-3.5151251020033913,2.7161039181175974,-0.4597397342234884,4.871257408065871,2.854200727549459,0.9412353814028191,3.5740864276254287,6.687115958211498,0.12730550546393377,4.988769958958102,2.4426897114203796,0.8305123409304802,5.186671243346525
HOF ITEM
26.391252675426706
3.4458613755754484,-0.5420451583448687,-3.4995951938055283,2.7161039181175974,-0.4597397342234884,4.871257408065871,2.854200727549459,0.9412353814028191,3.5740864276254287,6.687115958211498,0.12730550546393377,4.988769958958102,2.6995814418269855,1.4255161023580496,5.564716692469589
HOF ITEM
26.391660320453415
3.220112750614842,-0.5420451583448687,-3.5151251020033913,2.9263688547251876,-0.4597397342234884,5.088878081149466,2.854200727549459,0.9412353814028191,3.5740864276254287,6.547149157031561,0.15508656339789395,4.988769958958102,2.4426897114203796,1.079556705756154,5.150069725538409
HOF ITEM
26.39174026944081
3.4458613755754484,-0.5420451583448687,-3.450173941408533,2.7161039181175974,-0.4597397342234884,4.80253845933201,2.854200727549459,0.9412353814028191,3.5740864276254287,6.687115958211498,0.12730550546393377,4.988769958958102,2.4426897114203796,1.079556705756154,5.186671243346525
seed 645
Initial fitness values: [np.float64(32.25436523130245), np.float64(27.32443803393122), np.float64(27.32443803393122), np.float64(25.28631439611445), np.float64(25.28631439611445), np.float64(23.84097954185866), np.float64(23.84097954185866), np.float64(23.840816397183826), np.float64(23.82984692500702), np.float64(23.825213928582865)]
Final fitness values: [np.float64(22.735353123018882), np.float64(22.718553710988413), np.float64(22.67596558802179), np.float64(22.647387348147554), np.float64(22.629897969600556), np.float64(22.629897969600556), np.float64(22.628817803414403), np.float64(22.627746325817544), np.float64(22.624119685467303), np.float64(22.624119685467303)]
HOF ITEM
22.624119685467303
2.702745569678081,-0.04677544993659505,-2.568263036911108,-6.30622605509535,-1.5464628130525733,4.70330265890864,1.292430869877755,3.0,4.529590720275376,2.8883370010647433,3.0,3.4718508558851227,3.6466180585739267,0.7992533047591955,6.771807409143542
HOF ITEM
22.62520246557786
2.702745569678081,-0.04677544993659505,-2.568263036911108,-6.30622605509535,-1.5464628130525733,4.70330265890864,1.292430869877755,3.0,4.529590720275376,2.8883370010647433,3.0,3.4718508558851227,3.366799770938191,1.1194352024717804,6.978157436334534
HOF ITEM
22.625977080401217
2.702745569678081,-0.04677544993659505,-2.568263036911108,-6.30622605509535,-1.5464628130525733,4.70330265890864,1.292430869877755,3.0,4.529590720275376,2.749635864331834,3.0,3.5984827318301127,4.01380064451682,0.5683182569722447,6.771807409143542
HOF ITEM
22.626306344531177
2.702745569678081,-0.04677544993659505,-2.511270500779389,-6.314973836226883,-1.5731352855736156,5.433445039558565,1.292430869877755,3.0,4.529590720275376,2.8883370010647433,3.0,3.4718508558851227,3.6466180585739267,0.7992533047591955,6.771807409143542
HOF ITEM
22.62660958110032
2.702745569678081,-0.04677544993659505,-2.511270500779389,-6.314973836226883,-1.5731352855736156,5.433445039558565,1.292430869877755,3.0,4.529590720275376,2.8883370010647433,3.0,3.421619739353897,3.366799770938191,0.7992533047591955,6.771807409143542
seed 646
Initial fitness values: [np.float64(28.243198268662137), np.float64(27.187433610117463), np.float64(26.917982072897633), np.float64(26.917982072897633), np.float64(26.917982069085213), np.float64(26.899882078019495), np.float64(26.89665198390857), np.float64(26.88491001791428), np.float64(26.88180048754495), np.float64(26.873506353641282)]
Final fitness values: [np.float64(26.09425335127838), np.float64(26.09399664371643), np.float64(26.09399664371643), np.float64(26.09399664131965), np.float64(26.09380611826571), np.float64(26.09380611826571), np.float64(26.093806116534342), np.float64(26.09373592824995), np.float64(26.09373592824995), np.float64(26.09373592824995)]
HOF ITEM
26.09373592824995
7.0,-1.2197175490267544,-3.757894176860385,5.937986828783291,-5.977531977469022,5.812321814967094,4.214925983431617,0.8661666499368663,7.0,3.120302689166724,0.3900306926315003,2.5000824965198003,-6.179336943004654,1.1087807722259262,2.4856794934203212
HOF ITEM
26.09373592832071
7.0,-1.2197175490267544,-3.757894176860385,5.937986828783291,-5.977531977469022,5.812321814967094,4.214925983431617,0.8661666499368663,7.0,3.120302689166724,0.3900306926315003,2.5000824965198003,-6.179336943004654,1.2498563152699367,2.5517189900211554
HOF ITEM
26.093735929836722
7.0,-1.2197175490267544,-3.757894176860385,5.937986828783291,-5.977531977469022,5.696348972037177,4.214925983431617,0.8661666499368663,7.0,3.120302689166724,0.3900306926315003,2.5000824965198003,-6.179336943004654,1.1087807722259262,2.4856794934203212
HOF ITEM
26.093735931402453
7.0,-1.2197175490267544,-3.757894176860385,5.937986828783291,-5.977531977469022,5.599204692609931,4.214925983431617,0.8661666499368663,7.0,3.120302689166724,0.3900306926315003,2.5000824965198003,-6.179336943004654,1.2498563152699367,2.5517189900211554
HOF ITEM
26.093806114678806
7.0,-1.2197175490267544,-3.6060879711579807,5.937986828783291,-5.977531977469022,5.812321814967094,4.214925983431617,0.8661666499368663,7.0,3.120302689166724,0.3900306926315003,2.5000824965198003,-6.179336943004654,1.2498563152699367,2.5517189900211554
seed 647
Initial fitness values: [np.float64(31.56264530395969), np.float64(28.614771718543892), np.float64(28.108983328764996), np.float64(27.855734358013233), np.float64(27.324956855524974), np.float64(27.139309421450967), np.float64(27.04081126983045), np.float64(26.740165397173506), np.float64(26.740165397173506), np.float64(26.740165397173506)]
Final fitness values: [np.float64(20.887415236487197), np.float64(20.8874151743464), np.float64(20.8874151743464), np.float64(20.8874151743464), np.float64(20.8874151743464), np.float64(20.8874151743464), np.float64(20.8874151743464), np.float64(20.8874151743464), np.float64(20.8874151743464), np.float64(20.8874151743464)]
HOF ITEM
20.8874151743464
-3.6602648327478935,1.5627876094613213,6.721140602663348,4.047495744165776,-3.524559962660779,-1.2746298785656298,-2.3616453826982053,2.6327265602329297,2.505993330376036,2.384164898794405,2.765221323313018,1.3991418616695883,-4.4082138360447924,2.4243795961097954,7.0
HOF ITEM
20.8874151743464
-3.6602648327478935,1.5627876094613213,6.721140602663348,4.047495744165776,-3.524559962660779,-1.2746298785656298,-2.3616453826982053,2.6327265602329297,2.505993330376036,2.5279455782417766,3.0,1.4819987776063608,-4.4082138360447924,2.4243795961097954,7.0
HOF ITEM
20.8874151743464
-3.6602648327478935,1.5627876094613213,6.721140602663348,4.047495744165776,-3.524559962660779,-1.2746298785656298,-2.3616453826982053,2.6327265602329297,2.505993330376036,2.384164898794405,3.0,1.4819987776063608,-4.4082138360447924,2.4243795961097954,7.0
HOF ITEM
20.8874151743464
-3.6602648327478935,1.5627876094613213,6.721140602663348,4.047495744165776,-3.524559962660779,-1.2746298785656298,-2.3616453826982053,2.6327265602329297,2.505993330376036,2.384164898794405,3.0,1.3991418616695883,-4.4082138360447924,2.4243795961097954,7.0
HOF ITEM
20.8874151743464
-3.6602648327478935,1.5627876094613213,6.721140602663348,4.047495744165776,-3.524559962660779,-1.2746298785656298,-2.3616453826982053,2.6327265602329297,2.505993330376036,2.5279455782417766,3.0,1.3991418616695883,-4.4082138360447924,2.4243795961097954,7.0
seed 648
Initial fitness values: [np.float64(27.800309626172066), np.float64(27.68590072155401), np.float64(25.936605831768247), np.float64(25.936605831768247), np.float64(23.582179427241336), np.float64(22.968603675575512), np.float64(22.968603675575512), np.float64(22.777453584502396), np.float64(22.4672391774226), np.float64(22.467238991636723)]
Final fitness values: [np.float64(22.019912111902638), np.float64(22.019912111902638), np.float64(22.01977958812381), np.float64(22.01899877097912), np.float64(22.01899877097912), np.float64(22.018867309799308), np.float64(22.01876747605444), np.float64(22.01876747605444), np.float64(22.01876747605444), np.float64(22.018524269003745)]
HOF ITEM
22.018524269003745
-5.998035016527578,1.5723593268969744,-0.9769320917863407,6.121180770389415,3.618962852112807,5.456162603980577,-4.663570243521415,1.9984772345589774,0.5163983094973883,2.3709640214039185,1.4935684704881407,2.73028484903468,-3.8266936434639933,0.6992779011687646,3.576018662265671
HOF ITEM
22.018767476029872
-5.998035016527578,1.5723593268969744,-0.9769320917863407,6.121180770389415,3.618962852112807,5.676728734124685,-4.663570243521415,1.9984772345589774,0.5163983094973883,1.9765200472570061,1.5425463596094815,3.1620717930455102,-3.6815500607711176,0.6992779011687646,3.610849194812519
HOF ITEM
22.01876747605187
-5.998035016527578,1.5723593268969744,-0.9769320917863407,6.121180770389415,3.618962852112807,5.676728734124685,-4.663570243521415,1.9984772345589774,0.5163983094973883,2.259714925893618,1.5425463596094815,3.1620717930455102,-3.6815500607711176,0.6992779011687646,3.610849194812519
HOF ITEM
22.01876747605444
-5.998035016527578,1.5723593268969744,-0.9769320917863407,6.121180770389415,3.618962852112807,5.676728734124685,-4.663570243521415,1.9984772345589774,0.5163983094973883,2.3388010245127635,1.5425463596094815,3.1620717930455102,-3.6815500607711176,0.6992779011687646,3.610849194812519
HOF ITEM
22.018815024031756
-5.998035016527578,1.5723593268969744,-0.9769320917863407,6.121180770389415,3.618962852112807,5.741081616016701,-4.663570243521415,1.9984772345589774,0.5163983094973883,2.259714925893618,1.4705711707703157,3.1620717930455102,-3.6815500607711176,0.6992779011687646,3.610849194812519
seed 649
Initial fitness values: [np.float64(30.40615383180348), np.float64(25.884552482249422), np.float64(25.884552482249422), np.float64(23.119838547185513), np.float64(23.119838547185513), np.float64(23.078164283611592), np.float64(22.74530686750886), np.float64(22.71198896354433), np.float64(22.32578629924106), np.float64(22.260615595587794)]
Final fitness values: [np.float64(22.048335758331113), np.float64(22.048335758331113), np.float64(22.048335758331113), np.float64(22.048335758331113), np.float64(22.048335758331113), np.float64(22.048335758331113), np.float64(22.048335758331113), np.float64(22.048335758331113), np.float64(22.048335758331113), np.float64(22.048335758331113)]
HOF ITEM
22.048335758331113
-2.264904010960069,1.5281587040286386,5.790507739364926,-0.43160852464939625,-4.229806622515885,1.0435233549685567,-1.0124682906697817,2.812789283619073,5.67966721696373,3.1083139960667543,1.0865422375533471,4.562712606765434,6.432982445824357,0.0,4.669447809834868
HOF ITEM
22.048337292997065
-2.264904010960069,1.5281587040286386,5.790507739364926,-0.43160852464939625,-4.229806622515885,1.0435233549685567,-1.0124682906697817,2.812789283619073,5.67966721696373,3.1083139960667543,1.0865422375533471,4.562712606765434,6.434358592311304,0.0,4.669447809834868
HOF ITEM
22.048458105705187
-2.264904010960069,1.5281587040286386,5.790507739364926,-0.43160852464939625,-4.229806622515885,1.0435233549685567,-1.0124682906697817,2.812789283619073,5.67966721696373,3.1083139960667543,1.0865422375533471,4.562712606765434,6.432982445824357,0.0,4.554497348080269
HOF ITEM
22.04848167302588
-2.264904010960069,1.5281587040286386,5.790507739364926,-0.43160852464939625,-4.229806622515885,1.0435233549685567,-1.0124682906697817,2.812789283619073,5.67966721696373,3.1083139960667543,1.0865422375533471,4.562712606765434,6.432982445824357,0.0,4.53075550363572
HOF ITEM
22.0484830075246
-2.264904010960069,1.5281587040286386,5.790507739364926,-0.43160852464939625,-4.229806622515885,1.0435233549685567,-1.0124682906697817,2.812789283619073,5.67966721696373,3.1083139960667543,1.0865422375533471,4.562712606765434,6.434358592311304,0.0,4.53075550363572
best parameter set
fitness 20.861665777181177 seed 647
-3.6620693374742244,1.564104469674214,6.721097310589035,4.047539038021665,-3.5245599692757104,-1.2746298748214588,-2.3593679858292833,2.6322771254087396,2.5060437229139767,2.5279455782417766,3.0,1.4819987776063608,-4.40821383569509,2.42437959468634,7.0
