seeds are [430 431 432 433 434 435 436 437 438 439]
seed 430
Initial fitness values: [np.float64(32.94087437104642), np.float64(29.06262996286123), np.float64(28.86181467797893), np.float64(26.700729347282522), np.float64(26.653085668351515), np.float64(26.653085668351515), np.float64(25.369965995760527), np.float64(25.30907794387812), np.float64(25.30200334827052), np.float64(25.291667885344282)]
Final fitness values: [np.float64(22.49140728764572), np.float64(22.49140728764572), np.float64(22.49140728764572), np.float64(22.49140728764572), np.float64(22.49140728764572), np.float64(22.49140728764572), np.float64(22.49140728764572), np.float64(22.491407287645686), np.float64(22.491407287645686), np.float64(22.491407287645686)]
HOF ITEM
22.491407287645686
-4.08910863498612,2.103425637685343,0.6705833205114798,3.9146346484150887,5.502359311238246,2.834475102704818,-6.790932110834181,2.5323564970535832,1.5325640656274522,3.454162429009882,2.083574188864301,5.8540578414495075,-6.011793670217978,2.307928229947242,4.972451347646378
HOF ITEM
22.491407287645686
-4.08910863498612,2.103425637685343,0.6705833205114798,3.9146346484150887,5.502359311238246,2.834475102704818,-7.0,2.5323564970535832,1.5325640656274522,3.454162429009882,2.083574188864301,5.8540578414495075,-6.011793670217978,2.307928229947242,4.972451347646378
HOF ITEM
22.49140728764572
-4.08910863498612,2.103425637685343,0.6705833205114798,3.9146346484150887,5.502359311238246,2.834475102704818,-6.790932110834181,2.5323564970535832,1.3782843343558413,3.454162429009882,1.89656697935389,5.613680948824516,-6.011793670217978,2.307928229947242,4.972451347646378
HOF ITEM
22.49140728764572
-4.08910863498612,2.103425637685343,0.6705833205114798,3.9146346484150887,5.502359311238246,2.834475102704818,-6.790932110834181,2.5323564970535832,1.5325640656274522,3.454162429009882,1.89656697935389,5.613680948824516,-6.011793670217978,2.307928229947242,4.972451347646378
HOF ITEM
22.49140728764572
-4.08910863498612,2.103425637685343,0.6705833205114798,3.9146346484150887,5.502359311238246,2.834475102704818,-6.790932110834181,2.5323564970535832,1.5325640656274522,3.454162429009882,1.89656697935389,5.721589830424829,-6.011793670217978,2.307928229947242,4.972451347646378
seed 431
Initial fitness values: [np.float64(30.57749622516012), np.float64(29.44374063854025), np.float64(27.677514196715276), np.float64(27.315499725757192), np.float64(27.23359374003482), np.float64(27.105058929772092), np.float64(26.637941053731918), np.float64(26.637937531140878), np.float64(26.637937531140878), np.float64(26.516326190802744)]
Final fitness values: [np.float64(23.241514385795288), np.float64(23.241514385795288), np.float64(23.241514385795288), np.float64(23.241514385795288), np.float64(23.241514385795288), np.float64(23.241514385795288), np.float64(23.222039231351683), np.float64(23.222039231351683), np.float64(23.222039231351683), np.float64(23.220954367505513)]
HOF ITEM
23.220954367505513
-2.096688644092028,1.392913000007823,-6.528821859772429,-5.01181043627171,-0.14228728578579763,6.841452558259495,-0.49743499495064236,1.9117134705547023,6.6890151054781795,-0.1710935302032784,1.7777654808253784,3.434092875356836,-5.456695480881228,0.5428528132235294,1.5654763246320855
HOF ITEM
23.222039231351683
-2.096688644092028,1.392913000007823,-6.586865259026465,-5.01181043627171,-0.14228728578579763,6.795402661939706,-0.49743499495064236,1.9117134705547023,6.6890151054781795,-0.1710935302032784,1.7777654808253784,3.434092875356836,-5.93147519163468,0.48758979076860964,1.777302427851994
HOF ITEM
23.222042763687256
-2.096688644092028,1.392913000007823,-6.586865259026465,-5.01181043627171,-0.14228728578579763,7.0,-0.49743499495064236,1.9117134705547023,6.6890151054781795,-0.1710935302032784,1.7777654808253784,3.434092875356836,-5.93147519163468,0.48758979076860964,1.777302427851994
HOF ITEM
23.2304832616221
-2.096688644092028,1.392913000007823,-6.586865259026465,-5.01181043627171,-0.14228728578579763,7.0,-0.49743499495064236,1.9117134705547023,6.6890151054781795,-0.1710935302032784,1.7777654808253784,3.4484042012221794,-5.771407034054971,0.48758979076860964,1.777302427851994
HOF ITEM
23.23048329454225
-2.096688644092028,1.392913000007823,-6.586865259026465,-5.01181043627171,-0.14228728578579763,7.0,-0.49743499495064236,1.9117134705547023,6.6890151054781795,-0.1710935302032784,1.7777654808253784,3.4484042012221794,-5.93147519163468,0.48758979076860964,1.777302427851994
seed 432
Initial fitness values: [np.float64(27.732320108943107), np.float64(27.355350585100055), np.float64(26.803998984458108), np.float64(26.643843544705888), np.float64(26.323931187435974), np.float64(25.096805970045303), np.float64(25.096805970045303), np.float64(24.147634894068315), np.float64(23.789665561931958), np.float64(23.393347289985115)]
Final fitness values: [np.float64(21.7363626094814), np.float64(21.7363626094814), np.float64(21.7363626094814), np.float64(21.7363626094814), np.float64(21.7363626094814), np.float64(21.7363626094814), np.float64(21.732737242949955), np.float64(21.732737242949955), np.float64(21.732737242949955), np.float64(21.732737242949955)]
HOF ITEM
21.732737242949955
-3.0331825212620447,1.586500696093066,-0.22599717558652993,-6.019254081557493,-2.5008971310965187,5.518409098929819,-1.7278326486933038,3.0,5.62118989657975,2.127317690620933,0.0,1.7624680997402158,-5.266402623887305,0.0,2.5880754208789556
HOF ITEM
21.7363626094814
-3.0331825212620447,1.586500696093066,-0.22599717558652993,-6.019254081557493,-2.5008971310965187,4.952984406863469,-1.7278326486933038,3.0,5.62118989657975,2.127317690620933,0.0,1.7624680997402158,-5.266402623887305,0.0,2.5880754208789556
HOF ITEM
21.73651938779913
-3.0331825212620447,1.586500696093066,-0.22599717558652993,-6.019254081557493,-2.5008971310965187,4.952984406863469,-1.7278326486933038,3.0,5.62118989657975,2.127317690620933,0.0,1.7624680997402158,-5.266402623887305,0.0,2.7590658694070136
HOF ITEM
21.736876520659703
-3.0331825212620447,1.586500696093066,-0.22599717558652993,-6.019254081557493,-2.5008971310965187,4.952984406863469,-1.7278326486933038,3.0,5.62118989657975,2.12975193803735,0.0,1.7624680997402158,-5.266402623887305,0.0,2.7590658694070136
HOF ITEM
21.73690569082267
-3.0331825212620447,1.586500696093066,-0.22599717558652993,-6.019254081557493,-2.5008971310965187,4.952984406863469,-1.7278326486933038,3.0,5.62118989657975,2.12975193803735,0.0,1.7624680997402158,-5.266402623887305,0.11259770787185104,2.7590658694070136
seed 433
Initial fitness values: [np.float64(27.695771312732663), np.float64(27.066419596921865), np.float64(27.066419596921865), np.float64(25.767802917413167), np.float64(25.614805265662227), np.float64(25.222458501276577), np.float64(24.862999637476488), np.float64(24.356155979147143), np.float64(23.46152814418464), np.float64(23.335832962761444)]
Final fitness values: [np.float64(21.307551585491524), np.float64(21.307551585491524), np.float64(21.307551585491524), np.float64(21.307551585491524), np.float64(21.307551585491524), np.float64(21.307551585491524), np.float64(21.307551585491524), np.float64(21.307551585491524), np.float64(21.307551585491524), np.float64(21.307551585491524)]
HOF ITEM
21.307551585491524
-0.5773162877036726,1.0406759899602498,-4.9506336646108515,-5.631748175229268,0.7242043790690389,-2.9735677319320857,0.26772416269337584,2.0481475936010067,6.16967015419638,1.3519552929651582,2.3746118846048896,2.884845172262236,-0.38910696111619614,3.0,3.2438682586792527
HOF ITEM
21.309242527368855
-0.5773162877036726,1.0406759899602498,-4.9506336646108515,-5.631748175229268,0.7242043790690389,-2.9735677319320857,0.26772416269337584,2.0481475936010067,6.16967015419638,1.3519552929651582,2.3746118846048896,2.884845172262236,-0.39586799229514547,3.0,3.2438682586792527
HOF ITEM
21.31944897292601
-0.5773162877036726,1.0406759899602498,-4.9506336646108515,-5.631748175229268,0.7242043790690389,-2.9735677319320857,0.26772416269337584,2.0401537049362424,6.16967015419638,1.3519552929651582,2.4034410310084753,2.884845172262236,-0.38910696111619614,3.0,3.2438682586792527
HOF ITEM
21.352136645969214
-0.5773162877036726,1.0406759899602498,-4.922953560125611,-5.631748175229268,0.7242043790690389,-2.9735677319320857,0.26772416269337584,2.0481475936010067,6.16967015419638,1.3519552929651582,2.3746118846048896,2.884845172262236,-0.38910696111619614,3.0,3.2438682586792527
HOF ITEM
21.35262262165974
-0.5773162877036726,1.0406759899602498,-4.922953560125611,-5.631748175229268,0.7242043790690389,-2.9735677319320857,0.26772416269337584,2.1239883608956136,6.16967015419638,1.2931141704405522,2.556372139931976,2.884845172262236,-0.38910696111619614,3.0,3.1400114503086827
seed 434
Initial fitness values: [np.float64(31.392836344486888), np.float64(27.82412337113767), np.float64(27.585524488753837), np.float64(26.455098691544762), np.float64(26.455098691544762), np.float64(25.905664642135118), np.float64(25.905664642135118), np.float64(25.289757035399674), np.float64(24.782166238124088), np.float64(24.782166238124088)]
Final fitness values: [np.float64(21.559457245575175), np.float64(21.559457245575175), np.float64(21.559457245575175), np.float64(21.559457245575175), np.float64(21.559457245575175), np.float64(21.559457245575175), np.float64(21.559457245575175), np.float64(21.559457245575175), np.float64(21.559457245575175), np.float64(21.559457245575175)]
HOF ITEM
21.559457245575175
1.7499772250820842,-0.1133716492895619,-2.767283816450939,2.170057526444028,-1.1759270341541872,-2.694115373382163,1.1041738630403963,0.9306507433378235,0.981496985513668,-0.07848893851213244,3.0,0.33998739776414355,5.034122764111696,2.5226805804386627,2.9684111526349928
HOF ITEM
21.559457245575175
1.7499772250820842,-0.1133716492895619,-2.767283816450939,2.170057526444028,-1.1759270341541872,-2.694115373382163,1.1041738630403963,0.9306507433378235,0.981496985513668,-0.07848893851213244,3.0,0.33998739776414355,5.034122764111696,2.5226805804386627,2.6215327653613683
HOF ITEM
21.559457245575175
1.7499772250820842,-0.1133716492895619,-2.767283816450939,2.170057526444028,-1.1759270341541872,-2.694115373382163,1.1041738630403963,0.9306507433378235,0.981496985513668,-0.07848893851213244,3.0,0.33998739776414355,5.185167433870836,2.042748798262797,2.9684111526349928
HOF ITEM
21.559457245575175
1.7499772250820842,-0.1133716492895619,-2.767283816450939,2.170057526444028,-1.1759270341541872,-2.694115373382163,1.1041738630403963,0.9306507433378235,0.981496985513668,-0.07848893851213244,3.0,0.33998739776414355,5.034122764111696,2.2375046558938854,2.9684111526349928
HOF ITEM
21.559457245575175
1.7499772250820842,-0.1133716492895619,-2.767283816450939,2.170057526444028,-1.1759270341541872,-2.694115373382163,1.1041738630403963,0.9306507433378235,0.981496985513668,-0.07848893851213244,3.0,0.33998739776414355,5.185167433870836,2.2375046558938854,2.9684111526349928
seed 435
Initial fitness values: [np.float64(31.345429636357927), np.float64(31.040450863359972), np.float64(28.907422111223426), np.float64(27.216885769600466), np.float64(26.488991677510047), np.float64(25.897465151102505), np.float64(25.897465151102505), np.float64(25.897465151102505), np.float64(25.315945641619198), np.float64(25.315945641619198)]
Final fitness values: [np.float64(23.834442936624892), np.float64(23.834442936624892), np.float64(23.834442936624892), np.float64(23.834442936624892), np.float64(23.834442936624892), np.float64(23.834442936624892), np.float64(23.834442936624892), np.float64(23.834442936624892), np.float64(23.834442936624892), np.float64(23.834442936624892)]
HOF ITEM
23.834442936624892
7.0,-1.6919459252733986,-0.291974937015363,5.146879380985363,4.365654713685656,7.0,1.3425120433336435,2.0907185666546417,0.6649473680135327,2.7162974419952266,1.4377658472217574,1.187087354299336,-3.545125056912202,2.5959558310845106,3.9567849387105207
HOF ITEM
23.834442936624892
7.0,-1.6919459252733986,-0.291974937015363,5.146879380985363,4.365654713685656,7.0,1.3425120433336435,2.0907185666546417,0.6649473680135327,2.7162974419952266,1.4377658472217574,1.187087354299336,-3.498524409751094,2.5959558310845106,3.9567849387105207
HOF ITEM
23.834442936624892
7.0,-1.6919459252733986,-0.291974937015363,5.146879380985363,4.365654713685656,7.0,1.3425120433336435,2.0907185666546417,0.6649473680135327,2.7162974419952266,1.4377658472217574,1.187087354299336,-3.498524409751094,2.540910186069998,3.9567849387105207
HOF ITEM
23.834442936624892
7.0,-1.6919459252733986,-0.291974937015363,5.146879380985363,4.365654713685656,7.0,1.3425120433336435,2.0907185666546417,0.6649473680135327,2.7162974419952266,1.4377658472217574,1.187087354299336,-3.545125056912202,2.540910186069998,3.9567849387105207
HOF ITEM
23.8344461255156
7.0,-1.6919459252733986,-0.291974937015363,5.146879380985363,4.365654713685656,7.0,1.3425120433336435,2.0907185666546417,0.6649473680135327,2.7162974419952266,1.4377658472217574,1.187087354299336,-3.545125056912202,2.540910186069998,4.025867365106757
seed 436
Initial fitness values: [np.float64(31.287981467723657), np.float64(30.286791604361817), np.float64(28.739281039177598), np.float64(28.703609146206794), np.float64(27.14092485029745), np.float64(27.114838307899745), np.float64(25.904140426706622), np.float64(25.90410002779243), np.float64(25.66315893435991), np.float64(24.745326189268624)]
Final fitness values: [np.float64(24.25896671893044), np.float64(24.258966353783407), np.float64(24.25896606684932), np.float64(24.25896606684932), np.float64(24.25896606684932), np.float64(24.25896606684932), np.float64(24.258904937356434), np.float64(24.25889161287341), np.float64(24.25889161287341), np.float64(24.25887090220017)]
HOF ITEM
24.25887090220017
-4.563143083833202,1.981213119669328,-6.28912041252958,3.9925084960991066,-5.820036467960963,-2.441957187210307,-2.214742260830238,1.7757262352098229,3.9810581371541627,-2.361805561480497,2.5080879394627504,4.920275561375124,-7.0,0.05792867048683964,2.5783153960503378
HOF ITEM
24.25889154373735
-4.563143083833202,1.981213119669328,-6.100753160020293,3.9925084960991066,-5.899463875863607,-2.3643852127143044,-2.214742260830238,1.7757262352098229,3.9810581371541627,-2.361805561480497,2.5080879394627504,4.920275561375124,-6.341029945130137,0.05792867048683964,2.3466359395073972
HOF ITEM
24.25889161287341
-4.563143083833202,1.981213119669328,-6.100753160020293,3.9925084960991066,-5.899463875863607,-2.3643852127143044,-2.214742260830238,1.7757262352098229,3.9810581371541627,-2.361805561480497,2.5080879394627504,4.920275561375124,-6.341029945130137,0.1324085403234502,2.3466359395073972
HOF ITEM
24.258894288505612
-4.563143083833202,1.981213119669328,-6.0401600446896255,3.9925084960991066,-5.820036467960963,-1.504598987113364,-2.214742260830238,1.7757262352098229,3.9810581371541627,-2.361805561480497,2.5080879394627504,4.920275561375124,-6.2639782923296465,0.1900917435671955,2.3466359395073972
HOF ITEM
24.25889564936713
-4.563143083833202,1.981213119669328,-6.100753160020293,3.9925084960991066,-5.820036467960963,-2.441957187210307,-2.214742260830238,1.7757262352098229,3.9810581371541627,-2.361805561480497,2.5080879394627504,4.920275561375124,-6.2639782923296465,0.05792867048683964,2.3466359395073972
seed 437
Initial fitness values: [np.float64(32.15941681236383), np.float64(30.29696498456287), np.float64(29.165788276026436), np.float64(28.82404483186115), np.float64(25.4898178422476), np.float64(25.4898178422476), np.float64(25.301880615053204), np.float64(25.296998240026056), np.float64(25.296998240026056), np.float64(25.296375701908634)]
Final fitness values: [np.float64(21.87863892079712), np.float64(21.87863892079712), np.float64(21.87863892079712), np.float64(21.87863892079712), np.float64(21.87863892079712), np.float64(21.87863892079712), np.float64(21.87863892079712), np.float64(21.87863892079712), np.float64(21.87863892079712), np.float64(21.87863892079712)]
HOF ITEM
21.87863892079712
-5.845176101469265,1.6129693130667266,-0.13642537725251616,-5.161121068058071,-1.2205917998565723,-0.6572767878144852,-4.463488304672897,2.011440062298818,5.395611368111857,-5.325338031560009,2.3207774996521326,4.03209423637508,-3.426268609869044,1.7326923300485597,3.619542125712754
HOF ITEM
21.87863892079712
-5.845176101469265,1.6129693130667266,-0.13642537725251616,-5.161121068058071,-1.2205917998565723,-0.6572767878144852,-4.463488304672897,2.011440062298818,5.395611368111857,-5.325338031560009,2.437897833648974,4.352896438221092,-3.426268609869044,1.7326923300485597,3.619542125712754
HOF ITEM
21.87863892079712
-5.845176101469265,1.6129693130667266,-0.13642537725251616,-5.161121068058071,-1.2205917998565723,-0.6572767878144852,-4.463488304672897,2.011440062298818,5.395611368111857,-5.260104561655453,2.3207774996521326,4.03209423637508,-3.426268609869044,1.7326923300485597,3.619542125712754
HOF ITEM
21.87863892079712
-5.845176101469265,1.6129693130667266,-0.13642537725251616,-5.161121068058071,-1.2205917998565723,-0.6572767878144852,-4.463488304672897,2.011440062298818,5.395611368111857,-5.285681695688821,2.3207774996521326,4.03209423637508,-3.426268609869044,1.7326923300485597,3.619542125712754
HOF ITEM
21.88079129539758
-5.845176101469265,1.6129693130667266,-0.13642537725251616,-5.161121068058071,-1.2205917998565723,-0.6572767878144852,-4.463488304672897,2.011440062298818,5.395611368111857,-5.285681695688821,2.3207774996521326,4.03209423637508,-3.4160652348754956,1.7326923300485597,3.6448333655878438
seed 438
Initial fitness values: [np.float64(28.118852086450126), np.float64(28.118852086450126), np.float64(28.00553613399649), np.float64(27.784449840870067), np.float64(27.782378582139295), np.float64(27.677344445162138), np.float64(27.661969411514697), np.float64(27.65510985140794), np.float64(27.64166228849372), np.float64(27.64166228849372)]
Final fitness values: [np.float64(27.43191374533982), np.float64(27.39431685438548), np.float64(27.34995218241956), np.float64(27.168685127012736), np.float64(27.168685127012736), np.float64(26.922205427931573), np.float64(26.831587865967368), np.float64(26.704071780312752), np.float64(26.15453036375443), np.float64(26.021596833189665)]
HOF ITEM
26.021596833189665
-3.1616265386221,1.2989280340284357,0.4425049490318751,6.906318993997329,-4.5987643925154895,-1.9755287768145648,0.37296259571394597,1.2796725159220417,6.981532832963573,-1.3014478005464714,1.8515155713985827,1.0803337252354352,3.8731519949418116,2.1885737587427885,3.731833027127723
HOF ITEM
26.15453036375443
-3.118204251327025,1.5933000440993539,0.37482941694166033,7.0,-4.5987643925154895,-1.6745965450547227,0.6812445500109507,1.1916580761320703,7.0,-1.2831222792981563,2.0666634845085388,0.748685489760361,3.4352495718094582,2.710684392343387,3.604374939412207
HOF ITEM
26.23127893113278
-3.1616265386221,1.5950766145574333,0.4711323303485148,6.906318993997329,-4.548150988578431,-2.2559559510879144,0.6786408405236024,1.1916580761320703,7.0,-1.2831222792981563,2.0666634845085388,0.748685489760361,3.4352495718094582,2.6162201373858105,4.113250432781938
HOF ITEM
26.265761357879736
-3.0696933206056616,1.5146333940134484,0.24335219439525327,7.0,-4.370402763734388,-2.023812140813866,0.6786408405236024,1.1916580761320703,6.888910982495334,-1.1109571602854968,1.8515155713985827,1.0803337252354352,3.710210030617299,2.6162201373858105,3.733676003279132
HOF ITEM
26.38981519113837
-3.024308700880942,1.5503968699713382,0.7100798362424604,7.0,-5.168562649906333,-2.2559559510879144,0.6786408405236024,1.1916580761320703,6.888910982495334,-1.1109571602854968,1.8515155713985827,1.0803337252354352,3.3785567715307967,2.710684392343387,3.733676003279132
seed 439
Initial fitness values: [np.float64(29.824109484979584), np.float64(27.134121987011028), np.float64(27.134121987011028), np.float64(24.835200183049487), np.float64(24.835200183049487), np.float64(24.240905891031915), np.float64(23.729542377759174), np.float64(23.711735331377067), np.float64(23.415076168544406), np.float64(23.412254130911553)]
Final fitness values: [np.float64(21.80440052095181), np.float64(21.80439979612454), np.float64(21.804399481178972), np.float64(21.8043977900089), np.float64(21.804390730671653), np.float64(21.804390609096043), np.float64(21.804390609096043), np.float64(21.804388803668758), np.float64(21.804388803668758), np.float64(21.804388803668758)]
HOF ITEM
21.804388803668758
-3.813193262365183,1.597953708491543,-3.030552701043835,5.832751091432108,-4.32348592944174,0.4837489107876136,-2.4879188556545073,2.608497418666772,0.47138059271553545,3.5013897716778404,0.0,1.7411409353702647,-6.2343123750106235,2.206717736544804,2.4029570129911084
HOF ITEM
21.804388922976255
-3.813193262365183,1.597953708491543,-3.030552701043835,5.832751091432108,-4.255776848768725,0.4837489107876136,-2.4879188556545073,2.608497418666772,0.47138059271553545,3.5013897716778404,0.0,1.7411409353702647,-6.2343123750106235,2.206717736544804,2.4029570129911084
HOF ITEM
21.804390609096043
-3.813193262365183,1.597953708491543,-3.030552701043835,5.813905547466305,-4.32348592944174,0.4837489107876136,-2.4879188556545073,2.608497418666772,0.47138059271553545,3.5013897716778404,0.0,1.7411409353702647,-6.2343123750106235,2.206717736544804,2.4029570129911084
HOF ITEM
21.804390730671653
-3.813193262365183,1.597953708491543,-3.030552701043835,5.813905547466305,-4.255776848768725,0.4837489107876136,-2.4879188556545073,2.608497418666772,0.47138059271553545,3.5013897716778404,0.0,1.7411409353702647,-6.2343123750106235,2.206717736544804,2.4029570129911084
HOF ITEM
21.804395648505675
-3.813193262365183,1.597953708491543,-3.030552701043835,5.832751091432108,-4.32348592944174,0.8112993671431763,-2.4879188556545073,2.608497418666772,0.47138059271553545,3.5013897716778404,0.0,1.7411409353702647,-6.2343123750106235,2.206717736544804,2.517578791161068
best parameter set
fitness 21.278028046310595 seed 433
-0.5798669570044525,1.0412646993577404,-4.923442095011486,-5.626780160526263,0.719252199540186,-2.9730950510704703,0.2715615587970803,2.0493577247796,6.170097741915856,1.3520499073042627,2.374467663683124,2.884835844400544,-0.3891018459815437,3.0,3.243874708020074
