seeds are [870 871 872 873 874 875 876 877 878 879]
seed 870
Initial fitness values: [np.float64(55.30075159180589), np.float64(52.90833945361517), np.float64(48.70314211132634), np.float64(48.70314211132634), np.float64(48.70314211132634), np.float64(48.67265016047116), np.float64(47.576038126044004), np.float64(47.576038126044004), np.float64(47.576038126044004), np.float64(47.56414990002814)]
Final fitness values: [np.float64(46.67491008953233), np.float64(46.67491008953233), np.float64(46.67491008953233), np.float64(46.67491008953233), np.float64(46.67491008953233), np.float64(46.67491008953233), np.float64(46.67491008953233), np.float64(46.67491008953233), np.float64(46.67491008953233), np.float64(46.67491008953233)]
HOF ITEM
46.67491008953233
3.6956588265708947,-0.429728661076287,-2.5030195422590378,4.523696741372705,5.506305878024019,2.550615241107004,2.0839292307317767,1.8030009622234862,5.323449577715859,2.299409997244604,1.8578558724395153,5.483321615062994,0.8394258981951145,2.667767504233709,6.183415641166457
HOF ITEM
46.674948221391794
3.6956588265708947,-0.429728661076287,-2.5030195422590378,4.523696741372705,5.506305878024019,2.550615241107004,2.0839292307317767,1.8030009622234862,5.323449577715859,2.299409997244604,1.8578558724395153,5.483321615062994,0.8394258981951145,2.667767504233709,6.164461915312486
HOF ITEM
46.67497036598058
3.6956588265708947,-0.429728661076287,-2.5030195422590378,4.523696741372705,5.506305878024019,2.550615241107004,2.0839292307317767,1.8030009622234862,5.323449577715859,2.299409997244604,1.8578558724395153,5.483321615062994,0.8394258981951145,2.667767504233709,6.153900783638338
HOF ITEM
46.675021927462765
3.6956588265708947,-0.429728661076287,-2.3867615695577533,4.523696741372705,5.506305878024019,2.550615241107004,2.0839292307317767,1.8030009622234862,5.323449577715859,2.299409997244604,1.8578558724395153,5.483321615062994,0.8394258981951145,2.6766257633303217,6.141099912607392
HOF ITEM
46.677829817295176
3.6956588265708947,-0.429728661076287,-2.5030195422590378,4.523696741372705,5.506305878024019,2.550615241107004,2.0839292307317767,1.8030009622234862,5.323449577715859,2.299409997244604,1.8578558724395153,5.483321615062994,0.8394258981951145,2.9428740616237303,6.183415641166457
seed 871
Initial fitness values: [np.float64(56.49247354122731), np.float64(56.49247354122731), np.float64(56.07236306995436), np.float64(55.562702247556196), np.float64(55.46778085808139), np.float64(52.35537662080971), np.float64(52.35537662080971), np.float64(52.06399447085414), np.float64(51.608674768655334), np.float64(51.56612695873191)]
Final fitness values: [np.float64(51.29800403627094), np.float64(51.26780903267885), np.float64(51.26780903267885), np.float64(51.26780903267885), np.float64(51.26780903267885), np.float64(51.26780903267885), np.float64(51.26780903267885), np.float64(51.26780903267885), np.float64(51.26780903267885), np.float64(51.26780903267885)]
HOF ITEM
51.26780903267885
1.2434805805035012,-3.256003188038176,0.7567534170602904,-4.776701059642981,0.2239371638045495,6.630231955230755,1.1047623404350304,1.957257419061754,5.7840659201655145,4.663208808607078,0.6897500695739109,4.440881977235505,-5.6588127912907,0.0,0.6913247440900503
HOF ITEM
51.267809093222674
1.2434805805035012,-3.256003188038176,0.7567534170602904,-4.776701059642981,0.2239371638045495,6.630231955230755,1.1047623404350304,1.957257419061754,5.7840659201655145,4.663208808607078,0.6897500695739109,4.440881977235505,-5.660978516575155,0.0,0.6913247440900503
HOF ITEM
51.26873435839261
1.2434805805035012,-3.256003188038176,0.7567534170602904,-4.776701059642981,0.2239371638045495,6.612425203146252,1.1047623404350304,1.957257419061754,5.7840659201655145,4.663208808607078,0.6897500695739109,4.440881977235505,-5.6588127912907,0.0,0.6913247440900503
HOF ITEM
51.26928325421871
1.2434805805035012,-3.4436456457630786,0.7567534170602904,-4.776701059642981,0.2239371638045495,6.60218767576642,1.1047623404350304,1.957257419061754,5.7840659201655145,4.663208808607078,0.6897500695739109,4.440881977235505,-6.054345865310595,0.0,0.6913247440900503
HOF ITEM
51.26937783467894
1.2434805805035012,-3.256003188038176,0.7567534170602904,-4.776701059642981,0.2239371638045495,6.600226339385369,1.1047623404350304,1.957257419061754,5.7840659201655145,4.663208808607078,0.6897500695739109,4.440881977235505,-5.6588127912907,0.0,0.6913247440900503
seed 872
Initial fitness values: [np.float64(62.6355741752382), np.float64(56.67282707262383), np.float64(54.013658067578675), np.float64(52.40960869189378), np.float64(51.19017296242107), np.float64(50.15406776941671), np.float64(48.09680597601697), np.float64(47.08693637469453), np.float64(47.08693637469453), np.float64(46.6671054044288)]
Final fitness values: [np.float64(44.84440821963138), np.float64(44.84440821963138), np.float64(44.84440821963138), np.float64(44.84440821963138), np.float64(44.84440821963138), np.float64(44.84440821963138), np.float64(44.84440821963138), np.float64(44.84440821963138), np.float64(44.842718473483), np.float64(44.842718473483)]
HOF ITEM
44.842718473483
2.6397610484508127,-0.02521145149132102,1.3950690739609433,-0.1972162785281184,-2.275630506255329,-3.690034787171909,1.2834294108678748,3.0,2.7460406318931656,5.874739394623306,2.0362336907515814,3.4801286155542535,5.193703659804248,2.1953992660976893,3.1871462042821697
HOF ITEM
44.84440821963138
2.6397610484508127,-0.02521145149132102,1.3950690739609433,-0.1972162785281184,-2.275630506255329,-3.690034787171909,1.2834294108678748,3.0,2.7467855913663577,5.94508442683887,1.867061117978539,3.4363965495232502,4.7002249847684805,2.22311353797236,3.361855940260318
HOF ITEM
44.84440821963138
2.6397610484508127,-0.02521145149132102,1.3950690739609433,-0.1972162785281184,-2.275630506255329,-3.690034787171909,1.2834294108678748,3.0,2.7467855913663577,5.94508442683887,1.867061117978539,3.685295286185879,4.741194046759514,2.163705694220529,3.1871462042821697
HOF ITEM
44.84440821963138
2.6397610484508127,-0.02521145149132102,1.3950690739609433,-0.1972162785281184,-2.275630506255329,-3.690034787171909,1.2834294108678748,3.0,2.7467855913663577,5.94508442683887,1.867061117978539,3.4801286155542535,4.903021202262177,2.163705694220529,3.1871462042821697
HOF ITEM
44.84440821963138
2.6397610484508127,-0.02521145149132102,1.3950690739609433,-0.1972162785281184,-2.275630506255329,-3.690034787171909,1.2834294108678748,3.0,2.7467855913663577,5.94508442683887,1.867061117978539,3.4801286155542535,4.903021202262177,2.1953992660976893,3.288722784726988
seed 873
Initial fitness values: [np.float64(63.31432079900687), np.float64(57.001842943435086), np.float64(54.68270692114502), np.float64(53.67513515537919), np.float64(52.7991874222648), np.float64(52.458916392332426), np.float64(52.216838756951155), np.float64(51.869373094404374), np.float64(51.64244140599936), np.float64(51.640781039559315)]
Final fitness values: [np.float64(51.548611006971896), np.float64(51.548611006971896), np.float64(51.54202120202682), np.float64(51.53886232974918), np.float64(51.53886232974918), np.float64(51.53498956261045), np.float64(51.53498956261045), np.float64(51.53498956261045), np.float64(51.53498956261045), np.float64(51.53498956261045)]
HOF ITEM
51.53498956261045
-4.342741984744954,-3.0027325911271303,3.7158576822735006,0.2790864147801644,-3.661040492517617,1.6110092181871023,-3.030840952386922,2.094723034423555,2.9977837732363497,2.508452625267494,1.3815057403278337,3.6920901216045823,-7.0,2.5760921160833927,4.761696438944752
HOF ITEM
51.53498999085784
-4.342741984744954,-3.0027325911271303,3.7158576822735006,0.2790864147801644,-3.661040492517617,1.6110092181871023,-3.030840952386922,2.094723034423555,2.9977837732363497,2.95584698801241,1.3815057403278337,3.6920901216045823,-7.0,2.5760921160833927,4.761696438944752
HOF ITEM
51.534990060984924
-4.342741984744954,-3.0027325911271303,3.7158576822735006,0.2790864147801644,-3.661040492517617,1.6110092181871023,-3.030840952386922,2.094723034423555,2.9977837732363497,2.95584698801241,1.4575765193463905,3.6920901216045823,-6.8385893369458275,2.5760921160833927,4.761696438944752
HOF ITEM
51.535013708438214
-4.342741984744954,-3.0027325911271303,3.7158576822735006,0.2790864147801644,-3.661040492517617,1.6110092181871023,-3.030840952386922,2.094723034423555,2.9977837732363497,2.507451382354138,1.154205032511193,3.6920901216045823,-7.0,2.5760921160833927,4.675226759223864
HOF ITEM
51.53503730624319
-4.342741984744954,-3.0027325911271303,3.7158576822735006,0.2790864147801644,-3.661040492517617,1.6110092181871023,-3.030840952386922,2.094723034423555,2.9977837732363497,2.508452625267494,1.3815057403278337,3.6920901216045823,-6.8385893369458275,2.5760921160833927,4.675226759223864
seed 874
Initial fitness values: [np.float64(65.95890863575899), np.float64(59.75606352107492), np.float64(57.134953665809945), np.float64(56.92162614680957), np.float64(56.83316457122159), np.float64(56.174664211275754), np.float64(55.593461028493294), np.float64(55.5481053083852), np.float64(55.5346884341916), np.float64(55.5346884341916)]
Final fitness values: [np.float64(55.52120013611232), np.float64(55.52120013611232), np.float64(55.521188964577675), np.float64(55.521172320394854), np.float64(53.90311052161078), np.float64(52.63712359672306), np.float64(52.63712359672306), np.float64(52.2751603034451), np.float64(51.97730939921047), np.float64(51.97104475163605)]
HOF ITEM
51.97104475163605
-3.0110756977861493,-4.0,-4.368354524498703,-2.335209329271279,-4.912545569476861,-5.544543014620801,-1.7537781994761794,2.2695351602705793,0.6101202170612344,4.961824017666894,2.1870687979976995,4.395467208270629,4.144790457839199,3.0,0.20424566632397395
HOF ITEM
51.97730939921047
-3.0110756977861493,-3.911372105162054,-4.352200504788207,-2.335209329271279,-5.250693020409359,-5.475166054682779,-1.7537781994761794,2.2695351602705793,0.5789755469490813,5.14093797418617,2.473419134990882,4.287334009099734,3.822797077342701,3.0,0.1855556399005018
HOF ITEM
51.97730939921047
-3.0110756977861493,-3.911372105162054,-4.352200504788207,-2.335209329271279,-5.250693020409359,-5.475166054682779,-1.7537781994761794,2.2695351602705793,0.5789755469490813,5.14093797418617,2.473419134990882,4.287334009099734,3.822797077342701,3.0,0.20506214787465754
HOF ITEM
51.990374575945395
-3.0110756977861493,-3.7794692046327345,-4.50825058868405,-2.446370033584527,-5.102754621411076,-5.29604486892175,-1.7445813161369776,2.2695351602705793,0.5740479431481779,4.7549595890183,2.4557861773839216,4.324381682829366,3.8950181004588837,3.0,0.0
HOF ITEM
51.99197251402929
-3.0110756977861493,-3.937478117781551,-4.50825058868405,-2.335209329271279,-4.912545569476861,-5.153752662475491,-1.7537781994761794,2.2695351602705793,0.5740479431481779,5.623173308975856,2.325825219141118,4.035089564814532,3.822797077342701,2.9957787513985807,0.20424566632397395
seed 875
Initial fitness values: [np.float64(59.61288948043207), np.float64(56.60822405435917), np.float64(52.52670204405531), np.float64(52.52670204405531), np.float64(52.52670204405531), np.float64(52.52670204405531), np.float64(52.52670204405531), np.float64(51.820152507942254), np.float64(51.820152507942254), np.float64(51.76741573825672)]
Final fitness values: [np.float64(51.57730449683113), np.float64(51.57605276171758), np.float64(51.57605276171758), np.float64(51.57605276171758), np.float64(51.57508749834986), np.float64(51.569378727962736), np.float64(51.569378727962736), np.float64(51.569378727962736), np.float64(51.569378727962736), np.float64(51.56388627359702)]
HOF ITEM
51.56388627359702
-1.2978390066312107,-2.4168028785247024,-2.4330332021999554,-6.643700903424042,-0.3505491213334658,-3.242753926584586,-0.21658046429323274,2.105607851566489,7.0,5.262366590872977,0.0,1.3050884445922462,6.317969052337785,0.5549591711713686,5.569891552980364
HOF ITEM
51.569378727962736
-1.2978390066312107,-2.4168028785247024,-2.4229770130580155,-6.643700903424042,-0.3505491213334658,-3.242753926584586,-0.21658046429323274,2.105607851566489,7.0,5.326643039095426,0.0,1.3050884445922462,6.405949944910862,1.1510560573242712,5.569891552980364
HOF ITEM
51.56938354495528
-1.2978390066312107,-2.4168028785247024,-2.4229770130580155,-6.643700903424042,-0.3505491213334658,-3.242753926584586,-0.21658046429323274,2.105607851566489,7.0,5.326643039095426,0.0,1.3050884445922462,6.405949944910862,1.4065354995722794,5.787614849295013
HOF ITEM
51.56938354932049
-1.2978390066312107,-2.4168028785247024,-2.4229770130580155,-6.643700903424042,-0.3505491213334658,-3.242753926584586,-0.21658046429323274,2.105607851566489,7.0,5.326643039095426,0.0,1.3050884445922462,6.405949944910862,1.4065354995722794,5.569891552980364
HOF ITEM
51.56938355215492
-1.2978390066312107,-2.4168028785247024,-2.4229770130580155,-6.643700903424042,-0.3505491213334658,-3.242753926584586,-0.21658046429323274,2.105607851566489,7.0,5.326643039095426,0.0,1.3050884445922462,6.501766115948788,1.4065354995722794,5.787614849295013
seed 876
Initial fitness values: [np.float64(63.32443952015506), np.float64(49.37100651577491), np.float64(49.37100651577491), np.float64(47.63172494758964), np.float64(46.45622115486222), np.float64(46.096725262976406), np.float64(45.44475957588236), np.float64(45.057962667844585), np.float64(45.00632086116154), np.float64(45.00632086116154)]
Final fitness values: [np.float64(43.976328201440054), np.float64(43.976328201440054), np.float64(43.976328201440054), np.float64(43.976328201440054), np.float64(43.97631196033904), np.float64(43.97602665347596), np.float64(43.976009512267744), np.float64(43.976009512267744), np.float64(43.876826538227306), np.float64(43.876826538227306)]
HOF ITEM
43.876826538227306
-1.3709367757981814,1.4398480296686718,-1.3120966644674315,-2.7271370632175196,0.03683435601636047,6.555691250831446,-0.24090361002687172,3.0,2.562787633986159,2.6006273426063946,2.8255288218719974,3.1738903256182938,3.2569284243805754,0.8708404793363655,5.8525277515450265
HOF ITEM
43.973147327029324
-1.263424026247839,1.4007899275875986,-1.3120966644674315,-2.7271370632175196,0.03683435601636047,5.841288031128132,-0.16118852054603242,2.843986871094737,2.562787633986159,1.813358221510947,2.6265680767342516,3.1738903256182938,3.3825493631494297,0.535376829315973,5.592744075150623
HOF ITEM
43.97597731720847
-1.263424026247839,1.4007899275875986,-1.3120966644674315,-2.7271370632175196,0.03683435601636047,5.841288031128132,-0.16118852054603242,2.843986871094737,2.562787633986159,2.491354867647312,2.6265680767342516,2.84984262139129,3.2569284243805754,0.8218419426170376,5.916417579646878
HOF ITEM
43.97598913436467
-1.263424026247839,1.4007899275875986,-1.3120966644674315,-2.7271370632175196,0.03683435601636047,5.841288031128132,-0.16118852054603242,2.843986871094737,2.562787633986159,2.061467562449902,2.6265680767342516,3.1738903256182938,3.2716974304134885,0.8218419426170376,5.916417579646878
HOF ITEM
43.975999129867056
-1.263424026247839,1.4007899275875986,-1.3120966644674315,-2.7271370632175196,0.03683435601636047,5.841288031128132,-0.16118852054603242,2.843986871094737,2.562787633986159,2.061467562449902,2.8255288218719974,3.1738903256182938,3.2569284243805754,0.8218419426170376,5.8525277515450265
seed 877
Initial fitness values: [np.float64(62.054773700052515), np.float64(54.88438662761851), np.float64(54.8843856146191), np.float64(54.62801952690361), np.float64(54.5375235583218), np.float64(54.22629437631275), np.float64(54.063453524475854), np.float64(54.02292749717998), np.float64(52.520997162551986), np.float64(52.520997162551986)]
Final fitness values: [np.float64(48.96636822644366), np.float64(48.76210362173209), np.float64(48.76210362173209), np.float64(48.76210362173209), np.float64(48.76210362173209), np.float64(48.76210362173209), np.float64(48.49080191108607), np.float64(48.49080191108607), np.float64(48.49080191108607), np.float64(48.43846033205769)]
HOF ITEM
48.43846033205769
-4.915365546481794,1.3188026283106051,-2.8206592854246786,-3.372064834159577,-4.510646144571144,-3.0603372343675974,-2.0266212247787245,1.30414897164669,5.922841281164556,-2.5825185014400023,1.8590272884464372,3.4780146409416615,6.79196063478821,1.0500726454741116,6.127733086712526
HOF ITEM
48.438460332060735
-4.915365546481794,1.3188026283106051,-2.8206592854246786,-3.372064834159577,-4.510646144571144,-3.0603372343675974,-2.0266212247787245,1.30414897164669,5.922841281164556,-2.5825185014400023,1.8590272884464372,3.4780146409416615,6.79196063478821,1.0500726454741116,5.969518681311004
HOF ITEM
48.49080191108607
-4.915365546481794,1.3188026283106051,-2.8206592854246786,-3.372064834159577,-4.510646144571144,-2.518836644682475,-2.0266212247787245,1.30414897164669,5.913838570556475,-2.5999129441382043,1.8725540838082084,3.4780146409416615,6.699741467182174,1.356697112114076,5.969518681311004
HOF ITEM
48.49080191123301
-4.915365546481794,1.3188026283106051,-2.8206592854246786,-3.372064834159577,-4.510646144571144,-2.518836644682475,-2.0266212247787245,1.30414897164669,5.913838570556475,-2.5999129441382043,1.8725540838082084,3.4780146409416615,6.79196063478821,1.0500726454741116,6.127733086712526
HOF ITEM
48.53153779754912
-4.915365546481794,1.3188026283106051,-2.8206592854246786,-3.372064834159577,-4.415701156038577,-3.0603372343675974,-2.0266212247787245,1.30414897164669,5.922841281164556,-2.5825185014400023,1.8687497344018038,3.4780146409416615,6.660362704716414,0.657281512672355,6.127733086712526
seed 878
Initial fitness values: [np.float64(61.07341546318515), np.float64(57.369961321385624), np.float64(54.85070515961812), np.float64(51.96824640234573), np.float64(51.96824640234573), np.float64(50.29698237763393), np.float64(50.292319166145845), np.float64(49.47611788419798), np.float64(49.47611788419798), np.float64(49.47611788419798)]
Final fitness values: [np.float64(44.03532219532429), np.float64(44.030866417066925), np.float64(44.030866417066925), np.float64(44.030866417066925), np.float64(44.030866417066925), np.float64(44.030866417066925), np.float64(44.030866417066925), np.float64(44.030866417066925), np.float64(44.030866417066925), np.float64(44.030866417066925)]
HOF ITEM
44.030866417066925
-6.805739341844741,1.5532440162398051,6.686580408616087,0.8371228742151136,-5.698900779701823,-1.035146063302963,-5.4788641411329335,1.832066914055243,5.406203559872359,6.839695973181521,0.04514591196234602,4.267550049906411,-2.3317469355332006,0.0,2.8587426568143366
HOF ITEM
44.03127880401326
-6.805739341844741,1.5532440162398051,6.686580408616087,0.8371228742151136,-5.698900779701823,-1.035146063302963,-5.4788641411329335,1.832066914055243,5.406203559872359,7.0,0.04514591196234602,4.318399113053303,-2.3317469355332006,0.0,2.8587426568143366
HOF ITEM
44.03159218976157
-6.805739341844741,1.5532440162398051,6.686580408616087,0.8371228742151136,-5.698900779701823,-1.035146063302963,-5.4788641411329335,1.832066914055243,5.406203559872359,6.839695973181521,0.04514591196234602,4.056472008407069,-2.3317469355332006,0.0,2.8587426568143366
HOF ITEM
44.03226775911743
-6.805739341844741,1.5532440162398051,6.686580408616087,0.8371228742151136,-5.698900779701823,-1.035146063302963,-5.4788641411329335,1.832066914055243,5.406203559872359,6.839695973181521,0.04514591196234602,4.267550049906411,-2.3317469355332006,0.0,2.833598384536478
HOF ITEM
44.03258108857074
-6.805739341844741,1.5532440162398051,6.686580408616087,0.8371228742151136,-5.698900779701823,-1.1566915300224465,-5.4788641411329335,1.832066914055243,5.406203559872359,6.839695973181521,0.3147752577018644,4.276266310735305,-2.3317469355332006,0.0,2.7033326843460492
seed 879
Initial fitness values: [np.float64(59.12133836825451), np.float64(52.159550737797126), np.float64(52.1521054408457), np.float64(52.1521054408457), np.float64(49.89314920371434), np.float64(49.87249935623774), np.float64(48.71406027766967), np.float64(48.04988787444673), np.float64(46.574206951643), np.float64(45.468574101743236)]
Final fitness values: [np.float64(43.587673765625404), np.float64(43.58765500365243), np.float64(43.587538010714205), np.float64(43.587538010714205), np.float64(43.587504823082625), np.float64(43.587504823082625), np.float64(43.58743080130054), np.float64(43.58714526232808), np.float64(43.587126797985285), np.float64(43.587126797985285)]
HOF ITEM
43.587126797985285
-3.668867789491774,1.5835631750055945,-6.055358491352089,6.496228618633807,-4.100334294176439,-6.821454138967152,-2.3519965405205006,2.62464688922565,0.4498173550933949,0.48521365472801714,1.267087581664817,0.0,-3.4320528398381454,1.3423362185799097,2.443309871011944
HOF ITEM
43.58714526232808
-3.668867789491774,1.5835631750055945,-6.043011550249235,6.4671531869817995,-4.100334294176439,-6.939476378416733,-2.3519965405205006,2.6243193115665293,0.4498173550933949,0.16923192478621812,1.7879500236212547,0.0,-3.401689790137704,1.958244872345512,2.4775505905175335
HOF ITEM
43.58715561056029
-3.668867789491774,1.5835631750055945,-5.954371722148872,7.0,-3.6158724104554767,-6.760133402925073,-2.3519965405205006,2.6243193115665293,0.4498173550933949,1.0628296315169299,1.3559437285384328,0.0,-3.4320528398381454,1.6186693956353748,2.4775505905175335
HOF ITEM
43.5872202572889
-3.668867789491774,1.5835631750055945,-6.055358491352089,6.496228618633807,-4.100334294176439,-6.821454138967152,-2.3519965405205006,2.6243193115665293,0.4498173550933949,0.16498624666939865,1.5051226832153426,0.0,-3.4320528398381454,1.5653282305753917,2.4775505905175335
HOF ITEM
43.58722249992038
-3.668867789491774,1.5835631750055945,-6.055358491352089,6.608966173255002,-3.620066977217697,-6.630323404309343,-2.3519965405205006,2.6243193115665293,0.4498173550933949,0.425574745772804,1.5051226832153426,0.0,-3.3031188411801264,1.6257916271746848,2.6972175328297245
best parameter set
fitness 43.536656651182675 seed 879
-3.669444441940315,1.5879125347853977,-6.043009341282341,6.467151308460069,-4.100332586107144,-6.939477971928394,-2.3506608420862523,2.6239293847654888,0.45307699249765293,0.16923192478621812,1.7879500236212547,0.0,-3.401692941533404,1.9582430174679355,2.4775507998801163
