seeds are [140 141 142 143 144 145 146 147 148 149]
seed 140
Initial fitness values: [np.float64(28.650703279435024), np.float64(28.650703279435024), np.float64(28.286166093066615), np.float64(27.008328395790652), np.float64(27.008328395790652), np.float64(26.77853537623784), np.float64(26.46845593365353), np.float64(26.42922922504933), np.float64(25.79112235443231), np.float64(25.655068138305754)]
Final fitness values: [np.float64(21.39621192082424), np.float64(21.39155652466088), np.float64(21.39155652466088), np.float64(21.39155652466088), np.float64(21.39155652466088), np.float64(21.39155652466088), np.float64(21.39155652466088), np.float64(21.39155652466088), np.float64(21.39155652466088), np.float64(21.39155652466088)]
HOF ITEM
21.39155652466088
-1.2142823871226471,1.3776302455981897,-6.611460469016607,2.2053689953876456,5.055283765999453,-2.150292146427269,-0.15260388678033104,2.61470100358979,4.633462600513262,-1.6519210793708443,2.9063079187150698,2.185197020197628,-6.463436446447451,2.891029343580178,1.2054891811847788
HOF ITEM
21.39621192082424
-1.2142823871226471,1.3776302455981897,-6.611460469016607,2.2053689953876456,5.055283765999453,-2.150292146427269,-0.15260388678033104,2.61470100358979,4.633462600513262,-1.6519210793708443,2.9063079187150698,2.1864102525007394,-6.463436446447451,2.891029343580178,1.2054891811847788
HOF ITEM
21.40067541167942
-1.2142823871226471,1.3776302455981897,-6.777421204864249,2.2053689953876456,5.055283765999453,-2.150292146427269,-0.15260388678033104,2.61470100358979,4.633462600513262,-1.6519210793708443,2.9063079187150698,2.1864102525007394,-6.463436446447451,2.891029343580178,1.2054891811847788
HOF ITEM
21.4009050259102
-1.2142823871226471,1.3776302455981897,-6.777421204864249,2.2053689953876456,5.055283765999453,-2.150292146427269,-0.15260388678033104,2.61470100358979,4.633462600513262,-1.6519210793708443,2.9063079187150698,2.185197020197628,-6.463436446447451,2.891029343580178,1.2054891811847788
HOF ITEM
21.401556649874504
-1.2142823871226471,1.3776302455981897,-6.611460469016607,2.2053689953876456,5.055283765999453,-2.2237910171184465,-0.15260388678033104,2.61470100358979,4.633462600513262,-1.6519210793708443,2.9063079187150698,2.185197020197628,-6.185271508279593,2.917432203713644,1.2054891811847788
seed 141
Initial fitness values: [np.float64(35.56051859512555), np.float64(31.095276721292993), np.float64(30.085886999915516), np.float64(25.75483647086869), np.float64(25.75483647086869), np.float64(24.177815377770763), np.float64(24.177815377770763), np.float64(24.13182019839329), np.float64(23.865281637131286), np.float64(23.53493988366918)]
Final fitness values: [np.float64(22.775945228526968), np.float64(22.775945228526968), np.float64(22.775945228526968), np.float64(22.767586082027687), np.float64(22.767586082027687), np.float64(22.767586082027687), np.float64(22.767274841205783), np.float64(22.767274823080957), np.float64(22.767274823080957), np.float64(22.767274597050587)]
HOF ITEM
22.767274597050587
3.1213503114930776,-0.19761154952203402,-2.5635531827679827,4.31492981457973,0.3649446837237395,5.9023793770444675,1.3113084297843143,3.0,0.4534845008880448,6.97380335110444,1.921918528839788,3.7192094857211906,3.686186110236009,2.2308028565232387,3.2942478553575887
HOF ITEM
22.767274823070686
3.1213503114930776,-0.19761154952203402,-2.5635531827679827,4.31492981457973,0.3649446837237395,5.979717272618406,1.3113084297843143,3.0,0.4534845008880448,7.0,1.69257325296406,3.615530199781662,4.046228759745853,2.2308028565232387,3.47426152934679
HOF ITEM
22.767274823079205
3.1213503114930776,-0.19761154952203402,-2.5635531827679827,4.31492981457973,0.3649446837237395,5.979717272618406,1.3113084297843143,3.0,0.4534845008880448,6.97380335110444,1.921918528839788,3.7192094857211906,3.686186110236009,2.2308028565232387,3.2942478553575887
HOF ITEM
22.767274823079205
3.1213503114930776,-0.19761154952203402,-2.5635531827679827,4.31492981457973,0.3649446837237395,5.979717272618406,1.3113084297843143,3.0,0.4534845008880448,6.97380335110444,1.69257325296406,3.7192094857211906,3.686186110236009,2.2308028565232387,3.2942478553575887
HOF ITEM
22.767274823080957
3.1213503114930776,-0.19761154952203402,-2.5635531827679827,4.31492981457973,0.3649446837237395,5.979717272618406,1.3113084297843143,3.0,0.4534845008880448,6.97380335110444,1.69257325296406,3.7192094857211906,3.686186110236009,2.2308028565232387,3.47426152934679
seed 142
Initial fitness values: [np.float64(30.568206267616365), np.float64(28.73890410080973), np.float64(28.003098334048257), np.float64(27.160200776324963), np.float64(25.725911589149995), np.float64(24.87587288320337), np.float64(24.704352528013402), np.float64(24.347131457831885), np.float64(24.347131457831885), np.float64(24.347131457831885)]
Final fitness values: [np.float64(23.916915845272893), np.float64(23.916915845272893), np.float64(23.916915845272893), np.float64(23.916915845272893), np.float64(23.916915845272893), np.float64(23.916915845272893), np.float64(23.916915845272893), np.float64(23.916915845272893), np.float64(23.916915845272893), np.float64(23.916915845272893)]
HOF ITEM
23.916915845272893
6.439369875390248,-1.0132580585671562,-2.1324870194976815,-4.061050392437657,-6.031602935986192,-5.861982117741456,1.3223191321045686,2.1708352421770227,2.2012960128940295,4.443895945974417,2.089475315466314,2.4506815716969714,3.9017958571438047,2.593881555146621,0.23238328900294242
HOF ITEM
23.916915845272893
6.439369875390248,-1.0132580585671562,-2.1324870194976815,-4.061050392437657,-6.031602935986192,-5.861982117741456,1.3223191321045686,2.1708352421770227,2.2012960128940295,4.50398574474635,2.089475315466314,2.420001518158874,3.8394818730864735,2.593881555146621,0.04954785244505139
HOF ITEM
23.916915845272893
6.439369875390248,-1.0132580585671562,-2.1324870194976815,-4.061050392437657,-6.031602935986192,-5.861982117741456,1.3223191321045686,2.1708352421770227,2.2012960128940295,4.443895945974417,2.089475315466314,2.746862234644357,3.9451994851416248,2.593881555146621,0.3070058760696133
HOF ITEM
23.916915845272893
6.439369875390248,-1.0132580585671562,-2.1324870194976815,-4.061050392437657,-6.031602935986192,-5.861982117741456,1.3223191321045686,2.1708352421770227,2.2012960128940295,4.443895945974417,2.089475315466314,2.4506815716969714,3.9451994851416248,2.593881555146621,0.5598069152330126
HOF ITEM
23.916915845272893
6.439369875390248,-1.0132580585671562,-2.1324870194976815,-4.061050392437657,-6.031602935986192,-5.861982117741456,1.3223191321045686,2.1708352421770227,2.2012960128940295,4.443895945974417,2.089475315466314,2.4506815716969714,3.9451994851416248,2.593881555146621,0.3070058760696133
seed 143
Initial fitness values: [np.float64(30.47796013343719), np.float64(30.309256162631762), np.float64(29.65470581327182), np.float64(29.01820520944933), np.float64(29.018178758268068), np.float64(28.615011143714984), np.float64(28.096788481868007), np.float64(27.652573929568756), np.float64(27.447237990650148), np.float64(27.447237990650148)]
Final fitness values: [np.float64(25.64141970992863), np.float64(25.640753388014712), np.float64(25.640753388014712), np.float64(25.640556882746974), np.float64(25.640556882746974), np.float64(25.640022882176588), np.float64(25.639964276072256), np.float64(25.639964276072256), np.float64(25.63961995721513), np.float64(25.63961995721513)]
HOF ITEM
25.63961995721513
2.1408728302412823,-0.12724367999199004,-1.6628573152127801,4.636054131436843,-1.4357264544238437,2.6449158841288605,3.5539676709136074,0.9667825292111347,6.683898515507229,4.992413708980381,0.5753553622580192,6.8825583443971015,-0.7892406478353783,0.8537676130356957,0.0
HOF ITEM
25.639964276072256
2.1408728302412823,-0.12724367999199004,-1.88095649691672,4.2458554385906,-1.4357264544238437,2.6449158841288605,3.5539676709136074,0.9667825292111347,6.683898515507229,4.992413708980381,0.5753553622580192,6.8825583443971015,-0.7892406478353783,0.8537676130356957,0.0
HOF ITEM
25.639964276072256
2.1408728302412823,-0.12724367999199004,-1.88095649691672,4.2458554385906,-1.4357264544238437,2.6449158841288605,3.5539676709136074,0.9667825292111347,6.683898515507229,4.992413708980381,0.5753553622580192,6.8825583443971015,-0.7892406478353783,0.890672913786222,0.0
HOF ITEM
25.64001206635398
2.1408728302412823,-0.12724367999199004,-1.6805599228200192,4.636054131436843,-1.2974927620663288,2.7172204061329883,3.5539676709136074,0.9667825292111347,6.683898515507229,4.992413708980381,0.5753553622580192,6.8825583443971015,-1.0669922106227439,0.890672913786222,0.0
HOF ITEM
25.640020228924588
2.1408728302412823,-0.12724367999199004,-1.6628573152127801,4.636054131436843,-1.2688926194712038,2.7241752587274477,3.5539676709136074,0.9667825292111347,6.683898515507229,4.992413708980381,0.5753553622580192,6.8825583443971015,-0.7892406478353783,0.8537676130356957,0.0
seed 144
Initial fitness values: [np.float64(30.16594198980948), np.float64(28.067536064292174), np.float64(27.978034810625058), np.float64(27.37679451260651), np.float64(25.84916880525283), np.float64(25.498540751619657), np.float64(23.767596390859964), np.float64(23.68172784182672), np.float64(23.5219157909786), np.float64(23.51394816708335)]
Final fitness values: [np.float64(20.664186250544713), np.float64(20.661826151816445), np.float64(20.661826151816445), np.float64(20.65729633608352), np.float64(20.657273944212605), np.float64(20.632254598585302), np.float64(20.632254598585302), np.float64(20.632254598585302), np.float64(20.63174430836828), np.float64(20.63174430836828)]
HOF ITEM
20.63174430836828
-6.696147559878929,1.3428211340873064,-3.937913741494772,3.648611105961654,0.06343664713843727,-2.4765779977551716,-5.369968860340879,1.8128696584368238,0.7072175662930081,3.278586007727299,0.03516424744505022,7.0,-5.226074213025859,1.5871154822152427,3.578011465952381
HOF ITEM
20.632254598585302
-6.696147559878929,1.3428211340873064,-3.9573307638448045,3.648611105961654,0.06343664713843727,-2.4765779977551716,-5.369968860340879,1.8128696584368238,0.7072175662930081,3.278586007727299,0.03516424744505022,7.0,-5.226074213025859,1.5871154822152427,3.578011465952381
HOF ITEM
20.63585892908585
-6.696147559878929,1.3428211340873064,-3.937913741494772,3.648611105961654,0.06343664713843727,-2.4765779977551716,-5.369968860340879,1.8128696584368238,0.7072175662930081,3.278586007727299,0.03516424744505022,7.0,-5.226074213025859,1.4664680146699833,3.578011465952381
HOF ITEM
20.63629067787212
-6.696147559878929,1.3428211340873064,-3.9573307638448045,3.648611105961654,0.06343664713843727,-2.4765779977551716,-5.369968860340879,1.8128696584368238,0.7072175662930081,3.278586007727299,0.03516424744505022,7.0,-5.226074213025859,1.4664680146699833,3.578011465952381
HOF ITEM
20.647881103944755
-6.696147559878929,1.3428211340873064,-3.937913741494772,3.648611105961654,0.06343664713843727,-2.4765779977551716,-5.369968860340879,1.8128696584368238,0.7072175662930081,3.278586007727299,0.03516424744505022,7.0,-5.578818857298868,1.5871154822152427,3.578011465952381
seed 145
Initial fitness values: [np.float64(33.679983092884555), np.float64(30.081909746650815), np.float64(29.393067652050956), np.float64(27.586623935725346), np.float64(26.721472065341445), np.float64(26.07049832713193), np.float64(26.07049832713193), np.float64(25.57181321537526), np.float64(25.451467865532052), np.float64(25.451467865532052)]
Final fitness values: [np.float64(24.625637466228206), np.float64(24.6246379016239), np.float64(24.6246379016239), np.float64(24.6246379016239), np.float64(24.6246379016239), np.float64(24.622032784117756), np.float64(24.622032784117756), np.float64(24.622032784117756), np.float64(24.622032784117756), np.float64(24.622032784117756)]
HOF ITEM
24.622032784117756
3.0457107919145376,-0.9210265887873448,0.7472116549202862,6.820666043571442,4.274069689917985,-0.8014928452055949,2.257593088696303,0.0,1.427445825602885,2.8545719441192103,2.144306541200575,3.3862345551110056,-6.657480558790635,3.0,3.148370359639797
HOF ITEM
24.6246379016239
3.0457107919145376,-0.9210265887873448,0.7472116549202862,6.820666043571442,4.274069689917985,-0.8014928452055949,2.257593088696303,0.0,1.427445825602885,3.098485704868329,1.9577841818834911,3.6890079503294753,-6.657480558790635,2.9747596287770617,3.148370359639797
HOF ITEM
24.6246379016239
3.0457107919145376,-0.9210265887873448,0.7472116549202862,6.820666043571442,4.274069689917985,-0.8014928452055949,2.257593088696303,0.0,1.427445825602885,3.098485704868329,1.9577841818834911,3.6890079503294753,-6.657480558790635,3.0,3.148370359639797
HOF ITEM
24.624744917005714
3.0457107919145376,-0.9210265887873448,0.7472116549202862,6.820666043571442,4.274069689917985,-0.8014928452055949,2.257593088696303,0.0,1.427445825602885,3.098485704868329,1.9577841818834911,3.3862345551110056,-6.657480558790635,3.0,3.148370359639797
HOF ITEM
24.625637466228206
3.0457107919145376,-0.9210265887873448,0.7472116549202862,6.820666043571442,4.274069689917985,-0.8014928452055949,2.257593088696303,0.0,1.427445825602885,3.098485704868329,1.9973798375453755,3.6890079503294753,-6.657480558790635,2.9747596287770617,3.148370359639797
seed 146
Initial fitness values: [np.float64(32.874328237353716), np.float64(30.984840622422524), np.float64(29.960637334438893), np.float64(29.304118477566117), np.float64(29.04445787274884), np.float64(27.97268130798785), np.float64(27.094541863028493), np.float64(27.094541863028493), np.float64(27.094541863028493), np.float64(27.094541863028493)]
Final fitness values: [np.float64(21.970230997487647), np.float64(21.97022000541915), np.float64(21.97022000541915), np.float64(21.97015757409841), np.float64(21.97015757409841), np.float64(21.97015757409841), np.float64(21.95631341769621), np.float64(21.95631341769621), np.float64(21.95631341769621), np.float64(21.938499942400277)]
HOF ITEM
21.938499942400277
-0.017221664476117345,1.0825223814704548,4.191137020233959,-0.6752974137037481,-6.1600426425232735,3.783556543275954,0.6469163503691693,2.3889857799473813,4.749524085237679,4.87011190367067,0.11243355800570035,2.650162503420648,-0.13973461214099037,1.735907814367284,5.229814602608051
HOF ITEM
21.95631341769621
-0.017221664476117345,1.0825223814704548,4.191137020233959,-0.6752974137037481,-6.304190280166837,3.783556543275954,0.6469163503691693,2.3889857799473813,4.749524085237679,4.862755240379744,0.11243355800570035,2.650162503420648,-0.5251820551965065,1.4914134248193673,5.366606408678691
HOF ITEM
21.956329105487
-0.017221664476117345,1.0825223814704548,4.191137020233959,-0.6752974137037481,-6.304190280166837,3.783556543275954,0.6469163503691693,2.3889857799473813,4.749524085237679,4.862755240379744,0.11243355800570035,2.650162503420648,-0.5251820551965065,1.4914134248193673,5.485866408667508
HOF ITEM
21.9567237230225
-0.017221664476117345,1.0825223814704548,4.191137020233959,-0.6752974137037481,-5.933755511289881,3.783556543275954,0.6469163503691693,2.3889857799473813,4.749524085237679,4.862755240379744,0.11243355800570035,2.650162503420648,-0.5251820551965065,1.4914134248193673,5.366606408678691
HOF ITEM
21.95674644408142
-0.017221664476117345,1.0825223814704548,4.191137020233959,-0.6752974137037481,-5.933755511289881,3.783556543275954,0.6469163503691693,2.3889857799473813,4.749524085237679,4.862755240379744,0.11243355800570035,2.650162503420648,-0.5251820551965065,1.4914134248193673,5.485866408667508
seed 147
Initial fitness values: [np.float64(31.914940691203697), np.float64(28.592579514523337), np.float64(28.175508696306288), np.float64(27.912874769809548), np.float64(25.786623396173287), np.float64(25.786623396173287), np.float64(25.785951584066137), np.float64(25.119385354742846), np.float64(24.800737296848595), np.float64(24.430704776305106)]
Final fitness values: [np.float64(21.869007588590975), np.float64(21.869007588590975), np.float64(21.869007588590975), np.float64(21.869007588590975), np.float64(21.869007588590975), np.float64(21.869007588590975), np.float64(21.869007588590975), np.float64(21.8609177358574), np.float64(21.8609177358574), np.float64(21.8609177358574)]
HOF ITEM
21.8609177358574
-4.224958429889524,1.5874045516613764,4.444392202417195,5.023764611544724,3.311520388267797,-4.814388585240973,-2.9035414379320983,2.44064116737568,7.0,3.9396425248232836,2.6926825783092263,0.7596841918971768,3.776989018771555,2.8040520700284013,1.1741035353988332
HOF ITEM
21.8609177358574
-4.224958429889524,1.5874045516613764,4.444392202417195,5.023764611544724,3.311520388267797,-4.814388585240973,-2.9035414379320983,2.44064116737568,7.0,3.9396425248232836,2.6926825783092263,0.7596841918971768,3.776989018771555,2.8201521505103693,0.9152114090192411
HOF ITEM
21.8609177358574
-4.224958429889524,1.5874045516613764,4.444392202417195,5.023764611544724,3.311520388267797,-4.814388585240973,-2.9035414379320983,2.44064116737568,7.0,4.225320816908183,2.82482479992746,0.7596841918971768,3.776989018771555,2.8201521505103693,0.9152114090192411
HOF ITEM
21.8609177358574
-4.224958429889524,1.5874045516613764,4.444392202417195,5.023764611544724,3.311520388267797,-4.814388585240973,-2.9035414379320983,2.44064116737568,7.0,4.225320816908183,2.82482479992746,0.7596841918971768,3.776989018771555,2.8040520700284013,1.508724449476319
HOF ITEM
21.8609177358574
-4.224958429889524,1.5874045516613764,4.444392202417195,5.023764611544724,3.311520388267797,-4.814388585240973,-2.9035414379320983,2.44064116737568,7.0,3.9396425248232836,2.6926825783092263,0.7596841918971768,3.776989018771555,2.8040520700284013,1.508724449476319
seed 148
Initial fitness values: [np.float64(28.890672702995804), np.float64(28.67343388976347), np.float64(25.3777589827867), np.float64(25.162809015736432), np.float64(24.166643073737006), np.float64(23.2936176499428), np.float64(23.2936176499428), np.float64(23.19872725054397), np.float64(23.101371810330395), np.float64(22.98500405175226)]
Final fitness values: [np.float64(22.239954071183487), np.float64(22.239954071183487), np.float64(22.239954071183487), np.float64(22.239954071183487), np.float64(22.239954071183487), np.float64(22.239954071183487), np.float64(22.239762511760723), np.float64(22.239762511760723), np.float64(22.239762511760723), np.float64(22.239762511760723)]
HOF ITEM
22.239762511760723
1.1473980302620739,0.6117397091765373,1.7704580597840394,6.819419516043206,1.1693214761264796,-6.347716648978961,1.0777747630474361,3.0,2.0989571914346743,-5.4338668297825015,1.8854353209027495,0.0,5.582486323618889,2.6655247249609486,5.805522437357059
HOF ITEM
22.239762511760723
1.1473980302620739,0.6117397091765373,1.7704580597840394,6.819419516043206,1.1693214761264796,-6.347716648978961,1.0777747630474361,3.0,2.0989571914346743,-5.6458603638737035,1.5357083369778526,0.0,5.042853570850918,2.1955028176465325,5.008610983773106
HOF ITEM
22.239762511760723
1.1473980302620739,0.6117397091765373,1.7704580597840394,6.819419516043206,1.1693214761264796,-6.347716648978961,1.0777747630474361,3.0,2.0989571914346743,-5.544550947663542,1.5357083369778526,0.0,4.763402514797119,2.525495856820986,6.027987237989702
HOF ITEM
22.239762511760723
1.1473980302620739,0.6117397091765373,1.7704580597840394,6.819419516043206,1.1693214761264796,-6.347716648978961,1.0777747630474361,3.0,2.0989571914346743,-5.758983993290861,1.5357083369778526,0.0,5.042853570850918,2.1955028176465325,5.008610983773106
HOF ITEM
22.239762511760723
1.1473980302620739,0.6117397091765373,1.7704580597840394,6.819419516043206,1.1693214761264796,-6.347716648978961,1.0777747630474361,3.0,2.0989571914346743,-5.6458603638737035,1.5357083369778526,0.0,5.042853570850918,2.6655247249609486,5.805522437357059
seed 149
Initial fitness values: [np.float64(31.58056959034791), np.float64(29.13104011791307), np.float64(26.547972288162835), np.float64(26.055602726746383), np.float64(25.72311178917309), np.float64(25.22484596514402), np.float64(25.073894832349378), np.float64(24.84172978796276), np.float64(24.81450922680671), np.float64(24.602686873409624)]
Final fitness values: [np.float64(22.15083597675991), np.float64(22.14945080711569), np.float64(22.145990813901115), np.float64(22.144633371217836), np.float64(22.144633371217836), np.float64(22.1396297102751), np.float64(22.1396297102751), np.float64(22.1396297102751), np.float64(22.13799482242595), np.float64(22.13799482242595)]
HOF ITEM
22.13799482242595
0.8333851424611798,0.7515509656606584,1.1048168714577218,3.3376776988484025,0.9863314916210311,3.7963809383356932,0.9932133123277075,2.9709374527207424,0.5274629652219622,2.200086108727888,2.862286482477247,3.318596883627658,1.7056937519274087,1.3028026355524196,5.698516184930439
HOF ITEM
22.13840892205248
0.8333851424611798,0.7515509656606584,1.1048168714577218,3.3376776988484025,0.9863314916210311,3.7963809383356932,0.9932133123277075,2.9709374527207424,0.5274629652219622,2.200086108727888,2.862286482477247,3.318596883627658,1.7056937519274087,1.3028026355524196,5.8075122644264985
HOF ITEM
22.139234657365932
0.8333851424611798,0.7515509656606584,1.1048168714577218,3.3376776988484025,1.0220850903489587,3.876953363126801,0.9932133123277075,2.9709374527207424,0.5274629652219622,2.200086108727888,2.862286482477247,3.318596883627658,1.7056937519274087,1.3028026355524196,5.698516184930439
HOF ITEM
22.1396297102751
0.8333851424611798,0.7515509656606584,1.1048168714577218,3.3376776988484025,1.0220850903489587,3.876953363126801,0.9932133123277075,2.9709374527207424,0.5274629652219622,2.200086108727888,2.862286482477247,3.152844593881596,1.7056937519274087,1.3028026355524196,5.8075122644264985
HOF ITEM
22.1396297102751
0.8333851424611798,0.7515509656606584,1.1048168714577218,3.3376776988484025,1.0220850903489587,3.876953363126801,0.9932133123277075,2.9709374527207424,0.5274629652219622,2.200086108727888,2.862286482477247,3.318596883627658,1.7056937519274087,1.3028026355524196,5.8075122644264985
best parameter set
fitness 20.617624619802093 seed 144
-6.696147559878929,1.3428211340873064,-3.937913741494772,3.648611105961654,0.06343664713843727,-2.4765779977551716,-5.369968860340879,1.8128696584368238,0.7072175662930081,3.278586007727299,0.03516424744505022,7.0,-5.226074213025859,1.5871154822152427,3.578011465952381
