seeds are [320 321 322 323 324 325 326 327 328 329]
seed 320
Initial fitness values: [np.float64(29.8567071979117), np.float64(29.68747625436454), np.float64(26.524566518661953), np.float64(26.524566518661953), np.float64(25.431065226027044), np.float64(23.893943821902987), np.float64(23.722006881372376), np.float64(23.666668483489254), np.float64(23.519497789106335), np.float64(23.011464450569296)]
Final fitness values: [np.float64(22.00532147271465), np.float64(22.00532147271465), np.float64(22.00375834643075), np.float64(22.00375816987455), np.float64(22.00352413065906), np.float64(22.00352413065906), np.float64(22.003523996939474), np.float64(22.0035237865726), np.float64(22.0035237865726), np.float64(22.003522608253625)]
HOF ITEM
22.003522608253625
-1.296108764299163,1.4104469151102088,-3.249821278018615,-0.5233133889041509,0.657437651052396,1.0862649799212076,-0.1884765235431427,2.806008314820048,1.2639356931489092,2.489257741274941,2.270629932096431,6.540078814143132,-0.2175501499411763,1.113201749053562,3.3813496060927335
HOF ITEM
22.0035237865726
-1.296108764299163,1.4104469151102088,-3.249821278018615,-0.5233133889041509,0.657437651052396,1.0862649799212076,-0.1884765235431427,2.806008314820048,1.2639356931489092,2.6349873761800695,2.270629932096431,6.540078814143132,-0.2175501499411763,1.113201749053562,3.3813496060927335
HOF ITEM
22.003523886194444
-1.296108764299163,1.4104469151102088,-3.249821278018615,-0.5233133889041509,0.657437651052396,1.0862649799212076,-0.1884765235431427,2.806008314820048,1.2639356931489092,2.666391041431366,2.270629932096431,6.540078814143132,-0.2175501499411763,1.113201749053562,3.3813496060927335
HOF ITEM
22.003523996939474
-1.296108764299163,1.4104469151102088,-3.249821278018615,-0.5233133889041509,0.657437651052396,1.0862649799212076,-0.1884765235431427,2.806008314820048,1.2639356931489092,2.489257741274941,2.3678230818153074,6.540078814143132,-0.2175501499411763,1.113201749053562,3.3813496060927335
HOF ITEM
22.00352413065906
-1.296108764299163,1.4104469151102088,-3.249821278018615,-0.5233133889041509,0.657437651052396,1.0862649799212076,-0.1884765235431427,2.806008314820048,1.2639356931489092,2.6349873761800695,2.3678230818153074,6.540078814143132,-0.2175501499411763,1.113201749053562,3.3813496060927335
seed 321
Initial fitness values: [np.float64(30.66120333128173), np.float64(30.66120333128173), np.float64(27.87249620144447), np.float64(27.87249620144447), np.float64(27.01113522888421), np.float64(26.876002827288918), np.float64(26.290426658377374), np.float64(25.910723836406415), np.float64(24.593359602819127), np.float64(24.12528723212472)]
Final fitness values: [np.float64(20.795264816778644), np.float64(20.795264816778644), np.float64(20.795141809321382), np.float64(20.795141809321382), np.float64(20.794944224607793), np.float64(20.794944224607793), np.float64(20.794944224607793), np.float64(20.79494422353133), np.float64(20.79494422353133), np.float64(20.794879849595446)]
HOF ITEM
20.794879849595446
-4.740417128901551,1.6762034025914514,5.1929058756496635,5.257439807015793,-6.116940368676463,-4.353174942803876,-3.3945699500367548,2.306120651939714,0.8779307562285303,1.5607021006223105,2.493858163239134,5.83775724883704,-5.116227387462872,1.9900664191742206,3.6259601514790916
HOF ITEM
20.79494422353133
-4.740417128901551,1.6762034025914514,5.1929058756496635,5.257439807015793,-6.116940368676463,-4.353174942803876,-3.3945699500367548,2.306120651939714,0.8779307562285303,1.2623498545997525,1.8988657796291526,5.82540826475449,-5.080412657294185,1.9900664191742206,3.6259601514790916
HOF ITEM
20.79494422362953
-4.740417128901551,1.6762034025914514,5.1929058756496635,5.257439807015793,-6.116940368676463,-4.353174942803876,-3.3945699500367548,2.306120651939714,0.8779307562285303,1.2623498545997525,1.8988657796291526,5.741102270342793,-5.080412657294185,1.9900664191742206,3.6259601514790916
HOF ITEM
20.794944224236563
-4.740417128901551,1.6762034025914514,5.1929058756496635,5.257439807015793,-6.116940368676463,-4.353174942803876,-3.3945699500367548,2.306120651939714,0.8779307562285303,1.3930910818699282,1.8988657796291526,5.82540826475449,-5.080412657294185,1.9900664191742206,3.6259601514790916
HOF ITEM
20.79494422427753
-4.740417128901551,1.6762034025914514,5.1929058756496635,5.257439807015793,-6.116940368676463,-4.353174942803876,-3.3945699500367548,2.306120651939714,0.8779307562285303,1.3930910818699282,1.8988657796291526,5.741102270342793,-5.080412657294185,1.9900664191742206,3.6259601514790916
seed 322
Initial fitness values: [np.float64(31.577453914079424), np.float64(30.34644318789064), np.float64(27.887370049969526), np.float64(26.25138827202417), np.float64(25.464634790471404), np.float64(24.9629135012393), np.float64(24.655849251146446), np.float64(22.933501114346168), np.float64(22.81492297801061), np.float64(22.814922978010543)]
Final fitness values: [np.float64(21.97132140846034), np.float64(21.97132140846034), np.float64(21.97132140846034), np.float64(21.97132140846034), np.float64(21.97132140846034), np.float64(21.97132140846034), np.float64(21.97132140846034), np.float64(21.97132140846034), np.float64(21.971319317287602), np.float64(21.971319317287602)]
HOF ITEM
21.971319317287602
-6.382831515390942,1.5706033609496883,3.0992956797021067,7.0,-5.125895881336952,2.240993287377642,-5.052659463537109,1.9149443995623703,0.4932812668387947,-3.2162318757317068,1.872243578705779,4.871777539785823,5.711823810141164,2.866442472471834,1.034586101176487
HOF ITEM
21.971319317287602
-6.382831515390942,1.5706033609496883,3.0992956797021067,7.0,-5.125895881336952,2.240993287377642,-5.052659463537109,1.9149443995623703,0.4932812668387947,-3.2162318757317068,1.872243578705779,4.871777539785823,5.711823810141164,2.99686775436328,1.0858774607910444
HOF ITEM
21.971319317287602
-6.382831515390942,1.5706033609496883,3.0992956797021067,7.0,-5.125895881336952,2.240993287377642,-5.052659463537109,1.9149443995623703,0.4932812668387947,-3.2162318757317068,1.872243578705779,4.871777539785823,4.998404833732456,2.99686775436328,1.0858774607910444
HOF ITEM
21.97132140846034
-6.382831515390942,1.5706033609496883,3.0992956797021067,7.0,-4.874256209137489,2.240993287377642,-5.052659463537109,1.9149443995623703,0.4932812668387947,-3.2162318757317068,1.872243578705779,4.871777539785823,5.711823810141164,2.99686775436328,0.6372438682942222
HOF ITEM
21.97132140846034
-6.382831515390942,1.5706033609496883,3.0992956797021067,7.0,-4.874256209137489,2.240993287377642,-5.052659463537109,1.9149443995623703,0.4932812668387947,-3.2162318757317068,1.872243578705779,4.871777539785823,5.711823810141164,2.866442472471834,0.6372438682942222
seed 323
Initial fitness values: [np.float64(29.38914293788338), np.float64(29.38914293788338), np.float64(28.483142761793218), np.float64(28.050286740719045), np.float64(27.689096075799707), np.float64(27.605360258097505), np.float64(27.451099488766097), np.float64(27.392624072576464), np.float64(27.392624072576464), np.float64(27.344593236513283)]
Final fitness values: [np.float64(24.259377465343228), np.float64(24.259377465343228), np.float64(24.259377465343228), np.float64(24.259377465343228), np.float64(24.259377465343228), np.float64(24.259377465343228), np.float64(24.259377465343228), np.float64(24.259377465343228), np.float64(24.259377465343228), np.float64(24.259377465343228)]
HOF ITEM
24.259377465343228
-2.37449622531054,1.8311855952629181,0.8205580314686444,0.011995820302492022,-4.319518723074346,-2.6866600580697764,0.48930656176495757,0.9408889294869186,4.320940994413835,5.681406130314127,2.2017059687109004,3.8956524671318182,-3.211875846999755,2.8213846479463887,5.003536286704354
HOF ITEM
24.259377465343228
-2.37449622531054,1.8311855952629181,0.8205580314686444,0.011995820302492022,-4.319518723074346,-2.6866600580697764,0.48930656176495757,0.9408889294869186,4.320940994413835,5.681406130314127,1.9512258202827661,3.57486634071895,-3.211875846999755,2.8213846479463887,5.003536286704354
HOF ITEM
24.259377465343228
-2.37449622531054,1.8311855952629181,0.8205580314686444,0.011995820302492022,-4.319518723074346,-2.6866600580697764,0.48930656176495757,0.9408889294869186,4.320940994413835,5.681406130314127,2.2017059687109004,3.57486634071895,-3.211875846999755,2.8213846479463887,5.003536286704354
HOF ITEM
24.259377465343228
-2.37449622531054,1.8311855952629181,0.8205580314686444,0.011995820302492022,-4.319518723074346,-2.6866600580697764,0.48930656176495757,0.9408889294869186,4.320940994413835,5.681406130314127,2.360899215329704,3.8956524671318182,-3.211875846999755,2.8213846479463887,5.003536286704354
HOF ITEM
24.259377465343228
-2.37449622531054,1.8311855952629181,0.8205580314686444,0.011995820302492022,-4.319518723074346,-2.6866600580697764,0.48930656176495757,0.9408889294869186,4.320940994413835,5.681406130314127,1.9512258202827661,3.8956524671318182,-3.211875846999755,2.8213846479463887,5.003536286704354
seed 324
Initial fitness values: [np.float64(30.25153183975641), np.float64(29.973093903432048), np.float64(28.243306868113667), np.float64(28.01864144750567), np.float64(27.035824461187882), np.float64(27.035824461187882), np.float64(26.996730522615177), np.float64(26.49704251213191), np.float64(26.49704251213191), np.float64(26.444185525183425)]
Final fitness values: [np.float64(24.555194002331334), np.float64(24.555194002331334), np.float64(24.555194002331334), np.float64(24.555194002331334), np.float64(24.555194002331334), np.float64(24.555194002331334), np.float64(24.555194002331334), np.float64(24.555194002331334), np.float64(24.555194002331334), np.float64(24.555194002331334)]
HOF ITEM
24.555194002331334
6.08099505484995,-1.3630399870202954,4.233436721193413,4.319752890239776,-3.7604972991272487,-3.127710053810628,2.7183782395012064,0.15917364858023048,2.122108444144064,5.461554952974216,3.0,0.8239070891113652,-4.320668226895199,3.0,3.678233091789829
HOF ITEM
24.555194002331334
6.08099505484995,-1.3630399870202954,4.233436721193413,4.319752890239776,-3.7604972991272487,-3.127710053810628,2.7183782395012064,0.15917364858023048,2.122108444144064,5.466528394308707,2.988935379835742,0.5537372873445299,-4.239587832279245,3.0,3.678233091789829
HOF ITEM
24.555194002331334
6.08099505484995,-1.3630399870202954,4.233436721193413,4.319752890239776,-3.7604972991272487,-3.127710053810628,2.7183782395012064,0.15917364858023048,2.122108444144064,5.461554952974216,3.0,0.8239070891113652,-4.239587832279245,3.0,3.678233091789829
HOF ITEM
24.555194002331334
6.08099505484995,-1.3630399870202954,4.233436721193413,4.319752890239776,-3.7604972991272487,-3.127710053810628,2.7183782395012064,0.15917364858023048,2.122108444144064,5.466528394308707,2.988935379835742,0.8239070891113652,-4.320668226895199,3.0,3.678233091789829
HOF ITEM
24.555194002331334
6.08099505484995,-1.3630399870202954,4.233436721193413,4.319752890239776,-3.7604972991272487,-3.127710053810628,2.7183782395012064,0.15917364858023048,2.122108444144064,5.461554952974216,3.0,0.5537372873445299,-4.239587832279245,3.0,3.678233091789829
seed 325
Initial fitness values: [np.float64(31.922176019584324), np.float64(30.361325870034676), np.float64(29.45238306706129), np.float64(28.25838254702093), np.float64(27.306921411633116), np.float64(26.653646617752855), np.float64(26.653646617752855), np.float64(25.71089882816006), np.float64(25.71089882816006), np.float64(24.386747462803665)]
Final fitness values: [np.float64(21.66436696569206), np.float64(21.66436696569206), np.float64(21.66436696569206), np.float64(21.66209977062025), np.float64(21.66209977062025), np.float64(21.66209977062025), np.float64(21.66209977062025), np.float64(21.66209977062025), np.float64(21.66209977062025), np.float64(21.66209977062025)]
HOF ITEM
21.66209977062025
-4.837165764037683,1.5971545358847297,4.487046409967664,5.610148305088123,0.28493335140674336,-3.730581317674597,-3.486575014856509,2.285775434510583,3.5837955062655613,-3.4705492280248906,0.4001164289863689,1.391858130173047,6.272701306887054,2.187639302229271,1.0338138142156268
HOF ITEM
21.66209977062025
-4.837165764037683,1.5971545358847297,4.487046409967664,5.610148305088123,0.28493335140674336,-3.730581317674597,-3.486575014856509,2.285775434510583,3.5837955062655613,-3.4705492280248906,0.4001164289863689,1.391858130173047,6.272701306887054,2.3691183616109073,1.0338138142156268
HOF ITEM
21.66436696569206
-4.837165764037683,1.5971545358847297,4.487046409967664,5.610148305088123,0.28493335140674336,-3.730581317674597,-3.486575014856509,2.285775434510583,3.5837955062655613,-3.4705492280248906,0.3498306367112712,1.391858130173047,6.272701306887054,2.3691183616109073,1.0338138142156268
HOF ITEM
21.66436696569206
-4.837165764037683,1.5971545358847297,4.487046409967664,5.610148305088123,0.28493335140674336,-3.730581317674597,-3.486575014856509,2.285775434510583,3.5837955062655613,-3.4705492280248906,0.3498306367112712,1.391858130173047,6.272701306887054,2.187639302229271,1.0338138142156268
HOF ITEM
21.671123252975782
-4.837165764037683,1.5971545358847297,4.487046409967664,5.610148305088123,0.28493335140674336,-3.730581317674597,-3.486575014856509,2.285775434510583,3.5837955062655613,-3.4705492280248906,0.2894212225850208,1.391858130173047,6.272701306887054,2.187639302229271,1.0338138142156268
seed 326
Initial fitness values: [np.float64(29.308185696450753), np.float64(27.966957788321608), np.float64(27.966957788321608), np.float64(27.15913161090715), np.float64(25.93588827715751), np.float64(24.263286328100058), np.float64(24.079359934330643), np.float64(24.079359934330643), np.float64(23.261482977616662), np.float64(22.926445524743766)]
Final fitness values: [np.float64(21.88340805653275), np.float64(21.7392874097284), np.float64(21.73736947121479), np.float64(21.689960272021914), np.float64(21.676179558512594), np.float64(21.676179558512594), np.float64(21.651219185698647), np.float64(21.651219185698647), np.float64(21.611878304559017), np.float64(21.611878304559017)]
HOF ITEM
21.611878304559017
-3.7289118331729765,1.5696940688832008,0.1875406599937272,0.6307419291031504,1.7768587978383363,-0.6841664942472193,-2.409546435089194,2.597577281215452,2.3102903278097537,0.5261370274183709,0.44001941267948974,0.36518933772848405,2.0044747749886342,0.1846372501269467,3.6904831064404138
HOF ITEM
21.639468378997325
-3.7289118331729765,1.5696940688832008,0.1875406599937272,0.6307419291031504,1.7768587978383363,-0.6841664942472193,-2.409546435089194,2.597577281215452,2.3102903278097537,0.5261370274183709,0.6098024204907773,0.36518933772848405,2.0044747749886342,0.1846372501269467,3.6904831064404138
HOF ITEM
21.651219185698647
-3.7289118331729765,1.5696940688832008,0.1875406599937272,0.6307419291031504,1.7768587978383363,-0.6841664942472193,-2.409546435089194,2.597577281215452,2.3102903278097537,0.7125659168712419,0.6098024204907773,0.36518933772848405,2.0044747749886342,0.1846372501269467,3.6904831064404138
HOF ITEM
21.6699839607269
-3.7289118331729765,1.5696940688832008,0.1875406599937272,0.6307419291031504,1.7768587978383363,-0.6841664942472193,-2.409546435089194,2.597577281215452,2.3102903278097537,0.7125659168712419,0.7955650485830519,0.36518933772848405,2.0044747749886342,0.1846372501269467,3.6904831064404138
HOF ITEM
21.676179558512594
-3.7289118331729765,1.5696940688832008,0.1875406599937272,0.5618803686076304,1.7768587978383363,-0.6841664942472193,-2.409546435089194,2.597577281215452,2.3102903278097537,0.5261370274183709,0.44001941267948974,0.36518933772848405,2.3373279642241025,0.1846372501269467,3.6904831064404138
seed 327
Initial fitness values: [np.float64(32.91047285535207), np.float64(30.69859500471409), np.float64(28.267865120646093), np.float64(28.267865120646093), np.float64(27.335270413207684), np.float64(24.672789434744143), np.float64(23.517080293282852), np.float64(23.516945831672455), np.float64(23.385548464102786), np.float64(22.298220946454226)]
Final fitness values: [np.float64(21.91612760117328), np.float64(21.91612760117328), np.float64(21.91612760117328), np.float64(21.91612760117328), np.float64(21.91612760117328), np.float64(21.91612760117328), np.float64(21.91612760117328), np.float64(21.91612760117328), np.float64(21.91612760117328), np.float64(21.91612760117328)]
HOF ITEM
21.91612760117328
-5.9249034775412355,1.5850083680273668,-4.513599138991904,-3.9248885983623394,0.8684672301254698,4.412756903483005,-4.582188498335354,2.0146196684271924,4.38566221310881,-1.5686302466903195,1.3093509865068507,7.0,-5.37890531959022,1.2795168741118612,1.820857365285066
HOF ITEM
21.916128341771977
-5.9249034775412355,1.5850083680273668,-4.515559875153762,-3.9248885983623394,0.8684672301254698,4.412756903483005,-4.582188498335354,2.0146196684271924,4.38566221310881,-1.5686302466903195,1.3093509865068507,7.0,-5.37890531959022,1.2795168741118612,1.820857365285066
HOF ITEM
21.916212349082993
-5.9249034775412355,1.5850083680273668,-4.766890440872537,-3.9248885983623394,0.8684672301254698,4.412756903483005,-4.582188498335354,2.0146196684271924,4.38566221310881,-1.5686302466903195,1.3093509865068507,7.0,-5.37890531959022,1.2795168741118612,1.820857365285066
HOF ITEM
21.91627789209202
-5.9249034775412355,1.5850083680273668,-4.513599138991904,-3.9248885983623394,0.8684672301254698,4.412756903483005,-4.582188498335354,2.0146196684271924,4.38566221310881,-1.5686302466903195,1.3093509865068507,7.0,-5.37890531959022,1.5291711154172023,1.3468027661939126
HOF ITEM
21.9162783396324
-5.9249034775412355,1.5850083680273668,-4.515559875153762,-3.9248885983623394,0.8684672301254698,4.412756903483005,-4.582188498335354,2.0146196684271924,4.38566221310881,-1.5686302466903195,1.3093509865068507,7.0,-5.37890531959022,1.5291711154172023,1.3468027661939126
seed 328
Initial fitness values: [np.float64(27.797078511851748), np.float64(27.797078511851748), np.float64(27.50362775519143), np.float64(27.25836347351437), np.float64(26.952972419810923), np.float64(26.649933351188412), np.float64(26.58540913042158), np.float64(26.300105585738752), np.float64(26.128064392002816), np.float64(25.64678804008203)]
Final fitness values: [np.float64(22.028753902433586), np.float64(22.028753902433586), np.float64(22.028753902433586), np.float64(22.028753902433586), np.float64(22.028753902433586), np.float64(22.028547388654115), np.float64(22.028547388654115), np.float64(22.02854738837991), np.float64(22.02850437002413), np.float64(22.028457511176764)]
HOF ITEM
22.028457511176764
-5.882186924449127,1.583784586594274,-3.7075545726693004,-0.9512895219798058,3.546813548414519,4.657208689801795,-4.543610319870063,2.0192399094119944,4.056356793616311,1.578853896976969,1.3215939845728624,0.8406654907218067,-2.0379721759048977,0.3196988511971299,4.360153763313682
HOF ITEM
22.02850437002413
-5.882186924449127,1.583784586594274,-3.7075545726693004,-0.9512895219798058,3.546813548414519,4.657208689801795,-4.543610319870063,2.0192399094119944,4.056356793616311,1.578853896976969,1.3215939845728624,0.8406654907218067,-2.0379721759048977,0.3196988511971299,4.22044029843009
HOF ITEM
22.028504370484207
-5.882186924449127,1.583784586594274,-3.7075545726693004,-0.9512895219798058,3.546813548414519,4.657208689801795,-4.543610319870063,2.0192399094119944,4.056356793616311,1.7960361234150795,1.3215939845728624,1.0040367015056202,-2.0379721759048977,0.3196988511971299,4.22044029843009
HOF ITEM
22.02850437087755
-5.882186924449127,1.583784586594274,-3.7075545726693004,-0.9512895219798058,3.546813548414519,4.657208689801795,-4.543610319870063,2.0192399094119944,4.056356793616311,1.7960361234150795,1.3536512520956328,0.8406654907218067,-2.0379721759048977,0.3196988511971299,4.22044029843009
HOF ITEM
22.028547387685187
-5.882186924449127,1.583784586594274,-3.7075545726693004,-0.9512895219798058,3.546813548414519,4.657208689801795,-4.543610319870063,2.0192399094119944,4.056356793616311,1.578853896976969,1.3215939845728624,0.9147149107409767,-1.84835634949428,0.3196988511971299,4.360655120358989
seed 329
Initial fitness values: [np.float64(30.50436928875043), np.float64(29.564746540641448), np.float64(28.60674432172507), np.float64(28.014407899736117), np.float64(28.014407899736117), np.float64(26.36788591296474), np.float64(26.21418781807368), np.float64(24.687755111700728), np.float64(24.284829557404418), np.float64(24.284829557404418)]
Final fitness values: [np.float64(22.54627281884901), np.float64(22.54457780535877), np.float64(22.54457780535877), np.float64(22.54457780535877), np.float64(22.54457780535877), np.float64(22.5439365231859), np.float64(22.51012008303912), np.float64(22.51012008303912), np.float64(22.51012008303912), np.float64(22.51012008303912)]
HOF ITEM
22.51012008303912
2.649099952423812,-0.023929485999833723,0.08588108531006533,-4.919621043395684,-2.8637750316883714,4.81297811570956,1.287226449125536,3.0,4.766904722257046,4.706357784451778,0.34629450146706064,2.414072352079627,4.201652672788019,1.4776064572110033,0.10245075076122204
HOF ITEM
22.5439365231859
2.649099952423812,-0.023929485999833723,0.08588108531006533,-4.8877344674952425,-2.9769893839613957,4.067262439337167,1.287226449125536,3.0,4.766904722257046,4.600713905209035,0.34629450146706064,2.414072352079627,4.201652672788019,1.672237055188004,0.20967042377321043
HOF ITEM
22.54393652584437
2.649099952423812,-0.023929485999833723,0.08588108531006533,-4.8877344674952425,-2.9769893839613957,4.067262439337167,1.287226449125536,3.0,4.766904722257046,4.600713905209035,0.34629450146706064,2.414072352079627,4.201652672788019,1.4776064572110033,0.10245075076122204
HOF ITEM
22.54457780535877
2.649099952423812,-0.023929485999833723,0.08588108531006533,-4.8877344674952425,-2.8637750316883714,4.331608334096234,1.287226449125536,3.0,4.766904722257046,4.601440409004863,0.34629450146706064,2.414072352079627,4.201652672788019,1.672237055188004,0.20967042377321043
HOF ITEM
22.544634061331767
2.649099952423812,-0.023929485999833723,0.08588108531006533,-4.8877344674952425,-2.8637750316883714,4.067262439337167,1.287226449125536,3.0,4.766904722257046,4.601440409004863,0.34629450146706064,2.414072352079627,4.201652672788019,1.672237055188004,0.20967042377321043
best parameter set
fitness 20.73864297444376 seed 321
-4.741288516465592,1.6658355914246707,5.1916701331874044,5.258675556459568,-6.117488020524091,-4.352627293266782,-3.398132865571406,2.3074153525430074,0.8799322537245551,1.3930910818699282,1.8988657796291526,5.82540826475449,-5.0804169624439846,1.990068624672927,3.625948990785321
