seeds are [880 881 882 883 884 885 886 887 888 889]
seed 880
Initial fitness values: [np.float64(63.8961537088719), np.float64(55.944423540173815), np.float64(55.72879195894658), np.float64(55.72879195894658), np.float64(51.257351473504464), np.float64(49.7410982307765), np.float64(49.28886147885693), np.float64(47.452329942877704), np.float64(46.09091526310635), np.float64(45.12985249114971)]
Final fitness values: [np.float64(43.81740832870428), np.float64(43.81740832870428), np.float64(43.81740832870428), np.float64(43.81740832870428), np.float64(43.81740832870428), np.float64(43.81740832870428), np.float64(43.81740832870428), np.float64(43.81695364558886), np.float64(43.816548114078685), np.float64(43.81622473993588)]
HOF ITEM
43.81622473993588
-2.779441087551869,1.5668790830997776,7.0,0.05913668028607444,-1.4440946673595,2.465393772175549,-1.4878000460838798,2.845889961811621,6.404972474878232,4.296189872042399,2.4329048067916816,2.4112254468487473,5.8533898716477815,0.14277897333754302,4.52190905871729
HOF ITEM
43.816548114078685
-2.779441087551869,1.5668790830997776,7.0,0.05913668028607444,-1.5138613867987667,2.4099750262673787,-1.4878000460838798,2.845889961811621,6.404972474878232,4.296189872042399,2.4329048067916816,2.4112254468487473,5.8533898716477815,0.14277897333754302,4.248073111324166
HOF ITEM
43.81695364558886
-2.779441087551869,1.5668790830997776,7.0,0.05913668028607444,-1.4440946673595,2.465393772175549,-1.4878000460838798,2.845889961811621,6.404972474878232,4.296189872042399,2.4329048067916816,2.749175739286591,6.268544363470192,0.14277897333754302,4.52190905871729
HOF ITEM
43.81709918582738
-2.779441087551869,1.5668790830997776,7.0,0.05913668028607444,-1.5138613867987667,2.4099750262673787,-1.4878000460838798,2.845889961811621,6.404972474878232,4.296189872042399,2.4329048067916816,2.4808070797965707,5.8533898716477815,0.14277897333754302,4.1021938292904565
HOF ITEM
43.81709918582738
-2.779441087551869,1.5668790830997776,7.0,0.05913668028607444,-1.5138613867987667,2.4099750262673787,-1.4878000460838798,2.845889961811621,6.404972474878232,4.296189872042399,2.4329048067916816,2.4112254468487473,5.8533898716477815,0.14277897333754302,4.1021938292904565
seed 881
Initial fitness values: [np.float64(53.98962492908105), np.float64(53.7148444091282), np.float64(53.15707550768208), np.float64(53.03301740750814), np.float64(47.96314993292373), np.float64(47.13369174772892), np.float64(46.51243348358832), np.float64(45.425677470444725), np.float64(45.425677470444725), np.float64(45.425677470444725)]
Final fitness values: [np.float64(43.56895689602711), np.float64(43.49557355469957), np.float64(43.49557355469957), np.float64(43.49557355469957), np.float64(43.4566642676236), np.float64(43.4566642676236), np.float64(43.453630488822625), np.float64(43.45095154620546), np.float64(43.445681577287274), np.float64(43.37088496974285)]
HOF ITEM
43.37088496974285
0.25173204742623184,0.9909688646516427,-0.6394005383980315,-1.56644635847821,4.775442021394539,2.9631115843779665,0.769995087851269,2.8049869316986067,5.854947402640561,7.0,2.034961965575802,0.42335345257033324,0.09381926480161475,2.971364432868428,2.452612920732782
HOF ITEM
43.445681577287274
0.25173204742623184,0.9909688646516427,-0.6394005383980315,-1.56644635847821,4.775442021394539,2.9631115843779665,0.769995087851269,2.8049869316986067,5.841484603548304,6.714498717296798,1.8053231732746873,0.5680576826714107,0.08625343042497881,3.0,2.06395327841968
HOF ITEM
43.445681577287274
0.25173204742623184,0.9909688646516427,-0.6394005383980315,-1.56644635847821,4.775442021394539,2.9631115843779665,0.769995087851269,2.8049869316986067,5.841484603548304,7.0,1.8053231732746873,0.5680576826714107,0.08625343042497881,3.0,2.06395327841968
HOF ITEM
43.45095154620546
0.25173204742623184,0.9909688646516427,-0.8239441326702212,-1.5857020609616421,4.775442021394539,2.9631115843779665,0.769995087851269,2.8049869316986067,5.854947402640561,7.0,2.034961965575802,0.42335345257033324,0.09381926480161475,3.0,2.452612920732782
HOF ITEM
43.45095154620546
0.25173204742623184,0.9909688646516427,-0.8239441326702212,-1.5857020609616421,4.775442021394539,2.9631115843779665,0.769995087851269,2.8049869316986067,5.854947402640561,7.0,1.7792762745418542,0.3966539619898725,0.09381926480161475,3.0,2.452612920732782
seed 882
Initial fitness values: [np.float64(58.87905141949184), np.float64(49.97993438734855), np.float64(49.89463758173391), np.float64(46.853512630131256), np.float64(45.583458093862674), np.float64(44.96797385275642), np.float64(44.96797385275642), np.float64(44.96797385275642), np.float64(44.96797385275642), np.float64(44.96797385275642)]
Final fitness values: [np.float64(43.518591504037914), np.float64(43.518591504037914), np.float64(43.518591504037914), np.float64(43.518591504037914), np.float64(43.518591504037914), np.float64(43.518591504037914), np.float64(43.518591504037914), np.float64(43.49971551478747), np.float64(43.49971551478747), np.float64(43.49971551478747)]
HOF ITEM
43.49971551478747
2.8238447516198035,-0.07409448143101431,-6.525072508848083,-2.2526779230106717,1.2949473780442888,-2.3064656894876325,1.3074253021365745,3.0,6.5163582063118675,-3.494735106576722,1.4843565006630326,3.4158462024304876,1.7744953653685407,0.2462293954771154,6.986779123861347
HOF ITEM
43.50834294054837
2.8238447516198035,-0.07409448143101431,-6.518866805583076,-2.2526779230106717,1.2949473780442888,-2.2149474787719403,1.3074253021365745,3.0,6.5163582063118675,-3.494735106576722,1.4843565006630326,3.4275776036304015,1.651818315101745,0.2462293954771154,7.0
HOF ITEM
43.518591504037914
2.8238447516198035,-0.07409448143101431,-6.525072508848083,-2.2526779230106717,1.2949473780442888,-2.2149474787719403,1.3074253021365745,3.0,6.5163582063118675,-3.494735106576722,1.4843565006630326,3.4275776036304015,1.7744953653685407,0.2462293954771154,6.986779123861347
HOF ITEM
43.52583001696268
2.8238447516198035,-0.07409448143101431,-6.525072508848083,-2.2526779230106717,1.2949473780442888,-2.2149474787719403,1.3074253021365745,3.0,6.5163582063118675,-3.494735106576722,1.4843565006630326,3.4275776036304015,1.7744953653685407,0.2462293954771154,6.943400900393096
HOF ITEM
43.52882768184233
2.8238447516198035,-0.07409448143101431,-6.525072508848083,-2.2526779230106717,1.2949473780442888,-2.2149474787719403,1.3074253021365745,3.0,6.5163582063118675,-3.494735106576722,1.4843565006630326,3.4158462024304876,1.7744953653685407,0.2462293954771154,6.986779123861347
seed 883
Initial fitness values: [np.float64(54.33620148736744), np.float64(53.24377580069756), np.float64(50.86560909053497), np.float64(49.674510770586565), np.float64(46.73818506682028), np.float64(46.17828470196892), np.float64(45.246130922792815), np.float64(45.246130922792815), np.float64(44.85402156557778), np.float64(44.85402156557778)]
Final fitness values: [np.float64(43.50795005803909), np.float64(43.50795005803909), np.float64(43.50750935105151), np.float64(43.50750935105151), np.float64(43.50750935105151), np.float64(43.50750935105151), np.float64(43.50750935105151), np.float64(43.507461958892875), np.float64(43.507461958892875), np.float64(43.50720063483583)]
HOF ITEM
43.50720063483583
-4.213669713308317,1.5873952254584243,-1.982428019482709,3.5828871933551367,-5.3776623417434894,-2.2692422600809077,-2.892779578977784,2.4330880204391585,0.4558543899606837,0.4219071737924663,2.4702235485093933,0.3625724963803929,2.792700772565503,0.0,6.070617859891567
HOF ITEM
43.507461958892875
-4.213669713308317,1.5873952254584243,-1.982428019482709,3.5828871933551367,-5.1879820222015365,-2.2692422600809077,-2.892779578977784,2.4330880204391585,0.4558543899606837,0.46361801430798355,2.4702235485093933,0.4388737300023288,2.792700772565503,0.0,5.854162306035685
HOF ITEM
43.507461958892875
-4.213669713308317,1.5873952254584243,-1.982428019482709,3.5828871933551367,-5.1879820222015365,-2.2692422600809077,-2.892779578977784,2.4330880204391585,0.4558543899606837,0.8210213387142827,2.4702235485093933,0.4388737300023288,2.792700772565503,0.0,5.854162306035685
HOF ITEM
43.507461958892875
-4.213669713308317,1.5873952254584243,-1.982428019482709,3.5828871933551367,-5.1879820222015365,-2.2692422600809077,-2.892779578977784,2.4330880204391585,0.4558543899606837,0.7172947805277994,2.4702235485093933,0.18469714275402765,2.792700772565503,0.0,5.854162306035685
HOF ITEM
43.507461958892875
-4.213669713308317,1.5873952254584243,-1.982428019482709,3.5828871933551367,-5.1879820222015365,-2.2692422600809077,-2.892779578977784,2.4330880204391585,0.4558543899606837,0.8210213387142827,2.5283524605221195,0.18469714275402765,2.792700772565503,0.0,5.854162306035685
seed 884
Initial fitness values: [np.float64(63.07964934660303), np.float64(55.61124934659051), np.float64(51.235387232835066), np.float64(51.235387232835066), np.float64(51.235387232835066), np.float64(49.95747978532027), np.float64(48.53960534803027), np.float64(48.0240874707573), np.float64(45.872970122245846), np.float64(45.866428913173365)]
Final fitness values: [np.float64(42.65139578239555), np.float64(42.65139578239555), np.float64(42.65126742161725), np.float64(42.65126742161725), np.float64(42.65126742161725), np.float64(42.65126742161725), np.float64(42.65126742161725), np.float64(42.65126742161725), np.float64(42.65126742161725), np.float64(42.65126742161725)]
HOF ITEM
42.65126742161725
-3.744944420629271,1.5054812106125335,1.4708971022902684,3.0374848013668343,2.781174445921629,0.27555504009831844,-2.458468800215259,2.100478386731492,1.5246251084175169,3.6738153401612514,0.7428187826229949,3.2436121160466715,-0.42930635982127935,0.40948750163101677,2.008508591502574
HOF ITEM
42.65139578239555
-3.744944420629271,1.5054812106125335,1.4708971022902684,3.0374848013668343,2.781174445921629,0.27555504009831844,-2.458468800215259,2.100478386731492,1.5246251084175169,3.5257847227877774,0.7428187826229949,3.2436121160466715,-0.42930635982127935,0.40948750163101677,2.008508591502574
HOF ITEM
42.65157360653782
-3.744944420629271,1.5054812106125335,1.4708971022902684,3.0374848013668343,2.781174445921629,0.27555504009831844,-2.458468800215259,2.100478386731492,1.5246251084175169,3.5257847227877774,0.7428187826229949,3.5482095349465297,-0.42930635982127935,0.40948750163101677,2.008508591502574
HOF ITEM
42.65198000435851
-3.744944420629271,1.5054812106125335,1.4708971022902684,3.0374848013668343,2.781174445921629,0.27555504009831844,-2.458468800215259,2.100478386731492,1.5246251084175169,3.354470798859507,0.7428187826229949,3.666211953828673,-0.42930635982127935,0.40948750163101677,2.008508591502574
HOF ITEM
42.66260111141963
-3.744944420629271,1.5054812106125335,1.5293299215701144,3.0374848013668343,2.781174445921629,0.337072578097633,-2.458468800215259,2.08895819571759,1.5246251084175169,3.8250214027551794,0.7073640334316655,3.2436121160466715,-0.42930635982127935,0.40948750163101677,2.008508591502574
seed 885
Initial fitness values: [np.float64(58.4607234426836), np.float64(56.197513931301806), np.float64(53.43732250012398), np.float64(52.17326974226757), np.float64(50.65049962522707), np.float64(45.521903611592435), np.float64(45.265750316501844), np.float64(44.69365655410487), np.float64(44.273555913175436), np.float64(43.94737202518383)]
Final fitness values: [np.float64(41.46993907131785), np.float64(41.468071619836245), np.float64(41.468071619836245), np.float64(41.40152000851576), np.float64(41.40152000851576), np.float64(41.401519959479934), np.float64(41.40151986754755), np.float64(41.40151986754755), np.float64(41.40151986754755), np.float64(41.40151986754755)]
HOF ITEM
41.40151986754755
-5.4748419761073945,1.3602590041161275,6.842316123791555,1.2541254722665471,-1.8224751180989402,1.9037086939922745,-4.141602191193585,2.0606237753364667,5.570450507942551,-2.6769680843283727,0.3297785755606456,0.7879257253802057,-1.9485740762313113,2.634141971080201,1.0547657800739532
HOF ITEM
41.40151986754755
-5.4748419761073945,1.3602590041161275,6.842316123791555,1.2541254722665471,-1.8224751180989402,1.9037086939922745,-4.141602191193585,2.0606237753364667,5.570450507942551,-2.6769680843283727,0.3297785755606456,0.7879257253802057,-1.9485740762313113,2.507355216752345,1.3316258095783917
HOF ITEM
41.40151986754755
-5.4748419761073945,1.3602590041161275,6.842316123791555,1.2541254722665471,-1.8224751180989402,1.9037086939922745,-4.141602191193585,2.0606237753364667,5.570450507942551,-2.6769680843283727,0.3297785755606456,0.7879257253802057,-1.9008619655302137,2.534898891207241,1.3316258095783917
HOF ITEM
41.40151986754755
-5.4748419761073945,1.3602590041161275,6.842316123791555,1.2541254722665471,-1.8224751180989402,1.9037086939922745,-4.141602191193585,2.0606237753364667,5.570450507942551,-2.6769680843283727,0.3297785755606456,0.7879257253802057,-1.9008619655302137,2.534898891207241,1.0547657800739532
HOF ITEM
41.40151986754755
-5.4748419761073945,1.3602590041161275,6.842316123791555,1.2541254722665471,-1.8224751180989402,1.9037086939922745,-4.141602191193585,2.0606237753364667,5.570450507942551,-2.6769680843283727,0.3297785755606456,0.7879257253802057,-1.9485740762313113,2.507355216752345,1.0547657800739532
seed 886
Initial fitness values: [np.float64(59.34456926542045), np.float64(53.532622626213154), np.float64(53.532622626213154), np.float64(48.70594253630949), np.float64(47.66955708227768), np.float64(47.66955708227768), np.float64(47.49241502771896), np.float64(47.49241502771896), np.float64(46.65420158282172), np.float64(46.65420158282172)]
Final fitness values: [np.float64(44.46178928570058), np.float64(44.46178928570058), np.float64(44.46178928570058), np.float64(44.46178928570058), np.float64(44.46178928570058), np.float64(44.44771386312358), np.float64(44.44771386312358), np.float64(44.44771386312358), np.float64(44.440778165855086), np.float64(44.440778165855086)]
HOF ITEM
44.440778165855086
3.8606959620317687,-0.42721752167729465,0.8492077514156792,3.44499814198063,4.448054986492153,0.9159068976275566,1.3341899400918924,3.0,1.8471361022376902,5.439175696365413,1.1662660564733023,4.773143293869024,2.693512268006992,0.8547233500981132,3.0188004415060012
HOF ITEM
44.44771386312358
3.8606959620317687,-0.42721752167729465,0.8492077514156792,3.44499814198063,4.448054986492153,0.9159068976275566,1.3341899400918924,3.0,1.8471361022376902,5.702471366311838,1.1662660564733023,4.773143293869024,2.693512268006992,0.8547233500981132,3.0188004415060012
HOF ITEM
44.449630920117905
3.8606959620317687,-0.42721752167729465,0.8492077514156792,3.44499814198063,4.448054986492153,0.9159068976275566,1.3341899400918924,3.0,1.8471361022376902,5.439175696365413,1.1662660564733023,4.773143293869024,2.693512268006992,0.8534074061306419,3.0188004415060012
HOF ITEM
44.45293306184453
3.8606959620317687,-0.42721752167729465,0.8492077514156792,3.44499814198063,4.448054986492153,0.9159068976275566,1.3341899400918924,3.0,1.8471361022376902,5.439175696365413,1.7056136849216013,5.418689300301207,2.693512268006992,0.8547233500981132,3.0188004415060012
HOF ITEM
44.452934882055025
3.8606959620317687,-0.42721752167729465,0.8492077514156792,3.44499814198063,4.448054986492153,0.9159068976275566,1.3341899400918924,3.0,1.8471361022376902,5.439175696365413,1.7056136849216013,4.9811428714602926,2.693512268006992,0.8547233500981132,3.0188004415060012
seed 887
Initial fitness values: [np.float64(60.41316857347929), np.float64(55.503867457294696), np.float64(54.54037453894779), np.float64(54.19123355741904), np.float64(53.52401354446343), np.float64(53.424099903307436), np.float64(52.13651905883545), np.float64(49.86010601560378), np.float64(49.773912264129606), np.float64(48.990146763268264)]
Final fitness values: [np.float64(43.43351440863061), np.float64(43.43351440863061), np.float64(43.433503502648016), np.float64(43.433503502648016), np.float64(43.433503502648016), np.float64(43.433503502648016), np.float64(43.41759923753279), np.float64(43.41759923753279), np.float64(43.4175992075197), np.float64(43.417593079749814)]
HOF ITEM
43.417593079749814
-4.471069144840179,1.5751185151675708,-5.232764252756469,4.039306767694802,3.249941555359561,3.695270822476278,-3.1510756306646273,2.368202251966248,0.63508241086448,4.16178366470208,0.0,3.2926626920868305,0.381495938161637,0.9055396658513221,0.7622376668096853
HOF ITEM
43.4175992075197
-4.471069144840179,1.5751185151675708,-5.232764252756469,4.039306767694802,3.249941555359561,3.9901671931357177,-3.1510756306646273,2.368202251966248,0.63508241086448,4.16178366470208,0.0,3.2926626920868305,0.381495938161637,0.978444575153456,0.4789351940110172
HOF ITEM
43.41759921522513
-4.471069144840179,1.5751185151675708,-5.232764252756469,4.039306767694802,3.249941555359561,3.9901671931357177,-3.1510756306646273,2.368202251966248,0.63508241086448,4.16178366470208,0.0,3.2926626920868305,0.381495938161637,0.9055396658513221,0.4789351940110172
HOF ITEM
43.417599231225054
-4.471069144840179,1.5751185151675708,-5.232764252756469,4.039306767694802,3.249941555359561,3.9901671931357177,-3.1510756306646273,2.368202251966248,0.63508241086448,4.16178366470208,0.0,3.2926626920868305,0.06814512644719868,0.978444575153456,0.4789351940110172
HOF ITEM
43.41759923753279
-4.471069144840179,1.5751185151675708,-5.232764252756469,4.039306767694802,3.249941555359561,3.9901671931357177,-3.1510756306646273,2.368202251966248,0.63508241086448,4.16178366470208,0.0,3.2926626920868305,0.381495938161637,0.9055396658513221,0.7622376668096853
seed 888
Initial fitness values: [np.float64(58.482697003505535), np.float64(54.416996331935344), np.float64(51.92664706222719), np.float64(48.17549183842256), np.float64(48.17549183842256), np.float64(47.62999597024082), np.float64(47.07385592047136), np.float64(46.14630114529405), np.float64(45.93971531079108), np.float64(45.61862661781097)]
Final fitness values: [np.float64(44.62556636778567), np.float64(44.62556636778567), np.float64(44.62556636778567), np.float64(44.55975530791437), np.float64(44.484174593616146), np.float64(44.484174593616146), np.float64(44.37604673556849), np.float64(44.37604673556849), np.float64(44.37604673556849), np.float64(44.33169421033982)]
HOF ITEM
44.33169421033982
0.251495006911605,0.9773437875101535,2.7558824869826704,0.15809139640148517,-6.345701754599288,3.555206376796832,0.7673439181323215,2.834746926631516,2.211715093820801,1.9160370530967183,2.790615009230779,2.061204255243292,-4.227505739233223,1.5892014595734034,6.631484956976821
HOF ITEM
44.36797369376308
0.251495006911605,0.9773437875101535,2.7558824869826704,0.3086573086399724,-6.470276612286344,3.426706319596971,0.7673883717837199,2.834746926631516,2.0788792540370666,1.7945027205285313,2.631900732190015,1.9177620288946344,-4.268856438006562,1.5892014595734034,6.638391568575108
HOF ITEM
44.376046734225554
0.251495006911605,0.9773437875101535,2.7558824869826704,0.3086573086399724,-6.5284297185794316,3.573433394318905,0.7673439181323215,2.834746926631516,2.0788792540370666,1.7945027205285313,2.631900732190015,2.061204255243292,-4.227505739233223,1.4379453557864057,6.638391568575108
HOF ITEM
44.37604673556849
0.251495006911605,0.9773437875101535,2.7558824869826704,0.3086573086399724,-6.5284297185794316,3.573433394318905,0.7673439181323215,2.834746926631516,2.0788792540370666,1.7945027205285313,2.631900732190015,2.061204255243292,-4.227505739233223,1.5892014595734034,6.638391568575108
HOF ITEM
44.398910772848346
0.251495006911605,0.9773437875101535,2.7558824869826704,0.3086573086399724,-6.5284297185794316,3.573433394318905,0.7673439181323215,2.834746926631516,2.0788792540370666,1.7945027205285313,2.631900732190015,2.409083736256772,-4.020568841766452,1.4379453557864057,6.638391568575108
seed 889
Initial fitness values: [np.float64(58.06482605156869), np.float64(57.72634717982777), np.float64(56.36662640219096), np.float64(56.36662640219096), np.float64(56.31359634846397), np.float64(55.51428834400469), np.float64(54.59870139088643), np.float64(54.58822305135925), np.float64(53.43945458297318), np.float64(53.066286406077104)]
Final fitness values: [np.float64(46.23811811833463), np.float64(46.23504669321516), np.float64(46.23504669321516), np.float64(46.23039901394601), np.float64(46.23039901394601), np.float64(46.21835169188409), np.float64(46.21835169188409), np.float64(46.21835169188409), np.float64(46.18408095198262), np.float64(46.15802859612669)]
HOF ITEM
46.15802859612669
1.5748871270874227,0.1794429856425203,-3.8687355830801615,5.40771743168219,-4.309554402281551,0.7584673132881629,1.2268945916496934,1.5721908387674393,0.9769851582919927,4.658347797385869,0.2661999367944321,3.324817052543162,-3.412607733777496,1.6934398866969727,4.00524736126975
HOF ITEM
46.1774250414432
1.5748871270874227,0.11588169777556555,-4.264479379511987,4.686012006888576,-4.234297280647255,0.7411258501010849,1.2404009446800006,1.4812890508071919,0.9769851582919927,4.658347797385869,0.2661999367944321,3.324817052543162,-3.412607733777496,1.6934398866969727,3.6897239309614687
HOF ITEM
46.17742607928164
1.5748871270874227,0.11588169777556555,-4.264479379511987,4.686012006888576,-4.234297280647255,0.7584673132881629,1.2404009446800006,1.4812890508071919,0.9769851582919927,4.658347797385869,0.2661999367944321,3.324817052543162,-3.412607733777496,1.6934398866969727,3.6897239309614687
HOF ITEM
46.18145920988575
1.5748871270874227,0.09768679230525966,-4.264479379511987,5.506506711790217,-4.00282323334343,0.7584673132881629,1.2404009446800006,1.4812890508071919,0.9769851582919927,4.658347797385869,0.2661999367944321,3.324817052543162,-2.9572046054815275,1.6934398866969727,4.185252079509758
HOF ITEM
46.18408095198262
1.519170785950613,0.1794429856425203,-4.264479379511987,5.3519049416694635,-4.101127664969934,0.7584673132881629,1.2404009446800006,1.4812890508071919,0.9769851582919927,4.658347797385869,0.2661999367944321,3.324817052543162,-3.412607733777496,1.6934398866969727,4.185252079509758
best parameter set
fitness 41.35010373443359 seed 885
-5.474565272401098,1.3639507618114743,6.841807330829308,1.254328375106617,-1.8224755835653121,1.9037091421512284,-4.140640221579049,2.0585570081067295,5.570654951609878,-2.6766997821748584,0.3299046926899334,0.7873124814626721,-1.9485740762313113,2.507355216752345,1.0547657800739532
