seeds are [680 681 682 683 684 685 686 687 688 689]
seed 680
Initial fitness values: [np.float64(32.94174223554217), np.float64(27.587775133590693), np.float64(27.587775133590693), np.float64(27.053810277835595), np.float64(27.053810277835595), np.float64(26.926175463858417), np.float64(26.814233201873257), np.float64(26.814233201873257), np.float64(26.774394580645403), np.float64(26.717763923005855)]
Final fitness values: [np.float64(26.12782326278106), np.float64(26.12782326278106), np.float64(26.12782326278106), np.float64(26.12782326278106), np.float64(26.12782326278106), np.float64(26.12782326278106), np.float64(26.12782326278106), np.float64(26.126911569984316), np.float64(26.126911569984316), np.float64(26.126911569984316)]
HOF ITEM
26.126911569984316
6.729137387660072,-1.211438074975693,-2.8208665414578182,3.372073121365619,-1.3461118800976553,-4.662843438915337,3.902813975639637,0.8261238544631239,6.320829049464341,4.158440922471635,0.28609817094198126,3.8323642732364958,5.7621383103371056,2.6378260875214594,1.187810866393629
HOF ITEM
26.126911569984316
6.729137387660072,-1.211438074975693,-2.8208665414578182,3.372073121365619,-1.3461118800976553,-4.662843438915337,3.902813975639637,0.8261238544631239,6.320829049464341,4.158440922471635,0.28609817094198126,3.8323642732364958,5.365046875833593,3.0,0.8500132567805805
HOF ITEM
26.126911569984316
6.729137387660072,-1.211438074975693,-2.8208665414578182,3.372073121365619,-1.3461118800976553,-4.662843438915337,3.902813975639637,0.8261238544631239,6.320829049464341,4.158440922471635,0.28609817094198126,3.8323642732364958,5.7621383103371056,2.6378260875214594,0.9314569663558097
HOF ITEM
26.127811487763978
6.729137387660072,-1.211438074975693,-2.941656792036637,3.372073121365619,-1.2215176746350447,-4.662396910127477,3.902813975639637,0.8261238544631239,6.320829049464341,4.158440922471635,0.28609817094198126,3.8323642732364958,5.7621383103371056,2.6378260875214594,0.8500132567805805
HOF ITEM
26.127811487763978
6.729137387660072,-1.211438074975693,-2.941656792036637,3.372073121365619,-1.2215176746350447,-4.662396910127477,3.902813975639637,0.8261238544631239,6.320829049464341,4.158440922471635,0.28609817094198126,3.8323642732364958,5.532783398312778,2.6378260875214594,1.187810866393629
seed 681
Initial fitness values: [np.float64(30.225567710065597), np.float64(28.772959081569674), np.float64(28.567123723984555), np.float64(27.552257212371376), np.float64(26.852728487608655), np.float64(26.852728487608655), np.float64(26.698533249570666), np.float64(26.698533249570666), np.float64(25.291541550078847), np.float64(25.291541550078847)]
Final fitness values: [np.float64(19.480798316041785), np.float64(19.37348896128638), np.float64(19.37348896127192), np.float64(19.37348896127192), np.float64(19.373459960085768), np.float64(19.373459960085768), np.float64(19.34291570953108), np.float64(19.34291570953108), np.float64(19.34291570953108), np.float64(19.31039362846655)]
HOF ITEM
19.31039362846655
-4.166971888900694,1.4193973887123335,-5.598490084230458,-4.253199062086196,-3.446624835171529,3.1604612477990073,-2.9774296249040084,2.3200539546010184,2.857426573147088,-3.9380343765146066,2.340982366180847,1.6922641619013221,5.980841081870644,1.353859339674564,3.398207664137456
HOF ITEM
19.342854017257967
-4.166971888900694,1.4193973887123335,-5.598490084230458,-4.253199062086196,-3.5714612917772497,3.3563282722934664,-2.9774296249040084,2.3200539546010184,2.7908611028223937,-3.6912527645225706,2.340982366180847,1.6922641619013221,5.9428077395695995,1.3880235428959815,3.4889444477904004
HOF ITEM
19.342915709531077
-4.166971888900694,1.4193973887123335,-5.598490084230458,-4.253199062086196,-3.5714612917772497,3.276244693111425,-2.9774296249040084,2.3200539546010184,2.7908611028223937,-3.6912527645225706,2.340982366180847,1.6922641619013221,5.980841081870644,1.3880235428959815,3.4889444477904004
HOF ITEM
19.34291570953108
-4.166971888900694,1.4193973887123335,-5.598490084230458,-4.253199062086196,-3.5714612917772497,3.276244693111425,-2.9774296249040084,2.3200539546010184,2.7908611028223937,-3.6912527645225706,2.340982366180847,1.6922641619013221,5.9428077395695995,1.3880235428959815,3.4889444477904004
HOF ITEM
19.34291570953108
-4.166971888900694,1.4193973887123335,-5.598490084230458,-4.253199062086196,-3.5714612917772497,3.276244693111425,-2.9774296249040084,2.3200539546010184,2.7908611028223937,-3.6912527645225706,2.340982366180847,1.6922641619013221,5.980841081870644,1.3798910482186781,3.398207664137456
seed 682
Initial fitness values: [np.float64(30.995113244403107), np.float64(29.90904975256413), np.float64(29.1557882757418), np.float64(27.716805889780034), np.float64(25.480957531130844), np.float64(25.480957531130844), np.float64(25.4809348128681), np.float64(25.278298399127074), np.float64(24.754052744698953), np.float64(24.754052744698953)]
Final fitness values: [np.float64(22.885455114320077), np.float64(22.885454474058573), np.float64(22.885454474058573), np.float64(22.885454474058573), np.float64(22.885248050732898), np.float64(22.885248050732898), np.float64(22.885228255169878), np.float64(22.885200350456415), np.float64(22.88520020883982), np.float64(22.885138781855353)]
HOF ITEM
22.885138781855353
3.3619879299898714,-0.2725247540273068,-6.16192475374715,2.7453198712728573,-6.195986580305946,-0.5616465770445377,1.3277854742259905,3.0,0.45394658923819015,4.255570071247785,1.3914376952885261,3.577225165004293,-6.635144462401247,2.4277757987292303,0.6837198934769739
HOF ITEM
22.88520020883982
3.3619879299898714,-0.2725247540273068,-6.16192475374715,2.7453198712728573,-6.384078999441858,-0.8646765622141799,1.3277854742259905,3.0,0.45394658923819015,4.255570071247785,1.3914376952885261,3.577225165004293,-6.635144462401247,2.4277757987292303,0.5501306110478973
HOF ITEM
22.885200350456415
3.3619879299898714,-0.2725247540273068,-6.16192475374715,2.7453198712728573,-6.384078999441858,-1.0001857738274602,1.3277854742259905,3.0,0.45394658923819015,4.255570071247785,1.3914376952885261,3.577225165004293,-6.635144462401247,2.4277757987292303,0.5501306110478973
HOF ITEM
22.885228255169878
3.3619879299898714,-0.2725247540273068,-6.16192475374715,2.7453198712728573,-6.483216030090784,-0.8646765622141799,1.3277854742259905,3.0,0.45394658923819015,4.255570071247785,1.3914376952885261,3.577225165004293,-7.0,2.4277757987292303,0.5501306110478973
HOF ITEM
22.885228255169878
3.3619879299898714,-0.2725247540273068,-6.16192475374715,2.7453198712728573,-6.483216030090784,-0.8646765622141799,1.3277854742259905,3.0,0.45394658923819015,4.255570071247785,1.3914376952885261,3.577225165004293,-6.635144462401247,2.4277757987292303,0.5501306110478973
seed 683
Initial fitness values: [np.float64(32.37330576407589), np.float64(31.449309919442303), np.float64(29.91142270242867), np.float64(28.706209697456313), np.float64(27.06792630120402), np.float64(27.06792630120402), np.float64(26.99114759965142), np.float64(25.97990673351613), np.float64(25.914294134980327), np.float64(25.193162087191574)]
Final fitness values: [np.float64(23.720351955522982), np.float64(23.720351955522982), np.float64(23.720351955522982), np.float64(23.720351955522982), np.float64(23.720351955522982), np.float64(23.720351955522982), np.float64(23.720351955522982), np.float64(23.720351955522982), np.float64(23.720351955522982), np.float64(23.720351955522982)]
HOF ITEM
23.720351955522982
5.805098861797958,-1.479984007178563,-5.8511019617708,-2.742462470502742,-0.06799001754807774,0.6509248459095348,1.291192348164953,1.8836630586175331,6.773687913406841,-3.3520718886218632,2.5332979361012415,4.421212763409922,-0.2654277385861833,1.0188749318727928,7.0
HOF ITEM
23.720693108673355
5.805098861797958,-1.479984007178563,-5.862922608190433,-2.742462470502742,-0.06799001754807774,0.6509248459095348,1.291192348164953,1.8836630586175331,6.773687913406841,-3.4787166882515987,2.5332979361012415,4.421212763409922,-0.2654277385861833,1.0188749318727928,7.0
HOF ITEM
23.721177109427757
5.805098861797958,-1.479984007178563,-5.8511019617708,-2.742462470502742,-0.06799001754807774,0.8324484889024447,1.291192348164953,1.8836630586175331,6.773687913406841,-3.3520718886218632,2.5332979361012415,4.421212763409922,-0.2654277385861833,1.0188749318727928,6.750677518459167
HOF ITEM
23.72184340436562
5.805098861797958,-1.479984007178563,-5.8511019617708,-2.742462470502742,-0.06799001754807774,0.6509248459095348,1.291192348164953,1.8836630586175331,6.773687913406841,-3.3520718886218632,2.5332979361012415,4.421212763409922,-0.2654277385861833,1.0188749318727928,6.602072249845359
HOF ITEM
23.72216699322038
5.805098861797958,-1.479984007178563,-5.862922608190433,-2.742462470502742,-0.06799001754807774,0.6509248459095348,1.291192348164953,1.8836630586175331,6.773687913406841,-3.4787166882515987,2.5332979361012415,4.421212763409922,-0.2654277385861833,1.0188749318727928,6.602072249845359
seed 684
Initial fitness values: [np.float64(33.564430016723435), np.float64(30.318517884300004), np.float64(29.73750037818145), np.float64(27.948733560814212), np.float64(27.43665340172231), np.float64(26.84424719597155), np.float64(26.6696299444661), np.float64(26.43170457699053), np.float64(26.067526622017898), np.float64(26.067526622017898)]
Final fitness values: [np.float64(22.119524799862695), np.float64(22.119524799862695), np.float64(22.119524799862695), np.float64(22.119524799862695), np.float64(22.119524799862695), np.float64(22.119524799862695), np.float64(22.119524799862695), np.float64(22.11952136116133), np.float64(22.11952136116133), np.float64(22.11952136116133)]
HOF ITEM
22.11952136116133
-6.611822892980459,1.573826383387556,-1.5765343385297612,-4.816938676686507,2.274109128791301,5.915031552578532,-5.263170269736155,1.8578599227531498,6.693675127845536,7.0,1.7961993744728926,3.818570092786183,-6.370778743111676,2.477925883660416,1.512482530930031
HOF ITEM
22.11952136116133
-6.611822892980459,1.573826383387556,-1.5765343385297612,-4.816938676686507,2.274109128791301,5.915031552578532,-5.263170269736155,1.8578599227531498,6.693675127845536,6.93328978336585,1.7961993744728926,3.818570092786183,-6.370778743111676,2.752901683898586,1.512482530930031
HOF ITEM
22.11952136116133
-6.611822892980459,1.573826383387556,-1.5765343385297612,-4.816938676686507,2.274109128791301,5.915031552578532,-5.263170269736155,1.8578599227531498,6.693675127845536,6.93328978336585,1.7961993744728926,3.2164739734696006,-7.0,2.477925883660416,1.4120762425538922
HOF ITEM
22.11952136116133
-6.611822892980459,1.573826383387556,-1.5765343385297612,-4.816938676686507,2.274109128791301,5.915031552578532,-5.263170269736155,1.8578599227531498,6.693675127845536,6.93328978336585,1.7961993744728926,3.2164739734696006,-7.0,2.752901683898586,1.512482530930031
HOF ITEM
22.119524799862695
-6.611822892980459,1.573826383387556,-1.5765343385297612,-4.816938676686507,2.274109128791301,5.8955538776786325,-5.263170269736155,1.8578599227531498,6.693675127845536,7.0,1.7961993744728926,3.4451026940455893,-6.370778743111676,2.477925883660416,1.4120762425538922
seed 685
Initial fitness values: [np.float64(31.968754881654064), np.float64(28.719110404870705), np.float64(28.645948506025874), np.float64(28.0174863408388), np.float64(28.0174863408388), np.float64(24.498155642178485), np.float64(23.7688337583662), np.float64(22.5853125684132), np.float64(22.5853125684132), np.float64(22.37361039880392)]
Final fitness values: [np.float64(22.10694520407146), np.float64(22.10694520407146), np.float64(22.10694520407146), np.float64(22.10694520407146), np.float64(22.10694520407146), np.float64(22.10694520407146), np.float64(22.10694520407146), np.float64(22.10694520407146), np.float64(22.106528520527743), np.float64(22.106528520527704)]
HOF ITEM
22.106528520527704
-2.10740868051171,1.5412261664591747,-2.798847880559536,0.9719233914856287,2.990579629141282,0.7326083981805116,-0.8596230497040616,3.0,1.7944884425906922,5.432680802557561,2.5437898305594406,0.9459035055049081,1.932227607475616,2.6574305894944765,1.8821790088726618
HOF ITEM
22.106528520527743
-2.10740868051171,1.5412261664591747,-2.798847880559536,0.9719233914856287,2.990579629141282,0.7326083981805116,-0.8596230497040616,3.0,1.7944884425906922,5.432680802557561,2.5437898305594406,0.9459035055049081,1.6186173421480357,2.7030339786490587,1.8821790088726618
HOF ITEM
22.10694520407146
-2.10740868051171,1.5412261664591747,-2.798847880559536,0.9719233914856287,2.990579629141282,0.729535061976881,-0.8596230497040616,3.0,1.7944884425906922,5.432680802557561,2.5437898305594406,0.8563241535296837,1.932227607475616,2.6574305894944765,1.8821790088726618
HOF ITEM
22.10694520407146
-2.10740868051171,1.5412261664591747,-2.798847880559536,0.9719233914856287,2.990579629141282,0.729535061976881,-0.8596230497040616,3.0,1.7944884425906922,5.541550674262158,2.5437898305594406,0.9459035055049081,1.932227607475616,2.6574305894944765,1.8821790088726618
HOF ITEM
22.10694520407146
-2.10740868051171,1.5412261664591747,-2.798847880559536,0.9719233914856287,2.990579629141282,0.729535061976881,-0.8596230497040616,3.0,1.7944884425906922,5.432680802557561,2.5437898305594406,0.9459035055049081,1.932227607475616,2.6574305894944765,1.8821790088726618
seed 686
Initial fitness values: [np.float64(31.6180711426042), np.float64(28.36522468804052), np.float64(27.677467055234683), np.float64(27.51708485538179), np.float64(27.270493232321044), np.float64(27.142270260736368), np.float64(27.142270260736368), np.float64(27.136347620298), np.float64(27.13465229917542), np.float64(27.13465229917542)]
Final fitness values: [np.float64(27.116574842523576), np.float64(27.116574842523576), np.float64(27.116574842447907), np.float64(27.116574842447907), np.float64(27.116574842447907), np.float64(27.116574842447907), np.float64(27.116574842447907), np.float64(27.116574842447907), np.float64(27.116574842447907), np.float64(27.116574842447907)]
HOF ITEM
27.116574842447907
-4.140209878568137,-2.7783222735448607,-3.7442315618117,-0.09039580473282971,1.6876273352104403,3.4039669276356417,-2.829982189239557,2.0923185137688,1.6352385019084787,5.9537590674930465,1.2701484097883795,6.111033918092943,-2.493946705166776,0.8815716755866531,1.4841303891761661
HOF ITEM
27.116574842447907
-4.140209878568137,-2.8188368588485453,-3.7442315618117,-0.09039580473282971,1.6876273352104403,3.4039669276356417,-2.829982189239557,2.0923185137688,1.6352385019084787,5.9537590674930465,1.2701484097883795,6.111033918092943,-2.493946705166776,0.8815716755866531,1.4841303891761661
HOF ITEM
27.11657484252329
-4.140209878568137,-2.8188368588485453,-3.7442315618117,-0.09039580473282971,1.6876273352104403,3.4039669276356417,-2.829982189239557,2.0923185137688,1.6352385019084787,5.9537590674930465,1.446619054954486,6.065887864512813,-2.493946705166776,0.8815716755866531,1.4841303891761661
HOF ITEM
27.11657484252329
-4.140209878568137,-2.7783222735448607,-3.7442315618117,-0.09039580473282971,1.6876273352104403,3.4039669276356417,-2.829982189239557,2.0923185137688,1.6352385019084787,5.9537590674930465,1.446619054954486,6.065887864512813,-2.493946705166776,0.8815716755866531,1.4841303891761661
HOF ITEM
27.116574842523292
-4.140209878568137,-2.8188368588485453,-3.7442315618117,-0.09039580473282971,1.6876273352104403,3.4039669276356417,-2.829982189239557,2.0923185137688,1.6352385019084787,5.9537590674930465,1.446619054954486,6.111033918092943,-2.493946705166776,0.8815716755866531,1.4841303891761661
seed 687
Initial fitness values: [np.float64(30.181934161372745), np.float64(29.066223890604824), np.float64(28.572507424098244), np.float64(27.62869630586291), np.float64(27.60939208323038), np.float64(26.6122457062993), np.float64(25.72765440259203), np.float64(24.738121364803536), np.float64(24.060493860243096), np.float64(23.89110652631229)]
Final fitness values: [np.float64(22.067831889772844), np.float64(22.067831889772844), np.float64(22.067831889772844), np.float64(22.067831889772844), np.float64(22.067831889772844), np.float64(22.067831889772844), np.float64(22.067831889772844), np.float64(22.067831889772844), np.float64(22.067831889772844), np.float64(22.067831889772844)]
HOF ITEM
22.067831889772844
0.6505619466199566,0.82516186944085,-5.861109253891993,5.872058857012695,2.0680526679019153,-5.563814396686751,0.925541953758193,2.4685005841437984,0.6435136375767233,5.687936477224388,0.06054571517751204,3.013212569162514,2.6633035297821253,2.828159808184502,3.1764882982626728
HOF ITEM
22.067831889772844
0.6505619466199566,0.82516186944085,-5.861109253891993,5.872058857012695,2.0680526679019153,-5.563814396686751,0.925541953758193,2.4685005841437984,0.6435136375767233,5.687936477224388,0.06054571517751204,3.013212569162514,2.7985203053079575,2.828159808184502,3.0337602853013594
HOF ITEM
22.067831889772844
0.6505619466199566,0.82516186944085,-5.861109253891993,5.872058857012695,2.0680526679019153,-5.563814396686751,0.925541953758193,2.4685005841437984,0.6435136375767233,5.687936477224388,0.06054571517751204,3.013212569162514,2.6633035297821253,2.828159808184502,3.0337602853013594
HOF ITEM
22.067831889772844
0.6505619466199566,0.82516186944085,-5.861109253891993,5.872058857012695,2.0680526679019153,-5.563814396686751,0.925541953758193,2.4685005841437984,0.6435136375767233,5.687936477224388,0.06054571517751204,3.013212569162514,2.7985203053079575,2.828159808184502,3.1764882982626728
HOF ITEM
22.06783209307192
0.6505619466199566,0.82516186944085,-5.861109253891993,5.872058857012695,2.0680526679019153,-5.563814396686751,0.925541953758193,2.4685005841437984,0.6435136375767233,5.687936477224388,0.06054571517751204,3.013212569162514,2.7985203053079575,2.428588000461883,3.1764882982626728
seed 688
Initial fitness values: [np.float64(30.43548101879885), np.float64(30.43548101879885), np.float64(29.112550215753416), np.float64(29.112550215753416), np.float64(28.842857973661552), np.float64(28.37980775363382), np.float64(28.37980775363382), np.float64(27.64947586457625), np.float64(27.246639298790285), np.float64(27.24463457375954)]
Final fitness values: [np.float64(22.027868705516628), np.float64(22.027849301740694), np.float64(22.027846994143733), np.float64(22.027819449482276), np.float64(22.027819449482276), np.float64(22.027808392907023), np.float64(22.02779528433324), np.float64(22.02779528433324), np.float64(22.02770147618911), np.float64(22.02770147618911)]
HOF ITEM
22.02770147618911
-2.604073232159553,1.5571292938432832,5.418420013115047,3.677908280022754,-5.395472459762218,1.0590408039675931,-1.3223449647055823,2.891165182837942,1.575935191262716,3.4617794912154487,2.1910914189470048,2.5548254104858334,3.3508053140482494,0.0,1.811509352871141
HOF ITEM
22.027722876987703
-2.604073232159553,1.5571292938432832,5.418420013115047,3.677908280022754,-5.395472459762218,1.0590408039675931,-1.3223449647055823,2.891165182837942,1.575935191262716,3.4617794912154487,2.1910914189470048,2.5548254104858334,3.3508053140482494,0.0,1.7327488129898454
HOF ITEM
22.027756743550327
-2.604073232159553,1.5571292938432832,5.418420013115047,3.677908280022754,-5.057002046972092,0.8255668495746236,-1.3223449647055823,2.891165182837942,1.575935191262716,3.755824031059801,2.419848857922587,2.868619919484413,3.777996285197923,0.0,1.7327488129898454
HOF ITEM
22.027756743550327
-2.604073232159553,1.5571292938432832,5.418420013115047,3.677908280022754,-5.057002046972092,0.8255668495746236,-1.3223449647055823,2.891165182837942,1.575935191262716,3.4617794912154487,2.1910914189470048,2.5548254104858334,3.777996285197923,0.0,1.7327488129898454
HOF ITEM
22.027756743550345
-2.604073232159553,1.5571292938432832,5.418420013115047,3.677908280022754,-5.057002046972092,0.8255668495746236,-1.3223449647055823,2.891165182837942,1.575935191262716,3.4876844950140993,2.115773164804864,2.5548254104858334,3.777996285197923,0.0,1.7327488129898454
seed 689
Initial fitness values: [np.float64(28.9837370963615), np.float64(28.9837370963615), np.float64(27.444960233747103), np.float64(27.40225132699524), np.float64(25.901259935524422), np.float64(25.272448118453777), np.float64(25.18087176881286), np.float64(25.18087176881286), np.float64(24.262777534089324), np.float64(24.262777534089324)]
Final fitness values: [np.float64(22.125143911915195), np.float64(22.124912932509332), np.float64(22.124912840358302), np.float64(22.124912840358302), np.float64(22.124912840358302), np.float64(22.124912840358302), np.float64(22.124535957820992), np.float64(22.121755230074395), np.float64(22.121755230074395), np.float64(22.12140300863237)]
HOF ITEM
22.12140300863237
-0.8423697217621077,1.3285230776726862,0.08982459999998899,-1.6924377669903332,1.5433362838387097,3.671676340315418,0.14574129712897727,2.844848759148912,2.9692765815997246,2.0589907814389945,2.536746101133237,0.0,3.208966152844014,0.37144195760339244,1.082514669558027
HOF ITEM
22.121755230074395
-0.8423697217621077,1.3285230776726862,0.08982459999998899,-1.6924377669903332,1.5433362838387097,3.671676340315418,0.14574129712897727,2.862178095053553,2.9692765815997246,2.3731728222007256,2.5100499028307985,0.19760477145434152,3.208966152844014,0.18843670433761217,1.5681818217937114
HOF ITEM
22.12324561066618
-0.8423697217621077,1.3285230776726862,0.08982459999998899,-1.6924377669903332,1.5433362838387097,3.671676340315418,0.14574129712897727,2.844848759148912,2.9692765815997246,2.0589907814389945,2.536746101133237,0.0,3.208966152844014,0.5779353366362977,1.6290979703232134
HOF ITEM
22.123245619492117
-0.8423697217621077,1.3285230776726862,0.08982459999998899,-1.6924377669903332,1.5433362838387097,3.671676340315418,0.14574129712897727,2.844848759148912,2.9692765815997246,2.0589907814389945,2.536746101133237,0.19760477145434152,3.208966152844014,0.5779353366362977,1.6290979703232134
HOF ITEM
22.123442762067732
-0.8423697217621077,1.3285230776726862,0.08982459999998899,-1.6924377669903332,1.5433362838387097,3.671676340315418,0.14574129712897727,2.862178095053553,2.9692765815997246,2.3731728222007256,2.5100499028307985,0.19760477145434152,3.208966152844014,0.18843670433761217,1.6290979703232134
best parameter set
fitness 18.548769837528933 seed 681
-4.137707413626086,1.360160119371287,-5.596743776529972,-4.233406343961895,-3.5885008413025905,3.356331038410191,-3.0005767129896093,2.3302887741637868,2.7909718059542126,-3.693337712422533,2.3417079377763454,1.6971107215755916,5.9428077395695995,1.3880235428959815,3.4889444477904004
