seeds are [320 321 322 323 324 325 326 327 328 329]
seed 320
Initial fitness values: [np.float64(57.23173847647151), np.float64(56.868020459885464), np.float64(51.45276904426744), np.float64(51.45276904426744), np.float64(49.41472008371304), np.float64(46.7737338118135), np.float64(46.53151286966304), np.float64(46.53151286966304), np.float64(46.40409127082687), np.float64(45.776434747629075)]
Final fitness values: [np.float64(43.52582498480876), np.float64(43.380996550166486), np.float64(43.17321753347082), np.float64(43.17321753347082), np.float64(43.02047338302681), np.float64(43.02047338302681), np.float64(42.78500059228304), np.float64(42.77188320726331), np.float64(42.77188320726331), np.float64(42.43952891035886)]
HOF ITEM
42.43952891035886
-1.4050324409869264,1.4419553432881371,-3.169964503998592,-0.7247877669789715,0.7993558407204003,0.08424436297714072,-0.26942229374723686,2.991386457987131,1.5072474181770832,3.2317311681679888,2.4840977898974828,7.0,-1.768948481818144,2.6414614540154706,3.1136794544831767
HOF ITEM
42.5010163398793
-1.4050324409869264,1.4419553432881371,-3.3851761581982123,-0.7247877669789715,0.7888270033231886,-0.09955321270464762,-0.26942229374723686,2.991386457987131,1.5072474181770832,2.8740799666238304,1.817856762793856,6.657232494733851,-1.768948481818144,2.6414614540154706,3.1136794544831767
HOF ITEM
42.5014249558717
-1.4050324409869264,1.4419553432881371,-3.3851761581982123,-0.7247877669789715,0.7888270033231886,-0.09955321270464762,-0.26942229374723686,2.991386457987131,1.5072474181770832,3.2317311681679888,1.7917297382775024,6.657232494733851,-1.768948481818144,2.6414614540154706,3.1136794544831767
HOF ITEM
42.764760032357565
-1.4050324409869264,1.4419553432881371,-3.372487403859686,-0.6920188312233299,0.8740189279432938,0.08424436297714072,-0.26942229374723686,2.991386457987131,1.5072474181770832,3.2217152533700313,1.7917297382775024,6.45058291370553,-1.768948481818144,2.6414614540154706,3.1136794544831767
HOF ITEM
42.77179926677716
-1.4050324409869264,1.4419553432881371,-3.372487403859686,-0.6920188312233299,0.8740189279432938,0.08424436297714072,-0.26942229374723686,2.991386457987131,1.5072474181770832,3.2217152533700313,2.4840977898974828,6.877648983506895,-1.768948481818144,2.6414614540154706,3.020097224197706
seed 321
Initial fitness values: [np.float64(58.55723877019128), np.float64(58.55723877019128), np.float64(54.769047799514006), np.float64(54.246267451204666), np.float64(53.038022214688944), np.float64(52.05217829291061), np.float64(50.826180318396894), np.float64(49.50956038557133), np.float64(49.29058354694208), np.float64(48.931702110861345)]
Final fitness values: [np.float64(44.351169656860186), np.float64(44.351169656860186), np.float64(44.35023153979401), np.float64(44.3502315397937), np.float64(44.3502315397937), np.float64(44.35023153979354), np.float64(44.35023153979354), np.float64(44.35023153979354), np.float64(44.35023153979354), np.float64(44.35023153979354)]
HOF ITEM
44.35023153979354
-4.9037344905791125,1.6669343993135637,6.33243060099162,5.421054716195417,-6.462463388527556,-4.643406202231195,-3.2318860403310135,1.219669254956351,1.899858353114457,1.8136988453262675,1.9993806146465287,5.710698169167639,-4.6187939223337136,1.9525780675415882,3.4313364190060174
HOF ITEM
44.3502315397937
-4.9037344905791125,1.6669343993135637,6.33243060099162,5.421054716195417,-6.462463388527556,-4.643406202231195,-3.2318860403310135,1.219669254956351,1.899858353114457,1.8136988453262675,1.9993806146465287,5.359182970068425,-4.6187939223337136,1.9525780675415882,3.4313364190060174
HOF ITEM
44.35023153979371
-4.9037344905791125,1.6669343993135637,6.33243060099162,5.421054716195417,-6.462463388527556,-4.643406202231195,-3.2318860403310135,1.219669254956351,1.899858353114457,1.8136988453262675,1.9993806146465287,5.260124866341858,-4.6187939223337136,1.9525780675415882,3.4313364190060174
HOF ITEM
44.350231539793974
-4.9037344905791125,1.6669343993135637,6.33243060099162,5.421054716195417,-6.462463388527556,-4.643406202231195,-3.2318860403310135,1.219669254956351,1.899858353114457,2.0577814211668777,1.9993806146465287,5.359182970068425,-4.6187939223337136,1.9525780675415882,3.4313364190060174
HOF ITEM
44.35023153979401
-4.9037344905791125,1.6669343993135637,6.33243060099162,5.421054716195417,-6.462463388527556,-4.643406202231195,-3.2318860403310135,1.219669254956351,1.899858353114457,2.0577814211668777,1.9993806146465287,5.260124866341858,-4.6187939223337136,1.9525780675415882,3.4313364190060174
seed 322
Initial fitness values: [np.float64(60.35792906986596), np.float64(57.9386464903393), np.float64(54.16436571159088), np.float64(51.276519751745965), np.float64(49.589778556615514), np.float64(48.653176044159174), np.float64(48.29668308250949), np.float64(45.540585696281354), np.float64(45.40872353928399), np.float64(45.4087235392838)]
Final fitness values: [np.float64(43.856918927650014), np.float64(43.856918927650014), np.float64(43.856918927650014), np.float64(43.856918927650014), np.float64(43.856918927650014), np.float64(43.856918927650014), np.float64(43.856918927650014), np.float64(43.856918927650014), np.float64(43.856892546834814), np.float64(43.856892546834814)]
HOF ITEM
43.856892546834814
-6.379572152177625,1.5706033609496883,3.2599599511171173,6.848844053576677,-4.906265440678228,1.4231555142764296,-5.05285193295618,1.9149443995623703,0.4932812668387947,-3.049929221962632,1.6296931812022706,3.6326036862379865,5.611427525777887,3.0,1.1848726068965294
HOF ITEM
43.856892546834814
-6.379572152177625,1.5706033609496883,3.2599599511171173,6.848844053576677,-4.906265440678228,1.4231555142764296,-5.05285193295618,1.9149443995623703,0.4932812668387947,-3.049929221962632,1.6296931812022706,3.6326036862379865,5.611427525777887,3.0,1.5222424761838305
HOF ITEM
43.856892546834814
-6.379572152177625,1.5706033609496883,3.2599599511171173,6.848844053576677,-4.906265440678228,1.4231555142764296,-5.05285193295618,1.9149443995623703,0.4932812668387947,-3.049929221962632,1.6296931812022706,3.6326036862379865,4.898008549369179,3.0,1.5222424761838305
HOF ITEM
43.856918927650014
-6.379572152177625,1.5706033609496883,3.2599599511171173,6.848844053576677,-4.654625768478764,1.4231555142764296,-5.05285193295618,1.9149443995623703,0.4932812668387947,-3.049929221962632,1.6296931812022706,3.6326036862379865,5.557917918020815,3.0,1.1848726068965294
HOF ITEM
43.856918927650014
-6.379572152177625,1.5706033609496883,3.2599599511171173,6.848844053576677,-4.654625768478764,1.4231555142764296,-5.05285193295618,1.9149443995623703,0.4932812668387947,-3.049929221962632,1.6296931812022706,3.6326036862379865,5.611427525777887,3.0,1.1848726068965294
seed 323
Initial fitness values: [np.float64(56.58636123049387), np.float64(56.58636123049387), np.float64(55.106556726167796), np.float64(54.11159929148603), np.float64(53.886761629634556), np.float64(52.57188840693868), np.float64(52.495960688163), np.float64(52.09933142856243), np.float64(51.98677464960137), np.float64(51.91135629337126)]
Final fitness values: [np.float64(43.37496907302137), np.float64(43.2778131473133), np.float64(43.22812548494661), np.float64(43.22812548494661), np.float64(43.22812548494661), np.float64(43.22812548494661), np.float64(43.22812548494661), np.float64(43.22812548494661), np.float64(43.22812548494661), np.float64(43.22812548494661)]
HOF ITEM
43.22812548494661
5.991774051536679,-1.107013586410716,0.29021348838055777,-0.048292776751750796,1.2173937649708804,-0.02205193871526845,1.9763551332402578,0.458509196214245,3.343237191756369,6.293283142459493,1.6832768752804173,0.29829972215344863,0.1421957872945476,2.8743388706888933,1.6999733734465043
HOF ITEM
43.228125485007865
5.991774051536679,-1.107013586410716,0.29021348838055777,-0.048292776751750796,1.2173937649708804,-0.02205193871526845,1.9763551332402578,0.458509196214245,3.343237191756369,6.57530176827655,1.6832768752804173,0.29829972215344863,0.1421957872945476,2.8743388706888933,1.6999733734465043
HOF ITEM
43.26713409048087
5.991774051536679,-1.107013586410716,0.29021348838055777,-0.048292776751750796,1.2545674072823025,-0.02205193871526845,1.9763551332402578,0.458509196214245,3.343237191756369,6.0958242619113525,1.9951345486776284,0.0,0.1421957872945476,2.8743388706888933,1.6198920972117636
HOF ITEM
43.2778131473133
5.991774051536679,-1.107013586410716,0.29021348838055777,-0.048292776751750796,1.2173937649708804,-0.010633016477103964,1.9763551332402578,0.458509196214245,3.343237191756369,6.293283142459493,1.6832768752804173,0.29829972215344863,0.1421957872945476,2.8743388706888933,1.6999733734465043
HOF ITEM
43.277813147374566
5.991774051536679,-1.107013586410716,0.29021348838055777,-0.048292776751750796,1.2173937649708804,-0.010633016477103964,1.9763551332402578,0.458509196214245,3.343237191756369,6.832244793820402,1.6832768752804173,0.29829972215344863,0.1421957872945476,2.8743388706888933,1.6999733734465043
seed 324
Initial fitness values: [np.float64(57.76452233768859), np.float64(57.2150190984609), np.float64(54.8036331434886), np.float64(53.20169609508318), np.float64(52.57791986105907), np.float64(52.238056946897764), np.float64(52.238056946897764), np.float64(51.824158864322534), np.float64(51.824158864322534), np.float64(51.54333485068661)]
Final fitness values: [np.float64(48.86097339915134), np.float64(48.86097339915134), np.float64(48.860597165733274), np.float64(48.85594172288927), np.float64(48.85408026898007), np.float64(48.85408026898007), np.float64(48.85408026898007), np.float64(48.85408026898007), np.float64(48.85408026898007), np.float64(48.85408026898007)]
HOF ITEM
48.85408026898007
6.108477431710189,-1.450013717369077,5.209504165919325,4.799914056001811,-3.928741499204056,-2.942033682346205,3.248080875253618,0.0,2.5903093573037923,3.019771769675404,1.820766996042612,1.930307941892891,-4.357086550066896,2.8403969722095193,5.135479837359804
HOF ITEM
48.85594172288927
6.108477431710189,-1.450013717369077,5.209504165919325,4.800906125112908,-3.928741499204056,-2.942033682346205,3.248080875253618,0.0,2.5903093573037923,3.019771769675404,1.820766996042612,1.930307941892891,-4.357086550066896,2.8403969722095193,5.135479837359804
HOF ITEM
48.85666767290435
6.108477431710189,-1.450013717369077,5.209504165919325,4.799914056001811,-3.928741499204056,-2.942033682346205,3.248080875253618,0.0,2.5903093573037923,3.019771769675404,1.8589744711867786,2.078799556837083,-4.357086550066896,2.8403969722095193,5.135479837359804
HOF ITEM
48.85971071108766
6.108477431710189,-1.450013717369077,5.209504165919325,4.800906125112908,-3.928741499204056,-2.942033682346205,3.248080875253618,0.0,2.5879625865240223,3.0607174872467287,1.820766996042612,1.930307941892891,-4.465800477268366,2.8403969722095193,5.135479837359804
HOF ITEM
48.85971071108766
6.108477431710189,-1.450013717369077,5.209504165919325,4.800906125112908,-3.928741499204056,-2.942033682346205,3.248080875253618,0.0,2.5879625865240223,3.0607174872467287,1.820766996042612,1.930307941892891,-4.357086550066896,2.8403969722095193,5.135479837359804
seed 325
Initial fitness values: [np.float64(61.035405038907896), np.float64(58.80008527781901), np.float64(57.15575199839823), np.float64(54.77059095686933), np.float64(52.63246944468514), np.float64(52.582182333559764), np.float64(52.53161922018694), np.float64(51.56741189766199), np.float64(51.56741189766199), np.float64(50.03045839006427)]
Final fitness values: [np.float64(41.785497246906225), np.float64(41.69323838399478), np.float64(41.69323838399478), np.float64(41.69323838399478), np.float64(41.69323838399478), np.float64(41.69323838399478), np.float64(41.69323838399478), np.float64(41.69323838399478), np.float64(41.69323838399478), np.float64(41.69323838399478)]
HOF ITEM
41.69323838399478
-5.411184715283343,1.3718178748163297,5.342502416764332,6.096425966100304,-0.17910797271487516,-3.1207774287250483,-4.048457458931188,2.076735482150545,3.0448256032644494,-3.370225409415082,0.3404951017050002,1.7030564094671865,5.819206372537913,2.70693608460527,0.768290502096169
HOF ITEM
41.69323838399478
-5.411184715283343,1.3718178748163297,5.342502416764332,6.096425966100304,-0.17910797271487516,-3.1207774287250483,-4.048457458931188,2.076735482150545,3.0448256032644494,-3.370225409415082,0.3404951017050002,1.7030564094671865,5.819206372537913,2.70693608460527,1.2916131630114136
HOF ITEM
41.69323838399478
-5.411184715283343,1.3718178748163297,5.342502416764332,6.096425966100304,-0.17910797271487516,-3.1207774287250483,-4.048457458931188,2.076735482150545,3.0448256032644494,-3.370225409415082,0.3404951017050002,1.7030564094671865,5.942143459584386,2.70693608460527,0.768290502096169
HOF ITEM
41.70560652576838
-5.411184715283343,1.3718178748163297,5.342502416764332,6.096425966100304,-0.17910797271487516,-3.1207774287250483,-4.0880910322283865,2.076735482150545,3.0448256032644494,-3.4319119437959866,0.3404951017050002,1.7030564094671865,5.942143459584386,2.8505870168096203,0.9254965421204626
HOF ITEM
41.78364613548785
-5.411184715283343,1.3718178748163297,5.342502416764332,6.096425966100304,-0.17910797271487516,-3.1207774287250483,-4.048457458931188,2.076735482150545,3.0448256032644494,-3.370225409415082,0.37975596816087315,1.7463705691695084,5.942143459584386,2.70693608460527,0.768290502096169
seed 326
Initial fitness values: [np.float64(56.572985045654235), np.float64(53.26922785383305), np.float64(53.26922785383305), np.float64(52.77550201012128), np.float64(52.138664213514595), np.float64(50.144849240135066), np.float64(48.575468486188676), np.float64(46.64005948196601), np.float64(46.62108017483936), np.float64(46.37537215075355)]
Final fitness values: [np.float64(42.69686466339091), np.float64(42.69686466339091), np.float64(42.659841794264324), np.float64(42.659841794264324), np.float64(42.659841794264324), np.float64(42.659841794264324), np.float64(42.659841794264324), np.float64(42.659841794264324), np.float64(42.659841794264324), np.float64(42.659841794264324)]
HOF ITEM
42.659841794264324
-3.836310423697438,1.4923596655559148,0.3941917806390418,0.2821062672138001,1.1512478440956622,0.08610087658725693,-2.546732675918384,2.0209744684329296,2.07213298468364,1.3661397284852808,0.0,0.6010389274043199,-1.768290254550644,0.8949789925220104,1.8671654380099842
HOF ITEM
42.66234247151678
-3.836310423697438,1.4923596655559148,0.3941917806390418,0.2821062672138001,1.1512478440956622,0.08610087658725693,-2.546732675918384,2.0209744684329296,2.07213298468364,1.8161374792857896,0.0,0.8318635586226956,-1.768290254550644,0.8949789925220104,1.8671654380099842
HOF ITEM
42.69432863961986
-3.836310423697438,1.4523192090901542,0.3941917806390418,0.2821062672138001,1.1512478440956622,0.08610087658725693,-2.546732675918384,2.0209744684329296,2.07213298468364,1.3661397284852808,0.0,0.6010389274043199,-1.768290254550644,0.8949789925220104,1.8671654380099842
HOF ITEM
42.69686466339091
-3.836310423697438,1.4523192090901542,0.3941917806390418,0.2821062672138001,1.1512478440956622,0.08610087658725693,-2.546732675918384,2.0209744684329296,2.07213298468364,1.8161374792857896,0.0,0.8318635586226956,-1.768290254550644,0.8949789925220104,1.8671654380099842
HOF ITEM
42.73019414220776
-3.836310423697438,1.4923596655559148,0.3751164476937166,0.2821062672138001,1.1512478440956622,0.014864044501597992,-2.546732675918384,2.1392813910219397,2.07213298468364,1.3661397284852808,0.07738325632697472,0.3020676790601588,-1.768290254550644,0.8949789925220104,1.8671654380099842
seed 327
Initial fitness values: [np.float64(63.05591977675558), np.float64(58.67209286365087), np.float64(54.52474224640319), np.float64(54.211011482845166), np.float64(50.76850637022358), np.float64(48.291458549105016), np.float64(48.291458549105016), np.float64(46.216725835179005), np.float64(45.95980867425386), np.float64(44.406702318223374)]
Final fitness values: [np.float64(43.78035054020716), np.float64(43.78035054020716), np.float64(43.78035054020716), np.float64(43.780350211208145), np.float64(43.78035021094124), np.float64(43.78035021094124), np.float64(43.78035021094124), np.float64(43.78035021094124), np.float64(43.78035021094124), np.float64(43.78035021094124)]
HOF ITEM
43.78035021094124
-5.9249034775412355,1.5683308812119148,-5.369603272372661,-3.9137195298103515,1.0516458852412782,4.795112633918648,-4.582188498335354,1.9963746270524538,4.5587895710308,-1.7421184782723729,1.07664856679053,4.310308782898473,3.0932279369580202,0.48314832228162086,1.1998596558337626
HOF ITEM
43.780350211208145
-5.9249034775412355,1.5683308812119148,-5.369603272372661,-3.9137195298103515,1.0516458852412782,4.795112633918648,-4.582188498335354,1.9963746270524538,4.5587895710308,-1.7421184782723729,1.07664856679053,4.310308782898473,3.0932279369580202,0.48314832228162086,1.2438040558591406
HOF ITEM
43.78035054020716
-5.9249034775412355,1.5683308812119148,-5.369603272372661,-3.9137195298103515,1.0516458852412782,4.795112633918648,-4.582188498335354,1.9963746270524538,4.5587895710308,-1.7421184782723729,1.07664856679053,4.310308782898473,3.0932279369580202,0.0,1.1998596558337626
HOF ITEM
43.78035056160415
-5.9249034775412355,1.5683308812119148,-5.369603272372661,-3.9137195298103515,1.0516458852412782,4.795112633918648,-4.582188498335354,1.9963746270524538,4.5587895710308,-1.7421184782723729,1.07664856679053,4.310308782898473,3.0932279369580202,0.0,1.2438040558591406
HOF ITEM
43.7803505847932
-5.9249034775412355,1.5683308812119148,-5.369603272372661,-3.9137195298103515,1.0516458852412782,4.795112633918648,-4.582188498335354,1.9963746270524538,4.5587895710308,-1.7421184782723729,1.07664856679053,4.310308782898473,2.967393482230004,0.0,1.1998596558337626
seed 328
Initial fitness values: [np.float64(55.41291634695735), np.float64(55.41291634695735), np.float64(54.006358931249416), np.float64(53.69754482625178), np.float64(52.74959356789766), np.float64(52.65270820978229), np.float64(51.95381229716767), np.float64(51.95381229716767), np.float64(51.740077829876945), np.float64(49.32632849795965)]
Final fitness values: [np.float64(44.00634939795563), np.float64(43.9957616789379), np.float64(43.9957616789379), np.float64(43.9957616789379), np.float64(43.99330148175486), np.float64(43.991030127443175), np.float64(43.99066653070843), np.float64(43.95545139674725), np.float64(43.955167853679036), np.float64(43.94875339652104)]
HOF ITEM
43.94875339652104
-5.98998589628032,1.5532639346986803,-2.4824651872772203,-1.2038535538431243,3.284832105395369,3.8845677758475254,-4.679461363338744,1.983307352930922,3.9991848874809572,0.5903488770691973,0.9888063860388443,0.36167554791815004,-2.190287689735511,0.0,3.585196178458145
HOF ITEM
43.95300200622298
-5.98998589628032,1.5532639346986803,-2.7689941768038837,-1.2038535538431243,3.284832105395369,3.8010968755575183,-4.679461363338744,1.983307352930922,3.9991848874809572,0.4476592618010782,0.13041947699839954,0.29135808287920056,-2.1708303782112717,0.0,3.585196178458145
HOF ITEM
43.954348908426184
-5.98998589628032,1.5532639346986803,-2.7689941768038837,-1.2038535538431243,3.284832105395369,3.8010968755575183,-4.679461363338744,1.983307352930922,3.9991848874809572,0.351562118584433,0.47768970440626085,0.29135808287920056,-2.1708303782112717,0.0,3.7995880789326475
HOF ITEM
43.955167853679036
-5.98998589628032,1.5532639346986803,-2.7689941768038837,-1.2038535538431243,3.284832105395369,3.8010968755575183,-4.679461363338744,1.983307352930922,3.9991848874809572,0.4476592618010782,0.4456324368834904,0.6214888234714948,-2.1708303782112717,0.0,3.585196178458145
HOF ITEM
43.95526389999717
-5.98998589628032,1.5532639346986803,-2.7689941768038837,-1.2038535538431243,3.284832105395369,3.8010968755575183,-4.679461363338744,1.983307352930922,3.9991848874809572,0.351562118584433,0.47768970440626085,0.6214888234714948,-2.1708303782112717,0.0,3.585196178458145
seed 329
Initial fitness values: [np.float64(58.24769127147897), np.float64(56.40206427391216), np.float64(54.5196515612601), np.float64(53.3555407323321), np.float64(53.3555407323321), np.float64(51.2309432337921), np.float64(50.91041263856009), np.float64(47.9570792021122), np.float64(47.21057528906843), np.float64(47.21057528906843)]
Final fitness values: [np.float64(45.03329068279414), np.float64(45.032336898296016), np.float64(45.03198175135082), np.float64(44.99049805342377), np.float64(44.99044383667378), np.float64(44.98990289160394), np.float64(44.98990289160394), np.float64(44.98940104517864), np.float64(44.98940104517864), np.float64(44.98757436554792)]
HOF ITEM
44.98757436554792
2.589879708174108,-0.007553844715709163,0.5830969819159347,-5.110530067404786,-3.245333979161045,4.707250420279745,1.287965032647792,3.0,5.1656262124355266,4.218612648205579,2.453481581212299,3.2860850023853674,2.903111717127494,2.0431915163682026,0.1577928228484619
HOF ITEM
44.98939240546316
2.589879708174108,-0.007553844715709163,0.5830969819159347,-5.110530067404786,-3.2837660517970884,4.7354699713313515,1.287965032647792,3.0,5.1656262124355266,3.5056864508578283,2.284321246374082,2.928732076679838,3.062906968184238,1.9572484599416384,0.0
HOF ITEM
44.98940104517864
2.589879708174108,-0.007553844715709163,0.5830969819159347,-5.110530067404786,-3.2837660517970884,4.7354699713313515,1.287965032647792,3.0,5.1656262124355266,4.237153900898468,2.284321246374082,2.928732076679838,3.383817255617466,1.6402054110090216,0.0
HOF ITEM
44.98940104517864
2.589879708174108,-0.007553844715709163,0.5830969819159347,-5.110530067404786,-3.2837660517970884,4.7354699713313515,1.287965032647792,3.0,5.1656262124355266,4.218612648205579,2.284321246374082,2.928732076679838,3.062906968184238,1.6402054110090216,0.0
HOF ITEM
44.98940104517864
2.589879708174108,-0.007553844715709163,0.5830969819159347,-5.110530067404786,-3.2837660517970884,4.7354699713313515,1.287965032647792,3.0,5.1656262124355266,4.237153900898468,2.453481581212299,2.8859332156608106,3.383817255617466,1.6402054110090216,0.0
best parameter set
fitness 41.23285017353809 seed 320
-1.4249613925551485,1.4507192674041651,-2.9533301237999736,-0.7174814873960662,0.8394815919448895,-0.3670073538395782,-0.2941289159453805,2.99999994252375,1.5694124635629207,3.2185791129003403,1.7791081588680537,6.439260508549328,-1.6784425111950698,2.740887799431224,3.1004289727829977
