seeds are [130 131 132 133 134 135 136 137 138 139]
seed 130
Initial fitness values: [np.float64(61.287604421493), np.float64(60.542378915438086), np.float64(54.45054370544049), np.float64(53.08359083356061), np.float64(52.45646431834447), np.float64(51.47919622015663), np.float64(50.10639894307049), np.float64(48.05209239831727), np.float64(48.05209239831727), np.float64(46.18668737887642)]
Final fitness values: [np.float64(42.74674671373591), np.float64(42.74637754005033), np.float64(42.74637754005033), np.float64(42.71386615757106), np.float64(42.71386615757106), np.float64(42.71386615757106), np.float64(42.71356200655085), np.float64(42.71356200655085), np.float64(42.71356200655085), np.float64(42.71356200655085)]
HOF ITEM
42.71356200655085
2.346980759442724,0.03699046882497095,-1.6136111118353722,1.5399203127970524,-3.127602194351451,-3.523300456488096,1.220627799270897,2.2509768576941833,0.5352687024891181,6.467981041455372,1.6059108571602456,1.3383250210803348,-4.0196771726738,2.217595706629557,5.110813758287954
HOF ITEM
42.713562012115084
2.346980759442724,0.03699046882497095,-1.6136111118353722,1.5399203127970524,-3.127602194351451,-3.523300456488096,1.220627799270897,2.2509768576941833,0.5352687024891181,6.286893827318305,1.6059108571602456,1.3383250210803348,-4.0196771726738,2.217595706629557,5.110813758287954
HOF ITEM
42.71358522418059
2.346980759442724,0.03699046882497095,-1.6136111118353722,1.5399203127970524,-3.127602194351451,-3.523300456488096,1.220627799270897,2.2509768576941833,0.5352687024891181,6.286893827318305,1.1889218690045849,1.3383250210803348,-4.0196771726738,2.217595706629557,5.110813758287954
HOF ITEM
42.71376433949296
2.346980759442724,0.03699046882497095,-1.6136111118353722,1.5399203127970524,-3.127602194351451,-3.523300456488096,1.220627799270897,2.2509768576941833,0.5352687024891181,6.286893827318305,1.1889218690045849,1.3705695348666542,-4.430975343999265,2.217595706629557,5.052826323273378
HOF ITEM
42.71384294023486
2.346980759442724,0.03699046882497095,-1.6136111118353722,1.5399203127970524,-3.127602194351451,-3.523300456488096,1.220627799270897,2.2509768576941833,0.5352687024891181,6.467981041455372,1.6059108571602456,1.3383250210803348,-4.0196771726738,2.217595706629557,5.052826323273378
seed 131
Initial fitness values: [np.float64(55.04569916379791), np.float64(55.0193168086376), np.float64(54.459142209842824), np.float64(54.262167784840294), np.float64(54.20545134668292), np.float64(54.030822710912076), np.float64(54.01551692386229), np.float64(53.80327315797021), np.float64(53.80327315797021), np.float64(50.852096271458194)]
Final fitness values: [np.float64(44.35166845854738), np.float64(44.32739830113351), np.float64(44.32739830113351), np.float64(44.32739830113351), np.float64(44.32739830113351), np.float64(44.32739830113351), np.float64(44.327170378379904), np.float64(44.326747603946465), np.float64(44.326747603946465), np.float64(44.326747603946465)]
HOF ITEM
44.326747603946465
-6.110937534995895,1.7978151609111805,-5.970083803587679,5.780923600150271,4.04143778431586,-0.8667144082206824,-3.111878304062061,0.635239912230778,2.861507005040907,-5.873135182495764,1.7281236115657936,0.2737694041559543,-3.830399671541348,2.7630365211122467,2.8512049025234467
HOF ITEM
44.326747603946465
-6.110937534995895,1.7978151609111805,-5.970083803587679,5.780923600150271,4.04143778431586,-0.8667144082206824,-3.111878304062061,0.635239912230778,2.861507005040907,-5.873135182495764,1.7281236115657936,0.2737694041559543,-3.830399671541348,2.7630365211122467,3.4870911450194675
HOF ITEM
44.326747603946465
-6.110937534995895,1.7978151609111805,-5.970083803587679,5.780923600150271,4.04143778431586,-0.8667144082206824,-3.111878304062061,0.635239912230778,2.861507005040907,-5.873135182495764,1.7281236115657936,0.2737694041559543,-3.830399671541348,2.7878609109189068,2.8512049025234467
HOF ITEM
44.32676444010388
-6.110937534995895,1.7978151609111805,-5.962098517432131,5.780923600150271,4.04143778431586,-0.8667144082206824,-3.111878304062061,0.635239912230778,2.861507005040907,-5.873135182495764,1.7281236115657936,0.2737694041559543,-3.830399671541348,2.7878609109189068,2.8512049025234467
HOF ITEM
44.326983795815195
-6.110937534995895,1.7978151609111805,-5.970083803587679,5.780923600150271,4.04143778431586,-0.9715671828877371,-3.111878304062061,0.635239912230778,2.861507005040907,-5.873135182495764,1.7281236115657936,0.2737694041559543,-3.830399671541348,2.7878609109189068,2.8512049025234467
seed 132
Initial fitness values: [np.float64(53.45626930128122), np.float64(53.45626930128122), np.float64(50.31147318783775), np.float64(48.03545380919795), np.float64(45.27090399546846), np.float64(44.9634812973702), np.float64(44.628161992187316), np.float64(44.628161992187316), np.float64(44.47004974444078), np.float64(44.47004974444078)]
Final fitness values: [np.float64(43.84175692692739), np.float64(43.84175692692739), np.float64(43.84175692692739), np.float64(43.84175692692739), np.float64(43.84175692692739), np.float64(43.84175692692739), np.float64(43.84175692692739), np.float64(43.84175692692739), np.float64(43.84175692692739), np.float64(43.84175692692739)]
HOF ITEM
43.84175692692739
-2.271309813920846,1.5392791103851773,0.7534128846974383,-0.020373041890381666,4.2822677234866235,2.494711010238934,-1.0165107163871505,2.8488703880928603,3.961098888474294,2.465700807505183,2.445081108450653,0.08400370263714063,5.997599590373606,0.2343122950722784,1.0215831619696105
HOF ITEM
43.84175692692739
-2.271309813920846,1.5392791103851773,0.7534128846974383,-0.020373041890381666,4.2822677234866235,2.494711010238934,-1.0165107163871505,2.8488703880928603,3.961098888474294,2.4878349588017614,2.445081108450653,0.08400370263714063,5.997599590373606,0.2343122950722784,1.0215831619696105
HOF ITEM
43.842612223863
-2.271309813920846,1.5392791103851773,0.7534128846974383,-0.020373041890381666,4.2822677234866235,2.494711010238934,-1.0165107163871505,2.8488703880928603,3.961098888474294,2.3846636052748864,2.445081108450653,0.08400370263714063,5.997599590373606,0.48920446991721384,1.0215831619696105
HOF ITEM
43.84266583971499
-2.271309813920846,1.5392791103851773,0.7534128846974383,-0.020373041890381666,4.2822677234866235,2.494711010238934,-1.0165107163871505,2.8488703880928603,3.961098888474294,2.4878349588017614,2.7105032672057847,0.22549076751360875,6.344468739212919,0.5465318665787018,1.0215831619696105
HOF ITEM
43.84284813769162
-2.271309813920846,1.5392791103851773,0.7534128846974383,-0.020373041890381666,4.2822677234866235,2.494711010238934,-1.0165107163871505,2.8488703880928603,3.961098888474294,2.4878349588017614,2.445081108450653,0.08400370263714063,5.997599590373606,0.0,1.0215831619696105
seed 133
Initial fitness values: [np.float64(58.20572035721723), np.float64(55.91453627356607), np.float64(52.84934995321028), np.float64(52.84934995321028), np.float64(52.209242263440416), np.float64(48.486602455109704), np.float64(48.486602455109704), np.float64(47.145672865835024), np.float64(44.76778427003851), np.float64(44.65589189039641)]
Final fitness values: [np.float64(40.38925539850866), np.float64(40.38925539850866), np.float64(40.38925539766341), np.float64(40.38925539766341), np.float64(40.38925539766341), np.float64(40.38925539766341), np.float64(40.38925539766341), np.float64(40.38922084910358), np.float64(40.38922084910358), np.float64(40.38922084910358)]
HOF ITEM
40.38922084910358
-4.51219077456165,1.3825478709531538,-3.7719329178569043,0.5168117079942396,4.667508639707156,-1.1657576108782326,-3.3031526854779685,2.3065824962862242,3.796069714164372,0.6009709804232835,2.4292831660939953,1.7773761328625513,-6.06564440724379,1.9447384569737132,2.656050872570338
HOF ITEM
40.38925539766341
-4.51219077456165,1.3825478709531538,-3.7719329178569043,0.5168117079942396,4.667508639707156,-1.1657576108782326,-3.3031526854779685,2.3065824962862242,3.796069714164372,0.6009709804232835,2.505484875662298,1.7773761328625513,-6.06564440724379,1.9447384569737132,2.658404561376738
HOF ITEM
40.38925539766341
-4.51219077456165,1.3825478709531538,-3.7719329178569043,0.5168117079942396,4.667508639707156,-1.1657576108782326,-3.3031526854779685,2.3065824962862242,3.796069714164372,0.6009709804232835,2.4292831660939953,1.8436545338830987,-6.06564440724379,1.9447384569737132,2.658404561376738
HOF ITEM
40.38925539766341
-4.51219077456165,1.3825478709531538,-3.7719329178569043,0.5168117079942396,4.667508639707156,-1.1657576108782326,-3.3031526854779685,2.3065824962862242,3.796069714164372,0.6009709804232835,2.4292831660939953,1.7773761328625513,-6.06564440724379,1.9447384569737132,2.658404561376738
HOF ITEM
40.38925539850866
-4.51219077456165,1.3825478709531538,-3.7719329178569043,0.5168117079942396,4.667508639707156,-1.1657576108782326,-3.3031526854779685,2.3065824962862242,3.796069714164372,0.6009709804232835,1.9859694722300771,1.7773761328625513,-6.06564440724379,1.9447384569737132,2.658404561376738
seed 134
Initial fitness values: [np.float64(55.474300598710904), np.float64(55.474300598710904), np.float64(53.98347362726794), np.float64(51.99653071503602), np.float64(51.99653071503602), np.float64(50.41039644757265), np.float64(49.811206330777324), np.float64(48.583314730505386), np.float64(47.94398181537059), np.float64(46.22938104984359)]
Final fitness values: [np.float64(44.75603382015658), np.float64(44.75603382015658), np.float64(44.75603382015658), np.float64(44.75603382015658), np.float64(44.75603382015658), np.float64(44.75603382015658), np.float64(44.75603382015658), np.float64(44.71045678351479), np.float64(44.71045678351479), np.float64(44.71045678351479)]
HOF ITEM
44.71045678351479
-1.5366022904653986,1.7011563884616816,-1.1003722160110565,-4.239043469750425,-2.4135201912271675,-4.276493747974368,0.5277512217879298,0.6343261110143011,6.156177646233246,4.096946255023226,1.3082091441688124,7.0,-1.5550749216992854,2.2591495267725454,0.24367524858090692
HOF ITEM
44.71053577635251
-1.5366022904653986,1.7011563884616816,-1.1003722160110565,-4.239043469750425,-2.4135201912271675,-4.276493747974368,0.5277512217879298,0.6343261110143011,6.156177646233246,4.171742970414865,1.3082091441688124,7.0,-1.5550749216992854,2.2591495267725454,0.24367524858090692
HOF ITEM
44.75595495667866
-1.5366022904653986,1.7011563884616816,-0.8829823714307095,-4.035132029019121,-2.4135201912271675,-4.276493747974368,0.5277512217879298,0.6343261110143011,6.156177646233246,4.096946255023226,1.3082091441688124,7.0,-1.5550749216992854,2.2591495267725454,0.24367524858090692
HOF ITEM
44.75603382015658
-1.5366022904653986,1.7011563884616816,-0.8829823714307095,-4.035132029019121,-2.4135201912271675,-4.276493747974368,0.5277512217879298,0.6343261110143011,6.156177646233246,4.171742970414865,1.3082091441688124,7.0,-1.5550749216992854,2.2591495267725454,0.24367524858090692
HOF ITEM
44.7561836123107
-1.5366022904653986,1.7011563884616816,-0.8829823714307095,-4.035132029019121,-2.4135201912271675,-4.276493747974368,0.5277512217879298,0.6343261110143011,6.156177646233246,4.422672947249711,1.3082091441688124,7.0,-1.5550749216992854,2.2591495267725454,0.24367524858090692
seed 135
Initial fitness values: [np.float64(57.84052534000125), np.float64(56.797927423283625), np.float64(55.6915686800821), np.float64(53.216104743248785), np.float64(53.02624553984543), np.float64(51.142726667699826), np.float64(47.86754442284026), np.float64(47.86754442284026), np.float64(47.86754442284026), np.float64(46.74042772070154)]
Final fitness values: [np.float64(42.54425828037519), np.float64(42.54425828037519), np.float64(42.54425828037519), np.float64(42.54425828037519), np.float64(42.54425828037519), np.float64(42.54425828037519), np.float64(42.54425828037519), np.float64(42.54425828037519), np.float64(42.54425828037519), np.float64(42.54425828037519)]
HOF ITEM
42.54425828037519
-3.416228895152786,1.599587600905526,1.9799075431275626,3.4403198718371777,4.231726211229088,1.5145404607999426,-2.0984110758588805,2.808307677457409,1.761695834212034,2.701691273205021,3.0,5.300784168943027,4.750558754819373,0.0,5.246155500519792
HOF ITEM
42.54425828037519
-3.416228895152786,1.599587600905526,1.9799075431275626,3.4403198718371777,4.231726211229088,1.5145404607999426,-2.0984110758588805,2.808307677457409,1.761695834212034,2.701691273205021,2.936468687388509,5.300784168943027,4.750558754819373,0.0,5.246155500519792
HOF ITEM
42.54525878135012
-3.4112093330090025,1.599587600905526,1.9799075431275626,3.4403198718371777,4.231726211229088,1.5388753343918466,-2.0984110758588805,2.808307677457409,1.7328561462242744,2.701691273205021,2.936468687388509,5.300784168943027,4.750558754819373,0.0,5.246155500519792
HOF ITEM
42.5482807918343
-3.416228895152786,1.6027431131712373,1.9799075431275626,3.4403198718371777,4.169395981069296,1.7147973909279348,-2.0984110758588805,2.808307677457409,1.6550074535406831,2.7194550709002203,3.0,4.931556295019684,4.478879860993614,0.0,5.246155500519792
HOF ITEM
42.549411481776175
-3.416228895152786,1.599587600905526,1.8046478191552429,3.4403198718371777,4.231726211229088,1.33354890448476,-2.0984110758588805,2.808307677457409,1.761695834212034,2.744658902165102,2.787893135370704,5.501027621149231,4.750558754819373,0.0,5.246155500519792
seed 136
Initial fitness values: [np.float64(61.95315991579538), np.float64(57.715908838371654), np.float64(51.83310753102012), np.float64(51.83310753102012), np.float64(49.61534505588085), np.float64(48.97158566189525), np.float64(47.497230759249746), np.float64(46.15865531186558), np.float64(46.15865531186558), np.float64(45.562886368554516)]
Final fitness values: [np.float64(43.91224283402249), np.float64(43.91224283402249), np.float64(43.91224283402249), np.float64(43.883477009199744), np.float64(43.883477009199744), np.float64(43.87859219574241), np.float64(43.87315581296059), np.float64(43.79227869821514), np.float64(43.84702923574553), np.float64(43.84702923574553)]
HOF ITEM
43.79227869821514
-5.383050392062051,1.3457826755078584,-0.3002359105580801,-1.0880714338670407,1.5256165254855687,-1.2899698575822778,-4.053525922659778,2.0791161961664804,3.614796136480483,0.5273975426819058,0.661502195747419,5.936338214038561,6.58385548138294,1.0919061409820245,5.224413043188221
HOF ITEM
43.84702923574553
-5.383050392062051,1.3457826755078584,-0.3885230359898718,-1.0138398411468235,1.5962699347525933,-1.2334241085494346,-4.053525922659778,2.0791161961664804,3.4459024398629343,0.5377786260107781,0.7781390201489654,5.936338214038561,6.306071576773361,1.0531757586258812,4.549120009353828
HOF ITEM
43.8470292361207
-5.383050392062051,1.3457826755078584,-0.3885230359898718,-1.0138398411468235,1.5962699347525933,-1.2334241085494346,-4.053525922659778,2.0791161961664804,3.4459024398629343,0.5377786260107781,0.7781390201489654,5.936338214038561,6.306071576773361,1.504358248378379,5.259719863846287
HOF ITEM
43.854002410193836
-5.383050392062051,1.3457826755078584,-0.3885230359898718,-0.995862996898699,1.5962699347525933,-1.2899698575822778,-4.053525922659778,2.0791161961664804,3.4459024398629343,0.5778845947374989,0.8117539554511269,5.936338214038561,6.471714722960676,1.633499692828367,5.224413043188221
HOF ITEM
43.85759215988263
-5.383050392062051,1.3457826755078584,-0.3885230359898718,-0.995862996898699,1.5962699347525933,-1.2899698575822778,-4.053525922659778,2.0772028742400117,3.4459024398629343,0.5377786260107781,0.8117539554511269,5.936338214038561,6.58385548138294,1.285580465718464,5.224413043188221
seed 137
Initial fitness values: [np.float64(58.13731076594014), np.float64(56.12639050214584), np.float64(56.12639050214584), np.float64(55.76666997588035), np.float64(54.04606431681941), np.float64(53.25446261121473), np.float64(53.149689782432446), np.float64(52.73264019275892), np.float64(52.355104527200055), np.float64(52.16887100237301)]
Final fitness values: [np.float64(49.371446481892356), np.float64(49.371446481892356), np.float64(49.27688393169376), np.float64(49.17464500297441), np.float64(49.17464500297441), np.float64(49.17464500297441), np.float64(49.16962847528286), np.float64(49.16962847528286), np.float64(49.16962847528286), np.float64(49.009371128989464)]
HOF ITEM
49.009371128989464
5.913815839259056,-0.9945670816460424,-3.800118299961223,5.0895958513026684,0.6964478087844419,-6.925714441395381,4.324901671159913,0.7155330984371444,5.5522038245350664,6.217513261385359,0.7538221256920079,1.1643529684875733,2.0255760379228303,1.4237837839650789,7.0
HOF ITEM
49.16634282307077
5.913815839259056,-0.9945670816460424,-3.800118299961223,4.773953375225304,0.2670550246645689,-7.0,4.324901671159913,0.7155330984371444,5.5522038245350664,6.217513261385359,1.2899450637595442,1.2080260284019366,2.1925824659179334,1.344386580391645,7.0
HOF ITEM
49.166345432517204
5.913815839259056,-0.9945670816460424,-3.800118299961223,4.773953375225304,0.2670550246645689,-7.0,4.324901671159913,0.7155330984371444,5.5522038245350664,6.413871807579917,1.2899450637595442,1.2080260284019366,2.1925824659179334,1.344386580391645,7.0
HOF ITEM
49.16962847528286
5.913815839259056,-0.9853746425251049,-3.800118299961223,4.773953375225304,0.2670550246645689,-7.0,4.324901671159913,0.7155330984371444,5.5522038245350664,6.217513261385359,1.2899450637595442,1.2080260284019366,2.1925824659179334,1.344386580391645,7.0
HOF ITEM
49.169631079464416
5.913815839259056,-0.9853746425251049,-3.800118299961223,4.773953375225304,0.2670550246645689,-7.0,4.324901671159913,0.7155330984371444,5.5522038245350664,6.413871807579917,1.2899450637595442,1.2080260284019366,2.1925824659179334,1.344386580391645,7.0
seed 138
Initial fitness values: [np.float64(58.25792042420929), np.float64(57.69869700253052), np.float64(57.2395248151137), np.float64(50.9066269164065), np.float64(50.52287797135565), np.float64(48.511663833595534), np.float64(48.511663833595534), np.float64(47.490940986206375), np.float64(47.490940986206375), np.float64(47.490940986206375)]
Final fitness values: [np.float64(45.73765915240127), np.float64(45.73765915240127), np.float64(45.730283551097166), np.float64(45.71863782724953), np.float64(45.718633131396835), np.float64(45.71861955065171), np.float64(45.71861796312896), np.float64(45.71861637275867), np.float64(45.71861491708737), np.float64(45.71861491708737)]
HOF ITEM
45.71861491708737
3.582594368040451,-0.419865823798758,-2.780824445093743,5.684598260073399,-1.3344488027331969,3.091483927152461,1.587747364055702,1.5648504916653212,1.8093915283720534,3.4389850162181976,0.959726667862847,5.0373371357035985,2.5991781318624794,0.6922640910603534,1.728217034214947
HOF ITEM
45.71861637275867
3.582594368040451,-0.419865823798758,-2.780824445093743,5.684598260073399,-1.3344488027331969,3.091483927152461,1.587747364055702,1.5648504916653212,1.8093915283720534,3.4389850162181976,0.959726667862847,5.0373371357035985,2.5991781318624794,0.6922640910603534,1.87864573488835
HOF ITEM
45.71861796312896
3.582594368040451,-0.419865823798758,-2.780824445093743,5.684598260073399,-1.3344488027331969,3.004776161971004,1.587747364055702,1.5648504916653212,1.8093915283720534,3.4389850162181976,0.959726667862847,5.0373371357035985,2.5991781318624794,0.6922640910603534,1.728217034214947
HOF ITEM
45.71861955065171
3.582594368040451,-0.419865823798758,-2.780824445093743,5.684598260073399,-1.3344488027331969,3.004776161971004,1.587747364055702,1.5648504916653212,1.8093915283720534,3.4389850162181976,0.959726667862847,5.0373371357035985,2.5991781318624794,0.6922640910603534,1.87864573488835
HOF ITEM
45.718633131396835
3.582594368040451,-0.419865823798758,-2.780824445093743,5.684598260073399,-1.3344488027331969,3.091483927152461,1.587747364055702,1.5648504916653212,1.8093915283720534,3.4389850162181976,0.959726667862847,5.0373371357035985,2.5991781318624794,0.0,1.728217034214947
seed 139
Initial fitness values: [np.float64(60.894369028892406), np.float64(57.95158253401429), np.float64(54.90025836403659), np.float64(51.65326105046704), np.float64(51.1514723408298), np.float64(47.064487354335995), np.float64(46.62605776856214), np.float64(46.62605776856214), np.float64(46.17527948850144), np.float64(45.14154969377696)]
Final fitness values: [np.float64(43.57483385933786), np.float64(43.57483385933786), np.float64(43.57483385933786), np.float64(43.57483385933786), np.float64(43.57483385933786), np.float64(43.53506334065095), np.float64(43.53406583184302), np.float64(43.53406583184302), np.float64(43.53406583184302), np.float64(43.53406583184302)]
HOF ITEM
43.53406583184302
-4.183520216307342,1.5922768236930989,-1.5312202319683392,-0.9078656620322778,0.5948287012450277,-4.610719470502597,-2.8619817891373547,2.45190950522383,4.104531893412586,1.8349501162562218,0.4660957812068649,0.0,5.241161210289716,2.7583973745889883,3.5866682839502273
HOF ITEM
43.53506334065095
-4.183520216307342,1.5922768236930989,-1.5312202319683392,-0.9078656620322778,0.5948287012450277,-4.610719470502597,-2.8619817891373547,2.45190950522383,4.104531893412586,1.8349501162562218,0.4660957812068649,0.05858001018705537,5.241161210289716,2.7583973745889883,3.5866682839502273
HOF ITEM
43.53506334065095
-4.183520216307342,1.5922768236930989,-1.5312202319683392,-0.9078656620322778,0.5948287012450277,-4.610719470502597,-2.8619817891373547,2.45190950522383,4.104531893412586,1.8349501162562218,0.4660957812068649,0.05858001018705537,5.379207560624524,2.7583973745889883,3.5866682839502273
HOF ITEM
43.53513751505021
-4.183520216307342,1.5922768236930989,-1.5312202319683392,-0.9078656620322778,0.5948287012450277,-4.610719470502597,-2.8619817891373547,2.45190950522383,4.104531893412586,1.975134360143491,0.42368713152064735,0.05858001018705537,5.448373682788381,2.5029861455080704,3.5866682839502273
HOF ITEM
43.57483385933786
-4.183520216307342,1.596543854764859,-1.5312202319683392,-0.9078656620322778,0.5948287012450277,-4.610719470502597,-2.8619817891373547,2.45190950522383,4.104531893412586,2.125346952722803,0.0,0.0,5.241161210289716,2.7583973745889883,3.5866682839502273
best parameter set
fitness 40.3889297238035 seed 133
-4.51219077456165,1.3825478709531538,-3.7719329178569043,0.5168117079942396,4.667508639707156,-1.1657576108782326,-3.3031526854779685,2.3065824962862242,3.796069714164372,0.6009709804232835,2.4292831660939953,1.7773761328625513,-6.06564440724379,1.9447384569737132,2.656050872570338
