seeds are [450 451 452 453 454 455 456 457 458 459]
seed 450
Initial fitness values: [np.float64(58.49614692212329), np.float64(52.00394193703608), np.float64(51.017308686352614), np.float64(51.01729635647539), np.float64(49.93061789992629), np.float64(49.93061789992629), np.float64(49.21641487277145), np.float64(48.32181561673847), np.float64(47.475269178403956), np.float64(47.167753718357694)]
Final fitness values: [np.float64(41.46381338967743), np.float64(41.45860792322579), np.float64(41.45860792322579), np.float64(41.458606579715436), np.float64(41.458606379613805), np.float64(41.458606379613805), np.float64(41.458606379613805), np.float64(41.458606379613805), np.float64(41.458606379613805), np.float64(41.437080841378126)]
HOF ITEM
41.437080841378126
-2.126423802549345,1.4941912452286952,0.48996429389659596,-5.667220514749281,-2.129998260123982,0.6371470211821728,-0.9159240734548915,2.447401781221375,5.827073776272016,5.447167348432929,0.9606828405815211,1.53875802928963,-1.544507507079817,2.0320099282783572,6.695850299598931
HOF ITEM
41.45860261390629
-2.126423802549345,1.4941912452286952,0.48996429389659596,-5.667220514749281,-2.129998260123982,0.6371470211821728,-0.9159240734548915,2.447401781221375,5.827073776272016,5.8040484519434195,0.9572411538544056,1.1364395693047,-1.544507507079817,1.985945414762468,6.695850299598931
HOF ITEM
41.458606379613805
-2.126423802549345,1.4941912452286952,0.48996429389659596,-5.667220514749281,-2.129998260123982,0.6371470211821728,-0.9159240734548915,2.447401781221375,5.827073776272016,5.562690673335384,1.0628464860657214,1.2667520077534793,-1.544507507079817,1.985945414762468,6.695850299598931
HOF ITEM
41.458606579715436
-2.126423802549345,1.4941912452286952,0.48996429389659596,-5.667220514749281,-2.129998260123982,0.6371470211821728,-0.9159240734548915,2.447401781221375,5.827073776272016,5.594069408417808,1.0628464860657214,1.2667520077534793,-1.544507507079817,1.985945414762468,6.695850299598931
HOF ITEM
41.45860792322579
-2.126423802549345,1.4941912452286952,0.48996429389659596,-5.667220514749281,-2.129998260123982,0.6371470211821728,-0.9159240734548915,2.447401781221375,5.827073776272016,5.562690673335384,1.1233281557287491,1.2667520077534793,-1.544507507079817,1.985945414762468,6.695850299598931
seed 451
Initial fitness values: [np.float64(66.56422175056306), np.float64(58.59828756799834), np.float64(53.18812161377988), np.float64(52.789218090780366), np.float64(52.6346009520237), np.float64(52.3010221819602), np.float64(52.3010221819602), np.float64(52.284481224780485), np.float64(51.819578745076335), np.float64(51.819578745076335)]
Final fitness values: [np.float64(45.04328692884977), np.float64(45.03762658134549), np.float64(45.03745809905553), np.float64(45.037180619323564), np.float64(45.037180562040746), np.float64(45.037180562040746), np.float64(45.03704645592661), np.float64(45.03704645592661), np.float64(45.03704641721174), np.float64(45.03687426089883)]
HOF ITEM
45.03687426089883
3.085455863328809,-0.18587100868029993,-3.6230795826857545,-6.598226894567003,-0.7039151210526464,5.40374919430902,1.309455418248217,3.0,5.3774521008420395,5.629092336870602,1.8238808715414856,1.5849626473205687,4.401356821137839,0.21980970804602645,3.7876887889721145
HOF ITEM
45.03690111765527
3.085455863328809,-0.18587100868029993,-3.6230795826857545,-6.598226894567003,-0.7039151210526464,5.58793877596916,1.309455418248217,3.0,5.3774521008420395,5.516260506724164,1.8307443999068387,1.8504485953054663,4.047215797398874,0.22670028270001163,4.1749344063729215
HOF ITEM
45.03693392822008
3.085455863328809,-0.18587100868029993,-3.6230795826857545,-6.598226894567003,-0.7039151210526464,5.58793877596916,1.309455418248217,3.0,5.3774521008420395,5.516260506724164,1.6255335094671037,1.5849626473205687,4.047215797398874,0.22670028270001163,3.7876887889721145
HOF ITEM
45.036969602177905
3.085455863328809,-0.18587100868029993,-3.6230795826857545,-6.598226894567003,-0.7039151210526464,5.58793877596916,1.309455418248217,3.0,5.3774521008420395,5.629092336870602,1.6255335094671037,1.5849626473205687,4.047215797398874,0.3393050932191102,3.7876887889721145
HOF ITEM
45.03703461470531
3.085455863328809,-0.18587100868029993,-3.6230795826857545,-6.598226894567003,-0.7039151210526464,5.58793877596916,1.309455418248217,3.0,5.3774521008420395,5.516260506724164,1.6757980559378558,1.6173366758852923,4.083600271718044,0.22670028270001163,3.3747610934155734
seed 452
Initial fitness values: [np.float64(58.24265863730024), np.float64(53.79061992568781), np.float64(48.926831023357146), np.float64(48.91947890636223), np.float64(47.265162623991834), np.float64(45.8289752421272), np.float64(45.8289752421272), np.float64(45.8289752421272), np.float64(45.73525359537829), np.float64(45.52678889649128)]
Final fitness values: [np.float64(42.54192950561864), np.float64(42.539100428415395), np.float64(42.499713473635296), np.float64(42.499713473635296), np.float64(42.49090936253909), np.float64(42.48855411953076), np.float64(42.48360308369405), np.float64(42.45099565793531), np.float64(42.45099565793531), np.float64(42.45044008641603)]
HOF ITEM
42.45044008641603
1.4645721444007782,0.4556950566910861,-0.7809890567056686,0.5934668750925789,1.9574607889382978,1.9660714424598555,1.1412025900669163,2.9218797150124947,1.4600369399311812,6.152688953679523,0.8420483697812028,1.2413551495362232,-4.278886644100256,2.6758498789146183,1.7951820506556002
HOF ITEM
42.45099565793531
1.4645721444007782,0.4556950566910861,-0.7809890567056686,0.5934668750925789,1.9574607889382978,1.9660714424598555,1.1412025900669163,2.9218797150124947,1.4600369399311812,6.152688953679523,0.8420483697812028,1.2413551495362232,-4.278886644100256,2.6758498789146183,1.8452586275048055
HOF ITEM
42.453089742520625
1.4645721444007782,0.4556950566910861,-0.7809890567056686,0.5934668750925789,1.9574607889382978,1.9660714424598555,1.1412025900669163,2.9218797150124947,1.4600369399311812,6.152688953679523,0.6292698319676565,0.9295173615079555,-4.461600900141027,2.6758498789146183,1.7951820506556002
HOF ITEM
42.45364600945551
1.4645721444007782,0.4556950566910861,-0.7809890567056686,0.5934668750925789,1.9574607889382978,1.9660714424598555,1.1412025900669163,2.9218797150124947,1.4600369399311812,6.152688953679523,0.6292698319676565,0.9295173615079555,-4.278886644100256,2.6758498789146183,1.8452586275048055
HOF ITEM
42.455647134205456
1.4645721444007782,0.4556950566910861,-0.7809890567056686,0.5934668750925789,1.9574607889382978,1.9660714424598555,1.1412025900669163,2.9218797150124947,1.4600369399311812,6.152688953679523,0.6292698319676565,1.2413551495362232,-4.278886644100256,2.6758498789146183,1.8452586275048055
seed 453
Initial fitness values: [np.float64(56.913226372769785), np.float64(54.83367957518434), np.float64(52.85081049006156), np.float64(52.3709075615537), np.float64(52.3709075615537), np.float64(52.3696663394206), np.float64(52.077650852488766), np.float64(52.077650852488766), np.float64(52.077650852488766), np.float64(52.03711075169471)]
Final fitness values: [np.float64(50.05772781105078), np.float64(50.05772781105078), np.float64(50.02599018102438), np.float64(49.983514885460544), np.float64(49.9084013957768), np.float64(49.9084013957768), np.float64(49.9002860106647), np.float64(49.9002860106647), np.float64(49.9002860106647), np.float64(49.897413416836365)]
HOF ITEM
49.897413416836365
5.9092197622104266,-1.0861980125883894,2.1445067887603018,3.4410423576858054,-4.741387688586278,-0.6602058827390765,2.1275660141572046,0.9194429105399614,2.9742727170900465,3.69027848912031,0.39027579444888666,3.7069655374235655,5.508566733038729,3.0,6.083753922976812
HOF ITEM
49.9002860106647
5.881369803652234,-1.0861980125883894,2.1445067887603018,3.4410423576858054,-4.202856121570124,-0.6602058827390765,2.1275660141572046,0.9194429105399614,2.9742727170900465,3.69027848912031,0.39027579444888666,3.7069655374235655,5.467997894209844,3.0,6.206760493246236
HOF ITEM
49.9002860106647
5.881369803652234,-1.0861980125883894,2.1445067887603018,3.4410423576858054,-4.202856121570124,-0.6602058827390765,2.1275660141572046,0.9194429105399614,2.9742727170900465,3.69027848912031,0.39027579444888666,3.7069655374235655,5.337822388605828,2.8907885716091832,6.083753922976812
HOF ITEM
49.9002860106647
5.881369803652234,-1.0861980125883894,2.1445067887603018,3.4410423576858054,-4.202856121570124,-0.6602058827390765,2.1275660141572046,0.9194429105399614,2.9742727170900465,3.69027848912031,0.39027579444888666,3.7069655374235655,5.467997894209844,2.8907885716091832,6.083753922976812
HOF ITEM
49.9084013957768
5.881369803652234,-1.0861980125883894,2.1445067887603018,3.4410423576858054,-4.202856121570124,-0.6602058827390765,2.1275660141572046,0.9194429105399614,2.9742727170900465,3.692252527896939,0.39027579444888666,3.7069655374235655,5.337822388605828,2.5910744297888737,6.083753922976812
seed 454
Initial fitness values: [np.float64(55.02922653585426), np.float64(55.02922653585426), np.float64(54.31890747120736), np.float64(53.13945562758956), np.float64(53.03339570207406), np.float64(52.4424624875606), np.float64(52.34852776730209), np.float64(50.797725712273085), np.float64(50.75782348373554), np.float64(50.63231304323893)]
Final fitness values: [np.float64(47.47553868584069), np.float64(47.47553868584069), np.float64(47.47553868584069), np.float64(47.47553868584069), np.float64(47.47553868584069), np.float64(47.47553868584069), np.float64(47.47553868584069), np.float64(47.47553868584069), np.float64(47.47553868584069), np.float64(47.47553868584069)]
HOF ITEM
47.47553868584069
2.990963680370753,-0.338929206645209,-0.6581756520582829,4.574095299074921,5.671313471480438,3.896856452954768,2.4885695278257387,1.41871236246021,5.219143951983286,2.0588513775314126,1.9654756435828555,2.9500843343420264,-5.288201863871417,0.37983616368548134,1.8555142000984028
HOF ITEM
47.477118739524656
2.990963680370753,-0.338929206645209,-0.6581756520582829,4.574095299074921,5.671313471480438,3.896856452954768,2.4885695278257387,1.41871236246021,5.219143951983286,2.0588513775314126,1.9654756435828555,2.9500843343420264,-5.25747086520888,0.37983616368548134,1.8555142000984028
HOF ITEM
47.482087221057085
3.1168999407752542,-0.338929206645209,-0.7130394104121913,4.574095299074921,5.671313471480438,3.303562274254392,2.4885695278257387,1.41871236246021,5.219143951983286,2.0588513775314126,1.9654756435828555,2.9500843343420264,-5.432985581563615,0.37983616368548134,1.8555142000984028
HOF ITEM
47.48715124165579
2.892669801590406,-0.2254934014713234,-0.2568333641709656,4.574095299074921,5.671313471480438,4.124240622790944,2.4885695278257387,1.41871236246021,5.219143951983286,2.0588513775314126,1.9654756435828555,2.9500843343420264,-4.91168852547167,0.37983616368548134,1.8555142000984028
HOF ITEM
47.491338690986126
2.990963680370753,-0.24413978473901732,-0.6581756520582829,4.574095299074921,5.671313471480438,3.896856452954768,2.4885695278257387,1.41871236246021,5.219143951983286,2.0588513775314126,1.9654756435828555,2.9500843343420264,-5.25747086520888,0.37983616368548134,1.8555142000984028
seed 455
Initial fitness values: [np.float64(58.99172510710315), np.float64(58.99172510710315), np.float64(51.028474265848374), np.float64(51.028474265848374), np.float64(49.87058712213064), np.float64(49.22166718531628), np.float64(49.10154067882629), np.float64(46.68447251950714), np.float64(45.64792558339544), np.float64(45.356627302878614)]
Final fitness values: [np.float64(43.09089735261999), np.float64(43.09089735261999), np.float64(43.09089735261999), np.float64(43.09016930521051), np.float64(43.08377473980348), np.float64(43.08377473980348), np.float64(42.982381095789634), np.float64(42.96074048355421), np.float64(42.96074048355421), np.float64(42.96074048355421)]
HOF ITEM
42.96074048355421
-6.848516588469843,1.5734027981663434,2.6613492955145577,0.7042864287196444,4.505150917094161,4.55229441298573,-5.5498814316318335,1.8229766113333103,3.739396019564773,1.302287792358463,0.2546507794573026,2.940558692166374,-3.8024287003146555,0.13216003297946388,2.3258653775436215
HOF ITEM
42.97702511254844
-6.848516588469843,1.5734027981663434,2.662498258118218,0.7042864287196444,4.505150917094161,4.55229441298573,-5.5498814316318335,1.8229766113333103,3.739396019564773,1.302287792358463,0.31499961260480747,2.940558692166374,-3.8024287003146555,0.13216003297946388,2.3258653775436215
HOF ITEM
42.982381095789634
-6.848516588469843,1.5734027981663434,2.6613492955145577,0.7042864287196444,4.505150917094161,4.55229441298573,-5.5498814316318335,1.8229766113333103,3.739396019564773,1.302287792358463,0.31499961260480747,2.940558692166374,-3.8024287003146555,0.13216003297946388,2.3258653775436215
HOF ITEM
42.98871697307163
-6.848516588469843,1.5734027981663434,2.6613492955145577,0.7042864287196444,4.505150917094161,4.55229441298573,-5.5498814316318335,1.8229766113333103,3.739396019564773,1.302287792358463,0.2546507794573026,2.940558692166374,-3.7841190756511454,0.13216003297946388,2.3258653775436215
HOF ITEM
43.08377473980348
-6.848516588469843,1.5734027981663434,2.662498258118218,0.7042864287196444,4.388925253812051,4.334280536830712,-5.5498814316318335,1.808096483869549,3.739396019564773,1.302287792358463,0.0,2.940558692166374,-3.8024287003146555,0.13216003297946388,2.3258653775436215
seed 456
Initial fitness values: [np.float64(60.793717634293394), np.float64(55.95723574457758), np.float64(50.03843759838349), np.float64(49.89246805142693), np.float64(49.828012920843264), np.float64(49.78707019156211), np.float64(49.53389749380649), np.float64(49.53389749380649), np.float64(49.522547999268824), np.float64(49.5212480749483)]
Final fitness values: [np.float64(49.51023889268904), np.float64(49.51023889268904), np.float64(49.51023889268904), np.float64(49.51023889268904), np.float64(49.51020280486351), np.float64(49.51020280486351), np.float64(49.51020280486351), np.float64(49.51020280486351), np.float64(49.51020280486351), np.float64(49.51020280486351)]
HOF ITEM
49.51020280486351
-3.4899700387303914,1.3845006017567274,-0.4490603424229625,7.0,1.4164114569703072,-6.661165157948992,-7.0,2.7105786403148544,0.9511612905013155,0.6142342636671099,2.836459170294441,3.1254938929328384,3.811448677304317,2.1075487342837524,6.484523229219266
HOF ITEM
49.51020280486351
-3.4899700387303914,1.3845006017567274,-0.4490603424229625,7.0,1.4164114569703072,-6.661165157948992,-7.0,2.7105786403148544,0.9511612905013155,0.6142342636671099,2.9993186152918137,3.9840667951066386,3.9396936710529014,2.1075487342837524,6.636345294100964
HOF ITEM
49.51020280486351
-3.4607578466488804,1.3845006017567274,-0.4490603424229625,7.0,1.4164114569703072,-6.661165157948992,-7.0,2.7084925898502603,0.9511612905013155,0.5639901971183526,2.9993186152918137,3.1254938929328384,3.6787918661622907,2.1075487342837524,6.636345294100964
HOF ITEM
49.51020280486351
-3.4899700387303914,1.3845006017567274,-0.4490603424229625,7.0,1.4164114569703072,-6.661165157948992,-7.0,2.7105786403148544,0.9511612905013155,0.6142342636671099,2.836459170294441,3.7900249189704596,3.811448677304317,2.1075487342837524,6.9081270884981265
HOF ITEM
49.51020280486351
-3.4899700387303914,1.3845006017567274,-0.4490603424229625,7.0,1.4164114569703072,-6.661165157948992,-7.0,2.7105786403148544,0.9511612905013155,0.6142342636671099,2.9993186152918137,3.1254938929328384,3.811448677304317,2.1075487342837524,6.636345294100964
seed 457
Initial fitness values: [np.float64(57.55416879850289), np.float64(55.52556806753778), np.float64(53.773397101798096), np.float64(53.75709963520819), np.float64(53.75709963520819), np.float64(53.7349641684312), np.float64(53.70690407709686), np.float64(53.694493560748874), np.float64(53.688294809880446), np.float64(53.525945252903945)]
Final fitness values: [np.float64(43.60863362346375), np.float64(43.605623677292094), np.float64(43.605623677292094), np.float64(43.590937143015196), np.float64(43.5734519132832), np.float64(43.5734519132832), np.float64(43.5734519132832), np.float64(43.572978415366435), np.float64(43.5705418083911), np.float64(43.57001960696477)]
HOF ITEM
43.57001960696477
-4.629450662979557,1.5886216425699344,-4.160516524443762,0.5949533290249315,-3.2646467678153734,6.549432434922284,-3.3052902471548316,2.354183765647298,0.4679530591748843,3.9503024908198876,2.2176410357478504,6.737350397662064,-0.5982552129100018,0.0,1.5395311115661612
HOF ITEM
43.5705418083911
-4.629226605669839,1.5886216425699344,-4.160516524443762,0.5949533290249315,-3.2646467678153734,6.549432434922284,-3.3052902471548316,2.354183765647298,0.4679530591748843,3.9503024908198876,2.2176410357478504,6.7621539319770845,-0.8054424085438956,0.19867647286896578,2.0469745459122985
HOF ITEM
43.57297781480152
-4.629450662979557,1.5886216425699344,-3.980805590647506,0.5949533290249315,-3.2646467678153734,7.0,-3.305755684737679,2.354183765647298,0.4679530591748843,3.9503024908198876,2.2176410357478504,6.737350397662064,-0.8054424085438956,0.0,1.771161319660526
HOF ITEM
43.57297811038973
-4.629450662979557,1.5886216425699344,-3.980805590647506,0.5949533290249315,-3.2646467678153734,6.549432434922284,-3.305755684737679,2.354183765647298,0.4679530591748843,3.9503024908198876,2.2176410357478504,6.737350397662064,-0.5982552129100018,0.0,1.5395311115661612
HOF ITEM
43.57297811038973
-4.629450662979557,1.5886216425699344,-3.980805590647506,0.5949533290249315,-3.2646467678153734,6.549432434922284,-3.305755684737679,2.354183765647298,0.4679530591748843,4.508726765757981,2.2176410357478504,6.737350397662064,-0.5982552129100018,0.0,1.5395311115661612
seed 458
Initial fitness values: [np.float64(62.06312202805346), np.float64(56.63872386197049), np.float64(54.415188822276356), np.float64(54.415188822276356), np.float64(52.88384517265714), np.float64(49.60687563196821), np.float64(49.60687563196821), np.float64(49.21739322295563), np.float64(48.29648283137848), np.float64(48.265121718468855)]
Final fitness values: [np.float64(43.83714394942666), np.float64(43.83714394942666), np.float64(43.83714394942666), np.float64(43.83714394942666), np.float64(43.83714394942666), np.float64(43.83714394942666), np.float64(43.83714394942666), np.float64(43.83714394942666), np.float64(43.83714394942666), np.float64(43.83714394942666)]
HOF ITEM
43.83714394942666
-5.681523231210851,1.5762100791072424,2.9070449867505173,4.132269526025896,-0.37853076787085277,-0.5346529725419149,-4.356201591650367,2.0583834233615144,0.6892736944973789,4.152219500081238,2.3470902034515335,5.91544663573532,1.7969489226149649,2.5469599437866477,1.9935962800716978
HOF ITEM
43.83714394942666
-5.681523231210851,1.5762100791072424,2.9070449867505173,4.132269526025896,-0.37853076787085277,-0.5346529725419149,-4.356201591650367,2.0583834233615144,0.6892736944973789,4.152219500081238,2.3470902034515335,5.878880349019135,1.7969489226149649,2.5469599437866477,1.8591563630853734
HOF ITEM
43.83714394942666
-5.681523231210851,1.5762100791072424,2.9070449867505173,4.132269526025896,-0.37853076787085277,-0.5346529725419149,-4.356201591650367,2.0583834233615144,0.6892736944973789,4.032996731403033,2.470651817169434,5.878880349019135,1.483371277796765,2.5469599437866477,1.8591563630853734
HOF ITEM
43.83714394942666
-5.681523231210851,1.5762100791072424,2.9070449867505173,4.132269526025896,-0.37853076787085277,-0.5346529725419149,-4.356201591650367,2.0583834233615144,0.6892736944973789,4.032996731403033,2.470651817169434,5.91544663573532,1.7969489226149649,2.5469599437866477,1.9935962800716978
HOF ITEM
43.83714394942666
-5.681523231210851,1.5762100791072424,2.9070449867505173,4.132269526025896,-0.37853076787085277,-0.5346529725419149,-4.356201591650367,2.0583834233615144,0.6892736944973789,4.032996731403033,2.470651817169434,5.878880349019135,1.483371277796765,2.5469599437866477,1.9935962800716978
seed 459
Initial fitness values: [np.float64(56.3371536275405), np.float64(55.31937017001732), np.float64(49.50358502458957), np.float64(48.01191457285435), np.float64(46.3058207430291), np.float64(46.3058207430291), np.float64(45.21734945693792), np.float64(45.21734945693792), np.float64(44.11425054537917), np.float64(44.11425054537917)]
Final fitness values: [np.float64(43.446987612857384), np.float64(43.446987612857384), np.float64(43.446987612857384), np.float64(43.446987612857384), np.float64(43.446987612857384), np.float64(43.446987612857384), np.float64(43.446987612857384), np.float64(43.446987612857384), np.float64(43.446987612857384), np.float64(43.446987612857384)]
HOF ITEM
43.446987612857384
2.8342714003675784,-0.21249731419805135,3.6917678224441746,1.1779427478767113,1.8142085792270797,2.3806207429006827,1.1127333088764293,1.6226098961393145,3.0709301710750805,5.138669428091706,3.0,3.255069356905159,0.8952079955865899,2.8161391798460507,4.025561493678189
HOF ITEM
43.446987612857384
2.8342714003675784,-0.21249731419805135,3.6917678224441746,1.1779427478767113,1.8142085792270797,2.3806207429006827,1.1127333088764293,1.6226098961393145,3.0709301710750805,5.387701286314334,3.0,3.255069356905159,0.8952079955865899,2.8161391798460507,4.025561493678189
HOF ITEM
43.446987612857384
2.8342714003675784,-0.21249731419805135,3.6917678224441746,1.1779427478767113,1.8142085792270797,2.3806207429006827,1.1127333088764293,1.6226098961393145,3.0709301710750805,5.387701286314334,3.0,3.0980330255674873,0.8952079955865899,2.8161391798460507,4.025561493678189
HOF ITEM
43.446987612857384
2.8342714003675784,-0.21249731419805135,3.6917678224441746,1.1779427478767113,1.8142085792270797,2.3806207429006827,1.1127333088764293,1.6226098961393145,3.0709301710750805,5.387701286314334,3.0,2.9347394508505875,0.8952079955865899,2.8161391798460507,4.025561493678189
HOF ITEM
43.446987612857384
2.8342714003675784,-0.21249731419805135,3.6917678224441746,1.1779427478767113,1.8142085792270797,2.3806207429006827,1.1127333088764293,1.6226098961393145,3.0709301710750805,5.138669428091706,3.0,2.9347394508505875,0.8952079955865899,2.8161391798460507,4.025561493678189
best parameter set
fitness 41.23979601651293 seed 450
-2.1313330814424285,1.5146590042882628,0.486301009216945,-5.673293645462459,-2.128415143461894,0.6336264200053286,-0.9164294945257471,2.4952401234171417,5.829610118095508,5.447184278669234,0.9606957935529046,1.5387731960249844,-1.550849921696849,2.0392216667935124,6.69697995113724
