seeds are [360 361 362 363 364 365 366 367 368 369]
seed 360
Initial fitness values: [np.float64(30.304016486768983), np.float64(30.08527163328796), np.float64(28.99619156164199), np.float64(28.04502316244453), np.float64(27.769262533285907), np.float64(27.769262533285907), np.float64(27.447926348699166), np.float64(27.228437383102886), np.float64(27.228437383102886), np.float64(27.015386807996506)]
Final fitness values: [np.float64(21.943620244483913), np.float64(21.92960878621132), np.float64(21.92960878621132), np.float64(21.92960878621132), np.float64(21.929135731291183), np.float64(21.92032974658296), np.float64(21.92032974658296), np.float64(21.915725043221578), np.float64(21.915725043221578), np.float64(21.915725043221578)]
HOF ITEM
21.915725043221578
-4.113437582089325,1.6374958216311664,1.9467270468918512,-2.3120713327901994,4.561721137543735,6.824401121180272,-2.7778435814198366,2.519379203413916,6.412407126782333,5.013174307275305,0.32578297495558667,4.135671673060785,-3.7869432157686838,1.6889646500831292,2.153180654769089
HOF ITEM
21.916253573428786
-4.113437582089325,1.6374958216311664,1.9467270468918512,-2.3120713327901994,4.561721137543735,6.824401121180272,-2.7778435814198366,2.519379203413916,6.412407126782333,5.013174307275305,0.32578297495558667,4.135671673060785,-3.7869432157686838,1.6889646500831292,2.37029953413343
HOF ITEM
21.91810835771972
-4.113437582089325,1.6374958216311664,1.9467270468918512,-2.3120713327901994,4.561721137543735,6.824401121180272,-2.7778435814198366,2.519379203413916,6.412407126782333,4.922022021795186,0.32578297495558667,4.135671673060785,-3.7869432157686838,1.6889646500831292,2.153180654769089
HOF ITEM
21.919669404022777
-4.113437582089325,1.6374958216311664,1.9467270468918512,-2.3120713327901994,4.561721137543735,6.824401121180272,-2.7778435814198366,2.519379203413916,6.412407126782333,4.922022021795186,0.32578297495558667,4.135671673060785,-3.7869432157686838,1.6889646500831292,1.782545099885064
HOF ITEM
21.92032974658296
-4.113437582089325,1.6374958216311664,1.9467270468918512,-2.3120713327901994,4.561721137543735,6.824401121180272,-2.7778435814198366,2.519379203413916,6.412407126782333,5.013174307275305,0.32578297495558667,4.135671673060785,-3.7869432157686838,1.6889646500831292,1.782545099885064
seed 361
Initial fitness values: [np.float64(28.753022625192084), np.float64(28.753022625192084), np.float64(28.122955820847686), np.float64(27.235518218840582), np.float64(27.235518218840582), np.float64(25.15892600340401), np.float64(25.15892600340401), np.float64(25.050622092901083), np.float64(25.02604670472516), np.float64(24.96778975679826)]
Final fitness values: [np.float64(21.66108328868135), np.float64(21.661083173694664), np.float64(21.661082536640045), np.float64(21.661082536640045), np.float64(21.66103552933391), np.float64(21.661035304115945), np.float64(21.661035304115945), np.float64(21.661007518845746), np.float64(21.661007518845746), np.float64(21.661007518845746)]
HOF ITEM
21.661007518845746
-3.56381512242698,2.1550446654013466,1.6012082739789126,-4.416380594434171,-7.0,1.1266809148624057,-6.81730441651491,2.743905380033489,5.6679750453763456,-2.888822758349855,2.465164129182848,0.1496428803758407,2.0558625610982535,1.852811723931489,5.260295744939404
HOF ITEM
21.661007520296778
-3.56381512242698,2.1550446654013466,1.6012082739789126,-4.416380594434171,-7.0,1.1266809148624057,-6.81730441651491,2.743905380033489,5.6679750453763456,-2.888822758349855,2.465164129182848,0.1496428803758407,2.0558625610982535,1.5983598118280642,4.970599106585522
HOF ITEM
21.661007531091528
-3.56381512242698,2.1550446654013466,1.6012082739789126,-4.416380594434171,-7.0,1.1266809148624057,-6.81730441651491,2.743905380033489,5.6679750453763456,-2.888822758349855,2.465164129182848,0.1496428803758407,1.884039230179262,1.5407034358622893,5.260295744939404
HOF ITEM
21.66100754750917
-3.56381512242698,2.1550446654013466,1.6012082739789126,-4.416380594434171,-7.0,1.1266809148624057,-6.81730441651491,2.743905380033489,5.6679750453763456,-2.888822758349855,2.465164129182848,0.1496428803758407,1.884039230179262,1.494336320797364,5.360195207716868
HOF ITEM
21.66100791995406
-3.56381512242698,2.1550446654013466,1.6012082739789126,-4.416380594434171,-7.0,1.1266809148624057,-6.81730441651491,2.743905380033489,5.6679750453763456,-2.888822758349855,2.465164129182848,0.1496428803758407,2.0558625610982535,1.2465867036065001,5.1757578800624175
seed 362
Initial fitness values: [np.float64(34.242095172965456), np.float64(30.144237684975426), np.float64(30.095709492341477), np.float64(28.56559279692925), np.float64(28.30720803007621), np.float64(27.406348949171587), np.float64(26.729515727870876), np.float64(26.666858157428873), np.float64(25.850352342437343), np.float64(25.79984598729054)]
Final fitness values: [np.float64(24.473553313174342), np.float64(24.47322766452275), np.float64(24.47322766452275), np.float64(24.47322766452275), np.float64(24.47322766452275), np.float64(24.47322766452275), np.float64(24.47322766452275), np.float64(24.47322766452275), np.float64(24.47322766452275), np.float64(24.47322766452275)]
HOF ITEM
24.47322766452275
5.70457510125265,-1.3080783667149987,1.9915303115892202,5.217655914884031,1.428812841600397,-0.44980262596593223,2.9598582364342043,0.1689931343102913,1.804754491640871,6.024867728224254,0.1313770043732987,0.0,-5.416674828110755,3.0,5.793198510827986
HOF ITEM
24.47322766452275
5.70457510125265,-1.3080783667149987,1.9915303115892202,5.217655914884031,1.428812841600397,-0.44980262596593223,2.9598582364342043,0.1689931343102913,1.804754491640871,6.007789208055828,0.020293968947405455,0.0,-5.416674828110755,3.0,5.793198510827986
HOF ITEM
24.47322766452275
5.70457510125265,-1.3080783667149987,1.9915303115892202,5.217655914884031,1.428812841600397,-0.44980262596593223,2.9598582364342043,0.1689931343102913,1.804754491640871,6.007789208055828,0.1313770043732987,0.0,-5.416674828110755,3.0,5.793198510827986
HOF ITEM
24.47322766452275
5.70457510125265,-1.3080783667149987,1.9915303115892202,5.217655914884031,1.428812841600397,-0.44980262596593223,2.9598582364342043,0.1689931343102913,1.804754491640871,6.024867728224254,0.020293968947405455,0.0,-5.416674828110755,3.0,5.793198510827986
HOF ITEM
24.473553313174342
5.70457510125265,-1.3080783667149987,1.9915303115892202,5.217655914884031,1.428812841600397,-0.44980262596593223,2.9598582364342043,0.1689931343102913,1.804754491640871,6.024867728224254,0.1313770043732987,0.0,-5.416674828110755,3.0,5.731683972620511
seed 363
Initial fitness values: [np.float64(31.092672913488553), np.float64(30.53871439191732), np.float64(30.074841512946854), np.float64(29.945862148309043), np.float64(29.44716567184385), np.float64(29.44716567184385), np.float64(29.379554380494863), np.float64(28.94880353157137), np.float64(28.48114192073336), np.float64(27.918310342873248)]
Final fitness values: [np.float64(21.83749101172582), np.float64(21.83749101172582), np.float64(21.83749101172582), np.float64(21.83749101172582), np.float64(21.83749101172582), np.float64(21.83749101172582), np.float64(21.83749101172582), np.float64(21.83749101172582), np.float64(21.83749101172582), np.float64(21.83749101172582)]
HOF ITEM
21.83749101172582
-4.259750594905167,1.5921162124808592,-3.235745324735021,2.9504741224545965,3.3372235543196074,4.842141581251622,-2.936537590305268,2.4182151629854363,0.8878486794380613,2.409514364860981,2.6254553651327623,5.867395586042193,3.408462274467757,2.6007549983553,2.7161630556358225
HOF ITEM
21.83749101172582
-4.259750594905167,1.5921162124808592,-3.235745324735021,2.9504741224545965,3.3372235543196074,4.842141581251622,-2.936537590305268,2.4182151629854363,0.8878486794380613,2.5142376175592,2.6254553651327623,6.164379710931745,3.5073823393495895,2.707068218341092,2.7161630556358225
HOF ITEM
21.83749101172582
-4.259750594905167,1.5921162124808592,-3.235745324735021,2.9504741224545965,3.3372235543196074,4.842141581251622,-2.936537590305268,2.4182151629854363,0.8878486794380613,2.657177536604021,2.7095980839160556,7.0,3.885855891409531,2.547967284389092,2.7161630556358225
HOF ITEM
21.83749101172582
-4.259750594905167,1.5921162124808592,-3.235745324735021,2.9504741224545965,3.3372235543196074,4.842141581251622,-2.936537590305268,2.4182151629854363,0.8878486794380613,2.5142376175592,2.6254553651327623,6.164379710931745,3.408462274467757,2.6007549983553,2.7161630556358225
HOF ITEM
21.83749101172582
-4.259750594905167,1.5921162124808592,-3.235745324735021,2.9504741224545965,3.3372235543196074,4.842141581251622,-2.936537590305268,2.4182151629854363,0.8878486794380613,2.5142376175592,2.6254553651327623,6.380540647260073,3.5073823393495895,2.707068218341092,2.7161630556358225
seed 364
Initial fitness values: [np.float64(32.05809980484608), np.float64(25.517164876218054), np.float64(25.09847958276491), np.float64(24.214113129928915), np.float64(24.174807089368553), np.float64(24.174807089368553), np.float64(23.904751762727045), np.float64(23.857523264727135), np.float64(23.523518852660796), np.float64(23.521502976008946)]
Final fitness values: [np.float64(22.624864571998675), np.float64(22.624864571998675), np.float64(22.624817930004042), np.float64(22.624194707764737), np.float64(22.624194707764737), np.float64(22.624194707764737), np.float64(22.624194707764737), np.float64(22.624194550112897), np.float64(22.62418273757919), np.float64(22.62418245588821)]
HOF ITEM
22.62418245588821
2.535570923468957,0.02200278319521856,2.801661206874974,5.3718090113481365,-4.872910786219,5.325082671723439,1.28538387721884,3.0,0.4822535244715577,3.851495232360039,1.274599629967555,1.732314373417778,-3.2849021809118844,1.159752291089824,1.7518571184801757
HOF ITEM
22.62418273757919
2.535570923468957,0.02200278319521856,2.801661206874974,5.3718090113481365,-4.872910786219,5.325082671723439,1.28538387721884,3.0,0.4822535244715577,3.851495232360039,1.274599629967555,1.732314373417778,-3.2849021809118844,1.159752291089824,1.7135231537013476
HOF ITEM
22.624194550112897
2.535570923468957,0.02200278319521856,2.801661206874974,5.3718090113481365,-4.9975569481175395,5.325082671723439,1.28538387721884,3.0,0.4822535244715577,3.851495232360039,1.274599629967555,1.732314373417778,-3.3569081730897707,1.159752291089824,1.7518571184801757
HOF ITEM
22.624194707764737
2.535570923468957,0.02200278319521856,2.801661206874974,5.3718090113481365,-4.9975569481175395,5.325082671723439,1.28538387721884,3.0,0.4822535244715577,3.851495232360039,1.274599629967555,1.732314373417778,-3.325964543598329,1.159752291089824,1.7518571184801757
HOF ITEM
22.62419491788096
2.535570923468957,0.02200278319521856,2.801661206874974,5.3718090113481365,-4.9975569481175395,5.325082671723439,1.28538387721884,3.0,0.4822535244715577,3.851495232360039,1.274599629967555,1.732314373417778,-3.325964543598329,1.159752291089824,1.7135231537013476
seed 365
Initial fitness values: [np.float64(31.77276318386854), np.float64(29.924377065182085), np.float64(27.91292108738016), np.float64(27.027496627965224), np.float64(26.21299147624432), np.float64(25.421663441781057), np.float64(24.465277583194535), np.float64(23.858957629279725), np.float64(23.184845549297222), np.float64(23.149867398441327)]
Final fitness values: [np.float64(22.167272691003298), np.float64(22.165549127788882), np.float64(22.164259390569054), np.float64(22.163713821790164), np.float64(22.127440695409778), np.float64(22.123809385759746), np.float64(22.120307387453565), np.float64(22.120307387453565), np.float64(22.120307387453565), np.float64(22.120307387453565)]
HOF ITEM
22.120307387453565
0.04019797388857664,1.0633395854158858,1.0466506748569573,-5.646657669646329,-4.100772897228358,1.673958991759518,0.6741927927355866,2.81125698573124,6.162487389866322,6.018449359139225,0.0,0.9530485272708528,-0.02263103672487525,2.484072432811223,0.8969130301852637
HOF ITEM
22.121274158992605
0.04019797388857664,1.0633395854158858,1.0466506748569573,-5.646657669646329,-4.100772897228358,1.673958991759518,0.6741927927355866,2.81125698573124,6.165187964550988,6.018449359139225,0.0,0.9530485272708528,-0.02263103672487525,2.484072432811223,0.8969130301852637
HOF ITEM
22.122842619823597
0.04019797388857664,1.0633395854158858,1.0466506748569573,-5.646657669646329,-4.100772897228358,1.673958991759518,0.6741927927355866,2.81125698573124,6.162487389866322,6.018449359139225,0.0,0.9530485272708528,-0.02263103672487525,2.2198883788702726,0.8969130301852637
HOF ITEM
22.123087787586343
0.04019797388857664,1.0633395854158858,1.0466506748569573,-5.646657669646329,-4.100772897228358,1.717033358229572,0.6741927927355866,2.81125698573124,6.165187964550988,6.018449359139225,0.0,0.9530485272708528,-0.02263103672487525,2.484072432811223,0.8969130301852637
HOF ITEM
22.12342551550109
0.04019797388857664,1.0633395854158858,1.0466506748569573,-5.646657669646329,-4.100772897228358,1.673958991759518,0.6741927927355866,2.81125698573124,6.162487389866322,6.018449359139225,0.0,0.9530485272708528,-0.02263103672487525,2.1661835340459072,0.8969130301852637
seed 366
Initial fitness values: [np.float64(31.057798792935525), np.float64(28.980963563864574), np.float64(27.02632088614203), np.float64(26.884771855671218), np.float64(26.711066428586793), np.float64(26.138200837392095), np.float64(25.692937174093917), np.float64(25.280189517114493), np.float64(24.389002129136177), np.float64(23.493662065680212)]
Final fitness values: [np.float64(22.051236308829463), np.float64(22.051236308829463), np.float64(22.051236308829463), np.float64(22.051236308829463), np.float64(22.051236308829463), np.float64(22.051236308829463), np.float64(22.051202251394663), np.float64(22.051202251394663), np.float64(22.051202251394663), np.float64(22.051202251394663)]
HOF ITEM
22.051202251394663
-2.55608401009827,1.5494838829628885,-3.715404927829758,-5.0722246940354685,0.9219187227471909,-1.2877474458194507,-1.2814179642479455,2.8233364640752163,5.524448797112156,4.553372398042033,2.1674475206134383,5.45784445840629,4.460138513156985,2.337252009877048,4.100582238887202
HOF ITEM
22.051202251394663
-2.55608401009827,1.5494838829628885,-3.715404927829758,-5.0722246940354685,0.9219187227471909,-1.2877474458194507,-1.2814179642479455,2.8233364640752163,5.524448797112156,4.553372398042033,2.122477079871821,5.45784445840629,4.304106263507588,2.337252009877048,4.100582238887202
HOF ITEM
22.051202251394663
-2.55608401009827,1.5494838829628885,-3.715404927829758,-5.0722246940354685,0.9219187227471909,-1.2877474458194507,-1.2814179642479455,2.8233364640752163,5.524448797112156,4.553372398042033,2.1674475206134383,5.811763706248128,4.460138513156985,2.337252009877048,4.100582238887202
HOF ITEM
22.051202251394663
-2.55608401009827,1.5494838829628885,-3.715404927829758,-5.0722246940354685,0.9219187227471909,-1.2877474458194507,-1.2814179642479455,2.8233364640752163,5.524448797112156,4.553372398042033,2.1674475206134383,5.45784445840629,4.304106263507588,2.337252009877048,4.100582238887202
HOF ITEM
22.051202251394663
-2.55608401009827,1.5494838829628885,-3.715404927829758,-5.0722246940354685,0.9219187227471909,-1.2877474458194507,-1.2814179642479455,2.8233364640752163,5.524448797112156,4.553372398042033,2.122477079871821,5.45784445840629,4.438818360939187,2.337252009877048,4.100582238887202
seed 367
Initial fitness values: [np.float64(31.45536629849682), np.float64(31.45536629849682), np.float64(29.260379696732564), np.float64(28.453136925084998), np.float64(26.59965567211716), np.float64(26.437200446676492), np.float64(25.062823775480567), np.float64(25.062823775480567), np.float64(23.97374042403071), np.float64(23.910882350449416)]
Final fitness values: [np.float64(22.125412835546715), np.float64(22.125032288243), np.float64(22.1250311308187), np.float64(22.125031129038668), np.float64(22.125031129038668), np.float64(22.12448273922097), np.float64(22.12448273922097), np.float64(22.12448273922097), np.float64(22.12448273922097), np.float64(22.124482478289764)]
HOF ITEM
22.124482478289764
-0.7348267726063291,1.3048137851949813,-2.7503050779100375,-3.3290756516795543,2.4422439980703263,5.7893281355066115,0.2200080294273442,2.8600680649262804,5.201507054806428,6.618283935464586,1.2998089830559791,3.4554750438756567,-0.21581013101179894,2.5460623327786553,5.681905165168937
HOF ITEM
22.12448273922097
-0.7348267726063291,1.3048137851949813,-2.7503050779100375,-3.3290756516795543,2.4422439980703263,5.7893281355066115,0.2200080294273442,2.8600680649262804,5.201507054806428,6.618283935464586,1.2099664396994798,3.4554750438756567,-0.21581013101179894,2.5460623327786553,5.681905165168937
HOF ITEM
22.124539440331443
-0.7348267726063291,1.3048137851949813,-2.7503050779100375,-3.3290756516795543,2.4422439980703263,5.7893281355066115,0.2200080294273442,2.8600680649262804,5.201507054806428,6.618283935464586,1.2998089830559791,3.4554750438756567,-0.3803203596355906,2.881006030722109,5.9943326794704355
HOF ITEM
22.12454627571887
-0.7348267726063291,1.3048137851949813,-2.7503050779100375,-3.3290756516795543,2.4422439980703263,5.7893281355066115,0.2200080294273442,2.8600680649262804,5.201507054806428,6.618283935464586,1.2998089830559791,3.4554750438756567,-0.21581013101179894,2.5460623327786553,5.9943326794704355
HOF ITEM
22.1245465366502
-0.7348267726063291,1.3048137851949813,-2.7503050779100375,-3.3290756516795543,2.4422439980703263,5.7893281355066115,0.2200080294273442,2.8600680649262804,5.201507054806428,6.618283935464586,1.2099664396994798,3.4554750438756567,-0.21581013101179894,2.5460623327786553,5.9943326794704355
seed 368
Initial fitness values: [np.float64(31.27742822236757), np.float64(30.98458516904333), np.float64(29.27526238547667), np.float64(28.61893560475344), np.float64(27.36787373128209), np.float64(27.075729100100606), np.float64(26.928444175005772), np.float64(26.924359850925473), np.float64(26.887986955658512), np.float64(26.877901327323148)]
Final fitness values: [np.float64(25.9334500293579), np.float64(25.924988136671896), np.float64(25.894723980417908), np.float64(25.894723980417908), np.float64(25.879159423439283), np.float64(25.879159423439283), np.float64(25.879159423439283), np.float64(25.874842881711675), np.float64(25.874288411914176), np.float64(25.86839138697305)]
HOF ITEM
25.86839138697305
6.572452433153098,-1.1538687124222355,-5.625412735332741,-0.9880107059565623,-6.12201981554563,2.8315149006066993,2.5786816211446904,0.9266756807061606,3.3989502519680226,3.4639889711546856,0.41417421556531514,3.0337259739545144,-6.6947712240247546,1.4893437395565974,1.7590927623989707
HOF ITEM
25.868912302908754
6.545433772688972,-1.1538687124222355,-5.625412735332741,-0.9880107059565623,-6.12201981554563,2.8315149006066993,2.5786816211446904,0.9266756807061606,3.3989502519680226,3.4639889711546856,0.41417421556531514,3.0337259739545144,-6.6947712240247546,1.4893437395565974,1.5952321114648642
HOF ITEM
25.874288411914176
6.545433772688972,-1.1538687124222355,-5.439627677329961,-1.2278919422544023,-6.319221139225947,2.842449350305667,2.5786816211446904,0.9266756807061606,3.3989502519680226,3.4639889711546856,0.41417421556531514,3.0337259739545144,-6.557078832077132,2.0800962875900626,1.5952321114648642
HOF ITEM
25.874842881711675
6.572452433153098,-1.1676404700407166,-5.625412735332741,-0.9880107059565623,-6.12201981554563,2.8315149006066993,2.5786816211446904,0.9266756807061606,3.3989502519680226,3.4639889711546856,0.41417421556531514,3.0337259739545144,-6.6947712240247546,1.4893437395565974,1.7590927623989707
HOF ITEM
25.874842882283787
6.572452433153098,-1.1676404700407166,-5.625412735332741,-0.9880107059565623,-6.12201981554563,2.8315149006066993,2.5786816211446904,0.9266756807061606,3.3989502519680226,3.4639889711546856,0.41417421556531514,3.0337259739545144,-6.557078832077132,2.0800962875900626,1.7590927623989707
seed 369
Initial fitness values: [np.float64(28.53808066277591), np.float64(28.53808066277591), np.float64(28.509893685743023), np.float64(27.66932099581136), np.float64(27.66932099581136), np.float64(27.636176010115694), np.float64(27.503235956563884), np.float64(27.503235956563884), np.float64(27.493652185966983), np.float64(27.47638655174218)]
Final fitness values: [np.float64(22.88072800646789), np.float64(22.755161727171576), np.float64(22.480041930063713), np.float64(21.59381183402136), np.float64(21.59381183402136), np.float64(21.58242578541673), np.float64(21.488258897744174), np.float64(21.421105174300617), np.float64(21.421105174300617), np.float64(21.421105174300617)]
HOF ITEM
21.421105174300617
-5.140682591597785,1.595830414950409,1.3379697843954779,-4.30787638675093,-3.0599224478244635,1.4484955658697427,-3.8097912134110343,2.183597173719868,5.511797292771565,1.9517581692177697,0.13005303669412793,4.308719486240183,3.207760115024481,0.5157051517287153,7.0
HOF ITEM
21.45665061396778
-5.140682591597785,1.595830414950409,1.6995823425096643,-4.334978857170969,-3.0599224478244635,1.238359629307574,-3.8097912134110343,2.183597173719868,5.911311878787825,2.4623878887529096,0.13487528126916917,4.978656015094972,2.9276851448407593,0.04095614662611102,7.0
HOF ITEM
21.488258897744174
-5.140682591597785,1.595830414950409,1.6995823425096643,-4.30787638675093,-3.0599224478244635,1.4484955658697427,-3.8097912134110343,2.183597173719868,5.911311878787825,2.4623878887529096,0.02230241303428681,4.308719486240183,3.3828438472171407,0.32399275432080754,7.0
HOF ITEM
21.49654862800076
-5.140682591597785,1.595830414950409,1.6995823425096643,-4.30787638675093,-3.0599224478244635,1.4484955658697427,-3.8097912134110343,2.183597173719868,5.911311878787825,2.4623878887529096,0.02230241303428681,4.308719486240183,3.3828438472171407,0.36104260136659744,6.535472890204684
HOF ITEM
21.50550077506043
-5.140682591597785,1.595830414950409,1.6995823425096643,-4.30787638675093,-3.0599224478244635,1.5633622063198926,-3.8097912134110343,2.183597173719868,5.911311878787825,2.4623878887529096,0.02230241303428681,4.308719486240183,3.3828438472171407,0.32399275432080754,7.0
best parameter set
fitness 21.37757721128313 seed 369
-5.142167184453926,1.5920745268978913,1.336205942961514,-4.305961236805076,-3.0599643509930075,1.4485154509718678,-3.8082915199679928,2.183676792625299,5.51360704665674,1.9520163856534978,0.1317701471640022,4.308488716099908,3.207760413695972,0.5157064299953689,6.99999998174539
