seeds are [260 261 262 263 264 265 266 267 268 269]
seed 260
Initial fitness values: [np.float64(28.278748390580766), np.float64(28.278748390580766), np.float64(27.940182164140968), np.float64(27.82342152320813), np.float64(27.68416807152692), np.float64(27.230442256476568), np.float64(27.230442256476568), np.float64(27.13991981178144), np.float64(27.134234059845), np.float64(26.966682793765738)]
Final fitness values: [np.float64(21.80868981385396), np.float64(21.80868981385396), np.float64(21.80868981385396), np.float64(21.80868981385396), np.float64(21.80868981385396), np.float64(21.80868981385396), np.float64(21.80868981385396), np.float64(21.80868981385396), np.float64(21.797399431039615), np.float64(21.7954713508191)]
HOF ITEM
21.7954713508191
-4.3094631041408045,1.5687764625851637,3.8516069322606294,0.7008143442273924,-5.465171244168681,-0.10015668320030702,-2.991584528955916,2.429207631245186,2.717826812514671,5.98053284626146,1.8437674310421337,0.5910287210037056,-6.112978070329776,2.0788883465180765,4.446083727464073
HOF ITEM
21.7954713508191
-4.3094631041408045,1.5687764625851637,3.8516069322606294,0.7008143442273924,-5.465171244168681,-0.10015668320030702,-2.991584528955916,2.429207631245186,2.717826812514671,5.98053284626146,1.8437674310421337,0.13440758655931945,-6.112978070329776,2.0788883465180765,4.446083727464073
HOF ITEM
21.797399431039615
-4.3094631041408045,1.5687764625851637,3.8516069322606294,0.7008143442273924,-5.588379867923525,-0.10015668320030702,-2.991584528955916,2.429207631245186,2.717826812514671,5.98053284626146,1.8437674310421337,0.5910287210037056,-6.112978070329776,2.0788883465180765,4.446083727464073
HOF ITEM
21.80861142980656
-4.3094631041408045,1.5687764625851637,3.8516069322606294,0.7008143442273924,-5.442643153585944,-0.10015668320030702,-2.991584528955916,2.429207631245186,2.717826812514671,5.60365358570575,1.8437674310421337,0.04433211500088298,-6.086698234069171,1.9903139662459433,4.563323615139664
HOF ITEM
21.80868981385396
-4.3094631041408045,1.5687764625851637,3.8516069322606294,0.7008143442273924,-5.465171244168681,-0.10015668320030702,-2.991584528955916,2.429207631245186,2.717826812514671,5.98053284626146,1.4015891405470124,0.13440758655931945,-6.112978070329776,1.9903139662459433,4.563323615139664
seed 261
Initial fitness values: [np.float64(33.926550528622926), np.float64(29.961134640951148), np.float64(29.681070148822837), np.float64(28.430845197638234), np.float64(27.312924908612732), np.float64(27.312924908612732), np.float64(26.999127708073438), np.float64(26.5511446579046), np.float64(26.549921404151927), np.float64(25.9201838345096)]
Final fitness values: [np.float64(22.135503720648796), np.float64(22.135503720648796), np.float64(22.135503720648796), np.float64(22.135106813331735), np.float64(22.135105622563024), np.float64(22.135105622563024), np.float64(22.135105599935272), np.float64(22.135105599935272), np.float64(22.135105599935272), np.float64(22.135105599935272)]
HOF ITEM
22.135105599935272
-1.9028775402502722,1.2951055374324656,-4.223303806288664,5.786872800814024,1.0303711802029194,-2.0071663243757945,-0.6643639228383865,1.7549522195793286,0.8481558394527517,4.476964752045567,0.35171736536621545,5.831737149439658,4.255710192091984,1.1088978393705031,1.5564030457873117
HOF ITEM
22.13510560261836
-1.9028775402502722,1.2951055374324656,-4.223303806288664,5.786872800814024,1.0303711802029194,-2.0071663243757945,-0.6643639228383865,1.7549522195793286,0.8481558394527517,4.476964752045567,0.35171736536621545,5.831737149439658,4.255710192091984,1.1088978393705031,1.6344799460613706
HOF ITEM
22.135105622563024
-1.9028775402502722,1.2951055374324656,-4.223303806288664,5.786872800814024,1.0303711802029194,-2.0071663243757945,-0.6643639228383865,1.7549522195793286,0.8481558394527517,4.476964752045567,0.35171736536621545,5.831737149439658,4.049573288078821,1.1088978393705031,1.5564030457873117
HOF ITEM
22.13510562757467
-1.9028775402502722,1.2951055374324656,-4.223303806288664,5.786872800814024,1.0303711802029194,-2.0071663243757945,-0.6643639228383865,1.7549522195793286,0.8481558394527517,4.476964752045567,0.35171736536621545,5.831737149439658,4.049573288078821,1.1088978393705031,1.6344799460613706
HOF ITEM
22.135106344933504
-1.9028775402502722,1.2951055374324656,-4.223303806288664,5.786872800814024,1.0303711802029194,-2.0071663243757945,-0.6643639228383865,1.7549522195793286,0.8481558394527517,4.476964752045567,0.35171736536621545,5.831737149439658,4.255710192091984,0.834206265676348,1.5564030457873117
seed 262
Initial fitness values: [np.float64(31.54160887647648), np.float64(30.498307581114386), np.float64(29.121664053966885), np.float64(27.331810634893227), np.float64(26.769262848332556), np.float64(24.54226722976162), np.float64(24.54226722976162), np.float64(24.213761778578384), np.float64(22.668659507030924), np.float64(22.65296479514622)]
Final fitness values: [np.float64(21.964800122203), np.float64(21.96479638829605), np.float64(21.964784772519966), np.float64(21.964784772519966), np.float64(21.964163979823805), np.float64(21.964163979823805), np.float64(21.964158542816367), np.float64(21.964141274457244), np.float64(21.963664268295904), np.float64(21.96358423496531)]
HOF ITEM
21.96358423496531
-5.337970696090638,1.5810189155506287,-6.769869754447206,-2.4092730341977635,1.4012707814103962,3.2587221932488615,-4.01603088006724,2.1291724710133697,3.3430813552466443,6.064406371685832,1.7844829997161966,6.064871891091495,-3.7983558411945793,1.0309069181468409,0.0
HOF ITEM
21.963664268295904
-5.337970696090638,1.5810189155506287,-6.769869754447206,-2.4092730341977635,1.4012707814103962,3.726239552518027,-4.01603088006724,2.1291724710133697,3.3430813552466443,6.064406371685832,1.523835721014065,6.048155858614956,-3.563849037022827,0.9321473676815573,0.0
HOF ITEM
21.963664268295904
-5.337970696090638,1.5810189155506287,-6.769869754447206,-2.4092730341977635,1.4012707814103962,3.726239552518027,-4.01603088006724,2.1291724710133697,3.3430813552466443,6.064406371685832,1.7844829997161966,6.064871891091495,-3.7983558411945793,1.0309069181468409,0.0
HOF ITEM
21.96412646374477
-5.337970696090638,1.5810189155506287,-6.769869754447206,-2.4092730341977635,1.4012707814103962,3.194467762235816,-4.01603088006724,2.1291724710133697,3.34052068355368,6.064406371685832,1.523835721014065,6.048155858614956,-3.8982659818574033,0.9321473676815573,0.3286618437327197
HOF ITEM
21.96413844367182
-5.337970696090638,1.5810189155506287,-6.769869754447206,-2.4092730341977635,1.4012707814103962,3.0642076328452075,-4.01603088006724,2.1291724710133697,3.34052068355368,6.064406371685832,1.523835721014065,6.048155858614956,-3.6821211946836736,0.9321473676815573,0.3286618437327197
seed 263
Initial fitness values: [np.float64(30.24056189250483), np.float64(27.89690767624273), np.float64(27.085983187323134), np.float64(27.085983187323134), np.float64(27.043266326395326), np.float64(26.97945430043389), np.float64(26.069700588496588), np.float64(26.069700588496588), np.float64(25.59155747796667), np.float64(25.524283571603043)]
Final fitness values: [np.float64(24.241706541602554), np.float64(24.241706541602554), np.float64(24.241706541602554), np.float64(24.241706541602554), np.float64(24.241706541602554), np.float64(24.241706541602554), np.float64(24.241706541602554), np.float64(24.241706541602554), np.float64(24.241706541602554), np.float64(24.241706541602554)]
HOF ITEM
24.241706541602554
2.2493975839367124,0.25438438905827115,-2.154744680516414,-0.5396410648527391,-6.010456555469923,3.9498867135021314,2.5768440880009873,1.4065472463672004,4.028292017435879,1.8033988928867466,2.873592287533463,1.4601313354824248,-5.495262272680124,3.0,0.047236343395524516
HOF ITEM
24.241706541602554
2.2493975839367124,0.25438438905827115,-2.154744680516414,-0.5396410648527391,-6.010456555469923,3.9498867135021314,2.5768440880009873,1.4065472463672004,4.028292017435879,1.8033988928867466,2.873592287533463,1.4601313354824248,-5.698504952579946,2.8246248906500164,0.047236343395524516
HOF ITEM
24.241706541602554
2.2493975839367124,0.25438438905827115,-2.154744680516414,-0.5396410648527391,-6.010456555469923,3.9498867135021314,2.5768440880009873,1.4065472463672004,4.028292017435879,1.8033988928867466,2.873592287533463,1.4601313354824248,-5.698504952579946,3.0,0.047236343395524516
HOF ITEM
24.241706541602554
2.2493975839367124,0.25438438905827115,-2.154744680516414,-0.5396410648527391,-6.010456555469923,3.9498867135021314,2.5768440880009873,1.4065472463672004,4.028292017435879,1.8033988928867466,2.873592287533463,1.4601313354824248,-5.495262272680124,2.8246248906500164,0.047236343395524516
HOF ITEM
24.241708126893403
2.2493975839367124,0.25438438905827115,-2.154744680516414,-0.5396410648527391,-6.010456555469923,3.9017970475618116,2.5768440880009873,1.4065472463672004,4.028292017435879,1.8033988928867466,2.873592287533463,1.4601313354824248,-5.698504952579946,2.8246248906500164,0.047236343395524516
seed 264
Initial fitness values: [np.float64(28.653401911330853), np.float64(26.232358624857852), np.float64(26.232358624857852), np.float64(26.087428185408825), np.float64(25.41456242024112), np.float64(24.689604032771303), np.float64(22.81219769087352), np.float64(22.81219769087352), np.float64(22.81219769087352), np.float64(22.811061200127526)]
Final fitness values: [np.float64(22.07163389215657), np.float64(22.07163389215657), np.float64(22.07163389215657), np.float64(22.07163389215657), np.float64(22.070637878169986), np.float64(22.070637878169986), np.float64(22.070637878169986), np.float64(22.070637878169986), np.float64(22.070637878169986), np.float64(22.070637878169986)]
HOF ITEM
22.070637878169986
-0.1919467261348283,1.1557328258986725,2.54691244302721,-4.715870013141893,-4.972437701041887,-2.2309261223635595,0.5613564164293092,2.9353313230766465,6.769063072927197,5.06297575796236,2.8316347547312826,5.881772813716728,6.755057067765025,2.22834552593,3.3797387906856997
HOF ITEM
22.070637878169986
-0.1919467261348283,1.1557328258986725,2.54691244302721,-4.715870013141893,-4.972437701041887,-2.2309261223635595,0.5613564164293092,2.9353313230766465,6.769063072927197,5.4584123023296085,2.8204333123613377,5.268567519050839,7.0,2.275157307218444,3.658309733679106
HOF ITEM
22.070637878169986
-0.1919467261348283,1.1557328258986725,2.54691244302721,-4.715870013141893,-4.972437701041887,-2.2309261223635595,0.5613564164293092,2.9353313230766465,6.769063072927197,5.06297575796236,2.8204333123613377,5.685966141257765,7.0,2.2794932011723126,3.2318150945086375
HOF ITEM
22.070637878169986
-0.1919467261348283,1.1557328258986725,2.54691244302721,-4.715870013141893,-4.972437701041887,-2.2309261223635595,0.5613564164293092,2.9353313230766465,6.769063072927197,5.4584123023296085,2.8204333123613377,5.268567519050839,6.846118830210193,2.275157307218444,3.658309733679106
HOF ITEM
22.070637878169986
-0.1919467261348283,1.1557328258986725,2.54691244302721,-4.715870013141893,-4.972437701041887,-2.2309261223635595,0.5613564164293092,2.9353313230766465,6.769063072927197,5.06297575796236,2.8204333123613377,5.881772813716728,7.0,2.275157307218444,3.658309733679106
seed 265
Initial fitness values: [np.float64(29.529717161030213), np.float64(29.464532447561773), np.float64(29.28641042030617), np.float64(27.595162765206968), np.float64(27.481944808112047), np.float64(26.4173099181427), np.float64(25.37603300862768), np.float64(24.651760705659573), np.float64(24.12640653275362), np.float64(23.02508693139949)]
Final fitness values: [np.float64(21.843449772944144), np.float64(21.843448171452227), np.float64(21.84344624345783), np.float64(21.84344440617654), np.float64(21.843439950048403), np.float64(21.843439950048403), np.float64(21.843439950048403), np.float64(21.84006939477356), np.float64(21.84006939477356), np.float64(21.84000756200923)]
HOF ITEM
21.84000756200923
-4.481060409953614,1.5858907549645902,-6.3316143036056225,7.0,-5.498807509266738,-2.554846801644319,-3.159566019929411,2.370258822997709,0.45478009737985065,0.16901151038735723,2.248114884433334,4.834212958023938,0.8209564836940031,2.375021846952569,1.0843713455599433
HOF ITEM
21.840008851590976
-4.481060409953614,1.5858907549645902,-6.067036670900219,7.0,-5.498807509266738,-2.745452639314818,-3.159566019929411,2.370258822997709,0.45478009737985065,-0.01252178733457176,2.5636328599413196,4.6950647778346015,1.4826117470242168,2.375021846952569,1.0843713455599433
HOF ITEM
21.840010413051797
-4.481060409953614,1.5858907549645902,-6.3316143036056225,7.0,-5.23148011748525,-2.745452639314818,-3.159566019929411,2.370258822997709,0.45478009737985065,0.16901151038735723,2.248114884433334,4.834212958023938,0.8209564836940031,2.375021846952569,1.0843713455599433
HOF ITEM
21.840069035839544
-4.481060409953614,1.5858907549645902,-6.3316143036056225,7.0,-5.23148011748525,-2.745452639314818,-3.159566019929411,2.3705594969693227,0.45478009737985065,0.16901151038735723,2.248114884433334,4.834212958023938,0.8209564836940031,2.375021846952569,1.0843713455599433
HOF ITEM
21.84006939477356
-4.481060409953614,1.5858907549645902,-6.3316143036056225,7.0,-5.23148011748525,-3.4932134557613925,-3.159566019929411,2.3705594969693227,0.45478009737985065,0.16901151038735723,2.248114884433334,4.834212958023938,0.8209564836940031,2.375021846952569,1.9266867864134287
seed 266
Initial fitness values: [np.float64(30.05560166706019), np.float64(29.726412009350447), np.float64(27.45264890474091), np.float64(27.45264890474091), np.float64(27.138702952633267), np.float64(27.135038422872665), np.float64(27.12566782540691), np.float64(27.12566782540691), np.float64(27.083687054689797), np.float64(26.961562538464623)]
Final fitness values: [np.float64(21.782764976955605), np.float64(21.779756288855204), np.float64(21.779756288855204), np.float64(21.7430970354082), np.float64(21.7430970354082), np.float64(21.7290440995378), np.float64(21.72903628613236), np.float64(21.72845666376141), np.float64(21.702932876085743), np.float64(21.702932876085743)]
HOF ITEM
21.702932876085743
-3.479968039976921,1.5859201385144739,0.21783504386743396,4.89615720760085,3.8156861343228177,3.1161259747756693,-2.166821141662684,2.7204172347816273,0.5890197388541023,1.7602199572521628,1.5533449544836464,2.9365107221429754,-2.407856430373826,1.5031011930982294,5.171598254026167
HOF ITEM
21.716813344675657
-3.479968039976921,1.5859201385144739,0.21783504386743396,4.89615720760085,3.8156861343228177,3.1161259747756693,-2.166821141662684,2.7204172347816273,0.5890197388541023,1.7602199572521628,1.5533449544836464,2.8096771358472825,-2.126601130722378,1.5096510038742708,5.171598254026167
HOF ITEM
21.725411549742084
-3.479968039976921,1.5859201385144739,0.18737601482961383,4.89615720760085,3.8862739324965934,3.2099224051449204,-2.166821141662684,2.7204172347816273,0.5890197388541023,2.219627869592445,1.1883860281364222,2.6272782447076284,-2.126601130722378,1.5096510038742708,5.171598254026167
HOF ITEM
21.72845666376141
-3.479968039976921,1.5859201385144739,0.21783504386743396,4.89615720760085,3.8862739324965934,3.2099224051449204,-2.166821141662684,2.7204172347816273,0.5890197388541023,2.214608690134943,1.5533449544836464,2.8096771358472825,-2.126601130722378,1.5096510038742708,5.203667070355555
HOF ITEM
21.728458471971884
-3.479968039976921,1.5859201385144739,0.21783504386743396,4.89615720760085,3.8862739324965934,3.2099224051449204,-2.166821141662684,2.7204172347816273,0.5890197388541023,2.000510121822349,1.5533449544836464,2.8096771358472825,-2.126601130722378,1.5096510038742708,5.203667070355555
seed 267
Initial fitness values: [np.float64(28.008116222243633), np.float64(28.008116222243633), np.float64(27.435467257832173), np.float64(25.816027488056367), np.float64(25.015040808772017), np.float64(21.292980637617614), np.float64(21.292980637617614), np.float64(21.292979200383318), np.float64(20.98471782473263), np.float64(20.899362044961105)]
Final fitness values: [np.float64(20.09863426276993), np.float64(20.09863426276993), np.float64(20.09863426276993), np.float64(20.09863426276993), np.float64(20.098634251370665), np.float64(20.098634251370665), np.float64(20.0902869913079), np.float64(20.0902869913079), np.float64(20.090286963781182), np.float64(20.09028060825529)]
HOF ITEM
20.09028060825529
-3.2097323163219067,1.1685319033895376,-6.246409353027883,6.287582603351407,0.8976533483406646,1.1482029249063321,-2.0759928723306618,2.114903312396819,0.659377951562159,-5.9778732470757925,2.4905586436492073,0.20555775630797443,3.9973095402814107,1.765661949267715,5.827150497679089
HOF ITEM
20.090286963781182
-3.2097323163219067,1.1685319033895376,-6.9886025154266616,6.287582603351407,0.8976533483406646,1.1419468400447397,-2.0759928723306618,2.114903312396819,0.659377951562159,-5.992615843828847,2.4905586436492073,0.20555775630797443,3.9973095402814107,1.765661949267715,5.827150497679089
HOF ITEM
20.090286963781182
-3.2097323163219067,1.1685319033895376,-6.9886025154266616,6.287582603351407,0.8976533483406646,1.1419468400447397,-2.0759928723306618,2.114903312396819,0.659377951562159,-5.9778732470757925,2.4905586436492073,0.20555775630797443,3.9973095402814107,1.765661949267715,5.827150497679089
HOF ITEM
20.0902869913079
-3.2097323163219067,1.1685319033895376,-6.9886025154266616,6.287582603351407,0.8976533483406646,1.1482029249063321,-2.0759928723306618,2.114903312396819,0.659377951562159,-5.992615843828847,2.4905586436492073,0.20555775630797443,3.9973095402814107,1.765661949267715,5.827150497679089
HOF ITEM
20.0902869913079
-3.2097323163219067,1.1685319033895376,-6.9886025154266616,6.287582603351407,0.8976533483406646,1.1482029249063321,-2.0759928723306618,2.114903312396819,0.659377951562159,-5.9778732470757925,2.4905586436492073,0.20555775630797443,3.9973095402814107,1.765661949267715,5.827150497679089
seed 268
Initial fitness values: [np.float64(31.111444130564145), np.float64(28.662825223715927), np.float64(27.443577073417945), np.float64(26.51633756798525), np.float64(25.030273626702034), np.float64(23.712973732921874), np.float64(23.712973732921874), np.float64(23.712973732921874), np.float64(23.587062919808478), np.float64(23.33435549986225)]
Final fitness values: [np.float64(22.688264998125046), np.float64(22.688264998125046), np.float64(22.688264998125046), np.float64(22.688264998125046), np.float64(22.688264998125046), np.float64(22.688264998125046), np.float64(22.688264998125046), np.float64(22.688264998125046), np.float64(22.688264998125046), np.float64(22.688264998125046)]
HOF ITEM
22.688264998125046
-3.7587222361885138,1.5787318669100248,-3.2480687091040603,-3.4499437273709312,-2.344184333662646,0.8560426068510285,-1.7849916637386372,2.068825591400894,6.168612003884701,-1.9350240151603841,2.275483273601881,3.6865450585297346,0.8573063174460498,1.0199957781183264,4.598369122835478
HOF ITEM
22.68893754120595
-3.7587222361885138,1.5787318669100248,-3.2480687091040603,-3.4499437273709312,-2.344184333662646,0.8560426068510285,-1.7849916637386372,2.068825591400894,6.168612003884701,-1.9350240151603841,2.275483273601881,3.6865450585297346,0.8500520746345606,1.0199957781183264,4.39835596718167
HOF ITEM
22.689004864559628
-3.7587222361885138,1.5787318669100248,-3.2480687091040603,-3.4499437273709312,-2.344184333662646,0.8560426068510285,-1.7849916637386372,2.068825591400894,6.168612003884701,-1.9350240151603841,2.275483273601881,3.6865450585297346,0.8573063174460498,1.0199957781183264,4.39835596718167
HOF ITEM
22.691280450776205
-3.7587222361885138,1.5787318669100248,-3.2480687091040603,-3.4499437273709312,-2.344184333662646,0.8560426068510285,-1.7849916637386372,2.068825591400894,6.168612003884701,-1.9350240151603841,2.275483273601881,3.6865450585297346,0.8573063174460498,0.47100395442773846,4.598369122835478
HOF ITEM
22.69151042626826
-3.7587222361885138,1.5787318669100248,-3.2480687091040603,-3.4499437273709312,-2.344184333662646,0.8560426068510285,-1.7849916637386372,2.068825591400894,6.168612003884701,-1.9350240151603841,2.275483273601881,3.6865450585297346,0.8573063174460498,0.47100395442773846,4.39835596718167
seed 269
Initial fitness values: [np.float64(30.20586389593242), np.float64(30.188792455015676), np.float64(27.84432705121254), np.float64(27.761024848322446), np.float64(27.28292064431027), np.float64(27.28292064431027), np.float64(27.28292064431027), np.float64(27.201048696504724), np.float64(27.201048696504724), np.float64(27.201048696504724)]
Final fitness values: [np.float64(22.04676289652995), np.float64(22.04676289652995), np.float64(22.04676289652995), np.float64(22.04676289652995), np.float64(22.04676289652995), np.float64(22.04676289652995), np.float64(22.04676289652995), np.float64(22.04676289652995), np.float64(22.04676289652995), np.float64(22.04676289652995)]
HOF ITEM
22.04676289652995
-0.9883082186683853,1.3671809536234294,2.081521802139486,0.7775761656372642,6.053527966104164,2.197513398975333,0.04815304930658583,2.9065429418121917,5.365440554965852,6.975444660680898,1.7326998907979736,3.345280476461454,6.268131116190868,2.7935015079317114,3.7335887545188315
HOF ITEM
22.04676289652995
-0.9883082186683853,1.3671809536234294,2.081521802139486,0.7775761656372642,6.053527966104164,2.197513398975333,0.04815304930658583,2.9065429418121917,5.365440554965852,6.975444660680898,1.7326998907979736,3.345280476461454,6.268131116190868,2.396258467094079,3.7335887545188315
HOF ITEM
22.04676289652995
-0.9883082186683853,1.3671809536234294,2.081521802139486,0.7775761656372642,6.053527966104164,2.197513398975333,0.04815304930658583,2.9065429418121917,5.365440554965852,6.962493393502447,2.156213434664868,2.7643689666244473,6.268131116190868,2.396258467094079,3.7335887545188315
HOF ITEM
22.04676289652995
-0.9883082186683853,1.3671809536234294,2.081521802139486,0.7775761656372642,6.053527966104164,2.197513398975333,0.04815304930658583,2.9065429418121917,5.365440554965852,6.962493393502447,2.156213434664868,2.7778158734573033,6.268131116190868,2.396258467094079,3.7335887545188315
HOF ITEM
22.04676289652995
-0.9883082186683853,1.3671809536234294,2.081521802139486,0.7775761656372642,6.053527966104164,2.197513398975333,0.04815304930658583,2.9065429418121917,5.365440554965852,6.975444660680898,1.7326998907979736,3.345280476461454,6.447538315465082,2.7935015079317114,3.7335887545188315
best parameter set
fitness 20.08703622620318 seed 267
-3.2093251679876946,1.168423823602784,-6.246409350833164,6.287580612653242,0.8976553394462516,1.1482029235924607,-2.0764212524081946,2.114790173623967,0.6592904780416574,-5.9778732470757925,2.4905586436492073,0.20553048508998942,3.9973095402814107,1.765661949267715,5.827150497679089
