seeds are [220 221 222 223 224 225 226 227 228 229]
seed 220
Initial fitness values: [np.float64(58.13134084401496), np.float64(58.13134084401496), np.float64(56.26484496473046), np.float64(55.99670826126323), np.float64(55.45698326821256), np.float64(54.61647642433372), np.float64(53.93855609628451), np.float64(53.93855609628451), np.float64(53.929782230443266), np.float64(53.8109305298266)]
Final fitness values: [np.float64(48.17964411499052), np.float64(48.178892646833205), np.float64(48.1524491900295), np.float64(48.14533213468793), np.float64(48.108063765111), np.float64(48.108063765111), np.float64(48.108063765111), np.float64(48.108063765111), np.float64(48.10064881587036), np.float64(48.10064881587036)]
HOF ITEM
48.10064881587036
4.141555642950692,-0.9079072811267171,0.9950437030417332,5.4753308694450205,4.201378942804634,0.23001810471646994,2.937280307637991,1.4000012416894765,5.729271302574435,2.2976283985656236,2.3342274638436846,5.144920979325599,4.925854306859737,1.2678352262872812,0.6967962287415573
HOF ITEM
48.108063765111
4.141555642950692,-0.835863242132988,0.9950437030417332,5.471345301391656,4.201378942804634,0.15593523950977384,2.937280307637991,1.4000012416894765,5.729271302574435,2.2976283985656236,2.3342274638436846,5.144920979325599,5.182861199654871,1.2678352262872812,0.6967962287415573
HOF ITEM
48.108098488272674
4.141555642950692,-0.835863242132988,0.9950437030417332,5.471345301391656,4.201378942804634,0.15593523950977384,2.937280307637991,1.4000012416894765,5.729271302574435,2.2976283985656236,2.3342274638436846,5.144920979325599,5.008373352428884,1.2678352262872812,0.6967962287415573
HOF ITEM
48.10812926322282
4.141555642950692,-0.835863242132988,0.9950437030417332,5.471345301391656,4.201378942804634,0.15593523950977384,2.937280307637991,1.4000012416894765,5.729271302574435,2.2976283985656236,2.3342274638436846,5.144920979325599,5.182861199654871,1.1860331836740283,0.6967962287415573
HOF ITEM
48.10821088063517
4.141555642950692,-0.835863242132988,0.9950437030417332,5.471345301391656,4.201378942804634,0.15593523950977384,2.937280307637991,1.4000012416894765,5.729271302574435,2.2976283985656236,2.3342274638436846,5.144920979325599,5.008373352428884,1.1860331836740283,0.6967962287415573
seed 221
Initial fitness values: [np.float64(58.87706658655328), np.float64(58.00036971061125), np.float64(56.88594826239584), np.float64(56.88594826239584), np.float64(55.323322493123456), np.float64(53.877670820646), np.float64(53.60662171115883), np.float64(52.32960657815991), np.float64(52.05713342086988), np.float64(51.854346292320855)]
Final fitness values: [np.float64(46.33463452021194), np.float64(46.33463452021194), np.float64(46.33463452021194), np.float64(46.33463452021194), np.float64(46.33463452021194), np.float64(46.33463452021194), np.float64(46.33386678292454), np.float64(46.33386678292454), np.float64(46.33386678292454), np.float64(46.33386678292454)]
HOF ITEM
46.33386678292454
5.917704300831823,-0.9505474843789551,-1.397058427819261,-6.492004697471513,-6.533473506292649,-6.934944121962956,1.3013408502448676,1.9019441341980377,5.726539392827375,7.0,2.6385425932683546,0.5973592600126503,7.0,0.0741778034695571,4.517261264534188
HOF ITEM
46.33386678292454
5.917704300831823,-0.9505474843789551,-1.397058427819261,-6.492004697471513,-6.533473506292649,-6.934944121962956,1.3013408502448676,1.9019441341980377,5.726539392827375,6.999814127566705,2.6385425932683546,0.5973592600126503,7.0,0.0741778034695571,4.517261264534188
HOF ITEM
46.33463452021194
5.917704300831823,-0.9505474843789551,-1.397058427819261,-6.492004697471513,-6.533473506292649,-6.934944121962956,1.3013408502448676,1.8861563873624982,5.726539392827375,7.0,2.6385425932683546,0.5973592600126503,7.0,0.0741778034695571,4.517261264534188
HOF ITEM
46.33463452021194
5.917704300831823,-0.9505474843789551,-1.397058427819261,-6.492004697471513,-6.533473506292649,-6.934944121962956,1.3013408502448676,1.8861563873624982,5.726539392827375,6.999814127566705,2.6385425932683546,0.5973592600126503,7.0,0.0741778034695571,4.517261264534188
HOF ITEM
46.36804857288021
5.856208706710588,-0.9505474843789551,-1.397058427819261,-6.785859392749535,-6.533473506292649,-6.934944121962956,1.3013408502448676,1.8861563873624982,6.023199165160383,6.852798644923644,2.6924313612879454,0.5973592600126503,7.0,0.0741778034695571,4.5017246690550055
seed 222
Initial fitness values: [np.float64(64.53433127858186), np.float64(64.53433127858186), np.float64(57.90826866099179), np.float64(57.71567750282494), np.float64(55.25369226662914), np.float64(55.25369226662914), np.float64(54.16381591933121), np.float64(54.16381591933121), np.float64(53.73474764430182), np.float64(53.693392095874245)]
Final fitness values: [np.float64(43.56131598669296), np.float64(43.56131598669296), np.float64(43.56131598669289), np.float64(43.561315481423826), np.float64(43.561315481423826), np.float64(43.55959179584221), np.float64(43.53923053546205), np.float64(43.53923053546205), np.float64(43.53923006652583), np.float64(43.53923006652583)]
HOF ITEM
43.53923006652583
-4.513256922323707,1.5864137712086273,-7.0,4.652720492684234,3.471568861522547,5.813797137579918,-3.1900470992685794,2.379177652808237,0.5621375427841396,3.6858721291889225,3.0,6.278855625269614,2.528572442505525,0.94492927935576,0.49984624726768023
HOF ITEM
43.53923006652655
-4.513256922323707,1.5864137712086273,-7.0,4.652720492684234,3.471568861522547,5.813797137579918,-3.1900470992685794,2.379177652808237,0.5621375427841396,3.6858721291889225,3.0,6.278855625269614,2.528572442505525,0.94492927935576,0.621634114114289
HOF ITEM
43.53923006653219
-4.513256922323707,1.5864137712086273,-7.0,4.652720492684234,3.471568861522547,5.813797137579918,-3.1900470992685794,2.379177652808237,0.5621375427841396,3.7009043112295466,2.938103573425959,6.213131953367155,1.977366703281872,0.94492927935576,0.49984624726768023
HOF ITEM
43.53923053546203
-4.513256922323707,1.5864137712086273,-7.0,4.652720492684234,3.471568861522547,5.7398183781017735,-3.1900470992685794,2.379177652808237,0.5621375427841396,3.6858721291889225,2.938103573425959,6.213131953367155,2.615548439092584,1.4234821258612294,0.49984624726768023
HOF ITEM
43.53923053546203
-4.513256922323707,1.5864137712086273,-7.0,4.652720492684234,3.471568861522547,5.7398183781017735,-3.1900470992685794,2.379177652808237,0.5621375427841396,3.6858721291889225,3.0,6.278855625269614,2.1684857107791666,1.4234821258612294,0.621634114114289
seed 223
Initial fitness values: [np.float64(56.24593725489595), np.float64(55.152371331444236), np.float64(51.85431893936218), np.float64(51.85431893936218), np.float64(50.075144750086395), np.float64(49.959083163936754), np.float64(48.302432846243036), np.float64(48.302432846243036), np.float64(46.8028586288486), np.float64(46.802858657222785)]
Final fitness values: [np.float64(43.92730019413787), np.float64(43.92730019413787), np.float64(43.92095012934758), np.float64(43.908983349557246), np.float64(43.90575595808785), np.float64(43.90575595808785), np.float64(43.904303618745395), np.float64(43.90357539154319), np.float64(43.90357539154319), np.float64(43.90315113331193)]
HOF ITEM
43.90315113331193
-0.9970448850620387,1.3622063006485976,5.855250178136771,3.799355223510653,-2.875121378908615,0.5452934780639418,0.03971365581599091,2.8484186548417174,1.816461246914991,6.4653570891392205,2.8589201237360387,4.035787549764037,5.120317972446657,0.07189671092086147,0.7663229343952008
HOF ITEM
43.90357539154319
-0.9970448850620387,1.3622063006485976,5.855250178136771,3.799355223510653,-2.875121378908615,0.5452934780639418,0.03971365581599091,2.8484186548417174,1.816461246914991,6.27901802321707,2.8589201237360387,4.035787549764037,4.958251645014764,0.07189671092086147,0.7663229343952008
HOF ITEM
43.90357539154319
-0.9970448850620387,1.3622063006485976,5.855250178136771,3.799355223510653,-2.875121378908615,0.5452934780639418,0.03971365581599091,2.8484186548417174,1.816461246914991,6.27901802321707,2.8589201237360387,4.08833002755387,4.958251645014764,0.07189671092086147,0.7663229343952008
HOF ITEM
43.90357539154319
-0.9970448850620387,1.3622063006485976,5.855250178136771,3.799355223510653,-2.875121378908615,0.5452934780639418,0.03971365581599091,2.8484186548417174,1.816461246914991,6.4653570891392205,2.8589201237360387,4.035787549764037,4.958251645014764,0.07189671092086147,0.7663229343952008
HOF ITEM
43.90357539154319
-0.9970448850620387,1.3622063006485976,5.855250178136771,3.799355223510653,-2.875121378908615,0.5452934780639418,0.03971365581599091,2.8484186548417174,1.816461246914991,6.4653570891392205,2.8589201237360387,4.08833002755387,4.958251645014764,0.07189671092086147,0.7663229343952008
seed 224
Initial fitness values: [np.float64(58.54512128927913), np.float64(57.646372867010264), np.float64(54.18039992080106), np.float64(50.312267531151406), np.float64(50.312267531151406), np.float64(47.63895032517743), np.float64(46.236546998435685), np.float64(46.01976499544554), np.float64(46.01976499544554), np.float64(44.66094459114123)]
Final fitness values: [np.float64(42.57883098969938), np.float64(42.57883098969938), np.float64(42.57883098969938), np.float64(42.57883098969938), np.float64(42.57883098969938), np.float64(42.57883098969938), np.float64(42.57883098969938), np.float64(42.57883098969938), np.float64(42.57883098969938), np.float64(42.57883098969938)]
HOF ITEM
42.57883098969938
-2.829543503680823,1.5611638770176184,-1.2092086637718742,-4.690804542478517,-3.4488264646692057,6.685633590275494,-1.5477672128517586,2.4240497818316333,3.450894238836459,0.7521390392526119,0.0,0.814084654522503,-5.966971928315684,2.3887952720107055,6.643914324759271
HOF ITEM
42.57883098969939
-2.829543503680823,1.5611638770176184,-1.2092086637718742,-4.690804542478517,-3.4488264646692057,6.685633590275494,-1.5477672128517586,2.4240497818316333,3.450894238836459,0.7521390392526119,0.0,0.814084654522503,-6.113113724217069,2.3887952720107055,6.643914324759271
HOF ITEM
42.57883103870736
-2.829543503680823,1.5611638770176184,-1.2092086637718742,-4.690804542478517,-3.4488264646692057,6.685633590275494,-1.5477672128517586,2.4240497818316333,3.450894238836459,0.7521390392526119,0.0,0.814084654522503,-5.644575910351113,2.3887952720107055,6.990543733969731
HOF ITEM
42.57886013494014
-2.829543503680823,1.5611638770176184,-1.2092086637718742,-4.690804542478517,-3.4488264646692057,6.685633590275494,-1.5477672128517586,2.4240497818316333,3.450894238836459,0.7521390392526119,0.0,0.814084654522503,-5.776080054534113,2.613041519497233,6.723461105850004
HOF ITEM
42.57895690951262
-2.829543503680823,1.5611638770176184,-1.2092086637718742,-4.690804542478517,-3.4488264646692057,6.685633590275494,-1.5477672128517586,2.4240497818316333,3.450894238836459,0.7521390392526119,0.0,0.814084654522503,-5.966971928315684,2.5817573193209786,6.643914324759271
seed 225
Initial fitness values: [np.float64(58.519275459484476), np.float64(50.44446483983938), np.float64(47.03797913592449), np.float64(47.03797913592449), np.float64(46.25366679217153), np.float64(45.74896057049243), np.float64(45.43160149839114), np.float64(45.288112238308564), np.float64(45.21642750322007), np.float64(45.06018884882353)]
Final fitness values: [np.float64(42.25382157645138), np.float64(42.118373075958736), np.float64(42.118300032310955), np.float64(42.057888551154505), np.float64(42.057888551154505), np.float64(42.057888551154505), np.float64(41.97396939387148), np.float64(41.8226305469798), np.float64(41.8226305469798), np.float64(41.702032187174915)]
HOF ITEM
41.702032187174915
-3.9998152615325644,1.579151413394981,0.9247393640743499,4.19942441115469,-6.18755229876214,-6.6135298358755366,-2.6806277015093407,2.508266308456946,0.5166872725570303,5.6714933159257175,1.0715340062795797,3.708132787387177,-6.4917563972721695,2.1282233572499782,7.0
HOF ITEM
41.8226305469798
-3.9998152615325644,1.579151413394981,0.6145889483885323,4.183550933402829,-6.18755229876214,-6.6135298358755366,-2.6806277015093407,2.508266308456946,0.5166872725570303,5.622569370393123,0.9521202576992922,3.708132787387177,-6.5069554944736465,2.1282233572499782,7.0
HOF ITEM
41.82263168198695
-3.9998152615325644,1.579151413394981,0.6145889483885323,4.183550933402829,-6.18755229876214,-6.6135298358755366,-2.6806277015093407,2.508266308456946,0.5166872725570303,5.622569370393123,1.3446311383916065,3.7561793096503244,-6.433234362098371,2.1282233572499782,7.0
HOF ITEM
41.82294130995793
-3.9998152615325644,1.579151413394981,0.6145889483885323,4.183550933402829,-6.18755229876214,-6.6135298358755366,-2.6806277015093407,2.508266308456946,0.5166872725570303,5.622569370393123,1.3446311383916065,3.7561793096503244,-6.433234362098371,2.1282233572499782,6.852195573543937
HOF ITEM
41.93889661363384
-4.123316152526372,1.579151413394981,0.6145889483885323,4.656377192701532,-5.896829388531269,-6.6135298358755366,-2.8143966489625942,2.508266308456946,0.48427899291611337,5.622569370393123,1.49916516881129,4.030896905859672,-6.664340799202554,2.1282233572499782,6.829334196727758
seed 226
Initial fitness values: [np.float64(59.99552486569266), np.float64(56.33428775481857), np.float64(55.23058999465036), np.float64(54.31406967779373), np.float64(51.6814180410545), np.float64(51.135059540874316), np.float64(51.135059540874316), np.float64(50.46586088700104), np.float64(50.185582096719074), np.float64(48.583213633086956)]
Final fitness values: [np.float64(41.655471545044534), np.float64(41.634034431909456), np.float64(41.634034431909456), np.float64(41.634034431909456), np.float64(41.634034431909456), np.float64(41.634034431909456), np.float64(41.63072968694086), np.float64(41.63072968694086), np.float64(41.63072968694086), np.float64(41.63072968694086)]
HOF ITEM
41.63072968694086
-5.792818447437056,1.3226695761528122,1.9969870567823071,-0.7230787105450617,-3.0967075918041007,-5.185933465681083,-4.461082158656573,1.9876262390859027,5.928860414772168,-4.127003817235968,0.39975166712840926,1.9034951187037779,2.293156130480553,1.9976760672222635,5.112022095399036
HOF ITEM
41.634034431909456
-5.792818447437056,1.3226695761528122,1.9969870567823071,-0.7230787105450617,-3.1008611918434674,-5.185933465681083,-4.461082158656573,1.9876262390859027,5.928860414772168,-4.127003817235968,0.39975166712840926,1.9034951187037779,2.293156130480553,2.098525863339319,5.112022095399036
HOF ITEM
41.634034431909456
-5.792818447437056,1.3226695761528122,1.9969870567823071,-0.7230787105450617,-3.1008611918434674,-5.185933465681083,-4.461082158656573,1.9876262390859027,5.928860414772168,-4.127003817235968,0.39975166712840926,1.9034951187037779,2.293156130480553,1.9976760672222635,5.112022095399036
HOF ITEM
41.653260052879666
-5.792818447437056,1.3226695761528122,1.9969870567823071,-0.5799836153947509,-3.1008611918434674,-5.1199769946890274,-4.461082158656573,1.9876262390859027,5.748573337027638,-4.127003817235968,0.39975166712840926,1.9034951187037779,2.293156130480553,1.9976760672222635,4.825523343624554
HOF ITEM
41.655471545044534
-5.792818447437056,1.3226695761528122,1.8338235138352617,-0.7230787105450617,-3.0967075918041007,-5.3195401289068,-4.461082158656573,1.9876262390859027,5.928860414772168,-4.127003817235968,0.24744945314424063,1.9514929384499915,2.1275685514305978,2.0160535864467195,5.112022095399036
seed 227
Initial fitness values: [np.float64(57.386600378425115), np.float64(51.579134845869966), np.float64(48.73796194440565), np.float64(48.26961110724897), np.float64(47.41365684738236), np.float64(46.679502608613), np.float64(45.881990016697216), np.float64(44.61146369926678), np.float64(44.61043639675877), np.float64(44.40338092599735)]
Final fitness values: [np.float64(43.55951865397429), np.float64(43.55949956905468), np.float64(43.55949956905468), np.float64(43.55949956905468), np.float64(43.55949956905468), np.float64(43.559499569054644), np.float64(43.559499569054644), np.float64(43.559499569054644), np.float64(43.55941635498207), np.float64(43.559403940836745)]
HOF ITEM
43.559403940836745
-4.839681306016511,1.5806439682804991,-3.234810517484326,6.782381031540749,0.4122591460528747,1.9448069709555378,-3.5148959023453843,2.2527421462837514,0.4691006378170388,-0.2605808591539975,1.2942414849968644,5.74446814889036,1.0000867854645707,2.348411366844136,6.396722281138229
HOF ITEM
43.55941635498207
-4.839681306016511,1.5806439682804991,-3.116211958736282,6.782381031540749,0.4122591460528747,2.5228506582513224,-3.5148959023453843,2.2527421462837514,0.4691006378170388,-0.2605808591539975,1.2942414849968644,5.74446814889036,1.2541604255013628,2.348411366844136,6.630112407653066
HOF ITEM
43.559499569054644
-4.839681306016511,1.5806439682804991,-2.8861190236897905,6.782381031540749,0.4122591460528747,2.5228506582513224,-3.5148959023453843,2.2527421462837514,0.4691006378170388,-0.2605808591539975,1.2942414849968644,5.74446814889036,1.0000867854645707,2.348411366844136,6.630112407653066
HOF ITEM
43.559499569054644
-4.839681306016511,1.5806439682804991,-2.8861190236897905,6.782381031540749,0.4122591460528747,2.5228506582513224,-3.5148959023453843,2.2527421462837514,0.4691006378170388,-0.2605808591539975,1.2942414849968644,5.74446814889036,1.0000867854645707,2.348411366844136,6.732232225826116
HOF ITEM
43.55949956905468
-4.839681306016511,1.5806439682804991,-2.8861190236897905,6.782381031540749,0.4122591460528747,2.5228506582513224,-3.5148959023453843,2.2527421462837514,0.4691006378170388,-0.2605808591539975,1.2942414849968644,5.74446814889036,0.17614881270990457,2.348411366844136,6.630112407653066
seed 228
Initial fitness values: [np.float64(60.84678238203902), np.float64(56.04870861230626), np.float64(55.544798239943276), np.float64(54.19490305859504), np.float64(53.32922382745529), np.float64(51.78028511251823), np.float64(51.668257946851426), np.float64(50.275904590871484), np.float64(49.634931771060394), np.float64(49.13125931424299)]
Final fitness values: [np.float64(42.348981052364), np.float64(42.34470742654281), np.float64(42.31959306288331), np.float64(42.29038185962477), np.float64(42.29038185962477), np.float64(42.22718404582678), np.float64(42.22718404582678), np.float64(42.22718404582678), np.float64(42.22648172149723), np.float64(42.22648172149723)]
HOF ITEM
42.22648172149723
-3.9849401200429386,1.5651823754170748,2.1658376152734533,5.20161380265338,0.8330571695775497,-0.0908858538885128,-2.6930032030846456,2.3486511652496675,0.576887953714861,3.488259763766835,1.6152967790129287,1.4242786089773007,-2.510240828140066,0.6656454546869859,2.092648369428657
HOF ITEM
42.22648172150995
-3.9849401200429386,1.5651823754170748,2.1658376152734533,5.20161380265338,0.8330571695775497,-0.0908858538885128,-2.6930032030846456,2.3486511652496675,0.576887953714861,3.6323617564002753,1.9150151714167924,1.4242786089773007,-2.510240828140066,0.6656454546869859,2.092648369428657
HOF ITEM
42.227184045814035
-3.9849401200429386,1.55340839496624,2.1658376152734533,5.20161380265338,0.8330571695775497,-0.0908858538885128,-2.6930032030846456,2.3486511652496675,0.576887953714861,3.488259763766835,1.6152967790129287,1.4242786089773007,-2.510240828140066,0.6656454546869859,2.092648369428657
HOF ITEM
42.22718404582056
-3.9849401200429386,1.55340839496624,2.1658376152734533,5.20161380265338,0.8330571695775497,-0.0908858538885128,-2.6930032030846456,2.3486511652496675,0.576887953714861,3.6323617564002753,1.6152967790129287,1.4242786089773007,-2.510240828140066,0.6656454546869859,2.092648369428657
HOF ITEM
42.22718404582678
-3.9849401200429386,1.55340839496624,2.1658376152734533,5.20161380265338,0.8330571695775497,-0.0908858538885128,-2.6930032030846456,2.3486511652496675,0.576887953714861,3.6323617564002753,1.9150151714167924,1.5517048016521664,-2.510240828140066,0.6656454546869859,2.092648369428657
seed 229
Initial fitness values: [np.float64(54.04319929239043), np.float64(53.686636203454036), np.float64(49.97708456868496), np.float64(49.3324635631369), np.float64(48.114617209653375), np.float64(47.252238670691206), np.float64(46.80060053935026), np.float64(46.626454596891094), np.float64(46.271753131955435), np.float64(46.26107203965577)]
Final fitness values: [np.float64(43.59290383442182), np.float64(43.59290383442182), np.float64(43.59290383442182), np.float64(43.59290383442182), np.float64(43.59290383442182), np.float64(43.59290383442182), np.float64(43.59290383442182), np.float64(43.59290383442182), np.float64(43.59290383442182), np.float64(43.59290383442182)]
HOF ITEM
43.59290383442182
-2.9198743725683056,1.576925873363753,4.071737781489905,0.250116101821725,0.7804781890717317,0.06858780073682386,-1.6149836138470954,3.0,4.536983362442566,4.702583856288813,0.0,3.6548174976105567,4.7344511083918634,2.4041525326975033,0.6989283352121795
HOF ITEM
43.59290383442182
-2.9198743725683056,1.576925873363753,4.071737781489905,0.250116101821725,0.7804781890717317,0.06858780073682386,-1.6149836138470954,3.0,4.536983362442566,4.702583856288813,0.0,3.6548174976105567,5.150959585124662,2.4041525326975033,0.7387147528742856
HOF ITEM
43.59290383442182
-2.9198743725683056,1.576925873363753,4.071737781489905,0.250116101821725,0.7804781890717317,0.06858780073682386,-1.6149836138470954,3.0,4.536983362442566,4.702583856288813,0.0,3.6548174976105567,5.150959585124662,2.777964988271188,0.6989283352121795
HOF ITEM
43.59290383442182
-2.9198743725683056,1.576925873363753,4.071737781489905,0.250116101821725,0.7804781890717317,0.06858780073682386,-1.6149836138470954,3.0,4.536983362442566,4.702583856288813,0.0,3.6548174976105567,4.7344511083918634,2.4041525326975033,0.7387147528742856
HOF ITEM
43.59290383442182
-2.9198743725683056,1.576925873363753,4.071737781489905,0.250116101821725,0.7804781890717317,0.06858780073682386,-1.6149836138470954,3.0,4.536983362442566,4.702583856288813,0.0,3.6548174976105567,4.7344511083918634,2.777964988271188,0.6989283352121795
best parameter set
fitness 40.84867717214066 seed 225
-3.994338137230085,1.5906691897933647,0.9351651145509422,4.1888712217857424,-6.176051271749477,-6.624662276390176,-2.6845792057906097,2.5143612840221237,0.5254783402686083,5.6714922263180725,1.0715351245698408,3.7081327873871834,-6.491756398500451,2.128223358091087,6.99999878653568
