seeds are [450 451 452 453 454 455 456 457 458 459]
seed 450
Initial fitness values: [np.float64(31.382186125859345), np.float64(27.809355389507502), np.float64(27.150583737224938), np.float64(27.13461278209805), np.float64(25.346453538729726), np.float64(24.914599449035634), np.float64(23.453235953460023), np.float64(23.453235953460023), np.float64(23.088778853413626), np.float64(22.876524776191896)]
Final fitness values: [np.float64(19.99000466752809), np.float64(19.99000466752809), np.float64(19.99000466752809), np.float64(19.99000466752809), np.float64(19.99000466752809), np.float64(19.99000466752809), np.float64(19.99000466752809), np.float64(19.99000466752809), np.float64(19.99000466752809), np.float64(19.99000466752809)]
HOF ITEM
19.99000466752809
-2.295113850414898,1.2272618288983632,-0.3845133622882519,-5.310741738483955,-0.37393934640583176,0.42652334182819246,-1.2333780639554501,2.6744474469530126,5.527030208217479,3.7446398369287905,2.30742885841091,3.0909178438997955,-4.394530189056246,2.88942946363833,7.0
HOF ITEM
19.99000466752809
-2.295113850414898,1.2272618288983632,-0.3845133622882519,-5.310741738483955,-0.37393934640583176,0.42652334182819246,-1.2333780639554501,2.6744474469530126,5.527030208217479,3.8533414178911523,2.7050383260440536,2.648363171369516,-4.510825706695605,2.88942946363833,7.0
HOF ITEM
19.99000466752809
-2.295113850414898,1.2272618288983632,-0.3845133622882519,-5.310741738483955,-0.37393934640583176,0.42652334182819246,-1.2333780639554501,2.6744474469530126,5.527030208217479,3.9968272854506335,2.7050383260440536,2.648363171369516,-4.510825706695605,2.88942946363833,7.0
HOF ITEM
19.99000466752809
-2.295113850414898,1.2272618288983632,-0.3845133622882519,-5.310741738483955,-0.37393934640583176,0.42652334182819246,-1.2333780639554501,2.6744474469530126,5.527030208217479,3.9968272854506335,2.7050383260440536,2.610846045321286,-4.038155997758048,2.88942946363833,7.0
HOF ITEM
19.99000466752809
-2.295113850414898,1.2272618288983632,-0.3845133622882519,-5.310741738483955,-0.37393934640583176,0.42652334182819246,-1.2333780639554501,2.6744474469530126,5.527030208217479,3.9968272854506335,2.162957325483628,2.610846045321286,-4.038155997758048,2.88942946363833,7.0
seed 451
Initial fitness values: [np.float64(33.44824416028688), np.float64(30.075308849054107), np.float64(29.536863764453802), np.float64(27.286176257433684), np.float64(26.949527637128146), np.float64(26.949527637128146), np.float64(26.94473706804488), np.float64(26.94473706804488), np.float64(26.94356612534801), np.float64(26.898151178476844)]
Final fitness values: [np.float64(22.915826809701308), np.float64(22.91038453108171), np.float64(22.909969643308916), np.float64(22.909969643308916), np.float64(22.90966689220706), np.float64(22.90966689220706), np.float64(22.90966689220706), np.float64(22.909659477443714), np.float64(22.909272782972046), np.float64(22.909272782972046)]
HOF ITEM
22.909272782972046
3.3407466048902905,-0.27353464859786386,2.8332386049831495,4.212533788745519,-1.7741467215853695,5.499468635098846,1.316155870336337,3.0,0.5284553187553477,3.519862183768031,2.7077412927111455,2.934798840367993,-4.209918060415507,1.0881191691719228,5.228266818183298
HOF ITEM
22.909272782972046
3.3407466048902905,-0.27353464859786386,2.8332386049831495,4.212533788745519,-1.7741467215853695,5.499468635098846,1.316155870336337,3.0,0.5284553187553477,3.519862183768031,2.7212022038465253,2.934798840367993,-4.209918060415507,1.0881191691719228,5.228266818183298
HOF ITEM
22.909620000911993
3.3407466048902905,-0.27353464859786386,2.8332386049831495,4.212533788745519,-1.7741467215853695,5.499468635098846,1.316155870336337,3.0,0.5284553187553477,3.519862183768031,2.7077412927111455,3.2275069265358036,-4.209918060415507,0.9408708705130073,5.029644661937994
HOF ITEM
22.909620000911993
3.3407466048902905,-0.27353464859786386,2.8332386049831495,4.212533788745519,-1.7741467215853695,5.499468635098846,1.316155870336337,3.0,0.5284553187553477,3.489178407296714,2.7077412927111455,3.2275069265358036,-4.209918060415507,0.9408708705130073,5.029644661937994
HOF ITEM
22.909659477443714
3.3407466048902905,-0.27353464859786386,2.8332386049831495,4.212533788745519,-1.7713351811309743,5.499468635098846,1.316155870336337,3.0,0.5284553187553477,3.519862183768031,2.7077412927111455,3.5458282527840495,-4.209918060415507,0.9408708705130073,5.134418523441056
seed 452
Initial fitness values: [np.float64(29.83943288038578), np.float64(27.627784774819197), np.float64(24.893315628753644), np.float64(24.893315628753644), np.float64(24.21937915587593), np.float64(24.098236554367237), np.float64(23.292540403174815), np.float64(23.292540403174815), np.float64(23.27910767222105), np.float64(23.01892053545497)]
Final fitness values: [np.float64(22.12659528265557), np.float64(22.12659528265557), np.float64(22.124796056653214), np.float64(22.124796056653214), np.float64(22.124796056653214), np.float64(22.124796056653214), np.float64(22.124796056653214), np.float64(22.124796056653214), np.float64(22.124796056653214), np.float64(22.124796056653214)]
HOF ITEM
22.124796056653214
1.480345699958731,0.4780099644208599,-1.3292207526880375,0.272459059870329,3.303358886407224,2.3053968033985033,1.1546514700782429,2.9260530610761526,2.6559522899367094,4.318866831984376,1.0524333914820088,0.05304349070459177,-5.048405196304971,2.75527470028541,1.8522230769760353
HOF ITEM
22.124796056653214
1.480345699958731,0.4780099644208599,-1.3292207526880375,0.272459059870329,3.303358886407224,2.3053968033985033,1.1546514700782429,2.9260530610761526,2.6559522899367094,4.318866831984376,1.0524333914820088,0.05304349070459177,-5.140509201449688,2.75527470028541,1.8522230769760353
HOF ITEM
22.12486343280661
1.480345699958731,0.4780099644208599,-1.3292207526880375,0.272459059870329,3.303358886407224,2.3053968033985033,1.1546514700782429,2.9260530610761526,2.6559522899367094,4.318866831984376,0.9245928923949587,0.05304349070459177,-5.048405196304971,2.75527470028541,1.8522230769760353
HOF ITEM
22.12486343280661
1.480345699958731,0.4780099644208599,-1.3292207526880375,0.272459059870329,3.303358886407224,2.3053968033985033,1.1546514700782429,2.9260530610761526,2.6559522899367094,4.318866831984376,0.9245928923949587,0.05304349070459177,-5.140509201449688,2.75527470028541,1.8522230769760353
HOF ITEM
22.126506547986388
1.480345699958731,0.4780099644208599,-1.3292207526880375,0.7204600395059063,3.303358886407224,2.3053968033985033,1.1546514700782429,2.9260530610761526,2.261382255952345,4.318866831984376,1.0524333914820088,0.05304349070459177,-5.048405196304971,2.75527470028541,1.8522230769760353
seed 453
Initial fitness values: [np.float64(29.824976678300672), np.float64(28.196939736715088), np.float64(27.20126421162751), np.float64(26.90128467273767), np.float64(26.90128467273767), np.float64(26.900730675072356), np.float64(26.751681460739395), np.float64(26.751681460739395), np.float64(26.751681460739395), np.float64(26.73636123383177)]
Final fitness values: [np.float64(25.96167730827785), np.float64(25.96167730827785), np.float64(25.959958623001842), np.float64(25.959958623001842), np.float64(25.89771719029291), np.float64(25.89771719029291), np.float64(25.89771719029291), np.float64(25.89771719029291), np.float64(25.89771719029291), np.float64(25.89623926759171)]
HOF ITEM
25.89623926759171
6.410356694587253,-1.142223786863532,1.7305240338979082,3.2345889126900453,-6.018495558103817,-0.26875494111959686,2.714650056809128,0.8890233543172231,3.9306836289595704,3.244789483779218,0.4284765051288356,2.9544673469655187,4.485086963625721,3.0,6.220010422657829
HOF ITEM
25.89771719029291
6.38250673602906,-1.142223786863532,1.7305240338979082,3.2345889126900453,-5.479963991087663,-0.26875494111959686,2.714650056809128,0.8890233543172231,3.9306836289595704,3.244789483779218,0.4284765051288356,2.9544673469655187,4.564674934766817,2.7602597072289368,6.220010422657829
HOF ITEM
25.89771719029291
6.38250673602906,-1.142223786863532,1.7305240338979082,3.2345889126900453,-5.479963991087663,-0.26875494111959686,2.714650056809128,0.8890233543172231,3.9306836289595704,3.244789483779218,0.4284765051288356,2.9544673469655187,4.564674934766817,2.732622015048394,6.10595444829863
HOF ITEM
25.89771719029291
6.38250673602906,-1.142223786863532,1.7305240338979082,3.2345889126900453,-5.479963991087663,-0.26875494111959686,2.714650056809128,0.8890233543172231,3.9306836289595704,3.244789483779218,0.4284765051288356,2.9544673469655187,4.444518124796836,2.732622015048394,6.10595444829863
HOF ITEM
25.89771719029291
6.38250673602906,-1.142223786863532,1.7305240338979082,3.2345889126900453,-5.479963991087663,-0.26875494111959686,2.714650056809128,0.8890233543172231,3.9306836289595704,3.244789483779218,0.4284765051288356,2.9544673469655187,4.444518124796836,2.7602597072289368,6.097003852388405
seed 454
Initial fitness values: [np.float64(29.31931645130459), np.float64(29.156237214033162), np.float64(28.22778244384963), np.float64(27.467114612929038), np.float64(27.467114612929038), np.float64(27.074265393817527), np.float64(26.79005434009499), np.float64(26.494493683521853), np.float64(26.19702523459811), np.float64(25.997805484873208)]
Final fitness values: [np.float64(24.539485470134586), np.float64(24.47932226687053), np.float64(24.47932226687053), np.float64(24.47932226687053), np.float64(24.474903823764368), np.float64(24.471761344138947), np.float64(24.471761344138947), np.float64(24.46541598753616), np.float64(24.46541598753616), np.float64(24.46541598753616)]
HOF ITEM
24.46541598753616
3.5148257302821406,-0.351989461152716,-0.9520970200541649,4.2739190464137655,5.6630959736351105,4.702509461402826,2.3241129628991914,1.4244722996910553,4.368793093404988,1.9078136271443782,2.3936358751284614,1.9515604914226057,-4.832682785503703,0.1298794273565993,1.1190341846951637
HOF ITEM
24.465993569856522
3.5148257302821406,-0.351989461152716,-0.9520970200541649,4.2739190464137655,5.6630959736351105,4.702509461402826,2.3241129628991914,1.4244722996910553,4.368793093404988,1.9078136271443782,2.3936358751284614,1.9515604914226057,-4.832682785503703,0.1298794273565993,1.0270908535888175
HOF ITEM
24.466657246818833
3.5148257302821406,-0.351989461152716,-0.9520970200541649,4.2739190464137655,5.6630959736351105,4.702509461402826,2.3241129628991914,1.4244722996910553,4.368793093404988,1.9078136271443782,2.3936358751284614,1.9515604914226057,-4.715080354046469,0.1298794273565993,1.0270908535888175
HOF ITEM
24.470220661379155
3.5148257302821406,-0.351989461152716,-0.5647111927703867,4.2739190464137655,5.6630959736351105,4.702509461402826,2.3241129628991914,1.4244722996910553,4.368793093404988,1.9078136271443782,2.3936358751284614,1.9515604914226057,-4.832682785503703,0.1298794273565993,1.0270908535888175
HOF ITEM
24.47119420911428
3.5148257302821406,-0.351989461152716,-0.5647111927703867,4.2739190464137655,5.6630959736351105,4.702509461402826,2.3241129628991914,1.4244722996910553,4.368793093404988,1.9078136271443782,2.3936358751284614,1.9515604914226057,-4.715080354046469,0.1298794273565993,1.0270908535888175
seed 455
Initial fitness values: [np.float64(30.88228261585356), np.float64(30.88228261585356), np.float64(25.86910316618816), np.float64(25.86910316618816), np.float64(25.290893626599885), np.float64(24.9866753630704), np.float64(24.936155460726802), np.float64(23.54532735492073), np.float64(23.078588608800523), np.float64(22.89231979803501)]
Final fitness values: [np.float64(22.10522011010857), np.float64(22.103501244950795), np.float64(22.103501244950795), np.float64(22.103501244950795), np.float64(22.103501244950795), np.float64(22.103501244937156), np.float64(22.103501244937156), np.float64(22.103501244937156), np.float64(22.103501244937156), np.float64(22.103501244937156)]
HOF ITEM
22.103501244937156
-6.6808803666832555,1.5524153210829343,2.0671158869500696,0.5863275638913424,5.590127001543571,6.019726438145103,-5.368521369566475,1.851889074592803,4.574976699510711,0.7070293893876312,0.24280912522811515,3.121937202059562,-1.0530202497352115,1.8085478381094204,3.622113746750792
HOF ITEM
22.103501244950795
-6.6808803666832555,1.5524153210829343,2.0671158869500696,0.5863275638913424,5.590127001543571,6.019726438145103,-5.368521369566475,1.851889074592803,4.574976699510711,0.7070293893876312,0.24280912522811515,3.121937202059562,-1.0530202497352115,1.8085478381094204,3.5398186260338886
HOF ITEM
22.103501244964708
-6.6808803666832555,1.5524153210829343,2.0671158869500696,0.5863275638913424,5.590127001543571,6.019726438145103,-5.368521369566475,1.851889074592803,4.574976699510711,0.7070293893876312,0.24280912522811515,3.121937202059562,-1.0530202497352115,1.8085478381094204,3.4491752581760053
HOF ITEM
22.104916931261904
-6.6808803666832555,1.5524153210829343,2.01471707458354,0.5863275638913424,5.582241607649449,5.492618234238958,-5.368521369566475,1.851889074592803,4.574976699510711,0.804404998879984,0.26557700240279924,3.273352287900996,-1.0530202497352115,1.8085478381094204,3.5369311220757185
HOF ITEM
22.105220110023172
-6.6808803666832555,1.5524153210829343,2.01471707458354,0.5863275638913424,5.590127001543571,5.708703154208497,-5.368521369566475,1.851889074592803,4.574976699510711,0.7070293893876312,0.26557700240279924,3.121937202059562,-1.0207341025940249,1.8085478381094204,3.5398186260338886
seed 456
Initial fitness values: [np.float64(31.639132645726264), np.float64(29.33823608481811), np.float64(25.356442188406145), np.float64(25.328576132805775), np.float64(25.30284070549007), np.float64(25.302009731694447), np.float64(25.30195708384479), np.float64(25.30195708384479), np.float64(25.301956003924516), np.float64(25.30195599633727)]
Final fitness values: [np.float64(25.30195599493552), np.float64(25.30195599493552), np.float64(25.30195599493552), np.float64(25.30195599493552), np.float64(25.30195599493552), np.float64(25.30195599493552), np.float64(25.30195599493552), np.float64(25.30195599493552), np.float64(25.30195599493552), np.float64(25.30195599493552)]
HOF ITEM
25.30195599493552
-3.897101115830362,1.4947778497449047,-0.0652138656461986,6.742579275848423,0.881989855837796,-6.322065518024802,-6.859678697267721,2.5434685054866524,0.8059070534199448,1.3026130734644883,2.705929662535951,1.9146144149411857,3.3363503855257663,2.269624829245295,6.003761968012093
HOF ITEM
25.30195599493552
-4.266678366414139,1.4947778497449047,-0.0652138656461986,6.742579275848423,0.881989855837796,-6.322065518024802,-7.0,2.4338110158712234,0.8059070534199448,0.21700458163568476,2.6753323924303625,2.4751725273172327,3.811448677304317,1.981882905021157,6.138521748333703
HOF ITEM
25.30195599493552
-3.85868847128818,1.4947778497449047,-0.0652138656461986,6.742579275848423,0.881989855837796,-6.322065518024802,-7.0,2.5434685054866524,0.8059070534199448,0.8885700212256498,2.93201567235632,2.420677345641337,3.3363503855257663,2.11556461954231,6.003761968012093
HOF ITEM
25.30195599493552
-3.931043030316929,1.598844402269398,-0.0652138656461986,6.742579275848423,0.881989855837796,-6.322065518024802,-6.8210920802089205,2.5434685054866524,0.8059070534199448,1.176686303180043,2.969013882070136,1.9146144149411857,3.3363503855257663,2.034211769015297,6.003761968012093
HOF ITEM
25.30195599493552
-3.85868847128818,1.4947778497449047,-0.0652138656461986,6.742579275848423,0.881989855837796,-6.322065518024802,-7.0,2.5434685054866524,0.8059070534199448,1.3026130734644883,2.705929662535951,1.9146144149411857,3.3363503855257663,2.11556461954231,6.003761968012093
seed 457
Initial fitness values: [np.float64(29.629562146154154), np.float64(28.892860982323626), np.float64(27.391437597881254), np.float64(27.347278465495478), np.float64(27.290024547987144), np.float64(27.29002063038389), np.float64(27.27970471205314), np.float64(27.272343839039536), np.float64(27.25017761949572), np.float64(27.244829252360812)]
Final fitness values: [np.float64(21.966748444889216), np.float64(21.966748444889216), np.float64(21.966743277144065), np.float64(21.966743277144065), np.float64(21.966743277144065), np.float64(21.966743263753806), np.float64(21.965403270725254), np.float64(21.965403270725254), np.float64(21.965403270725254), np.float64(21.964583878759687)]
HOF ITEM
21.964583878759687
-5.1133433324517314,1.5945747928949807,-1.9418878256049037,0.24886444764841376,-4.049361922393296,5.487196806510432,-3.777720117631832,2.206810736461025,0.5160870367408985,4.8192428689907025,1.5489018860890864,0.0,4.538855502547791,0.30260983862400914,2.025782715952789
HOF ITEM
21.965403175016572
-5.1133433324517314,1.5945747928949807,-1.9193626674314124,0.24886444764841376,-4.27387107571657,5.3632489867114,-3.777720117631832,2.2149251398782024,0.5160870367408985,4.876346885957484,2.1878602708972004,0.0,4.17273331556766,0.018273044730060806,1.9867432825013343
HOF ITEM
21.965403270725254
-5.1133433324517314,1.5945747928949807,-1.9193626674314124,0.24886444764841376,-4.27387107571657,5.3632489867114,-3.777720117631832,2.2149251398782024,0.5160870367408985,4.876346885957484,2.038357134147309,0.0,4.17273331556766,0.30260983862400914,2.259274538114563
HOF ITEM
21.965403274149242
-5.1133433324517314,1.5945747928949807,-1.9193626674314124,0.24886444764841376,-4.27387107571657,5.3632489867114,-3.777720117631832,2.2149251398782024,0.5160870367408985,4.876346885957484,2.038357134147309,0.0,4.17273331556766,0.30260983862400914,1.9867432825013343
HOF ITEM
21.965403274149242
-5.1133433324517314,1.5945747928949807,-1.9193626674314124,0.24886444764841376,-4.27387107571657,5.3632489867114,-3.777720117631832,2.2149251398782024,0.5160870367408985,4.93340326061174,2.1878602708972004,0.0,4.17273331556766,0.30260983862400914,1.9867432825013343
seed 458
Initial fitness values: [np.float64(32.13525447497112), np.float64(29.238611681215595), np.float64(28.106251292613138), np.float64(28.106251292613138), np.float64(27.19830408007743), np.float64(25.6684841147104), np.float64(25.6684841147104), np.float64(25.35918675934755), np.float64(24.832537330992764), np.float64(24.181901539281963)]
Final fitness values: [np.float64(22.039181790385232), np.float64(22.039181790385232), np.float64(22.039181790385232), np.float64(22.039181790385232), np.float64(22.039181790385232), np.float64(22.039181790385232), np.float64(22.039181790385232), np.float64(22.039181790385232), np.float64(22.039181790385232), np.float64(22.039181790385232)]
HOF ITEM
22.039181790385232
-5.631520089053211,1.5990382021137073,3.4722238923132114,3.8162466873784,-2.061919814999489,-1.7494845282865643,-4.289251837088596,2.0884029752243625,0.8659576731639977,3.7008843889537424,2.91285139268192,6.066080055255464,1.7510776085584612,2.8141061532733267,4.170260663773207
HOF ITEM
22.039181790385232
-5.631520089053211,1.5990382021137073,3.4722238923132114,3.8162466873784,-2.061919814999489,-1.7494845282865643,-4.289251837088596,2.0884029752243625,0.8659576731639977,4.192290942091898,2.9613470569558213,6.066080055255464,1.7510776085584612,2.728570636092597,4.244885597468526
HOF ITEM
22.039181790385232
-5.631520089053211,1.5990382021137073,3.4722238923132114,3.8162466873784,-2.061919814999489,-1.7494845282865643,-4.289251837088596,2.0884029752243625,0.8659576731639977,4.12573451434506,2.9613470569558213,6.066080055255464,1.7510776085584612,2.728570636092597,4.244885597468526
HOF ITEM
22.039181790385232
-5.631520089053211,1.5990382021137073,3.4722238923132114,3.8162466873784,-2.061919814999489,-1.7494845282865643,-4.289251837088596,2.0884029752243625,0.8659576731639977,3.7008843889537424,2.91285139268192,6.101642960343545,1.7510776085584612,2.728570636092597,4.170260663773207
HOF ITEM
22.039181790385232
-5.631520089053211,1.5990382021137073,3.4722238923132114,3.8162466873784,-2.061919814999489,-1.7494845282865643,-4.289251837088596,2.0884029752243625,0.8659576731639977,3.7008843889537424,2.91285139268192,6.101642960343545,1.7510776085584612,2.728570636092597,4.244885597468526
seed 459
Initial fitness values: [np.float64(29.531647564086665), np.float64(27.79835109583081), np.float64(25.217092706291265), np.float64(24.062702286688957), np.float64(23.379341161234006), np.float64(23.27986978023053), np.float64(23.27986978023053), np.float64(22.72048411259439), np.float64(22.12130217190298), np.float64(22.080091520529102)]
Final fitness values: [np.float64(21.757450808685903), np.float64(21.757450808685903), np.float64(21.723588027147134), np.float64(21.723588027147134), np.float64(21.723588027147134), np.float64(21.723588027147134), np.float64(21.723588027147134), np.float64(21.723588027147134), np.float64(21.723588027147134), np.float64(21.723588027147134)]
HOF ITEM
21.723588027147134
2.420751597366671,-0.18557668464641885,3.6853827339037433,0.48153383845251047,1.3761438891431474,2.2751996434869315,1.1142807364290368,1.5137099652622543,3.551410271002677,5.265402595999295,3.0,3.1022652957135692,0.538089904706117,2.6870121202943342,4.4434887197906
HOF ITEM
21.723588027147134
2.420751597366671,-0.18557668464641885,3.6853827339037433,0.48153383845251047,1.3761438891431474,2.2751996434869315,1.1142807364290368,1.5137099652622543,3.551410271002677,5.265402595999295,3.0,2.9826133309107803,0.538089904706117,2.6870121202943342,4.4434887197906
HOF ITEM
21.731838250638447
2.420751597366671,-0.18557668464641885,3.6853827339037433,0.48153383845251047,1.3761438891431474,2.2885901405339215,1.1142807364290368,1.5137099652622543,3.551410271002677,5.087442566984484,2.9302797728968564,3.1285504241616247,0.538089904706117,2.680030816704255,4.497792314475734
HOF ITEM
21.736929356734933
2.420751597366671,-0.18557668464641885,3.6853827339037433,0.48153383845251047,1.3761438891431474,2.2751996434869315,1.1142807364290368,1.5137099652622543,3.551410271002677,5.265402595999295,3.0,2.955718652385685,0.538089904706117,2.680744393018099,4.4434887197906
HOF ITEM
21.738444810088115
2.420751597366671,-0.18557668464641885,3.6853827339037433,0.48153383845251047,1.3761438891431474,2.2751996434869315,1.1142807364290368,1.5137099652622543,3.551410271002677,5.265402595999295,3.0,2.9826133309107803,0.538089904706117,2.680030816704255,4.4434887197906
best parameter set
fitness 19.260756121135206 seed 450
-2.2877637266152067,1.1574763475241792,-0.3752626763196793,-5.305677969823403,-0.3727513324380289,0.43990190665822365,-1.2565728380333234,3.0,5.520674702690737,3.7446398369287905,2.30742885841091,3.0909178438997955,-4.394530189056246,2.88942946363833,7.0
