seeds are [680 681 682 683 684 685 686 687 688 689]
seed 680
Initial fitness values: [np.float64(63.358608335683066), np.float64(53.56077439249983), np.float64(53.56077439249983), np.float64(52.65910545825969), np.float64(52.59874702458393), np.float64(52.41769989904593), np.float64(52.38657908593332), np.float64(52.360488265686854), np.float64(52.360488265686854), np.float64(52.31604837081584)]
Final fitness values: [np.float64(50.83078087667528), np.float64(50.83078087667528), np.float64(50.80998768170464), np.float64(50.746455537523445), np.float64(50.746455537523445), np.float64(50.73441544095322), np.float64(50.73441544095322), np.float64(50.73441544095322), np.float64(50.72362198824051), np.float64(50.71890393170379)]
HOF ITEM
50.71890393170379
7.0,-1.2430790397906892,-2.2226939498809064,4.54606488365181,-1.0475728302339355,-5.100492257040825,4.082569261641839,0.8645527874547358,7.0,4.122788954160865,0.3897483426154274,4.219310921208507,3.1256208205795155,3.0,2.3942174105694156
HOF ITEM
50.72362198824051
7.0,-1.2430790397906892,-2.2226939498809064,4.54606488365181,-1.0475728302339355,-5.175057237969969,4.082569261641839,0.8645527874547358,7.0,4.122788954160865,0.3897483426154274,4.219310921208507,3.1256208205795155,3.0,2.3942174105694156
HOF ITEM
50.73236849411091
6.953628538431557,-1.2430790397906892,-2.2226939498809064,4.54606488365181,-1.0475728302339355,-5.175057237969969,4.082569261641839,0.8645527874547358,7.0,4.122788954160865,0.38953211364066415,4.219310921208507,3.1256208205795155,3.0,2.6326002623365627
HOF ITEM
50.73279431476302
7.0,-1.2430790397906892,-2.2569436611555687,4.690334567119932,-1.2782579404789547,-5.175057237969969,4.082569261641839,0.8645527874547358,7.0,4.122788954160865,0.3926679409719907,4.219310921208507,3.8092160745328383,2.606144994418478,2.6481126193870757
HOF ITEM
50.73279431476302
7.0,-1.2430790397906892,-2.2569436611555687,4.690334567119932,-1.2782579404789547,-5.175057237969969,4.082569261641839,0.8645527874547358,7.0,4.122788954160865,0.3926679409719907,4.219310921208507,3.8092160745328383,2.4886489931291904,2.6481126193870757
seed 681
Initial fitness values: [np.float64(57.91942614032763), np.float64(55.24111070926359), np.float64(54.44011624208676), np.float64(53.80952256916023), np.float64(51.62180058441803), np.float64(51.62180058441803), np.float64(51.28144157996159), np.float64(51.013873451810184), np.float64(49.19599983393391), np.float64(48.15165095251237)]
Final fitness values: [np.float64(43.410236311813755), np.float64(43.410236311813755), np.float64(43.410236311813755), np.float64(43.410236311813755), np.float64(43.410236311813755), np.float64(43.410236311813755), np.float64(43.410236311813755), np.float64(43.410236311813755), np.float64(43.30267950022372), np.float64(43.302679500223704)]
HOF ITEM
43.302679500223704
-4.845604096326731,1.536193133896615,-4.956360455877864,-2.913382693810392,-3.6112790877554213,3.5151553084477754,-3.095871302425109,1.8264562817380925,2.0203272749269727,-3.1477586624452965,2.3511792341274154,1.0392223603082846,6.250596794520789,1.2765706244885267,3.8730688615922766
HOF ITEM
43.30267950022372
-4.845604096326731,1.536193133896615,-4.956360455877864,-2.913382693810392,-3.6112790877554213,3.5151553084477754,-3.095871302425109,1.8264562817380925,2.0203272749269727,-3.1477586624452965,2.3511792341274154,1.0392223603082846,6.250596794520789,1.2765706244885267,3.7858749964872325
HOF ITEM
43.32717215597747
-4.845604096326731,1.5270902986776183,-4.987830228893594,-2.913382693810392,-3.6112790877554213,3.3796002327984973,-3.095871302425109,1.8264562817380925,2.0203272749269727,-3.1477586624452965,2.3511792341274154,1.0392223603082846,6.338239731084847,1.2765706244885267,4.13339468556635
HOF ITEM
43.410236311813755
-4.845604096326731,1.5056053323410314,-5.011205354360158,-2.913382693810392,-3.6112790877554213,3.5151553084477754,-3.095871302425109,1.8264562817380925,2.0203272749269727,-3.1477586624452965,2.3511792341274154,1.0392223603082846,6.372010670153375,1.2765706244885267,3.8730688615922766
HOF ITEM
43.41023631181379
-4.845604096326731,1.5056053323410314,-5.011205354360158,-2.913382693810392,-3.6112790877554213,3.5151553084477754,-3.095871302425109,1.8264562817380925,2.0203272749269727,-3.1477586624452965,2.3511792341274154,1.0392223603082846,6.372010670153375,1.0218596755891443,3.9736133129466813
seed 682
Initial fitness values: [np.float64(59.46943040896237), np.float64(55.24551153330803), np.float64(55.24551153330803), np.float64(54.43745932579018), np.float64(49.43160595103231), np.float64(49.43160595103231), np.float64(49.43160595103231), np.float64(48.98801196129556), np.float64(48.76459087521823), np.float64(47.48778347425024)]
Final fitness values: [np.float64(46.1504158074957), np.float64(46.1504158074957), np.float64(46.10945186888168), np.float64(46.10945186888168), np.float64(46.04411952222476), np.float64(46.04411952222476), np.float64(46.04411952222476), np.float64(45.93274277393001), np.float64(45.786936655844876), np.float64(45.786936655844876)]
HOF ITEM
45.786936655844876
4.106082093537784,-0.5053678084351717,-6.065353777221275,-1.3507582442929014,-4.77809726574648,-1.5378155280060946,1.3383386178637307,3.0,0.46393529266155464,3.428887019073469,2.5039427173674613,4.8403540759757115,-6.341250552154139,2.1387782331524754,0.0
HOF ITEM
45.786936655844876
4.106082093537784,-0.5053678084351717,-6.065353777221275,-1.3507582442929014,-4.77809726574648,-1.5378155280060946,1.3383386178637307,3.0,0.46393529266155464,3.428887019073469,2.5039427173674613,4.350386906099932,-5.738203541595027,2.1387782331524754,0.0
HOF ITEM
45.797237268328864
4.106082093537784,-0.5053678084351717,-6.065353777221275,-1.0563213437936212,-4.527272332176999,-1.5378155280060946,1.3383386178637307,3.0,0.46393529266155464,3.1734932270865963,2.5039427173674613,4.95378295209395,-6.341250552154139,2.405336067689403,0.0
HOF ITEM
45.80895022862618
4.106082093537784,-0.5053678084351717,-6.065353777221275,-1.0563213437936212,-4.6757300343547685,-2.0013272675785516,1.3383386178637307,3.0,0.46393529266155464,3.413325647497794,2.5039427173674613,4.465349612999309,-6.341250552154139,2.405336067689403,0.0
HOF ITEM
45.82761854568668
4.106082093537784,-0.5053678084351717,-6.065353777221275,-1.0563213437936212,-4.77809726574648,-2.0013272675785516,1.3383386178637307,3.0,0.46393529266155464,3.413325647497794,2.5039427173674613,4.465349612999309,-6.341250552154139,2.405336067689403,0.0
seed 683
Initial fitness values: [np.float64(62.86980494377885), np.float64(60.10708165311842), np.float64(57.083708787664904), np.float64(54.715125991822205), np.float64(52.99297062602722), np.float64(52.93371809176188), np.float64(51.68041192832227), np.float64(51.42692696593738), np.float64(51.25054429197929), np.float64(51.25054429197929)]
Final fitness values: [np.float64(46.60103297392544), np.float64(46.55193456321822), np.float64(46.55193456321822), np.float64(46.55193456321822), np.float64(46.55110298300445), np.float64(46.54941250647799), np.float64(46.517742765035536), np.float64(46.4487517848726), np.float64(46.44802138216312), np.float64(46.44122314322319)]
HOF ITEM
46.44122314322319
5.512599890954147,-1.4236907044844471,-6.4313653159418696,-2.2625334442883536,0.5020310986685933,1.275287092914129,1.2743636108384035,1.9958014082997377,6.612131250558482,-3.342665245530048,2.664339954905108,4.224851012605437,0.4793917322789127,2.77511331745321,6.4354799376974015
HOF ITEM
46.446330958850304
5.512599890954147,-1.4236907044844471,-6.4313653159418696,-2.2625334442883536,0.5020310986685933,1.275287092914129,1.2743636108384035,1.9958014082997377,6.612131250558482,-3.2697317957221994,2.5949674410545653,4.224851012605437,0.4793917322789127,2.399852798017029,6.4354799376974015
HOF ITEM
46.44802138216312
5.512599890954147,-1.4236907044844471,-6.4313653159418696,-2.2625334442883536,0.5020310986685933,1.275287092914129,1.2743636108384035,1.9958014082997377,6.612131250558482,-3.342665245530048,2.664339954905108,4.224851012605437,0.4793917322789127,2.239332147666802,6.4354799376974015
HOF ITEM
46.44802140747424
5.512599890954147,-1.4236907044844471,-6.4313653159418696,-2.2625334442883536,0.5020310986685933,1.275287092914129,1.2743636108384035,1.9958014082997377,6.612131250558482,-3.2697317957221994,2.5949674410545653,4.224851012605437,0.4793917322789127,2.239332147666802,6.4354799376974015
HOF ITEM
46.4487517848726
5.512599890954147,-1.4236907044844471,-6.4313653159418696,-2.2625334442883536,0.5020310986685933,1.275287092914129,1.2743636108384035,1.9958014082997377,6.612131250558482,-3.342665245530048,2.664339954905108,4.224851012605437,0.4793917322789127,2.239332147666802,6.876436966399728
seed 684
Initial fitness values: [np.float64(65.07711332362892), np.float64(58.585717214949184), np.float64(57.505372030990515), np.float64(53.69357318292451), np.float64(53.69357318292451), np.float64(51.9742906425699), np.float64(51.66074243651016), np.float64(51.11277752036062), np.float64(50.77551473547186), np.float64(50.14141500727123)]
Final fitness values: [np.float64(43.9965262004334), np.float64(43.9965262004334), np.float64(43.995477357011886), np.float64(43.99630408924846), np.float64(43.99630408924846), np.float64(43.99519132939579), np.float64(43.98882440428474), np.float64(43.98882440428474), np.float64(43.98674932305676), np.float64(43.98674932305676)]
HOF ITEM
43.98674932305676
-6.5161954137252955,1.5617065960126657,-1.3264043198672524,-5.130683167082386,2.293756168565874,5.71611208977617,-5.2025787446587675,1.8897216538514383,6.942083519423701,-5.664392508893872,2.676390286057345,2.8158319121288726,-6.399064038915682,1.5743471476860487,1.049689994137018
HOF ITEM
43.98710563371515
-6.5161954137252955,1.5617065960126657,-1.2037250572097413,-5.130683167082386,2.293756168565874,5.992597469893759,-5.2025787446587675,1.8897216538514383,6.942083519423701,-5.664392508893872,2.676390286057345,2.8158319121288726,-6.399064038915682,1.5743471476860487,1.049689994137018
HOF ITEM
43.988747852455134
-6.5161954137252955,1.5617065960126657,-1.2037250572097413,-5.130683167082386,2.293756168565874,5.992597469893759,-5.2025787446587675,1.8897216538514383,6.942083519423701,-5.664392508893872,2.676390286057345,2.8158319121288726,-6.399064038915682,1.1715058645460865,1.049689994137018
HOF ITEM
43.988747852455134
-6.5161954137252955,1.5617065960126657,-1.2037250572097413,-5.130683167082386,2.293756168565874,5.992597469893759,-5.2025787446587675,1.8897216538514383,6.942083519423701,-5.664392508893872,2.4958685763578474,2.8158319121288726,-6.399064038915682,1.1715058645460865,1.049689994137018
HOF ITEM
43.988747852455134
-6.5161954137252955,1.5617065960126657,-1.2037250572097413,-5.130683167082386,2.293756168565874,5.992597469893759,-5.2025787446587675,1.8897216538514383,6.942083519423701,-5.664392508893872,2.676390286057345,2.831903419338275,-6.399064038915682,1.1715058645460865,1.049689994137018
seed 685
Initial fitness values: [np.float64(61.12694561380474), np.float64(56.130867141159285), np.float64(55.915365427783655), np.float64(54.35379944627906), np.float64(53.462626668158016), np.float64(48.21779045366308), np.float64(44.95157404289209), np.float64(44.88352893378012), np.float64(44.49491895818225), np.float64(44.49491895818225)]
Final fitness values: [np.float64(43.82734905087844), np.float64(43.82635614369887), np.float64(43.82635614369887), np.float64(43.82635000593803), np.float64(43.826349293975944), np.float64(43.826349293975944), np.float64(43.82634923780857), np.float64(43.82634923780857), np.float64(43.82634923780857), np.float64(43.82634923780857)]
HOF ITEM
43.82634923780857
-2.223630619693414,1.5322113066451806,-3.457575674778354,1.2346001464642578,2.7060871636454547,0.06660990996433597,-0.9753684851913037,2.8293147830241248,1.419891293433246,4.337419744863461,1.7379006301047808,0.2767806426253816,3.018914333920623,2.0059092634140328,2.698309369596488
HOF ITEM
43.82634923780943
-2.223630619693414,1.5322113066451806,-3.457575674778354,1.2346001464642578,2.7060871636454547,0.06660990996433597,-0.9753684851913037,2.8293147830241248,1.419891293433246,4.337419744863461,1.7379006301047808,0.2767806426253816,3.018914333920623,2.0059092634140328,2.768708891608447
HOF ITEM
43.82634923896996
-2.223630619693414,1.5322113066451806,-3.457575674778354,1.2346001464642578,2.7060871636454547,0.06660990996433597,-0.9753684851913037,2.8293147830241248,1.419891293433246,4.337419744863461,1.4685390759511616,0.2767806426253816,3.018914333920623,2.0059092634140328,2.698309369596488
HOF ITEM
43.8263492579344
-2.223630619693414,1.5322113066451806,-3.457575674778354,1.2346001464642578,2.7060871636454547,0.06660990996433597,-0.9753684851913037,2.8293147830241248,1.419891293433246,4.486488486038556,1.4685390759511616,0.6404239595423026,3.2382740188853423,1.6068098261153967,2.768708891608447
HOF ITEM
43.82634925848475
-2.223630619693414,1.5322113066451806,-3.457575674778354,1.2346001464642578,2.7060871636454547,0.06660990996433597,-0.9753684851913037,2.8293147830241248,1.419891293433246,4.337419744863461,1.7379006301047808,0.2767806426253816,3.2150566844927417,1.6068098261153967,2.768708891608447
seed 686
Initial fitness values: [np.float64(60.437753356777655), np.float64(54.044994468506104), np.float64(52.693357131327865), np.float64(52.37816096453932), np.float64(51.893539015082354), np.float64(51.64154478395948), np.float64(51.64154478395948), np.float64(51.629905128404495), np.float64(51.62657334520284), np.float64(51.62657334520284)]
Final fitness values: [np.float64(51.591046054473736), np.float64(51.591046054473736), np.float64(51.59104605432502), np.float64(51.59104605432502), np.float64(51.59104605432502), np.float64(51.59104605432502), np.float64(51.59104605432502), np.float64(51.59104605432502), np.float64(51.59104605432502), np.float64(51.59104605432502)]
HOF ITEM
51.59104605432502
-4.140209878568137,-2.7783222735448607,-3.7442315618117,-0.09039580473282971,1.6876273352104403,3.4039669276356417,-2.829982189239557,2.0923185137688,1.6352385019084787,5.9537590674930465,1.2701484097883795,6.111033918092943,-2.493946705166776,0.8815716755866531,1.4841303891761661
HOF ITEM
51.59104605432502
-4.140209878568137,-2.8188368588485453,-3.7442315618117,-0.09039580473282971,1.6876273352104403,3.4039669276356417,-2.829982189239557,2.0923185137688,1.6352385019084787,5.9537590674930465,1.2701484097883795,6.111033918092943,-2.493946705166776,0.8815716755866531,1.4841303891761661
HOF ITEM
51.59104605447316
-4.140209878568137,-2.8188368588485453,-3.7442315618117,-0.09039580473282971,1.6876273352104403,3.4039669276356417,-2.829982189239557,2.0923185137688,1.6352385019084787,5.9537590674930465,1.446619054954486,6.065887864512813,-2.493946705166776,0.8815716755866531,1.4841303891761661
HOF ITEM
51.59104605447316
-4.140209878568137,-2.7783222735448607,-3.7442315618117,-0.09039580473282971,1.6876273352104403,3.4039669276356417,-2.829982189239557,2.0923185137688,1.6352385019084787,5.9537590674930465,1.446619054954486,6.065887864512813,-2.493946705166776,0.8815716755866531,1.4841303891761661
HOF ITEM
51.59104605447318
-4.140209878568137,-2.8188368588485453,-3.7442315618117,-0.09039580473282971,1.6876273352104403,3.4039669276356417,-2.829982189239557,2.0923185137688,1.6352385019084787,5.9537590674930465,1.446619054954486,6.111033918092943,-2.493946705166776,0.8815716755866531,1.4841303891761661
seed 687
Initial fitness values: [np.float64(57.615407436190715), np.float64(55.41445558474745), np.float64(54.739940706324774), np.float64(53.23053272163577), np.float64(52.686922655512305), np.float64(51.58214249984099), np.float64(49.85000153745437), np.float64(49.07034718183905), np.float64(47.988014741048445), np.float64(46.21561496443623)]
Final fitness values: [np.float64(43.53950092199505), np.float64(43.538452159189454), np.float64(43.538452159189454), np.float64(43.53794527462725), np.float64(43.53794527462725), np.float64(43.53794527462725), np.float64(43.53771197417004), np.float64(43.53771197417004), np.float64(43.53771197417004), np.float64(43.53771197417004)]
HOF ITEM
43.53771197417004
0.1595688873114881,0.9481335870982458,-6.915292731323218,6.9772265443943855,0.6729807149776673,-5.96809346863041,0.7144422602251221,2.0380323068993818,0.6435136375767233,5.893807620070261,0.0,3.1291144343888435,2.599235810767046,2.7628745916236856,3.205795672893918
HOF ITEM
43.53771197417004
0.1595688873114881,0.9481335870982458,-6.915292731323218,6.9772265443943855,0.6729807149776673,-5.96809346863041,0.7144422602251221,2.0380323068993818,0.6435136375767233,5.893807620070261,0.0,3.1291144343888435,2.7683173116311184,2.7628745916236856,3.205795672893918
HOF ITEM
43.53771197417004
0.1595688873114881,0.9481335870982458,-6.915292731323218,6.9772265443943855,0.6729807149776673,-5.96809346863041,0.7144422602251221,2.0380323068993818,0.6435136375767233,5.893807620070261,0.0,3.1291144343888435,2.599235810767046,2.7628745916236856,2.5890318778119386
HOF ITEM
43.53794527462725
0.1595688873114881,0.9481335870982458,-7.0,6.9772265443943855,0.838391973292349,-5.578171318793774,0.7144422602251221,2.0380323068993818,0.6435136375767233,5.893807620070261,0.0,3.1291144343888435,2.599235810767046,2.7628745916236856,3.205795672893918
HOF ITEM
43.53794527462725
0.1595688873114881,0.9481335870982458,-7.0,6.9772265443943855,0.838391973292349,-5.578171318793774,0.7144422602251221,2.0380323068993818,0.6435136375767233,5.893807620070261,0.0,3.1291144343888435,2.7683173116311184,2.7628745916236856,3.0981452939970175
seed 688
Initial fitness values: [np.float64(58.11515595464876), np.float64(58.11515595464876), np.float64(55.51112016842754), np.float64(55.51112016842754), np.float64(54.985566984230395), np.float64(54.07372471038514), np.float64(54.07372471038514), np.float64(52.633252221154606), np.float64(51.83933184465565), np.float64(51.83758865008533)]
Final fitness values: [np.float64(42.7134838130521), np.float64(42.7134838130521), np.float64(42.7134838130521), np.float64(42.7134838130521), np.float64(42.71228678349463), np.float64(42.71228678349463), np.float64(42.71228678349463), np.float64(42.71228678349463), np.float64(42.71228678349463), np.float64(42.71228678349463)]
HOF ITEM
42.71228678349463
-2.7945851751068194,1.5620726025903986,5.175640491029387,3.4212244840797306,-5.997034086979545,0.2524259374021152,-1.5094152906619596,2.4366607796588897,1.8811300860625946,3.149784427769396,0.0,2.435607474508076,-6.594699741018517,0.0,0.5820891054361207
HOF ITEM
42.71282970228457
-2.7945851751068194,1.5620726025903986,5.175640491029387,3.4212244840797306,-5.997034086979545,0.2524259374021152,-1.5094152906619596,2.4366607796588897,1.8811300860625946,3.149784427769396,0.0,2.435607474508076,-7.0,0.0,0.5820891054361207
HOF ITEM
42.71315598355128
-2.7945851751068194,1.5620726025903986,5.175640491029387,3.4212244840797306,-5.997034086979545,0.2524259374021152,-1.5094152906619596,2.4366607796588897,1.8811300860625946,3.149784427769396,0.0,2.435607474508076,-6.594699741018517,0.2629850630201163,0.5820891054361207
HOF ITEM
42.7134838130521
-2.7945851751068194,1.5620726025903986,5.175640491029387,3.4212244840797306,-5.997034086979545,0.2524259374021152,-1.5094152906619596,2.4366607796588897,1.8811300860625946,3.149784427769396,0.0,2.435607474508076,-7.0,0.2629850630201163,0.5820891054361207
HOF ITEM
42.7150388470817
-2.7945851751068194,1.5620726025903986,5.175640491029387,3.4212244840797306,-5.997034086979545,0.19200970460236888,-1.5094152906619596,2.4366607796588897,1.8811300860625946,3.149784427769396,0.0,2.435607474508076,-7.0,0.2629850630201163,0.5820891054361207
seed 689
Initial fitness values: [np.float64(55.260545440779666), np.float64(55.260545440779666), np.float64(52.236415757880934), np.float64(52.15248074915861), np.float64(50.2359178930086), np.float64(49.260803970786306), np.float64(48.98407487029055), np.float64(45.33266578036349), np.float64(45.33266578036349), np.float64(45.33266578036349)]
Final fitness values: [np.float64(42.37838175305784), np.float64(42.37838175305784), np.float64(42.37838175305784), np.float64(42.37838175305784), np.float64(42.37838175305784), np.float64(42.37838175305784), np.float64(42.37838175305784), np.float64(42.37838175305784), np.float64(42.37838175305784), np.float64(42.37838175305784)]
HOF ITEM
42.37838175305784
0.03439796009195639,1.0368012660425951,-6.3215999173484,-2.6862355669832096,0.9196039908136527,-6.767831657236515,0.6520356995135775,2.601378899308442,4.107727634493382,3.5567506374748574,0.985072094612502,1.0883251925328252,-1.3277083866404653,1.9594945731330613,0.09023387590201787
HOF ITEM
42.38089040682413
0.03439796009195639,1.0368012660425951,-6.3215999173484,-2.6862355669832096,0.9196039908136527,-6.767831657236515,0.6520356995135775,2.601378899308442,4.107727634493382,3.5567506374748574,0.995711759928714,1.0883251925328252,-1.3277083866404653,1.9594945731330613,0.09023387590201787
HOF ITEM
42.38303856680652
0.03439796009195639,1.0368012660425951,-6.3215999173484,-2.6862355669832096,0.9196039908136527,-6.767831657236515,0.6520356995135775,2.601378899308442,4.107727634493382,3.5567506374748574,0.985072094612502,0.9984232021446112,-1.3277083866404653,1.9594945731330613,0.09023387590201787
HOF ITEM
42.38394505141291
0.03439796009195639,1.0368012660425951,-6.3215999173484,-2.6862355669832096,0.9196039908136527,-6.767831657236515,0.6520356995135775,2.601378899308442,4.107727634493382,3.5567506374748574,0.985072094612502,0.9799480492072025,-1.3277083866404653,1.9594945731330613,0.09023387590201787
HOF ITEM
42.385223016848514
0.03439796009195639,1.0368012660425951,-6.3215999173484,-2.6862355669832096,0.9196039908136527,-6.767831657236515,0.6520356995135775,2.601378899308442,4.107727634493382,3.5567506374748574,0.995711759928714,0.9984232021446112,-1.3277083866404653,1.9594945731330613,0.09023387590201787
best parameter set
fitness 42.13942029444587 seed 689
0.028479974764380554,1.0636332100493306,-6.317020633048329,-2.6881099001229667,0.9223055569558487,-6.7673802057880375,0.654843787524962,2.5914483534220656,4.105940031663591,3.5568145508027897,0.9958400113091946,0.9983811653489183,-1.3287968558221883,1.9622202151578954,0.08098515290222902
