seeds are [500 501 502 503 504 505 506 507 508 509]
seed 500
Initial fitness values: [np.float64(12.531833015678071), np.float64(12.309504886820244), np.float64(11.826725130689816), np.float64(11.753554249440423), np.float64(11.29956348707881), np.float64(11.112305475093503), np.float64(11.112305475093503), np.float64(11.10297728855275), np.float64(11.031789570055311), np.float64(11.031789570055311)]
Final fitness values: [np.float64(10.707838402504311), np.float64(10.707838402504311), np.float64(10.707838402504311), np.float64(10.67564399840539), np.float64(10.67564399840539), np.float64(10.67564399840539), np.float64(10.675643878251043), np.float64(10.675643878251043), np.float64(10.675642385552818), np.float64(10.675640227442784)]
HOF ITEM
10.675640227442784
-2.6202895169862304,1.5695148827292515,3.2092810496644484,1.6553190467748657,-0.30753293405726634,-3.4234253422452716,0.20109711899787913,0.8496793286138933,-6.755816249257603,-1.3375286064661622,3.0,4.107463896553121,0.24138825191606134,2.767299549307191,4.984126809532006,4.109702272560869,2.56922403797598,4.430511932195004
HOF ITEM
10.675642385552818
-2.6202895169862304,1.5695148827292515,3.2092810496644484,1.6553190467748657,-0.30753293405726634,-3.4234253422452716,0.20109711899787913,0.8496793286138933,-6.755816249257603,-1.3375286064661622,3.0,4.107463896553121,0.04287009265764816,3.0,4.984126809532006,3.734100427690179,2.510611510152864,4.333632107331051
HOF ITEM
10.675643878251043
-2.6202895169862304,1.5695148827292515,3.2092810496644484,1.6553190467748657,-0.30753293405726634,-3.4234253422452716,0.20109711899787913,0.8496793286138933,-6.755816249257603,-1.3375286064661622,3.0,4.107463896553121,0.24138825191606134,2.899149911951266,4.984126809532006,3.661370174368412,2.510611510152864,4.71260069334469
HOF ITEM
10.675643878251043
-2.6202895169862304,1.5695148827292515,3.2092810496644484,1.6553190467748657,-0.30753293405726634,-3.4234253422452716,0.20109711899787913,0.8496793286138933,-6.755816249257603,-1.3375286064661622,3.0,4.107463896553121,0.24138825191606134,2.899149911951266,4.984126809532006,3.806307277565108,2.510611510152864,4.71260069334469
HOF ITEM
10.675643878251043
-2.6202895169862304,1.5695148827292515,3.2092810496644484,1.6553190467748657,-0.30753293405726634,-3.4234253422452716,0.20109711899787913,0.8496793286138933,-6.755816249257603,-1.3375286064661622,3.0,4.107463896553121,0.24138825191606134,2.899149911951266,4.984126809532006,3.661370174368412,2.56922403797598,4.71260069334469
seed 501
Initial fitness values: [np.float64(13.979045664162744), np.float64(13.515198741667046), np.float64(13.334773384215726), np.float64(13.313749954491739), np.float64(13.313749954491739), np.float64(13.313749954491739), np.float64(13.3026349842658), np.float64(13.298814180573853), np.float64(13.287801253755507), np.float64(13.287801253755507)]
Final fitness values: [np.float64(12.306803367075792), np.float64(12.306803367075792), np.float64(12.306803367075792), np.float64(12.306799128971301), np.float64(12.306799128971301), np.float64(12.30679719465271), np.float64(12.30679719465271), np.float64(12.30679719465271), np.float64(12.30679719465271), np.float64(12.30679719465271)]
HOF ITEM
12.30679719465271
-4.987553005792737,-0.9557022820464225,4.661879880375407,4.606019592986041,5.145810788501655,0.11509705617807053,1.1776088563603568,0.4156833257711395,3.981363112405889,6.815760311237913,1.2308158903097943,-1.421412711607119,-4.118478797919631,2.169372661293386,-3.899402630430103,5.196339463888294,1.2794487130535233,5.7591752135138155
HOF ITEM
12.30679719465271
-4.987553005792737,-0.9557022820464225,4.661879880375407,4.606019592986041,5.145810788501655,0.11509705617807053,1.1776088563603568,0.4156833257711395,3.981363112405889,6.815760311237913,1.3987024712489826,-1.421412711607119,-4.118478797919631,2.169372661293386,-3.899402630430103,5.196339463888294,1.2794487130535233,5.7591752135138155
HOF ITEM
12.30679719465271
-4.987553005792737,-0.9557022820464225,4.661879880375407,4.606019592986041,5.145810788501655,0.11509705617807053,1.1776088563603568,0.4156833257711395,3.981363112405889,5.092370815364488,1.3987024712489826,-1.8197798697489693,-4.118478797919631,2.169372661293386,-3.899402630430103,5.196339463888294,1.2794487130535233,5.7591752135138155
HOF ITEM
12.30679719465271
-4.987553005792737,-0.9557022820464225,4.661879880375407,4.606019592986041,5.145810788501655,0.11509705617807053,1.1776088563603568,0.4156833257711395,3.981363112405889,6.815760311237913,1.2308158903097943,-1.8197798697489693,-4.118478797919631,2.169372661293386,-3.899402630430103,5.196339463888294,1.2794487130535233,5.7591752135138155
HOF ITEM
12.30679719465271
-4.987553005792737,-0.9557022820464225,4.661879880375407,4.606019592986041,5.145810788501655,0.11509705617807053,1.1776088563603568,0.4156833257711395,3.981363112405889,5.092370815364488,1.3987024712489826,-1.421412711607119,-4.118478797919631,2.169372661293386,-3.899402630430103,5.196339463888294,1.2794487130535233,5.7591752135138155
seed 502
Initial fitness values: [np.float64(13.519085996286375), np.float64(13.173851099743011), np.float64(13.173851099743011), np.float64(12.677592635651122), np.float64(12.583330780449668), np.float64(12.550754319632336), np.float64(12.494806661898632), np.float64(12.464467137115701), np.float64(12.421753257013926), np.float64(12.421753257013926)]
Final fitness values: [np.float64(10.858875038896668), np.float64(10.858875038896668), np.float64(10.858875038896668), np.float64(10.857729913350145), np.float64(10.857729913350145), np.float64(10.857729913350145), np.float64(10.857729913350145), np.float64(10.848834448953964), np.float64(10.848834448953964), np.float64(10.847494914469488)]
HOF ITEM
10.847494914469488
-6.3074113509158805,1.3773412108134007,-2.5197352788867398,-5.171935513762449,-4.424749404866344,2.4815363516628173,3.4898564041849687,1.3700071748909672,-5.891499312413062,2.7168023294438797,2.520558244139483,-0.06380085396550689,-5.046811080833496,1.8872251277482088,-0.5544764918360332,-3.026854462146935,0.057717715108262346,4.071806427951898
HOF ITEM
10.848393948489086
-6.3074113509158805,1.3773412108134007,-2.4871211331452026,-5.182469679976566,-4.232912349608673,3.850621626591142,3.614572718199359,1.8800745655874544,-5.97090598591462,2.0300686629051445,2.6836222913095393,-0.2400181787040524,-5.0538128330241365,1.8872251277482088,-0.5544764918360332,-2.9774394111790845,0.057717715108262346,3.7847380606369505
HOF ITEM
10.848834448953964
-6.3074113509158805,1.3773412108134007,-2.5197352788867398,-5.347732229001241,-4.424749404866344,2.4815363516628173,3.4898564041849687,1.3700071748909672,-5.891499312413062,2.7168023294438797,2.520558244139483,-0.06380085396550689,-5.046811080833496,1.8872251277482088,-0.5544764918360332,-3.026854462146935,0.057717715108262346,4.071806427951898
HOF ITEM
10.850730831286711
-6.3074113509158805,1.3773412108134007,-2.5197352788867398,-5.347732229001241,-4.424749404866344,2.459658621096297,3.4898564041849687,1.3700071748909672,-5.891499312413062,2.570817820634896,2.2795040465527356,0.15530397651743913,-5.046811080833496,1.8872251277482088,-0.5544764918360332,-2.91532869998459,0.46879733208813334,4.071806427951898
HOF ITEM
10.851029602081557
-6.3074113509158805,1.3773412108134007,-2.5197352788867398,-5.347732229001241,-4.424749404866344,2.9789112361971113,3.4857874759556906,2.020583163864982,-5.891499312413062,2.68240603971736,2.4118594786556535,-0.06380085396550689,-5.046811080833496,1.8872251277482088,-0.5544764918360332,-3.026854462146935,0.057717715108262346,4.071806427951898
seed 503
Initial fitness values: [np.float64(13.800647434142123), np.float64(13.680496932419127), np.float64(13.36724397970849), np.float64(13.208466406477896), np.float64(13.208466406477896), np.float64(13.193577802271161), np.float64(13.191124820468968), np.float64(13.186507367173778), np.float64(13.182371701116548), np.float64(13.17432127756618)]
Final fitness values: [np.float64(11.333291497189775), np.float64(11.333291438438373), np.float64(11.308632309305873), np.float64(11.201918612296705), np.float64(11.201918612296705), np.float64(11.048595150423985), np.float64(11.048595150423985), np.float64(11.048595150423985), np.float64(10.97513463389041), np.float64(10.787118751277806)]
HOF ITEM
10.787118751277806
6.158291737081094,-1.1085923913358195,-2.5990803207410895,-2.2447040264307456,6.891878867160949,-3.08737653451759,0.3029467200758693,2.4882989603546912,2.2447898076438793,5.858593313603914,2.8498033767203497,0.7377335459642724,3.8910756169095198,2.3939175788253046,7.0,1.353511257927175,0.47745553572794835,-3.7045738332840283
HOF ITEM
10.926141981903996
6.149714266876435,-1.1085923913358195,-2.6124490789270083,-2.1103719171438367,7.0,-3.1635256009235553,0.3755266855377136,2.0705715740094854,3.1025396411499115,5.896982918343412,2.2905152720692175,0.56230249035555,3.872550661976896,2.459050509595446,7.0,1.3595472833391034,0.30921357791635323,-3.9933304643434204
HOF ITEM
10.943390849084874
6.149714266876435,-1.1085923913358195,-2.42117217856768,-1.813932123335905,6.9791121605516055,-3.2895444695233595,0.3029467200758693,2.4171516238046062,2.4826614083943164,5.546420808310911,2.474566287103701,0.8350154579010367,3.9745182862294244,1.4433442888626495,7.0,1.5279492974477498,0.42653735100940615,-3.6769352341737584
HOF ITEM
10.945657970942365
6.429294882401629,-1.1467885090572976,-2.6143883685729725,-2.3705834189752872,6.829205553307003,-3.1635256009235553,0.5232235142867613,2.0248438500777897,3.1025396411499115,5.295515869178499,2.492259550605854,0.19018870412227717,4.261620723347045,2.5882992352089786,6.860583097764368,1.3324807621087205,0.28891115299921427,-3.499673840035831
HOF ITEM
10.97513463389041
6.149714266876435,-1.1085923913358195,-2.3095147031151475,-2.2447040264307456,6.9791121605516055,-3.2895444695233595,0.3029467200758693,2.4171516238046062,2.4826614083943164,5.546420808310911,2.62832908488295,0.6093913979109867,3.9745182862294244,1.4433442888626495,7.0,1.5279492974477498,0.42653735100940615,-3.6681703515726216
seed 504
Initial fitness values: [np.float64(14.228764199441414), np.float64(13.583273410635346), np.float64(13.256547062856047), np.float64(12.200169601881727), np.float64(12.20010177618289), np.float64(12.083896190646119), np.float64(10.679848382357376), np.float64(10.679684689658739), np.float64(10.630727872457985), np.float64(10.400430906755986)]
Final fitness values: [np.float64(10.056014399675751), np.float64(10.054754806134078), np.float64(10.054754806134078), np.float64(10.054754334149116), np.float64(10.054754334149116), np.float64(10.054753762361413), np.float64(10.054753762361413), np.float64(10.054753762361413), np.float64(10.054724817364786), np.float64(10.054724817364786)]
HOF ITEM
10.054724817364786
-5.751499349349394,1.802708088693354,-3.0168790449311875,7.0,-2.5296429882509384,1.9440000104107606,-4.923765337090154,0.0,-6.810428424538526,7.0,2.3813578242649234,-4.084835106331999,-5.575158424128587,1.1295606601707846,0.7870222591619207,-3.535561928725482,2.4131823339232215,-4.697920771012261
HOF ITEM
10.054724817364786
-5.751499349349394,1.802708088693354,-3.0168790449311875,7.0,-2.5296429882509384,1.9440000104107606,-4.923765337090154,0.0,-6.810428424538526,7.0,2.3813578242649234,-4.084835106331999,-5.575158424128587,1.1295606601707846,0.7870222591619207,-3.967741552180179,2.387853123363314,-4.825553362947847
HOF ITEM
10.054724817364786
-5.751499349349394,1.802708088693354,-3.0168790449311875,7.0,-2.5296429882509384,1.9440000104107606,-4.923765337090154,0.0,-6.810428424538526,6.912963546177555,2.243263997061021,-4.741619725402702,-5.575158424128587,1.1295606601707846,0.7870222591619207,-3.8738880874519355,2.387853123363314,-4.923794974141774
HOF ITEM
10.054753762361413
-5.751499349349394,1.802708088693354,-2.515669490390669,7.0,-2.417884791392466,1.9440000104107606,-4.923765337090154,0.0,-6.810428424538526,6.7451478676302195,2.3813578242649234,-4.084835106331999,-5.575158424128587,1.1295606601707846,0.7870222591619207,-3.967741552180179,2.387853123363314,-4.825553362947847
HOF ITEM
10.054753762361413
-5.751499349349394,1.802708088693354,-2.515669490390669,7.0,-2.417884791392466,1.9440000104107606,-4.923765337090154,0.0,-6.810428424538526,7.0,2.3813578242649234,-4.084835106331999,-5.575158424128587,1.1295606601707846,0.7870222591619207,-3.535561928725482,2.387853123363314,-4.697920771012261
seed 505
Initial fitness values: [np.float64(14.261420231340567), np.float64(13.876249090844844), np.float64(13.348624716711031), np.float64(13.230242195880157), np.float64(13.229812295440063), np.float64(13.217550672483583), np.float64(13.190642716868412), np.float64(13.152229126229413), np.float64(13.152229126229413), np.float64(13.147617387189278)]
Final fitness values: [np.float64(10.467339547918646), np.float64(10.467339547918646), np.float64(10.467339547918646), np.float64(10.461142631268958), np.float64(10.426498674491123), np.float64(10.426498674491123), np.float64(10.422617378054621), np.float64(10.409730112823064), np.float64(10.409730112823064), np.float64(10.409730112823064)]
HOF ITEM
10.409730112823064
4.025951465284416,-0.6270467338682948,5.605729295167856,-5.539379515039024,-3.1836791007268452,-3.1349921910943714,-1.6634590624019423,2.4648713585660293,-2.7951215030231182,6.7951259353804,2.1025993445047315,-6.225286748810809,0.21838535966192407,2.3813978383861536,1.962125282157555,0.9522973670455661,0.13069621589101243,-3.988065229837908
HOF ITEM
10.41178217780884
4.025951465284416,-0.6270467338682948,5.605729295167856,-5.389853286783596,-3.1836791007268452,-3.1349921910943714,-1.6634590624019423,2.8539902311944254,-2.919601109089459,7.0,2.1025993445047315,-6.225286748810809,0.21838535966192407,2.3813978383861536,1.962125282157555,0.9522973670455661,0.13069621589101243,-4.0945567644550644
HOF ITEM
10.412141545820461
4.025951465284416,-0.6270467338682948,6.016502674730358,-5.4720751073386555,-3.1836791007268452,-3.1349921910943714,-1.6634590624019423,2.4648713585660293,-2.7951215030231182,6.7951259353804,2.348106316772983,-6.250239610453976,0.21838535966192407,2.3813978383861536,1.962125282157555,0.9522973670455661,0.13069621589101243,-4.301106989842252
HOF ITEM
10.412294667226247
4.025951465284416,-0.6270467338682948,5.605729295167856,-5.315914442310785,-3.1836791007268452,-3.1349921910943714,-1.5722615575472818,2.7739814993618,-3.2519653786855236,6.701098211156488,2.1025993445047315,-6.225286748810809,0.21838535966192407,2.3813978383861536,1.962125282157555,0.9522973670455661,0.13069621589101243,-3.988065229837908
HOF ITEM
10.412365589923152
4.025951465284416,-0.6270467338682948,5.605729295167856,-5.539379515039024,-3.1836791007268452,-3.1349921910943714,-1.5722615575472818,2.7739814993618,-3.2519653786855236,6.701098211156488,2.472040031148638,-6.225286748810809,0.21838535966192407,2.3813978383861536,1.962125282157555,0.9522973670455661,0.13069621589101243,-3.988065229837908
seed 506
Initial fitness values: [np.float64(14.852972991785817), np.float64(13.855903605470214), np.float64(13.846650281800214), np.float64(13.814138210084733), np.float64(13.582979827204337), np.float64(13.556936525615491), np.float64(13.004013208828672), np.float64(12.62547881925003), np.float64(12.62547881925003), np.float64(12.493617657823975)]
Final fitness values: [np.float64(12.327445338584726), np.float64(12.327445338584726), np.float64(12.327445338584726), np.float64(12.327445338584726), np.float64(12.327445338584726), np.float64(12.327445338584726), np.float64(12.327445338584726), np.float64(12.327445338584726), np.float64(12.327445338584726), np.float64(12.327445338584726)]
HOF ITEM
12.327445338584726
-3.1398266131355728,-0.9525593780664622,4.279177763546141,-2.7725982118014296,-1.1507457535221215,-4.9476730440171135,-2.4420912555090184,2.191023135236555,-5.212169083563843,-3.679375042677648,1.0386429341651238,5.0736438856322295,4.554643631135672,1.5362257375203998,1.5695870987818838,0.7725838759740068,0.7829900803058831,-1.455317463878037
HOF ITEM
12.327445338589524
-3.1398266131355728,-0.9525593780664622,4.279177763546141,-2.7725982118014296,-1.1507457535221215,-4.9476730440171135,-2.4420912555090184,2.191023135236555,-5.212169083563843,-3.679375042677648,1.0386429341651238,5.0736438856322295,4.554643631135672,1.5362257375203998,1.9206370621506614,0.7725838759740068,0.7829900803058831,-1.455317463878037
HOF ITEM
12.32744533859143
-3.1398266131355728,-0.9525593780664622,4.279177763546141,-2.7725982118014296,-1.1507457535221215,-4.9476730440171135,-2.4420912555090184,2.191023135236555,-5.212169083563843,-3.679375042677648,1.0386429341651238,5.0736438856322295,4.435483115885324,1.5362257375203998,1.5695870987818838,0.7725838759740068,0.7829900803058831,-1.455317463878037
HOF ITEM
12.327445338599782
-3.1398266131355728,-0.9525593780664622,4.279177763546141,-2.7725982118014296,-1.1507457535221215,-4.9476730440171135,-2.4420912555090184,2.191023135236555,-5.212169083563843,-3.679375042677648,1.0386429341651238,5.0736438856322295,4.435483115885324,1.5362257375203998,1.9206370621506614,0.7725838759740068,0.7829900803058831,-1.455317463878037
HOF ITEM
12.327445338619963
-3.1398266131355728,-0.9525593780664622,4.279177763546141,-2.7725982118014296,-1.1507457535221215,-4.9476730440171135,-2.4420912555090184,2.191023135236555,-5.212169083563843,-3.679375042677648,1.0386429341651238,5.0736438856322295,4.554643631135672,1.47730599854424,1.5695870987818838,0.7725838759740068,0.7829900803058831,-1.455317463878037
seed 507
Initial fitness values: [np.float64(14.255712474274638), np.float64(13.531576739505768), np.float64(12.909128903669515), np.float64(12.815155394542836), np.float64(11.7087925961905), np.float64(11.360708136814884), np.float64(11.22451482114647), np.float64(10.827421757397957), np.float64(10.42975384678298), np.float64(10.33122356298327)]
Final fitness values: [np.float64(8.546471997287453), np.float64(8.546471997287453), np.float64(8.546471997287453), np.float64(8.546471997287453), np.float64(8.546471997287453), np.float64(8.546471997287453), np.float64(8.546471997287453), np.float64(8.546471997287453), np.float64(8.546471997287453), np.float64(8.546471997287453)]
HOF ITEM
8.546471997287453
-0.8883321099689507,1.307698668967578,3.7106831362418298,1.480085214760488,-1.292723546858009,-1.2614022504823588,-1.233014554645203,1.3045504017944647,5.2242702803184695,-0.4587760180302324,0.0,4.628174937617869,0.03448983550618255,2.563979900765554,-0.7906935512553566,1.0369607916061527,2.3463716586996743,-1.4608633024477702
HOF ITEM
8.546875540821834
-0.8883321099689507,1.307698668967578,3.7106831362418298,1.480085214760488,-1.292723546858009,-1.2614022504823588,-1.233014554645203,1.3045504017944647,5.2242702803184695,-0.4587760180302324,0.0,4.628174937617869,0.03448983550618255,2.563979900765554,-0.7906935512553566,1.0369607916061527,2.3463716586996743,-1.2780891900274498
HOF ITEM
8.550194576842644
-0.8883321099689507,1.307698668967578,3.7106831362418298,1.480085214760488,-1.292723546858009,-1.2614022504823588,-1.233014554645203,1.3045504017944647,5.2242702803184695,-0.4587760180302324,0.0,4.628174937617869,0.03448983550618255,2.563979900765554,-0.7906935512553566,1.1160320115227043,2.3463716586996743,-1.4608633024477702
HOF ITEM
8.550529537159445
-0.8883321099689507,1.307698668967578,3.7106831362418298,1.480085214760488,-1.292723546858009,-1.2614022504823588,-1.233014554645203,1.3045504017944647,5.2242702803184695,-0.4587760180302324,0.0,4.628174937617869,0.03448983550618255,2.563979900765554,-0.7906935512553566,1.0369607916061527,2.5288912781483184,-1.4608633024477702
HOF ITEM
8.550685585795359
-0.8883321099689507,1.307698668967578,3.7106831362418298,1.480085214760488,-1.292723546858009,-1.2614022504823588,-1.233014554645203,1.3045504017944647,5.2242702803184695,-0.4587760180302324,0.0,4.628174937617869,0.03448983550618255,2.563979900765554,-0.7906935512553566,1.0369607916061527,2.5288912781483184,-1.2780891900274498
seed 508
Initial fitness values: [np.float64(13.855974951176774), np.float64(13.855974951176774), np.float64(13.31268631473373), np.float64(12.5053735781258), np.float64(12.325291358757358), np.float64(12.325291358757358), np.float64(11.67082803447754), np.float64(11.598233223042767), np.float64(11.405465034881631), np.float64(11.107430786419394)]
Final fitness values: [np.float64(10.567906709357482), np.float64(10.567906709357482), np.float64(10.56790265412441), np.float64(10.566254885316171), np.float64(10.566254885316171), np.float64(10.566254885316171), np.float64(10.566254885316171), np.float64(10.566254885316171), np.float64(10.566254885316171), np.float64(10.566254570823567)]
HOF ITEM
10.566254570823567
-4.157971195728848,1.5751000734321483,-5.507876154247695,1.2860078447570724,-5.677335046394369,1.6045885625704657,2.259065693496218,2.844807763688912,-0.10469260614978364,-2.839916410941219,2.4498525476595137,0.4609363977904276,4.791891897013822,0.0,2.36164534222977,-3.8885646128404416,1.923818317123468,4.136380769431954
HOF ITEM
10.566254885316171
-4.157971195728848,1.5751000734321483,-5.507876154247695,1.2860078447570724,-5.677335046394369,1.6045885625704657,2.7236530725150994,2.844807763688912,-0.10469260614978364,-2.839916410941219,2.4498525476595137,0.4609363977904276,4.791891897013822,0.0,2.36164534222977,-3.6957601049455095,1.923818317123468,4.136380769431954
HOF ITEM
10.566254885316171
-4.157971195728848,1.5751000734321483,-5.507876154247695,1.2860078447570724,-5.677335046394369,1.6045885625704657,2.5836397049947677,2.844807763688912,-0.10469260614978364,-2.839916410941219,2.4498525476595137,0.4609363977904276,4.791891897013822,0.0,2.36164534222977,-3.6957601049455095,1.923818317123468,4.136380769431954
HOF ITEM
10.566257304873277
-4.157971195728848,1.5751000734321483,-5.507876154247695,1.2860078447570724,-5.677335046394369,1.8921296440953912,2.5836397049947677,2.844807763688912,-0.2998650188683373,-2.839916410941219,2.4498525476595137,0.4609363977904276,4.791891897013822,0.0,2.36164534222977,-3.6957601049455095,1.923818317123468,4.136380769431954
HOF ITEM
10.566615053855864
-4.157971195728848,1.5751000734321483,-5.507876154247695,1.4364277460562747,-5.677335046394369,1.6045885625704657,2.7236530725150994,2.936504199320943,-0.10469260614978364,-2.839916410941219,2.4498525476595137,0.4609363977904276,4.8837917217891755,0.0,2.4277138127101687,-4.025453918504777,1.923818317123468,4.136380769431954
seed 509
Initial fitness values: [np.float64(14.733015881739755), np.float64(14.345122253337019), np.float64(13.340346123462794), np.float64(13.322812031634351), np.float64(12.868008850500742), np.float64(12.868008850500742), np.float64(12.561963836355218), np.float64(12.331583296389033), np.float64(12.331583296389033), np.float64(12.330757047427515)]
Final fitness values: [np.float64(12.26513051143859), np.float64(12.26513051143859), np.float64(12.26513051143859), np.float64(12.26485473708748), np.float64(12.26485473708748), np.float64(12.264792775802958), np.float64(12.264792775802958), np.float64(12.264792775802958), np.float64(12.264792775802958), np.float64(12.264792775802958)]
HOF ITEM
12.264792775802958
-5.325840215801398,-0.9160941893789243,1.745028171015536,-7.0,-0.7198710136318455,-3.35213549286722,-3.249589151677324,0.9345509168764503,2.8111649693426184,5.488659238054733,1.3455021014006325,-4.705967158582615,-4.292978006211992,2.092293433757533,-2.2860390505876653,4.3202502911271035,0.2873188898575543,1.9839608001498283
HOF ITEM
12.264792775802958
-5.325840215801398,-0.9160941893789243,1.745028171015536,-7.0,-0.7198710136318455,-3.35213549286722,-3.249589151677324,0.9345509168764503,2.8111649693426184,5.488659238054733,1.6016331136336617,-4.488537079825607,-4.292978006211992,2.092293433757533,-2.2860390505876653,4.3202502911271035,0.2873188898575543,1.9839608001498283
HOF ITEM
12.26485473708748
-5.325840215801398,-0.8457464567312616,1.745028171015536,-7.0,-0.7198710136318455,-3.35213549286722,-3.249589151677324,0.9345509168764503,2.8111649693426184,5.488659238054733,1.3455021014006325,-4.488537079825607,-4.292978006211992,2.092293433757533,-2.2860390505876653,4.3202502911271035,0.2873188898575543,1.9839608001498283
HOF ITEM
12.26485473708748
-5.325840215801398,-0.8457464567312616,1.745028171015536,-7.0,-0.7198710136318455,-3.35213549286722,-3.249589151677324,0.9345509168764503,2.8111649693426184,5.488659238054733,1.3455021014006325,-4.705967158582615,-4.292978006211992,2.092293433757533,-2.2860390505876653,4.3202502911271035,0.2873188898575543,1.9839608001498283
HOF ITEM
12.26485473708748
-5.325840215801398,-0.8457464567312616,1.745028171015536,-7.0,-0.7198710136318455,-3.35213549286722,-3.249589151677324,0.9345509168764503,2.8111649693426184,5.488659238054733,1.6016331136336617,-4.488537079825607,-4.292978006211992,2.092293433757533,-2.2860390505876653,4.3202502911271035,0.2873188898575543,1.9839608001498283
best parameter set
fitness 8.444932628317293 seed 507
-0.8964298684828097,1.3359308846243168,3.7003046192666424,1.4903850810193107,-1.2958797261728765,-1.258816721769825,-1.2025060971243233,1.3220803893914448,5.22086140917177,-0.46053838007408654,0.025319715066557454,4.6238022417985505,0.031959351880027326,2.5648645460905213,-0.7918198512747986,1.1119083716244273,2.3454310576357233,-1.4632663849042016
