seeds are [860 861 862 863 864 865 866 867 868 869]
seed 860
Initial fitness values: [np.float64(29.149733957566227), np.float64(28.839227111665245), np.float64(28.2105501903082), np.float64(26.41776454255952), np.float64(26.177148095117598), np.float64(26.177148095117598), np.float64(25.97419131635768), np.float64(25.96992145037558), np.float64(25.8910653885722), np.float64(25.85647996180209)]
Final fitness values: [np.float64(25.750620720748007), np.float64(25.750620720748007), np.float64(25.750620720748007), np.float64(25.750620720748007), np.float64(25.750620720748007), np.float64(25.750620720748007), np.float64(25.750620720748007), np.float64(25.750620720748007), np.float64(25.750620720748007), np.float64(25.75061913404182)]
HOF ITEM
25.75061913404182
-2.091635993987389,-3.621604418484218,-4.143921492461745,6.863127546671101,-0.5264620537898662,-1.5882428443343581,3.8959567352317053,0.5144698148023316,2.136636449076643,4.503503534328208,0.7690574131361846,-6.70616317585631,-0.9372433043809155,2.0765282281622306,-0.4767077533962308,5.670666265356354,2.2660441518583765,5.715885391507858
HOF ITEM
25.750620720748007
-2.091635993987389,-3.362593543408675,-4.041306329266047,6.863127546671101,-0.5264620537898662,-1.504633854177548,3.8959567352317053,0.5144698148023316,2.136636449076643,4.503503534328208,0.7690574131361846,-6.687766645982903,-0.9372433043809155,2.0765282281622306,-0.4767077533962308,5.652241596865066,2.5161324625837866,5.715885391507858
HOF ITEM
25.750620739235686
-2.091635993987389,-3.362593543408675,-4.041306329266047,6.863127546671101,-0.5264620537898662,-1.504633854177548,3.8959567352317053,0.5144698148023316,2.136636449076643,4.503503534328208,0.7690574131361846,-6.42499309623539,-0.9372433043809155,2.0765282281622306,-0.4767077533962308,5.822416594309904,2.4690356259484996,5.715885391507858
HOF ITEM
25.750620742655162
-2.091635993987389,-3.362593543408675,-4.041306329266047,6.863127546671101,-0.5264620537898662,-1.504633854177548,3.8959567352317053,0.5144698148023316,2.136636449076643,4.503503534328208,0.7690574131361846,-6.383140313136661,-0.9372433043809155,2.0765282281622306,-0.4767077533962308,5.652241596865066,2.5161324625837866,5.715885391507858
HOF ITEM
25.75064629313161
-2.091635993987389,-3.362593543408675,-3.7743160948840493,6.863127546671101,-0.5264620537898662,-1.504633854177548,3.8959567352317053,0.5144698148023316,2.136636449076643,4.503503534328208,0.7690574131361846,-6.687766645982903,-0.9372433043809155,2.0765282281622306,-0.4767077533962308,5.652241596865066,2.5161324625837866,5.715885391507858
seed 861
Initial fitness values: [np.float64(29.465227378250272), np.float64(28.383029391826764), np.float64(27.567587911640622), np.float64(26.71630461586563), np.float64(26.71630461586563), np.float64(25.873285638589504), np.float64(25.873285638589504), np.float64(25.84103411613232), np.float64(25.84103411613232), np.float64(25.84103411613232)]
Final fitness values: [np.float64(25.683592226946978), np.float64(25.676947457696922), np.float64(25.63307485657208), np.float64(25.63307485651337), np.float64(25.63307485651337), np.float64(25.633074856513353), np.float64(25.63110940841353), np.float64(25.631109408413494), np.float64(25.62910068374573), np.float64(25.61367635151038)]
HOF ITEM
25.61367635151038
-4.531797031096808,-3.9864004006629408,3.8737576914432017,-3.2752069319062445,0.22785332354419552,3.808953174653164,0.5059863616029127,2.392642104401977,-5.409185389410254,-3.2235584070311227,2.034256871187259,6.739942670292406,4.990779265108411,1.2229469397800514,-2.4656977801627504,-4.767725827822384,2.1595010677034017,3.267828664616417
HOF ITEM
25.62910068374573
-4.531797031096808,-3.7117939110695306,3.8737576914432017,-3.2752069319062445,0.22785332354419552,3.7313490728866063,0.5059863616029127,2.392642104401977,-5.409185389410254,-3.2235584070311227,2.034256871187259,6.739942670292406,4.990779265108411,1.2229469397800514,-2.4656977801627504,-4.767725827822384,2.1595010677034017,3.267828664616417
HOF ITEM
25.62910068374573
-4.531797031096808,-3.9864004006629408,3.8737576914432017,-3.2752069319062445,0.22785332354419552,3.7313490728866063,0.5059863616029127,2.392642104401977,-5.409185389410254,-3.2235584070311227,2.034256871187259,6.739942670292406,4.990779265108411,1.2229469397800514,-2.4656977801627504,-4.767725827822384,2.1595010677034017,3.267828664616417
HOF ITEM
25.631109408413494
-4.531797031096808,-3.7117939110695306,3.8737576914432017,-3.2752069319062445,0.22785332354419552,3.808953174653164,0.508652618838126,2.5422618304862206,-5.319533833739018,-3.2235584070311227,2.0508912385684366,6.739942670292406,5.362686809556171,1.3222211177664183,-2.017124244286084,-4.767725827822384,2.1595010677034017,3.537063524934509
HOF ITEM
25.631109408413494
-4.531797031096808,-3.9864004006629408,3.8737576914432017,-3.2752069319062445,0.22785332354419552,3.808953174653164,0.508652618838126,2.392642104401977,-5.348405631771482,-3.2235584070311227,2.0508912385684366,6.739942670292406,5.362686809556171,1.3222211177664183,-2.017124244286084,-4.767725827822384,2.1595010677034017,3.537063524934509
seed 862
Initial fitness values: [np.float64(33.54229568382622), np.float64(28.385460171860764), np.float64(28.064793142231608), np.float64(27.87445200218004), np.float64(27.734228417166047), np.float64(26.96841948055513), np.float64(26.79842656497712), np.float64(26.79842656497712), np.float64(26.360080474034405), np.float64(25.789711022941518)]
Final fitness values: [np.float64(21.856909929301125), np.float64(21.856909929301125), np.float64(21.856909929301125), np.float64(21.856909929301125), np.float64(21.856909929301125), np.float64(21.856909929301125), np.float64(21.856909929301125), np.float64(21.856909929301125), np.float64(21.856909929301125), np.float64(21.856909929301125)]
HOF ITEM
21.856909929301125
-2.4831982848504257,0.9272475332613921,0.562921340192506,3.1998656375076715,-1.9929559144317235,-2.8749289074210638,-6.61689912092378,2.7109618424858652,0.2829854534065798,-1.3643793022842419,1.5604194681487746,0.8544473765189797,6.926645914616965,0.44510549265334753,4.136230364352711,2.7515708158205414,0.06750214253959241,-2.1268075110395546
HOF ITEM
21.856909929301125
-2.4831982848504257,0.9272475332613921,0.562921340192506,3.1998656375076715,-1.9929559144317235,-2.8749289074210638,-6.5339507046481575,2.700822471055013,0.2829854534065798,-1.3643793022842419,1.5604194681487746,0.8544473765189797,6.926645914616965,0.44510549265334753,4.136230364352711,2.7515708158205414,0.06750214253959241,-2.1268075110395546
HOF ITEM
21.856909929301125
-2.4831982848504257,0.9272475332613921,0.562921340192506,3.1998656375076715,-1.9929559144317235,-2.8749289074210638,-6.61689912092378,2.700822471055013,0.2829854534065798,-1.3643793022842419,1.5604194681487746,0.8544473765189797,6.926645914616965,0.44510549265334753,4.136230364352711,2.7515708158205414,0.06750214253959241,-2.1268075110395546
HOF ITEM
21.856989609513395
-2.4831982848504257,0.9272475332613921,0.562921340192506,3.1998656375076715,-1.9929559144317235,-2.8749289074210638,-6.61689912092378,2.700822471055013,0.2823274552305961,-1.3643793022842419,1.5604194681487746,0.8544473765189797,6.926645914616965,0.6612025525185986,4.136230364352711,3.0947799717725726,0.06750214253959241,-2.1268075110395546
HOF ITEM
21.857144102495415
-2.4831982848504257,0.9272475332613921,0.562921340192506,3.1998656375076715,-1.9929559144317235,-2.8749289074210638,-6.5339507046481575,2.700822471055013,0.2829854534065798,-1.3643793022842419,1.5604194681487746,0.8544473765189797,6.926645914616965,0.44510549265334753,4.040386204127285,2.7515708158205414,0.06750214253959241,-2.1268075110395546
seed 863
Initial fitness values: [np.float64(28.410905428251432), np.float64(28.410905428251432), np.float64(27.643500849272694), np.float64(27.643500849272694), np.float64(27.43035261792482), np.float64(27.104885085083573), np.float64(26.88951250709535), np.float64(26.581678232500774), np.float64(26.545909747847062), np.float64(26.411640666502173)]
Final fitness values: [np.float64(24.137240974938464), np.float64(24.137240974938464), np.float64(24.137240974938464), np.float64(24.137240974938464), np.float64(24.137240974938464), np.float64(24.137240974938464), np.float64(24.137240974938464), np.float64(24.137240974938464), np.float64(24.137240974938464), np.float64(24.137240974938464)]
HOF ITEM
24.137240974938464
-6.637938506532705,1.7335466525075436,6.1928244772139385,4.072562796667757,3.396529376403583,4.734273826265884,6.071567343172652,2.5494329062679904,-6.7101607148156965,-3.6585875367936116,0.7484011157905865,5.140313702707067,-0.6456140031642887,2.3818870196191253,6.269196496278763,-5.150247907840561,1.5208159714869198,5.905589301571784
HOF ITEM
24.137240974938464
-6.637938506532705,1.7335466525075436,6.1928244772139385,4.072562796667757,3.396529376403583,4.734273826265884,4.947208682737621,2.5494329062679904,-7.0,-3.6585875367936116,0.7484011157905865,5.140313702707067,-0.7462556737665677,2.6041767100206084,5.785950509352974,-5.150247907840561,1.5208159714869198,5.905589301571784
HOF ITEM
24.137240974938464
-6.637938506532705,1.7335466525075436,6.1928244772139385,4.072562796667757,3.396529376403583,4.734273826265884,5.58039877130207,2.5494329062679904,-7.0,-3.6585875367936116,0.7484011157905865,5.140313702707067,-0.9558331685763254,2.6041767100206084,5.785950509352974,-5.150247907840561,1.5208159714869198,5.905589301571784
HOF ITEM
24.137240974938464
-6.637938506532705,1.7335466525075436,6.1928244772139385,4.072562796667757,3.396529376403583,4.734273826265884,5.58039877130207,2.5494329062679904,-6.759442832476366,-3.6585875367936116,0.7484011157905865,5.140313702707067,-0.7462556737665677,2.6041767100206084,5.785950509352974,-5.150247907840561,1.5208159714869198,5.905589301571784
HOF ITEM
24.137240974938464
-6.637938506532705,1.7335466525075436,6.1928244772139385,4.072562796667757,3.396529376403583,4.734273826265884,5.58039877130207,2.5494329062679904,-6.759442832476366,-3.6585875367936116,0.7484011157905865,5.140313702707067,-0.9558331685763254,2.6041767100206084,5.785950509352974,-5.150247907840561,1.5208159714869198,5.905589301571784
seed 864
Initial fitness values: [np.float64(30.837931951418806), np.float64(28.341647267716365), np.float64(27.05502449480955), np.float64(26.42000723482341), np.float64(26.054028527766743), np.float64(25.160859550348732), np.float64(25.160859550348732), np.float64(24.94127788926634), np.float64(23.97510113816236), np.float64(23.97510113816236)]
Final fitness values: [np.float64(22.576189459889996), np.float64(22.576189459889996), np.float64(22.551162156548745), np.float64(22.551043859370598), np.float64(22.52561901012446), np.float64(22.52561901012446), np.float64(22.51782877375826), np.float64(22.491630837305525), np.float64(22.491630837305525), np.float64(22.369481376729475)]
HOF ITEM
22.369481376729475
-1.3656683970544992,1.340085256948056,-5.125133237424968,-3.703643932436925,4.18237612231806,-5.496513622618517,-2.4217956167146952,1.0265423991836888,0.11089311652604342,0.5256710111985692,2.560088243698891,4.04756296909335,0.3564151432907663,2.6383567787391855,-1.2728506172832599,-0.3516467319649408,2.2846812695569163,-0.7185368368295297
HOF ITEM
22.445321981791388
-1.3656683970544992,1.308978530016002,-5.125133237424968,-4.301989792522242,3.9324305859367854,-5.494041387611888,-2.3693313625052523,0.7603764523182515,0.11089311652604342,0.7814445268260661,2.560088243698891,4.04756296909335,0.3415174257128396,2.170945185755847,-1.5586519199998616,-0.3516467319649408,2.2846812695569163,-0.7185368368295297
HOF ITEM
22.459855468681084
-1.3656683970544992,1.308978530016002,-5.125133237424968,-4.301989792522242,3.9324305859367854,-5.494041387611888,-2.483875031496225,0.7603764523182515,0.11089311652604342,0.7814445268260661,2.560088243698891,4.19121351693488,0.5059126063724142,2.204347082245003,-1.2728506172832599,-0.3516467319649408,2.2846812695569163,-0.7185368368295297
HOF ITEM
22.491630837305525
-1.3656683970544992,1.340085256948056,-5.125133237424968,-4.078449844021011,4.495924852252842,-5.496513622618517,-2.643604012375733,0.7603764523182515,0.11089311652604342,0.7814445268260661,2.560088243698891,4.04756296909335,0.6644597440073523,2.247567928133719,-1.2728506172832599,-0.3516467319649408,2.2846812695569163,-0.7185368368295297
HOF ITEM
22.491631655326294
-1.3656683970544992,1.340085256948056,-5.125133237424968,-4.078449844021011,4.495924852252842,-5.496513622618517,-2.643604012375733,0.7603764523182515,0.11089311652604342,0.7814445268260661,2.560088243698891,4.04756296909335,0.6644597440073523,2.204347082245003,-1.2728506172832599,-0.3516467319649408,2.2846812695569163,-0.7185368368295297
seed 865
Initial fitness values: [np.float64(31.66294793696967), np.float64(29.599093390956437), np.float64(26.562404950054532), np.float64(26.562404950054532), np.float64(26.296196599769274), np.float64(26.2485598200237), np.float64(26.079817449039922), np.float64(25.925806382384668), np.float64(25.91986053710224), np.float64(25.764908648925896)]
Final fitness values: [np.float64(23.796958451554236), np.float64(23.796958451554236), np.float64(23.796958451554236), np.float64(23.796958451554236), np.float64(23.796958451554236), np.float64(23.796958451554236), np.float64(23.796958451554236), np.float64(23.796958451554236), np.float64(23.796958451554236), np.float64(23.796958451554236)]
HOF ITEM
23.796958451554236
-1.7726039207666189,1.4125437872354978,2.050320322617297,5.394733149118586,-3.6829882880280604,-0.6946837686800266,4.80868672054546,2.4894100148090987,-0.6295570578425883,3.7156704605033184,1.0950044499408673,5.390171474514567,3.353504795837984,2.3314068242855925,-5.069733266948493,-1.230872163214312,2.239978711958633,-5.821098811517376
HOF ITEM
23.796958451554236
-1.7726039207666189,1.4125437872354978,2.050320322617297,5.394733149118586,-3.6829882880280604,-0.6946837686800266,4.212049041178763,2.6491644365852234,-0.6295570578425883,3.7156704605033184,1.0950044499408673,5.390171474514567,3.8429054928463677,2.876443830600415,-5.830067616090227,-1.230872163214312,2.239978711958633,-5.821098811517376
HOF ITEM
23.796958451554236
-1.7726039207666189,1.4125437872354978,2.050320322617297,5.394733149118586,-3.6829882880280604,-0.6946837686800266,4.212049041178763,2.4894100148090987,-0.6295570578425883,3.7156704605033184,1.0950044499408673,5.390171474514567,3.545810289780014,2.813933862989261,-5.069733266948493,-1.230872163214312,2.239978711958633,-5.821098811517376
HOF ITEM
23.796958451554236
-1.7726039207666189,1.4125437872354978,2.050320322617297,5.394733149118586,-3.6829882880280604,-0.6946837686800266,4.80868672054546,3.0,-0.6295570578425883,3.7156704605033184,1.0950044499408673,5.390171474514567,3.545810289780014,2.813933862989261,-5.069733266948493,-1.230872163214312,2.239978711958633,-5.821098811517376
HOF ITEM
23.796958451554236
-1.7726039207666189,1.4125437872354978,2.050320322617297,5.394733149118586,-3.6829882880280604,-0.6946837686800266,4.212049041178763,2.4894100148090987,-0.6295570578425883,3.7156704605033184,1.0950044499408673,5.390171474514567,3.545810289780014,2.876443830600415,-5.830067616090227,-1.230872163214312,2.239978711958633,-5.821098811517376
seed 866
Initial fitness values: [np.float64(31.189648121816667), np.float64(28.963858069445585), np.float64(28.606295825255195), np.float64(28.572169225970928), np.float64(28.271424195033646), np.float64(28.271424195033646), np.float64(28.200328276503956), np.float64(28.171091290449297), np.float64(28.171091290449297), np.float64(28.152516415028433)]
Final fitness values: [np.float64(23.345684534732662), np.float64(23.345681923829755), np.float64(23.345681232546212), np.float64(23.345681232546212), np.float64(23.345681232546212), np.float64(23.345680695998038), np.float64(23.345680695998038), np.float64(23.345680695998038), np.float64(23.345680695998038), np.float64(23.345680695998038)]
HOF ITEM
23.345680695998038
-5.879603182484987,1.5621591781050181,1.7640675701713167,-5.559776245250523,5.331061759239199,1.8754810957051038,4.389617616906568,1.2656961392070627,-5.161618773785489,1.6012775760131979,2.7884429709313405,-4.63363457843573,5.4521972526572196,2.6307861166820934,-2.9802630074194663,-4.671534686445398,2.025397190482348,-0.8179101328550128
HOF ITEM
23.345680695998038
-5.879603182484987,1.5621591781050181,1.7640675701713167,-5.559776245250523,5.331061759239199,1.8754810957051038,4.389617616906568,1.2656961392070627,-5.161618773785489,2.0460197225867174,2.7796788768969263,-4.63363457843573,5.4521972526572196,2.6307861166820934,-2.9802630074194663,-4.671534686445398,2.025397190482348,-0.8179101328550128
HOF ITEM
23.345680695998038
-5.879603182484987,1.5621591781050181,1.7640675701713167,-5.559776245250523,5.331061759239199,1.8754810957051038,4.389617616906568,1.2656961392070627,-5.161618773785489,1.6582335505451378,2.7884429709313405,-4.63363457843573,5.4521972526572196,2.6307861166820934,-2.9802630074194663,-4.671534686445398,2.025397190482348,-0.8179101328550128
HOF ITEM
23.345680695998038
-5.879603182484987,1.5621591781050181,1.7640675701713167,-5.559776245250523,5.331061759239199,1.8754810957051038,4.389617616906568,1.2656961392070627,-5.161618773785489,1.6582335505451378,2.7796788768969263,-4.63363457843573,5.4521972526572196,2.6307861166820934,-2.9802630074194663,-4.671534686445398,2.025397190482348,-0.8179101328550128
HOF ITEM
23.345680695999445
-5.879603182484987,1.5621591781050181,1.7640675701713167,-5.559776245250523,5.331061759239199,1.8754810957051038,3.7618409820412073,1.2656961392070627,-5.161618773785489,1.6582335505451378,2.7796788768969263,-4.63363457843573,5.4521972526572196,2.6307861166820934,-2.9802630074194663,-4.671534686445398,2.025397190482348,-0.8179101328550128
seed 867
Initial fitness values: [np.float64(31.08654402916283), np.float64(29.62652644691369), np.float64(28.915222058639042), np.float64(28.561200146427584), np.float64(28.236568827903383), np.float64(27.598624871348914), np.float64(27.20351786818018), np.float64(26.58304154405415), np.float64(26.359133694800384), np.float64(26.359133694800384)]
Final fitness values: [np.float64(23.869767214147185), np.float64(23.869767214147185), np.float64(23.869767214147185), np.float64(23.869767214147185), np.float64(23.869767214147185), np.float64(23.869767214147185), np.float64(23.869767214147185), np.float64(23.869767214147185), np.float64(23.869767214147185), np.float64(23.765715184063843)]
HOF ITEM
23.765715184063843
-3.667716808204551,1.5293852498245644,0.953897353898178,-2.349754195249976,-3.572704493265503,4.779445649812893,-2.579148696598504,2.6706758181883834,-2.2130699049379063,-0.8856737982737819,1.092183844982947,2.7326792112490703,4.339602073304791,0.5659603177891214,1.1198215440272765,-4.9673094688893,1.9397027870428505,1.9784081187895448
HOF ITEM
23.869767214147185
-3.667716808204551,1.5293852498245644,1.065494482569048,-2.290325987344917,-3.9604730994540436,4.779445649812893,-2.6125738979966524,2.6706758181883834,-2.2130699049379063,-0.8856737982737819,1.092183844982947,3.0202712225604715,4.339602073304791,0.5659603177891214,0.8160432405399061,-4.9673094688893,2.082668559721025,1.7915393991372828
HOF ITEM
23.869834596860528
-3.667716808204551,1.5293852498245644,1.065494482569048,-2.290325987344917,-3.9604730994540436,4.7963891655914415,-2.6125738979966524,2.6706758181883834,-2.2130699049379063,-0.8856737982737819,1.092183844982947,3.0202712225604715,4.212550788369852,0.5659603177891214,0.8160432405399061,-4.9673094688893,2.082668559721025,1.7915393991372828
HOF ITEM
23.869849156541317
-3.667716808204551,1.5293852498245644,1.065494482569048,-2.290325987344917,-3.9604730994540436,4.779445649812893,-2.6125738979966524,2.6706758181883834,-2.2130699049379063,-0.8856737982737819,1.092183844982947,3.0202712225604715,4.339602073304791,0.5659603177891214,0.4952762509032353,-4.9673094688893,2.082668559721025,1.7915393991372828
HOF ITEM
23.869879344330233
-3.667716808204551,1.5293852498245644,1.065494482569048,-2.290325987344917,-3.9604730994540436,4.779445649812893,-2.6125738979966524,2.6706758181883834,-2.2130699049379063,-0.8856737982737819,1.092183844982947,3.0202712225604715,4.212550788369852,0.6751449427565355,0.8160432405399061,-4.9673094688893,2.082668559721025,1.7915393991372828
seed 868
Initial fitness values: [np.float64(28.925928926002705), np.float64(27.68178096386826), np.float64(26.769691025817444), np.float64(26.769691025817444), np.float64(26.177117098434863), np.float64(26.14811689759747), np.float64(26.14811689759747), np.float64(25.621370726474645), np.float64(25.621370726474645), np.float64(25.621370135126604)]
Final fitness values: [np.float64(23.639865434785087), np.float64(23.639865434785087), np.float64(23.639865434785087), np.float64(23.639850410580003), np.float64(23.639850410580003), np.float64(23.639850410535857), np.float64(23.639793948023314), np.float64(23.63978807016963), np.float64(23.639788070166357), np.float64(23.639788070166265)]
HOF ITEM
23.639788070166265
-3.2147704090082874,1.5490449382534426,-3.7620621128577536,-3.1044079089880854,6.093017382142264,-5.819937407295245,-2.0880520767541957,2.379312522608669,-1.8074168384494895,4.831577705095487,2.091435455900643,6.706915913587792,3.535108776849511,0.10886232766219278,2.0866786840712823,0.7286057414408608,2.7482347370013045,-2.435449318358242
HOF ITEM
23.639788070166357
-3.2147704090082874,1.5490449382534426,-3.7620621128577536,-3.1044079089880854,6.093017382142264,-5.819937407295245,-2.0880520767541957,2.379312522608669,-1.8074168384494895,4.831577705095487,2.091435455900643,6.706915913587792,3.535108776849511,0.10886232766219278,2.0866786840712823,0.7286057414408608,2.666617776844888,-2.435449318358242
HOF ITEM
23.639788070166357
-3.2147704090082874,1.5490449382534426,-3.7620621128577536,-3.1044079089880854,6.093017382142264,-5.819937407295245,-2.0880520767541957,2.379312522608669,-1.8074168384494895,4.678365204433073,2.091435455900643,6.706915913587792,3.535108776849511,0.10886232766219278,2.0866786840712823,0.7286057414408608,2.666617776844888,-2.435449318358242
HOF ITEM
23.639788070166357
-3.2147704090082874,1.5490449382534426,-3.7620621128577536,-3.1044079089880854,6.093017382142264,-5.819937407295245,-2.0880520767541957,2.379312522608669,-1.8074168384494895,4.831577705095487,2.091435455900643,7.0,3.535108776849511,0.10886232766219278,2.0866786840712823,0.7286057414408608,2.666617776844888,-2.691769012626911
HOF ITEM
23.63978807016963
-3.2147704090082874,1.5490449382534426,-3.7620621128577536,-3.1044079089880854,6.093017382142264,-5.819937407295245,-2.0880520767541957,2.379312522608669,-1.8074168384494895,4.831577705095487,2.091435455900643,6.706915913587792,3.535108776849511,0.10886232766219278,2.0866786840712823,0.32886979926967963,2.7482347370013045,-2.435449318358242
seed 869
Initial fitness values: [np.float64(29.433872873495137), np.float64(28.107213780232026), np.float64(28.077378932910456), np.float64(28.05664516537117), np.float64(27.688293883227225), np.float64(27.681842594808174), np.float64(27.681842594808174), np.float64(27.536189677710556), np.float64(26.41634308494791), np.float64(26.41634308494791)]
Final fitness values: [np.float64(25.37929706043221), np.float64(25.37929706043221), np.float64(25.37929706043221), np.float64(25.37929706043221), np.float64(25.37929706043221), np.float64(25.37929706043221), np.float64(25.37929706043221), np.float64(25.37929706043221), np.float64(25.37929706043221), np.float64(25.37929706043221)]
HOF ITEM
25.37929706043221
-2.9414352041016394,-1.309236244835486,-3.71059056280082,-1.03834539230462,-6.459480205058555,0.29161198523494414,-1.8351936955431594,1.6876321234242337,-0.9501222375983673,-1.8561214738709633,0.9537423011987842,-0.5293229076368462,2.187599876165004,1.3183829280956745,-5.009067176436803,2.5592942915625407,0.10393512095263724,1.184973210177933
HOF ITEM
25.37930739320506
-2.9414352041016394,-1.309236244835486,-3.71059056280082,-1.03834539230462,-6.459480205058555,0.29161198523494414,-1.8351936955431594,1.6876321234242337,-0.9501222375983673,-1.8561214738709633,0.9537423011987842,-0.5293229076368462,2.187599876165004,1.3183829280956745,-5.009067176436803,2.2109790272799996,0.10570213613111662,1.184973210177933
HOF ITEM
25.37930761881148
-2.9414352041016394,-1.309236244835486,-3.71059056280082,-1.03834539230462,-6.459480205058555,0.29161198523494414,-1.8351936955431594,1.6876321234242337,-0.9501222375983673,-1.8561214738709633,0.9537423011987842,-0.5293229076368462,2.187599876165004,1.3183829280956745,-5.009067176436803,2.2109790272799996,0.10393512095263724,1.184973210177933
HOF ITEM
25.3793096271725
-2.9414352041016394,-1.309236244835486,-3.71059056280082,-1.03834539230462,-6.459480205058555,0.29161198523494414,-1.8351936955431594,1.6876321234242337,-0.9501222375983673,-1.8561214738709633,0.9537423011987842,-0.5293229076368462,2.187599876165004,1.3183829280956745,-5.009067176436803,2.5592942915625407,0.10393512095263724,1.5091122594734743
HOF ITEM
25.379325013563832
-2.9414352041016394,-1.309236244835486,-3.71059056280082,-1.03834539230462,-6.459480205058555,0.29161198523494414,-1.8351936955431594,1.6876321234242337,-0.9501222375983673,-1.8561214738709633,0.9537423011987842,-0.5293229076368462,2.187599876165004,1.3183829280956745,-5.009067176436803,2.2109790272799996,0.10570213613111662,1.5091122594734743
best parameter set
fitness 21.718874760441537 seed 862
-2.494234147482079,0.950457883461647,0.563460561752863,3.1993232497151887,-1.9925922403940237,-2.8752895937716025,-6.61689912092378,2.700822471055013,0.27592840974929156,-1.350802868222183,1.5664009532942547,0.8527712713949438,6.926645313594553,0.6611981877762045,4.1362306227136285,3.094840978353987,0.0678709460428541,-2.1267997796011326
