seeds are [310 311 312 313 314 315 316 317 318 319]
seed 310
Initial fitness values: [np.float64(15.376400758057796), np.float64(14.462680905993855), np.float64(13.764987030770005), np.float64(13.093859995851538), np.float64(12.90839560753789), np.float64(12.679079924166757), np.float64(12.660178265905358), np.float64(12.579160820171115), np.float64(12.572278139131965), np.float64(12.431305107548669)]
Final fitness values: [np.float64(12.285817718387365), np.float64(12.285817718387365), np.float64(12.285817718387365), np.float64(12.285803091795032), np.float64(12.285803091795032), np.float64(12.285802030163284), np.float64(12.285802030163284), np.float64(12.285802030163284), np.float64(12.285802030163284), np.float64(12.285802030163284)]
HOF ITEM
12.285802030163284
-4.985768889063302,-0.8644246070942142,-4.729864952074044,2.418955729690486,4.300174896363245,-3.265112473991618,5.9272460546451535,1.9346570166981165,-5.831363752935541,1.8134129715834453,0.09907773378380288,-2.9187148741809774,-3.8481589176857462,2.1284344856597746,-1.504139907267792
HOF ITEM
12.285802030163284
-4.985768889063302,-0.8644246070942142,-4.729864952074044,2.418955729690486,4.300174896363245,-3.265112473991618,6.157463997485545,1.858401076996929,-5.831363752935541,1.8134129715834453,0.09907773378380288,-2.9187148741809774,-3.8481589176857462,2.1284344856597746,-1.504139907267792
HOF ITEM
12.285802030163284
-4.985768889063302,-0.8644246070942142,-4.729864952074044,2.418955729690486,4.300174896363245,-3.265112473991618,6.14591811207503,2.0568068460112965,-5.831363752935541,1.8134129715834453,0.09907773378380288,-2.9187148741809774,-3.8481589176857462,2.1284344856597746,-1.504139907267792
HOF ITEM
12.285802030163284
-4.985768889063302,-0.8644246070942142,-4.729864952074044,2.418955729690486,4.300174896363245,-3.265112473991618,6.157463997485545,2.0568068460112965,-5.831363752935541,1.8134129715834453,0.09907773378380288,-2.9187148741809774,-3.8481589176857462,2.1284344856597746,-1.504139907267792
HOF ITEM
12.285802030163284
-4.985768889063302,-0.8644246070942142,-4.729864952074044,2.418955729690486,4.300174896363245,-3.265112473991618,6.14591811207503,1.858401076996929,-5.831363752935541,1.8134129715834453,0.09907773378380288,-2.9187148741809774,-3.8481589176857462,2.1284344856597746,-1.504139907267792
seed 311
Initial fitness values: [np.float64(13.553501921555606), np.float64(13.553501921555606), np.float64(13.412980665077734), np.float64(13.182991181230507), np.float64(12.522309127254823), np.float64(12.350221684232853), np.float64(12.086224042318655), np.float64(11.745342630441005), np.float64(11.745342630441005), np.float64(11.494371836085195)]
Final fitness values: [np.float64(10.611074979654921), np.float64(10.611074979654921), np.float64(10.610842535469752), np.float64(10.610842535469752), np.float64(10.610560052182036), np.float64(10.610325973223334), np.float64(10.610325973223334), np.float64(10.610325973223334), np.float64(10.610325973223334), np.float64(10.610325973223334)]
HOF ITEM
10.610325973223334
-3.3284401710515885,1.590041560115651,1.968348374025935,-2.765130247085253,5.344860397674935,1.868332610589841,1.8744937521893394,1.5130324151958985,-5.935508790942258,-2.2371819592872906,2.7810367581327475,-3.5948300472696126,3.3624119202269944,2.837151382608692,6.053473335763688
HOF ITEM
10.610325973223334
-3.3284401710515885,1.590041560115651,1.968348374025935,-2.765130247085253,5.344860397674935,1.868332610589841,1.8744937521893394,1.5130324151958985,-5.935508790942258,-2.2371819592872906,2.7810367581327475,-3.5948300472696126,3.171375170760884,2.837151382608692,5.8577040674795615
HOF ITEM
10.610325973223334
-3.3284401710515885,1.590041560115651,1.968348374025935,-2.765130247085253,5.344860397674935,1.868332610589841,1.8744937521893394,1.5130324151958985,-5.935508790942258,-2.2371819592872906,2.7810367581327475,-3.5948300472696126,3.3624119202269944,2.837151382608692,5.8577040674795615
HOF ITEM
10.610325973223334
-3.3284401710515885,1.590041560115651,1.968348374025935,-2.765130247085253,5.344860397674935,1.868332610589841,1.8744937521893394,1.5130324151958985,-5.935508790942258,-2.2371819592872906,2.7810367581327475,-3.5948300472696126,3.171375170760884,2.837151382608692,6.053473335763688
HOF ITEM
10.610329275115792
-3.3284401710515885,1.590041560115651,1.968348374025935,-2.765130247085253,5.344860397674935,1.868332610589841,1.9845788397055557,0.7580149936777356,-5.935508790942258,-2.2371819592872906,2.7810367581327475,-3.5948300472696126,3.171375170760884,2.837151382608692,5.8577040674795615
seed 312
Initial fitness values: [np.float64(13.94029184329506), np.float64(12.719405985769), np.float64(12.314205179895108), np.float64(11.956076340733457), np.float64(11.64468264358727), np.float64(11.532015310831143), np.float64(11.13928872529227), np.float64(11.13928872529227), np.float64(11.13928872529227), np.float64(11.012669061737187)]
Final fitness values: [np.float64(10.825737158327387), np.float64(10.825655420382565), np.float64(10.825655420382565), np.float64(10.825655420382565), np.float64(10.823188429195353), np.float64(10.823188429195353), np.float64(10.821459223503973), np.float64(10.821459223503973), np.float64(10.820107824684207), np.float64(10.820107824684207)]
HOF ITEM
10.820107824684207
2.6791218525470684,-0.039175412583354025,0.9544012264631223,-7.0,2.928116133066764,6.829532824026102,-6.085018878227406,1.7221442548828598,2.412977362128157,1.201362894130419,3.0,-1.717254223288136,-1.5875323168303885,2.7822464813555037,-0.1832664295144765
HOF ITEM
10.821459223503973
2.6746375906349904,-0.03651321937778883,0.9544012264631223,-7.0,2.928116133066764,6.829532824026102,-5.91177821917821,1.7221442548828598,2.2411418350356076,1.201362894130419,3.0,-1.717254223288136,-1.7164661246806185,2.7822464813555037,-0.1832664295144765
HOF ITEM
10.822350988290578
2.6746375906349904,-0.03651321937778883,0.9544012264631223,-7.0,2.928116133066764,6.775012114885395,-5.676314118669149,1.7221442548828598,2.2439552826926104,1.201362894130419,3.0,-1.717254223288136,-1.7164661246806185,2.7822464813555037,-0.24089634419017752
HOF ITEM
10.823188429195353
2.6746375906349904,-0.03651321937778883,0.9544012264631223,-6.867854475743508,2.928116133066764,6.829532824026102,-5.91177821917821,1.7221442548828598,2.2411418350356076,1.201362894130419,3.0,-1.717254223288136,-1.7164661246806185,2.7822464813555037,-0.1832664295144765
HOF ITEM
10.823222496469235
2.6746375906349904,-0.03651321937778883,0.9544012264631223,-7.0,2.928116133066764,6.829532824026102,-6.0020955191176,1.6002192495276144,2.2411418350356076,1.201362894130419,3.0,-1.717254223288136,-1.7164661246806185,2.7822464813555037,-0.29770756601678
seed 313
Initial fitness values: [np.float64(15.570634031494146), np.float64(14.620552234403654), np.float64(13.06535034770271), np.float64(13.06535034770271), np.float64(12.72821811710624), np.float64(12.674774306684908), np.float64(12.556113198000189), np.float64(12.452894681121396), np.float64(12.421925874988862), np.float64(12.421925874988862)]
Final fitness values: [np.float64(12.102741288091318), np.float64(12.102741288091318), np.float64(12.102741288091318), np.float64(12.102741288091318), np.float64(12.102741288091318), np.float64(12.102741288091318), np.float64(12.102741288091318), np.float64(12.102741288091318), np.float64(12.102741288091318), np.float64(12.102741288091318)]
HOF ITEM
12.102741288091318
-3.3027035252666153,-2.4667669115966393,2.863647789206122,6.16940299875446,6.31987219395226,4.699858706944374,-2.0501232892898558,1.8901878309249562,0.9624471677587294,3.286757960008751,2.7974263648691617,4.026029614961833,-1.7423279584070486,1.8129555734028073,7.0
HOF ITEM
12.102741288091318
-3.3027035252666153,-2.4667669115966393,2.863647789206122,6.16940299875446,6.31987219395226,4.699858706944374,-2.0501232892898558,1.8901878309249562,0.9624471677587294,3.286757960008751,2.3367064106185818,4.026029614961833,-1.7423279584070486,1.8129555734028073,7.0
HOF ITEM
12.102741288091318
-3.3027035252666153,-2.4667669115966393,2.863647789206122,6.16940299875446,6.31987219395226,4.699858706944374,-2.0501232892898558,1.8901878309249562,0.9624471677587294,3.286757960008751,2.7974263648691617,4.631983485000394,-1.7423279584070486,1.8129555734028073,7.0
HOF ITEM
12.102741288091318
-3.3027035252666153,-2.4667669115966393,2.863647789206122,6.16940299875446,6.31987219395226,4.699858706944374,-2.0501232892898558,1.8901878309249562,0.9624471677587294,3.286757960008751,3.0,4.631983485000394,-1.7423279584070486,1.8129555734028073,7.0
HOF ITEM
12.102741288091318
-3.3027035252666153,-2.4667669115966393,2.863647789206122,6.16940299875446,6.31987219395226,4.699858706944374,-2.0501232892898558,1.8901878309249562,0.9624471677587294,2.902470507820842,3.0,4.631983485000394,-1.7423279584070486,1.8129555734028073,7.0
seed 314
Initial fitness values: [np.float64(13.793500208301287), np.float64(13.793500208301287), np.float64(12.65300167142012), np.float64(12.223176156697932), np.float64(11.542229238621564), np.float64(11.46801448624309), np.float64(11.136353122455178), np.float64(11.136353122455178), np.float64(10.950116731859648), np.float64(10.889881179739715)]
Final fitness values: [np.float64(10.767570022813452), np.float64(10.767570022813452), np.float64(10.765960617404483), np.float64(10.765960617404483), np.float64(10.762698394157836), np.float64(10.762698394157836), np.float64(10.758485071059429), np.float64(10.75795880700458), np.float64(10.75795880700458), np.float64(10.730958329044917)]
HOF ITEM
10.730958329044917
-2.2502517794574155,1.5318973016492397,-0.4264709312930416,-4.385989040795034,-2.0225713374936083,5.427432301423552,6.3340267955637195,1.5258787806814298,-0.5333521607188497,-1.0334474968534417,2.8206410777552677,-0.514892521998805,3.8118876400047643,1.0599314894921215,-2.4544154186810956
HOF ITEM
10.75795880700458
-2.2502517794574155,1.519542407754202,-0.6630624880206029,-4.319508998554615,-2.247309673004238,4.893708955011868,6.294229593267212,1.8966451805449014,-1.094878231037202,-1.0334474968534417,2.8206410777552677,-0.514892521998805,4.210456944586238,0.8425660035723719,-2.117902042427094
HOF ITEM
10.75795880700458
-2.2502517794574155,1.519542407754202,-0.6630624880206029,-4.319508998554615,-2.247309673004238,4.893708955011868,4.556236792118384,1.8966451805449014,-1.094878231037202,-1.0334474968534417,2.8206410777552677,-0.514892521998805,4.210456944586238,0.8425660035723719,-2.117902042427094
HOF ITEM
10.758313732790834
-2.2502517794574155,1.519542407754202,-0.6630624880206029,-4.5287269210383165,-2.247309673004238,4.675626487980807,4.556236792118384,1.847551214858224,-0.8214251696668313,-1.0334474968534417,2.8206410777552677,-0.514892521998805,4.210456944586238,0.8425660035723719,-2.117902042427094
HOF ITEM
10.758485070980138
-2.2502517794574155,1.519542407754202,-0.4171557120173965,-4.385989040795034,-2.0225713374936083,5.427432301423552,6.294229593267212,1.5258787806814298,-0.3763563270807097,-1.0334474968534417,2.8206410777552677,-0.514892521998805,4.210456944586238,0.8425660035723719,-2.117902042427094
seed 315
Initial fitness values: [np.float64(14.742137191544185), np.float64(13.536528633397106), np.float64(13.227584618819908), np.float64(12.68419989050045), np.float64(12.50894496999149), np.float64(12.344163710714286), np.float64(12.344163710714286), np.float64(12.340269025395322), np.float64(12.320294006680836), np.float64(12.31996003693806)]
Final fitness values: [np.float64(12.295356139778951), np.float64(12.295356139778951), np.float64(12.29535413623085), np.float64(12.29535413623085), np.float64(12.29535413623085), np.float64(12.295119489912802), np.float64(12.295119489912802), np.float64(12.295119489912802), np.float64(12.295119489912802), np.float64(12.295119489912802)]
HOF ITEM
12.295119489912802
1.7399463920051692,-3.3941135991273272,-4.039403237609556,-6.04317814331614,6.866604338665675,-2.90917007075639,4.801829894376577,2.592212721025043,-1.1645101176129586,4.026097271751286,3.0,-2.53592142753938,1.011669393932886,2.0940063017142263,-1.2311009037896075
HOF ITEM
12.295119489912802
1.7399463920051692,-3.3941135991273272,-4.039403237609556,-6.04317814331614,6.866604338665675,-2.90917007075639,4.801829894376577,2.492048081425165,-1.6482428210555582,4.026097271751286,3.0,-2.3405034747484703,1.011669393932886,2.0940063017142263,-1.2311009037896075
HOF ITEM
12.295119489912802
1.7399463920051692,-3.3941135991273272,-4.039403237609556,-6.04317814331614,6.866604338665675,-2.90917007075639,4.801829894376577,2.592212721025043,-1.1645101176129586,4.026097271751286,2.9385541645080684,-2.3405034747484703,1.011669393932886,2.0940063017142263,-1.2311009037896075
HOF ITEM
12.295119489912802
1.7399463920051692,-3.3941135991273272,-4.039403237609556,-6.04317814331614,6.866604338665675,-2.90917007075639,4.801829894376577,2.492048081425165,-1.1645101176129586,3.9407111435176083,3.0,-2.664825809004082,1.011669393932886,2.0940063017142263,-1.2311009037896075
HOF ITEM
12.295119489912802
1.7399463920051692,-3.3941135991273272,-4.039403237609556,-6.04317814331614,6.866604338665675,-2.90917007075639,4.801829894376577,2.492048081425165,-1.6482428210555582,3.5658185769569037,2.9385541645080684,-2.3405034747484703,1.011669393932886,2.0940063017142263,-1.2311009037896075
seed 316
Initial fitness values: [np.float64(13.714986734215561), np.float64(13.714986734215561), np.float64(13.352397279355317), np.float64(13.29916083087025), np.float64(13.095923026412418), np.float64(12.735786256716642), np.float64(12.735786256716642), np.float64(12.627496996216582), np.float64(12.59997291447445), np.float64(12.571158929759523)]
Final fitness values: [np.float64(12.239527932222778), np.float64(12.23626774537927), np.float64(12.23626774537927), np.float64(12.236267744878933), np.float64(12.233506341710422), np.float64(12.233506341710422), np.float64(12.233462602898868), np.float64(12.233462602898868), np.float64(12.233462602486984), np.float64(12.233462602486984)]
HOF ITEM
12.233462602486984
-5.001158033387449,-2.2435417041488392,-4.666640550183387,-0.1953674217794132,3.5092549079001834,-0.9676685680623391,2.132016522416486,2.1746146927336576,4.989055501668739,-6.060878434950317,2.0079353701775298,6.2709611990835,-4.087955944682766,2.1227353742090287,-3.2861653786188563
HOF ITEM
12.233462602898868
-5.001158033387449,-2.2435417041488392,-4.666640550183387,-0.1953674217794132,3.5092549079001834,-0.9676685680623391,2.7242490412082296,1.9373907389223728,4.802905201253488,-5.979458451273774,2.0079353701775298,6.2709611990835,-4.087955944682766,2.1227353742090287,-3.2861653786188563
HOF ITEM
12.233462602898868
-5.001158033387449,-2.2435417041488392,-4.666640550183387,-0.1953674217794132,3.5092549079001834,-0.9676685680623391,2.9906003573572053,1.9373907389223728,4.802905201253488,-5.979458451273774,2.0079353701775298,6.2709611990835,-4.087955944682766,2.1227353742090287,-3.2861653786188563
HOF ITEM
12.233462602898868
-5.001158033387449,-2.2435417041488392,-4.666640550183387,-0.1953674217794132,3.5092549079001834,-0.9676685680623391,2.132016522416486,1.9373907389223728,4.802905201253488,-5.979458451273774,2.0079353701775298,6.2709611990835,-4.087955944682766,2.1227353742090287,-3.2861653786188563
HOF ITEM
12.233462602898868
-5.001158033387449,-2.2435417041488392,-4.666640550183387,-0.1953674217794132,3.5092549079001834,-0.9676685680623391,2.132016522416486,1.8097291029935842,4.802905201253488,-5.979458451273774,2.0079353701775298,6.2709611990835,-4.087955944682766,2.1227353742090287,-3.2861653786188563
seed 317
Initial fitness values: [np.float64(13.897797962653836), np.float64(13.897797962653836), np.float64(13.302328930014916), np.float64(13.302328930014916), np.float64(13.16824318940103), np.float64(13.16824318940103), np.float64(13.16824318940103), np.float64(13.130407434996105), np.float64(13.045147333145211), np.float64(13.045147333145211)]
Final fitness values: [np.float64(12.592419987560113), np.float64(12.592419987560113), np.float64(12.592419987560113), np.float64(12.592419987560113), np.float64(12.592419987560113), np.float64(12.592419987560113), np.float64(12.592419987560113), np.float64(12.592419987560113), np.float64(12.592419987560113), np.float64(12.592419987560113)]
HOF ITEM
12.592419987560113
-6.793891383890221,-1.558952929641401,-5.156306231834635,-4.187621143356988,2.330933528032231,-5.145415746003654,-2.473089962057543,0.0,6.506967669890185,-6.109121954886847,1.787140393698799,-3.1469116095755862,-1.2080050810898026,0.0,2.9892061324484183
HOF ITEM
12.592748546677473
-6.793891383890221,-1.558952929641401,-4.983951730960112,-4.097420740831708,2.330933528032231,-5.352771502948551,-2.5867879507296667,0.0,6.506967669890185,-6.180202047381674,1.787140393698799,-3.1469116095755862,-1.2080050810898026,0.0,2.92535560324365
HOF ITEM
12.601207642625697
-6.793891383890221,-1.558952929641401,-5.156306231834635,-4.187621143356988,2.330933528032231,-5.145415746003654,-2.473089962057543,0.0,6.506967669890185,-6.109121954886847,1.787140393698799,-3.1469116095755862,-1.2080050810898026,0.0,2.9778394073552907
HOF ITEM
12.602499745717608
-6.793891383890221,-1.558952929641401,-5.220919710308965,-4.227532869798637,2.330933528032231,-5.145415746003654,-2.473089962057543,0.0,6.506967669890185,-6.109121954886847,1.787140393698799,-3.1469116095755862,-1.2080050810898026,0.0,2.9892061324484183
HOF ITEM
12.617156727837383
-6.793891383890221,-1.558952929641401,-5.156306231834635,-4.187621143356988,2.330933528032231,-5.145415746003654,-2.3128362644561387,0.0,6.694054917003988,-6.109121954886847,1.787140393698799,-3.0774016121415597,-1.2080050810898026,0.0,2.9892061324484183
seed 318
Initial fitness values: [np.float64(13.799139569699069), np.float64(13.799139569699069), np.float64(13.201783419225599), np.float64(12.901803109468798), np.float64(12.69696654562366), np.float64(12.597786241742929), np.float64(12.597786241742929), np.float64(12.54751788367146), np.float64(12.5394471453623), np.float64(12.419037829674362)]
Final fitness values: [np.float64(12.298277435625836), np.float64(12.298277435625836), np.float64(12.298014276952966), np.float64(12.298014276952966), np.float64(12.298014276952966), np.float64(12.298014276952966), np.float64(12.298014276952966), np.float64(12.298014276952966), np.float64(12.298014276952966), np.float64(12.298014276952966)]
HOF ITEM
12.298014276952966
-3.5359271168538866,-2.891315832024709,-1.4530260596256663,-4.3321250549131145,1.802472171511857,-3.8653747435473456,4.072152627124101,2.4106486947358103,-6.546376486857038,-2.858263899107512,2.1283078094557353,-5.168539866217251,4.460664646850862,3.0,5.26449629091188
HOF ITEM
12.298014276952966
-3.5359271168538866,-2.891315832024709,-1.4530260596256663,-4.3321250549131145,1.802472171511857,-3.8653747435473456,4.072152627124101,2.929421851313399,-6.546376486857038,-2.858263899107512,2.1283078094557353,-5.168539866217251,4.460664646850862,3.0,5.26449629091188
HOF ITEM
12.298014276952966
-3.5359271168538866,-2.891315832024709,-1.4530260596256663,-4.3321250549131145,1.802472171511857,-3.8653747435473456,4.072152627124101,2.4106486947358103,-6.4944540645968925,-2.858263899107512,2.1283078094557353,-5.168539866217251,4.460664646850862,3.0,5.26449629091188
HOF ITEM
12.298014276952966
-3.5359271168538866,-2.891315832024709,-1.4530260596256663,-4.3321250549131145,1.802472171511857,-3.8653747435473456,3.965941679539022,2.929421851313399,-6.546376486857038,-2.858263899107512,2.1283078094557353,-5.168539866217251,4.056582155556823,3.0,5.26449629091188
HOF ITEM
12.298014276952966
-3.5359271168538866,-2.891315832024709,-1.4530260596256663,-4.3321250549131145,1.802472171511857,-3.8653747435473456,3.965941679539022,2.929421851313399,-6.546376486857038,-2.858263899107512,2.1283078094557353,-5.168539866217251,4.460664646850862,3.0,5.26449629091188
seed 319
Initial fitness values: [np.float64(14.734615059516118), np.float64(13.538846039327888), np.float64(13.49759805635319), np.float64(13.347250568476355), np.float64(12.827675162982453), np.float64(12.57136088854459), np.float64(12.530944467230183), np.float64(12.2154964572037), np.float64(11.784261884085659), np.float64(11.678527987105442)]
Final fitness values: [np.float64(10.610553847264752), np.float64(10.608991951235003), np.float64(10.608991951235003), np.float64(10.608991951235003), np.float64(10.608991951235003), np.float64(10.608991951235003), np.float64(10.608991951235003), np.float64(10.608991951235003), np.float64(10.608991951235003), np.float64(10.608991951235003)]
HOF ITEM
10.608991951235003
-3.2860480950967927,1.5884531587181543,4.0710607938023955,4.606533850231598,5.095579322251645,0.2853150094790864,-1.9698327759819523,2.853283356259624,3.7841581524273535,-0.5715981088155998,2.639907244720908,5.60075338362852,2.814746617789612,2.926586348972314,0.8651809648028572
HOF ITEM
10.608991951235003
-3.2860480950967927,1.5884531587181543,4.0710607938023955,4.606533850231598,5.095579322251645,0.2853150094790864,-1.9698327759819523,2.853283356259624,3.7841581524273535,-0.5715981088155998,2.639907244720908,5.60075338362852,2.814746617789612,3.0,0.7662550783140165
HOF ITEM
10.608991951235003
-3.2860480950967927,1.5884531587181543,4.0710607938023955,4.606533850231598,5.095579322251645,0.2853150094790864,-1.9698327759819523,2.853283356259624,3.7841581524273535,-0.5715981088155998,2.639907244720908,5.60075338362852,2.814746617789612,3.0,0.8651809648028572
HOF ITEM
10.608991951235003
-3.2860480950967927,1.5884531587181543,4.0710607938023955,4.606533850231598,5.095579322251645,0.2853150094790864,-1.9698327759819523,2.853283356259624,3.7841581524273535,-0.5715981088155998,2.639907244720908,5.60075338362852,2.814746617789612,2.926586348972314,0.7662550783140165
HOF ITEM
10.609113355570022
-3.2860480950967927,1.5884531587181543,4.0710607938023955,4.606533850231598,5.095579322251645,0.2853150094790864,-1.9698327759819523,2.853283356259624,3.7841581524273535,-0.5596027351655027,2.639907244720908,5.60075338362852,2.814746617789612,3.0,0.8651809648028572
best parameter set
fitness 10.59494733485841 seed 311
-3.3286050612445615,1.5863240232679952,1.9686746284044936,-2.7651241479028923,5.344160725938355,1.868699925213968,1.8744937521893394,1.5130324151958985,-5.935508790942258,-2.2371208456038643,2.7810486743422613,-3.5955650536232713,3.171375170760884,2.837151382608692,5.8577040674795615
