seeds are [320 321 322 323 324 325 326 327 328 329]
seed 320
Initial fitness values: [np.float64(14.611752666890146), np.float64(13.615541463457095), np.float64(12.875575487946302), np.float64(12.875575487946302), np.float64(12.325063335294244), np.float64(12.325063335294244), np.float64(12.013463649259547), np.float64(11.644565954308218), np.float64(11.148068559374016), np.float64(11.065854168105554)]
Final fitness values: [np.float64(9.703960013309688), np.float64(9.703960013309688), np.float64(9.703960013309688), np.float64(9.703960013309688), np.float64(9.703960013309688), np.float64(9.703960013309688), np.float64(9.685126631765526), np.float64(9.685126631765526), np.float64(9.685126631765526), np.float64(9.685126631765526)]
HOF ITEM
9.685126631765526
-3.1684361075508294,1.3411044613261651,-4.935706982837059,-5.8453641774954805,-5.570209701422214,3.984015605056134,-2.131636019139456,2.2545454855401332,-1.281944456362034,-3.0159864377230106,2.53918242625777,-2.393527065995581,1.0058150819321832,2.783349047905414,-1.7807201582280383,5.1223731896833575,1.5087717971833898,-1.906773725043523
HOF ITEM
9.685126631765526
-3.1684361075508294,1.3411044613261651,-4.935706982837059,-5.8453641774954805,-5.570209701422214,3.984015605056134,-2.131636019139456,2.2545454855401332,-1.281944456362034,-3.0159864377230106,2.53918242625777,-2.393527065995581,1.0058150819321832,2.783349047905414,-1.844557373291138,5.1223731896833575,1.5087717971833898,-1.906773725043523
HOF ITEM
9.685126631765534
-3.1684361075508294,1.3411044613261651,-4.935706982837059,-5.8453641774954805,-5.570209701422214,3.984015605056134,-2.131636019139456,2.2545454855401332,-1.281944456362034,-3.0159864377230106,2.53918242625777,-2.393527065995581,1.0058150819321832,2.783349047905414,-1.844557373291138,5.073529318071995,1.5418685587585887,-1.906773725043523
HOF ITEM
9.685126631765534
-3.1684361075508294,1.3411044613261651,-4.935706982837059,-5.8453641774954805,-5.570209701422214,3.984015605056134,-2.131636019139456,2.2545454855401332,-1.281944456362034,-3.0159864377230106,2.53918242625777,-2.393527065995581,1.0058150819321832,2.6983259501251395,-1.7807201582280383,5.073529318071995,1.5418685587585887,-1.906773725043523
HOF ITEM
9.685126631765534
-3.1684361075508294,1.3411044613261651,-4.935706982837059,-5.8453641774954805,-5.570209701422214,3.984015605056134,-2.131636019139456,2.2545454855401332,-1.281944456362034,-3.0159864377230106,2.53918242625777,-2.393527065995581,1.0058150819321832,2.783349047905414,-1.7807201582280383,5.073529318071995,1.5418685587585887,-1.906773725043523
seed 321
Initial fitness values: [np.float64(15.500570172335603), np.float64(14.712901624901074), np.float64(13.768331602881112), np.float64(13.14747089425818), np.float64(12.316243545990979), np.float64(11.715790196881926), np.float64(11.324500535373476), np.float64(11.191537093063785), np.float64(11.18023453528524), np.float64(11.101723246373467)]
Final fitness values: [np.float64(10.734963839008996), np.float64(10.734963839008996), np.float64(10.733708588295366), np.float64(10.733708588295366), np.float64(10.733708588295366), np.float64(10.733708588295366), np.float64(10.733708588295366), np.float64(10.733708588295366), np.float64(10.730895578172191), np.float64(10.730895578172191)]
HOF ITEM
10.730895578172191
-2.9674356455029964,1.560690159958747,0.7698633130958584,-6.812835677487161,-1.8202104328076465,5.982173622655642,-1.808973164538248,2.7763624823005677,-2.186663082138011,2.506139827368329,1.5215198903833957,-3.7176667405682178,-0.5194136652433372,1.7189092976218492,-2.9008507407456445,-5.25818370737888,3.0,-0.46940998284144
HOF ITEM
10.731274503240355
-2.9674356455029964,1.560690159958747,0.7698633130958584,-6.812835677487161,-1.8202104328076465,5.982173622655642,-1.808973164538248,2.7763624823005677,-2.186663082138011,2.501861342206012,1.7363601641132587,-3.7176667405682178,-0.5194136652433372,1.7189092976218492,-2.725157374218543,-5.337326530287857,3.0,-0.5669442606082659
HOF ITEM
10.733644247871688
-2.9665677994673567,1.560690159958747,0.7698633130958584,-6.863627321396123,-1.8202104328076465,5.982173622655642,-1.808973164538248,2.7763624823005677,-2.186663082138011,2.501861342206012,1.7363601641132587,-3.7176667405682178,-0.5194136652433372,1.7189092976218492,-2.725157374218543,-5.337326530287857,3.0,-0.5669442606082659
HOF ITEM
10.733708588295366
-2.9665677994673567,1.560690159958747,0.7698633130958584,-6.812835677487161,-1.8202104328076465,5.982173622655642,-1.808973164538248,2.7763624823005677,-2.186663082138011,2.501861342206012,1.7363601641132587,-3.7176667405682178,-0.5194136652433372,1.7189092976218492,-2.725157374218543,-5.337326530287857,3.0,-0.5669442606082659
HOF ITEM
10.733708588301585
-2.9665677994673567,1.560690159958747,0.7698633130958584,-6.812835677487161,-1.8202104328076465,5.982173622655642,-1.808973164538248,2.7763624823005677,-2.186663082138011,2.501861342206012,1.6999456411039846,-3.609413556735716,-0.5194136652433372,1.7189092976218492,-2.725157374218543,-5.337326530287857,3.0,-0.5669442606082659
seed 322
Initial fitness values: [np.float64(14.705995631605232), np.float64(13.443210605139896), np.float64(12.15133306608636), np.float64(11.891919889065083), np.float64(11.883209069117774), np.float64(11.620048320991073), np.float64(11.213072821016466), np.float64(10.943603865389145), np.float64(10.870037119974532), np.float64(10.870037119974532)]
Final fitness values: [np.float64(10.685705215365985), np.float64(10.685705215365985), np.float64(10.685705215365985), np.float64(10.685705215365985), np.float64(10.685705215365985), np.float64(10.685459725992219), np.float64(10.685459725992219), np.float64(10.685459725992219), np.float64(10.685459725992219), np.float64(10.685459725992219)]
HOF ITEM
10.685459725992219
-6.47164330869655,1.5669649708437885,-0.2644012744134902,0.016058870369828872,2.2199405972895763,6.109646049462169,2.8845517109334846,0.0,0.2511488376985792,5.576808355416258,0.0,-0.6831071394871564,5.214707176623764,2.462234435342107,2.6920284109382666,-6.062611367549979,1.8912001726438767,-6.069197416370101
HOF ITEM
10.685459725992219
-6.47164330869655,1.5669649708437885,-0.2644012744134902,0.016058870369828872,2.2199405972895763,6.109646049462169,2.8845517109334846,0.0,0.2511488376985792,5.576808355416258,0.0,-0.6831071394871564,5.237483734868604,2.462234435342107,2.740586485272976,-6.062611367549979,1.8912001726438767,-6.069197416370101
HOF ITEM
10.685459725992219
-6.47164330869655,1.5669649708437885,-0.2644012744134902,0.016058870369828872,2.2199405972895763,6.109646049462169,2.8845517109334846,0.0,0.2511488376985792,5.576808355416258,0.0,-0.6831071394871564,5.237483734868604,2.462234435342107,2.6920284109382666,-6.062611367549979,1.8912001726438767,-6.069197416370101
HOF ITEM
10.685459725992219
-6.47164330869655,1.5669649708437885,-0.2644012744134902,0.016058870369828872,2.2199405972895763,6.109646049462169,2.8845517109334846,0.0,0.2511488376985792,5.576808355416258,0.0,-0.6831071394871564,5.214707176623764,2.462234435342107,2.740586485272976,-6.062611367549979,1.8912001726438767,-6.069197416370101
HOF ITEM
10.685460184060513
-6.47164330869655,1.5669649708437885,-0.2644012744134902,0.016058870369828872,2.2199405972895763,6.109646049462169,2.8845517109334846,0.0,0.2511488376985792,5.576808355416258,0.0,-0.6227354480836262,5.237483734868604,2.462234435342107,2.740586485272976,-6.062611367549979,1.8912001726438767,-6.069197416370101
seed 323
Initial fitness values: [np.float64(15.071130287788053), np.float64(13.98406999532405), np.float64(13.788167733008367), np.float64(13.788167733008367), np.float64(13.33001050724479), np.float64(13.33001050724479), np.float64(12.786914753137832), np.float64(12.30634594982964), np.float64(11.882363249765179), np.float64(11.59316222705681)]
Final fitness values: [np.float64(10.850744023627836), np.float64(10.850744023627836), np.float64(10.84939862172047), np.float64(10.849121695033842), np.float64(10.849121695033842), np.float64(10.848306843278372), np.float64(10.848306843278372), np.float64(10.848306787271312), np.float64(10.848306787185104), np.float64(10.848306787185104)]
HOF ITEM
10.848306787185104
-0.6343779657176346,1.2499520570453106,3.657125545274972,-2.260659570572325,-2.0062154401884875,-6.427874748062846,1.1400659142084095,0.17845372612563776,2.930167658926241,4.607273778957582,0.9308903360659492,-5.660716119800156,-0.06258897913593207,2.452608453360882,-3.9264971410209197,4.011349223810913,0.3044080997869657,0.8067684960443946
HOF ITEM
10.848306787271312
-0.6343779657176346,1.2499520570453106,3.657125545274972,-2.260659570572325,-2.0062154401884875,-6.427874748062846,1.1400659142084095,0.17845372612563776,2.930167658926241,4.607273778957582,0.9308903360659492,-5.32739699011482,-0.06258897913593207,2.452608453360882,-3.9264971410209197,4.011349223810913,0.3044080997869657,0.8067684960443946
HOF ITEM
10.848306808320622
-0.6343779657176346,1.2499520570453106,3.657125545274972,-2.260659570572325,-2.0062154401884875,-6.427874748062846,1.1400659142084095,0.17845372612563776,2.930167658926241,4.607273778957582,0.9710375692175571,-5.660716119800156,-0.06258897913593207,2.452608453360882,-3.9264971410209197,4.011349223810913,0.3044080997869657,0.8067684960443946
HOF ITEM
10.848306832308907
-0.6343779657176346,1.2499520570453106,3.657125545274972,-2.260659570572325,-2.0062154401884875,-6.427874748062846,1.1400659142084095,0.17845372612563776,2.930167658926241,4.9369079903222035,0.9710375692175571,-5.660716119800156,-0.06258897913593207,2.452608453360882,-3.9264971410209197,4.011349223810913,0.3044080997869657,0.8067684960443946
HOF ITEM
10.848306833306777
-0.6343779657176346,1.2499520570453106,3.657125545274972,-2.260659570572325,-2.0062154401884875,-6.427874748062846,1.1400659142084095,0.17845372612563776,2.930167658926241,4.607273778957582,1.055908781701068,-5.660716119800156,-0.06258897913593207,2.452608453360882,-3.9264971410209197,4.011349223810913,0.3044080997869657,0.8067684960443946
seed 324
Initial fitness values: [np.float64(14.97783881801131), np.float64(13.821403655787412), np.float64(13.821403655787412), np.float64(12.895596785720958), np.float64(12.753520103690176), np.float64(12.71213077468567), np.float64(12.589104203826736), np.float64(12.519637591547408), np.float64(12.518870574367742), np.float64(12.518870574367742)]
Final fitness values: [np.float64(12.314285411098702), np.float64(12.314285411098702), np.float64(12.314285411098702), np.float64(12.314285411098702), np.float64(12.314285411098702), np.float64(12.314285411098702), np.float64(12.314285411098702), np.float64(12.314285411098702), np.float64(12.31423219594248), np.float64(12.31423219594248)]
HOF ITEM
12.31423219594248
1.5120298961876728,-2.390941716080903,3.904570087476621,4.958319198054004,4.9141770864839645,-2.916765220141205,4.927249271086224,1.1984988551298943,-3.1554500240811874,3.0486731980394444,0.0,-3.063358322884164,0.3457931494398923,2.0423397106412478,-6.101417022782234,2.8038222791980183,2.619674782069254,-1.5695619415405166
HOF ITEM
12.314274954170216
1.5120298961876728,-2.2267223326060606,3.904570087476621,4.958319198054004,4.9141770864839645,-2.916765220141205,4.672169995258343,1.024324278599448,-3.1554500240811874,3.0486731980394444,0.0,-3.063358322884164,0.3457931494398923,2.0423397106412478,-6.101417022782234,2.8038222791980183,2.5804438725596004,-1.3134854141433683
HOF ITEM
12.314285411098702
1.5120298961876728,-2.390941716080903,3.904570087476621,4.958319198054004,4.9141770864839645,-2.916765220141205,4.672169995258343,0.9908467921131032,-3.1554500240811874,3.0486731980394444,0.0,-3.063358322884164,0.3457931494398923,2.0423397106412478,-6.101417022782234,2.8038222791980183,2.619674782069254,-1.6224813902061717
HOF ITEM
12.314285411098702
1.5120298961876728,-2.390941716080903,3.904570087476621,4.958319198054004,4.9141770864839645,-2.916765220141205,4.672169995258343,0.9908467921131032,-3.1554500240811874,3.0486731980394444,0.0,-3.063358322884164,0.3457931494398923,2.0423397106412478,-6.101417022782234,2.8038222791980183,2.72100786143607,-1.5695619415405166
HOF ITEM
12.314285411098702
1.5120298961876728,-2.390941716080903,3.904570087476621,4.958319198054004,4.9141770864839645,-2.916765220141205,4.672169995258343,0.9908467921131032,-3.1554500240811874,3.0486731980394444,0.0,-3.063358322884164,0.3457931494398923,2.0423397106412478,-6.101417022782234,2.8038222791980183,2.619674782069254,-1.5695619415405166
seed 325
Initial fitness values: [np.float64(14.13550277812623), np.float64(14.135248193295968), np.float64(13.069638501059137), np.float64(12.759699656756311), np.float64(12.759699656756311), np.float64(12.65095394551926), np.float64(12.645324051859454), np.float64(12.33546291115975), np.float64(12.327200723727914), np.float64(12.005371329642632)]
Final fitness values: [np.float64(10.565365533536795), np.float64(10.565365533536795), np.float64(10.539262081947232), np.float64(10.539262081947232), np.float64(10.514511759633793), np.float64(10.494415289196809), np.float64(10.43808292926674), np.float64(10.43808292926674), np.float64(10.432639233536488), np.float64(10.430315236302551)]
HOF ITEM
10.430315236302551
-1.150380612679726,1.3649315626728518,2.3829278611033207,-3.825062735640822,2.333715910833723,6.237742026816178,-0.19575319025606513,2.286445349391276,-0.9447336440228861,5.540102900114327,2.4177055745716776,-1.1312989174538177,5.537569254650662,0.38516449871640973,7.0,-4.342309857615972,0.1687105734900445,0.9096832511526164
HOF ITEM
10.43052875411865
-1.150380612679726,1.3649315626728518,2.3829278611033207,-3.825062735640822,2.333715910833723,6.237742026816178,-0.19575319025606513,2.286445349391276,-0.9447336440228861,5.540102900114327,2.4177055745716776,-1.3777113219525,5.537569254650662,0.38516449871640973,7.0,-4.389951324099805,0.1687105734900445,0.9096832511526164
HOF ITEM
10.432639233536488
-1.150380612679726,1.3604953106864006,2.3829278611033207,-3.825062735640822,2.333715910833723,6.237742026816178,-0.19575319025606513,2.286445349391276,-0.9447336440228861,5.540102900114327,2.4177055745716776,-1.3777113219525,5.537569254650662,0.38516449871640973,7.0,-4.389951324099805,0.1687105734900445,0.9096832511526164
HOF ITEM
10.433239765387551
-1.150380612679726,1.3604953106864006,2.3829278611033207,-3.825062735640822,2.333715910833723,6.237742026816178,-0.19575319025606513,2.286445349391276,-0.9447336440228861,5.540102900114327,2.4177055745716776,-1.3777113219525,5.537569254650662,0.38516449871640973,7.0,-4.389951324099805,0.1687105734900445,0.9295245143016388
HOF ITEM
10.43808292926674
-1.150380612679726,1.3604953106864006,2.3829278611033207,-3.825062735640822,2.333715910833723,6.237742026816178,-0.19575319025606513,2.286445349391276,-0.9447336440228861,5.540102900114327,2.4177055745716776,-1.1312989174538177,5.537569254650662,0.38516449871640973,7.0,-4.389951324099805,0.1687105734900445,1.0738252876119485
seed 326
Initial fitness values: [np.float64(13.421141527906261), np.float64(12.29005099142024), np.float64(12.065657583752905), np.float64(12.065657583752905), np.float64(11.842229153416879), np.float64(11.330648473904237), np.float64(11.330648473904237), np.float64(11.330648473904237), np.float64(10.626114103243708), np.float64(10.626114103243708)]
Final fitness values: [np.float64(9.255749845227054), np.float64(9.255749845227054), np.float64(9.255749845227054), np.float64(9.255749845227054), np.float64(9.255749845227054), np.float64(9.255685397783493), np.float64(9.255685397783493), np.float64(9.250187815426168), np.float64(9.250185013308883), np.float64(9.250185013308883)]
HOF ITEM
9.250185013308883
1.4269397074266168,0.259646486316292,-0.22798741678866194,-2.0593051607585355,5.1991368364274715,5.075637577716276,0.6154876774012501,1.6212606559553149,0.7640665753311253,2.7411726898199285,0.34539926791144787,-0.9145496888589361,-4.360644229039779,3.0,-1.522475459784256,0.43312975382895313,2.4657462436411857,-5.3821882034886945
HOF ITEM
9.250187815426168
1.4269397074266168,0.259646486316292,-0.22798741678866194,-2.0593051607585355,5.1991368364274715,5.075637577716276,0.6154876774012501,1.6212606559553149,0.7640665753311253,2.7411726898199285,0.34539926791144787,-0.9367249569972569,-3.9411567326424115,3.0,-1.522475459784256,0.43312975382895313,2.4657462436411857,-5.3821882034886945
HOF ITEM
9.250187815426168
1.4269397074266168,0.259646486316292,-0.22798741678866194,-2.0593051607585355,5.1991368364274715,5.075637577716276,0.6154876774012501,1.6212606559553149,0.7640665753311253,2.7411726898199285,0.34539926791144787,-0.9367249569972569,-3.757380770605508,3.0,-1.522475459784256,0.43312975382895313,2.4657462436411857,-5.3821882034886945
HOF ITEM
9.250283636837507
1.4269397074266168,0.259646486316292,-0.22798741678866194,-2.0593051607585355,5.1991368364274715,5.075637577716276,0.6154876774012501,1.6212606559553149,0.7640665753311253,2.4267045084760266,0.34539926791144787,-0.9367249569972569,-3.757380770605508,3.0,-1.522475459784256,0.43312975382895313,2.4657462436411857,-5.3821882034886945
HOF ITEM
9.250283636837507
1.4269397074266168,0.259646486316292,-0.22798741678866194,-2.0593051607585355,5.1991368364274715,5.075637577716276,0.6154876774012501,1.6212606559553149,0.7640665753311253,2.4267045084760266,0.34539926791144787,-0.9367249569972569,-3.9411567326424115,3.0,-1.522475459784256,0.43312975382895313,2.4657462436411857,-5.3821882034886945
seed 327
Initial fitness values: [np.float64(14.873519895854862), np.float64(13.267610883582577), np.float64(13.098329276363314), np.float64(12.13859195403279), np.float64(12.13859195403279), np.float64(12.029982486215458), np.float64(11.858500104237795), np.float64(11.604120215839076), np.float64(11.175162783833551), np.float64(11.100523462139098)]
Final fitness values: [np.float64(10.073925778342417), np.float64(10.073925778342417), np.float64(10.056250692899445), np.float64(10.056250692899445), np.float64(10.056250692899445), np.float64(10.048123996910263), np.float64(10.048123996910263), np.float64(10.048123996910263), np.float64(10.045926508843678), np.float64(10.045926508843678)]
HOF ITEM
10.045926508843678
-0.58579425937378,1.2542623784845133,4.8798168107883715,4.089941868163656,1.2326351673055385,2.6111691080478376,5.199866948424663,2.3053838895141645,3.1995846415121103,0.29938225894459114,2.961433275060604,1.2651022170417452,4.7703141018584105,2.669049537894867,5.0753568196402785,-0.2746276883264984,2.786899669181238,1.4281953149166002
HOF ITEM
10.048123996910263
-0.5841358427165713,1.2542623784845133,4.8798168107883715,4.109751523006545,1.2326351673055385,2.6111691080478376,5.293579554517155,2.2612562750312435,3.195440843952138,0.29938225894459114,2.74486627234626,1.2651022170417452,4.7703141018584105,2.669049537894867,4.440760939096797,-0.3241437087929337,3.0,1.6063401681313783
HOF ITEM
10.048123996910263
-0.5841358427165713,1.2542623784845133,4.8798168107883715,4.109751523006545,1.2326351673055385,2.6111691080478376,5.110090952491024,2.2612562750312435,3.195440843952138,0.29938225894459114,2.74486627234626,1.2651022170417452,4.7703141018584105,2.669049537894867,5.0753568196402785,-0.3241437087929337,3.0,1.6063401681313783
HOF ITEM
10.048123996910263
-0.5841358427165713,1.2542623784845133,4.8798168107883715,4.109751523006545,1.2326351673055385,2.6111691080478376,5.110090952491024,2.2612562750312435,3.195440843952138,0.29938225894459114,2.74486627234626,1.2651022170417452,4.7703141018584105,2.669049537894867,4.440760939096797,-0.3241437087929337,3.0,1.6063401681313783
HOF ITEM
10.048123996910263
-0.5841358427165713,1.2542623784845133,4.8798168107883715,4.109751523006545,1.2326351673055385,2.6111691080478376,5.293579554517155,2.2612562750312435,3.09220944720998,0.29938225894459114,2.74486627234626,1.2651022170417452,4.7703141018584105,2.669049537894867,5.0753568196402785,-0.3241437087929337,3.0,1.6063401681313783
seed 328
Initial fitness values: [np.float64(16.554406995741523), np.float64(15.080725307215243), np.float64(13.809681831294027), np.float64(13.3402426938171), np.float64(13.115482101305638), np.float64(12.85800383391869), np.float64(12.645232604438839), np.float64(12.559069533436896), np.float64(12.559069533436896), np.float64(12.496645212328103)]
Final fitness values: [np.float64(12.291500054590855), np.float64(12.291319938573453), np.float64(12.291299573122812), np.float64(12.291299573122812), np.float64(12.291299573122812), np.float64(12.29087862929039), np.float64(12.290844952801681), np.float64(12.290844952801681), np.float64(12.29037605603631), np.float64(12.290107985728172)]
HOF ITEM
12.290107985728172
-1.9418545403530072,-3.571454769594585,-2.168417778469243,2.9011554540834807,3.2194504501419177,6.314262353325883,2.243342796363388,0.9403453249287941,-4.314981206363618,5.74343430736553,0.5821775943945264,-5.518735944746908,-0.8609958466450836,2.104262594000238,-0.8655044245988391,-6.737469998606261,1.446921591545743,2.8666540898056083
HOF ITEM
12.29037605603631
-1.9418545403530072,-3.571454769594585,-2.168417778469243,2.9011554540834807,3.2194504501419177,6.753280317630341,2.243342796363388,0.9403453249287941,-4.393065000408995,5.74343430736553,0.5821775943945264,-5.518735944746908,-0.8609958466450836,2.104262594000238,-0.8655044245988391,-6.737469998606261,1.446921591545743,2.8666540898056083
HOF ITEM
12.290376067815235
-1.9418545403530072,-3.571454769594585,-2.168417778469243,2.9011554540834807,3.2194504501419177,6.753280317630341,2.243342796363388,0.9403453249287941,-4.393065000408995,5.74343430736553,0.5821775943945264,-5.474886513920442,-0.8609958466450836,2.104262594000238,-0.8655044245988391,-6.737469998606261,1.446921591545743,2.8666540898056083
HOF ITEM
12.290463047740088
-1.9418545403530072,-3.2022424799829308,-2.031003409326971,2.9011554540834807,3.2194504501419177,6.056278964670083,2.243342796363388,0.9403453249287941,-4.330659872124349,6.207883323715431,0.6605190017996609,-5.394383123850063,-0.8609958466450836,2.104262594000238,-0.8655044245988391,-6.634184915890288,1.446921591545743,2.50844803548401
HOF ITEM
12.290548378076068
-1.9418545403530072,-3.11829122015237,-2.031003409326971,2.9011554540834807,3.2194504501419177,6.056278964670083,2.243342796363388,0.9403453249287941,-4.330659872124349,6.207883323715431,0.6605190017996609,-5.394383123850063,-0.8609958466450836,2.104262594000238,-0.8655044245988391,-6.634184915890288,1.358292793639991,1.9647617971442055
seed 329
Initial fitness values: [np.float64(14.089370337538748), np.float64(13.80141673232339), np.float64(13.107571225950696), np.float64(12.554460336147097), np.float64(12.554460336147097), np.float64(12.295141979960968), np.float64(11.285606627578277), np.float64(11.285606627578277), np.float64(11.278227170881628), np.float64(11.1917469674368)]
Final fitness values: [np.float64(10.336060380459509), np.float64(10.330152509382371), np.float64(10.330126037711576), np.float64(10.285699695687835), np.float64(10.285699695687835), np.float64(10.285699695687835), np.float64(10.266181449903634), np.float64(10.266181449903634), np.float64(10.224231351676723), np.float64(10.222590366113712)]
HOF ITEM
10.222590366113712
3.6879171006035634,-0.36901863129525864,-6.316230492905657,-1.1174641927514883,1.6636191761171504,6.893402526691871,1.3063301827785356,3.0,-0.5048434380001373,5.459727840772579,2.442554512012241,5.571904911178279,0.796333131758896,3.0,5.257215233232578,2.1388530640661156,3.0,-4.663127661890407
HOF ITEM
10.224231351676723
3.6879171006035634,-0.36901863129525864,-6.790765641473609,-1.1174641927514883,1.6636191761171504,7.0,1.3063301827785356,3.0,-0.5048434380001373,5.459727840772579,2.442554512012241,5.571904911178279,0.796333131758896,3.0,5.257215233232578,2.1388530640661156,3.0,-4.663127661890407
HOF ITEM
10.227704026416248
3.6879171006035634,-0.36901863129525864,-6.790765641473609,-1.1174641927514883,1.6636191761171504,7.0,1.3063301827785356,3.0,-0.5128232018156109,5.7819898726898025,2.978649460299602,5.5255907316237565,0.796333131758896,2.991947886025124,5.397120721157895,2.0356218125597234,3.0,-4.663127661890407
HOF ITEM
10.239527255459432
3.6879171006035634,-0.3767079817213876,-6.790765641473609,-1.1174641927514883,1.6636191761171504,7.0,1.3063301827785356,3.0,-0.5128232018156109,5.7819898726898025,2.978649460299602,5.5255907316237565,0.796333131758896,2.991947886025124,5.397120721157895,2.0356218125597234,3.0,-4.663127661890407
HOF ITEM
10.259700452340459
3.6879171006035634,-0.3767079817213876,-6.790765641473609,-1.0474364629802282,1.6636191761171504,7.0,1.3063301827785356,3.0,-0.5128232018156109,5.7819898726898025,2.978649460299602,5.5255907316237565,0.796333131758896,2.991947886025124,5.397120721157895,2.0356218125597234,3.0,-4.663127661890407
best parameter set
fitness 8.973105188263629 seed 320
-3.191285977574017,1.229135079209004,-4.955832071935436,-5.810680067101917,-5.5833167261766965,3.984015123056498,-2.180921105220851,2.7427084201388223,-1.271215441600091,-2.944131566328544,2.513570494353413,-2.3982282334267806,1.0058150819321832,2.783349047905414,-1.844557373291138,5.073529318071995,1.5418685587585887,-1.906773725043523
