seeds are [250 251 252 253 254 255 256 257 258 259]
seed 250
Initial fitness values: [np.float64(13.477467626997713), np.float64(12.964698435150803), np.float64(12.873660532556157), np.float64(12.76399367418458), np.float64(12.501062293502422), np.float64(12.45525694860628), np.float64(12.444699580382174), np.float64(12.444699580382174), np.float64(12.408856644025851), np.float64(12.405334186001532)]
Final fitness values: [np.float64(12.319025782287541), np.float64(12.319025782287541), np.float64(12.319025782287541), np.float64(12.319025782287541), np.float64(12.319025782287541), np.float64(12.319025782287541), np.float64(12.31902149724738), np.float64(12.31902149724738), np.float64(12.31902149724738), np.float64(12.31902149724738)]
HOF ITEM
12.31902149724738
-3.8777520494481084,-0.6228502586744618,-1.7228410625586517,1.5481263007932058,2.28894513993002,3.0023951295252775,2.2550581546193786,2.0248898014665477,2.749297503145888,2.88101083582219,2.325945927824243,-4.745866090678784,-3.1576194669057602,2.071718773754857,-4.611745717247486
HOF ITEM
12.319021497247384
-3.8777520494481084,-0.6228502586744618,-1.7228410625586517,1.5481263007932058,2.28894513993002,3.0023951295252775,2.2550581546193786,2.0248898014665477,2.749297503145888,2.88101083582219,1.8916207992182998,-4.745866090678784,-3.1576194669057602,2.071718773754857,-4.611745717247486
HOF ITEM
12.319021497247993
-3.8777520494481084,-0.6228502586744618,-1.7228410625586517,1.5481263007932058,2.28894513993002,3.0023951295252775,1.9039752660564015,2.0248898014665477,2.749297503145888,2.88101083582219,2.325945927824243,-4.745866090678784,-3.1576194669057602,2.071718773754857,-4.611745717247486
HOF ITEM
12.319021497247995
-3.8777520494481084,-0.6228502586744618,-1.7228410625586517,1.5481263007932058,2.28894513993002,3.0023951295252775,1.9039752660564015,2.0248898014665477,2.749297503145888,2.88101083582219,1.8916207992182998,-4.745866090678784,-3.1576194669057602,2.071718773754857,-4.611745717247486
HOF ITEM
12.319021497253715
-3.8777520494481084,-0.6228502586744618,-1.7228410625586517,1.5481263007932058,2.28894513993002,3.0023951295252775,1.9039752660564015,1.945048921896623,2.749297503145888,2.88101083582219,2.325945927824243,-4.745866090678784,-3.1576194669057602,2.071718773754857,-4.611745717247486
seed 251
Initial fitness values: [np.float64(14.827308879816577), np.float64(13.780554173982537), np.float64(13.780373306990308), np.float64(13.226258350328939), np.float64(12.260689890227773), np.float64(12.142050599853869), np.float64(12.14205042442053), np.float64(12.14205042442053), np.float64(12.142050376082693), np.float64(12.142042528369968)]
Final fitness values: [np.float64(10.63265857250279), np.float64(10.631714642249925), np.float64(10.631707872304093), np.float64(10.631707872304093), np.float64(10.631707872304093), np.float64(10.630991860224867), np.float64(10.630991860224867), np.float64(10.630991860224867), np.float64(10.630652456908075), np.float64(10.630259649774215)]
HOF ITEM
10.630259649774215
-5.382061571240142,1.5829968614252348,5.799002062152986,4.0190129673667405,-6.450472885533719,-2.4396838598653345,3.5531282517278027,1.9674334299872596,0.7704815699250733,-4.1082095072326315,2.1390892548581997,-0.4791793676734061,1.7454540042170879,0.0,2.1191571893754224
HOF ITEM
10.630652456908075
-5.382061571240142,1.5829968614252348,6.223333496753463,4.3652816607221085,-6.3987902835932795,-2.4396838598653345,3.5531282517278027,1.9674334299872596,0.7704815699250733,-4.1082095072326315,2.1390892548581997,-0.4791793676734061,1.7454540042170879,0.0,1.949501223093588
HOF ITEM
10.630690971166025
-5.382061571240142,1.5829968614252348,5.799002062152986,4.0190129673667405,-6.450472885533719,-2.4396838598653345,3.5531282517278027,1.9674334299872596,0.660893327183202,-4.1082095072326315,2.1390892548581997,-0.4791793676734061,1.5796337007546324,0.0,1.8065883509857192
HOF ITEM
10.630730196938798
-5.382061571240142,1.5829968614252348,5.799002062152986,4.0190129673667405,-6.450472885533719,-2.4396838598653345,3.5531282517278027,1.9674334299872596,0.7704815699250733,-4.1082095072326315,2.1390892548581997,-0.4791793676734061,1.9647270299896709,0.0,2.1191571893754224
HOF ITEM
10.630987103509424
-5.382061571240142,1.5829968614252348,5.5167033413837,4.0190129673667405,-6.450472885533719,-2.511232960444252,3.5531282517278027,1.972053532806276,0.9373647700771092,-4.1082095072326315,2.1390892548581997,-0.4791793676734061,1.7454540042170879,0.0,1.8065883509857192
seed 252
Initial fitness values: [np.float64(14.524019405868712), np.float64(13.603227060744914), np.float64(13.304543839417864), np.float64(13.304543839417864), np.float64(13.16935977035213), np.float64(13.067368336885256), np.float64(12.98749981694028), np.float64(12.910514144398672), np.float64(12.910514144398672), np.float64(12.835897165649254)]
Final fitness values: [np.float64(10.8454401009119), np.float64(10.8454401009119), np.float64(10.845364029584065), np.float64(10.845364029584065), np.float64(10.845346850828795), np.float64(10.83899448950359), np.float64(10.794863724236736), np.float64(10.79432567132674), np.float64(10.768807462425041), np.float64(10.768807462425041)]
HOF ITEM
10.768807462425041
-3.2020527483265098,1.5808689802658447,-0.7633944138017021,-1.3081836618112177,4.7969831202964475,3.7311317523881,0.2863498080409789,0.5931352540997751,-1.6041751854717015,3.9246883969894872,1.2713122268020798,3.666723447077762,-2.1489844491594923,2.756284487760734,-3.94789081039606
HOF ITEM
10.789930827993054
-3.2020527483265098,1.5808689802658447,-0.5824779069554807,-0.5720314384732053,4.942141930371503,3.7045994029255667,0.4206129205634432,0.20268844758922,-1.440744485638157,3.652473276652794,1.05444869253701,3.4266780701578963,-2.1489844491594923,2.708718188286376,-3.760528720318308
HOF ITEM
10.793655790198123
-3.2020527483265098,1.5808689802658447,-0.7633944138017021,-0.5720314384732053,5.134145582073881,3.7045994029255667,0.2863498080409789,0.20268844758922,-1.440744485638157,3.652473276652794,1.4062106836196995,4.441631748614385,-2.1489844491594923,2.721420172492997,-3.94789081039606
HOF ITEM
10.793875989833618
-3.2020527483265098,1.5808689802658447,-0.7633944138017021,-1.1854605093202748,4.7969831202964475,3.7045994029255667,0.4206129205634432,0.20268844758922,-1.440744485638157,3.652473276652794,1.4062106836196995,4.441631748614385,-2.1489844491594923,2.721420172492997,-3.94789081039606
HOF ITEM
10.79432567132674
-3.2020527483265098,1.5808689802658447,-0.5824779069554807,-1.1854605093202748,4.7969831202964475,3.7045994029255667,-0.028071414966789665,0.764453066239078,-1.8151461200579748,3.774144489457926,1.05444869253701,3.4266780701578963,-2.1489844491594923,2.708718188286376,-3.760528720318308
seed 253
Initial fitness values: [np.float64(14.18394076455585), np.float64(14.06029999470885), np.float64(13.74452400784396), np.float64(13.639409643290314), np.float64(13.620467505743628), np.float64(13.527978699535353), np.float64(13.526097127168608), np.float64(13.481905063301733), np.float64(13.47649895529896), np.float64(13.470017117745435)]
Final fitness values: [np.float64(10.662328260534867), np.float64(10.63565785864643), np.float64(10.635178509443092), np.float64(10.635172423827107), np.float64(10.6351724238271), np.float64(10.6351724238271), np.float64(10.6351724238271), np.float64(10.6351724238271), np.float64(10.6351724238271), np.float64(10.635163447629452)]
HOF ITEM
10.635163447629452
-5.4334734383601235,1.5800863935664022,4.444058730260984,-1.6136068884020554,2.874028851376185,2.966350360383487,5.545645159192603,1.5622383847221641,-0.5329737881226531,-4.210193762695692,2.1182487413350506,-0.8094356873150762,6.066503730683248,1.6912757870997654,-0.6690566179951097
HOF ITEM
10.6351724238271
-5.4334734383601235,1.5800863935664022,4.444058730260984,-1.693653582439679,2.874028851376185,2.966350360383487,5.734517700860548,0.9694813516346686,-0.5329737881226531,-4.210193762695692,2.1182487413350506,-0.8094356873150762,6.066503730683248,1.8096062081168307,-0.6526743437454346
HOF ITEM
10.6351724238271
-5.4334734383601235,1.5800863935664022,4.444058730260984,-1.693653582439679,2.874028851376185,2.966350360383487,5.734517700860548,0.9694813516346686,-0.5329737881226531,-4.210193762695692,2.1182487413350506,-0.8094356873150762,5.5461928616861575,1.8096062081168307,-0.6526743437454346
HOF ITEM
10.6351724238271
-5.4334734383601235,1.5800863935664022,4.444058730260984,-1.693653582439679,2.874028851376185,2.966350360383487,5.734517700860548,0.9694813516346686,-0.5329737881226531,-4.210193762695692,2.1182487413350506,-0.8094356873150762,6.066503730683248,1.4508018252562884,-0.6526743437454346
HOF ITEM
10.6351724238271
-5.4334734383601235,1.5800863935664022,4.444058730260984,-1.693653582439679,2.874028851376185,2.966350360383487,5.734517700860548,0.9694813516346686,-0.5329737881226531,-4.210193762695692,2.1182487413350506,-0.8094356873150762,6.066503730683248,1.6912757870997654,-0.6526743437454346
seed 254
Initial fitness values: [np.float64(13.816044798947454), np.float64(13.748293363892595), np.float64(13.486042894146271), np.float64(13.219655679885705), np.float64(12.991536553380234), np.float64(12.969617533536656), np.float64(12.576999840514985), np.float64(12.497488677718206), np.float64(12.060758937016141), np.float64(12.060758937016141)]
Final fitness values: [np.float64(10.938366714911966), np.float64(10.938108504071277), np.float64(10.93808625738398), np.float64(10.93554713228312), np.float64(10.93554713228312), np.float64(10.934172819385472), np.float64(10.934172819385472), np.float64(10.93164790464164), np.float64(10.930737747392007), np.float64(10.930384532837587)]
HOF ITEM
10.930384532837587
4.163811793084018,-0.5151484988922939,2.603235974289201,-6.283163781860985,3.0877169489375067,-5.303095229411091,-2.9284108427969846,0.2208557954280709,4.532044498747953,-5.401257164983538,0.0,-0.8573286680915908,1.318584678529856,3.0,-0.4496922493294791
HOF ITEM
10.930422383678874
4.163811793084018,-0.5151484988922939,2.8038231659541077,-6.045575337092207,3.0877169489375067,-5.5257065162652514,-2.864454510682925,0.3694597104910721,4.360101370383706,-5.401257164983538,0.0,-0.8573286680915908,1.318584678529856,3.0,-0.4496922493294791
HOF ITEM
10.930737747392007
4.163811793084018,-0.5151484988922939,2.932448127104348,-5.8362732628814795,3.5359731118226785,-5.398644594321065,-3.055223819689363,0.0,4.635333406982898,-5.221952250911134,0.0,-0.8573286680915908,1.318584678529856,3.0,-0.4496922493294791
HOF ITEM
10.930919693326821
4.163811793084018,-0.5151484988922939,2.8850727052524805,-6.283163781860985,3.0877169489375067,-4.703510716834815,-2.9284108427969846,0.2208557954280709,4.532044498747953,-5.1627368576229875,0.09792836520528063,-0.5971736057764718,1.318584678529856,3.0,-0.4496922493294791
HOF ITEM
10.931584365033975
4.163811793084018,-0.5151484988922939,2.695872766320599,-6.585168923821567,3.0877169489375067,-5.303095229411091,-2.6882029704265578,0.2208557954280709,4.532044498747953,-5.1627368576229875,0.0,-0.45996043978218193,1.318584678529856,3.0,-0.4496922493294791
seed 255
Initial fitness values: [np.float64(14.266808820759039), np.float64(13.72665758627447), np.float64(13.113513374527134), np.float64(13.06421965890203), np.float64(13.044591120632406), np.float64(13.044591120632406), np.float64(12.928023791182696), np.float64(12.916136826314174), np.float64(12.916136826314174), np.float64(12.8304269866203)]
Final fitness values: [np.float64(10.586901417660288), np.float64(10.586901417660288), np.float64(10.586901417660288), np.float64(10.586901417660288), np.float64(10.586901417660288), np.float64(10.586901417660288), np.float64(10.586901417660288), np.float64(10.586901417660288), np.float64(10.586901417660288), np.float64(10.586901417660288)]
HOF ITEM
10.586901417660288
1.7273862969044573,0.3447176956806746,-5.046223571264429,-1.7966866768132386,-0.9502939663077608,-5.265710322162116,1.175097756696164,2.7635666211966594,1.6604655516471385,2.9985232495794825,3.0,4.4244631907347935,6.039739953339664,0.0,3.4945521498677774
HOF ITEM
10.586901417660288
1.7273862969044573,0.3447176956806746,-5.046223571264429,-1.7966866768132386,-0.9502939663077608,-5.265710322162116,1.175097756696164,2.7635666211966594,1.6604655516471385,3.446619643744902,3.0,4.410061426272596,6.039739953339664,0.0,3.4945521498677774
HOF ITEM
10.586901417660288
1.7273862969044573,0.3447176956806746,-5.046223571264429,-1.7966866768132386,-0.9502939663077608,-5.265710322162116,1.175097756696164,2.7635666211966594,1.6604655516471385,2.9985232495794825,3.0,4.410061426272596,6.039739953339664,0.0,3.4945521498677774
HOF ITEM
10.586901417660288
1.7273862969044573,0.3447176956806746,-5.046223571264429,-1.7966866768132386,-0.9502939663077608,-5.265710322162116,1.175097756696164,2.7635666211966594,1.6604655516471385,3.5656730834511343,3.0,4.4244631907347935,6.039739953339664,0.0,3.4945521498677774
HOF ITEM
10.586901417660288
1.7273862969044573,0.3447176956806746,-5.046223571264429,-1.7966866768132386,-0.9502939663077608,-5.265710322162116,1.175097756696164,2.7635666211966594,1.6604655516471385,3.446619643744902,3.0,4.4244631907347935,6.039739953339664,0.0,3.4945521498677774
seed 256
Initial fitness values: [np.float64(14.725136280771542), np.float64(13.873098931149071), np.float64(13.781830399234456), np.float64(12.919846844856373), np.float64(12.91813799075661), np.float64(12.702344844004593), np.float64(12.702344844004593), np.float64(12.570577816534431), np.float64(12.338316809560936), np.float64(12.165726929771889)]
Final fitness values: [np.float64(10.989900035530278), np.float64(10.989900035530278), np.float64(10.989900035530278), np.float64(10.989900035530278), np.float64(10.989900035530278), np.float64(10.989900035530278), np.float64(10.98986098240597), np.float64(10.989749799340771), np.float64(10.989749799340771), np.float64(10.989749799340771)]
HOF ITEM
10.989749799340771
4.685493661511078,-0.6415219714102479,2.1247031098500244,-1.8056650709626623,-4.796460367535477,-5.684489354149735,1.8848922820889915,1.3395721367317872,0.38857282221104994,5.7991821663617085,2.1263860940530326,-5.2629952869257774,1.3244674850317435,3.0,-0.5936666788801112
HOF ITEM
10.989749799340771
4.685493661511078,-0.6415219714102479,2.1247031098500244,-1.8056650709626623,-4.796460367535477,-5.684489354149735,1.8848922820889915,1.3395721367317872,0.38857282221104994,6.331575414233081,2.1263860940530326,-4.906655238086573,1.3244674850317435,3.0,-0.5936666788801112
HOF ITEM
10.989749799340771
4.685493661511078,-0.6415219714102479,2.1247031098500244,-1.8056650709626623,-4.796460367535477,-5.684489354149735,1.8848922820889915,1.3395721367317872,0.38857282221104994,5.7991821663617085,2.1263860940530326,-4.906655238086573,1.3244674850317435,3.0,-0.5936666788801112
HOF ITEM
10.98986098240597
4.685493661511078,-0.6415219714102479,2.1247031098500244,-1.8056650709626623,-4.796460367535477,-5.684489354149735,2.030783250854374,1.3873021991174785,0.5597745497470962,6.331575414233081,2.1263860940530326,-5.156605454606569,1.3244674850317435,3.0,-0.5936666788801112
HOF ITEM
10.98986098240597
4.685493661511078,-0.6415219714102479,2.1247031098500244,-1.8056650709626623,-4.796460367535477,-5.684489354149735,2.030783250854374,1.3873021991174785,0.5597745497470962,6.260131655660885,2.1063414296503034,-5.2629952869257774,1.3244674850317435,3.0,-0.5936666788801112
seed 257
Initial fitness values: [np.float64(13.724330877818412), np.float64(13.5563886245436), np.float64(13.360159033712048), np.float64(13.293816655622143), np.float64(13.216265381332686), np.float64(13.01886597375354), np.float64(12.877131247030578), np.float64(12.856956116910892), np.float64(12.02403461713515), np.float64(11.592216420882911)]
Final fitness values: [np.float64(10.89857085808451), np.float64(10.89857085808451), np.float64(10.89857085808451), np.float64(10.89857085808451), np.float64(10.89857085808451), np.float64(10.896531014455636), np.float64(10.896531014455636), np.float64(10.89652528730016), np.float64(10.89652528730016), np.float64(10.89652528730016)]
HOF ITEM
10.89652528730016
5.4112027698586695,-0.8187419114598984,-3.586825635056839,3.130558445427288,-6.540733325239322,-2.924949271152374,1.2917949067263041,0.5730684991039444,-0.17274577862856672,1.254634796059883,2.2022740640038942,-0.5765265781042518,2.780212570351002,0.246328981346561,-6.332411698356872
HOF ITEM
10.896531014455636
5.4112027698586695,-0.8187419114598984,-3.586825635056839,3.130558445427288,-6.540733325239322,-2.924949271152374,1.2917949067263041,0.5730684991039444,-0.17274577862856672,1.254634796059883,2.2022740640038942,-0.5765265781042518,2.780212570351002,0.43972948757659436,-6.332411698356872
HOF ITEM
10.896564808698
5.4112027698586695,-0.8187419114598984,-3.586825635056839,3.130558445427288,-6.540733325239322,-3.134445571531468,1.2917949067263041,0.5730684991039444,-0.17274577862856672,1.254634796059883,2.2022740640038942,-0.5765265781042518,2.780212570351002,0.8703877647573213,-6.152843304863663
HOF ITEM
10.898425186803586
5.398552671669622,-0.8187419114598984,-3.586825635056839,2.853634821706346,-6.540733325239322,-3.0422874277784433,1.2917949067263041,0.5730684991039444,-0.17274577862856672,1.254634796059883,2.2022740640038942,-0.5765265781042518,3.368655484773633,0.246328981346561,-6.352955523190936
HOF ITEM
10.898482380402358
5.398552671669622,-0.8187419114598984,-3.586825635056839,2.963872799640694,-6.496925983314233,-2.924949271152374,1.2917949067263041,0.5730684991039444,-0.17274577862856672,1.254634796059883,2.2022740640038942,-0.5765265781042518,2.780212570351002,0.246328981346561,-6.197640689543871
seed 258
Initial fitness values: [np.float64(13.917952192840252), np.float64(13.865259796006), np.float64(13.8261603003604), np.float64(13.808166288964093), np.float64(13.782054691617414), np.float64(13.731451909188324), np.float64(13.200823062352237), np.float64(13.188488205587365), np.float64(13.15693724754728), np.float64(13.14472746143716)]
Final fitness values: [np.float64(11.191051626917416), np.float64(11.191042150877728), np.float64(11.191025822721485), np.float64(11.191025822721485), np.float64(11.170882102117337), np.float64(11.17084643649586), np.float64(11.161747661033138), np.float64(11.152076393158222), np.float64(11.152076393158222), np.float64(11.143245335170421)]
HOF ITEM
11.143245335170421
5.786530836937012,-0.8895945865659864,6.428143552470409,-4.0573844787065685,4.7017521697313285,-4.709156544440441,5.001382852065656,2.72593552871143,-0.42617212418015565,-3.4794217253525805,2.6753229744808342,0.007781173969313666,1.3086423649139762,2.6052724698408984,-0.4523618315095246
HOF ITEM
11.149089066313675
5.786530836937012,-0.8895945865659864,6.500391985507994,-3.0758952436942373,4.86214077097269,-4.916005104010293,5.477853964809028,2.8152293108796402,-0.009178445205486718,-3.1947349699091987,2.1806397196425333,-0.060485247582749285,1.2905101843606237,2.4409584280378613,-0.4523618315095246
HOF ITEM
11.149172076589595
5.786530836937012,-0.8895945865659864,6.504418168633544,-3.906423879854437,5.026323741873203,-4.5361166351903535,6.65018517059775,3.0,-0.009178445205486718,-3.4305827990651543,2.7867446887734926,-0.004229825659411268,1.2905101843606237,2.4409584280378613,-0.4523618315095246
HOF ITEM
11.152076393158222
5.786530836937012,-0.8895945865659864,6.504418168633544,-3.906423879854437,4.7017521697313285,-4.709156544440441,5.477853964809028,2.8152293108796402,-0.03230560654164253,-3.4794217253525805,2.7479786937481836,-0.0396662998718203,1.2905101843606237,2.4262555602131424,-0.4523618315095246
HOF ITEM
11.152076393158222
5.786530836937012,-0.8895945865659864,6.504418168633544,-3.906423879854437,4.7017521697313285,-4.709156544440441,5.001382852065656,2.8980718341654943,-0.03230560654164253,-3.4794217253525805,2.7479786937481836,-0.0396662998718203,1.2905101843606237,2.4262555602131424,-0.4523618315095246
seed 259
Initial fitness values: [np.float64(13.88762675009503), np.float64(13.821077849142236), np.float64(13.738065103789733), np.float64(13.706258665671095), np.float64(13.552477003583276), np.float64(13.552477003583276), np.float64(13.366388984574785), np.float64(13.286316341387401), np.float64(13.079844180202452), np.float64(12.95368624251312)]
Final fitness values: [np.float64(12.626060496722411), np.float64(12.626060496722411), np.float64(12.626060496722411), np.float64(12.626060496722411), np.float64(12.626060496722411), np.float64(12.571565533559031), np.float64(12.571565533559031), np.float64(12.571565533559031), np.float64(12.366265375287359), np.float64(12.337078657098388)]
HOF ITEM
12.337078657098388
0.723288846217248,0.21098164358225557,2.5578980596319387,3.4854598780223833,-2.017396658505182,6.165755382180018,1.3375233094599421,2.2455503735142703,-4.35111184218128,1.2319175089100138,1.4216409873182365,-5.700069353531405,6.316541416008813,1.3235361785220037,3.3947412945376136
HOF ITEM
12.366265375287359
0.723288846217248,0.002745941910519356,1.9757207577198215,3.206867577819384,-2.017396658505182,6.165755382180018,1.3375233094599421,2.165819446730643,-4.35111184218128,1.2319175089100138,1.4216409873182365,-5.700069353531405,6.316541416008813,1.1041547209265963,3.3947412945376136
HOF ITEM
12.474775602282229
0.7220449468842374,-0.15426805446677705,2.2876067990297964,3.1558292386702838,-1.719265189069049,6.485324085473362,1.3375233094599421,2.165819446730643,-4.235463727914213,1.2319175089100138,1.28137769193054,-5.700069353531405,6.184188866547001,1.2511940638905432,3.336332957328782
HOF ITEM
12.54631049535599
0.723288846217248,-0.2914776228791751,2.017456751245756,3.1558292386702838,-1.719265189069049,6.165755382180018,1.3375233094599421,2.120416508164582,-4.293462310869115,1.2319175089100138,1.4216409873182365,-5.700069353531405,6.184188866547001,1.027066578916426,3.1979214880212514
HOF ITEM
12.571565533559031
0.723288846217248,-0.5288936252857614,2.017456751245756,3.1558292386702838,-1.719265189069049,6.165755382180018,1.3375233094599421,2.165819446730643,-4.293462310869115,1.2319175089100138,1.4216409873182365,-5.700069353531405,6.184188866547001,1.2021540474060792,3.1979214880212514
best parameter set
fitness 10.339705222859333 seed 257
5.2360617389486865,-0.8077853498405377,-3.583095807329358,3.133393684498202,-6.538822825261787,-3.13167951518843,0.5572409185224543,2.18423813664145,-0.362366917201693,1.147436502450249,2.405947978276409,-0.8216309566961614,2.7793994832170523,0.8683648455967666,-6.153834547001021
