seeds are [100 101 102 103 104 105 106 107 108 109]
seed 100
Initial fitness values: [np.float64(15.318366186029136), np.float64(14.296035653210655), np.float64(13.7748741706391), np.float64(13.773226458408645), np.float64(13.768081944487669), np.float64(13.751179573221819), np.float64(13.736515338015986), np.float64(13.73446807938847), np.float64(13.725566569795603), np.float64(13.713301945666517)]
Final fitness values: [np.float64(12.079874281459961), np.float64(12.079874281459961), np.float64(12.079874281459961), np.float64(12.079866521415658), np.float64(12.079099249172184), np.float64(12.079074893186672), np.float64(12.079068933668253), np.float64(12.079068933668253), np.float64(12.079068933668253), np.float64(12.079068933668253)]
HOF ITEM
12.079068933668253
-4.146734504148197,0.09043426349876521,4.960295214973934,-5.558342449136988,-3.7560305319704237,-2.6806249414733028,2.836649105940387,2.362031526118694,0.2652125689675835,-2.0884869414981333,3.0,0.2262134478631079,-2.57417103723715,0.08496812085084113,-5.217640044620478,-6.596489230911227,1.9064056717059128,2.561528227729271
HOF ITEM
12.079068933668253
-4.146734504148197,0.09043426349876521,4.960295214973934,-5.558342449136988,-3.7560305319704237,-2.6806249414733028,2.836649105940387,2.4442592724225176,0.2652125689675835,-2.0884869414981333,3.0,0.2262134478631079,-2.57417103723715,0.08496812085084113,-5.217640044620478,-6.596489230911227,1.9064056717059128,2.561528227729271
HOF ITEM
12.079068933668253
-4.146734504148197,0.09043426349876521,4.960295214973934,-5.558342449136988,-3.7560305319704237,-2.6806249414733028,2.836649105940387,2.4442592724225176,0.043540427575826185,-2.0884869414981333,3.0,0.2262134478631079,-2.57417103723715,0.08496812085084113,-5.217640044620478,-6.596489230911227,1.9064056717059128,2.561528227729271
HOF ITEM
12.079068933668253
-4.146734504148197,0.09043426349876521,4.960295214973934,-5.558342449136988,-3.7560305319704237,-2.6806249414733028,2.836649105940387,2.362031526118694,0.043540427575826185,-2.0884869414981333,3.0,0.2262134478631079,-2.57417103723715,0.08496812085084113,-5.217640044620478,-6.596489230911227,1.9064056717059128,2.561528227729271
HOF ITEM
12.079074893186672
-4.146734504148197,0.09043426349876521,4.960295214973934,-5.775745577159945,-3.7560305319704237,-2.6806249414733028,2.836649105940387,2.362031526118694,0.043540427575826185,-2.0884869414981333,3.0,0.2262134478631079,-2.57417103723715,0.08496812085084113,-5.217640044620478,-6.596489230911227,1.9064056717059128,2.561528227729271
seed 101
Initial fitness values: [np.float64(15.760975972404614), np.float64(14.188793605168549), np.float64(13.85950545959848), np.float64(13.708705507279904), np.float64(13.641575322566503), np.float64(13.559417807845778), np.float64(13.45306432601909), np.float64(13.357723069909337), np.float64(13.333577510471645), np.float64(12.872409421550834)]
Final fitness values: [np.float64(12.240049373923085), np.float64(12.23750510486725), np.float64(12.23750510486725), np.float64(12.23750510486725), np.float64(12.23750510486725), np.float64(12.23750510486725), np.float64(12.23750510486725), np.float64(12.236444178552313), np.float64(12.236444178552313), np.float64(12.236444178552313)]
HOF ITEM
12.236444178552313
-1.548540968934031,-3.077825443841435,1.6087495073475495,2.1085117593456424,1.720349283887798,1.968895343899082,3.6360863755276105,2.1535087069669387,6.161713758475423,0.8072027834106363,0.35701313483767594,-2.774708205455898,-0.5222525331781824,1.9758792290563496,-0.8585077450323313,1.4771165889889228,0.7599365205890932,-6.600072068480269
HOF ITEM
12.236555469579109
-1.548540968934031,-3.271453101048831,1.619290389738426,2.1085117593456424,1.8924754986830516,2.4429514224250144,3.498633836868804,2.1535087069669387,6.385124656383867,0.8072027834106363,0.35701313483767594,-2.774708205455898,-0.5222525331781824,1.9758792290563496,-0.8585077450323313,1.4771165889889228,0.6973225057582528,-6.600072068480269
HOF ITEM
12.23750510486725
-1.548540968934031,-3.077825443841435,1.619290389738426,2.1085117593456424,1.8924754986830516,2.4429514224250144,3.498633836868804,2.1535087069669387,6.385124656383867,0.8072027834106363,0.35701313483767594,-2.66802366218008,-0.5222525331781824,1.9758792290563496,-0.8585077450323313,1.4771165889889228,0.6973225057582528,-6.600072068480269
HOF ITEM
12.23750510486725
-1.548540968934031,-3.271453101048831,1.619290389738426,2.1085117593456424,1.8924754986830516,2.4429514224250144,3.498633836868804,2.1535087069669387,6.385124656383867,0.8072027834106363,0.35701313483767594,-2.66802366218008,-0.5222525331781824,1.9758792290563496,-0.8585077450323313,1.4771165889889228,0.6973225057582528,-6.600072068480269
HOF ITEM
12.237505104900805
-1.548540968934031,-3.271453101048831,1.619290389738426,2.1085117593456424,1.8924754986830516,2.4429514224250144,3.498633836868804,2.1535087069669387,6.178064001311405,0.8072027834106363,0.35701313483767594,-2.66802366218008,-0.5222525331781824,1.9758792290563496,-0.8585077450323313,1.4771165889889228,0.6973225057582528,-6.600072068480269
seed 102
Initial fitness values: [np.float64(13.900099208134792), np.float64(13.788081533717614), np.float64(13.71876440197308), np.float64(13.651949170218941), np.float64(13.564839921316592), np.float64(13.55201460145293), np.float64(13.427089875754856), np.float64(13.427089875754856), np.float64(13.366367044134517), np.float64(13.278160110064299)]
Final fitness values: [np.float64(12.140992919654952), np.float64(12.140992919654952), np.float64(12.140992919654952), np.float64(12.140992919654952), np.float64(12.1380514375416), np.float64(12.1380514375416), np.float64(12.138051235727477), np.float64(12.138051235727477), np.float64(12.1380443897737), np.float64(12.1380443897737)]
HOF ITEM
12.1380443897737
-2.0872302480575318,-1.623213562491891,2.7682331625588303,-3.3744562640686353,6.520471568265635,3.7581679364345746,-0.8357425635245046,1.1903215233165572,1.0513483207649004,-3.908242194259507,2.7938934137838665,-6.236667777292502,3.8141364030386526,0.8678426259552403,-4.65296845001251,-1.2618227051989321,1.6355118253263745,-1.632478506016048
HOF ITEM
12.138047991919922
-2.0872302480575318,-1.4552299448959518,2.7682331625588303,-3.3744562640686353,6.520471568265635,3.7581679364345746,-0.8357425635245046,1.1903215233165572,1.0513483207649004,-3.908242194259507,2.7938934137838665,-6.236667777292502,3.8141364030386526,0.8678426259552403,-4.805512767962433,-1.2618227051989321,1.6355118253263745,-1.632478506016048
HOF ITEM
12.138051235727477
-2.0872302480575318,-1.4552299448959518,2.7682331625588303,-3.3744562640686353,6.520471568265635,3.7581679364345746,-0.8357425635245046,1.1903215233165572,1.0513483207649004,-3.908242194259507,2.7938934137838665,-6.236667777292502,3.2888853560495313,0.8678426259552403,-4.805512767962433,-1.2618227051989321,1.6355118253263745,-1.632478506016048
HOF ITEM
12.138051239049444
-2.0872302480575318,-1.4552299448959518,2.7682331625588303,-3.3744562640686353,6.520471568265635,3.7581679364345746,-0.8357425635245046,1.1903215233165572,1.0513483207649004,-3.908242194259507,2.7938934137838665,-6.236667777292502,3.2888853560495313,0.8678426259552403,-4.898250529581852,-1.2618227051989321,1.6355118253263745,-1.632478506016048
HOF ITEM
12.138051239049444
-2.0872302480575318,-1.4552299448959518,2.7682331625588303,-3.3744562640686353,6.520471568265635,3.7581679364345746,-0.8357425635245046,1.1903215233165572,1.0513483207649004,-3.487129057434164,2.7938934137838665,-6.236667777292502,3.2888853560495313,0.8678426259552403,-4.898250529581852,-1.2618227051989321,1.6355118253263745,-1.632478506016048
seed 103
Initial fitness values: [np.float64(14.88532326184099), np.float64(13.956439226505976), np.float64(13.742592957177468), np.float64(13.591958974563513), np.float64(13.591958974563513), np.float64(13.527478135519283), np.float64(13.492644543578669), np.float64(13.42725662643223), np.float64(13.42725662643223), np.float64(13.375496982194468)]
Final fitness values: [np.float64(10.556104722668909), np.float64(10.554086611552549), np.float64(10.552788089305597), np.float64(10.552788089305597), np.float64(10.552788089305597), np.float64(10.542136951050148), np.float64(10.542136951050148), np.float64(10.530836123309674), np.float64(10.530836123309674), np.float64(10.53083255302105)]
HOF ITEM
10.53083255302105
-3.708485595031374,1.5973977599467086,2.3103242683511462,4.55444624327239,6.404444645981805,-0.3663321285529577,-1.368767292236722,2.3655732045688516,-3.986618498526854,-0.9792526143953346,1.7860455799326513,6.35289288871173,-3.59861034704762,1.051072426271128,0.6854994355401325,-2.423128815565541,2.626838122111946,-0.4790451534532632
HOF ITEM
10.530836123309674
-3.708485595031374,1.5973977599467086,2.3103242683511462,4.55444624327239,6.404444645981805,-0.3663321285529577,-1.368767292236722,2.3655732045688516,-3.666253830624332,-0.9792526143953346,1.7860455799326513,6.35289288871173,-3.59861034704762,1.051072426271128,0.6854994355401325,-2.423128815565541,2.626838122111946,-0.4790451534532632
HOF ITEM
10.531063333598139
-3.708485595031374,1.5973977599467086,2.3103242683511462,4.55444624327239,6.404444645981805,-0.3663321285529577,-1.2424353332190088,2.260043378371981,-3.666253830624332,-0.9792526143953346,1.7860455799326513,6.35289288871173,-3.59861034704762,1.051072426271128,0.6854994355401325,-2.423128815565541,2.626838122111946,-0.4790451534532632
HOF ITEM
10.53143220047916
-3.708485595031374,1.5973977599467086,2.3103242683511462,4.55444624327239,6.404444645981805,-0.3663321285529577,-1.368767292236722,2.468187828974686,-3.986618498526854,-0.9792526143953346,1.7860455799326513,6.35289288871173,-3.59861034704762,1.051072426271128,0.7197710181521737,-2.423128815565541,2.626838122111946,-0.4790451534532632
HOF ITEM
10.539553106368244
-3.708485595031374,1.5973977599467086,2.3103242683511462,4.274463372971097,6.404444645981805,-0.3663321285529577,-1.2424353332190088,2.260043378371981,-3.666253830624332,-0.9792526143953346,1.7860455799326513,6.35289288871173,-3.59861034704762,1.051072426271128,0.8797862302588165,-2.423128815565541,2.626838122111946,-0.4790451534532632
seed 104
Initial fitness values: [np.float64(15.33526223041046), np.float64(14.370465548712902), np.float64(13.522045645670385), np.float64(13.520837884910232), np.float64(13.520837884910232), np.float64(13.351048139834639), np.float64(13.173679413743656), np.float64(13.099926630454629), np.float64(12.98231026726555), np.float64(12.98231026726555)]
Final fitness values: [np.float64(10.711430234272076), np.float64(10.691152144012154), np.float64(10.691152144012154), np.float64(10.691147114701085), np.float64(10.691147114701085), np.float64(10.691144466379596), np.float64(10.691143458861825), np.float64(10.69114322253056), np.float64(10.691141163290553), np.float64(10.691141163290553)]
HOF ITEM
10.691141163290553
-5.461443613960049,1.5383190358906984,-1.7583814174635577,6.5901442175005895,-2.5611083383652113,3.7978752174634005,-0.01420976903024776,1.8566329224092741,1.7403084217404166,5.323654224702438,1.001918400195052,5.9155085839744554,-4.212180777616321,2.095893985668051,-0.4659762571003345,5.813957606044852,0.6651475806248378,-6.687532664362023
HOF ITEM
10.691141534484704
-5.461443613960049,1.5383190358906984,-1.7583814174635577,6.5901442175005895,-2.5611083383652113,3.7978752174634005,-0.01420976903024776,1.8566329224092741,1.7403084217404166,5.327718544265514,0.8950446549464122,6.208138222860677,-4.212180777616321,2.095893985668051,-0.4659762571003345,5.813957606044852,0.6651475806248378,-6.687532664362023
HOF ITEM
10.691141734373483
-5.461443613960049,1.5383190358906984,-2.3084220472224586,6.525551632534613,-2.6587387485855856,4.471359932448642,-0.01420976903024776,1.910071793522185,1.948956003328601,5.716798513868431,1.116943628665437,6.538752316863282,-4.212180777616321,2.095893985668051,-0.4659762571003345,5.813957606044852,0.7575401690970611,-6.767743096817694
HOF ITEM
10.691141968504041
-5.461443613960049,1.5383190358906984,-2.3084220472224586,6.525551632534613,-2.6587387485855856,4.471359932448642,-0.2952824710323594,1.910071793522185,1.948956003328601,5.53660054155529,0.8950446549464122,6.208138222860677,-4.212180777616321,2.095893985668051,-0.4659762571003345,5.813957606044852,0.6651475806248378,-6.767743096817694
HOF ITEM
10.691141970142219
-5.461443613960049,1.5383190358906984,-1.8886734445868731,6.622346210808181,-2.6587387485855856,4.1055052149790345,-0.31689975479298305,1.58869678182323,1.9012011779688751,5.730397231038805,1.116943628665437,6.551580422315463,-4.212180777616321,2.095893985668051,-0.4659762571003345,5.813957606044852,0.6651475806248378,-6.812202078726425
seed 105
Initial fitness values: [np.float64(14.398317461579818), np.float64(14.173197490774301), np.float64(12.710987874562774), np.float64(12.481916450509638), np.float64(12.181704877826466), np.float64(12.181704877826466), np.float64(12.001772231384997), np.float64(11.903790862693361), np.float64(11.648656636395778), np.float64(11.537196432195763)]
Final fitness values: [np.float64(10.575571669061839), np.float64(10.575571669061839), np.float64(10.575571669061839), np.float64(10.575571669061839), np.float64(10.575571669061839), np.float64(10.575571669061839), np.float64(10.575571669061839), np.float64(10.575571669061839), np.float64(10.575571669061839), np.float64(10.575571669061839)]
HOF ITEM
10.575571669061839
5.707388486051855,-1.2528468344557462,5.278688008802179,6.238291348106852,-4.849508814806459,-6.981553459619127,-6.3952195700972485,3.0,3.5810453678099745,2.6922456801299806,0.0,5.390897236563123,1.1540422548565448,2.2391388335424374,-0.6828026941190126,4.483698344682564,2.8535904302557733,-3.319587011204769
HOF ITEM
10.575571669061839
5.707388486051855,-1.2528468344557462,5.278688008802179,6.238291348106852,-4.849508814806459,-6.981553459619127,-6.3952195700972485,3.0,3.5810453678099745,2.6922456801299806,0.0,5.390897236563123,1.1540422548565448,2.2391388335424374,-0.6828026941190126,4.483698344682564,2.5939608616005905,-3.182742529083229
HOF ITEM
10.575571669061839
5.707388486051855,-1.2528468344557462,5.278688008802179,6.238291348106852,-4.849508814806459,-6.981553459619127,-6.282885658015775,3.0,3.5810453678099745,2.6922456801299806,0.0,5.390897236563123,1.1540422548565448,2.2391388335424374,-0.6828026941190126,4.604663370740127,2.8535904302557733,-3.6728006930719097
HOF ITEM
10.575571669061839
5.707388486051855,-1.2528468344557462,5.278688008802179,6.238291348106852,-4.849508814806459,-6.981553459619127,-6.459317307052858,3.0,3.5810453678099745,2.6922456801299806,0.0,5.390897236563123,1.1540422548565448,2.2391388335424374,-0.6828026941190126,4.483698344682564,2.8535904302557733,-3.319587011204769
HOF ITEM
10.594899276328986
5.707388486051855,-1.2528468344557462,5.278688008802179,6.238291348106852,-4.849508814806459,-6.981553459619127,-6.2995937391804215,3.0,3.5868397154381673,2.6922456801299806,0.0,5.390897236563123,1.1540422548565448,2.2391388335424374,-0.6828026941190126,4.483698344682564,2.8535904302557733,-3.319587011204769
seed 106
Initial fitness values: [np.float64(13.934845291912817), np.float64(13.934845291912817), np.float64(13.837756353259563), np.float64(13.43918932896562), np.float64(12.766347283277954), np.float64(12.766347283277954), np.float64(12.473578182310018), np.float64(12.427375338799937), np.float64(12.427375338799937), np.float64(12.427160185304542)]
Final fitness values: [np.float64(12.31529813986888), np.float64(12.31529813986888), np.float64(12.31529813986888), np.float64(12.31529813986888), np.float64(12.315257435092436), np.float64(12.315257435092436), np.float64(12.315257435092436), np.float64(12.314790870130286), np.float64(12.314790868063016), np.float64(12.313781550302464)]
HOF ITEM
12.313781550302464
-3.3402236646336876,-2.413735360938909,0.9369305516121734,3.8936163320269466,-3.905200464575136,-3.576472255705899,5.3978320730286535,0.0,2.7755161994056388,3.170757518884953,1.9873772906065819,2.198976013542221,1.8827773914727277,2.3793673476101866,-2.9307257689511625,-2.41842829056372,2.069109607613191,-2.9148977128387976
HOF ITEM
12.31474877762621
-3.3080907704818587,-2.1489538381215496,0.9369305516121734,3.8936163320269466,-3.905200464575136,-3.2478862389234657,5.3978320730286535,0.0,2.6297808156346774,3.170757518884953,1.9873772906065819,2.0759057341222387,1.6487230942058344,2.3793673476101866,-3.163516652752357,-2.41842829056372,2.0789720885291407,-3.2527347855436504
HOF ITEM
12.314748777626214
-3.3080907704818587,-2.1489538381215496,0.9369305516121734,3.8936163320269466,-3.905200464575136,-3.2478862389234657,5.3978320730286535,0.0,2.6297808156346774,3.170757518884953,1.9873772906065819,2.198976013542221,1.6487230942058344,2.3793673476101866,-3.163516652752357,-2.41842829056372,2.0789720885291407,-3.2527347855436504
HOF ITEM
12.314790868063016
-3.3080907704818587,-1.8407146009674038,0.9369305516121734,3.8936163320269466,-3.905200464575136,-3.2478862389234657,5.3978320730286535,0.0,2.6297808156346774,3.170757518884953,1.9873772906065819,2.0759057341222387,1.6487230942058344,2.3793673476101866,-3.163516652752357,-2.41842829056372,2.0789720885291407,-3.2527347855436504
HOF ITEM
12.31479086806302
-3.3080907704818587,-1.8407146009674038,0.9369305516121734,3.8936163320269466,-3.905200464575136,-3.2478862389234657,5.3978320730286535,0.0,2.6297808156346774,3.170757518884953,1.9873772906065819,2.198976013542221,1.6487230942058344,2.3793673476101866,-3.163516652752357,-2.41842829056372,2.0789720885291407,-3.2527347855436504
seed 107
Initial fitness values: [np.float64(15.338035642390604), np.float64(13.821532657048772), np.float64(13.792862924690255), np.float64(13.128118779690013), np.float64(13.128118779690013), np.float64(13.006761493546579), np.float64(12.693065451111092), np.float64(12.685838496412115), np.float64(12.399732836477137), np.float64(12.399732836477137)]
Final fitness values: [np.float64(12.25793823538525), np.float64(12.25793823538525), np.float64(12.25793823538525), np.float64(12.25793823538525), np.float64(12.25749532408024), np.float64(12.257493812265704), np.float64(12.257493812265704), np.float64(12.257493812265704), np.float64(12.257493812265704), np.float64(12.257493812265704)]
HOF ITEM
12.257493812265704
-5.471685219621224,-1.7501488194458938,0.45288861878791625,4.223212312260134,6.413713655938753,-0.8329709333849061,-2.9415074139319572,1.8915960852154612,2.916568679025057,5.93498904490694,2.817373370511875,2.7697719013305617,1.378833221489136,0.0,0.867916178321025,-4.218610860886718,2.060677104893209,-0.5899673236881906
HOF ITEM
12.257493812265704
-5.471685219621224,-1.7501488194458938,0.45288861878791625,4.223212312260134,6.413713655938753,-0.8329709333849061,-2.9415074139319572,1.8915960852154612,2.916568679025057,5.705318517197216,2.817373370511875,2.7697719013305617,1.378833221489136,0.0,0.867916178321025,-4.218610860886718,2.060677104893209,-0.5899673236881906
HOF ITEM
12.257493812265704
-5.471685219621224,-1.7501488194458938,0.45288861878791625,4.223212312260134,6.413713655938753,-0.8329709333849061,-2.9415074139319572,1.8915960852154612,2.916568679025057,5.705318517197216,2.817373370511875,2.663794181314283,1.378833221489136,0.0,0.867916178321025,-4.218610860886718,2.060677104893209,-0.5899673236881906
HOF ITEM
12.257493812265704
-5.471685219621224,-1.7501488194458938,0.45288861878791625,4.223212312260134,6.413713655938753,-0.8329709333849061,-2.9415074139319572,1.8915960852154612,2.916568679025057,5.93498904490694,2.9581465910507228,2.663794181314283,1.378833221489136,0.0,0.867916178321025,-4.218610860886718,2.060677104893209,-0.5899673236881906
HOF ITEM
12.257493812265704
-5.471685219621224,-1.7501488194458938,0.45288861878791625,4.223212312260134,6.413713655938753,-0.8329709333849061,-2.9415074139319572,1.8915960852154612,2.916568679025057,5.552195484686182,2.817373370511875,2.7697719013305617,1.378833221489136,0.0,0.867916178321025,-4.218610860886718,2.060677104893209,-0.5899673236881906
seed 108
Initial fitness values: [np.float64(13.330048169098076), np.float64(13.176921761392432), np.float64(12.82458980257552), np.float64(12.722127524833859), np.float64(12.703350506957642), np.float64(12.590286761275486), np.float64(12.399900001841665), np.float64(12.244504286462872), np.float64(11.783738281601053), np.float64(11.783738281601053)]
Final fitness values: [np.float64(10.831962690104683), np.float64(10.831627109509858), np.float64(10.830855727157509), np.float64(10.830786831053304), np.float64(10.830786831053304), np.float64(10.830786831053304), np.float64(10.830712055907087), np.float64(10.830712055907087), np.float64(10.830643617226865), np.float64(10.830643156652647)]
HOF ITEM
10.830643156652647
2.140159971301024,0.1306507080121702,-4.769405210478616,6.582286975808776,-1.0913636704872678,-1.4568633742983044,1.1553580601302778,1.7584390271931671,-1.3560758642800084,1.6064640955605758,0.8773291689190881,-5.5115302867,7.0,0.9102163674965512,4.9543259620825655,-6.16310755078652,1.377442843503978,1.627231692240976
HOF ITEM
10.830643617226865
2.140159971301024,0.1306507080121702,-4.769405210478616,6.582286975808776,-1.0913636704872678,-1.4568633742983044,1.1553580601302778,1.7584390271931671,-1.3560758642800084,1.6064640955605758,0.8773291689190881,-5.5115302867,7.0,0.9102163674965512,4.9543259620825655,-6.16310755078652,1.377442843503978,1.760497041797397
HOF ITEM
10.830645789806239
2.140159971301024,0.1306507080121702,-4.913523916539572,6.582286975808776,-1.0913636704872678,-1.4568633742983044,1.1553580601302778,1.7584390271931671,-1.3560758642800084,1.6064640955605758,0.8773291689190881,-5.5115302867,7.0,0.9102163674965512,4.9543259620825655,-6.16310755078652,1.377442843503978,1.760497041797397
HOF ITEM
10.830712055907087
2.140159971301024,0.1306507080121702,-4.769405210478616,6.582286975808776,-1.0913636704872678,-1.4568633742983044,1.1553580601302778,1.7584390271931671,-1.3560758642800084,1.6064640955605758,0.8773291689190881,-5.5115302867,7.0,0.9102163674965512,4.906150579058461,-6.16310755078652,1.377442843503978,1.627231692240976
HOF ITEM
10.830712516499409
2.140159971301024,0.1306507080121702,-4.769405210478616,6.582286975808776,-1.0913636704872678,-1.4568633742983044,1.1553580601302778,1.7584390271931671,-1.3560758642800084,1.6064640955605758,0.8773291689190881,-5.5115302867,7.0,0.9102163674965512,4.906150579058461,-6.16310755078652,1.377442843503978,1.760497041797397
seed 109
Initial fitness values: [np.float64(13.240811352821204), np.float64(12.944772110146305), np.float64(12.944772110146305), np.float64(12.646307109769246), np.float64(11.261012464747138), np.float64(11.261012464747138), np.float64(11.261012464747138), np.float64(11.188362342371857), np.float64(11.04695608529991), np.float64(11.04695608529991)]
Final fitness values: [np.float64(10.725200857579017), np.float64(10.725200857579017), np.float64(10.725200857579017), np.float64(10.724554280173276), np.float64(10.724554280143629), np.float64(10.720938931126286), np.float64(10.724554280143629), np.float64(10.724538790926626), np.float64(10.724538790926626), np.float64(10.724538790926626)]
HOF ITEM
10.720938931126286
-6.224106964989423,1.6073958662510583,2.9192338547213077,5.005623877915124,2.607391463141415,-5.521903760865424,4.0017985102107865,0.0,4.6419589765011295,-4.895113653828861,1.960818357526213,5.554133649237252,3.4097583046752926,0.7515891350331771,-4.730557041646384,6.241642706729499,0.0,4.633210722084872
HOF ITEM
10.724538790926626
-6.224106964989423,1.6073958662510583,2.9192338547213077,5.005623877915124,2.617027210106356,-5.521903760865424,4.0017985102107865,0.13395100870568477,4.6419589765011295,-4.895113653828861,1.960818357526213,5.554133649237252,3.4097583046752926,1.2301079369362662,-5.050651821016733,6.241642706729499,0.0,4.633210722084872
HOF ITEM
10.724554280143629
-6.224106964989423,1.6073958662510583,2.9192338547213077,5.005623877915124,2.59158826045663,-5.521903760865424,3.9752533698939323,0.181376577777688,4.6419589765011295,-4.895113653828861,1.960818357526213,5.554133649237252,3.4097583046752926,1.2301079369362662,-5.079561867773225,6.241642706729499,0.0,4.633210722084872
HOF ITEM
10.724554280143629
-6.224106964989423,1.6073958662510583,2.9192338547213077,5.005623877915124,2.59158826045663,-5.521903760865424,3.9752533698939323,0.181376577777688,4.6419589765011295,-4.895113653828861,1.960818357526213,5.554133649237252,3.4097583046752926,1.2301079369362662,-5.050651821016733,6.241642706729499,0.0,4.633210722084872
HOF ITEM
10.724554280173276
-6.224106964989423,1.6073958662510583,2.9192338547213077,5.005623877915124,2.59158826045663,-5.521903760865424,3.9752533698939323,0.181376577777688,4.6419589765011295,-4.895113653828861,1.960818357526213,5.554133649237252,3.4097583046752926,1.1121616627153015,-5.050651821016733,6.241642706729499,0.0,4.633210722084872
best parameter set
fitness 10.504706603985936 seed 103
-3.7055830986366898,1.5880744386364387,2.3101016396030993,4.554640112506636,6.4040306802518625,-0.36626100890143637,-1.3687812742598775,2.468133195678179,-3.986618528178187,-0.9798890256027533,1.7855117532645761,6.3530000027951035,-3.5987304286913195,1.0511454068049906,0.7199032621858489,-2.424434788914468,2.626355170216005,-0.479525731732799
