seeds are [380 381 382 383 384 385 386 387 388 389]
seed 380
Initial fitness values: [np.float64(13.243691255311758), np.float64(13.243691255311758), np.float64(13.22985063625209), np.float64(13.13866336018384), np.float64(13.13866336018384), np.float64(12.829507049237135), np.float64(12.829507049237135), np.float64(12.762121809894436), np.float64(12.506796957324303), np.float64(12.506796957324303)]
Final fitness values: [np.float64(10.73240963260652), np.float64(10.73240963260652), np.float64(10.73240963260652), np.float64(10.73240963260652), np.float64(10.732371863318015), np.float64(10.732371863318015), np.float64(10.732371863318015), np.float64(10.732336293961893), np.float64(10.732336293961893), np.float64(10.732336293961893)]
HOF ITEM
10.732336293961893
-7.0,1.5171743954494237,-3.7595353803154272,-4.978022113031638,-2.0009539072876215,1.6214887321638807,-1.7614518184505363,0.7240037646635746,-2.439106753882815,0.016012285743669703,3.0,0.20231850033887128,-6.54383042359767,1.8029964510473395,-5.08157185687165
HOF ITEM
10.732336293961893
-7.0,1.5171743954494237,-3.7595353803154272,-4.978022113031638,-2.0009539072876215,1.6214887321638807,-1.7614518184505363,0.7240037646635746,-2.439106753882815,0.016012285743669703,3.0,0.6125508352967446,-6.54383042359767,1.8029964510473395,-5.08157185687165
HOF ITEM
10.732336870073663
-7.0,1.5171743954494237,-3.7595353803154272,-4.978022113031638,-2.0009539072876215,1.6214887321638807,-1.7614518184505363,0.7240037646635746,-2.363918720814497,0.016012285743669703,3.0,0.6125508352967446,-6.54383042359767,1.8029964510473395,-5.08157185687165
HOF ITEM
10.732371863318015
-7.0,1.5171743954494237,-3.7595353803154272,-4.978022113031638,-2.0009539072876215,1.6214887321638807,-1.4655096469194904,0.7240037646635746,-2.363918720814497,0.016012285743669703,2.703961468656571,0.6125508352967446,-6.54383042359767,1.8029964510473395,-5.08157185687165
HOF ITEM
10.732371863318015
-7.0,1.5171743954494237,-3.7595353803154272,-4.978022113031638,-2.0009539072876215,1.6214887321638807,-1.4655096469194904,0.7240037646635746,-2.363918720814497,0.297420437289482,2.703961468656571,0.20231850033887128,-6.54383042359767,1.8029964510473395,-5.08157185687165
seed 381
Initial fitness values: [np.float64(13.829891659885845), np.float64(13.454130346652414), np.float64(13.438067872911553), np.float64(13.312383326399297), np.float64(13.228400324124873), np.float64(13.20003113351528), np.float64(13.061513531908695), np.float64(12.871085771966305), np.float64(12.654880878523423), np.float64(12.53464128670016)]
Final fitness values: [np.float64(10.687475939808996), np.float64(10.687475939808996), np.float64(10.687475939808996), np.float64(10.687475939808996), np.float64(10.687475939808996), np.float64(10.687475939808996), np.float64(10.687475939808996), np.float64(10.687475939808996), np.float64(10.687475939808996), np.float64(10.687475939808996)]
HOF ITEM
10.687475939808996
-2.2209859575146007,1.5324844459683424,2.297676003212748,-0.5080397662653375,3.2559102831348987,-0.2752962579780296,6.6635352088327,0.07777273449165983,-1.5979739652425884,-0.49790220637501076,1.37939926466111,-5.328621072050545,-1.0034851116632104,2.863445757000697,-0.47371933854019943
HOF ITEM
10.687475968557832
-2.2209859575146007,1.5324844459683424,2.297676003212748,-0.5080397662653375,3.2559102831348987,-0.2752962579780296,6.6635352088327,0.07777273449165983,-1.6567168461178703,-0.49790220637501076,1.37939926466111,-5.328621072050545,-1.0034851116632104,2.863445757000697,-0.47371933854019943
HOF ITEM
10.687476085226454
-2.2209859575146007,1.5324844459683424,2.297676003212748,-0.5080397662653375,3.2559102831348987,-0.2752962579780296,6.281429069099339,0.12553713468437155,-1.5979739652425884,-0.49790220637501076,1.37939926466111,-5.328621072050545,-1.0034851116632104,2.863445757000697,-0.47371933854019943
HOF ITEM
10.687490262511172
-2.2209859575146007,1.5324844459683424,2.297676003212748,-1.090903382061858,3.2559102831348987,-0.2752962579780296,6.6635352088327,0.07777273449165983,-1.5979739652425884,-0.49790220637501076,1.37939926466111,-5.328621072050545,-1.0034851116632104,2.863445757000697,-0.47371933854019943
HOF ITEM
10.688443532541806
-2.2209859575146007,1.5324844459683424,2.297676003212748,-0.4683779773648221,3.2559102831348987,-0.2752962579780296,6.6635352088327,0.0,-1.9063296578535465,-0.49790220637501076,1.4297011250535732,-4.8647760410527106,-1.0034851116632104,2.863445757000697,-0.47371933854019943
seed 382
Initial fitness values: [np.float64(13.69986242903538), np.float64(12.876857083219376), np.float64(12.876857083219376), np.float64(12.810095762752816), np.float64(12.586673122167259), np.float64(12.34946130869613), np.float64(12.028885976015196), np.float64(12.028885976015196), np.float64(11.732006317134962), np.float64(11.61286967734959)]
Final fitness values: [np.float64(10.759888718066401), np.float64(10.759525866824633), np.float64(10.759297691456215), np.float64(10.759297691456215), np.float64(10.759230653450972), np.float64(10.759044296237409), np.float64(10.759044296237409), np.float64(10.758922011284401), np.float64(10.75876510096416), np.float64(10.75876510096416)]
HOF ITEM
10.75876510096416
1.4392510765134567,0.47859094394652035,-1.1104234374768458,-0.5398062854128893,5.462915614205126,-4.016100842069447,-1.7344784153712511,0.2779053833838685,-1.46213054340104,0.6716684150920232,0.0,-3.6332438858065306,1.1173416248479922,3.0,-0.4623659044163669
HOF ITEM
10.758872301978746
1.4392510765134567,0.47859094394652035,-1.1104234374768458,-0.5398062854128893,5.419415107217391,-4.033061497235521,-1.7344784153712511,1.0213141745718148,-1.5720405963713104,0.6249455985655598,0.23263019725126136,-3.1182130426025303,1.1173416248479922,3.0,-0.4623659044163669
HOF ITEM
10.758922011284401
1.4392510765134567,0.47859094394652035,-1.1104234374768458,-0.5398062854128893,5.699681497979275,-4.033061497235521,-1.7344784153712511,0.7734984245133838,-1.46213054340104,0.5687240308737824,0.0,-3.5073390021680195,1.1173416248479922,3.0,-0.4623659044163669
HOF ITEM
10.758978872609479
1.4392510765134567,0.47859094394652035,-1.1104234374768458,-0.5398062854128893,5.699681497979275,-4.033061497235521,-1.7344784153712511,0.16571992565515575,-1.46213054340104,0.5687240308737824,0.0,-3.5073390021680195,1.1173416248479922,3.0,-0.4623659044163669
HOF ITEM
10.758988487731099
1.4392510765134567,0.47859094394652035,-1.1104234374768458,-0.5398062854128893,5.699681497979275,-4.033061497235521,-1.7344784153712511,0.16571992565515575,-1.46213054340104,0.5687240308737824,0.0,-3.7945473551929427,1.1173416248479922,3.0,-0.4623659044163669
seed 383
Initial fitness values: [np.float64(14.733666391195673), np.float64(13.650139493556427), np.float64(13.566331253501662), np.float64(13.566331253501662), np.float64(13.497386262328003), np.float64(13.493070805633451), np.float64(13.49149463388972), np.float64(13.49149463388972), np.float64(13.491470378317018), np.float64(13.484933813878788)]
Final fitness values: [np.float64(10.501596605669262), np.float64(10.501596605669262), np.float64(10.482297535917397), np.float64(10.482297535917397), np.float64(10.482297535917397), np.float64(10.482297535917397), np.float64(10.421072183332415), np.float64(10.421072183332415), np.float64(10.421072183332415), np.float64(10.214380035230839)]
HOF ITEM
10.214380035230839
-3.6086686686328115,1.5399581456644775,1.2452393992246524,-1.1943810584763064,-5.335151008018058,-2.7861754098161797,-2.325638734985796,2.6964974116455744,2.231794103049276,0.9310658160794758,1.0775768999628863,-0.7986365222490046,-1.3803157005781073,1.0161424506499395,5.425869982804353
HOF ITEM
10.347301049935146
-3.6086686686328115,1.5399581456644775,0.9269157492454128,-1.4395263589162277,-5.5673198845768725,-3.0016006998741367,-2.325638734985796,2.4639223207280776,2.193010291520391,0.501448310565894,1.3617703058702517,-0.9915009713398407,-1.3803157005781073,0.8687467600905633,5.372719046280184
HOF ITEM
10.420366880810931
-3.6086686686328115,1.5399581456644775,0.9269157492454128,-1.4395263589162277,-5.5673198845768725,-3.0016006998741367,-2.325638734985796,2.4639223207280776,2.193010291520391,0.24417411483301849,1.1739537788408374,-0.8741353549238785,-1.3803157005781073,0.8174263507613496,5.372719046280184
HOF ITEM
10.421072183332415
-3.6086686686328115,1.5399581456644775,0.9269157492454128,-1.4395263589162277,-5.5673198845768725,-3.0016006998741367,-2.325638734985796,2.4639223207280776,2.193010291520391,0.501448310565894,1.1739537788408374,-0.8741353549238785,-1.3803157005781073,0.8174263507613496,5.372719046280184
HOF ITEM
10.4522410933478
-3.6086686686328115,1.5399581456644775,0.9792449375887602,-1.1943810584763064,-5.335151008018058,-2.7861754098161797,-2.325638734985796,2.4639223207280776,2.0265558332569538,0.9310658160794758,1.1739537788408374,-0.8741353549238785,-1.3803157005781073,0.8174263507613496,5.372719046280184
seed 384
Initial fitness values: [np.float64(14.900368431464793), np.float64(14.175290143578911), np.float64(13.35591140534237), np.float64(13.10010014323125), np.float64(12.891439064051442), np.float64(12.891439064051442), np.float64(12.735828979471583), np.float64(12.604219667276567), np.float64(12.604219667276567), np.float64(12.604219667276567)]
Final fitness values: [np.float64(12.345934228305774), np.float64(12.345934228305774), np.float64(12.345934228305774), np.float64(12.345934228305774), np.float64(12.345934228305774), np.float64(12.345934228305774), np.float64(12.345934228305774), np.float64(12.345934228305774), np.float64(12.345934228305774), np.float64(12.345934228305774)]
HOF ITEM
12.345934228305774
-5.63692309609133,-0.3349625520377145,-1.774310553253751,6.119978236969525,-0.11833459124765701,-5.009255077561267,-1.7269523886516145,2.9026994176657737,-2.2316471662524915,2.9727132206621465,1.7800697627620268,-3.12402089241843,-4.654822297568893,2.0186887420964625,-2.654159469364571
HOF ITEM
12.345934228305774
-5.63692309609133,-0.3349625520377145,-1.774310553253751,6.119978236969525,-0.11833459124765701,-5.009255077561267,-2.1872532070386117,2.9026994176657737,-2.2316471662524915,2.9727132206621465,1.7800697627620268,-3.12402089241843,-4.654822297568893,2.0186887420964625,-2.654159469364571
HOF ITEM
12.345934228305774
-5.63692309609133,-0.37792331120462114,-1.774310553253751,6.119978236969525,-0.11833459124765701,-5.009255077561267,-2.1872532070386117,3.0,-2.2316471662524915,3.400382006699573,1.5801418564100103,-3.12402089241843,-4.654822297568893,2.0186887420964625,-2.654159469364571
HOF ITEM
12.345934228305774
-5.63692309609133,-0.37792331120462114,-1.774310553253751,6.119978236969525,-0.11833459124765701,-5.009255077561267,-2.1872532070386117,3.0,-2.2316471662524915,2.9727132206621465,1.7800697627620268,-3.12402089241843,-4.654822297568893,2.0186887420964625,-2.654159469364571
HOF ITEM
12.345934228305774
-5.63692309609133,-0.3349625520377145,-1.774310553253751,6.119978236969525,-0.11833459124765701,-5.009255077561267,-2.1872532070386117,3.0,-2.2316471662524915,3.400382006699573,1.5801418564100103,-3.12402089241843,-4.654822297568893,2.0186887420964625,-2.654159469364571
seed 385
Initial fitness values: [np.float64(13.672206214060543), np.float64(13.53261146531261), np.float64(12.5191670435899), np.float64(12.5191670435899), np.float64(12.5191670435899), np.float64(12.488990900169364), np.float64(12.373311559171912), np.float64(12.36830139957308), np.float64(12.36830139957308), np.float64(12.321513188160694)]
Final fitness values: [np.float64(12.240253097788749), np.float64(12.240253097341872), np.float64(12.240253097341872), np.float64(12.240253097341872), np.float64(12.238814267945457), np.float64(12.238814267945457), np.float64(12.238814267945457), np.float64(12.23881426786347), np.float64(12.23881426786347), np.float64(12.238814267615197)]
HOF ITEM
12.238814267615197
-3.5626896010243634,-1.964907409629777,-6.251945545996221,-6.201590558587632,1.1269597927022272,-4.573053450267292,-1.6018845182069639,2.4096197640177,-2.6186891386859816,-3.0543609518139307,2.070912699860802,-6.353064876949945,5.250399272326348,1.1775195733539623,4.84230235408656
HOF ITEM
12.23881426786347
-3.5626896010243634,-1.9975788989841343,-6.251945545996221,-6.201590558587632,1.1269597927022272,-4.573053450267292,-1.6018845182069639,2.4096197640177,-2.6186891386859816,-3.0543609518139307,2.070912699860802,-6.353064876949945,5.250399272326348,1.1775195733539623,4.787028143101525
HOF ITEM
12.23881426786347
-3.5626896010243634,-1.9221749014755176,-6.251945545996221,-6.201590558587632,1.1269597927022272,-4.573053450267292,-1.6018845182069639,2.4096197640177,-2.6186891386859816,-3.0543609518139307,2.070912699860802,-6.353064876949945,5.250399272326348,1.1775195733539623,4.787028143101525
HOF ITEM
12.238814267945457
-3.5626896010243634,-1.9221749014755176,-6.251945545996221,-6.201590558587632,1.1269597927022272,-4.573053450267292,-1.6018845182069639,2.4096197640177,-2.6186891386859816,-3.0543609518139307,2.070912699860802,-6.353064876949945,5.250399272326348,1.1775195733539623,4.768081614862417
HOF ITEM
12.238814267945457
-3.5626896010243634,-1.9975788989841343,-6.251945545996221,-6.201590558587632,1.1269597927022272,-4.573053450267292,-1.6018845182069639,2.4096197640177,-2.6186891386859816,-3.0543609518139307,2.070912699860802,-6.353064876949945,5.250399272326348,1.1775195733539623,4.768081614862417
seed 386
Initial fitness values: [np.float64(14.691973098663361), np.float64(13.71535868521847), np.float64(13.71535868521847), np.float64(13.655218685946744), np.float64(12.73680924257719), np.float64(11.039972342216664), np.float64(11.039972342216664), np.float64(10.983260446146708), np.float64(10.90977987851418), np.float64(10.88823185739232)]
Final fitness values: [np.float64(10.688444914998144), np.float64(10.688444914998144), np.float64(10.688444914998144), np.float64(10.677337040238523), np.float64(10.677337040238523), np.float64(10.67298140320823), np.float64(10.67298140320823), np.float64(10.67298140320823), np.float64(10.67298140320823), np.float64(10.67298140320823)]
HOF ITEM
10.67298140320823
-6.1276526317535565,1.5841468441865147,-3.7202312199085266,5.816930920352368,4.937840116023369,-6.8362770978525145,-5.260957099417122,2.47289060455785,-1.2551817009929074,-5.084625666757051,1.9600039640692641,-2.0320556054173227,-1.2176635057609515,0.6982911270571485,1.843429905134026
HOF ITEM
10.67298140320823
-6.1276526317535565,1.5841468441865147,-3.7202312199085266,5.816930920352368,4.937840116023369,-6.8362770978525145,-5.260957099417122,2.4933093148203644,-0.9689612317362584,-5.084625666757051,1.9600039640692641,-2.0320556054173227,-1.2176635057609515,0.6982911270571485,1.843429905134026
HOF ITEM
10.67298140320823
-6.1276526317535565,1.5841468441865147,-3.7202312199085266,5.816930920352368,4.937840116023369,-6.8362770978525145,-5.260957099417122,2.4933093148203644,-1.2551817009929074,-5.084625666757051,1.9600039640692641,-2.0320556054173227,-1.2176635057609515,0.6982911270571485,1.843429905134026
HOF ITEM
10.67298140320823
-6.1276526317535565,1.5841468441865147,-3.7202312199085266,5.816930920352368,4.937840116023369,-6.8362770978525145,-5.260957099417122,2.47289060455785,-0.9689612317362584,-5.084625666757051,1.9600039640692641,-2.0320556054173227,-1.2176635057609515,0.6982911270571485,1.843429905134026
HOF ITEM
10.677337040238523
-6.1276526317535565,1.5841468441865147,-3.7202312199085266,5.816930920352368,4.937840116023369,-6.8362770978525145,-5.260957099417122,2.5421792994127026,-0.9689612317362584,-5.084625666757051,1.9600039640692641,-2.0320556054173227,-1.2176635057609515,0.6982911270571485,1.6650920626691583
seed 387
Initial fitness values: [np.float64(13.848856689795118), np.float64(13.848856689795118), np.float64(12.669459715573614), np.float64(12.669459715573614), np.float64(12.480213447755323), np.float64(12.237056207087173), np.float64(12.149642857990251), np.float64(11.84848961192836), np.float64(11.768726722230712), np.float64(11.479626041333498)]
Final fitness values: [np.float64(10.209229382473275), np.float64(10.209229382473275), np.float64(10.209229382473275), np.float64(10.209229382473275), np.float64(10.209229382473275), np.float64(10.209229382473275), np.float64(10.209229382473275), np.float64(10.209229382473275), np.float64(10.209229382473275), np.float64(10.209229382473275)]
HOF ITEM
10.202507493485125
-6.010948960678942,1.47206888611184,-4.783390302370059,6.710753186765747,5.377523518461667,-0.36426489830684067,-1.8233837023597228,1.6295993033733602,2.5861231165802807,-2.1859038771449684,0.21944849459904142,1.6503860194968747,-5.529822659833556,1.9559286176603798,-5.750554707516544
HOF ITEM
10.209229382473275
-6.010948960678942,1.47206888611184,-4.783390302370059,6.704631397411374,5.449063277018097,-0.2997274966935984,-1.8233837023597228,1.6295993033733602,2.5861231165802807,-2.1859038771449684,0.19973733410575556,1.578472309206238,-5.529822659833556,1.9559286176603798,-5.736564724888606
HOF ITEM
10.210389822055138
-6.010948960678942,1.47206888611184,-4.783390302370059,6.704631397411374,5.449063277018097,-0.2997274966935984,-1.8233837023597228,1.3542171906503946,2.5861231165802807,-2.1859038771449684,0.19973733410575556,1.578472309206238,-5.529822659833556,1.9559286176603798,-5.736564724888606
HOF ITEM
10.231344932453302
-6.010948960678942,1.47206888611184,-4.783390302370059,6.560777235243405,5.449063277018097,-0.09357335983023513,-2.058825926455816,1.6295993033733602,2.5861231165802807,-2.1859038771449684,0.19973733410575556,1.578472309206238,-5.529822659833556,1.9559286176603798,-5.82362614660338
HOF ITEM
10.23315339260319
-6.010948960678942,1.47206888611184,-4.783390302370059,6.704631397411374,5.449063277018097,-0.2997274966935984,-1.8233837023597228,1.6295993033733602,2.5861231165802807,-2.1859038771449684,0.21944849459904142,1.6503860194968747,-5.529822659833556,1.9559286176603798,-5.736564724888606
seed 388
Initial fitness values: [np.float64(14.10578594259999), np.float64(13.188438606880526), np.float64(13.054157725319612), np.float64(12.612286266679197), np.float64(12.143697379778297), np.float64(11.957532428055039), np.float64(11.957532428055039), np.float64(11.84957729658116), np.float64(11.764816462401427), np.float64(11.597781714457255)]
Final fitness values: [np.float64(10.234094137356196), np.float64(10.234094137356196), np.float64(10.232909151556706), np.float64(10.23274728085857), np.float64(10.23274728085857), np.float64(10.231731439423855), np.float64(10.231731439423855), np.float64(10.227973833210601), np.float64(10.227973833210601), np.float64(10.221793507091425)]
HOF ITEM
10.221793507091425
-4.467763114407583,1.583892706956328,-4.340171793816503,2.5885423811214485,-2.354740291954198,5.0486842745237075,-0.6066614824524831,0.0,-6.940532527477493,-3.202329073636737,2.3550456376416733,-0.5630812689752496,-4.9206594568366775,0.0,2.7380669600475223
HOF ITEM
10.221865480902705
-4.467763114407583,1.583892706956328,-4.340171793816503,2.5885423811214485,-2.354740291954198,5.0486842745237075,-0.6066614824524831,0.0,-6.731162861623537,-3.202329073636737,2.3550456376416733,-0.5630812689752496,-4.9206594568366775,0.0,2.7380669600475223
HOF ITEM
10.22311437530629
-4.467763114407583,1.583892706956328,-4.811424589890387,2.3699820473179245,-2.354740291954198,5.312242079801885,-0.6066614824524831,0.0,-6.647591039326401,-3.202329073636737,2.3550456376416733,-0.5630812689752496,-5.204093622921045,0.0,3.0091034188785937
HOF ITEM
10.224950333212417
-4.467763114407583,1.583892706956328,-4.340171793816503,2.3095321931701625,-2.354740291954198,5.0486842745237075,-0.6066614824524831,0.0,-6.731162861623537,-3.202329073636737,2.3550456376416733,-0.5630812689752496,-5.231284370302036,0.0,3.0091034188785937
HOF ITEM
10.227584643227024
-4.467763114407583,1.583892706956328,-4.340171793816503,2.238438032596128,-2.354740291954198,5.0486842745237075,-0.6066614824524831,0.0,-6.731162861623537,-3.202329073636737,2.3550456376416733,-0.5630812689752496,-5.231284370302036,0.0,3.0091034188785937
seed 389
Initial fitness values: [np.float64(14.053576233250814), np.float64(13.562175549228058), np.float64(13.343395084246284), np.float64(13.343395084246284), np.float64(13.343395084246284), np.float64(13.317557945404138), np.float64(13.30190883275937), np.float64(13.297020309131753), np.float64(13.297020309131753), np.float64(13.295374766481956)]
Final fitness values: [np.float64(12.280023124403312), np.float64(12.279996103675133), np.float64(12.279996103675133), np.float64(12.27998149597317), np.float64(12.27998149597317), np.float64(12.27998149597317), np.float64(12.27998149597317), np.float64(12.27998149597317), np.float64(12.27998149597317), np.float64(12.27998149597317)]
HOF ITEM
12.27998149597317
-5.075179423873776,-2.5425841079216474,5.87074682043093,6.004813764210414,3.515371131695213,-3.227124479900504,-3.757527522043997,2.1113797496992834,6.082316236009778,2.8796979928895965,0.42993480958076485,0.6432108922767596,6.936109731445513,3.0,6.764380167495346
HOF ITEM
12.27998149597317
-5.075179423873776,-2.4198907319865826,5.87074682043093,6.004813764210414,3.515371131695213,-3.227124479900504,-3.757527522043997,2.1113797496992834,6.082316236009778,2.8796979928895965,0.42993480958076485,0.6432108922767596,6.936109731445513,3.0,6.834102506623218
HOF ITEM
12.27998149597317
-5.075179423873776,-2.5425841079216474,5.87074682043093,6.004813764210414,3.515371131695213,-3.227124479900504,-3.757527522043997,2.1113797496992834,6.082316236009778,2.8796979928895965,0.42993480958076485,0.6432108922767596,6.936109731445513,3.0,6.834102506623218
HOF ITEM
12.27998149597317
-5.075179423873776,-2.4198907319865826,5.87074682043093,6.004813764210414,3.515371131695213,-3.227124479900504,-3.757527522043997,2.1113797496992834,6.082316236009778,2.8796979928895965,0.42993480958076485,0.6432108922767596,6.936109731445513,3.0,6.255842219249287
HOF ITEM
12.27998149597317
-5.075179423873776,-2.4198907319865826,5.87074682043093,6.004813764210414,3.515371131695213,-3.227124479900504,-3.757527522043997,2.1113797496992834,6.082316236009778,2.8796979928895965,0.42993480958076485,0.6432108922767596,6.936109731445513,3.0,6.764380167495346
best parameter set
fitness 9.875858385146945 seed 383
-3.6273104240876513,1.592098164741879,0.9167767116994283,-1.4372643792197441,-5.317189309232681,-3.18760518510525,-2.3224626633723218,2.6444122523870606,2.2564425604826055,0.5658626535661733,1.3683713936379185,-0.981333036473959,-1.3422958771923468,1.1328408922121114,5.349988476698962
