seeds are [180 181 182 183 184 185 186 187 188 189]
seed 180
Initial fitness values: [np.float64(14.047374554708375), np.float64(13.364112884636839), np.float64(11.462122775575482), np.float64(11.462122775575482), np.float64(11.396931865232569), np.float64(11.373259898104765), np.float64(11.19450555656596), np.float64(11.177440700815525), np.float64(11.177440700815525), np.float64(11.006844244809843)]
Final fitness values: [np.float64(10.702267201122053), np.float64(10.702267201122053), np.float64(10.695052046918095), np.float64(10.695052046918095), np.float64(10.694802769482425), np.float64(10.694802759890266), np.float64(10.694802759890266), np.float64(10.694802759890266), np.float64(10.694802759890266), np.float64(10.694802759890266)]
HOF ITEM
10.694802759890266
-5.742482032619462,1.5401626978004204,1.1044776901760984,-0.23757569532083656,-1.145591016408292,-6.573848559015399,-5.225326463617984,2.0204707775740003,-5.9095552337065005,4.138669230186266,0.9615719616285929,4.523428400496634,-0.38876967644373117,1.0167394639534755,-2.483543546815725,1.619965565230044,2.659283714174098,5.652037475920546
HOF ITEM
10.694802759890266
-5.742482032619462,1.5401626978004204,1.1044776901760984,-0.23757569532083656,-1.145591016408292,-6.573848559015399,-5.225326463617984,2.0204707775740003,-5.9095552337065005,4.138669230186266,0.9615719616285929,4.523428400496634,-0.38876967644373117,1.0167394639534755,-2.483543546815725,1.8887411978345543,2.659283714174098,5.858735297212293
HOF ITEM
10.694802759890266
-5.742482032619462,1.5401626978004204,1.1044776901760984,-0.23757569532083656,-1.145591016408292,-6.573848559015399,-5.225326463617984,2.0204707775740003,-5.9095552337065005,4.138669230186266,0.9615719616285929,4.523428400496634,-0.38876967644373117,1.0167394639534755,-2.483543546815725,1.8887411978345543,2.659283714174098,5.652037475920546
HOF ITEM
10.694802759890266
-5.742482032619462,1.5401626978004204,1.1044776901760984,-0.23757569532083656,-1.145591016408292,-6.573848559015399,-5.225326463617984,2.0204707775740003,-5.9095552337065005,4.138669230186266,0.9615719616285929,4.523428400496634,-0.38876967644373117,1.0167394639534755,-2.483543546815725,1.619965565230044,2.659283714174098,5.858735297212293
HOF ITEM
10.694802759890266
-5.742482032619462,1.5401626978004204,1.1044776901760984,-0.23757569532083656,-1.145591016408292,-6.573848559015399,-5.225326463617984,2.0204707775740003,-5.9095552337065005,4.138669230186266,0.9615719616285929,4.523428400496634,-0.38876967644373117,1.0167394639534755,-2.483543546815725,1.9365883233130632,2.680906294978003,5.652037475920546
seed 181
Initial fitness values: [np.float64(15.064443095736312), np.float64(14.553221596031381), np.float64(13.544075003110681), np.float64(13.164807533574026), np.float64(13.079147566993143), np.float64(13.052731253656992), np.float64(12.36320284115708), np.float64(12.36320284115708), np.float64(12.136009720833204), np.float64(12.136009720833204)]
Final fitness values: [np.float64(11.205269470086849), np.float64(11.205269470086849), np.float64(11.205135380175332), np.float64(11.205135380175332), np.float64(11.20499450898417), np.float64(11.20499450898417), np.float64(11.20499450898417), np.float64(11.20499450898417), np.float64(11.20499450898417), np.float64(11.20499450898417)]
HOF ITEM
11.20499450898417
4.157026780328444,-0.5335537470690943,1.2530460552210376,-4.476144323839851,4.324269288420559,7.0,6.441690137703413,0.8787772520706691,-2.1718010680274835,-4.874511426705006,0.7785682117872649,-1.5197082131712987,1.0026425992450387,2.162111770892245,-2.6303862697865936,1.1127480350686738,0.7733261138948071,-4.757196717458591
HOF ITEM
11.205005131611168
4.157026780328444,-0.5335537470690943,1.2530460552210376,-4.476144323839851,4.324269288420559,7.0,6.254055144564864,0.9666291904552874,-2.1718010680274835,-4.938917718313364,0.7239501483641553,-1.4461985962274313,1.0026425992450387,2.162111770892245,-2.6303862697865936,1.1127480350686738,0.7733261138948071,-4.757196717458591
HOF ITEM
11.20502398545005
4.157026780328444,-0.5335537470690943,1.2530460552210376,-4.476144323839851,4.324269288420559,7.0,6.441690137703413,0.8787772520706691,-2.1718010680274835,-4.733801799686082,0.7785682117872649,-1.5197082131712987,1.0026425992450387,2.162111770892245,-2.6303862697865936,1.1127480350686738,0.7733261138948071,-4.757196717458591
HOF ITEM
11.205026418730128
4.157026780328444,-0.5335537470690943,1.2530460552210376,-4.476144323839851,4.324269288420559,7.0,6.441690137703413,0.8787772520706691,-2.1718010680274835,-4.874511426705006,0.9059670041927211,-1.4461985962274313,1.0026425992450387,2.162111770892245,-2.6303862697865936,1.1127480350686738,0.7733261138948071,-4.757196717458591
HOF ITEM
11.205056779483424
4.157026780328444,-0.5335537470690943,1.2530460552210376,-4.476144323839851,4.324269288420559,7.0,6.441690137703413,0.8787772520706691,-2.1718010680274835,-4.733801799686082,0.9059670041927211,-1.4461985962274313,1.0026425992450387,2.162111770892245,-2.6303862697865936,1.1127480350686738,0.7733261138948071,-4.757196717458591
seed 182
Initial fitness values: [np.float64(13.756085428875261), np.float64(13.34907172422163), np.float64(12.504316567172564), np.float64(12.25837401343413), np.float64(11.310644879016696), np.float64(11.30986674882107), np.float64(11.240266314119909), np.float64(11.240266314119909), np.float64(11.222811809104215), np.float64(11.157560494143079)]
Final fitness values: [np.float64(10.622312462539961), np.float64(10.62141431943458), np.float64(10.62141431943458), np.float64(10.620919785961242), np.float64(10.620919785961242), np.float64(10.620919785961242), np.float64(10.620272414180572), np.float64(10.620272414180572), np.float64(10.620272414180572), np.float64(10.619886703041546)]
HOF ITEM
10.619886703041546
-2.395372283145555,1.5483322133127693,-0.9527775914600317,4.602999827426691,4.487327398509885,-5.741596787205866,1.0744558018942372,2.784319080508406,-6.961080002059526,-0.5431363109416701,0.6373602255317659,-1.114814065193819,-0.1727096090648765,1.0659468980987772,6.690912256255056,-1.1531075036248684,3.0,-0.4544325546152488
HOF ITEM
10.619890780949902
-2.395372283145555,1.5483322133127693,-0.9527775914600317,4.602999827426691,4.487327398509885,-5.741596787205866,1.0744558018942372,2.784319080508406,-6.961080002059526,-0.6013591050488429,0.6373602255317659,-0.9019164690860013,-0.1727096090648765,1.0659468980987772,6.690912256255056,-1.1531075036248684,3.0,-0.4544325546152488
HOF ITEM
10.61989078094991
-2.395372283145555,1.5483322133127693,-0.9527775914600317,4.602999827426691,4.487327398509885,-5.741596787205866,1.3628300711329937,3.0,-6.961080002059526,-0.6013591050488429,0.6373602255317659,-0.9019164690860013,-0.1727096090648765,1.0659468980987772,6.690912256255056,-1.1531075036248684,3.0,-0.4544325546152488
HOF ITEM
10.620260240623264
-2.395372283145555,1.5483322133127693,-0.9527775914600317,4.505068290166514,4.487327398509885,-5.741596787205866,1.3628300711329937,3.0,-6.961080002059526,-0.5431363109416701,0.6373602255317659,-1.114814065193819,-0.1727096090648765,1.0659468980987772,6.690912256255056,-1.1531075036248684,3.0,-0.4544325546152488
HOF ITEM
10.620272414180572
-2.395372283145555,1.5483322133127693,-0.9527775914600317,4.505068290166514,4.487327398509885,-5.741596787205866,1.0744558018942372,2.784319080508406,-6.961080002059526,-0.6013591050488429,0.6373602255317659,-0.9019164690860013,-0.1727096090648765,1.0659468980987772,6.690912256255056,-1.1531075036248684,3.0,-0.4544325546152488
seed 183
Initial fitness values: [np.float64(13.882305261912885), np.float64(13.71265842101752), np.float64(13.496744761381802), np.float64(13.142586756440554), np.float64(13.120950902385719), np.float64(12.906257817297075), np.float64(12.906257817297075), np.float64(12.906257817297075), np.float64(12.823861555537034), np.float64(12.381132412387798)]
Final fitness values: [np.float64(12.186020807492376), np.float64(12.186020807492376), np.float64(12.186020807492376), np.float64(12.186020807492376), np.float64(12.186020807492376), np.float64(12.186020807492376), np.float64(12.186020807492376), np.float64(12.186020807492376), np.float64(12.186020807492376), np.float64(12.186020807492376)]
HOF ITEM
12.186020807492376
-5.81623601943456,-2.3791197557562245,7.0,-4.946233159501862,4.919020720593775,6.138080375714064,5.354215540058731,1.6761590866750735,-4.194706290947941,-1.49797084192739,0.739688407649585,0.05892742108540329,-1.4909926791889405,0.3835826647017654,2.316268820927284,-4.715208661189984,1.9351044380768572,-1.5015301367611107
HOF ITEM
12.186020807492376
-5.81623601943456,-2.3791197557562245,7.0,-4.946233159501862,4.919020720593775,6.138080375714064,5.354215540058731,1.6761590866750735,-4.210898068719355,-1.49797084192739,0.739688407649585,0.05892742108540329,-1.4909926791889405,0.3835826647017654,2.316268820927284,-4.715208661189984,1.9351044380768572,-1.5015301367611107
HOF ITEM
12.186020808200556
-5.81623601943456,-2.3791197557562245,7.0,-4.946233159501862,4.919020720593775,6.138080375714064,5.354215540058731,1.6761590866750735,-4.194706290947941,-1.641762202497041,0.739688407649585,0.05892742108540329,-1.4909926791889405,0.3835826647017654,2.316268820927284,-4.715208661189984,1.9351044380768572,-1.5015301367611107
HOF ITEM
12.186020815448408
-5.81623601943456,-2.3791197557562245,7.0,-4.946233159501862,4.919020720593775,6.138080375714064,5.354215540058731,1.6761590866750735,-4.210898068719355,-1.49797084192739,0.3467204394864315,0.05892742108540329,-1.4909926791889405,0.3835826647017654,2.316268820927284,-4.715208661189984,1.9351044380768572,-1.5015301367611107
HOF ITEM
12.186020817612997
-5.81623601943456,-2.3791197557562245,7.0,-4.946233159501862,4.919020720593775,6.138080375714064,5.354215540058731,1.6201280205952662,-4.194706290947941,-1.641762202497041,0.3467204394864315,0.05892742108540329,-1.4909926791889405,0.3835826647017654,2.316268820927284,-4.715208661189984,1.9351044380768572,-1.5015301367611107
seed 184
Initial fitness values: [np.float64(14.60718285827399), np.float64(13.744197130956838), np.float64(13.69183277651496), np.float64(13.69183277651496), np.float64(13.688326541164171), np.float64(13.649147065744613), np.float64(13.598780428801701), np.float64(13.517517670400181), np.float64(13.151578528697941), np.float64(13.094872852317943)]
Final fitness values: [np.float64(12.293527623453674), np.float64(12.293527623453674), np.float64(12.293527623453674), np.float64(12.293526546660466), np.float64(12.293526546660466), np.float64(12.293526546660466), np.float64(12.293526546660466), np.float64(12.293526546660466), np.float64(12.293526546660466), np.float64(12.293466877295732)]
HOF ITEM
12.293466877295732
0.9052133484317517,-1.9392313761586304,1.1546100258292677,-0.7017035613428627,5.046841981305722,5.667836061225129,6.495357780392639,0.0,-5.884286680522411,6.209693835155346,2.1485572163178963,-2.871526930667526,4.559647432584917,0.6551907178283893,5.595813784899781,0.49542484592334846,2.111067478963764,-4.0374501735315
HOF ITEM
12.293526546660466
0.9052133484317517,-2.2124698924699433,1.1546100258292677,-0.7938489620133603,5.046841981305722,5.667836061225129,6.495357780392639,0.0,-6.327303191979609,6.533099184932413,2.1485572163178963,-2.803109795563891,4.559647432584917,0.6551907178283893,5.595813784899781,0.49542484592334846,2.111067478963764,-4.0374501735315
HOF ITEM
12.293526546660466
0.9052133484317517,-2.2124698924699433,1.1546100258292677,-0.7938489620133603,5.046841981305722,5.667836061225129,6.495357780392639,0.0,-6.327303191979609,6.533099184932413,2.3125905395059276,-3.0608954431590965,4.559647432584917,0.6551907178283893,5.595813784899781,0.49542484592334846,2.111067478963764,-4.0374501735315
HOF ITEM
12.293526546660466
0.9052133484317517,-2.2124698924699433,1.1546100258292677,-0.7938489620133603,5.046841981305722,5.667836061225129,6.495357780392639,0.0,-6.327303191979609,6.533099184932413,2.3125905395059276,-2.803109795563891,4.559647432584917,0.6551907178283893,5.595813784899781,0.49542484592334846,2.111067478963764,-4.0374501735315
HOF ITEM
12.293526546660466
0.9052133484317517,-2.2124698924699433,1.1546100258292677,-0.7938489620133603,5.046841981305722,5.667836061225129,6.495357780392639,0.0,-6.327303191979609,6.533099184932413,2.1485572163178963,-3.0608954431590965,4.559647432584917,0.6551907178283893,5.595813784899781,0.49542484592334846,2.111067478963764,-4.0374501735315
seed 185
Initial fitness values: [np.float64(14.032298578541843), np.float64(13.477138275189148), np.float64(13.444652445401315), np.float64(12.82220373372841), np.float64(12.82220373372841), np.float64(12.154785916223641), np.float64(11.953019797873688), np.float64(11.953019797873688), np.float64(11.527402918355232), np.float64(11.527402918355232)]
Final fitness values: [np.float64(10.688286694034167), np.float64(10.688286694034167), np.float64(10.688286694034167), np.float64(10.688286694034167), np.float64(10.688286694034167), np.float64(10.688286694034167), np.float64(10.688286694034167), np.float64(10.688286694034167), np.float64(10.688286694034167), np.float64(10.688286694034167)]
HOF ITEM
10.688286694034167
-6.556398143101608,1.557629516451762,-3.6861830001339553,-6.211004197670028,-4.645457178331485,-5.294066483952814,-5.502419622940091,1.8804178103717075,-1.675323569876314,5.779405677340544,3.0,4.190305537269834,3.630990432408802,2.3331646682341045,-4.08129123886718,6.518385413318457,2.1795746529253246,1.1881685614273656
HOF ITEM
10.688286694034167
-6.556398143101608,1.557629516451762,-3.6861830001339553,-6.211004197670028,-4.645457178331485,-5.294066483952814,-5.502419622940091,1.8804178103717075,-1.675323569876314,5.779405677340544,3.0,4.313247808440092,3.7264232265836457,2.3331646682341045,-4.08129123886718,6.518385413318457,2.1795746529253246,1.1881685614273656
HOF ITEM
10.688286694034167
-6.556398143101608,1.557629516451762,-3.6861830001339553,-6.211004197670028,-4.645457178331485,-5.294066483952814,-5.502419622940091,1.8804178103717075,-1.675323569876314,5.779405677340544,3.0,4.23370555799378,3.7264232265836457,2.3331646682341045,-4.08129123886718,6.518385413318457,2.1795746529253246,1.1881685614273656
HOF ITEM
10.688286694034167
-6.556398143101608,1.557629516451762,-3.6861830001339553,-6.211004197670028,-4.645457178331485,-5.294066483952814,-5.502419622940091,1.8804178103717075,-1.675323569876314,5.779405677340544,3.0,4.313247808440092,3.7264232265836457,2.3067154566668298,-4.08129123886718,6.518385413318457,2.417085593672056,1.5013382891302713
HOF ITEM
10.688286694034167
-6.556398143101608,1.557629516451762,-3.6861830001339553,-6.211004197670028,-4.645457178331485,-5.294066483952814,-5.502419622940091,1.8804178103717075,-1.675323569876314,5.779405677340544,3.0,4.313247808440092,3.7264232265836457,2.2473382409971543,-4.08129123886718,6.518385413318457,2.1795746529253246,1.1881685614273656
seed 186
Initial fitness values: [np.float64(13.640521248075169), np.float64(13.24166449717277), np.float64(13.24166449717277), np.float64(12.491873323947429), np.float64(12.491873323947429), np.float64(12.401933556986114), np.float64(12.401933556986114), np.float64(12.260607097149197), np.float64(12.130927751799355), np.float64(12.116706148518176)]
Final fitness values: [np.float64(9.065834410169103), np.float64(9.064115071467121), np.float64(9.064115071467121), np.float64(9.064115071467121), np.float64(8.93878181563065), np.float64(8.93878181563065), np.float64(8.929666490762983), np.float64(8.922424113669006), np.float64(8.922424113669006), np.float64(8.91943034738916)]
HOF ITEM
8.91943034738916
-2.8472390608835765,1.2465130998938807,-1.317683638359918,-5.380420783105497,-5.095266055052269,-3.892159517793369,-3.086750559076676,0.24150286346448277,-6.012758171338599,-3.8395818853496193,0.8359365643950198,-3.307214241162112,-1.7887770608385465,2.9411550067034433,-0.5704278310029339,-3.2409912466899606,2.6510465593717805,2.067211529822994
HOF ITEM
8.922424113669006
-2.8472390608835765,1.2465130998938807,-1.317683638359918,-5.380420783105497,-5.095266055052269,-3.892159517793369,-3.086750559076676,0.24150286346448277,-6.012758171338599,-3.8395818853496193,0.8359365643950198,-3.2647923662645053,-1.7887770608385465,2.9411550067034433,-0.5704278310029339,-3.2409912466899606,2.6510465593717805,2.067211529822994
HOF ITEM
8.927579367782643
-2.8472390608835765,1.2465130998938807,-1.1936975807309942,-5.380420783105497,-5.095266055052269,-3.892159517793369,-3.086750559076676,0.24150286346448277,-6.012758171338599,-3.8395818853496193,0.8359365643950198,-3.2647923662645053,-1.7887770608385465,2.9411550067034433,-0.5704278310029339,-3.2409912466899606,2.6510465593717805,2.067211529822994
HOF ITEM
8.929666411925137
-2.8472390608835765,1.2465130998938807,-1.317683638359918,-5.380420783105497,-5.095266055052269,-3.892159517793369,-3.086750559076676,0.24150286346448277,-6.012758171338599,-3.8395818853496193,0.8359365643950198,-3.1690212198352743,-1.7887770608385465,2.9411550067034433,-0.5704278310029339,-3.2409912466899606,2.6598683565090044,2.067211529822994
HOF ITEM
8.929666490762983
-2.8472390608835765,1.2465130998938807,-1.317683638359918,-5.380420783105497,-5.095266055052269,-3.892159517793369,-3.086750559076676,0.24150286346448277,-6.012758171338599,-3.8395818853496193,0.8359365643950198,-3.1690212198352743,-1.7887770608385465,2.9411550067034433,-0.5704278310029339,-3.2409912466899606,2.6510465593717805,2.067211529822994
seed 187
Initial fitness values: [np.float64(14.506096386431086), np.float64(13.786023569360205), np.float64(13.555947146765748), np.float64(12.754746374958094), np.float64(12.754746374958094), np.float64(12.74637711632351), np.float64(12.661703588959467), np.float64(12.609908513637379), np.float64(12.609908513637379), np.float64(12.569321525485954)]
Final fitness values: [np.float64(11.025803063129215), np.float64(11.025803063129215), np.float64(11.025803063129215), np.float64(11.025803063129215), np.float64(11.025803063129215), np.float64(11.025803063129215), np.float64(11.025803063129215), np.float64(11.025703297458278), np.float64(11.025703297458278), np.float64(11.025703297458278)]
HOF ITEM
11.025703297458278
-1.8327764148710879,1.4318563629521308,0.36852924544605214,4.871562629960219,5.184288453644215,-5.967717491919228,-1.2355883800324703,2.1731452364540007,-5.492953762852527,6.360809717323141,3.0,1.3193959174886882,0.5880820701619436,1.371523210679153,3.106712196086589,2.9875044972474853,1.2660150536480719,1.4937404067866136
HOF ITEM
11.025803063129215
-1.8327764148710879,1.4318563629521308,0.36852924544605214,4.871562629960219,5.184288453644215,-5.967717491919228,-1.2355883800324703,2.1731452364540007,-5.492953762852527,6.360809717323141,3.0,1.7972281552964169,0.5880820701619436,1.371523210679153,3.106712196086589,3.287230734116023,1.2660150536480719,1.5789269387539973
HOF ITEM
11.025803063129215
-1.8327764148710879,1.4318563629521308,0.36852924544605214,4.871562629960219,5.184288453644215,-5.967717491919228,-1.2355883800324703,2.1731452364540007,-5.492953762852527,6.439041141552712,3.0,1.4761420881651404,0.5880820701619436,1.371523210679153,3.106712196086589,3.287230734116023,1.2660150536480719,1.5789269387539973
HOF ITEM
11.025803063129215
-1.8327764148710879,1.4318563629521308,0.36852924544605214,4.871562629960219,5.184288453644215,-5.967717491919228,-1.2355883800324703,2.1731452364540007,-5.492953762852527,6.360809717323141,3.0,1.3193959174886882,0.5880820701619436,1.371523210679153,3.106712196086589,3.287230734116023,1.2660150536480719,1.5789269387539973
HOF ITEM
11.025809488435925
-1.8327764148710879,1.4318563629521308,0.36852924544605214,4.871562629960219,5.184288453644215,-5.967717491919228,-1.2355883800324703,2.1731452364540007,-5.492953762852527,6.360809717323141,3.0,1.3193959174886882,0.5880820701619436,1.371523210679153,3.106712196086589,3.287230734116023,1.2660150536480719,1.4937404067866136
seed 188
Initial fitness values: [np.float64(14.033101297670003), np.float64(12.677267306157074), np.float64(12.677267306157074), np.float64(12.502197187586189), np.float64(12.42587639972483), np.float64(12.42587639972483), np.float64(12.332252686224571), np.float64(12.330205073615117), np.float64(12.211488935991795), np.float64(12.211488935991795)]
Final fitness values: [np.float64(12.036450157154487), np.float64(12.036450157154487), np.float64(12.036450157154487), np.float64(12.036450157154487), np.float64(12.036450157154487), np.float64(12.036450157154487), np.float64(12.036450157154487), np.float64(12.03585866831242), np.float64(12.03585866831242), np.float64(12.03585866831242)]
HOF ITEM
12.03585866831242
-2.537602724857942,-3.770335524591997,0.964899036074602,0.13364394551355596,-1.2693071864768333,-2.857056065398602,2.504853560473164,2.3625530908312418,-0.37150699758016015,-2.71502855254658,2.872675342361841,-3.75227139703097,0.7886978617983889,1.3620512584897506,0.17271133153026832,-1.417969187772557,1.9092670950381683,-0.6244767436136037
HOF ITEM
12.03585866831242
-2.537602724857942,-3.577281113051247,0.964899036074602,0.13364394551355596,-1.2693071864768333,-2.857056065398602,2.504853560473164,2.3625530908312418,-0.37150699758016015,-2.71502855254658,2.872675342361841,-3.75227139703097,0.7886978617983889,1.3620512584897506,0.17271133153026832,-1.417969187772557,1.9092670950381683,-0.6244767436136037
HOF ITEM
12.036450157154487
-2.537602724857942,-3.770335524591997,0.964899036074602,0.13364394551355596,-1.2693071864768333,-2.857056065398602,2.1447317244951227,1.9707680847546205,-0.37150699758016015,-2.5646403772904267,2.872675342361841,-3.6596065442642254,0.7886978617983889,1.055921046392789,0.17271133153026832,-1.417969187772557,1.9092670950381683,-0.6244767436136037
HOF ITEM
12.036450157157867
-2.537602724857942,-3.770335524591997,0.964899036074602,0.13364394551355596,-1.2693071864768333,-2.857056065398602,2.1447317244951227,1.9707680847546205,-0.25771358200801797,-2.5646403772904267,2.872675342361841,-3.6596065442642254,0.7886978617983889,1.055921046392789,0.17271133153026832,-1.417969187772557,1.9092670950381683,-0.6244767436136037
HOF ITEM
12.036450157166453
-2.537602724857942,-3.770335524591997,0.964899036074602,0.13364394551355596,-1.2693071864768333,-2.857056065398602,2.1447317244951227,2.0873724625080325,-0.25771358200801797,-2.5646403772904267,2.872675342361841,-3.6596065442642254,0.7886978617983889,1.055921046392789,0.17271133153026832,-1.417969187772557,1.9092670950381683,-0.6244767436136037
seed 189
Initial fitness values: [np.float64(14.857375350594788), np.float64(13.71276843018533), np.float64(13.49181050562228), np.float64(13.38014832157141), np.float64(13.306820858468637), np.float64(13.227869399163406), np.float64(13.201472623710309), np.float64(13.18255283445308), np.float64(13.153957632450632), np.float64(12.935060814271939)]
Final fitness values: [np.float64(12.168566265492501), np.float64(12.081669960626238), np.float64(12.081669960626238), np.float64(11.904388744897055), np.float64(11.904388744897055), np.float64(11.904388744897055), np.float64(11.904388744897055), np.float64(11.903201771444563), np.float64(11.903201771444563), np.float64(11.843223996570574)]
HOF ITEM
11.843223996570574
5.455607931152222,-0.9822400332135272,-1.513331658360363,-6.02898153694848,5.943740356140146,-1.941841148261077,2.8329091967925013,0.9773445692829195,7.0,-1.1837002487936499,0.0,5.254630539865862,3.211290712486946,1.051846406652522,7.0,1.3122431945978572,0.26953342211376813,-4.753537477776378
HOF ITEM
11.889995435525522
5.5869616289797515,-0.9822400332135272,-1.715909577984288,-5.490737931245426,5.943740356140146,-1.941841148261077,2.8329091967925013,0.9353830271796635,6.443003587327246,-1.3298840978919853,0.0,5.114197385409074,3.266159941531034,0.763255368823196,6.738851906405189,1.172757291541404,0.26953342211376813,-4.753537477776378
HOF ITEM
11.903201771444563
5.5869616289797515,-0.9822400332135272,-1.416442096112893,-6.02898153694848,5.943740356140146,-1.941841148261077,2.8329091967925013,0.9773445692829195,7.0,-1.6460542333863712,0.0,5.442064566391312,2.799460116953455,0.7830658279105779,7.0,1.3899836314796175,0.26953342211376813,-4.753537477776378
HOF ITEM
11.903548148287635
5.55925484858776,-0.9822400332135272,-1.416442096112893,-5.99383459246298,5.756327579710475,-1.941841148261077,2.8329091967925013,0.9773445692829195,7.0,-1.6460542333863712,0.09452735932225544,4.298647462690252,3.1041591278098317,0.44413071962259,7.0,1.3899836314796175,0.26953342211376813,-4.753537477776378
HOF ITEM
11.903557990758106
5.55925484858776,-0.9822400332135272,-1.416442096112893,-6.02898153694848,5.756327579710475,-1.941841148261077,2.8329091967925013,0.9773445692829195,7.0,-1.6460542333863712,0.09452735932225544,4.298647462690252,3.1041591278098317,0.44413071962259,7.0,1.3899836314796175,0.26953342211376813,-4.753537477776378
best parameter set
fitness 8.55051504519504 seed 186
-2.854700736799221,1.2361445674858054,-1.3101352793311984,-5.351546170656445,-5.060571695007321,-3.971985338011107,-3.031936844105247,0.331652243082991,-6.01760891774417,-3.8587388294933342,0.8585934390109489,-3.1704172015235854,-1.8165925960584892,2.9392128937916704,-0.5643193377096941,-3.243569108679759,2.656587524814907,2.081396336731647
