seeds are [530 531 532 533 534 535 536 537 538 539]
seed 530
Initial fitness values: [np.float64(28.25044252985539), np.float64(27.22775341586011), np.float64(26.999241728566645), np.float64(24.246216463571017), np.float64(24.246216463571017), np.float64(24.246216463571017), np.float64(23.995295329792146), np.float64(23.995295329792146), np.float64(23.938010928820837), np.float64(23.79592782502888)]
Final fitness values: [np.float64(23.681540783734846), np.float64(23.681540783734846), np.float64(23.681540783734846), np.float64(23.681540783734846), np.float64(23.681540783734846), np.float64(23.681540783734846), np.float64(23.681540783734846), np.float64(23.681540783734846), np.float64(23.681540783734846), np.float64(23.68035101438785)]
HOF ITEM
23.68035101438785
-0.9439131245249371,1.309039800545162,4.463984473202612,-4.091683578423931,5.887623297055759,0.23885206730640984,3.603779270630281,0.1688886883672781,-5.273232406612642,-6.065833018509518,1.0367468748757467,6.328255436019465,-0.39474431618568057,2.411032845581726,-5.0123870212228105,5.180737874083889,1.8831216557657178,2.1457578652714138
HOF ITEM
23.681540783734846
-0.9439131245249371,1.309039800545162,4.463984473202612,-4.091683578423931,5.887623297055759,0.23885206730640984,3.6740124421282223,0.1688886883672781,-5.273232406612642,-6.065833018509518,1.0367468748757467,6.328255436019465,-0.39474431618568057,2.411032845581726,-5.0123870212228105,5.239585674693756,1.8831216557657178,2.2730482769585754
HOF ITEM
23.682992179020943
-0.9439131245249371,1.309039800545162,4.295386569859358,-4.091683578423931,5.887623297055759,0.23885206730640984,3.6740124421282223,0.1688886883672781,-5.273232406612642,-6.065833018509518,1.0367468748757467,6.328255436019465,-0.39474431618568057,2.411032845581726,-4.997969223519497,4.879083343410572,1.8831216557657178,2.0467183563968248
HOF ITEM
23.685032038294253
-0.9439131245249371,1.309039800545162,4.463984473202612,-4.091683578423931,5.887623297055759,0.23885206730640984,4.163792505889896,0.09505518767809909,-5.359623455007824,-6.065833018509518,1.1442118533964023,6.328255436019465,-0.39474431618568057,2.411032845581726,-5.0123870212228105,5.239585674693756,1.8831216557657178,2.2730482769585754
HOF ITEM
23.685032573724925
-0.9439131245249371,1.309039800545162,4.463984473202612,-4.091683578423931,5.887623297055759,0.23885206730640984,4.163792505889896,0.09505518767809909,-5.359623455007824,-6.065833018509518,1.0367468748757467,6.328255436019465,-0.39474431618568057,2.411032845581726,-5.0123870212228105,5.239585674693756,1.8831216557657178,2.2730482769585754
seed 531
Initial fitness values: [np.float64(30.116341788314834), np.float64(25.085070721155326), np.float64(25.085070721155326), np.float64(25.0125021134678), np.float64(24.608156638887362), np.float64(24.515614227158114), np.float64(24.076211896870646), np.float64(24.076211896870646), np.float64(23.80711980818668), np.float64(23.80711980818668)]
Final fitness values: [np.float64(23.594068311144678), np.float64(23.594068311144678), np.float64(23.594067899833284), np.float64(23.594067899833284), np.float64(23.594067899833284), np.float64(23.594067899833284), np.float64(23.594067899833284), np.float64(23.594067899833284), np.float64(23.594067899833284), np.float64(23.590183337202088)]
HOF ITEM
23.590183337202088
-1.3777326479613448,1.407524416393729,-0.4850843701747049,0.1440076850654582,-1.895984866415742,1.3892917981351103,6.909990824332607,2.0588783421403436,-0.3794423087639782,4.863510358453739,1.3859098105935042,2.075385537531866,-0.3039403417800904,2.578801488759618,-0.48715986718154236,6.570508971502031,2.1523536907228378,-6.631333118947533
HOF ITEM
23.594067899833284
-1.3698665316789769,1.407524416393729,-0.4177738699248356,-0.07837836113596207,-2.0848546811760955,1.3892917981351103,6.536704345208887,2.177814116117637,-0.3794423087639782,4.863510358453739,1.3859098105935042,2.075385537531866,-0.3039403417800904,2.427095487386004,-0.48715986718154236,6.360364607113495,2.1523536907228378,-6.604722737065979
HOF ITEM
23.594067899833284
-1.3698665316789769,1.407524416393729,-0.4177738699248356,-0.07837836113596207,-2.0848546811760955,1.3892917981351103,6.536704345208887,2.1929601944921897,-0.3794423087639782,4.863510358453739,1.3859098105935042,2.075385537531866,-0.3039403417800904,2.427095487386004,-0.48715986718154236,6.225400084857488,2.1523536907228378,-6.604722737065979
HOF ITEM
23.594067899833284
-1.3698665316789769,1.407524416393729,-0.4177738699248356,-0.07837836113596207,-2.0848546811760955,1.3892917981351103,6.536704345208887,2.0588783421403436,-0.3794423087639782,4.863510358453739,1.3859098105935042,2.075385537531866,-0.3039403417800904,2.427095487386004,-0.48715986718154236,6.360364607113495,2.1523536907228378,-6.604722737065979
HOF ITEM
23.594067899833284
-1.3698665316789769,1.407524416393729,-0.4177738699248356,-0.07837836113596207,-2.0848546811760955,1.3892917981351103,7.0,2.0588783421403436,-0.3794423087639782,4.863510358453739,1.3859098105935042,2.075385537531866,-0.3039403417800904,2.427095487386004,-0.48715986718154236,6.225400084857488,2.1523536907228378,-6.604722737065979
seed 532
Initial fitness values: [np.float64(30.27388522407398), np.float64(29.76262547200722), np.float64(27.92317184842129), np.float64(27.42503981196563), np.float64(26.839011386101276), np.float64(26.83816868872069), np.float64(26.811363200108158), np.float64(26.74813754193072), np.float64(26.63906348689025), np.float64(26.514262389621255)]
Final fitness values: [np.float64(23.01107343173642), np.float64(23.01107343173642), np.float64(23.01107343173642), np.float64(23.01107343173642), np.float64(23.01107343173642), np.float64(23.01107343173642), np.float64(23.01107343173642), np.float64(23.01107343173642), np.float64(23.01107343173642), np.float64(23.01107343173642)]
HOF ITEM
23.01107343173642
-5.933205718666146,1.5017985775204503,0.611028554036065,2.0141768364625623,-3.5128450543127374,1.495104348557131,-3.2926864012341537,2.083700098164105,6.494179208749877,-4.705404077649481,0.7432290136628403,-1.9704127637403945,-2.4134151825295382,1.6881412897814114,-2.3370291664951743,-6.445371584663672,1.323135251592306,-7.0
HOF ITEM
23.01115725352522
-5.933205718666146,1.5017985775204503,0.611028554036065,2.0141768364625623,-3.5128450543127374,1.495104348557131,-3.2926864012341537,2.083700098164105,6.494179208749877,-4.705404077649481,0.7432290136628403,-1.9704127637403945,-2.1876884645188586,1.6881412897814114,-2.3370291664951743,-6.445371584663672,1.323135251592306,-7.0
HOF ITEM
23.114476001596653
-6.281181396166078,1.3943290433796167,0.611028554036065,2.0141768364625623,-3.5128450543127374,1.7312376458867538,-3.285791852204484,2.4141354517897198,6.494179208749877,-4.705404077649481,0.5297846160953874,-1.9445747303904533,-2.4134151825295382,2.0334404131317565,-2.2303370197053143,-6.445371584663672,1.5408572115698036,-7.0
HOF ITEM
23.14042109180428
-5.91757065707192,1.5017985775204503,0.611028554036065,2.0141768364625623,-3.5128450543127374,1.495104348557131,-3.2926864012341537,2.083700098164105,6.494179208749877,-4.777385030162733,0.8437497694248882,-1.9704127637403945,-2.4134151825295382,1.6881412897814114,-2.3370291664951743,-6.445371584663672,1.323135251592306,-7.0
HOF ITEM
23.140641711150227
-5.91757065707192,1.5017985775204503,0.611028554036065,2.0141768364625623,-3.5128450543127374,1.495104348557131,-3.2926864012341537,2.083700098164105,6.494179208749877,-4.777385030162733,0.8437497694248882,-1.9704127637403945,-2.1876884645188586,1.6881412897814114,-2.3370291664951743,-6.445371584663672,1.323135251592306,-7.0
seed 533
Initial fitness values: [np.float64(29.85138660889675), np.float64(29.21622179591744), np.float64(29.21622179591744), np.float64(26.77503231492292), np.float64(26.77503231492292), np.float64(26.774580084180236), np.float64(26.685608610169428), np.float64(26.638534465375624), np.float64(26.638534465375624), np.float64(26.62063587099903)]
Final fitness values: [np.float64(25.99576909524078), np.float64(25.995762624630057), np.float64(25.995413454582607), np.float64(25.995413454582607), np.float64(25.995413454582607), np.float64(25.995413454582607), np.float64(25.99440545941671), np.float64(25.98922404785891), np.float64(25.98922404785891), np.float64(25.987845592670215)]
HOF ITEM
25.987845592670215
-4.946634969250528,-1.8552227304385487,6.435285660228626,-4.562560536288978,0.804760239232425,5.579389433617607,-4.671667218731781,1.4674734700626286,-4.208912453775789,-4.283332019204551,2.260152350492386,5.730290259162066,1.0314261966133764,0.7094023122713535,-2.165212919217806,-6.093889835414023,2.2739697640881262,-1.9238245533820588
HOF ITEM
25.988087699971384
-4.956013804824983,-1.4166123987843449,6.435285660228626,-4.562560536288978,0.804760239232425,5.481820136296117,-4.671667218731781,1.4674734700626286,-4.208912453775789,-4.613041012599717,2.260152350492386,5.733878922650441,0.8089492536340777,0.3941299609342565,-2.165212919217806,-5.977914605748664,2.2739697640881262,-1.8544989071207059
HOF ITEM
25.98922404722066
-4.946634969250528,-1.8001158198913998,6.435285660228626,-4.562560536288978,0.804760239232425,5.579389433617607,-4.671667218731781,1.4674734700626286,-4.208912453775789,-4.570304595015553,2.260152350492386,5.730290259162066,1.0314261966133764,0.7094023122713535,-2.165212919217806,-6.093889835414023,2.2739697640881262,-1.9238245533820588
HOF ITEM
25.98922404785891
-4.946634969250528,-1.8552227304385487,6.435285660228626,-4.562560536288978,0.804760239232425,5.579389433617607,-4.671667218731781,1.4674734700626286,-4.208912453775789,-4.570304595015553,2.260152350492386,5.730290259162066,1.0314261966133764,0.7094023122713535,-2.165212919217806,-6.093889835414023,2.2739697640881262,-1.9238245533820588
HOF ITEM
25.98925405647534
-4.946634969250528,-1.8552227304385487,6.435285660228626,-4.562560536288978,0.804760239232425,5.579389433617607,-4.671667218731781,1.4674734700626286,-4.208912453775789,-4.570304595015553,2.260152350492386,5.730290259162066,1.0314261966133764,0.7094023122713535,-2.4837219761717746,-5.977914605748664,2.2739697640881262,-1.9238245533820588
seed 534
Initial fitness values: [np.float64(28.47114002362246), np.float64(28.47114002362246), np.float64(27.79855060062145), np.float64(27.47089123994679), np.float64(27.45464984106868), np.float64(27.45464984106868), np.float64(27.14013762397492), np.float64(26.90657496611331), np.float64(26.71260550686454), np.float64(26.638626220424893)]
Final fitness values: [np.float64(26.396002788732346), np.float64(26.396002788732346), np.float64(26.396002788732346), np.float64(26.396002788732346), np.float64(26.396002788732346), np.float64(26.39557165180458), np.float64(26.39557165180458), np.float64(26.39557165180458), np.float64(26.39557165180458), np.float64(26.39557165180458)]
HOF ITEM
26.39557165180458
-2.019789104116813,-2.8349316927028,-1.5723249000878199,0.8954768988185443,-4.141427593208876,2.763261397063927,-0.5788662265471327,1.4113685473969686,-2.87558183933855,3.9633814973379966,2.935468322575963,5.5794342693764145,-0.2410914672184232,2.043488482045834,1.369330423285685,-1.5637319574920117,0.7392144241692099,0.9428551459128091
HOF ITEM
26.39557165180458
-2.019789104116813,-2.8349316927028,-1.5723249000878199,0.8954768988185443,-4.141427593208876,2.763261397063927,-0.5788662265471327,1.4113685473969686,-2.87558183933855,4.071424707128211,2.935468322575963,5.5794342693764145,-0.2410914672184232,2.043488482045834,1.369330423285685,-1.5637319574920117,0.7392144241692099,0.9428551459128091
HOF ITEM
26.39571530107133
-2.019789104116813,-2.8349316927028,-1.5723249000878199,0.8954768988185443,-4.141427593208876,2.763261397063927,-0.5788662265471327,1.4113685473969686,-2.87558183933855,3.9633814973379966,2.935468322575963,5.5794342693764145,-0.2410914672184232,2.043488482045834,1.369330423285685,-1.5637319574920117,0.7392144241692099,0.6922739416454831
HOF ITEM
26.39571530107133
-2.019789104116813,-2.8349316927028,-1.5723249000878199,0.8954768988185443,-4.141427593208876,2.763261397063927,-0.5788662265471327,1.4113685473969686,-2.87558183933855,4.071424707128211,2.935468322575963,5.5794342693764145,-0.2410914672184232,2.043488482045834,1.369330423285685,-1.5637319574920117,0.7392144241692099,0.6922739416454831
HOF ITEM
26.395897367555573
-2.019789104116813,-2.8349316927028,-1.5723249000878199,0.8954768988185443,-4.141427593208876,3.072679074753965,-0.5788662265471327,1.4113685473969686,-2.87558183933855,3.9633814973379966,2.935468322575963,5.5794342693764145,-0.2410914672184232,2.043488482045834,1.369330423285685,-1.5637319574920117,0.7392144241692099,0.9428551459128091
seed 535
Initial fitness values: [np.float64(28.998057029155735), np.float64(28.43250196658613), np.float64(27.261903010158036), np.float64(25.679701111612175), np.float64(25.591927168544082), np.float64(25.349239337247223), np.float64(24.557709760111283), np.float64(24.557709760111283), np.float64(24.5266467794121), np.float64(24.42896904071911)]
Final fitness values: [np.float64(23.80908670932624), np.float64(23.80908670932624), np.float64(23.80908670932624), np.float64(23.80908670932624), np.float64(23.80908670932624), np.float64(23.80908670932624), np.float64(23.80908670932624), np.float64(23.80908670932624), np.float64(23.80908670932624), np.float64(23.80908670932624)]
HOF ITEM
23.80908670932624
5.506278379079904,-0.8224744392336646,-1.2546673120294445,-1.18884408050983,1.4687221553837164,4.398682195947893,6.090867289654405,2.090065582399271,4.037041066756492,2.530659124044705,1.1189024503975336,2.8610702295421913,5.947368940306259,0.11401575622366811,4.090834529668632,1.0930787111174778,3.0,-5.197258652670799
HOF ITEM
23.811786482252028
5.506278379079904,-0.8224744392336646,-1.5937915026013885,-1.18884408050983,1.4687221553837164,4.039973372002194,5.716569301755385,2.313346332670041,4.037041066756492,2.530659124044705,1.4287460585355642,2.9333123077801577,5.947368940306259,0.11401575622366811,4.090834529668632,1.0930787111174778,3.0,-5.197258652670799
HOF ITEM
23.812766669589728
5.506278379079904,-0.8224744392336646,-1.2546673120294445,-1.18884408050983,1.4687221553837164,4.398682195947893,6.090867289654405,2.090065582399271,4.037041066756492,2.530659124044705,1.1161920745875862,2.8610702295421913,5.947368940306259,0.11401575622366811,4.090834529668632,1.0930787111174778,3.0,-5.197258652670799
HOF ITEM
23.815882730284958
5.506278379079904,-0.8224744392336646,-1.1877098120141651,-1.18884408050983,1.4687221553837164,4.424496647282737,6.408872684618036,1.7256023774235674,4.380254332142625,2.530659124044705,1.436888582928846,3.0704336309957823,5.928370502817237,0.11401575622366811,4.090834529668632,1.0930787111174778,3.0,-5.197258652670799
HOF ITEM
23.816795591298778
5.506278379079904,-0.8224744392336646,-1.2546673120294445,-1.18884408050983,1.4687221553837164,4.398682195947893,6.191964750127131,1.9942723744311168,3.708701262176949,2.530659124044705,1.6672992116088579,2.8610702295421913,5.803960805598423,0.11401575622366811,3.9568437906714493,1.0930787111174778,3.0,-5.279602783679317
seed 536
Initial fitness values: [np.float64(28.990832815008254), np.float64(28.990832815008254), np.float64(28.615612058911132), np.float64(28.615612058911132), np.float64(28.502020940997316), np.float64(28.24755571954046), np.float64(28.24755571954046), np.float64(28.23438269828211), np.float64(28.18945899656955), np.float64(28.022369052952286)]
Final fitness values: [np.float64(23.354469997626516), np.float64(23.2857577278183), np.float64(23.267054913155015), np.float64(23.23082561244962), np.float64(23.157676190926527), np.float64(23.11740193620724), np.float64(23.101925931479776), np.float64(23.035727966492164), np.float64(22.846870745974265), np.float64(22.65701108728691)]
HOF ITEM
22.65701108728691
-1.389108007087006,1.4010321062253577,3.414891380160317,7.0,1.9483273726282728,-4.900144387812681,-0.28713256302488227,2.3779403817992786,-2.0110399180679193,-2.236181025646055,1.2905803490287486,-2.872430837109214,5.2964444893113605,3.0,-2.97159353260383,-0.32088367532883944,2.8439785166509033,-0.45767541879537804
HOF ITEM
22.80488332440843
-1.3099135758101557,1.2545100705106256,3.527030503260648,6.798882195615069,1.5619231498569672,-4.638044118879002,-0.3480224444625883,2.51671983179519,-2.0012200391320496,-2.353646303523593,1.2905803490287486,-2.872430837109214,5.2964444893113605,3.0,-2.8666146085139035,-0.32088367532883944,2.4645098599548487,-0.45767541879537804
HOF ITEM
22.846870745974265
-1.389108007087006,1.4010321062253577,3.30817882572401,7.0,1.9483273726282728,-5.072512377911616,-0.4948251831350571,2.486915974155303,-2.4408533555264427,-2.353646303523593,1.2905803490287486,-2.872430837109214,5.140161189845897,2.930666518554083,-2.97159353260383,-0.32088367532883944,2.4645098599548487,-0.45767541879537804
HOF ITEM
22.84788317885103
-1.389108007087006,1.4010321062253577,3.730683526482607,6.943541229776942,2.3091213196882805,-4.638044118879002,-0.3480224444625883,2.51671983179519,-2.0012200391320496,-2.353646303523593,1.2905803490287486,-2.872430837109214,5.2964444893113605,3.0,-2.9185577417324713,-0.32088367532883944,2.5628521986079758,-0.45767541879537804
HOF ITEM
22.849784498771974
-1.389108007087006,1.4010321062253577,3.4025400861943043,7.0,1.9483273726282728,-5.072512377911616,-0.39061195564357437,2.663896573982819,-2.0110399180679193,-2.353646303523593,1.291038547298351,-2.85632462660318,5.2964444893113605,3.0,-2.97159353260383,-0.32088367532883944,2.8439785166509033,-0.45767541879537804
seed 537
Initial fitness values: [np.float64(30.499840280603845), np.float64(28.6086215903697), np.float64(28.005880594218773), np.float64(27.928461407388948), np.float64(27.91799211704217), np.float64(27.91769535528212), np.float64(27.72421303700521), np.float64(27.72421303700521), np.float64(27.72249321480903), np.float64(27.71700931482964)]
Final fitness values: [np.float64(26.457468132897922), np.float64(26.457468132897922), np.float64(26.058055414613776), np.float64(26.058055414613776), np.float64(26.008782530439515), np.float64(26.008782530439515), np.float64(25.95741258115834), np.float64(25.95741258115834), np.float64(25.95741258115834), np.float64(25.918966742788665)]
HOF ITEM
25.918966742788665
-5.719585647927328,-2.0137006819062773,3.7221539288456547,-6.103512104159949,-2.7620313144459625,4.394718848179258,1.8845860300984505,1.0246962530870376,0.043660790965105195,0.8786005056082645,2.6164009977219638,-5.014106661021217,-2.6409243833587897,2.8549237174730617,7.0,-5.312738130060974,1.98159186667952,-6.66118229559276
HOF ITEM
25.95078714595711
-5.712008005151429,-1.7057839970105593,3.5168109929095452,-6.383408325017259,-2.444250165046483,4.761208551668912,1.3391745529806554,1.2668264352923575,0.0773489524541554,0.7970924781029745,2.6164009977219638,-4.9244423221156,-3.0149358786779086,3.0,5.93603299072155,-5.312738130060974,1.98159186667952,-6.732732093547921
HOF ITEM
25.95741258115834
-5.712008005151429,-1.4667594914075444,3.5168109929095452,-6.419151994712476,-2.4424750546525518,4.761208551668912,1.3744304466041213,1.0246962530870376,0.0773489524541554,0.7970924781029745,2.6164009977219638,-4.9244423221156,-3.0149358786779086,2.80400527502221,6.8731792024565435,-5.312738130060974,1.98159186667952,-6.732732093547921
HOF ITEM
25.95741258115834
-5.712008005151429,-1.4667594914075444,3.5168109929095452,-6.419151994712476,-2.4424750546525518,4.761208551668912,1.3744304466041213,1.0246962530870376,0.0773489524541554,0.7970924781029745,2.6164009977219638,-4.9244423221156,-3.0149358786779086,2.80400527502221,5.93603299072155,-5.312738130060974,1.98159186667952,-6.732732093547921
HOF ITEM
25.957412581465853
-5.712008005151429,-1.4667594914075444,3.5168109929095452,-6.419151994712476,-2.4424750546525518,4.761208551668912,1.3744304466041213,1.0246962530870376,0.032154357320167956,0.8786005056082645,2.6164009977219638,-5.014106661021217,-2.607991660024048,2.9361495733720226,6.8731792024565435,-5.312738130060974,1.98159186667952,-6.732732093547921
seed 538
Initial fitness values: [np.float64(32.04586627754834), np.float64(29.104404971665012), np.float64(28.353963282636432), np.float64(27.761914339765614), np.float64(27.761914339765614), np.float64(26.943595343349735), np.float64(26.09233697097789), np.float64(26.09233697097789), np.float64(25.81123118080094), np.float64(25.81123118080094)]
Final fitness values: [np.float64(23.318946565235567), np.float64(23.318946565235567), np.float64(23.318946565235567), np.float64(23.318946565235567), np.float64(23.318946565235567), np.float64(23.318946565235567), np.float64(23.318946565235567), np.float64(23.318946565235567), np.float64(23.318946565235567), np.float64(23.318946565235567)]
HOF ITEM
23.318946565235567
-5.740841297813272,1.5725308099115098,6.421476725605577,1.6753986664453073,-3.19537242482905,5.601649912638259,-4.971972987874209,2.0418196947061062,-4.242354638443899,0.19567758401975288,0.2795512748732064,-4.885343369543628,7.0,3.0,-4.330258910100434,4.264758104354649,2.0274596702093284,0.30130707366644616
HOF ITEM
23.318946565235567
-5.740841297813272,1.5725308099115098,6.421476725605577,1.6753986664453073,-3.19537242482905,5.601649912638259,-4.971972987874209,2.0418196947061062,-4.242354638443899,0.19567758401975288,0.2795512748732064,-4.885343369543628,6.9457904062385944,3.0,-4.330258910100434,4.264758104354649,2.0055481214734603,0.30130707366644616
HOF ITEM
23.318946565235567
-5.740841297813272,1.5725308099115098,6.421476725605577,1.6753986664453073,-3.19537242482905,5.601649912638259,-4.971972987874209,2.0418196947061062,-4.242354638443899,0.19567758401975288,0.2795512748732064,-4.885343369543628,7.0,3.0,-4.330258910100434,4.264758104354649,2.0055481214734603,0.20931665293959273
HOF ITEM
23.318946565235567
-5.740841297813272,1.5725308099115098,6.421476725605577,1.6753986664453073,-3.19537242482905,5.601649912638259,-4.971972987874209,2.0418196947061062,-4.242354638443899,0.19567758401975288,0.2795512748732064,-4.885343369543628,7.0,3.0,-4.330258910100434,4.264758104354649,2.0055481214734603,0.30130707366644616
HOF ITEM
23.318946565235567
-5.740841297813272,1.5725308099115098,6.421476725605577,1.6753986664453073,-3.19537242482905,5.601649912638259,-4.971972987874209,2.0418196947061062,-4.242354638443899,0.19567758401975288,0.2795512748732064,-4.885343369543628,7.0,3.0,-4.330258910100434,4.264758104354649,2.0274596702093284,0.20931665293959273
seed 539
Initial fitness values: [np.float64(29.11813666082244), np.float64(29.11813666082244), np.float64(27.556487725521713), np.float64(27.556487725521713), np.float64(27.556487725521713), np.float64(27.470655339642125), np.float64(27.470655339642125), np.float64(27.4171594335624), np.float64(27.34501354204855), np.float64(27.34501354204855)]
Final fitness values: [np.float64(26.758785375671625), np.float64(26.758785375671625), np.float64(26.715789728459633), np.float64(26.715789728459633), np.float64(26.712203084531456), np.float64(26.704469834076303), np.float64(26.704469834076303), np.float64(26.701878140986015), np.float64(26.690787558308738), np.float64(26.690787558308738)]
HOF ITEM
26.690787558308738
-6.277878364133088,2.774931603220296,0.1389912490182249,5.509283891905345,-2.0790683034243673,4.802701309208798,2.8147576152113145,0.26535027117784926,-0.22903255278054852,-4.9360282275034875,1.9904680612929555,0.5858931749053394,-2.099079134032897,0.6852847175258532,2.7832709920929237,-6.995943678765402,1.1524150702594371,-2.302528937545738
HOF ITEM
26.6908020782136
-6.277878364133088,2.774931603220296,0.1389912490182249,5.509283891905345,-2.0790683034243673,4.802701309208798,2.8147576152113145,0.26535027117784926,-0.22903255278054852,-4.9360282275034875,1.9904680612929555,0.5858931749053394,-2.099079134032897,0.6852847175258532,2.7832709920929237,-6.995943678765402,1.1524150702594371,-2.347427754672126
HOF ITEM
26.692350820760137
-6.277878364133088,2.774931603220296,-0.07461553851006522,5.259092883362382,-2.0821556837110293,5.084650867876331,2.821779585299444,0.26535027117784926,-0.4060261654831313,-4.9360282275034875,1.9904680612929555,0.5858931749053394,-2.099079134032897,0.6852847175258532,2.7832709920929237,-6.995943678765402,1.446008461746024,-2.3056740669617533
HOF ITEM
26.696280511764847
-6.277878364133088,2.855021343118224,0.1389912490182249,5.227060268536163,-2.0821556837110293,5.197159915115445,2.6739045788182034,0.12700557489571823,0.3201118898907706,-4.9360282275034875,1.9955983636055372,0.5858931749053394,-2.0492226708171706,0.6852847175258532,2.801170019735736,-6.995943678765402,1.2813158078131175,-2.347427754672126
HOF ITEM
26.700177852358397
-6.277878364133088,2.774931603220296,-0.04511086955093385,5.509283891905345,-2.2553862386464956,5.348122030551399,2.8410230360586537,0.5036322199296853,0.3751871525029309,-4.9360282275034875,1.9904680612929555,0.5858931749053394,-2.081757564048559,0.6852847175258532,2.8314516660708837,-6.995943678765402,1.082917821044661,-2.347427754672126
best parameter set
fitness 22.104500091401103 seed 536
-1.370186311778638,1.3715366110694303,3.4923392717842168,6.833276442663921,1.527687756094412,-4.603511302694756,-0.30155008337856565,2.5022653533699764,-2.0092264559935096,-2.2784544621829905,1.3517654759914088,-2.871137536226039,5.2964444893113605,3.0,-2.8666146085139035,-0.33252895150111705,2.341106682504533,-0.498849338132484
