seeds are [300 301 302 303 304 305 306 307 308 309]
seed 300
Initial fitness values: [np.float64(33.784361665694846), np.float64(28.468018906070338), np.float64(28.468018906070338), np.float64(27.90648359857592), np.float64(27.72562886961162), np.float64(27.72608250030372), np.float64(27.725620775250423), np.float64(27.72355992482321), np.float64(27.714041479187813), np.float64(27.372401874287085)]
Final fitness values: [np.float64(23.47331996777783), np.float64(23.47331996777783), np.float64(23.47331594027455), np.float64(23.47331594027455), np.float64(23.47331594027455), np.float64(23.47331594027455), np.float64(23.47331594027455), np.float64(23.47331594027455), np.float64(23.47331594027455), np.float64(23.472101080099186)]
HOF ITEM
23.472101080099186
-5.370455450323056,1.3199396143504778,-0.5644856802235598,5.932466656487502,-3.4441791400167068,-6.5129130642877495,4.644659592455545,2.377509357497415,6.58719414396883,-5.5132804094804335,2.1052325489938717,0.3167337672410751,1.3433279107731337,0.5236820728077229,-2.729066086727321,-6.92082070238859,2.185599261731918,-2.040326939394582
HOF ITEM
23.47331594027455
-5.370455450323056,1.3199396143504778,-0.5644856802235598,6.069688726326778,-3.4441791400167068,-6.641412193322242,4.801719752882195,2.377509357497415,6.658424902537894,-5.715459469103015,2.1052325489938717,0.3167337672410751,0.9723491404796845,0.5236820728077229,-2.602050679578961,-6.808895893144394,2.1730019847837494,-2.040326939394582
HOF ITEM
23.47331594027455
-5.370455450323056,1.3199396143504778,-0.5644856802235598,6.069688726326778,-3.4441791400167068,-6.641412193322242,4.644659592455545,2.377509357497415,6.658424902537894,-5.715459469103015,2.1052325489938717,0.3167337672410751,0.9723491404796845,0.5236820728077229,-2.602050679578961,-6.808895893144394,2.1730019847837494,-2.040326939394582
HOF ITEM
23.473319967437565
-5.370455450323056,1.3199396143504778,-0.5644856802235598,6.069688726326778,-3.4441791400167068,-6.641412193322242,4.644659592455545,2.377509357497415,6.832453973889798,-6.133916188517994,2.1052325489938717,0.3167337672410751,0.9723491404796845,0.5236820728077229,-2.602050679578961,-6.4017760464840485,2.1730019847837494,-2.040326939394582
HOF ITEM
23.473319967437565
-5.370455450323056,1.3199396143504778,-0.5644856802235598,6.069688726326778,-3.4441791400167068,-6.641412193322242,4.801719752882195,2.377509357497415,6.832453973889798,-6.133916188517994,2.1052325489938717,0.3167337672410751,0.9723491404796845,0.5236820728077229,-2.602050679578961,-6.4017760464840485,2.1730019847837494,-2.040326939394582
seed 301
Initial fitness values: [np.float64(34.074216585175854), np.float64(30.837793541980506), np.float64(28.541274881509633), np.float64(28.541274881509633), np.float64(25.940858988381912), np.float64(25.940858988381912), np.float64(25.684916861116605), np.float64(24.95229416702865), np.float64(23.879653089756516), np.float64(23.879653089756516)]
Final fitness values: [np.float64(20.415083731641037), np.float64(20.415083731641037), np.float64(20.415083731641037), np.float64(20.407780006453656), np.float64(20.407780006453656), np.float64(20.407780006453656), np.float64(20.407780006453653), np.float64(20.407780006453653), np.float64(20.407780006453653), np.float64(20.407780006453653)]
HOF ITEM
20.407780006453653
-5.569353739048471,1.4006491176111515,2.6616525677748997,4.627558705651762,-5.879151397024322,-5.360848819816509,-1.5035159398574482,2.678623310820726,3.602506852826854,-4.315168011314966,2.0421761798743456,0.5862684661668405,5.147907214046184,1.0802067551361836,-4.551834525166065,-6.217494479845442,1.7587119571227103,7.0
HOF ITEM
20.407780006453653
-5.569353739048471,1.4006491176111515,2.6616525677748997,4.627558705651762,-5.879151397024322,-5.360848819816509,-1.5035159398574482,2.678623310820726,3.6179415832348862,-4.315168011314966,2.0421761798743456,0.5862684661668405,5.147907214046184,1.0802067551361836,-4.551834525166065,-6.217494479845442,1.7587119571227103,7.0
HOF ITEM
20.407780006453656
-5.569353739048471,1.4006491176111515,2.6616525677748997,4.627558705651762,-5.879151397024322,-5.360848819816509,-1.5035159398574482,2.678623310820726,3.6179415832348862,-4.315168011314966,2.0421761798743456,0.5862684661668405,5.147907214046184,1.0802067551361836,-4.833718931664062,-6.217494479845442,1.7587119571227103,7.0
HOF ITEM
20.407780006453656
-5.569353739048471,1.4006491176111515,2.6616525677748997,4.627558705651762,-5.879151397024322,-5.360848819816509,-1.5035159398574482,2.678623310820726,3.602506852826854,-4.315168011314966,2.0421761798743456,0.5862684661668405,5.147907214046184,1.0802067551361836,-4.833718931664062,-6.217494479845442,1.7587119571227103,7.0
HOF ITEM
20.407780379789394
-5.569353739048471,1.4006491176111515,2.6616525677748997,4.627558705651762,-5.879151397024322,-5.360848819816509,-1.5035159398574482,2.678623310820726,3.602506852826854,-4.315168011314966,2.0421761798743456,0.5862684661668405,4.574594506326849,0.6513027039119065,-4.551834525166065,-6.217494479845442,1.7587119571227103,7.0
seed 302
Initial fitness values: [np.float64(28.389546074365175), np.float64(26.385113562955173), np.float64(26.240427042625164), np.float64(25.81428760430544), np.float64(25.684200450637704), np.float64(25.680522740897608), np.float64(25.31445324926187), np.float64(24.986188104795293), np.float64(24.986188104795293), np.float64(24.978969501832275)]
Final fitness values: [np.float64(20.91356667464219), np.float64(20.91356667464219), np.float64(20.91356667464219), np.float64(20.91356667464219), np.float64(20.91356667464219), np.float64(20.91356667464219), np.float64(20.91356667464219), np.float64(20.913559285158275), np.float64(20.913559285158275), np.float64(20.913559285158275)]
HOF ITEM
20.913559285158275
-4.7326485983534985,1.3308219583126246,-1.337683777586933,0.32225933875285195,0.200054391865301,6.840766994682124,-0.9412783312702646,2.407082272400528,-6.96677180409983,-5.961626244502785,1.8095590151373124,-0.14592349209903652,-3.6010787449367636,2.2431156283109877,-0.8119758099146008,-5.049104612068535,0.7292330207837968,6.869308418987917
HOF ITEM
20.91355928515873
-4.7326485983534985,1.3308219583126246,-1.337683777586933,0.32225933875285195,0.200054391865301,6.840766994682124,-0.9412783312702646,2.407082272400528,-6.724466707799015,-5.961626244502785,1.8095590151373124,-0.14592349209903652,-3.6010787449367636,2.2431156283109877,-0.8119758099146008,-5.049104612068535,0.7292330207837968,6.869308418987917
HOF ITEM
20.913566674641736
-4.7326485983534985,1.3308219583126246,-1.337683777586933,0.32225933875285195,0.200054391865301,6.840766994682124,-0.9412783312702646,2.407082272400528,-6.96677180409983,-5.961626244502785,1.8095590151373124,-0.14592349209903652,-3.6010787449367636,2.2431156283109877,-0.8119758099146008,-5.28287081611958,0.7292330207837968,6.565054226001652
HOF ITEM
20.91356667464219
-4.7326485983534985,1.3308219583126246,-1.337683777586933,0.32225933875285195,0.200054391865301,6.840766994682124,-0.9412783312702646,2.407082272400528,-6.724466707799015,-5.961626244502785,1.8095590151373124,-0.14592349209903652,-3.6010787449367636,2.2431156283109877,-0.8119758099146008,-5.28287081611958,0.7292330207837968,6.565054226001652
HOF ITEM
20.913578436417644
-4.7326485983534985,1.3308219583126246,-1.337683777586933,0.32225933875285195,0.200054391865301,6.840766994682124,-0.9412783312702646,2.407082272400528,-6.724466707799015,-5.961626244502785,1.8095590151373124,-0.14592349209903652,-3.6010787449367636,2.2431156283109877,-0.8119758099146008,-5.28287081611958,0.7292330207837968,6.869308418987917
seed 303
Initial fitness values: [np.float64(31.336846365365545), np.float64(29.744915367268426), np.float64(28.19708230499616), np.float64(27.86432283561568), np.float64(27.653886989740077), np.float64(27.718189052724085), np.float64(27.416499751413177), np.float64(27.41443882138689), np.float64(27.311954382813454), np.float64(27.311954382813454)]
Final fitness values: [np.float64(26.27301213802761), np.float64(26.27301213802761), np.float64(26.27301213802761), np.float64(26.27301213802761), np.float64(26.27301213802761), np.float64(26.27301213802761), np.float64(26.27301213802761), np.float64(26.27301213802761), np.float64(26.27301213802761), np.float64(26.27301213802761)]
HOF ITEM
26.27301213802761
-3.857551073380904,-4.0,0.6903503711087922,-4.30803022160107,-4.632671336915845,-0.39044056753178347,-7.0,2.804406066036021,0.39425752015515336,-5.653375930796096,2.5918685709873683,3.3747848606601187,-1.825511881070455,0.8786923115910521,-1.7939295804356272,-0.45818189855488783,1.550008117355802,4.40727761813484
HOF ITEM
26.27301213802761
-3.857551073380904,-4.0,0.6903503711087922,-4.30803022160107,-4.632671336915845,-0.39044056753178347,-6.947952637211851,2.8042862412008933,0.39425752015515336,-5.653375930796096,2.5918685709873683,3.3747848606601187,-1.825511881070455,0.8786923115910521,-1.7939295804356272,-0.45818189855488783,1.550008117355802,4.40727761813484
HOF ITEM
26.27301213802761
-3.857551073380904,-4.0,0.6903503711087922,-4.30803022160107,-4.632671336915845,-0.39044056753178347,-6.824842213961448,2.804406066036021,0.39425752015515336,-5.653375930796096,2.5918685709873683,3.3747848606601187,-1.825511881070455,0.8786923115910521,-1.7939295804356272,-0.45818189855488783,1.550008117355802,4.40727761813484
HOF ITEM
26.27301213802761
-3.857551073380904,-4.0,0.6903503711087922,-4.30803022160107,-4.632671336915845,-0.39044056753178347,-7.0,2.8042862412008933,0.39425752015515336,-5.653375930796096,2.5918685709873683,3.3747848606601187,-1.825511881070455,0.8786923115910521,-1.7939295804356272,-0.45818189855488783,1.550008117355802,4.40727761813484
HOF ITEM
26.27301213802761
-3.857551073380904,-4.0,0.6903503711087922,-4.30803022160107,-4.632671336915845,-0.39044056753178347,-7.0,2.8042862412008933,0.39425752015515336,-5.3658656377952,2.5918685709873683,3.3747848606601187,-1.825511881070455,0.8786923115910521,-1.7939295804356272,-0.45818189855488783,1.550008117355802,4.40727761813484
seed 304
Initial fitness values: [np.float64(31.40904039103042), np.float64(29.043196129656632), np.float64(28.111183809366192), np.float64(26.895314172909515), np.float64(26.784545754727297), np.float64(26.157019048521022), np.float64(26.157019048521022), np.float64(26.11789932297671), np.float64(25.925093271981847), np.float64(25.925093271981847)]
Final fitness values: [np.float64(25.794645481076763), np.float64(25.794319639589688), np.float64(25.794319639589688), np.float64(25.794298962687954), np.float64(25.794298962687954), np.float64(25.794298962687954), np.float64(25.794260915609385), np.float64(25.794260915609385), np.float64(25.794260915609385), np.float64(25.794260915609385)]
HOF ITEM
25.794260915609385
-2.1106604522211345,-3.9009138624721054,-2.8588447861853563,-5.55927609218109,2.157411016857638,2.3249850602406363,6.223111622415602,2.1897932972339453,3.2649101415802955,6.430478709896592,0.59959485028685,4.145423189621849,-1.4069388167801442,2.1728019663153355,-4.433165330840475,6.737733910100437,2.5329420401085088,-5.63342753891154
HOF ITEM
25.794260915609385
-2.1106604522211345,-3.7962555366564406,-2.8588447861853563,-5.55927609218109,2.157411016857638,2.3249850602406363,6.223111622415602,1.841568771507914,3.2649101415802955,6.430478709896592,0.59959485028685,4.145423189621849,-1.4069388167801442,2.1728019663153355,-4.433165330840475,6.737733910100437,2.2696383192310883,-6.060832283490378
HOF ITEM
25.794260915609385
-2.1106604522211345,-3.617780743070643,-2.8588447861853563,-5.55927609218109,2.157411016857638,2.3249850602406363,6.223111622415602,1.841568771507914,3.2649101415802955,6.430478709896592,0.59959485028685,4.145423189621849,-1.4069388167801442,2.1728019663153355,-4.433165330840475,6.737733910100437,2.5329420401085088,-5.63342753891154
HOF ITEM
25.794260915609385
-2.1106604522211345,-3.617780743070643,-2.8588447861853563,-5.55927609218109,2.157411016857638,2.3249850602406363,6.223111622415602,2.1897932972339453,3.2649101415802955,6.430478709896592,0.59959485028685,4.145423189621849,-1.4069388167801442,2.1728019663153355,-4.433165330840475,6.737733910100437,2.2696383192310883,-6.060832283490378
HOF ITEM
25.794260915609385
-2.1106604522211345,-3.7962555366564406,-2.8588447861853563,-5.55927609218109,2.157411016857638,2.3249850602406363,6.223111622415602,2.1897932972339453,3.2649101415802955,6.430478709896592,0.59959485028685,4.145423189621849,-1.4069388167801442,2.1728019663153355,-4.433165330840475,6.737733910100437,2.2696383192310883,-6.060832283490378
seed 305
Initial fitness values: [np.float64(29.32934960909921), np.float64(27.556380500555843), np.float64(27.252071842356116), np.float64(26.761781201745944), np.float64(26.761781201745944), np.float64(25.936009344370934), np.float64(25.936009344370934), np.float64(25.936009344370934), np.float64(25.936009344370934), np.float64(25.843079018232398)]
Final fitness values: [np.float64(25.670176282790944), np.float64(25.670176282790944), np.float64(25.670176282790944), np.float64(25.670176282790944), np.float64(25.670176282790944), np.float64(25.670176282790944), np.float64(25.670176282790944), np.float64(25.670176282790944), np.float64(25.670176282790944), np.float64(25.670176282790944)]
HOF ITEM
25.670176282790944
-0.19598937300494354,-3.556737179401498,-1.7371146534533062,-0.8994666098935369,6.362319503037613,-5.7109043417497904,0.10916844577421536,2.0596749908757346,-3.402907649129291,-0.8916535486528773,1.7130895795015637,5.376298339964937,1.4034280844483542,2.892221434780383,6.810465031053342,6.405953155192567,1.8858276478022904,-2.0091824554892352
HOF ITEM
25.670176282790944
-0.19598937300494354,-3.556737179401498,-1.7371146534533062,-0.8994666098935369,6.362319503037613,-5.7109043417497904,0.10916844577421536,2.0596749908757346,-3.402907649129291,-0.8916535486528773,1.7130895795015637,5.376298339964937,1.4034280844483542,2.892221434780383,6.810465031053342,6.405953155192567,2.4513914075761485,-2.190379557411861
HOF ITEM
25.670176282790944
-0.19598937300494354,-3.556737179401498,-1.7371146534533062,-0.8994666098935369,6.362319503037613,-5.7109043417497904,0.10916844577421536,2.0596749908757346,-3.402907649129291,-0.8916535486528773,1.7130895795015637,5.376298339964937,1.4034280844483542,2.892221434780383,6.810465031053342,6.405953155192567,1.8858276478022904,-2.190379557411861
HOF ITEM
25.670176282790944
-0.19598937300494354,-3.556737179401498,-1.7371146534533062,-0.8994666098935369,6.362319503037613,-5.7109043417497904,0.10916844577421536,2.0596749908757346,-3.402907649129291,-0.8916535486528773,1.7130895795015637,5.376298339964937,1.4034280844483542,2.892221434780383,6.810465031053342,6.405953155192567,2.4513914075761485,-2.0091824554892352
HOF ITEM
25.670653266214078
-0.19598937300494354,-3.556737179401498,-1.7371146534533062,-0.8994666098935369,6.387211436805944,-5.7109043417497904,0.10916844577421536,2.0596749908757346,-3.402907649129291,-0.8916535486528773,1.7130895795015637,5.376298339964937,1.4034280844483542,2.892221434780383,6.810465031053342,6.405953155192567,1.8858276478022904,-2.0091824554892352
seed 306
Initial fitness values: [np.float64(28.918908933392654), np.float64(27.524225120486193), np.float64(25.792607066316418), np.float64(25.792607066316418), np.float64(24.898245925961326), np.float64(24.898245925961326), np.float64(24.401530113041897), np.float64(23.892850318014254), np.float64(23.892850318014254), np.float64(23.892850318014254)]
Final fitness values: [np.float64(23.41842777440004), np.float64(23.41842777440004), np.float64(23.41815120784777), np.float64(23.41815120784777), np.float64(23.41815120784777), np.float64(23.417934980890138), np.float64(23.417934980890138), np.float64(23.417934980890138), np.float64(23.417934980890138), np.float64(23.417934980890138)]
HOF ITEM
23.417934980890138
-6.7212329682163645,1.5545205696114892,4.651818620501476,3.8662171137609427,-1.3803754870268263,4.142733763327206,4.874428499983329,3.0,6.110311319288497,-5.403806213995158,1.8393715634092993,1.0825135493740263,1.8915425493852938,1.6332108907793923,-2.9853809730329854,7.0,0.9730383796664314,-6.919669095334318
HOF ITEM
23.417934980890138
-6.7212329682163645,1.5545205696114892,4.651818620501476,3.8662171137609427,-1.3803754870268263,4.142733763327206,4.874428499983329,3.0,6.110311319288497,-5.403806213995158,1.8393715634092993,1.0825135493740263,1.8915425493852938,1.6332108907793923,-2.85517819580156,7.0,0.9730383796664314,-6.894012237792889
HOF ITEM
23.417934980890138
-6.7212329682163645,1.5545205696114892,4.651818620501476,3.8662171137609427,-1.3803754870268263,4.142733763327206,4.75195806459021,2.3699916451134437,6.110311319288497,-5.403806213995158,1.8393715634092993,1.0825135493740263,1.8915425493852938,1.6332108907793923,-2.9853809730329854,7.0,0.9730383796664314,-6.919669095334318
HOF ITEM
23.417934980890138
-6.7212329682163645,1.5545205696114892,4.651818620501476,3.8662171137609427,-1.3803754870268263,4.142733763327206,4.874428499983329,3.0,6.17057883729356,-5.403806213995158,1.8393715634092993,1.0825135493740263,1.6608498004429473,1.6560504966766525,-2.85517819580156,7.0,0.9730383796664314,-6.919669095334318
HOF ITEM
23.417934980890138
-6.7212329682163645,1.5545205696114892,4.651818620501476,3.8662171137609427,-1.3803754870268263,4.142733763327206,4.874428499983329,3.0,6.17057883729356,-5.403806213995158,1.8393715634092993,1.0825135493740263,1.6608498004429473,1.6560504966766525,-2.85517819580156,7.0,0.9730383796664314,-6.894012237792889
seed 307
Initial fitness values: [np.float64(30.33348091585386), np.float64(30.19236871673926), np.float64(28.5328990193114), np.float64(27.76920746913747), np.float64(26.316818882192948), np.float64(25.255344040474792), np.float64(24.452432613550517), np.float64(23.649284563304448), np.float64(23.649284563304448), np.float64(23.345467136912255)]
Final fitness values: [np.float64(21.623594759543586), np.float64(21.623594759543586), np.float64(21.623594759543586), np.float64(21.623594759543586), np.float64(21.623594759543586), np.float64(21.623594759543586), np.float64(21.623594759543586), np.float64(21.623594759543586), np.float64(21.623594759543586), np.float64(21.623594759543586)]
HOF ITEM
21.623594759543586
-0.6973862149886872,1.2263743240394436,-4.983673930165493,6.138971755855574,1.8304225775045888,-6.700732844369559,6.516420778490009,1.5280618431396222,-6.493403691251688,6.108578687949131,2.2810324899483057,2.728940705500521,0.16007241303557238,2.392969288348024,-0.5237801854273437,-1.527405549705997,2.948452825659087,1.8033557809426515
HOF ITEM
21.623594759543586
-0.6973862149886872,1.2263743240394436,-4.983673930165493,6.138971755855574,1.8304225775045888,-6.700732844369559,6.516420778490009,1.5280618431396222,-6.459621453618474,6.1333383370625425,2.2810324899483057,2.728940705500521,0.16007241303557238,2.392969288348024,-0.5237801854273437,-1.527405549705997,2.948452825659087,1.8033557809426515
HOF ITEM
21.623594759543586
-0.6973862149886872,1.2263743240394436,-4.983673930165493,6.138971755855574,1.8304225775045888,-6.700732844369559,6.516420778490009,1.5280618431396222,-6.459621453618474,6.1333383370625425,2.2810324899483057,3.1678073474280355,0.16007241303557238,2.392969288348024,-0.5237801854273437,-1.527405549705997,2.948452825659087,1.8033557809426515
HOF ITEM
21.623594759543586
-0.6973862149886872,1.2263743240394436,-4.983673930165493,6.138971755855574,1.8304225775045888,-6.700732844369559,6.516420778490009,1.5280618431396222,-6.493403691251688,6.108578687949131,2.131993272057632,3.1678073474280355,0.16007241303557238,2.392969288348024,-0.5237801854273437,-1.527405549705997,2.948452825659087,1.8033557809426515
HOF ITEM
21.623594759543586
-0.6973862149886872,1.2263743240394436,-4.983673930165493,6.138971755855574,1.8304225775045888,-6.700732844369559,6.516420778490009,1.5280618431396222,-6.493403691251688,6.108578687949131,2.131993272057632,2.728940705500521,0.16007241303557238,2.392969288348024,-0.5237801854273437,-1.527405549705997,2.948452825659087,1.8033557809426515
seed 308
Initial fitness values: [np.float64(32.185523676841974), np.float64(30.199342393506154), np.float64(28.373950576279906), np.float64(28.23048402690869), np.float64(28.04467881947143), np.float64(28.002602600018463), np.float64(27.453909474742417), np.float64(27.04123425991199), np.float64(27.04123425991199), np.float64(26.31774094214622)]
Final fitness values: [np.float64(25.54140980743237), np.float64(25.541409806973835), np.float64(25.541409806973835), np.float64(25.541409806973835), np.float64(25.541409806973835), np.float64(25.541409806973835), np.float64(25.541409806973835), np.float64(25.541409806973835), np.float64(25.541409806973835), np.float64(25.541409806973835)]
HOF ITEM
25.541409806973835
2.2353218852219348,-2.8693823523178863,1.0379265790516423,0.12297741450705107,1.7675139064675398,6.838108016960362,6.55973904201396,0.14795336167873513,4.798603727338544,1.2467467304666855,1.8129597115499547,2.3192488264718896,-0.9293526887313142,0.0,-0.08034994227928449,-2.0371572603340637,2.0715620382886075,1.9003728323858022
HOF ITEM
25.54140980743237
2.2353218852219348,-2.8693823523178863,1.0379265790516423,0.12297741450705107,1.7675139064675398,6.838108016960362,6.55973904201396,0.14795336167873513,4.798603727338544,1.2467467304666855,1.8129597115499547,2.3192488264718896,-0.9293526887313142,0.0,-0.08034994227928449,-2.4050957872206866,2.0715620382886075,1.9003728323858022
HOF ITEM
25.54434729226647
2.2353218852219348,-2.8693823523178863,1.0379265790516423,0.12297741450705107,1.7675139064675398,6.838108016960362,6.55973904201396,0.14795336167873513,4.798603727338544,1.2467467304666855,1.8129597115499547,2.3192488264718896,-0.9293526887313142,0.14051330364515607,-0.08034994227928449,-1.5417909481472432,2.0715620382886075,1.9003728323858022
HOF ITEM
25.544347316478817
2.2353218852219348,-2.8693823523178863,1.0379265790516423,0.12297741450705107,1.7675139064675398,6.838108016960362,6.55973904201396,0.14795336167873513,4.798603727338544,1.2467467304666855,1.8129597115499547,2.3192488264718896,-0.9293526887313142,0.14051330364515607,-0.08034994227928449,-2.0371572603340637,2.0715620382886075,1.9003728323858022
HOF ITEM
25.544347316936964
2.2353218852219348,-2.8693823523178863,1.0379265790516423,0.12297741450705107,1.7675139064675398,6.838108016960362,6.55973904201396,0.14795336167873513,4.798603727338544,1.2467467304666855,1.8129597115499547,2.3192488264718896,-0.9293526887313142,0.14051330364515607,-0.08034994227928449,-2.4050957872206866,2.0715620382886075,1.9003728323858022
seed 309
Initial fitness values: [np.float64(28.794793298176256), np.float64(27.80996914068674), np.float64(26.416755950957764), np.float64(26.402471284434945), np.float64(26.402471284434945), np.float64(26.338277967653973), np.float64(26.299946816177563), np.float64(26.020587052677538), np.float64(26.020587052677538), np.float64(26.020587052677538)]
Final fitness values: [np.float64(25.703049448181133), np.float64(25.703049448181133), np.float64(25.70304653214258), np.float64(25.70304632106534), np.float64(25.703045566642658), np.float64(25.703043763298286), np.float64(25.702149686164535), np.float64(25.701900445331724), np.float64(25.701900445331724), np.float64(25.701900337342543)]
HOF ITEM
25.701900337342543
-4.972414439644376,-2.7546259720764312,4.9825566384530084,0.936879059795341,1.5361425394809174,0.8595558675760435,6.158899204212169,0.5157469555608059,0.0743915082022839,-3.6579173607418496,2.1028570400416857,4.623071297574235,-0.9375614731085133,1.5279777735358242,-4.650396425997622,4.826102414012983,3.0,4.141390048295667
HOF ITEM
25.701900445331724
-4.972414439644376,-2.7546259720764312,4.9825566384530084,0.936879059795341,1.5361425394809174,0.8595558675760435,6.067322582611455,0.5157469555608059,-0.15488288949576598,-3.6579173607418496,2.1028570400416857,4.623071297574235,-0.9375614731085133,1.5279777735358242,-4.650396425997622,4.826102414012983,3.0,4.141390048295667
HOF ITEM
25.701900575131646
-4.972414439644376,-2.5427437508052098,4.9825566384530084,0.936879059795341,1.5361425394809174,0.8595558675760435,6.158899204212169,0.5157469555608059,-0.6183174194858402,-3.6579173607418496,2.1028570400416857,4.623071297574235,-0.9375614731085133,1.5279777735358242,-4.650396425997622,4.826102414012983,2.774132240423248,4.5988582672338785
HOF ITEM
25.701900575131646
-4.972414439644376,-2.7546259720764312,4.9825566384530084,0.936879059795341,1.5361425394809174,0.8595558675760435,6.158899204212169,0.5157469555608059,-0.6183174194858402,-3.6579173607418496,2.1028570400416857,4.623071297574235,-0.9375614731085133,1.5279777735358242,-4.650396425997622,4.826102414012983,3.0,4.141390048295667
HOF ITEM
25.702146388745707
-4.972414439644376,-2.5427437508052098,4.9825566384530084,0.936879059795341,1.5361425394809174,0.8595558675760435,6.158899204212169,0.5157469555608059,0.0743915082022839,-3.6579173607418496,2.1028570400416857,4.623071297574235,-0.9375614731085133,1.4210421474054078,-4.447854923456884,4.826102414012983,2.774132240423248,4.5988582672338785
best parameter set
fitness 20.397321051645825 seed 301
-5.569353739048471,1.4006491176111515,2.6616525677748997,4.627558705651762,-5.879151397024322,-5.360848819816509,-1.5035159398574482,2.678623310820726,3.602506852826854,-4.315168011314966,2.0421761798743456,0.5862684661668405,4.574594506326849,0.6513027039119065,-4.551834525166065,-6.217494479845442,1.7587119571227103,7.0
