seeds are [980 981 982 983 984 985 986 987 988 989]
seed 980
Initial fitness values: [np.float64(13.825849255364673), np.float64(13.232899315933889), np.float64(13.161338138710244), np.float64(13.161338138710244), np.float64(12.783528421894802), np.float64(12.783528421894802), np.float64(12.736483916100958), np.float64(12.695541101049711), np.float64(12.360225293428687), np.float64(11.728792717151471)]
Final fitness values: [np.float64(10.690209712688212), np.float64(10.683033492491758), np.float64(10.661754076906593), np.float64(10.661754076906593), np.float64(10.653208287496275), np.float64(10.644815600841428), np.float64(10.644815600841428), np.float64(10.636595067183857), np.float64(10.636595067183857), np.float64(10.636574271919063)]
HOF ITEM
10.636574271919063
0.19075371333380245,1.0251225005854543,3.6164932954234827,-6.243899881262038,-0.47314633749198365,6.571979458163558,-1.291223564126201,2.6715290884552187,1.8002119783803678,-6.4446266572876505,2.432305666848354,-2.1795699375825777,0.7267511161096075,3.0,-0.45263732902963066,-6.770157549302179,0.8624844632948457,1.8259510814536628
HOF ITEM
10.636595067183857
0.19075371333380245,1.0251225005854543,3.6164932954234827,-6.243899881262038,-0.47314633749198365,6.571979458163558,-1.291223564126201,2.6715290884552187,1.8002119783803678,-6.4446266572876505,2.432305666848354,-2.4995443400947264,0.7267511161096075,3.0,-0.45263732902963066,-6.770157549302179,0.8624844632948457,1.8259510814536628
HOF ITEM
10.636595081102524
0.19075371333380245,1.0251225005854543,3.6164932954234827,-6.243899881262038,-0.47314633749198365,6.571979458163558,-1.291223564126201,2.6715290884552187,1.8002119783803678,-6.4446266572876505,2.432305666848354,-2.4995443400947264,0.7267511161096075,3.0,-0.45263732902963066,-6.770157549302179,0.9045551926910874,1.8259510814536628
HOF ITEM
10.63899969603885
0.19075371333380245,1.0251225005854543,3.6164932954234827,-6.243899881262038,-0.47314633749198365,6.571979458163558,-1.291223564126201,2.6715290884552187,1.6657085780942522,-6.4446266572876505,2.432305666848354,-2.4995443400947264,0.7267511161096075,3.0,-0.45263732902963066,-6.770157549302179,0.8624844632948457,1.8259510814536628
HOF ITEM
10.64159663496353
0.19075371333380245,1.0251225005854543,3.796806478828353,-6.033490218219519,-0.29465333580912234,6.652623056164214,-1.258703608851609,2.8290994207098317,1.6707310349255158,-6.4793336250401765,2.388542930730929,-2.1795699375825777,0.7267511161096075,3.0,-0.45263732902963066,-7.0,0.8481490757412148,1.8259510814536628
seed 981
Initial fitness values: [np.float64(14.210767107726445), np.float64(13.189385569107369), np.float64(13.126975147279447), np.float64(12.881558266396603), np.float64(12.739186148156044), np.float64(12.632896837784207), np.float64(12.632896837784207), np.float64(12.593362749701669), np.float64(12.556839362918492), np.float64(12.556839362918492)]
Final fitness values: [np.float64(12.18327497433902), np.float64(12.18327497433902), np.float64(12.18317466530538), np.float64(12.154618699371735), np.float64(12.154618699371735), np.float64(12.154618699371735), np.float64(12.145334132555146), np.float64(12.145130023065288), np.float64(12.14440089554941), np.float64(12.14419694052399)]
HOF ITEM
12.14419694052399
-6.6021664081691815,-1.6349351481135534,-3.3937733487606163,6.986358532383102,-0.23026675043917827,1.6916357463681688,-0.6542178517411137,0.6799956238288176,7.0,-0.1374981165105026,0.0,-6.1817306242352945,-5.338560692960348,1.7679672619478557,-0.7652323370966805,7.0,0.5813610031294612,2.0803903639385273
HOF ITEM
12.14440089554941
-6.6021664081691815,-1.858463748371053,-3.3937733487606163,6.986358532383102,-0.23026675043917827,1.6606009362355274,-0.6542178517411137,0.6799956238288176,7.0,-0.38300727924377864,0.1214227051086264,-5.921235210839706,-5.338560692960348,1.7679672619478557,-0.7647481428000097,7.0,0.5813610031294612,2.131109809208843
HOF ITEM
12.144447682887286
-6.6021664081691815,-1.6349351481135534,-3.3937733487606163,6.986358532383102,-0.23026675043917827,1.6606009362355274,-0.6542178517411137,0.6799956238288176,7.0,-0.38300727924377864,0.1214227051086264,-5.921235210839706,-5.338560692960348,1.7679672619478557,-0.7647481428000097,7.0,0.5813610031294612,2.0803903639385273
HOF ITEM
12.145109447147506
-6.6021664081691815,-2.4124769906582415,-3.7817722567393446,6.986358532383102,-0.23026675043917827,1.6916357463681688,-0.6542178517411137,0.6799956238288176,7.0,-0.1374981165105026,0.0,-6.187043760931876,-5.338560692960348,1.795475713210212,-0.7627528440346022,6.032946303564982,0.5813610031294612,1.9927450038462673
HOF ITEM
12.145127647423845
-6.6021664081691815,-1.6349351481135534,-3.3937733487606163,6.986358532383102,-0.23026675043917827,1.6916357463681688,-0.6542178517411137,0.6799956238288176,7.0,-0.1374981165105026,0.008970734940256528,-6.1817306242352945,-5.338560692960348,1.7679672619478557,-0.7647481428000097,7.0,0.5813610031294612,2.0803903639385273
seed 982
Initial fitness values: [np.float64(13.810650221276294), np.float64(13.545912150215209), np.float64(13.531661368931433), np.float64(13.494453046349806), np.float64(13.489157365236924), np.float64(13.43101094243366), np.float64(13.431010884121712), np.float64(13.42898137854614), np.float64(13.427961085569265), np.float64(13.418332247353373)]
Final fitness values: [np.float64(10.901004925112145), np.float64(10.892827867084112), np.float64(10.892827867084112), np.float64(10.892675957545684), np.float64(10.892344915176745), np.float64(10.892344862512687), np.float64(10.846827387049089), np.float64(10.846682375164297), np.float64(10.84668225550426), np.float64(10.846445397376066)]
HOF ITEM
10.846445397376066
1.6512052370834935,0.37350860354507937,3.531446011921137,-0.680128262648954,0.8214771989406401,-5.331142473034666,-4.943127217117852,0.035207125183930675,6.458919586955753,-1.1625878585487108,0.6109003727290839,-1.59428435875831,5.620492037180635,0.16171505539821068,-3.2461272950011097,1.1449042145486947,2.7824072730762577,-0.4508727445149167
HOF ITEM
10.846445451812045
1.6512052370834935,0.37350860354507937,3.531446011921137,-0.680128262648954,0.8214771989406401,-5.331142473034666,-5.131110246571134,0.035207125183930675,6.057699810263352,-0.796397829000061,0.6109003727290839,-1.59428435875831,5.620492037180635,0.16171505539821068,-3.2461272950011097,1.1449042145486947,2.7824072730762577,-0.4508727445149167
HOF ITEM
10.846610690053815
1.6512052370834935,0.37350860354507937,3.18555602002764,-0.680128262648954,1.478944126452642,-5.331142473034666,-5.115942474535364,0.059252748355017815,5.88037555118496,-0.320685219000837,0.5073819938954197,-1.7613298443009078,5.620492037180635,0.16171505539821068,-3.2461272950011097,1.1449042145486947,2.7824072730762577,-0.4508727445149167
HOF ITEM
10.846680814640822
1.6512052370834935,0.37350860354507937,3.531446011921137,-0.680128262648954,1.3094108218111584,-5.331142473034666,-5.131110246571134,0.035207125183930675,5.753041659142305,-0.320685219000837,0.5073819938954197,-1.59428435875831,5.653359813950766,0.16171505539821068,-2.958353779378426,1.1449042145486947,2.7824072730762577,-0.4508727445149167
HOF ITEM
10.846682216897449
1.6512052370834935,0.37350860354507937,3.531446011921137,-0.680128262648954,1.3094108218111584,-5.331142473034666,-4.943127217117852,0.035207125183930675,6.458919586955753,-1.1625878585487108,0.6109003727290839,-1.59428435875831,5.620492037180635,0.16171505539821068,-3.2461272950011097,1.1449042145486947,2.7824072730762577,-0.4508727445149167
seed 983
Initial fitness values: [np.float64(14.199723525634745), np.float64(13.72429587571966), np.float64(13.594577931384347), np.float64(13.590222916321661), np.float64(13.35121865711307), np.float64(13.03201483229837), np.float64(12.970961378122816), np.float64(12.745636917201718), np.float64(12.72623418216975), np.float64(12.421199904456493)]
Final fitness values: [np.float64(10.56829604096786), np.float64(10.563422911268903), np.float64(10.562415457376522), np.float64(10.562415457376522), np.float64(10.562415457376522), np.float64(10.562415457376522), np.float64(10.562415457376522), np.float64(10.562415457376522), np.float64(10.562415457376522), np.float64(10.562415457376522)]
HOF ITEM
10.562415457376522
0.9513181547296367,0.592528861827615,4.578643974556529,5.641437323899221,0.5497985114135915,-3.2209578810025827,3.7481130763719896,0.5022364452381792,6.05862589154391,-1.9822657198307474,2.6685907117992445,-1.6658927992298218,4.810439683057739,0.6866995813779937,5.643905108218052,0.9441413621776084,2.365881010716827,-0.532736544785658
HOF ITEM
10.563422911268903
0.9513181547296367,0.592528861827615,5.071021925981529,5.641437323899221,0.37136929432494814,-2.964407615549117,3.7481130763719896,0.5022364452381792,6.05862589154391,-1.9822657198307474,2.6685907117992445,-1.6658927992298218,4.810439683057739,0.6866995813779937,5.643905108218052,0.9441413621776084,2.365881010716827,-0.532736544785658
HOF ITEM
10.567043258403055
0.9513181547296367,0.592528861827615,5.071021925981529,5.641437323899221,0.37136929432494814,-2.964407615549117,3.7481130763719896,0.5547172607113084,6.130342869705154,-1.9822657198307474,2.478671018367873,-1.5305919682280638,4.810439683057739,0.6866995813779937,5.643905108218052,0.9441413621776084,2.365881010716827,-0.532736544785658
HOF ITEM
10.56829604096786
0.9513181547296367,0.592528861827615,5.071021925981529,5.641437323899221,0.37136929432494814,-2.964407615549117,3.7481130763719896,0.5022364452381792,6.05862589154391,-1.9822657198307474,2.478671018367873,-1.6658927992298218,4.810439683057739,0.6866995813779937,5.643905108218052,0.9441413621776084,2.365881010716827,-0.532736544785658
HOF ITEM
10.5733468275634
0.9513181547296367,0.592528861827615,5.071021925981529,5.641437323899221,0.37136929432494814,-2.968282087770982,3.7481130763719896,0.5022364452381792,6.05862589154391,-1.9822657198307474,2.6685907117992445,-1.6658927992298218,4.810439683057739,0.6164041569039331,5.42934318681457,0.9441413621776084,2.365881010716827,-0.532736544785658
seed 984
Initial fitness values: [np.float64(14.569765119978241), np.float64(13.4233024589163), np.float64(13.349741861031978), np.float64(12.906082884518657), np.float64(12.770859348407907), np.float64(12.598747512084119), np.float64(12.478472740917121), np.float64(12.478472740917121), np.float64(12.435339843692969), np.float64(12.307520473755)]
Final fitness values: [np.float64(11.911892302115834), np.float64(11.911892302115834), np.float64(11.911892302115834), np.float64(11.911892302115834), np.float64(11.911892302115834), np.float64(11.911166287632012), np.float64(11.909635972504779), np.float64(11.909619306183796), np.float64(11.909490925453653), np.float64(11.909486350570479)]
HOF ITEM
11.909486350570479
-2.0981752675883927,1.5014380182419182,0.19597110868298218,3.4982481364975455,-2.609249144519193,-0.29944547108332764,-0.5398365572099567,1.4158103597915244,-2.989602812241724,2.616244519958936,1.5693599150173165,-1.0197623495419634,0.049218837877671076,2.3741017898651533,4.4037787381035445,-5.55685112497486,0.00044112072507874876,4.331402772169209
HOF ITEM
11.909490925453653
-2.0981752675883927,1.5014380182419182,0.19597110868298218,3.4982481364975455,-2.609249144519193,-0.29944547108332764,-0.5398365572099567,1.4158103597915244,-2.989602812241724,2.616244519958936,1.5693599150173165,-1.0197623495419634,0.049218837877671076,2.3741017898651533,4.4037787381035445,-5.55685112497486,0.00044112072507874876,4.281980788769871
HOF ITEM
11.909618305484074
-2.0981752675883927,1.5014380182419182,0.1743017701463187,3.476953947124375,-2.631821200378661,-0.29944547108332764,-0.5398365572099567,1.4158103597915244,-2.989602812241724,2.616244519958936,1.5693599150173165,-1.0197623495419634,0.049218837877671076,2.3741017898651533,4.4037787381035445,-5.55685112497486,0.00044112072507874876,4.3719319317137755
HOF ITEM
11.909619098543535
-2.0981752675883927,1.5014380182419182,0.1743017701463187,3.476953947124375,-2.631821200378661,-0.29944547108332764,-0.5398365572099567,1.4158103597915244,-2.989602812241724,2.4887199043935393,1.5693599150173165,-0.8640708513942531,0.049218837877671076,2.3741017898651533,4.4037787381035445,-5.55685112497486,0.00044112072507874876,4.3719319317137755
HOF ITEM
11.909619306183796
-2.0981752675883927,1.5014380182419182,0.1743017701463187,3.476953947124375,-2.631821200378661,-0.29944547108332764,-0.5398365572099567,1.4158103597915244,-2.989602812241724,2.4887199043935393,1.5693599150173165,-1.0197623495419634,0.049218837877671076,2.3741017898651533,4.4037787381035445,-5.55685112497486,0.00044112072507874876,4.3719319317137755
seed 985
Initial fitness values: [np.float64(13.898326491751446), np.float64(13.359900844664484), np.float64(13.359900844664484), np.float64(12.961248794087528), np.float64(12.961248794087528), np.float64(12.792994253337158), np.float64(12.762526056395775), np.float64(12.73693340800764), np.float64(12.731116997727137), np.float64(12.710280191544252)]
Final fitness values: [np.float64(11.005502910693751), np.float64(11.005502910693751), np.float64(11.0054980594008), np.float64(11.0054980594008), np.float64(10.996224902048843), np.float64(10.995638682106435), np.float64(10.995638682106435), np.float64(10.995638588344091), np.float64(10.993716257603374), np.float64(10.993716257603374)]
HOF ITEM
10.993716257603374
3.057361662083845,-0.33397504614652074,4.535565846542416,-4.087351611659067,5.3686078149746255,2.0620564296677713,-7.0,1.6876148621093083,4.10907068042455,0.5232716991468961,0.5535563961418989,-6.582781542776776,0.7244426709136041,1.7466652976267856,-3.1590635835881913,4.8041865062981675,2.177191199063444,-3.752121187145271
HOF ITEM
10.993716257603374
3.057361662083845,-0.33397504614652074,4.535565846542416,-4.087351611659067,5.3686078149746255,2.0620564296677713,-7.0,1.6876148621093083,4.10907068042455,0.5232716991468961,0.5535563961418989,-6.582781542776776,0.7244426709136041,1.7466652976267856,-3.1590635835881913,4.8041865062981675,1.9943874272485893,-3.738267312717781
HOF ITEM
10.99563851436754
3.057361662083845,-0.33397504614652074,4.535565846542416,-4.230864140748556,5.370947042715713,2.0620564296677713,-7.0,1.6876148621093083,4.10907068042455,0.5899598924139781,0.13446662950116553,-6.734410462934205,0.7244426709136041,1.7466652976267856,-3.1590635835881913,4.926421711439661,1.9943874272485893,-3.807547408971479
HOF ITEM
10.995638588055268
3.057361662083845,-0.33397504614652074,4.535565846542416,-4.230864140748556,5.370947042715713,2.0620564296677713,-7.0,1.6876148621093083,4.10907068042455,0.5232716991468961,0.290053675110779,-6.582781542776776,0.7244426709136041,1.7466652976267856,-3.1590635835881913,4.8041865062981675,1.9943874272485893,-3.738267312717781
HOF ITEM
10.995638588055268
3.057361662083845,-0.33397504614652074,4.535565846542416,-4.230864140748556,5.370947042715713,2.0620564296677713,-7.0,1.6876148621093083,4.10907068042455,0.5232716991468961,0.290053675110779,-6.582781542776776,0.7244426709136041,1.7466652976267856,-3.1590635835881913,4.8041865062981675,2.177191199063444,-3.752121187145271
seed 986
Initial fitness values: [np.float64(13.312518552153755), np.float64(13.260393401389612), np.float64(12.670171895361953), np.float64(12.670171895361953), np.float64(11.947541150094862), np.float64(11.947541150094862), np.float64(11.648410016859206), np.float64(11.57840962710258), np.float64(11.393616469691919), np.float64(11.26187108372376)]
Final fitness values: [np.float64(11.04287503396985), np.float64(11.04156912413461), np.float64(11.04156912413461), np.float64(11.04156912413461), np.float64(11.041265543378898), np.float64(11.04117181280064), np.float64(11.00003499801127), np.float64(11.00003499801127), np.float64(10.999424825170962), np.float64(10.999424825170962)]
HOF ITEM
10.999424825170962
3.236167874576839,-0.2484735497862022,6.4043602899378484,-1.5631414719084649,-3.9673766978883425,1.4498194065727903,-3.6438239522444773,0.0,2.1863522258797934,4.648649805522094,1.2431453224293618,5.0019098005803855,1.2659796908789966,2.5673226294854827,-0.45818157481688526,4.471952531655296,0.2823430031376847,5.497140255947983
HOF ITEM
10.999462171817218
3.236167874576839,-0.2484735497862022,6.4043602899378484,-1.5631414719084649,-3.9673766978883425,1.4498194065727903,-3.6438239522444773,0.0,2.1863522258797934,4.648649805522094,1.2431453224293618,5.0019098005803855,1.2659796908789966,2.5673226294854827,-0.45818157481688526,4.483888369606125,0.2823430031376847,5.497140255947983
HOF ITEM
10.999465486728136
3.236167874576839,-0.2484735497862022,6.4043602899378484,-1.5631414719084649,-3.9673766978883425,1.4498194065727903,-3.284814201119082,0.0,2.1863522258797934,4.648649805522094,1.2431453224293618,5.0019098005803855,1.2659796908789966,2.5673226294854827,-0.45818157481688526,4.471952531655296,0.2823430031376847,5.497140255947983
HOF ITEM
11.00000745502002
3.236167874576839,-0.2484735497862022,6.4043602899378484,-1.419788589174821,-3.9673766978883425,1.4498194065727903,-3.6438239522444773,0.0,2.1863522258797934,4.558399290567107,1.778522525864331,5.0019098005803855,1.2659796908789966,2.5673226294854827,-0.45818157481688526,4.471952531655296,0.2823430031376847,5.179608106512069
HOF ITEM
11.000009815917828
3.236167874576839,-0.2484735497862022,6.4043602899378484,-1.419788589174821,-3.9673766978883425,1.4498194065727903,-3.6438239522444773,0.0,2.1863522258797934,4.648649805522094,1.2431453224293618,5.0019098005803855,1.2659796908789966,2.5673226294854827,-0.45818157481688526,4.471952531655296,0.2823430031376847,5.179608106512069
seed 987
Initial fitness values: [np.float64(14.017434545079956), np.float64(13.801444708862986), np.float64(13.7263673432901), np.float64(13.546990385276446), np.float64(13.195885774270387), np.float64(13.028061112522156), np.float64(12.525367954133511), np.float64(12.160460789499037), np.float64(12.160460789499037), np.float64(12.160460789499037)]
Final fitness values: [np.float64(11.118269111751069), np.float64(11.118269111751069), np.float64(11.118269111751069), np.float64(11.118269111751069), np.float64(11.118269111751069), np.float64(11.114771132660211), np.float64(11.114771132660211), np.float64(11.114770679526956), np.float64(11.110561613974436), np.float64(11.110561613974436)]
HOF ITEM
11.110561613974436
-6.0430760205502505,0.7961955740490906,2.3223131760029276,-7.0,-1.3525982441942246,-0.9906577779644521,5.556583495356119,0.23561590418736839,3.3958987917974737,3.3686020483053603,2.578839976818492,0.8895177980257638,-6.427658690887776,1.7469126075293735,0.6018904227737101,-4.870990310014468,0.5014433540647009,-5.208808222014845
HOF ITEM
11.114770679526956
-6.0430760205502505,0.7961955740490906,2.3223131760029276,-7.0,-1.3525982441942246,-0.9906577779644521,5.658614501591188,0.23561590418736839,3.223539942461355,3.3686020483053603,2.9713026483522467,0.7878943728479888,-6.427658690887776,1.7469126075293735,0.6018904227737101,-4.870990310014468,0.5014433540647009,-5.2670611200907285
HOF ITEM
11.114770679526956
-6.0430760205502505,0.7961955740490906,2.3223131760029276,-7.0,-1.3525982441942246,-0.9906577779644521,5.658614501591188,0.23561590418736839,3.223539942461355,3.3686020483053603,2.9713026483522467,0.5071858006283136,-6.427658690887776,1.7469126075293735,0.6018904227737101,-4.870990310014468,0.5014433540647009,-5.2670611200907285
HOF ITEM
11.114771132660211
-6.0430760205502505,0.7961955740490906,2.3223131760029276,-7.0,-1.3525982441942246,-0.9906577779644521,5.658614501591188,0.23561590418736839,3.101616014366432,3.3686020483053603,2.9713026483522467,0.5071858006283136,-6.427658690887776,1.7469126075293735,0.6018904227737101,-4.870990310014468,0.5014433540647009,-5.2670611200907285
HOF ITEM
11.114771132660211
-6.0430760205502505,0.7961955740490906,2.3223131760029276,-7.0,-1.3525982441942246,-0.9906577779644521,5.658614501591188,0.23561590418736839,3.101616014366432,3.3686020483053603,2.9713026483522467,0.7878943728479888,-6.427658690887776,1.7469126075293735,0.6018904227737101,-4.870990310014468,0.5014433540647009,-5.2670611200907285
seed 988
Initial fitness values: [np.float64(14.6292842585301), np.float64(13.018660770513462), np.float64(13.011402747754776), np.float64(12.993711146827328), np.float64(12.910950151058938), np.float64(12.910950151058938), np.float64(12.71465038465626), np.float64(12.524729887022996), np.float64(12.524729887022996), np.float64(12.461128507953399)]
Final fitness values: [np.float64(12.157356588455787), np.float64(12.157356588455787), np.float64(12.157356588455787), np.float64(12.157356588455787), np.float64(12.156641382725402), np.float64(12.156551687486441), np.float64(12.156551687486441), np.float64(12.156551687486441), np.float64(12.156551687486441), np.float64(12.156551687486441)]
HOF ITEM
12.156551687486441
-3.355574606986364,-1.6445767554304862,5.822844548576981,-6.002777027063665,-0.6497214245297902,7.0,-3.1769975752565456,1.7566836430920045,-6.409098207711712,-4.167082097696149,2.296379907374009,-3.231334314182984,0.6515198637834414,0.5226588169491284,3.0498010255823815,1.1312790784618396,0.6094110503440247,5.984020834767955
HOF ITEM
12.156582361358666
-3.355574606986364,-1.6445767554304862,5.822844548576981,-6.002777027063665,-0.6497214245297902,7.0,-3.1769975752565456,1.7566836430920045,-6.409098207711712,-4.167082097696149,2.296379907374009,-3.370690367141201,0.6515198637834414,0.5226588169491284,3.0498010255823815,1.1312790784618396,0.6094110503440247,5.984020834767955
HOF ITEM
12.156641382725402
-3.355574606986364,-1.577386575968317,5.822844548576981,-6.002777027063665,-0.6497214245297902,7.0,-3.1769975752565456,1.7566836430920045,-6.409098207711712,-4.167082097696149,2.296379907374009,-3.231334314182984,0.6515198637834414,0.5226588169491284,3.0498010255823815,1.1312790784618396,0.6094110503440247,5.984020834767955
HOF ITEM
12.1566436208815
-3.355574606986364,-1.6445767554304862,5.822844548576981,-6.496796703659686,-0.6497214245297902,7.0,-3.1769975752565456,1.7566836430920045,-6.409098207711712,-4.167082097696149,2.296379907374009,-3.231334314182984,0.6515198637834414,0.5226588169491284,3.0498010255823815,1.1312790784618396,0.6094110503440247,5.984020834767955
HOF ITEM
12.156662337934385
-3.355574606986364,-1.6445767554304862,5.822844548576981,-6.496796703659686,-0.6497214245297902,7.0,-3.1769975752565456,1.7566836430920045,-6.409098207711712,-4.167082097696149,2.296379907374009,-3.370690367141201,0.6515198637834414,0.5226588169491284,3.0498010255823815,1.1312790784618396,0.6094110503440247,5.984020834767955
seed 989
Initial fitness values: [np.float64(15.057849651621613), np.float64(14.696535133507846), np.float64(13.639782040168273), np.float64(13.607079520293087), np.float64(13.533705775617847), np.float64(13.45850375186807), np.float64(13.381781495871824), np.float64(13.260556563555367), np.float64(13.09270675181106), np.float64(13.026613941261202)]
Final fitness values: [np.float64(12.26636968856148), np.float64(12.265636363973902), np.float64(12.265636363973902), np.float64(12.265635367213175), np.float64(12.265635367213175), np.float64(12.265635367213175), np.float64(12.265635367213175), np.float64(12.265635367213175), np.float64(12.265635367213175), np.float64(12.265635367213175)]
HOF ITEM
12.265635367213175
-2.8208170818249543,-3.4092614276473263,-7.0,-0.16729770634444924,-2.2073730394373263,2.44987587945573,-1.6206372461360914,2.042748074840895,-0.4979553853110333,0.9331570075305776,0.24607297455811566,-0.8071606819320941,5.52196229075142,2.7383491636765487,3.1961458667647573,-0.37073728618278146,0.1682522600050686,-1.8595091804150476
HOF ITEM
12.265635367213175
-2.8208170818249543,-3.4092614276473263,-7.0,-0.16729770634444924,-2.2073730394373263,2.44987587945573,-1.6206372461360914,2.042748074840895,-0.4979553853110333,0.9331570075305776,0.24607297455811566,-0.8071606819320941,5.52196229075142,2.7383491636765487,3.4270802039105157,-0.37073728618278146,0.1682522600050686,-1.8595091804150476
HOF ITEM
12.265636363973902
-2.8208170818249543,-3.4092614276473263,-7.0,-0.16729770634444924,-2.2073730394373263,2.44987587945573,-1.6206372461360914,2.042748074840895,-0.4979553853110333,0.9331570075305776,0.24607297455811566,-0.8071606819320941,5.52196229075142,2.7383491636765487,3.1961458667647573,-0.37073728618278146,0.0,-1.3987050125773297
HOF ITEM
12.265636363973902
-2.8208170818249543,-3.4092614276473263,-7.0,-0.16729770634444924,-2.2073730394373263,2.44987587945573,-1.6206372461360914,2.042748074840895,-0.4979553853110333,0.9331570075305776,0.24607297455811566,-0.8071606819320941,5.874383153774086,2.7383491636765487,3.1961458667647573,-0.37073728618278146,0.0,-1.3987050125773297
HOF ITEM
12.265636363973902
-2.8208170818249543,-3.4092614276473263,-7.0,-0.16729770634444924,-2.2073730394373263,2.44987587945573,-1.6206372461360914,2.042748074840895,-0.4979553853110333,0.9331570075305776,0.24607297455811566,-0.8071606819320941,5.52196229075142,2.7383491636765487,3.4270802039105157,-0.37073728618278146,0.0,-1.3987050125773297
best parameter set
fitness 10.257253692620916 seed 983
0.9837888321497832,0.6886052476947014,4.997404319479464,5.657487524931167,0.3769273270457074,-3.011822471052682,3.7422580293660617,0.6949555591535156,5.988492719180607,-1.5840805510272242,2.9795684259561233,-1.7068853649427744,4.784268027700212,0.60954420583063,5.627739548338978,1.0056377745567817,2.999999948950103,-0.5322254350524137
