seeds are [800 801 802 803 804 805 806 807 808 809]
seed 800
Initial fitness values: [np.float64(30.536116774038362), np.float64(30.10014250021127), np.float64(28.339769758679605), np.float64(28.06016800129134), np.float64(26.528641814896858), np.float64(26.514656260354933), np.float64(26.514656260354933), np.float64(25.846682443308023), np.float64(25.325780806252475), np.float64(25.01302088891338)]
Final fitness values: [np.float64(23.81206485628879), np.float64(23.81206485628879), np.float64(23.81206485628879), np.float64(23.81206485628879), np.float64(23.81206485628879), np.float64(23.81206485628879), np.float64(23.81206485628879), np.float64(23.8119749720663), np.float64(23.8119749720663), np.float64(23.8119749720663)]
HOF ITEM
23.8119749720663
1.566717958718071,0.3985849690236681,1.5229076994706694,-1.8119459052668918,6.785605702898769,5.537265188802217,6.286528970754804,2.893172275039185,5.603648895182978,3.1407806656968247,2.547874764480308,-4.777094463186202,0.7595924443162833,2.2294602856899792,-3.5296736141051253
HOF ITEM
23.812016160164024
1.566717958718071,0.3985849690236681,1.5229076994706694,-2.000854816903968,6.785605702898769,5.537265188802217,6.6636135644715235,2.893172275039185,5.603648895182978,3.1407806656968247,2.547874764480308,-4.7158581827714166,0.7595924443162833,2.2294602856899792,-3.5296736141051253
HOF ITEM
23.812016160164024
1.566717958718071,0.3985849690236681,1.5229076994706694,-2.000854816903968,6.785605702898769,5.537265188802217,6.286528970754804,2.893172275039185,5.603648895182978,3.1407806656968247,2.547874764480308,-4.777094463186202,0.7595924443162833,2.2294602856899792,-3.5296736141051253
HOF ITEM
23.812016160164024
1.566717958718071,0.3985849690236681,1.5229076994706694,-2.000854816903968,6.785605702898769,5.537265188802217,6.6636135644715235,2.893172275039185,5.603648895182978,3.1407806656968247,2.547874764480308,-4.777094463186202,0.7595924443162833,2.2294602856899792,-3.5296736141051253
HOF ITEM
23.812016160164024
1.566717958718071,0.3985849690236681,1.5229076994706694,-2.000854816903968,6.785605702898769,5.537265188802217,6.6636135644715235,2.7685199032853016,5.544012818173159,3.1407806656968247,2.547874764480308,-4.7158581827714166,0.7595924443162833,2.2294602856899792,-3.5296736141051253
seed 801
Initial fitness values: [np.float64(28.27406994203413), np.float64(28.163591042754447), np.float64(27.71961020104773), np.float64(27.511100433860125), np.float64(27.511100433860125), np.float64(27.312400131229317), np.float64(26.763409810080365), np.float64(26.688238510179538), np.float64(26.427199433714634), np.float64(26.17864742464655)]
Final fitness values: [np.float64(24.127441239859543), np.float64(24.127441239859543), np.float64(24.127441239859543), np.float64(24.127441239859543), np.float64(24.126933400740587), np.float64(24.12604366918235), np.float64(24.125602240860772), np.float64(24.125602240860772), np.float64(24.125296119133626), np.float64(24.125295947654692)]
HOF ITEM
24.125295947654692
6.900772549297871,-1.0929639841147827,-3.805772362680986,4.304449165279119,5.959191441625933,-5.232388383390624,3.9714939284492976,0.6170753321449864,0.8371162846200255,0.9780786450815897,2.140058579429769,-2.828908810098139,6.289942978264197,1.3788224570961174,-0.3865649440640857
HOF ITEM
24.125296119133626
6.900772549297871,-1.0929639841147827,-3.805772362680986,4.304449165279119,5.959191441625933,-5.232388383390624,3.9714939284492976,0.6170753321449864,0.8371162846200255,0.9780786450815897,2.140058579429769,-2.828908810098139,5.666619003915136,1.3788224570961174,-0.3865649440640857
HOF ITEM
24.12529684919914
6.900772549297871,-1.0929639841147827,-3.805772362680986,4.304449165279119,5.959191441625933,-5.232388383390624,3.9714939284492976,0.6170753321449864,0.8371162846200255,0.9780786450815897,2.140058579429769,-2.828908810098139,5.26637915947848,1.3788224570961174,-0.3865649440640857
HOF ITEM
24.125602240860772
6.900772549297871,-1.0929639841147827,-3.805772362680986,4.304449165279119,5.959191441625933,-5.232388383390624,3.9714939284492976,0.6170753321449864,0.8371162846200255,0.9780786450815897,2.140058579429769,-2.828908810098139,5.26637915947848,0.7437576321911838,-0.14835939849867616
HOF ITEM
24.126008255656334
6.900772549297871,-1.0929639841147827,-3.805772362680986,4.304449165279119,5.959191441625933,-5.232388383390624,3.9714939284492976,0.6170753321449864,0.8371162846200255,0.9780786450815897,2.140058579429769,-2.828908810098139,5.26637915947848,0.7437576321911838,-0.3865649440640857
seed 802
Initial fitness values: [np.float64(33.19329866843193), np.float64(29.882829553091707), np.float64(28.735230019732334), np.float64(27.540082691709408), np.float64(26.44095987184699), np.float64(24.928164909787633), np.float64(24.928164909787633), np.float64(24.92515412940602), np.float64(24.758293658765396), np.float64(24.165694123871763)]
Final fitness values: [np.float64(23.40179895363616), np.float64(23.40179895363616), np.float64(23.40179895363616), np.float64(23.40179895363616), np.float64(23.40179895363616), np.float64(23.40179895363616), np.float64(23.40179895363616), np.float64(23.40179895363616), np.float64(23.40179895363616), np.float64(23.401720927161247)]
HOF ITEM
23.401720927161247
-6.540334744920073,1.5531860441552687,0.29315699190378336,-4.390284373420003,4.80709618300002,4.975091502601371,4.4247427570770546,0.9879555591908558,-1.1426728449455665,-5.8538638934977145,1.8644619688100594,-4.027823301199375,-3.6781494243739647,1.1713296039729846,-6.687398486456768
HOF ITEM
23.40179895363616
-6.540334744920073,1.5531860441552687,0.29315699190378336,-4.390284373420003,4.80709618300002,4.968898526439835,4.224065606946768,0.9879555591908558,-1.1426728449455665,-5.8538638934977145,1.8644619688100594,-4.027823301199375,-3.6781494243739647,1.1713296039729846,-6.469053006703981
HOF ITEM
23.401798953637687
-6.540334744920073,1.5531860441552687,0.29315699190378336,-4.390284373420003,4.80709618300002,4.968898526439835,3.8205062234218308,0.9879555591908558,-0.7478059800524934,-5.8538638934977145,1.8644619688100594,-4.027823301199375,-3.6781494243739647,1.1713296039729846,-6.469053006703981
HOF ITEM
23.40179895363846
-6.540334744920073,1.5531860441552687,0.29315699190378336,-4.390284373420003,4.80709618300002,4.968898526439835,3.8205062234218308,0.9879555591908558,-1.1426728449455665,-5.8538638934977145,1.8644619688100594,-4.027823301199375,-3.6781494243739647,1.1713296039729846,-6.469053006703981
HOF ITEM
23.401798953672365
-6.540334744920073,1.5531860441552687,0.29315699190378336,-4.390284373420003,4.80709618300002,4.968898526439835,3.8205062234218308,0.8674081230321964,-0.7478059800524934,-5.8538638934977145,1.8644619688100594,-4.027823301199375,-3.6781494243739647,1.1713296039729846,-6.469053006703981
seed 803
Initial fitness values: [np.float64(29.62797978395557), np.float64(28.021728459693396), np.float64(28.021728459693396), np.float64(27.98967066759904), np.float64(27.748575774194354), np.float64(27.713312709156508), np.float64(27.713312709156508), np.float64(27.712844022981148), np.float64(27.712764199650984), np.float64(27.712505222631197)]
Final fitness values: [np.float64(27.711987451456245), np.float64(27.711987451456245), np.float64(27.711987451456245), np.float64(27.711987451456245), np.float64(27.711987451456245), np.float64(27.711987451456245), np.float64(27.711987451456245), np.float64(27.711987451456245), np.float64(27.711987451456245), np.float64(27.71198667182816)]
HOF ITEM
27.71198667182816
-3.685297466858553,-0.9259166703041327,6.766371432540802,-2.2449238967118017,4.1256215787837505,0.4074387611316451,3.394583773895253,0.0,3.857450856062608,-6.959710312620175,2.602712643376722,-3.191176452047168,-5.651752774972616,2.9074287824434575,1.1955397557525478
HOF ITEM
27.711987260560765
-3.685297466858553,-0.6562782775618576,6.766371432540802,-2.2449238967118017,4.1256215787837505,0.4074387611316451,3.394583773895253,0.0,3.873124747407879,-6.8554654782336035,2.584023266331862,-3.191176452047168,-5.51571129770217,3.0,1.310630706716283
HOF ITEM
27.711987451456245
-3.685297466858553,-0.9259166703041327,6.766371432540802,-2.2449238967118017,4.1256215787837505,0.4074387611316451,3.394583773895253,0.0,3.873124747407879,-7.0,2.584023266331862,-3.191176452047168,-5.51571129770217,2.9074287824434575,1.1955397557525478
HOF ITEM
27.711987451456245
-3.685297466858553,-0.9259166703041327,6.766371432540802,-2.2449238967118017,4.1256215787837505,0.4074387611316451,3.394583773895253,0.0,3.873124747407879,-6.961030359338642,2.584023266331862,-3.191176452047168,-5.51571129770217,3.0,1.1955397557525478
HOF ITEM
27.711987451456245
-3.685297466858553,-0.9259166703041327,6.766371432540802,-2.2449238967118017,4.1256215787837505,0.4074387611316451,3.394583773895253,0.0,3.873124747407879,-7.0,2.584023266331862,-3.191176452047168,-5.51571129770217,3.0,1.1955397557525478
seed 804
Initial fitness values: [np.float64(30.154978819838835), np.float64(27.900166168767072), np.float64(27.754184311743153), np.float64(26.98813233268739), np.float64(26.75011848129569), np.float64(26.245708490734163), np.float64(25.778621878804564), np.float64(25.157197874189055), np.float64(24.89529421946488), np.float64(24.516945462543738)]
Final fitness values: [np.float64(23.46208712577092), np.float64(23.46208712577092), np.float64(23.454658440176292), np.float64(23.454658440176292), np.float64(23.454658440176292), np.float64(23.434519490770157), np.float64(23.43436534204441), np.float64(23.43436534204441), np.float64(23.43148483331583), np.float64(23.43148483331583)]
HOF ITEM
23.43148483331583
-5.982753352044154,1.5978267256150547,-0.09940407973735278,-2.906074566563485,4.266039061144713,5.288636513190914,-0.205298504381896,2.850249953360926,5.557072232398211,-5.194660707666787,1.9779079539745674,-3.8309892396616245,1.603063699424288,3.0,-0.7792679346667907
HOF ITEM
23.432531035479986
-5.982753352044154,1.5978267256150547,-0.09601248518312344,-3.0173000395985765,4.266039061144713,5.349695864981402,-0.205298504381896,2.7109740268652747,5.557072232398211,-5.194660707666787,1.9779079539745674,-3.8309892396616245,1.6074717086816528,3.0,-0.971901273588861
HOF ITEM
23.433070042338855
-5.982753352044154,1.5978267256150547,-0.09940407973735278,-2.996394050244362,4.266039061144713,5.67193699197676,-0.21795260929769256,2.42377304988899,5.557072232398211,-5.194660707666787,1.9779079539745674,-3.8309892396616245,1.603063699424288,2.603668838348044,-0.4181730328618371
HOF ITEM
23.433606819464977
-5.982753352044154,1.5978267256150547,-0.09940407973735278,-3.0173000395985765,4.266039061144713,5.719872803805095,-0.205298504381896,2.850249953360926,5.557072232398211,-5.194660707666787,1.9779079539745674,-3.8309892396616245,1.603063699424288,3.0,-0.7792679346667907
HOF ITEM
23.433606819464977
-5.982753352044154,1.5978267256150547,-0.09940407973735278,-3.0173000395985765,4.266039061144713,5.719872803805095,-0.205298504381896,2.850249953360926,5.557072232398211,-5.194660707666787,1.9779079539745674,-3.8309892396616245,1.603063699424288,3.0,-0.7272404393793037
seed 805
Initial fitness values: [np.float64(31.252380700619536), np.float64(28.29085809244765), np.float64(28.29084508486544), np.float64(27.515303700023765), np.float64(27.409994844224382), np.float64(26.61636451452657), np.float64(26.207991805502736), np.float64(26.207991805502736), np.float64(26.013106170308752), np.float64(26.013106170308752)]
Final fitness values: [np.float64(25.612242566680493), np.float64(25.612242566680493), np.float64(25.612242566680493), np.float64(25.612242566680493), np.float64(25.612242566680493), np.float64(25.612242566680493), np.float64(25.612242566680493), np.float64(25.612242566680493), np.float64(25.612242566680493), np.float64(25.612242566680493)]
HOF ITEM
25.612242566680493
0.1707445112129251,-1.8199400748392187,-1.4723005522164945,-2.738404825720323,-4.318983433726063,-4.129542529187421,0.6797569197091777,1.8921414263008645,1.8880697302431282,6.747087215281462,0.6081824118982325,-2.8845201960757234,1.5383994592559318,0.30885321539605026,0.871036819944308
HOF ITEM
25.612245703814157
0.1707445112129251,-1.8199400748392187,-1.4723005522164945,-2.738404825720323,-4.318983433726063,-4.129542529187421,0.6797569197091777,1.8921414263008645,1.8880697302431282,6.747087215281462,0.6081824118982325,-3.2838577327841816,1.5383994592559318,0.30885321539605026,0.871036819944308
HOF ITEM
25.61232331784114
0.1707445112129251,-1.8199400748392187,-1.4723005522164945,-2.738404825720323,-4.318983433726063,-4.129542529187421,0.6797569197091777,1.8921414263008645,1.8880697302431282,6.747087215281462,0.7068781290008046,-2.9781979429555716,1.5383994592559318,0.30885321539605026,0.871036819944308
HOF ITEM
25.612445418734183
0.1707445112129251,-1.8199400748392187,-1.4723005522164945,-2.738404825720323,-4.318983433726063,-4.129542529187421,0.6797569197091777,1.8921414263008645,1.8880697302431282,7.0,0.4785127316944238,-2.8845201960757234,1.5383994592559318,0.30885321539605026,0.871036819944308
HOF ITEM
25.61248411067185
0.1707445112129251,-1.8199400748392187,-1.4723005522164945,-2.738404825720323,-4.318983433726063,-4.129542529187421,0.6797569197091777,1.8921414263008645,1.8880697302431282,6.93736858779116,0.4785127316944238,-2.8845201960757234,1.5383994592559318,0.30885321539605026,0.871036819944308
seed 806
Initial fitness values: [np.float64(28.800089072748605), np.float64(28.718464427022596), np.float64(26.999954539391418), np.float64(26.60324466426789), np.float64(26.474981380128643), np.float64(26.474981380128643), np.float64(26.23579201661473), np.float64(25.977601427178385), np.float64(26.020382300261634), np.float64(25.949748267472195)]
Final fitness values: [np.float64(25.733816333977238), np.float64(25.733816333977238), np.float64(25.733816333977238), np.float64(25.733816333977238), np.float64(25.73381572894007), np.float64(25.73381572894007), np.float64(25.73381572894007), np.float64(25.733814578092716), np.float64(25.733814578092716), np.float64(25.733814536233805)]
HOF ITEM
25.733814536233805
3.9036372403814896,-2.649084378172362,-0.4423138808756431,-2.8039901541195906,4.4356685069867625,-6.810857923403505,-0.9827628436442779,2.5464744679254183,6.203402389775432,6.693646088943619,3.0,6.371561701544676,1.2466584911128256,2.1036073504353614,-0.46194847196931654
HOF ITEM
25.733814578092716
3.9036372403814896,-2.705375541948213,-0.4423138808756431,-2.8039901541195906,4.4356685069867625,-6.810857923403505,-0.9827628436442779,2.46805948638753,6.203402389775432,6.693646088943619,2.91664007992526,6.371561701544676,1.2466584911128256,2.1036073504353614,-0.46194847196931654
HOF ITEM
25.733814578092716
3.9036372403814896,-2.6672182015116466,-0.4423138808756431,-2.8039901541195906,4.4356685069867625,-6.810857923403505,-0.9827628436442779,2.46805948638753,6.203402389775432,6.693646088943619,3.0,6.371561701544676,1.2466584911128256,2.1036073504353614,-0.46194847196931654
HOF ITEM
25.733814578092716
3.9036372403814896,-2.6672182015116466,-0.4423138808756431,-2.8039901541195906,4.4356685069867625,-6.810857923403505,-0.9827628436442779,2.46805948638753,6.203402389775432,6.999198167061612,2.923071691747841,6.371561701544676,1.2466584911128256,2.1036073504353614,-0.46194847196931654
HOF ITEM
25.733815674196492
3.9036372403814896,-2.9386180026698288,-0.4423138808756431,-2.8039901541195906,4.4356685069867625,-6.810857923403505,-0.6889844458026454,2.5464744679254183,6.203402389775432,6.693646088943619,3.0,6.371561701544676,1.2466584911128256,2.1036073504353614,-0.46194847196931654
seed 807
Initial fitness values: [np.float64(33.08567127040536), np.float64(28.001751803301413), np.float64(28.001751803301413), np.float64(27.972334854620946), np.float64(27.81559796689263), np.float64(27.64937960817753), np.float64(27.359043165616097), np.float64(26.960749280037692), np.float64(26.806888576976913), np.float64(26.806888576976913)]
Final fitness values: [np.float64(26.00255575306967), np.float64(26.00255575306967), np.float64(26.002555746460768), np.float64(26.002555746460768), np.float64(26.002555737192154), np.float64(26.002555737192154), np.float64(26.00255573587913), np.float64(26.002555735879124), np.float64(26.002555735879124), np.float64(26.00255573587911)]
HOF ITEM
26.00255573587911
-6.088433042981279,-0.5871555263038871,1.9254961100681962,-6.719584867670753,-2.8821435770963375,-5.575282654747429,6.712583112347075,1.223584901658537,-6.522677204269605,-0.20111368804876562,1.5894816992955194,-3.3543715594440253,-4.841962603047122,1.932108704001405,-0.49656655649830994
HOF ITEM
26.002555735879124
-6.088433042981279,-0.747231285631097,1.9254961100681962,-6.719584867670753,-2.8821435770963375,-5.575282654747429,6.860633466356388,1.223584901658537,-6.522677204269605,-0.20111368804876562,1.5894816992955194,-3.3543715594440253,-4.841962603047122,1.932108704001405,-0.49656655649830994
HOF ITEM
26.002555735879124
-6.088433042981279,-0.747231285631097,1.9254961100681962,-6.719584867670753,-2.8821435770963375,-5.575282654747429,6.922284646308951,1.223584901658537,-6.522677204269605,-0.20111368804876562,1.5894816992955194,-3.3543715594440253,-4.841962603047122,1.932108704001405,-0.49656655649830994
HOF ITEM
26.00255573587913
-6.088433042981279,-1.3130874585958188,1.9254961100681962,-6.719584867670753,-2.8821435770963375,-5.575282654747429,6.922284646308951,1.223584901658537,-6.522677204269605,-0.20111368804876562,1.5894816992955194,-3.3543715594440253,-4.841962603047122,1.932108704001405,-0.49656655649830994
HOF ITEM
26.00255573587913
-6.088433042981279,-1.3470195810261085,1.9254961100681962,-6.719584867670753,-2.8821435770963375,-5.575282654747429,6.860633466356388,1.223584901658537,-6.522677204269605,-0.20111368804876562,1.5894816992955194,-3.3543715594440253,-4.841962603047122,1.932108704001405,-0.49656655649830994
seed 808
Initial fitness values: [np.float64(30.71025057362092), np.float64(29.791522932188936), np.float64(28.570161992358447), np.float64(27.683242965500938), np.float64(27.654177350201245), np.float64(27.65281015028611), np.float64(27.650909356448462), np.float64(27.633716598789835), np.float64(27.633716598789835), np.float64(27.62621214774368)]
Final fitness values: [np.float64(27.552569831642302), np.float64(27.549685467427118), np.float64(27.540091444456795), np.float64(27.540091444456795), np.float64(27.540091444456795), np.float64(27.540091444456795), np.float64(27.540091444456795), np.float64(27.540091444456795), np.float64(27.540091444456795), np.float64(27.539962948124987)]
HOF ITEM
27.539962948124987
6.860943686867326,-1.3308124019258534,-1.9237469395997968,1.4838646757198042,-2.2725747366095255,-0.921854837211012,4.243759523015228,0.8893541570685519,5.493273146114289,5.4429229568171795,1.8767836781602287,-2.7783796747202145,-6.170552516692534,1.816614024105887,1.2416133294428442
HOF ITEM
27.540091444456795
6.860943686867326,-1.3308124019258534,-1.9460461580749193,1.4838646757198042,-2.2725747366095255,-0.921854837211012,4.243759523015228,0.8893541570685519,5.493273146114289,5.7308805682877955,1.8767836781602287,-2.3540385723866564,-6.479252237724823,1.816614024105887,1.2416133294428442
HOF ITEM
27.540091444456795
6.860943686867326,-1.3308124019258534,-1.9460461580749193,1.4838646757198042,-2.2725747366095255,-0.921854837211012,4.243759523015228,0.8893541570685519,5.493273146114289,5.689068171891203,1.8767836781602287,-2.3540385723866564,-6.479252237724823,1.816614024105887,1.2416133294428442
HOF ITEM
27.540091444456795
6.860943686867326,-1.3308124019258534,-1.9460461580749193,1.4838646757198042,-2.2725747366095255,-0.921854837211012,4.243759523015228,0.8893541570685519,5.493273146114289,5.767653309429854,1.8767836781602287,-2.3540385723866564,-6.479252237724823,1.816614024105887,1.2416133294428442
HOF ITEM
27.540712242644833
6.860943686867326,-1.3308124019258534,-1.9460461580749193,1.4838646757198042,-2.2725747366095255,-1.1283259794639207,4.243759523015228,0.8893541570685519,5.493273146114289,5.867913589183251,1.796904893810328,-2.3540385723866564,-6.479252237724823,1.816614024105887,0.9784036390540044
seed 809
Initial fitness values: [np.float64(28.726242031855207), np.float64(28.726242031855207), np.float64(27.467721701120713), np.float64(27.467721701120713), np.float64(27.467721701120713), np.float64(26.287876434571853), np.float64(26.287876434571853), np.float64(26.28303496970247), np.float64(26.28303496970247), np.float64(26.28303496970247)]
Final fitness values: [np.float64(25.755520509230227), np.float64(25.743847667130094), np.float64(25.73972401216276), np.float64(25.712124853820875), np.float64(25.712124853820875), np.float64(25.712124853820875), np.float64(25.712124853820875), np.float64(25.712124853820875), np.float64(25.63652589305758), np.float64(25.63652589305758)]
HOF ITEM
25.63652589305758
-6.058321278938127,-4.0,-2.619578012696574,1.1860012664793613,4.9324277318080645,0.863205344148855,-4.7115845888997905,1.9261711420865695,5.602416044597148,-5.301573022327305,0.048025513717949754,2.4996609075893654,0.023541776687297483,0.12547194760168534,6.520866107028325
HOF ITEM
25.712124853820875
-6.058321278938127,-4.0,-2.619578012696574,1.334715598652297,4.924549355101944,0.6162858685763766,-4.7115845888997905,1.9261711420865695,5.602416044597148,-5.878181789686077,0.048025513717949754,2.4996609075893654,0.023541776687297483,0.42034933115029827,6.684318598093794
HOF ITEM
25.714530836372216
-6.058321278938127,-4.0,-2.619578012696574,1.334715598652297,4.924549355101944,0.6162858685763766,-4.7115845888997905,1.9261711420865695,5.602416044597148,-5.878181789686077,0.048025513717949754,2.4996609075893654,0.023541776687297483,0.42034933115029827,6.6132067224266
HOF ITEM
25.72940765015656
-6.058321278938127,-4.0,-2.619578012696574,1.2043842505309275,4.8133721324801995,0.8937299637754915,-4.7115845888997905,1.9261711420865695,5.602416044597148,-5.878181789686077,0.02736667169465962,2.4996609075893654,0.023541776687297483,0.42034933115029827,6.80042480600988
HOF ITEM
25.73141624920555
-6.058321278938127,-3.5400623568828773,-2.619578012696574,1.334715598652297,4.924549355101944,0.5642216603497077,-4.7115845888997905,1.9261711420865695,5.602416044597148,-5.956566897693355,0.0,2.4996609075893654,0.023541776687297483,0.42034933115029827,6.397795697654464
best parameter set
fitness 23.377796294195267 seed 802
-6.5574810404612744,1.5614823306413697,0.291018738896297,-4.390851229444561,4.808097127234905,4.967567538161293,3.8205062234218308,0.8674081230321964,-0.7478059800524934,-5.853152909991561,1.8903399538559191,-4.028867115039916,-3.6772205109448426,1.1709110483381802,-6.469096375439753
