seeds are [970 971 972 973 974 975 976 977 978 979]
seed 970
Initial fitness values: [np.float64(14.278966593958977), np.float64(13.791976770558355), np.float64(13.077078527823009), np.float64(12.819241986523943), np.float64(11.935207187277046), np.float64(11.928162381956096), np.float64(11.53225798703348), np.float64(11.48642566570791), np.float64(11.31370273347447), np.float64(10.908184707459897)]
Final fitness values: [np.float64(10.428947931199463), np.float64(10.428947931199463), np.float64(10.428947931199463), np.float64(10.42751691427188), np.float64(10.42751691427188), np.float64(10.411457375715552), np.float64(10.41128221592794), np.float64(10.408169093471997), np.float64(10.408169093471997), np.float64(10.382930750567574)]
HOF ITEM
10.382930750567574
5.254309862508019,-0.7967729539646672,6.0076071896203365,6.471409952984467,0.6301931922644596,-1.5784555509606963,5.379143860188784,2.757651349160178,-6.306329061348136,0.4768923463764108,2.9212979274636837,-2.3760527716757833,3.311475921929811,1.2625705514138135,3.79404149638738,1.2116850620593793,2.1744278600246902,-0.6548220112469392
HOF ITEM
10.408169093471997
5.254309862508019,-0.7967729539646672,6.0076071896203365,6.471409952984467,0.6439621051251743,-1.4883133548122414,5.379143860188784,2.895026433308036,-6.4859363352687005,0.4768923463764108,2.7854931852761022,-2.3760527716757833,3.311077723864447,1.468945344674036,3.9382897285655014,1.2421181073582521,2.4753129187901344,-0.6548220112469392
HOF ITEM
10.410092301538075
5.254309862508019,-0.7967729539646672,6.0076071896203365,6.471409952984467,0.7541275208993493,-1.4883133548122414,5.379143860188784,2.895026433308036,-6.4859363352687005,0.4768923463764108,2.7854931852761022,-2.3760527716757833,3.311077723864447,1.2625705514138135,3.940919123885675,1.2116850620593793,2.1744278600246902,-0.6548220112469392
HOF ITEM
10.41128221592794
5.254309862508019,-0.7967729539646672,6.0076071896203365,6.471409952984467,0.7541275208993493,-1.4883133548122414,5.379143860188784,2.757651349160178,-6.4859363352687005,0.4768923463764108,2.5734483919929763,-2.3760527716757833,3.231670462443636,1.2625705514138135,3.940919123885675,1.2116850620593793,2.1744278600246902,-0.6548220112469392
HOF ITEM
10.411457375715552
5.254309862508019,-0.7967729539646672,6.0076071896203365,6.471409952984467,0.7541275208993493,-1.4883133548122414,5.379143860188784,2.757651349160178,-6.4859363352687005,0.4768923463764108,2.5734483919929763,-2.3760527716757833,3.231670462443636,1.2625705514138135,4.0841265958053485,1.2116850620593793,2.1744278600246902,-0.6548220112469392
seed 971
Initial fitness values: [np.float64(14.145327424399511), np.float64(13.849884316737702), np.float64(13.687434670496636), np.float64(13.160466199687837), np.float64(13.012386281179655), np.float64(12.596935673164419), np.float64(12.596935673113553), np.float64(12.493012050843102), np.float64(12.486237353737632), np.float64(12.417387734411367)]
Final fitness values: [np.float64(12.36324638739507), np.float64(12.36324124510028), np.float64(12.36324124454037), np.float64(12.363241244380408), np.float64(12.36324124437987), np.float64(12.36324124437987), np.float64(12.36324124437987), np.float64(12.36324124437987), np.float64(12.36324124437987), np.float64(12.36324124437987)]
HOF ITEM
12.36324124437987
-6.071051712960896,-1.5723311360409828,3.6190339800496525,-1.8822780512694022,-6.055141367879781,6.226058083344506,-5.191249441674954,1.8627252435620618,-0.9083696904374059,-4.750578316541864,1.935965444073779,4.149161130781771,6.314603697896696,0.7385248051911744,1.1588343919863997,-6.614023230320503,1.8154045021542715,4.706546577556793
HOF ITEM
12.363241244380408
-6.071051712960896,-1.2288124919015404,3.6190339800496525,-1.8822780512694022,-6.055141367879781,6.226058083344506,-5.191249441674954,1.8627252435620618,-0.9083696904374059,-4.750578316541864,1.935965444073779,4.149161130781771,6.314603697896696,0.7385248051911744,1.1588343919863997,-6.614023230320503,1.8154045021542715,4.706546577556793
HOF ITEM
12.363241244444778
-6.071051712960896,-1.2288124919015404,3.6190339800496525,-1.8822780512694022,-6.055141367879781,6.226058083344506,-5.191249441674954,1.8627252435620618,-0.9083696904374059,-4.750578316541864,1.935965444073779,4.149161130781771,6.314603697896696,0.7385248051911744,1.0686146702264345,-6.614023230320503,1.8154045021542715,4.706546577556793
HOF ITEM
12.363241244489764
-6.071051712960896,-1.2288124919015404,3.6190339800496525,-1.8822780512694022,-6.055141367879781,6.226058083344506,-5.191249441674954,1.8627252435620618,-0.9083696904374059,-4.750578316541864,1.935965444073779,4.149161130781771,6.314603697896696,0.7496635135810199,1.1588343919863997,-6.614023230320503,1.8154045021542715,4.706546577556793
HOF ITEM
12.363241244540033
-6.071051712960896,-1.5723311360409828,3.6190339800496525,-1.8822780512694022,-6.055141367879781,6.226058083344506,-5.191249441674954,1.8627252435620618,-0.9083696904374059,-4.750578316541864,1.935965444073779,4.149161130781771,6.314603697896696,0.7496635135810199,1.0686146702264345,-6.614023230320503,1.8154045021542715,4.706546577556793
seed 972
Initial fitness values: [np.float64(14.067694124703797), np.float64(14.067694124703797), np.float64(13.890803225135285), np.float64(13.812950599093842), np.float64(13.409366463449603), np.float64(13.409366463449603), np.float64(13.409366463449603), np.float64(13.209271070377326), np.float64(13.114189482875274), np.float64(12.89718530862177)]
Final fitness values: [np.float64(10.913682920394084), np.float64(10.913682920394084), np.float64(10.913682920394084), np.float64(10.913682920394084), np.float64(10.913682920394084), np.float64(10.913682919955411), np.float64(10.913682919955411), np.float64(10.913682919955411), np.float64(10.913682919955411), np.float64(10.913682919955411)]
HOF ITEM
10.913682919955411
-3.3660486720857854,1.518978079164467,-4.557979575016965,3.4513532244217577,4.0082691632189285,-1.8204456067206205,4.501900999044204,3.0,-6.155402592921101,0.25833794212361777,2.533918711420092,1.3192848626750275,-2.1576613392184423,2.435886899964828,-0.9708290305605037,5.694109453482049,1.552204180813739,6.6605396311539184
HOF ITEM
10.913682919955411
-3.3660486720857854,1.518978079164467,-4.557979575016965,3.4513532244217577,4.0082691632189285,-1.8204456067206205,4.501900999044204,3.0,-6.013051493868387,0.25833794212361777,2.533918711420092,1.3192848626750275,-2.1576613392184423,2.435886899964828,-0.9708290305605037,5.694109453482049,1.552204180813739,6.6605396311539184
HOF ITEM
10.913682919955411
-3.3660486720857854,1.518978079164467,-4.557979575016965,3.4513532244217577,4.0082691632189285,-1.8204456067206205,4.501900999044204,2.5913363640991127,-6.155402592921101,0.25833794212361777,2.533918711420092,1.3192848626750275,-2.1576613392184423,2.435886899964828,-0.9708290305605037,5.694109453482049,1.552204180813739,6.6605396311539184
HOF ITEM
10.913682919955463
-3.3660486720857854,1.518978079164467,-4.557979575016965,3.4513532244217577,4.0082691632189285,-1.8204456067206205,4.501900999044204,2.5913363640991127,-6.155402592921101,0.25833794212361777,2.533918711420092,1.3192848626750275,-2.1576613392184423,2.435886899964828,-0.9708290305605037,5.543881843183241,1.552204180813739,6.6605396311539184
HOF ITEM
10.913682920394026
-3.3660486720857854,1.518978079164467,-4.557979575016965,3.4513532244217577,4.0082691632189285,-1.8204456067206205,4.501900999044204,3.0,-6.013051493868387,0.6251206347204028,2.533918711420092,1.3192848626750275,-2.1576613392184423,2.435886899964828,-0.9708290305605037,5.694109453482049,1.552204180813739,6.6605396311539184
seed 973
Initial fitness values: [np.float64(13.940108717881289), np.float64(13.865139328182062), np.float64(12.460720285722736), np.float64(12.390382326381244), np.float64(12.328293113380845), np.float64(11.673240985308619), np.float64(11.609791889347484), np.float64(11.520500459417805), np.float64(11.51399910803771), np.float64(11.460452719262001)]
Final fitness values: [np.float64(10.874034981909054), np.float64(10.865587292827714), np.float64(10.865587292827714), np.float64(10.864949023057765), np.float64(10.864949023057765), np.float64(10.855393373066647), np.float64(10.855393373066647), np.float64(10.849140814183913), np.float64(10.815400488058808), np.float64(10.81415532699355)]
HOF ITEM
10.81415532699355
6.06746917289571,-0.93461676027358,3.7662660503901257,-6.312989369149007,1.9492996717669007,3.9980974301958936,4.905232891710503,0.28407634900850176,5.384130534234104,-6.245292429409884,0.0,-4.026905297676446,1.3202265360123626,3.0,-0.6253100704691754,5.296117260752431,0.6905183964154535,-3.3902378530762247
HOF ITEM
10.815400488058808
6.06746917289571,-0.93461676027358,3.7662660503901257,-6.312989369149007,1.9492996717669007,3.9980974301958936,4.905232891710503,0.28407634900850176,5.384130534234104,-6.710679030371159,0.4496888651488094,-4.0654842279205505,1.3202265360123626,2.9991246885593825,-0.6253100704691754,5.296117260752431,0.6905183964154535,-3.3902378530762247
HOF ITEM
10.84561208073584
6.06746917289571,-0.93461676027358,4.296223330496024,-6.312989369149007,2.044700978530154,3.8502553742827113,4.934860499784045,0.28407634900850176,5.180876483657419,-6.710679030371159,0.0,-4.2155111672922905,1.3202265360123626,3.0,-0.5864684965697359,5.844484743738768,0.9425575275583951,-3.6769333034719223
HOF ITEM
10.849112027453735
6.06746917289571,-0.93461676027358,4.296223330496024,-6.4645765759910905,2.192506839906722,3.568596419567143,4.934860499784045,0.28407634900850176,4.972736424959021,-6.710679030371159,0.0,-4.026905297676446,1.3202265360123626,2.9991246885593825,-0.6253100704691754,5.474603764762273,0.9425575275583951,-3.6769333034719223
HOF ITEM
10.849140814183913
6.06746917289571,-0.93461676027358,4.296223330496024,-6.4645765759910905,2.192506839906722,3.568596419567143,4.934860499784045,0.28407634900850176,4.972736424959021,-6.710679030371159,0.0,-4.026905297676446,1.3202265360123626,2.9991246885593825,-0.6253100704691754,5.474603764762273,1.082688404347278,-3.5520281468826886
seed 974
Initial fitness values: [np.float64(14.570241573217993), np.float64(13.648756152296727), np.float64(13.508879094640529), np.float64(13.508879094640529), np.float64(13.428828464494462), np.float64(13.428828464494462), np.float64(13.132901042232785), np.float64(13.132901042232785), np.float64(13.132901042232785), np.float64(13.01203362636545)]
Final fitness values: [np.float64(10.682148449420943), np.float64(10.682148449420943), np.float64(10.682148449420943), np.float64(10.682148449420943), np.float64(10.682148449420943), np.float64(10.682148449420943), np.float64(10.682148449420943), np.float64(10.674480526891696), np.float64(10.674480526891696), np.float64(10.674480526891678)]
HOF ITEM
10.674480526891678
-4.450482344129208,1.52008038707499,-0.7062048798206774,6.531387335115696,6.786574227506948,-3.2929484178958446,-3.1354407031527365,2.3806195791535583,-0.8444259358453483,4.831283230836298,2.3404065853352556,7.0,-6.430730562081123,2.3553860009070005,-1.5276441501130398,3.0022927453909625,0.4759119383512594,-5.507036976878542
HOF ITEM
10.674480526891696
-4.450482344129208,1.52008038707499,-0.7062048798206774,6.531387335115696,6.786574227506948,-3.2929484178958446,-3.1354407031527365,2.3806195791535583,-0.8444259358453483,4.831283230836298,2.3404065853352556,7.0,-6.302697320505724,2.3553860009070005,-1.5276441501130398,3.0022927453909625,0.4759119383512594,-5.507036976878542
HOF ITEM
10.674480610506636
-4.450482344129208,1.52008038707499,-0.7062048798206774,6.531387335115696,6.786574227506948,-3.2929484178958446,-3.1354407031527365,2.3806195791535583,-0.8444259358453483,4.831283230836298,2.3404065853352556,7.0,-6.302697320505724,2.3553860009070005,-1.5276441501130398,3.0022927453909625,0.4759119383512594,-5.219943637951724
HOF ITEM
10.682148449420943
-4.450482344129208,1.52008038707499,-0.6175666628846748,6.755361706550844,6.786574227506948,-3.1865651936490336,-3.1354407031527365,2.2536419484148755,-0.7574515195207752,4.86332835903301,2.3404065853352556,7.0,-6.302697320505724,2.3553860009070005,-1.4236390915740258,3.370431995737426,0.4759119383512594,-5.219943637951724
HOF ITEM
10.682148449420943
-4.450482344129208,1.52008038707499,-0.6175666628846748,6.755361706550844,6.786574227506948,-3.1865651936490336,-3.1354407031527365,2.2536419484148755,-0.7574515195207752,4.86332835903301,2.3404065853352556,7.0,-6.430730562081123,2.3553860009070005,-1.4236390915740258,3.370431995737426,0.4759119383512594,-5.219943637951724
seed 975
Initial fitness values: [np.float64(13.948553237625756), np.float64(13.948549820967742), np.float64(13.320941421771334), np.float64(13.320941421771334), np.float64(13.111691565062964), np.float64(13.086316004210987), np.float64(12.910124993768653), np.float64(12.883370754034864), np.float64(12.730330908072446), np.float64(12.730330908072446)]
Final fitness values: [np.float64(11.351600307282506), np.float64(11.351600307282506), np.float64(11.351600307282506), np.float64(11.337682141492744), np.float64(11.337682141492744), np.float64(11.337682136430548), np.float64(11.337682136430548), np.float64(11.337682136430548), np.float64(11.337682136430548), np.float64(11.337682136430548)]
HOF ITEM
11.337682136430548
4.257848249488823,-1.0631837227979513,1.5010439602505654,-1.3904796360729774,5.484998283765198,0.4104419861339571,-1.1155426222970144,2.7321214176612028,3.520820154444938,-4.968953220226316,2.507217718457908,4.072050601432123,2.2116128434048443,2.3267287172760165,-6.957114951763627,1.5737017266589857,0.0,-4.104605203356967
HOF ITEM
11.337682141492744
4.257848249488823,-1.0631837227979513,1.5010439602505654,-1.3904796360729774,5.484998283765198,0.4104419861339571,-1.1155426222970144,2.7321214176612028,3.520820154444938,-4.968953220226316,2.507217718457908,4.072050601432123,2.2116128434048443,2.3267287172760165,-6.993614139436707,1.5737017266589857,0.0,-4.104605203356967
HOF ITEM
11.339024692105145
4.257848249488823,-1.0631837227979513,1.5010439602505654,-1.3904796360729774,5.59010752450988,0.4104419861339571,-1.1155426222970144,2.7321214176612028,3.520820154444938,-4.968953220226316,2.507217718457908,4.072050601432123,2.2116128434048443,2.3267287172760165,-6.957114951763627,1.5737017266589857,0.0,-4.104605203356967
HOF ITEM
11.339024696663682
4.257848249488823,-1.0631837227979513,1.5010439602505654,-1.3904796360729774,5.59010752450988,0.4104419861339571,-1.1155426222970144,2.7321214176612028,3.520820154444938,-4.968953220226316,2.507217718457908,4.072050601432123,2.2116128434048443,2.3267287172760165,-6.993614139436707,1.5737017266589857,0.0,-4.104605203356967
HOF ITEM
11.35160030280013
4.257848249488823,-1.0631837227979513,1.5010439602505654,-1.602044016200182,5.59010752450988,0.4104419861339571,-1.1155426222970144,2.7321214176612028,3.520820154444938,-4.968953220226316,2.507217718457908,4.072050601432123,2.2116128434048443,2.3267287172760165,-6.957114951763627,1.5737017266589857,0.0,-4.104605203356967
seed 976
Initial fitness values: [np.float64(13.78879798324195), np.float64(13.788679064390415), np.float64(13.6265322173484), np.float64(13.49701567907183), np.float64(13.463347096423133), np.float64(13.413779912528165), np.float64(13.389007443138413), np.float64(13.389007443138413), np.float64(13.333821286446565), np.float64(13.285304609101468)]
Final fitness values: [np.float64(10.7278748195513), np.float64(10.7278748195513), np.float64(10.727857989068822), np.float64(10.727857105730262), np.float64(10.706373934897865), np.float64(10.696637395413154), np.float64(10.696637395413154), np.float64(10.678995302086447), np.float64(10.678995302086447), np.float64(10.67899517537888)]
HOF ITEM
10.67899517537888
-6.388877976590715,1.5675594743420398,-2.503882369629952,-2.9983173844796744,1.6416826958064001,6.294901915902036,1.8051421464908486,0.4781038557617665,-1.9702208528767942,1.1496267908931803,3.0,4.6620066018760475,-5.54551635712486,1.9156985938691038,-3.2237586092050234,-1.3536436641717158,0.6000787992394072,-1.736787628188611
HOF ITEM
10.678995302086447
-6.388877976590715,1.5675594743420398,-2.503882369629952,-2.9983173844796744,1.6416826958064001,6.294901915902036,1.8051421464908486,0.4781038557617665,-1.9702208528767942,1.1496267908931803,3.0,4.6620066018760475,-5.54551635712486,1.9156985938691038,-3.2237586092050234,-1.0682972349153321,0.6819909331681602,-1.396185856498249
HOF ITEM
10.691599100214377
-6.388877976590715,1.5675594743420398,-2.5121150599741418,-2.9983173844796744,1.6416826958064001,6.294901915902036,2.05245735152286,0.34219720345677723,-1.7828085496166106,1.1496267908931803,2.6248315707090297,4.6620066018760475,-5.54551635712486,1.9156985938691038,-3.2237586092050234,-0.8387811791532904,0.6819909331681602,-1.396185856498249
HOF ITEM
10.696624606815249
-6.388877976590715,1.5675594743420398,-2.5121150599741418,-2.9983173844796744,1.7195492969214654,6.070648413956887,1.8051421464908486,0.4781038557617665,-1.7828085496166106,1.1496267908931803,2.6248315707090297,4.6620066018760475,-5.54551635712486,1.9156985938691038,-3.3659245635790347,-1.0682972349153321,0.6819909331681602,-1.396185856498249
HOF ITEM
10.696633197123855
-6.388877976590715,1.5675594743420398,-2.5121150599741418,-2.9983173844796744,1.7195492969214654,6.070648413956887,1.8051421464908486,0.4781038557617665,-1.9702208528767942,1.3159032209904404,3.0,4.137521171727782,-5.54551635712486,1.9156985938691038,-3.3659245635790347,-1.0682972349153321,0.6819909331681602,-1.396185856498249
seed 977
Initial fitness values: [np.float64(13.863538930947303), np.float64(13.06875988398136), np.float64(12.580913271924656), np.float64(12.581253576291209), np.float64(12.545726736491755), np.float64(12.515684000094906), np.float64(12.136188261932594), np.float64(12.136188261932594), np.float64(11.998700125954638), np.float64(11.743205835721438)]
Final fitness values: [np.float64(10.137245571664682), np.float64(10.137245571664682), np.float64(10.137245571664682), np.float64(10.137245571664682), np.float64(10.137245571664682), np.float64(10.137245571664682), np.float64(10.109627115445628), np.float64(10.107679427797962), np.float64(10.101342978225116), np.float64(10.073857078739184)]
HOF ITEM
10.073857078739184
-3.5137225659807947,1.5578335272266692,-5.541661756546605,-6.210509011724837,-2.2910672192965804,2.2238063088248565,-2.263617249349145,2.6990333172060677,-0.4851370219961269,3.6198387048325267,0.0,6.049803708083131,-3.1332619346969377,2.1380592201522357,5.2666909687125,6.331382952746442,0.6547514726288798,-3.787482089602225
HOF ITEM
10.076396699538448
-3.5137225659807947,1.5578335272266692,-5.541661756546605,-6.210509011724837,-2.2910672192965804,2.2238063088248565,-2.263617249349145,2.6990333172060677,-0.4851370219961269,3.8021623803206483,0.0,6.049803708083131,-3.1332619346969377,2.1380592201522357,5.161984957651429,6.300442625556059,0.6547514726288798,-3.787482089602225
HOF ITEM
10.077338629102524
-3.5137225659807947,1.5578335272266692,-5.541661756546605,-6.210509011724837,-2.2910672192965804,2.2238063088248565,-2.263617249349145,2.6990333172060677,-0.4851370219961269,3.6198387048325267,0.0,5.600642303144857,-3.1332619346969377,2.192145758598556,5.165061784873335,6.331382952746442,0.6547514726288798,-3.787482089602225
HOF ITEM
10.077587721193526
-3.5137225659807947,1.5578335272266692,-5.541661756546605,-6.486271163026226,-2.375347918558015,1.7747035667938305,-2.263617249349145,2.6990333172060677,-0.4851370219961269,3.6198387048325267,0.0,6.049803708083131,-3.1332619346969377,2.1380592201522357,5.161984957651429,6.331382952746442,0.6547514726288798,-3.787482089602225
HOF ITEM
10.095520281410462
-3.5137225659807947,1.5578335272266692,-5.541661756546605,-6.210509011724837,-2.2910672192965804,2.2238063088248565,-2.263617249349145,2.6990333172060677,-0.4851370219961269,3.6198387048325267,0.0,5.431521600762109,-3.1332619346969377,2.1380592201522357,5.161984957651429,6.300442625556059,0.6547514726288798,-3.787482089602225
seed 978
Initial fitness values: [np.float64(14.508080523549223), np.float64(13.261342054395543), np.float64(13.261342054395543), np.float64(12.970411597312877), np.float64(12.627528421490657), np.float64(12.454309503666597), np.float64(12.047041975837436), np.float64(11.92998126867882), np.float64(11.818952156867969), np.float64(11.780154593579292)]
Final fitness values: [np.float64(11.20409399792339), np.float64(11.180790910520413), np.float64(11.164984623342603), np.float64(11.164984623342603), np.float64(11.164944208142618), np.float64(11.164944208142618), np.float64(11.157993282003066), np.float64(11.153391920220711), np.float64(11.153391920220711), np.float64(11.15167504450699)]
HOF ITEM
11.15167504450699
5.167033976323035,-0.7671425724068022,0.29812741245427504,-4.852151315250576,0.3344791958358084,-5.060847457742162,-2.596022785682557,1.5061464921782166,3.8577450677984833,-2.7405220519786755,1.5970170141636315,5.835477082255206,0.9065624833962223,2.4381100755850396,-4.818356460903552,3.5549048243548107,1.0731451374022702,-1.822454578987767
HOF ITEM
11.153391920220711
5.167033976323035,-0.7671425724068022,0.29812741245427504,-4.852151315250576,0.3344791958358084,-5.060847457742162,-2.7644332398253573,1.5061464921782166,3.7965426747162607,-2.7405220519786755,1.5970170141636315,5.835477082255206,0.9065624833962223,2.4381100755850396,-4.818356460903552,3.5549048243548107,1.0731451374022702,-1.822454578987767
HOF ITEM
11.153498388371307
5.167033976323035,-0.7671425724068022,0.29812741245427504,-4.852151315250576,0.3344791958358084,-5.060847457742162,-2.7644332398253573,1.5061464921782166,3.7965426747162607,-2.4409692618783314,1.8181259295994,5.835477082255206,0.9065624833962223,2.4381100755850396,-4.818356460903552,3.5549048243548107,1.0731451374022702,-1.822454578987767
HOF ITEM
11.154064316484044
5.167033976323035,-0.7671425724068022,0.29812741245427504,-4.852151315250576,0.3344791958358084,-5.060847457742162,-2.596022785682557,1.5061464921782166,3.8577450677984833,-2.7405220519786755,1.5970170141636315,5.835477082255206,0.9065624833962223,2.4414107769340316,-4.818356460903552,3.5549048243548107,1.0731451374022702,-1.822454578987767
HOF ITEM
11.154250119297007
5.167033976323035,-0.7671425724068022,0.29812741245427504,-4.852151315250576,0.3344791958358084,-5.060847457742162,-2.596022785682557,1.5061464921782166,3.8577450677984833,-2.4409692618783314,1.8181259295994,5.835477082255206,0.9065624833962223,2.4414107769340316,-4.818356460903552,3.5549048243548107,1.0731451374022702,-1.822454578987767
seed 979
Initial fitness values: [np.float64(15.048938687715125), np.float64(14.415961724729597), np.float64(13.03168853993357), np.float64(13.02829057312212), np.float64(12.743635972739936), np.float64(12.34314583452847), np.float64(11.911029534379853), np.float64(11.711124359897196), np.float64(11.5729922537865), np.float64(11.267316178584858)]
Final fitness values: [np.float64(11.05825293552855), np.float64(11.021816032966475), np.float64(11.021816032966475), np.float64(11.020974076556955), np.float64(11.020974076556955), np.float64(11.006677340306611), np.float64(11.006172649133537), np.float64(11.005862300506303), np.float64(10.976021713038833), np.float64(10.966648328642533)]
HOF ITEM
10.966648328642533
4.580794627214114,-0.6228019430520683,-3.7233655755314374,-4.7744560564312,3.6944187503744117,3.875081191630257,1.3206820101065722,2.970880920331653,-0.4500517735005558,4.567694261858353,2.8911944614468705,1.1770800984229701,4.752452608983063,2.216690051302026,-1.9542478758933208,2.224135491140588,1.4294816360985758,-3.327245914535769
HOF ITEM
10.976021713038833
4.565845236497462,-0.616717227832535,-3.3871778314857695,-4.7744560564312,3.501301734156157,3.875081191630257,1.3206820101065722,2.970880920331653,-0.4500517735005558,4.649313780398758,2.9507727748205683,1.0247350910045148,4.752452608983063,2.75771729409646,-2.021745690915847,2.471182452756019,1.4294816360985758,-2.8568603927203737
HOF ITEM
10.996881359608437
4.565845236497462,-0.616717227832535,-3.3871778314857695,-4.7744560564312,3.2435889844577326,3.875081191630257,1.3206820101065722,2.970880920331653,-0.4531402517047152,4.649313780398758,2.9507727748205683,1.1268717274744162,4.4302095065861415,2.75771729409646,-2.021745690915847,2.2945449821797026,1.4294816360985758,-2.8568603927203737
HOF ITEM
11.00555115106924
4.565845236497462,-0.6228019430520683,-2.8760339713092526,-5.399005980669842,3.7897977470985773,3.631351486208378,1.3206820101065722,2.970880920331653,-0.4500517735005558,4.543031824512685,2.568580137005557,0.7782013777050669,4.865927309026414,1.7901434771043416,-1.8964513282151634,2.224135491140588,1.4294816360985758,-3.076676187080732
HOF ITEM
11.00570498998383
4.565845236497462,-0.6228019430520683,-3.1175977173454976,-5.59690247658019,3.7371352631833155,3.6262621118175185,1.3206820101065722,2.970880920331653,-0.4500517735005558,4.424028059879181,2.916813416901954,1.0640212110811351,4.976469484377456,1.9224435306142358,-2.575460732097073,2.0369222075613975,1.1816864602269894,-2.8103699935188375
best parameter set
fitness 9.751171733713342 seed 977
-3.5369208385469633,1.590443510916373,-5.541360396879012,-6.208678731349703,-2.293203858237958,2.2238111368838602,-2.262747443688592,2.6959761066027554,-0.5095826418039129,3.6181726063782005,0.0,6.0514738450055265,-3.1033551622996063,2.1600045625405175,5.263218525393975,6.3313827391639474,0.6547514715354191,-3.7874821360452384
