seeds are [870 871 872 873 874 875 876 877 878 879]
seed 870
Initial fitness values: [np.float64(28.845748650577814), np.float64(28.563522002931762), np.float64(28.29268720566252), np.float64(28.14112209822948), np.float64(27.651945821695527), np.float64(27.497660580486507), np.float64(27.302516164817728), np.float64(27.203384726842174), np.float64(27.16494086449196), np.float64(26.98442339342258)]
Final fitness values: [np.float64(25.00203428143455), np.float64(25.00203428143455), np.float64(25.00202517822283), np.float64(25.002025177825125), np.float64(25.002021823003115), np.float64(25.00201999815174), np.float64(25.00201999815174), np.float64(25.00201999815174), np.float64(25.00201999815174), np.float64(25.00201999815174)]
HOF ITEM
25.00201999815174
6.700977729290315,-1.3587790634316674,4.618434772221056,3.5400555495785424,-6.296825084467393,1.2528004994511504,-1.0625844803794748,2.957406549338615,-1.9553446745476128,1.5642856382130201,0.26694573472762023,-2.1110904447909364,-3.2888433915743516,2.504413461970972,1.8222361467857044
HOF ITEM
25.002021821614463
6.700977729290315,-1.3587790634316674,4.618434772221056,3.5400555495785424,-6.296825084467393,1.290008796820743,-1.0625844803794748,2.957406549338615,-1.9553446745476128,1.5642856382130201,0.26694573472762023,-2.1110904447909364,-3.2888433915743516,2.504413461970972,1.8222361467857044
HOF ITEM
25.00202182204202
6.700977729290315,-1.3587790634316674,4.618434772221056,3.5400555495785424,-6.296825084467393,1.290008796820743,-1.0625844803794748,2.957406549338615,-1.9553446745476128,1.5642856382130201,0.26694573472762023,-2.1110904447909364,-3.30965683188693,2.504413461970972,1.8222361467857044
HOF ITEM
25.002021823003115
6.700977729290315,-1.3587790634316674,4.618434772221056,3.5400555495785424,-6.296825084467393,1.290008796820743,-1.0625844803794748,2.957406549338615,-1.9553446745476128,1.5642856382130201,0.26694573472762023,-2.1110904447909364,-3.395922255996283,2.504413461970972,1.8222361467857044
HOF ITEM
25.002025177825125
6.700977729290315,-1.3587790634316674,4.618434772221056,3.5400555495785424,-6.296825084467393,1.362336634910552,-1.0625844803794748,2.957406549338615,-1.9553446745476128,1.5642856382130201,0.26694573472762023,-2.1110904447909364,-3.2888433915743516,2.504413461970972,1.8222361467857044
seed 871
Initial fitness values: [np.float64(28.410932983104992), np.float64(28.3780992455919), np.float64(27.961229382794713), np.float64(27.16176518271418), np.float64(27.119203144956725), np.float64(26.899075578503485), np.float64(26.899075578503485), np.float64(26.849391262982333), np.float64(26.79025114102083), np.float64(26.60639160905691)]
Final fitness values: [np.float64(25.049456344550183), np.float64(25.049456344550183), np.float64(25.049456344550183), np.float64(25.049456344550183), np.float64(25.049456344550183), np.float64(25.049456344550183), np.float64(25.049456344550183), np.float64(25.049456344550183), np.float64(25.049456344550183), np.float64(25.049456344550183)]
HOF ITEM
25.049456344550183
-1.7302524205766605,-0.7983238730899168,0.525683876278321,3.5443297776489024,5.924077015218556,6.880906768048088,-1.4531996353136374,0.09992590264136703,1.5032662068386828,-1.2302117134566042,1.3555256887614289,2.9286549585075647,-1.4895515755025444,1.9354016853595568,-6.048053971246044
HOF ITEM
25.06619867088774
-1.7302524205766605,-0.7983238730899168,0.525683876278321,3.5443297776489024,5.924077015218556,6.880906768048088,-1.4531996353136374,0.09992590264136703,1.5032662068386828,-1.2094096350714285,1.3555256887614289,2.9286549585075647,-1.4895515755025444,1.9354016853595568,-6.048053971246044
HOF ITEM
25.078060441866423
-1.7302524205766605,-0.7983238730899168,0.525683876278321,3.522243948653818,5.924077015218556,6.880906768048088,-1.4531996353136374,0.09992590264136703,1.5032662068386828,-1.2302117134566042,1.3555256887614289,2.9286549585075647,-1.4895515755025444,1.9354016853595568,-6.048053971246044
HOF ITEM
25.08457212894629
-1.7302524205766605,-0.7983238730899168,0.525683876278321,3.522243948653818,5.873431255505934,6.880906768048088,-1.4531996353136374,0.09992590264136703,1.2809088484946307,-1.2302117134566042,1.3555256887614289,2.646527538934041,-1.4895515755025444,1.9354016853595568,-6.048053971246044
HOF ITEM
25.091879878844754
-1.7302524205766605,-1.0523901744585424,0.525683876278321,3.5443297776489024,5.924077015218556,6.880906768048088,-1.4531996353136374,0.09992590264136703,1.5032662068386828,-1.2302117134566042,1.3555256887614289,2.9286549585075647,-1.4895515755025444,1.9354016853595568,-6.048053971246044
seed 872
Initial fitness values: [np.float64(27.13133258767425), np.float64(27.13133258767425), np.float64(27.091943360727317), np.float64(27.091943360727317), np.float64(26.71689099780668), np.float64(26.632948919416023), np.float64(26.39373738311493), np.float64(26.093394356447693), np.float64(25.96712745300146), np.float64(25.96712745300146)]
Final fitness values: [np.float64(23.406356579664898), np.float64(23.406356579664898), np.float64(23.406356579664898), np.float64(23.406356579664898), np.float64(23.406356579664898), np.float64(23.406356579664898), np.float64(23.406356579664898), np.float64(23.406356579664898), np.float64(23.406356579664898), np.float64(23.406356579664898)]
HOF ITEM
23.406356579664898
-6.645141355597931,1.5649528041596426,-3.728261572370615,-3.155961277494093,1.7024212595821469,-1.4387716144463654,2.9395020905564695,2.605685715351608,-3.197765751940345,-5.9503582258529475,1.8663799385195425,-4.0405325770049485,2.644518911599053,2.816251145470945,4.38580464328737
HOF ITEM
23.406356579664898
-6.645141355597931,1.5649528041596426,-3.728261572370615,-3.155961277494093,1.7024212595821469,-1.4387716144463654,2.9395020905564695,2.605685715351608,-3.197765751940345,-5.9503582258529475,1.8663799385195425,-4.0405325770049485,2.38075947746344,2.5426238774981695,4.38580464328737
HOF ITEM
23.406356579664898
-6.645141355597931,1.5649528041596426,-3.728261572370615,-3.155961277494093,1.7024212595821469,-1.4387716144463654,2.35973972601006,2.6503727319060175,-3.197765751940345,-5.9503582258529475,1.8663799385195425,-4.0405325770049485,2.38075947746344,2.816251145470945,4.38580464328737
HOF ITEM
23.406356579664898
-6.645141355597931,1.5649528041596426,-3.728261572370615,-3.155961277494093,1.7024212595821469,-1.4387716144463654,2.35973972601006,2.6503727319060175,-3.197765751940345,-5.9503582258529475,1.8663799385195425,-4.0405325770049485,2.38075947746344,2.816251145470945,4.184028149199399
HOF ITEM
23.406356579664898
-6.645141355597931,1.5649528041596426,-3.728261572370615,-3.155961277494093,1.7024212595821469,-1.4387716144463654,2.9395020905564695,2.605685715351608,-3.197765751940345,-5.9503582258529475,1.8663799385195425,-4.0405325770049485,2.644518911599053,2.5426238774981695,4.38580464328737
seed 873
Initial fitness values: [np.float64(28.64317694951956), np.float64(27.305832510633824), np.float64(27.305832510633824), np.float64(26.898581401569388), np.float64(26.898581401569388), np.float64(26.20907179601023), np.float64(26.20907179601023), np.float64(25.944718447358774), np.float64(25.944718447358774), np.float64(25.944718447358774)]
Final fitness values: [np.float64(25.76053092480614), np.float64(25.76053092480614), np.float64(25.76053092480614), np.float64(25.76053092480614), np.float64(25.76053092480614), np.float64(25.76053092480614), np.float64(25.76053092480614), np.float64(25.76053092480614), np.float64(25.76053092480614), np.float64(25.76053092480614)]
HOF ITEM
25.76053092480614
-1.6403353582567164,-2.9625622708575583,-5.027473626720158,0.9301532383451555,0.2325302154359086,-6.402099806398494,7.0,0.0,1.1111977314447268,-0.6285369364780956,2.13557183629694,-1.1045860903738616,1.9150514864993744,1.3545018404305866,2.1899634674544988
HOF ITEM
25.76053092480865
-1.6403353582567164,-3.0450228102765884,-5.027473626720158,0.9301532383451555,0.2325302154359086,-6.402099806398494,7.0,0.0,1.1111977314447268,-0.6285369364780956,2.13557183629694,-1.1045860903738616,1.9150514864993744,1.3545018404305866,2.1899634674544988
HOF ITEM
25.761153612427005
-1.6403353582567164,-2.9625622708575583,-5.027473626720158,0.9301532383451555,0.1833416239118313,-6.467452473161308,6.917541147172101,0.0,1.1111977314447268,-0.6285369364780956,2.13557183629694,-1.1045860903738616,2.007872497205147,1.3545018404305866,1.8470189448306749
HOF ITEM
25.76115361242972
-1.6403353582567164,-3.0450228102765884,-5.027473626720158,0.9301532383451555,0.1833416239118313,-6.467452473161308,6.917541147172101,0.0,1.1111977314447268,-0.6285369364780956,2.13557183629694,-1.1045860903738616,2.007872497205147,1.3545018404305866,1.8470189448306749
HOF ITEM
25.761275317690867
-1.6403353582567164,-3.0450228102765884,-5.027473626720158,0.9895401614173069,0.2325302154359086,-6.467452473161308,7.0,0.0,1.1111977314447268,-0.6285369364780956,2.13557183629694,-1.1045860903738616,1.9150514864993744,1.2431488112986306,2.1899634674544988
seed 874
Initial fitness values: [np.float64(28.050871612152214), np.float64(27.684788155173802), np.float64(27.684788155173802), np.float64(26.805407269896076), np.float64(26.805407269896076), np.float64(26.78665826193967), np.float64(26.394492384117633), np.float64(26.00033386325406), np.float64(25.769941784646253), np.float64(25.358699965548677)]
Final fitness values: [np.float64(23.614556529275514), np.float64(23.614556529275514), np.float64(23.614556529275514), np.float64(23.610136478560893), np.float64(23.610136478560893), np.float64(23.603580312002617), np.float64(23.60285469186971), np.float64(23.60285469186971), np.float64(23.600420730067533), np.float64(23.600420730067533)]
HOF ITEM
23.600420730067533
-0.007747171343389592,1.0600396162518833,-2.6253183084330916,0.3331531841342635,-4.391597854646281,-5.131679681428063,3.4231670693596254,1.3940560759974976,3.9896085507652,5.101291922915959,1.9269506194566164,-3.2314228577609154,0.48073208385159427,2.5306653851224175,-1.9616189603059748
HOF ITEM
23.60285469186971
-0.007747171343389592,1.0600396162518833,-2.6253183084330916,0.33031087215395166,-4.391597854646281,-5.131679681428063,3.4231670693596254,1.3940560759974976,3.9896085507652,5.101291922915959,2.3688383062664378,-3.2314228577609154,0.48073208385159427,2.5306653851224175,-1.9616189603059748
HOF ITEM
23.60285469186971
-0.007747171343389592,1.0600396162518833,-2.6253183084330916,0.33031087215395166,-4.391597854646281,-5.131679681428063,3.4231670693596254,1.3940560759974976,3.9896085507652,5.101291922915959,1.9269506194566164,-3.2314228577609154,0.48073208385159427,2.5306653851224175,-1.9616189603059748
HOF ITEM
23.603580312002617
-0.007747171343389592,1.0600396162518833,-2.6253183084330916,0.3331531841342635,-4.391597854646281,-5.131679681428063,3.4231670693596254,1.3940560759974976,3.5812085401483547,5.101291922915959,1.9269506194566164,-3.2314228577609154,0.48073208385159427,2.5306653851224175,-1.9616189603059748
HOF ITEM
23.603580312002617
-0.007747171343389592,1.0600396162518833,-2.6253183084330916,0.3331531841342635,-4.391597854646281,-5.131679681428063,3.4231670693596254,1.3940560759974976,3.5812085401483547,5.101291922915959,2.3688383062664378,-3.2314228577609154,0.48073208385159427,2.5306653851224175,-1.9616189603059748
seed 875
Initial fitness values: [np.float64(29.665987521023638), np.float64(28.49281492713815), np.float64(27.290685339231157), np.float64(27.290685339231157), np.float64(27.290685339231157), np.float64(26.454799863647995), np.float64(25.975531391222265), np.float64(25.950908888811416), np.float64(24.612303930484018), np.float64(24.612303930484018)]
Final fitness values: [np.float64(23.242350780776658), np.float64(23.242350780776658), np.float64(23.242350780776658), np.float64(23.242278588541158), np.float64(23.242278588541158), np.float64(23.242278588541158), np.float64(23.2422723963197), np.float64(23.2422723963197), np.float64(23.2422723963197), np.float64(23.2422723963197)]
HOF ITEM
23.2422723963197
-3.1389970951776043,1.5725034025754623,1.3594083893605078,1.3791074056651043,0.40573248991331423,2.953679850794945,5.807920967173654,0.4428638250011264,-4.365557217047028,-1.8633299821720766,2.851700262760304,-0.5208366380469377,-1.4255302741331233,2.3207942206981804,-0.8885376840286056
HOF ITEM
23.242278588541158
-3.1389970951776043,1.5725034025754623,1.3594083893605078,1.3791074056651043,0.40573248991331423,2.953679850794945,5.859925958552344,0.4428638250011264,-4.365557217047028,-1.8633299821720766,2.851700262760304,-0.5208366380469377,-1.4255302741331233,2.3207942206981804,-0.8885376840286056
HOF ITEM
23.242350780776658
-3.1389970951776043,1.5725034025754623,1.3594083893605078,1.3791074056651043,0.40573248991331423,2.953679850794945,5.807920967173654,0.751799928411151,-4.365557217047028,-1.8633299821720766,2.851700262760304,-0.5208366380469377,-1.4255302741331233,2.3207942206981804,-0.8885376840286056
HOF ITEM
23.242350908184267
-3.1389970951776043,1.5725034025754623,1.3594083893605078,1.3791074056651043,0.40573248991331423,2.953679850794945,5.859925958552344,0.751799928411151,-4.365557217047028,-1.8633299821720766,2.851700262760304,-0.5208366380469377,-1.4255302741331233,2.3207942206981804,-0.8885376840286056
HOF ITEM
23.247095817122947
-3.1389970951776043,1.5725034025754623,1.1912967009049804,1.3791074056651043,0.40573248991331423,2.953679850794945,5.807920967173654,0.4428638250011264,-4.365557217047028,-1.8633299821720766,2.851700262760304,-0.5265023275507817,-1.4255302741331233,2.224923020868363,-0.8885376840286056
seed 876
Initial fitness values: [np.float64(27.839883071824612), np.float64(27.554831404130194), np.float64(27.36006027039801), np.float64(27.36006027039801), np.float64(27.36006027039801), np.float64(27.176115810180494), np.float64(26.816990400573804), np.float64(26.816990400573804), np.float64(26.802922582986266), np.float64(26.601574803174326)]
Final fitness values: [np.float64(22.41772177995153), np.float64(22.41772177995153), np.float64(22.41772177995153), np.float64(22.41772177995153), np.float64(22.41772177995153), np.float64(22.41772177995153), np.float64(22.41772177995153), np.float64(22.239100485853722), np.float64(22.239100485853722), np.float64(22.239100485853722)]
HOF ITEM
22.239100485853722
-1.6751754228578475,1.4966938392671114,1.4472479049023066,5.889182205562094,1.6827720290227597,-2.365048653316456,2.6481747779375753,2.1301528375169987,-0.7890536175244539,6.529070114523861,0.10795499213432058,6.272017991438968,-0.5748725845284373,2.7244104185035662,-1.0139577044978871
HOF ITEM
22.41772177995153
-1.6445415075597571,1.4966938392671114,1.4472479049023066,5.889182205562094,1.6827720290227597,-2.4618126578864215,2.6481747779375753,2.1301528375169987,-0.5931693074783315,6.529070114523861,0.10795499213432058,6.272017991438968,-0.5748725845284373,2.320882963268267,-1.0139577044978871
HOF ITEM
22.417721780142358
-1.6445415075597571,1.4966938392671114,1.4472479049023066,5.889182205562094,1.6827720290227597,-2.4618126578864215,2.9032930459145807,2.1301528375169987,-0.5931693074783315,6.529070114523861,0.10795499213432058,6.272017991438968,-0.5748725845284373,2.320882963268267,-1.0139577044978871
HOF ITEM
22.41772178014683
-1.6445415075597571,1.4966938392671114,1.4472479049023066,5.889182205562094,1.6827720290227597,-2.4618126578864215,2.940289047212272,2.1301528375169987,-0.6976208789813145,6.529070114523861,0.10795499213432058,6.272017991438968,-0.5748725845284373,2.320882963268267,-1.0139577044978871
HOF ITEM
22.417721780167568
-1.6445415075597571,1.4966938392671114,1.4472479049023066,5.889182205562094,1.6827720290227597,-2.4618126578864215,2.580696756863478,2.67450394285538,-0.5931693074783315,6.529070114523861,0.10795499213432058,6.272017991438968,-0.5748725845284373,2.320882963268267,-1.0139577044978871
seed 877
Initial fitness values: [np.float64(30.25053292777564), np.float64(28.335478926521663), np.float64(28.186433513635418), np.float64(27.063157670347213), np.float64(27.03968985400972), np.float64(26.947467489292954), np.float64(26.451216864301543), np.float64(26.33520624248296), np.float64(26.20558592552236), np.float64(26.20558592552236)]
Final fitness values: [np.float64(25.779575024521257), np.float64(25.779575024521257), np.float64(25.779575024521257), np.float64(25.779575024521257), np.float64(25.779575024521257), np.float64(25.779575024521257), np.float64(25.779575024521257), np.float64(25.779575024521257), np.float64(25.779575024521257), np.float64(25.779575024521257)]
HOF ITEM
25.779575024521257
-5.487479044256351,-2.1160357700838794,-6.465293991823264,-5.884627339827968,-5.435610493077943,-5.302583207936271,5.991528087009569,2.9564463231786453,2.3509225348484937,3.6783085234249384,1.7090370916637576,-4.693008302199923,-4.382260074794338,2.056828525358135,-1.6854461925998288
HOF ITEM
25.779575024521257
-5.487479044256351,-2.1160357700838794,-6.465293991823264,-5.884627339827968,-5.435610493077943,-5.302583207936271,5.8198402448153885,2.9612729022117668,2.41386683018901,3.6783085234249384,1.7090370916637576,-4.693008302199923,-4.382260074794338,2.056828525358135,-1.6854461925998288
HOF ITEM
25.779575024521257
-5.487479044256351,-2.727585532559488,-6.465293991823264,-5.884627339827968,-5.435610493077943,-5.302583207936271,5.6897649655187195,2.5512484767660437,2.41386683018901,3.5225513728635525,1.7090370916637576,-4.693008302199923,-4.382260074794338,2.056828525358135,-1.6854461925998288
HOF ITEM
25.779575024521257
-5.487479044256351,-2.0846423585027543,-6.465293991823264,-5.884627339827968,-5.435610493077943,-5.302583207936271,5.991528087009569,2.9564463231786453,2.3509225348484937,3.6783085234249384,1.7090370916637576,-4.693008302199923,-4.382260074794338,2.056828525358135,-1.6854461925998288
HOF ITEM
25.779575024521257
-5.487479044256351,-2.727585532559488,-6.465293991823264,-5.884627339827968,-5.435610493077943,-5.302583207936271,5.991528087009569,2.9564463231786453,2.3509225348484937,3.6783085234249384,1.7090370916637576,-4.693008302199923,-4.382260074794338,2.056828525358135,-1.6854461925998288
seed 878
Initial fitness values: [np.float64(30.31308003064497), np.float64(28.623023834615484), np.float64(28.46046130837769), np.float64(27.36833452111629), np.float64(26.66656350860566), np.float64(26.548004809595053), np.float64(26.40176859272472), np.float64(26.380582023690188), np.float64(26.17655346396401), np.float64(26.17655346396401)]
Final fitness values: [np.float64(25.821368096228188), np.float64(25.821368096228188), np.float64(25.821368096228188), np.float64(25.821368096228188), np.float64(25.821368096228188), np.float64(25.821368096228188), np.float64(25.821368096228188), np.float64(25.821368096228188), np.float64(25.821368096228188), np.float64(25.821368096228188)]
HOF ITEM
25.821368096228188
-3.550925396547992,-2.68239595885172,4.487379405801846,-6.384011667479523,5.865082932203643,-0.6460284612673838,-0.18745976961544708,0.0,-5.914234865142706,-2.9091682943753776,2.203500475710656,-5.949053078222507,1.1295977271979778,0.27414079043337114,-2.8196243655383033
HOF ITEM
25.821368096313495
-3.550925396547992,-2.7685838755519905,4.487379405801846,-6.384011667479523,5.865082932203643,-0.6460284612673838,-0.18745976961544708,0.0,-5.914234865142706,-2.9091682943753776,2.203500475710656,-5.949053078222507,1.1295977271979778,0.27414079043337114,-2.8196243655383033
HOF ITEM
25.821368098913762
-3.550925396547992,-2.68239595885172,4.487379405801846,-6.384011667479523,5.865082932203643,-0.6460284612673838,-0.18745976961544708,0.0,-5.776272656352966,-2.9091682943753776,2.203500475710656,-5.949053078222507,1.1295977271979778,0.27414079043337114,-2.8196243655383033
HOF ITEM
25.821369461301625
-3.550925396547992,-2.68239595885172,4.487379405801846,-6.384011667479523,5.865082932203643,-0.6460284612673838,-0.18745976961544708,0.15478404280373206,-5.914234865142706,-2.9091682943753776,2.203500475710656,-5.949053078222507,1.1295977271979778,0.27414079043337114,-2.8196243655383033
HOF ITEM
25.82137180425093
-3.550925396547992,-2.68239595885172,4.487379405801846,-6.27899859818996,5.865082932203643,-0.6460284612673838,-0.18745976961544708,0.0,-5.914234865142706,-2.9091682943753776,2.203500475710656,-5.949053078222507,1.1295977271979778,0.27414079043337114,-2.8196243655383033
seed 879
Initial fitness values: [np.float64(27.672277775136394), np.float64(27.431054554383312), np.float64(26.80400458928244), np.float64(26.44546476956504), np.float64(26.44546476956504), np.float64(26.215579090803722), np.float64(26.215579090803722), np.float64(26.20312005827033), np.float64(26.16792328504525), np.float64(25.893580565486815)]
Final fitness values: [np.float64(25.593607888906256), np.float64(25.593607888906256), np.float64(25.568954703471277), np.float64(25.568954703471277), np.float64(25.560211832650705), np.float64(25.560211832650705), np.float64(25.560211832650705), np.float64(25.462545061627722), np.float64(25.462545061627722), np.float64(25.46254506059216)]
HOF ITEM
25.46254506059216
-1.7112614194734044,-2.8655810274841382,-3.8918792418239745,2.304472894497644,4.982718626233734,0.6254016021445035,-2.128596072394347,3.0,-2.693762424415537,5.090851850125755,2.4449019238523824,-4.2878977150244895,-1.123982402172663,2.0836161002539404,-4.161257138979588
HOF ITEM
25.462545061627722
-1.7112614194734044,-2.8655810274841382,-3.8918792418239745,2.304472894497644,4.982718626233734,0.6254016021445035,-2.128596072394347,2.9864311497275233,-2.693762424415537,5.090851850125755,2.4449019238523824,-4.2878977150244895,-1.123982402172663,2.0836161002539404,-4.161257138979588
HOF ITEM
25.515076969062264
-1.7112614194734044,-2.8655810274841382,-3.8918792418239745,2.304472894497644,5.142669105245489,0.6254016021445035,-2.128596072394347,3.0,-3.2203704257141745,5.10992830335103,2.4449019238523824,-4.2878977150244895,-1.123982402172663,2.0836161002539404,-4.161257138979588
HOF ITEM
25.560211830674728
-1.7112614194734044,-2.8655810274841382,-3.8918792418239745,1.9722236831673077,5.142669105245489,0.6254016021445035,-2.233687946027468,3.0,-3.2203704257141745,5.238991821039078,1.945095141547561,-4.2878977150244895,-1.0846995517581621,2.0836161002539404,-4.1125604849389825
HOF ITEM
25.560211830674728
-1.7112614194734044,-2.8655810274841382,-3.8918792418239745,1.9722236831673077,5.142669105245489,0.6254016021445035,-2.233687946027468,3.0,-3.2203704257141745,5.238991821039078,2.0181319216493536,-4.2878977150244895,-1.0846995517581621,2.0836161002539404,-4.1125604849389825
best parameter set
fitness 22.093117442121184 seed 876
-1.6343204576348016,1.4587950644969552,1.4468736714519892,5.889552443391105,1.6823267923450596,-2.4599992502435697,2.9032930459145807,2.1301528375169987,-0.5931693074783315,6.524881460888752,0.10361437579714813,6.2750923070856235,-0.5866301580415519,2.323799053395282,-1.0116592364402572
