seeds are [870 871 872 873 874 875 876 877 878 879]
seed 870
Initial fitness values: [np.float64(12.6041832395339), np.float64(12.6041832395339), np.float64(12.6041832395339), np.float64(12.575781229652566), np.float64(11.836949562304795), np.float64(11.836949562304795), np.float64(11.836949562304795), np.float64(11.82197178852652), np.float64(11.82197178852652), np.float64(11.82195748991864)]
Final fitness values: [np.float64(9.929255630295152), np.float64(9.929255630295152), np.float64(9.929255630295152), np.float64(9.929255630295152), np.float64(9.929243003751607), np.float64(9.929243003751607), np.float64(9.929243003751607), np.float64(9.929242332604034), np.float64(9.928601431482058), np.float64(9.928590995795098)]
HOF ITEM
9.928590995795098
-3.707223967061269,1.7280258446076844,-3.9485944197004157,6.34158935909229,5.184968769994068,7.0,-3.261765035145427,0.8086244987627305,2.0112286294392825,-1.0740787545748152,0.21531881174968256,4.098776302203598,1.5902067935548168,0.7232912377984829,-1.153855074401176,-5.182411390669449,2.348245531939267,3.1989226954383936
HOF ITEM
9.928601431482058
-3.707223967061269,1.7280258446076844,-3.9485944197004157,6.34158935909229,5.184968769994068,6.724117538536017,-3.261765035145427,0.8086244987627305,2.0112286294392825,-1.0740787545748152,0.21531881174968256,4.098776302203598,1.5902067935548168,0.7232912377984829,-1.153855074401176,-5.182411390669449,2.348245531939267,3.1989226954383936
HOF ITEM
9.929242332604034
-3.707223967061269,1.7280258446076844,-3.9485944197004157,6.34158935909229,5.184968769994068,7.0,-3.261765035145427,0.8086244987627305,2.0112286294392825,-1.0740787545748152,0.21531881174968256,4.098776302203598,1.4535223223285318,0.9826998665255381,-1.108527256151093,-5.182411390669449,2.348245531939267,3.1989226954383936
HOF ITEM
9.929243003751607
-3.707223967061269,1.7280258446076844,-3.9485944197004157,6.34158935909229,5.184968769994068,7.0,-3.261765035145427,0.8086244987627305,2.0112286294392825,-1.0740787545748152,0.21531881174968256,4.098776302203598,1.4535223223285318,0.9826998665255381,-1.0806057567755725,-5.182411390669449,2.348245531939267,3.1989226954383936
HOF ITEM
9.929252768295065
-3.707223967061269,1.7280258446076844,-3.9485944197004157,6.34158935909229,5.184968769994068,6.724117538536017,-3.261765035145427,0.8086244987627305,2.0112286294392825,-1.0740787545748152,0.21531881174968256,4.098776302203598,1.4535223223285318,0.9826998665255381,-1.108527256151093,-5.182411390669449,2.348245531939267,3.1989226954383936
seed 871
Initial fitness values: [np.float64(14.332622454408064), np.float64(13.780607138287762), np.float64(13.37065582564627), np.float64(12.877032042282961), np.float64(12.877032042282961), np.float64(12.877032042282961), np.float64(12.801901822233406), np.float64(12.795366440606607), np.float64(12.142024784376826), np.float64(12.142024784376826)]
Final fitness values: [np.float64(10.642937700525907), np.float64(10.639918170113685), np.float64(10.629407256787966), np.float64(10.629407256787966), np.float64(10.626497400337692), np.float64(10.625896203461588), np.float64(10.625896203461588), np.float64(10.61527873779284), np.float64(10.61527873779284), np.float64(10.61527873779284)]
HOF ITEM
10.61527873779284
-5.8321330943336065,1.5778533060652336,0.6888620183464242,0.3606927432534365,-2.927800053176076,-1.5470859838721398,-4.639531730276275,2.0408546804388297,-1.019507423323911,4.800633964023634,0.12887274381968108,-0.4785378210501625,-1.7824218721906118,0.8043784060413387,2.2614141394287843,-1.7701647540196936,2.697487853671686,5.460698549369424
HOF ITEM
10.61527873779284
-5.8321330943336065,1.5778533060652336,0.6888620183464242,0.3606927432534365,-2.927800053176076,-1.5470859838721398,-4.639531730276275,2.0408546804388297,-1.019507423323911,4.800633964023634,0.12887274381968108,-0.4785378210501625,-1.7824218721906118,0.8043784060413387,2.2614141394287843,-1.6323246587911608,2.697487853671686,5.359866980324258
HOF ITEM
10.61527873779284
-5.8321330943336065,1.5778533060652336,0.6888620183464242,0.3606927432534365,-2.927800053176076,-1.5470859838721398,-4.639531730276275,2.0408546804388297,-1.019507423323911,4.800633964023634,0.12887274381968108,-0.4785378210501625,-1.7824218721906118,0.8043784060413387,2.2614141394287843,-1.7701647540196936,2.697487853671686,5.359866980324258
HOF ITEM
10.625886661418486
-5.8321330943336065,1.5778533060652336,0.8332825680200657,0.3606927432534365,-3.0003186365038976,-1.5470859838721398,-4.639531730276275,2.0408546804388297,-1.019507423323911,4.806339689862053,0.09845395272550317,-0.4785378210501625,-1.9248280803880076,1.042031139979446,1.8172528511485175,-1.6323246587911608,2.4367311347563976,5.460698549369424
HOF ITEM
10.625896203461588
-5.8321330943336065,1.5778533060652336,0.8332825680200657,0.3606927432534365,-3.0003186365038976,-1.5470859838721398,-4.639531730276275,2.0408546804388297,-1.019507423323911,4.800633964023634,0.12887274381968108,-0.4785378210501625,-1.9248280803880076,1.042031139979446,1.8172528511485175,-1.6323246587911608,2.4367311347563976,5.499632126085641
seed 872
Initial fitness values: [np.float64(13.601448223533943), np.float64(13.50476267076205), np.float64(13.50476267076205), np.float64(13.407761158177626), np.float64(13.274830464838562), np.float64(13.146338466547371), np.float64(13.01699816549151), np.float64(12.449729493245593), np.float64(12.44565698801977), np.float64(12.3858745552336)]
Final fitness values: [np.float64(10.59026416835942), np.float64(10.590001257039356), np.float64(10.589922437428346), np.float64(10.589922437428346), np.float64(10.58988937665408), np.float64(10.58988937665408), np.float64(10.588746824127632), np.float64(10.588734944849254), np.float64(10.588101504396052), np.float64(10.588101504396052)]
HOF ITEM
10.588101504396052
-4.247552336912031,1.5955656324888712,-7.0,-4.836022753250306,0.008212577564776252,6.354674012158544,-2.9651024126858934,2.4629178497347715,-0.4623794386642252,-3.557271656435155,0.0,1.0625249064411384,-5.310346296223107,0.7678967291600864,4.189763097056842,-2.1791610456201687,2.273592125185892,6.745602072506219
HOF ITEM
10.588302561613192
-4.247552336912031,1.5955656324888712,-7.0,-4.836022753250306,0.008212577564776252,6.2778982509566825,-2.9651024126858934,2.4629178497347715,-0.4623794386642252,-2.9680305772412794,0.0,1.3791845392172717,-5.168891595801886,0.4515227074308997,4.229122899126691,-2.0768353843181977,2.0867016262748823,6.745602072506219
HOF ITEM
10.588716481848351
-4.247552336912031,1.5955656324888712,-7.0,-4.836022753250306,0.008876502206859,5.955902729250512,-2.9651024126858934,2.4629178497347715,-0.4623794386642252,-3.039519402619983,0.0,1.238422748072582,-5.310346296223107,0.4515227074308997,4.229122899126691,-2.74797644877409,1.9726828522718054,6.745602072506219
HOF ITEM
10.58871769090506
-4.247552336912031,1.5955656324888712,-7.0,-4.836022753250306,0.008876502206859,6.50576209709715,-2.9651024126858934,2.4629178497347715,-0.4623794386642252,-2.90519476783099,0.009989472812856608,1.238422748072582,-5.310346296223107,0.4515227074308997,4.229122899126691,-2.0768353843181977,2.0867016262748823,6.745602072506219
HOF ITEM
10.588724236845811
-4.247552336912031,1.5955656324888712,-7.0,-4.836022753250306,0.008876502206859,6.50576209709715,-2.9651024126858934,2.4629178497347715,-0.4623794386642252,-3.039519402619983,0.0,1.238422748072582,-5.310346296223107,0.4515227074308997,4.229122899126691,-2.74797644877409,1.9726828522718054,7.0
seed 873
Initial fitness values: [np.float64(13.489938485211725), np.float64(13.489938485211725), np.float64(12.970185775236457), np.float64(12.9625445438948), np.float64(12.853230746241259), np.float64(12.545767610854394), np.float64(12.0937589196775), np.float64(12.0937589196775), np.float64(12.064464379262704), np.float64(11.942269152979227)]
Final fitness values: [np.float64(10.526868543634597), np.float64(10.526868543634597), np.float64(10.510836378717142), np.float64(10.510836378717142), np.float64(10.503917201920197), np.float64(10.503917201920197), np.float64(10.484665735709553), np.float64(10.459116475191541), np.float64(10.459116475191541), np.float64(10.459116475191541)]
HOF ITEM
10.459116475191541
3.7553822660350273,-0.4053957530260059,0.16125838753159236,2.2557172075486034,0.5865253717377172,-3.9148680355890244,-4.432392796620424,0.9175793903792431,4.506024835817978,0.1109148882717757,2.528512139803317,0.043892882737823054,-3.3237789234688266,2.0113584652996286,-2.1161156311254237,1.2805762150067772,2.6429055337543392,-0.5055463328478675
HOF ITEM
10.470533391311285
3.7553822660350273,-0.4053957530260059,0.13693649340161168,2.2557172075486034,0.8070312886984661,-4.137107114390583,-4.483656944877521,0.9342976413179575,5.0041346172314665,0.2071456034758316,2.528512139803317,-0.041545209699869884,-3.097132916743756,2.3530826797346145,-2.3812017706466593,1.2805762150067772,2.6429055337543392,-0.4689816896006012
HOF ITEM
10.476198049492885
3.7553822660350273,-0.4053957530260059,0.13693649340161168,2.2557172075486034,0.8070312886984661,-4.137107114390583,-4.432392796620424,0.9175793903792431,4.817340310921802,0.2071456034758316,2.528512139803317,0.09374563836013175,-3.097132916743756,2.3530826797346145,-2.3812017706466593,1.2805762150067772,2.6429055337543392,-0.4689816896006012
HOF ITEM
10.477486892309834
3.7553822660350273,-0.4053957530260059,0.13693649340161168,2.2557172075486034,0.8070312886984661,-4.137107114390583,-4.483656944877521,0.9342976413179575,5.0041346172314665,0.2071456034758316,2.528512139803317,0.09374563836013175,-3.097132916743756,2.414615134349157,-2.3812017706466593,1.2805762150067772,2.6429055337543392,-0.4689816896006012
HOF ITEM
10.482161817047173
3.7553822660350273,-0.4053957530260059,0.13693649340161168,2.2557172075486034,0.8070312886984661,-4.137107114390583,-4.432392796620424,0.9175793903792431,4.817340310921802,0.1109148882717757,2.3922577465061248,-0.041545209699869884,-3.01184236788933,2.414615134349157,-2.3812017706466593,1.2805762150067772,2.6429055337543392,-0.4689816896006012
seed 874
Initial fitness values: [np.float64(15.35218605541424), np.float64(14.1551858898335), np.float64(13.716944355240164), np.float64(13.708019415681862), np.float64(13.605961527351822), np.float64(13.57372566348291), np.float64(13.496363450564), np.float64(13.442470041716899), np.float64(13.390455090124409), np.float64(13.390435741692048)]
Final fitness values: [np.float64(11.076838301803694), np.float64(11.071317226689864), np.float64(11.069319515994584), np.float64(11.05940987221763), np.float64(11.058808571088804), np.float64(11.055108554744223), np.float64(11.05138751141068), np.float64(11.051004771607596), np.float64(11.051004771607596), np.float64(11.050789791582758)]
HOF ITEM
11.050789791582758
2.896518988895627,-0.14605694775413802,-0.5045169549976312,-4.26361029333299,3.7101767019304233,-6.046222124498228,4.0375141304604645,0.4392848819050392,-5.80121368377769,-5.484384888014941,2.7781127790159212,6.850695813901774,3.4497950982597607,2.106753814512387,0.2351481794418482,1.2321671546703659,2.409364402499852,-0.4552297889632784
HOF ITEM
11.051000275846603
2.896518988895627,-0.14605694775413802,-0.5045169549976312,-4.432501142470333,3.7101767019304233,-6.13286053951484,4.294951826209139,0.5161005752780173,-5.380335855325293,-5.945938063594442,2.784878360760405,7.0,3.3106038741345034,1.9408380148115807,0.2351481794418482,1.2321671546703659,2.409364402499852,-0.4552297889632784
HOF ITEM
11.051000296996216
2.896518988895627,-0.14605694775413802,-0.5045169549976312,-4.432501142470333,3.7101767019304233,-6.13286053951484,4.294951826209139,0.5161005752780173,-5.380335855325293,-5.945938063594442,2.784878360760405,7.0,3.1933224037849333,2.244800488506971,0.2351481794418482,1.2321671546703659,2.409364402499852,-0.4552297889632784
HOF ITEM
11.051000297394967
2.896518988895627,-0.14605694775413802,-0.5045169549976312,-4.432501142470333,3.7101767019304233,-6.13286053951484,4.294951826209139,0.5161005752780173,-5.380335855325293,-5.096530178935813,2.784878360760405,7.0,3.1596409800584784,2.2196886296219946,0.08970837688567607,1.2321671546703659,2.409364402499852,-0.4552297889632784
HOF ITEM
11.051004207407663
2.896518988895627,-0.14605694775413802,-0.5045169549976312,-4.432501142470333,3.8346228297068476,-6.13286053951484,4.486145268196098,0.2820629829590396,-5.248136729204631,-5.945938063594442,2.784878360760405,7.0,3.1933224037849333,2.244800488506971,0.2351481794418482,1.2321671546703659,2.409364402499852,-0.4552297889632784
seed 875
Initial fitness values: [np.float64(14.602960547160466), np.float64(13.921299093066969), np.float64(13.776713127653029), np.float64(13.701443069947418), np.float64(13.412697150834665), np.float64(13.321994432638284), np.float64(12.93104007348833), np.float64(12.858150905905855), np.float64(12.858150905905855), np.float64(12.78625445248734)]
Final fitness values: [np.float64(10.54289143143938), np.float64(10.54289143143938), np.float64(10.54289143143938), np.float64(10.54289143143938), np.float64(10.54289143143938), np.float64(10.54289143143938), np.float64(10.54289143143938), np.float64(10.54289143143938), np.float64(10.540393542580958), np.float64(10.540393542580958)]
HOF ITEM
10.540393542580958
4.827246408441545,-0.9020714266124364,-3.528369724278436,1.2157659644076693,0.3751905285598345,-4.979507161495467,6.403018957454535,1.5806112518399398,6.38292691346603,4.435391458815105,2.7350912348353367,5.660992529454797,0.2711006780177876,3.0,4.538710647428878,1.3417335716131396,0.35857941825026907,-5.434352721265793
HOF ITEM
10.54289143143938
4.82266408052235,-0.9020714266124364,-3.528369724278436,1.2157659644076693,0.3751905285598345,-4.979507161495467,6.622795725996143,1.3936965150589122,6.38292691346603,4.251348769518101,3.0,5.895826758133855,0.2711006780177876,3.0,4.538710647428878,1.3417335716131396,0.35857941825026907,-5.434352721265793
HOF ITEM
10.54289143143938
4.82266408052235,-0.9020714266124364,-3.528369724278436,1.2157659644076693,0.3751905285598345,-4.979507161495467,6.622795725996143,1.3936965150589122,6.38292691346603,4.435391458815105,2.7350912348353367,5.895826758133855,0.2711006780177876,3.0,4.538710647428878,1.3417335716131396,0.35857941825026907,-5.434352721265793
HOF ITEM
10.54289143143938
4.82266408052235,-0.9020714266124364,-3.528369724278436,1.2157659644076693,0.3751905285598345,-4.979507161495467,6.622795725996143,1.3936965150589122,6.38292691346603,4.435391458815105,2.7350912348353367,5.761208272874034,0.2711006780177876,3.0,4.538710647428878,1.3417335716131396,0.35857941825026907,-5.434352721265793
HOF ITEM
10.542891432792246
4.82266408052235,-0.9020714266124364,-3.528369724278436,1.2157659644076693,0.3751905285598345,-4.979507161495467,6.622795725996143,1.399761145093417,6.476054177543441,4.435391458815105,2.8845501465325047,5.761208272874034,0.2711006780177876,3.0,4.538710647428878,1.3417335716131396,0.35857941825026907,-5.434352721265793
seed 876
Initial fitness values: [np.float64(14.709483524475475), np.float64(13.698778853987061), np.float64(13.477734921332981), np.float64(13.325265001586894), np.float64(13.219283368476832), np.float64(13.164469394466837), np.float64(13.103241536395805), np.float64(13.08788525556835), np.float64(13.062652965419378), np.float64(13.053587305057919)]
Final fitness values: [np.float64(12.164729500629118), np.float64(12.164729494419566), np.float64(12.164729494419566), np.float64(12.164729494419566), np.float64(12.164729485640326), np.float64(12.164729485640326), np.float64(12.164053289772095), np.float64(12.164053289772095), np.float64(12.164053208699888), np.float64(12.163565129648427)]
HOF ITEM
12.163565129648427
4.929569238045537,-1.2797977501629247,-6.39444600031284,1.2220122694346212,-4.307031738577586,5.2464906138225995,1.5887329590493415,1.2582117900886571,-7.0,6.648985003139089,2.3804662011970676,-4.713344006788438,2.829003913845225,1.7405120540733428,5.860532803571949,-2.6038933620060183,1.6364962449920843,0.5037379460909921
HOF ITEM
12.164053205416485
4.929569238045537,-1.2797977501629247,-6.490176366836591,1.2383012933393078,-4.241598265934903,5.455282312175411,1.5887329590493415,1.2582117900886571,-7.0,6.648985003139089,1.9027092225472015,-4.4213659359506545,2.829003913845225,1.7405120540733428,5.860532803571949,-2.533268443469733,1.6364962449920843,0.9915832916631129
HOF ITEM
12.164053208699888
4.929569238045537,-1.2797977501629247,-6.490176366836591,1.2383012933393078,-4.241598265934903,5.455282312175411,1.5887329590493415,1.2582117900886571,-7.0,6.648985003139089,2.059860242844452,-4.4213659359506545,2.829003913845225,1.7405120540733428,5.860532803571949,-2.6038933620060183,1.6364962449920843,0.9915832916631129
HOF ITEM
12.164053289772095
4.929569238045537,-1.2797977501629247,-6.490176366836591,1.2383012933393078,-4.241598265934903,5.455282312175411,1.5887329590493415,1.2582117900886571,-7.0,6.648985003139089,1.9027092225472015,-4.713344006788438,2.829003913845225,1.7405120540733428,5.860532803571949,-2.6038933620060183,1.6364962449920843,0.5037379460909921
HOF ITEM
12.164053289772095
4.929569238045537,-1.2797977501629247,-6.490176366836591,1.2383012933393078,-4.241598265934903,5.455282312175411,1.5887329590493415,1.2582117900886571,-7.0,6.648985003139089,1.9027092225472015,-4.4213659359506545,2.829003913845225,1.7405120540733428,5.860532803571949,-2.6038933620060183,1.6364962449920843,0.5037379460909921
seed 877
Initial fitness values: [np.float64(14.614968618485985), np.float64(13.947088278954338), np.float64(13.826392087005742), np.float64(13.405102382430128), np.float64(13.122962056460672), np.float64(13.122962056460672), np.float64(12.705039640491952), np.float64(12.399497331515127), np.float64(12.14152737895314), np.float64(12.133452782917091)]
Final fitness values: [np.float64(10.430771965287661), np.float64(10.430771965287661), np.float64(10.430771965287661), np.float64(10.430771965287661), np.float64(10.430771965287661), np.float64(10.430771965287661), np.float64(10.430771965287661), np.float64(10.430771965287661), np.float64(10.430771965287661), np.float64(10.430771965287661)]
HOF ITEM
10.430771965287661
6.643331324652198,-1.6220400933441026,-1.7842435103333618,-6.3049545413208925,0.3786037591211387,-3.0323084898341346,1.170114210641902,2.114976628298688,-1.2391111334220288,-6.090169515324817,1.380072643663402,7.0,-6.192903946129958,1.9742587801656863,3.559308890814924,2.9807144275318493,0.6484814445717181,-6.6993966847211235
HOF ITEM
10.430796281733532
6.643331324652198,-1.6220400933441026,-1.7842435103333618,-6.3049545413208925,0.3786037591211387,-3.0323084898341346,1.170114210641902,2.114976628298688,-1.2391111334220288,-6.090169515324817,1.380072643663402,7.0,-6.192903946129958,1.9742587801656863,3.559308890814924,2.9807144275318493,0.6484814445717181,-6.84715791862528
HOF ITEM
10.430796282072178
6.643331324652198,-1.6220400933441026,-1.7842435103333618,-6.3049545413208925,0.3786037591211387,-3.0323084898341346,1.170114210641902,2.114976628298688,-1.2391111334220288,-6.090169515324817,1.380072643663402,7.0,-6.192903946129958,2.0237914316528816,3.559308890814924,2.9807144275318493,0.6484814445717181,-6.84715791862528
HOF ITEM
10.430796282222934
6.643331324652198,-1.6220400933441026,-1.7842435103333618,-6.3049545413208925,0.3786037591211387,-3.0323084898341346,1.170114210641902,2.114976628298688,-1.2391111334220288,-6.090169515324817,1.380072643663402,7.0,-6.474597625740459,1.9742587801656863,3.559308890814924,2.9807144275318493,0.6484814445717181,-6.84715791862528
HOF ITEM
10.430796282270366
6.643331324652198,-1.6220400933441026,-1.7842435103333618,-6.3049545413208925,0.3786037591211387,-3.0323084898341346,1.170114210641902,2.114976628298688,-1.2391111334220288,-6.090169515324817,1.380072643663402,7.0,-6.474597625740459,2.0237914316528816,3.559308890814924,2.9807144275318493,0.6484814445717181,-6.84715791862528
seed 878
Initial fitness values: [np.float64(13.803442167561975), np.float64(13.803442166656856), np.float64(13.341640088674247), np.float64(13.341640088674247), np.float64(12.860262645662889), np.float64(12.690307972053706), np.float64(12.614193777103404), np.float64(12.297840356140242), np.float64(12.143350938400355), np.float64(11.654793503604468)]
Final fitness values: [np.float64(10.68188483929084), np.float64(10.68188483929084), np.float64(10.68188483929084), np.float64(10.677792558482452), np.float64(10.672148279969528), np.float64(10.672148279969528), np.float64(10.672148279969528), np.float64(10.669385197952586), np.float64(10.666942448832188), np.float64(10.6540160871836)]
HOF ITEM
10.6540160871836
-2.3758249886372553,1.5483028232290448,3.26451360384258,-2.630917171755764,-3.421625470307502,0.9381624806524772,-0.7843966230100213,3.0,-6.53905460232448,-2.919734226452748,1.1470011146322476,-6.354331046432156,-1.1325555802491973,3.0,-0.45377008981418887,6.6921892504222775,0.0,-3.2620920922831664
HOF ITEM
10.666869100075429
-2.3758249886372553,1.541301345170142,3.257087817236118,-2.5638109395165496,-3.421625470307502,1.1186330945949599,-0.7843966230100213,2.841013370631101,-6.799598946403461,-2.5717702848209654,1.4083640924475918,-6.432673286209882,-1.1325555802491973,3.0,-0.45377008981418887,6.796641138521235,0.0,-3.2754550733937093
HOF ITEM
10.666897122886697
-2.3758249886372553,1.541301345170142,3.257087817236118,-2.5638109395165496,-3.421625470307502,1.1186330945949599,-0.7843966230100213,2.841013370631101,-6.799598946403461,-2.5717702848209654,1.4083640924475918,-6.6480356251785135,-1.1325555802491973,3.0,-0.45377008981418887,6.796641138521235,0.0,-3.6252088755823753
HOF ITEM
10.666897263607279
-2.3758249886372553,1.541301345170142,3.257087817236118,-2.5638109395165496,-3.421625470307502,1.1186330945949599,-0.7843966230100213,2.841013370631101,-6.799598946403461,-2.5717702848209654,1.4083640924475918,-6.6480356251785135,-1.1325555802491973,3.0,-0.45377008981418887,6.796641138521235,0.0,-3.2620920922831664
HOF ITEM
10.666942308109737
-2.3758249886372553,1.541301345170142,3.257087817236118,-2.5638109395165496,-3.421625470307502,1.1186330945949599,-0.7843966230100213,2.841013370631101,-6.518689818347756,-2.5717702848209654,1.4083640924475918,-6.432673286209882,-1.1325555802491973,3.0,-0.45377008981418887,6.796641138521235,0.0,-3.6252088755823753
seed 879
Initial fitness values: [np.float64(13.942516967717689), np.float64(13.712205561560676), np.float64(13.554484587849016), np.float64(13.485832642554684), np.float64(12.64415836328183), np.float64(12.64415836328183), np.float64(12.4771824868032), np.float64(11.747981624515056), np.float64(11.048684241269425), np.float64(11.048684241269425)]
Final fitness values: [np.float64(9.62134065959832), np.float64(9.62134065959832), np.float64(9.62134065959832), np.float64(9.62134065959832), np.float64(9.62134065959832), np.float64(9.62134065959832), np.float64(9.62134065959832), np.float64(9.62134065959832), np.float64(9.62134065959832), np.float64(9.62134065959832)]
HOF ITEM
9.62134065959832
-3.499610165597079,1.2350229585608987,-1.0472322651530719,-2.485906969144832,-3.1445253018177577,1.5491418094468106,-4.531728476779129,2.4092043651405075,1.427365961172194,2.860693492061859,0.804955803401967,4.76300518528787,-1.4878549882414722,0.9132381878431834,-5.3309283448234925,-6.2331539487974466,2.64612125654406,-4.155185629578248
HOF ITEM
9.621340678001465
-3.499610165597079,1.2350229585608987,-1.0472322651530719,-2.485906969144832,-3.1445253018177577,1.5491418094468106,-4.736022933081935,2.4092043651405075,1.427365961172194,2.860693492061859,0.804955803401967,4.76300518528787,-1.4878549882414722,0.9132381878431834,-5.3309283448234925,-6.2331539487974466,2.64612125654406,-4.155185629578248
HOF ITEM
9.621402827934874
-3.499610165597079,1.2350229585608987,-1.0472322651530719,-2.485906969144832,-3.1445253018177577,1.5491418094468106,-4.531728476779129,2.4092043651405075,1.427365961172194,2.7479934280910685,0.804955803401967,4.76300518528787,-1.4878549882414722,0.9132381878431834,-5.3309283448234925,-6.2331539487974466,2.64612125654406,-4.155185629578248
HOF ITEM
9.621402846338743
-3.499610165597079,1.2350229585608987,-1.0472322651530719,-2.485906969144832,-3.1445253018177577,1.5491418094468106,-4.736022933081935,2.4092043651405075,1.427365961172194,2.7479934280910685,0.804955803401967,4.76300518528787,-1.4878549882414722,0.9132381878431834,-5.3309283448234925,-6.2331539487974466,2.64612125654406,-4.155185629578248
HOF ITEM
9.622390164509758
-3.499610165597079,1.2350229585608987,-1.0472322651530719,-2.485906969144832,-3.1445253018177577,1.5491418094468106,-4.531728476779129,2.4092043651405075,1.427365961172194,2.860693492061859,0.804955803401967,4.76300518528787,-1.4878549882414722,0.9132381878431834,-5.700504122078719,-6.2331539487974466,2.64612125654406,-4.155185629578248
best parameter set
fitness 9.569971961944965 seed 879
-3.519106295114165,1.2583673062181333,-1.0462853698409005,-2.4870401573995085,-3.1403289583529688,1.5449563808060927,-4.531731851654336,2.409207302449034,1.4266295942453577,2.7480059523145464,0.8050394611664254,4.762984552377815,-1.4673122805488308,0.8835573312082826,-5.330821436980916,-6.2331539487974466,2.6461212565440495,-4.15938282534565
