seeds are [670 671 672 673 674 675 676 677 678 679]
seed 670
Initial fitness values: [np.float64(14.866084397094022), np.float64(13.525031831969121), np.float64(13.127454629099686), np.float64(12.999432698555047), np.float64(12.47127105642693), np.float64(12.43784692764436), np.float64(12.43784692764436), np.float64(12.365440421352115), np.float64(12.207827086049473), np.float64(12.207827086049473)]
Final fitness values: [np.float64(10.568352386563268), np.float64(10.568352386563268), np.float64(10.568352386563268), np.float64(10.568352386563268), np.float64(10.568352386563268), np.float64(10.568352386563268), np.float64(10.568352386563268), np.float64(10.568352386563268), np.float64(10.568352386563268), np.float64(10.568352386563268)]
HOF ITEM
10.568352386563268
-2.956338454581041,1.4957294682187696,-1.5250462367268092,-3.855129828077952,-3.961518708638172,-3.8999581568512456,3.9484275956795205,2.2298740870928633,6.681577170440291,-1.5625848146639554,1.9662879390920671,4.01553946488326,0.9655598767450211,0.721699118761142,4.981883830685668,3.9870176817777465,1.5788346764166836,1.6463851954626403
HOF ITEM
10.568352386563268
-2.956338454581041,1.4957294682187696,-1.5250462367268092,-3.855129828077952,-3.961518708638172,-3.8999581568512456,3.739988389912043,2.2298740870928633,6.632329923684328,-1.5625848146639554,1.9662879390920671,4.01553946488326,0.9655598767450211,0.721699118761142,4.981883830685668,3.9870176817777465,1.5788346764166836,1.6463851954626403
HOF ITEM
10.568352386563268
-2.956338454581041,1.4957294682187696,-1.5250462367268092,-3.855129828077952,-3.961518708638172,-3.8999581568512456,3.739988389912043,2.2298740870928633,6.681577170440291,-1.5625848146639554,1.9662879390920671,4.01553946488326,0.9655598767450211,0.721699118761142,4.981883830685668,3.9870176817777465,1.5788346764166836,1.6463851954626403
HOF ITEM
10.568352386563268
-2.956338454581041,1.4957294682187696,-1.5250462367268092,-3.855129828077952,-3.961518708638172,-3.8999581568512456,3.9484275956795205,2.2298740870928633,6.632329923684328,-1.5625848146639554,1.9662879390920671,4.01553946488326,0.9655598767450211,0.721699118761142,4.981883830685668,3.9870176817777465,1.5788346764166836,1.6463851954626403
HOF ITEM
10.56835238656447
-2.956338454581041,1.4957294682187696,-1.5250462367268092,-3.855129828077952,-3.961518708638172,-3.8999581568512456,3.739988389912043,2.2298740870928633,6.681577170440291,-1.5625848146639554,1.9662879390920671,4.01553946488326,0.9655598767450211,0.721699118761142,4.981883830685668,3.9870176817777465,1.5788346764166836,1.6725875308215072
seed 671
Initial fitness values: [np.float64(14.26884993175714), np.float64(14.046118121851219), np.float64(13.93776375891596), np.float64(13.869526266474756), np.float64(13.816185264803801), np.float64(13.79141729843137), np.float64(13.771065263263347), np.float64(13.234411760568204), np.float64(13.222269864879431), np.float64(13.208708535470379)]
Final fitness values: [np.float64(11.243845744963169), np.float64(11.212472199859603), np.float64(11.212472199859603), np.float64(11.20495802359756), np.float64(11.204597741751405), np.float64(11.20459773386143), np.float64(11.201495742619601), np.float64(11.201495742619601), np.float64(11.201495742619601), np.float64(11.195542127087135)]
HOF ITEM
11.195542127087135
5.140856568422456,-0.7679012194911252,3.2986627086473352,-3.535808383347312,5.701538144618389,-3.4265943089629904,4.15202308926341,0.5569686630121549,4.592110689216418,2.156821427478549,1.655680620614834,-4.051970737237901,2.5077745154629785,0.5295499398638751,3.1220317847146943,1.2676236338100484,2.2701910185082363,-0.46109695264786743
HOF ITEM
11.199229849900227
5.140856568422456,-0.7679012194911252,3.1529867963583205,-3.656024451626191,5.5583168455194025,-3.023536697124092,4.15202308926341,0.5306185530781407,4.592110689216418,2.454609293002635,1.4339250289325491,-4.457658360327389,2.845718553986391,0.6786458121132496,3.1220317847146943,1.2676236338100484,2.3080051200672465,-0.46109695264786743
HOF ITEM
11.201298114991957
5.140856568422456,-0.7679012194911252,3.2986627086473352,-3.093211488503334,5.5583168455194025,-3.587094820857609,4.15202308926341,0.2516323570922301,4.592110689216418,2.454609293002635,1.655680620614834,-3.8660340798185797,2.4184396323172175,0.5781606770117927,3.1220317847146943,1.2676236338100484,2.205789239958386,-0.46109695264786743
HOF ITEM
11.201495728470242
5.140856568422456,-0.7679012194911252,3.2986627086473352,-3.535808383347312,5.5583168455194025,-3.4265943089629904,4.15202308926341,0.5569686630121549,4.592110689216418,2.2014155219968585,0.7809550261971637,-4.051970737237901,2.4184396323172175,0.5295499398638751,3.1220317847146943,1.2676236338100484,2.205789239958386,-0.46109695264786743
HOF ITEM
11.20149574151077
5.140856568422456,-0.7679012194911252,3.2986627086473352,-3.535808383347312,5.5583168455194025,-3.4265943089629904,4.15202308926341,0.5569686630121549,4.592110689216418,2.1866976943265133,1.655680620614834,-4.051970737237901,2.4184396323172175,0.5295499398638751,3.1220317847146943,1.2676236338100484,2.205789239958386,-0.46109695264786743
seed 672
Initial fitness values: [np.float64(15.64629274359789), np.float64(13.91737093076236), np.float64(13.18444260472883), np.float64(12.63689418057419), np.float64(12.528869641551681), np.float64(12.462786327322277), np.float64(12.462786327322277), np.float64(12.445916805288963), np.float64(12.405789359587395), np.float64(12.388370807804595)]
Final fitness values: [np.float64(11.007726391676181), np.float64(11.003697456899692), np.float64(11.002297755245769), np.float64(11.002297755245769), np.float64(11.002297755245769), np.float64(11.001062440828802), np.float64(11.001062440828802), np.float64(11.001062440828802), np.float64(11.000784498813365), np.float64(11.000784498813365)]
HOF ITEM
11.000784498813365
-2.177183399763092,1.4442778621740744,-5.71940290863417,2.565723236261292,5.504559159933493,6.690027134520343,2.472850193232697,0.7748449009985812,-1.0912007349427792,6.759530414174573,0.0,-1.357763887004575,-1.2274655993550005,2.2935456368062384,-2.521760381107183,-3.034058426977808,1.5520755316671002,2.090398268640288
HOF ITEM
11.00105907406705
-2.177183399763092,1.4442778621740744,-5.71940290863417,2.565723236261292,5.504559159933493,6.607315875752524,2.472850193232697,0.7748449009985812,-1.0912007349427792,6.759530414174573,0.10969139062099326,-0.9617155845113422,-1.2274655993550005,2.2935456368062384,-2.521760381107183,-2.634526986881911,1.4415199482901686,2.090398268640288
HOF ITEM
11.001062440828802
-2.177183399763092,1.4442778621740744,-5.71940290863417,2.565723236261292,5.504559159933493,6.690027134520343,2.472850193232697,0.7748449009985812,-1.0912007349427792,6.759530414174573,0.10969139062099326,-0.9617155845113422,-1.2274655993550005,2.2935456368062384,-2.521760381107183,-2.634526986881911,1.4415199482901686,2.090398268640288
HOF ITEM
11.00106360187057
-2.177183399763092,1.4442778621740744,-5.71940290863417,2.565723236261292,5.504559159933493,6.690027134520343,2.472850193232697,0.7748449009985812,-1.0912007349427792,6.759530414174573,0.10969139062099326,-0.9617155845113422,-1.2274655993550005,2.2935456368062384,-2.521760381107183,-2.4533803812420265,1.1445060297740197,2.090398268640288
HOF ITEM
11.001150075388608
-2.177183399763092,1.4439524723891306,-5.100214687402982,2.565723236261292,5.504559159933493,6.690027134520343,2.472850193232697,0.7748449009985812,-1.0912007349427792,6.759530414174573,0.10969139062099326,-0.9617155845113422,-1.2274655993550005,2.2935456368062384,-2.521760381107183,-2.4533803812420265,1.1445060297740197,2.090398268640288
seed 673
Initial fitness values: [np.float64(16.61348015779863), np.float64(13.614534279338674), np.float64(13.412660276620095), np.float64(12.396599094989986), np.float64(12.38092945035086), np.float64(12.38092945035086), np.float64(12.314353301435686), np.float64(12.306292545642181), np.float64(12.301439161740845), np.float64(12.301439161740845)]
Final fitness values: [np.float64(12.282441084890209), np.float64(12.282440068930201), np.float64(12.282440064670705), np.float64(12.282440064670705), np.float64(12.282436742434104), np.float64(12.282436742434104), np.float64(12.282436742434104), np.float64(12.282436742434104), np.float64(12.282436742434104), np.float64(12.282436742434104)]
HOF ITEM
12.282436742434104
-3.1411340067130418,-2.6275385396909017,-6.881458161086208,1.3717684409592044,-5.0204143306741384,0.7246138323480968,6.5337081144731854,2.248194438223628,7.0,-1.8626316916880086,2.0894737827127825,0.4695518861811268,4.584642724003544,0.09660877475264387,1.958498902832136,1.0071986346549233,0.9256489968276459,-5.937264657272886
HOF ITEM
12.282436742434104
-3.1411340067130418,-2.6275385396909017,-6.881458161086208,1.3717684409592044,-5.0204143306741384,0.7246138323480968,6.5337081144731854,2.572431125992629,6.808109955162788,-1.8626316916880086,2.0894737827127825,0.4695518861811268,4.584642724003544,0.09660877475264387,1.958498902832136,1.0071986346549233,0.9256489968276459,-5.937264657272886
HOF ITEM
12.282436742434104
-3.1411340067130418,-2.6275385396909017,-6.881458161086208,1.3717684409592044,-5.0204143306741384,0.7246138323480968,6.5337081144731854,2.248194438223628,6.808109955162788,-1.8626316916880086,2.0894737827127825,0.4695518861811268,4.584642724003544,0.09660877475264387,1.958498902832136,1.0071986346549233,0.9256489968276459,-5.937264657272886
HOF ITEM
12.282436762077369
-3.1411340067130418,-2.6275385396909017,-6.881458161086208,1.3717684409592044,-5.0204143306741384,0.7480804171250113,7.0,2.572431125992629,7.0,-1.8626316916880086,2.0894737827127825,0.4695518861811268,4.584642724003544,0.09660877475264387,1.958498902832136,1.471066467337353,0.7824917772380087,-5.937264657272886
HOF ITEM
12.282436762077369
-3.1411340067130418,-2.6275385396909017,-6.881458161086208,1.3717684409592044,-5.0204143306741384,0.7480804171250113,6.5337081144731854,2.690461292570398,6.808109955162788,-1.8626316916880086,2.0894737827127825,0.4695518861811268,4.584642724003544,0.09660877475264387,1.958498902832136,1.471066467337353,0.7824917772380087,-5.937264657272886
seed 674
Initial fitness values: [np.float64(13.365748983837994), np.float64(13.365748983837994), np.float64(11.39087721009447), np.float64(11.295418988694056), np.float64(11.020267210089964), np.float64(11.020267210089964), np.float64(10.985474326903542), np.float64(10.97314350016666), np.float64(10.869319700878222), np.float64(10.869319700878222)]
Final fitness values: [np.float64(10.73293252631844), np.float64(10.73293252631844), np.float64(10.73293252631844), np.float64(10.732930671082924), np.float64(10.732930671082924), np.float64(10.721290883162442), np.float64(10.721290883034442), np.float64(10.721289612714019), np.float64(10.721289422577547), np.float64(10.72128696260287)]
HOF ITEM
10.72128696260287
-1.3120587060175186,1.430488693827035,7.0,-2.2758495687244045,-0.0004545345888517238,-1.8726918955532417,3.881305650522609,2.6486342311207505,3.3698419189186537,3.546232175412651,1.148525265624189,-3.855973999053679,-0.28890962675842413,2.912930904809993,-1.6495491740133343,4.208414849664084,1.128926413442803,-3.0583317529890652
HOF ITEM
10.721289422577547
-1.3120587060175186,1.430488693827035,7.0,-2.463763925643766,-0.0004545345888517238,-1.8726918955532417,3.881305650522609,2.535118100620194,3.9808799884644093,3.4704941843506076,1.2905469707519528,-3.855973999053679,-0.28890962675842413,2.912930904809993,-1.6495491740133343,4.465669825116875,1.098264287271645,-3.0583317529890652
HOF ITEM
10.721289612712784
-1.3120587060175186,1.430488693827035,7.0,-2.4964023904781802,-0.0004545345888517238,-1.8726918955532417,3.881305650522609,2.6486342311207505,3.4782071396608996,3.546232175412651,1.2905469707519528,-3.855973999053679,-0.28890962675842413,2.912930904809993,-1.6495491740133343,4.465669825116875,1.098264287271645,-3.0583317529890652
HOF ITEM
10.721289612714019
-1.3120587060175186,1.430488693827035,7.0,-2.4964023904781802,-0.0004545345888517238,-1.8726918955532417,3.881305650522609,2.6486342311207505,3.4782071396608996,3.546232175412651,1.2905469707519528,-3.9719021868854583,-0.28890962675842413,2.912930904809993,-1.6495491740133343,4.465669825116875,1.098264287271645,-3.0583317529890652
HOF ITEM
10.721289612877209
-1.3120587060175186,1.430488693827035,7.0,-2.4964023904781802,-0.0004545345888517238,-1.8726918955532417,3.881305650522609,2.535118100620194,3.9808799884644093,3.4704941843506076,1.2905469707519528,-3.855973999053679,-0.28890962675842413,2.912930904809993,-1.6495491740133343,4.465669825116875,1.098264287271645,-3.0583317529890652
seed 675
Initial fitness values: [np.float64(13.207257995406371), np.float64(13.207257995406371), np.float64(12.632849966165193), np.float64(12.432657642342498), np.float64(12.173626277738379), np.float64(11.617631841385405), np.float64(11.234394493894701), np.float64(11.181127685238549), np.float64(11.092958502471145), np.float64(11.077117070632196)]
Final fitness values: [np.float64(10.389941671712377), np.float64(10.389941671712377), np.float64(10.389941671712377), np.float64(10.389941671712377), np.float64(10.389941671712377), np.float64(10.389941671712377), np.float64(10.389941671712377), np.float64(10.389941671712377), np.float64(10.389941671712377), np.float64(10.389941671712377)]
HOF ITEM
10.389941671712377
-3.4068960543932194,1.5773111560805362,-4.405105317777248,-1.7751858708650325,-1.2818773931421337,3.2063555486145225,-2.1570270624936687,2.427291936394238,-0.6136886500879111,3.0120011263652176,0.5749671691876096,2.539200056104559,4.633159090154663,0.05765636811818184,6.0509469606819914,1.0281051937325791,2.410841528474413,2.839297284350416
HOF ITEM
10.389941671712377
-3.4068960543932194,1.5773111560805362,-4.405105317777248,-1.7751858708650325,-1.2818773931421337,3.2063555486145225,-2.1570270624936687,2.427291936394238,-0.6136886500879111,3.0120011263652176,0.5749671691876096,2.539200056104559,4.633159090154663,0.05765636811818184,6.0509469606819914,1.0281051937325791,2.438967981259691,2.839297284350416
HOF ITEM
10.389941671712377
-3.4068960543932194,1.5773111560805362,-4.405105317777248,-1.7751858708650325,-1.2818773931421337,3.2063555486145225,-2.1570270624936687,2.427291936394238,-0.6136886500879111,3.0120011263652176,0.5749671691876096,2.539200056104559,4.633159090154663,0.05765636811818184,6.0509469606819914,1.0281051937325791,2.438967981259691,3.1996067029268245
HOF ITEM
10.389941671712382
-3.4068960543932194,1.5773111560805362,-4.405105317777248,-1.7751858708650325,-1.2818773931421337,3.2063555486145225,-2.1570270624936687,2.427291936394238,-0.6136886500879111,3.0120011263652176,0.5749671691876096,2.539200056104559,4.633159090154663,0.05765636811818184,6.0509469606819914,1.0281051937325791,2.3868115400763803,3.1996067029268245
HOF ITEM
10.389941671712387
-3.4068960543932194,1.5773111560805362,-4.405105317777248,-1.7751858708650325,-1.2818773931421337,3.2063555486145225,-2.1570270624936687,2.427291936394238,-0.6136886500879111,3.0120011263652176,0.5749671691876096,2.539200056104559,4.633159090154663,0.05765636811818184,6.0509469606819914,1.0281051937325791,2.367802468563004,3.376395545348669
seed 676
Initial fitness values: [np.float64(14.405540576658247), np.float64(13.528714313387043), np.float64(13.378226996197474), np.float64(13.344436310989378), np.float64(12.714977572236524), np.float64(12.69072143967251), np.float64(12.69072143967251), np.float64(12.586571472678587), np.float64(12.508499648839889), np.float64(12.425020784651547)]
Final fitness values: [np.float64(11.095494671823612), np.float64(11.095494671823612), np.float64(11.094915264285033), np.float64(11.094915264285033), np.float64(11.09491526428503), np.float64(11.09491526428503), np.float64(11.09491526428503), np.float64(11.09491526428503), np.float64(11.086172538618245), np.float64(11.085471670716963)]
HOF ITEM
11.085471670716963
-4.506870046468956,1.763140241061084,1.2199520900947676,0.8473067863211451,4.5565406030140325,1.9982849836011154,-2.9623780275267544,0.27865916036934224,-5.63636243049295,3.453676585374509,1.3246643255914634,0.880924560115491,1.0235140991467049,2.373128906449345,-2.4898595739689275,-4.046844847904453,1.952089395268683,2.4675393771032295
HOF ITEM
11.086172538618245
-4.506870046468956,1.763140241061084,1.2199520900947676,0.8473067863211451,4.5565406030140325,1.9982849836011154,-2.9623780275267544,0.27865916036934224,-5.77728284363063,3.453676585374509,1.3246643255914634,0.880924560115491,1.0235140991467049,2.373128906449345,-2.4898595739689275,-4.046844847904453,1.952089395268683,2.4675393771032295
HOF ITEM
11.090105120393147
-4.506870046468956,1.763140241061084,1.1954913051415574,0.5349187132313186,4.103575710128016,1.9982849836011154,-2.9623780275267544,0.3010785554637455,-5.623229045896424,3.0853181458445595,1.6521568645018978,0.9034656896403678,1.1202572249559366,1.8957378006785495,-2.574716854280109,-4.046844847904453,1.952089395268683,2.478940931544198
HOF ITEM
11.093901158430974
-4.506870046468956,1.763140241061084,1.2199520900947676,0.5349187132313186,4.434489815376016,1.9982849836011154,-2.9623780275267544,0.27865916036934224,-5.77728284363063,3.453676585374509,1.555632795171807,0.880924560115491,1.0235140991467049,2.373128906449345,-2.4898595739689275,-4.046844847904453,1.952089395268683,2.542603554000971
HOF ITEM
11.09491526428503
-4.506870046468956,1.763140241061084,1.2199520900947676,0.5349187132313186,4.434489815376016,1.9982849836011154,-2.9623780275267544,0.27865916036934224,-5.63636243049295,3.453676585374509,1.555632795171807,0.880924560115491,0.7399151170459025,2.373128906449345,-2.4898595739689275,-4.046844847904453,1.952089395268683,2.542603554000971
seed 677
Initial fitness values: [np.float64(15.656243919985824), np.float64(14.619894067465419), np.float64(14.105353936531197), np.float64(13.88236084453611), np.float64(13.553669992831866), np.float64(13.232741664170158), np.float64(13.072515507953582), np.float64(12.162977859701007), np.float64(12.145309017483436), np.float64(12.145309017483436)]
Final fitness values: [np.float64(10.86547336191685), np.float64(10.855242943982367), np.float64(10.855242933364927), np.float64(10.809898978820913), np.float64(10.809898978820913), np.float64(10.809898978820913), np.float64(10.809898978820913), np.float64(10.780144397157066), np.float64(10.780144397157066), np.float64(10.779624784064639)]
HOF ITEM
10.779624784064639
-3.0533492631509973,2.158932533855362,5.157565957475729,-1.697767302600609,-6.7051810200463455,-5.234419369233213,0.3103508459174932,2.806957046839988,1.048433502912318,-3.4932006116390903,3.0,6.620143428377417,7.0,2.9723735840353736,7.0,-0.9052591870422664,1.110961194996598,3.7462384212338202
HOF ITEM
10.780144397157066
-3.0533492631509973,2.158932533855362,5.216326884518118,-1.697767302600609,-6.7051810200463455,-5.234419369233213,0.3103508459174932,2.806957046839988,0.9172321940955239,-3.4932006116390903,3.0,6.620143428377417,7.0,2.9723735840353736,7.0,-0.9052591870422664,1.110961194996598,3.6942440970309582
HOF ITEM
10.780144397157066
-3.0533492631509973,2.158932533855362,5.216326884518118,-1.697767302600609,-6.7051810200463455,-5.234419369233213,0.3103508459174932,2.806957046839988,0.9172321940955239,-3.4932006116390903,3.0,6.620143428377417,7.0,2.9540884285932583,7.0,-0.9052591870422664,1.110961194996598,3.6942440970309582
HOF ITEM
10.780144397158857
-3.0533492631509973,2.158932533855362,5.216326884518118,-1.697767302600609,-6.7051810200463455,-5.234419369233213,0.3103508459174932,2.806957046839988,1.048433502912318,-3.4932006116390903,3.0,6.620143428377417,7.0,2.9723735840353736,7.0,-0.9052591870422664,1.110961194996598,3.6942440970309582
HOF ITEM
10.782352140598984
-3.0533492631509973,2.158932533855362,5.216326884518118,-1.697767302600609,-6.7051810200463455,-5.234419369233213,0.3103508459174932,2.806957046839988,0.9172321940955239,-3.4932006116390903,3.0,6.620143428377417,7.0,2.9540884285932583,7.0,-0.9052591870422664,1.110961194996598,3.7462384212338202
seed 678
Initial fitness values: [np.float64(16.126326324975807), np.float64(15.069634568086274), np.float64(13.753542774029933), np.float64(13.107770409119814), np.float64(13.107770409119814), np.float64(12.746792370358195), np.float64(12.364136918828326), np.float64(12.364136918828326), np.float64(12.295613451471754), np.float64(12.01012370904803)]
Final fitness values: [np.float64(10.01629240560125), np.float64(9.990671496917795), np.float64(9.990671496917795), np.float64(9.958135107504578), np.float64(9.935524560815235), np.float64(9.935524560815235), np.float64(9.93414578289907), np.float64(9.93414578289907), np.float64(9.93414578289907), np.float64(9.933263109706576)]
HOF ITEM
9.933263109706576
2.966531035080947,-0.1316699360163696,2.1100494559091776,-2.5222641701504633,-0.675792292963522,-2.455492601549204,4.9659340660649605,2.4786188907782294,-4.5834396991673625,-1.8701664900724946,1.312663921902268,-5.875777441076197,0.8112820256187595,2.688949983013929,2.589608711917304,1.267323737559154,3.0,-0.6040687085776958
HOF ITEM
9.93414578289907
2.966531035080947,-0.1316699360163696,2.1100494559091776,-2.372036195910878,-0.675792292963522,-2.455492601549204,4.680321941531029,2.4786188907782294,-4.963938426460411,-1.9284205511826125,1.631262119965974,-5.875777441076197,0.8112820256187595,2.774434384241834,2.4468622946674605,1.267323737559154,3.0,-0.6040687085776958
HOF ITEM
9.93414578289907
2.966531035080947,-0.1316699360163696,2.1100494559091776,-2.372036195910878,-0.675792292963522,-2.455492601549204,4.680321941531029,2.4786188907782294,-4.4658949828846675,-1.9284205511826125,1.631262119965974,-5.875777441076197,0.8112820256187595,2.774434384241834,2.4468622946674605,1.267323737559154,3.0,-0.6040687085776958
HOF ITEM
9.934862866691196
2.966531035080947,-0.1316699360163696,2.1100494559091776,-2.312091775491682,-0.675792292963522,-2.455492601549204,4.680321941531029,2.4786188907782294,-4.4658949828846675,-1.9509943220053267,1.2792515935122244,-5.622856972826212,0.8112820256187595,2.774434384241834,2.4468622946674605,1.267323737559154,3.0,-0.6040687085776958
HOF ITEM
9.935524560815235
2.966531035080947,-0.1316699360163696,2.1100494559091776,-2.312091775491682,-0.675792292963522,-2.455492601549204,4.680321941531029,2.4786188907782294,-4.4658949828846675,-1.9284205511826125,1.631262119965974,-5.875777441076197,0.8112820256187595,2.774434384241834,2.4468622946674605,1.267323737559154,3.0,-0.6040687085776958
seed 679
Initial fitness values: [np.float64(13.269180205075024), np.float64(13.269180205075024), np.float64(12.879990034821562), np.float64(12.879990034821562), np.float64(12.821780064774257), np.float64(12.821780064774257), np.float64(12.64315256184736), np.float64(12.64315256184736), np.float64(12.64315256184736), np.float64(12.631506688170147)]
Final fitness values: [np.float64(12.572514048631227), np.float64(12.572513362082397), np.float64(12.572513362082397), np.float64(12.572513329485725), np.float64(12.572513329485725), np.float64(12.57245351869529), np.float64(12.57245351869529), np.float64(12.572149512418836), np.float64(12.572149512418836), np.float64(12.572149512418836)]
HOF ITEM
12.572149512418836
-7.0,-1.9427294934806119,-3.9127874308990984,-1.716133587164625,-3.152572370517703,0.7016424941451943,-2.2819047246694097,1.6102649049744746,6.411419181372114,3.126037534884724,1.8753440144701954,5.216393857381487,2.7956101032322827,1.5872458348599872,-4.800583894460741,-6.681032493679163,1.7652208790291128,-5.893480477477325
HOF ITEM
12.572149512418836
-7.0,-1.7039268289885485,-3.9127874308990984,-1.716133587164625,-3.152572370517703,0.7016424941451943,-2.2819047246694097,1.6102649049744746,6.411419181372114,3.126037534884724,1.8753440144701954,5.659754424357259,3.1601805100225846,1.7068160868309827,-5.362294619071144,-6.681032493679163,1.7652208790291128,-5.893480477477325
HOF ITEM
12.572442812576922
-7.0,-1.9427294934806119,-3.9127874308990984,-1.716133587164625,-3.152572370517703,0.7016424941451943,-1.9230504120387484,1.6102649049744746,6.574042696996005,3.126037534884724,1.8753440144701954,5.216393857381487,3.1601805100225846,1.7068160868309827,-4.800583894460741,-6.681032493679163,1.7652208790291128,-5.893480477477325
HOF ITEM
12.572442812576922
-7.0,-1.9427294934806119,-3.9127874308990984,-1.716133587164625,-3.152572370517703,0.7016424941451943,-1.9230504120387484,1.6102649049744746,6.574042696996005,3.126037534884724,1.899295285010331,5.659754424357259,3.1601805100225846,1.5872458348599872,-4.800583894460741,-6.681032493679163,1.7652208790291128,-5.893480477477325
HOF ITEM
12.57245351869529
-7.0,-1.9427294934806119,-3.9127874308990984,-1.716133587164625,-3.152572370517703,0.7016424941451943,-1.9230504120387484,1.6102649049744746,6.411419181372114,3.126037534884724,1.8753440144701954,5.6381355334979695,2.7956101032322827,1.5872458348599872,-4.800583894460741,-6.681032493679163,1.7652208790291128,-5.893480477477325
best parameter set
fitness 9.838539899712693 seed 678
2.9511687934051385,-0.1359613285992363,2.110164942689652,-2.5223581846537475,-0.6771180934755482,-2.454189343944899,4.9659340660649605,2.4786188907782294,-4.5834396991673625,-1.870167625279589,1.3126562409934037,-5.875777139174843,0.8118512468989026,2.6892189440292573,2.5897138079181685,1.2603030332721958,2.9999999998680735,-0.6063165653026805
