seeds are [860 861 862 863 864 865 866 867 868 869]
seed 860
Initial fitness values: [np.float64(28.901845688195433), np.float64(28.564304677154833), np.float64(28.292871686883995), np.float64(26.96020696083613), np.float64(26.53706701759612), np.float64(26.353946125418535), np.float64(26.016545159106567), np.float64(25.96992717094847), np.float64(25.942410688506023), np.float64(25.87989797193269)]
Final fitness values: [np.float64(25.735769154410402), np.float64(25.735769154410402), np.float64(25.735769154410402), np.float64(25.735769154410402), np.float64(25.735769154410402), np.float64(25.735769154410402), np.float64(25.735769154410402), np.float64(25.735769154410402), np.float64(25.735769154410402), np.float64(25.735769154410402)]
HOF ITEM
25.735769154410402
-4.741396396340632,-1.7351433941449097,6.169060558796725,-4.807949278375189,6.320393959158152,4.076917428425786,-2.419697771027034,2.5690694882002085,-0.025999556963639703,4.052700602135288,0.235816022952891,5.900956500069009,-3.4962817739273766,2.106415487286247,-0.5440331278348185
HOF ITEM
25.735769154410402
-4.741396396340632,-1.7351433941449097,6.169060558796725,-4.807949278375189,6.320393959158152,4.076917428425786,-2.1311132329319302,2.62433767946302,-0.025999556963639703,4.052700602135288,0.235816022952891,5.900956500069009,-3.4962817739273766,2.106415487286247,-0.5440331278348185
HOF ITEM
25.735769154410402
-4.741396396340632,-1.7351433941449097,6.169060558796725,-4.807949278375189,6.320393959158152,4.076917428425786,-2.419697771027034,2.636659924839695,-0.025999556963639703,4.052700602135288,0.235816022952891,5.900956500069009,-3.4962817739273766,2.106415487286247,-0.5440331278348185
HOF ITEM
25.735769154410402
-4.741396396340632,-1.7351433941449097,6.169060558796725,-4.807949278375189,6.320393959158152,4.076917428425786,-2.419697771027034,2.62433767946302,-0.025999556963639703,4.052700602135288,0.235816022952891,5.900956500069009,-3.4962817739273766,2.106415487286247,-0.5440331278348185
HOF ITEM
25.735769154410402
-4.741396396340632,-1.7351433941449097,6.169060558796725,-4.807949278375189,6.320393959158152,4.076917428425786,-2.1311132329319302,2.5690694882002085,-0.025999556963639703,4.052700602135288,0.235816022952891,5.900956500069009,-3.4962817739273766,2.106415487286247,-0.5440331278348185
seed 861
Initial fitness values: [np.float64(31.40951322942362), np.float64(28.942911966787612), np.float64(26.777598788735766), np.float64(26.643137826467942), np.float64(26.34024740177931), np.float64(25.908648255203527), np.float64(25.908648255203527), np.float64(25.802679401099155), np.float64(25.76847508660726), np.float64(25.76847508660726)]
Final fitness values: [np.float64(25.73818401863656), np.float64(25.73818401863656), np.float64(25.73818401863656), np.float64(25.73818401863656), np.float64(25.73818401863656), np.float64(25.73818401863656), np.float64(25.73771031626217), np.float64(25.73771031626217), np.float64(25.73771031626217), np.float64(25.73771031626217)]
HOF ITEM
25.73771031626217
-4.111618647996876,-3.044490663724862,2.699427899910504,2.123117949769932,-0.9468160645332373,4.6380365136155195,-2.804567320162025,2.1010027297819227,0.9806601809633497,4.563302731608342,0.67246896060342,5.222550512986936,4.813545615633041,2.7804813509936444,2.690321109014422
HOF ITEM
25.73771031626217
-4.111618647996876,-3.1017113655026263,2.699427899910504,2.123117949769932,-0.9468160645332373,4.6380365136155195,-2.804567320162025,2.1010027297819227,0.9806601809633497,4.563302731608342,0.67246896060342,5.222550512986936,4.813545615633041,2.7804813509936444,3.4500374891679146
HOF ITEM
25.73771031626217
-4.111618647996876,-3.044490663724862,2.699427899910504,2.123117949769932,-0.9468160645332373,4.6380365136155195,-2.804567320162025,2.1010027297819227,0.9806601809633497,4.563302731608342,0.67246896060342,5.222550512986936,4.813545615633041,2.7804813509936444,3.4500374891679146
HOF ITEM
25.73771031626217
-4.111618647996876,-3.1017113655026263,2.699427899910504,2.123117949769932,-0.9468160645332373,4.6380365136155195,-2.804567320162025,2.1010027297819227,0.9806601809633497,4.563302731608342,0.67246896060342,5.222550512986936,4.815193705833828,2.7804813509936444,3.4500374891679146
HOF ITEM
25.73771031626217
-4.111618647996876,-3.1017113655026263,2.699427899910504,2.123117949769932,-0.9468160645332373,4.6380365136155195,-2.804567320162025,2.1010027297819227,0.9806601809633497,4.563302731608342,0.67246896060342,5.222550512986936,4.815193705833828,2.9691716034093596,3.4500374891679146
seed 862
Initial fitness values: [np.float64(31.619087133487586), np.float64(29.394969248231458), np.float64(26.354360458439714), np.float64(26.058100577596182), np.float64(26.058100577596182), np.float64(26.058100577596182), np.float64(25.864187754882288), np.float64(25.864180534475583), np.float64(25.783851081757152), np.float64(25.809354619922214)]
Final fitness values: [np.float64(25.750033081024736), np.float64(25.745776903314376), np.float64(25.745709007166315), np.float64(25.745707527607845), np.float64(25.745684067976295), np.float64(25.745618455410355), np.float64(25.745618424170484), np.float64(25.745576616322907), np.float64(25.745540612027153), np.float64(25.745540612027153)]
HOF ITEM
25.745540612027153
-3.092194885769448,-2.990089157492787,-3.804533032323586,-4.95256035127283,4.825292601241589,-5.502165684279883,5.936424182530332,1.0511499888658928,0.747308308423533,4.377687380462612,0.7343096783097869,0.29171038879221073,-1.8814706505085808,2.1173963999775833,-0.5246207038359457
HOF ITEM
25.74554064372802
-3.092194885769448,-2.990089157492787,-3.804533032323586,-4.95256035127283,4.825292601241589,-5.502165684279883,6.337452211922565,1.097817125494311,0.4759331910097953,4.367830893987323,0.3574925676608206,0.29171038879221073,-1.8814706505085808,2.1173963999775833,-0.5246207038359457
HOF ITEM
25.745541090788205
-3.092194885769448,-3.1948806913432017,-3.804533032323586,-4.941216572056896,4.825292601241589,-5.502165684279883,5.936424182530332,1.097817125494311,0.4759331910097953,4.367830893987323,0.3574925676608206,-0.30545535635828136,-1.8814706505085808,2.1173963999775833,-0.5246207038359457
HOF ITEM
25.74557651004915
-3.092194885769448,-3.1948806913432017,-3.804533032323586,-4.941216572056896,4.648948192279971,-5.502165684279883,7.0,1.369246516745281,0.7002511437249308,4.71768778705299,0.1052108005262914,-0.30545535635828136,-1.8814706505085808,2.1173963999775833,-0.5246207038359457
HOF ITEM
25.74557661029044
-3.092194885769448,-3.1948806913432017,-3.804533032323586,-4.941216572056896,4.648948192279971,-5.502165684279883,6.337452211922565,1.097817125494311,0.4759331910097953,4.367830893987323,0.3574925676608206,-0.30545535635828136,-1.8814706505085808,2.1173963999775833,-0.5246207038359457
seed 863
Initial fitness values: [np.float64(30.177604457894198), np.float64(29.45968675819404), np.float64(26.72653473437834), np.float64(26.72653473437834), np.float64(26.72653473437834), np.float64(26.617681758888246), np.float64(26.580585160646645), np.float64(26.077526957103416), np.float64(26.032137892217882), np.float64(25.93090378565018)]
Final fitness values: [np.float64(25.758348234642643), np.float64(25.758348234642643), np.float64(25.758348234642643), np.float64(25.758348234642643), np.float64(25.758348234642643), np.float64(25.758348234642643), np.float64(25.758348234642643), np.float64(25.758348234642643), np.float64(25.758348234642643), np.float64(25.758348234642643)]
HOF ITEM
25.758348234642643
-2.0720152148378244,-2.399671228940345,-3.322089903259843,-3.7900913164775814,-0.4369611749000526,-5.209048037435382,4.913618389741446,0.7136034795324971,1.1850620173623345,-1.3258231304581216,2.1444429557066136,-3.900387854084373,4.028780777141436,0.0,-6.127446139602524
HOF ITEM
25.758349757998303
-2.0720152148378244,-2.1352768142161334,-3.322089903259843,-3.7900913164775814,-0.4369611749000526,-5.209048037435382,4.8607835531547225,0.7136034795324971,1.2450214355305782,-1.3258231304581216,2.1444429557066136,-3.900387854084373,4.028780777141436,0.0,-6.127446139602524
HOF ITEM
25.758351652358822
-2.0720152148378244,-2.399671228940345,-3.322089903259843,-3.7900913164775814,-0.4369611749000526,-5.209048037435382,4.913618389741446,0.7136034795324971,1.2461923113142497,-1.3258231304581216,2.1444429557066136,-3.900387854084373,4.028780777141436,0.0,-6.127446139602524
HOF ITEM
25.75835369445387
-2.0720152148378244,-2.326529557054981,-3.322089903259843,-3.7900913164775814,-0.4369611749000526,-5.209048037435382,4.883344795572894,0.7136034795324971,1.2461923113142497,-1.3258231304581216,2.1444429557066136,-3.900387854084373,4.028780777141436,0.0,-6.127446139602524
HOF ITEM
25.758470293668204
-2.0720152148378244,-2.399671228940345,-3.322089903259843,-3.7900913164775814,-0.4369611749000526,-5.209048037435382,4.74894280738592,0.6012855019545944,1.1850620173623345,-1.3258231304581216,2.1444429557066136,-3.900387854084373,4.028780777141436,0.0,-6.127446139602524
seed 864
Initial fitness values: [np.float64(29.52066844139274), np.float64(28.998203038914664), np.float64(27.376618219364538), np.float64(27.376618219364538), np.float64(27.30611610649254), np.float64(26.755606150254383), np.float64(26.72624286013208), np.float64(26.36286641230027), np.float64(26.11716519301764), np.float64(25.87337643018433)]
Final fitness values: [np.float64(23.797914177130878), np.float64(23.797914177130878), np.float64(23.79781037326454), np.float64(23.79781037326454), np.float64(23.79781037326454), np.float64(23.79781037326454), np.float64(23.797810342588786), np.float64(23.79780922961641), np.float64(23.79780922961641), np.float64(23.79780922961641)]
HOF ITEM
23.79780922961641
3.3707747858689543,-0.2926758275578249,6.728531491275553,-2.514444187829582,-7.0,6.872932293255546,-4.721279476378394,2.5995798324511985,3.2599546086277758,1.2626939724261892,2.4517858069604417,-0.4516048705310671,-0.9135301122057546,2.2941260437388715,-0.3224091350208285
HOF ITEM
23.79780922961641
3.3707747858689543,-0.2926758275578249,6.728531491275553,-2.514444187829582,-7.0,6.872932293255546,-4.877940065420503,2.603901854107917,3.2599546086277758,1.2626939724261892,2.4517858069604417,-0.4516048705310671,-0.9135301122057546,2.2941260437388715,-0.3224091350208285
HOF ITEM
23.79780931661907
3.3707747858689543,-0.2926758275578249,6.728531491275553,-2.514444187829582,-7.0,6.8778942581265134,-4.721279476378394,2.5995798324511985,3.2599546086277758,1.2626939724261892,2.4517858069604417,-0.4516048705310671,-1.1266810793854005,2.2941260437388715,-0.3224091350208285
HOF ITEM
23.797809340284452
3.3707747858689543,-0.2926758275578249,6.728531491275553,-2.514444187829582,-7.0,6.872932293255546,-4.877940065420503,2.5995798324511985,3.2599546086277758,1.2626939724261892,2.4517858069604417,-0.4516048705310671,-1.1266810793854005,2.2941260437388715,-0.3224091350208285
HOF ITEM
23.797809340284452
3.3707747858689543,-0.2926758275578249,6.728531491275553,-2.514444187829582,-7.0,6.872932293255546,-4.877940065420503,2.603901854107917,3.2599546086277758,1.2626939724261892,2.4517858069604417,-0.4516048705310671,-1.1266810793854005,2.2941260437388715,-0.3224091350208285
seed 865
Initial fitness values: [np.float64(30.98803882227491), np.float64(29.253075015493497), np.float64(27.62992130220103), np.float64(26.251844473495808), np.float64(24.071589523087557), np.float64(24.071589523087557), np.float64(24.071589523087557), np.float64(24.065263269160372), np.float64(23.870822038960245), np.float64(23.870822038960245)]
Final fitness values: [np.float64(23.52129132913477), np.float64(23.520378791109522), np.float64(23.520378791102928), np.float64(23.520378790922006), np.float64(23.520378790922006), np.float64(23.520378790922006), np.float64(23.520378790922006), np.float64(23.520378790922006), np.float64(23.520378790922006), np.float64(23.520378790922006)]
HOF ITEM
23.520378790922006
-0.6143781876972393,1.2651410177961329,-4.087699793722856,-6.513882688414378,5.918982596685591,0.13309031553179146,-3.272224786863131,2.377367740938021,5.504629040083091,-0.10350020888205955,2.7541985005258285,-6.323259820760286,3.3616950877534593,2.009395548912515,-3.0662464307844592
HOF ITEM
23.520378790924585
-0.6143781876972393,1.2651410177961329,-4.087699793722856,-6.513882688414378,5.918982596685591,0.13309031553179146,-3.272224786863131,2.377367740938021,5.504629040083091,-0.10350020888205955,2.7541985005258285,-6.323259820760286,3.3616950877534593,2.009395548912515,-2.844998704515725
HOF ITEM
23.52037879092566
-0.6143781876972393,1.2651410177961329,-4.087699793722856,-6.513882688414378,5.918982596685591,0.13309031553179146,-3.272224786863131,2.377367740938021,5.504629040083091,-0.10350020888205955,2.7541985005258285,-6.323259820760286,3.3616950877534593,2.009395548912515,-2.7658820995702675
HOF ITEM
23.520378790960883
-0.6143781876972393,1.2651410177961329,-4.087699793722856,-6.513882688414378,5.918982596685591,0.13309031553179146,-3.272224786863131,2.377367740938021,5.504629040083091,-0.10350020888205955,2.7541985005258285,-6.323259820760286,3.3885336192297584,2.009395548912515,-3.0662464307844592
HOF ITEM
23.520378791102527
-0.6143781876972393,1.2651410177961329,-4.087699793722856,-6.513882688414378,5.918982596685591,0.13309031553179146,-3.272224786863131,2.377367740938021,5.504629040083091,-0.10350020888205955,2.7541985005258285,-6.323259820760286,3.3616950877534593,2.102214323214261,-3.0662464307844592
seed 866
Initial fitness values: [np.float64(31.235899415902786), np.float64(29.245093586080824), np.float64(28.677163132299537), np.float64(28.673377984182075), np.float64(28.657271061214235), np.float64(28.625256728407752), np.float64(28.60865089848374), np.float64(28.497168663416865), np.float64(28.44304159911279), np.float64(28.29050351033884)]
Final fitness values: [np.float64(28.221066162325286), np.float64(28.221066162325286), np.float64(28.21983623288887), np.float64(28.21983623288887), np.float64(28.219808904402985), np.float64(28.219808904402985), np.float64(28.2191456321496), np.float64(28.2191456321496), np.float64(28.2191456321496), np.float64(28.21874847336232)]
HOF ITEM
28.21874847336232
-6.652125396190299,1.0351807396300299,5.246406122922896,5.14173110878025,0.45181166482510715,2.8082215117587994,6.646853162164999,0.6929667784402184,5.769240588100173,-4.673956770048712,0.9469170203977267,-4.384994522678474,5.894081795429113,0.0,5.254664627415231
HOF ITEM
28.219145631266063
-6.652125396190299,1.0351807396300299,5.246406122922896,5.14173110878025,-0.09984794347465856,2.8082215117587994,6.581512516823642,0.8354417778063895,6.158700268373803,-4.66516329909734,0.9469170203977267,-4.384994522678474,5.6271573307781315,0.0,5.254664627415231
HOF ITEM
28.2191456321496
-6.652125396190299,1.0351807396300299,5.246406122922896,5.14173110878025,-0.09984794347465856,2.8082215117587994,6.369621517210242,0.8354417778063895,6.158700268373803,-4.66516329909734,0.9469170203977267,-4.384994522678474,5.6271573307781315,0.0,5.254664627415231
HOF ITEM
28.21914578999955
-6.652125396190299,1.0351807396300299,5.246406122922896,5.14173110878025,-0.09984794347465856,2.8082215117587994,6.581512516823642,0.6455613074561146,6.158700268373803,-4.66516329909734,0.9469170203977267,-4.384994522678474,5.6271573307781315,0.0,5.254664627415231
HOF ITEM
28.219145869736955
-6.652125396190299,1.0351807396300299,5.246406122922896,5.14173110878025,-0.09984794347465856,2.8082215117587994,6.369621517210242,0.6455613074561146,6.158700268373803,-4.66516329909734,0.9469170203977267,-4.384994522678474,5.6271573307781315,0.0,5.254664627415231
seed 867
Initial fitness values: [np.float64(31.048652655037657), np.float64(27.21469305541922), np.float64(26.351477388718514), np.float64(26.351477388718514), np.float64(25.895045080692135), np.float64(24.94702882487806), np.float64(24.688932354269763), np.float64(24.616588197945617), np.float64(24.100319595316485), np.float64(23.710574000701687)]
Final fitness values: [np.float64(23.5384465066225), np.float64(23.538300792434715), np.float64(23.538300792434715), np.float64(23.537030828342264), np.float64(23.537030828342264), np.float64(23.534155877637257), np.float64(23.534155877637257), np.float64(23.532205325659785), np.float64(23.531914654326293), np.float64(23.530343093957562)]
HOF ITEM
23.530343093957562
1.338051380983699,0.5186790584174912,-0.05948949458161479,-6.534425226126074,6.78327527414526,0.5384027875839674,4.592538912069823,0.12088131032879446,-3.4652119475162326,-1.2467832843949882,1.6018253794737485,1.1063567951970568,1.0583907890629025,2.8047224398479513,-0.9586454104155334
HOF ITEM
23.531914654326293
1.338051380983699,0.5186790584174912,-0.05948949458161479,-6.534425226126074,6.78327527414526,0.5384027875839674,4.381934203166197,0.3719990230517229,-3.4652119475162326,-1.2467832843949882,1.6018253794737485,0.9654474311830588,1.0583907890629025,2.8047224398479513,-0.9586454104155334
HOF ITEM
23.532205325659785
1.338051380983699,0.5186790584174912,-0.05948949458161479,-6.534425226126074,6.78327527414526,0.5384027875839674,4.381934203166197,0.3719990230517229,-3.997462748583915,-1.1546189491420342,1.6018253794737485,1.1063567951970568,1.0583907890629025,2.8047224398479513,-0.9586454104155334
HOF ITEM
23.532880277012143
1.338051380983699,0.5186790584174912,-0.05948949458161479,-6.39521037015379,6.976812181272969,0.5384027875839674,4.524211014692445,0.0175454729238316,-3.5874174503020337,-1.3254591511554727,1.6031746041250514,0.9654474311830588,1.0583907890629025,2.8047224398479513,-0.9586454104155334
HOF ITEM
23.53415540181376
1.338051380983699,0.5186790584174912,-0.05948949458161479,-6.506815812921695,6.976812181272969,0.5384027875839674,4.381934203166197,0.12088131032879446,-3.4652119475162326,-1.2467832843949882,1.6018253794737485,0.9654474311830588,1.0583907890629025,2.8047224398479513,-0.9586454104155334
seed 868
Initial fitness values: [np.float64(28.365823639058256), np.float64(28.365823639058256), np.float64(28.047673535635724), np.float64(28.046376223093564), np.float64(27.180965088977857), np.float64(27.03677548027712), np.float64(27.009454919567553), np.float64(26.588662383649876), np.float64(26.58494718145833), np.float64(26.15365072463329)]
Final fitness values: [np.float64(25.71977726697446), np.float64(25.71977726697446), np.float64(25.71977726697446), np.float64(25.71977726697446), np.float64(25.71977726697446), np.float64(25.71977726697446), np.float64(25.71977726697446), np.float64(25.715749753877564), np.float64(25.715749753877564), np.float64(25.715748775711486)]
HOF ITEM
25.715748775711486
-4.83258974510218,-1.6340190899706204,-0.695748282670979,1.078402018644294,4.396818928629654,7.0,-3.519158527054358,2.119608547588307,2.8772066792218074,2.331452413317563,0.19766447616099503,-5.465533832462627,-1.095858709428368,0.13815644978839797,-4.960429896412379
HOF ITEM
25.7157489810531
-4.83258974510218,-1.6340190899706204,-0.695748282670979,1.078402018644294,4.396818928629654,7.0,-3.519158527054358,2.119608547588307,2.8772066792218074,2.331452413317563,0.19766447616099503,-5.465533832462627,-1.095858709428368,0.13815644978839797,-4.901707175728399
HOF ITEM
25.715749753877564
-4.83258974510218,-2.411309020203465,-0.695748282670979,1.078402018644294,4.396818928629654,7.0,-3.519158527054358,2.119608547588307,2.8772066792218074,2.331452413317563,0.19766447616099503,-5.465533832462627,-1.095858709428368,0.13815644978839797,-4.901707175728399
HOF ITEM
25.716032304354048
-4.83258974510218,-1.6340190899706204,-0.695748282670979,1.078402018644294,4.396818928629654,7.0,-3.519158527054358,2.119608547588307,2.8772066792218074,2.331452413317563,0.19766447616099503,-5.686414006413071,-1.095858709428368,0.519131142019147,-4.960429896412379
HOF ITEM
25.716038730956015
-4.83258974510218,-1.6340190899706204,-0.695748282670979,1.078402018644294,4.396818928629654,7.0,-3.519158527054358,2.119608547588307,2.8772066792218074,2.331452413317563,0.19766447616099503,-5.465533832462627,-1.095858709428368,0.519131142019147,-4.960429896412379
seed 869
Initial fitness values: [np.float64(30.94609976277708), np.float64(28.844398488306403), np.float64(26.746104652175358), np.float64(26.746104652175358), np.float64(26.69157626396144), np.float64(25.858370207330243), np.float64(25.858370207330243), np.float64(25.29565434065496), np.float64(25.0674497000252), np.float64(25.0674497000252)]
Final fitness values: [np.float64(23.624758332867195), np.float64(23.6247496323368), np.float64(23.623749737895785), np.float64(23.623749737895785), np.float64(23.621101935997334), np.float64(23.58067065815308), np.float64(23.56202907241219), np.float64(23.548069264549664), np.float64(23.548069264549664), np.float64(23.52727003314915)]
HOF ITEM
23.52727003314915
-2.021336339109905,1.4914733579095387,-1.491962309511805,-2.0305189430335346,4.9063973915201196,-1.3424793423974044,-5.717622971270732,2.6519454142499526,-6.882651678409137,3.042231198365029,1.5543958749226332,0.43373130951673755,-0.862660062638788,2.5945885940937914,-0.8046909869267226
HOF ITEM
23.548069264549664
-2.021336339109905,1.4914733579095387,-1.6139357914588983,-2.081827270454358,4.634779743667297,-1.3424793423974044,-5.717622971270732,2.0227813526776,-6.904575049480398,3.300897191726119,1.2928678692953564,-0.41670138356492753,-0.862660062638788,2.608537235204557,-0.8469777911068599
HOF ITEM
23.548069604421602
-2.021336339109905,1.4914733579095387,-1.6139357914588983,-2.081827270454358,4.634779743667297,-1.3424793423974044,-5.154920981683645,2.0350060552498315,-6.882651678409137,3.300897191726119,1.2928678692953564,-0.41670138356492753,-0.862660062638788,2.608537235204557,-0.8469777911068599
HOF ITEM
23.55025702493707
-2.021336339109905,1.4914733579095387,-1.6970699296106775,-1.6695962899246997,4.863115621749344,-1.3424793423974044,-5.717622971270732,2.0227813526776,-6.904575049480398,3.300897191726119,1.5543958749226332,-0.660251625588302,-0.862660062638788,2.6919585699678175,-0.875644556775121
HOF ITEM
23.550454010928515
-2.021336339109905,1.4914733579095387,-1.6139357914588983,-2.081827270454358,4.718799258166196,-1.3424793423974044,-6.185921455096237,1.9499045957078907,-6.950036712280568,3.4291221845421744,0.9631645003332376,-0.32447058430535525,-0.862660062638788,2.608537235204557,-0.8469777911068599
best parameter set
fitness 23.470513862545733 seed 869
-2.019759313915923,1.5064999520426114,-1.4913669182771028,-2.030201031667962,4.906082026487254,-1.343075925837912,-5.717622971270732,2.6519454142499526,-6.882652136456481,3.042231198365029,1.5543958757913894,0.43373146364187104,-0.8616849486990634,2.598248722452211,-0.8068914206352811
