seeds are [540 541 542 543 544 545 546 547 548 549]
seed 540
Initial fitness values: [np.float64(13.482716923779128), np.float64(13.127181888338864), np.float64(12.337679665677333), np.float64(11.967644208781614), np.float64(11.559362539123788), np.float64(11.069655667032935), np.float64(11.069655667032935), np.float64(11.069655667032935), np.float64(11.067308786346294), np.float64(11.063903051373652)]
Final fitness values: [np.float64(10.42728444018312), np.float64(10.42728444018312), np.float64(10.42728444018312), np.float64(10.383914220420582), np.float64(10.383128591872161), np.float64(10.383128591872161), np.float64(10.377004593729147), np.float64(10.354783469187403), np.float64(10.354783469187403), np.float64(10.35155974378278)]
HOF ITEM
10.35155974378278
-3.1012850681464386,1.5580938260692754,4.006393649882771,6.535706407599311,5.679746647190186,4.803634375296297,4.331242735435695,2.3744863223039268,4.0511486831856836,-1.8467282112611834,2.9119803892296416,-0.6889634072494565,4.461799648185109,0.0549980387058413,7.0
HOF ITEM
10.352345514225838
-3.1012850681464386,1.5580938260692754,4.006393649882771,6.535706407599311,5.679746647190186,4.803634375296297,4.331242735435695,2.3744863223039268,4.0511486831856836,-1.8467282112611834,2.9145840142524753,-0.6889634072494565,4.461799648185109,0.0549980387058413,7.0
HOF ITEM
10.354783469187403
-3.1012850681464386,1.5580938260692754,3.936265705080463,6.535706407599311,5.679746647190186,4.7580462126291945,4.018555869721995,2.3108402034566295,4.197403514069565,-1.8467282112611834,2.9119803892296416,-0.6889634072494565,4.461799648185109,0.0549980387058413,7.0
HOF ITEM
10.354783469187403
-3.1012850681464386,1.5580938260692754,3.936265705080463,6.535706407599311,5.679746647190186,4.7580462126291945,4.018555869721995,2.6006208340547605,4.197403514069565,-1.8467282112611834,2.9119803892296416,-0.6889634072494565,4.461799648185109,0.0549980387058413,7.0
HOF ITEM
10.361875178251662
-3.1012850681464386,1.5580938260692754,3.936265705080463,6.535706407599311,5.679746647190186,4.803634375296297,4.018555869721995,2.6006208340547605,4.197403514069565,-1.8467282112611834,2.9119803892296416,-0.6889634072494565,4.461799648185109,0.0549980387058413,7.0
seed 541
Initial fitness values: [np.float64(13.920304093618846), np.float64(13.508864252713586), np.float64(13.508864252713586), np.float64(13.269775788443514), np.float64(13.246633924343067), np.float64(13.179015872213895), np.float64(13.171397759645476), np.float64(13.154180592194892), np.float64(13.15113838484674), np.float64(13.142212911498966)]
Final fitness values: [np.float64(13.102399569287778), np.float64(13.10176429303484), np.float64(13.101393750285546), np.float64(13.101389357192115), np.float64(13.100775753743614), np.float64(13.100305114931201), np.float64(13.100154493229551), np.float64(13.100142029024928), np.float64(13.100142029024928), np.float64(13.100141393910441)]
HOF ITEM
13.100141393910441
5.370577860484779,-1.0336312571375752,-4.203156705895823,-4.6886221458859145,1.0164406163332593,-4.036809802019256,-4.269885393934322,1.6063005747425079,1.551924664818456,-4.519571658897297,0.0,7.0,1.6903261805646879,0.9190343067421293,-5.7875546769438655
HOF ITEM
13.100142029024928
5.370577860484779,-1.0336312571375752,-4.203156705895823,-4.6886221458859145,1.0164406163332593,-4.036809802019256,-4.0951497231229474,1.6063005747425079,1.551924664818456,-4.519571658897297,0.0,7.0,1.6903261805646879,0.9190343067421293,-5.7875546769438655
HOF ITEM
13.100148093196482
5.370577860484779,-1.0336312571375752,-4.203156705895823,-4.6886221458859145,1.0164406163332593,-4.036809802019256,-4.269885393934322,1.7175796690365952,1.3300648020810735,-4.519571658897297,0.0,7.0,1.6903261805646879,0.9190343067421293,-5.7875546769438655
HOF ITEM
13.100154493229551
5.370577860484779,-1.0336312571375752,-4.203156705895823,-4.6886221458859145,1.0164406163332593,-4.036809802019256,-4.269885393934322,1.6063005747425079,1.092988183407483,-4.519571658897297,0.0,7.0,1.6903261805646879,0.9190343067421293,-5.7875546769438655
HOF ITEM
13.100154589536467
5.370577860484779,-1.0336312571375752,-4.203156705895823,-4.6886221458859145,1.0164406163332593,-4.036809802019256,-4.0951497231229474,1.6997537665878832,1.092988183407483,-4.519571658897297,0.0,7.0,1.6903261805646879,0.9190343067421293,-5.7875546769438655
seed 542
Initial fitness values: [np.float64(13.592343821757321), np.float64(13.343961119689416), np.float64(12.468910249877457), np.float64(12.460669000947917), np.float64(12.382679250712783), np.float64(12.1597052413702), np.float64(12.11922173523367), np.float64(12.060870599187592), np.float64(11.46342231452241), np.float64(11.080708576762179)]
Final fitness values: [np.float64(10.66271896522136), np.float64(10.66271896522136), np.float64(10.66271896522136), np.float64(10.66271896522136), np.float64(10.662708375394443), np.float64(10.662707799543861), np.float64(10.662707799543861), np.float64(10.662707799543861), np.float64(10.662707799543861), np.float64(10.662679853185034)]
HOF ITEM
10.662679853185034
-6.090133311453187,1.570460937538508,2.8659868195518876,-2.169851149420068,5.960808151487482,2.6160844641032623,-2.908371891406956,2.599249333051009,-1.2297925906031186,6.186537753601934,1.4698150252755418,-1.1488774501147285,-4.870735810923585,1.9764496223777146,-0.7389325926741216
HOF ITEM
10.662707799543861
-6.090133311453187,1.570460937538508,2.8651507296015812,-2.169851149420068,5.960808151487482,2.6160844641032623,-2.3604616389108317,2.594186322439287,-1.175999956484166,6.186537753601934,1.2157740180953143,-1.227084913565893,-4.870735810923585,1.9764496223777146,-0.7389325926741216
HOF ITEM
10.662707799543861
-6.090133311453187,1.570460937538508,2.8651507296015812,-2.169851149420068,5.960808151487482,2.6160844641032623,-2.3604616389108317,2.594186322439287,-1.4292455028996354,6.186537753601934,1.2157740180953143,-1.227084913565893,-4.870735810923585,1.9764496223777146,-0.7389325926741216
HOF ITEM
10.662707799543861
-6.090133311453187,1.570460937538508,2.8651507296015812,-2.169851149420068,5.960808151487482,2.6160844641032623,-2.273027722171162,2.599249333051009,-1.4292455028996354,6.186537753601934,1.2157740180953143,-1.227084913565893,-4.870735810923585,1.9764496223777146,-0.7389325926741216
HOF ITEM
10.662707799543861
-6.090133311453187,1.570460937538508,2.8651507296015812,-2.169851149420068,5.960808151487482,2.6160844641032623,-2.273027722171162,2.594186322439287,-1.4292455028996354,6.186537753601934,1.2157740180953143,-1.227084913565893,-4.870735810923585,1.9764496223777146,-0.7389325926741216
seed 543
Initial fitness values: [np.float64(13.898625683746381), np.float64(13.05606889587939), np.float64(12.699583144366507), np.float64(12.049708779691017), np.float64(11.488134798837677), np.float64(11.488134798837677), np.float64(11.258451655978305), np.float64(11.25840556413478), np.float64(11.241883626798453), np.float64(11.236922507491386)]
Final fitness values: [np.float64(10.729726933850582), np.float64(10.726358173764638), np.float64(10.726358173764638), np.float64(10.726311105172103), np.float64(10.72441665118271), np.float64(10.720497995911076), np.float64(10.720497995911076), np.float64(10.720497995911076), np.float64(10.715804723786311), np.float64(10.7138052820549)]
HOF ITEM
10.7138052820549
0.6009978504954552,0.8640576319989242,1.556958510604376,-3.359593229034111,-4.7098582971430005,0.28531178464386175,0.13027772052297681,3.0,-2.053241221412351,5.752945425733458,2.4115487972584795,-1.0162357565065394,0.682337914363636,2.9252373111555663,-4.46377745353963
HOF ITEM
10.715804723786311
0.6009978504954552,0.8640576319989242,1.5300787194246952,-3.6327475224632777,-4.7098582971430005,0.28531178464386175,0.13027772052297681,3.0,-1.968807020860542,5.4058970305993785,2.914293429641824,-1.0457590722786174,0.682337914363636,2.9252373111555663,-4.46377745353963
HOF ITEM
10.715804723786311
0.6009978504954552,0.8640576319989242,1.5300787194246952,-3.6327475224632777,-4.7098582971430005,0.28531178464386175,0.13027772052297681,3.0,-1.968807020860542,5.4058970305993785,2.44662013049122,-1.0457590722786174,0.682337914363636,2.9252373111555663,-4.46377745353963
HOF ITEM
10.720497995911076
0.6009978504954552,0.8640576319989242,1.629844885505589,-3.6327475224632777,-4.7098582971430005,0.28531178464386175,0.13027772052297681,3.0,-1.968807020860542,5.4058970305993785,2.4905501347296184,-1.0457590722786174,0.682337914363636,2.9252373111555663,-4.46377745353963
HOF ITEM
10.720497995911076
0.6009978504954552,0.8640576319989242,1.629844885505589,-3.6327475224632777,-4.7098582971430005,0.28531178464386175,0.13027772052297681,3.0,-1.968807020860542,5.4058970305993785,2.914293429641824,-1.0162357565065394,0.682337914363636,2.9252373111555663,-4.46377745353963
seed 544
Initial fitness values: [np.float64(14.919461015006394), np.float64(14.11883095074969), np.float64(13.212280082828796), np.float64(13.097370312332336), np.float64(12.902625607274251), np.float64(12.823417463556584), np.float64(12.823417463556584), np.float64(12.701766228316627), np.float64(12.673791623425782), np.float64(12.569987193642062)]
Final fitness values: [np.float64(10.003346544291965), np.float64(10.003346544291965), np.float64(10.003346544291965), np.float64(9.977170330031367), np.float64(9.97350139783174), np.float64(9.961991502226548), np.float64(9.961991502226548), np.float64(9.92327917153154), np.float64(9.92327917153154), np.float64(9.92327917153154)]
HOF ITEM
9.92327917153154
6.28627227958005,-1.1639493360757593,2.4147603682999987,4.418335669247254,2.1197739706466883,0.15511178243745516,4.891146731060455,2.9044749019892295,-1.7627590106928386,0.13146359102523272,3.0,1.6836937831220253,0.7514878058224244,0.48399432354228333,-1.9784901225886966
HOF ITEM
9.92327917153154
6.28627227958005,-1.1639493360757593,2.4147603682999987,4.418335669247254,2.1197739706466883,0.15511178243745516,4.6620583986374315,2.9044749019892295,-1.7627590106928386,0.13146359102523272,3.0,1.6836937831220253,0.7514878058224244,0.48399432354228333,-1.9784901225886966
HOF ITEM
9.92327917153154
6.28627227958005,-1.1639493360757593,2.4147603682999987,4.418335669247254,2.1197739706466883,0.15511178243745516,4.891146731060455,2.9044749019892295,-1.652013213543316,0.13146359102523272,3.0,1.6836937831220253,0.7514878058224244,0.48399432354228333,-1.9784901225886966
HOF ITEM
9.92327917153154
6.28627227958005,-1.1639493360757593,2.4147603682999987,4.418335669247254,2.1197739706466883,0.15511178243745516,4.6620583986374315,2.9044749019892295,-1.652013213543316,0.13146359102523272,3.0,1.6836937831220253,0.7514878058224244,0.48399432354228333,-1.9784901225886966
HOF ITEM
9.961991502226548
6.28627227958005,-1.1639493360757593,2.4147603682999987,4.418335669247254,2.1197739706466883,0.15511178243745516,4.6620583986374315,2.8134824191759344,-1.7627590106928386,0.14549614791768162,2.942961911880531,1.7882227635082504,0.7409544048027306,0.48399432354228333,-1.9784901225886966
seed 545
Initial fitness values: [np.float64(14.710607016765763), np.float64(13.99120357689397), np.float64(13.92749273517166), np.float64(13.18782205319402), np.float64(13.106705953742663), np.float64(12.28918053181033), np.float64(12.12081808597627), np.float64(12.007736522750779), np.float64(11.864916209996217), np.float64(11.727343859923794)]
Final fitness values: [np.float64(10.875645591449516), np.float64(10.875402467563429), np.float64(10.875402467563429), np.float64(10.875402467563429), np.float64(10.875402467563429), np.float64(10.875402467563429), np.float64(10.875402467563429), np.float64(10.875402467563429), np.float64(10.875402467563429), np.float64(10.875402467563429)]
HOF ITEM
10.875402467563429
3.855695039944249,-0.4273906041524696,-3.115271920910113,-4.284098318163284,-0.858656295298686,3.065566936732385,1.3330368640728647,3.0,2.99460834125978,3.3003342492062226,0.7324455952821669,-3.1246901646174057,-2.519114090823563,2.7222764825310257,-0.6453971181786995
HOF ITEM
10.875403331497633
3.855695039944249,-0.4273906041524696,-3.115271920910113,-4.284098318163284,-0.858656295298686,3.065566936732385,1.3330368640728647,3.0,2.99460834125978,3.3003342492062226,0.7324455952821669,-3.1246901646174057,-2.4815284663481916,2.7222764825310257,-0.6453971181786995
HOF ITEM
10.875403963688836
3.855695039944249,-0.4273906041524696,-3.115271920910113,-4.284098318163284,-0.858656295298686,3.065566936732385,1.3330368640728647,3.0,2.99460834125978,3.3003342492062226,0.7324455952821669,-3.1246901646174057,-2.519114090823563,2.609142133572114,-0.6453971181786995
HOF ITEM
10.875469266793626
3.855695039944249,-0.4273906041524696,-3.115271920910113,-4.284098318163284,-0.858656295298686,3.065566936732385,1.3330368640728647,3.0,2.99460834125978,3.3003342492062226,0.7324455952821669,-3.1246901646174057,-2.2466489379297756,2.7222764825310257,-0.6453971181786995
HOF ITEM
10.875641843768369
3.855695039944249,-0.4273906041524696,-3.140371771664238,-4.284098318163284,-0.858656295298686,3.065566936732385,1.3330368640728647,3.0,2.99460834125978,3.3003342492062226,0.7324455952821669,-3.1246901646174057,-2.519114090823563,2.7222764825310257,-0.6453971181786995
seed 546
Initial fitness values: [np.float64(14.84289590065966), np.float64(13.953962743296508), np.float64(13.716748084772526), np.float64(13.586750487800968), np.float64(13.346584166583735), np.float64(13.086396064180237), np.float64(12.936775828264283), np.float64(12.865421062990974), np.float64(12.691371185429526), np.float64(12.5431083525147)]
Final fitness values: [np.float64(12.2458367916183), np.float64(12.2458367916183), np.float64(12.2458367916183), np.float64(12.2458367916183), np.float64(12.2458367916183), np.float64(12.2458367916183), np.float64(12.2458367916183), np.float64(12.2458367916183), np.float64(12.2458367916183), np.float64(12.2458367916183)]
HOF ITEM
12.2458367916183
-3.4481066005755485,-2.194600367933302,2.2200992848204213,2.9742416984153244,-7.0,6.358515225135838,-2.156723442519375,1.9804483890334772,0.7260577245147144,5.5591766606662185,0.18083510547518208,6.196274436022565,-0.8224300376594232,2.7797393525399356,6.689649919746325
HOF ITEM
12.2458370082242
-3.4481066005755485,-2.194600367933302,2.2200992848204213,2.9742416984153244,-7.0,6.205982360926573,-2.156723442519375,1.9804483890334772,0.7260577245147144,5.5591766606662185,0.18083510547518208,6.196274436022565,-0.7371722315493183,2.7797393525399356,7.0
HOF ITEM
12.245837381636663
-3.4481066005755485,-2.194600367933302,2.2200992848204213,2.9742416984153244,-7.0,5.9883667834097105,-2.156723442519375,1.9804483890334772,0.7260577245147144,5.5591766606662185,0.18083510547518208,6.196274436022565,-0.7371722315493183,2.7797393525399356,6.689649919746325
HOF ITEM
12.24583738179627
-3.4481066005755485,-2.194600367933302,2.2200992848204213,2.9742416984153244,-7.0,5.9883667834097105,-2.156723442519375,1.9804483890334772,0.7260577245147144,5.5591766606662185,0.18083510547518208,6.196274436022565,-0.7371722315493183,2.7797393525399356,7.0
HOF ITEM
12.245837382928679
-3.4481066005755485,-2.194600367933302,2.2200992848204213,2.9742416984153244,-7.0,5.9883667834097105,-2.156723442519375,1.9804483890334772,0.7260577245147144,5.5591766606662185,0.18083510547518208,6.196274436022565,-0.8224300376594232,2.7797393525399356,6.689649919746325
seed 547
Initial fitness values: [np.float64(14.671177565724129), np.float64(13.776987749114369), np.float64(13.389563330027338), np.float64(12.880174054964469), np.float64(11.881089747306415), np.float64(11.579540275436027), np.float64(11.310039382271713), np.float64(11.310039382271713), np.float64(11.21204815604601), np.float64(11.21204815604601)]
Final fitness values: [np.float64(10.74423478872032), np.float64(10.74370268040506), np.float64(10.74370268040506), np.float64(10.735915655479426), np.float64(10.734806749911117), np.float64(10.734806749911117), np.float64(10.734791041865762), np.float64(10.734773135007071), np.float64(10.734757427829718), np.float64(10.734757427829718)]
HOF ITEM
10.734757427829718
-0.7827285475210293,1.315861649921274,2.449540964741248,-0.8115616449581134,2.6447560838755075,4.303834522566004,0.1893517317037606,2.93378107480278,3.5948724980914344,4.387950959604724,0.49291251658140095,-3.7356332327279085,6.700060847910399,0.3756922005971895,1.6569013229886334
HOF ITEM
10.734773135007071
-0.7827285475210293,1.315861649921274,2.449540964741248,-0.8115616449581134,2.6447560838755075,4.303834522566004,0.1893517317037606,2.93378107480278,3.5948724980914344,4.387950959604724,0.49291251658140095,-3.7356332327279085,6.700060847910399,0.3756922005971895,1.5137700526325382
HOF ITEM
10.734791041865762
-0.7827285475210293,1.315861649921274,2.449540964741248,-0.8115616449581134,2.6447560838755075,4.303834522566004,0.1893517317037606,2.93378107480278,3.5948724980914344,4.3381207956334,0.49291251658140095,-3.7356332327279085,6.700060847910399,0.3756922005971895,1.6569013229886334
HOF ITEM
10.734802261682308
-0.7827285475210293,1.315861649921274,2.449540964741248,-0.8115616449581134,2.6447560838755075,4.303834522566004,0.1893517317037606,2.93378107480278,3.5948724980914344,4.3381207956334,0.49291251658140095,-3.3749644088614468,6.700060847910399,0.3756922005971895,1.5137700526325382
HOF ITEM
10.734806749911117
-0.7827285475210293,1.315861649921274,2.449540964741248,-0.8115616449581134,2.6447560838755075,4.303834522566004,0.1893517317037606,2.93378107480278,3.5948724980914344,4.3381207956334,0.49291251658140095,-3.7356332327279085,6.700060847910399,0.3756922005971895,1.5137700526325382
seed 548
Initial fitness values: [np.float64(13.750495494495764), np.float64(13.62453037581401), np.float64(13.25079949564688), np.float64(13.090627275193992), np.float64(12.907064901580728), np.float64(12.798348204570122), np.float64(12.664601014034552), np.float64(12.576097610962766), np.float64(12.452155993409598), np.float64(12.452099119240952)]
Final fitness values: [np.float64(10.910840320906626), np.float64(10.910815787667563), np.float64(10.910603076286085), np.float64(10.874236839757595), np.float64(10.874235244022556), np.float64(10.873025085240938), np.float64(10.87279331860994), np.float64(10.851838145543677), np.float64(10.851834777398828), np.float64(10.85114701310416)]
HOF ITEM
10.85114701310416
1.0386148040188656,0.6444067100136351,4.429642206234032,-4.217714714864622,-4.575027714284164,5.016707257490896,-3.0299028199973708,0.46907639657204947,-3.5026556313354757,1.0131126003663977,2.678628188191025,-0.4534618517238967,5.153183188389231,0.13894037356207908,0.7525483555886514
HOF ITEM
10.851318514735452
1.0386148040188656,0.6444067100136351,4.619853916135522,-4.217714714864622,-3.9504593736980915,5.190386897097442,-3.406120440810377,0.3718652080664871,-3.1255792075060773,1.0131126003663977,2.678628188191025,-0.4534618517238967,5.439637605054449,0.3282642410683448,0.8910366691242956
HOF ITEM
10.851581709709697
1.0386148040188656,0.6444067100136351,4.928210906416074,-3.865062648483144,-4.675045278569224,5.03088828428881,-3.6378810563583035,0.49783057341563974,-3.7004626552674025,1.0131126003663977,2.678628188191025,-0.4534618517238967,5.153183188389231,0.15403877531506802,0.7325340930320063
HOF ITEM
10.851632092866284
1.0386148040188656,0.6444067100136351,5.034093564435301,-4.217714714864622,-4.575027714284164,5.016707257490896,-3.0299028199973708,0.46907639657204947,-3.5026556313354757,1.0131126003663977,2.678628188191025,-0.4534618517238967,5.153183188389231,0.13894037356207908,0.7525483555886514
HOF ITEM
10.8517047801958
1.0386148040188656,0.6444067100136351,5.034093564435301,-4.343971930194107,-4.675045278569224,5.016707257490896,-3.0299028199973708,0.49783057341563974,-3.7004626552674025,1.0131126003663977,2.678628188191025,-0.4534618517238967,5.153183188389231,0.13894037356207908,0.7525483555886514
seed 549
Initial fitness values: [np.float64(14.465253719137932), np.float64(14.291983920386999), np.float64(13.257612361365538), np.float64(13.194626459225587), np.float64(13.020791076466017), np.float64(12.974918854405953), np.float64(12.858851849621072), np.float64(12.858851849621072), np.float64(12.822001963377197), np.float64(12.82049299778928)]
Final fitness values: [np.float64(12.667040519150106), np.float64(12.667040519150106), np.float64(12.667040519150106), np.float64(12.667040519150106), np.float64(12.667040519150106), np.float64(12.667040519150106), np.float64(12.667040519150106), np.float64(12.667040519150106), np.float64(12.667040519150106), np.float64(12.667040519150106)]
HOF ITEM
12.667040519150106
-2.8770594836679897,-3.495904610517852,5.727839845002059,-0.7991786224972042,0.7248407935801022,6.561612625428377,-6.364048364651759,3.0,4.900801012628779,-0.49249272789443943,0.7361047137735893,-6.764589119105881,-2.3719222202231984,1.4384187724158166,-3.4319069601230434
HOF ITEM
12.667040519150106
-2.8770594836679897,-3.495904610517852,5.727839845002059,-0.7991786224972042,0.7248407935801022,6.561612625428377,-6.482076043655493,3.0,4.900801012628779,-0.49249272789443943,0.7361047137735893,-6.764589119105881,-2.3719222202231984,1.4384187724158166,-3.4319069601230434
HOF ITEM
12.680748312881594
-2.8770594836679897,-3.495904610517852,5.544736390331157,-0.7991786224972042,0.8071332068549583,6.561612625428377,-6.43922094098276,3.0,4.900801012628779,-0.49249272789443943,0.9830021168784189,-6.764589119105881,-2.3472450255891824,1.7259898650051049,-3.781080257952712
HOF ITEM
12.684248543364266
-2.8770594836679897,-3.143107572351674,5.727839845002059,-0.7991786224972042,0.4622106955656847,6.561612625428377,-6.131743447156493,3.0,4.900801012628779,-0.5290452949112615,0.7535030834471863,-6.764589119105881,-2.408314750099501,1.4384187724158166,-3.4527791922819158
HOF ITEM
12.684459298786518
-2.8770594836679897,-3.495904610517852,5.727839845002059,-0.7991786224972042,0.5741795757072887,6.561612625428377,-6.482076043655493,3.0,4.900801012628779,-0.49249272789443943,0.7361047137735893,-7.0,-2.365258168117269,1.4384187724158166,-3.6713330579750694
best parameter set
fitness 9.44166036978196 seed 544
6.329780683775802,-1.1762226296455003,2.210913819262317,4.645638898050822,1.891851417989314,0.37842394658658174,4.891146731060455,2.9044749019892295,-1.7627590106928386,0.1317163882946116,2.9804068559763532,1.9176259130775495,-0.02595079864677573,0.5669644806775045,-1.9289522378849264
