seeds are [770 771 772 773 774 775 776 777 778 779]
seed 770
Initial fitness values: [np.float64(30.313809810698142), np.float64(29.325310556251964), np.float64(28.292436360622773), np.float64(28.26797319756941), np.float64(27.73630280089216), np.float64(27.73630280089216), np.float64(27.664619567189373), np.float64(27.664619567189373), np.float64(27.632825976384435), np.float64(27.594179175780994)]
Final fitness values: [np.float64(26.57343175823656), np.float64(26.571785323120967), np.float64(26.571785323120967), np.float64(26.571785323120967), np.float64(26.561701460286766), np.float64(26.561701460286766), np.float64(26.561701460286766), np.float64(26.561701460286766), np.float64(26.561701460286766), np.float64(26.561701460286766)]
HOF ITEM
26.561701460286766
-5.2899147520674825,-0.8088647798143539,2.4509915474418347,-0.9240261610283272,-0.22723933883817077,-0.6898770353224192,6.314269649377088,1.5673000754208346,6.78374984848481,-4.763131578685339,0.0,-4.325550658540981,-3.3432460414315157,1.1254796289082545,5.505534212499784
HOF ITEM
26.565941313117353
-5.2899147520674825,-0.8088647798143539,2.0935500311621387,-0.9240261610283272,-0.22723933883817077,-0.7084015860335149,6.314269649377088,1.5673000754208346,6.451289323870536,-4.763131578685339,0.0,-4.325550658540981,-3.3432460414315157,1.1254796289082545,5.505534212499784
HOF ITEM
26.569034754080818
-5.2899147520674825,-0.8088647798143539,2.4509915474418347,-0.9240261610283272,-0.22723933883817077,-0.6898770353224192,6.314269649377088,1.591404878251008,6.3714381954885,-4.763131578685339,0.0,-4.325550658540981,-3.3161002515418874,1.1235478922266062,5.563339905577884
HOF ITEM
26.56946804580583
-5.2899147520674825,-0.8814626273486131,2.4509915474418347,-0.9240261610283272,-0.22723933883817077,-0.6898770353224192,6.314269649377088,1.5673000754208346,6.78374984848481,-4.763131578685339,0.0,-4.325550658540981,-3.3432460414315157,1.1254796289082545,5.505534212499784
HOF ITEM
26.571785323120967
-5.2899147520674825,-0.8088647798143539,2.4509915474418347,-0.9240261610283272,-0.22723933883817077,-0.6898770353224192,6.314269649377088,1.5673000754208346,6.451289323870536,-4.763131578685339,0.0,-4.325550658540981,-3.3432460414315157,1.1235478922266062,5.505534212499784
seed 771
Initial fitness values: [np.float64(28.92232469291124), np.float64(28.92232469288153), np.float64(28.33967532019344), np.float64(28.097308603763214), np.float64(26.819411495284402), np.float64(26.660081572588503), np.float64(26.205998718567024), np.float64(25.867995220254738), np.float64(25.867995220254738), np.float64(25.291390737076984)]
Final fitness values: [np.float64(24.253084166797173), np.float64(24.253084166797173), np.float64(24.253084166797173), np.float64(24.253084166797173), np.float64(24.253084166797173), np.float64(24.253084166797173), np.float64(24.25305437626985), np.float64(24.25305437626985), np.float64(24.25305432469883), np.float64(24.253054322825193)]
HOF ITEM
24.253054322825193
5.289210959765978,-1.3659831731910117,5.580039457298498,2.8320008240983188,-6.370093194462117,0.34406322536595363,-3.3130933441533377,2.796990850257224,-7.0,1.2168637381883434,1.9850798734748132,-0.5254105031604471,4.329969117513895,3.0,5.830894293208856
HOF ITEM
24.25305432469883
5.289210959765978,-1.3659831731910117,5.580039457298498,2.8320008240983188,-6.370093194462117,0.34406322536595363,-3.3130933441533377,2.7025636611942385,-7.0,1.2168637381883434,1.9850798734748132,-0.5254105031604471,4.329969117513895,3.0,5.830894293208856
HOF ITEM
24.25305432469883
5.289210959765978,-1.3659831731910117,5.580039457298498,2.8320008240983188,-6.370093194462117,0.34406322536595363,-3.3130933441533377,2.7025636611942385,-7.0,1.2168637381883434,1.9850798734748132,-0.5254105031604471,4.398257976447519,3.0,5.84576154213215
HOF ITEM
24.25305437626985
5.289210959765978,-1.3659831731910117,5.580039457298498,2.8320008240983188,-6.370093194462117,0.34406322536595363,-3.098335338286212,2.7025636611942385,-7.0,1.2168637381883434,1.9850798734748132,-0.5254105031604471,4.398257976447519,3.0,5.84576154213215
HOF ITEM
24.25305437626985
5.289210959765978,-1.3659831731910117,5.580039457298498,2.8320008240983188,-6.370093194462117,0.34406322536595363,-3.098335338286212,2.7025636611942385,-7.0,1.2168637381883434,1.9850798734748132,-0.5254105031604471,4.398257976447519,3.0,5.830894293208856
seed 772
Initial fitness values: [np.float64(30.562032182195665), np.float64(29.994745297274598), np.float64(27.695155990778336), np.float64(27.289215126701407), np.float64(27.289215126701407), np.float64(27.25889121340143), np.float64(26.745128221843558), np.float64(26.745128221843558), np.float64(26.468679025408296), np.float64(26.445250275188975)]
Final fitness values: [np.float64(25.729586106327364), np.float64(25.729586106327364), np.float64(25.729586106327364), np.float64(25.729586106327364), np.float64(25.729586106327364), np.float64(25.729586106327364), np.float64(25.729582263762104), np.float64(25.729582263762104), np.float64(25.729582263762104), np.float64(25.729576656174245)]
HOF ITEM
25.729576656174245
-5.092581393106112,-3.675799359604981,-5.025340392058322,3.345954450793314,-2.838960779345169,-5.624565937753761,4.799977528340375,1.8631378588161236,4.732711835315864,-3.827196817370892,2.086153787867113,-0.47380374305007167,-0.1018352513274744,1.1220787216870645,4.146100633057748
HOF ITEM
25.729582187752047
-5.092581393106112,-3.675799359604981,-5.025340392058322,3.345954450793314,-2.838960779345169,-5.629305987483777,4.881730051357188,1.8631378588161236,4.732711835315864,-3.827196817370892,2.086153787867113,-0.47380374305007167,0.5002447033812774,1.1220787216870645,4.010210075267896
HOF ITEM
25.729582263762104
-5.092581393106112,-3.5530446083722986,-5.025340392058322,3.345954450793314,-2.838960779345169,-5.629305987483777,4.881730051357188,1.8631378588161236,4.732711835315864,-3.827196817370892,2.086153787867113,-0.47380374305007167,0.5002447033812774,1.1220787216870645,4.146100633057748
HOF ITEM
25.729582263762104
-5.092581393106112,-3.675799359604981,-5.025340392058322,3.345954450793314,-2.838960779345169,-5.629305987483777,4.881730051357188,1.8631378588161236,4.732711835315864,-3.827196817370892,2.086153787867113,-0.47380374305007167,0.5002447033812774,1.1220787216870645,4.146100633057748
HOF ITEM
25.729586005678097
-5.092581393106112,-3.675799359604981,-5.025340392058322,3.345954450793314,-2.838960779345169,-5.629305987483777,4.881730051357188,1.8631378588161236,4.732711835315864,-3.827196817370892,2.086153787867113,-0.47380374305007167,0.5002447033812774,1.301710768332094,4.146100633057748
seed 773
Initial fitness values: [np.float64(30.320906931766505), np.float64(27.958447542273554), np.float64(27.597435522337953), np.float64(27.597435522337953), np.float64(26.793935419371895), np.float64(26.68430219053885), np.float64(26.61142582848822), np.float64(26.60246810789689), np.float64(26.60246810789689), np.float64(26.60246810789689)]
Final fitness values: [np.float64(26.134390150977673), np.float64(26.134390150977673), np.float64(26.134390150971026), np.float64(26.134390150971026), np.float64(26.134390150971026), np.float64(26.134390150971026), np.float64(26.134390150971026), np.float64(26.134390150971026), np.float64(26.134390150971026), np.float64(26.134390150971026)]
HOF ITEM
26.134390150971026
-5.225057747768456,-2.7144074622938192,2.8625012110362955,-2.214131581541381,-0.7188680841829103,-4.560068508344216,-4.5184217749968765,2.1783832864931254,5.170920927215001,-4.528795010235528,1.4661133974532181,-2.736029143223083,2.1121275615518162,1.692915428104725,-5.7793655018913945
HOF ITEM
26.134390150971026
-5.225057747768456,-2.8360158957711827,2.8625012110362955,-2.214131581541381,-0.7188680841829103,-4.560068508344216,-4.5184217749968765,2.1783832864931254,5.170920927215001,-4.528795010235528,1.4661133974532181,-2.736029143223083,2.1121275615518162,1.692915428104725,-5.714048827524205
HOF ITEM
26.134390150971026
-5.225057747768456,-2.8360158957711827,2.8625012110362955,-2.214131581541381,-0.7188680841829103,-4.560068508344216,-4.5184217749968765,2.1783832864931254,5.170920927215001,-4.528795010235528,1.4661133974532181,-2.736029143223083,2.1121275615518162,1.692915428104725,-5.7793655018913945
HOF ITEM
26.13439015097208
-5.225057747768456,-2.8360158957711827,2.8625012110362955,-2.214131581541381,-0.7188680841829103,-4.560068508344216,-4.5184217749968765,2.1783832864931254,5.170920927215001,-4.528795010235528,1.4661133974532181,-2.736029143223083,1.8667654002466827,1.692915428104725,-5.7793655018913945
HOF ITEM
26.13439015097208
-5.225057747768456,-2.8360158957711827,2.8625012110362955,-2.214131581541381,-0.7188680841829103,-4.560068508344216,-4.5184217749968765,2.1783832864931254,5.170920927215001,-4.528795010235528,1.4661133974532181,-2.736029143223083,1.8667654002466827,1.692915428104725,-5.714048827524205
seed 774
Initial fitness values: [np.float64(28.48814874303474), np.float64(28.48814874303474), np.float64(25.916091280837467), np.float64(25.916091280837467), np.float64(24.802666358524483), np.float64(23.58387454144672), np.float64(23.583855827924925), np.float64(23.246378547028755), np.float64(23.185024131617812), np.float64(23.185024131617812)]
Final fitness values: [np.float64(22.594321628511484), np.float64(22.594321628511484), np.float64(22.594321628511484), np.float64(22.594321628511484), np.float64(22.594321628511484), np.float64(22.594321628511484), np.float64(22.594321628511484), np.float64(22.594321628511484), np.float64(22.594321628511484), np.float64(22.594321628511484)]
HOF ITEM
22.594321628511484
-5.176196881266169,1.8604569210287765,3.064826599217064,-6.759954285945743,2.329625462997102,2.485441985239714,-5.6058418414195375,2.0084264811776307,-3.3008093769222673,-4.568999346908092,1.5618575190922512,2.0726241514833035,-4.394951030959153,0.2547452585430096,-2.5329009087415266
HOF ITEM
22.594321631984467
-5.176196881266169,1.8604569210287765,3.064826599217064,-6.759954285945743,2.329625462997102,2.485441985239714,-5.6463851327777475,2.0084264811776307,-3.2290693035143088,-4.568999346908092,1.5618575190922512,2.0726241514833035,-4.394951030959153,0.2547452585430096,-2.5329009087415266
HOF ITEM
22.594321669516333
-5.176196881266169,1.8604569210287765,3.064826599217064,-6.759954285945743,2.329625462997102,2.485441985239714,-5.6058418414195375,2.0084264811776307,-3.015567490818232,-4.568999346908092,1.5618575190922512,2.0726241514833035,-4.394951030959153,0.2547452585430096,-2.5329009087415266
HOF ITEM
22.594321730729774
-5.176196881266169,1.8604569210287765,3.064826599217064,-6.759954285945743,2.329625462997102,2.485441985239714,-5.373959129839369,2.0084264811776307,-3.3008093769222673,-4.568999346908092,1.5618575190922512,2.0726241514833035,-4.394951030959153,0.2547452585430096,-2.5329009087415266
HOF ITEM
22.59432177044359
-5.176196881266169,1.8604569210287765,3.064826599217064,-6.759954285945743,2.329625462997102,2.485441985239714,-5.373959129839369,2.0084264811776307,-3.015567490818232,-4.568999346908092,1.5618575190922512,2.0726241514833035,-4.394951030959153,0.2547452585430096,-2.5329009087415266
seed 775
Initial fitness values: [np.float64(30.32265216465076), np.float64(28.94671687109103), np.float64(28.19437581433712), np.float64(27.510826303128095), np.float64(26.24195445772865), np.float64(26.24195445772865), np.float64(26.08098975156485), np.float64(24.885894628993842), np.float64(24.704242922859336), np.float64(24.132805174364652)]
Final fitness values: [np.float64(20.85984313134565), np.float64(20.85984313134565), np.float64(20.85984313134565), np.float64(20.85984313134565), np.float64(20.85984313134565), np.float64(20.85984313134565), np.float64(20.85984313134565), np.float64(20.85984313134565), np.float64(20.85984313134565), np.float64(20.85984313134565)]
HOF ITEM
20.85984313134565
-4.072615910479218,1.3290173032965082,3.5570127586980655,2.9721127605437587,-1.7393141868797484,0.35569086727554133,0.23757531362891612,2.707697432945361,-0.7769887067845099,-2.9389723754049215,2.435631924475211,-0.5226179735183244,-4.86466265980215,2.024653975670603,6.114988509456623
HOF ITEM
20.85984313134565
-4.072615910479218,1.3290173032965082,3.5570127586980655,2.9721127605437587,-1.7393141868797484,0.35569086727554133,0.4792054780644451,2.707697432945361,-0.7769887067845099,-2.9389723754049215,2.435631924475211,-0.5226179735183244,-4.86466265980215,2.024653975670603,6.114988509456623
HOF ITEM
20.85984313134565
-4.072615910479218,1.3290173032965082,3.5570127586980655,2.9721127605437587,-1.7393141868797484,0.35569086727554133,0.4792054780644451,2.8402085939638844,-0.4600861114906671,-2.9389723754049215,2.435631924475211,-0.5226179735183244,-4.86466265980215,2.024653975670603,6.114988509456623
HOF ITEM
20.85984313134565
-4.072615910479218,1.3290173032965082,3.5570127586980655,2.9721127605437587,-1.7393141868797484,0.35569086727554133,0.4792054780644451,2.707697432945361,-0.4600861114906671,-2.9389723754049215,2.435631924475211,-0.5226179735183244,-4.86466265980215,2.024653975670603,6.114988509456623
HOF ITEM
20.85984313134565
-4.072615910479218,1.3290173032965082,3.5570127586980655,2.9721127605437587,-1.7393141868797484,0.35569086727554133,0.23757531362891612,2.8402085939638844,-0.4600861114906671,-2.9389723754049215,2.435631924475211,-0.5226179735183244,-4.86466265980215,2.024653975670603,6.114988509456623
seed 776
Initial fitness values: [np.float64(29.77053373410406), np.float64(28.478801152610778), np.float64(28.4778927305369), np.float64(27.431015708327116), np.float64(27.431015708327116), np.float64(27.05230668200069), np.float64(26.77179041068888), np.float64(26.662215318237372), np.float64(26.11618436349899), np.float64(26.11618436349899)]
Final fitness values: [np.float64(23.617309456230895), np.float64(23.609848017775914), np.float64(23.604456775134537), np.float64(23.601896137594533), np.float64(23.584923331055435), np.float64(23.584923331055435), np.float64(23.58216448340072), np.float64(23.58216448340072), np.float64(23.58085849217072), np.float64(23.56985554221745)]
HOF ITEM
23.56985554221745
0.23581592764725526,0.9786654849343671,5.154257591140235,-2.1292277114728138,5.163273552215772,-0.5767262837431111,-3.5085553543659453,2.3089220046597765,-2.509091435028548,-1.7101009662127378,1.5039621424681935,1.169267034341954,0.7081415385796509,2.379078641459977,-0.45757069351413493
HOF ITEM
23.575932645169903
0.23581592764725526,0.9786654849343671,5.154257591140235,-2.0957145803939894,5.421505928330521,-0.5117280436033114,-3.532019960188944,2.4195516233095886,-2.567366349752767,-2.098600460418092,1.7389351672036932,1.3159470633886432,0.7081415385796509,2.379078641459977,-0.45757069351413493
HOF ITEM
23.576764940673804
0.23581592764725526,0.9786654849343671,5.154257591140235,-2.1292277114728138,5.704741783194947,-0.494067537925208,-3.4435421413401164,2.3089220046597765,-2.509091435028548,-2.0280388823955784,1.8305757534710414,1.5757873479265525,0.7081415385796509,2.379078641459977,-0.45757069351413493
HOF ITEM
23.58038032749686
0.23581592764725526,0.9786654849343671,5.230671042062924,-2.3608407213423357,5.556384685219714,-0.667891298281799,-3.4435421413401164,2.3089220046597765,-2.509091435028548,-2.098600460418092,1.7389351672036932,1.3005826954900928,0.7081415385796509,2.379078641459977,-0.45757069351413493
HOF ITEM
23.580597696993927
0.23581592764725526,0.9786654849343671,5.154257591140235,-2.1292277114728138,5.556384685219714,-0.667891298281799,-3.4435421413401164,2.3089220046597765,-2.509091435028548,-2.098600460418092,1.6416078603400865,1.3005826954900928,0.7081415385796509,2.379078641459977,-0.45757069351413493
seed 777
Initial fitness values: [np.float64(28.821914108308583), np.float64(27.131960082291908), np.float64(26.963758187211297), np.float64(26.962455777504285), np.float64(26.47023932697845), np.float64(25.8254053103494), np.float64(25.8254053103494), np.float64(25.75712302701792), np.float64(25.75712302701792), np.float64(25.72318033052296)]
Final fitness values: [np.float64(25.604867594343766), np.float64(25.593164173870562), np.float64(25.566624192943813), np.float64(25.555523224359302), np.float64(25.528346126229792), np.float64(25.502966309599476), np.float64(25.502834238581578), np.float64(25.486166489922233), np.float64(25.44940167921129), np.float64(25.44940167921129)]
HOF ITEM
25.44940167921129
4.500685842745202,-3.6078500656624928,2.0412653790632174,-4.116220941405006,2.863600160873087,-0.037536451623208344,4.991112129790012,1.795704196565799,6.7873698332922086,0.7244136501504348,2.5709347214038694,3.797721529669808,1.213638551364625,1.9476132817736147,-0.5703490881561586
HOF ITEM
25.47446383194442
4.53135610583567,-3.5242843400434634,2.0709477379075376,-3.5672851980242735,2.9232559660046453,0.037590040743717246,4.991112129790012,1.9992440388422748,7.0,0.7244136501504348,2.1729820074159285,3.797721529669808,1.213638551364625,1.9476132817736147,-0.5703490881561586
HOF ITEM
25.48199029821778
4.417543006982997,-3.1220786154747757,2.041779655065892,-3.9518609316200033,3.204543715801987,0.2016827593552906,4.948410145478683,1.4800691769378995,6.63273617264604,0.7244136501504348,2.2699920325822522,3.797721529669808,1.213638551364625,1.975120369113703,-0.5703490881561586
HOF ITEM
25.486166489922233
4.417543006982997,-3.1220786154747757,2.041779655065892,-3.9518609316200033,3.204543715801987,0.2016827593552906,4.948410145478683,1.4800691769378995,6.63273617264604,0.7244136501504348,2.2699920325822522,3.447155755114883,1.213638551364625,1.975120369113703,-0.5703490881561586
HOF ITEM
25.486632783258877
4.53135610583567,-3.5242843400434634,2.0709477379075376,-3.5672851980242735,2.9232559660046453,0.037590040743717246,4.991112129790012,1.9992440388422748,6.7873698332922086,0.7244136501504348,2.111930366573739,3.797721529669808,1.213638551364625,1.9476132817736147,-0.5703490881561586
seed 778
Initial fitness values: [np.float64(27.826991990806825), np.float64(27.55856526359387), np.float64(27.511389699642315), np.float64(26.703450247657603), np.float64(25.75817238270757), np.float64(25.66467134358976), np.float64(25.00743638087037), np.float64(25.00743638087037), np.float64(24.906538106570743), np.float64(24.400153636756897)]
Final fitness values: [np.float64(23.370026023812528), np.float64(23.370026023812528), np.float64(23.370025971301263), np.float64(23.36443171743662), np.float64(23.359133520430312), np.float64(23.359133520430312), np.float64(23.3519332001488), np.float64(23.3519332001488), np.float64(23.35193309954728), np.float64(23.35193309954728)]
HOF ITEM
23.35193309954728
-6.414636151254166,1.5490416430213645,0.7393143821045021,-2.081130968060924,-6.735812729143651,-6.561224055845058,2.8984210083706516,0.7635942512794339,1.9888990325411817,5.300927116669565,0.0,5.105214640461849,-5.237115366532197,1.8941424666730013,-0.8570315772490658
HOF ITEM
23.351933123217318
-6.414636151254166,1.5490416430213645,0.7393143821045021,-2.081130968060924,-6.735812729143651,-6.561224055845058,2.9858200195682483,0.7635942512794339,1.9888990325411817,5.300927116669565,0.0,5.105214640461849,-5.237115366532197,1.8941424666730013,-0.8570315772490658
HOF ITEM
23.351933191738514
-6.414636151254166,1.5490416430213645,0.7393143821045021,-2.081130968060924,-6.735812729143651,-6.561224055845058,2.8984210083706516,0.8321545535240611,1.9888990325411817,5.300927116669565,0.0,5.105214640461849,-5.237115366532197,1.8941424666730013,-0.8570315772490658
HOF ITEM
23.3519332001488
-6.414636151254166,1.5490416430213645,0.7393143821045021,-2.081130968060924,-6.735812729143651,-6.561224055845058,2.9858200195682483,0.8321545535240611,1.9888990325411817,5.300927116669565,0.0,5.105214640461849,-5.237115366532197,1.8941424666730013,-0.8570315772490658
HOF ITEM
23.358884810536907
-6.414636151254166,1.5490416430213645,0.7393143821045021,-2.0456190345687144,-6.735812729143651,-6.561224055845058,2.8984210083706516,0.7635942512794339,1.9888990325411817,5.300927116669565,0.0,5.215889830279852,-5.237115366532197,1.8941424666730013,-0.8570315772490658
seed 779
Initial fitness values: [np.float64(30.00956557111012), np.float64(28.481126194187553), np.float64(28.04432309888172), np.float64(26.310707344592107), np.float64(26.310707344592107), np.float64(26.070637265301027), np.float64(25.99764244758735), np.float64(25.834797449111928), np.float64(25.834797449111928), np.float64(25.776808671014017)]
Final fitness values: [np.float64(25.755157706222988), np.float64(25.755157706222988), np.float64(25.755026517432977), np.float64(25.754662182029932), np.float64(25.754656251308074), np.float64(25.75403892558201), np.float64(25.75403892558201), np.float64(25.74911093973374), np.float64(25.74911093973374), np.float64(25.74911093973374)]
HOF ITEM
25.74911093973374
-2.1301910290828268,-3.0379587936493357,-0.6864947231864684,-5.0140233505563465,1.9311101544152576,4.843286847539639,-0.9160152692254782,2.0892555048794006,6.505702796644031,1.8776781120647401,2.6780259521308496,-0.37319470024132684,-0.16945236816942938,0.9377167511091862,1.349562944159554
HOF ITEM
25.74911093973374
-2.1301910290828268,-3.0379587936493357,-0.6864947231864684,-5.0140233505563465,1.9311101544152576,4.843286847539639,-0.9160152692254782,2.0892555048794006,6.505702796644031,1.8776781120647401,2.6780259521308496,-0.23634116700273425,-0.16945236816942938,0.9377167511091862,1.349562944159554
HOF ITEM
25.750490426949206
-2.1301910290828268,-2.896979192882878,-0.8117429513807872,-5.0140233505563465,1.9311101544152576,4.843286847539639,-0.9160152692254782,2.0915871664128756,6.493749237040262,2.401090820297085,2.6440231689172866,-0.37319470024132684,0.20021525465217033,0.8430018143805046,1.0177266026843035
HOF ITEM
25.752709925357188
-2.1301910290828268,-2.660536664994933,-0.6864947231864684,-5.0140233505563465,1.9311101544152576,5.017085334882452,-0.9160152692254782,2.090967736796805,6.505702796644031,1.8200898185987715,2.463264472654179,-0.3482641026770483,-0.16945236816942938,0.982727644570236,1.349562944159554
HOF ITEM
25.753260151144172
-2.1301910290828268,-2.798004438379293,-0.8117429513807872,-5.0140233505563465,1.9311101544152576,5.017085334882452,-0.9160152692254782,2.0892555048794006,6.493749237040262,1.8776781120647401,2.912337833405058,-0.37319470024132684,-0.16945236816942938,0.9377167511091862,1.349562944159554
best parameter set
fitness 20.759848461316775 seed 775
-4.071691927334704,1.3422892312572876,3.556022762980977,2.973089776151294,-1.7420444077559811,0.35843407591386844,0.23757531362891612,2.8402085939638844,-0.4600861114906671,-2.9362712011510284,2.435269647086751,-0.5196574246961463,-4.864667951176636,2.024655838532351,6.114982428513359
