seeds are [420 421 422 423 424 425 426 427 428 429]
seed 420
Initial fitness values: [np.float64(15.514618478926067), np.float64(14.91962785632901), np.float64(13.611769293495051), np.float64(13.34313350277693), np.float64(13.132434733269443), np.float64(13.123167072064422), np.float64(13.117043548038126), np.float64(13.110456535877127), np.float64(13.10849754708491), np.float64(13.060053562368804)]
Final fitness values: [np.float64(11.095828792299796), np.float64(11.092803812548018), np.float64(11.092282755010748), np.float64(11.089631803990775), np.float64(11.089631803990775), np.float64(11.087974517255315), np.float64(11.087974517255315), np.float64(11.087974517255315), np.float64(11.085418099154921), np.float64(11.085338018702622)]
HOF ITEM
11.085338018702622
5.016166488761404,-0.7282989059436772,4.959624510794314,0.44525532645767535,-3.474355088182879,-4.777937291032206,-3.7231516524905537,0.5324883477735346,5.541208480302468,-4.811287084147304,0.07365026676421549,-1.7780016753461205,4.168116949866797,1.9262883969331424,-0.4947320553523314,1.2911914479617637,2.57159661168868,-0.5475836734039525
HOF ITEM
11.08533802527505
5.016166488761404,-0.7282989059436772,4.959624510794314,0.44525532645767535,-3.474355088182879,-4.777937291032206,-3.7231516524905537,0.5324883477735346,5.541208480302468,-4.811287084147304,0.07365026676421549,-1.7780016753461205,4.168116949866797,1.9262883969331424,-0.26443368694423286,1.2911914479617637,2.57159661168868,-0.5475836734039525
HOF ITEM
11.085338032671627
5.016166488761404,-0.7282989059436772,4.959624510794314,0.44525532645767535,-3.474355088182879,-4.777937291032206,-3.7231516524905537,0.5324883477735346,5.541208480302468,-4.811287084147304,0.07365026676421549,-1.7780016753461205,4.168116949866797,2.00568485128732,-0.22516699501347426,1.2911914479617637,2.57159661168868,-0.5475836734039525
HOF ITEM
11.085401005272292
5.016166488761404,-0.7282989059436772,4.959624510794314,0.44525532645767535,-3.474355088182879,-4.777937291032206,-3.696214726710935,0.5324883477735346,5.541208480302468,-4.811287084147304,0.07365026676421549,-1.7780016753461205,4.168116949866797,2.00568485128732,-0.4947320553523314,1.2911914479617637,2.57159661168868,-0.5475836734039525
HOF ITEM
11.085401009631004
5.016166488761404,-0.7282989059436772,4.959624510794314,0.44525532645767535,-3.474355088182879,-4.777937291032206,-3.696214726710935,0.5324883477735346,5.541208480302468,-4.811287084147304,0.07365026676421549,-1.7780016753461205,5.027596330948548,1.9262883969331424,-0.4947320553523314,1.2911914479617637,2.57159661168868,-0.5475836734039525
seed 421
Initial fitness values: [np.float64(14.83065580428289), np.float64(13.87563224818073), np.float64(13.631949989369026), np.float64(12.692672503692165), np.float64(12.692672503692165), np.float64(11.623503751850716), np.float64(11.623503751850716), np.float64(11.618450402175284), np.float64(11.429799634170209), np.float64(11.226269968515426)]
Final fitness values: [np.float64(10.75871040689992), np.float64(10.724025229630067), np.float64(10.710421582047447), np.float64(10.710421582047447), np.float64(10.710421582047447), np.float64(10.706330809052865), np.float64(10.706330809052865), np.float64(10.706330809052865), np.float64(10.706330809052865), np.float64(10.706330809052865)]
HOF ITEM
10.706330809052865
-3.7393143894344116,1.5508575962846125,-4.257812048045139,-6.195116036109371,-4.846444093891811,6.100157692253628,-5.849791759544014,3.0,-3.3550494531686192,-2.444312894306385,2.605394178603274,1.9833973525161952,-1.2553363406128144,1.4111462302072777,-1.3086728758705484,-3.814257748311686,1.8504918300033513,-1.9193368544328908
HOF ITEM
10.706408040221067
-3.7393143894344116,1.5508575962846125,-4.257812048045139,-6.195116036109371,-4.846444093891811,5.894984965671424,-5.718807034246294,3.0,-3.586503124283997,-2.444312894306385,2.605394178603274,1.9833973525161952,-1.2553363406128144,1.4111462302072777,-1.3086728758705484,-3.595004090590694,1.8504918300033513,-1.9193368544328908
HOF ITEM
10.710161869230186
-3.7393143894344116,1.5508575962846125,-4.257812048045139,-6.195116036109371,-4.846444093891811,6.100157692253628,-5.849791759544014,3.0,-3.3550494531686192,-2.444312894306385,2.605394178603274,1.9833973525161952,-1.2553363406128144,1.4684888523786397,-2.1273165328534773,-3.814257748311686,1.8504918300033513,-1.9193368544328908
HOF ITEM
10.710421582047447
-3.7393143894344116,1.5508575962846125,-4.257812048045139,-6.195116036109371,-4.846444093891811,6.100157692253628,-5.849791759544014,3.0,-3.3550494531686192,-2.444312894306385,2.605394178603274,1.9833973525161952,-1.2553363406128144,1.4684888523786397,-1.3086728758705484,-3.814257748311686,1.8504918300033513,-1.9193368544328908
HOF ITEM
10.710694536398004
-3.7393143894344116,1.5508575962846125,-4.257812048045139,-6.195116036109371,-5.065402170169774,6.05155664947999,-5.849791759544014,3.0,-3.3550494531686192,-2.444312894306385,2.605394178603274,1.9337307017103438,-1.2553363406128144,1.4111462302072777,-1.3086728758705484,-3.814257748311686,1.8504918300033513,-2.0203610869821897
seed 422
Initial fitness values: [np.float64(13.8982963698268), np.float64(13.816048062969411), np.float64(13.376143064068462), np.float64(13.31985418528074), np.float64(12.890278986756709), np.float64(12.890278986756709), np.float64(12.890278986736089), np.float64(12.865290514906098), np.float64(12.865290514906098), np.float64(12.727166877158526)]
Final fitness values: [np.float64(10.701182746892625), np.float64(10.701182746892625), np.float64(10.701182746892625), np.float64(10.701182746892625), np.float64(10.701182746892625), np.float64(10.701182746892625), np.float64(10.701182746892625), np.float64(10.701182746892625), np.float64(10.701182746892625), np.float64(10.701182724783628)]
HOF ITEM
10.701182724783628
-7.0,1.5528833005343674,2.3368709803388166,6.507891230202272,5.488445328881847,-3.2081837521409575,3.8039425860871003,0.2811008873613512,-1.76632800550296,3.22875414674415,2.1855102113033444,2.8803552153264875,3.5841389736520206,1.4092066945720387,2.5763005034882593,-5.763307612150047,1.8026358453737232,-0.481817004315305
HOF ITEM
10.701182746892625
-7.0,1.5528833005343674,2.3368709803388166,6.507891230202272,5.488445328881847,-3.2081837521409575,3.8039425860871003,0.2811008873613512,-2.2153393272963138,3.457321834759679,2.7186424892536767,2.991933605588084,3.544900414478231,1.4092066945720387,2.474243254000121,-5.763307612150047,1.8026358453737232,-0.481817004315305
HOF ITEM
10.701182746892625
-7.0,1.5528833005343674,2.3368709803388166,6.507891230202272,5.488445328881847,-3.2081837521409575,3.8039425860871003,0.2811008873613512,-2.2153393272963138,3.457321834759679,2.7186424892536767,2.991933605588084,3.8644951972925936,1.4092066945720387,2.474243254000121,-5.763307612150047,1.8026358453737232,-0.481817004315305
HOF ITEM
10.701182746892625
-7.0,1.5528833005343674,2.3368709803388166,6.507891230202272,5.488445328881847,-3.2081837521409575,3.8039425860871003,0.2811008873613512,-2.2153393272963138,3.457321834759679,2.5084143813164737,2.991933605588084,3.8644951972925936,1.565014780959252,2.474243254000121,-5.763307612150047,1.8026358453737232,-0.481817004315305
HOF ITEM
10.701182746892625
-7.0,1.5528833005343674,2.3368709803388166,6.507891230202272,5.488445328881847,-3.2081837521409575,3.8039425860871003,0.2811008873613512,-2.2153393272963138,3.457321834759679,2.7186424892536767,2.991933605588084,3.8644951972925936,1.565014780959252,2.474243254000121,-5.763307612150047,1.8026358453737232,-0.481817004315305
seed 423
Initial fitness values: [np.float64(13.925310540390404), np.float64(13.597542963004832), np.float64(12.127582767718403), np.float64(12.127582767718403), np.float64(12.126344901399943), np.float64(12.089052759363621), np.float64(12.069662818976141), np.float64(12.060927165938905), np.float64(12.031906098687164), np.float64(12.010714395514448)]
Final fitness values: [np.float64(11.485434575182575), np.float64(11.481828774521535), np.float64(11.481192006011375), np.float64(11.480466756453335), np.float64(11.479630125468258), np.float64(11.479443889452007), np.float64(11.479443889452007), np.float64(11.456276508476522), np.float64(11.456276508476522), np.float64(11.425441597216428)]
HOF ITEM
11.425441597216428
-3.0505397819282782,2.103823018595017,0.03917363237773598,-4.644206999767887,0.2699166489975401,1.731327920135361,-3.6663879234372057,3.0,-0.8118494181644608,1.0852571047039747,0.44058544961462437,2.121692126436958,3.753496835907502,0.35624304367248755,6.959723667756955,4.545974993519766,0.08244348750864561,0.08328901297333485
HOF ITEM
11.426139472533443
-3.0505397819282782,2.103823018595017,0.03917363237773598,-4.644206999767887,0.2699166489975401,1.8893662383137406,-4.152851344057508,3.0,-0.8118494181644608,1.0852571047039747,0.44058544961462437,1.8837492364847963,3.753496835907502,0.35624304367248755,6.959723667756955,4.481378625257007,0.08244348750864561,0.08328901297333485
HOF ITEM
11.4558113308795
-3.0505397819282782,2.103823018595017,0.03917363237773598,-4.644206999767887,0.2699166489975401,1.731327920135361,-3.717411251826337,3.0,-0.8118494181644608,0.9258899362588029,0.1778990858421347,2.121692126436958,3.5352689348793063,0.35624304367248755,6.860044407103052,4.481378625257007,0.08244348750864561,0.2245288938689432
HOF ITEM
11.456276508476522
-3.0505397819282782,2.103823018595017,0.03917363237773598,-4.644206999767887,0.2699166489975401,1.731327920135361,-3.6663879234372057,3.0,-0.8118494181644608,1.0852571047039747,0.1778990858421347,2.121692126436958,3.5352689348793063,0.35624304367248755,6.860044407103052,4.481378625257007,0.08244348750864561,0.08328901297333485
HOF ITEM
11.4569108034583
-3.0505397819282782,2.103823018595017,0.03917363237773598,-4.644206999767887,0.2699166489975401,1.731327920135361,-3.6663879234372057,3.0,-0.8118494181644608,1.0852571047039747,0.1778990858421347,2.121692126436958,3.753496835907502,0.35624304367248755,6.860044407103052,4.481378625257007,0.08244348750864561,0.08328901297333485
seed 424
Initial fitness values: [np.float64(13.447071680305886), np.float64(13.219325684234917), np.float64(13.219325684234917), np.float64(12.993030012649319), np.float64(12.993030012649319), np.float64(12.283430459117723), np.float64(12.283430459117723), np.float64(11.737524985734463), np.float64(11.737524985734463), np.float64(11.737524985734463)]
Final fitness values: [np.float64(9.611280139517424), np.float64(9.611280139517424), np.float64(9.570368351220493), np.float64(9.570368351220493), np.float64(9.570364195598223), np.float64(9.570364195598223), np.float64(9.570364195598223), np.float64(9.570364195598223), np.float64(9.570364195598223), np.float64(9.570364195598223)]
HOF ITEM
9.570364195598223
5.423004337811481,-1.0107878100194694,-2.9629648900107406,-2.2497505122175703,-4.358034940999485,-2.861591554088557,3.3927470405709963,1.7015144463394254,-1.1738211174238535,0.12618858797948496,2.866890193612024,-1.0661496515201494,4.566091189903769,0.3996529161678225,-6.000031801347107,0.10107965658943993,1.0053273881526432,-2.953464088976615
HOF ITEM
9.570366172548951
5.423004337811481,-1.0107878100194694,-2.9629648900107406,-2.2497505122175703,-4.358034940999485,-2.861591554088557,3.3927470405709963,1.7015144463394254,-1.1738211174238535,0.12618858797948496,2.866890193612024,-1.0661496515201494,4.566091189903769,0.3996529161678225,-6.123335524152507,0.10107965658943993,1.0053273881526432,-2.953464088976615
HOF ITEM
9.570368351220493
5.423004337811481,-1.0107878100194694,-2.9629648900107406,-2.2497505122175703,-4.358034940999485,-2.861591554088557,3.3927470405709963,1.7015144463394254,-1.447120100877718,0.12618858797948496,2.866890193612024,-1.0661496515201494,4.566091189903769,0.3996529161678225,-6.000031801347107,0.10107965658943993,1.0053273881526432,-2.953464088976615
HOF ITEM
9.57037032818226
5.423004337811481,-1.0107878100194694,-2.9629648900107406,-2.2497505122175703,-4.358034940999485,-2.861591554088557,3.3927470405709963,1.7015144463394254,-1.447120100877718,0.12618858797948496,2.866890193612024,-1.0661496515201494,4.566091189903769,0.3996529161678225,-6.123335524152507,0.10107965658943993,1.0053273881526432,-2.953464088976615
HOF ITEM
9.572182972159421
5.423004337811481,-1.0107878100194694,-2.9629648900107406,-2.2497505122175703,-4.358034940999485,-2.861591554088557,3.3927470405709963,1.7015144463394254,-1.447120100877718,0.12618858797948496,2.866890193612024,-1.0661496515201494,4.4076443199732305,0.3996529161678225,-6.000031801347107,0.10107965658943993,1.0053273881526432,-2.953464088976615
seed 425
Initial fitness values: [np.float64(15.242370421001986), np.float64(14.147196409965384), np.float64(13.736224353854277), np.float64(13.657201598174739), np.float64(13.560705852765476), np.float64(13.533366916521997), np.float64(13.511327870026088), np.float64(13.46241422958018), np.float64(13.339682466105701), np.float64(13.339682466105701)]
Final fitness values: [np.float64(10.201777396509), np.float64(10.19570400485928), np.float64(10.140404035192816), np.float64(10.140404035192816), np.float64(10.14040403515327), np.float64(10.12822011902933), np.float64(10.12822011902933), np.float64(10.123050385504776), np.float64(10.105991544621954), np.float64(10.105991544621954)]
HOF ITEM
10.105991544621954
-4.28456045728485,1.5919642936411793,-2.869739897546791,-0.6454113287664892,-7.0,-2.7967091464394405,-3.020140705338669,2.407723849807162,-0.6509660631675462,2.977671206050546,2.205224282659265,-4.6382950567413666,6.2144838476901665,0.0,6.9635124598949645,5.26636580471929,2.4085511900231014,-4.029565438849359
HOF ITEM
10.110551735613365
-4.28456045728485,1.5919642936411793,-2.8305633165662574,-0.6193431963848286,-7.0,-2.7967091464394405,-3.020140705338669,2.407723849807162,-0.6509660631675462,2.977671206050546,2.205224282659265,-4.6382950567413666,6.2144838476901665,0.0,6.9635124598949645,5.26636580471929,2.4085511900231014,-4.029565438849359
HOF ITEM
10.119497121493355
-4.28456045728485,1.5919642936411793,-2.9246448742653524,-0.6193431963848286,-7.0,-2.5437028982899337,-3.020140705338669,2.4307806652317003,-0.6509660631675462,2.977671206050546,2.205224282659265,-4.6382950567413666,6.2144838476901665,0.0,7.0,5.26636580471929,2.4085511900231014,-4.348486303855099
HOF ITEM
10.119497121493355
-4.28456045728485,1.5919642936411793,-2.9246448742653524,-0.6193431963848286,-7.0,-2.5437028982899337,-3.020140705338669,2.4307806652317003,-0.6509660631675462,2.977671206050546,2.205224282659265,-4.6382950567413666,6.2144838476901665,0.0,7.0,5.26636580471929,2.4085511900231014,-4.180150237091293
HOF ITEM
10.119497121493355
-4.28456045728485,1.5919642936411793,-2.9246448742653524,-0.6193431963848286,-7.0,-2.5437028982899337,-3.020140705338669,2.4307806652317003,-0.6509660631675462,2.977671206050546,2.205224282659265,-5.035845491438086,6.2144838476901665,0.0,7.0,5.26636580471929,2.4085511900231014,-4.180150237091293
seed 426
Initial fitness values: [np.float64(13.899575983700878), np.float64(13.425276697627103), np.float64(13.425276697627103), np.float64(13.243242238133542), np.float64(13.20074055309473), np.float64(13.041368424644228), np.float64(12.935091068670891), np.float64(12.849654801351644), np.float64(12.849654801351644), np.float64(12.798681111135371)]
Final fitness values: [np.float64(10.658480734259493), np.float64(10.658480734259493), np.float64(10.65497529336917), np.float64(10.655160517802692), np.float64(10.655160517802692), np.float64(10.655160517802692), np.float64(10.655102629841945), np.float64(10.655102629841945), np.float64(10.655102629841945), np.float64(10.654606270810813)]
HOF ITEM
10.654606270810813
-6.526690422733658,1.549839101285169,0.7256132493314132,5.878372784260414,-4.697633802287469,-5.843472748617634,0.43831969643019764,2.439272416088694,0.40313441159518587,-4.08030857889298,1.9563840228510667,-4.502432490143699,-5.281994492046984,1.8907728840476397,-0.4846825820033911,0.7137091587550453,2.582642967763924,0.9764147729285721
HOF ITEM
10.65497529336917
-6.526690422733658,1.549839101285169,0.7256132493314132,5.894002410352301,-4.854708977152954,-5.843472748617634,0.6356747606982893,3.0,0.32317721199767124,-4.08030857889298,1.9563840228510667,-4.502432490143699,-5.281994492046984,1.8907728840476397,-0.4846825820033911,0.7137091587550453,1.9116264260968316,0.9764147729285721
HOF ITEM
10.655102629841945
-6.526690422733658,1.549839101285169,0.7256132493314132,6.151711515515895,-4.697633802287469,-5.843472748617634,0.43831969643019764,2.439272416088694,0.40313441159518587,-4.08030857889298,1.9563840228510667,-4.502432490143699,-5.281994492046984,1.8907728840476397,-0.4846825820033911,0.7137091587550453,1.9116264260968316,1.0255624167561144
HOF ITEM
10.655102629841945
-6.526690422733658,1.549839101285169,0.7256132493314132,6.151711515515895,-4.697633802287469,-5.843472748617634,0.43831969643019764,2.439272416088694,0.5935646574713442,-4.08030857889298,1.9563840228510667,-4.502432490143699,-5.281994492046984,1.8907728840476397,-0.4846825820033911,0.7137091587550453,2.582642967763924,1.0255624167561144
HOF ITEM
10.655102629841945
-6.526690422733658,1.549839101285169,0.7256132493314132,6.151711515515895,-4.697633802287469,-5.843472748617634,0.43831969643019764,2.439272416088694,0.40313441159518587,-4.08030857889298,1.9563840228510667,-4.502432490143699,-5.281994492046984,1.8907728840476397,-0.4846825820033911,0.7137091587550453,1.9116264260968316,0.9764147729285721
seed 427
Initial fitness values: [np.float64(13.966252371569292), np.float64(13.700960540673991), np.float64(13.562114559895159), np.float64(12.884172637028499), np.float64(12.87002799244977), np.float64(12.59797884314884), np.float64(12.59797884314884), np.float64(12.597978839741588), np.float64(12.527849714554891), np.float64(12.378459034042828)]
Final fitness values: [np.float64(9.711896727913116), np.float64(9.709853153806312), np.float64(9.709853153806312), np.float64(9.709853153806312), np.float64(9.709853153806312), np.float64(9.709853153806312), np.float64(9.709853153806312), np.float64(9.699758086187783), np.float64(9.699758086187783), np.float64(9.684593325271335)]
HOF ITEM
9.684593325271335
-3.7430630093510358,1.2026744915991954,1.108776277888232,-4.731853661013302,2.6728254766644746,5.651205006355237,2.1295186696127453,1.6116722390377964,-6.419651225538876,0.8474682201052208,1.5514310759631234,-1.0853505213597865,-2.9748215376930656,2.336108732732198,6.611396803682992,-3.222741999489738,1.9122051210086086,-4.49249745848998
HOF ITEM
9.699758086187783
-3.7430630093510358,1.2026744915991954,1.108776277888232,-5.162829986152073,2.6728254766644746,5.651205006355237,2.1295186696127453,1.643532349991744,-6.237694737647244,0.8474682201052208,1.3278445794869063,-1.0853505213597865,-3.0122852391948776,2.336108732732198,6.57156102108095,-3.222741999489738,1.9122051210086086,-4.4654795282875845
HOF ITEM
9.69978989455667
-3.7430630093510358,1.2026744915991954,1.108776277888232,-4.731853661013302,2.6728254766644746,5.651205006355237,2.1295186696127453,1.6116722390377964,-6.417017257819514,0.8474682201052208,1.5514310759631234,-1.0853505213597865,-3.0122852391948776,2.336108732732198,6.611396803682992,-3.222741999489738,1.9122051210086086,-4.4654795282875845
HOF ITEM
9.700655256424811
-3.7430630093510358,1.2026744915991954,1.108776277888232,-4.731853661013302,2.6728254766644746,5.651205006355237,2.1295186696127453,1.6116722390377964,-6.417017257819514,0.8474682201052208,1.5514310759631234,-1.0853505213597865,-3.0122852391948776,2.336108732732198,6.57156102108095,-3.222741999489738,1.9122051210086086,-4.4654795282875845
HOF ITEM
9.700655256634915
-3.7430630093510358,1.2026744915991954,1.108776277888232,-4.731853661013302,2.6728254766644746,5.651205006355237,2.1295186696127453,1.6116722390377964,-6.417017257819514,0.8474682201052208,1.3278445794869063,-1.0853505213597865,-3.0122852391948776,2.336108732732198,6.57156102108095,-3.222741999489738,1.9122051210086086,-4.4654795282875845
seed 428
Initial fitness values: [np.float64(14.443071176096158), np.float64(14.009811122507745), np.float64(13.516961605305207), np.float64(13.311304982032489), np.float64(13.311304982032489), np.float64(13.00167826643755), np.float64(13.00167826643755), np.float64(12.57915566121688), np.float64(12.516987519495036), np.float64(12.516987519495036)]
Final fitness values: [np.float64(12.37959678269844), np.float64(12.37959678269844), np.float64(12.37959678269844), np.float64(12.37959678269844), np.float64(12.37959678269844), np.float64(12.37959678269844), np.float64(12.37959678269844), np.float64(12.37959678269844), np.float64(12.37959678269844), np.float64(12.37959678269844)]
HOF ITEM
12.37959678269844
4.315200786198806,-3.176483822663558,5.2718543231537,-5.440949336376868,-1.9994115259026395,-2.863122465327891,0.76998409521733,2.255671817177353,-4.723965286320304,1.0282904559688184,0.0,7.0,2.326996539857918,3.0,-5.666764402453117,6.0228005111472385,2.7950558981330103,2.5753222688332045
HOF ITEM
12.37959678269844
4.315200786198806,-3.176483822663558,5.2718543231537,-5.440949336376868,-1.9994115259026395,-2.863122465327891,0.76998409521733,2.255671817177353,-4.723965286320304,1.0282904559688184,0.0,7.0,2.5435347993604145,3.0,-6.123135423424077,6.855279146167437,2.746364172146159,2.2913677293136696
HOF ITEM
12.37959678269844
4.315200786198806,-3.176483822663558,5.2718543231537,-5.440949336376868,-1.9994115259026395,-2.863122465327891,0.76998409521733,2.255671817177353,-4.723965286320304,1.0282904559688184,0.0,7.0,2.4708431185169153,3.0,-6.123135423424077,6.855279146167437,2.746364172146159,2.2913677293136696
HOF ITEM
12.37959678269844
4.315200786198806,-3.176483822663558,5.2718543231537,-5.440949336376868,-1.9994115259026395,-2.863122465327891,0.76998409521733,2.255671817177353,-4.723965286320304,1.0282904559688184,0.0,7.0,2.4708431185169153,3.0,-6.123135423424077,6.855279146167437,2.746364172146159,2.5753222688332045
HOF ITEM
12.37959678269844
4.315200786198806,-3.176483822663558,5.2718543231537,-5.440949336376868,-1.9994115259026395,-2.863122465327891,0.76998409521733,2.255671817177353,-4.723965286320304,1.0282904559688184,0.0,7.0,2.5435347993604145,3.0,-6.123135423424077,6.855279146167437,2.746364172146159,2.5753222688332045
seed 429
Initial fitness values: [np.float64(14.70638015689446), np.float64(14.386130863714108), np.float64(11.244857753449951), np.float64(11.244857753449951), np.float64(11.241685086970529), np.float64(11.23148124655719), np.float64(11.144783077120744), np.float64(10.954713854615745), np.float64(10.954382685097917), np.float64(10.945642701507737)]
Final fitness values: [np.float64(10.623854052052575), np.float64(10.623851817991474), np.float64(10.623849283190784), np.float64(10.623849283190784), np.float64(10.623799466194058), np.float64(10.62379946610927), np.float64(10.623797923954886), np.float64(10.62254018427264), np.float64(10.622474692633787), np.float64(10.62247265960962)]
HOF ITEM
10.62247265960962
-3.2821562398930704,1.5946558632482004,3.9880319352418243,-5.550298542550377,5.744412236296237,0.09027184892485038,0.481881118594129,0.9501506388425278,-0.6181977983521089,5.602811287072847,1.2996083082541385,-6.732773258387872,2.9335111459712815,1.3110599532334455,-0.9807486297933774,-1.990941909632257,2.8560160596770414,-0.46101445686525444
HOF ITEM
10.62247419411819
-3.2821562398930704,1.5946558632482004,3.9880319352418243,-5.550298542550377,5.744412236296237,0.09027184892485038,0.481881118594129,0.9501506388425278,-0.3671659412832402,5.437057274681136,1.2996083082541385,-6.732773258387872,2.9335111459712815,1.3110599532334455,-0.9807486297933774,-1.990941909632257,2.8560160596770414,-0.46101445686525444
HOF ITEM
10.622474692633787
-3.2821562398930704,1.5946558632482004,3.9880319352418243,-5.550298542550377,5.744412236296237,0.09027184892485038,0.481881118594129,0.9501506388425278,-0.29589818411532465,5.250051346212878,1.2996083082541385,-6.732773258387872,2.9335111459712815,1.3110599532334455,-0.9807486297933774,-1.990941909632257,2.8560160596770414,-0.46101445686525444
HOF ITEM
10.622523950532395
-3.2821562398930704,1.5946558632482004,3.9880319352418243,-5.550298542550377,5.6604727958981815,0.09027184892485038,0.46974802836568086,1.2793385845384397,-0.6181977983521089,5.602811287072847,0.9154422947063174,-6.732773258387872,2.9335111459712815,1.3110599532334455,-0.9807486297933774,-1.990941909632257,2.8560160596770414,-0.46101445686525444
HOF ITEM
10.622534999717749
-3.2821562398930704,1.5946558632482004,3.9880319352418243,-5.550298542550377,5.644850931571508,0.09027184892485038,0.481881118594129,1.2793385845384397,-0.6181977983521089,5.602811287072847,1.0440249067243303,-6.854041354942744,3.0955577506111664,1.3110599532334455,-1.0192160969554194,-1.990941909632257,2.8560160596770414,-0.46101445686525444
best parameter set
fitness 9.479385138525345 seed 424
5.4189231499140265,-1.014202979158305,-2.9626820919678027,-2.249572937135165,-4.356352756230437,-2.863734190014863,3.3927476377378802,1.7015152674546976,-1.4471200687510504,0.11251338077088784,2.8675176007170733,-1.0682366636876135,4.407661985177971,0.39974765906883286,-6.000031781882673,0.09954124143474291,1.0109432366147975,-2.955601698139116
