seeds are [610 611 612 613 614 615 616 617 618 619]
seed 610
Initial fitness values: [np.float64(31.134425773447), np.float64(29.43486197878354), np.float64(28.288630320418974), np.float64(27.926181550681488), np.float64(27.07673990788528), np.float64(26.28913624674931), np.float64(26.28913624674931), np.float64(26.289136246741975), np.float64(26.289136246741975), np.float64(25.63955792504461)]
Final fitness values: [np.float64(24.228146523786247), np.float64(24.228146523786247), np.float64(24.17363054761963), np.float64(24.17363054761963), np.float64(24.03859291306482), np.float64(24.03859291306482), np.float64(24.03859291306482), np.float64(24.030902979735302), np.float64(23.99466615858365), np.float64(23.964105727062282)]
HOF ITEM
23.964105727062282
-3.69724022042875,-0.06054329252866111,-5.509052447374765,4.537752884255251,5.655361613635893,-6.729276849529435,2.4651061038905864,1.845251161642628,1.2738658839104926,-2.4312650050787257,1.8934034486778373,6.730832413956744,-6.618435862124214,2.4289958641286025,4.441823592872466,-1.0511605783775484,2.601291176757562,3.5149471337218916
HOF ITEM
23.99466615858365
-3.69724022042875,-0.06054329252866111,-5.051890015912755,4.515093195676337,5.268434322917645,-6.729276849529435,2.4651061038905864,1.845251161642628,1.482340439811009,-2.4312650050787257,1.904066477894482,6.710448743526391,-6.293009045919377,2.4289958641286025,4.441823592872466,-1.0447842480773735,2.990069346462649,3.399059874219623
HOF ITEM
23.994666158594015
-3.69724022042875,-0.06054329252866111,-5.051890015912755,4.515093195676337,5.268434322917645,-6.729276849529435,2.4651061038905864,2.000759539723663,1.5112871024825414,-2.4312650050787257,1.904066477894482,6.710448743526391,-6.293009045919377,2.4289958641286025,4.441823592872466,-1.0447842480773735,2.990069346462649,3.399059874219623
HOF ITEM
24.03090297972385
-3.69724022042875,-0.06054329252866111,-5.840097461818537,4.0787185102566905,5.266030053734065,-7.0,2.4651061038905864,1.845251161642628,1.482340439811009,-2.4312650050787257,1.904066477894482,6.705736039027322,-6.256735341634046,2.4289958641286025,4.4006590735268,-1.0530848988948998,2.4513474891363853,3.7746487720836512
HOF ITEM
24.030902979735302
-3.69724022042875,-0.06054329252866111,-5.840097461818537,4.0787185102566905,5.266030053734065,-7.0,2.4651061038905864,2.000759539723663,1.5112871024825414,-2.4312650050787257,1.904066477894482,6.705736039027322,-6.256735341634046,2.4289958641286025,4.4006590735268,-1.0530848988948998,2.4513474891363853,3.7746487720836512
seed 611
Initial fitness values: [np.float64(32.75192905594106), np.float64(29.323736617757316), np.float64(28.135614263314658), np.float64(26.68373165480809), np.float64(25.274461413909354), np.float64(24.878664461678994), np.float64(24.716899010801214), np.float64(24.716899010801214), np.float64(24.559449736836388), np.float64(23.951901599728984)]
Final fitness values: [np.float64(23.567161828775486), np.float64(23.567161828775486), np.float64(23.567161828775486), np.float64(23.567161828727635), np.float64(23.567161828727635), np.float64(23.567161828727635), np.float64(23.567161828727635), np.float64(23.567161828727635), np.float64(23.567161828727635), np.float64(23.567161828727635)]
HOF ITEM
23.567161828727635
-2.8951684249649756,1.708655590977933,1.0654080799793055,3.7601434815985177,1.1094975575501556,-3.7608137851873167,6.482130634375801,2.651303300410772,1.8903103592783248,-3.3048799172261885,2.4648808665506556,-3.329308467579824,2.8762338540448606,1.24254760271344,-3.5044512065692874,-1.4265055289769384,1.0309192853332345,-1.2835591969430356
HOF ITEM
23.567161828775486
-2.8951684249649756,1.708655590977933,1.0654080799793055,3.7601434815985177,1.1094975575501556,-3.7608137851873167,6.482130634375801,2.651303300410772,1.8903103592783248,-3.3048799172261885,2.4648808665506556,-3.329308467579824,2.8762338540448606,1.24254760271344,-3.636385768643258,-1.4265055289769384,1.0309192853332345,-1.2835591969430356
HOF ITEM
23.572946602684375
-2.8951684249649756,1.6693182092714172,1.0654080799793055,3.7511015784407817,1.1094975575501556,-3.7608137851873167,6.482130634375801,2.651303300410772,1.8903103592783248,-3.3048799172261885,2.4648808665506556,-3.052823313627705,2.727731890933801,1.24254760271344,-3.5044512065692874,-1.4192459227726064,1.0309192853332345,-1.2835591969430356
HOF ITEM
23.572946602760204
-2.8951684249649756,1.6693182092714172,1.0654080799793055,3.7511015784407817,1.1094975575501556,-3.7608137851873167,6.482130634375801,2.651303300410772,1.8903103592783248,-3.3048799172261885,2.4648808665506556,-3.052823313627705,2.727731890933801,1.24254760271344,-3.636385768643258,-1.4192459227726064,1.0309192853332345,-1.2835591969430356
HOF ITEM
23.572946608320187
-2.8951684249649756,1.6693182092714172,1.0654080799793055,3.7511015784407817,1.1094975575501556,-3.7608137851873167,6.482130634375801,2.651303300410772,1.8903103592783248,-3.3048799172261885,2.4648808665506556,-3.052823313627705,2.6554107781155407,1.24254760271344,-3.5044512065692874,-1.4192459227726064,1.0309192853332345,-1.2835591969430356
seed 612
Initial fitness values: [np.float64(29.544369762885736), np.float64(27.693695086300675), np.float64(27.693695086300675), np.float64(27.410750311651174), np.float64(26.460393728052864), np.float64(26.460393728052864), np.float64(25.45728288050854), np.float64(25.064193407948174), np.float64(24.697269246781456), np.float64(24.697269246781456)]
Final fitness values: [np.float64(24.263060142434085), np.float64(24.263060142434085), np.float64(24.263060142434085), np.float64(24.263060142434085), np.float64(24.263060142434085), np.float64(24.263060142434085), np.float64(24.263060142434085), np.float64(24.263060142434085), np.float64(24.263060142434085), np.float64(24.263060142434085)]
HOF ITEM
24.263060142434085
1.290195495711268,0.30904610466791094,-5.232840886960336,-5.938319366121014,-2.8573885566902044,-3.858829524400111,2.310222435117233,0.0,-6.86690797844398,4.91272465708958,1.7282793149678457,0.9186918649594937,-5.835447655037228,2.4461812065581827,1.9136841106030802,1.2606872207437287,0.8141270908423945,-6.060195478001408
HOF ITEM
24.263060142839525
1.290195495711268,0.30904610466791094,-5.232840886960336,-5.938319366121014,-2.8573885566902044,-3.858829524400111,2.310222435117233,0.0,-6.86690797844398,4.91272465708958,1.6846263711896725,1.2083791683440837,-5.858861921997716,2.4461812065581827,1.9136841106030802,1.2606872207437287,0.8141270908423945,-6.060195478001408
HOF ITEM
24.26308820185103
1.290195495711268,0.30904610466791094,-5.232840886960336,-5.938319366121014,-2.8573885566902044,-3.858829524400111,2.310222435117233,0.0,-6.594038532771089,4.91272465708958,1.7282793149678457,0.9186918649594937,-5.835447655037228,2.4461812065581827,1.9136841106030802,1.2606872207437287,0.8141270908423945,-6.060195478001408
HOF ITEM
24.26308820204718
1.290195495711268,0.30904610466791094,-5.232840886960336,-5.938319366121014,-2.8573885566902044,-3.858829524400111,2.310222435117233,0.0,-6.594038532771089,4.91272465708958,1.6846263711896725,0.9186918649594937,-5.835447655037228,2.4461812065581827,1.9136841106030802,1.2606872207437287,0.8141270908423945,-6.060195478001408
HOF ITEM
24.263088202256416
1.290195495711268,0.30904610466791094,-5.232840886960336,-5.938319366121014,-2.8573885566902044,-3.858829524400111,2.310222435117233,0.0,-6.594038532771089,4.91272465708958,1.6846263711896725,1.2083791683440837,-5.858861921997716,2.4461812065581827,1.9136841106030802,1.2606872207437287,0.8141270908423945,-6.060195478001408
seed 613
Initial fitness values: [np.float64(29.90049477948647), np.float64(29.010203623093712), np.float64(28.436073959875234), np.float64(27.677581790965508), np.float64(27.016082463337053), np.float64(26.766744188616357), np.float64(26.568937876423664), np.float64(26.13160718119937), np.float64(26.13160718119937), np.float64(25.9449909962053)]
Final fitness values: [np.float64(24.53987056646796), np.float64(24.53987056646796), np.float64(24.5397649430799), np.float64(24.539652039858577), np.float64(24.539652039858577), np.float64(24.538824269557093), np.float64(24.538824269557093), np.float64(24.536916164384024), np.float64(24.536776115921736), np.float64(24.536776115921736)]
HOF ITEM
24.536776115921736
-0.25888291218731513,0.37210083502880886,2.0434148753630597,-0.30907683698940763,0.5460630489787516,-0.468517671268634,-4.949041284718503,2.0964543898125094,6.657835338923978,-2.0805876720285763,0.8421870573930048,-3.633345950971851,2.5155906828870642,2.5124175551493586,4.310578410241076,0.9177286624576481,0.21608248195494825,-3.8059302412449743
HOF ITEM
24.53679838463557
-0.25888291218731513,0.37210083502880886,2.0434148753630597,-0.30907683698940763,0.5472888064840455,-0.468517671268634,-4.988453075840235,2.0964543898125094,6.657835338923978,-2.0805876720285763,0.8421870573930048,-3.491768285630752,2.534890600384622,2.5124175551493586,4.310578410241076,0.9177286624576481,0.21608248195494825,-3.8059302412449743
HOF ITEM
24.53691027520236
-0.25888291218731513,0.37210083502880886,2.0434148753630597,-0.30907683698940763,0.5460630489787516,-0.468517671268634,-4.949041284718503,2.0964543898125094,6.4883591265861025,-2.331860209891547,0.7478591880902157,-3.633345950971851,2.5516384232718248,2.3688799401690668,4.310578410241076,0.9177286624576481,0.21608248195494825,-3.8059302412449743
HOF ITEM
24.536912827144864
-0.25888291218731513,0.37210083502880886,2.0434148753630597,-0.30907683698940763,0.5460630489787516,-0.468517671268634,-4.949041284718503,2.0964543898125094,6.4883591265861025,-2.331860209891547,0.7460069576808308,-3.633345950971851,2.5516384232718248,2.3688799401690668,4.310578410241076,0.9177286624576481,0.21608248195494825,-3.8059302412449743
HOF ITEM
24.536916164384024
-0.25888291218731513,0.37210083502880886,2.0434148753630597,-0.30907683698940763,0.5460630489787516,-0.468517671268634,-4.949041284718503,2.0964543898125094,6.4883591265861025,-2.331860209891547,0.7460069576808308,-3.633345950971851,2.5155906828870642,2.5124175551493586,4.310578410241076,0.9177286624576481,0.21608248195494825,-3.8059302412449743
seed 614
Initial fitness values: [np.float64(31.431102747715737), np.float64(29.32220498147873), np.float64(26.428587276254344), np.float64(26.428587276254344), np.float64(26.428587276254344), np.float64(25.859357172747202), np.float64(25.859357172747202), np.float64(25.859357172747202), np.float64(25.859357172747202), np.float64(25.859357172747202)]
Final fitness values: [np.float64(25.646694295358838), np.float64(25.646694295358838), np.float64(25.646694295358838), np.float64(25.646694295358838), np.float64(25.646653253254055), np.float64(25.646653253254055), np.float64(25.646653253254055), np.float64(25.646653253254055), np.float64(25.646330270096207), np.float64(25.646330270096207)]
HOF ITEM
25.646330270096207
-4.443551274254646,-3.8166808216622643,5.755481158898683,6.0528258822980385,-3.1945833867322277,-5.727426339834699,1.3480176204485328,2.6547475028763414,-3.4082931269885384,-3.117200704118717,2.0673506728356297,2.063588636507301,-2.360378533929017,2.408116930478153,0.8691669687161075,-1.6753950694578892,2.6331655989568183,5.545528208733565
HOF ITEM
25.646653253254055
-4.443551274254646,-3.8166808216622643,5.755481158898683,6.415780821702292,-3.1229266712794725,-5.746109830191656,1.1613298159561898,2.6547475028763414,-3.4082931269885384,-3.117200704118717,2.0673506728356297,1.8494826950311387,-2.360378533929017,2.408116930478153,0.8691669687161075,-1.6753950694578892,2.6331655989568183,5.545528208733565
HOF ITEM
25.646653253254055
-4.443551274254646,-3.7301330208142827,5.755481158898683,6.415780821702292,-3.1229266712794725,-5.746109830191656,1.1613298159561898,2.6547475028763414,-3.4082931269885384,-3.117200704118717,2.0673506728356297,1.8494826950311387,-2.360378533929017,2.408116930478153,0.8691669687161075,-1.6753950694578892,2.8355739930981256,5.545528208733565
HOF ITEM
25.646653253254055
-4.443551274254646,-3.8166808216622643,5.755481158898683,6.415780821702292,-3.1229266712794725,-5.746109830191656,1.1613298159561898,2.6547475028763414,-3.4082931269885384,-3.117200704118717,2.0673506728356297,1.8494826950311387,-2.360378533929017,2.408116930478153,0.8691669687161075,-1.6753950694578892,2.8355739930981256,5.545528208733565
HOF ITEM
25.646653253254055
-4.443551274254646,-3.8166808216622643,5.755481158898683,6.415780821702292,-3.1229266712794725,-5.746109830191656,1.1613298159561898,2.6547475028763414,-3.4082931269885384,-3.117200704118717,2.0673506728356297,1.8494826950311387,-2.360378533929017,2.408116930478153,0.8691669687161075,-1.6753950694578892,2.6331655989568183,5.6048316206952915
seed 615
Initial fitness values: [np.float64(28.7476112356435), np.float64(28.7476112356435), np.float64(28.604865564279187), np.float64(28.604865564279187), np.float64(28.522038444973216), np.float64(28.38573820983032), np.float64(28.274551531445244), np.float64(28.272677388996843), np.float64(28.202522310634258), np.float64(28.202522310634258)]
Final fitness values: [np.float64(23.200621049714503), np.float64(23.200621049714503), np.float64(23.200621049714503), np.float64(23.200621049714503), np.float64(23.200621047049534), np.float64(23.200620558890883), np.float64(23.200620558890883), np.float64(23.200620558890883), np.float64(23.20062055889087), np.float64(23.20062055889087)]
HOF ITEM
23.20062055889087
-3.914195002948623,1.5898521898925166,-7.0,-2.7751656158412894,0.857631287914566,-2.933503606187259,2.798169718524661,3.0,-5.717486546214909,-2.5943284301751413,2.572818714765929,3.153630482596128,3.8916125703617652,0.9424138078183291,-0.9480079884071453,2.916228409183838,1.8721098651567405,1.107286516220744
HOF ITEM
23.20062055889087
-3.914195002948623,1.5898521898925166,-7.0,-2.7751656158412894,0.857631287914566,-2.933503606187259,2.798169718524661,2.774371103755681,-5.717486546214909,-2.5943284301751413,2.572818714765929,3.153630482596128,3.8916125703617652,0.9424138078183291,-0.9480079884071453,2.916228409183838,1.8721098651567405,1.107286516220744
HOF ITEM
23.200620558890883
-3.914195002948623,1.5898521898925166,-7.0,-2.7751656158412894,0.857631287914566,-2.933503606187259,2.798169718524661,3.0,-5.717486546214909,-2.5943284301751413,2.572818714765929,3.153630482596128,3.8916125703617652,0.9424138078183291,-0.9480079884071453,2.607521270502857,1.8721098651567405,1.252329812736687
HOF ITEM
23.200620558890883
-3.914195002948623,1.5898521898925166,-7.0,-2.7751656158412894,0.857631287914566,-2.933503606187259,2.798169718524661,2.774371103755681,-5.717486546214909,-2.5943284301751413,2.572818714765929,3.153630482596128,3.8916125703617652,0.9424138078183291,-0.9480079884071453,2.607521270502857,1.8721098651567405,1.252329812736687
HOF ITEM
23.20062055889089
-3.914195002948623,1.5898521898925166,-7.0,-2.7751656158412894,0.857631287914566,-2.933503606187259,2.798169718524661,2.774371103755681,-5.717486546214909,-2.5943284301751413,2.572818714765929,3.153630482596128,3.8916125703617652,0.9424138078183291,-0.9480079884071453,2.607521270502857,1.8721098651567405,1.107286516220744
seed 616
Initial fitness values: [np.float64(29.964385908546127), np.float64(28.914072099093886), np.float64(28.582495788292526), np.float64(28.35529318764656), np.float64(27.961543104456233), np.float64(27.961543104456233), np.float64(27.292988402910773), np.float64(27.292988402910773), np.float64(26.865019583280162), np.float64(26.63011238080717)]
Final fitness values: [np.float64(25.7915732998543), np.float64(25.7915732998543), np.float64(25.7915732998543), np.float64(25.7915732998543), np.float64(25.7915732998543), np.float64(25.79153301146247), np.float64(25.79153301146247), np.float64(25.79153301146247), np.float64(25.79153301146247), np.float64(25.79153301146247)]
HOF ITEM
25.79153301146247
-5.909813311280596,-1.26301375070357,0.28735032528599297,-6.253775436466174,0.6642631075111082,6.305012332353529,2.531474562439219,1.7688907472664657,-0.6150374145664547,6.3695408068548005,3.0,-0.11826588972916724,-4.684268328372455,1.9019185298833994,-0.8238149365958636,-5.701037841642034,1.9968106350294041,-4.013806125008086
HOF ITEM
25.79153301146247
-5.909813311280596,-1.26301375070357,0.28735032528599297,-6.253775436466174,0.6642631075111082,6.305012332353529,2.5777183476876835,1.7688907472664657,-0.6150374145664547,6.293744702340585,2.867537435117453,-0.5183267255301498,-4.684268328372455,1.9019185298833994,-0.8238149365958636,-5.701037841642034,1.9968106350294041,-4.013806125008086
HOF ITEM
25.79153301146247
-5.909813311280596,-1.107783980580945,0.28735032528599297,-6.253775436466174,0.6642631075111082,6.305012332353529,2.531474562439219,1.7688907472664657,-0.6446475421580824,6.3695408068548005,3.0,-0.11826588972916724,-4.684268328372455,1.9019185298833994,-0.8238149365958636,-5.701037841642034,1.9968106350294041,-4.013806125008086
HOF ITEM
25.79153301146247
-5.909813311280596,-1.107783980580945,0.28735032528599297,-6.253775436466174,0.6642631075111082,6.305012332353529,2.5777183476876835,1.7688907472664657,-0.6150374145664547,6.293744702340585,2.867537435117453,-0.5183267255301498,-4.684268328372455,1.9019185298833994,-0.8238149365958636,-5.701037841642034,1.9968106350294041,-4.013806125008086
HOF ITEM
25.79153301146247
-5.909813311280596,-1.26301375070357,0.28735032528599297,-6.253775436466174,0.6642631075111082,6.305012332353529,2.531474562439219,1.7688907472664657,-0.6446475421580824,6.3695408068548005,3.0,-0.11826588972916724,-4.684268328372455,1.9019185298833994,-0.8238149365958636,-5.701037841642034,1.9968106350294041,-4.013806125008086
seed 617
Initial fitness values: [np.float64(29.818927590228427), np.float64(29.818927590228427), np.float64(28.763208623689913), np.float64(28.381545958942507), np.float64(27.602419576659262), np.float64(27.602419576659262), np.float64(27.006345234565195), np.float64(27.006345234565195), np.float64(27.006339395113635), np.float64(25.705524492663052)]
Final fitness values: [np.float64(23.392740866881187), np.float64(23.392669413679524), np.float64(23.39086167589519), np.float64(23.390689856229212), np.float64(23.390181545112387), np.float64(23.389101652640534), np.float64(23.389101652640534), np.float64(23.388905805260706), np.float64(23.386919634243483), np.float64(23.386919634243483)]
HOF ITEM
23.386919634243483
-2.0720239505438443,1.5204417496106655,1.436686643678446,-1.7960162070912231,-5.427502546518825,5.54110338725812,5.349476854514824,2.5048300805477726,-6.361688988069938,2.3241758960508583,0.0,-3.14776876421718,-0.8630839429568407,2.912650988997803,-0.449351651051442,5.279312301600566,0.4347705774875335,-1.7210417133768965
HOF ITEM
23.388865624484403
-2.0720239505438443,1.5204417496106655,1.0840833389664182,-2.0832541763462737,-5.575828139120059,5.54110338725812,5.349476854514824,3.0,-6.4553550341485995,2.5508603166368515,0.0,-3.2293481401079407,-0.8630839429568407,2.912650988997803,-0.449351651051442,4.979238955157528,0.41448092640214673,-1.0443450561205185
HOF ITEM
23.388905800777035
-2.0720239505438443,1.5204417496106655,1.0840833389664182,-2.0832541763462737,-5.621462972276379,5.67163982251287,5.349476854514824,3.0,-6.4553550341485995,2.5508603166368515,0.0,-3.2293481401079407,-0.8630839429568407,2.912650988997803,-0.449351651051442,5.279312301600566,0.41448092640214673,-1.0443450561205185
HOF ITEM
23.388905805260706
-2.0720239505438443,1.5204417496106655,1.0840833389664182,-2.0832541763462737,-5.621462972276379,5.67163982251287,5.349476854514824,3.0,-6.4553550341485995,2.5508603166368515,0.0,-3.2293481401079407,-0.8630839429568407,2.912650988997803,-0.449351651051442,4.979238955157528,0.41448092640214673,-1.0443450561205185
HOF ITEM
23.38890585191454
-2.0720239505438443,1.5204417496106655,1.0840833389664182,-2.0832541763462737,-5.621462972276379,5.67163982251287,5.349476854514824,3.0,-6.4553550341485995,2.5508603166368515,0.0,-3.2293481401079407,-0.8630839429568407,2.912650988997803,-0.449351651051442,5.279312301600566,0.2348604111661015,-1.7210417133768965
seed 618
Initial fitness values: [np.float64(29.81999658270458), np.float64(29.81999658270458), np.float64(27.675913420590636), np.float64(27.106485634434264), np.float64(26.81144355847426), np.float64(26.799944528063527), np.float64(26.64711773013071), np.float64(26.454550919579184), np.float64(26.201554552528933), np.float64(26.201554552528933)]
Final fitness values: [np.float64(25.76081482069974), np.float64(25.76081482069974), np.float64(25.757084818579383), np.float64(25.757084818579383), np.float64(25.757084818579383), np.float64(25.756998113172667), np.float64(25.756985689588163), np.float64(25.756985689588163), np.float64(25.756985689588163), np.float64(25.756985689588163)]
HOF ITEM
25.756985689588163
-1.8104219993750725,-3.9989685612654813,5.311633682367323,-0.9706886282266731,-2.085927724168771,-5.750596496083995,4.381468745291233,1.4206806825185445,1.8339514145001699,-4.021965428638406,0.7088658979577003,-1.2688169781977088,-1.0207040754338292,2.1251400060456627,-3.186766342178824,1.7874756432684795,0.998504592087438,-3.6426953730759135
HOF ITEM
25.75698568960146
-1.8104219993750725,-3.28486216856448,5.311633682367323,-0.9706886282266731,-2.085927724168771,-5.750596496083995,4.544038843225544,1.4206806825185445,1.8339514145001699,-4.021965428638406,0.7088658979577003,-1.2688169781977088,-1.0207040754338292,2.1251400060456627,-3.186766342178824,1.7874756432684795,0.998504592087438,-3.6426953730759135
HOF ITEM
25.75698568960146
-1.8104219993750725,-3.9989685612654813,5.311633682367323,-0.9706886282266731,-2.085927724168771,-5.750596496083995,4.544038843225544,1.4206806825185445,1.8339514145001699,-4.021965428638406,0.7088658979577003,-1.2688169781977088,-1.0207040754338292,2.1251400060456627,-3.186766342178824,1.7874756432684795,0.998504592087438,-3.6426953730759135
HOF ITEM
25.75699811315955
-1.8104219993750725,-3.28486216856448,5.325198946903383,-0.9706886282266731,-2.085927724168771,-5.750596496083995,4.381468745291233,1.4206806825185445,1.8339514145001699,-4.021965428638406,0.7088658979577003,-1.2688169781977088,-1.0207040754338292,2.1251400060456627,-3.186766342178824,1.7874756432684795,0.998504592087438,-3.6426953730759135
HOF ITEM
25.75699811315955
-1.8104219993750725,-3.9989685612654813,5.325198946903383,-0.9706886282266731,-2.085927724168771,-5.750596496083995,4.381468745291233,1.4206806825185445,1.8339514145001699,-4.021965428638406,0.7088658979577003,-1.2688169781977088,-1.0207040754338292,2.1251400060456627,-3.186766342178824,1.7874756432684795,0.998504592087438,-3.6426953730759135
seed 619
Initial fitness values: [np.float64(28.86023745254697), np.float64(27.314759843954604), np.float64(25.8564312382908), np.float64(25.32522597474269), np.float64(25.3249490271285), np.float64(24.98169903542145), np.float64(24.3857048231931), np.float64(24.3857048231931), np.float64(24.38570475214068), np.float64(23.931417275382884)]
Final fitness values: [np.float64(23.123935633315472), np.float64(23.123935633315472), np.float64(23.122642492860326), np.float64(23.122501647497), np.float64(23.122501647497), np.float64(23.122501647497), np.float64(23.122501647497), np.float64(23.122501647497), np.float64(23.122501647497), np.float64(23.11374893004529)]
HOF ITEM
23.11374893004529
-5.379893392502604,1.4092394141302016,4.661732028877351,-1.3520570526446476,-1.2331269864653356,-0.595964648051464,6.441112725433359,1.0797841085355069,-2.290399936655359,6.412610449357156,0.11206504545007512,-5.411103943444878,-4.136245431138293,2.085795956950759,-0.6579656544279402,4.717731314339769,0.0,3.7496051876652077
HOF ITEM
23.122501647497
-5.379893392502604,1.4092394141302016,4.661732028877351,-1.3520570526446476,-1.2159595744913279,-0.595964648051464,6.281044546038973,1.2650806515265722,-2.290399936655359,6.412610449357156,0.11206504545007512,-5.411103943444878,-4.136245431138293,2.085795956950759,-0.6579656544279402,4.717731314339769,0.0,3.4318460667229638
HOF ITEM
23.122501647497
-5.379893392502604,1.4092394141302016,4.661732028877351,-1.3520570526446476,-1.2159595744913279,-0.595964648051464,6.441112725433359,1.2650806515265722,-2.290399936655359,6.412610449357156,0.11206504545007512,-5.411103943444878,-4.136245431138293,2.085795956950759,-0.6579656544279402,4.717731314339769,0.0,3.4318460667229638
HOF ITEM
23.122538591805615
-5.379893392502604,1.4092394141302016,4.661732028877351,-1.5832387022160865,-1.2159595744913279,-0.595964648051464,6.441112725433359,1.3035077386298992,-2.290399936655359,6.145526333327405,0.15418277358367904,-5.388243866572769,-4.136245431138293,2.085795956950759,-0.6579656544279402,4.626980692234942,0.0,3.4318460667229638
HOF ITEM
23.1226424928603
-5.379893392502604,1.4092394141302016,4.631245211931342,-1.3520570526446476,-1.2159595744913279,-0.595964648051464,6.281044546038973,0.9976320457901462,-2.205247181432306,6.412610449357156,0.11206504545007512,-5.411103943444878,-4.136245431138293,2.085795956950759,-0.6579656544279402,4.717731314339769,0.0,3.4318460667229638
best parameter set
fitness 23.11315571958301 seed 619
-5.379893392502604,1.4092394141302016,4.661732028877351,-1.3520570526446476,-1.2331269864653356,-0.595964648051464,6.441112725433359,1.0797841085355069,-2.290399936655359,6.412610449357156,0.11206504545007512,-5.411103943444878,-4.136245431138293,2.085795956950759,-0.6579656544279402,4.717731314339769,0.0,3.7496051876652077
