seeds are [890 891 892 893 894 895 896 897 898 899]
seed 890
Initial fitness values: [np.float64(13.955231578642165), np.float64(13.46296647252341), np.float64(13.281308854086493), np.float64(13.281308854086493), np.float64(13.259394075842021), np.float64(13.176407963512387), np.float64(13.016465107293635), np.float64(13.016465107293635), np.float64(13.007057051628921), np.float64(12.739931549749555)]
Final fitness values: [np.float64(10.711768623043906), np.float64(10.711722421167748), np.float64(10.711722421167748), np.float64(10.711722421167748), np.float64(10.711722421167748), np.float64(10.711722421167748), np.float64(10.711721902829591), np.float64(10.711721902829591), np.float64(10.711712991803811), np.float64(10.711654511551382)]
HOF ITEM
10.711654511551382
-7.0,1.5670736577041287,-1.9083532640315408,3.8234094758189303,4.556970658446339,4.436757238809983,4.073640413117211,1.982568892380153,-4.923754595462572,-5.857814827262134,1.804935590005989,-1.052248205401053,-0.6371507534328926,2.745356853974313,-5.969367851837539
HOF ITEM
10.711681995913224
-7.0,1.5670736577041287,-1.7649750551116559,3.8234094758189303,4.558845057327922,4.874923310996305,3.963829293345561,1.8222755227014338,-4.83102556599941,-5.857814827262134,1.804935590005989,-1.052248205401053,-0.6371507534328926,2.7847804619151293,-5.892629693644
HOF ITEM
10.711712991803811
-7.0,1.5670736577041287,-2.1476877493248137,3.8234094758189303,4.558845057327922,4.603907388765817,3.8817357972768862,1.6446833803200813,-4.923754595462572,-5.857814827262134,1.804935590005989,-1.052248205401053,-0.6000440123186271,3.0,-5.948082370610857
HOF ITEM
10.711721902829591
-7.0,1.5670736577041287,-2.1312694054920147,3.8234094758189303,4.558845057327922,4.362443859496355,3.8817357972768862,1.6446833803200813,-4.83102556599941,-5.857814827262134,1.804935590005989,-1.052248205401053,-0.6371507534328926,2.745356853974313,-5.948082370610857
HOF ITEM
10.711721902829591
-7.0,1.5670736577041287,-2.1312694054920147,3.8234094758189303,4.558845057327922,4.362443859496355,3.8817357972768862,1.6446833803200813,-4.923754595462572,-5.857814827262134,1.804935590005989,-1.052248205401053,-0.6371507534328926,2.745356853974313,-5.948082370610857
seed 891
Initial fitness values: [np.float64(14.925719911718613), np.float64(13.271292101460704), np.float64(13.197054333112023), np.float64(12.96083693558972), np.float64(12.781282444728465), np.float64(11.471514015623567), np.float64(11.471514015623567), np.float64(11.271537816429245), np.float64(11.271537816429245), np.float64(11.191717017483994)]
Final fitness values: [np.float64(10.714699345679556), np.float64(10.714699345679556), np.float64(10.713447392259363), np.float64(10.713447392259363), np.float64(10.71344739221611), np.float64(10.71344739221611), np.float64(10.713447392216102), np.float64(10.713447392216102), np.float64(10.713447392216102), np.float64(10.713447392216102)]
HOF ITEM
10.713447392216102
-5.926897625433252,1.526922549242033,-0.3785861565467369,5.994054388288363,4.608148234796636,-5.560986683869639,0.20634209866229988,0.0,-4.582261794042646,-5.078715739281397,1.9860076346377276,-3.344356729031375,-0.4731897260297997,2.02987683241177,-0.8496596222888817
HOF ITEM
10.71344739221611
-5.926897625433252,1.526922549242033,-0.3785861565467369,5.994054388288363,4.608148234796636,-5.560986683869639,0.20634209866229988,0.0,-4.582261794042646,-5.078715739281397,1.9860076346377276,-3.344356729031375,-0.4731897260297997,2.02987683241177,-0.8574055487759011
HOF ITEM
10.713447392228234
-5.926897625433252,1.526922549242033,-0.3785861565467369,5.994054388288363,4.608148234796636,-5.560986683869639,0.20634209866229988,0.0,-4.582261794042646,-5.078715739281397,1.9860076346377276,-3.344356729031375,-0.4731897260297997,1.931169644540392,-0.8496596222888817
HOF ITEM
10.713447392228302
-5.926897625433252,1.526922549242033,-0.3785861565467369,5.994054388288363,4.608148234796636,-5.560986683869639,0.20634209866229988,0.0,-4.582261794042646,-5.078715739281397,1.9860076346377276,-3.344356729031375,-0.4731897260297997,1.931169644540392,-0.8574055487759011
HOF ITEM
10.713447392259363
-5.926897625433252,1.526922549242033,-0.3785861565467369,5.994054388288363,4.608148234796636,-5.560986683869639,0.20634209866229988,0.0,-4.582261794042646,-5.078715739281397,1.9860076346377276,-3.344356729031375,-0.6497184300029735,1.931169644540392,-0.8496596222888817
seed 892
Initial fitness values: [np.float64(14.020949917173038), np.float64(13.639950974132937), np.float64(13.372770405727284), np.float64(13.372770405727284), np.float64(13.053920441769248), np.float64(13.053920441769248), np.float64(12.670823682420039), np.float64(12.670823623790394), np.float64(12.023815334979597), np.float64(12.023815334979597)]
Final fitness values: [np.float64(10.441551086736576), np.float64(10.441551086736576), np.float64(10.441551086736576), np.float64(10.441551086736576), np.float64(10.441551086736576), np.float64(10.441551086736576), np.float64(10.441551086736576), np.float64(10.441551086736576), np.float64(10.441551086736576), np.float64(10.441551086736576)]
HOF ITEM
10.441551086736576
3.4631286125053844,-0.602943749556876,3.7471489391012733,3.8589855810637,0.9469723791973489,-0.6508239257353697,5.203600539374171,1.1636272275963653,-6.1497667789707355,0.250790859431568,3.0,4.37250478012278,1.3248158891890653,0.5002919625554856,-2.3784244521567466
HOF ITEM
10.44155108678018
3.4631286125053844,-0.602943749556876,3.7471489391012733,3.8589855810637,0.9469723791973489,-0.6508239257353697,5.203600539374171,1.1636272275963653,-5.879007622125815,0.250790859431568,3.0,4.37250478012278,1.3248158891890653,0.5002919625554856,-2.3784244521567466
HOF ITEM
10.441551086825882
3.4631286125053844,-0.602943749556876,3.7471489391012733,3.8589855810637,0.9469723791973489,-0.6508239257353697,5.203600539374171,1.1636272275963653,-5.657060621249176,0.250790859431568,3.0,4.37250478012278,1.3248158891890653,0.5002919625554856,-2.3784244521567466
HOF ITEM
10.441551110981285
3.4631286125053844,-0.602943749556876,3.7471489391012733,3.8589855810637,0.9469723791973489,-0.6508239257353697,5.347743797629684,1.1636272275963653,-6.1497667789707355,0.250790859431568,3.0,4.37250478012278,1.3248158891890653,0.5002919625554856,-2.3784244521567466
HOF ITEM
10.441551150775288
3.4631286125053844,-0.602943749556876,3.7471489391012733,3.8589855810637,0.9469723791973489,-0.6508239257353697,5.203600539374171,1.4044835999263539,-5.879007622125815,0.250790859431568,3.0,4.37250478012278,1.3248158891890653,0.5002919625554856,-2.3784244521567466
seed 893
Initial fitness values: [np.float64(13.85210205352705), np.float64(13.85210205352705), np.float64(13.718337826795896), np.float64(13.710858415227744), np.float64(13.699882429234613), np.float64(13.620184602618831), np.float64(13.36244740202527), np.float64(13.290425016557217), np.float64(13.254009117715361), np.float64(13.239494799207321)]
Final fitness values: [np.float64(12.766835441331883), np.float64(12.766835441331883), np.float64(12.766835441331883), np.float64(12.766835140736125), np.float64(12.766631352271622), np.float64(12.766631352271622), np.float64(12.76663105167574), np.float64(12.76663105167574), np.float64(12.7645036365198), np.float64(12.7645036365198)]
HOF ITEM
12.7645036365198
3.1707385148352873,-0.2988954065856296,7.0,-4.264453765100789,5.182750778949805,2.2316777501614666,4.929388959092759,2.2251508011447867,1.9277928330917697,-5.054982494657516,1.731030753036784,5.024748430352863,1.8247081214646044,0.9490571119189561,-6.827319810811653
HOF ITEM
12.7645036365198
3.1707385148352873,-0.2988954065856296,7.0,-4.264453765100789,5.182750778949805,2.2316777501614666,4.918644199523077,2.2251508011447867,1.9277928330917697,-5.054982494657516,1.731030753036784,5.024748430352863,1.8247081214646044,0.9490571119189561,-6.827319810811653
HOF ITEM
12.76663105167574
3.1707385148352873,-0.2941666026729447,7.0,-4.351680854617789,5.182750778949805,2.2316777501614666,4.929388959092759,2.2251508011447867,1.737650264345104,-5.002295747292319,1.731030753036784,5.024748430352863,1.8247081214646044,0.9490571119189561,-7.0
HOF ITEM
12.766631352271622
3.1707385148352873,-0.2941666026729447,7.0,-4.264453765100789,5.182750778949805,2.2316777501614666,4.918644199523077,2.2251508011447867,1.737650264345104,-5.002295747292319,1.731030753036784,5.024748430352863,1.8247081214646044,0.9490571119189561,-7.0
HOF ITEM
12.766631352271622
3.1707385148352873,-0.2941666026729447,7.0,-4.264453765100789,5.182750778949805,2.2316777501614666,4.929388959092759,2.2251508011447867,1.737650264345104,-5.002295747292319,1.731030753036784,5.024748430352863,1.8247081214646044,0.9490571119189561,-7.0
seed 894
Initial fitness values: [np.float64(13.68266570583908), np.float64(13.68266570583908), np.float64(12.698123041486655), np.float64(12.088718897478316), np.float64(12.037689550030086), np.float64(11.990160757524107), np.float64(11.477382477057713), np.float64(10.775944653091416), np.float64(10.775944653091416), np.float64(10.775944653091416)]
Final fitness values: [np.float64(10.6934801721046), np.float64(10.6934801721046), np.float64(10.6934801721046), np.float64(10.6934801721046), np.float64(10.6934801721046), np.float64(10.6934801721046), np.float64(10.6934801721046), np.float64(10.6934801721046), np.float64(10.6934801721046), np.float64(10.6934801721046)]
HOF ITEM
10.6934801721046
-6.832948029137147,1.5562419672296186,-4.3432894517758776,-2.012359822014242,2.23996074321422,1.0639329377845843,1.5034722691323346,1.8521564660516199,2.363370331394836,-1.5112941604314531,2.364970869627982,-5.526482768847887,-6.308847014666989,1.8296113449098765,-4.936065986478244
HOF ITEM
10.6934801721046
-6.832948029137147,1.5562419672296186,-4.3432894517758776,-2.012359822014242,2.23996074321422,1.0639329377845843,1.5034722691323346,1.8521564660516199,2.0412715700417987,-1.5383338806230125,2.624525064489214,-5.526482768847887,-6.308847014666989,1.8296113449098765,-4.936065986478244
HOF ITEM
10.6934801721046
-6.832948029137147,1.5562419672296186,-4.3432894517758776,-2.012359822014242,2.23996074321422,1.0639329377845843,1.5034722691323346,1.8521564660516199,2.0412715700417987,-1.5383338806230125,2.624525064489214,-5.435912218089113,-6.308847014666989,1.8296113449098765,-4.936065986478244
HOF ITEM
10.6934801721046
-6.832948029137147,1.5562419672296186,-4.3432894517758776,-2.012359822014242,2.23996074321422,1.0639329377845843,1.5034722691323346,1.8521564660516199,2.0412715700417987,-1.5383338806230125,2.624525064489214,-5.369886543546089,-6.308847014666989,1.8296113449098765,-4.936065986478244
HOF ITEM
10.69350869866987
-6.832948029137147,1.5562419672296186,-4.3432894517758776,-1.8972252065388888,2.3574717800223963,1.0639329377845843,1.2992433416418963,1.66736202577222,2.0844518103919114,-1.5383338806230125,2.6087138169871658,-5.526482768847887,-6.308847014666989,1.8296113449098765,-4.936065986478244
seed 895
Initial fitness values: [np.float64(13.30874609637213), np.float64(13.03554093744091), np.float64(12.993614467632474), np.float64(12.502884922970326), np.float64(12.502884922970326), np.float64(12.502884922970326), np.float64(12.454513783569565), np.float64(12.389902030597954), np.float64(12.350171838406425), np.float64(12.350171838406425)]
Final fitness values: [np.float64(12.30946910685576), np.float64(12.30946910685576), np.float64(12.30946910685576), np.float64(12.30946910685576), np.float64(12.30946910685576), np.float64(12.30892874395444), np.float64(12.30892874395444), np.float64(12.30892874395444), np.float64(12.30892874395444), np.float64(12.30892874395444)]
HOF ITEM
12.30892874395444
5.785160456555202,-3.3452738755744997,-6.506388794474379,-5.0211625298956175,-2.9378471495878857,-1.5862425271334815,1.3081976874438068,2.1064059094691956,1.8319162818781376,1.9326825181768705,1.058516454587131,-0.0954994990098571,-2.5169647507233437,0.7254554427859907,1.5308218007227274
HOF ITEM
12.30892874395444
5.785160456555202,-3.618903657304133,-6.506388794474379,-5.0211625298956175,-2.9378471495878857,-1.5862425271334815,1.3081976874438068,2.1064059094691956,1.8319162818781376,1.9326825181768705,1.058516454587131,-0.0954994990098571,-2.5169647507233437,0.7254554427859907,1.5308218007227274
HOF ITEM
12.30909174649124
5.614966838979472,-3.4925043276598973,-6.506388794474379,-5.0211625298956175,-2.9378471495878857,-1.5862425271334815,1.3081976874438068,2.1064059094691956,1.8319162818781376,1.9326825181768705,1.058516454587131,-0.0954994990098571,-2.5169647507233437,0.7254554427859907,1.5308218007227274
HOF ITEM
12.309264957216255
5.785160456555202,-4.0,-6.506388794474379,-5.0211625298956175,-2.9378471495878857,-1.5862425271334815,1.3081976874438068,2.1064059094691956,1.8319162818781376,1.9326825181768705,1.058516454587131,-0.0954994990098571,-2.644919245770322,0.7254554427859907,1.7817952896887317
HOF ITEM
12.30946910685576
5.785160456555202,-3.618903657304133,-6.506388794474379,-5.0211625298956175,-2.9378471495878857,-1.5862425271334815,1.3081976874438068,2.1064059094691956,1.8319162818781376,1.9326825181768705,1.058516454587131,-0.0954994990098571,-2.5169647507233437,0.7254554427859907,1.9794506381788575
seed 896
Initial fitness values: [np.float64(13.69741579200655), np.float64(13.653443139050108), np.float64(13.362790967059231), np.float64(13.362790967059231), np.float64(13.115359910053686), np.float64(13.057935774906793), np.float64(13.057935774906793), np.float64(12.940720183509479), np.float64(12.940720183509479), np.float64(12.885920782782332)]
Final fitness values: [np.float64(12.237093099771716), np.float64(12.237093099771716), np.float64(12.237093099771716), np.float64(12.237093099771716), np.float64(12.237093099771716), np.float64(12.237093099771716), np.float64(12.237093099771716), np.float64(12.233039573927353), np.float64(12.233039573927353), np.float64(12.233039573927353)]
HOF ITEM
12.233039573927353
-5.44168712327347,-2.4916955921435457,-1.901612636896711,-5.471599356168204,-1.1620892159154657,3.745178898304268,1.9016682557375126,2.3593274554581294,-4.834742361824401,-2.890338656612911,1.6980170964636823,2.927922208097412,-4.8275435319114575,2.037243880031595,-5.642210468768344
HOF ITEM
12.233039573927353
-5.44168712327347,-2.610178092054669,-1.901612636896711,-5.471599356168204,-1.1620892159154657,3.745178898304268,1.9016682557375126,2.3593274554581294,-4.834742361824401,-2.890338656612911,1.6980170964636823,2.927922208097412,-4.8275435319114575,2.037243880031595,-5.642210468768344
HOF ITEM
12.237093099771716
-5.44168712327347,-2.1432624914052805,-1.901612636896711,-5.3964650654587984,-1.1620892159154657,3.745178898304268,1.6081510853061558,2.6540710059726607,-4.701996807648541,-2.890338656612911,1.6980170964636823,2.927922208097412,-4.8275435319114575,2.037243880031595,-5.642210468768344
HOF ITEM
12.237093099771716
-5.44168712327347,-2.4916955921435457,-1.901612636896711,-5.3964650654587984,-1.1620892159154657,3.745178898304268,1.9016682557375126,2.3593274554581294,-5.167237485846411,-2.890338656612911,1.6980170964636823,2.927922208097412,-4.8275435319114575,2.037243880031595,-5.642210468768344
HOF ITEM
12.237093099771716
-5.44168712327347,-2.4916955921435457,-1.901612636896711,-5.3964650654587984,-1.1620892159154657,3.745178898304268,1.9016682557375126,2.3593274554581294,-4.834742361824401,-2.890338656612911,1.6980170964636823,2.927922208097412,-4.8275435319114575,2.037243880031595,-5.642210468768344
seed 897
Initial fitness values: [np.float64(13.601139429824197), np.float64(13.445175625440646), np.float64(13.423173581705939), np.float64(12.916685590919254), np.float64(12.916685590919254), np.float64(12.719212399640162), np.float64(12.685473556567821), np.float64(12.552734058497435), np.float64(12.552734058497435), np.float64(12.514013696711691)]
Final fitness values: [np.float64(12.395457650421648), np.float64(12.39545694174156), np.float64(12.39545694174156), np.float64(12.39545694174156), np.float64(12.39545694174156), np.float64(12.395456668414507), np.float64(12.395456668414507), np.float64(12.395456668414507), np.float64(12.372367081588004), np.float64(12.366516396706391)]
HOF ITEM
12.366516396706391
-6.293120792003359,-2.456674375112838,0.8688562340018076,3.5381988462807836,4.7747601354808165,-3.0722680397070565,-4.1935416635537495,0.9121694309523845,-2.942752064158717,-5.689556790605034,1.8488087265747968,-5.002718779488056,1.8787997562469922,1.3936236462811242,5.044634416311815
HOF ITEM
12.372367081588004
-6.293120792003359,-2.456674375112838,0.8688562340018076,3.5381988462807836,4.7747601354808165,-3.0722680397070565,-4.1935416635537495,0.9121694309523845,-2.870944559059139,-5.689556790605034,1.8488087265747968,-5.002718779488056,1.8787997562469922,1.3936236462811242,5.044634416311815
HOF ITEM
12.393362061098792
-6.269619599084282,-2.548824028829081,0.8688562340018076,3.2377421277286835,4.635520119301628,-3.0722680397070565,-3.941673513576291,0.9121694309523845,-3.3015338995625925,-5.689556790605034,1.8488087265747968,-5.002718779488056,1.8787997562469922,1.2627860488184075,5.33500492470308
HOF ITEM
12.395456668414507
-6.269619599084282,-2.535746181538515,0.8688562340018076,3.236333929383431,4.635520119301628,-3.0722680397070565,-3.941673513576291,0.9121694309523845,-2.942752064158717,-5.689556790605034,1.8488087265747968,-5.002718779488056,1.8787997562469922,1.0963396814809607,5.300079062417237
HOF ITEM
12.395456934249042
-6.269619599084282,-2.3940155503418246,0.8688562340018076,3.236333929383431,4.635520119301628,-3.0722680397070565,-3.941673513576291,0.9121694309523845,-2.942752064158717,-5.689556790605034,1.8488087265747968,-5.002718779488056,1.985384253737888,1.0963396814809607,5.303641229463292
seed 898
Initial fitness values: [np.float64(14.2338161004979), np.float64(14.027385245243277), np.float64(14.027385245243277), np.float64(13.37756899715025), np.float64(13.330798489901222), np.float64(13.281373606010806), np.float64(13.281373606010806), np.float64(13.188989590769982), np.float64(13.188989590769982), np.float64(13.12769034065832)]
Final fitness values: [np.float64(10.649965977096073), np.float64(10.649965977096073), np.float64(10.649965977096073), np.float64(10.649965977096073), np.float64(10.649965977096073), np.float64(10.649965541023885), np.float64(10.649965541023885), np.float64(10.649965541023885), np.float64(10.649965541023885), np.float64(10.649965318436577)]
HOF ITEM
10.649965318436577
-3.2523696384420484,1.5717712518198033,-7.0,2.6339795941748814,0.8979761602588991,1.3095829299352908,5.001587082477691,0.8528112627071895,2.5896264058177936,-1.9733241861001516,2.8235700115099553,-0.5063576075933164,1.6944812526710804,2.625817096819696,2.50989625847929
HOF ITEM
10.649965541023885
-3.2523696384420484,1.5717712518198033,-7.0,2.6339795941748814,0.8979761602588991,1.3095829299352908,5.001587082477691,0.8528112627071895,2.4235757898883294,-1.9733241861001516,2.8235700115099553,-0.5063576075933164,1.6944812526710804,2.774710751269534,2.50989625847929
HOF ITEM
10.649965541023885
-3.2523696384420484,1.5717712518198033,-7.0,2.6339795941748814,0.8979761602588991,1.3095829299352908,5.001587082477691,0.8528112627071895,2.4235757898883294,-1.9733241861001516,2.8235700115099553,-0.5063576075933164,1.6944812526710804,2.625817096819696,2.488246803805195
HOF ITEM
10.649965541023885
-3.2523696384420484,1.5717712518198033,-7.0,2.6339795941748814,0.8979761602588991,1.3095829299352908,5.001587082477691,0.8528112627071895,2.4235757898883294,-1.9733241861001516,2.8235700115099553,-0.5063576075933164,1.6944812526710804,2.625817096819696,2.50989625847929
HOF ITEM
10.649965541023885
-3.2523696384420484,1.5717712518198033,-7.0,2.6339795941748814,0.8979761602588991,1.3095829299352908,5.001587082477691,0.8528112627071895,2.4235757898883294,-1.9733241861001516,2.8235700115099553,-0.5063576075933164,1.6944812526710804,2.625817096819696,2.1973297395397244
seed 899
Initial fitness values: [np.float64(14.189185977309341), np.float64(13.039632612818938), np.float64(12.356503879985011), np.float64(12.125633359865274), np.float64(11.877510493016715), np.float64(11.847481975456157), np.float64(11.815219484616456), np.float64(11.725944523538196), np.float64(11.426089788263289), np.float64(11.384950727342199)]
Final fitness values: [np.float64(10.801669601650962), np.float64(10.801669601650962), np.float64(10.801669601650962), np.float64(10.790579802297291), np.float64(10.790579802297291), np.float64(10.790579802297291), np.float64(10.790579802297291), np.float64(10.768298832373205), np.float64(10.768298832373205), np.float64(10.759274836055475)]
HOF ITEM
10.759274836055475
-2.7768626542383186,1.3415057446885037,-1.0486693328340895,2.135942605849358,7.0,2.8706752141235206,0.905395261626122,1.418750671615798,3.3568062240633942,-1.8469941396106857,2.1975340462496735,-3.734493715813326,-6.376922590482768,3.0,-2.6700163159389976
HOF ITEM
10.768298832373205
-2.7768626542383186,1.3415057446885037,-1.0486693328340895,2.135942605849358,7.0,2.8706752141235206,0.905395261626122,2.093062790948229,3.3982341633336417,-1.8469941396106857,2.1975340462496735,-3.734493715813326,-6.376922590482768,3.0,-2.6700163159389976
HOF ITEM
10.790579802297291
-2.7768626542383186,1.3415057446885037,-1.0486693328340895,2.0386877288814587,6.871921637732702,3.0752251932024484,0.905395261626122,1.418750671615798,3.3568062240633942,-1.8469941396106857,2.1975340462496735,-3.734493715813326,-6.376922590482768,3.0,-2.8010582477474126
HOF ITEM
10.791735631189086
-2.7768626542383186,1.3415057446885037,-0.92858750352469,2.0777395972086974,6.816591809590436,3.0752251932024484,0.9316303212131181,0.9956795447083523,3.754308540213926,-1.7960286837939956,2.1975340462496735,-3.4301361270225272,-6.376922590482768,3.0,-2.8010582477474126
HOF ITEM
10.791864284621225
-2.7768626542383186,1.3415057446885037,-1.0486693328340895,1.886053667802791,6.871921637732702,3.1645314583449293,0.905395261626122,1.418750671615798,3.3568062240633942,-1.8469941396106857,2.1975340462496735,-3.9296477952739233,-6.376922590482768,3.0,-2.8892571707668213
best parameter set
fitness 10.432651098730789 seed 892
3.463094538147768,-0.6032589768210589,3.7470871039425613,3.859049618956662,0.9468510730301314,-0.6507048223192797,5.203600539474666,1.1636272276017796,-6.1497667789707355,0.24971150926463648,2.9997281480759286,4.372561657273796,1.3247171886737303,0.5005989600804341,-2.378430664690334
