seeds are [240 241 242 243 244 245 246 247 248 249]
seed 240
Initial fitness values: [np.float64(28.594949243772636), np.float64(28.446691336133348), np.float64(28.446691336133348), np.float64(27.768596985905347), np.float64(27.499535604724198), np.float64(27.023143820416518), np.float64(25.882463391185723), np.float64(25.882463391185723), np.float64(25.882463391185723), np.float64(25.858574509662617)]
Final fitness values: [np.float64(23.26941774763229), np.float64(23.26941774763229), np.float64(23.26941774763229), np.float64(23.26941774763229), np.float64(23.26941774763229), np.float64(23.26941774763229), np.float64(23.26941774763229), np.float64(23.26941774763229), np.float64(23.26941774763229), np.float64(23.26941774763229)]
HOF ITEM
23.26941774763229
-5.254234612896893,1.5788911595544362,-6.193813270640969,-4.084641034790434,2.1428345627998366,3.6456449677683254,-5.539739170786838,2.9926439126493256,-5.2484141421183255,0.8679348267112719,0.5278168080136123,1.363549168492884,-4.568336953124943,2.1719587555552193,-5.5880395212639105,-4.138323822298945,0.761317938823673,4.1521008139868245
HOF ITEM
23.26941774763229
-5.254234612896893,1.5788911595544362,-6.193813270640969,-4.084641034790434,2.1428345627998366,3.6456449677683254,-5.539739170786838,3.0,-5.2484141421183255,0.8679348267112719,0.5278168080136123,1.363549168492884,-4.568336953124943,2.1719587555552193,-5.5880395212639105,-4.138323822298945,0.761317938823673,4.1521008139868245
HOF ITEM
23.26941774763229
-5.254234612896893,1.5788911595544362,-6.193813270640969,-4.084641034790434,2.1428345627998366,3.6456449677683254,-5.671027250212964,2.9926439126493256,-5.2484141421183255,0.8679348267112719,0.5278168080136123,1.363549168492884,-4.568336953124943,2.1719587555552193,-5.5880395212639105,-4.138323822298945,0.761317938823673,4.1521008139868245
HOF ITEM
23.269422169280958
-5.254234612896893,1.5788911595544362,-6.193813270640969,-4.084641034790434,2.1428345627998366,3.6456449677683254,-5.671027250212964,2.761166858238665,-4.928900752181949,0.8679348267112719,0.5278168080136123,1.363549168492884,-4.568336953124943,2.1719587555552193,-5.5880395212639105,-4.227253446484914,0.7591510837511509,3.9768370617030233
HOF ITEM
23.269447651227424
-5.254234612896893,1.5788911595544362,-6.193813270640969,-4.084641034790434,2.1428345627998366,3.6456449677683254,-5.671027250212964,2.9926439126493256,-5.2484141421183255,0.8679348267112719,0.5278168080136123,1.363549168492884,-4.568336953124943,2.1719587555552193,-5.5880395212639105,-3.9660386172669853,0.761317938823673,4.1521008139868245
seed 241
Initial fitness values: [np.float64(27.85120838902476), np.float64(26.650914613832313), np.float64(26.650914613832313), np.float64(26.650914613832313), np.float64(26.56160784539357), np.float64(26.518927203974872), np.float64(26.506524734468424), np.float64(26.425828502479863), np.float64(26.425828502479863), np.float64(26.39359646454242)]
Final fitness values: [np.float64(26.35033639542498), np.float64(26.35033639542498), np.float64(26.35033639542498), np.float64(26.35033639542498), np.float64(26.349740742590615), np.float64(26.349740742590615), np.float64(26.349696812339854), np.float64(26.349696812339854), np.float64(26.206613615381876), np.float64(26.206613615381876)]
HOF ITEM
26.206613615381876
-4.605635083120721,-2.2197313611660388,2.7764600040059544,-1.6876131445268319,-3.9512390200871406,1.9895850451550423,-3.750179394347695,2.2767417790694955,-3.076723230993256,2.035302403954164,0.1836688868719536,5.905532385209116,-5.362236369923025,2.4104992059047357,-0.0519112154210673,2.0052323983525806,0.0,-4.19540271913587
HOF ITEM
26.349696812339854
-5.067978287151797,-2.2197313611660388,2.8676255557293673,-1.6876131445268319,-4.009863659923206,1.9895850451550423,-3.959592991845769,2.2767417790694955,-2.617480485370253,2.0170907063207784,0.4773315275821417,6.029638151746612,-5.362236369923025,2.2266233127805455,-0.31371790142461586,2.0052323983525806,0.0,-4.19540271913587
HOF ITEM
26.349696909125175
-5.067978287151797,-2.2197313611660388,2.8676255557293673,-1.6876131445268319,-4.009863659923206,1.9895850451550423,-3.959592991845769,2.2767417790694955,-2.617480485370253,2.0170907063207784,0.4773315275821417,6.029638151746612,-5.362236369923025,2.2186025588584655,-0.31371790142461586,2.0052323983525806,0.0,-4.19540271913587
HOF ITEM
26.349740645805014
-5.067978287151797,-2.2197313611660388,2.8676255557293673,-1.6876131445268319,-4.009863659923206,1.9895850451550423,-3.959592991845769,2.2767417790694955,-2.617480485370253,2.0170907063207784,0.4773315275821417,6.029638151746612,-5.362236369923025,2.2266233127805455,-0.31371790142461586,2.0052323983525806,0.11021831132344506,-4.19540271913587
HOF ITEM
26.349740742590615
-5.067978287151797,-2.2197313611660388,2.8676255557293673,-1.6876131445268319,-4.009863659923206,1.9895850451550423,-3.959592991845769,2.2767417790694955,-2.617480485370253,2.0170907063207784,0.4773315275821417,6.029638151746612,-5.362236369923025,2.2186025588584655,-0.31371790142461586,2.0052323983525806,0.11021831132344506,-4.19540271913587
seed 242
Initial fitness values: [np.float64(29.89921624313731), np.float64(27.8744083224811), np.float64(27.478615654737656), np.float64(27.410315997685995), np.float64(27.055414592123697), np.float64(27.055414592123697), np.float64(26.495698372192564), np.float64(26.495698372192564), np.float64(26.331084747113383), np.float64(26.331084747113383)]
Final fitness values: [np.float64(26.120106182657896), np.float64(26.090707682796943), np.float64(26.090707682796943), np.float64(25.980311533408273), np.float64(25.980311533408273), np.float64(25.98008410008905), np.float64(25.98008410008905), np.float64(25.790018030043147), np.float64(25.790018030043147), np.float64(25.790018030043147)]
HOF ITEM
25.790018030043147
-6.986829320646309,-3.431499484230587,0.3175463290413306,2.1517543922958495,1.9477165180790739,-1.7749696707713183,0.9878852321492089,0.0,5.607109715821426,-0.18891770146389428,2.116143557166882,1.4358162926344498,-6.002313000115582,1.76138778483339,-2.1422638558732374,0.5577686738795876,1.7729185966979362,-6.92776967891231
HOF ITEM
25.830723314116113
-6.986829320646309,-3.431499484230587,0.5933613919694412,2.176433294564222,1.836557580998567,-1.805511142228388,0.9279856782494157,0.0,5.734786793617917,-0.12987851406536005,2.2011764326080487,1.438045058202654,-6.002313000115582,1.76138778483339,-2.2931465611606763,0.6182889465014423,1.7729185966979362,-6.759783012770977
HOF ITEM
25.830723314116113
-6.986829320646309,-3.431499484230587,0.5933613919694412,2.176433294564222,1.836557580998567,-1.805511142228388,0.9279856782494157,0.0,5.734786793617917,-0.12987851406536005,2.2011764326080487,1.2795529928001943,-6.002313000115582,1.76138778483339,-2.2931465611606763,0.6182889465014423,1.7729185966979362,-6.759783012770977
HOF ITEM
25.830723314116113
-6.986829320646309,-3.431499484230587,0.5933613919694412,2.176433294564222,1.836557580998567,-1.805511142228388,0.9279856782494157,0.0,5.734786793617917,-0.12987851406536005,2.2011764326080487,1.438045058202654,-6.002313000115582,1.76138778483339,-2.2931465611606763,0.6182889465014423,1.8890931796128063,-6.759783012770977
HOF ITEM
25.852211395062923
-7.0,-3.6528329221970224,0.3175463290413306,2.219205206834031,2.0045503102873568,-1.7749696707713183,0.9878852321492089,0.0,5.48992338666601,-0.12987851406536005,1.4915575540623063,1.2722706918265316,-6.002313000115582,1.76138778483339,-2.1422638558732374,0.3619737185053158,1.7729185966979362,-6.92776967891231
seed 243
Initial fitness values: [np.float64(27.45244735774476), np.float64(27.45244735774476), np.float64(26.42439580980879), np.float64(25.92383847272397), np.float64(25.56845044069674), np.float64(25.56845044069674), np.float64(25.56814268390833), np.float64(25.499149943773855), np.float64(25.452883080776747), np.float64(25.412293017258225)]
Final fitness values: [np.float64(24.865981901906874), np.float64(24.865916476015823), np.float64(24.865916476015823), np.float64(24.865916476015823), np.float64(24.841087286632487), np.float64(24.841087286632487), np.float64(24.841087286632487), np.float64(24.841087286632487), np.float64(24.841087286632487), np.float64(24.841087286632487)]
HOF ITEM
24.841087286632487
-2.9501307679370954,0.691162008239258,-5.386516150975727,-2.9776552039336415,5.8980471324883235,-3.2171366256640583,-0.9951475792990785,0.14717431692624747,-6.091862913036836,1.1434757665518416,0.7137299079026715,-1.125249945790189,-2.069105461114002,1.3084242421592316,-1.3686145847102216,-6.0997503955511245,1.787833500510369,1.7817321500675103
HOF ITEM
24.841090860557586
-2.9501307679370954,0.691162008239258,-5.386516150975727,-2.9776552039336415,5.8980471324883235,-3.2171366256640583,-0.9951475792990785,0.14717431692624747,-6.091862913036836,1.1434757665518416,0.2722579362884135,-1.2703331323274338,-1.9772439663433992,1.4251381776234866,-1.1699736919844204,-6.0997503955511245,1.787833500510369,1.7817321500675103
HOF ITEM
24.841212690605687
-2.9501307679370954,0.691162008239258,-5.386516150975727,-2.9776552039336415,5.8980471324883235,-3.2171366256640583,-0.9951475792990785,0.14717431692624747,-6.091862913036836,1.1434757665518416,0.2722579362884135,-1.2703331323274338,-1.9772439663433992,1.3084242421592316,-1.3686145847102216,-6.0997503955511245,1.787833500510369,1.7817321500675103
HOF ITEM
24.841483879575094
-2.9501307679370954,0.691162008239258,-5.386516150975727,-2.9776552039336415,5.8980471324883235,-3.2171366256640583,-0.9951475792990785,0.14717431692624747,-6.091862913036836,1.1434757665518416,0.7137299079026715,-1.125249945790189,-1.8565487419011164,1.3084242421592316,-1.3686145847102216,-6.0997503955511245,1.787833500510369,1.7817321500675103
HOF ITEM
24.841882251314015
-2.9501307679370954,0.691162008239258,-5.386516150975727,-2.9776552039336415,5.8980471324883235,-3.2171366256640583,-0.9951475792990785,0.14717431692624747,-6.091862913036836,1.1434757665518416,0.7172125611616145,-1.125249945790189,-2.3810797893191777,1.0817550199598245,-1.341406575710193,-6.0997503955511245,1.787833500510369,1.7817321500675103
seed 244
Initial fitness values: [np.float64(29.217629183182126), np.float64(28.433686365223075), np.float64(27.12560671285532), np.float64(27.12560671285532), np.float64(26.80890209063197), np.float64(26.599366913699793), np.float64(26.3204783482751), np.float64(26.319832900274207), np.float64(26.319832900274207), np.float64(26.183891411234438)]
Final fitness values: [np.float64(25.890298759845617), np.float64(25.890298759845617), np.float64(25.890298744904097), np.float64(25.890298744904097), np.float64(25.89029874462953), np.float64(25.89029874462953), np.float64(25.890298738910218), np.float64(25.890298738910218), np.float64(25.890298738910218), np.float64(25.890298738910218)]
HOF ITEM
25.890298738910218
-2.3295159134459227,-1.7300897697349509,0.08834223639474262,-1.699418486061547,-0.9828929672851763,3.0671715853502444,0.09584276679541187,1.0936996516964206,-2.6454767475056937,-1.137584722993705,2.218499747192766,1.7002524744696792,4.552073048216135,2.420542844608053,3.126789877278782,5.816521047427088,1.0450680585799663,-2.4651800152447425
HOF ITEM
25.890298738910218
-2.3295159134459227,-1.7300897697349509,0.08834223639474262,-1.699418486061547,-0.9828929672851763,3.0671715853502444,0.09584276679541187,1.0936996516964206,-2.6454767475056937,-1.137584722993705,2.218499747192766,1.7002524744696792,4.738948856241433,2.003966614332629,3.126789877278782,5.816521047427088,1.0450680585799663,-2.4651800152447425
HOF ITEM
25.890298739362244
-2.3295159134459227,-1.7300897697349509,0.08834223639474262,-1.699418486061547,-0.9828929672851763,3.0671715853502444,0.09584276679541187,1.0936996516964206,-2.6454767475056937,-1.137584722993705,2.218499747192766,1.7002524744696792,4.582894725931184,2.448697465919788,3.126789877278782,5.947314030768911,0.9826915622713779,-2.2403919459996096
HOF ITEM
25.8902987443088
-2.3295159134459227,-1.7300897697349509,0.08834223639474262,-1.699418486061547,-0.9828929672851763,3.0671715853502444,0.09584276679541187,1.0936996516964206,-2.6454767475056937,-1.137584722993705,2.218499747192766,1.7002524744696792,4.552073048216135,2.420542844608053,3.126789877278782,5.816521047427088,0.8856728556615899,-2.019380660732563
HOF ITEM
25.89029874462953
-2.3295159134459227,-1.7300897697349509,0.08834223639474262,-1.699418486061547,-0.9828929672851763,3.0671715853502444,0.09584276679541187,1.0936996516964206,-2.6454767475056937,-1.137584722993705,2.218499747192766,1.7002524744696792,4.44619939772881,2.420542844608053,3.126789877278782,5.816521047427088,0.8856728556615899,-2.4651800152447425
seed 245
Initial fitness values: [np.float64(28.96360416253344), np.float64(26.635797084867466), np.float64(26.635797084867466), np.float64(26.007694598558082), np.float64(26.007694598558082), np.float64(25.903068025363858), np.float64(25.758404248320932), np.float64(25.742067771997885), np.float64(25.73945625438637), np.float64(25.73945625438637)]
Final fitness values: [np.float64(25.72683474580343), np.float64(25.72683474580343), np.float64(25.72683474580343), np.float64(25.72683474580343), np.float64(25.72683474580343), np.float64(25.72683474580343), np.float64(25.72683474580343), np.float64(25.72683474580343), np.float64(25.72683474580343), np.float64(25.72683474580343)]
HOF ITEM
25.726643082046294
-2.748338074667963,-2.2008301124295735,-0.13548951158577208,-4.664393189712071,-5.1551948251655375,3.7655353261623783,1.7884013426175722,0.41954684653270935,-1.2531112965095441,-1.4888891395077308,2.1104491917622403,4.019582958497182,-0.2623211494686325,2.278884475350966,1.4239167785863587,-4.746682430347634,2.88625208717065,-2.009191329562314
HOF ITEM
25.72683474580343
-2.748338074667963,-2.2385065729378377,0.06455814479998206,-4.468052354694581,-5.156670672304823,3.3349892915682235,1.7884013426175722,0.41954684653270935,-1.0904321317101184,-1.4888891395077308,2.1104491917622403,4.019582958497182,-0.341227839300143,2.3774071048290524,0.9420236447238384,-4.5398286727492,2.88625208717065,-2.123911486791398
HOF ITEM
25.72683474580343
-2.748338074667963,-2.2385065729378377,0.06455814479998206,-4.468052354694581,-5.156670672304823,3.3349892915682235,1.7884013426175722,0.41954684653270935,-1.0904321317101184,-1.4888891395077308,2.1104491917622403,4.019582958497182,-0.341227839300143,2.3774071048290524,0.9420236447238384,-4.809383688017698,2.88625208717065,-2.123911486791398
HOF ITEM
25.72684178266143
-2.748338074667963,-2.2385065729378377,0.06455814479998206,-4.468052354694581,-5.1551948251655375,3.3349892915682235,1.7884013426175722,0.41954684653270935,-1.0904321317101184,-1.4888891395077308,2.1104491917622403,4.019582958497182,-0.341227839300143,2.3774071048290524,0.9420236447238384,-4.809383688017698,2.88625208717065,-2.123911486791398
HOF ITEM
25.72741140141142
-2.748338074667963,-2.2385065729378377,0.06455814479998206,-4.468052354694581,-5.156670672304823,3.3349892915682235,1.7884013426175722,0.41954684653270935,-1.0904321317101184,-1.4888891395077308,2.1104491917622403,4.019582958497182,-0.341227839300143,2.3774071048290524,0.9021832687436172,-4.809383688017698,2.88625208717065,-2.123911486791398
seed 246
Initial fitness values: [np.float64(31.1272687778908), np.float64(27.906373869431242), np.float64(27.317002823637473), np.float64(27.237694780411804), np.float64(27.073907615232088), np.float64(25.786285970090205), np.float64(25.786285970090205), np.float64(25.68764985196868), np.float64(25.46954219334459), np.float64(25.160898737778233)]
Final fitness values: [np.float64(23.46126182270648), np.float64(23.46126182270648), np.float64(23.46126182270648), np.float64(23.46126182270648), np.float64(23.46126182270648), np.float64(23.46126182270648), np.float64(23.46126182270648), np.float64(23.46126182270648), np.float64(23.46126182270648), np.float64(23.46126182270648)]
HOF ITEM
23.46126182270648
1.1444388860780708,0.6040998875003244,3.881482299827481,-1.8023971566541046,-4.6133993259875234,3.784092865587933,1.377732805276312,1.3854168724526092,-5.163439564042762,4.602534787795046,1.7404684594952908,-0.010799753092910369,1.0436867144531263,2.8571840281523455,-0.42818761674559086,0.4420829622045743,1.6689605005568708,-5.419471363357413
HOF ITEM
23.461261822721923
1.1444388860780708,0.6040998875003244,3.881482299827481,-1.8023971566541046,-4.6133993259875234,3.784092865587933,1.377732805276312,1.3854168724526092,-5.163439564042762,5.1358675662418785,1.7404684594952908,-0.010799753092910369,1.0436867144531263,2.8571840281523455,-0.42818761674559086,0.4420829622045743,1.6689605005568708,-5.419471363357413
HOF ITEM
23.46126182276038
1.1444388860780708,0.6040998875003244,3.881482299827481,-1.8023971566541046,-4.6133993259875234,3.784092865587933,1.377732805276312,1.3854168724526092,-5.163439564042762,5.1358675662418785,1.7404684594952908,0.4198432129430957,1.0436867144531263,2.8571840281523455,-0.42818761674559086,0.4420829622045743,1.6689605005568708,-5.419471363357413
HOF ITEM
23.46126182351027
1.1444388860780708,0.6040998875003244,3.881482299827481,-1.8023971566541046,-4.6133993259875234,3.784092865587933,1.377732805276312,1.3854168724526092,-5.163439564042762,4.602534787795046,1.7404684594952908,0.4198432129430957,1.0436867144531263,2.8571840281523455,-0.42818761674559086,0.4420829622045743,1.6689605005568708,-5.419471363357413
HOF ITEM
23.461307357266108
1.1444388860780708,0.6040998875003244,3.881482299827481,-1.8023971566541046,-4.6133993259875234,3.784092865587933,1.377732805276312,1.3854168724526092,-5.239387635226632,4.602534787795046,1.7404684594952908,-0.010799753092910369,1.0436867144531263,2.8571840281523455,-0.42818761674559086,0.4420829622045743,1.6689605005568708,-5.419471363357413
seed 247
Initial fitness values: [np.float64(31.51344723938286), np.float64(28.69118270225881), np.float64(28.570689693086262), np.float64(28.368961182439943), np.float64(28.006650907193603), np.float64(28.006650907193603), np.float64(27.101589710601168), np.float64(25.714606546916983), np.float64(25.714606546916983), np.float64(25.614462913153282)]
Final fitness values: [np.float64(22.366811415723213), np.float64(22.345775981940452), np.float64(22.345775981940452), np.float64(22.345775981940452), np.float64(22.345775981062236), np.float64(22.338251428907984), np.float64(22.31371636850216), np.float64(22.31371636850216), np.float64(22.303425375885734), np.float64(22.300325060644717)]
HOF ITEM
22.300325060644717
-1.7855956904745336,1.369823007330456,1.9998922897528115,3.7517310685709586,0.1458920946375935,-2.2494374236696104,2.9664383117821744,1.5823647296784107,-4.807078360899659,-0.38671068315797874,0.18685854817256625,-1.5779373460434651,3.2407724628381036,1.1690722949931662,-4.675715903259143,-0.7512855912030452,2.023160405994128,-0.7874715284446334
HOF ITEM
22.303425375885734
-1.7855956904745336,1.369823007330456,1.9998922897528115,3.7517310685709586,0.1458920946375935,-2.2494374236696104,2.9664383117821744,1.5823647296784107,-4.807078360899659,-0.38671068315797874,0.18685854817256625,-1.5779373460434651,3.2407724628381036,1.1690722949931662,-4.675715903259143,-0.7532153417903077,2.023160405994128,-0.7874715284446334
HOF ITEM
22.30364528894996
-1.7855956904745336,1.369823007330456,1.9998922897528115,3.7472298110101456,0.1458920946375935,-2.2494374236696104,2.9664383117821744,1.5823647296784107,-4.807078360899659,-0.38671068315797874,0.18685854817256625,-1.5779373460434651,3.2407724628381036,1.1690722949931662,-4.675715903259143,-0.7532153417903077,2.023160405994128,-0.7874715284446334
HOF ITEM
22.307898415145846
-1.7855956904745336,1.369823007330456,2.231520523369104,3.7472298110101456,-0.03842982647806986,-2.2344244366495576,3.2604613063103143,1.5823647296784107,-4.807078360899659,-0.38671068315797874,0.18685854817256625,-1.5779373460434651,3.2407724628381036,1.1690722949931662,-4.675715903259143,-0.7532153417903077,2.023160405994128,-0.7874715284446334
HOF ITEM
22.30789854751565
-1.7855956904745336,1.369823007330456,2.231520523369104,3.7472298110101456,-0.03842982647806986,-2.2344244366495576,2.9664383117821744,1.5823647296784107,-4.807078360899659,-0.38671068315797874,0.18685854817256625,-1.5779373460434651,3.2407724628381036,1.1690722949931662,-4.675715903259143,-0.7532153417903077,2.023160405994128,-0.7874715284446334
seed 248
Initial fitness values: [np.float64(29.13850536967842), np.float64(27.892715879930886), np.float64(27.67274488548749), np.float64(27.00505864479392), np.float64(26.733162068521906), np.float64(25.863578964578956), np.float64(25.863578964578956), np.float64(24.848836368419644), np.float64(24.848836368419644), np.float64(24.738896335077207)]
Final fitness values: [np.float64(24.025049003366142), np.float64(24.025049003366142), np.float64(24.025049003366142), np.float64(24.025049003366142), np.float64(24.025049003366142), np.float64(24.025047510175888), np.float64(24.025049003366142), np.float64(24.025049003366142), np.float64(24.025013151196184), np.float64(24.022801391284375)]
HOF ITEM
24.022801391284375
6.853473826428276,-1.0746841946796275,-0.3569095222969887,-4.736608951919779,5.0640270791477375,-2.2741262496255574,1.2046760799873784,2.545787035317463,-1.695280733106921,2.6025502871140604,2.3913394955438574,-1.9155842522395776,-4.078312215059265,2.6876935136106055,2.128156455542295,3.273002999273523,1.2567586018076204,-0.7999857172822057
HOF ITEM
24.022820709897864
6.853473826428276,-1.0746841946796275,-0.3569095222969887,-4.736608951919779,5.182481961202754,-2.2741262496255574,1.2046760799873784,2.545787035317463,-1.695280733106921,2.6025502871140604,2.3913394955438574,-1.9155842522395776,-4.078312215059265,2.6876935136106055,2.128156455542295,3.273002999273523,1.2567586018076204,-0.8245050362940958
HOF ITEM
24.023774119414462
6.8587222922054885,-1.0746841946796275,-0.3569095222969887,-4.736608951919779,5.0640270791477375,-2.2741262496255574,1.2046760799873784,2.545787035317463,-1.695280733106921,2.310379868985182,2.707478460378266,-1.8368741168031608,-4.078312215059265,2.6922927843788367,2.391811988999038,3.273002999273523,1.2567586018076204,-0.8245050362940958
HOF ITEM
24.023979842567137
6.8587222922054885,-1.0746841946796275,-0.3569095222969887,-4.736608951919779,5.0640270791477375,-2.2741262496255574,1.2046760799873784,2.545787035317463,-1.695280733106921,2.310379868985182,2.707478460378266,-1.8368741168031608,-4.078312215059265,2.6922927843788367,2.128156455542295,3.273002999273523,1.2567586018076204,-0.8245050362940958
HOF ITEM
24.025013151196184
6.8587222922054885,-1.0746841946796275,-0.3569095222969887,-4.736608951919779,5.182481961202754,-2.2741262496255574,1.2046760799873784,2.545787035317463,-1.695280733106921,2.6025502871140604,2.3913394955438574,-1.9155842522395776,-4.078312215059265,2.6876935136106055,2.128156455542295,3.273002999273523,1.2567586018076204,-0.8245050362940958
seed 249
Initial fitness values: [np.float64(29.40883517086932), np.float64(24.902931559277487), np.float64(24.902931559277487), np.float64(24.846635161656472), np.float64(24.821269630164146), np.float64(24.703349867248825), np.float64(24.703349867248825), np.float64(24.640323502124367), np.float64(24.094905736887206), np.float64(23.82692572836286)]
Final fitness values: [np.float64(21.218072733846753), np.float64(21.218072733846753), np.float64(21.218072733846753), np.float64(21.046090876402502), np.float64(21.046090876402502), np.float64(21.046090876400623), np.float64(21.046090876400623), np.float64(21.046090876400623), np.float64(21.046090876400623), np.float64(21.046090876400623)]
HOF ITEM
21.046090876400623
-6.899080045343465,1.40327987422369,-4.255086740962801,1.1747108661023336,1.6916313631733482,-3.2159436743869216,3.983478653444142,1.1591064986412918,-5.316327556971608,-5.333542645271771,0.3847904568934153,-2.3638510351077193,5.504600738939164,1.8460837956691198,-5.378773652225879,-5.881465157160052,1.7825889734566351,-1.6601036600264365
HOF ITEM
21.046090876400623
-6.899080045343465,1.40327987422369,-4.255086740962801,1.1747108661023336,1.6916313631733482,-3.2159436743869216,3.983478653444142,1.1591064986412918,-5.246201997263804,-5.333542645271771,0.3847904568934153,-2.3638510351077193,5.296319316358931,1.8460837956691198,-5.944797963709869,-5.881465157160052,1.7825889734566351,-1.6601036600264365
HOF ITEM
21.046090876400623
-6.899080045343465,1.40327987422369,-4.255086740962801,1.1747108661023336,1.6916313631733482,-3.2159436743869216,3.983478653444142,1.1591064986412918,-5.316327556971608,-5.333542645271771,0.3847904568934153,-2.3638510351077193,5.617551620486064,1.430471448850899,-5.944797963709869,-5.881465157160052,1.7825889734566351,-1.6601036600264365
HOF ITEM
21.046090876400623
-6.899080045343465,1.40327987422369,-4.255086740962801,1.1747108661023336,1.6916313631733482,-3.2159436743869216,3.983478653444142,1.1591064986412918,-5.246201997263804,-5.333542645271771,0.3847904568934153,-2.3638510351077193,5.296319316358931,1.8460837956691198,-5.378773652225879,-5.881465157160052,1.7825889734566351,-1.6601036600264365
HOF ITEM
21.046090876400623
-6.899080045343465,1.40327987422369,-4.255086740962801,1.1747108661023336,1.6916313631733482,-3.2159436743869216,3.983478653444142,1.1591064986412918,-5.316327556971608,-5.333542645271771,0.3847904568934153,-2.3638510351077193,5.617551620486064,1.8460837956691198,-5.378773652225879,-5.881465157160052,1.7825889734566351,-1.6601036600264365
best parameter set
fitness 20.92062558886276 seed 249
-6.895042280492194,1.4174024809167343,-4.253746190764603,1.1767402941083616,1.6896130113034782,-3.2157418571474583,3.983478653444142,1.1591064986412918,-5.316327556971608,-5.337557411049246,0.38131857790587603,-2.3642590119247804,5.617551620486064,1.8460837956691198,-5.378773652225879,-5.88024891765291,1.7844025078058596,-1.6616021629380942
