seeds are [820 821 822 823 824 825 826 827 828 829]
seed 820
Initial fitness values: [np.float64(13.379864669434685), np.float64(13.05921836762503), np.float64(12.791641239610742), np.float64(12.708873643706273), np.float64(12.462182615941382), np.float64(12.462182615941382), np.float64(12.462182615941382), np.float64(12.447222810578197), np.float64(12.44521167590957), np.float64(12.44521167590957)]
Final fitness values: [np.float64(10.624204199720898), np.float64(10.624204199720898), np.float64(10.624204199720898), np.float64(10.62414982881632), np.float64(10.62414982881632), np.float64(10.62414982881632), np.float64(10.62414982881632), np.float64(10.62414982881632), np.float64(10.62414982881632), np.float64(10.62414982881632)]
HOF ITEM
10.62414982881632
-5.166087551602991,1.5738327737950426,-2.961613269215394,5.911888833137355,4.3853260546001085,1.4838631284696524,4.159242322863241,1.9114065508121723,4.093424268263661,4.372832353464989,0.308447895749183,-0.3425174121755087,-4.48189420125303,2.1828745631131223,-5.643627038254948
HOF ITEM
10.62414982881632
-5.166087551602991,1.5738327737950426,-2.961613269215394,5.911888833137355,4.3853260546001085,1.4838631284696524,4.095288276979966,2.115276329073793,4.093424268263661,4.372832353464989,0.308447895749183,-0.3425174121755087,-4.48189420125303,2.1828745631131223,-5.643627038254948
HOF ITEM
10.62414982881632
-5.166087551602991,1.5738327737950426,-2.961613269215394,5.911888833137355,4.3853260546001085,1.4838631284696524,4.095288276979966,1.9114065508121723,4.093424268263661,4.372832353464989,0.308447895749183,-0.3425174121755087,-4.48189420125303,2.1828745631131223,-5.643627038254948
HOF ITEM
10.62414982881632
-5.166087551602991,1.5738327737950426,-2.961613269215394,5.911888833137355,4.3853260546001085,1.4838631284696524,4.159242322863241,2.115276329073793,4.093424268263661,4.372832353464989,0.308447895749183,-0.3425174121755087,-4.48189420125303,2.1828745631131223,-5.643627038254948
HOF ITEM
10.624160900246634
-5.166087551602991,1.5738327737950426,-2.961613269215394,5.911888833137355,4.3853260546001085,1.4838631284696524,4.159242322863241,1.9114065508121723,4.093424268263661,4.372832353464989,0.308447895749183,-0.5546518739581052,-4.48189420125303,2.1828745631131223,-5.643627038254948
seed 821
Initial fitness values: [np.float64(13.782315288010514), np.float64(13.169081678724071), np.float64(12.435872944103393), np.float64(12.435872944103393), np.float64(12.412565603312878), np.float64(12.38144124911011), np.float64(12.355731785337374), np.float64(12.355731785337374), np.float64(12.355731212765384), np.float64(12.352715373610243)]
Final fitness values: [np.float64(12.349779452296538), np.float64(12.349767672042312), np.float64(12.3497676720423), np.float64(12.349767665522215), np.float64(12.349767665522215), np.float64(12.349767665522215), np.float64(12.349767665522215), np.float64(12.349767665522215), np.float64(12.349767665522215), np.float64(12.349767665522215)]
HOF ITEM
12.349767665522215
-2.746975406613838,-2.336816781624317,-3.8270971617042613,-6.5773085659358665,-0.8982293463933945,-5.657112693819123,5.926481336310047,1.1946855801278593,3.1017616344859142,-1.9444375367712787,2.232919864746486,-4.328116354253617,4.2252902169492605,0.9786736152419235,6.66722928157104
HOF ITEM
12.349767665522224
-2.746975406613838,-2.1871847062945835,-3.8270971617042613,-6.5773085659358665,-0.8982293463933945,-5.657112693819123,5.926481336310047,1.1946855801278593,3.1017616344859142,-1.9444375367712787,2.232919864746486,-4.328116354253617,4.2252902169492605,0.9786736152419235,6.66722928157104
HOF ITEM
12.349767665522345
-2.746975406613838,-2.088931133238606,-3.8270971617042613,-6.5773085659358665,-0.8982293463933945,-5.657112693819123,5.926481336310047,1.1946855801278593,3.1017616344859142,-1.9444375367712787,2.232919864746486,-4.328116354253617,4.2252902169492605,0.9786736152419235,6.66722928157104
HOF ITEM
12.349767665522748
-2.746975406613838,-2.336816781624317,-3.8270971617042613,-6.5773085659358665,-0.8982293463933945,-5.657112693819123,5.926481336310047,1.1946855801278593,3.109434808701856,-1.9444375367712787,2.232919864746486,-4.328116354253617,4.2252902169492605,0.9786736152419235,6.66722928157104
HOF ITEM
12.3497676720423
-2.746975406613838,-2.336816781624317,-3.8270971617042613,-6.5773085659358665,-0.8982293463933945,-5.657112693819123,5.926481336310047,0.9100542173692844,3.109434808701856,-1.9444375367712787,2.232919864746486,-4.328116354253617,4.2252902169492605,0.9786736152419235,6.66722928157104
seed 822
Initial fitness values: [np.float64(13.58050638758105), np.float64(13.383674684157448), np.float64(13.331599713155713), np.float64(13.188235087319889), np.float64(13.172626285980384), np.float64(13.112515446983975), np.float64(12.988317402072584), np.float64(13.026132378620705), np.float64(12.819665856286504), np.float64(12.819665856286504)]
Final fitness values: [np.float64(10.456018271593823), np.float64(10.456018271593823), np.float64(10.336036585343411), np.float64(10.336036585343411), np.float64(10.336036585343411), np.float64(9.962076545544054), np.float64(9.962076545544054), np.float64(9.962076545544054), np.float64(9.962076545544054), np.float64(9.962076545544054)]
HOF ITEM
9.962076545544054
-6.825427161827548,1.3465163752546698,3.612793980968875,4.144455296334012,5.922154970464419,4.8507517688533754,4.250152286209941,2.3013561360904387,-5.831177978138485,-5.7995572614823985,1.796699829472828,-1.6740185619467423,0.560096594097279,0.0,5.957143178880647
HOF ITEM
9.962076545544054
-6.825427161827548,1.3465163752546698,3.612793980968875,4.144455296334012,5.922154970464419,4.8507517688533754,4.250152286209941,2.3013561360904387,-5.687066360946109,-5.7995572614823985,1.796699829472828,-1.6740185619467423,0.560096594097279,0.0,5.957143178880647
HOF ITEM
9.962076545544054
-6.825427161827548,1.3465163752546698,3.612793980968875,4.144455296334012,5.922154970464419,4.8507517688533754,4.314289725251858,2.3013561360904387,-5.831177978138485,-5.7995572614823985,1.796699829472828,-1.6740185619467423,0.560096594097279,0.0,5.957143178880647
HOF ITEM
9.967666663778408
-6.825427161827548,1.3465163752546698,3.587170565772463,4.144455296334012,5.922154970464419,4.8507517688533754,4.314289725251858,2.3013561360904387,-5.831177978138485,-5.7995572614823985,1.796699829472828,-1.6740185619467423,0.560096594097279,0.0,5.957143178880647
HOF ITEM
9.977158674438495
-6.825427161827548,1.331930174096876,3.4406995025890206,4.284608929460761,5.922154970464419,4.648756896215197,4.009621033587859,2.1346102826447724,-6.219739001682015,-5.7995572614823985,1.796699829472828,-1.6740185619467423,0.560096594097279,0.0393580119224226,6.316562398559221
seed 823
Initial fitness values: [np.float64(14.887754845573188), np.float64(13.763233931535234), np.float64(13.582421024638421), np.float64(12.59770807833262), np.float64(12.59770807833262), np.float64(12.592264036263657), np.float64(12.34304789452565), np.float64(11.498388481448485), np.float64(11.498388481448485), np.float64(11.39447535977731)]
Final fitness values: [np.float64(10.714138468335584), np.float64(10.714138468335584), np.float64(10.713930259171994), np.float64(10.713930259171994), np.float64(10.713903318762076), np.float64(10.713903318762076), np.float64(10.713903050131798), np.float64(10.713903050131798), np.float64(10.700893689974631), np.float64(10.700893689974631)]
HOF ITEM
10.700893689974631
-6.7718969299238605,1.559088656089653,-6.627851192930656,-6.503381834106398,-1.1494022443235798,2.94919539225085,2.537928316220755,2.079146279011306,0.36427562718312023,-6.1349382322206,1.831042164939117,-4.2435508663896275,-0.25534835302798287,2.5952724771565725,-3.2240649174278966
HOF ITEM
10.713903050131798
-6.7718969299238605,1.5730967429688758,-6.627851192930656,-6.503381834106398,-1.1494022443235798,2.94919539225085,2.537928316220755,1.7966405171493005,0.36427562718312023,-6.1349382322206,1.831042164939117,-4.2435508663896275,-0.6152318855061378,2.491216024656689,-3.3791721925468288
HOF ITEM
10.713903050131798
-6.7718969299238605,1.5730967429688758,-6.627851192930656,-6.503381834106398,-1.1494022443235798,2.94919539225085,2.2490137904259764,2.079146279011306,0.36427562718312023,-6.1349382322206,1.831042164939117,-4.2435508663896275,-0.07687080442215025,2.029941133601338,-3.3791721925468288
HOF ITEM
10.713903050131798
-6.7718969299238605,1.5730967429688758,-6.627851192930656,-6.503381834106398,-1.1494022443235798,2.94919539225085,2.537928316220755,2.079146279011306,0.36427562718312023,-6.1349382322206,1.831042164939117,-4.2435508663896275,-0.6152318855061378,2.491216024656689,-3.3791721925468288
HOF ITEM
10.713903050131798
-6.7718969299238605,1.5730967429688758,-6.627851192930656,-6.503381834106398,-1.1494022443235798,2.94919539225085,2.537928316220755,1.7966405171493005,0.47408221531356187,-6.1349382322206,1.831042164939117,-4.2435508663896275,-0.6152318855061378,2.491216024656689,-3.3791721925468288
seed 824
Initial fitness values: [np.float64(15.647272980359675), np.float64(15.647272980359675), np.float64(13.89056498562851), np.float64(13.608818408223573), np.float64(13.3537472542041), np.float64(12.464227950835934), np.float64(12.464227950835934), np.float64(12.295788693014943), np.float64(11.736200550919673), np.float64(11.364350179470161)]
Final fitness values: [np.float64(10.891489719101127), np.float64(10.891489719101127), np.float64(10.891489719101127), np.float64(10.891489719101127), np.float64(10.891489719101127), np.float64(10.891489719101127), np.float64(10.891489719101127), np.float64(10.891489719101127), np.float64(10.887121073253535), np.float64(10.887121073253535)]
HOF ITEM
10.887121073253535
-1.365272352795273,1.3844469567302338,-0.01922180315136214,-0.09039976387522017,-0.4610928581699442,5.0202528493133265,4.397971459627284,1.7525988009476572,4.056403915402419,0.8612077748405624,1.3131438771547352,-0.3151038667549612,-0.7313603828320966,2.526539183991261,-5.846391433972524
HOF ITEM
10.891489719101127
-1.365272352795273,1.3895481941546066,-0.01922180315136214,0.06772254076990208,-0.4610928581699442,4.9986125706374445,4.324645575087342,1.7525988009476572,3.7332988581039412,0.869796776467645,1.3131438771547352,-0.5675776190677004,-0.7313603828320966,2.526539183991261,-5.8675822500484305
HOF ITEM
10.89148972106751
-1.365272352795273,1.3895481941546066,-0.01922180315136214,0.06772254076990208,-0.4610928581699442,4.9986125706374445,4.153235675137743,1.7525988009476572,3.535716394711423,0.869796776467645,1.3131438771547352,-0.5675776190677004,-0.7313603828320966,2.526539183991261,-5.8675822500484305
HOF ITEM
10.891489790587883
-1.365272352795273,1.3895481941546066,-0.01922180315136214,0.06772254076990208,-0.4610928581699442,4.9986125706374445,4.324645575087342,1.5767392979592776,3.7332988581039412,0.869796776467645,1.3131438771547352,-0.5675776190677004,-0.7313603828320966,2.526539183991261,-5.8675822500484305
HOF ITEM
10.892250869057262
-1.365272352795273,1.3895481941546066,-0.01922180315136214,0.06772254076990208,-0.4610928581699442,4.9986125706374445,4.324645575087342,1.7525988009476572,3.7332988581039412,0.869796776467645,1.3131438771547352,-0.5782220017460463,-0.7313603828320966,2.526539183991261,-5.8675822500484305
seed 825
Initial fitness values: [np.float64(13.771059709887341), np.float64(13.472797154242508), np.float64(13.472797154242508), np.float64(13.058604396145338), np.float64(13.054451931915159), np.float64(12.779478381065495), np.float64(12.633471668703226), np.float64(12.340413932015919), np.float64(12.100791106161298), np.float64(11.666114141477793)]
Final fitness values: [np.float64(10.7093368649016), np.float64(10.709333718448814), np.float64(10.709333718448814), np.float64(10.704815232720788), np.float64(10.704815232720788), np.float64(10.70477732804858), np.float64(10.704773876366247), np.float64(10.704773876366247), np.float64(10.704771756329228), np.float64(10.704766137960188)]
HOF ITEM
10.704766137960188
-2.01856449514437,1.518099223892174,2.964576372400594,-5.4654064353463285,6.569957752425035,-6.421298318883018,-3.623698718914588,0.7458633471745759,-4.359279214506505,-5.013784663120923,2.167239061451843,-4.161690138485771,-0.8154492632474021,2.8945863413659256,-0.4502898078822627
HOF ITEM
10.704766139463413
-2.01856449514437,1.518099223892174,2.964576372400594,-5.4654064353463285,6.569957752425035,-6.421298318883018,-3.623698718914588,0.0,-4.359279214506505,-5.013784663120923,2.167239061451843,-4.161690138485771,-0.8154492632474021,2.8945863413659256,-0.4502898078822627
HOF ITEM
10.704770398850801
-2.01856449514437,1.518099223892174,2.65519730780732,-5.4654064353463285,6.569957752425035,-6.421298318883018,-3.623698718914588,0.0,-4.359279214506505,-5.013784663120923,1.963430604975812,-3.670415508939031,-0.8154492632474021,2.8945863413659256,-0.4502898078822627
HOF ITEM
10.704770604796707
-2.01856449514437,1.518099223892174,2.964576372400594,-5.4654064353463285,6.569957752425035,-6.421298318883018,-3.623698718914588,0.7458633471745759,-4.359279214506505,-5.013784663120923,1.963430604975812,-4.161690138485771,-0.8154492632474021,2.8945863413659256,-0.4502898078822627
HOF ITEM
10.704771084053242
-2.01856449514437,1.518099223892174,2.964576372400594,-5.4654064353463285,6.569957752425035,-6.637016894551188,-3.2360159649137312,0.0,-4.359279214506505,-5.013784663120923,2.167239061451843,-4.161690138485771,-0.8154492632474021,2.8945863413659256,-0.4502898078822627
seed 826
Initial fitness values: [np.float64(14.185540481411545), np.float64(13.489819653214072), np.float64(13.489819653214072), np.float64(13.46926352197246), np.float64(13.463751715424973), np.float64(13.462874437164132), np.float64(13.461014743021869), np.float64(13.445261981658645), np.float64(13.43678295067543), np.float64(13.419366369540688)]
Final fitness values: [np.float64(10.664383100873703), np.float64(10.664383100873703), np.float64(10.664383100873703), np.float64(10.664383100873703), np.float64(10.664383099247132), np.float64(10.664383099247132), np.float64(10.664383099247132), np.float64(10.664383099199584), np.float64(10.66434049572192), np.float64(10.664383099199584)]
HOF ITEM
10.66434049572192
-5.989231659679528,1.57288458142508,7.0,1.5947927212345423,-0.6357703974147472,-1.7986449891996166,6.090354488015928,0.26113164133283767,-4.404837591839047,5.659885187273954,1.6781842413034296,0.27415871874720416,-4.741607021220592,1.9878148624102885,-0.5916395254465239
HOF ITEM
10.664383099199584
-5.989231659679528,1.57288458142508,7.0,2.0099983722424732,-0.6357703974147472,-1.7986449891996166,6.090354488015928,0.24979594581455536,-4.555918530623056,5.792411153007091,1.4773516075515742,0.4511626294078176,-4.741607021220592,1.9878148624102885,-0.5916395254465239
HOF ITEM
10.664383099199584
-5.989231659679528,1.57288458142508,7.0,2.0099983722424732,-0.6357703974147472,-1.7986449891996166,6.090354488015928,0.24979594581455536,-4.555918530623056,5.659885187273954,1.6781842413034296,0.3209032576396845,-4.741607021220592,1.9878148624102885,-0.5916395254465239
HOF ITEM
10.664383099199584
-5.989231659679528,1.57288458142508,7.0,2.0099983722424732,-0.6357703974147472,-1.7986449891996166,6.090354488015928,0.24979594581455536,-4.555918530623056,5.659885187273954,1.6781842413034296,0.4511626294078176,-4.741607021220592,1.9878148624102885,-0.5916395254465239
HOF ITEM
10.664383099199584
-5.989231659679528,1.57288458142508,7.0,2.0099983722424732,-0.6357703974147472,-1.7986449891996166,6.090354488015928,0.24979594581455536,-4.555918530623056,5.659885187273954,1.4773516075515742,0.4511626294078176,-4.741607021220592,1.9878148624102885,-0.5916395254465239
seed 827
Initial fitness values: [np.float64(13.743998498375133), np.float64(13.605306790244835), np.float64(12.784973346919063), np.float64(12.784973346919063), np.float64(12.668296298774887), np.float64(12.471306347501175), np.float64(12.471306347501175), np.float64(12.446781593756171), np.float64(12.446781593756171), np.float64(12.433451195778538)]
Final fitness values: [np.float64(12.282832899175704), np.float64(12.282832899175704), np.float64(12.282832894213467), np.float64(12.282832894213467), np.float64(12.281638919501743), np.float64(12.281638919501743), np.float64(12.28089954676562), np.float64(12.280899546757093), np.float64(12.280899546757093), np.float64(12.280899546757093)]
HOF ITEM
12.280899546757093
-3.99886397200101,-1.990416010867891,0.3519845782818467,-4.8960015014134255,-1.5031922189215794,3.5801598492193274,-3.7841494758096306,2.2489512387716344,-1.0018313106733028,-2.7603241327670687,2.1029889398970587,-0.521353920204627,6.237068338361577,1.045432122216279,-3.7225185178452893
HOF ITEM
12.280899546757093
-3.99886397200101,-1.7707970097801167,0.3519845782818467,-4.8960015014134255,-1.5031922189215794,3.5801598492193274,-3.7841494758096306,2.2489512387716344,-1.0018313106733028,-2.7603241327670687,2.1029889398970587,-0.521353920204627,6.237068338361577,1.045432122216279,-3.7225185178452893
HOF ITEM
12.280899546757096
-3.99886397200101,-1.7707970097801167,0.3519845782818467,-4.8960015014134255,-1.5031922189215794,3.5801598492193274,-3.7841494758096306,2.2489512387716344,-1.0018313106733028,-2.7603241327670687,2.1029889398970587,-0.521353920204627,6.237068338361577,1.045432122216279,-4.221695864239313
HOF ITEM
12.280899546765546
-3.99886397200101,-1.7707970097801167,0.3519845782818467,-4.8960015014134255,-1.5031922189215794,3.5801598492193274,-3.7841494758096306,2.2489512387716344,-1.0018313106733028,-2.7603241327670687,2.1029889398970587,-0.521353920204627,6.237068338361577,0.9004871891529636,-3.7225185178452893
HOF ITEM
12.28089954676562
-3.99886397200101,-1.7707970097801167,0.3519845782818467,-4.8960015014134255,-1.5031922189215794,3.5801598492193274,-3.7841494758096306,2.2489512387716344,-1.0018313106733028,-2.7603241327670687,2.1029889398970587,-0.521353920204627,6.237068338361577,0.9004871891529636,-4.221695864239313
seed 828
Initial fitness values: [np.float64(14.427708051730269), np.float64(12.996030413610397), np.float64(12.996030413610397), np.float64(12.872976888675627), np.float64(12.510197533750034), np.float64(12.15594185825349), np.float64(12.150872245122235), np.float64(10.982500811701795), np.float64(11.182203978036638), np.float64(11.182159704326152)]
Final fitness values: [np.float64(10.597210807139492), np.float64(10.597210807139492), np.float64(10.597210807139492), np.float64(10.597210807139492), np.float64(10.597210807139492), np.float64(10.597210807139492), np.float64(10.597210807139492), np.float64(10.597210807139492), np.float64(10.597210807139492), np.float64(10.597210807139492)]
HOF ITEM
10.597210807139492
-0.31909592080944216,1.1220290734950895,-5.679541531288274,-0.4689854446825833,6.879917834798484,-2.567432898632208,1.183313487112193,0.0,0.7496266902670192,-0.10328908547502465,2.4744479858720503,-6.5313487519424855,-4.798531188454646,3.0,5.3369531263507755
HOF ITEM
10.597290109763525
-0.31909592080944216,1.1220290734950895,-5.679541531288274,-0.4689854446825833,6.879917834798484,-2.567432898632208,1.183313487112193,0.0,0.7496266902670192,-0.10328908547502465,2.4744479858720503,-6.5313487519424855,-4.798531188454646,3.0,5.257779302742901
HOF ITEM
10.599852759299221
-0.31909592080944216,1.1220290734950895,-5.679541531288274,-0.4689854446825833,6.879917834798484,-2.5548925623209855,1.183313487112193,0.0,0.7496266902670192,-0.10328908547502465,2.4744479858720503,-6.5313487519424855,-4.798531188454646,3.0,5.3369531263507755
HOF ITEM
10.600285189030501
-0.3150923970233315,1.1220290734950895,-5.679541531288274,-0.4689854446825833,6.879917834798484,-2.567432898632208,1.183313487112193,0.0,0.7496266902670192,-0.10328908547502465,2.4744479858720503,-6.5313487519424855,-4.798531188454646,3.0,5.3369531263507755
HOF ITEM
10.603731982107584
-0.31909592080944216,1.1220290734950895,-5.466425339922189,-0.4689854446825833,6.879917834798484,-2.555184004856069,1.183313487112193,0.0,0.7748316456423983,-0.10328908547502465,2.4744479858720503,-6.5313487519424855,-4.39034969883696,3.0,5.3369531263507755
seed 829
Initial fitness values: [np.float64(14.342142074735749), np.float64(13.269349680249192), np.float64(13.051730840189657), np.float64(11.412861939617953), np.float64(11.412861939617953), np.float64(11.27269097239672), np.float64(11.121322578682387), np.float64(11.071233464204953), np.float64(11.071233464204953), np.float64(10.873140281456992)]
Final fitness values: [np.float64(10.64552628899212), np.float64(10.64552628899211), np.float64(10.64552628899211), np.float64(10.64552628899211), np.float64(10.645526288992102), np.float64(10.645526288992102), np.float64(10.645526288992102), np.float64(10.645525917948586), np.float64(10.645525917948579), np.float64(10.645525917948579)]
HOF ITEM
10.64146920718019
-3.3039899340252497,1.595730572811832,-2.3303634148715657,3.6668784120789644,6.084579345087578,6.804917524471738,-1.9797998648763109,2.820626661958383,2.2514323585759737,0.19202230148765823,0.35383825318315976,1.3841111549710239,2.601345313379516,2.5084933500673503,-2.4858655588975087
HOF ITEM
10.645525917948579
-3.3039899340252497,1.595730572811832,-2.408568746253484,3.451698419138316,5.968438762464765,6.804917524471738,-1.9797998648763109,2.820626661958383,2.2514323585759737,0.19202230148765823,0.654745848704039,1.3610290769598106,2.4296887060734873,2.079211595598437,-2.3978679956063615
HOF ITEM
10.645525917948579
-3.3039899340252497,1.595730572811832,-2.408568746253484,3.451698419138316,5.968438762464765,6.804917524471738,-1.9797998648763109,2.820626661958383,2.2514323585759737,0.19202230148765823,0.654745848704039,1.3610290769598106,2.4296887060734873,2.079211595598437,-2.6543618867422474
HOF ITEM
10.645525917948586
-3.3039899340252497,1.595730572811832,-2.408568746253484,3.451698419138316,5.968438762464765,6.804917524471738,-1.9797998648763109,2.820626661958383,2.2514323585759737,0.19202230148765823,0.654745848704039,1.3610290769598106,2.3956510578624632,2.079211595598437,-2.6543618867422474
HOF ITEM
10.645526288992102
-3.3039899340252497,1.595730572811832,-2.394320012694893,3.451698419138316,5.968438762464765,6.804917524471738,-1.9797998648763109,2.820626661958383,2.2514323585759737,0.19202230148765823,0.654745848704039,1.3610290769598106,2.4296887060734873,2.079211595598437,-2.3978679956063615
best parameter set
fitness 9.830708706067501 seed 822
-6.788598280086805,1.375690441895199,3.443015106416455,4.2631069968700395,5.946623211732303,4.651118147147183,4.009621033587859,2.1346102826447724,-6.219739001682015,-5.771873395133433,1.803171974140427,-1.6560469622979295,0.5564921283470405,0.060686188685829354,6.3499560480257795
