seeds are [730 731 732 733 734 735 736 737 738 739]
seed 730
Initial fitness values: [np.float64(30.300445289677846), np.float64(29.335156749961698), np.float64(28.42608350326349), np.float64(28.42608350326349), np.float64(27.769652825113944), np.float64(27.748140827044203), np.float64(27.715200511944108), np.float64(27.715200511944108), np.float64(27.715200511944108), np.float64(27.71520041337701)]
Final fitness values: [np.float64(26.45298179845176), np.float64(26.44315311859572), np.float64(26.17515669947367), np.float64(26.064965003376614), np.float64(26.048155980878168), np.float64(24.880667268313413), np.float64(24.880667268313413), np.float64(24.635164941168874), np.float64(24.492478247775114), np.float64(24.362066402527223)]
HOF ITEM
24.362066402527223
-2.797384136313303,1.2248400484413693,6.338110335509505,3.0236402016989,0.5223215431428041,-3.903471433269571,6.556441258118985,3.0,1.3697729410649084,-5.437197096561693,3.0,-3.132100144155317,-0.617846182695622,0.9287414308448824,-6.715529520791032
HOF ITEM
24.47534540315197
-2.797384136313303,1.2248400484413693,6.338110335509505,3.0236402016989,0.3995523807837008,-4.085612450879763,6.82162741672848,3.0,1.3697729410649084,-5.2081276701961245,2.995369236467886,-3.0826080069337802,-0.693205203291811,0.9491408764735622,-6.8630634743880226
HOF ITEM
24.492478247775114
-2.797384136313303,1.2248400484413693,6.338110335509505,3.0174558340243096,0.47966894643283164,-3.903471433269571,6.291773565008623,2.869457511924425,1.3697729410649084,-5.06429686706749,3.0,-3.0372312136065895,-0.7515197843348209,1.168880285651405,-6.932678932271308
HOF ITEM
24.525071368057066
-2.797384136313303,1.2248400484413693,6.338110335509505,3.0236402016989,0.5223215431428041,-3.903471433269571,6.556441258118985,3.0,1.3697729410649084,-5.437197096561693,3.0,-3.0316375086456606,-0.759975202612135,1.0349913779372413,-7.0
HOF ITEM
24.52956475253454
-2.797384136313303,1.2248400484413693,6.372543215399223,2.9210040055781477,0.7095191343640808,-3.679697279041955,6.553878618107607,2.417136278789154,0.5256638707718376,-5.337404568804717,3.0,-3.0316375086456606,-0.759975202612135,1.0349913779372413,-7.0
seed 731
Initial fitness values: [np.float64(31.25987040972434), np.float64(30.525432711761592), np.float64(28.034089999131243), np.float64(28.010835065517664), np.float64(27.782467228470964), np.float64(27.73008241013988), np.float64(27.72620340211144), np.float64(27.7122171359091), np.float64(27.7122171359091), np.float64(27.706661726839176)]
Final fitness values: [np.float64(26.949008280497083), np.float64(26.949008280497083), np.float64(26.949008280497083), np.float64(26.949008280497083), np.float64(26.949008280497083), np.float64(26.949008280497083), np.float64(26.949008280497083), np.float64(26.949008280497083), np.float64(26.949008216645595), np.float64(26.949008216645595)]
HOF ITEM
26.949008216645595
-4.1969127350819395,-2.5762118152517384,-3.267519073061463,-3.955684752853707,1.9842778426541403,5.725448316087397,-7.0,2.482484348959358,5.200615603055238,4.861520278095412,2.371093664445187,-4.035904432065141,-5.615765286174602,2.3927594603364244,-6.486226182463956
HOF ITEM
26.949008267296165
-4.010944003587447,-2.66063413781026,-3.267519073061463,-3.955684752853707,1.9842778426541403,5.725448316087397,-6.906271950600954,2.482484348959358,5.200615603055238,4.809397122449646,2.371093664445187,-3.8741229870980094,-5.005230257422424,2.4028366037258078,-6.486226182463956
HOF ITEM
26.949008267296165
-4.010944003587447,-2.66063413781026,-3.267519073061463,-3.955684752853707,1.9842778426541403,5.725448316087397,-6.906271950600954,2.482484348959358,5.200615603055238,4.882199201120261,2.371093664445187,-3.8741229870980094,-5.005230257422424,2.4028366037258078,-6.486226182463956
HOF ITEM
26.949008280497083
-4.010944003587447,-2.5762118152517384,-3.267519073061463,-3.955684752853707,1.9842778426541403,5.725448316087397,-6.906271950600954,2.482484348959358,5.200615603055238,4.809397122449646,2.4665851382181305,-4.052655497883422,-5.005230257422424,2.3927594603364244,-6.486226182463956
HOF ITEM
26.949008280497083
-4.010944003587447,-2.8364637245649122,-3.267519073061463,-3.955684752853707,1.9842778426541403,5.725448316087397,-7.0,2.482484348959358,5.200615603055238,5.463592317911158,2.4665851382181305,-4.052655497883422,-5.005230257422424,2.3927594603364244,-6.486226182463956
seed 732
Initial fitness values: [np.float64(34.21547576137486), np.float64(29.3470371622631), np.float64(26.8143674529043), np.float64(26.789572635460114), np.float64(26.223593959651065), np.float64(26.06353615412473), np.float64(25.985994151739376), np.float64(25.888896432417805), np.float64(25.387255037642614), np.float64(24.396690734294822)]
Final fitness values: [np.float64(22.71299720480459), np.float64(22.57415818194294), np.float64(22.57415818194294), np.float64(22.57413483809135), np.float64(22.574003610497332), np.float64(22.463887985761005), np.float64(22.307259337719707), np.float64(22.307232155199454), np.float64(22.04366264752837), np.float64(21.88049878193104)]
HOF ITEM
21.88049878193104
-6.354084306010942,1.5574336834222213,7.0,-3.4911033287418367,-0.8038811193681915,2.535348570004616,1.1390254379538,0.2193284536779473,3.0595621986697337,-5.11458455146313,1.9122199564989812,-0.5141575058726782,-7.0,1.6144241068099483,6.239953825091225
HOF ITEM
22.04366264752837
-6.354084306010942,1.5574336834222213,6.887343430938433,-3.209034573301174,-0.7503799482268789,2.739430710140687,1.5040859117990457,0.026325973685882288,2.373072308318013,-5.11458455146313,1.9122199564989812,-0.5044693841753296,-6.922121617859637,1.6144241068099483,6.567429430426497
HOF ITEM
22.075924749530145
-6.354084306010942,1.5574336834222213,6.882428716516317,-3.4911033287418367,-0.6348717911749538,2.9390704901937084,1.498131356591332,0.06769030124691902,3.7235049484876375,-5.11458455146313,1.9122199564989812,-0.5141575058726782,-7.0,1.6144241068099483,6.47779720758929
HOF ITEM
22.224105345972596
-6.354084306010942,1.5574336834222213,6.446383577038608,-2.7485376461945417,-0.6493643150540518,3.0428764343743575,1.4230850621477167,0.0,2.8644108346175905,-5.11458455146313,1.9122199564989812,-0.5141575058726782,-7.0,1.6144241068099483,6.58097580176587
HOF ITEM
22.225783496418178
-6.354084306010942,1.5574336834222213,6.887343430938433,-2.7485376461945417,-0.6493643150540518,3.0428764343743575,1.5040859117990457,0.2193284536779473,3.0595621986697337,-5.11458455146313,1.9122199564989812,-0.5141575058726782,-6.922121617859637,1.6144241068099483,6.239953825091225
seed 733
Initial fitness values: [np.float64(30.917060547073415), np.float64(27.51232977311779), np.float64(27.51232977311779), np.float64(26.900278223943772), np.float64(26.699102401930833), np.float64(26.38289015661295), np.float64(26.221290895496143), np.float64(26.10142097922203), np.float64(26.02550081518785), np.float64(26.019040491915725)]
Final fitness values: [np.float64(25.736276081573674), np.float64(25.736276081573674), np.float64(25.736276081573674), np.float64(25.736276081573674), np.float64(25.736276081573674), np.float64(25.736276081573674), np.float64(25.736276081573674), np.float64(25.736276081573674), np.float64(25.736275869653902), np.float64(25.736275590541975)]
HOF ITEM
25.736275590541975
-3.7395246759065026,-2.7212527533844693,4.448971558947215,2.783266910363715,2.384321343703963,-1.6228092293669463,5.985447311954916,0.0,-3.0896242475340308,2.132769279264377,2.6863707428806793,-2.4628282748114088,-2.497752583740646,2.1003410278040513,-0.47086935486771536
HOF ITEM
25.736275869653902
-3.7395246759065026,-2.745557793854749,4.448971558947215,2.783266910363715,2.384321343703963,-1.6228092293669463,6.10493253023685,0.0,-3.1898087466976546,1.8113786165465213,3.0,-2.4628282748114088,-2.497752583740646,2.1003410278040513,-0.47086935486771536
HOF ITEM
25.736275869653902
-3.7395246759065026,-2.745557793854749,4.448971558947215,2.783266910363715,2.384321343703963,-1.6228092293669463,6.10493253023685,0.0,-3.1898087466976546,1.8113786165465213,3.0,-2.294766243519093,-2.497752583740646,2.1003410278040513,-0.47086935486771536
HOF ITEM
25.736276081573674
-3.7395246759065026,-2.745557793854749,4.448971558947215,2.783266910363715,2.384321343703963,-1.6228092293669463,6.201978128494316,0.0,-3.1898087466976546,1.8113786165465213,2.6863707428806793,-2.4628282748114088,-2.497752583740646,2.1003410278040513,-0.47086935486771536
HOF ITEM
25.736276081573674
-3.7395246759065026,-2.745557793854749,4.448971558947215,2.783266910363715,2.384321343703963,-1.6228092293669463,6.201978128494316,0.0,-3.1898087466976546,1.8030847793533953,3.0,-2.4628282748114088,-2.497752583740646,2.1003410278040513,-0.47086935486771536
seed 734
Initial fitness values: [np.float64(29.122231096059966), np.float64(29.122231096059966), np.float64(28.26182486330039), np.float64(27.85965888695592), np.float64(27.343916291335113), np.float64(26.584569673999805), np.float64(26.584569673999805), np.float64(26.25654468318631), np.float64(26.109570880595687), np.float64(26.07750568476226)]
Final fitness values: [np.float64(25.741546457484475), np.float64(25.74154448059986), np.float64(25.741544463205106), np.float64(25.74154435593748), np.float64(25.74154435593748), np.float64(25.741544355863418), np.float64(25.741544355863418), np.float64(25.74154414656755), np.float64(25.74154414656755), np.float64(25.741544146063514)]
HOF ITEM
25.741544146063514
1.9160510792074645,-3.6740684836301014,-2.255916277734387,-6.793470011452062,2.9877937255850515,0.653895875131521,-6.337077564779903,1.0544853057227324,-5.037283408193025,3.8912596122668557,2.2118738168895615,-7.0,0.8783899883658494,2.102699646957884,-2.5214785981368495
HOF ITEM
25.74154414656755
1.9160510792074645,-2.5986808064375295,-2.255916277734387,-6.793470011452062,2.9877937255850515,0.653895875131521,-6.337077564779903,1.0544853057227324,-5.037283408193025,3.8912596122668557,2.2118738168895615,-6.851487848228528,0.8783899883658494,2.102699646957884,-2.5214785981368495
HOF ITEM
25.741544346228462
1.9160510792074645,-3.6740684836301014,-2.255916277734387,-6.793470011452062,2.9877937255850515,0.653895875131521,-6.331992529537012,1.0544853057227324,-5.257004529553358,3.8912596122668557,1.7521432401831896,-7.0,0.8783899883658494,2.102699646957884,-2.5214785981368495
HOF ITEM
25.741544346228462
1.9160510792074645,-3.3497043914110938,-2.255916277734387,-6.793470011452062,2.9877937255850515,0.653895875131521,-6.331992529537012,1.0544853057227324,-5.257004529553358,3.8912596122668557,1.7521432401831896,-7.0,0.8783899883658494,2.102699646957884,-2.5214785981368495
HOF ITEM
25.741544346231827
1.9160510792074645,-3.6740684836301014,-2.255916277734387,-6.793470011452062,2.9877937255850515,0.653895875131521,-6.331992529537012,1.0815664222723496,-5.257004529553358,3.8912596122668557,1.7521432401831896,-7.0,0.8783899883658494,2.102699646957884,-2.5214785981368495
seed 735
Initial fitness values: [np.float64(29.790321890961454), np.float64(28.121695936459915), np.float64(28.121695936459915), np.float64(27.938910160524287), np.float64(27.695366293098274), np.float64(27.676962853860577), np.float64(27.660835078709674), np.float64(27.660835078709674), np.float64(27.660822306739473), np.float64(27.65856034127462)]
Final fitness values: [np.float64(27.477295117199418), np.float64(27.451183296335895), np.float64(27.44183581375237), np.float64(27.43669190431715), np.float64(27.433450319937943), np.float64(27.43338546515498), np.float64(27.4153032346171), np.float64(27.38793175269467), np.float64(27.362326975209523), np.float64(27.358133212285743)]
HOF ITEM
27.358133212285743
6.896201578730266,-1.3608524731392473,1.4950410011278135,-3.761484429426204,1.6950178836112069,-0.6151491279440583,4.513123503217088,0.8166941224958135,-1.1021614772772397,3.368799523661883,0.0,3.092143367166473,1.9023915445750934,0.7199386038091806,-6.314786848005292
HOF ITEM
27.362326975209523
6.92688136624108,-1.3157376036627864,1.528311530222674,-3.4300079102676966,1.7773671805617437,-0.49100523001273,4.494823510223205,0.5450345019512682,-1.2621504334883045,3.975396426225402,0.0,3.345949519565729,1.9023915445750934,0.7634570871520167,-6.4716400720910325
HOF ITEM
27.3760747673404
6.616459030719611,-1.3608524731392473,1.6846070308002874,-3.6237284940475636,1.9083262187931085,-0.44224229737150716,4.819559322536135,0.5687723635717569,-1.2507262049787702,3.126077279904578,0.0,2.6559724864706107,1.922352766987953,0.6752632136366707,-6.19681888877907
HOF ITEM
27.384790171874187
6.7285841898609755,-1.312476146607957,2.0573279255341346,-3.4300079102676966,1.4251385359087816,-0.40659472000881475,4.291812640437336,0.5942266145158611,-1.366246672619716,3.6592761860366254,0.0,2.9260434909003674,1.7912004392541472,0.7810397530540316,-6.070721131336643
HOF ITEM
27.38793175269467
6.873383963229725,-1.3608524731392473,1.875855153048463,-3.4300079102676966,1.7773671805617437,-0.49100523001273,4.494823510223205,0.6779534957923924,-1.1021614772772397,3.975396426225402,0.0,3.3142188953771443,1.9023915445750934,0.7810397530540316,-6.4716400720910325
seed 736
Initial fitness values: [np.float64(29.86154268392161), np.float64(27.77844331453792), np.float64(26.599922840684396), np.float64(26.298108378201672), np.float64(26.21333264475984), np.float64(26.184511539621443), np.float64(26.1220486609772), np.float64(26.069138598072232), np.float64(26.069138598072232), np.float64(26.007223607592685)]
Final fitness values: [np.float64(21.886963883360274), np.float64(21.8744151303726), np.float64(21.770909904679662), np.float64(21.770909904679662), np.float64(21.770909904679662), np.float64(21.734822348703414), np.float64(21.734822348703414), np.float64(21.70473698549959), np.float64(21.70473698549959), np.float64(21.70473698549959)]
HOF ITEM
21.70473698549959
-3.456163032913041,1.2803535744758465,6.395936903283232,6.471504076678457,-5.378796350799508,-3.5501854100462698,6.01120799028717,1.6385072645187062,-5.264635768549707,-2.279475315035561,1.8932119835341996,-0.5545353673684784,-6.633394706506541,2.1319250886327232,5.3230316912067535
HOF ITEM
21.70473698549959
-3.456163032913041,1.2803535744758465,6.395936903283232,6.471504076678457,-5.378796350799508,-3.5501854100462698,5.946282160169927,1.4555482702227025,-5.264635768549707,-2.279475315035561,1.8932119835341996,-0.5545353673684784,-6.633394706506541,2.1319250886327232,5.3230316912067535
HOF ITEM
21.70473698549959
-3.456163032913041,1.2803535744758465,6.395936903283232,6.471504076678457,-5.378796350799508,-3.5501854100462698,6.01120799028717,1.6385072645187062,-5.2134971442140525,-2.279475315035561,1.8932119835341996,-0.5545353673684784,-6.633394706506541,2.1319250886327232,5.3230316912067535
HOF ITEM
21.704736985503644
-3.456163032913041,1.2803535744758465,6.395936903283232,6.471504076678457,-5.378796350799508,-3.5501854100462698,5.946282160169927,1.6385072645187062,-5.2134971442140525,-2.279475315035561,1.8932119835341996,-0.5545353673684784,-6.483500821596465,2.1319250886327232,5.3230316912067535
HOF ITEM
21.704736985503644
-3.456163032913041,1.2803535744758465,6.395936903283232,6.471504076678457,-5.378796350799508,-3.5501854100462698,6.01120799028717,1.6385072645187062,-5.2134971442140525,-2.279475315035561,1.8932119835341996,-0.5545353673684784,-6.483500821596465,2.1319250886327232,5.3230316912067535
seed 737
Initial fitness values: [np.float64(27.771834125930358), np.float64(27.7571999212056), np.float64(27.711952339766583), np.float64(27.2167642502714), np.float64(27.2167642502714), np.float64(25.811548344076794), np.float64(25.81038655621211), np.float64(25.00720354318615), np.float64(24.54301570772546), np.float64(24.54301570772546)]
Final fitness values: [np.float64(23.883010625405763), np.float64(23.883010625405763), np.float64(23.883010625405763), np.float64(23.883010625405763), np.float64(23.878311371196485), np.float64(23.876929931895415), np.float64(23.874701390334966), np.float64(23.874701390334966), np.float64(23.874699278607437), np.float64(23.874699278607437)]
HOF ITEM
23.874699278607437
3.4240104987930935,-0.3108077880980685,0.08579489748354836,-6.472217794601776,-7.0,2.3268065754066907,1.3014248400775958,2.414895706330891,6.001400769589337,6.437296153972412,1.4320888238909544,4.780056934438233,-3.1057711974761624,0.0,-4.583431844770846
HOF ITEM
23.874699733195392
3.4240104987930935,-0.3108077880980685,0.08579489748354836,-6.472217794601776,-7.0,2.3268065754066907,1.3014248400775958,2.414895706330891,6.001400769589337,6.495186801573126,1.4320888238909544,4.780056934438233,-3.1057711974761624,0.0,-4.583431844770846
HOF ITEM
23.874701390334966
3.4240104987930935,-0.3108077880980685,0.08579489748354836,-6.472217794601776,-7.0,2.3268065754066907,1.3014248400775958,2.414895706330891,6.001400769589337,6.437296153972412,1.9166553137023157,4.780056934438233,-3.1057711974761624,0.0,-4.583431844770846
HOF ITEM
23.875877956513794
3.4240104987930935,-0.3108077880980685,0.08579489748354836,-6.472217794601776,-7.0,2.3268065754066907,1.3014248400775958,2.414895706330891,6.001400769589337,6.437296153972412,1.4320888238909544,4.780056934438233,-3.1897852356758185,0.0,-4.583431844770846
HOF ITEM
23.875878411050095
3.4240104987930935,-0.3108077880980685,0.08579489748354836,-6.472217794601776,-7.0,2.3268065754066907,1.3014248400775958,2.414895706330891,6.001400769589337,6.495186801573126,1.4320888238909544,4.780056934438233,-3.1897852356758185,0.0,-4.583431844770846
seed 738
Initial fitness values: [np.float64(30.162340032552283), np.float64(29.03809503768225), np.float64(28.014067643583477), np.float64(27.25861938495848), np.float64(26.78892246187697), np.float64(26.210050032211974), np.float64(25.698035746677743), np.float64(26.03389396198777), np.float64(26.032920991782564), np.float64(26.03286922069595)]
Final fitness values: [np.float64(23.603253418774933), np.float64(23.602653246156375), np.float64(23.602653246156375), np.float64(23.59798271772786), np.float64(23.567787739165762), np.float64(23.567787739165762), np.float64(23.567787739165762), np.float64(23.52900900396954), np.float64(23.528315720743944), np.float64(23.52372490394018)]
HOF ITEM
23.52372490394018
-3.803896453448919,1.531024100271373,-3.614563175679552,0.0012727125678711482,7.0,-4.3887556800787975,5.307884318342153,1.5197305105245307,-2.5567188752555854,5.03120719869336,0.2914073996195148,5.3042578971706,-2.556981522252195,2.5833218028272564,-0.6021268832541257
HOF ITEM
23.528315720743944
-3.803896453448919,1.531024100271373,-3.3688009358697024,-0.11059300599713717,6.653824027053497,-4.0165403464040805,5.307884318342153,1.2261029130303633,-2.5775267928972077,5.03120719869336,0.5754484973317553,5.3042578971706,-2.556981522252195,2.563142433985268,-0.6286813889971059
HOF ITEM
23.528316534799753
-3.803896453448919,1.531024100271373,-3.3688009358697024,-0.11059300599713717,6.653824027053497,-4.0165403464040805,5.307884318342153,1.2261029130303633,-2.4480226040098256,5.14329319310179,0.5754484973317553,5.3042578971706,-2.556981522252195,2.563142433985268,-0.6286813889971059
HOF ITEM
23.529008362439814
-3.803896453448919,1.531024100271373,-3.3688009358697024,0.0012727125678711482,7.0,-4.0165403464040805,5.307884318342153,1.2261029130303633,-2.4480226040098256,5.03120719869336,0.5754484973317553,5.3042578971706,-2.556981522252195,2.563142433985268,-0.6286813889971059
HOF ITEM
23.529008362439814
-3.803896453448919,1.531024100271373,-3.3688009358697024,0.0012727125678711482,7.0,-4.0165403464040805,5.307884318342153,1.2261029130303633,-2.5775267928972077,5.03120719869336,0.5754484973317553,5.3042578971706,-2.556981522252195,2.563142433985268,-0.6286813889971059
seed 739
Initial fitness values: [np.float64(29.85319218550623), np.float64(29.274769233132613), np.float64(28.206808280386433), np.float64(28.114073572948513), np.float64(27.676769080121286), np.float64(27.676769080121286), np.float64(26.759206876918764), np.float64(26.759206876918764), np.float64(26.759206876918764), np.float64(26.72057730020554)]
Final fitness values: [np.float64(25.78607723672987), np.float64(25.78607723672987), np.float64(25.786076043835816), np.float64(25.78607566578472), np.float64(25.786076043835816), np.float64(25.784868242190385), np.float64(25.784868242190385), np.float64(25.784868242190385), np.float64(25.760511663878933), np.float64(25.760511663878933)]
HOF ITEM
25.760511663878933
-5.334981522238674,-3.7707502647638518,0.4991386988283193,0.14892451243270607,6.444395092092485,-0.10364351775301836,5.142880732450979,0.6719073595819857,3.133500556827331,-4.7420432380367705,2.096225327532018,-5.957542698645186,3.01948280572219,0.6780859504509645,-0.6294666604023313
HOF ITEM
25.76051172798859
-5.334981522238674,-3.539874962303293,0.4991386988283193,0.14892451243270607,6.444395092092485,-0.10364351775301836,5.142880732450979,0.6719073595819857,3.133500556827331,-4.7420432380367705,2.096225327532018,-5.957542698645186,3.01948280572219,0.6780859504509645,-0.6520035273596898
HOF ITEM
25.78282698957856
-5.334981522238674,-3.539874962303293,1.2109442554793737,0.14892451243270607,6.43827763154936,0.16892209673345196,5.142880732450979,0.4783039281717996,2.818499789573536,-4.7420432380367705,2.0580229537385257,-5.796128497592782,3.01948280572219,0.6780859504509645,-0.6908375397520706
HOF ITEM
25.783779771615507
-5.334981522238674,-3.8214105669700893,1.0689497302666506,0.14892451243270607,6.43827763154936,0.16892209673345196,5.1529889154938955,0.5010878634709381,3.133500556827331,-4.7420432380367705,2.0580229537385257,-5.796128497592782,3.01948280572219,0.6780859504509645,-0.7528709774377309
HOF ITEM
25.78418196729865
-5.334981522238674,-3.539874962303293,0.9163959535195221,0.14892451243270607,6.43827763154936,0.16892209673345196,5.142880732450979,0.0,3.133500556827331,-4.7420432380367705,2.0580229537385257,-5.796128497592782,3.01948280572219,0.4429112126928396,-0.6520035273596898
best parameter set
fitness 21.630047640910462 seed 736
-3.4528800532922275,1.2805288541671174,6.392854114391313,6.473653809680723,-5.384737090803289,-3.54424459723485,6.01120799028717,1.6385072645187062,-5.264635768549707,-2.2828625196256738,1.8920504120145096,-0.5393039405057972,-6.633394705005124,2.1319250894294703,5.322998255774398
