seeds are [590 591 592 593 594 595 596 597 598 599]
seed 590
Initial fitness values: [np.float64(30.670357296772323), np.float64(26.76189036275101), np.float64(26.41922145515354), np.float64(26.188856728143865), np.float64(25.740859195593647), np.float64(25.71956733561118), np.float64(24.64185888308082), np.float64(24.552590737834205), np.float64(24.44581173230779), np.float64(24.35898822310361)]
Final fitness values: [np.float64(23.326791777223768), np.float64(23.326791777223768), np.float64(23.326375925293625), np.float64(23.325920564742745), np.float64(23.325920564742745), np.float64(23.325920564742745), np.float64(23.325920564742745), np.float64(23.325920564742745), np.float64(23.325920564742745), np.float64(23.325920564742745)]
HOF ITEM
23.325920564742745
-4.865091257716907,1.3652016215710363,4.6301909564525685,2.677736915452493,-1.540173014708166,4.401818133681443,-3.56940317283558,2.2083396330737415,1.7364071672969552,1.7648430478564787,0.7532054858448588,1.7345911217841172,2.5531906887059908,2.3451036163608605,-6.427323796779402
HOF ITEM
23.325920564742745
-4.865091257716907,1.3652016215710363,4.6301909564525685,2.677736915452493,-1.540173014708166,4.401818133681443,-3.56940317283558,2.2083396330737415,1.7364071672969552,1.7648430478564787,0.7532054858448588,1.7345911217841172,2.5531906887059908,2.3451036163608605,-6.732478185847744
HOF ITEM
23.325920564742745
-4.865091257716907,1.3652016215710363,4.6301909564525685,2.677736915452493,-1.540173014708166,4.401818133681443,-3.56940317283558,2.2083396330737415,1.7364071672969552,1.7648430478564787,0.7532054858448588,1.7345911217841172,2.5531906887059908,2.131168822393685,-6.427323796779402
HOF ITEM
23.32602502921262
-4.865091257716907,1.3652016215710363,4.6301909564525685,2.677736915452493,-1.540173014708166,4.401818133681443,-3.56940317283558,2.2083396330737415,1.7364071672969552,1.811821766942129,0.7532054858448588,1.7345911217841172,2.5531906887059908,2.131168822393685,-6.427323796779402
HOF ITEM
23.326267916069014
-4.865091257716907,1.3652016215710363,4.6301909564525685,2.677736915452493,-1.540173014708166,4.296989831901776,-3.56940317283558,2.2083396330737415,1.7364071672969552,1.811821766942129,0.7920300180871145,1.7345911217841172,2.5531906887059908,2.3451036163608605,-6.427323796779402
seed 591
Initial fitness values: [np.float64(27.991570292175787), np.float64(27.646383634279793), np.float64(27.211490004543492), np.float64(27.04038772473445), np.float64(27.04038772473445), np.float64(26.79212445565013), np.float64(26.79212445565013), np.float64(26.227273391517016), np.float64(26.227273391517016), np.float64(26.225357271112685)]
Final fitness values: [np.float64(25.790008778809437), np.float64(25.790008778809437), np.float64(25.79000875255209), np.float64(25.79000875255209), np.float64(25.79000874747812), np.float64(25.79000874747812), np.float64(25.790008747002716), np.float64(25.790008747002716), np.float64(25.790008746794005), np.float64(25.790008746794005)]
HOF ITEM
25.790008746794005
-2.4417359967937777,-3.25338274438535,-3.499515658115293,-6.625152236068901,7.0,0.41048823121144107,5.613350307257874,2.366936107958859,3.0051077220302393,-4.8478770898519326,0.49448665645124024,6.256942372305232,-1.6312236033657026,2.070939500205171,-3.4550645917270955
HOF ITEM
25.790008746794005
-2.4417359967937777,-3.25338274438535,-3.499515658115293,-6.625152236068901,7.0,0.41048823121144107,5.613350307257874,2.366936107958859,3.361637204694782,-4.8478770898519326,0.49448665645124024,6.256942372305232,-1.6312236033657026,2.070939500205171,-3.4550645917270955
HOF ITEM
25.790008747002716
-2.4417359967937777,-3.25338274438535,-3.499515658115293,-6.625152236068901,7.0,0.41048823121144107,5.613350307257874,2.366936107958859,3.0051077220302393,-5.177602162261419,0.3376524352519715,6.256942372305232,-1.6312236033657026,2.070939500205171,-3.4550645917270955
HOF ITEM
25.79000874747812
-2.4417359967937777,-3.25338274438535,-3.499515658115293,-6.4467239410556365,7.0,0.41048823121144107,5.613350307257874,2.366936107958859,3.361637204694782,-4.8478770898519326,0.49448665645124024,6.256942372305232,-1.6312236033657026,2.070939500205171,-3.4550645917270955
HOF ITEM
25.79000874768853
-2.4417359967937777,-3.25338274438535,-3.499515658115293,-6.4467239410556365,7.0,0.41048823121144107,5.613350307257874,2.366936107958859,3.0051077220302393,-5.177602162261419,0.3376524352519715,6.256942372305232,-1.6312236033657026,2.070939500205171,-3.4550645917270955
seed 592
Initial fitness values: [np.float64(29.357968473723474), np.float64(29.0479434639882), np.float64(28.485506941303797), np.float64(27.918568053905503), np.float64(27.382221040965096), np.float64(27.07546263985376), np.float64(26.929647502187038), np.float64(26.86680134219664), np.float64(26.796302540836837), np.float64(26.600165963673184)]
Final fitness values: [np.float64(25.744698656052172), np.float64(25.744698656052172), np.float64(25.744698656052172), np.float64(25.744698656052172), np.float64(25.744698656052172), np.float64(25.744698656052172), np.float64(25.744698656052172), np.float64(25.744698656052172), np.float64(25.744501940166753), np.float64(25.744501940166753)]
HOF ITEM
25.744501940166753
-3.9585104024083595,-1.011251012519564,-4.510195099179786,0.33326517795742083,0.09378415931881806,-6.081597514113138,4.355834283865078,1.9971833316939545,-1.25901410252288,-2.8329155734466176,2.112037018265135,-1.4385609314142807,-1.3515660929014588,1.8712681843890848,-4.743158382493393
HOF ITEM
25.744501940166753
-3.9585104024083595,-1.011251012519564,-4.510195099179786,0.33326517795742083,0.09378415931881806,-6.081597514113138,4.355834283865078,2.152153187922367,-1.25901410252288,-2.8329155734466176,2.112037018265135,-1.4385609314142807,-1.3515660929014588,1.8712681843890848,-4.743158382493393
HOF ITEM
25.744501940166753
-3.9585104024083595,-1.011251012519564,-4.510195099179786,0.33326517795742083,0.09378415931881806,-6.081597514113138,4.355834283865078,2.0178123294874264,-1.25901410252288,-2.8329155734466176,2.112037018265135,-1.4385609314142807,-1.3515660929014588,1.8712681843890848,-4.743158382493393
HOF ITEM
25.744698656052172
-3.9585104024083595,-1.011251012519564,-4.510195099179786,0.33326517795742083,0.09378415931881806,-6.081597514113138,4.355834283865078,1.9971833316939545,-1.25901410252288,-2.8329155734466176,2.112037018265135,-1.4385609314142807,-1.34892306865813,1.8712681843890848,-4.743158382493393
HOF ITEM
25.744698656052172
-3.9585104024083595,-1.011251012519564,-4.510195099179786,0.33326517795742083,0.09378415931881806,-6.081597514113138,4.355834283865078,2.152153187922367,-1.434906550364497,-2.8329155734466176,2.112037018265135,-1.4385609314142807,-1.34892306865813,1.8712681843890848,-4.743158382493393
seed 593
Initial fitness values: [np.float64(33.11825827583681), np.float64(29.56621578429878), np.float64(28.89000313624564), np.float64(28.89000313624564), np.float64(28.669029076947226), np.float64(26.701112650432414), np.float64(26.19833352802102), np.float64(26.19833352802102), np.float64(25.970003116165795), np.float64(25.882527595061394)]
Final fitness values: [np.float64(25.749210866447275), np.float64(25.749210866447275), np.float64(25.749210866447275), np.float64(25.749210866447275), np.float64(25.749210866447275), np.float64(25.749189682243784), np.float64(25.749189682243784), np.float64(25.749157785643142), np.float64(25.749157785643142), np.float64(25.749157785643142)]
HOF ITEM
25.749157785643142
-1.2663069827216977,-4.0,4.835570132228388,1.4471422411272719,4.887185692012321,-4.049377699839044,-4.680233748988129,2.7152586732019754,-2.7771983962405686,-1.562230776963159,1.5110324181681678,-5.61005166638781,-0.2371035841890076,2.161275049954546,-0.43794580475805356
HOF ITEM
25.749157785643142
-1.2663069827216977,-4.0,4.835570132228388,1.4471422411272719,4.887185692012321,-4.049377699839044,-4.317221044614571,2.7152586732019754,-2.7771983962405686,-1.562230776963159,1.5110324181681678,-5.61005166638781,-0.2371035841890076,2.161275049954546,-0.43794580475805356
HOF ITEM
25.749189682243784
-1.2663069827216977,-4.0,4.835570132228388,1.5958039564462756,4.887185692012321,-4.049377699839044,-4.680233748988129,2.7152586732019754,-2.7771983962405686,-1.562230776963159,1.5110324181681678,-5.61005166638781,-0.2371035841890076,2.161275049954546,-0.43794580475805356
HOF ITEM
25.749189682243784
-1.2663069827216977,-4.0,4.835570132228388,1.5958039564462756,4.887185692012321,-4.049377699839044,-4.317221044614571,2.7152586732019754,-2.7771983962405686,-1.562230776963159,1.5110324181681678,-5.61005166638781,-0.2371035841890076,2.161275049954546,-0.43794580475805356
HOF ITEM
25.749210866447275
-1.2663069827216977,-3.992970322976654,4.835570132228388,1.4471422411272719,4.887185692012321,-4.049377699839044,-4.680233748988129,2.7152586732019754,-2.540758242076133,-1.562230776963159,1.5110324181681678,-5.61005166638781,-0.2371035841890076,2.161275049954546,-0.43794580475805356
seed 594
Initial fitness values: [np.float64(26.99498110071526), np.float64(26.99498110071526), np.float64(26.402435842401875), np.float64(26.247004191947582), np.float64(25.706464178005117), np.float64(24.29635148017651), np.float64(24.29635148017651), np.float64(24.26905319016448), np.float64(23.913557146986516), np.float64(23.913238745199894)]
Final fitness values: [np.float64(23.479868050553208), np.float64(23.479868050553208), np.float64(23.479868050553208), np.float64(23.479868050553208), np.float64(23.479830527594906), np.float64(23.479830527594906), np.float64(23.479830527594906), np.float64(23.479830527594906), np.float64(23.479830527594906), np.float64(23.479830527594906)]
HOF ITEM
23.479830527594906
-7.0,1.5656585405913244,3.6937499791473094,6.769735652328633,-4.008195207410098,-0.010339402834265848,-5.6514462008642266,1.8062659658286935,0.5266899470764975,4.092101136255592,1.7177451249877473,6.268429904992482,-2.212672635161831,2.3970219401347186,3.6697368360054057
HOF ITEM
23.479830527594906
-7.0,1.5656585405913244,3.6937499791473094,6.769735652328633,-4.008195207410098,-0.010339402834265848,-5.6514462008642266,1.8062659658286935,0.5266899470764975,3.9981931231994086,1.7177451249877473,6.268429904992482,-1.5415555064314805,2.3970219401347186,3.6697368360054057
HOF ITEM
23.479830527594906
-7.0,1.5656585405913244,3.6937499791473094,6.769735652328633,-4.008195207410098,-0.010339402834265848,-5.6514462008642266,1.8062659658286935,0.5266899470764975,4.092101136255592,1.8968702248118423,5.7657058242407055,-1.5415555064314805,2.578442263935786,4.115180596028193
HOF ITEM
23.479830527594906
-7.0,1.5656585405913244,3.6937499791473094,6.769735652328633,-4.008195207410098,-0.010339402834265848,-5.6514462008642266,1.8062659658286935,0.5266899470764975,4.274008033300418,2.28325141104864,5.884019808233285,-1.5415555064314805,2.3970219401347186,3.6697368360054057
HOF ITEM
23.479830527594906
-7.0,1.5656585405913244,3.6937499791473094,6.769735652328633,-4.008195207410098,-0.010339402834265848,-5.6514462008642266,1.8062659658286935,0.5266899470764975,3.9981931231994086,1.7177451249877473,6.268429904992482,-2.212672635161831,2.3970219401347186,3.6697368360054057
seed 595
Initial fitness values: [np.float64(29.077834393320668), np.float64(28.714266717125238), np.float64(28.368015023863975), np.float64(27.599583075908395), np.float64(27.247951807772353), np.float64(26.89432552494339), np.float64(26.89432552494339), np.float64(26.339219310071314), np.float64(26.172441639787316), np.float64(26.172441639787316)]
Final fitness values: [np.float64(26.019623340162084), np.float64(26.019623340162084), np.float64(26.019623340162084), np.float64(26.019623340162084), np.float64(26.019623340162084), np.float64(26.019623340162084), np.float64(26.019623340162084), np.float64(26.019623340162084), np.float64(26.019623340162084), np.float64(26.019623340162084)]
HOF ITEM
26.019623340162084
-6.127959133572486,-3.8720852029181647,3.492146438885327,-3.064927506927186,-1.2824395344733683,5.646010997300392,-2.8455465711071515,2.0751900849273794,2.1780720721634594,-3.2863604282915952,2.3489290518013255,-2.426180216783832,-5.749840943837012,1.9221396159042017,-6.439657874811773
HOF ITEM
26.019623340162084
-6.127959133572486,-3.8720852029181647,3.492146438885327,-3.064927506927186,-1.2824395344733683,5.646010997300392,-2.8455465711071515,2.0751900849273794,2.1780720721634594,-3.2863604282915952,2.316562654045934,-2.426180216783832,-5.749840943837012,1.9221396159042017,-6.439657874811773
HOF ITEM
26.019623340162084
-6.127959133572486,-3.8720852029181647,3.492146438885327,-3.064927506927186,-1.2824395344733683,5.646010997300392,-2.8455465711071515,2.0751900849273794,2.1780720721634594,-3.1429784794504982,2.316562654045934,-2.214487211511336,-5.749840943837012,1.9221396159042017,-6.439657874811773
HOF ITEM
26.019623340162084
-6.127959133572486,-3.8720852029181647,3.492146438885327,-3.064927506927186,-1.2824395344733683,5.646010997300392,-2.8455465711071515,2.357618572410816,2.221880008918861,-3.2863604282915952,2.3489290518013255,-2.426180216783832,-5.749840943837012,1.9221396159042017,-6.439657874811773
HOF ITEM
26.019623340162084
-6.127959133572486,-3.8720852029181647,3.492146438885327,-3.064927506927186,-1.2824395344733683,5.646010997300392,-2.8455465711071515,2.0751900849273794,2.1780720721634594,-3.2863604282915952,2.316562654045934,-2.214487211511336,-5.749840943837012,1.9221396159042017,-6.439657874811773
seed 596
Initial fitness values: [np.float64(28.514895997358927), np.float64(28.334978781499927), np.float64(28.26968064744329), np.float64(27.99428730062267), np.float64(26.94714457168165), np.float64(26.905016007444104), np.float64(26.524039835137888), np.float64(26.524039835137888), np.float64(25.73102564902629), np.float64(25.589759032555282)]
Final fitness values: [np.float64(22.349529717310265), np.float64(22.349529717310265), np.float64(22.349529717310265), np.float64(22.349529717310265), np.float64(22.349529717310265), np.float64(22.349529717310265), np.float64(22.349529717310265), np.float64(22.349529717310265), np.float64(22.349529717310265), np.float64(22.349529717310265)]
HOF ITEM
22.349529717310265
-2.733527355753928,1.3457698667994065,-2.8153641282081896,-2.7826372467053613,-2.209999598039455,-3.9085634095891093,-1.5132599326541047,1.8970150247965418,2.0380748342429564,6.807265010724682,1.6704579522453897,4.971956754328446,-0.4768195272266758,0.03262870633617486,0.609466420563267
HOF ITEM
22.349529717310265
-2.733527355753928,1.3457698667994065,-2.8153641282081896,-2.7826372467053613,-2.209999598039455,-3.9085634095891093,-1.5132599326541047,1.8970150247965418,2.0380748342429564,6.747623807594222,1.6704579522453897,4.514348301934433,-0.4768195272266758,0.03262870633617486,0.609466420563267
HOF ITEM
22.349529717310265
-2.733527355753928,1.3457698667994065,-2.8153641282081896,-2.7826372467053613,-2.209999598039455,-3.9085634095891093,-1.5132599326541047,1.8970150247965418,2.0380748342429564,6.7560457279125545,1.852665195933881,4.911003496134498,-0.4768195272266758,0.03262870633617486,0.609466420563267
HOF ITEM
22.349529717310265
-2.733527355753928,1.3457698667994065,-2.8153641282081896,-2.7826372467053613,-2.209999598039455,-3.9085634095891093,-1.5132599326541047,1.8970150247965418,2.0380748342429564,6.747623807594222,1.6704579522453897,4.911003496134498,-0.4768195272266758,0.03262870633617486,0.609466420563267
HOF ITEM
22.351490783609385
-2.733527355753928,1.3457698667994065,-2.6299230555506874,-2.7788106989767267,-2.209999598039455,-3.7659041962085973,-1.5132599326541047,2.0982348132305684,2.0380748342429564,6.747623807594222,2.030308258988411,4.911003496134498,-0.4768195272266758,0.0317302312374273,0.5470729240046481
seed 597
Initial fitness values: [np.float64(28.580535236404607), np.float64(28.568450250203316), np.float64(27.773982822280768), np.float64(27.769167671217918), np.float64(27.71575066578282), np.float64(27.282709863834896), np.float64(26.243653277839307), np.float64(26.0242383968635), np.float64(26.0242383968635), np.float64(25.678506221498235)]
Final fitness values: [np.float64(23.83035514625096), np.float64(23.83035514625096), np.float64(23.827212698042114), np.float64(23.826944046050926), np.float64(23.826944046050926), np.float64(23.826944046050926), np.float64(23.82694258100613), np.float64(23.82694258100613), np.float64(23.82694258100613), np.float64(23.824951104321034)]
HOF ITEM
23.824951104321034
1.5671191940422569,0.39398102186945655,5.861893031991797,-7.0,2.8425007932755397,5.344989459594156,-6.723138887721394,0.7455580406152044,4.627617704825631,3.849055845783796,2.860341752691578,-5.072936797438699,0.9080257443120007,2.243132688878583,-2.217864971029256
HOF ITEM
23.82694258100613
1.5671191940422569,0.39398102186945655,5.861893031991797,-6.840635314207362,2.8425007932755397,5.344989459594156,-6.604371647948611,0.8444657483168418,4.626550417688327,3.638323915314516,2.860341752691578,-5.025092935778908,0.9080257443120007,2.243132688878583,-2.217864971029256
HOF ITEM
23.82694258100613
1.5671191940422569,0.39398102186945655,5.861893031991797,-6.840635314207362,2.8425007932755397,5.344989459594156,-6.604371647948611,0.8444657483168418,4.626550417688327,3.287890518992199,2.860341752691578,-5.025092935778908,0.9080257443120007,2.243132688878583,-2.217864971029256
HOF ITEM
23.82694258100613
1.5671191940422569,0.39398102186945655,5.861893031991797,-6.840635314207362,2.8425007932755397,5.344989459594156,-6.604371647948611,0.8444657483168418,4.626550417688327,3.287890518992199,2.860341752691578,-5.026464239562588,0.9080257443120007,2.243132688878583,-2.217864971029256
HOF ITEM
23.826944046050926
1.5671191940422569,0.39398102186945655,5.861893031991797,-6.840635314207362,2.8425007932755397,5.344989459594156,-6.604371647948611,0.7958357200306265,4.626550417688327,3.638323915314516,2.860341752691578,-5.026464239562588,0.9080257443120007,2.243132688878583,-2.217864971029256
seed 598
Initial fitness values: [np.float64(31.563087145462926), np.float64(29.392698695005322), np.float64(27.729298746534628), np.float64(27.729298746534628), np.float64(27.637473561532907), np.float64(27.609144985367987), np.float64(27.540488215937756), np.float64(27.46513975678323), np.float64(27.04718629828653), np.float64(26.998593194236747)]
Final fitness values: [np.float64(24.08364707727245), np.float64(24.057254402306146), np.float64(24.057254402306146), np.float64(24.057254402306146), np.float64(24.057220772452276), np.float64(24.04971296273582), np.float64(24.04971296273582), np.float64(24.049684266466382), np.float64(24.049684266466382), np.float64(24.049684266466382)]
HOF ITEM
24.049684266466382
5.463697544539163,-0.8292111788446774,-2.548025461033945,0.3923653807607475,5.85726632704307,7.0,6.892090989507142,1.3752423026823717,4.920235434023073,0.7853333435176795,2.2095818075890485,-4.881935482109543,-4.476187483413214,1.5121296151703552,0.835944715065146
HOF ITEM
24.049684498399554
5.463697544539163,-0.8292111788446774,-2.548025461033945,0.3923653807607475,5.85726632704307,7.0,6.782550807349545,1.3752423026823717,4.920235434023073,0.7853333435176795,2.2095818075890485,-4.881935482109543,-4.476187483413214,1.5121296151703552,0.835944715065146
HOF ITEM
24.049712730804174
5.463697544539163,-0.8292111788446774,-2.548025461033945,0.3923653807607475,5.85726632704307,6.708275930608255,6.892090989507142,1.3752423026823717,4.920235434023073,0.7853333435176795,2.2095818075890485,-4.881935482109543,-4.476187483413214,1.5121296151703552,0.835944715065146
HOF ITEM
24.04971296273582
5.463697544539163,-0.8292111788446774,-2.548025461033945,0.3923653807607475,5.85726632704307,6.708275930608255,6.782550807349545,1.3752423026823717,4.920235434023073,0.7853333435176795,2.2095818075890485,-4.881935482109543,-4.476187483413214,1.5121296151703552,0.835944715065146
HOF ITEM
24.057219110641313
5.463697544539163,-0.8292111788446774,-2.399068250160216,0.3923653807607475,5.85726632704307,7.0,6.892090989507142,2.201551242879899,5.1685126255575815,0.7853333435176795,2.206723205625535,-4.881935482109543,-4.300776407278176,1.5121296151703552,0.835944715065146
seed 599
Initial fitness values: [np.float64(28.9907860978245), np.float64(28.376966928016966), np.float64(27.27378998735948), np.float64(26.707236179370735), np.float64(25.799641205354487), np.float64(25.799641205354487), np.float64(25.47191003636942), np.float64(25.213753635197676), np.float64(24.706957472366575), np.float64(24.633916304112255)]
Final fitness values: [np.float64(20.969600829293356), np.float64(20.969600829293356), np.float64(20.969600829293356), np.float64(20.969600829293356), np.float64(20.95521544019832), np.float64(20.95521544019832), np.float64(20.948877320869666), np.float64(20.948877320869666), np.float64(20.930354551910806), np.float64(20.930354551910806)]
HOF ITEM
20.930354551910806
1.757073250468133,0.2078043970654383,-5.355637868682064,1.377036164574628,3.4572375275782123,1.3854200772119885,-5.457764743641898,2.4016520474868193,-0.9352344473013912,0.7261136327231313,1.9204248580083316,-2.7897611218924716,-3.0323453139400547,3.0,-1.1804962506100305
HOF ITEM
20.942921773931033
1.757073250468133,0.2078043970654383,-5.355637868682064,1.377036164574628,3.4572375275782123,1.599500868721398,-5.213608410510123,2.4016520474868193,-0.9352344473013912,0.7261136327231313,1.9204248580083316,-2.7897611218924716,-2.8825642506323446,3.0,-1.1804962506100305
HOF ITEM
20.94292177393112
1.757073250468133,0.2078043970654383,-5.355637868682064,1.377036164574628,3.4572375275782123,1.599500868721398,-5.213608410510123,2.4016520474868193,-0.9352344473013912,0.7261136327231313,1.9204248580083316,-2.7897611218924716,-3.0323453139400547,3.0,-1.1804962506100305
HOF ITEM
20.944651646159677
1.757073250468133,0.2078043970654383,-5.355637868682064,1.377036164574628,3.4572375275782123,1.3854200772119885,-5.457764743641898,2.4016520474868193,-0.9352344473013912,0.7261136327231313,1.9204248580083316,-2.7897611218924716,-2.8825642506323446,3.0,-1.017084938201577
HOF ITEM
20.948877320869602
1.757073250468133,0.2078043970654383,-5.722987431375245,1.377036164574628,3.4572375275782123,1.3854200772119885,-5.457764743641898,2.4016520474868193,-0.9352344473013912,0.7261136327231313,1.9204248580083316,-2.7897611218924716,-2.8825642506323446,3.0,-1.1804962506100305
best parameter set
fitness 20.8295556253546 seed 599
1.7450486569998613,0.17552263708950513,-5.349110369752111,1.3992638889025093,3.4403299345361593,1.3766992137288359,-5.457764743641898,2.4016520474868193,-0.9676072126239343,0.7076733160739237,1.90885356947243,-2.7789781679130767,-3.0323453139400547,3.0,-1.191787467849631
