seeds are [830 831 832 833 834 835 836 837 838 839]
seed 830
Initial fitness values: [np.float64(29.892630509736282), np.float64(28.29045509302), np.float64(27.530603836080903), np.float64(26.36102502266932), np.float64(26.357597007776732), np.float64(26.357597007776732), np.float64(26.072997076414833), np.float64(26.072997076414833), np.float64(25.832872235770466), np.float64(24.908686412891658)]
Final fitness values: [np.float64(23.554583258514207), np.float64(23.554583258514207), np.float64(23.554583258514207), np.float64(23.554583258514207), np.float64(23.554583258514207), np.float64(23.554583258514207), np.float64(23.554583258514207), np.float64(23.554583258514207), np.float64(23.554315780037342), np.float64(23.554315780037342)]
HOF ITEM
23.554315780037342
-7.0,1.4888819616051705,1.380668654195057,1.3976737147127143,-5.660559417452807,-0.03763967706068072,1.0536905065713318,1.2414306129994443,-7.0,-3.3114537407915723,1.817090977981733,6.545804398329146,-5.805180050496092,1.7743642788288272,-0.4672250606801483,4.346830824338791,2.09991560526022,3.983709528020919
HOF ITEM
23.554583258514207
-7.0,1.4888819616051705,1.380668654195057,1.3976737147127143,-5.762580484312181,-0.03763967706068072,1.0536905065713318,1.564598137809371,-6.993737264432402,-3.3114537407915723,1.817090977981733,6.503725869634291,-5.805180050496092,1.7743642788288272,-0.4672250606801483,4.346355137061419,2.09991560526022,3.983709528020919
HOF ITEM
23.554583258514207
-7.0,1.4888819616051705,1.380668654195057,1.3976737147127143,-5.762580484312181,-0.03763967706068072,1.0536905065713318,1.564598137809371,-6.993737264432402,-3.3114537407915723,1.817090977981733,6.503725869634291,-5.805180050496092,1.7743642788288272,-0.4672250606801483,4.346355137061419,2.1265942055836753,3.9563679193030103
HOF ITEM
23.554583258514207
-7.0,1.4888819616051705,1.380668654195057,1.3976737147127143,-5.762580484312181,-0.03763967706068072,1.0536905065713318,1.564598137809371,-6.993737264432402,-3.3114537407915723,1.817090977981733,6.503725869634291,-5.805180050496092,1.7743642788288272,-0.4672250606801483,4.346830824338791,2.09991560526022,3.9563679193030103
HOF ITEM
23.554583258514207
-7.0,1.4888819616051705,1.380668654195057,1.3976737147127143,-5.762580484312181,-0.03763967706068072,1.0536905065713318,1.564598137809371,-6.993737264432402,-3.3114537407915723,1.817090977981733,6.503725869634291,-5.805180050496092,1.7743642788288272,-0.4672250606801483,4.346355137061419,2.09991560526022,3.9563679193030103
seed 831
Initial fitness values: [np.float64(30.590949708347075), np.float64(27.691496770481965), np.float64(26.53973923583904), np.float64(26.53973923583904), np.float64(26.53973923583904), np.float64(26.34204732146803), np.float64(26.17799680384655), np.float64(25.68528037636364), np.float64(25.670611172153535), np.float64(25.29138309874405)]
Final fitness values: [np.float64(23.811473877456777), np.float64(23.811473877456777), np.float64(23.805410942685803), np.float64(23.805410942685803), np.float64(23.805410942685803), np.float64(23.803986923115417), np.float64(23.803986923115417), np.float64(23.797682303746473), np.float64(23.797682303746473), np.float64(23.797682303746473)]
HOF ITEM
23.797682303746473
2.4439910225247727,0.02699453770314648,-3.064949070844614,-2.747983769194227,6.019186025016475,0.6586586695681588,1.2057887289152471,2.3965325755320506,-0.4632762505252413,6.264041688416098,0.7592304503488388,-4.090616234796118,-1.1023277598900685,0.8492058872976228,0.9492102839796523,6.9029566039792805,0.745687741688287,2.8395883070257635
HOF ITEM
23.801133683618108
2.4439910225247727,0.02699453770314648,-3.459518165800933,-2.5544379689196157,6.539139727738422,0.6323370162938174,1.2057887289152471,2.376152044550939,-0.4632762505252413,5.843486027630346,0.4607038121775192,-4.4260731818529955,-1.1752016313074447,0.16177641008530846,1.4969187935377757,6.260591120077733,0.7942592358671318,2.610528853217385
HOF ITEM
23.80138587551317
2.4439910225247727,0.02699453770314648,-3.459518165800933,-2.747983769194227,5.478016920494262,0.6586586695681588,1.2057887289152471,2.35002566292882,-0.4632762505252413,5.843486027630346,0.658862035086473,-3.9104679679857735,-1.2902691502284638,0.16177641008530846,0.9861604086584297,6.260591120077733,0.6000538500908124,2.5746027365112694
HOF ITEM
23.801431982811632
2.4439910225247727,0.02699453770314648,-3.459518165800933,-2.714630671796568,5.478016920494262,0.6586586695681588,1.2057887289152471,2.35002566292882,-0.4632762505252413,5.843486027630346,0.658862035086473,-3.9104679679857735,-1.2902691502284638,0.16177641008530846,0.9861604086584297,5.5140440487087705,0.9231828210073928,2.918510703975538
HOF ITEM
23.80171052742194
2.4439910225247727,0.02699453770314648,-3.459518165800933,-2.714630671796568,5.478016920494262,0.6586586695681588,1.2057887289152471,2.35002566292882,-0.4632762505252413,5.843486027630346,0.658862035086473,-3.9104679679857735,-1.2902691502284638,0.16177641008530846,0.9492102839796523,6.8702767432227905,0.745687741688287,2.4444988066403455
seed 832
Initial fitness values: [np.float64(27.866523074460083), np.float64(27.866523074460083), np.float64(26.684874904249842), np.float64(26.136906311097636), np.float64(26.136906253289848), np.float64(26.136906253289848), np.float64(26.024180549765642), np.float64(25.81349404819096), np.float64(25.805637943553428), np.float64(25.796019507283745)]
Final fitness values: [np.float64(23.225128784866484), np.float64(23.224168720347752), np.float64(23.224167876006806), np.float64(23.22414565077969), np.float64(23.22414565077969), np.float64(23.18797995355483), np.float64(23.187960366490813), np.float64(23.187960365288728), np.float64(23.18684979304535), np.float64(23.18684979304535)]
HOF ITEM
23.18684979304535
-4.732316600189393,1.594236312071811,-2.2401458588001413,6.154370273861736,-6.901648910929949,3.102640145602464,3.0883088218684027,0.21296912819656166,2.3838198603243184,7.0,3.0,0.13975781671172338,-3.451360697855746,2.3226010064237235,-0.4618212163481656,-1.927463187956164,0.016492143532460868,0.998752527821676
HOF ITEM
23.18684979304535
-4.732316600189393,1.594236312071811,-2.2401458588001413,6.154370273861736,-6.901648910929949,3.102640145602464,3.0883088218684027,0.21296912819656166,2.3838198603243184,7.0,3.0,0.254442241650794,-3.451360697855746,2.3226010064237235,-0.4618212163481656,-1.927463187956164,0.016492143532460868,0.998752527821676
HOF ITEM
23.186849802396768
-4.732316600189393,1.594236312071811,-2.2401458588001413,6.154370273861736,-6.901648910929949,3.3323064268382288,3.0883088218684027,0.21296912819656166,2.3838198603243184,7.0,3.0,0.254442241650794,-3.451360697855746,2.3226010064237235,-0.4618212163481656,-1.927463187956164,0.016492143532460868,0.998752527821676
HOF ITEM
23.18685239562871
-4.732316600189393,1.594236312071811,-2.0457589182349216,6.154370273861736,-6.833594834233542,3.3323064268382288,3.0883088218684027,0.21296912819656166,2.3838198603243184,7.0,3.0,0.13975781671172338,-3.451360697855746,2.3226010064237235,-0.4618212163481656,-1.927463187956164,0.016492143532460868,0.998752527821676
HOF ITEM
23.187959670331303
-4.732316600189393,1.5901668804552147,-2.2401458588001413,6.154370273861736,-6.901648910929949,3.102640145602464,3.0883088218684027,0.21296912819656166,2.3838198603243184,7.0,3.0,0.254442241650794,-3.451360697855746,2.3226010064237235,-0.4618212163481656,-2.0623577460911635,0.016492143532460868,0.998752527821676
seed 833
Initial fitness values: [np.float64(31.778250541338018), np.float64(29.38872185093835), np.float64(28.287525458295573), np.float64(26.91091805198746), np.float64(25.658592754087774), np.float64(25.432172402801516), np.float64(25.35894255850694), np.float64(24.569682069478926), np.float64(24.569682069478926), np.float64(23.746057521908345)]
Final fitness values: [np.float64(22.596508141088936), np.float64(22.53892843215936), np.float64(22.53892843215936), np.float64(22.53892843215936), np.float64(22.528565273229898), np.float64(22.528565273229898), np.float64(22.528565273229898), np.float64(22.528565273229898), np.float64(22.528561455642205), np.float64(22.528561455642205)]
HOF ITEM
22.528561455642205
-4.063620005977986,1.5504443043425697,4.38534360979211,5.609938339944935,1.0063127290821743,-2.4302871184271018,-3.2358985628788743,2.029092053465904,-4.772998039352759,-3.7135238372365857,0.7519970190327578,-5.2287756485008074,3.1258891744823667,1.1829202093162172,3.634905312650057,2.1282418312144693,0.898478286690547,-1.8405507970606745
HOF ITEM
22.528565273229898
-4.063620005977986,1.5504443043425697,4.38534360979211,5.609938339944935,1.0063127290821743,-2.4302871184271018,-3.2358985628788743,2.029092053465904,-4.772998039352759,-3.7135238372365857,0.7519970190327578,-5.2287756485008074,3.1258891744823667,1.1829202093162172,3.634905312650057,2.410147722744764,0.898478286690547,-1.8405507970606745
HOF ITEM
22.53892378993279
-4.063620005977986,1.5504443043425697,4.2037354075389075,5.619334987562948,1.1845119239666158,-2.4302871184271018,-3.2358985628788743,2.029092053465904,-4.772998039352759,-3.7135238372365857,0.7519970190327578,-5.297369418005941,3.1258891744823667,1.1829202093162172,3.634905312650057,2.1282418312144693,0.898478286690547,-1.8405507970606745
HOF ITEM
22.53892843215936
-4.063620005977986,1.5504443043425697,4.2037354075389075,5.619334987562948,1.1845119239666158,-2.4302871184271018,-3.2358985628788743,2.029092053465904,-4.772998039352759,-3.7135238372365857,0.7519970190327578,-5.297369418005941,3.1258891744823667,1.1829202093162172,3.634905312650057,2.410147722744764,0.898478286690547,-1.8405507970606745
HOF ITEM
22.538928751947857
-4.063620005977986,1.5504443043425697,4.2037354075389075,5.619334987562948,1.1845119239666158,-2.4302871184271018,-3.2358985628788743,2.029092053465904,-4.772998039352759,-3.7135238372365857,0.7519970190327578,-5.297369418005941,3.0314526048397656,1.1829202093162172,3.634905312650057,2.410147722744764,0.898478286690547,-1.8405507970606745
seed 834
Initial fitness values: [np.float64(28.9455489335568), np.float64(28.5043520092972), np.float64(28.44658142503345), np.float64(28.210228465359986), np.float64(28.08335026024847), np.float64(27.982441454663935), np.float64(27.762739516694143), np.float64(27.56994848562903), np.float64(27.56994848562903), np.float64(27.38015547336611)]
Final fitness values: [np.float64(25.948339547957005), np.float64(25.94695797229512), np.float64(25.946945009569536), np.float64(25.946945009566615), np.float64(25.946945009548426), np.float64(25.946945009548426), np.float64(25.946945009548426), np.float64(25.94588826233488), np.float64(25.94588826233488), np.float64(25.943140837776635)]
HOF ITEM
25.943140837776635
0.9311932744757799,-3.6425278745130365,1.729239378758542,2.214035587054557,-1.4552884704326736,1.6157273821704434,2.6325129747284968,1.065121944558568,-3.3801322523237505,1.2977250789542385,2.7694116018561923,-6.980693275597848,1.2575910698867268,1.610797327750571,-6.436857306665612,6.139593975233834,1.6531398650305398,3.7662962789394103
HOF ITEM
25.945184939472366
0.9311932744757799,-3.6425278745130365,1.729239378758542,2.214035587054557,-1.4552884704326736,1.4972164083942976,2.6325129747284968,1.065121944558568,-3.3801322523237505,1.2977250789542385,2.7694116018561923,-6.980693275597848,1.2575910698867268,1.610797327750571,-6.388045615694733,6.139593975233834,1.7036683234052938,3.7662962789394103
HOF ITEM
25.945640242295493
0.9311932744757799,-3.3623179586810243,1.729239378758542,2.214035587054557,-1.4552884704326736,1.4972164083942976,2.6325129747284968,1.065121944558568,-3.6139922103617312,1.2977250789542385,2.7694116018561923,-6.980693275597848,1.2575910698867268,1.610797327750571,-6.436857306665612,6.139593975233834,1.3572321894126746,3.9270606543333817
HOF ITEM
25.94588826233488
0.9311932744757799,-3.6425278745130365,1.729239378758542,2.214035587054557,-1.4552884704326736,1.6157273821704434,2.6525094282466237,1.065121944558568,-3.6139922103617312,1.2977250789542385,2.7694116018561923,-6.980693275597848,1.2575910698867268,1.610797327750571,-6.388045615694733,6.139593975233834,1.7036683234052938,3.7662962789394103
HOF ITEM
25.946240224912703
0.9311932744757799,-3.6425278745130365,1.729239378758542,2.214035587054557,-1.4552884704326736,1.4972164083942976,2.6325129747284968,1.065121944558568,-3.3801322523237505,1.2977250789542385,2.7694116018561923,-6.980693275597848,1.2575910698867268,1.610797327750571,-6.436857306665612,6.139593975233834,1.3572321894126746,3.9270606543333817
seed 835
Initial fitness values: [np.float64(32.6320843615185), np.float64(31.89914012269209), np.float64(28.717751970164617), np.float64(28.224323088290067), np.float64(27.61652831047093), np.float64(27.01272784455821), np.float64(26.712879854314245), np.float64(26.500000264011067), np.float64(26.500000264011067), np.float64(26.39146391022023)]
Final fitness values: [np.float64(25.888699253452977), np.float64(25.888699253452977), np.float64(25.888699253452977), np.float64(25.888699253452977), np.float64(25.88851203562751), np.float64(25.88851203562751), np.float64(25.888438494429636), np.float64(25.888438494429636), np.float64(25.88717038511975), np.float64(25.88717038511974)]
HOF ITEM
25.88717038511974
-0.986571143817934,-3.3507297100160285,3.892874025054799,-0.5238462349880317,2.8687367639310235,-2.941294815803851,-2.3352676204461287,0.0,-3.573838042988357,4.580250046227668,0.47149249882232486,1.5800101574546703,-0.5187465035105314,2.2586185315904044,-5.113365513724664,5.897499649460615,1.7250580220794796,-5.145124998647902
HOF ITEM
25.88717038511975
-0.986571143817934,-3.5707303831732853,3.892874025054799,-0.5238462349880317,2.8687367639310235,-2.941294815803851,-2.3352676204461287,0.0,-3.573838042988357,4.580250046227668,0.47149249882232486,1.5800101574546703,-0.5187465035105314,2.2586185315904044,-5.113365513724664,5.897499649460615,1.7250580220794796,-5.1777210833586125
HOF ITEM
25.88843849442942
-0.986571143817934,-3.3507297100160285,3.892874025054799,-0.5238462349880317,2.8687367639310235,-2.941294815803851,-2.3352676204461287,0.0,-3.573838042988357,4.499856144908044,0.7354449678920337,1.470596213321899,-0.5187465035105314,2.2586185315904044,-5.113365513724664,5.897499649460615,1.7250580220794796,-5.145124998647902
HOF ITEM
25.888438494429636
-0.986571143817934,-3.3507297100160285,3.892874025054799,-0.5238462349880317,2.8687367639310235,-2.941294815803851,-2.3352676204461287,0.0,-3.573838042988357,4.499856144908044,0.7354449678920337,1.470596213321899,-0.5187465035105314,2.2586185315904044,-5.113365513724664,5.999356947778211,1.7250580220794796,-5.145124998647902
HOF ITEM
25.888438494429636
-0.986571143817934,-3.3507297100160285,3.892874025054799,-0.5238462349880317,2.8687367639310235,-2.941294815803851,-2.3352676204461287,0.0,-3.573838042988357,4.499856144908044,0.7354449678920337,1.470596213321899,-0.5187465035105314,2.2586185315904044,-5.113365513724664,5.999356947778211,1.7250580220794796,-5.333013908803693
seed 836
Initial fitness values: [np.float64(29.62536820554286), np.float64(29.509828777408746), np.float64(28.42430296725904), np.float64(28.168974513162734), np.float64(27.545725909376024), np.float64(27.545725909376024), np.float64(26.956307599126742), np.float64(26.733422746191817), np.float64(26.510440788816865), np.float64(26.31342966118553)]
Final fitness values: [np.float64(23.383201459817705), np.float64(23.383201459817705), np.float64(23.383201459817705), np.float64(23.38305300588204), np.float64(23.38305297436019), np.float64(23.381881856886746), np.float64(23.381881847060782), np.float64(23.381881847058004), np.float64(23.380871057968577), np.float64(23.380871057968577)]
HOF ITEM
23.380871057968577
-6.267452134173549,1.562586688620668,2.5750224563348088,-4.565609623915092,0.6904163047358868,2.0774589898637874,4.860473113783367,1.6963460717131902,0.08185188561857101,3.52122303884275,0.3906487995993982,-2.546175404991496,-5.037635925998411,1.9304713823840218,-0.6136974361354507,6.2006013602638115,2.239893933785739,-4.678441554612107
HOF ITEM
23.381633806210626
-6.267452134173549,1.562586688620668,2.4372251941324694,-4.37408417507419,0.6904163047358868,2.14290141182346,5.0418765376457415,1.6963460717131902,0.08185188561857101,3.584255338451518,0.8836607346193135,-2.4581700102182817,-5.037635925998411,1.9304713823840218,-0.6136974361354507,6.423500435874627,2.239893933785739,-5.119890681126334
HOF ITEM
23.38188184705715
-6.267452134173549,1.562586688620668,2.4372251941324694,-4.565609623915092,0.6904163047358868,2.14290141182346,4.860473113783367,1.6963460717131902,0.08185188561857101,3.371606169423931,0.8836607346193135,-2.748098527564155,-5.037635925998411,1.9304713823840218,-0.6136974361354507,6.423500435874627,2.239893933785739,-4.678441554612107
HOF ITEM
23.381881847058004
-6.267452134173549,1.562586688620668,2.4372251941324694,-4.565609623915092,0.6904163047358868,2.14290141182346,4.860473113783367,1.3928658945878802,0.08185188561857101,3.2914908062715447,0.8836607346193135,-2.748098527564155,-5.037635925998411,1.9304713823840218,-0.6136974361354507,6.423500435874627,2.239893933785739,-4.678441554612107
HOF ITEM
23.381881847058004
-6.267452134173549,1.562586688620668,2.4372251941324694,-4.565609623915092,0.6904163047358868,2.14290141182346,4.860473113783367,1.6963460717131902,0.08185188561857101,3.2914908062715447,0.8836607346193135,-2.748098527564155,-5.037635925998411,1.9304713823840218,-0.6136974361354507,6.423500435874627,2.239893933785739,-4.678441554612107
seed 837
Initial fitness values: [np.float64(29.37134152926035), np.float64(28.9569009711206), np.float64(28.00142697877213), np.float64(27.60540663046001), np.float64(26.764848070528352), np.float64(26.764848070528352), np.float64(26.764848070528352), np.float64(26.66392971400357), np.float64(26.43409311398046), np.float64(26.43409311398046)]
Final fitness values: [np.float64(25.873750775812923), np.float64(25.873750775812923), np.float64(25.872733558137192), np.float64(25.872733558137192), np.float64(25.872733558137192), np.float64(25.872733558137192), np.float64(25.850377417504514), np.float64(25.850377417504514), np.float64(25.850377417504514), np.float64(25.840948376075627)]
HOF ITEM
25.840948376075627
-4.991556460511249,-2.060308436690438,-5.72138120269821,3.6915765320459752,-0.14751024466342819,-5.442066140584014,-1.101163917112981,2.8976738971959612,5.475414305066957,-3.597569964440654,1.499858642709451,0.9748704003846602,-0.8783925502185201,0.25697233592672514,2.467031023023749,5.870744017182337,1.0968565017815946,-4.7784599606929605
HOF ITEM
25.840948378263878
-4.991556460511249,-2.060308436690438,-5.72138120269821,3.6915765320459752,-0.14751024466342819,-5.442066140584014,-1.101163917112981,2.8976738971959612,5.475414305066957,-3.597569964440654,1.499858642709451,0.9748704003846602,-0.8783925502185201,0.25697233592672514,2.467031023023749,5.870744017182337,0.5874367981600062,-4.7784599606929605
HOF ITEM
25.850377417504514
-4.991556460511249,-1.311058727973305,-5.934071025890009,3.6915765320459752,-0.14751024466342819,-5.442066140584014,-1.101163917112981,3.0,5.103172480312506,-3.597569964440654,1.499858642709451,0.9748704003846602,-0.8783925502185201,0.25697233592672514,2.467031023023749,5.870744017182337,1.0968565017815946,-4.7784599606929605
HOF ITEM
25.850377417504514
-4.991556460511249,-1.311058727973305,-5.934071025890009,3.6915765320459752,-0.14751024466342819,-5.442066140584014,-1.101163917112981,2.8976738971959612,5.475414305066957,-3.597569964440654,1.499858642709451,0.9748704003846602,-0.8783925502185201,0.25697233592672514,2.467031023023749,5.870744017182337,1.0968565017815946,-4.7784599606929605
HOF ITEM
25.850377419275873
-4.991556460511249,-1.311058727973305,-5.934071025890009,3.6915765320459752,-0.14751024466342819,-5.442066140584014,-1.101163917112981,2.8976738971959612,5.475414305066957,-3.597569964440654,1.499858642709451,0.9748704003846602,-0.8783925502185201,0.25697233592672514,2.467031023023749,5.870744017182337,0.5874367981600062,-4.7784599606929605
seed 838
Initial fitness values: [np.float64(32.7905551007091), np.float64(28.72440603739205), np.float64(28.462446045483606), np.float64(27.894407922187803), np.float64(27.177400088747888), np.float64(26.834821389924816), np.float64(26.715523090778746), np.float64(26.61181975502679), np.float64(26.412677560820924), np.float64(26.355725244944743)]
Final fitness values: [np.float64(23.371734540051683), np.float64(23.371734540051683), np.float64(23.370009369233355), np.float64(23.370009369233355), np.float64(23.370009369233355), np.float64(23.370009369233355), np.float64(23.370009369233355), np.float64(23.370009369233355), np.float64(23.370009369233355), np.float64(23.370009369233355)]
HOF ITEM
23.370009369233355
-6.285342118767766,1.540083184635974,3.3516211071372,5.482224629835832,3.521274644733158,2.46057448975754,4.55354317172134,2.6167449061844072,-1.3398483933398158,-3.930279741285381,1.7431090227648112,-2.165379476657172,-4.731091460691343,2.801254489454374,2.026294391661928,-5.167666852846914,1.9242637068635928,-1.3557875827003492
HOF ITEM
23.370009369233355
-6.285342118767766,1.540083184635974,3.3516211071372,5.482224629835832,3.521274644733158,2.46057448975754,4.55354317172134,2.6167449061844072,-1.3398483933398158,-3.930279741285381,1.7431090227648112,-2.165379476657172,-4.909312614017318,2.801254489454374,2.026294391661928,-5.167666852846914,1.9242637068635928,-1.3557875827003492
HOF ITEM
23.370009369233355
-6.285342118767766,1.540083184635974,3.3516211071372,5.482224629835832,3.521274644733158,2.46057448975754,4.55354317172134,2.6167449061844072,-1.3398483933398158,-3.930279741285381,1.7431090227648112,-2.165379476657172,-4.909312614017318,2.8714897362604526,2.026294391661928,-5.167666852846914,1.9242637068635928,-1.3557875827003492
HOF ITEM
23.371734540051683
-6.285342118767766,1.540083184635974,3.3516211071372,5.482224629835832,3.521274644733158,2.46057448975754,4.55354317172134,2.780337854528881,-1.3398483933398158,-3.930279741285381,1.7431090227648112,-2.0222706209998655,-4.731091460691343,2.801254489454374,2.026294391661928,-5.167666852846914,1.9242637068635928,-1.3557875827003492
HOF ITEM
23.371734540051683
-6.285342118767766,1.540083184635974,3.3516211071372,5.482224629835832,3.521274644733158,2.46057448975754,4.658251719237968,2.780337854528881,-1.3398483933398158,-3.930279741285381,1.7431090227648112,-2.0222706209998655,-4.731091460691343,2.801254489454374,2.026294391661928,-5.167666852846914,1.9242637068635928,-1.3557875827003492
seed 839
Initial fitness values: [np.float64(29.125212654365562), np.float64(27.817248411573676), np.float64(26.692530083461463), np.float64(26.1936156486609), np.float64(26.16605934246807), np.float64(25.352398522015037), np.float64(25.352398522015037), np.float64(24.774747351830047), np.float64(24.494587931759312), np.float64(24.541772748218083)]
Final fitness values: [np.float64(21.866228804922898), np.float64(21.84786322198719), np.float64(21.84014295946511), np.float64(21.84014295946511), np.float64(21.84014295946511), np.float64(21.84014295946511), np.float64(21.84014295946511), np.float64(21.84014295946511), np.float64(21.84014295946511), np.float64(21.84014295946511)]
HOF ITEM
21.84014295946511
-4.897035416556935,1.5946087023448903,5.595416527706305,0.7333967929797519,-3.4650667204153396,-0.7821388726082262,2.3010816291090856,0.9073171555603027,4.453331030697879,-3.580533727100558,2.2729015964668333,4.509128867953115,2.6668424077315054,2.8164919654426606,-1.4484340666794795,-1.060443000745521,0.45778514171924595,6.15941895540113
HOF ITEM
21.84014295946511
-4.897035416556935,1.5946087023448903,5.595416527706305,0.7333967929797519,-3.4650667204153396,-0.7821388726082262,2.3010816291090856,0.9073171555603027,4.453331030697879,-3.580533727100558,2.2729015964668333,4.509128867953115,2.293512570528243,2.8164919654426606,-1.4484340666794795,-1.060443000745521,0.45778514171924595,6.15941895540113
HOF ITEM
21.84786322198719
-4.897035416556935,1.5946087023448903,5.595416527706305,0.7333967929797519,-3.4650667204153396,-0.7821388726082262,2.3010816291090856,0.5829295253666187,4.453331030697879,-3.580533727100558,2.2729015964668333,4.509128867953115,2.6668424077315054,2.234327850623904,-1.4484340666794795,-1.060443000745521,0.45778514171924595,6.15941895540113
HOF ITEM
21.84786322198719
-4.897035416556935,1.5946087023448903,5.595416527706305,0.7333967929797519,-3.4650667204153396,-0.7821388726082262,2.3010816291090856,0.5829295253666187,4.453331030697879,-3.580533727100558,2.2729015964668333,4.509128867953115,2.6668424077315054,2.8164919654426606,-1.4484340666794795,-1.060443000745521,0.45778514171924595,6.15941895540113
HOF ITEM
21.84786322198719
-4.897035416556935,1.5946087023448903,5.595416527706305,0.7333967929797519,-3.4650667204153396,-0.7821388726082262,2.3010816291090856,0.5829295253666187,4.453331030697879,-3.580533727100558,2.2729015964668333,4.509128867953115,2.293512570528243,2.8164919654426606,-1.4484340666794795,-1.060443000745521,0.45778514171924595,6.15941895540113
best parameter set
fitness 21.74792911056857 seed 839
-4.891909486460736,1.5869547795834373,5.5988077315716565,0.7300043839771295,-3.460963112856839,-0.7862422369100018,2.3010769442202035,0.9073022074512119,4.453332691721692,-3.5844402098560684,2.2749936207476775,4.505537864862107,2.293512570528243,2.8164919654426606,-1.4484340666794795,-1.0612540517364168,0.4571098575590798,6.159945161047933
