seeds are [510 511 512 513 514 515 516 517 518 519]
seed 510
Initial fitness values: [np.float64(32.2948653257638), np.float64(29.313965068641508), np.float64(26.325020976548686), np.float64(26.32480331604672), np.float64(26.32480331604672), np.float64(26.02652659230748), np.float64(25.854982008790593), np.float64(25.854982008790593), np.float64(25.85496323180842), np.float64(25.85290774797857)]
Final fitness values: [np.float64(25.782684264715247), np.float64(25.78268426041876), np.float64(25.782684257143515), np.float64(25.782684255913285), np.float64(25.782684251718024), np.float64(25.782684251718024), np.float64(25.782684251718024), np.float64(25.782684251718024), np.float64(25.782684251718024), np.float64(25.782684251718024)]
HOF ITEM
25.782684251718024
-4.146415155193682,-1.3631179155709903,5.914715774351433,-3.033538274365754,3.3427302877334997,-4.19032270803032,-0.9027129718691147,0.10989774704016048,2.760608030325797,1.8512500321202225,2.0781094000313027,3.043644866165696,-2.8867814287105755,2.0737358074626515,-0.47882695872759035
HOF ITEM
25.782684251718024
-4.146415155193682,-1.3631179155709903,5.914715774351433,-3.033538274365754,3.3427302877334997,-4.19032270803032,-0.9027129718691147,0.10989774704016048,2.760608030325797,1.9039081398373854,2.1833546287264016,2.9696899096342846,-2.8867814287105755,2.0737358074626515,-0.47882695872759035
HOF ITEM
25.782684251718024
-4.146415155193682,-1.3631179155709903,5.914715774351433,-3.033538274365754,3.3427302877334997,-4.19032270803032,-0.9027129718691147,0.10989774704016048,2.760608030325797,1.9039081398373854,2.0781094000313027,3.043644866165696,-2.8867814287105755,2.0737358074626515,-0.47882695872759035
HOF ITEM
25.782684251718024
-4.146415155193682,-1.3631179155709903,5.914715774351433,-3.033538274365754,3.3427302877334997,-4.19032270803032,-0.9027129718691147,0.10989774704016048,2.760608030325797,1.8512500321202225,2.085361685403403,3.043644866165696,-2.8867814287105755,2.0737358074626515,-0.47882695872759035
HOF ITEM
25.782684251718024
-4.146415155193682,-1.3631179155709903,5.914715774351433,-3.033538274365754,3.3427302877334997,-4.19032270803032,-0.9027129718691147,0.10989774704016048,2.760608030325797,1.8512500321202225,2.1833546287264016,2.9696899096342846,-2.8867814287105755,2.0737358074626515,-0.47882695872759035
seed 511
Initial fitness values: [np.float64(29.455589363046748), np.float64(29.455589363046748), np.float64(28.621093168130354), np.float64(28.534243212785306), np.float64(28.29750187362142), np.float64(28.29750187362142), np.float64(27.801677240672785), np.float64(27.801676531049193), np.float64(27.75312184796934), np.float64(27.283146150026624)]
Final fitness values: [np.float64(25.748473907657132), np.float64(25.748473983120526), np.float64(25.748473983120526), np.float64(25.748473983120526), np.float64(25.74846760873979), np.float64(25.74846709825681), np.float64(25.74846709825681), np.float64(25.74846709825681), np.float64(25.74846709825681), np.float64(25.74846709825681)]
HOF ITEM
25.74846709825681
-1.9693531953120955,-3.8826271546816193,6.157069554842033,1.286589361251872,4.217705325566815,-4.7032495458093715,-1.5304154554340232,3.0,-3.803501544827693,2.40325268863114,0.849404403501265,4.48843864156593,-0.8313906162090344,2.098126244062896,-0.46547049757661035
HOF ITEM
25.74846760873979
-1.9693531953120955,-3.8826271546816193,6.157069554842033,1.286589361251872,4.217705325566815,-4.7032495458093715,-1.5304154554340232,2.7338126183509717,-3.803501544827693,2.40325268863114,0.849404403501265,4.48843864156593,-0.8313906162090344,2.098126244062896,-0.46547049757661035
HOF ITEM
25.748467657248174
-1.9693531953120955,-3.8826271546816193,6.157069554842033,1.286589361251872,4.217705325566815,-4.7032495458093715,-1.5304154554340232,2.7338126183509717,-3.49873904722545,2.40325268863114,0.849404403501265,4.48843864156593,-0.8313906162090344,2.098126244062896,-0.46547049757661035
HOF ITEM
25.748468786509456
-1.9693531953120955,-3.8826271546816193,6.157069554842033,1.286589361251872,4.217705325566815,-4.7032495458093715,-1.5671658203448933,1.9736064210556243,-3.49873904722545,2.40325268863114,0.849404403501265,4.48843864156593,-0.8313906162090344,2.098126244062896,-0.46547049757661035
HOF ITEM
25.748470326664847
-1.9693531953120955,-3.8826271546816193,6.157069554842033,0.8514193488706648,4.217705325566815,-4.7032495458093715,-1.5671658203448933,2.7338126183509717,-3.803501544827693,2.40325268863114,0.849404403501265,4.48843864156593,-0.8313906162090344,2.098126244062896,-0.46547049757661035
seed 512
Initial fitness values: [np.float64(30.37691021228229), np.float64(29.65587708392234), np.float64(28.381758402255567), np.float64(28.381758402255567), np.float64(27.88914994236858), np.float64(27.691637384050807), np.float64(27.3313828794844), np.float64(26.559244844400094), np.float64(26.559244844400094), np.float64(26.393127080275086)]
Final fitness values: [np.float64(23.43532244900287), np.float64(23.434824951927933), np.float64(23.432624372885446), np.float64(23.43136495969095), np.float64(23.43129287597245), np.float64(23.429552653661784), np.float64(23.429552653661784), np.float64(23.429552653661784), np.float64(23.429552653661784), np.float64(23.429552653661784)]
HOF ITEM
23.429552653661784
-1.7839778104121216,1.4867008530846157,3.0676432603000814,-7.0,-6.473271408926542,-7.0,-6.7982911756086715,1.398288227582795,2.4534970865882597,2.1547593034163746,0.9632080515996826,-3.2141271197615193,-0.6250492792033314,2.847205459936472,-0.6447429244712808
HOF ITEM
23.4295526731341
-1.7839778104121216,1.4867008530846157,3.0676432603000814,-7.0,-6.473271408926542,-7.0,-6.7982911756086715,1.243870252923318,2.4534970865882597,2.1547593034163746,0.9632080515996826,-3.2141271197615193,-0.6250492792033314,2.847205459936472,-0.6447429244712808
HOF ITEM
23.429586608768105
-1.7839778104121216,1.4867008530846157,2.6745705224155536,-7.0,-6.473271408926542,-7.0,-6.7982911756086715,1.542320964210598,2.320882667414979,2.1547593034163746,0.9256806271042661,-3.2456907671467348,-0.6250492792033314,2.847205459936472,-0.6447429244712808
HOF ITEM
23.42962472463359
-1.7839778104121216,1.4867008530846157,3.0676432603000814,-7.0,-6.473271408926542,-7.0,-6.7982911756086715,1.398288227582795,2.4534970865882597,2.1547593034163746,0.9632080515996826,-2.885517999742517,-0.6250492792033314,2.847205459936472,-0.6447429244712808
HOF ITEM
23.429624762072663
-1.7839778104121216,1.4867008530846157,3.0676432603000814,-7.0,-6.473271408926542,-7.0,-6.1956356163046316,1.398288227582795,2.4534970865882597,2.1547593034163746,0.9632080515996826,-2.885517999742517,-0.6250492792033314,2.847205459936472,-0.6447429244712808
seed 513
Initial fitness values: [np.float64(29.479356732563147), np.float64(28.426554615922214), np.float64(27.265933366394272), np.float64(27.009554046783006), np.float64(26.642753575430863), np.float64(26.642753575430863), np.float64(26.627305043357143), np.float64(26.537452990866818), np.float64(24.89614947837726), np.float64(24.865122222662873)]
Final fitness values: [np.float64(23.97021949765321), np.float64(23.97021949765321), np.float64(23.97021949765321), np.float64(23.97021949765321), np.float64(23.97021949765321), np.float64(23.97021949765321), np.float64(23.97021949765321), np.float64(23.97021949765321), np.float64(23.97021949765321), np.float64(23.97021949765321)]
HOF ITEM
23.97021949765321
-3.613972841998402,1.2180702455319392,1.4581531762875897,0.5361548126608967,-0.9996908592633418,-5.558488696713707,-4.619740089631529,2.609572954085839,4.278009990276844,0.7671994124445256,2.599766017701471,-0.7754486637260294,-1.5396941569839104,1.1991419854499377,-1.8341803547773057
HOF ITEM
23.97021949765332
-3.613972841998402,1.2180702455319392,1.4581531762875897,0.5361548126608967,-0.9996908592633418,-5.558488696713707,-4.619740089631529,2.609572954085839,4.278009990276844,0.8489692934176795,2.403982345183899,-0.7754486637260294,-1.5396941569839104,1.1991419854499377,-1.8341803547773057
HOF ITEM
23.970219497653446
-3.613972841998402,1.2180702455319392,1.4581531762875897,0.5361548126608967,-0.9996908592633418,-5.558488696713707,-4.619740089631529,2.609572954085839,4.278009990276844,0.7671994124445256,2.403982345183899,-0.7754486637260294,-1.5396941569839104,1.1991419854499377,-1.8341803547773057
HOF ITEM
23.970219497654107
-3.613972841998402,1.2180702455319392,1.4581531762875897,0.5361548126608967,-0.9996908592633418,-5.558488696713707,-4.9470560010009805,2.609572954085839,4.278009990276844,0.7753255215144241,2.3683489727076723,-0.7754486637260294,-1.5396941569839104,1.1991419854499377,-1.8341803547773057
HOF ITEM
23.98139236230019
-3.613972841998402,1.2180702455319392,1.4581531762875897,0.5361548126608967,-0.6664862242895783,-5.226558000157118,-4.619740089631529,2.609572954085839,4.278009990276844,0.7671994124445256,2.5882278013824744,-0.49679148101734133,-1.5396941569839104,1.1991419854499377,-1.8942287391069943
seed 514
Initial fitness values: [np.float64(32.04328474179505), np.float64(27.31696264837144), np.float64(27.213329589754046), np.float64(26.54449302440408), np.float64(26.27361778320801), np.float64(26.010834284965497), np.float64(25.976852985568566), np.float64(25.91884291906213), np.float64(25.91884291906213), np.float64(25.79205359913047)]
Final fitness values: [np.float64(25.69923541869226), np.float64(25.69923541869226), np.float64(25.69923541869226), np.float64(25.69923541869226), np.float64(25.69923541869226), np.float64(25.69923541869226), np.float64(25.69923541869226), np.float64(25.69923541869226), np.float64(25.69923541869226), np.float64(25.69923541869226)]
HOF ITEM
25.69923541869226
-5.104201389106832,-2.4969592234509332,-2.6790532900530173,-5.857253201743441,1.2899714028767182,0.5491432051178193,-2.9388591596742097,2.0374328472754812,-3.4142958617732844,-4.214113111988328,2.102404747152518,-3.4813350333636865,3.208443064833753,1.6234875326464728,3.177434299735374
HOF ITEM
25.699235418692265
-5.104201389106832,-2.7624925077863245,-2.6790532900530173,-5.857253201743441,1.2899714028767182,0.5491432051178193,-2.9388591596742097,2.0374328472754812,-3.4142958617732844,-4.214113111988328,2.102404747152518,-3.4813350333636865,3.208443064833753,1.6234875326464728,2.8286571101646087
HOF ITEM
25.699235418692265
-5.104201389106832,-2.4969592234509332,-2.6790532900530173,-5.857253201743441,1.2899714028767182,0.5491432051178193,-2.9388591596742097,2.0374328472754812,-3.4142958617732844,-4.214113111988328,2.102404747152518,-3.4813350333636865,3.208443064833753,1.6234875326464728,2.8286571101646087
HOF ITEM
25.69923541869229
-5.104201389106832,-2.2862954288902944,-2.6790532900530173,-5.857253201743441,1.2899714028767182,0.5491432051178193,-2.9388591596742097,2.0374328472754812,-3.4142958617732844,-4.214113111988328,2.102404747152518,-3.4813350333636865,3.059357709270905,1.6234875326464728,3.177434299735374
HOF ITEM
25.69923541869231
-5.104201389106832,-2.4969592234509332,-2.6790532900530173,-5.857253201743441,1.2899714028767182,0.5491432051178193,-2.9388591596742097,2.0374328472754812,-3.4142958617732844,-4.214113111988328,2.102404747152518,-3.4813350333636865,3.0396494464762904,1.6234875326464728,3.177434299735374
seed 515
Initial fitness values: [np.float64(31.16090338769973), np.float64(28.672135688155063), np.float64(27.280112321384898), np.float64(27.048933633935725), np.float64(26.142004038199367), np.float64(26.05378353780148), np.float64(25.580506561574616), np.float64(24.542041368324917), np.float64(24.542041368324917), np.float64(24.542041368324917)]
Final fitness values: [np.float64(23.37561406895433), np.float64(23.37561406895433), np.float64(23.37382761884599), np.float64(23.37382761884599), np.float64(23.373827230373983), np.float64(23.373827230373983), np.float64(23.373827230373983), np.float64(23.373827230373983), np.float64(23.373827230373983), np.float64(23.373827230373983)]
HOF ITEM
23.373827230373983
-6.014224801831417,1.5805780356055796,-2.4771295215402818,5.663388523121085,6.975716279625355,-4.21517215216046,-4.694729541583612,1.9938105183457955,2.7994853955455623,-4.766869438824701,2.5462173446943273,4.732048901300267,-1.1587255312281146,1.7782555503042066,4.361617689594951
HOF ITEM
23.373827230373983
-6.014224801831417,1.5805780356055796,-2.4771295215402818,5.663388523121085,6.975716279625355,-4.21517215216046,-4.694729541583612,1.9938105183457955,2.7994853955455623,-4.586344287078904,2.5190925532039454,4.732048901300267,-1.1587255312281146,1.7782555503042066,4.361617689594951
HOF ITEM
23.373827230373983
-6.014224801831417,1.5805780356055796,-2.4771295215402818,5.663388523121085,6.975716279625355,-4.21517215216046,-4.694729541583612,1.9938105183457955,2.7994853955455623,-4.519714735576248,2.5462173446943273,4.732048901300267,-1.1587255312281146,1.7782555503042066,4.361617689594951
HOF ITEM
23.373827230373983
-6.014224801831417,1.5805780356055796,-2.4771295215402818,5.663388523121085,6.975716279625355,-4.21517215216046,-4.694729541583612,1.9938105183457955,2.7994853955455623,-4.519714735576248,2.5190925532039454,4.732048901300267,-1.1587255312281146,1.7782555503042066,4.361617689594951
HOF ITEM
23.373827230373983
-6.014224801831417,1.5805780356055796,-2.4771295215402818,5.663388523121085,6.975716279625355,-4.21517215216046,-4.694729541583612,1.9938105183457955,2.7994853955455623,-4.766869438824701,2.5190925532039454,4.732048901300267,-1.1587255312281146,1.7782555503042066,4.361617689594951
seed 516
Initial fitness values: [np.float64(30.25536058443484), np.float64(29.140275385715118), np.float64(27.665156242685192), np.float64(26.667736591069676), np.float64(26.52234359565245), np.float64(26.358989479654554), np.float64(26.358989479654554), np.float64(26.356724390106454), np.float64(26.07148032961106), np.float64(26.071452358273152)]
Final fitness values: [np.float64(25.77909586458008), np.float64(25.778976661538533), np.float64(25.77897403703361), np.float64(25.778972422488955), np.float64(25.778971297251655), np.float64(25.778971297251655), np.float64(25.778970720441528), np.float64(25.778970720441528), np.float64(25.778970720441528), np.float64(25.778970720441528)]
HOF ITEM
25.778970720441528
-2.7760460779492817,-2.2404282110194496,-1.9416855851118995,-5.465725612384682,4.257112800053463,1.632740860584711,-4.720232635996215,0.0,-3.515744515708942,3.3946303264631625,2.3941585818211326,-4.622089275248066,-1.873552130607249,2.15324136593929,-3.1112600943201527
HOF ITEM
25.778970720441528
-2.7760460779492817,-2.2404282110194496,-1.9416855851118995,-5.465725612384682,4.257112800053463,1.632740860584711,-4.720232635996215,0.0,-3.515744515708942,3.3946303264631625,2.3941585818211326,-4.940139810612935,-1.873552130607249,2.15324136593929,-3.1112600943201527
HOF ITEM
25.778970720441528
-2.7760460779492817,-2.2404282110194496,-1.9416855851118995,-5.465725612384682,4.257112800053463,1.632740860584711,-4.720232635996215,0.0,-3.515744515708942,3.250722808621149,2.3941585818211326,-4.940139810612935,-1.873552130607249,2.15324136593929,-3.1112600943201527
HOF ITEM
25.778970720441528
-2.7760460779492817,-2.2404282110194496,-1.9416855851118995,-5.465725612384682,4.257112800053463,1.632740860584711,-4.720232635996215,0.0,-3.515744515708942,3.250722808621149,2.3941585818211326,-4.622089275248066,-1.873552130607249,2.15324136593929,-3.1112600943201527
HOF ITEM
25.778970776444446
-2.7760460779492817,-2.7516638274382137,-1.9416855851118995,-5.465725612384682,4.257112800053463,1.632740860584711,-4.720232635996215,0.0,-3.8030178989498244,3.3946303264631625,2.3941585818211326,-4.940139810612935,-1.873552130607249,2.15324136593929,-3.1112600943201527
seed 517
Initial fitness values: [np.float64(30.43591312629798), np.float64(29.0390305494657), np.float64(26.591544020280978), np.float64(26.591544020280978), np.float64(25.68666436179243), np.float64(25.642174612100614), np.float64(25.49618867965547), np.float64(25.144379692959603), np.float64(24.331160627214288), np.float64(24.331160627214288)]
Final fitness values: [np.float64(24.1253312034497), np.float64(24.1253312034497), np.float64(24.1253312034497), np.float64(24.1253312034497), np.float64(24.11302126479954), np.float64(24.11302126479954), np.float64(24.10921544256732), np.float64(24.10921544256732), np.float64(24.10921544256732), np.float64(24.10921544256732)]
HOF ITEM
24.10921544256732
6.186879185272365,-0.9628966109892809,0.4668803651921549,-4.004983650552316,4.749579237827145,2.748958453376317,-1.3031081064002372,1.6162858374984197,4.137281762470295,1.1204748325693055,2.686687282362027,-3.318986963764171,2.7765708319479008,1.4614219037647256,0.9937539264983364
HOF ITEM
24.11302126479954
6.186879185272365,-0.9628966109892809,0.4668803651921549,-4.004983650552316,4.749579237827145,2.748958453376317,-1.3031081064002372,1.6162858374984197,4.137281762470295,1.1204748325693055,2.686687282362027,-3.318986963764171,2.7087991639846885,1.4614219037647256,0.9937539264983364
HOF ITEM
24.117932418558063
6.186879185272365,-0.9628966109892809,0.38330768484391287,-4.031387244305097,4.749579237827145,2.748958453376317,-1.2175159882500712,1.6162858374984197,4.255080304458171,1.1204748325693055,2.686687282362027,-3.318986963764171,2.7765708319479008,1.4614219037647256,1.246397949050464
HOF ITEM
24.11802780765595
6.186879185272365,-0.9628966109892809,0.38330768484391287,-4.031387244305097,4.749579237827145,2.748958453376317,-1.3031081064002372,1.6162858374984197,4.255080304458171,1.1204748325693055,2.686687282362027,-3.318986963764171,2.7765708319479008,1.4614219037647256,1.246397949050464
HOF ITEM
24.1253312034497
6.186879185272365,-0.9628966109892809,0.38330768484391287,-4.031387244305097,4.749579237827145,2.748958453376317,-1.2175159882500712,0.7819198330223007,4.255080304458171,1.1204748325693055,2.686687282362027,-3.318986963764171,2.7765708319479008,1.4614219037647256,1.246397949050464
seed 518
Initial fitness values: [np.float64(30.790318022028135), np.float64(28.484104239007166), np.float64(28.249834294566423), np.float64(27.379004215457684), np.float64(27.25871363460766), np.float64(27.011174386850076), np.float64(26.341328670870183), np.float64(26.226448195615863), np.float64(26.226448195615863), np.float64(25.278403233859382)]
Final fitness values: [np.float64(23.439174227517256), np.float64(23.431845530377004), np.float64(23.427448665158227), np.float64(23.427448665158227), np.float64(23.403911703921096), np.float64(23.400027858319355), np.float64(23.390040007317182), np.float64(23.390040007317182), np.float64(23.370628301392138), np.float64(23.370582986175773)]
HOF ITEM
23.370582986175773
-0.7453475784076093,1.29073790169607,-1.9400141473659371,-0.31946143810113514,3.776555191542244,-2.984651687613652,-1.8254323881361536,1.4794482651139462,-6.853739303016642,5.082493725826387,0.9015518913718998,-4.639065650002754,0.15453986548771662,2.477579931510701,-0.580898772505121
HOF ITEM
23.37058298648413
-0.7453475784076093,1.29073790169607,-1.9400141473659371,-0.31946143810113514,3.776555191542244,-2.984651687613652,-1.8254323881361536,1.4794482651139462,-6.853739303016642,5.082493725826387,0.9015518913718998,-4.8101558584423305,0.15453986548771662,2.477579931510701,-0.580898772505121
HOF ITEM
23.370582998390507
-0.7453475784076093,1.29073790169607,-1.9400141473659371,-0.31946143810113514,3.776555191542244,-2.984651687613652,-1.8254323881361536,1.4794482651139462,-6.853739303016642,5.059925447930957,0.9015518913718998,-5.074703282092301,0.15453986548771662,2.477579931510701,-0.580898772505121
HOF ITEM
23.370628301392138
-0.7453475784076093,1.29073790169607,-1.9400141473659371,-0.31946143810113514,3.776555191542244,-2.984651687613652,-1.8254323881361536,1.4794482651139462,-6.697742834600976,4.985311541228796,0.7267671177272236,-4.639065650002754,0.15453986548771662,2.477579931510701,-0.580898772505121
HOF ITEM
23.374754520391164
-0.7453475784076093,1.29073790169607,-1.9400141473659371,-0.31946143810113514,3.776555191542244,-2.984651687613652,-1.8254323881361536,1.3803236058404904,-6.828019552081257,5.059925447930957,0.7267671177272236,-4.639065650002754,0.15453986548771662,2.477579931510701,-0.580898772505121
seed 519
Initial fitness values: [np.float64(32.754295991477925), np.float64(30.74969750188949), np.float64(29.499624600499992), np.float64(28.24284361108343), np.float64(28.129809808868984), np.float64(26.97551197451606), np.float64(26.697554963169917), np.float64(26.204422030536676), np.float64(26.015893044720638), np.float64(25.825522257759708)]
Final fitness values: [np.float64(23.480138527074676), np.float64(23.480138527074676), np.float64(23.480138527074676), np.float64(23.480138527074676), np.float64(23.46556571057338), np.float64(23.46556571057338), np.float64(23.46556571057338), np.float64(23.46556571057338), np.float64(23.46556571057338), np.float64(23.46556571057338)]
HOF ITEM
23.46556571057338
-6.483077021772938,1.524066994301114,4.363899051040402,4.173225528668366,-5.032040697217232,-5.376919117869921,-4.54795568050546,2.0990162483514747,1.9576643766841566,-5.141657146063352,2.4106770544532314,-1.051416794330536,-5.315817394912954,1.8892597915098848,-0.8629353635184172
HOF ITEM
23.46556571057338
-6.483077021772938,1.524066994301114,4.363899051040402,4.173225528668366,-5.032040697217232,-5.376919117869921,-4.54795568050546,2.4576460096041775,1.7948310628181412,-5.141657146063352,2.4106770544532314,-1.051416794330536,-5.315817394912954,1.8892597915098848,-0.8629353635184172
HOF ITEM
23.46556571057338
-6.483077021772938,1.524066994301114,4.363899051040402,4.173225528668366,-5.032040697217232,-5.376919117869921,-4.54795568050546,2.4576460096041775,1.7948310628181412,-5.037473442514084,2.335963530554542,-0.7831564312760992,-5.315817394912954,1.8892597915098848,-0.8629353635184172
HOF ITEM
23.46556571057338
-6.483077021772938,1.524066994301114,4.363899051040402,4.173225528668366,-5.032040697217232,-5.376919117869921,-4.812643109618359,2.0990162483514747,1.9576643766841566,-5.037473442514084,2.75401821591117,-0.7831564312760992,-5.315817394912954,1.8892597915098848,-0.8629353635184172
HOF ITEM
23.46556571057338
-6.483077021772938,1.524066994301114,4.363899051040402,4.173225528668366,-5.032040697217232,-5.376919117869921,-4.54795568050546,2.4576460096041775,1.7948310628181412,-5.037473442514084,2.75401821591117,-0.7831564312760992,-5.315817394912954,1.8892597915098848,-0.8629353635184172
best parameter set
fitness 23.35984200020832 seed 518
-0.7452646706369229,1.290814679737283,-1.9401363731735988,-0.31944273709785964,3.7765361493739062,-2.9845291217635057,-1.8254338229836231,1.4794515096640484,-6.853739320372155,5.08249372594693,0.9015518914088413,-4.810155858269674,0.15438835166220316,2.477599149409504,-0.5802306583947365
