seeds are [0 1 2 3 4 5 6 7 8 9]
seed 0
Initial fitness values: [np.float64(28.49095034662204), np.float64(28.49095034662204), np.float64(28.00155153041191), np.float64(26.962103327771665), np.float64(25.94510911387437), np.float64(25.803175437988635), np.float64(25.79775242005731), np.float64(25.796578151160446), np.float64(25.79093782228731), np.float64(25.767509774742255)]
Final fitness values: [np.float64(25.65454661031177), np.float64(25.65454661031177), np.float64(25.65454661031177), np.float64(25.65454661031177), np.float64(25.65454661031177), np.float64(25.65454661031177), np.float64(25.65454661031177), np.float64(25.65454661031177), np.float64(25.65454661031177), np.float64(25.65454661031177)]
HOF ITEM
25.65454661031177
2.2849834423676816,-1.6459493442299162,-3.6866516700956162,-3.888742158937043,4.721426372920166,-0.9053352220965742,-3.348471430066848,2.2608525992071486,3.285405458674056,0.570372346963477,2.0209085821678756,-4.877937856845217,2.4906015493940727,0.31832113889070407,2.1192684944833444
HOF ITEM
25.65528157439159
2.2849834423676816,-1.6459493442299162,-3.6623301060878335,-3.888742158937043,4.721426372920166,-0.9053352220965742,-3.348471430066848,2.2608525992071486,3.285405458674056,0.570372346963477,2.0209085821678756,-4.877937856845217,2.4906015493940727,0.31832113889070407,2.1192684944833444
HOF ITEM
25.655992821391816
2.2849834423676816,-1.5743426557373295,-3.6866516700956162,-3.888742158937043,4.721426372920166,-0.9053352220965742,-3.348471430066848,2.2608525992071486,3.285405458674056,0.570372346963477,2.0209085821678756,-4.877937856845217,2.4906015493940727,0.31832113889070407,2.1192684944833444
HOF ITEM
25.657850046760217
2.2849834423676816,-1.6459493442299162,-3.6866516700956162,-3.888742158937043,4.721426372920166,-0.9053352220965742,-3.348471430066848,2.5050152694243906,3.285405458674056,0.570372346963477,2.0209085821678756,-4.877937856845217,2.4906015493940727,0.31832113889070407,2.1192684944833444
HOF ITEM
25.65785081943134
2.2849834423676816,-1.6459493442299162,-3.6866516700956162,-3.888742158937043,4.721426372920166,-0.9053352220965742,-3.272884455107049,2.5050152694243906,3.285405458674056,0.570372346963477,2.0209085821678756,-4.877937856845217,2.4906015493940727,0.31832113889070407,2.1192684944833444
seed 1
Initial fitness values: [np.float64(28.37875188165964), np.float64(28.37875188165964), np.float64(28.332641314901576), np.float64(28.224752596646432), np.float64(28.224752596646432), np.float64(28.154073957649004), np.float64(28.154073957649004), np.float64(28.114815910918622), np.float64(28.11481091721919), np.float64(27.891877084414972)]
Final fitness values: [np.float64(25.453490468790996), np.float64(25.432988551809505), np.float64(25.432988551809505), np.float64(25.40602362043305), np.float64(25.40602362043305), np.float64(25.362517826314114), np.float64(25.362517826314114), np.float64(25.362517826314114), np.float64(25.359039442511325), np.float64(25.26392824539129)]
HOF ITEM
25.26392824539129
-4.5572768838072895,1.3192602290109046,0.09976665013007807,5.201710781752418,0.26119468126402445,4.289739241505106,-1.9949793678331234,1.4572362975325814,4.174235122109021,-2.768336400518858,2.380497904752251,1.1374784486739484,5.516931795671099,1.311195843447339,-0.6942348654702759
HOF ITEM
25.359039442511325
-4.345242834840336,1.3192602290109046,0.09976665013007807,5.134807442317801,-0.23594805736180063,4.289739241505106,-1.6561852149689147,1.4013155686495702,4.389437754283132,-2.5559254205609436,2.3679890473048335,1.0371127962723903,5.703167197028681,1.5945308492744914,-0.8919220627694854
HOF ITEM
25.36108873362229
-4.345242834840336,1.3321392277721253,0.05953391970110396,5.111627153664826,0.26119468126402445,4.380267257746574,-1.6561852149689147,1.4013155686495702,4.389437754283132,-2.5559254205609436,2.3679890473048335,1.0371127962723903,5.503433828019975,1.8102137171320642,-0.6511655313969594
HOF ITEM
25.362517826314114
-4.345242834840336,1.3192602290109046,0.09976665013007807,5.201710781752418,0.26119468126402445,4.289739241505106,-1.6561852149689147,1.4013155686495702,4.389437754283132,-2.5559254205609436,2.3679890473048335,1.0371127962723903,5.703167197028681,1.5945308492744914,-0.8919220627694854
HOF ITEM
25.36909561446336
-4.345242834840336,1.3192602290109046,0.09976665013007807,5.356199787230444,-0.13106295571541018,3.7570739957665085,-1.6561852149689147,1.4013155686495702,4.389437754283132,-2.5559254205609436,2.380497904752251,1.0371127962723903,5.6363725807040215,1.5945308492744914,-0.9259810516661937
seed 2
Initial fitness values: [np.float64(28.811988041904304), np.float64(28.723617933307473), np.float64(27.460303006317993), np.float64(27.039611257741544), np.float64(26.4256714901377), np.float64(26.4256714901377), np.float64(26.4047752115688), np.float64(26.07385263590067), np.float64(26.07385263590067), np.float64(26.07385263590067)]
Final fitness values: [np.float64(25.722499102883663), np.float64(25.722499102883663), np.float64(25.722499102883663), np.float64(25.722499102883663), np.float64(25.722499102883603), np.float64(25.722499102883603), np.float64(25.722499102883603), np.float64(25.722499102883603), np.float64(25.720036773652215), np.float64(25.720036773652215)]
HOF ITEM
25.720036773652215
6.406189141126008,-2.769605512135945,-1.3272984922013893,0.9871717127624379,5.26922018117406,-1.4860163083865903,-3.306539079504201,2.094617859433426,-0.8854432724743776,0.63467867279115,2.0439815157319754,-5.255300710574882,7.0,0.030198347715554165,2.3880659261487334
HOF ITEM
25.722499102883603
6.162028993693855,-2.769605512135945,-1.3272984922013893,0.9871717127624379,5.26922018117406,-1.4860163083865903,-3.306539079504201,2.1020508522341457,-0.8854432724743776,0.63467867279115,2.0439815157319754,-5.255300710574882,6.980549086756029,0.030198347715554165,2.3288534663809117
HOF ITEM
25.722499102883663
6.162028993693855,-2.769605512135945,-1.3272984922013893,0.9871717127624379,5.26922018117406,-1.4860163083865903,-3.306539079504201,2.1782013996366687,-0.8854432724743776,0.63467867279115,2.0439815157319754,-5.255300710574882,6.980549086756029,0.030198347715554165,2.3288534663809117
HOF ITEM
25.72274685941319
5.957301244583301,-2.7073249508203596,-1.6256572538060376,1.2080593389012,5.438350867404591,-1.7364744915907573,-3.306539079504201,2.194642492968467,-0.8854432724743776,0.63467867279115,2.0439815157319754,-5.255300710574882,6.980549086756029,0.13629525047171348,2.8643615646251352
HOF ITEM
25.725484523848543
6.187021583404333,-3.0615351160732334,-1.3272984922013893,0.9871717127624379,5.26922018117406,-1.56575089821668,-3.306539079504201,2.076080725494746,-0.8156745446574042,0.63467867279115,2.0439815157319754,-5.255300710574882,6.674527214636343,0.030198347715554165,2.3288534663809117
seed 3
Initial fitness values: [np.float64(30.10474034351895), np.float64(29.157880649211247), np.float64(28.664863345554398), np.float64(28.444261963901127), np.float64(28.283389099011746), np.float64(28.247412582572185), np.float64(28.117261858338686), np.float64(28.060430843535105), np.float64(28.060211754701314), np.float64(27.912333355396306)]
Final fitness values: [np.float64(20.959887915863447), np.float64(20.959887915863447), np.float64(20.959887915863447), np.float64(20.959887915863447), np.float64(20.959887915863447), np.float64(20.955584702615376), np.float64(20.955584702615376), np.float64(20.955584702615376), np.float64(20.955584702615376), np.float64(20.955584702615376)]
HOF ITEM
20.955584702615376
-6.3448265761923155,1.3567562338464534,-1.1079593889878872,6.167834546910254,4.914867850864777,-3.5164101995906183,-5.378442930912383,0.41159100102818,-7.0,5.451027382998096,2.160818709295677,-3.265959865315998,-5.20595223235966,1.8792955613411628,-0.7280477152142792
HOF ITEM
20.955584702615376
-6.3448265761923155,1.3567562338464534,-1.1079593889878872,6.167834546910254,4.914867850864777,-3.5164101995906183,-5.378442930912383,0.41159100102818,-7.0,5.240772029744786,2.41206572380354,-3.1534872483050513,-5.20595223235966,1.8792955613411628,-0.7280477152142792
HOF ITEM
20.955584702615376
-6.3448265761923155,1.3567562338464534,-1.1079593889878872,6.167834546910254,4.914867850864777,-3.5164101995906183,-5.378442930912383,0.41159100102818,-7.0,5.240772029744786,2.41206572380354,-3.265959865315998,-5.20595223235966,1.8792955613411628,-0.7280477152142792
HOF ITEM
20.955584702615376
-6.3448265761923155,1.3567562338464534,-1.1079593889878872,6.167834546910254,4.914867850864777,-3.5164101995906183,-5.378442930912383,0.41159100102818,-7.0,5.240772029744786,2.160818709295677,-3.265959865315998,-5.20595223235966,1.8792955613411628,-0.7280477152142792
HOF ITEM
20.955584702615376
-6.3448265761923155,1.3567562338464534,-1.1079593889878872,6.167834546910254,4.914867850864777,-3.5164101995906183,-5.378442930912383,0.41159100102818,-7.0,5.451027382998096,1.969603348275977,-3.265959865315998,-5.20595223235966,1.8792955613411628,-0.7280477152142792
seed 4
Initial fitness values: [np.float64(28.812246701419244), np.float64(28.42094502753311), np.float64(26.94011748318382), np.float64(26.42810452181086), np.float64(26.19662233497433), np.float64(25.961944655308343), np.float64(25.961944655308343), np.float64(25.961944655308343), np.float64(25.763070155444648), np.float64(25.721877844628803)]
Final fitness values: [np.float64(25.653396612298295), np.float64(25.653396612298295), np.float64(25.653396612298295), np.float64(25.653396612298295), np.float64(25.653396612298295), np.float64(25.653396612298295), np.float64(25.653396612298295), np.float64(25.653396612298295), np.float64(25.653396612298295), np.float64(25.653396612298295)]
HOF ITEM
25.653396612298295
-3.536641849216283,-3.3072932198160094,5.153805681173851,3.610977128784895,-6.407715045603791,-2.3609904935943598,-1.776500538516856,1.824680568878176,-4.033028189622678,-0.07090538571108995,3.0,1.2595417278591936,-2.722328368514506,2.026553076949769,-3.893323782164897
HOF ITEM
25.653396612298295
-3.536641849216283,-3.170313783912568,5.153805681173851,3.610977128784895,-6.407715045603791,-2.3609904935943598,-1.776500538516856,1.824680568878176,-4.033028189622678,-0.07090538571108995,3.0,1.2595417278591936,-2.722328368514506,2.026553076949769,-3.893323782164897
HOF ITEM
25.653396612298295
-3.536641849216283,-3.3072932198160094,5.153805681173851,3.610977128784895,-6.407715045603791,-2.3609904935943598,-1.776500538516856,1.824680568878176,-4.033028189622678,-0.5842447221692434,3.0,1.2595417278591936,-2.722328368514506,2.026553076949769,-3.893323782164897
HOF ITEM
25.653396612298295
-3.536641849216283,-3.170313783912568,5.153805681173851,3.610977128784895,-6.407715045603791,-2.3609904935943598,-1.776500538516856,1.824680568878176,-4.033028189622678,-0.5842447221692434,3.0,1.2595417278591936,-2.722328368514506,2.026553076949769,-3.893323782164897
HOF ITEM
25.653576432074576
-3.536641849216283,-2.5326592502717507,5.153805681173851,3.610977128784895,-6.407715045603791,-2.3609904935943598,-1.776500538516856,1.824680568878176,-4.0195465984018455,-0.784585345732151,3.0,1.2595417278591936,-2.722328368514506,2.026553076949769,-3.893323782164897
seed 5
Initial fitness values: [np.float64(29.833748774114223), np.float64(29.284482482037898), np.float64(28.57419920718295), np.float64(26.14281590702359), np.float64(26.14281590702359), np.float64(26.085464855379495), np.float64(26.0482132555282), np.float64(25.97057760348463), np.float64(25.97057760348463), np.float64(25.970218394601382)]
Final fitness values: [np.float64(25.752040040476583), np.float64(25.752040040476583), np.float64(25.752040040476583), np.float64(25.752029153532984), np.float64(25.752029153532984), np.float64(25.752029153532984), np.float64(25.751986839616244), np.float64(25.751986839616244), np.float64(25.751960602855558), np.float64(25.751960602855558)]
HOF ITEM
25.751960602855558
0.7181729806805681,-3.278607642578768,-6.8607676099281525,1.1590602856837091,3.4765817315205476,-0.8786745801349559,0.9212278162719885,2.111320100730281,2.0209146555875446,1.821086699600804,3.0,-3.918210571576863,-3.9343729058670864,2.648994968236127,2.691517488114752
HOF ITEM
25.751960602855558
0.7181729806805681,-3.278607642578768,-6.8607676099281525,1.1590602856837091,3.4765817315205476,-0.8786745801349559,0.9212278162719885,2.111320100730281,2.0209146555875446,2.064535143502786,3.0,-3.918210571576863,-3.6874100210876932,2.648994968236127,2.691517488114752
HOF ITEM
25.751960602855558
0.7181729806805681,-3.278607642578768,-6.8607676099281525,1.1590602856837091,3.4765817315205476,-0.8786745801349559,0.9212278162719885,2.111320100730281,2.0209146555875446,2.064535143502786,3.0,-3.918210571576863,-3.9343729058670864,2.648994968236127,2.691517488114752
HOF ITEM
25.751960602855558
0.7181729806805681,-2.777769648855468,-6.8607676099281525,1.1590602856837091,3.4765817315205476,-0.8786745801349559,0.9212278162719885,2.111320100730281,2.0209146555875446,2.064535143502786,3.0,-3.918210571576863,-3.9343729058670864,2.648994968236127,2.691517488114752
HOF ITEM
25.751962442241904
0.7181729806805681,-3.278607642578768,-6.8607676099281525,1.1590602856837091,3.4765817315205476,-0.8730582597082394,0.9212278162719885,2.111320100730281,2.0209146555875446,2.064535143502786,3.0,-3.918210571576863,-3.9343729058670864,2.648994968236127,2.691517488114752
seed 6
Initial fitness values: [np.float64(30.581334685473664), np.float64(30.38842215729568), np.float64(26.644683653853605), np.float64(26.269292474132573), np.float64(26.164958623158977), np.float64(26.164958623158977), np.float64(26.164956150671884), np.float64(25.88902578362198), np.float64(25.88902578362198), np.float64(25.8647822819877)]
Final fitness values: [np.float64(22.428033414458476), np.float64(22.428033414458476), np.float64(22.428033414458476), np.float64(22.428033414458476), np.float64(22.417531488713333), np.float64(22.417531488713333), np.float64(22.417531488713333), np.float64(22.417531488713333), np.float64(22.409709548313053), np.float64(22.409709548313053)]
HOF ITEM
22.409709548313053
-0.7565721088811396,1.1897757433063043,-1.0624305705113377,-2.157614010483301,-3.236542811277698,-3.3493600851593577,0.14610018600981406,2.128868602775744,1.8905871467859967,1.2927728340622378,2.2661441876284325,-0.9988478579575165,4.291617346615495,0.0,3.0660394693102355
HOF ITEM
22.410862834944453
-0.7565721088811396,1.1897757433063043,-1.2755488932298442,-2.349403330585557,-3.2029190283193625,-3.3493600851593577,0.14610018600981406,2.128868602775744,1.8905871467859967,1.2927728340622378,2.190786876034437,-1.0111474831076444,4.291617346615495,0.0,3.0660394693102355
HOF ITEM
22.417531488713333
-0.7565721088811396,1.1897757433063043,-1.2755488932298442,-2.349403330585557,-3.2029190283193625,-3.3493600851593577,0.14610018600981406,2.128868602775744,1.8905871467859967,1.2927728340622378,2.2661441876284325,-1.053768401607066,4.291617346615495,0.0,3.0660394693102355
HOF ITEM
22.421446421800262
-0.7565721088811396,1.1897757433063043,-1.2755488932298442,-2.349403330585557,-3.2029190283193625,-3.3493600851593577,0.14610018600981406,2.128868602775744,1.8905871467859967,1.2927728340622378,2.2661441876284325,-0.5762992744620937,4.291617346615495,0.0,3.0660394693102355
HOF ITEM
22.427329559099206
-0.7565721088811396,1.1897757433063043,-1.2755488932298442,-2.349403330585557,-3.2029190283193625,-3.3493600851593577,0.14610018600981406,2.128868602775744,1.8905871467859967,1.4707907903695847,2.2661441876284325,-1.053768401607066,4.291617346615495,0.0,3.0660394693102355
seed 7
Initial fitness values: [np.float64(29.34098892208518), np.float64(28.50296101161537), np.float64(28.22339163736219), np.float64(27.13501779547825), np.float64(27.13501779547825), np.float64(26.3393462503574), np.float64(25.934480952989865), np.float64(25.832205673130535), np.float64(25.832205673130535), np.float64(25.747731603131115)]
Final fitness values: [np.float64(25.73577736939343), np.float64(25.735777252389592), np.float64(25.735661697454542), np.float64(25.73566133027306), np.float64(25.735658858302948), np.float64(25.735656689727918), np.float64(25.7356563216541), np.float64(25.735642671197485), np.float64(25.735642671197485), np.float64(25.73564267118554)]
HOF ITEM
25.73564267118554
-4.711364327486647,-0.5212034127740671,1.3600024939753648,-0.5727701860781569,1.903439472989688,-5.5165204494259426,2.767396898004175,0.7564076949808141,-3.7983732698309924,-4.221098481957964,2.1048157604066704,-6.75261577342457,6.650927995385573,0.841037035812746,-2.470692276411605
HOF ITEM
25.735642671197485
-4.711364327486647,-0.5212034127740671,1.3600024939753648,-0.5727701860781569,1.903439472989688,-5.5165204494259426,2.767396898004175,0.7564076949808141,-3.7983732698309924,-4.221098481957964,2.1048157604066704,-6.75261577342457,6.650927995385573,0.841037035812746,-2.6626465768448
HOF ITEM
25.735643546720663
-4.711364327486647,-0.5212034127740671,1.3600024939753648,-0.5727701860781569,1.903439472989688,-5.5165204494259426,2.767396898004175,0.8300623229777075,-4.542059669472382,-4.221098481957964,2.1048157604066704,-6.75261577342457,6.741081870972412,0.841037035812746,-2.470692276411605
HOF ITEM
25.735643557502268
-4.711364327486647,-0.5937055286436879,1.3600024939753648,-0.5727701860781569,1.903439472989688,-5.5165204494259426,2.767396898004175,0.8300623229777075,-3.996441485066242,-4.221098481957964,2.1048157604066704,-6.75261577342457,6.650927995385573,0.7365125618548303,-2.950877315064725
HOF ITEM
25.735655431952406
-4.711364327486647,-0.5212034127740671,1.3600024939753648,-0.5727701860781569,1.903439472989688,-5.5165204494259426,2.767396898004175,0.7564076949808141,-4.223866464008384,-4.221098481957964,2.1048157604066704,-6.75261577342457,6.741081870972412,0.22741388839308696,-2.470692276411605
seed 8
Initial fitness values: [np.float64(30.00277898145137), np.float64(28.42682110837498), np.float64(28.420217710363005), np.float64(27.863921168368474), np.float64(27.724114939203723), np.float64(27.71597077913901), np.float64(27.28158346405953), np.float64(27.2083681907724), np.float64(26.848978601686877), np.float64(26.317227224005734)]
Final fitness values: [np.float64(25.742221623433743), np.float64(25.74222157721879), np.float64(25.74222157721879), np.float64(25.74222157721879), np.float64(25.74222157721879), np.float64(25.74222157721879), np.float64(25.74222157721879), np.float64(25.74222157721879), np.float64(25.74222157721879), np.float64(25.74222157721879)]
HOF ITEM
25.74222157721879
2.4471489488013325,-4.0,-1.4647814389511533,3.712973373408083,6.082602021441709,-0.2990390332829321,2.7071491439797066,3.0,1.2413458629509875,0.9601384665659138,2.097564979547135,-2.280992696245471,3.984672169729313,2.3811310443574376,-6.353698721705061
HOF ITEM
25.74222157721879
2.4471489488013325,-4.0,-1.4647814389511533,3.712973373408083,6.082602021441709,-0.2990390332829321,2.9772423839980156,3.0,1.108898620136908,0.9601384665659138,2.097564979547135,-2.280992696245471,3.6276199709094468,2.3811310443574376,-5.9456290544472115
HOF ITEM
25.74222157721879
2.4471489488013325,-4.0,-1.4647814389511533,3.712973373408083,6.082602021441709,-0.2990390332829321,2.7071491439797066,3.0,1.2413458629509875,0.9601384665659138,2.097564979547135,-2.280992696245471,3.6276199709094468,2.3811310443574376,-6.353698721705061
HOF ITEM
25.74222157721879
2.4471489488013325,-4.0,-1.4647814389511533,3.712973373408083,6.082602021441709,-0.2990390332829321,2.7071491439797066,3.0,1.0443584723568338,0.9601384665659138,2.097564979547135,-2.280992696245471,3.6276199709094468,2.3811310443574376,-6.353698721705061
HOF ITEM
25.74222157721879
2.4471489488013325,-4.0,-1.4647814389511533,3.712973373408083,6.082602021441709,-0.2990390332829321,2.9772423839980156,3.0,1.108898620136908,0.9601384665659138,2.097564979547135,-2.280992696245471,3.6276199709094468,2.3811310443574376,-6.353698721705061
seed 9
Initial fitness values: [np.float64(30.642989020868026), np.float64(29.384381425836136), np.float64(27.101969773714462), np.float64(26.970571713174163), np.float64(26.921991568026176), np.float64(26.729258891743562), np.float64(26.63848390997326), np.float64(25.80062487487911), np.float64(25.778165939154945), np.float64(25.778165939154945)]
Final fitness values: [np.float64(25.73308954742797), np.float64(25.73308954742797), np.float64(25.73308954742797), np.float64(25.73308954742797), np.float64(25.73308954742797), np.float64(25.73308954742797), np.float64(25.73308954742797), np.float64(25.73308954742797), np.float64(25.73308954742797), np.float64(25.73308954742797)]
HOF ITEM
25.73308954742797
1.9136005436263215,-3.138388338957499,-1.3671655483092109,0.7633060604112752,3.2516899609115293,4.543749971334445,2.753787742859826,2.69487863603156,-1.1462121044731413,4.235089424877878,0.5416390328699092,-2.5504794596997433,0.5187491429524012,2.1072283972839654,-5.466772968473497
HOF ITEM
25.73308954742797
1.9136005436263215,-3.253703004181614,-1.3671655483092109,0.7633060604112752,3.2516899609115293,4.543749971334445,2.8642022627101826,2.5952012388676136,-1.1462121044731413,4.235089424877878,0.5416390328699092,-2.5504794596997433,0.5187491429524012,2.1072283972839654,-5.466772968473497
HOF ITEM
25.73308954742797
1.9136005436263215,-3.253703004181614,-1.3671655483092109,0.7633060604112752,3.2516899609115293,4.543749971334445,2.8642022627101826,3.0,-1.1462121044731413,4.235089424877878,0.5416390328699092,-2.5504794596997433,0.5187491429524012,2.1072283972839654,-5.466772968473497
HOF ITEM
25.73308954742797
1.9136005436263215,-3.138388338957499,-1.3671655483092109,0.7633060604112752,3.2516899609115293,4.543749971334445,2.8642022627101826,2.5952012388676136,-1.1462121044731413,4.235089424877878,0.5416390328699092,-2.5504794596997433,0.5187491429524012,2.1072283972839654,-5.466772968473497
HOF ITEM
25.73308954742797
1.9136005436263215,-3.138388338957499,-1.3671655483092109,0.7633060604112752,3.2516899609115293,4.543749971334445,2.8642022627101826,3.0,-1.1462121044731413,4.235089424877878,0.5416390328699092,-2.5504794596997433,0.5187491429524012,2.1072283972839654,-5.466772968473497
best parameter set
fitness 20.620802255148472 seed 3
-6.343620622213749,1.4174338908116937,-1.1051833775711315,6.16337125607794,4.915834245538181,-3.520182960401536,-5.372473886694623,0.4189000850906367,-6.999998851489715,5.451027382998096,2.160818709295677,-3.265959865315998,-5.202055305894006,1.8844710006608028,-0.7293467797361665
