seeds are [480 481 482 483 484 485 486 487 488 489]
seed 480
Initial fitness values: [np.float64(31.39932857574899), np.float64(29.835005641573204), np.float64(28.102571500429498), np.float64(27.83706736630881), np.float64(26.335599446669434), np.float64(25.52221659203107), np.float64(25.27091936836388), np.float64(24.07358107891394), np.float64(23.633603266491768), np.float64(23.462489910479057)]
Final fitness values: [np.float64(21.479694350329975), np.float64(21.479694350329975), np.float64(21.479694350329975), np.float64(21.479694350329975), np.float64(21.479694350329975), np.float64(21.479694350329975), np.float64(21.479694350329975), np.float64(21.45184167667558), np.float64(21.45184167667558), np.float64(21.45184167667558)]
HOF ITEM
21.45184167667558
1.1333000403074147,0.6095930811579046,-0.7970980690894603,-5.213269265190346,-1.4631665264319784,1.0081708635858402,5.484498113417559,2.5422447027551254,5.615049062904142,2.4792782209765547,0.0,-1.24246698767011,1.023044968159752,2.87368318751843,-0.6764842828241312,-1.0672577226204762,2.3464383854557704,6.9045914651236435
HOF ITEM
21.46542424299711
1.1333000403074147,0.6095930811579046,-0.7970980690894603,-5.213269265190346,-1.4631665264319784,1.0081708635858402,5.484498113417559,2.5422447027551254,5.615049062904142,2.4792782209765547,0.0,-1.24246698767011,1.023044968159752,2.87368318751843,-0.6764842828241312,-1.0672577226204762,2.3464383854557704,6.7794623891377235
HOF ITEM
21.473396607371072
1.1333000403074147,0.6095930811579046,-0.7772399678779878,-5.597482709149182,-1.4631665264319784,1.1384025820475578,5.591783999174216,2.0775285728177106,5.587611847230108,2.485111430533525,0.0,-1.24246698767011,1.023044968159752,2.8352976953732036,-0.6764842828241312,-1.0672577226204762,2.297140880341112,6.771837572173781
HOF ITEM
21.473396607371072
1.1333000403074147,0.6095930811579046,-0.7772399678779878,-5.597482709149182,-1.4631665264319784,1.1384025820475578,5.591783999174216,2.39957382086525,5.587611847230108,2.485111430533525,0.0,-1.24246698767011,1.023044968159752,2.8352976953732036,-0.6764842828241312,-1.0672577226204762,2.297140880341112,6.771837572173781
HOF ITEM
21.474947610038047
1.1333000403074147,0.6095930811579046,-0.7970980690894603,-5.22556980924591,-1.4631665264319784,1.1384025820475578,5.591783999174216,2.0775285728177106,5.615049062904142,2.3957743187434866,0.0,-1.24246698767011,1.023044968159752,2.8352976953732036,-0.6764842828241312,-1.0672577226204762,2.297140880341112,6.7794623891377235
seed 481
Initial fitness values: [np.float64(29.10350233348712), np.float64(28.93855956854033), np.float64(27.50196749018518), np.float64(26.84616614115736), np.float64(26.604180057915066), np.float64(25.530807376441388), np.float64(24.85387798354342), np.float64(24.742279690562167), np.float64(24.624557378027127), np.float64(24.178337330186196)]
Final fitness values: [np.float64(23.293308484958544), np.float64(23.293308484958544), np.float64(23.293308484958544), np.float64(23.253058781827264), np.float64(23.253058781827264), np.float64(23.253040855086773), np.float64(23.253040855086773), np.float64(23.253040855086773), np.float64(23.253040855086773), np.float64(23.253040855086773)]
HOF ITEM
23.253040855086773
-4.922009858484991,1.58481010798306,6.079705808929051,1.7636346821314868,-3.9416440388348533,-3.696746643729811,-4.067378315279331,2.2342766830258585,-4.377682177791587,2.9562591250948578,2.3856996586168817,-1.4638743448654625,5.307409104767789,0.5010100432963422,3.598045211041204,-2.768267599702541,2.4309977884287743,1.754593610110978
HOF ITEM
23.253040855086773
-4.922009858484991,1.58481010798306,6.079705808929051,1.7636346821314868,-3.9416440388348533,-3.696746643729811,-4.067378315279331,2.2342766830258585,-4.377682177791587,2.9562591250948578,2.3856996586168817,-1.4638743448654625,5.307409104767789,0.5010100432963422,3.598045211041204,-2.6642629684576504,2.4309977884287743,1.754593610110978
HOF ITEM
23.253040855086773
-4.922009858484991,1.58481010798306,6.079705808929051,1.7636346821314868,-3.9416440388348533,-3.696746643729811,-4.067378315279331,2.2342766830258585,-4.377682177791587,2.9562591250948578,2.3856996586168817,-1.4638743448654625,5.307409104767789,0.5010100432963422,3.598045211041204,-2.768267599702541,2.4309977884287743,1.308793141601451
HOF ITEM
23.253040855086773
-4.922009858484991,1.58481010798306,6.079705808929051,1.7636346821314868,-3.9416440388348533,-3.696746643729811,-4.067378315279331,2.2342766830258585,-4.377682177791587,2.9562591250948578,3.0,-1.4638743448654625,5.307409104767789,0.5010100432963422,3.598045211041204,-2.6642629684576504,2.4309977884287743,1.754593610110978
HOF ITEM
23.253040855086773
-4.922009858484991,1.58481010798306,6.079705808929051,1.7636346821314868,-3.9416440388348533,-3.696746643729811,-4.067378315279331,2.2342766830258585,-4.377682177791587,2.9562591250948578,3.0,-1.4638743448654625,5.307409104767789,0.5010100432963422,3.598045211041204,-2.6642629684576504,2.4309977884287743,1.2590024900008159
seed 482
Initial fitness values: [np.float64(28.011771183266067), np.float64(27.61117829973981), np.float64(26.89033363116004), np.float64(26.163857382264368), np.float64(25.524911031287978), np.float64(24.769943385219797), np.float64(24.5534708715306), np.float64(23.8295366907978), np.float64(23.8295366907978), np.float64(23.56143360050136)]
Final fitness values: [np.float64(22.64624399623121), np.float64(22.629170626639016), np.float64(22.62544492367387), np.float64(22.62544492367387), np.float64(22.614691911637536), np.float64(22.59554602524288), np.float64(22.56472066801673), np.float64(22.56472066801673), np.float64(22.564098832672425), np.float64(22.559499998204288)]
HOF ITEM
22.559499998204288
-0.7687082200072443,1.3147099584491975,6.039515525636533,6.438706355437806,2.105472495253222,-1.6245756501746673,-3.045837235376696,1.3876738784411624,3.290462016917913,-2.878911680372274,1.3011069786795362,-6.647452705408837,-1.397694732754612,1.5702409607634247,0.7104659397762468,0.15005125116657458,2.619349993120894,-0.5048867990751249
HOF ITEM
22.5608972257135
-0.7687082200072443,1.3041022836723724,5.571720349488706,5.784227135882088,2.177663837741204,-1.4397066862786982,-3.1706854119862826,1.2022480288089317,3.995886986816255,-2.5537879829199697,1.3186748779493151,-6.647452705408837,-1.4088237825036651,0.9976372696445429,0.742931682731661,0.15005125116657458,2.6392151289009336,-0.5048867990751249
HOF ITEM
22.564098832672425
-0.7687082200072443,1.3041022836723724,5.571720349488706,5.784227135882088,2.177663837741204,-1.4397066862786982,-3.1706854119862826,1.3876738784411624,3.837499539106596,-2.3412852372962405,1.3186748779493151,-6.647452705408837,-1.6003522230435254,1.288919505390614,0.7104659397762468,0.15005125116657458,2.619349993120894,-0.5048867990751249
HOF ITEM
22.56472066801673
-0.7687082200072443,1.3041022836723724,5.571720349488706,5.784227135882088,2.177663837741204,-1.4397066862786982,-3.1706854119862826,1.3876738784411624,3.837499539106596,-2.437601567123422,1.3186748779493151,-6.647452705408837,-1.6003522230435254,1.288919505390614,0.7104659397762468,0.15005125116657458,2.619349993120894,-0.5048867990751249
HOF ITEM
22.564781860643023
-0.7687082200072443,1.3041022836723724,5.571720349488706,5.784227135882088,2.177663837741204,-1.4397066862786982,-3.1706854119862826,0.9935841333989321,3.995886986816255,-2.3412852372962405,1.3186748779493151,-6.647452705408837,-1.6003522230435254,1.288919505390614,0.7104659397762468,0.15005125116657458,2.619349993120894,-0.5048867990751249
seed 483
Initial fitness values: [np.float64(30.618389229699154), np.float64(30.204962256599103), np.float64(26.669662150831623), np.float64(26.654518372322293), np.float64(26.483040146865278), np.float64(25.4253102996236), np.float64(25.4253102996236), np.float64(25.202867977952113), np.float64(24.966520949511207), np.float64(24.77103292587124)]
Final fitness values: [np.float64(23.519726369070497), np.float64(23.519726369070497), np.float64(23.519033233954687), np.float64(23.519033233954687), np.float64(23.518946279537545), np.float64(23.518946279537545), np.float64(23.518946279537545), np.float64(23.518368918575785), np.float64(23.518358935351067), np.float64(23.518310879350125)]
HOF ITEM
23.518310879350125
-2.344598330500108,1.5167128373124408,4.615639422301058,1.561495289894319,-3.9499525282868304,4.911043360536974,4.812247438755764,1.7488113910436587,1.0251197131422687,-1.093373298631614,2.653437772988306,2.6091087921775227,2.845315308656527,1.4805054021478425,-1.2704452314339654,2.2437838959166845,0.010396834148548972,7.0
HOF ITEM
23.51831087952531
-2.344598330500108,1.5167128373124408,4.615639422301058,1.561495289894319,-3.9499525282868304,4.911043360536974,5.269540788980114,1.388316336448177,1.0368163645660402,-1.093373298631614,2.653437772988306,2.6091087921775227,2.845315308656527,1.4805054021478425,-1.2704452314339654,2.2437838959166845,0.010396834148548972,7.0
HOF ITEM
23.518351600841044
-2.344598330500108,1.5167128373124408,4.615639422301058,1.561495289894319,-4.0728234997909825,4.793467052651737,4.812247438755764,2.0209815868467955,0.4364320929729276,-1.093373298631614,2.653437772988306,2.6091087921775227,3.0098717104757022,1.4805054021478425,-1.6628863370942522,1.8806623028039475,0.010396834148548972,7.0
HOF ITEM
23.518358189452417
-2.344598330500108,1.5167128373124408,4.615639422301058,1.561495289894319,-4.0728234997909825,4.793467052651737,4.812247438755764,1.7488113910436587,0.6508495907911672,-1.093373298631614,2.653437772988306,2.6091087921775227,2.845315308656527,1.4805054021478425,-1.2704452314339654,2.2437838959166845,0.010396834148548972,7.0
HOF ITEM
23.518358189476466
-2.344598330500108,1.5167128373124408,4.615639422301058,1.561495289894319,-4.0728234997909825,4.793467052651737,4.812247438755764,1.5539376340599167,1.0251197131422687,-1.093373298631614,2.653437772988306,2.6091087921775227,2.845315308656527,1.4805054021478425,-1.2704452314339654,2.2437838959166845,0.010396834148548972,7.0
seed 484
Initial fitness values: [np.float64(30.11779084205074), np.float64(30.010926330424073), np.float64(27.689935854837056), np.float64(26.45907779176261), np.float64(26.203503111733653), np.float64(25.91543325690149), np.float64(25.91543325690149), np.float64(25.65913615741515), np.float64(25.65913615741515), np.float64(25.613065400682306)]
Final fitness values: [np.float64(25.248617834871588), np.float64(25.243044809196114), np.float64(25.243044809196114), np.float64(25.243044809196114), np.float64(25.24240005440588), np.float64(25.24240005440588), np.float64(25.24240005440588), np.float64(25.2414103173451), np.float64(25.2414103173451), np.float64(25.2414103173451)]
HOF ITEM
25.2414103173451
-2.4868329541388867,-1.9570108026129724,-0.12925613347369722,-3.9571510257815383,-3.103498383862771,-5.702780970169628,-2.082545795267348,1.8676007153461835,-5.250339212603476,5.70033677320951,2.5441670696233127,1.337951168327204,-6.297265838888467,2.8203992467194867,3.25531983044097,5.763792998154599,1.9850635018575786,5.71246846301032
HOF ITEM
25.242400054405437
-2.4868329541388867,-1.9924183204648223,-0.12925613347369722,-4.052235904846024,-3.103498383862771,-5.702780970169628,-2.082545795267348,1.8676007153461835,-5.250339212603476,5.39731409302127,2.540793864380444,1.1856250483851438,-6.297265838888467,2.8203992467194867,3.205256824568446,5.6220971361921706,1.7095204087601081,5.449237026118753
HOF ITEM
25.242400054405437
-2.4868329541388867,-1.9570108026129724,-0.12925613347369722,-4.052235904846024,-3.103498383862771,-5.702780970169628,-2.082545795267348,1.8676007153461835,-5.250339212603476,5.39731409302127,2.5441670696233127,1.1856250483851438,-6.297265838888467,2.8203992467194867,3.205256824568446,5.6220971361921706,1.7095204087601081,5.449237026118753
HOF ITEM
25.24240005440588
-2.4868329541388867,-1.9570108026129724,-0.12925613347369722,-4.052235904846024,-3.103498383862771,-5.702780970169628,-2.082545795267348,1.8676007153461835,-5.250339212603476,5.39731409302127,2.540793864380444,0.9799345381450928,-6.297265838888467,2.8203992467194867,3.205256824568446,5.763792998154599,1.9850635018575786,5.449237026118753
HOF ITEM
25.24240005440588
-2.4868329541388867,-2.0198282157711285,-0.12925613347369722,-4.052235904846024,-3.103498383862771,-5.702780970169628,-2.082545795267348,1.8676007153461835,-5.250339212603476,5.39731409302127,2.5441670696233127,1.1856250483851438,-6.297265838888467,2.8203992467194867,3.205256824568446,5.763792998154599,1.9850635018575786,5.449237026118753
seed 485
Initial fitness values: [np.float64(31.79257232840369), np.float64(31.05855362115626), np.float64(23.20870826834416), np.float64(23.20870826834416), np.float64(23.20870826834416), np.float64(23.13497434656327), np.float64(22.973187007968), np.float64(22.796295403522556), np.float64(22.796295403522556), np.float64(22.68601332162014)]
Final fitness values: [np.float64(22.12330962235074), np.float64(22.12330962235074), np.float64(22.12330962235074), np.float64(22.12330962235074), np.float64(22.12330962235074), np.float64(22.12330962235074), np.float64(22.12330962235074), np.float64(22.12330962235074), np.float64(22.12330962235074), np.float64(22.12330962235074)]
HOF ITEM
22.12330962235074
-2.131507304422984,1.5284074263125846,2.2751376714906293,-7.0,2.5869177627864177,5.160967219569694,1.0315831627582424,0.2837368770322972,1.2644241317574823,5.181733465498025,0.0,-3.6514773234108446,-0.9945354933914691,2.4703425296806647,-1.0281669864682719,1.574096413342271,0.4765736285344812,5.17837480808275
HOF ITEM
22.123310265687035
-2.131507304422984,1.5284074263125846,2.2751376714906293,-7.0,2.5869177627864177,5.160967219569694,1.0315831627582424,0.2837368770322972,1.2644241317574823,5.181733465498025,0.23892426310751863,-3.6514773234108446,-0.9945354933914691,2.4703425296806647,-1.0281669864682719,1.574096413342271,0.4765736285344812,5.17837480808275
HOF ITEM
22.161313197164365
-2.131507304422984,1.5284074263125846,2.2751376714906293,-7.0,2.4924739009427617,5.160967219569694,1.0315831627582424,0.2837368770322972,1.2644241317574823,5.181733465498025,0.23892426310751863,-3.2622447207858567,-0.9945354933914691,2.4703425296806647,-0.9737176088358069,1.574096413342271,0.4765736285344812,5.17837480808275
HOF ITEM
22.16131472701077
-2.131507304422984,1.5284074263125846,2.2751376714906293,-7.0,2.4924739009427617,5.160967219569694,1.0315831627582424,0.2837368770322972,1.2644241317574823,5.181733465498025,0.0,-3.6514773234108446,-0.9945354933914691,2.4703425296806647,-0.9737176088358069,1.574096413342271,0.4765736285344812,5.17837480808275
HOF ITEM
22.163513372282726
-2.131507304422984,1.5284074263125846,2.2751376714906293,-7.0,2.4924739009427617,5.160967219569694,1.0315831627582424,0.2837368770322972,1.2644241317574823,5.181733465498025,0.23892426310751863,-3.2622447207858567,-0.9945354933914691,2.4703425296806647,-0.9737176088358069,1.5985339879489238,0.4765736285344812,5.17837480808275
seed 486
Initial fitness values: [np.float64(28.331301825125472), np.float64(27.939370080539643), np.float64(27.828060159889326), np.float64(27.823201659116798), np.float64(27.130866736565864), np.float64(27.118532523618747), np.float64(27.027709823913675), np.float64(26.704973268313324), np.float64(26.704506431081185), np.float64(26.081782461050366)]
Final fitness values: [np.float64(23.52156381097175), np.float64(23.52156381097175), np.float64(23.52156381097175), np.float64(23.52156381097175), np.float64(23.52156381097175), np.float64(23.52156381097175), np.float64(23.519213555011294), np.float64(23.51878705915001), np.float64(23.518786936299964), np.float64(23.518786936299964)]
HOF ITEM
23.518786936299964
-2.0595872823891392,1.511149374909247,0.8104702298590583,-6.677837421946644,-3.322885257809311,-5.810048612272584,-0.6450579339721305,1.2380858797607384,-2.167883849742849,1.732179314384459,1.8336409213985998,2.756040580162226,-0.9973713825022671,2.5933665079394355,-2.1245373191291432,1.601236862189089,1.0181702072161003,-5.014143107169774
HOF ITEM
23.51878705915001
-2.0595872823891392,1.511149374909247,0.8104702298590583,-6.677837421946644,-3.322885257809311,-5.810048612272584,-0.6450579339721305,1.2380858797607384,-2.167883849742849,2.1397503626942465,2.1843336677994785,2.3632210925531907,-0.9973713825022671,2.5933665079394355,-2.1245373191291432,1.601236862189089,1.0181702072161003,-5.014143107169774
HOF ITEM
23.5190317233332
-2.0595872823891392,1.511149374909247,1.0066850833902243,-6.710624029153441,-3.322885257809311,-5.810048612272584,-0.31183156407891155,1.418134786904406,-2.167883849742849,1.9940085602001583,1.961099227250112,1.9872913409831179,-0.9973713825022671,2.5933665079394355,-2.1245373191291432,1.4128579497108047,1.0181702072161003,-5.014143107169774
HOF ITEM
23.519213555011294
-2.0595872823891392,1.511149374909247,0.8104702298590583,-6.677837421946644,-3.322885257809311,-5.810048612272584,-0.6450579339721305,1.2380858797607384,-2.167883849742849,1.732179314384459,1.8336409213985998,2.756040580162226,-0.9973713825022671,2.5933665079394355,-2.1245373191291432,1.601236862189089,1.1099157954924201,-5.014143107169774
HOF ITEM
23.519213677986617
-2.0595872823891392,1.511149374909247,0.8104702298590583,-6.677837421946644,-3.322885257809311,-5.810048612272584,-0.6450579339721305,1.2380858797607384,-2.167883849742849,2.1397503626942465,2.1843336677994785,2.756040580162226,-0.9973713825022671,2.5933665079394355,-2.1245373191291432,1.601236862189089,1.1099157954924201,-5.014143107169774
seed 487
Initial fitness values: [np.float64(29.912620580624512), np.float64(28.376940269760418), np.float64(28.35878227742077), np.float64(27.66722258863334), np.float64(27.310417089974056), np.float64(26.488696937133753), np.float64(26.488696937133753), np.float64(26.18377555135064), np.float64(26.18377555135064), np.float64(26.007522572938218)]
Final fitness values: [np.float64(23.423527095344877), np.float64(23.423527095344877), np.float64(23.423527095344877), np.float64(23.398085753390507), np.float64(23.398085753390507), np.float64(23.398085753390507), np.float64(23.38083760580019), np.float64(23.368299386630813), np.float64(23.368299386630813), np.float64(23.368299386630813)]
HOF ITEM
23.368299386630813
0.9021832860619501,0.7065908559013738,3.1692542768239447,-0.9527943517152045,-4.892914644698565,0.493199481654986,6.832441009892397,3.0,3.057038742124085,0.9983377446758729,2.7673687136774356,3.562563791114338,2.478782276942932,1.2899242396035122,-4.112138589835197,-0.05636626827385889,0.3906584587466395,3.8849882261233217
HOF ITEM
23.368299386630813
0.9021832860619501,0.7065908559013738,3.1692542768239447,-0.9527943517152045,-4.892914644698565,0.493199481654986,6.90931498085069,2.875002751570208,2.799322426495787,0.9983377446758729,2.7673687136774356,3.562563791114338,2.478782276942932,1.2899242396035122,-4.112138589835197,-0.05636626827385889,0.3906584587466395,3.8849882261233217
HOF ITEM
23.380279509158235
0.9021832860619501,0.7065908559013738,3.1692542768239447,-0.9527943517152045,-4.892914644698565,0.493199481654986,6.90931498085069,2.875002751570208,2.799322426495787,0.9983377446758729,2.7673687136774356,3.562563791114338,2.602167362416459,1.2252304226734374,-4.112138589835197,0.1740298679946367,0.3906584587466395,4.042002226713146
HOF ITEM
23.380330190047136
0.9021832860619501,0.7065908559013738,3.1692542768239447,-0.9527943517152045,-4.892914644698565,0.493199481654986,6.832441009892397,3.0,2.799322426495787,0.9983377446758729,2.7673687136774356,3.562563791114338,2.602167362416459,1.2252304226734374,-4.112138589835197,-0.05636626827385889,0.3906584587466395,4.042002226713146
HOF ITEM
23.380330190047136
0.9021832860619501,0.7065908559013738,3.1692542768239447,-0.9527943517152045,-4.892914644698565,0.493199481654986,6.90931498085069,2.875002751570208,2.799322426495787,0.9983377446758729,2.7673687136774356,3.562563791114338,2.602167362416459,1.2252304226734374,-4.112138589835197,-0.05636626827385889,0.3906584587466395,4.042002226713146
seed 488
Initial fitness values: [np.float64(28.663150519283718), np.float64(27.02748320232833), np.float64(27.02748320232833), np.float64(27.02748320232833), np.float64(26.17153706372621), np.float64(25.937644721178785), np.float64(25.919728020487717), np.float64(25.676690674629064), np.float64(24.978892596854877), np.float64(24.849332677487148)]
Final fitness values: [np.float64(23.31764288607936), np.float64(23.317269197100437), np.float64(23.317269197100437), np.float64(23.317269197100437), np.float64(23.317269197100437), np.float64(23.317269197100437), np.float64(23.226543812297688), np.float64(23.226341591258105), np.float64(23.226341591258105), np.float64(23.226341591258105)]
HOF ITEM
23.226341591258105
4.160424561746093,-0.5826241201409856,0.43772620454651484,-3.8401870743142643,-1.2243721270643075,1.3479220027620977,3.2484740353201285,1.0310935187993995,7.0,4.181210967070503,2.3823053587895924,-5.1151748826266425,5.796406209179342,0.0,-6.760229658241813,0.8841877571471252,1.9552413373772675,-2.5836497643388645
HOF ITEM
23.226341591258105
4.160424561746093,-0.5826241201409856,0.43772620454651484,-3.8401870743142643,-1.2243721270643075,1.3479220027620977,3.2484740353201285,1.0310935187993995,7.0,4.181210967070503,2.3823053587895924,-5.142964614117424,5.796406209179342,0.0,-6.760229658241813,0.8841877571471252,1.9552413373772675,-2.5836497643388645
HOF ITEM
23.226543812297688
4.207030741218576,-0.5826241201409856,0.43772620454651484,-3.8401870743142643,-1.2243721270643075,1.3479220027620977,3.2484740353201285,1.0310935187993995,7.0,4.181210967070503,2.3823053587895924,-5.1151748826266425,5.796406209179342,0.0,-6.760229658241813,0.8841877571471252,1.9552413373772675,-2.5836497643388645
HOF ITEM
23.226543812297688
4.207030741218576,-0.5826241201409856,0.43772620454651484,-3.8401870743142643,-1.2243721270643075,1.3479220027620977,3.2484740353201285,1.0310935187993995,7.0,4.181210967070503,2.3823053587895924,-5.142964614117424,5.796406209179342,0.0,-6.760229658241813,0.8841877571471252,1.9552413373772675,-2.5836497643388645
HOF ITEM
23.249937558575763
4.207030741218576,-0.5826241201409856,0.43772620454651484,-3.8401870743142643,-1.2243721270643075,1.3479220027620977,3.2484740353201285,1.0310935187993995,6.953476501374567,4.181210967070503,2.3823053587895924,-5.142964614117424,5.796406209179342,0.0,-6.760229658241813,0.8841877571471252,1.9552413373772675,-2.5836497643388645
seed 489
Initial fitness values: [np.float64(32.67822134584668), np.float64(31.161768345693762), np.float64(28.618666217264423), np.float64(28.563364701392533), np.float64(28.325616064431113), np.float64(28.325616064431113), np.float64(28.096857498406237), np.float64(28.092185029284835), np.float64(27.997614092418118), np.float64(27.784579824642265)]
Final fitness values: [np.float64(25.613854005218197), np.float64(25.613854005218197), np.float64(25.613854005218197), np.float64(25.613854005218197), np.float64(25.61385121644194), np.float64(25.613850956215575), np.float64(25.613850956215575), np.float64(25.613850956215575), np.float64(25.613850956215575), np.float64(25.613850956215575)]
HOF ITEM
25.613850956215575
-4.706385727967768,-2.946418489544613,-6.413684235496611,6.216142107288259,0.17000198582615156,-1.865484820951912,-3.49082915485764,1.8694486432875879,-0.6038178514553392,6.870432771293276,0.0,5.784998810543947,-0.3467128576725271,0.0,1.1889821609625777,-5.952232983535044,0.2459789187437315,3.7233419677746395
HOF ITEM
25.61385121644194
-4.706385727967768,-2.946418489544613,-6.413684235496611,6.216142107288259,0.17000198582615156,-1.865484820951912,-3.49082915485764,1.8694486432875879,-0.6038178514553392,6.870432771293276,0.0,5.784998810543947,-0.3467128576725271,0.0,1.1889821609625777,-5.952232983535044,0.2459789187437315,3.587397813336219
HOF ITEM
25.613854005218197
-4.706385727967768,-2.946418489544613,-6.212980931020083,6.216142107288259,0.17000198582615156,-1.865484820951912,-3.49082915485764,1.8694486432875879,-0.6038178514553392,6.870432771293276,0.0,5.784998810543947,-0.3467128576725271,0.0,1.1889821609625777,-5.952232983535044,0.2459789187437315,3.7233419677746395
HOF ITEM
25.613854305056876
-4.706385727967768,-2.6014944631363868,-6.212980931020083,6.216142107288259,0.17000198582615156,-1.865484820951912,-3.49082915485764,1.8694486432875879,-0.6038178514553392,6.870432771293276,0.0,5.784998810543947,-0.3467128576725271,0.0,1.1889821609625777,-5.952232983535044,0.2459789187437315,3.780129145713831
HOF ITEM
25.613854323282585
-4.706385727967768,-2.946418489544613,-6.212980931020083,6.216142107288259,0.17000198582615156,-1.865484820951912,-3.49082915485764,1.8694486432875879,-0.6038178514553392,6.870432771293276,0.0,5.784998810543947,-0.3467128576725271,0.0,1.1889821609625777,-5.952232983535044,0.2459789187437315,3.587397813336219
best parameter set
fitness 21.31874904605323 seed 480
1.1455683158292425,0.6127642431236184,-0.7901277495625529,-5.2133864922071345,-1.463480812860584,1.001636854599393,5.484498113417559,2.5422447027551254,5.615049062904142,2.4793682690786483,0.00017551556389900424,-1.2424117989063934,1.0300506310240705,2.8710852914225113,-0.6916606937267377,-1.0573547433110158,2.358687841013267,6.778557023610605
