seeds are [920 921 922 923 924 925 926 927 928 929]
seed 920
Initial fitness values: [np.float64(16.115859793394723), np.float64(14.950896152878371), np.float64(13.418709013797164), np.float64(13.418709013797164), np.float64(12.747158797449682), np.float64(12.728884872837442), np.float64(12.619422213624668), np.float64(12.614008192227365), np.float64(12.502827910256695), np.float64(12.47511861019393)]
Final fitness values: [np.float64(12.276939222877424), np.float64(12.276939222877424), np.float64(12.276939222877424), np.float64(12.276939222877424), np.float64(12.276939222877424), np.float64(12.276939222877424), np.float64(12.276939222877424), np.float64(12.276939222877424), np.float64(12.276939222877424), np.float64(12.276939222877424)]
HOF ITEM
12.276939222877424
-2.9526108253874215,-1.6839188780241405,-5.3725607491714245,-1.270419879964106,-5.950611810603436,2.848437377678938,1.8374568754570761,1.3152063562526757,-2.39039251639718,-1.675884339862925,2.0955275153203194,0.48321979918762814,0.7073711575452848,1.0615462597240541,1.4655332610031682,-0.5480444065919474,0.8808587644052712,5.17095508991846
HOF ITEM
12.276942952695247
-2.9526108253874215,-1.6839188780241405,-5.3725607491714245,-1.270419879964106,-5.950611810603436,2.848437377678938,1.8374568754570761,1.3152063562526757,-1.9688145093175722,-1.675884339862925,2.0955275153203194,0.48321979918762814,0.7073711575452848,1.0615462597240541,1.4655332610031682,-0.5480444065919474,0.8808587644052712,5.17095508991846
HOF ITEM
12.27694423582937
-2.9526108253874215,-1.6839188780241405,-5.3725607491714245,-1.270419879964106,-5.950611810603436,2.848437377678938,1.8374568754570761,1.3152063562526757,-1.8569695993047488,-1.675884339862925,2.0955275153203194,0.48321979918762814,0.7073711575452848,1.0615462597240541,1.4655332610031682,-0.5480444065919474,0.8808587644052712,5.17095508991846
HOF ITEM
12.276951802582579
-2.9526108253874215,-1.6839188780241405,-5.3725607491714245,-1.270419879964106,-5.950611810603436,2.3196270969762014,1.8374568754570761,1.3152063562526757,-2.39039251639718,-1.675884339862925,2.0955275153203194,0.48321979918762814,0.7073711575452848,1.0615462597240541,1.4655332610031682,-0.5480444065919474,0.8808587644052712,5.17095508991846
HOF ITEM
12.276955532400269
-2.9526108253874215,-1.6839188780241405,-5.3725607491714245,-1.270419879964106,-5.950611810603436,2.3196270969762014,1.8374568754570761,1.3152063562526757,-1.9688145093175722,-1.675884339862925,2.0955275153203194,0.48321979918762814,0.7073711575452848,1.0615462597240541,1.4655332610031682,-0.5480444065919474,0.8808587644052712,5.17095508991846
seed 921
Initial fitness values: [np.float64(13.571032701249441), np.float64(12.57470219201081), np.float64(12.57470219201081), np.float64(12.57470219201081), np.float64(12.57212279968628), np.float64(12.415172244670707), np.float64(12.328727761555296), np.float64(12.328727761555296), np.float64(12.29483827002366), np.float64(12.29483827002366)]
Final fitness values: [np.float64(12.231566987555492), np.float64(12.231527053951098), np.float64(12.231350618582642), np.float64(12.231350618582642), np.float64(12.231350618582642), np.float64(12.231350618582642), np.float64(12.231233284241037), np.float64(12.231185189005156), np.float64(12.231185189005156), np.float64(12.231185189005156)]
HOF ITEM
12.231185189005156
-4.452880240962988,-0.4630954257626512,6.711189915892903,-2.863945978710072,2.3340468478817433,6.4853851559584035,-3.656366877167789,2.0471293270395705,-3.913981083784292,-0.3793259424999248,0.37469501365799374,-7.0,-5.487898084055157,2.6893658076502662,1.2112056536131948,-6.338338631916324,2.0990986215688308,5.38523872457247
HOF ITEM
12.23123328423998
-4.452880240962988,-0.6730213493507916,6.711189915892903,-2.863945978710072,2.3340468478817433,6.4853851559584035,-3.656366877167789,2.0471293270395705,-3.913981083784292,-0.3793259424999248,0.37469501365799374,-7.0,-5.622789543359005,2.5627437058269176,1.2112056536131948,-6.338338631916324,2.0990986215688308,5.38523872457247
HOF ITEM
12.231233284241037
-4.452880240962988,-0.6730213493507916,6.711189915892903,-2.863945978710072,2.3340468478817433,6.4853851559584035,-3.656366877167789,2.0471293270395705,-3.913981083784292,-0.3793259424999248,0.37469501365799374,-7.0,-5.622789543359005,2.5627437058269176,1.2112056536131948,-6.142870755823881,2.0990986215688308,5.38523872457247
HOF ITEM
12.231237104139392
-4.452880240962988,-0.4630954257626512,6.711189915892903,-2.834766616698322,2.3340468478817433,6.4853851559584035,-3.656366877167789,2.0471293270395705,-3.913981083784292,-0.3793259424999248,0.37469501365799374,-7.0,-5.622789543359005,2.5627437058269176,1.2112056536131948,-6.34525819314879,2.0990986215688308,5.9045997125594445
HOF ITEM
12.231237104139392
-4.452880240962988,-0.4630954257626512,6.711189915892903,-2.834766616698322,2.3340468478817433,6.4853851559584035,-3.656366877167789,2.0471293270395705,-3.913981083784292,-0.3793259424999248,0.37469501365799374,-7.0,-5.487898084055157,2.6893658076502662,1.2112056536131948,-6.34525819314879,2.0990986215688308,5.9045997125594445
seed 922
Initial fitness values: [np.float64(14.778598164805963), np.float64(13.95940434042546), np.float64(12.959978218292369), np.float64(12.656573019923728), np.float64(12.587220714351165), np.float64(12.354292128256573), np.float64(12.294359931092076), np.float64(12.255613132843774), np.float64(12.006280578266331), np.float64(12.006280578266331)]
Final fitness values: [np.float64(10.903045365692842), np.float64(10.903045365692842), np.float64(10.903019248344567), np.float64(10.903012053860722), np.float64(10.902552432555328), np.float64(10.902403419146989), np.float64(10.90223667860329), np.float64(10.90222326314049), np.float64(10.902223165132348), np.float64(10.902222906108769)]
HOF ITEM
10.902222906108769
3.6438612176801373,-0.3683141728726763,1.1562427232246695,-0.26316043472362793,7.0,-4.505498820104342,-2.844859021249435,2.258503394629268,-0.3942007054753394,5.179924715330365,1.1872588863868712,7.0,-1.9834833523023847,0.0,-2.3128554293271573,1.3030399494816571,3.0,-0.44302299105208665
HOF ITEM
10.902223165132348
3.6438612176801373,-0.3683141728726763,1.1562427232246695,-0.26316043472362793,7.0,-4.505498820104342,-2.844859021249435,2.258503394629268,-0.3942007054753394,5.421691946577591,1.1872588863868712,7.0,-1.9834833523023847,0.0,-2.3128554293271573,1.3030399494816571,3.0,-0.44302299105208665
HOF ITEM
10.90222326314049
3.6438612176801373,-0.3683141728726763,1.1562427232246695,-0.26316043472362793,7.0,-4.505498820104342,-2.844859021249435,2.258503394629268,-0.3942007054753394,5.608220068240742,1.1872588863868712,7.0,-1.9834833523023847,0.0,-2.3128554293271573,1.3030399494816571,3.0,-0.44302299105208665
HOF ITEM
10.902223378968552
3.6438612176801373,-0.3683141728726763,1.1562427232246695,-0.26316043472362793,7.0,-4.505498820104342,-2.844859021249435,2.258503394629268,-0.3942007054753394,5.421691946577591,1.642174890509016,7.0,-1.9834833523023847,0.0,-2.3128554293271573,1.3030399494816571,3.0,-0.44302299105208665
HOF ITEM
10.902224603601486
3.6438612176801373,-0.3683141728726763,1.1562427232246695,-0.26316043472362793,7.0,-4.505498820104342,-2.844859021249435,2.258503394629268,-0.3942007054753394,5.421691946577591,1.1872588863868712,7.0,-1.9834833523023847,0.0,-2.3169084369447828,1.3030399494816571,3.0,-0.44302299105208665
seed 923
Initial fitness values: [np.float64(14.71770225516186), np.float64(13.870448336476905), np.float64(12.656955900556854), np.float64(11.588239477952644), np.float64(11.340418876680234), np.float64(11.142782050597543), np.float64(11.138449300696612), np.float64(11.138449300696612), np.float64(11.138449300696612), np.float64(11.093589974208173)]
Final fitness values: [np.float64(10.859377130151803), np.float64(10.859377130151803), np.float64(10.85870944491031), np.float64(10.85870944491031), np.float64(10.854384354887378), np.float64(10.854384354887378), np.float64(10.854384354887378), np.float64(10.835986532222325), np.float64(10.825183155187393), np.float64(10.825183155187393)]
HOF ITEM
10.825183155187393
0.3550785516591431,0.9304091331901236,-1.8146536314233503,-6.074543874750488,2.566653437897438,-2.9712414794397617,4.229922552144056,2.850916877160765,2.8560271862495727,-1.3745868658493656,2.0298959502368636,0.16913153305499942,0.4959221445390173,2.806688523902132,-5.2435405489225255,3.972330455710383,2.2263642657031686,1.0047015921097255
HOF ITEM
10.825183155187393
0.3550785516591431,0.9304091331901236,-1.8146536314233503,-6.074543874750488,2.566653437897438,-2.9712414794397617,4.229922552144056,2.773115295165985,2.8560271862495727,-1.3745868658493656,2.0298959502368636,0.16913153305499942,0.4959221445390173,2.806688523902132,-5.2435405489225255,3.972330455710383,2.2263642657031686,1.0047015921097255
HOF ITEM
10.834763687606184
0.3550785516591431,0.9304091331901236,-1.8146536314233503,-6.074543874750488,2.566653437897438,-2.9712414794397617,4.623450204485247,2.5747694144922932,2.781394763741841,-1.0838049330587207,1.753936621599197,0.37162266433797386,0.4959221445390173,2.806688523902132,-5.2435405489225255,3.972330455710383,2.2263642657031686,1.0047015921097255
HOF ITEM
10.834763687606184
0.3550785516591431,0.9304091331901236,-1.8146536314233503,-6.074543874750488,2.566653437897438,-2.9712414794397617,4.229922552144056,2.850916877160765,2.781394763741841,-1.0838049330587207,1.753936621599197,0.37162266433797386,0.4959221445390173,2.806688523902132,-5.2435405489225255,3.972330455710383,2.2263642657031686,1.0047015921097255
HOF ITEM
10.834763687606184
0.3550785516591431,0.9304091331901236,-1.8146536314233503,-6.074543874750488,2.566653437897438,-2.9712414794397617,4.229922552144056,2.773115295165985,2.781394763741841,-1.0838049330587207,1.753936621599197,0.37162266433797386,0.4959221445390173,2.806688523902132,-5.2435405489225255,3.972330455710383,2.2263642657031686,1.0047015921097255
seed 924
Initial fitness values: [np.float64(15.893103108128463), np.float64(15.42092176013616), np.float64(13.729663670112524), np.float64(13.491862959021903), np.float64(13.212691813048512), np.float64(12.879325159763974), np.float64(12.416510380773166), np.float64(12.275337112457986), np.float64(11.993876199241804), np.float64(11.834385291347736)]
Final fitness values: [np.float64(10.77722527148285), np.float64(10.77722527148285), np.float64(10.77722527148285), np.float64(10.77722527148285), np.float64(10.77722527148285), np.float64(10.77722527148285), np.float64(10.77722527148285), np.float64(10.775871667247205), np.float64(10.775871667247205), np.float64(10.775416929154847)]
HOF ITEM
10.775416929154847
-6.777564769735631,1.4679190814097873,0.6421563243067723,-0.8824900465063686,-3.9231817514221836,4.890854591518771,-6.382998558087796,1.8256298512251596,-0.5937178366528675,-5.404789494243749,1.8354228769732508,0.8830528774785982,0.6413044471885794,2.736692461264838,-1.284051455157874,-2.4110726399135007,2.1609748530728052,-1.6781453850366725
HOF ITEM
10.775416929154847
-6.777564769735631,1.4679190814097873,0.6421563243067723,-0.8824900465063686,-3.9231817514221836,4.890854591518771,-6.382998558087796,1.8256298512251596,-0.5937178366528675,-5.404789494243749,1.8354228769732508,0.8830528774785982,0.6413044471885794,2.736692461264838,-1.284051455157874,-2.2471847675137253,2.1609748530728052,-1.6781453850366725
HOF ITEM
10.775871667247205
-6.777564769735631,1.4679190814097873,0.6421563243067723,-0.8824900465063686,-3.9231817514221836,4.890854591518771,-6.382998558087796,1.8256298512251596,-0.5897483712731533,-5.404789494243749,1.8354228769732508,0.8830528774785982,0.6413044471885794,2.736692461264838,-1.284051455157874,-2.4110726399135007,2.1609748530728052,-1.936122361332492
HOF ITEM
10.775871667247205
-6.777564769735631,1.4679190814097873,0.6421563243067723,-0.8824900465063686,-3.9231817514221836,4.890854591518771,-6.382998558087796,1.8256298512251596,-0.5897483712731533,-5.404789494243749,1.8354228769732508,0.8830528774785982,0.6413044471885794,2.2933644893491505,-1.2989081187344567,-2.4110726399135007,2.1609748530728052,-1.936122361332492
HOF ITEM
10.775871667247205
-6.777564769735631,1.4679190814097873,0.6421563243067723,-0.8824900465063686,-3.9231817514221836,4.890854591518771,-6.382998558087796,1.8256298512251596,-0.5897483712731533,-5.404789494243749,1.8354228769732508,0.8830528774785982,0.6413044471885794,2.736692461264838,-1.284051455157874,-2.4110726399135007,2.1609748530728052,-1.6781453850366725
seed 925
Initial fitness values: [np.float64(13.107687550352178), np.float64(13.107687545885057), np.float64(12.8689452013297), np.float64(12.746559196743782), np.float64(12.648420007972266), np.float64(12.555165099001547), np.float64(12.555165099001547), np.float64(12.485504188159775), np.float64(12.443032252300211), np.float64(12.443032252300211)]
Final fitness values: [np.float64(12.271507907639062), np.float64(12.271507907639062), np.float64(12.271507907639062), np.float64(12.271507907639062), np.float64(12.271507907639062), np.float64(12.271507907639062), np.float64(12.271507907639062), np.float64(12.271507907639062), np.float64(12.271507907639062), np.float64(12.271507907639062)]
HOF ITEM
12.271507907639062
-1.7629331169363742,-1.6809985978581998,-3.193357915626564,-5.73400406977306,-3.1069263375440093,5.530329956599665,6.756231987457134,2.8045802296565827,-6.5238048093210095,-0.5917536255805119,2.0879090802614426,2.9287938278831116,2.7630182891817907,0.9186264207586967,4.321797053212356,6.469304243320555,0.6444680367060733,-3.855448164603771
HOF ITEM
12.27150790787522
-1.7629331169363742,-1.6809985978581998,-3.193357915626564,-5.73400406977306,-3.1069263375440093,5.530329956599665,6.756231987457134,2.8045802296565827,-6.5238048093210095,-0.5917536255805119,2.0879090802614426,2.9287938278831116,2.7630182891817907,0.9186264207586967,4.321797053212356,6.741171511649487,0.6444680367060733,-3.855448164603771
HOF ITEM
12.271507907931122
-1.7629331169363742,-1.6809985978581998,-3.193357915626564,-5.73400406977306,-3.1069263375440093,5.530329956599665,6.756231987457134,2.4088636308180127,-6.686700149091215,-0.5917536255805119,2.0879090802614426,2.9287938278831116,2.7630182891817907,0.9186264207586967,4.321797053212356,6.469304243320555,0.7039202374940031,-3.855448164603771
HOF ITEM
12.271507907931122
-1.7629331169363742,-1.6809985978581998,-3.193357915626564,-5.73400406977306,-3.1069263375440093,5.530329956599665,6.756231987457134,2.8045802296565827,-6.5238048093210095,-0.5917536255805119,2.0879090802614426,2.9287938278831116,2.7630182891817907,0.9186264207586967,4.321797053212356,6.469304243320555,0.7039202374940031,-3.855448164603771
HOF ITEM
12.271507908067326
-1.7629331169363742,-1.6809985978581998,-3.193357915626564,-5.73400406977306,-3.1069263375440093,5.530329956599665,6.774291528193971,2.8045802296565827,-6.5238048093210095,-0.5917536255805119,2.0879090802614426,2.9287938278831116,2.7630182891817907,0.9186264207586967,4.321797053212356,6.780662719757072,0.7039202374940031,-3.9392020529844998
seed 926
Initial fitness values: [np.float64(14.366974775955525), np.float64(13.71039372372638), np.float64(13.326962549162097), np.float64(13.326962549162097), np.float64(13.158143025122444), np.float64(13.158143025122444), np.float64(13.080780415296523), np.float64(12.844558169774402), np.float64(12.844558169774402), np.float64(12.842469272558224)]
Final fitness values: [np.float64(12.727277903604149), np.float64(12.727250984941417), np.float64(12.726153780280347), np.float64(12.726118565704182), np.float64(12.725698270543486), np.float64(12.725507919333332), np.float64(12.725507919333332), np.float64(12.725507919333332), np.float64(12.725507919333332), np.float64(12.725507919333332)]
HOF ITEM
12.725507919333332
-3.105969938571012,-2.7593430277488644,1.955393711247904,-0.9265852174200264,-2.886201220646593,6.057536977439962,-4.825061580973506,2.9386390599086956,-1.4744155931321192,5.4574818934619325,0.8995737153952931,-3.3960532968071435,-0.7803347332503665,0.6797164947163344,-4.56827048615427,-1.6884454993675848,1.4970338606158773,-3.7025797537967278
HOF ITEM
12.725552469798737
-3.105969938571012,-2.7593430277488644,1.955393711247904,-0.9265852174200264,-2.886201220646593,6.057536977439962,-4.825061580973506,2.9386390599086956,-1.4744155931321192,5.4574818934619325,0.8995737153952931,-3.3960532968071435,-0.7803347332503665,0.6797164947163344,-4.56827048615427,-1.6884454993675848,1.4970338606158773,-3.5212141968139647
HOF ITEM
12.725659414635372
-3.105969938571012,-2.7593430277488644,1.955393711247904,-0.9265852174200264,-2.886201220646593,6.057536977439962,-4.825061580973506,2.9386390599086956,-1.4744155931321192,5.4574818934619325,0.8995737153952931,-3.3960532968071435,-0.7803347332503665,0.6797164947163344,-4.56827048615427,-1.6884454993675848,1.4317078027343524,-3.7025797537967278
HOF ITEM
12.72569068425159
-3.105969938571012,-2.7593430277488644,1.955393711247904,-0.9265852174200264,-2.886201220646593,5.936822208675803,-4.965810710876337,2.9386390599086956,-1.4744155931321192,5.235570066787738,0.5842225637014454,-3.548580338345285,-0.7803347332503665,0.6797164947163344,-4.56827048615427,-1.7326308945578988,1.4970338606158773,-3.7025797537967278
HOF ITEM
12.725698270543486
-3.105969938571012,-2.7593430277488644,1.955393711247904,-0.9265852174200264,-2.886201220646593,6.057536977439962,-4.825061580973506,2.9386390599086956,-1.4744155931321192,5.4574818934619325,0.8995737153952931,-3.3960532968071435,-0.7803347332503665,0.6797164947163344,-4.56827048615427,-1.6884454993675848,1.4317078027343524,-3.5212141968139647
seed 927
Initial fitness values: [np.float64(13.821281113263263), np.float64(13.800623572568275), np.float64(13.420671587115695), np.float64(13.420626153412298), np.float64(13.298281904805574), np.float64(13.298281904805574), np.float64(13.29671404318823), np.float64(13.090467869340477), np.float64(13.09046672762428), np.float64(13.09046672762428)]
Final fitness values: [np.float64(12.39765829647815), np.float64(12.383146304205424), np.float64(12.382406041071508), np.float64(12.382381397268725), np.float64(12.382378380974032), np.float64(12.381839672393406), np.float64(12.381659429075794), np.float64(12.381659429075794), np.float64(12.380999613424777), np.float64(12.377188319286205)]
HOF ITEM
12.377188319286205
-5.859105164910286,-2.169382105622239,2.207736433304328,1.7205431584290882,-7.0,3.73025077149085,1.6140857613484725,0.09999970872120645,3.502083964272587,-1.4968384661537135,1.7522646902280554,1.9755176875036955,-4.607540296191008,1.9803261309772555,-0.5021107668954727,-1.6872742508143053,3.0,6.581323357682093
HOF ITEM
12.380995375972148
-5.859105164910286,-2.1434924596442615,1.8580553133268543,1.9204675290992155,-6.849180753213648,4.294751870009821,1.9436245821852551,0.42699137737786397,3.502083964272587,-1.6608594388277547,1.7522646902280554,1.9522734608165537,-4.607540296191008,1.9803261309772555,-0.4658099643735961,-1.7470148042251454,2.6858707722088444,6.801781246928551
HOF ITEM
12.380999613424777
-5.859105164910286,-2.067419326343102,1.8580553133268543,1.9204675290992155,-6.849180753213648,3.73025077149085,1.9436245821852551,0.42699137737786397,3.502083964272587,-1.6608594388277547,1.7522646902280554,1.9522734608165537,-4.607540296191008,1.9803261309772555,-0.4658099643735961,-1.7470148042251454,2.6858707722088444,6.719444937664592
HOF ITEM
12.380999613424777
-5.859105164910286,-2.067419326343102,1.8580553133268543,1.9204675290992155,-6.849180753213648,3.73025077149085,1.9436245821852551,0.42699137737786397,3.502083964272587,-1.6608594388277547,1.7522646902280554,1.9522734608165537,-4.607540296191008,1.9803261309772555,-0.4658099643735961,-1.7470148042251454,2.6858707722088444,6.801781246928551
HOF ITEM
12.381218680869146
-5.859105164910286,-2.169382105622239,2.207736433304328,1.9204675290992155,-6.849180753213648,4.294751870009821,1.9436245821852551,0.42699137737786397,3.502083964272587,-1.1822844030085224,1.7522646902280554,2.1783530221792704,-4.607540296191008,1.9803261309772555,-0.4658099643735961,-2.1193793683862596,2.5771385406901612,6.719444937664592
seed 928
Initial fitness values: [np.float64(13.260266424270869), np.float64(13.260266424270869), np.float64(13.176553141767517), np.float64(13.160314162733533), np.float64(13.135917258004666), np.float64(13.11549645108324), np.float64(13.049023696419606), np.float64(13.049023696419606), np.float64(13.031866813856439), np.float64(12.928295761868522)]
Final fitness values: [np.float64(10.754766277427906), np.float64(10.754766277427906), np.float64(10.754766277427906), np.float64(10.754766277427906), np.float64(10.754766277427906), np.float64(10.746594084348732), np.float64(10.746594084348732), np.float64(10.746594084348732), np.float64(10.746594084348732), np.float64(10.746594084348732)]
HOF ITEM
10.746594084348732
3.471011409069944,-0.337993143029456,0.8132567061696601,3.678845007960118,6.0106792775085625,0.9004672513603711,5.195598099632402,0.0,-2.925941650739976,-6.182841221769046,1.7105074118808976,-2.6503216299504446,2.411527959705539,1.8546310978910108,1.4743834029466205,1.204684878998554,2.4029500518885896,-0.8488067293330942
HOF ITEM
10.747327302950573
3.471011409069944,-0.337993143029456,0.8132567061696601,3.678845007960118,6.0106792775085625,0.9004672513603711,5.195598099632402,0.0,-2.925941650739976,-6.182841221769046,1.7105074118808976,-2.6503216299504446,2.411527959705539,1.8546310978910108,0.8740169082756388,1.204684878998554,2.4029500518885896,-0.8488067293330942
HOF ITEM
10.75370466291557
3.471011409069944,-0.337993143029456,0.8132567061696601,3.678845007960118,5.6188287911149635,0.7902730618948501,5.195598099632402,0.0,-2.943171086839614,-6.01324385882551,1.7105074118808976,-2.6503216299504446,2.411527959705539,1.8546310978910108,1.717281183577171,1.204684878998554,2.4029500518885896,-0.8488067293330942
HOF ITEM
10.754766277427906
3.471011409069944,-0.337993143029456,0.8132567061696601,3.678845007960118,6.0106792775085625,0.9004672513603711,5.195598099632402,0.0,-2.925941650739976,-6.182841221769046,1.7105074118808976,-2.468111128152766,2.411527959705539,1.8546310978910108,0.8740169082756388,1.204684878998554,2.4029500518885896,-0.8488067293330942
HOF ITEM
10.756594011794002
3.471011409069944,-0.337993143029456,0.8132567061696601,3.914686111980845,5.979301905733525,0.8239794234377454,5.27565069317541,0.0,-2.925941650739976,-6.182841221769046,1.7105074118808976,-2.468111128152766,2.411527959705539,1.8189559009447842,1.272224642700089,1.204684878998554,2.4029500518885896,-0.8488067293330942
seed 929
Initial fitness values: [np.float64(15.089363419708913), np.float64(14.454028215527032), np.float64(13.304511607103935), np.float64(13.223658039992513), np.float64(13.223658039992513), np.float64(12.926528024556903), np.float64(12.861857848011912), np.float64(12.819963837132516), np.float64(12.66158256427142), np.float64(12.526450377061972)]
Final fitness values: [np.float64(11.377229255850109), np.float64(11.374926067326706), np.float64(11.374926067326706), np.float64(11.369027528569363), np.float64(11.369027528569363), np.float64(11.369027528569363), np.float64(11.369027528569363), np.float64(11.369027528569363), np.float64(11.369027528569363), np.float64(11.369027528569363)]
HOF ITEM
11.369027528569363
6.901242144669589,-2.530595861488103,-0.6788533370946606,1.1023795379380772,4.457406635428971,-6.7021347549821275,-3.8666438733605104,3.0,7.0,-7.0,0.9445125418674076,6.603659098978041,-5.516285869549179,1.3793406294720256,-4.153670460775443,1.2715364011087071,2.0909169054331986,-0.4725625299564881
HOF ITEM
11.374836820728797
6.901242144669589,-2.530595861488103,-0.6788533370946606,1.1023795379380772,4.457406635428971,-6.7021347549821275,-3.8666438733605104,3.0,7.0,-7.0,0.9445125418674076,6.603659098978041,-5.516285869549179,1.3793406294720256,-4.180961318332291,1.2715364011087071,2.0909169054331986,-0.4725625299564881
HOF ITEM
11.374926067326706
6.934311044242046,-2.530595861488103,-0.6788533370946606,0.9303935312008758,4.457406635428971,-6.82284883779099,-2.624788694398454,3.0,7.0,-7.0,1.1778454594947434,6.7749424369382085,-5.516285869549179,1.3793406294720256,-4.180961318332291,1.2715364011087071,2.0909169054331986,-0.4725625299564881
HOF ITEM
11.375426119478062
6.934311044242046,-2.530595861488103,-0.6788533370946606,0.9303935312008758,4.457406635428971,-6.82284883779099,-2.624788694398454,3.0,7.0,-7.0,1.1778454594947434,6.7749424369382085,-5.516285869549179,1.3793406294720256,-4.153670460775443,1.2715364011087071,2.0909169054331986,-0.4725625299564881
HOF ITEM
11.376483175602699
6.934311044242046,-2.530595861488103,-0.6788533370946606,0.9303935312008758,4.457406635428971,-6.82284883779099,-2.624788694398454,3.0,7.0,-7.0,1.0458023546352173,6.7749424369382085,-5.516285869549179,1.3793406294720256,-4.180961318332291,1.2715364011087071,2.0909169054331986,-0.4725625299564881
best parameter set
fitness 10.642728903403135 seed 928
3.492521632153484,-0.3271542816500929,0.8243189758140096,3.6482662076240553,5.649183175028059,0.7794347572319531,5.196363846296856,0.0070766459304985084,-2.9431239405369998,-6.002399243109214,1.7239735392819757,-2.647713243399981,2.4107389122758476,1.8541940013005622,1.717435132078383,1.2231361984821951,2.453674734539952,-0.8316710443735685
