seeds are [190 191 192 193 194 195 196 197 198 199]
seed 190
Initial fitness values: [np.float64(15.90298063241374), np.float64(14.939043561205446), np.float64(13.91534745110212), np.float64(13.46813668320545), np.float64(13.256371585733357), np.float64(13.139377834374814), np.float64(12.848043634880378), np.float64(12.848043634880378), np.float64(12.706466256484262), np.float64(12.706466256484262)]
Final fitness values: [np.float64(12.383263969920847), np.float64(12.382586834672502), np.float64(12.382586834672502), np.float64(12.382586834672502), np.float64(12.38022659620964), np.float64(12.380146550662447), np.float64(12.380146550662447), np.float64(12.380146550662447), np.float64(12.380146550662447), np.float64(12.380146522769937)]
HOF ITEM
12.380146522769937
0.25887656527698016,-4.0,-5.962273400670199,-4.460107460629578,-4.5893677798766825,-4.399094650035379,0.726778094748227,1.873488512698186,0.9332301688326037,7.0,0.6628525935451077,-5.581177646168972,-1.99759850997226,0.5261167264598957,1.5274876174788306
HOF ITEM
12.380146550662447
0.25887656527698016,-4.0,-5.962273400670199,-4.460107460629578,-4.5893677798766825,-4.399094650035379,0.726778094748227,1.873488512698186,0.9332301688326037,7.0,0.6628525935451077,-5.736490215137956,-1.99759850997226,0.5261167264598957,1.5274876174788306
HOF ITEM
12.380146562771927
0.25887656527698016,-4.0,-5.962273400670199,-4.460107460629578,-4.5893677798766825,-4.399094650035379,0.726778094748227,1.873488512698186,0.9332301688326037,7.0,0.6628525935451077,-5.812234594596058,-1.99759850997226,0.5261167264598957,1.5274876174788306
HOF ITEM
12.38022659620964
0.25887656527698016,-4.0,-5.962273400670199,-4.460107460629578,-4.5893677798766825,-4.399094650035379,0.726778094748227,1.873488512698186,0.9332301688326037,7.0,0.579247861619861,-5.736490215137956,-1.99759850997226,0.5261167264598957,1.5274876174788306
HOF ITEM
12.380527086925795
0.25887656527698016,-4.0,-5.962273400670199,-4.460107460629578,-4.5893677798766825,-4.399094650035379,0.726778094748227,1.8734710833693864,0.9332301688326037,6.44611052151957,0.579247861619861,-5.375797333715925,-1.7392774071521786,0.8841591620402884,1.5274876174788306
seed 191
Initial fitness values: [np.float64(13.998554085468829), np.float64(13.998554085468829), np.float64(13.719223346232546), np.float64(13.70978200692547), np.float64(13.635009727176493), np.float64(13.543935601061374), np.float64(13.540485397238362), np.float64(13.464055111699063), np.float64(13.39356309589961), np.float64(13.229929854148246)]
Final fitness values: [np.float64(12.305539258261625), np.float64(12.305539258261625), np.float64(12.305539258261625), np.float64(12.305539258261625), np.float64(12.305539258261625), np.float64(12.30553924914791), np.float64(12.305539248972815), np.float64(12.305539223950571), np.float64(12.305539223048275), np.float64(12.305539223048275)]
HOF ITEM
12.305539223048275
-4.94727460455767,-1.8283645298119269,5.7617175774411775,-6.678889491881961,-4.881369968962758,1.3903047170755674,4.788747778803492,0.2769487324946488,2.0804600387314274,-3.6808781160080093,2.065869723480491,-0.480315881691045,-7.0,2.034117719424564,4.844771573836844
HOF ITEM
12.305539223950571
-4.94727460455767,-1.8283645298119269,5.7617175774411775,-6.678889491881961,-4.881369968962758,1.3903047170755674,4.553251473177874,0.2769487324946488,2.123814741563913,-3.6808781160080093,2.065869723480491,-0.480315881691045,-7.0,2.034117719424564,4.844771573836844
HOF ITEM
12.305539223950822
-4.94727460455767,-1.905948972113794,5.7617175774411775,-6.678889491881961,-4.881369968962758,1.3903047170755674,4.553251473177874,0.2769487324946488,2.123814741563913,-3.6808781160080093,2.065869723480491,-0.480315881691045,-7.0,2.034117719424564,4.844771573836844
HOF ITEM
12.305539224195094
-4.94727460455767,-1.796329030685974,5.7617175774411775,-6.666806287625076,-4.881369968962758,1.3903047170755674,4.617001684703388,0.2769487324946488,2.123814741563913,-3.6808781160080093,2.065869723480491,-0.480315881691045,-6.740467728321231,2.034117719424564,4.844771573836844
HOF ITEM
12.305539248972481
-4.94727460455767,-1.8283645298119269,5.7617175774411775,-6.171621237882831,-4.881369968962758,1.3903047170755674,4.788747778803492,0.2769487324946488,2.0804600387314274,-3.6808781160080093,2.065869723480491,-0.480315881691045,-7.0,2.0780905272777903,4.844771573836844
seed 192
Initial fitness values: [np.float64(13.297277679890772), np.float64(13.131114332653581), np.float64(13.131114332653581), np.float64(12.970464836368087), np.float64(12.70063515591069), np.float64(12.683534081103668), np.float64(12.493392423418449), np.float64(12.218525232776079), np.float64(11.836988237045503), np.float64(11.522319077527403)]
Final fitness values: [np.float64(10.846204863440864), np.float64(10.846204863440864), np.float64(10.846204863440864), np.float64(10.846204863440864), np.float64(10.846204863440864), np.float64(10.846204863440864), np.float64(10.846204863440864), np.float64(10.846204238187303), np.float64(10.846204238187303), np.float64(10.846204238187303)]
HOF ITEM
10.846204238187303
-0.04248740296530995,1.102057783024267,-5.149045049905962,0.046644937632271594,3.649450582302208,2.064441397829818,4.209976206712684,1.021424955876336,3.7022814781880076,0.3990896124438069,2.59263034204654,-3.107611971487937,6.343475161399196,0.5772075748384375,1.9804935253659106
HOF ITEM
10.846204385158089
-0.04248740296530995,1.102057783024267,-5.149045049905962,0.046644937632271594,3.649450582302208,2.064441397829818,4.209976206712684,1.021424955876336,3.7022814781880076,0.3990896124438069,2.59263034204654,-3.107611971487937,6.493664000277271,0.5772075748384375,1.9804935253659106
HOF ITEM
10.846204863440864
-0.04248740296530995,1.102057783024267,-5.149045049905962,0.046644937632271594,3.649450582302208,2.064441397829818,4.209976206712684,1.021424955876336,3.7022814781880076,0.3990896124438069,2.59263034204654,-3.107611971487937,6.493664000277271,0.9322151624756534,1.9804935253659106
HOF ITEM
10.847199755545565
-0.04248740296530995,1.102057783024267,-5.149045049905962,0.046644937632271594,3.649450582302208,1.7332699062260601,4.209976206712684,1.021424955876336,3.5018400080086387,0.3990896124438069,2.59263034204654,-3.107611971487937,6.493664000277271,0.8075923669241076,1.9804935253659106
HOF ITEM
10.847477584707974
-0.04248740296530995,1.102057783024267,-5.149045049905962,0.046644937632271594,3.649450582302208,2.064441397829818,4.181715616487506,1.021424955876336,3.7022814781880076,0.3990896124438069,2.59263034204654,-3.107611971487937,6.022353047243623,1.3172254104958572,1.9804935253659106
seed 193
Initial fitness values: [np.float64(13.986868987999907), np.float64(13.986868987999907), np.float64(13.863105508173035), np.float64(12.896208563650344), np.float64(12.896208563650344), np.float64(12.82754170133237), np.float64(12.61937703509935), np.float64(12.490690468424662), np.float64(12.304590291628548), np.float64(12.304590291628548)]
Final fitness values: [np.float64(10.99693193200106), np.float64(10.99693193200106), np.float64(10.99693193200106), np.float64(10.99693193200106), np.float64(10.996926279624097), np.float64(10.996926279624097), np.float64(10.996926279624097), np.float64(10.996926241859141), np.float64(10.996926241859141), np.float64(10.960664012624651)]
HOF ITEM
10.960664012624651
2.862156498795672,-0.118507343855113,4.310060223137382,-6.243458315834229,-2.3639668601669266,-3.6771061676481502,4.62242371318499,0.22617120449160677,3.7136776893199377,5.8897306574597055,2.1479395156157493,0.9133854529872875,1.260191990579484,2.767800423162706,-0.5487026290921945
HOF ITEM
10.9722728595315
2.4883431314120146,0.018990907012157776,4.013715045957532,-6.497513310400139,-2.3639668601669266,-3.652380395638435,3.9241712164403135,0.5660091266802881,3.5847774890818664,5.801170525081858,2.1479395156157493,0.9133854529872875,1.2333516492942314,2.6936359832928614,-0.5487026290921945
HOF ITEM
10.996926241859141
2.862156498795672,-0.118507343855113,4.310060223137382,-6.497513310400139,-2.3639668601669266,-3.652380395638435,4.135598739192933,0.5660091266802881,3.5847774890818664,5.651036837097627,2.1479395156157493,0.9133854529872875,1.2333516492942314,2.4767029530668947,-0.5487026290921945
HOF ITEM
10.996926279624097
2.862156498795672,-0.118507343855113,4.310060223137382,-6.497513310400139,-2.3639668601669266,-3.652380395638435,3.955316608608423,0.5660091266802881,3.5847774890818664,5.651036837097627,2.1479395156157493,0.9133854529872875,1.2333516492942314,2.4767029530668947,-0.5487026290921945
HOF ITEM
10.996926284215364
2.862156498795672,-0.118507343855113,4.310060223137382,-6.497513310400139,-2.3639668601669266,-3.652380395638435,3.955316608608423,0.5660091266802881,3.791529244726616,5.922809164282192,2.1479395156157493,0.8857111147009947,1.2333516492942314,2.4767029530668947,-0.5487026290921945
seed 194
Initial fitness values: [np.float64(14.678001547355185), np.float64(13.675371373870563), np.float64(13.583828210461714), np.float64(13.492899173646762), np.float64(13.492899173646762), np.float64(13.439080538862083), np.float64(13.352921070341038), np.float64(13.3230160670211), np.float64(13.302132203311908), np.float64(13.240493517636988)]
Final fitness values: [np.float64(10.033626916355779), np.float64(10.033575890192944), np.float64(10.033575890192944), np.float64(10.033575890192944), np.float64(10.03355016572141), np.float64(10.03355016572141), np.float64(10.033548031800736), np.float64(10.033548031800736), np.float64(10.033548031800736), np.float64(10.033548031800736)]
HOF ITEM
10.033548031800736
2.529585486595946,-0.26443399084105534,5.006676362514439,-2.269357908675758,-1.0036597196176864,-1.478074958605193,1.1948517803740426,0.6193754541022473,-1.4636840721819036,0.7686181154441889,2.196324904818366,5.672479438491937,0.7794343738219391,0.9155389994432842,-1.1802541068809458
HOF ITEM
10.03355016572141
2.529585486595946,-0.26443399084105534,5.006676362514439,-2.269357908675758,-1.0036597196176864,-1.478074958605193,1.1948517803740426,0.6193754541022473,-1.5658602741048642,0.7686181154441889,2.196324904818366,5.672479438491937,0.7794343738219391,0.9155389994432842,-1.1802541068809458
HOF ITEM
10.033550342685857
2.529585486595946,-0.26443399084105534,5.006676362514439,-2.269357908675758,-1.0036597196176864,-1.478074958605193,1.1948517803740426,0.6193754541022473,-1.5748217192704532,0.7686181154441889,2.196324904818366,5.672479438491937,0.7794343738219391,0.9155389994432842,-1.1802541068809458
HOF ITEM
10.03357279518107
2.529585486595946,-0.26443399084105534,5.006676362514439,-2.269357908675758,-1.0036597196176864,-1.478074958605193,1.0121288270392526,0.6193754541022473,-1.4636840721819036,0.7686181154441889,2.196324904818366,5.672479438491937,0.7794343738219391,0.9155389994432842,-1.1802541068809458
HOF ITEM
10.03357565318116
2.529585486595946,-0.26443399084105534,5.006676362514439,-2.269357908675758,-1.0036597196176864,-1.478074958605193,1.0121288270392526,0.6193754541022473,-1.5658602741048642,0.7686181154441889,2.196324904818366,5.672479438491937,0.7794343738219391,0.9155389994432842,-1.1802541068809458
seed 195
Initial fitness values: [np.float64(15.835304974208091), np.float64(13.827271904925222), np.float64(13.609812509300548), np.float64(12.54201876416247), np.float64(12.54201876416247), np.float64(12.375762990544514), np.float64(12.375762990544514), np.float64(12.370609070413723), np.float64(12.370609070413723), np.float64(12.370609070413723)]
Final fitness values: [np.float64(12.286609626357535), np.float64(12.286609626357535), np.float64(12.286609626357535), np.float64(12.286609626357535), np.float64(12.286516550268145), np.float64(12.286516550268145), np.float64(12.286516550268145), np.float64(12.286445369016175), np.float64(12.286031979760239), np.float64(12.286031979760239)]
HOF ITEM
12.286031979760239
-4.854539049562306,-0.39877628404316623,-2.4899135381451045,-4.781347814151247,5.734591842755354,-0.2470019312174718,5.632454239629004,2.981676071844068,-2.9206589308980235,-4.643927095406283,1.4792014148803383,-3.9242908507359413,-3.767287534093556,2.123576172280036,-1.9515102820796009
HOF ITEM
12.286031979760239
-4.854539049562306,-0.39877628404316623,-2.4899135381451045,-4.781347814151247,5.734591842755354,-0.2470019312174718,5.632454239629004,3.0,-2.9206589308980235,-4.643927095406283,1.4792014148803383,-3.9242908507359413,-3.767287534093556,2.123576172280036,-1.9515102820796009
HOF ITEM
12.286272919392855
-4.854539049562306,-0.7664677995918162,-2.4899135381451045,-4.781347814151247,5.734591842755354,-0.2470019312174718,5.265894962253584,3.0,-2.9206589308980235,-4.643927095406283,1.4927262694913483,-3.9242908507359413,-3.767287534093556,2.123576172280036,-1.9515102820796009
HOF ITEM
12.286445369016175
-4.854539049562306,-0.7664677995918162,-2.4899135381451045,-4.8277042677925746,5.734591842755354,-0.2470019312174718,5.265894962253584,3.0,-2.8180132326514773,-4.643927095406283,1.4651677089086084,-3.9242908507359413,-3.767287534093556,2.123576172280036,-1.9515102820796009
HOF ITEM
12.286445369016175
-4.854539049562306,-0.7664677995918162,-2.4899135381451045,-4.8277042677925746,5.734591842755354,-0.2470019312174718,5.265894962253584,2.981676071844068,-2.9206589308980235,-4.643927095406283,1.4651677089086084,-3.9242908507359413,-3.767287534093556,2.123576172280036,-1.9515102820796009
seed 196
Initial fitness values: [np.float64(16.33058945650599), np.float64(14.762798658946217), np.float64(13.705040230680748), np.float64(13.343206791454026), np.float64(13.378701390927557), np.float64(13.099519623837992), np.float64(13.083241914589566), np.float64(12.598507291652238), np.float64(12.598507291652238), np.float64(12.594065843962378)]
Final fitness values: [np.float64(12.302881543605595), np.float64(12.302881543605595), np.float64(12.302881543605595), np.float64(12.302881543605595), np.float64(12.302881543605595), np.float64(12.302881543605595), np.float64(12.302881543605595), np.float64(12.302881543605595), np.float64(12.302881543605595), np.float64(12.301543793587465)]
HOF ITEM
12.301543793587465
-1.6024698805525226,-1.8596635659278276,0.3952000808253533,-1.029335076073193,3.78863135850559,-0.4061007030923435,-0.46735531264617614,2.1311945663300804,5.467211944953151,6.93514527639871,1.7610582292436174,4.65663365546555,6.112245395885599,3.0,-4.694320784993733
HOF ITEM
12.302881543605595
-1.6024698805525226,-2.1919823987405915,0.3952000808253533,-0.6993804381406228,3.78863135850559,-0.4061007030923435,-0.46735531264617614,2.1311945663300804,5.141098533940142,6.93514527639871,1.9185853733906244,4.68342059448116,6.250173052660792,2.88070592331986,-4.76694780253822
HOF ITEM
12.302881543605595
-1.6024698805525226,-2.1919823987405915,0.3952000808253533,-0.6993804381406228,3.78863135850559,-0.4061007030923435,-0.46735531264617614,2.1311945663300804,5.141098533940142,6.93514527639871,1.7610582292436174,4.68342059448116,6.250173052660792,3.0,-4.76694780253822
HOF ITEM
12.302881543605595
-1.6024698805525226,-2.1919823987405915,0.3952000808253533,-0.6993804381406228,3.78863135850559,-0.4061007030923435,-0.46735531264617614,2.1311945663300804,5.141098533940142,6.93514527639871,1.9185853733906244,4.68342059448116,6.250173052660792,3.0,-4.76694780253822
HOF ITEM
12.302881543605595
-1.6024698805525226,-2.1919823987405915,0.3952000808253533,-0.6993804381406228,3.78863135850559,-0.4061007030923435,-0.46735531264617614,2.1311945663300804,5.141098533940142,6.93514527639871,1.7610582292436174,4.586629986635128,6.2625740057700146,2.88070592331986,-4.76694780253822
seed 197
Initial fitness values: [np.float64(13.47036869853408), np.float64(13.46837708086083), np.float64(13.32489339957825), np.float64(13.324596051140709), np.float64(13.291423846513833), np.float64(13.291423846513833), np.float64(13.28815186892423), np.float64(13.218193816050979), np.float64(13.218193816050979), np.float64(13.169146078952252)]
Final fitness values: [np.float64(12.30155728748821), np.float64(12.30155728748821), np.float64(12.30155728748821), np.float64(12.30155728748821), np.float64(12.30155728748821), np.float64(12.30155728748821), np.float64(12.30155728748821), np.float64(12.30155728748821), np.float64(12.301547184489632), np.float64(12.301547184489632)]
HOF ITEM
12.301547184489632
6.193640768823165,-3.6188665422119928,-1.120389760571828,-4.2364977066063165,3.984687340283391,5.63143516925081,5.343092913787151,0.9134909599534893,-7.0,0.7578924043608376,2.087445638628804,-4.556113067490653,4.080997825471203,0.0660600719088904,0.010652621647532667
HOF ITEM
12.301548055707745
6.193640768823165,-3.6188665422119928,-1.120389760571828,-4.2364977066063165,3.984687340283391,5.63143516925081,5.343092913787151,0.9134909599534893,-7.0,0.7578924043608376,2.087445638628804,-4.556113067490653,4.452960717479014,0.35435664917543885,0.010652621647532667
HOF ITEM
12.30155728748821
6.193640768823165,-3.302960618831773,-1.120389760571828,-4.2364977066063165,3.984687340283391,5.63143516925081,5.343092913787151,0.9134909599534893,-7.0,0.7578924043608376,2.087445638628804,-4.556113067490653,4.452960717479014,0.35435664917543885,-0.43879955230064577
HOF ITEM
12.301557287551928
6.193640768823165,-3.162142273741645,-1.120389760571828,-4.2364977066063165,3.984687340283391,5.63143516925081,5.343092913787151,0.9134909599534893,-6.963026052818488,0.7578924043608376,2.087445638628804,-4.556113067490653,4.452960717479014,0.35435664917543885,-0.43879955230064577
HOF ITEM
12.301557324285323
6.193640768823165,-3.302960618831773,-1.120389760571828,-4.2364977066063165,3.984687340283391,5.63143516925081,5.351141303133128,0.9134909599534893,-7.0,0.7578924043608376,2.087445638628804,-4.556113067490653,4.452960717479014,0.35435664917543885,-0.43879955230064577
seed 198
Initial fitness values: [np.float64(15.605778643435661), np.float64(14.713097367315331), np.float64(14.405883631963507), np.float64(13.593823458962493), np.float64(13.298884573941786), np.float64(13.298884573941786), np.float64(13.298884573941786), np.float64(13.296219778399522), np.float64(13.296219778399522), np.float64(13.295900481292334)]
Final fitness values: [np.float64(12.283152894155627), np.float64(12.283152894155627), np.float64(12.283152894155627), np.float64(12.282007792855362), np.float64(12.282007792855362), np.float64(12.282007792855362), np.float64(12.282007792855362), np.float64(12.282007792855362), np.float64(12.282007792855362), np.float64(12.282007792855362)]
HOF ITEM
12.282007792855362
-5.350998911236717,-0.3763964367885035,2.3484068300601297,4.999366091321857,-6.053552277767575,-6.926192660781578,-6.18517091537639,2.9991710121836466,-2.844533592760604,5.428604249441232,3.0,3.970813645267838,-4.235576359220285,2.0931897716123897,-1.6821480713919443
HOF ITEM
12.282007792855362
-5.350998911236717,-0.3763964367885035,2.3484068300601297,4.999366091321857,-6.053552277767575,-6.926192660781578,-6.18517091537639,2.3929616775370075,-2.844533592760604,5.428604249441232,3.0,3.970813645267838,-4.235576359220285,2.0931897716123897,-1.6821480713919443
HOF ITEM
12.282007792855362
-5.350998911236717,-0.3763964367885035,2.3484068300601297,4.999366091321857,-6.053552277767575,-6.926192660781578,-6.145157178938046,2.9991710121836466,-2.786723137183136,5.340357275022762,3.0,3.970813645267838,-4.235576359220285,2.0931897716123897,-1.6821480713919443
HOF ITEM
12.282007792855362
-5.350998911236717,-0.44279805960003504,2.3484068300601297,4.999366091321857,-6.053552277767575,-6.926192660781578,-6.18517091537639,2.9991710121836466,-2.786723137183136,5.340357275022762,3.0,3.970813645267838,-4.235576359220285,2.0931897716123897,-1.6821480713919443
HOF ITEM
12.282007792855362
-5.350998911236717,-0.3763964367885035,2.3484068300601297,4.999366091321857,-6.053552277767575,-6.926192660781578,-6.18517091537639,2.9991710121836466,-2.786723137183136,5.340357275022762,3.0,3.970813645267838,-4.235576359220285,2.0931897716123897,-1.6821480713919443
seed 199
Initial fitness values: [np.float64(13.589534856843871), np.float64(13.589534856843871), np.float64(12.934686503139579), np.float64(12.934686503139579), np.float64(12.88911219358863), np.float64(12.770886152495281), np.float64(12.767739867416102), np.float64(12.758624717023698), np.float64(12.723803886669018), np.float64(12.687784854271538)]
Final fitness values: [np.float64(12.553971416175001), np.float64(12.553971416175001), np.float64(12.553754218505485), np.float64(12.553754218505485), np.float64(12.553754218505485), np.float64(12.5511894624882), np.float64(12.5511894624882), np.float64(12.5511894624882), np.float64(12.531937317764202), np.float64(12.531937317764202)]
HOF ITEM
12.531937317764202
-4.622365859582472,-2.3806169228905008,-0.35996278229856943,4.6397378229905675,-4.186890326749124,-4.980437298225782,-1.28084147668611,2.358396125504227,3.2494269571734757,-3.2801473420026395,1.63510250240589,-0.3807063785938877,-5.785070032053034,2.2919363258239005,-2.5242827194243587
HOF ITEM
12.536860263718935
-4.728648606806235,-2.3806169228905008,-0.35996278229856943,4.73510030811027,-4.453408435598873,-4.927771618571775,-1.136346952183886,2.5958102217700487,3.296467347403376,-3.3900404307566867,1.63510250240589,-0.45280982564139144,-5.374339827997606,2.3051895030710416,-2.5242827194243587
HOF ITEM
12.5511894624882
-4.622365859582472,-2.3806169228905008,-0.35996278229856943,4.73510030811027,-4.3504106619887875,-5.0598569350907345,-1.28084147668611,2.5273099281001015,3.2494269571734757,-3.2801473420026395,1.63510250240589,-0.45280982564139144,-5.374339827997606,2.2919363258239005,-2.5242827194243587
HOF ITEM
12.5511894624882
-4.622365859582472,-2.3806169228905008,-0.35996278229856943,4.73510030811027,-4.3504106619887875,-5.0598569350907345,-1.4324082481932359,2.5273099281001015,3.456842917424658,-3.2801473420026395,1.63510250240589,-0.45280982564139144,-5.374339827997606,2.2919363258239005,-2.5242827194243587
HOF ITEM
12.5511894624882
-4.622365859582472,-2.3806169228905008,-0.35996278229856943,4.73510030811027,-4.3504106619887875,-5.0598569350907345,-1.28084147668611,2.5958102217700487,3.2494269571734757,-3.2801473420026395,1.63510250240589,-0.45280982564139144,-5.374339827997606,2.2919363258239005,-2.5242827194243587
best parameter set
fitness 9.984526029429773 seed 194
2.5234818935788446,-0.2843584733374053,5.006696649540437,-2.269349911898207,-1.016369552987889,-1.465392064380552,1.1948526777406638,0.619377838913317,-1.4636837728327319,0.7641321392277434,2.200610784735822,5.6730957007639535,0.7846685233764191,0.9408102527323494,-1.1903149730554106
