seeds are [900 901 902 903 904 905 906 907 908 909]
seed 900
Initial fitness values: [np.float64(30.255207577354348), np.float64(29.83596138844331), np.float64(27.98100214786385), np.float64(25.7554126116333), np.float64(25.7554126116333), np.float64(25.47027726840091), np.float64(24.630022645436064), np.float64(24.434809093637035), np.float64(24.434809093637035), np.float64(24.254037589822786)]
Final fitness values: [np.float64(21.98134653172623), np.float64(21.98134653172623), np.float64(21.851647024841668), np.float64(21.851647024841668), np.float64(21.851647024841668), np.float64(21.851647024841668), np.float64(21.851647024841668), np.float64(21.851647024841668), np.float64(21.851647024841668), np.float64(21.851647024841668)]
HOF ITEM
21.851647024841668
-4.84270882395839,1.2740933753137762,-5.477769485070092,-3.5431510174469523,1.4951594121818321,-5.223105004830621,2.1211053603164847,2.5281720205762914,-0.9662231665503727,-3.6262735148493097,2.207471488693584,5.287582541291911,-3.055789337565566,2.6738267635448394,-6.392449969351525,3.5144005827639027,0.0,5.9401069011536825
HOF ITEM
21.851647024841668
-4.84270882395839,1.2740933753137762,-5.477769485070092,-3.5431510174469523,1.4951594121818321,-5.223105004830621,2.1211053603164847,2.5281720205762914,-0.9662231665503727,-3.6262735148493097,2.207471488693584,5.287582541291911,-3.055789337565566,2.6738267635448394,-6.864577626620415,3.5144005827639027,0.0,5.9401069011536825
HOF ITEM
21.910848881416932
-4.905936681981748,1.6271276693386882,-5.640169513666105,-3.37254885274804,1.6627961549818249,-5.2257147305295035,2.160770678491644,2.193631164038839,-1.336973446959219,-3.573903468991205,2.2650644947430942,5.232176782424537,-3.062783365288378,2.5253295470250903,-6.9032933200611115,3.5129073252652763,0.0,5.9401069011536825
HOF ITEM
21.91428976396761
-4.84270882395839,1.2740933753137762,-5.271110533604365,-3.323497359135156,1.4951594121818321,-5.3611131305261255,2.1211053603164847,2.5281720205762914,-0.9662231665503727,-3.619249172122005,2.207471488693584,5.287582541291911,-3.055789337565566,2.9320732017937594,-6.864577626620415,3.4296795512804934,0.0,5.9401069011536825
HOF ITEM
21.98134653172623
-4.905936681981748,1.6271276693386882,-5.640169513666105,-3.37254885274804,1.6627961549818249,-5.202542620096248,2.1211053603164847,2.628476757502429,-1.336973446959219,-3.573903468991205,2.2650644947430942,5.232176782424537,-3.062783365288378,2.952509427489335,-6.678221774613105,3.5144005827639027,0.0,5.9401069011536825
seed 901
Initial fitness values: [np.float64(26.823289889912072), np.float64(24.794615537264097), np.float64(24.794615537264097), np.float64(24.442731693737333), np.float64(24.18069347869385), np.float64(24.110433981681705), np.float64(24.02037809879956), np.float64(24.02037809879956), np.float64(23.822825155922096), np.float64(23.822825155922096)]
Final fitness values: [np.float64(22.409031612932402), np.float64(22.38086059522668), np.float64(22.38086059522668), np.float64(22.38086059522668), np.float64(22.38086059522668), np.float64(22.346404464812007), np.float64(22.346404464812007), np.float64(22.230332704054867), np.float64(22.230332704054867), np.float64(22.156280044142676)]
HOF ITEM
22.156280044142676
-0.9640004602524153,1.3683836031668153,0.4376813903267857,5.459469060106067,5.873532106824745,2.5511332581591324,4.23739673695238,0.6257481742712869,-4.834596851400463,0.0632819991483356,3.0,0.9908025095579415,3.0324304977545506,3.0,-3.39834282455681,3.1290045975940366,0.04484096969118526,4.790183602147811
HOF ITEM
22.230332704054867
-0.9640004602524153,1.3562658776852738,0.4376813903267857,5.459469060106067,5.873532106824745,2.5511332581591324,4.23739673695238,0.6257481742712869,-4.834596851400463,0.0632819991483356,3.0,0.9908025095579415,2.442436073859052,2.679856644089121,-3.1510722237858966,3.1290045975940366,0.04484096969118526,4.790183602147811
HOF ITEM
22.230332704054867
-0.9640004602524153,1.3562658776852738,0.4376813903267857,5.459469060106067,5.873532106824745,2.5511332581591324,4.23739673695238,0.6257481742712869,-4.834596851400463,0.0632819991483356,3.0,0.9908025095579415,2.442436073859052,3.0,-3.1510722237858966,3.1290045975940366,0.04484096969118526,4.790183602147811
HOF ITEM
22.230332704054867
-0.9640004602524153,1.3562658776852738,0.4376813903267857,5.459469060106067,5.873532106824745,2.5511332581591324,4.23739673695238,0.6257481742712869,-4.834596851400463,0.0632819991483356,3.0,0.9908025095579415,3.0324304977545506,3.0,-3.39834282455681,3.1290045975940366,0.04484096969118526,4.790183602147811
HOF ITEM
22.307413781397447
-0.9640004602524153,1.3562658776852738,0.4376813903267857,5.459469060106067,5.873532106824745,2.6291202146286476,5.307929936448391,0.6257481742712869,-4.9139249372337215,0.0632819991483356,3.0,0.9908025095579415,3.0324304977545506,3.0,-3.39834282455681,3.1290045975940366,0.04484096969118526,4.790183602147811
seed 902
Initial fitness values: [np.float64(30.16287291335081), np.float64(27.904250770333537), np.float64(27.320946322093477), np.float64(25.99114655592688), np.float64(25.991146464996497), np.float64(25.739870525304326), np.float64(24.193294887852225), np.float64(24.193294887852225), np.float64(24.193294887852225), np.float64(24.18785668314097)]
Final fitness values: [np.float64(23.439104890943128), np.float64(23.439104890943128), np.float64(23.439104890943128), np.float64(23.439104890943128), np.float64(23.439104890943128), np.float64(23.439104890943128), np.float64(23.433241904727073), np.float64(23.433241904727073), np.float64(23.43107633292501), np.float64(23.43107633292501)]
HOF ITEM
23.43107633292501
-2.3855276213697287,1.5294659448500365,-6.437297941041229,-6.8752463589923725,0.6260272088565172,-1.577020462607347,5.023844731392219,2.020753258462501,-2.9235595992913526,-1.1368180205417122,2.871976235172239,6.548348120732291,-1.0126794297784916,0.0,-0.8487282771101321,4.542599374057246,1.3261482950339727,-3.55723544337151
HOF ITEM
23.43107633292501
-2.3855276213697287,1.5294659448500365,-6.437297941041229,-6.8752463589923725,0.6260272088565172,-1.577020462607347,5.101803105809994,1.8640077140788298,-2.9235595992913526,-1.1368180205417122,2.871976235172239,6.548348120732291,-1.0126794297784916,0.0,-0.8487282771101321,4.542599374057246,1.3261482950339727,-3.55723544337151
HOF ITEM
23.43324190472676
-2.3855276213697287,1.5294659448500365,-6.514866878251862,-6.925668122156524,0.6260272088565172,-1.8179753933869243,5.023844731392219,2.020753258462501,-2.6722478634062448,-1.1368180205417122,2.871976235172239,6.548348120732291,-1.2204884285696673,0.0622118526239787,-0.8487282771101321,4.342769019433204,1.2836941422612185,-3.55723544337151
HOF ITEM
23.433241904727073
-2.3855276213697287,1.5294659448500365,-6.514866878251862,-6.925668122156524,0.6260272088565172,-1.8179753933869243,5.057752538417613,2.020753258462501,-2.6722478634062448,-1.1368180205417122,2.871976235172239,6.548348120732291,-1.2204884285696673,0.0622118526239787,-0.8487282771101321,4.342769019433204,1.2836941422612185,-3.581264011613272
HOF ITEM
23.433241904727073
-2.3855276213697287,1.5294659448500365,-6.514866878251862,-6.925668122156524,0.6260272088565172,-1.8179753933869243,5.023844731392219,2.020753258462501,-2.6722478634062448,-1.1368180205417122,2.871976235172239,6.548348120732291,-1.2204884285696673,0.0622118526239787,-0.8487282771101321,4.342769019433204,1.2836941422612185,-3.581264011613272
seed 903
Initial fitness values: [np.float64(30.40435184217487), np.float64(29.841518089511897), np.float64(28.028484274384805), np.float64(28.028484274384805), np.float64(27.44461950209499), np.float64(26.510766642647226), np.float64(26.510766642647226), np.float64(26.510731251160234), np.float64(25.280037671060413), np.float64(25.06947761030717)]
Final fitness values: [np.float64(22.534343869480498), np.float64(22.534343869480498), np.float64(22.501460675639137), np.float64(22.501460675639137), np.float64(22.501460675639137), np.float64(22.501460675639137), np.float64(22.501460675639137), np.float64(22.501460675639137), np.float64(22.501460675639137), np.float64(22.501460675639137)]
HOF ITEM
22.501460675639137
-0.19659857384117985,1.0848953443613818,3.07960928043021,3.1820215280296384,-0.9526247440158351,-1.9628176609495278,7.0,1.3256754842714118,-0.3355454227703968,6.174158476404713,2.089829944942856,4.452126448256595,1.238382298370954,0.0,0.5646448903941867,0.40314458579026113,2.220686627745464,-0.7963222238409908
HOF ITEM
22.501460675639137
-0.19659857384117985,1.0848953443613818,3.07960928043021,3.1820215280296384,-0.9526247440158351,-1.9628176609495278,7.0,1.3256754842714118,-0.3355454227703968,5.967404132796268,2.089829944942856,4.452126448256595,1.238382298370954,0.0,0.5646448903941867,0.40314458579026113,2.220686627745464,-0.7963222238409908
HOF ITEM
22.50146067564044
-0.19659857384117985,1.0848953443613818,3.07960928043021,3.1820215280296384,-0.9526247440158351,-1.9628176609495278,7.0,1.3256754842714118,-0.0576960321667869,6.174158476404713,2.051998487582719,4.452126448256595,1.238382298370954,0.0,0.5646448903941867,0.40314458579026113,2.220686627745464,-0.7963222238409908
HOF ITEM
22.50146067564044
-0.19659857384117985,1.0848953443613818,3.07960928043021,3.1820215280296384,-0.9526247440158351,-1.9628176609495278,7.0,1.3256754842714118,-0.0576960321667869,6.174158476404713,2.089829944942856,4.452126448256595,1.238382298370954,0.0,0.5646448903941867,0.40314458579026113,2.220686627745464,-0.7963222238409908
HOF ITEM
22.50146067564044
-0.19659857384117985,1.0848953443613818,3.07960928043021,3.1820215280296384,-0.9526247440158351,-1.9628176609495278,7.0,1.3256754842714118,-0.0576960321667869,5.967404132796268,2.089829944942856,4.452126448256595,1.238382298370954,0.0,0.5646448903941867,0.40314458579026113,2.220686627745464,-0.7963222238409908
seed 904
Initial fitness values: [np.float64(31.843377537650458), np.float64(31.39004035204663), np.float64(29.569451139835643), np.float64(28.099766708659146), np.float64(25.421704263588513), np.float64(25.421704263588513), np.float64(25.421704263588513), np.float64(24.685830058488982), np.float64(24.47236880512292), np.float64(24.47236880512292)]
Final fitness values: [np.float64(22.524049056072), np.float64(22.524049056072), np.float64(22.524049056072), np.float64(22.524049056072), np.float64(22.524049056072), np.float64(22.524049056072), np.float64(22.524049056072), np.float64(22.524049056072), np.float64(22.51936264798684), np.float64(22.51936264798684)]
HOF ITEM
22.51936264798684
3.2359266279229186,-0.14731245503771534,-4.17748129606305,-7.0,-4.745126445822549,1.5550981018725885,-4.209883682192014,0.08954093685155023,-0.31751165537013076,3.1663188205907375,0.8547712882720702,6.194015252443565,-4.323198061109735,1.9524153082491638,0.3226348103407427,-1.6426295439042213,2.1971276637563357,7.0
HOF ITEM
22.524049056072
3.2359266279229186,-0.14731245503771534,-4.17748129606305,-7.0,-4.745126445822549,1.5550981018725885,-4.209883682192014,0.08954093685155023,-0.31751165537013076,3.1663188205907375,0.8547712882720702,6.194015252443565,-4.323198061109735,1.9524153082491638,0.3226348103407427,-1.5688799848399522,2.232912552465406,6.778553515564613
HOF ITEM
22.52429612500212
3.2359266279229186,-0.14731245503771534,-4.17748129606305,-7.0,-4.745126445822549,1.5404912178816406,-4.209883682192014,0.08954093685155023,-0.31751165537013076,3.1663188205907375,0.8547712882720702,6.194015252443565,-4.323198061109735,1.9524153082491638,0.3226348103407427,-1.5688799848399522,2.232912552465406,6.778553515564613
HOF ITEM
22.52984915064112
3.2359266279229186,-0.14731245503771534,-4.17748129606305,-7.0,-4.745126445822549,1.5550981018725885,-4.241589070283051,0.08954093685155023,-0.31751165537013076,3.1663188205907375,0.8547712882720702,6.194015252443565,-4.323198061109735,1.9524153082491638,0.3226348103407427,-1.5688799848399522,2.232912552465406,6.778553515564613
HOF ITEM
22.53681152865606
3.3466986586282923,-0.15887447959837406,-4.17748129606305,-7.0,-4.745126445822549,1.5550981018725885,-4.241589070283051,0.08954093685155023,-0.31751165537013076,3.1663188205907375,0.8547712882720702,6.194015252443565,-4.323198061109735,1.9524153082491638,0.3226348103407427,-1.5688799848399522,2.232912552465406,6.778553515564613
seed 905
Initial fitness values: [np.float64(32.421115984101036), np.float64(28.82766474252934), np.float64(25.466491062624918), np.float64(25.466491062624918), np.float64(24.991106711258546), np.float64(24.991106711258546), np.float64(24.7651382415045), np.float64(24.32673868950327), np.float64(24.00387027481951), np.float64(24.00387027481951)]
Final fitness values: [np.float64(23.25280662183895), np.float64(23.25280662183895), np.float64(23.25280662183895), np.float64(23.25280662183895), np.float64(23.25280662183895), np.float64(23.25280662183895), np.float64(23.25280662183895), np.float64(23.25280662183895), np.float64(23.25280662183895), np.float64(23.25280662183895)]
HOF ITEM
23.25280662183895
-3.632608558426983,1.580091768581048,-4.482462739875219,-6.260721451088018,4.863213477451491,3.735436146481932,-2.3504255693026512,2.6661280091933395,-0.43228146126710804,-1.6639516868786608,3.0,-3.6752476334135404,-1.4317590228365216,1.2839437186774083,-3.9586453423549215,-3.4132198115477212,1.261292166221247,-5.413744167417026
HOF ITEM
23.25282612607335
-3.632608558426983,1.580091768581048,-4.482462739875219,-6.469777611464981,5.03139599501237,3.735436146481932,-2.3504255693026512,2.6661280091933395,-0.43228146126710804,-1.6639516868786608,3.0,-3.7456921482595438,-1.1663757121966414,1.1191967460089343,-3.9259580360261874,-3.4132198115477212,1.261292166221247,-5.413744167417026
HOF ITEM
23.252954394346798
-3.632608558426983,1.580091768581048,-4.482462739875219,-6.260721451088018,4.863213477451491,3.735436146481932,-2.3504255693026512,2.6661280091933395,-0.43228146126710804,-1.6639516868786608,3.0,-3.8980464264134165,-1.0328919740752038,1.2839437186774083,-3.9586453423549215,-3.4132198115477212,1.261292166221247,-5.413744167417026
HOF ITEM
23.252954394346798
-3.632608558426983,1.580091768581048,-4.482462739875219,-6.260721451088018,4.863213477451491,3.735436146481932,-2.3504255693026512,2.6661280091933395,-0.43228146126710804,-1.6639516868786608,3.0,-3.6752476334135404,-1.0328919740752038,1.2839437186774083,-3.9586453423549215,-3.4132198115477212,1.261292166221247,-5.413744167417026
HOF ITEM
23.25299513326189
-3.632608558426983,1.580091768581048,-4.482462739875219,-6.260721451088018,4.863213477451491,3.675426582855977,-2.3504255693026512,2.6661280091933395,-0.43228146126710804,-1.6639516868786608,3.0,-3.6752476334135404,-1.0328919740752038,1.2839437186774083,-3.9586453423549215,-3.4132198115477212,1.261292166221247,-5.413744167417026
seed 906
Initial fitness values: [np.float64(29.836229387970835), np.float64(28.044977899031718), np.float64(26.061517472776988), np.float64(26.01293187286044), np.float64(25.833910569035353), np.float64(25.833910569035353), np.float64(25.604888239236708), np.float64(25.174750268045553), np.float64(25.174750268045553), np.float64(25.037770400311715)]
Final fitness values: [np.float64(21.233834114656354), np.float64(21.233834114656354), np.float64(21.233834114656354), np.float64(21.233834114656354), np.float64(21.233834114656354), np.float64(21.233834114656354), np.float64(21.233834114656354), np.float64(21.233834114656354), np.float64(21.233834114656354), np.float64(21.233834114656354)]
HOF ITEM
21.233834114656354
-3.051747330416238,1.237288231004183,7.0,4.647683553884152,1.4416744592928525,3.5620690715036174,-2.0537493880873416,2.8124027009378945,-2.134227969776657,2.2670768695731107,0.5333297244754918,1.0820470881003006,4.532953897684179,3.0,2.7459343474238773,-4.738126061420349,2.2237459429121067,0.8476202212233896
HOF ITEM
21.233834114656354
-3.051747330416238,1.237288231004183,7.0,4.647683553884152,1.4416744592928525,3.5620690715036174,-2.0537493880873416,2.8124027009378945,-2.134227969776657,2.2670768695731107,0.5333297244754918,1.0820470881003006,4.532953897684179,2.8604002075513377,3.1342071508121725,-4.738126061420349,2.2237459429121067,0.8476202212233896
HOF ITEM
21.233834114656354
-3.051747330416238,1.237288231004183,7.0,4.647683553884152,1.4416744592928525,3.5620690715036174,-2.0537493880873416,2.8124027009378945,-2.134227969776657,2.2670768695731107,0.5333297244754918,1.0820470881003006,4.532953897684179,3.0,3.1342071508121725,-4.738126061420349,2.2237459429121067,0.8476202212233896
HOF ITEM
21.233834114656354
-3.051747330416238,1.237288231004183,7.0,4.647683553884152,1.4416744592928525,3.5620690715036174,-2.0537493880873416,2.8124027009378945,-2.134227969776657,2.2670768695731107,0.5333297244754918,1.0820470881003006,4.532953897684179,2.8604002075513377,2.7459343474238773,-4.738126061420349,2.2237459429121067,0.8476202212233896
HOF ITEM
21.235233518796065
-3.051747330416238,1.237288231004183,7.0,4.647683553884152,1.4416744592928525,3.5620690715036174,-2.0537493880873416,2.8124027009378945,-2.134227969776657,2.4515478787355036,0.5333297244754918,1.2586295825690366,4.532953897684179,2.8604002075513377,2.7459343474238773,-4.624963092807827,2.2258227087992615,0.8476202212233896
seed 907
Initial fitness values: [np.float64(28.91917616042769), np.float64(25.411211487256057), np.float64(25.411211487256057), np.float64(25.411211487256057), np.float64(24.207659705010567), np.float64(23.937092055121393), np.float64(23.937092055121393), np.float64(23.27282597580566), np.float64(23.212194237957746), np.float64(23.212194237957746)]
Final fitness values: [np.float64(19.99170516287924), np.float64(19.39135364921275), np.float64(19.38770525476839), np.float64(19.38770525476839), np.float64(19.38770525476839), np.float64(19.38770525476839), np.float64(19.38770525476839), np.float64(19.38770525476839), np.float64(19.38770525476839), np.float64(19.38770525476839)]
HOF ITEM
19.38770525476839
-4.979623726261152,1.6554148229988102,-5.437571297766937,-3.9827535952281874,-0.9793574061621763,0.17344911551352082,-1.9409405917879294,1.5053657548556363,2.1543430343482637,-6.677892217444186,1.614058781528303,1.258450747838014,-6.181610116471631,1.8606137266163232,4.61849897704175,-4.211050932049969,2.2340479773416635,-5.268133060970723
HOF ITEM
19.39135364921275
-4.979623726261152,1.6554148229988102,-5.437571297766937,-3.9827535952281874,-0.9793574061621763,0.17344911551352082,-1.9409405917879294,1.5053657548556363,2.1543430343482637,-6.677892217444186,1.614058781528303,1.258450747838014,-6.181610116471631,1.8606137266163232,4.907565212979007,-4.211050932049969,2.2340479773416635,-5.268133060970723
HOF ITEM
19.397098407182117
-4.979623726261152,1.6554148229988102,-5.437571297766937,-3.9827535952281874,-0.9793574061621763,0.17344911551352082,-1.9409405917879294,1.5053657548556363,2.1543430343482637,-6.677892217444186,1.5503510168796821,1.258450747838014,-6.181610116471631,1.8606137266163232,4.61849897704175,-4.211050932049969,2.2340479773416635,-5.268133060970723
HOF ITEM
19.418380424970675
-4.979623726261152,1.6554148229988102,-5.437571297766937,-3.9827535952281874,-0.9793574061621763,0.17344911551352082,-1.9409405917879294,1.5994054727735225,2.1543430343482637,-6.677892217444186,1.614058781528303,1.258450747838014,-6.181610116471631,1.8606137266163232,4.61849897704175,-4.211050932049969,2.2340479773416635,-5.268133060970723
HOF ITEM
19.41906234989999
-4.979623726261152,1.6554148229988102,-5.437571297766937,-3.9591361560259397,-0.9793574061621763,0.17344911551352082,-1.9409405917879294,1.5994054727735225,2.1543430343482637,-6.677892217444186,1.614058781528303,1.258450747838014,-6.181610116471631,1.8606137266163232,4.907565212979007,-4.211050932049969,2.2340479773416635,-5.268133060970723
seed 908
Initial fitness values: [np.float64(33.293452790420666), np.float64(28.93648917925193), np.float64(28.449204418918114), np.float64(27.435782325521938), np.float64(26.60150504574917), np.float64(26.2304465164996), np.float64(25.877463054677246), np.float64(25.837061743088267), np.float64(25.837061743088267), np.float64(25.265600352833573)]
Final fitness values: [np.float64(23.654003365897996), np.float64(23.576821530329603), np.float64(23.576821530329603), np.float64(23.57600739104487), np.float64(23.573713936078228), np.float64(23.573713936078228), np.float64(23.57371393604428), np.float64(23.573713936015583), np.float64(23.56932983820485), np.float64(23.56932983820485)]
HOF ITEM
23.56932983820485
-4.705050272176321,1.5689362781808933,-0.35248607403824705,-6.0780016404235715,6.009323166123391,3.504606028667608,5.555864158059518,0.9391643906743588,-1.7179588045349359,0.33911128251319334,1.5027625102974138,-5.741509950781673,5.067779176423326,1.2376186047985904,1.455068542536481,-3.738970387347868,2.2523304138241436,-3.375179250496157
HOF ITEM
23.57371393600969
-4.705050272176321,1.5689362781808933,-0.35248607403824705,-6.225378833031411,5.5266671765184885,3.504606028667608,5.555864158059518,0.8961462172338406,-1.6353158739437719,0.17459471441505225,1.3154613501347645,-5.307957632269296,5.097983739383708,1.2376186047985904,1.5703620274717847,-3.738970387347868,2.2523304138241436,-3.375179250496157
HOF ITEM
23.573713936015267
-4.705050272176321,1.5689362781808933,-0.35248607403824705,-6.225378833031411,5.5266671765184885,3.504606028667608,5.555864158059518,1.0018740369873724,-1.6353158739437719,0.17459471441505225,1.3154613501347645,-5.741509950781673,4.811147750342576,1.2376186047985904,1.455068542536481,-3.738970387347868,2.2523304138241436,-3.375179250496157
HOF ITEM
23.573713936015334
-4.705050272176321,1.5689362781808933,-0.35248607403824705,-6.225378833031411,5.5266671765184885,3.504606028667608,5.555864158059518,1.0018740369873724,-1.6353158739437719,0.17459471441505225,1.3154613501347645,-5.307957632269296,4.811147750342576,1.2376186047985904,1.455068542536481,-3.738970387347868,2.2523304138241436,-3.375179250496157
HOF ITEM
23.573713936015334
-4.705050272176321,1.5689362781808933,-0.35248607403824705,-6.225378833031411,5.5266671765184885,3.504606028667608,5.555864158059518,1.0018740369873724,-1.6353158739437719,0.17459471441505225,1.3154613501347645,-5.307957632269296,5.097983739383708,1.2376186047985904,1.455068542536481,-3.738970387347868,2.2523304138241436,-3.375179250496157
seed 909
Initial fitness values: [np.float64(31.409383967326068), np.float64(28.657521051828205), np.float64(27.403921696023417), np.float64(27.403921696023417), np.float64(27.403921696023417), np.float64(27.356636047544487), np.float64(26.696139547624114), np.float64(26.135257554215755), np.float64(26.135257554215755), np.float64(26.135257554215755)]
Final fitness values: [np.float64(25.32076646175177), np.float64(25.32076646175177), np.float64(25.32076646175177), np.float64(25.32076646175177), np.float64(25.32076646175177), np.float64(25.32076646175177), np.float64(25.32076646175177), np.float64(25.32076646175177), np.float64(25.32076646175177), np.float64(25.32076646175177)]
HOF ITEM
25.32076646175177
-3.0254760158043523,-2.624419547775021,-0.7014417060135641,-3.370859778610741,1.7071380680589245,-4.215758288989107,-2.4399086967285863,1.65303340222092,-3.5901229382406576,-2.810175301030906,2.6071117236353634,-0.5141672851482901,-6.813281721292513,1.1148077699794758,-2.776028085588279,0.14557041932094397,0.478742958371739,2.3119107330327813
HOF ITEM
25.32083651940878
-3.0254760158043523,-2.624419547775021,-0.7014417060135641,-3.370859778610741,1.7071380680589245,-4.215758288989107,-2.4399086967285863,1.65303340222092,-3.5901229382406576,-2.810175301030906,2.495782689204494,-0.5141672851482901,-6.813281721292513,1.1148077699794758,-2.776028085588279,0.14557041932094397,0.478742958371739,2.3119107330327813
HOF ITEM
25.327109843106197
-3.0254760158043523,-2.624419547775021,-0.7014417060135641,-3.370859778610741,1.7071380680589245,-4.215758288989107,-2.4399086967285863,1.65303340222092,-3.5901229382406576,-2.810175301030906,2.6071117236353634,-0.4840212252102585,-6.813281721292513,1.1148077699794758,-2.776028085588279,0.18492511809880968,0.4512932631437664,2.3119107330327813
HOF ITEM
25.32759040032217
-3.0254760158043523,-2.624419547775021,-0.7014417060135641,-3.370859778610741,1.7071380680589245,-4.215758288989107,-2.4399086967285863,1.65303340222092,-3.5901229382406576,-2.810175301030906,2.6071117236353634,-0.4840212252102585,-6.813281721292513,0.914372836877952,-2.776028085588279,0.18492511809880968,0.4512932631437664,2.3119107330327813
HOF ITEM
25.327652061203246
-3.0254760158043523,-2.624419547775021,-0.7014417060135641,-3.370859778610741,1.7071380680589245,-4.215758288989107,-2.4399086967285863,1.65303340222092,-3.5901229382406576,-2.810175301030906,2.495782689204494,-0.4840212252102585,-6.813281721292513,0.914372836877952,-2.776028085588279,0.18492511809880968,0.4512932631437664,2.3119107330327813
best parameter set
fitness 19.23302555982875 seed 907
-4.959135093904104,1.6270251378969545,-5.439472117089197,-3.982003957887638,-0.9786490995836786,0.1741962879245176,-1.940319458176964,1.505381739612666,2.1544509629149204,-6.710919347686165,1.5528100730080774,1.2685113873486429,-6.181650574044075,1.860535552292721,4.618141109465705,-4.198462519908385,2.2492954565938286,-5.26914646891879
