seeds are [50 51 52 53 54 55 56 57 58 59]
seed 50
Initial fitness values: [np.float64(15.87233910505624), np.float64(13.387587228969776), np.float64(12.296941929441934), np.float64(12.141718645867973), np.float64(12.141299135145804), np.float64(11.929737295574805), np.float64(11.92948378800576), np.float64(11.713125169113239), np.float64(11.535730896898883), np.float64(11.404477439062624)]
Final fitness values: [np.float64(10.730854556966044), np.float64(10.730854556966044), np.float64(10.730854556966044), np.float64(10.730484832914208), np.float64(10.730484832914208), np.float64(10.730484832914208), np.float64(10.730484832914208), np.float64(10.730484832914208), np.float64(10.730484832914208), np.float64(10.730484832914208)]
HOF ITEM
10.730484832914208
-3.6320196157620592,1.6468505635535078,4.55041534332477,-6.342919572876897,-3.5267333190280863,-1.200696143722566,-3.4666887126768695,2.168126206376918,5.377162756361801,1.2292178028068363,0.4811331679483052,-1.5355328942015058,5.289633744191066,0.14830054859383518,-4.3353426007619005,-2.42661323951902,2.6765102935350495,-2.004449117737962
HOF ITEM
10.730492672798723
-3.6320196157620592,1.6468505635535078,4.55041534332477,-6.342919572876897,-3.5267333190280863,-1.200696143722566,-3.4666887126768695,2.168126206376918,5.229513450164696,1.3856803432902312,0.4811331679483052,-1.5355328942015058,5.289633744191066,0.14830054859383518,-4.3353426007619005,-2.42661323951902,2.6765102935350495,-2.004449117737962
HOF ITEM
10.730493790442852
-3.6320196157620592,1.6468505635535078,4.55041534332477,-6.342919572876897,-3.5267333190280863,-1.200696143722566,-3.4666887126768695,2.18656971545553,5.229513450164696,1.3856803432902312,0.4811331679483052,-1.5355328942015058,5.289633744191066,0.14830054859383518,-4.3353426007619005,-2.42661323951902,2.6765102935350495,-2.004449117737962
HOF ITEM
10.730846823442015
-3.6320196157620592,1.6468505635535078,4.697344600330663,-6.342919572876897,-3.5267333190280863,-1.200696143722566,-3.4666887126768695,2.168126206376918,5.377162756361801,1.2292178028068363,0.4811331679483052,-1.5355328942015058,5.289633744191066,0.14830054859383518,-4.3353426007619005,-2.42661323951902,2.6765102935350495,-2.004449117737962
HOF ITEM
10.730847632637321
-3.6320196157620592,1.6468505635535078,4.697344600330663,-6.342919572876897,-3.5267333190280863,-1.200696143722566,-3.4666887126768695,2.18656971545553,5.377162756361801,1.2292178028068363,0.4811331679483052,-1.5355328942015058,5.289633744191066,0.14830054859383518,-4.3353426007619005,-2.42661323951902,2.6765102935350495,-2.004449117737962
seed 51
Initial fitness values: [np.float64(15.041944392260268), np.float64(14.485030246015397), np.float64(12.418981922835773), np.float64(11.853863652422422), np.float64(11.944787604017082), np.float64(11.318915243496111), np.float64(11.318915243496111), np.float64(11.200366755776013), np.float64(11.180251944406894), np.float64(11.180251944406894)]
Final fitness values: [np.float64(10.545754528812399), np.float64(10.541438387285995), np.float64(10.529924327398241), np.float64(10.529924327398241), np.float64(10.529924327398241), np.float64(10.526118699468446), np.float64(10.5236330405447), np.float64(10.5236330405447), np.float64(10.5236330405447), np.float64(10.51767932903964)]
HOF ITEM
10.51767932903964
-4.639095417376926,1.5831533298292815,1.6019566794174427,2.2073971513694253,0.7659238278742545,-5.057504512170283,-3.919483707760157,1.9369245381520843,5.778625128546727,-0.9650736343969176,0.5635794579068989,-5.75832719191339,-1.3688463033992972,1.3358746632434015,-5.6377160221108475,-3.3674045728351465,2.3182269659504207,-0.4605990928518274
HOF ITEM
10.519358283074672
-4.639095417376926,1.5831533298292815,1.6019566794174427,2.236525358080875,0.555042952160939,-5.057504512170283,-3.805595727594533,1.8488126386602297,6.058033571295833,-0.5529048243594676,0.4482874036421415,-5.873902498620734,-1.540193848148933,1.3337261944455558,-5.174072213281969,-3.3674045728351465,2.344187604247543,-0.4605990928518274
HOF ITEM
10.521778774360008
-4.639095417376926,1.5831533298292815,1.6019566794174427,2.2073971513694253,0.7659238278742545,-5.057504512170283,-3.860361125627777,1.7669865800325315,5.789062492772659,0.7223031942783652,0.6532170815760865,-5.417428817709342,-1.819812396880806,1.3017941597604024,-5.6377160221108475,-3.3674045728351465,2.3182269659504207,-0.4605990928518274
HOF ITEM
10.521902442943832
-4.639095417376926,1.5831533298292815,1.6019566794174427,2.2073971513694253,0.7659238278742545,-5.057504512170283,-3.860361125627777,1.7669865800325315,5.789062492772659,0.7223031942783652,0.6532170815760865,-5.417428817709342,-1.819812396880806,1.434856601644923,-5.679937513000685,-3.3674045728351465,2.3182269659504207,-0.4605990928518274
HOF ITEM
10.521902468356394
-4.639095417376926,1.5831533298292815,1.6019566794174427,2.2073971513694253,0.7659238278742545,-5.057504512170283,-3.860361125627777,1.7669865800325315,5.789062492772659,0.7223031942783652,0.6532170815760865,-5.417428817709342,-1.819812396880806,1.434856601644923,-5.6377160221108475,-3.3674045728351465,2.3182269659504207,-0.4605990928518274
seed 52
Initial fitness values: [np.float64(13.642865628786947), np.float64(13.642865628786947), np.float64(13.117944659770961), np.float64(12.774068628568465), np.float64(12.731261428052905), np.float64(11.80404291533692), np.float64(11.80404291533692), np.float64(11.80404291533692), np.float64(11.744242829315123), np.float64(11.658095129745291)]
Final fitness values: [np.float64(11.16358437412654), np.float64(11.16358437412654), np.float64(11.16358437412654), np.float64(11.132008873235183), np.float64(11.132008873235183), np.float64(11.084884252029061), np.float64(11.06981876578535), np.float64(11.06981876578535), np.float64(11.065929932324238), np.float64(11.061640080431953)]
HOF ITEM
11.061640080431953
-0.07271669138939975,0.2690609881822295,-2.357295388463246,-0.8043265056861939,-2.51110876398451,-5.672097777960338,-4.8352832482585475,2.8737863427837946,1.6382020390121521,-2.1178534233045005,1.7155882240381026,1.3497932122594336,5.684647265284769,1.3193044443114412,-5.589715045411457,0.48359183470462813,1.798562136886541,-0.6543263792628398
HOF ITEM
11.065929932324238
-0.07271669138939975,0.2690609881822295,-2.166973106651718,-0.7538054317806959,-2.51110876398451,-5.555228209707276,-4.8352832482585475,2.8737863427837946,1.6382020390121521,-2.1178534233045005,1.6475549455009895,1.3497932122594336,5.175103942503283,1.9127335002354298,-5.589715045411457,0.48359183470462813,1.798562136886541,-0.6543263792628398
HOF ITEM
11.06981876578535
-0.07271669138939975,0.2690609881822295,-2.166973106651718,-0.7538054317806959,-2.51110876398451,-5.555228209707276,-4.476386262700489,2.8737863427837946,1.6382020390121521,-2.1178534233045005,1.7155882240381026,1.3497932122594336,5.175103942503283,1.9127335002354298,-5.589715045411457,0.48359183470462813,1.798562136886541,-0.6543263792628398
HOF ITEM
11.06981876578535
-0.07271669138939975,0.2690609881822295,-2.166973106651718,-0.7538054317806959,-2.51110876398451,-5.555228209707276,-4.309256153421676,2.8737863427837946,1.6382020390121521,-2.1178534233045005,1.7155882240381026,1.3497932122594336,5.175103942503283,1.9127335002354298,-5.589715045411457,0.48359183470462813,1.798562136886541,-0.6543263792628398
HOF ITEM
11.06981876578535
-0.07271669138939975,0.2690609881822295,-2.166973106651718,-0.7538054317806959,-2.51110876398451,-5.555228209707276,-4.8352832482585475,2.8737863427837946,1.6382020390121521,-2.1178534233045005,1.7155882240381026,1.3497932122594336,5.175103942503283,1.9127335002354298,-5.589715045411457,0.48359183470462813,1.798562136886541,-0.6543263792628398
seed 53
Initial fitness values: [np.float64(14.245137104056933), np.float64(14.245137104056933), np.float64(13.658350247992292), np.float64(12.943507226428668), np.float64(12.943507226428668), np.float64(12.68665500866032), np.float64(12.399699937777568), np.float64(12.253320490106063), np.float64(12.099226489536981), np.float64(12.04350114418308)]
Final fitness values: [np.float64(10.220057007496344), np.float64(10.220057007496344), np.float64(10.22005671899213), np.float64(10.207325142823363), np.float64(10.207325142823363), np.float64(10.203437563633374), np.float64(10.203437563633374), np.float64(10.190311895118258), np.float64(10.190311895118258), np.float64(10.19031189511789)]
HOF ITEM
10.19031189511789
-3.177182692641752,1.5987148175839416,-2.1479126055541,7.0,0.3262306512319188,0.5849017624932951,-1.89890936182301,2.8844177035537877,-0.5858095530809819,3.8826708833639234,1.7122950605955354,-4.15428947490768,4.8972254905956465,0.0,4.587807525692762,3.4163004817590332,0.8884663927138077,-6.151817777686349
HOF ITEM
10.190311895118166
-3.177182692641752,1.5987148175839416,-2.1479126055541,7.0,0.3262306512319188,0.5849017624932951,-1.89890936182301,2.8844177035537877,-0.5858095530809819,3.8826708833639234,1.7122950605955354,-4.483806701048102,4.8972254905956465,0.0,4.587807525692762,3.4163004817590332,0.8884663927138077,-5.493346643520445
HOF ITEM
10.190311895118258
-3.177182692641752,1.5987148175839416,-2.1479126055541,7.0,0.3262306512319188,0.5849017624932951,-1.89890936182301,2.8844177035537877,-0.5858095530809819,3.8826708833639234,1.7122950605955354,-4.483806701048102,4.8972254905956465,0.0,4.587807525692762,3.4163004817590332,0.8884663927138077,-5.339233563108393
HOF ITEM
10.190311895118258
-3.177182692641752,1.5987148175839416,-2.1479126055541,7.0,0.3262306512319188,0.5849017624932951,-1.89890936182301,2.8844177035537877,-0.5858095530809819,3.8826708833639234,1.7122950605955354,-4.15428947490768,4.8972254905956465,0.0,4.587807525692762,3.4163004817590332,0.8884663927138077,-5.339233563108393
HOF ITEM
10.190311895118613
-3.177182692641752,1.5987148175839416,-2.1479126055541,7.0,0.3262306512319188,0.5849017624932951,-1.89890936182301,2.8844177035537877,-0.5858095530809819,3.8826708833639234,1.6827237466742002,-4.15428947490768,4.8972254905956465,0.0,4.587807525692762,3.4163004817590332,0.8884663927138077,-6.151817777686349
seed 54
Initial fitness values: [np.float64(14.126729897176054), np.float64(13.640163756920558), np.float64(13.165773237573328), np.float64(12.661143310653943), np.float64(12.661143310653943), np.float64(12.46155136785244), np.float64(12.442346830674346), np.float64(12.44226900184135), np.float64(12.440323946265819), np.float64(12.43583342045132)]
Final fitness values: [np.float64(10.697335977509569), np.float64(10.697335977509569), np.float64(10.697335977509569), np.float64(10.697335977509569), np.float64(10.692309166299687), np.float64(10.692309166299687), np.float64(10.692309166299687), np.float64(10.692309166299687), np.float64(10.692309166136567), np.float64(10.692309166136567)]
HOF ITEM
10.692309166136567
-5.598382254118842,1.5344372876761103,2.3057580179063777,6.62166916342965,4.791798296150284,-4.639954847560576,-1.2357626518543814,0.8957814079555493,-5.4715161091105395,-4.298020856958659,2.081573456700392,4.592466763043833,-0.23074317123405383,1.8040686180143068,-0.829238470037931,-0.7614811482431175,1.2576915750371636,-4.644302906250419
HOF ITEM
10.692309166267375
-5.598382254118842,1.5344372876761103,2.3057580179063777,6.62166916342965,4.791798296150284,-4.639954847560576,-1.2357626518543814,0.8957814079555493,-5.4715161091105395,-4.298020856958659,2.081573456700392,4.592466763043833,-0.29982570356906757,1.8040686180143068,-0.829238470037931,-0.7614811482431175,1.2576915750371636,-4.644302906250419
HOF ITEM
10.692309166299687
-5.598382254118842,1.5344372876761103,2.3057580179063777,6.62166916342965,4.791798296150284,-4.639954847560576,-1.2357626518543814,0.8957814079555493,-5.4715161091105395,-4.298020856958659,2.081573456700392,4.592466763043833,-0.29982570356906757,1.8040686180143068,-0.9450165248409814,-0.7614811482431175,1.2576915750371636,-4.644302906250419
HOF ITEM
10.692309301278195
-5.598382254118842,1.5344372876761103,2.3057580179063777,6.62166916342965,4.791798296150284,-4.639954847560576,-1.2357626518543814,0.8957814079555493,-5.4715161091105395,-4.298020856958659,2.081573456700392,4.592466763043833,-0.23074317123405383,1.8040686180143068,-0.829238470037931,-0.7614811482431175,1.2576915750371636,-5.0619139496452705
HOF ITEM
10.692309301441306
-5.598382254118842,1.5344372876761103,2.3057580179063777,6.62166916342965,4.791798296150284,-4.639954847560576,-1.2357626518543814,0.8957814079555493,-5.4715161091105395,-4.298020856958659,2.081573456700392,4.592466763043833,-0.29982570356906757,1.8040686180143068,-0.9450165248409814,-0.7614811482431175,1.2576915750371636,-5.0619139496452705
seed 55
Initial fitness values: [np.float64(16.10253735628139), np.float64(14.917970853178485), np.float64(13.900994844074102), np.float64(13.539354071148724), np.float64(13.39417024311471), np.float64(13.024102043182248), np.float64(13.024102043182248), np.float64(12.767911420140788), np.float64(12.767911420140788), np.float64(12.696207690328949)]
Final fitness values: [np.float64(10.463725255946073), np.float64(10.463725255946073), np.float64(10.463725255946073), np.float64(10.463725255946073), np.float64(10.463725255946073), np.float64(10.463725255946073), np.float64(10.463725255946073), np.float64(10.463725255946073), np.float64(10.463725255946073), np.float64(10.463725255946073)]
HOF ITEM
10.463725255946073
-2.2762805334666383,0.7276697458213829,-2.642381686317854,0.4573787620142602,0.9492660916765073,-3.8915585015904397,-6.693785532872826,2.6931173299248377,5.826575676008836,-2.667105570505178,1.8327382883709868,-3.822377328513613,3.6811035633589606,2.124897631304019,4.364889220458198,-0.9545520188092443,0.27795777367893,-5.656212559802694
HOF ITEM
10.463725255946073
-2.2762805334666383,0.7276697458213829,-2.642381686317854,0.4573787620142602,0.9492660916765073,-3.8915585015904397,-6.693785532872826,2.6931173299248377,5.826575676008836,-2.667105570505178,1.8327382883709868,-3.822377328513613,3.6811035633589606,2.554485706305424,4.364889220458198,-0.9545520188092443,0.27795777367893,-5.656212559802694
HOF ITEM
10.463725255946073
-2.2762805334666383,0.7276697458213829,-2.642381686317854,0.4573787620142602,0.9492660916765073,-3.8915585015904397,-6.677486724061389,2.6931173299248377,5.826575676008836,-2.667105570505178,1.8327382883709868,-3.822377328513613,3.6811035633589606,2.124897631304019,4.364889220458198,-0.9545520188092443,0.27795777367893,-5.656212559802694
HOF ITEM
10.463725255946073
-2.2762805334666383,0.7276697458213829,-2.642381686317854,0.4573787620142602,0.9492660916765073,-3.8915585015904397,-6.677486724061389,2.6931173299248377,5.826575676008836,-2.667105570505178,1.8327382883709868,-3.822377328513613,3.6811035633589606,2.554485706305424,4.364889220458198,-0.9545520188092443,0.27795777367893,-5.656212559802694
HOF ITEM
10.475555847116686
-2.2762805334666383,0.7276697458213829,-2.642381686317854,0.4573787620142602,1.000829867163509,-3.8684702984372836,-6.693785532872826,2.6931173299248377,5.826575676008836,-2.667105570505178,1.8327382883709868,-3.822377328513613,3.6811035633589606,2.554485706305424,4.364889220458198,-0.9545520188092443,0.27795777367893,-5.656212559802694
seed 56
Initial fitness values: [np.float64(14.535288355987971), np.float64(12.843238816573013), np.float64(12.718011313223238), np.float64(12.242843048978632), np.float64(12.142070028639743), np.float64(11.93460290299192), np.float64(11.807568266748453), np.float64(11.748284853254827), np.float64(11.501263530453848), np.float64(11.501263530453848)]
Final fitness values: [np.float64(10.672933682196227), np.float64(10.672933315891258), np.float64(10.672933315891258), np.float64(10.672933315891258), np.float64(10.672933315891258), np.float64(10.672933315891258), np.float64(10.672933315891258), np.float64(10.672933315891258), np.float64(10.672933315891258), np.float64(10.672933315891258)]
HOF ITEM
10.672933315891258
-5.807083978367077,1.553983213496951,3.631672747424173,-0.566633935353119,-0.34508090340405695,6.305783897071704,-0.3153640357937189,1.3110053477809047,-4.214038949171828,-2.435548761778565,1.3696005247483212,0.8336771475750815,-5.964139613723322,2.9434044907681,5.4485764446262195,-5.311638917152277,2.018344891629251,-6.1564551935748035
HOF ITEM
10.672933315891258
-5.807083978367077,1.553983213496951,3.631672747424173,-0.566633935353119,-0.34508090340405695,6.305783897071704,-0.3153640357937189,1.3110053477809047,-4.214038949171828,-2.435548761778565,1.3696005247483212,0.8336771475750815,-5.964139613723322,2.9434044907681,5.117793751396774,-5.311638917152277,2.018344891629251,-6.1564551935748035
HOF ITEM
10.672933682196227
-5.807083978367077,1.553983213496951,3.631672747424173,-0.566633935353119,-0.34508090340405695,6.305783897071704,-0.8247479742259549,1.3110053477809047,-4.214038949171828,-2.435548761778565,1.3696005247483212,0.8336771475750815,-5.964139613723322,2.9434044907681,5.4485764446262195,-5.311638917152277,2.018344891629251,-6.1564551935748035
HOF ITEM
10.672933682196227
-5.807083978367077,1.553983213496951,3.631672747424173,-0.566633935353119,-0.34508090340405695,6.305783897071704,-0.8247479742259549,1.3110053477809047,-4.214038949171828,-2.435548761778565,1.3696005247483212,0.8336771475750815,-5.964139613723322,2.9434044907681,5.117793751396774,-5.311638917152277,2.018344891629251,-6.1564551935748035
HOF ITEM
10.672954992075399
-5.807083978367077,1.553983213496951,3.631672747424173,-0.566633935353119,-0.34508090340405695,6.305783897071704,-0.8247479742259549,1.3110053477809047,-4.214038949171828,-2.435548761778565,1.3696005247483212,0.9931629170236189,-5.964139613723322,2.9434044907681,5.117793751396774,-5.311638917152277,2.018344891629251,-6.1564551935748035
seed 57
Initial fitness values: [np.float64(14.729871397376053), np.float64(13.867219439581879), np.float64(13.548940923793538), np.float64(12.563486123685054), np.float64(12.563486123685054), np.float64(12.475259217663494), np.float64(12.436421292221583), np.float64(12.396288420571144), np.float64(12.376303067152987), np.float64(12.348215558311134)]
Final fitness values: [np.float64(12.276593249416075), np.float64(12.276593249416075), np.float64(12.276563026965205), np.float64(12.276563026965205), np.float64(12.271998696959063), np.float64(12.271998696959063), np.float64(12.270281621611325), np.float64(12.269161176278054), np.float64(12.269161176278054), np.float64(12.269161176278054)]
HOF ITEM
12.269161176278054
-4.0997524546154755,-1.3899595593935419,7.0,3.2751429554334073,6.851864614466191,6.972201633096748,-2.924560363608481,2.0711113489911126,-1.1091065633173138,-0.6040801582669174,1.6380152452997332,0.7732140229708016,0.6830012815935453,2.119949033298506,3.4641666067234076,-0.35056113824794305,0.9173065599108172,3.540080849744258
HOF ITEM
12.2691621504425
-4.0997524546154755,-1.3670919830716353,7.0,3.2751429554334073,6.851864614466191,6.972201633096748,-2.924560363608481,2.0711113489911126,-1.1091065633173138,-0.6040801582669174,1.6380152452997332,0.7732140229708016,0.6830012815935453,2.119949033298506,3.4641666067234076,-0.35056113824794305,0.9173065599108172,3.540080849744258
HOF ITEM
12.269174920993137
-4.0997524546154755,-1.3899595593935419,7.0,3.2751429554334073,6.851864614466191,6.972201633096748,-2.924560363608481,2.0711113489911126,-1.1091065633173138,-0.8602162814849758,1.969793869643055,0.8917504425781386,0.6999489850845431,2.119949033298506,3.7065986311489523,-0.35056113824794305,0.9173065599108172,3.540080849744258
HOF ITEM
12.270007062312132
-4.0997524546154755,-1.3899595593935419,7.0,3.2751429554334073,6.850848234424499,6.972201633096748,-2.924560363608481,2.0711113489911126,-1.1091065633173138,-0.8469100890386527,1.6380152452997332,0.7732140229708016,0.6830012815935453,2.119949033298506,3.4641666067234076,-0.35056113824794305,0.9173065599108172,3.540080849744258
HOF ITEM
12.270047989164318
-4.0997524546154755,-1.5983118032025552,7.0,3.2751429554334073,6.850848234424499,6.972201633096748,-2.924560363608481,2.0711113489911126,-1.1091065633173138,-0.6040801582669174,1.6380152452997332,0.7732140229708016,0.6830012815935453,2.119949033298506,3.4641666067234076,-0.35056113824794305,0.9173065599108172,3.540080849744258
seed 58
Initial fitness values: [np.float64(13.207987911552774), np.float64(13.127770525085106), np.float64(12.899436035097766), np.float64(12.86486746862726), np.float64(12.834924421723658), np.float64(12.834924421723658), np.float64(12.57243410765226), np.float64(12.210343504177558), np.float64(12.119615754865848), np.float64(12.022271765590439)]
Final fitness values: [np.float64(9.073695163095305), np.float64(9.073695163095305), np.float64(9.073695163095305), np.float64(9.073695163095305), np.float64(9.043990129712283), np.float64(9.043990129712283), np.float64(9.016568803514527), np.float64(9.016568803514527), np.float64(9.016568803514527), np.float64(9.016568803514527)]
HOF ITEM
9.016568803514527
-6.025907366329587,1.2871534509807585,-2.9421322071475147,2.8999752148377365,4.0208524587458765,-2.9155267506836067,-4.942100503593715,1.9327600451375149,-0.9963300307060592,0.3575738466630981,1.7720511345901693,5.748899720768797,-5.338409814883994,1.8248322197469098,6.376765826336376,0.30961405579509127,3.0,-0.6953133767901617
HOF ITEM
9.016568803514527
-6.025907366329587,1.2871534509807585,-2.9421322071475147,2.8999752148377365,4.0208524587458765,-2.9155267506836067,-4.942100503593715,1.9327600451375149,-0.9963300307060592,0.3575738466630981,1.7720511345901693,5.748899720768797,-5.338409814883994,1.8248322197469098,6.376765826336376,0.5792050524087,3.0,-0.6953133767901617
HOF ITEM
9.016568803514527
-6.025907366329587,1.2871534509807585,-2.9421322071475147,2.8999752148377365,4.0208524587458765,-2.9155267506836067,-4.942100503593715,1.9327600451375149,-0.9963300307060592,0.3575738466630981,1.7720511345901693,5.748899720768797,-5.338409814883994,1.8248322197469098,6.376765826336376,0.5904616878329612,3.0,-0.6953133767901617
HOF ITEM
9.01690594687401
-6.025907366329587,1.2871534509807585,-2.9421322071475147,2.8999752148377365,4.0208524587458765,-2.9155267506836067,-4.942100503593715,1.9393789381118194,-0.9963300307060592,0.5728562684875728,1.7720511345901693,5.748899720768797,-5.338409814883994,1.8248322197469098,6.376765826336376,0.5904616878329612,3.0,-0.6953133767901617
HOF ITEM
9.020086877835364
-6.025907366329587,1.2871534509807585,-2.9421322071475147,2.8999752148377365,4.0208524587458765,-2.9155267506836067,-4.942100503593715,1.9327600451375149,-0.9963300307060592,0.5728562684875728,1.7720511345901693,5.748899720768797,-5.2079178404253055,1.8248322197469098,6.376765826336376,0.5792050524087,3.0,-0.6953133767901617
seed 59
Initial fitness values: [np.float64(13.19468612529363), np.float64(13.19468612529363), np.float64(12.631473103358323), np.float64(12.389011335924172), np.float64(12.305273872848426), np.float64(11.685674115586474), np.float64(11.685674115586474), np.float64(11.614354500923387), np.float64(11.544067971216679), np.float64(11.422222752458069)]
Final fitness values: [np.float64(11.008022747151092), np.float64(11.008022747151092), np.float64(11.00801807695611), np.float64(11.00801807695611), np.float64(11.00801807695611), np.float64(11.00801807695611), np.float64(11.00801807695611), np.float64(11.00801807695611), np.float64(11.00801807695611), np.float64(11.00801807695611)]
HOF ITEM
11.00801807695611
4.349567656755465,-0.5880413503057483,-3.6436327553405166,2.0105419954697017,6.151520328358966,-0.7034773517811302,3.7720416090989657,1.1796295699137112,-2.317680925759794,3.4487590113139253,2.5903932354577184,3.1429981006031658,0.8332054202127892,2.1207961920085414,-3.7705638152649255,-7.0,1.0682784395491707,3.504187348748835
HOF ITEM
11.00801807695611
4.349567656755465,-0.5880413503057483,-3.6436327553405166,2.0105419954697017,6.151520328358966,-0.7034773517811302,3.7720416090989657,1.1796295699137112,-2.317680925759794,3.5386691510533037,2.5903932354577184,3.1429981006031658,0.8332054202127892,2.1207961920085414,-3.7705638152649255,-7.0,1.0682784395491707,3.504187348748835
HOF ITEM
11.008022747151092
4.349567656755465,-0.5880413503057483,-3.6436327553405166,2.0105419954697017,6.151520328358966,-0.7034773517811302,3.7720416090989657,1.1796295699137112,-2.317680925759794,3.4487590113139253,2.2468109720754468,3.1429981006031658,0.8332054202127892,2.1207961920085414,-3.7705638152649255,-7.0,1.0682784395491707,3.504187348748835
HOF ITEM
11.008199867821382
4.360381918904939,-0.5880413503057483,-3.602095796644448,2.0105419954697017,6.151520328358966,-0.724101704948613,3.7720416090989657,1.1796295699137112,-2.317680925759794,3.5386691510533037,2.5903932354577184,3.1429981006031658,0.8332054202127892,2.1207961920085414,-3.7705638152649255,-7.0,1.0682784395491707,3.500287986045206
HOF ITEM
11.00820453746265
4.360381918904939,-0.5880413503057483,-3.602095796644448,2.0105419954697017,6.151520328358966,-0.724101704948613,3.7720416090989657,1.1796295699137112,-2.317680925759794,3.4487590113139253,2.2468109720754468,3.1429981006031658,0.8332054202127892,2.1207961920085414,-3.7705638152649255,-7.0,1.0682784395491707,3.500287986045206
best parameter set
fitness 8.879505494859853 seed 58
-6.01465981709343,1.3102028496216234,-2.937904370113915,2.89916719164133,4.021661967010956,-2.919758610148047,-4.942117507651148,1.9482055773378513,-0.9835308153610262,0.5728562684875728,1.7720511345901693,5.748899720768797,-5.338376795787231,1.8248758954607112,6.376759997524243,0.5904616878329612,3.0,-0.6953133767901617
