seeds are [260 261 262 263 264 265 266 267 268 269]
seed 260
Initial fitness values: [np.float64(14.92732409735518), np.float64(14.428370111715607), np.float64(13.27108407518268), np.float64(12.380184311138366), np.float64(12.380184311138366), np.float64(12.310749087926535), np.float64(12.310749087926535), np.float64(12.310749087926535), np.float64(12.310749087926535), np.float64(12.30285728177693)]
Final fitness values: [np.float64(12.29441205910657), np.float64(12.29441205910657), np.float64(12.29441205910657), np.float64(12.29441205910657), np.float64(12.29441205910657), np.float64(12.29441205910657), np.float64(12.29441205910657), np.float64(12.29441205910657), np.float64(12.29441205910657), np.float64(12.29441205910657)]
HOF ITEM
12.29441205910657
-0.294365707987855,-1.7683048360251195,1.0588939676596365,4.735501594683666,0.7895825576565659,-3.4247137218816146,3.6569623533359668,0.2893845485375193,-1.0834569481726888,0.351025792059778,2.1149245623100876,-0.9600320689558188,4.11418407427866,2.190628095071363,4.707475766097115
HOF ITEM
12.29441205910657
-0.294365707987855,-1.7683048360251195,1.0588939676596365,4.735501594683666,0.7895825576565659,-3.4247137218816146,3.6569623533359668,0.2893845485375193,-1.0834569481726888,0.351025792059778,2.1149245623100876,-0.9600320689558188,4.11418407427866,2.1687943899063122,4.707475766097115
HOF ITEM
12.294412071330008
-0.294365707987855,-1.7683048360251195,1.0588939676596365,4.735501594683666,0.7895825576565659,-3.4247137218816146,3.6569623533359668,0.2893845485375193,-1.0834569481726888,0.351025792059778,2.1149245623100876,-0.9600320689558188,3.942856184112694,2.071667855168661,4.7570888636114885
HOF ITEM
12.294583336514716
-0.294365707987855,-1.7683048360251195,1.0588939676596365,4.735501594683666,0.7895825576565659,-3.4247137218816146,3.6569623533359668,0.2989915388715249,-1.1601353177775127,0.351025792059778,2.1149245623100876,-0.9600320689558188,4.234451846956798,2.1687943899063122,4.707475766097115
HOF ITEM
12.294583336514716
-0.294365707987855,-1.7683048360251195,1.0588939676596365,4.735501594683666,0.7895825576565659,-3.4247137218816146,3.6569623533359668,0.2989915388715249,-1.1601353177775127,0.351025792059778,2.1149245623100876,-0.9600320689558188,4.11418407427866,2.1687943899063122,4.707475766097115
seed 261
Initial fitness values: [np.float64(13.984144420372623), np.float64(13.984144420372623), np.float64(13.553629734345778), np.float64(13.43790214296612), np.float64(12.70456552086578), np.float64(12.70456552086578), np.float64(12.703860326160555), np.float64(12.622738533539062), np.float64(12.622738533539062), np.float64(12.5289192408604)]
Final fitness values: [np.float64(12.294068289020396), np.float64(12.294068289020396), np.float64(12.294068289020396), np.float64(12.294068289020396), np.float64(12.294068289020396), np.float64(12.294068289020396), np.float64(12.294068289020396), np.float64(12.294068289020396), np.float64(12.294068289020396), np.float64(12.293784790450964)]
HOF ITEM
12.293784790450964
-1.4524467489843096,-3.7553036448487216,2.154407793840269,-5.348731514895092,-0.42767107849367686,1.7230594107151642,2.8428870280453498,0.8410296958282633,3.226285783844145,3.245035573279565,2.133717224872822,-6.617244515289059,-0.5751604673046075,2.118265285351029,-1.9422557379604288
HOF ITEM
12.294068289020396
-1.4524467489843096,-4.0,2.154407793840269,-5.348731514895092,-0.42767107849367686,1.7230594107151642,2.8428870280453498,0.6860941720427779,3.4018320907821384,3.0735859660252656,2.1186361783040937,-6.576931375218693,-0.5751604673046075,2.1197167111677064,-1.9422557379604288
HOF ITEM
12.294068289020396
-1.4524467489843096,-3.710503478116507,2.154407793840269,-5.348731514895092,-0.42767107849367686,1.7230594107151642,2.8428870280453498,0.6860941720427779,3.4018320907821384,3.0735859660252656,2.1186361783040937,-6.576931375218693,-0.5751604673046075,2.1197167111677064,-1.9422557379604288
HOF ITEM
12.2940682890204
-1.4524467489843096,-4.0,2.154407793840269,-5.348731514895092,-0.42767107849367686,1.7230594107151642,2.8428870280453498,0.6860941720427779,3.4018320907821384,3.0735859660252656,2.1186361783040937,-6.707010004677136,-0.5751604673046075,2.1197167111677064,-1.9422557379604288
HOF ITEM
12.294068289020412
-1.4524467489843096,-3.710503478116507,2.154407793840269,-5.348731514895092,-0.42767107849367686,1.7230594107151642,2.8428870280453498,0.6860941720427779,3.4018320907821384,3.0735859660252656,2.1186361783040937,-6.831350293632573,-0.5751604673046075,2.1197167111677064,-1.9422557379604288
seed 262
Initial fitness values: [np.float64(11.98393084312678), np.float64(11.98393084312678), np.float64(11.898420873300882), np.float64(11.220519815024153), np.float64(10.789068343052474), np.float64(10.789068343052474), np.float64(10.726530319919034), np.float64(10.726530319919034), np.float64(10.715619649790161), np.float64(10.672359556501508)]
Final fitness values: [np.float64(10.336569908661287), np.float64(10.336566617774414), np.float64(10.336566617774414), np.float64(10.336566617774414), np.float64(10.331483185820087), np.float64(10.331483185820087), np.float64(10.331483185820087), np.float64(10.330668959152955), np.float64(10.330668959152955), np.float64(10.330668959152955)]
HOF ITEM
10.330668959152955
-2.383181013291306,1.5407391258563792,6.031446464071927,-5.933767098955573,2.59660635703783,2.897209341722121,6.716580442142442,1.7092421635320245,6.424012113542663,-1.1958680565754305,2.6153635952127097,-0.8007622644294878,2.6315769470483388,0.05853637447179061,2.814788510748355
HOF ITEM
10.330668959152955
-2.383181013291306,1.5407391258563792,6.031446464071927,-5.933767098955573,2.59660635703783,2.897209341722121,6.758811130766982,1.7092421635320245,6.424012113542663,-1.1958680565754305,2.6153635952127097,-0.8007622644294878,2.6315769470483388,0.05853637447179061,2.814788510748355
HOF ITEM
10.330668959152955
-2.383181013291306,1.5407391258563792,6.031446464071927,-5.933767098955573,2.59660635703783,2.897209341722121,6.758811130766982,1.7092421635320245,6.047463179450932,-1.1958680565754305,2.6153635952127097,-0.8007622644294878,2.6315769470483388,0.05853637447179061,2.814788510748355
HOF ITEM
10.330668959152955
-2.383181013291306,1.5407391258563792,6.031446464071927,-5.933767098955573,2.59660635703783,2.897209341722121,6.716580442142442,1.5520310252014118,6.047463179450932,-1.1958680565754305,2.6153635952127097,-0.8007622644294878,2.6315769470483388,0.05853637447179061,2.814788510748355
HOF ITEM
10.331482684685502
-2.383181013291306,1.5407391258563792,6.031446464071927,-6.32301470682919,2.59660635703783,2.897209341722121,6.716580442142442,1.5520310252014118,6.047463179450932,-1.1958680565754305,2.6153635952127097,-0.8007622644294878,2.531642505098278,0.05853637447179061,2.7135933435067967
seed 263
Initial fitness values: [np.float64(15.24080117742187), np.float64(13.875468801818629), np.float64(13.823399249344957), np.float64(13.578529911580295), np.float64(13.469019147163312), np.float64(13.432933052447648), np.float64(13.340577536758817), np.float64(13.295480631982732), np.float64(13.262870869473641), np.float64(13.262870869473641)]
Final fitness values: [np.float64(11.172732823920198), np.float64(11.169732492114692), np.float64(11.163719177989892), np.float64(11.163719177989892), np.float64(11.156373643979203), np.float64(11.156196198363464), np.float64(11.156196198363464), np.float64(11.156091774619657), np.float64(11.145682290699655), np.float64(11.145539597180772)]
HOF ITEM
11.145539597180772
4.325886537749212,-0.56421551851952,4.47844642825649,4.5115989317692,3.5823389576072913,0.1800270180643858,4.9620380707002845,1.376847079375323,5.321937099341661,6.017760758327097,0.37773078515186914,-7.0,1.2745857455553582,2.3181875417366737,-0.4879154112611924
HOF ITEM
11.145682290699655
4.325886537749212,-0.56421551851952,4.47844642825649,4.5115989317692,3.5823389576072913,0.1800270180643858,4.9620380707002845,1.376847079375323,5.321937099341661,6.017760758327097,0.7525109336615237,-7.0,1.2745857455553582,2.3181875417366737,-0.4879154112611924
HOF ITEM
11.15354255138787
4.325886537749212,-0.56421551851952,4.352466818586229,4.5115989317692,3.650067024451902,0.029668547315559346,4.775133916015662,1.3981940092944327,5.321937099341661,6.112507216305522,0.7525109336615237,-7.0,1.2745857455553582,2.3181875417366737,-0.4879154112611924
HOF ITEM
11.153980689004452
4.325886537749212,-0.56421551851952,4.352466818586229,4.5115989317692,3.650067024451902,0.029668547315559346,4.775133916015662,1.3981940092944327,5.321937099341661,6.434390388140318,0.37773078515186914,-7.0,1.2745857455553582,2.3181875417366737,-0.4879154112611924
HOF ITEM
11.155923953952826
4.325886537749212,-0.56421551851952,4.352466818586229,4.5115989317692,3.650067024451902,0.029668547315559346,4.775133916015662,1.3981940092944327,5.321937099341661,6.434390388140318,0.7525109336615237,-7.0,1.2745857455553582,2.2969351825701705,-0.4879154112611924
seed 264
Initial fitness values: [np.float64(13.766584186288481), np.float64(13.766584186288481), np.float64(13.546824437515939), np.float64(13.408666110906694), np.float64(13.408666110906694), np.float64(13.399306275770872), np.float64(13.295695296958398), np.float64(13.293476409615446), np.float64(12.856360688691968), np.float64(12.855344644945735)]
Final fitness values: [np.float64(11.168294584823602), np.float64(11.12565768102346), np.float64(11.12565768102346), np.float64(11.109148499301735), np.float64(11.109148499301552), np.float64(11.109148499301552), np.float64(11.09926527533308), np.float64(11.09926527533308), np.float64(11.096338005226666), np.float64(11.096338005226666)]
HOF ITEM
11.096338005226666
-2.7778579249461828,1.1135361617021278,-1.5205616495671492,2.2120048113123647,0.022955295986574087,0.9088750216093184,1.10707716131685,0.9473873841291923,4.162428817232949,-5.793999567870982,3.0,-0.2720888454738058,2.3256230495584043,2.0333871824965923,-2.7510322980495294
HOF ITEM
11.096338005226684
-2.7778579249461828,1.1135361617021278,-1.5205616495671492,2.2120048113123647,0.022955295986574087,0.9088750216093184,1.10707716131685,0.9473873841291923,4.162428817232949,-5.793999567870982,3.0,-0.2720888454738058,2.3256230495584043,2.0333871824965923,-2.2870205830752908
HOF ITEM
11.09926527533308
-2.7778579249461828,1.1135361617021278,-1.5205616495671492,2.2804432576955684,-0.12953286908554412,1.6427015819163857,1.0742818668822411,0.9711662786930121,4.162428817232949,-5.841952428586833,3.0,-0.2720888454738058,2.3256230495584043,2.0333871824965923,-2.2870205830752908
HOF ITEM
11.09926527533308
-2.7778579249461828,1.1135361617021278,-1.5205616495671492,2.2804432576955684,-0.12953286908554412,1.6427015819163857,1.0742818668822411,0.9711662786930121,4.162428817232949,-5.793999567870982,3.0,-0.2720888454738058,2.3256230495584043,2.0333871824965923,-2.2870205830752908
HOF ITEM
11.102351785271683
-2.7778579249461828,1.1135361617021278,-1.3754648171347612,2.2804432576955684,-0.12953286908554412,1.6427015819163857,1.0742818668822411,0.9711662786930121,4.162428817232949,-5.841952428586833,3.0,-0.2720888454738058,2.3256230495584043,2.0333871824965923,-2.2870205830752908
seed 265
Initial fitness values: [np.float64(14.134303013345734), np.float64(13.09315590850034), np.float64(12.99529614440363), np.float64(12.863902374865777), np.float64(12.77097561686316), np.float64(12.745614897248764), np.float64(12.382678464827348), np.float64(12.382678464827348), np.float64(12.38267846482734), np.float64(12.38267846482734)]
Final fitness values: [np.float64(12.277172009589561), np.float64(12.277172009589561), np.float64(12.27717095876941), np.float64(12.277168464689028), np.float64(12.277168464689028), np.float64(12.27716741478029), np.float64(12.277167410501482), np.float64(12.277167410501482), np.float64(12.277167081052445), np.float64(12.277167081052445)]
HOF ITEM
12.277167081052445
-5.168018609821314,-3.3414562289790677,-0.6814928198745503,7.0,-7.0,4.363984143538475,6.172130751369264,0.37911574634922446,0.05190385271989717,-3.90769390200298,2.115354385983659,-0.45941652400711475,-0.2560783743220813,2.585813916067326,-2.1906781420922963
HOF ITEM
12.277167409211074
-5.168018609821314,-2.9778106977372105,-0.7679489994213142,7.0,-7.0,4.880578927336419,6.510027174752501,0.9117616105835722,-0.26508536871556143,-3.90769390200298,2.115354385983659,-0.45941652400711475,-0.20688812258998274,2.356915494109736,-2.1906781420922963
HOF ITEM
12.277167409396615
-5.168018609821314,-3.3414562289790677,-0.8468810273136869,7.0,-7.0,4.880578927336419,6.474102430155625,0.8132456472889664,-0.6225396217122385,-3.90769390200298,2.115354385983659,-0.45941652400711475,-0.2560783743220813,2.3173333482768976,-2.1906781420922963
HOF ITEM
12.277167410501482
-5.168018609821314,-2.8194412105719824,-0.6814928198745503,7.0,-7.0,4.880578927336419,6.474102430155625,0.8132456472889664,-0.6225396217122385,-3.90769390200298,2.115354385983659,-0.45941652400711475,-0.2560783743220813,2.3173333482768976,-2.4018666597384475
HOF ITEM
12.277167410501482
-5.168018609821314,-3.3414562289790677,-0.6814928198745503,7.0,-7.0,4.880578927336419,6.474102430155625,0.8132456472889664,-0.6225396217122385,-3.90769390200298,2.115354385983659,-0.45941652400711475,-0.2560783743220813,2.379236950500744,-2.220084324709558
seed 266
Initial fitness values: [np.float64(13.618899464042293), np.float64(13.618899464042293), np.float64(13.608083470344278), np.float64(13.546559527594413), np.float64(13.497720333808148), np.float64(13.497720333808148), np.float64(13.486284299226313), np.float64(13.481716313876042), np.float64(13.481716313876042), np.float64(13.479914153197699)]
Final fitness values: [np.float64(10.860471391846406), np.float64(10.859354983749892), np.float64(10.859354983749892), np.float64(10.850125285372567), np.float64(10.850125285372567), np.float64(10.849949151717356), np.float64(10.849949151717356), np.float64(10.838314750291389), np.float64(10.838314750291389), np.float64(10.824259334062434)]
HOF ITEM
10.824259334062434
-6.57927368063203,1.4057135270147436,0.4821618101278023,0.23241225586354017,-0.5277878360443825,-2.0616876511974445,1.4760036221741912,3.0,0.5170701753087351,1.0354457497798597,2.5858474455567415,-3.9030612218624974,-5.365606720924094,1.8399389344294976,-0.6314619951181372
HOF ITEM
10.838314750291389
-6.57927368063203,1.3974315830976014,0.4821618101278023,0.23241225586354017,-0.5277878360443825,-2.0616876511974445,1.4760036221741912,3.0,0.5170701753087351,1.3296172002066482,2.53665379573233,-3.9030612218624974,-5.365606720924094,1.8399389344294976,-0.6314619951181372
HOF ITEM
10.838314750291389
-6.57927368063203,1.3974315830976014,0.4821618101278023,0.23241225586354017,-0.5277878360443825,-2.0616876511974445,1.4760036221741912,3.0,0.5725645242662991,1.0354457497798597,2.5858474455567415,-3.9030612218624974,-5.365606720924094,1.8399389344294976,-0.6314619951181372
HOF ITEM
10.838314750291389
-6.57927368063203,1.3974315830976014,0.4821618101278023,0.23241225586354017,-0.5277878360443825,-2.0616876511974445,1.4760036221741912,3.0,0.5725645242662991,1.2438015035672936,2.7896211935158894,-3.970490453564201,-5.365606720924094,1.8399389344294976,-0.6314619951181372
HOF ITEM
10.838314750291389
-6.57927368063203,1.3974315830976014,0.4821618101278023,0.23241225586354017,-0.5277878360443825,-2.0616876511974445,1.417406759625395,2.871863648294409,0.5170701753087351,1.3296172002066482,2.5858474455567415,-3.9030612218624974,-5.365606720924094,1.8399389344294976,-0.6314619951181372
seed 267
Initial fitness values: [np.float64(14.462852988236437), np.float64(13.44021285544412), np.float64(13.19057680813807), np.float64(13.17821523540759), np.float64(12.784462909886221), np.float64(12.596724892159088), np.float64(12.427701940486072), np.float64(12.019621112954576), np.float64(11.890576344528967), np.float64(11.705216818079826)]
Final fitness values: [np.float64(10.288060459298318), np.float64(10.279680165209914), np.float64(10.279680165209914), np.float64(10.267023662683611), np.float64(10.267023662683611), np.float64(10.24026921462674), np.float64(10.235366435281808), np.float64(10.144138618979373), np.float64(10.052441733889527), np.float64(10.052441733889527)]
HOF ITEM
10.052441733889527
4.232169042208392,-0.6386025215210148,0.18901127761045403,-1.9186029629470278,-1.9443784260199612,-0.6103771381198215,4.85240971322255,0.3990345736862766,2.4666503589490385,1.0803293039763149,2.437316712935666,-0.6761157475342625,0.3486090649218122,3.0,2.718910479667691
HOF ITEM
10.144138618979373
4.312099189775903,-0.6386025215210148,0.1559881984619364,-1.8882959322488362,-1.7692787650187312,-0.44549639860083184,5.360114816971379,0.0,2.539038346056219,1.1214855998134678,2.437316712935666,-0.6530176125537475,0.41790062466169414,3.0,2.718910479667691
HOF ITEM
10.226813836116037
4.312099189775903,-0.6386025215210148,0.18901127761045403,-1.8723744452189948,-1.7692787650187312,-0.44549639860083184,5.360114816971379,0.0,2.539038346056219,1.1214855998134678,2.437316712935666,-0.6416684744228838,0.41790062466169414,3.0,2.718910479667691
HOF ITEM
10.229517407532654
4.312099189775903,-0.6386025215210148,0.18901127761045403,-1.8723744452189948,-1.9537203361378412,-0.44549639860083184,5.354339147572556,0.35386366076796755,2.919331039330851,1.1214855998134678,2.437316712935666,-0.6416684744228838,0.41790062466169414,3.0,2.6072792732401537
HOF ITEM
10.235366435281808
4.312099189775903,-0.6386025215210148,0.23151515657551666,-1.8723744452189948,-1.9537203361378412,-0.44549639860083184,5.354339147572556,0.3990345736862766,2.285541863932865,1.1214855998134678,2.437316712935666,-0.6416684744228838,0.41790062466169414,3.0,2.718910479667691
seed 268
Initial fitness values: [np.float64(14.75028887331913), np.float64(13.09737718558618), np.float64(13.09737718558618), np.float64(13.09737718558618), np.float64(12.504735029503456), np.float64(11.486880119926987), np.float64(11.340415779374721), np.float64(10.88420848341665), np.float64(10.88420848341665), np.float64(10.88420848341665)]
Final fitness values: [np.float64(10.639989769922924), np.float64(10.639355841308534), np.float64(10.627444167249132), np.float64(10.627444167249132), np.float64(10.627444167249132), np.float64(10.619013280525415), np.float64(10.619013280525415), np.float64(10.617860573939469), np.float64(10.613483254603937), np.float64(10.613467803279311)]
HOF ITEM
10.613467803279311
-5.106727353099642,1.5730184772998546,-3.7226520949777813,-4.429605425583446,3.7355127947332525,6.072838677914881,-3.7267132071113456,0.0,-1.224458631168643,-4.508268636376632,2.208767534778763,-6.684278018144763,3.3132942114192354,0.6011164163280756,-1.3886152407141648
HOF ITEM
10.613482920545891
-5.106727353099642,1.5730184772998546,-3.6357088154926673,-4.367591461943309,3.7355127947332525,6.5936872459492815,-4.52984140552341,0.0,-1.3406564636729266,-4.508268636376632,2.208767534778763,-6.655309822855131,3.12518906224551,0.7190330805611984,-1.1488920572226102
HOF ITEM
10.613483254603937
-5.106727353099642,1.5730184772998546,-3.6357088154926673,-4.367591461943309,3.7355127947332525,6.686363639481101,-4.52984140552341,0.0,-1.3406564636729266,-4.508268636376632,2.208767534778763,-6.655309822855131,3.38554636494254,0.7190330805611984,-1.1488920572226102
HOF ITEM
10.613483254648555
-5.106727353099642,1.5730184772998546,-3.6357088154926673,-4.367591461943309,3.7355127947332525,6.686363639481101,-4.52984140552341,0.0,-1.3406564636729266,-4.508268636376632,2.208767534778763,-6.655309822855131,3.12518906224551,0.7190330805611984,-1.1488920572226102
HOF ITEM
10.613483669352904
-5.106727353099642,1.5730184772998546,-3.6357088154926673,-4.367591461943309,3.7355127947332525,6.814815110001712,-4.52984140552341,0.0,-1.3406564636729266,-4.508268636376632,2.208767534778763,-6.655309822855131,3.3715393421673916,0.7190330805611984,-1.1488920572226102
seed 269
Initial fitness values: [np.float64(13.806232876377814), np.float64(13.767235355503148), np.float64(13.509751201496913), np.float64(13.429615171152351), np.float64(13.429615171152351), np.float64(13.376563298018803), np.float64(13.29633136351312), np.float64(13.264896968073268), np.float64(13.259166762029908), np.float64(13.236977137063977)]
Final fitness values: [np.float64(11.066531170509647), np.float64(11.066531170509647), np.float64(11.066531170509647), np.float64(11.066220074987543), np.float64(11.066220074987543), np.float64(11.065491973863278), np.float64(11.065491973863278), np.float64(11.065491973863278), np.float64(11.065491973863278), np.float64(11.065491960802436)]
HOF ITEM
11.065491960802436
1.5299017307511642,0.4060464097732055,-6.763991590706619,-0.17626146124682468,5.57353075538334,-2.0815320276236484,1.6462609200397895,0.0,-3.4939715417878126,3.563092862210545,3.0,4.402408400617604,0.6605815696812497,2.1930030783981764,-4.168821239509608
HOF ITEM
11.065491973863278
1.5299017307511642,0.4060464097732055,-6.763991590706619,-0.17626146124682468,5.57353075538334,-2.0815320276236484,1.6462609200397895,0.0,-3.4939715417878126,3.563092862210545,2.1864809218115093,4.402408400617604,0.6605815696812497,2.1930030783981764,-4.168821239509608
HOF ITEM
11.065494666930764
1.5299017307511642,0.4060464097732055,-6.763991590706619,-0.17626146124682468,5.57353075538334,-2.0815320276236484,1.6462609200397895,0.0,-3.524202982835741,3.7316415194547337,3.0,4.402408400617604,0.6605815696812497,2.1930030783981764,-4.168821239509608
HOF ITEM
11.065505811016461
1.5299017307511642,0.4060464097732055,-6.763991590706619,-0.17626146124682468,5.57353075538334,-2.0815320276236484,1.6462609200397895,0.02042338936028104,-3.4939715417878126,3.4903272732021167,2.1864809218115093,4.402408400617604,0.6605815696812497,2.1930030783981764,-4.168821239509608
HOF ITEM
11.065952209580436
1.5299017307511642,0.4060464097732055,-6.763991590706619,-0.09895494163947595,5.614810478991766,-2.0815320276236484,1.6462609200397895,0.0,-3.4939715417878126,3.563092862210545,3.0,4.402408400617604,0.6605815696812497,2.1930030783981764,-4.168821239509608
best parameter set
fitness 9.289431414341795 seed 267
4.316078314296706,-0.6775667270915984,0.25316015110970214,-1.87553584812495,-1.6128291662013399,-0.6699528738480452,5.343754317929806,0.0,2.558748001225285,1.07054695976721,2.934835774583919,-0.7347805581783493,0.5067721258807796,2.999012817779511,2.738044236934596
