seeds are [570 571 572 573 574 575 576 577 578 579]
seed 570
Initial fitness values: [np.float64(32.71809663266546), np.float64(30.335787132157638), np.float64(28.916721525753765), np.float64(28.501129927981907), np.float64(28.359425658307856), np.float64(27.992571764540273), np.float64(27.992571764540273), np.float64(27.816838037935472), np.float64(27.74388074169549), np.float64(27.69958019079838)]
Final fitness values: [np.float64(23.89873777066607), np.float64(23.89873777066607), np.float64(23.895076972943237), np.float64(23.895076972943237), np.float64(23.895076972943237), np.float64(23.89249180616557), np.float64(23.89249180616557), np.float64(23.89249180616557), np.float64(23.89249180616557), np.float64(23.89249180616557)]
HOF ITEM
23.89249180616557
4.622619012488273,-0.6347201521230802,-1.6794608690783073,1.1929978412432325,2.1694131554867733,5.9711758973021665,1.3340804605068788,2.73618105070732,1.126373660123169,5.882698762616535,3.0,6.995016543736329,0.6082568738938602,2.130930594258755,4.329367984869657
HOF ITEM
23.89249180616557
4.622619012488273,-0.6347201521230802,-1.6794608690783073,1.1929978412432325,2.1694131554867733,5.9711758973021665,1.3340804605068788,2.73618105070732,1.126373660123169,5.3436809545667705,3.0,6.995016543736329,0.6082568738938602,2.130930594258755,4.329367984869657
HOF ITEM
23.892729692049045
4.622619012488273,-0.6347201521230802,-1.6794608690783073,1.1929978412432325,2.1694131554867733,5.9711758973021665,1.3340804605068788,2.73618105070732,1.126373660123169,5.3436809545667705,3.0,6.995016543736329,0.6082568738938602,2.130930594258755,4.538170090848295
HOF ITEM
23.893505274754666
4.622619012488273,-0.6347201521230802,-1.6794608690783073,1.1929978412432325,2.1694131554867733,6.076679076534967,1.3340804605068788,2.73618105070732,1.126373660123169,5.882698762616535,3.0,6.995016543736329,0.6082568738938602,2.130930594258755,4.329367984869657
HOF ITEM
23.89371934596058
4.622619012488273,-0.6347201521230802,-1.6794608690783073,1.1929978412432325,2.1694131554867733,6.076679076534967,1.3340804605068788,2.73618105070732,1.126373660123169,5.3436809545667705,3.0,6.995016543736329,0.6082568738938602,2.130930594258755,4.538170090848295
seed 571
Initial fitness values: [np.float64(30.74396409595731), np.float64(26.568627093054133), np.float64(26.42354173990747), np.float64(26.42354173990747), np.float64(26.118741038443705), np.float64(26.118741038443705), np.float64(26.118741038443705), np.float64(26.09470057620234), np.float64(26.09470057620234), np.float64(25.942931538542638)]
Final fitness values: [np.float64(25.759787015619153), np.float64(25.759787015619153), np.float64(25.759787015463417), np.float64(25.759787015463417), np.float64(25.759787015463417), np.float64(25.759787015463417), np.float64(25.759787015463417), np.float64(25.759787015463417), np.float64(25.759787015463417), np.float64(25.759787015463417)]
HOF ITEM
25.759787015463417
0.6131053202913843,-4.0,1.453315658667999,1.3879109365589282,6.591782952247363,2.275365993588386,6.339056780804706,1.2345079528297465,-2.7425901437455535,0.38368618168456686,2.14330155466757,-4.309529922789675,5.059396298039537,0.0,-5.056882290424179
HOF ITEM
25.759787015619153
0.6131053202913843,-4.0,1.453315658667999,1.3879109365589282,6.591782952247363,2.275365993588386,6.339056780804706,1.2345079528297465,-2.6862142520484458,0.38368618168456686,2.14330155466757,-4.309529922789675,5.059396298039537,0.0,-5.056882290424179
HOF ITEM
25.75978704493339
0.6131053202913843,-4.0,1.453315658667999,1.3879109365589282,6.591782952247363,2.275365993588386,6.748448249675357,1.2345079528297465,-2.727403389810384,0.38368618168456686,2.14330155466757,-4.309529922789675,5.059396298039537,0.0,-5.056882290424179
HOF ITEM
25.75982130290571
0.6131053202913843,-4.0,1.453315658667999,1.3879109365589282,6.591782952247363,2.275365993588386,6.339056780804706,1.2345079528297465,-2.7425901437455535,0.38368618168456686,2.14330155466757,-4.309529922789675,5.059396298039537,0.0,-5.34736555391955
HOF ITEM
25.75982130306147
0.6131053202913843,-4.0,1.453315658667999,1.3879109365589282,6.591782952247363,2.275365993588386,6.339056780804706,1.2345079528297465,-2.6862142520484458,0.38368618168456686,2.14330155466757,-4.309529922789675,5.059396298039537,0.0,-5.34736555391955
seed 572
Initial fitness values: [np.float64(30.822563040039036), np.float64(28.90598389447337), np.float64(28.809213707598214), np.float64(28.72661780297312), np.float64(28.54167047487973), np.float64(28.078265391509845), np.float64(27.899567439061087), np.float64(27.812520058950124), np.float64(27.11059356437802), np.float64(26.74644702855528)]
Final fitness values: [np.float64(26.4924513489496), np.float64(26.4924513489496), np.float64(26.4924513489496), np.float64(26.4924513489496), np.float64(26.4924513489496), np.float64(26.4924513489496), np.float64(26.4924513489496), np.float64(26.4924513489496), np.float64(26.4924513489496), np.float64(26.4924513489496)]
HOF ITEM
26.4924513489496
-4.344073407523638,-3.1667699492422097,-0.5143473337555161,5.514981368977376,5.872344022608991,-2.373022266380906,-4.198015867598391,2.367994120688414,1.2493027006963353,-1.986980293877779,1.8142763181126726,2.952668583509026,-2.363781744372829,0.930891733930628,-4.266399306750609
HOF ITEM
26.49313175843624
-4.344073407523638,-3.1667699492422097,-0.6735853446558846,5.514981368977376,5.872344022608991,-2.4487929330514744,-4.198015867598391,2.367994120688414,1.2493027006963353,-2.1520665818144256,2.120517326044353,2.9178925337579447,-2.363781744372829,0.9388012000335157,-4.266399306750609
HOF ITEM
26.500220026834313
-4.344073407523638,-3.1667699492422097,-0.5143473337555161,5.514981368977376,5.872344022608991,-2.373022266380906,-4.198015867598391,2.367994120688414,1.2493027006963353,-1.986980293877779,1.8142763181126726,2.952668583509026,-2.363781744372829,0.930891733930628,-4.477456879192395
HOF ITEM
26.502420490234805
-4.344073407523638,-3.3286879898507364,-0.572992597033291,5.413397546264197,5.772621543717673,-2.373022266380906,-4.175657357806204,2.367994120688414,1.2493027006963353,-1.986980293877779,1.8142763181126726,2.952668583509026,-2.363781744372829,0.930891733930628,-3.9063769196147895
HOF ITEM
26.50345529183777
-4.344073407523638,-3.1667699492422097,-0.5004646110519024,5.514981368977376,5.872344022608991,-2.373022266380906,-4.198015867598391,2.367994120688414,1.2493027006963353,-1.986980293877779,1.8142763181126726,2.952668583509026,-2.363781744372829,0.930891733930628,-4.477456879192395
seed 573
Initial fitness values: [np.float64(29.93485404185293), np.float64(29.93485404185293), np.float64(28.7890594816815), np.float64(28.327856917330696), np.float64(27.636110082139798), np.float64(27.58359663065453), np.float64(27.435535640252244), np.float64(27.435535640252244), np.float64(26.693499038319207), np.float64(26.693499038319207)]
Final fitness values: [np.float64(25.734714974488536), np.float64(25.734714974488536), np.float64(25.734714974488536), np.float64(25.734714974488536), np.float64(25.734714974488536), np.float64(25.734714974488536), np.float64(25.734714974488536), np.float64(25.734714974488536), np.float64(25.734714974488536), np.float64(25.734714974488536)]
HOF ITEM
25.734714974488536
-3.5563093792310703,-2.926505117457363,6.3491340065961275,-0.45468243606742453,5.724388836387108,-0.7817462465738243,6.74743269838436,1.4945466174418136,-2.5053901497730164,4.356149931350475,0.3231721976500048,3.3375349432536288,-2.3190133163286375,2.1093725812487167,-0.46062353692476427
HOF ITEM
25.734714974488536
-3.5563093792310703,-3.4548447552537986,6.3491340065961275,-0.45468243606742453,5.724388836387108,-0.7817462465738243,6.404407338364705,1.7420099513106204,-2.5944114213121434,4.356149931350475,0.3231721976500048,3.3375349432536288,-2.3190133163286375,2.1093725812487167,-0.46062353692476427
HOF ITEM
25.734714974488536
-3.5563093792310703,-2.926505117457363,6.3491340065961275,-0.45468243606742453,5.724388836387108,-0.7817462465738243,6.6356238386092,1.4945466174418136,-2.5053901497730164,4.356149931350475,0.3231721976500048,3.3375349432536288,-2.3190133163286375,2.1093725812487167,-0.46062353692476427
HOF ITEM
25.734714974488536
-3.5563093792310703,-3.4548447552537986,6.3491340065961275,-0.45468243606742453,5.724388836387108,-0.7817462465738243,6.74743269838436,1.4945466174418136,-2.5053901497730164,4.356149931350475,0.3231721976500048,3.3375349432536288,-2.3190133163286375,2.1093725812487167,-0.46062353692476427
HOF ITEM
25.734714974488536
-3.5563093792310703,-3.4548447552537986,6.3491340065961275,-0.45468243606742453,5.724388836387108,-0.7817462465738243,6.6356238386092,1.4945466174418136,-2.5053901497730164,4.356149931350475,0.3231721976500048,3.3375349432536288,-2.3190133163286375,2.1093725812487167,-0.46062353692476427
seed 574
Initial fitness values: [np.float64(28.306284717548508), np.float64(28.26894656003803), np.float64(27.774293036508066), np.float64(27.420857087148352), np.float64(26.227490189609302), np.float64(25.812150555649968), np.float64(25.812150555649968), np.float64(25.812150555649968), np.float64(25.81215055558327), np.float64(25.7943227503826)]
Final fitness values: [np.float64(25.759933142233415), np.float64(25.759933142233415), np.float64(25.759933142233415), np.float64(25.759932928589826), np.float64(25.759932928589826), np.float64(25.759932928589826), np.float64(25.759932928589826), np.float64(25.759932928589826), np.float64(25.759932928589826), np.float64(25.759932928589826)]
HOF ITEM
25.759932928589826
-1.6079222323735718,-1.5654383005596562,1.42174897734861,-2.4469185381678895,1.5328481325190584,-3.599524687368826,1.4150030700518785,0.0,0.17713329445329326,-1.0373337217993561,2.087608253654925,-4.609238522471576,5.143953018051868,2.083633558568803,-4.03533448586353
HOF ITEM
25.759932928589826
-1.6079222323735718,-1.5654383005596562,1.42174897734861,-2.4469185381678895,1.5328481325190584,-3.599524687368826,1.4150030700518785,0.0,0.17713329445329326,-1.0373337217993561,2.087608253654925,-4.609238522471576,5.103449169191887,2.0873821330625777,-3.7874347421683403
HOF ITEM
25.759932928589826
-1.6079222323735718,-1.5654383005596562,1.42174897734861,-2.4469185381678895,1.5328481325190584,-3.599524687368826,1.4150030700518785,0.0,0.17713329445329326,-1.0373337217993561,2.087608253654925,-4.609238522471576,5.143953018051868,2.0873821330625777,-3.7887930404047605
HOF ITEM
25.759932928589826
-1.6079222323735718,-1.5654383005596562,1.42174897734861,-2.4469185381678895,1.5328481325190584,-3.599524687368826,1.4150030700518785,0.0,0.17713329445329326,-1.0373337217993561,2.087608253654925,-4.609238522471576,5.143953018051868,2.083633558568803,-3.7887930404047605
HOF ITEM
25.759932928589826
-1.6079222323735718,-1.5654383005596562,1.42174897734861,-2.4469185381678895,1.5328481325190584,-3.599524687368826,1.4150030700518785,0.0,0.17713329445329326,-1.0373337217993561,2.087608253654925,-4.609238522471576,5.143953018051868,2.0873821330625777,-4.03533448586353
seed 575
Initial fitness values: [np.float64(31.072717975738293), np.float64(30.6734335735702), np.float64(26.895813953049537), np.float64(26.324188729105344), np.float64(25.397479962199704), np.float64(25.767536422710904), np.float64(25.321018955092395), np.float64(24.968495555446665), np.float64(24.579998408872594), np.float64(24.486747500752436)]
Final fitness values: [np.float64(23.520393765801717), np.float64(23.520393654357594), np.float64(23.520393654357594), np.float64(23.520393654357594), np.float64(23.520393654357594), np.float64(23.520393654357594), np.float64(23.520393654357594), np.float64(23.520393654357594), np.float64(23.520393654357594), np.float64(23.520393654357594)]
HOF ITEM
23.520393654357594
0.04748424339539731,1.0882056394615416,6.652415276831978,5.309471327479955,5.9127108737957945,3.5902435479885937,0.6930147965464688,3.0,3.300511937204278,4.201380301007249,2.4506197658737623,5.961650096856631,6.4696683514664,0.8290148588129289,-3.3804108529477306
HOF ITEM
23.52039369383965
0.04748424339539731,1.0882056394615416,6.652415276831978,5.309471327479955,5.9127108737957945,3.5902435479885937,0.6930147965464688,3.0,3.300511937204278,4.201380301007249,2.4506197658737623,5.961650096856631,6.4696683514664,0.8290148588129289,-3.035865679647131
HOF ITEM
23.5203937273782
0.04748424339539731,1.0882056394615416,6.652415276831978,5.309471327479955,5.9127108737957945,3.5902435479885937,0.6930147965464688,3.0,3.300511937204278,4.201380301007249,2.4506197658737623,5.961650096856631,6.4696683514664,0.836896401915895,-3.3804108529477306
HOF ITEM
23.520393765801717
0.04748424339539731,1.0882056394615416,6.652415276831978,5.309471327479955,5.9127108737957945,3.5902435479885937,0.6930147965464688,3.0,3.300511937204278,3.4559744154417182,2.457882202207147,5.961650096856631,6.4696683514664,0.836896401915895,-3.035865679647131
HOF ITEM
23.520393765801717
0.04748424339539731,1.0882056394615416,6.652415276831978,5.309471327479955,5.9127108737957945,3.5902435479885937,0.6930147965464688,3.0,3.300511937204278,3.4559744154417182,2.457882202207147,5.534250948697074,6.4696683514664,0.836896401915895,-3.035865679647131
seed 576
Initial fitness values: [np.float64(30.269656819843252), np.float64(28.057338166849277), np.float64(27.395895312227754), np.float64(27.395895312227754), np.float64(27.24592850551003), np.float64(26.72956584314679), np.float64(26.61992617553944), np.float64(26.619926174457394), np.float64(26.455618135651008), np.float64(26.28970716267077)]
Final fitness values: [np.float64(23.369099024445333), np.float64(23.369099024445333), np.float64(23.368874599736763), np.float64(23.088116816130512), np.float64(22.61271838544062), np.float64(22.61271838544062), np.float64(22.606540644681093), np.float64(22.606540644681093), np.float64(22.605231002862162), np.float64(22.43778229383845)]
HOF ITEM
22.43778229383845
-1.2224886731859246,1.3494303517230952,3.376480873759572,5.459168571136364,0.2019468969744448,1.0220795902844666,-0.14551492012249043,2.340231240921047,0.7162228785027903,2.665685137230442,0.14968611473727955,1.515908133112711,3.694015735253193,0.19396306154690535,-4.8684148004138725
HOF ITEM
22.605231002862162
-1.5187075657026827,1.3494303517230952,3.447378603610491,5.32416330838083,-0.026591049348310913,1.0220795902844666,-0.3904018867581542,2.340231240921047,0.7162228785027903,2.665685137230442,0.14968611473727955,1.7249693203169303,3.694015735253193,0.19396306154690535,-4.8684148004138725
HOF ITEM
22.606540644681093
-1.5187075657026827,1.3494303517230952,3.447378603610491,5.334779456774745,-0.026591049348310913,1.0220795902844666,-0.3904018867581542,2.340231240921047,0.7162228785027903,2.665685137230442,0.14968611473727955,1.7249693203169303,3.694015735253193,0.19396306154690535,-4.8684148004138725
HOF ITEM
22.61036905905977
-1.5187075657026827,1.3494303517230952,3.447378603610491,5.324510017671911,-0.10182636474094506,1.1445963500651606,-0.3904018867581542,2.340231240921047,0.7162228785027903,2.665685137230442,0.14968611473727955,1.7249693203169303,4.071775225927255,0.0,-5.1269394382127516
HOF ITEM
22.611463122589523
-1.5187075657026827,1.3494303517230952,3.447378603610491,5.32416330838083,-0.026591049348310913,1.0220795902844666,-0.3904018867581542,2.340231240921047,0.7162228785027903,2.665685137230442,0.14968611473727955,1.7249693203169303,3.694015735253193,0.0,-4.846011906138104
seed 577
Initial fitness values: [np.float64(30.270672396330223), np.float64(27.86624609948502), np.float64(27.813116033775795), np.float64(27.714712957760955), np.float64(27.24142623852494), np.float64(26.631293965649327), np.float64(26.449985376501026), np.float64(26.449985376501026), np.float64(26.21362191407093), np.float64(26.21362191407093)]
Final fitness values: [np.float64(23.299701324690655), np.float64(23.298890769909022), np.float64(23.291841470282765), np.float64(23.291841470282765), np.float64(23.29103079370775), np.float64(23.29103079370775), np.float64(23.29103079370775), np.float64(23.29103079370775), np.float64(23.29103079370775), np.float64(23.29103079370775)]
HOF ITEM
23.29103079370775
-5.218352620688471,1.3714163993872932,-3.998977516672491,-3.537309257504635,-1.124020877396752,3.3310668013334794,-0.8042050918792901,1.0285227128381584,4.446859169063893,-4.1138013686291375,2.122931709778031,-1.687404124791417,-3.87623354214139,1.2149961677048855,0.2810063927779811
HOF ITEM
23.291841470282765
-5.218352620688471,1.3714163993872932,-3.998977516672491,-3.537309257504635,-1.124020877396752,3.3310668013334794,-0.8042050918792901,1.0285227128381584,4.446859169063893,-4.1138013686291375,2.122931709778031,-1.687404124791417,-3.5516942425194524,1.2149961677048855,0.2810063927779811
HOF ITEM
23.294484554911122
-5.218352620688471,1.3714163993872932,-3.83363709532082,-3.2523865225612045,-0.8845624258298503,3.3310668013334794,-0.8326772401996976,1.0285227128381584,4.356306145030131,-4.1138013686291375,2.122931709778031,-1.687404124791417,-4.086519248523174,1.2149961677048855,0.2810063927779811
HOF ITEM
23.298890769909022
-5.218352620688471,1.3714163993872932,-3.998977516672491,-3.537309257504635,-1.124020877396752,3.3310668013334794,-0.8326772401996976,1.0285227128381584,4.446859169063893,-4.1138013686291375,2.122931709778031,-1.687404124791417,-3.87623354214139,1.2149961677048855,0.2810063927779811
HOF ITEM
23.298940501339793
-5.218352620688471,1.3714163993872932,-3.998977516672491,-3.537309257504635,-1.124020877396752,3.3310668013334794,-0.8326772401996976,1.0285227128381584,4.446859169063893,-4.1138013686291375,2.122931709778031,-1.687404124791417,-3.87623354214139,1.2556206607149385,0.2810063927779811
seed 578
Initial fitness values: [np.float64(30.228597384949587), np.float64(29.389025554252083), np.float64(27.767891251594996), np.float64(27.767891251594996), np.float64(27.767891251594996), np.float64(27.752676368759634), np.float64(27.10737582458836), np.float64(26.95670361507672), np.float64(26.87851808626429), np.float64(26.801826657884416)]
Final fitness values: [np.float64(26.08010407230691), np.float64(26.08010407230691), np.float64(26.08010407230691), np.float64(26.08010407230691), np.float64(26.08010407230691), np.float64(26.08010407230691), np.float64(26.08010407230691), np.float64(26.08010407230691), np.float64(26.08010407230691), np.float64(26.08010407230691)]
HOF ITEM
26.08010407230691
-6.299126453681502,-1.3685837018492744,-0.6082993782617773,-5.945074791503381,1.333086470457985,1.0357610112922426,6.695462002801095,1.492437526288303,4.11580967270291,0.5619641093937657,2.4465358692824775,-3.682458746240345,-5.224095139756795,1.887225756650343,-1.6675101775693264
HOF ITEM
26.08010407230691
-6.299126453681502,-1.3685837018492744,-0.6082993782617773,-5.945074791503381,1.333086470457985,1.0357610112922426,6.695462002801095,1.492437526288303,4.731102097179026,0.06306588577209127,2.4465358692824775,-3.682458746240345,-5.224095139756795,1.887225756650343,-1.6675101775693264
HOF ITEM
26.08010407230691
-6.299126453681502,-1.3685837018492744,-0.6082993782617773,-5.945074791503381,1.333086470457985,1.0357610112922426,6.695462002801095,1.492437526288303,4.11580967270291,0.06306588577209127,2.4465358692824775,-3.682458746240345,-5.224095139756795,1.887225756650343,-1.6675101775693264
HOF ITEM
26.08010407230691
-6.299126453681502,-0.9889326668489016,-0.6082993782617773,-5.945074791503381,1.333086470457985,1.0357610112922426,6.695462002801095,1.492437526288303,4.11580967270291,0.06306588577209127,2.7385009322283604,-3.682458746240345,-5.224095139756795,1.887225756650343,-1.6675101775693264
HOF ITEM
26.08010407230691
-6.299126453681502,-1.3685837018492744,-0.6082993782617773,-5.945074791503381,1.333086470457985,1.0357610112922426,6.695462002801095,1.492437526288303,4.11580967270291,0.5619641093937657,2.7385009322283604,-3.522619122788189,-5.224095139756795,1.887225756650343,-1.6675101775693264
seed 579
Initial fitness values: [np.float64(31.621260845772564), np.float64(30.836375825628526), np.float64(27.973237512280253), np.float64(27.371670781839565), np.float64(26.716674006003263), np.float64(26.124762783092212), np.float64(26.0707480951866), np.float64(25.950795273827254), np.float64(25.7373017694196), np.float64(25.7373017694196)]
Final fitness values: [np.float64(24.02275916873477), np.float64(24.022756364478973), np.float64(24.02271322209984), np.float64(24.02271322209984), np.float64(24.022681545686968), np.float64(24.022675330337783), np.float64(24.022650594313628), np.float64(24.022612753836277), np.float64(24.022612753836277), np.float64(24.022580926184638)]
HOF ITEM
24.022580926184638
6.343890792550446,-0.9915474102710534,3.438994805337555,6.1505176626750035,-4.338949903285524,3.1708224638738662,3.632863387088286,1.635109084001656,-0.2507552380317424,1.2884978039651975,2.383872158816866,-0.45480649467279777,-2.10094570544021,0.3658685863017913,-0.32037686479974214
HOF ITEM
24.02260504628368
6.343890792550446,-0.9915474102710534,3.6234485707337116,6.591268181195098,-4.024328944717981,2.572860117502416,3.7534780708126476,1.4360096528693622,-0.03949726604017878,1.2884978039651975,2.383872158816866,-0.45480649467279777,-2.10094570544021,0.3658685863017913,0.01726725314499411
HOF ITEM
24.02260597612299
6.343890792550446,-0.9915474102710534,3.925955082154262,6.627932938316522,-4.373108869542748,2.572860117502416,3.7534780708126476,1.4360096528693622,-0.03949726604017878,1.2884978039651975,2.383872158816866,-0.45480649467279777,-2.03439457422005,0.0,-0.32037686479974214
HOF ITEM
24.022612753836277
6.343890792550446,-0.9915474102710534,3.6234485707337116,6.627932938316522,-4.373108869542748,2.572860117502416,3.7534780708126476,1.4360096528693622,-0.03949726604017878,1.2884978039651975,2.383872158816866,-0.45480649467279777,-2.10094570544021,0.3658685863017913,-0.32037686479974214
HOF ITEM
24.022617061338153
6.343890792550446,-0.9915474102710534,3.438994805337555,6.1505176626750035,-4.338949903285524,3.1708224638738662,3.632863387088286,1.635109084001656,-0.2507552380317424,1.2884978039651975,2.383872158816866,-0.45480649467279777,-2.03439457422005,0.0,0.23149739976712663
best parameter set
fitness 22.17753937378518 seed 576
-1.5387391244840254,1.4506729583844304,3.438111244825603,5.34427646940036,-0.029371987554603476,1.0246311037111524,-0.38870007706078213,2.317431332042798,0.74609856440429,2.66875507866328,0.1306610036789109,1.718546456767351,3.69401784846261,0.19407993893347436,-4.868413720107491
