seeds are [80 81 82 83 84 85 86 87 88 89]
seed 80
Initial fitness values: [np.float64(15.122487569863473), np.float64(14.305576650640843), np.float64(14.150088647081857), np.float64(13.703079054186514), np.float64(13.703079054186514), np.float64(13.521153078352986), np.float64(13.400721898634966), np.float64(13.290798869148352), np.float64(13.111668603838469), np.float64(13.037619371148004)]
Final fitness values: [np.float64(10.685406509352777), np.float64(10.685406509352777), np.float64(10.67464242807306), np.float64(10.67464242807306), np.float64(10.67464242807306), np.float64(10.660262275916583), np.float64(10.632229362132595), np.float64(10.632229362132595), np.float64(10.632190546550913), np.float64(10.632188435221375)]
HOF ITEM
10.632188435221375
-5.216796527348764,1.5866951505837572,6.755392139576887,4.075280832673567,-4.892201652041774,2.4706533932380363,2.091031715567424,2.191172493340833,2.974015266891032,-3.9409799430604235,2.1687972218590623,-0.46976867487685636,-0.43783252104490367,2.426409543132914,-3.6664262457668926
HOF ITEM
10.632190546550913
-5.216796527348764,1.5866951505837572,6.512629351349061,4.075280832673567,-4.914599055393211,2.397738612900402,1.096619140571284,2.882213941969915,3.0058356419768977,-3.9409799430604235,2.1687972218590623,-0.46976867487685636,-0.43783252104490367,2.426409543132914,-3.7640268757078883
HOF ITEM
10.632209432360712
-5.216796527348764,1.5866951505837572,6.512629351349061,3.8167944711322077,-4.589434844792217,2.4706533932380363,1.2026044453562958,2.763561065365062,2.974015266891032,-3.9409799430604235,2.1687972218590623,-0.46976867487685636,-0.43783252104490367,2.426409543132914,-3.6664262457668926
HOF ITEM
10.632210764626768
-5.216796527348764,1.5866951505837572,6.95464482839659,3.8167944711322077,-4.589434844792217,2.4706533932380363,2.091031715567424,2.191172493340833,2.974015266891032,-3.9409799430604235,2.1687972218590623,-0.46976867487685636,-0.43783252104490367,2.426409543132914,-3.6664262457668926
HOF ITEM
10.63221552859702
-5.216796527348764,1.5866951505837572,6.464518809420086,4.295281047265487,-4.639913227157564,2.3012518483060176,1.8972505300927238,1.9546851258299045,2.974015266891032,-3.9409799430604235,2.1687972218590623,-0.46976867487685636,-0.2884652000591019,2.426409543132914,-3.6664262457668926
seed 81
Initial fitness values: [np.float64(15.609261597185682), np.float64(14.574516312970527), np.float64(13.776364096993845), np.float64(13.149002141567513), np.float64(13.149002141567513), np.float64(12.976189287402777), np.float64(12.850531861849174), np.float64(12.850531861849174), np.float64(12.744528491747888), np.float64(12.617798365671081)]
Final fitness values: [np.float64(12.136087507535226), np.float64(12.136062067305833), np.float64(12.136062067305833), np.float64(12.136062067305833), np.float64(12.136062067305833), np.float64(12.136062067305833), np.float64(12.136062067305833), np.float64(12.136062067305833), np.float64(12.136062067305833), np.float64(12.136062067305833)]
HOF ITEM
12.136062067305833
-6.159057498630226,-1.8978035930296633,-1.5716580458969882,6.014215427106675,0.7698942605638157,-2.353329133801391,7.0,0.5918248600222944,-1.2606782586905156,-2.6781261353670205,0.8860675185463089,3.0458137369285474,-5.4802165152941065,1.861429337149065,-4.347689991911016
HOF ITEM
12.136087507535226
-6.159057498630226,-1.3687721014815502,-1.5716580458969882,6.014215427106675,0.7698942605638157,-2.353329133801391,7.0,0.5918248600222944,-1.2606782586905156,-2.6781261353670205,0.8860675185463089,3.0458137369285474,-5.4802165152941065,1.861429337149065,-4.347689991911016
HOF ITEM
12.153738272192676
-6.159057498630226,-1.8978035930296633,-1.5716580458969882,5.932223888666584,0.7698942605638157,-2.329097835817885,7.0,0.5918248600222944,-1.2606782586905156,-2.6781261353670205,0.8860675185463089,3.3037360013584123,-5.4802165152941065,1.861429337149065,-4.347689991911016
HOF ITEM
12.153738272263352
-6.159057498630226,-1.8978035930296633,-1.5716580458969882,5.932223888666584,0.7698942605638157,-2.329097835817885,7.0,0.5918248600222944,-1.343616547401957,-2.6781261353670205,0.8860675185463089,3.3037360013584123,-5.4802165152941065,1.861429337149065,-4.347689991911016
HOF ITEM
12.153739051177567
-6.159057498630226,-1.8978035930296633,-1.5716580458969882,5.932223888666584,0.7698942605638157,-2.329097835817885,7.0,0.2673633613163958,-1.2606782586905156,-2.6781261353670205,0.8860675185463089,3.3037360013584123,-5.4802165152941065,1.861429337149065,-4.347689991911016
seed 82
Initial fitness values: [np.float64(13.425630333016136), np.float64(13.38535800555336), np.float64(13.11601455683622), np.float64(13.11601455683622), np.float64(12.828982844558714), np.float64(12.828982844558714), np.float64(12.621470565193384), np.float64(12.524429501022095), np.float64(12.512041247110117), np.float64(12.44415191850765)]
Final fitness values: [np.float64(11.562173065777376), np.float64(11.562173065777376), np.float64(11.562173065777376), np.float64(11.562173065777376), np.float64(11.562173065777376), np.float64(11.562173065777376), np.float64(11.562173065777376), np.float64(11.562173065777376), np.float64(11.558999981186062), np.float64(11.55581895583827)]
HOF ITEM
11.55581895583827
4.333878336482279,-0.546090571626828,7.0,0.6392898850724922,1.5647169335600633,6.605387839870407,1.5291373672117394,1.7411662066193232,6.601679281749114,3.2007499901851917,1.694166090169815,6.453325617494606,0.9809805634787183,0.7461879088978574,2.018099429471372
HOF ITEM
11.558999981186062
4.333878336482279,-0.546090571626828,7.0,0.6392898850724922,1.5647169335600633,6.605387839870407,1.5291373672117394,1.7411662066193232,6.601679281749114,3.2007499901851917,1.694166090169815,6.453325617494606,0.9809805634787183,0.7461879088978574,2.3723249784464837
HOF ITEM
11.562173065777376
4.333878336482279,-0.546090571626828,7.0,0.6392898850724922,1.5647169335600633,6.605387839870407,1.5291373672117394,1.7411662066193232,6.601679281749114,3.2007499901851917,1.694166090169815,6.453325617494606,0.8832077755389471,0.6249461052008096,2.018099429471372
HOF ITEM
11.562472159022862
4.333878336482279,-0.546090571626828,7.0,0.6392898850724922,1.5647169335600633,6.605387839870407,1.5291373672117394,1.7411662066193232,6.601679281749114,3.2007499901851917,1.694166090169815,6.453325617494606,0.6193989243743329,0.8193721757948988,2.018099429471372
HOF ITEM
11.562502469466738
4.333878336482279,-0.546090571626828,7.0,0.6392898850724922,1.5647169335600633,6.619247387873121,1.5291373672117394,1.7411662066193232,6.601679281749114,3.2007499901851917,1.694166090169815,6.453325617494606,0.8832077755389471,0.6249461052008096,2.018099429471372
seed 83
Initial fitness values: [np.float64(14.762776784842817), np.float64(14.065978541098382), np.float64(13.758955804675328), np.float64(13.384478158056249), np.float64(13.287056948369512), np.float64(12.755940412157692), np.float64(12.40929474160047), np.float64(12.40929474160047), np.float64(12.40929474160047), np.float64(12.388085534444027)]
Final fitness values: [np.float64(11.655787138155967), np.float64(11.655787138155967), np.float64(11.655787138155967), np.float64(11.655787138155967), np.float64(11.655787138155967), np.float64(11.655787138155967), np.float64(11.655787138155967), np.float64(11.655787138155967), np.float64(11.655787138155967), np.float64(11.655787138155967)]
HOF ITEM
11.655787138155967
-1.1860328976757528,0.48661623494505124,6.704120734383269,3.3490405122438784,-4.578865105966593,-5.66873550866628,3.2746282549488575,2.2179552260515174,2.0653538718604394,-4.398968448328329,2.9274185605948597,5.324170521271091,0.07956678791508073,0.38574391242214084,-4.236325902827269
HOF ITEM
11.655787138155967
-1.1860328976757528,0.48661623494505124,6.704120734383269,3.3490405122438784,-4.578865105966593,-5.66873550866628,3.2746282549488575,2.2179552260515174,2.0653538718604394,-4.048740901117024,2.9274185605948597,5.324170521271091,0.07956678791508073,0.38574391242214084,-4.236325902827269
HOF ITEM
11.65578713815597
-1.1860328976757528,0.48661623494505124,6.704120734383269,3.3490405122438784,-4.578865105966593,-5.66873550866628,3.214316403676481,2.2318932546292394,2.3996960192391428,-4.398968448328329,3.0,5.324170521271091,0.07956678791508073,0.38574391242214084,-4.236325902827269
HOF ITEM
11.65578713815597
-1.1860328976757528,0.48661623494505124,6.704120734383269,3.3490405122438784,-4.578865105966593,-5.66873550866628,3.5390609618411664,2.2179552260515174,2.3996960192391428,-4.402392864046806,2.9274185605948597,5.324170521271091,0.07956678791508073,0.38574391242214084,-4.236325902827269
HOF ITEM
11.65578713815597
-1.1860328976757528,0.48661623494505124,6.704120734383269,3.3490405122438784,-4.578865105966593,-5.66873550866628,3.5390609618411664,2.2179552260515174,3.02609492047901,-4.398968448328329,2.9274185605948597,5.324170521271091,0.07956678791508073,0.38574391242214084,-4.236325902827269
seed 84
Initial fitness values: [np.float64(14.370511357219177), np.float64(13.304801549209136), np.float64(12.245824743040986), np.float64(12.194391492252805), np.float64(12.194391492252805), np.float64(11.908287587743716), np.float64(11.261479306979675), np.float64(11.25251513087871), np.float64(10.98541102344715), np.float64(10.98541102344715)]
Final fitness values: [np.float64(10.663156828063805), np.float64(10.663156675966013), np.float64(10.663156525965217), np.float64(10.663156525934314), np.float64(10.663156525923542), np.float64(10.663156525923542), np.float64(10.663156525892566), np.float64(10.663156525892566), np.float64(10.663156525892566), np.float64(10.663156521464858)]
HOF ITEM
10.663156521464858
-6.073735771609073,1.569873399959433,2.1919031475420514,0.7381764276575984,5.723003036561766,-6.080584165047352,5.2570595885765865,0.9986106816957563,-5.612126677643224,1.378900866625544,0.7903757761512473,-1.2502678257951114,-4.815814449607229,1.9744665402265753,-0.47418828849006556
HOF ITEM
10.66315652588611
-6.073735771609073,1.569873399959433,2.1919031475420514,0.7191757272786921,5.723003036561766,-6.080584165047352,5.2570595885765865,0.9986106816957563,-5.1822621014168915,1.378900866625544,0.7994068241507589,-1.0696159643153553,-4.815814449607229,1.9744665402265753,-0.47418828849006556
HOF ITEM
10.663156525892566
-6.073735771609073,1.569873399959433,2.1919031475420514,0.7191757272786921,5.723003036561766,-6.080584165047352,5.073308023870472,0.9986106816957563,-5.1822621014168915,1.378900866625544,0.7903757761512473,-1.0696159643153553,-4.815814449607229,1.9744665402265753,-0.47418828849006556
HOF ITEM
10.663156525892566
-6.073735771609073,1.569873399959433,2.1919031475420514,0.7191757272786921,5.723003036561766,-6.080584165047352,5.2570595885765865,0.9986106816957563,-5.1822621014168915,1.378900866625544,0.7903757761512473,-1.0696159643153553,-4.815814449607229,1.9744665402265753,-0.47418828849006556
HOF ITEM
10.663156525922307
-6.073735771609073,1.569873399959433,2.1919031475420514,0.7191757272786921,5.723003036561766,-6.080584165047352,5.438451559284434,0.45628648023923635,-4.9024824018585464,1.1281852812072735,0.7994068241507589,-1.0696159643153553,-4.815814449607229,1.9744665402265753,-0.47418828849006556
seed 85
Initial fitness values: [np.float64(13.82644635577179), np.float64(13.82644635577179), np.float64(13.551523947399856), np.float64(13.475973993219636), np.float64(13.436012102117468), np.float64(13.31549022981934), np.float64(13.280360734000498), np.float64(13.198950387665029), np.float64(13.127365933472051), np.float64(13.068362875777561)]
Final fitness values: [np.float64(10.997777993994655), np.float64(10.99731258375473), np.float64(10.99731258375473), np.float64(10.971517716760092), np.float64(10.971517716760092), np.float64(10.918767853173879), np.float64(10.918767853173879), np.float64(10.918767853173879), np.float64(10.918767853173879), np.float64(10.918767853173879)]
HOF ITEM
10.918767853173879
-6.027970928040197,1.7620791748489006,4.13925311680794,1.8030539694237873,0.1816276903807874,-0.641527380783003,-5.000668664501411,1.4704716046912414,-2.9612144803725005,-5.162929024490571,1.6862544089466567,3.8683551066091737,-4.5658308792580655,0.3138953082186618,-4.132462436786206
HOF ITEM
10.971517716760092
-6.059472610668367,1.7620791748489006,4.13925311680794,1.8030539694237873,0.1816276903807874,-0.6813991973942901,-5.000668664501411,1.4704716046912414,-2.9612144803725005,-5.162929024490571,1.6862544089466567,3.9848260591903677,-4.5658308792580655,0.3138953082186618,-4.282523215954418
HOF ITEM
10.971518546443829
-6.059472610668367,1.7620791748489006,4.13925311680794,1.8030539694237873,0.1816276903807874,-0.6813991973942901,-5.000668664501411,1.4704716046912414,-2.9787684788089384,-5.162929024490571,1.6862544089466567,3.9848260591903677,-4.5658308792580655,0.3138953082186618,-4.282523215954418
HOF ITEM
10.975213490840643
-6.027970928040197,1.7620791748489006,4.13925311680794,1.8779122375756234,0.22282386331199583,-0.641527380783003,-5.127634048667667,1.0369825976695013,-3.4265777685309966,-5.162929024490571,1.6862544089466567,3.8683551066091737,-4.5658308792580655,0.3138953082186618,-3.956481493432713
HOF ITEM
10.979112685998734
-6.027970928040197,1.7620791748489006,4.13925311680794,1.896665620405548,0.1816276903807874,-0.6813991973942901,-5.000668664501411,1.4024367612328614,-2.9612144803725005,-5.162929024490571,1.6862544089466567,3.8683551066091737,-4.5658308792580655,0.3138953082186618,-4.132462436786206
seed 86
Initial fitness values: [np.float64(15.692301019486683), np.float64(13.594569128624958), np.float64(13.514528745848278), np.float64(13.501534649540748), np.float64(13.487976308951835), np.float64(13.487976308951835), np.float64(13.436750956243076), np.float64(13.436750956243076), np.float64(13.256597324977205), np.float64(13.256597324977205)]
Final fitness values: [np.float64(10.786898566388453), np.float64(10.786898566388453), np.float64(10.786898566388453), np.float64(10.786676469895797), np.float64(10.786676469895797), np.float64(10.78648174223863), np.float64(10.786480125503568), np.float64(10.786479679849604), np.float64(10.786464723357298), np.float64(10.785455483874687)]
HOF ITEM
10.785455483874687
-2.982066950747527,1.5320430839859396,-5.666491520227544,-2.4971315996106656,2.8253803893957827,4.656757941932256,-1.6999805184900527,2.9443088026983273,4.742132640524691,0.5113311635279476,0.6093902093446392,-2.6323973343541764,4.307863158247658,0.05072876894744982,3.8701560980668535
HOF ITEM
10.786464723357298
-2.982066950747527,1.5320430839859396,-5.578871144227982,-2.4971315996106656,2.8253803893957827,5.415004349091353,-1.6999805184900527,2.9443088026983273,4.742132640524691,0.6966229264113522,0.6093902093446392,-2.6470996759147125,4.106867335788309,0.0,3.8974567038514123
HOF ITEM
10.786468195927453
-2.982066950747527,1.5320430839859396,-5.666491520227544,-2.4971315996106656,2.8253803893957827,5.415004349091353,-1.6999805184900527,2.9443088026983273,4.742132640524691,0.6966229264113522,0.6093902093446392,-2.6470996759147125,4.106867335788309,0.0,3.8974567038514123
HOF ITEM
10.786478067288169
-2.982066950747527,1.5320430839859396,-5.575195625673162,-2.4971315996106656,2.8253803893957827,5.2013655498110944,-1.6999805184900527,2.9443088026983273,4.742132640524691,0.6966229264113522,0.6093902093446392,-2.6323973343541764,4.307863158247658,0.0,3.8701560980668535
HOF ITEM
10.786478221809345
-2.982066950747527,1.5320430839859396,-5.578871144227982,-2.4971315996106656,2.8253803893957827,5.2013655498110944,-1.6999805184900527,2.9443088026983273,4.742132640524691,0.6966229264113522,0.6093902093446392,-2.6323973343541764,4.307863158247658,0.0,3.8701560980668535
seed 87
Initial fitness values: [np.float64(14.299017236075091), np.float64(14.21857733792172), np.float64(13.120585211462886), np.float64(13.120585211462886), np.float64(13.029994687380352), np.float64(13.028469443397222), np.float64(12.90070888318169), np.float64(12.810874152041567), np.float64(12.456790985462643), np.float64(12.456790985462643)]
Final fitness values: [np.float64(10.424851889631018), np.float64(10.424851889631018), np.float64(10.424851889631018), np.float64(10.424851889631018), np.float64(10.424851889631018), np.float64(10.424851889631018), np.float64(10.424851889631018), np.float64(10.424851889631018), np.float64(10.417849843647806), np.float64(10.407409893215387)]
HOF ITEM
10.407409893215387
6.2309367489275,-0.9630512466357465,1.601811400687305,1.0002961824833019,-3.26434313201388,0.29166211743594717,1.3429638524571372,2.930340980360372,1.2856985877613094,1.2358015699193718,1.0658977166939883,0.29422945175261656,1.3968817032712357,1.4270980788418086,-3.143491614004592
HOF ITEM
10.417849843647806
6.2309367489275,-0.9630512466357465,1.601811400687305,1.0002961824833019,-3.7932968079317795,0.29166211743594717,1.3429638524571372,2.930340980360372,1.2856985877613094,1.2173826046389367,1.0658977166939883,0.2958187169323661,1.2605319909353931,1.4270980788418086,-3.108593744000033
HOF ITEM
10.420218101088507
6.2309367489275,-0.9630512466357465,1.601811400687305,1.0002961824833019,-3.840768751554638,0.29166211743594717,1.3429638524571372,2.930340980360372,1.2856985877613094,1.2358015699193718,1.0658977166939883,0.29422945175261656,1.2605319909353931,1.4270980788418086,-3.2034043386803024
HOF ITEM
10.421778303607564
6.2309367489275,-0.9630512466357465,1.6397053034577427,1.0002961824833019,-3.79536315516188,0.38746148866163826,1.3429638524571372,3.0,1.2856985877613094,1.2358015699193718,0.8854796643545885,0.29422945175261656,1.2605319909353931,1.621741731265924,-3.108593744000033
HOF ITEM
10.424851889631018
6.2309367489275,-0.9630512466357465,1.601811400687305,1.0002961824833019,-3.840768751554638,0.29166211743594717,1.3429638524571372,2.930340980360372,1.2856985877613094,1.2358015699193718,1.0658977166939883,0.29422945175261656,1.2605319909353931,1.4270980788418086,-3.108593744000033
seed 88
Initial fitness values: [np.float64(13.798773349815471), np.float64(13.798773349815471), np.float64(12.964340431200274), np.float64(12.493355731083751), np.float64(12.493355731083751), np.float64(12.489340697316715), np.float64(12.334279912753344), np.float64(12.296627812290073), np.float64(12.279047074328233), np.float64(12.144215324626785)]
Final fitness values: [np.float64(10.615425206855207), np.float64(10.615425206855207), np.float64(10.615425206855207), np.float64(10.615340847312405), np.float64(10.615340847312405), np.float64(10.615193875233802), np.float64(10.615193875233796), np.float64(10.615193875233794), np.float64(10.615193875233794), np.float64(10.615193875233794)]
HOF ITEM
10.615193875233794
-4.966146908272111,1.5861219826687354,0.8875740416278205,5.5560488379832105,7.0,-3.0913879362917243,3.1014645715038403,1.7404687281400693,1.5015412155169026,5.399509419738633,1.1921403067210858,-5.227846777075467,-3.69142700295562,2.222084571411815,-0.4742556371146058
HOF ITEM
10.615193875233794
-4.966146908272111,1.5861219826687354,0.8875740416278205,5.5560488379832105,7.0,-3.0913879362917243,3.1014645715038403,2.154269933317673,1.4571710632015127,5.702558435776915,1.1478105764346196,-5.034979985862236,-3.69142700295562,2.222084571411815,-0.4742556371146058
HOF ITEM
10.615193875233794
-4.966146908272111,1.5861219826687354,0.8875740416278205,5.5560488379832105,7.0,-3.0913879362917243,3.1014645715038403,2.154269933317673,1.4571710632015127,5.399509419738633,1.1921403067210858,-5.227846777075467,-3.69142700295562,2.222084571411815,-0.4742556371146058
HOF ITEM
10.615193875233794
-4.966146908272111,1.5861219826687354,0.8875740416278205,5.5560488379832105,7.0,-3.0913879362917243,3.1014645715038403,1.7404687281400693,1.5015412155169026,5.702558435776915,1.1478105764346196,-5.034979985862236,-3.69142700295562,2.222084571411815,-0.4742556371146058
HOF ITEM
10.615193875233796
-4.966146908272111,1.5861219826687354,0.8875740416278205,5.5560488379832105,7.0,-3.0913879362917243,3.1014645715038403,2.154269933317673,1.4571710632015127,5.734671729186097,1.2717294474312957,-4.755900318259798,-3.69142700295562,2.222084571411815,-0.4742556371146058
seed 89
Initial fitness values: [np.float64(14.911739044729426), np.float64(13.710400554097042), np.float64(13.22825065808801), np.float64(12.920466206036743), np.float64(12.484991548147391), np.float64(12.484991548147391), np.float64(12.411456006223874), np.float64(12.411456006223874), np.float64(12.358377443378075), np.float64(12.358377443378075)]
Final fitness values: [np.float64(12.304952867483204), np.float64(12.304952867483204), np.float64(12.304952867483168), np.float64(12.304952867483168), np.float64(12.304952867483168), np.float64(12.304952867483168), np.float64(12.304802793891017), np.float64(12.304802793891017), np.float64(12.304802793891017), np.float64(12.304802793891017)]
HOF ITEM
12.304802793891017
-0.15876629770803988,-3.177582425265331,-6.470244606814983,-5.503568915369248,-0.8861018806620056,1.0524803524987052,5.676034470808579,2.1203865075512964,-4.7159653438133695,2.122826718456787,0.5118808652920694,0.7433385803049414,-0.2793221652191031,2.139783046032437,-7.0
HOF ITEM
12.304802793891017
-0.15876629770803988,-3.3613521607860197,-6.470244606814983,-5.503568915369248,-0.8861018806620056,1.0524803524987052,5.676034470808579,2.1203865075512964,-4.7159653438133695,2.122826718456787,0.5118808652920694,0.7433385803049414,-0.2793221652191031,2.139783046032437,-7.0
HOF ITEM
12.304952867483168
-0.15876629770803988,-3.3613521607860197,-6.470244606814983,-5.503568915369248,-0.8861018806620056,1.0524803524987052,5.676034470808579,2.1203865075512964,-4.7159653438133695,2.122826718456787,0.6274142232075357,0.8831881114730188,-0.2793221652191031,2.139783046032437,-7.0
HOF ITEM
12.304952867483168
-0.15876629770803988,-3.177582425265331,-6.470244606814983,-5.503568915369248,-0.8861018806620056,1.0524803524987052,5.567407151963082,2.1203865075512964,-4.7159653438133695,2.122826718456787,0.6274142232075357,0.8831881114730188,-0.2793221652191031,2.139783046032437,-7.0
HOF ITEM
12.304952867483168
-0.15876629770803988,-3.177582425265331,-6.470244606814983,-5.503568915369248,-0.8861018806620056,1.0524803524987052,5.676034470808579,2.1203865075512964,-4.7159653438133695,2.122826718456787,0.6274142232075357,0.8831881114730188,-0.2793221652191031,2.139783046032437,-7.0
best parameter set
fitness 10.339517728756531 seed 87
6.232811889903836,-0.9637084157589698,1.5954226036053882,1.006709451930501,-3.840275859053661,0.291079147391986,1.3474529299632567,3.0,1.299782026841464,1.2332603259112365,1.063417298727933,0.2991003407682865,1.2587115071905501,1.428450810161678,-3.108842153258332
