seeds are [180 181 182 183 184 185 186 187 188 189]
seed 180
Initial fitness values: [np.float64(15.053624960066752), np.float64(12.738545121103062), np.float64(12.418558369312171), np.float64(12.418558369312171), np.float64(12.35754567683329), np.float64(12.353318778628182), np.float64(12.249502350488427), np.float64(12.124099705309195), np.float64(11.709135664054248), np.float64(11.355710282582375)]
Final fitness values: [np.float64(10.904731739775725), np.float64(10.904731739775725), np.float64(10.904731739775725), np.float64(10.904731739775725), np.float64(10.904731739775725), np.float64(10.904731739775725), np.float64(10.904731739775725), np.float64(10.904731739775725), np.float64(10.904731739775725), np.float64(10.904731739775725)]
HOF ITEM
10.904731739775725
1.0771380559989543,0.6221897236033681,-0.22028684964516432,-2.1414183188981433,-3.532980389914223,0.6998587440044324,4.011765890845601,1.049811775549921,0.9012821157012921,4.5307108523693795,1.0266261909770342,-5.551494784695774,0.71420015319825,2.474696876724878,-3.876962867646628
HOF ITEM
10.904731747335116
1.0771380559989543,0.6221897236033681,-0.22028684964516432,-2.1414183188981433,-3.532980389914223,0.6998587440044324,4.011765890845601,1.049811775549921,0.9012821157012921,4.5307108523693795,1.0266261909770342,-5.514488351497155,0.71420015319825,2.474696876724878,-3.876962867646628
HOF ITEM
10.904747441503378
1.0771380559989543,0.6221897236033681,-0.22028684964516432,-2.1414183188981433,-3.532980389914223,0.6998587440044324,4.011765890845601,1.049811775549921,0.6680884283194355,4.5307108523693795,1.0266261909770342,-5.551494784695774,0.71420015319825,2.474696876724878,-3.876962867646628
HOF ITEM
10.904747449061553
1.0771380559989543,0.6221897236033681,-0.22028684964516432,-2.1414183188981433,-3.532980389914223,0.6998587440044324,4.011765890845601,1.049811775549921,0.6680884283194355,4.5307108523693795,1.0266261909770342,-5.514488351497155,0.71420015319825,2.474696876724878,-3.876962867646628
HOF ITEM
10.904749775779653
1.0771380559989543,0.6221897236033681,-0.22028684964516432,-2.1414183188981433,-3.532980389914223,0.6998587440044324,4.011765890845601,1.049811775549921,0.6149516380189177,4.5307108523693795,1.0303274644889053,-5.551494784695774,0.71420015319825,2.474696876724878,-3.876962867646628
seed 181
Initial fitness values: [np.float64(15.431160482681978), np.float64(14.489617585868341), np.float64(13.80807797498272), np.float64(13.524319152957572), np.float64(13.524319152957572), np.float64(13.101987143334943), np.float64(12.687147032279608), np.float64(12.434441038733958), np.float64(12.088777900554158), np.float64(12.088777900554158)]
Final fitness values: [np.float64(11.233287643478622), np.float64(11.2332154914281), np.float64(11.2332154914281), np.float64(11.233199795594553), np.float64(11.233199795594553), np.float64(11.233199795594553), np.float64(11.201366119747826), np.float64(11.201366119747826), np.float64(11.201341855343617), np.float64(11.201139193682547)]
HOF ITEM
11.201139193682547
5.064003187244679,-0.754362744853291,1.5272557009758638,-5.481586610515277,-6.8128176947762675,0.7190493651035816,2.6759270621901905,0.6846779103385532,-1.6971095623104238,5.769693741730639,3.0,-1.7995954559453358,0.5864739233162586,2.2687565790393407,-6.986764472829819
HOF ITEM
11.201143056199667
5.064003187244679,-0.754362744853291,1.5272557009758638,-5.481586610515277,-6.8128176947762675,0.7190493651035816,2.6840155755757986,0.6846779103385532,-1.6971095623104238,5.995810105614984,2.8351857884074936,-1.7995954559453358,0.5864739233162586,2.2687565790393407,-6.986764472829819
HOF ITEM
11.201317181648449
5.064003187244679,-0.754362744853291,1.5272557009758638,-5.481586610515277,-6.8128176947762675,0.7190493651035816,2.7668125459041972,1.0022567196040768,-1.518068770131317,6.085919936261547,3.0,-1.7995954559453358,0.5864739233162586,2.2687565790393407,-6.986764472829819
HOF ITEM
11.201319368627535
5.064003187244679,-0.754362744853291,1.174998327305909,-5.858181727475187,-6.8128176947762675,0.7190493651035816,3.2559397211132732,0.9113591772559714,-1.6971095623104238,6.1045933022538525,2.7856602529295587,-1.5315706404431664,0.5864739233162586,2.2687565790393407,-6.986764472829819
HOF ITEM
11.201341855343617
5.064003187244679,-0.754362744853291,1.5272557009758638,-5.481586610515277,-6.8128176947762675,0.7190493651035816,2.927162505225259,0.996995428222974,-1.9093215753918356,6.085919936261547,2.8351857884074936,-1.7995954559453358,0.5864739233162586,2.2687565790393407,-6.986764472829819
seed 182
Initial fitness values: [np.float64(14.699290502257812), np.float64(13.852217460680706), np.float64(12.746461250114614), np.float64(12.537310301815642), np.float64(12.537310301815642), np.float64(12.116537551603749), np.float64(11.941780365517191), np.float64(11.784936927935307), np.float64(11.783219481877802), np.float64(11.7759839942578)]
Final fitness values: [np.float64(10.999271621574701), np.float64(10.992514412340721), np.float64(10.94539015395039), np.float64(10.94539015395039), np.float64(10.94446990427804), np.float64(10.933306418106334), np.float64(10.925552110271944), np.float64(10.92550640151955), np.float64(10.918318610304697), np.float64(10.913648117631979)]
HOF ITEM
10.913648117631979
3.366867758233587,-0.2845182726823837,6.0195442576,-2.8895426628123926,3.7715700753629027,-1.1773588691488484,6.3625818628327915,0.6570634743391438,-5.899879369601897,1.6024075609015003,2.583027531467681,-0.5893017806416341,1.292198831617298,2.887035301189691,-0.4517753820239108
HOF ITEM
10.918318610304697
3.366867758233587,-0.2845182726823837,6.1984191721682445,-3.0786591289366587,3.488589394033276,-2.0843074468302483,6.355811075594807,0.7081676277982448,-5.817651217211216,1.6024075609015003,2.9959136370087673,-0.5893017806416341,1.292198831617298,2.8810698656945077,-0.4517753820239108
HOF ITEM
10.919067244806774
3.366867758233587,-0.2845182726823837,6.1984191721682445,-3.0786591289366587,3.5577420505467288,-1.8205272763279545,6.437272735074441,0.5667368420572151,-5.532682858816106,1.5379498403695793,2.793241815823939,-0.5893017806416341,1.292198831617298,2.887035301189691,-0.4517753820239108
HOF ITEM
10.919530391848397
3.366867758233587,-0.2845182726823837,6.1984191721682445,-3.0786591289366587,3.5577420505467288,-1.8205272763279545,6.437272735074441,0.6570634743391438,-5.6288070680477835,1.5379498403695793,2.583027531467681,-0.5893017806416341,1.292198831617298,2.887035301189691,-0.4517753820239108
HOF ITEM
10.920798986248268
3.3698795581689778,-0.2862882294163363,5.847971785257292,-3.047511235300097,3.7715700753629027,-1.1773588691488484,6.3625818628327915,0.511227665536236,-6.057555905882115,1.6024075609015003,2.9189480814370787,-0.5705297089827732,1.292198831617298,3.0,-0.4517753820239108
seed 183
Initial fitness values: [np.float64(14.59939501065546), np.float64(13.013587558929279), np.float64(12.623958230260786), np.float64(12.442369040978129), np.float64(12.313343862610292), np.float64(12.313343862610292), np.float64(12.310048106566477), np.float64(12.309982416923365), np.float64(12.309982416923365), np.float64(12.240412710693699)]
Final fitness values: [np.float64(10.716891430277984), np.float64(10.716891430277984), np.float64(10.716891338882768), np.float64(10.716891315515808), np.float64(10.716891315515012), np.float64(10.716891315515012), np.float64(10.716891315515012), np.float64(10.716890895881974), np.float64(10.716890895881974), np.float64(10.716890895881974)]
HOF ITEM
10.716890895881974
-1.1224807883202423,1.4001866391553242,-2.5761064037556283,0.18104881588570187,5.360715864315044,1.231880993751661,-0.045394822257212836,3.0,4.658411870579968,1.8701704207900591,3.0,-0.24392339698296445,4.126554112891797,1.0873838090264516,-2.079199625333811
HOF ITEM
10.71689089588933
-1.1224807883202423,1.4001866391553242,-2.5761064037556283,0.18104881588570187,5.360715864315044,1.231880993751661,-0.045394822257212836,3.0,4.658411870579968,1.6190292349602735,3.0,-0.24392339698296445,4.126554112891797,1.0873838090264516,-2.079199625333811
HOF ITEM
10.71689131550766
-1.1224807883202423,1.4001866391553242,-2.5761064037556283,0.18104881588570187,5.360715864315044,1.231880993751661,-0.045394822257212836,3.0,4.658411870579968,1.8701704207900591,3.0,-0.24392339698296445,4.0107714529105225,1.0873838090264516,-2.079199625333811
HOF ITEM
10.716891315515012
-1.1224807883202423,1.4001866391553242,-2.5761064037556283,0.18104881588570187,5.360715864315044,1.231880993751661,-0.045394822257212836,3.0,4.658411870579968,1.6190292349602735,3.0,-0.24392339698296445,4.0107714529105225,1.0873838090264516,-2.079199625333811
HOF ITEM
10.716891315515808
-1.1224807883202423,1.4001866391553242,-2.5761064037556283,0.18104881588570187,5.360715864315044,1.231880993751661,-0.045394822257212836,3.0,4.658411870579968,1.6190292349602735,3.0,-0.2744526910826091,4.0107714529105225,1.0873838090264516,-2.079199625333811
seed 184
Initial fitness values: [np.float64(14.057265859806252), np.float64(13.804120383624575), np.float64(13.603202620266536), np.float64(13.500034109366656), np.float64(13.499716753087393), np.float64(13.463782491599108), np.float64(13.463781963447884), np.float64(13.451482334307428), np.float64(13.44088937565034), np.float64(13.44088937565034)]
Final fitness values: [np.float64(10.956779705622798), np.float64(10.95677023239264), np.float64(10.956770085268145), np.float64(10.945340280928695), np.float64(10.945340280928695), np.float64(10.945339853314705), np.float64(10.945211611321868), np.float64(10.943196445286295), np.float64(10.943196445286295), np.float64(10.943142386972998)]
HOF ITEM
10.943142386972998
-1.5556544765225084,1.409668609652711,-5.638021970625114,-3.191722867214494,5.626023283385001,0.06042899246229745,-5.578329352458902,0.03758714413565056,-3.279241683915953,1.0220373931610771,1.1471951309450894,-0.19956388669753738,-0.866856963895962,2.4162634980767823,-5.166368742767588
HOF ITEM
10.943187675950727
-1.5556544765225084,1.409668609652711,-5.638021970625114,-3.191722867214494,5.626023283385001,0.06042899246229745,-6.069711883070588,0.07984982990727253,-3.6499519660946773,1.0220373931610771,1.1471951309450894,-0.19956388669753738,-0.866856963895962,2.4162634980767823,-5.166368742767588
HOF ITEM
10.943196445286295
-1.5556544765225084,1.409668609652711,-5.638021970625114,-3.191722867214494,5.626023283385001,0.06042899246229745,-6.069711883070588,0.1374543171784938,-3.720535649555003,1.0220373931610771,1.1471951309450894,-0.19956388669753738,-0.866856963895962,2.4162634980767823,-5.166368742767588
HOF ITEM
10.945180004648314
-1.5635488910870108,1.409668609652711,-5.387182880059219,-3.5036165002806934,6.418462927213781,0.13330653257268188,-6.069711883070588,0.07984982990727253,-3.279241683915953,1.165500134643577,1.1471951309450894,-0.7573375292441168,-0.866856963895962,2.4162634980767823,-4.965799308777991
HOF ITEM
10.945182225519362
-1.5635488910870108,1.409668609652711,-5.387182880059219,-3.5036165002806934,6.418462927213781,0.13330653257268188,-6.069711883070588,0.07984982990727253,-3.6499519660946773,0.8878116459867473,1.1471951309450894,-0.4456301935696792,-0.866856963895962,2.4162634980767823,-4.965799308777991
seed 185
Initial fitness values: [np.float64(13.575714809329138), np.float64(13.326254313912495), np.float64(13.32152909737299), np.float64(13.300566588019446), np.float64(13.248577743080306), np.float64(13.248313673124555), np.float64(13.218452783236636), np.float64(13.210910306108103), np.float64(13.205756480547834), np.float64(13.191364953858852)]
Final fitness values: [np.float64(11.54037314299263), np.float64(11.54037314299263), np.float64(11.54037314299263), np.float64(11.54037314299263), np.float64(11.54037314299263), np.float64(11.539790677961077), np.float64(11.539790677961077), np.float64(11.539790677961077), np.float64(11.539790677961077), np.float64(11.539790677961077)]
HOF ITEM
11.539790677961077
4.800519111859414,-1.1874348726706576,0.2944808555823301,-0.7144641442610009,-3.3176533807544835,-0.17035419109670374,-4.596449262349984,3.0,-1.7855189998302694,1.7159777436025772,0.0,-5.349792445806333,4.523279837735368,2.2556521515743,-3.5504970336187442
HOF ITEM
11.539790677961077
4.800519111859414,-1.1874348726706576,0.2944808555823301,-0.7144641442610009,-3.3176533807544835,-0.17035419109670374,-5.189284878651099,3.0,-1.7855189998302694,1.7159777436025772,0.0,-5.349792445806333,4.523279837735368,2.2556521515743,-3.254245531171914
HOF ITEM
11.539790677961077
4.800519111859414,-1.1874348726706576,0.2944808555823301,-0.7144641442610009,-3.3176533807544835,-0.17035419109670374,-4.961841193835884,3.0,-1.7855189998302694,1.7159777436025772,0.0,-5.349792445806333,4.523279837735368,2.2556521515743,-3.254245531171914
HOF ITEM
11.539790677961077
4.800519111859414,-1.1874348726706576,0.2944808555823301,-0.7144641442610009,-3.3176533807544835,-0.17035419109670374,-4.961841193835884,3.0,-1.7855189998302694,1.7159777436025772,0.0,-5.349792445806333,4.209718691554804,2.2556521515743,-3.5504970336187442
HOF ITEM
11.539790677961077
4.800519111859414,-1.1874348726706576,0.2944808555823301,-0.7144641442610009,-3.3176533807544835,-0.17035419109670374,-4.596449262349984,3.0,-1.7855189998302694,1.7159777436025772,0.0,-5.349792445806333,4.209718691554804,2.2556521515743,-3.5504970336187442
seed 186
Initial fitness values: [np.float64(15.910196259112967), np.float64(13.096480270693773), np.float64(13.096480270693773), np.float64(12.948009502709851), np.float64(11.740613853440488), np.float64(11.740613853440488), np.float64(11.21232465601891), np.float64(11.21232465601891), np.float64(11.199856116694507), np.float64(11.188188050109877)]
Final fitness values: [np.float64(10.565610618309845), np.float64(10.565610618309845), np.float64(10.565610618309845), np.float64(10.562879708581436), np.float64(10.562879708581436), np.float64(10.562879708581436), np.float64(10.531409254297206), np.float64(10.531409254297206), np.float64(10.531409254297206), np.float64(10.531409254297206)]
HOF ITEM
10.531409254297206
-3.3922265758182193,1.5834969824452452,5.919958992365437,-5.587308792016513,1.3366919742992538,4.159409744659033,-6.046521431277856,1.1145418944103118,2.6656581138804887,3.253493013775882,0.0,1.5688051244824743,-2.2356427128803005,2.767605895221253,-2.44591422644002
HOF ITEM
10.531840841421772
-3.3922265758182193,1.5834969824452452,5.939895101472735,-5.604193479362285,1.3366919742992538,4.159409744659033,-6.046521431277856,1.1145418944103118,2.6656581138804887,3.253493013775882,0.0,1.5688051244824743,-2.2356427128803005,2.767605895221253,-2.44591422644002
HOF ITEM
10.534407724807778
-3.3922265758182193,1.584296236503727,5.919958992365437,-5.587308792016513,1.3366919742992538,4.159409744659033,-6.046521431277856,1.1145418944103118,2.6656581138804887,3.253493013775882,0.0,1.5688051244824743,-2.2356427128803005,2.767605895221253,-2.44591422644002
HOF ITEM
10.538115463196892
-3.3922265758182193,1.584296236503727,6.020564577023277,-5.604193479362285,1.3500180960471744,4.253848816906857,-6.046521431277856,0.8670141643192868,2.6387956346321264,3.4967858289766025,0.0,1.5688051244824743,-2.2356427128803005,2.767605895221253,-2.521952407046815
HOF ITEM
10.562636294499276
-3.3922265758182193,1.584296236503727,5.939895101472735,-5.363725244819492,1.3366919742992538,4.253848816906857,-5.732290100415885,0.9772340724809505,2.6656581138804887,3.4967858289766025,0.06138868273510121,1.5688051244824743,-2.2356427128803005,2.767605895221253,-2.521952407046815
seed 187
Initial fitness values: [np.float64(14.292277249410473), np.float64(13.394184222798179), np.float64(13.394184222798179), np.float64(12.847351863808763), np.float64(12.45185219955826), np.float64(12.387456936039854), np.float64(12.381842683738087), np.float64(12.330925677717577), np.float64(12.31735671128601), np.float64(12.30253460565512)]
Final fitness values: [np.float64(10.933043912420723), np.float64(10.933043912420723), np.float64(10.927702238809857), np.float64(10.927702238809857), np.float64(10.919374964623307), np.float64(10.919374964623307), np.float64(10.919374964623307), np.float64(10.8802645996568), np.float64(10.8802645996568), np.float64(10.8802645996568)]
HOF ITEM
10.8802645996568
2.850397461855476,-0.09291641483072921,-6.328241990782411,2.310965234372113,-3.4365961564690144,-0.31048703367306674,1.3072278145324896,3.0,0.44925407206204326,6.132169963585401,2.827930844649705,6.012713145192087,-5.0126516867724344,3.0,-5.314444716579254
HOF ITEM
10.8802645996568
2.850397461855476,-0.09291641483072921,-6.328241990782411,2.310965234372113,-3.4365961564690144,-0.31048703367306674,1.3072278145324896,3.0,0.44925407206204326,5.5759244759638005,2.4893570188619987,5.495551775251961,-5.092254151522324,3.0,-5.314444716579254
HOF ITEM
10.895216095688628
2.850397461855476,-0.09291641483072921,-6.328241990782411,2.310965234372113,-3.106980776190036,-0.5711578148098075,1.3072278145324896,3.0,0.44925407206204326,5.5759244759638005,2.857490378986607,5.495551775251961,-5.309084592233345,2.826120613474392,-5.43122795931886
HOF ITEM
10.91298598026214
3.2273606005140496,-0.24093269833441028,-5.872345889187913,2.8973032507320995,-3.4365961564690144,-0.7207581241388191,1.3134564508247497,2.995614582004506,0.44925407206204326,6.132169963585401,2.827930844649705,6.012713145192087,-5.189529506600093,2.7245040990304386,-5.175581537388775
HOF ITEM
10.914774705563795
3.2273606005140496,-0.24093269833441028,-5.732682235645061,2.8973032507320995,-3.4365961564690144,-0.7207581241388191,1.3134564508247497,3.0,0.44925407206204326,6.428976899521078,2.827930844649705,5.7441031728860334,-5.0126516867724344,2.7245040990304386,-5.191596510799259
seed 188
Initial fitness values: [np.float64(14.423112959035873), np.float64(13.286665214181943), np.float64(13.224431954906), np.float64(13.14497503053123), np.float64(13.139178537752386), np.float64(13.000578760249377), np.float64(12.88881927344287), np.float64(12.88881927344287), np.float64(12.871194361992599), np.float64(12.770254878400907)]
Final fitness values: [np.float64(12.308712212099854), np.float64(12.308712212099854), np.float64(12.308712211323728), np.float64(12.308712211323728), np.float64(12.308712211323728), np.float64(12.308712211323728), np.float64(12.308712211323728), np.float64(12.308712211323728), np.float64(12.307511869572782), np.float64(12.307511869572782)]
HOF ITEM
12.307511869572782
1.9055425981299998,-2.370756214293837,-2.3062443732713405,-1.7657113125079134,4.989843990765999,3.758220467165011,6.42518194264845,2.4082621963031645,3.0832268944419647,0.4997428613109323,2.133052909705927,-5.768477392717235,-1.9801069100224153,1.9815468598409451,5.66728788571731
HOF ITEM
12.308712209676726
1.9178650394373735,-2.370756214293837,-2.3062443732713405,-1.7657113125079134,4.989843990765999,3.714984060366596,6.403731576180078,2.9719509974605502,3.098950294777293,0.4997428613109323,2.133052909705927,-5.768477392717235,-1.9801069100224153,1.6619499297271885,5.66728788571731
HOF ITEM
12.308712211323728
1.9178650394373735,-2.92583095180162,-2.3062443732713405,-1.7657113125079134,4.989843990765999,3.714984060366596,6.403731576180078,2.4082621963031645,3.403340708595214,0.4997428613109323,2.133052909705927,-5.768477392717235,-1.9801069100224153,1.7700668390423075,5.66728788571731
HOF ITEM
12.308712211323728
1.9178650394373735,-2.370756214293837,-2.3062443732713405,-1.7657113125079134,4.989843990765999,3.714984060366596,6.403731576180078,2.4082621963031645,3.601255244282074,0.4997428613109323,2.133052909705927,-5.768477392717235,-1.9801069100224153,1.7700668390423075,5.66728788571731
HOF ITEM
12.308712211323728
1.9178650394373735,-2.370756214293837,-2.3062443732713405,-1.7657113125079134,4.989843990765999,3.714984060366596,6.403731576180078,2.4082621963031645,3.403340708595214,0.4997428613109323,2.133052909705927,-5.768477392717235,-1.9801069100224153,1.7700668390423075,5.66728788571731
seed 189
Initial fitness values: [np.float64(14.023454867855174), np.float64(13.650621651441913), np.float64(13.503302325590356), np.float64(12.601272043416282), np.float64(12.57054393796687), np.float64(11.862043958460488), np.float64(11.7807868560074), np.float64(11.585965165151086), np.float64(11.391999060058838), np.float64(11.362687510977825)]
Final fitness values: [np.float64(10.370229932345032), np.float64(10.368106441635215), np.float64(10.366893142148497), np.float64(10.347923355232362), np.float64(10.347923355232362), np.float64(10.310213816902909), np.float64(10.309154882958174), np.float64(10.309154882958174), np.float64(10.309154882958174), np.float64(10.309154882958174)]
HOF ITEM
10.309154882958174
3.5395721391701107,-0.33216147231763904,6.294484622439642,-3.114624431943369,4.68382443240509,4.111380589828947,-4.395694006499333,2.874553077316579,1.3388225516135266,1.241328270388696,2.9018120308949933,-1.2425628618625109,1.6474388037012948,0.8466719572426193,1.0007207827334272
HOF ITEM
10.309232524022438
3.5395721391701107,-0.33216147231763904,6.294484622439642,-3.114624431943369,4.68382443240509,4.111380589828947,-4.369359697330081,3.0,1.3388225516135266,1.241328270388696,2.9018120308949933,-1.2425628618625109,1.6474388037012948,0.8466719572426193,1.0007207827334272
HOF ITEM
10.309232524022438
3.5395721391701107,-0.33216147231763904,6.294484622439642,-3.114624431943369,4.68382443240509,4.111380589828947,-4.395694006499333,3.0,1.3388225516135266,1.241328270388696,2.9018120308949933,-1.2425628618625109,1.6474388037012948,0.8466719572426193,1.0007207827334272
HOF ITEM
10.310164323132913
3.5395721391701107,-0.33216147231763904,6.294484622439642,-3.5648981701777207,4.68382443240509,4.111380589828947,-4.369359697330081,2.874553077316579,1.3388225516135266,1.241328270388696,2.9018120308949933,-1.2425628618625109,1.6474388037012948,0.8466719572426193,1.0007207827334272
HOF ITEM
10.310164323132913
3.5395721391701107,-0.33216147231763904,6.294484622439642,-3.5648981701777207,4.68382443240509,4.111380589828947,-4.395694006499333,2.874553077316579,1.3388225516135266,1.241328270388696,2.9018120308949933,-1.2425628618625109,1.6474388037012948,0.8466719572426193,1.0007207827334272
best parameter set
fitness 10.210701258979844 seed 189
3.5364581134736572,-0.328857546487356,6.293723591835601,-3.564982095220937,4.71422184302147,4.063369284686829,-4.369359697330081,2.874553077316579,1.338606873328519,1.2466326592513097,2.98031363149689,-1.281279612697811,1.636083878361237,0.9053631094464878,1.0175945255522254
