seeds are [30 31 32 33 34 35 36 37 38 39]
seed 30
Initial fitness values: [np.float64(28.249693035571116), np.float64(28.249693035571116), np.float64(27.057282922540363), np.float64(27.057282922540363), np.float64(26.10342746907525), np.float64(25.446406342691265), np.float64(24.1487685405116), np.float64(24.1487685405116), np.float64(24.057894338802182), np.float64(24.057894338802182)]
Final fitness values: [np.float64(23.69459509090106), np.float64(23.69459509090106), np.float64(23.69459509090106), np.float64(23.68893841085839), np.float64(23.68893841085839), np.float64(23.68893841085839), np.float64(23.68893841085839), np.float64(23.68893841085839), np.float64(23.68893841085839), np.float64(23.68893841085839)]
HOF ITEM
23.68893841085839
2.917175544854176,-0.1347112871843114,-0.14140270307701114,1.030097068779182,5.108785131316859,3.4519249973806,5.61409718693858,1.6150256872627404,-0.6737426891505487,3.0159354620100927,1.1972912259085529,3.701641612554284,1.9082842263143431,1.1739555004917555,-3.6201567000449026,1.0988104288954734,2.788733702910243,-3.083860824442629
HOF ITEM
23.689555619571983
2.917175544854176,-0.1347112871843114,-0.14140270307701114,1.479665430120536,5.108785131316859,3.4519249973806,6.113642861174641,1.573507699979754,-0.778743810941056,3.3191630748136296,1.1972912259085529,3.701641612554284,1.8086564240973175,1.2204535399477705,-3.6366052782196694,1.0988104288954734,2.7866752420396343,-3.083860824442629
HOF ITEM
23.690513697305175
2.917175544854176,-0.1347112871843114,-0.14140270307701114,1.030097068779182,5.108785131316859,3.4519249973806,5.61409718693858,1.6150256872627404,-0.6737426891505487,3.0159354620100927,1.1972912259085529,3.701641612554284,1.9082842263143431,1.1739555004917555,-3.6201567000449026,1.0986109154231396,2.788733702910243,-3.083860824442629
HOF ITEM
23.693019783661544
2.917175544854176,-0.1347112871843114,-0.14140270307701114,1.030097068779182,5.108785131316859,3.4519249973806,5.61409718693858,1.6150256872627404,-0.6737426891505487,3.0159354620100927,1.1972912259085529,3.3057377866602224,1.8346254504532977,1.1739555004917555,-3.6201567000449026,1.0988104288954734,2.788733702910243,-3.083860824442629
HOF ITEM
23.69459509090106
2.917175544854176,-0.1347112871843114,-0.14140270307701114,1.030097068779182,5.108785131316859,3.4519249973806,5.61409718693858,1.6150256872627404,-0.6737426891505487,3.0159354620100927,1.1972912259085529,3.3057377866602224,1.8346254504532977,1.1739555004917555,-3.6201567000449026,1.0986109154231396,2.788733702910243,-3.083860824442629
seed 31
Initial fitness values: [np.float64(29.41515027762482), np.float64(28.54274948868364), np.float64(28.039983129120156), np.float64(27.139794120658674), np.float64(26.48635245897849), np.float64(26.48337289334863), np.float64(25.846925408519535), np.float64(25.78250282038411), np.float64(25.773208750644383), np.float64(25.707293521862077)]
Final fitness values: [np.float64(23.533534036453922), np.float64(23.533534036453922), np.float64(23.533534036453922), np.float64(23.533534036453922), np.float64(23.533534036453922), np.float64(23.533534036453922), np.float64(23.533534036453922), np.float64(23.518851331320782), np.float64(23.518851331320782), np.float64(23.333638167489244)]
HOF ITEM
23.333638167489244
4.658688458443827,-0.6730921776066887,-4.4679669964626445,-2.859006181676898,-0.2210687055598767,4.228241146825394,1.9249942187904545,0.9579060652892464,-3.0328700676218223,1.6767276764471613,2.4291507510034465,-0.36399783691758947,-6.7086824006286925,0.9523649862371386,5.816747643312689,-5.923730023805229,1.7891537378331739,-6.187889336413023
HOF ITEM
23.34166502102919
4.658688458443827,-0.6730921776066887,-4.4679669964626445,-2.859006181676898,-0.2210687055598767,4.228241146825394,1.9249942187904545,0.9494388123095274,-3.0328700676218223,1.6767276764471613,2.4291507510034465,-0.36399783691758947,-6.7086824006286925,0.9523649862371386,5.816747643312689,-5.923730023805229,1.7891537378331739,-6.187889336413023
HOF ITEM
23.510852989831804
4.658688458443827,-0.6730921776066887,-4.4679669964626445,-2.859006181676898,-0.2210687055598767,4.228241146825394,1.9249942187904545,0.9494388123095274,-3.0328700676218223,1.6767276764471613,2.4291507510034465,-0.36399783691758947,-5.91099763003493,0.6715161622927606,5.816747643312689,-5.871605251898137,1.8400632845171683,-6.187889336413023
HOF ITEM
23.518851331320782
4.658688458443827,-0.6730921776066887,-4.429196458354209,-2.859006181676898,-0.2210687055598767,4.393438007208162,1.9249942187904545,0.9579060652892464,-3.0328700676218223,1.6767276764471613,2.4291507510034465,-0.36399783691758947,-6.7086824006286925,0.9523649862371386,5.962308841457063,-5.871605251898137,1.8400632845171683,-6.187889336413023
HOF ITEM
23.52550713683134
4.658688458443827,-0.6730921776066887,-4.4679669964626445,-2.859006181676898,-0.2210687055598767,4.228241146825394,1.9249942187904545,0.9579060652892464,-3.0328700676218223,1.6767276764471613,2.4291507510034465,-0.36399783691758947,-5.91099763003493,0.6715161622927606,5.816747643312689,-5.923730023805229,1.7891537378331739,-6.187889336413023
seed 32
Initial fitness values: [np.float64(27.45450631308745), np.float64(27.447257517048836), np.float64(26.203861801337116), np.float64(26.203861801337116), np.float64(26.148429354879017), np.float64(26.047744441789984), np.float64(25.989119045009346), np.float64(25.937342194986964), np.float64(25.862361369585894), np.float64(25.862361369585894)]
Final fitness values: [np.float64(25.67745589637347), np.float64(25.67745589637347), np.float64(25.669476482591595), np.float64(25.66915394791568), np.float64(25.665962955990842), np.float64(25.665962955990842), np.float64(25.66396039289974), np.float64(25.663907454940272), np.float64(25.663367876445072), np.float64(25.663085917546066)]
HOF ITEM
25.663085917546066
-2.549340271148142,-1.7173651548418047,-0.7334211828889374,0.5109783623515098,6.934581072787939,3.405689660990855,-1.3803128415307104,2.0873918981177257,-0.47508193106774627,6.591814686490372,1.378188614023505,7.0,0.5883275484597134,1.712550704068799,2.660368759847532,-4.349441725030209,2.651480717807358,6.0559356774346265
HOF ITEM
25.663183565301573
-2.549340271148142,-1.5250420953930346,-0.7334211828889374,0.5109783623515098,6.934581072787939,3.405689660990855,-1.3803128415307104,2.0873918981177257,-0.47508193106774627,7.0,1.1451989371528561,6.944416233104081,0.5883275484597134,1.6225336995308182,2.5728143945314472,-4.562800504787155,2.5857589231345326,6.0559356774346265
HOF ITEM
25.663185908694217
-2.549340271148142,-1.7173651548418047,-0.7334211828889374,0.5109783623515098,6.934581072787939,3.405689660990855,-1.3803128415307104,2.0873918981177257,-0.47508193106774627,7.0,1.1451989371528561,7.0,0.5883275484597134,1.712550704068799,2.97182069198896,-4.203951319645688,2.5857589231345326,6.424006340892293
HOF ITEM
25.66321691378118
-2.549340271148142,-1.7173651548418047,-0.7334211828889374,0.5109783623515098,6.934581072787939,3.405689660990855,-1.3803128415307104,2.0873918981177257,-0.47508193106774627,7.0,1.3557902259770926,7.0,0.4976770299529712,1.712550704068799,2.660368759847532,-4.349441725030209,2.5857589231345326,6.424006340892293
HOF ITEM
25.663236498043837
-2.549340271148142,-1.7173651548418047,-0.7334211828889374,0.5109783623515098,6.934581072787939,3.405689660990855,-1.3803128415307104,2.0873918981177257,-0.47508193106774627,7.0,1.1451989371528561,6.944416233104081,0.5883275484597134,1.6225336995308182,2.5728143945314472,-4.349441725030209,2.5857589231345326,6.424006340892293
seed 33
Initial fitness values: [np.float64(29.01996695760839), np.float64(28.345538231848632), np.float64(27.13372853493387), np.float64(26.979667517704776), np.float64(26.572374661456553), np.float64(26.262617113375054), np.float64(26.03342411645137), np.float64(26.030744173621677), np.float64(26.030731432287283), np.float64(25.98241143544137)]
Final fitness values: [np.float64(25.866280336144545), np.float64(25.866280336144545), np.float64(25.866280336144545), np.float64(25.866280336144545), np.float64(25.866280336144545), np.float64(25.866280336144545), np.float64(25.866280336144545), np.float64(25.866280336144545), np.float64(25.866280336144545), np.float64(25.866280336144545)]
HOF ITEM
25.866280336144545
-5.696774724388064,-4.0,-3.807174629699687,-0.5287184194512983,-0.18644590437226932,3.064639865573725,-4.476019050195065,2.431288992744091,5.891044312977116,-4.369947817361517,2.006689045247604,0.9139223169158642,1.215195347446123,2.098897415149335,-1.5975793648592502,-1.724013701178195,2.8490590854511293,5.658917856613073
HOF ITEM
25.866280336144545
-5.696774724388064,-3.8082541333222037,-3.807174629699687,-0.5287184194512983,-0.18644590437226932,3.064639865573725,-4.827742619875387,2.8257946330407115,5.91296364428308,-4.369947817361517,2.006689045247604,0.9139223169158642,0.9985934193655556,2.098897415149335,-1.5975793648592502,-1.724013701178195,2.8490590854511293,5.71307395542128
HOF ITEM
25.866280336144545
-5.696774724388064,-4.0,-3.807174629699687,-0.5287184194512983,-0.18644590437226932,3.064639865573725,-4.476019050195065,2.431288992744091,5.891044312977116,-4.369947817361517,2.006689045247604,0.9139223169158642,0.9985934193655556,2.098897415149335,-1.5975793648592502,-1.724013701178195,2.8490590854511293,5.449569444517483
HOF ITEM
25.866280336144545
-5.696774724388064,-3.8082541333222037,-3.807174629699687,-0.5287184194512983,-0.18644590437226932,3.064639865573725,-4.476019050195065,2.431288992744091,5.891044312977116,-4.369947817361517,2.006689045247604,0.9139223169158642,0.9985934193655556,2.098897415149335,-1.8130891470991657,-1.724013701178195,2.542213499436637,5.71307395542128
HOF ITEM
25.866280336144545
-5.696774724388064,-4.0,-3.807174629699687,-0.5287184194512983,-0.18644590437226932,3.064639865573725,-4.476019050195065,2.431288992744091,5.891044312977116,-4.369947817361517,2.006689045247604,0.9139223169158642,0.9985934193655556,2.098897415149335,-1.5975793648592502,-1.724013701178195,2.8490590854511293,5.658917856613073
seed 34
Initial fitness values: [np.float64(29.48232302662916), np.float64(28.80125362589653), np.float64(26.4342472408382), np.float64(26.4342472408382), np.float64(26.145948859825257), np.float64(25.75478963640337), np.float64(25.75478963640337), np.float64(25.75478963640337), np.float64(25.5917769882085), np.float64(25.5917769882085)]
Final fitness values: [np.float64(25.249403634516263), np.float64(25.249403634516263), np.float64(25.249403634516263), np.float64(25.241513739343198), np.float64(25.241513739343198), np.float64(25.241513739343198), np.float64(25.241503126143982), np.float64(25.241503126143982), np.float64(25.241503126143982), np.float64(25.241503126143982)]
HOF ITEM
25.241503126143982
0.03561667784634548,-0.7324824545157054,-4.078265468123467,0.27457279719820765,6.164444506344433,-1.6066991580135053,6.920084753103449,2.558633842217422,-1.3239865379699425,0.6081749295456034,1.8536978911188768,5.5788446231905,3.2120258093329594,0.6728437521188022,-4.859996016973097,0.21935341519660395,2.8188806223565295,5.5769206589252365
HOF ITEM
25.241503126143982
0.03561667784634548,-0.7324824545157054,-4.078265468123467,0.27457279719820765,6.164444506344433,-1.6066991580135053,6.365156508962005,3.0,-1.3815768864514335,0.6081749295456034,1.8536978911188768,5.5788446231905,3.2120258093329594,0.6728437521188022,-4.859996016973097,0.21935341519660395,2.8188806223565295,5.5769206589252365
HOF ITEM
25.241503126143982
0.03561667784634548,-0.7324824545157054,-4.078265468123467,0.27457279719820765,6.164444506344433,-1.6066991580135053,6.920084753103449,3.0,-1.3815768864514335,0.6081749295456034,1.8536978911188768,5.5788446231905,3.2120258093329594,0.6728437521188022,-4.859996016973097,0.21935341519660395,2.8188806223565295,5.5769206589252365
HOF ITEM
25.241513739343198
0.03561667784634548,-0.7324824545157054,-4.078265468123467,0.27457279719820765,6.164444506344433,-1.6066991580135053,6.920084753103449,3.0,-1.3815768864514335,0.6081749295456034,1.8536978911188768,5.5788446231905,3.2120258093329594,0.6728437521188022,-4.685758821721354,0.21935341519660395,2.8188806223565295,5.5769206589252365
HOF ITEM
25.241513739343198
0.03561667784634548,-0.7324824545157054,-4.078265468123467,0.27457279719820765,6.164444506344433,-1.6066991580135053,6.365156508962005,3.0,-1.3239865379699425,0.6081749295456034,1.8536978911188768,5.5788446231905,3.2120258093329594,0.6728437521188022,-4.685758821721354,0.21935341519660395,2.8188806223565295,5.5769206589252365
seed 35
Initial fitness values: [np.float64(31.91131444522098), np.float64(28.925725931115625), np.float64(28.13130598250875), np.float64(28.13130598250875), np.float64(28.13130598250875), np.float64(27.650872150043845), np.float64(27.538269116915625), np.float64(27.122192124334003), np.float64(27.122192124334003), np.float64(26.265791969021134)]
Final fitness values: [np.float64(25.389430465082988), np.float64(25.32369614900359), np.float64(25.32369614900359), np.float64(25.32369614900359), np.float64(25.32369614900359), np.float64(25.32369614900359), np.float64(25.321849986914835), np.float64(25.321849986914835), np.float64(25.321849986914835), np.float64(25.319939111506745)]
HOF ITEM
25.319939111506745
-4.905963197861486,-2.1885032339488455,-2.9771001289120185,2.9942560903801656,5.9007812608805645,-0.24945618382856827,2.122478117183758,2.2866499068226167,6.691296485042514,-1.2489412651394733,2.3582565712832024,2.6771875590424785,-4.010746668446619,1.9131941837105213,-2.6741351732163414,-4.206915980779764,2.010948230993929,5.336801916440527
HOF ITEM
25.32038004509654
-4.905963197861486,-1.9011886077229332,-2.9771001289120185,2.9942560903801656,5.9007812608805645,-0.24945618382856827,2.041657107086853,2.5377383662931585,6.64668345449465,-1.096797854382113,2.3582565712832024,2.6771875590424785,-4.010746668446619,1.9131941837105213,-2.6741351732163414,-4.139680285427243,1.9956669248425682,5.565456304067908
HOF ITEM
25.321849986914835
-4.905963197861486,-1.9011886077229332,-2.9771001289120185,2.9942560903801656,5.9007812608805645,-0.24945618382856827,2.122478117183758,2.657210507174452,6.64668345449465,-1.096797854382113,2.3582565712832024,2.6771875590424785,-4.010746668446619,1.9131941837105213,-2.6741351732163414,-4.139680285427243,1.9956669248425682,5.336801916440527
HOF ITEM
25.321849986914835
-4.905963197861486,-1.9011886077229332,-2.9771001289120185,2.9942560903801656,5.9007812608805645,-0.24945618382856827,2.041657107086853,2.5377383662931585,6.64668345449465,-1.096797854382113,2.3582565712832024,2.6771875590424785,-4.010746668446619,1.9131941837105213,-2.6741351732163414,-4.139680285427243,1.9956669248425682,5.336801916440527
HOF ITEM
25.321849996650617
-4.905963197861486,-1.9011886077229332,-2.9771001289120185,2.9942560903801656,5.9007812608805645,-0.24945618382856827,2.041657107086853,2.5377383662931585,6.64668345449465,-1.096797854382113,2.3582565712832024,2.948126618576837,-4.010746668446619,1.9131941837105213,-2.6741351732163414,-4.139680285427243,1.9956669248425682,5.336801916440527
seed 36
Initial fitness values: [np.float64(29.825403492943423), np.float64(29.137732055471684), np.float64(27.439334196716242), np.float64(26.924275725803955), np.float64(26.834047922757627), np.float64(26.298118172576935), np.float64(26.298118172576935), np.float64(26.274996412913158), np.float64(25.998031052382785), np.float64(25.998031052382785)]
Final fitness values: [np.float64(22.352116513294938), np.float64(22.352116513294938), np.float64(22.2933014435676), np.float64(22.2933014435676), np.float64(22.2933014435676), np.float64(22.2933014435676), np.float64(22.2933014435676), np.float64(22.2933014435676), np.float64(22.2933014435676), np.float64(22.2933014435676)]
HOF ITEM
22.2933014435676
-6.004501306962667,1.4317577654061926,-0.3748614282661397,3.629983775271944,5.581811524395896,3.4187947891844623,-3.960711726588863,0.43016905378111775,0.48364953459391435,2.4787895260496544,2.5114416988877393,-6.024621038415735,-5.070944052544028,1.7735332720655823,-2.241505492985743,-2.8413863424451584,0.674777739390942,6.80483038853741
HOF ITEM
22.352116513294938
-6.004501306962667,1.4317577654061926,-0.3748614282661397,3.629983775271944,5.581811524395896,3.4187947891844623,-3.960711726588863,0.43016905378111775,0.48364953459391435,2.2017808015179163,2.5114416988877393,-6.024621038415735,-5.070944052544028,1.7735332720655823,-2.241505492985743,-3.3341964083141056,0.674777739390942,6.80483038853741
HOF ITEM
22.352116513294938
-6.004501306962667,1.4317577654061926,-0.3748614282661397,3.629983775271944,5.581811524395896,3.4187947891844623,-3.960711726588863,0.43016905378111775,0.48364953459391435,2.2017808015179163,2.5114416988877393,-6.023491867926071,-5.070944052544028,1.7735332720655823,-2.241505492985743,-3.3341964083141056,0.674777739390942,6.80483038853741
HOF ITEM
22.352116513294938
-6.004501306962667,1.4317577654061926,-0.3748614282661397,3.629983775271944,5.581811524395896,3.4187947891844623,-3.960711726588863,0.43016905378111775,0.48364953459391435,2.4787895260496544,2.5114416988877393,-6.024621038415735,-5.070944052544028,1.7735332720655823,-2.241505492985743,-3.3341964083141056,0.674777739390942,6.80483038853741
HOF ITEM
22.376065416840618
-6.004501306962667,1.4317577654061926,-0.3748614282661397,3.629983775271944,5.581811524395896,3.605265035946974,-3.960711726588863,0.43016905378111775,0.48364953459391435,2.2017808015179163,2.5114416988877393,-6.1229894664139035,-5.070944052544028,1.7382479976897118,-2.241505492985743,-2.8413863424451584,0.674777739390942,6.80483038853741
seed 37
Initial fitness values: [np.float64(29.705611240309583), np.float64(28.727735369244577), np.float64(27.115112615829833), np.float64(26.425126752923106), np.float64(26.185215896969467), np.float64(25.955562253049354), np.float64(25.955562253049354), np.float64(24.142165716202545), np.float64(24.077898469720022), np.float64(24.077898469720022)]
Final fitness values: [np.float64(23.79835174922117), np.float64(23.79835174922117), np.float64(23.788688345470526), np.float64(23.788688345470526), np.float64(23.788686546526737), np.float64(23.788686546526737), np.float64(23.788686546526737), np.float64(23.788686546526737), np.float64(23.788686546526737), np.float64(23.788686546526737)]
HOF ITEM
23.788686546526737
1.9264621032029052,0.22414497961912655,-2.465574590556254,0.9765554355483015,-0.12888151213556065,-7.0,0.9026177237120905,2.243299322288945,-2.787107483489267,2.5304617480646536,0.34817497677349385,-0.5929955340568921,4.38680341580989,2.844460417379117,-6.767301006785002,6.1836988288290975,0.4499485936633086,-5.8030839387790545
HOF ITEM
23.788686546526737
1.9264621032029052,0.22414497961912655,-2.465574590556254,0.9765554355483015,-0.12888151213556065,-7.0,0.9026177237120905,2.243299322288945,-2.787107483489267,2.5304617480646536,0.34817497677349385,-0.5929955340568921,4.38680341580989,2.6355404870723556,-7.0,6.1836988288290975,0.4499485936633086,-5.8030839387790545
HOF ITEM
23.788686546526737
1.9264621032029052,0.22414497961912655,-2.465574590556254,0.9765554355483015,-0.12888151213556065,-7.0,0.9026177237120905,2.243299322288945,-2.787107483489267,2.5304617480646536,0.34817497677349385,-0.5929955340568921,4.38680341580989,2.844460417379117,-7.0,6.1836988288290975,0.4499485936633086,-5.8030839387790545
HOF ITEM
23.788688345470526
1.9264621032029052,0.22414497961912655,-2.465574590556254,0.9765554355483015,-0.12888151213556065,-7.0,0.9026177237120905,2.243299322288945,-2.787107483489267,2.5304617480646536,0.34817497677349385,-0.5929955340568921,4.38680341580989,2.6355404870723556,-7.0,6.1836988288290975,0.4499485936633086,-5.946066339883652
HOF ITEM
23.788688345470526
1.9264621032029052,0.22414497961912655,-2.465574590556254,0.9765554355483015,-0.12888151213556065,-7.0,0.9026177237120905,2.243299322288945,-2.787107483489267,2.5304617480646536,0.34817497677349385,-0.5929955340568921,4.379222331583393,2.6355404870723556,-7.0,6.1836988288290975,0.4499485936633086,-5.946066339883652
seed 38
Initial fitness values: [np.float64(31.606296985389623), np.float64(29.11607872559571), np.float64(26.680363579961117), np.float64(26.465908843366694), np.float64(26.465908843366694), np.float64(26.02492333348833), np.float64(26.003562222160593), np.float64(25.9067320376271), np.float64(25.88494992402564), np.float64(25.874288937078088)]
Final fitness values: [np.float64(25.742758304162287), np.float64(25.742758304162287), np.float64(25.7404718233398), np.float64(25.7404718233398), np.float64(25.7404718233398), np.float64(25.7404718233398), np.float64(25.7404718233398), np.float64(25.7404718233398), np.float64(25.7404718233398), np.float64(25.7404718233398)]
HOF ITEM
25.7404718233398
-4.690906093407143,-2.45065526169872,-1.118557399122481,3.343487472549583,2.012218911653826,-1.629412556652494,-3.448199796087703,2.0978317538367066,-0.5879282739615203,-3.019035338992774,2.9551812590881115,-1.9306306367370096,2.1195626792762976,2.048152065032714,-6.595687266068294,-1.3096588996337477,2.8637943583717993,-1.2447211381864718
HOF ITEM
25.7404718233398
-4.690906093407143,-2.45065526169872,-1.118557399122481,3.343487472549583,2.012218911653826,-1.629412556652494,-3.448199796087703,2.0978317538367066,-0.5879282739615203,-3.019035338992774,2.9551812590881115,-1.9306306367370096,2.1195626792762976,2.048152065032714,-6.3750904402227615,-1.3096588996337477,2.9258863625983156,-1.4862906207031807
HOF ITEM
25.7404718233398
-4.690906093407143,-2.45065526169872,-1.118557399122481,3.343487472549583,2.012218911653826,-1.629412556652494,-3.448199796087703,2.0978317538367066,-0.5879282739615203,-3.019035338992774,2.9551812590881115,-1.372304514607108,2.024780243985364,2.079812709266104,-6.595687266068294,-1.3096588996337477,2.9258863625983156,-1.4862906207031807
HOF ITEM
25.7404718233398
-4.690906093407143,-2.9939168723046192,-1.118557399122481,3.343487472549583,2.012218911653826,-1.629412556652494,-3.448199796087703,2.0978317538367066,-0.5879282739615203,-3.019035338992774,2.9551812590881115,-1.4244351375654767,2.0485078547462936,2.079812709266104,-6.595687266068294,-1.3096588996337477,2.9258863625983156,-1.4862906207031807
HOF ITEM
25.7404718233398
-4.690906093407143,-2.45065526169872,-1.118557399122481,3.343487472549583,2.012218911653826,-1.629412556652494,-3.448199796087703,2.0978317538367066,-0.5879282739615203,-3.019035338992774,2.9551812590881115,-1.9306306367370096,2.1195626792762976,2.048152065032714,-6.3750904402227615,-1.3096588996337477,2.8637943583717993,-1.2447211381864718
seed 39
Initial fitness values: [np.float64(28.659398338835196), np.float64(28.659398338835196), np.float64(28.305380948533116), np.float64(27.82826521791146), np.float64(27.268371898885274), np.float64(27.266449771006087), np.float64(27.262743785776365), np.float64(27.231018496638274), np.float64(27.040755782740906), np.float64(26.56360930618203)]
Final fitness values: [np.float64(25.73166538485598), np.float64(25.73166538485598), np.float64(25.73166538485598), np.float64(25.731528338539782), np.float64(25.731528338539782), np.float64(25.73152811578375), np.float64(25.73152811578375), np.float64(25.731527859044668), np.float64(25.731057444298372), np.float64(25.731057444298372)]
HOF ITEM
25.731057444298372
-3.0128698020539044,-1.4118663170521644,1.1916105635049397,4.055525970723617,-1.8797564689069683,-0.11118140158440643,-1.7984353921182654,2.105198310563673,-0.4843861076787165,1.0659228160001675,1.3303874839155978,-6.8284241794597325,4.407430168859863,1.5186624040632473,6.567738093548277,4.208971111481927,1.2156007336683026,6.1433906596552585
HOF ITEM
25.731057575969622
-3.0128698020539044,-1.4118663170521644,1.1916105635049397,4.055525970723617,-1.8797564689069683,-0.11118140158440643,-1.7984353921182654,2.105198310563673,-0.4843861076787165,1.0659228160001675,1.3303874839155978,-6.569665248066772,4.407430168859863,1.5186624040632473,6.567738093548277,4.005477708984694,1.2156007336683026,6.1433906596552585
HOF ITEM
25.731527739552803
-3.0128698020539044,-1.4118663170521644,1.1916105635049397,4.055525970723617,-1.8534076245792082,-0.11118140158440643,-1.7984353921182654,2.105198310563673,-0.4843861076787165,1.0659228160001675,1.3303874839155978,-6.569665248066772,4.407430168859863,1.5186624040632473,6.567738093548277,4.239084440302991,1.2156007336683026,6.014089854527896
HOF ITEM
25.731527859044668
-3.0128698020539044,-1.4118663170521644,1.1916105635049397,4.055525970723617,-1.8534076245792082,-0.11118140158440643,-1.7984353921182654,2.105198310563673,-0.4843861076787165,1.0659228160001675,1.3303874839155978,-6.569665248066772,4.407430168859863,1.4772818877340763,6.567738093548277,4.239084440302991,1.2156007336683026,6.014089854527896
HOF ITEM
25.73152811578375
-3.0128698020539044,-1.4118663170521644,1.1916105635049397,4.055525970723617,-1.8534076245792082,-0.11118140158440643,-1.7984353921182654,2.105198310563673,-0.4843861076787165,1.0659228160001675,1.3303874839155978,-6.569665248066772,4.407430168859863,1.5186624040632473,6.567738093548277,4.005477708984694,1.2156007336683026,5.8913101562074415
best parameter set
fitness 22.238676462518896 seed 36
-6.01220397257273,1.3911760182370378,-0.37859978931854577,3.636985948903042,5.6021254229969,3.450085556737283,-3.944302077034372,0.4437498413817607,0.4706391939240741,2.2017808015179163,2.5114416988877393,-6.024621038415735,-5.056774960206783,1.7932638135905408,-2.2297000305865113,-3.3237142712678973,0.7025392788028683,6.820016246177179
