seeds are [60 61 62 63 64 65 66 67 68 69]
seed 60
Initial fitness values: [np.float64(14.723927362692159), np.float64(14.723927362692159), np.float64(13.462924331293776), np.float64(12.912980107995189), np.float64(12.519039779221067), np.float64(12.513553310600352), np.float64(12.509496565944103), np.float64(12.492974209190917), np.float64(12.367125365202694), np.float64(12.367125365202694)]
Final fitness values: [np.float64(10.540046839216691), np.float64(10.540046839216691), np.float64(10.540046839216691), np.float64(10.540046839216691), np.float64(10.538365512308651), np.float64(10.511655518970104), np.float64(10.511655518970104), np.float64(10.505664480971163), np.float64(10.505664480971163), np.float64(10.50566448097074)]
HOF ITEM
10.50566448097074
-2.2858707125769344,1.4649887556854715,-2.9841009000272223,0.5357610870656732,-1.519638583539812,-4.224393659845807,1.7825579142378687,2.844521702751097,5.14514113636248,-1.1445695930052635,2.2835749452341862,-0.726539919763636,2.596975166178436,0.0,2.8452718614943904
HOF ITEM
10.50566448097074
-2.2858707125769344,1.4649887556854715,-2.9841009000272223,0.5357610870656732,-1.519638583539812,-4.224393659845807,1.7825579142378687,2.844521702751097,5.496885386423093,-1.1445695930052635,2.2835749452341862,-0.726539919763636,2.596975166178436,0.0,2.8452718614943904
HOF ITEM
10.505664480971163
-2.2858707125769344,1.4649887556854715,-2.9841009000272223,0.5357610870656732,-1.519638583539812,-4.224393659845807,1.3120493039463565,2.913886654014481,5.14514113636248,-1.1445695930052635,2.2835749452341862,-0.726539919763636,2.596975166178436,0.0,2.8452718614943904
HOF ITEM
10.510399710542549
-2.2858707125769344,1.4649887556854715,-2.9841009000272223,0.5357610870656732,-1.519638583539812,-4.224393659845807,1.3120493039463565,2.913886654014481,5.496885386423093,-1.1445695930052635,2.2344185743901366,-0.726539919763636,2.596975166178436,0.0,2.8452718614943904
HOF ITEM
10.510399710543151
-2.2858707125769344,1.4649887556854715,-2.9841009000272223,0.5357610870656732,-1.519638583539812,-4.224393659845807,1.7825579142378687,2.844521702751097,5.496885386423093,-1.1445695930052635,2.2344185743901366,-0.726539919763636,2.596975166178436,0.0,2.8452718614943904
seed 61
Initial fitness values: [np.float64(14.20356269217478), np.float64(13.400458660667356), np.float64(12.604022918610438), np.float64(12.492711911015459), np.float64(12.482210680553504), np.float64(12.472735268765458), np.float64(12.456809032403902), np.float64(12.434175718587468), np.float64(12.42517586652271), np.float64(12.408972243047723)]
Final fitness values: [np.float64(12.292552771608463), np.float64(12.292552770879926), np.float64(12.292552770879926), np.float64(12.292552770285806), np.float64(12.292552770285806), np.float64(12.292552769522283), np.float64(12.292515325579856), np.float64(12.292001330111736), np.float64(12.292001330111736), np.float64(12.29200132707262)]
HOF ITEM
12.29200132707262
-0.6562648185691999,-2.7057232242542573,4.373982427765784,-6.6025115503892104,-0.825234509581435,4.863260898159717,-5.037973836764891,2.415772143233719,-2.935312184532981,0.19180647989753183,2.108908625784608,-0.4644987538498447,5.183875370722409,1.292679315137427,-2.839404364605092
HOF ITEM
12.29200132707262
-0.6562648185691999,-2.7057232242542573,4.373982427765784,-6.6025115503892104,-0.825234509581435,4.863260898159717,-5.910028934530388,2.415772143233719,-2.935312184532981,0.19180647989753183,2.108908625784608,-0.4644987538498447,5.183875370722409,1.292679315137427,-2.839404364605092
HOF ITEM
12.292001329602144
-0.6562648185691999,-2.7057232242542573,4.373982427765784,-6.6025115503892104,-0.825234509581435,4.863260898159717,-5.910028934530388,2.2787429732317706,-2.6322679882607765,0.19180647989753183,2.108908625784608,-0.4644987538498447,5.451887325843724,1.3770279046661267,-2.839404364605092
HOF ITEM
12.292001329602387
-0.6562648185691999,-2.7057232242542573,4.373982427765784,-6.6025115503892104,-0.825234509581435,4.863260898159717,-5.910028934530388,2.2787429732317706,-2.6322679882607765,0.19180647989753183,2.108908625784608,-0.4644987538498447,5.451887325843724,1.3770279046661267,-2.9247732878100132
HOF ITEM
12.292001329764076
-0.6562648185691999,-2.7057232242542573,4.373982427765784,-6.6025115503892104,-0.825234509581435,4.863260898159717,-5.436459340033911,2.2787429732317706,-2.6322679882607765,0.19180647989753183,2.108908625784608,-0.4644987538498447,5.183875370722409,1.3520280393181094,-2.839404364605092
seed 62
Initial fitness values: [np.float64(14.07540119317452), np.float64(13.63314740742713), np.float64(13.444955540969175), np.float64(13.444955540969175), np.float64(13.159650700457902), np.float64(13.157284934528096), np.float64(13.156414285414154), np.float64(12.827545529367285), np.float64(12.8212815942654), np.float64(12.586160105656889)]
Final fitness values: [np.float64(12.287066954049834), np.float64(12.287001881011431), np.float64(12.286960259810416), np.float64(12.286960259810416), np.float64(12.286938590231033), np.float64(12.286938590231033), np.float64(12.286934436887714), np.float64(12.286934436887714), np.float64(12.286934436887714), np.float64(12.286934436887714)]
HOF ITEM
12.286934436887714
1.3152808313137518,-3.913682128304263,-5.434321293826343,3.179132699669987,1.1231950116030094,6.022594012136863,3.8328286392453874,1.974535803425533,0.05197667729516553,1.0226735303517296,2.110562881592276,-0.505445288341702,-5.265242085581864,2.274235320541782,-6.830957943570975
HOF ITEM
12.28693468839897
1.3152808313137518,-3.913682128304263,-5.434321293826343,3.179132699669987,1.1231950116030094,6.022594012136863,3.4271838548130016,1.974535803425533,0.05197667729516553,1.0226735303517296,2.110562881592276,-0.505445288341702,-5.265242085581864,2.274235320541782,-6.830957943570975
HOF ITEM
12.286934835693023
1.3152808313137518,-3.913682128304263,-5.434321293826343,3.179132699669987,1.1231950116030094,6.022594012136863,3.8328286392453874,1.7401355864576424,0.05197667729516553,1.0226735303517296,2.110562881592276,-0.505445288341702,-5.265242085581864,2.274235320541782,-6.830957943570975
HOF ITEM
12.286934992914837
1.3152808313137518,-3.913682128304263,-5.434321293826343,3.179132699669987,1.1231950116030094,6.022594012136863,3.776230457520503,1.7401355864576424,0.05197667729516553,1.0226735303517296,2.110562881592276,-0.505445288341702,-5.265242085581864,2.274235320541782,-6.830957943570975
HOF ITEM
12.286938590231033
1.3152808313137518,-3.913682128304263,-5.434321293826343,3.179132699669987,1.1231950116030094,6.022594012136863,3.4271838548130016,1.7401355864576424,0.05197667729516553,1.0226735303517296,2.110562881592276,-0.505445288341702,-5.265242085581864,2.274235320541782,-6.830957943570975
seed 63
Initial fitness values: [np.float64(14.211928070805794), np.float64(13.835829569807972), np.float64(13.462460505875095), np.float64(13.373709872279704), np.float64(13.312691441807539), np.float64(13.284364574524414), np.float64(13.279741982123227), np.float64(13.26818793110791), np.float64(13.15543602819433), np.float64(13.14578387646011)]
Final fitness values: [np.float64(9.072735205346708), np.float64(9.071363698369087), np.float64(9.071363698369087), np.float64(9.071363698369087), np.float64(9.071363698369087), np.float64(9.071363698369087), np.float64(9.071363698369087), np.float64(9.071363698369087), np.float64(9.071363698369087), np.float64(9.071363698369087)]
HOF ITEM
9.071363698369087
-5.457318688311597,1.4077752312812615,0.7893019637279933,-0.9232088014955449,-4.771701170160536,-0.5483568446126846,-4.770708267484507,1.7906155133988069,-6.585489792709923,-4.322376108302395,2.0686386126666134,-0.630486994909477,6.80693834088555,1.4724544394505885,-0.8216398879687284
HOF ITEM
9.072735205346708
-5.457318688311597,1.4077752312812615,0.7893019637279933,-0.9232088014955449,-4.771701170160536,-0.5039678359193849,-4.770708267484507,1.7906155133988069,-6.585489792709923,-4.322376108302395,2.0686386126666134,-0.630486994909477,7.0,1.4724544394505885,-0.8216398879687284
HOF ITEM
9.072735205346708
-5.457318688311597,1.4077752312812615,0.7893019637279933,-0.9232088014955449,-4.771701170160536,-0.5039678359193849,-4.770708267484507,1.7906155133988069,-6.585489792709923,-4.322376108302395,2.0686386126666134,-0.630486994909477,6.80693834088555,1.4724544394505885,-0.8216398879687284
HOF ITEM
9.078507705631393
-5.457318688311597,1.4077752312812615,0.7893019637279933,-0.9232088014955449,-4.771701170160536,-0.5483568446126846,-4.713582816128297,1.7906155133988069,-6.585489792709923,-4.322376108302395,2.0686386126666134,-0.630486994909477,6.80693834088555,1.4724544394505885,-0.8216398879687284
HOF ITEM
9.079694372961452
-5.457318688311597,1.4077752312812615,0.7893019637279933,-0.9232088014955449,-4.771701170160536,-0.24286488027596603,-4.770708267484507,1.7906155133988069,-6.585489792709923,-4.322376108302395,2.0686386126666134,-0.630486994909477,7.0,1.3038131965848199,-0.8216398879687284
seed 64
Initial fitness values: [np.float64(14.716780132302063), np.float64(13.509663841191873), np.float64(12.872432072679349), np.float64(12.818108030170984), np.float64(12.745583483558203), np.float64(12.581064401522532), np.float64(12.463261968887302), np.float64(12.266439338615351), np.float64(11.922553327317337), np.float64(11.444407389741261)]
Final fitness values: [np.float64(10.613290906160856), np.float64(10.613281828695284), np.float64(10.613281828695284), np.float64(10.611868453578472), np.float64(10.610390624747254), np.float64(10.610390624747254), np.float64(10.60928992219206), np.float64(10.608673606556929), np.float64(10.608673606556929), np.float64(10.608633187475009)]
HOF ITEM
10.608633187475009
-4.930414272581489,1.5749274452427056,-4.900515045541552,-0.5750004314239554,6.9400738847671555,0.7544343348473262,-3.6057505568271875,2.2645360155108376,6.988297421117663,1.7979362207932346,0.9878877347552821,-0.1828771083599609,1.5732339409718574,0.0,4.395801571415632
HOF ITEM
10.608673606556929
-4.930414272581489,1.5749274452427056,-4.900515045541552,-0.5750004314239554,6.9400738847671555,0.7544343348473262,-3.6057505568271875,2.2645360155108376,6.988297421117663,2.0416819717579977,1.0836217239598047,-0.1828771083599609,1.5732339409718574,0.0,4.269513167540549
HOF ITEM
10.609289778264316
-4.930414272581489,1.5749274452427056,-4.900515045541552,-0.5750004314239554,6.9400738847671555,0.7544343348473262,-3.6057505568271875,2.2645360155108376,6.988297421117663,2.0416819717579977,1.0836217239598047,-0.1828771083599609,1.8597934816292323,0.0,4.395801571415632
HOF ITEM
10.609289822198296
-4.930414272581489,1.5749274452427056,-4.900515045541552,-0.5750004314239554,6.9400738847671555,0.7544343348473262,-3.6057505568271875,2.2645360155108376,6.988297421117663,1.725595441856851,1.0836217239598047,-0.1828771083599609,1.8597934816292323,0.0,4.395801571415632
HOF ITEM
10.60928992219206
-4.930414272581489,1.5749274452427056,-4.900515045541552,-0.5750004314239554,6.9400738847671555,0.7544343348473262,-3.6057505568271875,2.2645360155108376,6.988297421117663,1.7979362207932346,0.9878877347552821,-0.14924108848527237,1.8597934816292323,0.0,4.395801571415632
seed 65
Initial fitness values: [np.float64(13.869889508738417), np.float64(13.697271886390455), np.float64(13.660540325081245), np.float64(13.432616675379535), np.float64(13.316765986093817), np.float64(12.99616027824076), np.float64(12.78788151429116), np.float64(12.77636729089604), np.float64(12.641345635137535), np.float64(12.221859034880842)]
Final fitness values: [np.float64(11.073625080510789), np.float64(11.062953379724553), np.float64(11.062953379724553), np.float64(11.062953379724553), np.float64(11.062953379724553), np.float64(11.062953379724553), np.float64(11.062953379724553), np.float64(11.05809315423933), np.float64(11.05809315423933), np.float64(11.056794789202)]
HOF ITEM
11.056794789202
4.230746006927753,-0.544123638942202,2.4392673695956515,-2.444027251544498,-4.691954647004483,0.03158126453412913,6.680005357020522,2.1718171424777744,2.3878623597055166,1.2893904692162768,2.6143874962580123,-0.458373530823165,-5.005405343639424,0.1986160455021496,3.8093742153567423
HOF ITEM
11.05809315423933
4.230746006927753,-0.544123638942202,2.4392673695956515,-2.444027251544498,-4.691954647004483,0.03158126453412913,6.680005357020522,2.1718171424777744,2.3878623597055166,1.2893904692162768,2.6143874962580123,-0.458373530823165,-5.005405343639424,0.1986160455021496,4.303693512057613
HOF ITEM
11.059585457587717
4.236325068067701,-0.544123638942202,2.4392673695956515,-2.7369856419576375,-5.2921508282580545,-0.0785352086525549,6.618872687381591,2.1457026056834083,2.373155260168164,1.2893904692162768,2.5409751073231432,-0.458373530823165,-4.774349693725133,0.17579592341203534,3.8093742153567423
HOF ITEM
11.059960875748649
4.236325068067701,-0.544123638942202,2.4392673695956515,-2.444027251544498,-5.338895683680649,0.03158126453412913,6.680005357020522,2.1718171424777744,2.3878623597055166,1.2893904692162768,2.5409751073231432,-0.458373530823165,-4.774349693725133,0.006090299940046173,3.8093742153567423
HOF ITEM
11.059960875748649
4.236325068067701,-0.544123638942202,2.4392673695956515,-2.444027251544498,-5.338895683680649,0.03158126453412913,6.680005357020522,2.1718171424777744,2.373155260168164,1.2893904692162768,2.5409751073231432,-0.458373530823165,-4.774349693725133,0.006090299940046173,3.8093742153567423
seed 66
Initial fitness values: [np.float64(14.460593398936826), np.float64(13.366750101694857), np.float64(13.187955786290342), np.float64(12.994900326216582), np.float64(12.927499160430463), np.float64(12.5957606758308), np.float64(12.5957606758308), np.float64(12.416761677660624), np.float64(12.358515008699793), np.float64(12.358515008699793)]
Final fitness values: [np.float64(12.256036737902424), np.float64(12.256036737902424), np.float64(12.256036737902424), np.float64(12.256036737902424), np.float64(12.256036737902424), np.float64(12.256036737902424), np.float64(12.256036737902424), np.float64(12.256036737902424), np.float64(12.256036737902424), np.float64(12.256036737902424)]
HOF ITEM
12.256036737902424
-2.688704194968182,-2.3415344766513737,-5.443938300820054,-6.299066636666092,-5.620038260447785,0.4721357890236864,4.722594637737662,0.9018584748140313,-2.943174565667195,-1.4845210886825846,2.2486105669151546,-0.629837395704469,-3.0016432236323465,3.0,-3.372683887695204
HOF ITEM
12.256036737902424
-2.688704194968182,-2.3280012827474974,-5.443938300820054,-6.299066636666092,-5.620038260447785,0.4721357890236864,4.722594637737662,0.9018584748140313,-2.943174565667195,-1.4845210886825846,2.2486105669151546,-0.629837395704469,-3.0016432236323465,3.0,-3.372683887695204
HOF ITEM
12.256036751007375
-2.688704194968182,-2.3280012827474974,-5.443938300820054,-6.299066636666092,-5.620038260447785,0.4721357890236864,4.659795534522453,0.9018584748140313,-2.943174565667195,-1.4845210886825846,2.2486105669151546,-0.629837395704469,-3.383759138877541,3.0,-3.372683887695204
HOF ITEM
12.256036875382835
-2.688704194968182,-2.3280012827474974,-5.443938300820054,-6.299066636666092,-5.620038260447785,0.4721357890236864,4.311359582480295,0.9018584748140313,-2.943174565667195,-1.4845210886825846,2.2486105669151546,-0.629837395704469,-3.0016432236323465,3.0,-3.372683887695204
HOF ITEM
12.256038135348506
-2.688704194968182,-2.3280012827474974,-5.443938300820054,-6.299066636666092,-5.620038260447785,0.4721357890236864,4.722594637737662,0.7421363210335974,-2.943174565667195,-1.4845210886825846,2.2486105669151546,-0.629837395704469,-3.0016432236323465,3.0,-3.372683887695204
seed 67
Initial fitness values: [np.float64(14.394193189029869), np.float64(14.21369497442341), np.float64(13.105532826729373), np.float64(13.105532826729373), np.float64(13.052813454318775), np.float64(13.052813454318775), np.float64(12.993377034583734), np.float64(12.965012779172987), np.float64(12.94914333667432), np.float64(12.863042566137844)]
Final fitness values: [np.float64(10.699439519314256), np.float64(10.699439519314256), np.float64(10.699439519314256), np.float64(10.699439519314256), np.float64(10.699439519314256), np.float64(10.68939853406099), np.float64(10.68939853406099), np.float64(10.687702122867972), np.float64(10.687702122867972), np.float64(10.687702122867972)]
HOF ITEM
10.687702122867972
3.9600280936882273,-0.49354859321629674,2.093316608731652,-4.177199617629409,-3.165067381847118,-4.216626400642205,6.476114053737454,0.0,5.174390015949196,1.1147958911322728,2.0893048549652793,-1.4186432697789646,1.624210534253428,0.7744938816587008,0.5662142634176357
HOF ITEM
10.68939853406099
3.9600280936882273,-0.49354859321629674,2.093316608731652,-4.177199617629409,-3.165067381847118,-4.216626400642205,6.476114053737454,0.02593403432124516,5.174390015949196,1.1147958911322728,2.0893048549652793,-1.4186432697789646,1.624210534253428,0.7744938816587008,0.5662142634176357
HOF ITEM
10.692852246630752
3.9600280936882273,-0.49354859321629674,2.093316608731652,-4.454134763397003,-3.165067381847118,-4.216626400642205,6.476114053737454,0.0,5.174390015949196,1.1147958911322728,2.0893048549652793,-1.4186432697789646,1.624210534253428,0.7744938816587008,0.5662142634176357
HOF ITEM
10.69325148174545
3.9600280936882273,-0.49354859321629674,1.867305804693618,-3.8147739537690226,-3.165067381847118,-4.216626400642205,6.476114053737454,0.0,5.294188763359684,1.1147958911322728,2.0893048549652793,-1.4186432697789646,1.624210534253428,0.7744938816587008,0.5662142634176357
HOF ITEM
10.694453983110149
4.169608964906684,-0.5333077708658356,2.093316608731652,-4.177199617629409,-3.165067381847118,-4.216626400642205,6.476114053737454,0.0,5.174390015949196,1.1147958911322728,2.0893048549652793,-1.4186432697789646,1.624210534253428,0.7744938816587008,0.5662142634176357
seed 68
Initial fitness values: [np.float64(13.993056767511378), np.float64(13.993056767511378), np.float64(13.251991923542482), np.float64(12.907525949807527), np.float64(12.652786116958909), np.float64(12.614558946263868), np.float64(12.614558946263868), np.float64(12.608666742399322), np.float64(12.608666742399322), np.float64(12.608666742399322)]
Final fitness values: [np.float64(12.419457975099201), np.float64(12.419457975099201), np.float64(12.419366636154406), np.float64(12.419366636154406), np.float64(12.419366636154406), np.float64(12.394338099560583), np.float64(12.394338099560583), np.float64(12.394338099560583), np.float64(12.349738516215723), np.float64(12.349738516215723)]
HOF ITEM
12.349738516215723
-6.644600784670185,-3.169312568730976,-2.090984760542077,-2.8801623671028245,-0.9890737975455022,0.6410537713798083,-2.8071505554584673,1.8634753075384891,5.655422626687315,-5.513020039181424,1.8241031430626122,-1.1304783439842436,-5.363385000845727,1.1449304131574973,2.8145853732665196
HOF ITEM
12.384717318666556
-6.644600784670185,-2.985488229744685,-2.264092422117663,-2.6636638077764903,-1.0027958875773253,0.6410537713798083,-2.692883369132942,2.394522670708566,5.638653805851973,-5.513020039181424,1.8241031430626122,-1.1304783439842436,-5.1828464510621215,1.0127405836377956,2.834968393278712
HOF ITEM
12.39010467848478
-6.644600784670185,-3.3118460555125333,-2.249785849009194,-2.566653671125353,-0.9606539448031463,0.6410537713798083,-2.500611843374921,2.394522670708566,5.655422626687315,-5.513020039181424,1.8241031430626122,-1.1304783439842436,-4.946552296365075,1.0515331192436572,3.1012838094791846
HOF ITEM
12.39338821931763
-6.644600784670185,-3.169312568730976,-2.264092422117663,-2.685206262568663,-0.9890737975455022,0.6410537713798083,-2.692883369132942,2.394522670708566,5.655422626687315,-5.513020039181424,1.8241031430626122,-1.1304783439842436,-5.474319691384275,1.0127405836377956,2.876377646283189
HOF ITEM
12.393630418202177
-6.644600784670185,-3.169312568730976,-2.264092422117663,-2.682299256004091,-0.9890737975455022,0.6410537713798083,-2.692883369132942,2.394522670708566,5.655422626687315,-5.513020039181424,1.8241031430626122,-1.1304783439842436,-5.474319691384275,1.0127405836377956,2.9750156883329364
seed 69
Initial fitness values: [np.float64(13.81037096711139), np.float64(13.762620579782322), np.float64(12.990931557782249), np.float64(12.792013446998231), np.float64(12.19956845745532), np.float64(12.148329350342552), np.float64(12.041855927078482), np.float64(11.777380796254217), np.float64(11.524332579979642), np.float64(11.398888992112429)]
Final fitness values: [np.float64(10.617312477099478), np.float64(10.617312477099478), np.float64(10.617312477099478), np.float64(10.617312477099478), np.float64(10.617312477099478), np.float64(10.617312477099478), np.float64(10.617312477099478), np.float64(10.617312477099478), np.float64(10.617312477099478), np.float64(10.606658355922006)]
HOF ITEM
10.606658355922006
-4.357595512670823,1.5718989457286472,-5.249064218764135,5.7460015595010825,6.930728699324532,-3.4351351938784433,3.5900792554303202,0.6442896880723774,6.477847008758326,-3.1622354168565687,2.3864847408362366,-1.3233885103379426,-1.942342484496298,2.32870001233887,0.9135157946438683
HOF ITEM
10.617312477099478
-4.357595512670823,1.5663955669884873,-5.249064218764135,5.7460015595010825,6.930728699324532,-3.4351351938784433,3.5900792554303202,0.7122064299794414,6.477847008758326,-3.1622354168565687,2.3864847408362366,-1.3233885103379426,-1.8146153313831628,2.32870001233887,0.8134773323113558
HOF ITEM
10.6176179239974
-4.357595512670823,1.5663955669884873,-5.249064218764135,5.7460015595010825,6.930728699324532,-3.4351351938784433,3.5900792554303202,0.7122064299794414,6.477847008758326,-3.1622354168565687,2.3864847408362366,-1.3233885103379426,-1.9040838719839888,2.32870001233887,0.8134773323113558
HOF ITEM
10.617695282028269
-4.357595512670823,1.5663955669884873,-5.249064218764135,5.7460015595010825,6.930728699324532,-3.4351351938784433,3.5900792554303202,0.7122064299794414,6.477847008758326,-3.1622354168565687,2.3864847408362366,-1.3233885103379426,-1.9040838719839888,2.3087716302630352,0.8134773323113558
HOF ITEM
10.617729614323254
-4.357595512670823,1.5663955669884873,-5.249064218764135,5.7460015595010825,6.930728699324532,-3.4351351938784433,3.5900792554303202,0.7122064299794414,6.760454965244214,-3.1622354168565687,2.3864847408362366,-1.3233885103379426,-1.8146153313831628,2.32870001233887,0.7572713540950785
best parameter set
fitness 9.04158775148828 seed 63
-5.4551803980498015,1.4088478562030042,0.7886771612961454,-0.9225862477844868,-4.7716926047265575,-0.2428711964146564,-4.7707133298084505,1.7907193971423836,-6.58549081127862,-4.323743415673238,2.0683613015275046,-0.6282240902612494,7.0,1.3038131965848199,-0.8216398879687284
