seeds are [130 131 132 133 134 135 136 137 138 139]
seed 130
Initial fitness values: [np.float64(14.760024480404725), np.float64(13.564884573325338), np.float64(12.757563408873063), np.float64(12.120876142766114), np.float64(12.113941233671842), np.float64(11.554096724203585), np.float64(11.403577232026098), np.float64(11.360872320386607), np.float64(11.146593816619035), np.float64(11.146333188067949)]
Final fitness values: [np.float64(11.094804799447811), np.float64(11.094804799447811), np.float64(11.094804799447811), np.float64(11.094289796238748), np.float64(11.094289796238748), np.float64(11.094248135041944), np.float64(11.094239935366184), np.float64(11.094210203304097), np.float64(11.094210203304097), np.float64(11.094202854187984)]
HOF ITEM
11.094202854187984
6.7178469539587535,-1.0439894446786029,5.940246947192496,-4.482462222234405,1.3248221938168425,1.4980178489271723,0.43397702108688846,2.6592108700125827,-6.73281129481691,4.847799731628842,1.642921725317511,-7.0,1.3224729337222005,3.0,-0.8107532681500497
HOF ITEM
11.094210203304097
6.7178469539587535,-1.0439894446786029,5.940246947192496,-4.482462222234405,1.3248221938168425,1.4980178489271723,0.43397702108688846,2.399044987881143,-7.0,4.847799731628842,1.4582041495677687,-7.0,1.3224729337222005,3.0,-0.8107532681500497
HOF ITEM
11.094211794266261
6.7178469539587535,-1.0439894446786029,5.940246947192496,-4.482462222234405,1.3248221938168425,1.4980178489271723,0.43397702108688846,2.399044987881143,-7.0,4.847799731628842,1.642921725317511,-7.0,1.3224729337222005,3.0,-0.8107532681500497
HOF ITEM
11.094211794277122
6.7178469539587535,-1.0439894446786029,5.940246947192496,-4.482462222234405,1.3248221938168425,1.4980178489271723,0.43397702108688846,2.399044987881143,-7.0,4.847799731628842,1.642921725317511,-6.924356966931033,1.3224729337222005,3.0,-0.8107532681500497
HOF ITEM
11.094211851146293
6.7178469539587535,-1.0439894446786029,5.940246947192496,-4.482462222234405,1.3248221938168425,1.4980178489271723,0.43397702108688846,2.399044987881143,-6.73281129481691,4.847799731628842,1.642921725317511,-6.924356966931033,1.3224729337222005,3.0,-0.8107532681500497
seed 131
Initial fitness values: [np.float64(14.508531601699005), np.float64(13.848881543655436), np.float64(13.140671765259349), np.float64(13.00060281829694), np.float64(12.822385442937863), np.float64(12.822385442937863), np.float64(12.794307352902287), np.float64(12.794307352902287), np.float64(12.787416425425846), np.float64(12.787416425425846)]
Final fitness values: [np.float64(12.71903633483529), np.float64(12.718941428485994), np.float64(12.718941428485994), np.float64(12.718941428485994), np.float64(12.718941428485994), np.float64(12.718941428485994), np.float64(12.718941428485994), np.float64(12.718941428485994), np.float64(12.718941428485994), np.float64(12.71746139395676)]
HOF ITEM
12.71746139395676
-4.286457696281531,-3.595651107532221,-1.9767708011447744,-3.0468358671262976,-4.648958598551233,-5.250602428258268,-5.083237129380753,2.414080941057721,1.145433818975169,1.2620092209401932,1.1107563696359566,6.101318013813775,-2.3087469963146336,0.798148131937642,-3.709277224756462
HOF ITEM
12.718941428485994
-4.286457696281531,-3.6559490982447813,-1.9767708011447744,-3.0468358671262976,-4.648958598551233,-5.250602428258268,-5.083237129380753,2.414080941057721,1.145433818975169,1.2620092209401932,1.1107563696359566,5.4404247531157575,-2.3087469963146336,0.798148131937642,-3.709277224756462
HOF ITEM
12.718941428485994
-4.286457696281531,-3.595651107532221,-1.9767708011447744,-3.0468358671262976,-4.648958598551233,-5.250602428258268,-5.083237129380753,2.414080941057721,1.145433818975169,1.2620092209401932,1.1107563696359566,5.4404247531157575,-2.3087469963146336,0.798148131937642,-3.709277224756462
HOF ITEM
12.718941428490474
-4.286457696281531,-3.595651107532221,-1.9767708011447744,-3.0468358671262976,-4.648958598551233,-5.250602428258268,-5.10296909175698,2.414080941057721,1.145433818975169,1.2620092209401932,1.1107563696359566,5.4404247531157575,-2.3087469963146336,0.798148131937642,-3.709277224756462
HOF ITEM
12.71903633483529
-4.286457696281531,-3.6559490982447813,-1.9767708011447744,-3.0468358671262976,-4.648958598551233,-5.250602428258268,-5.083237129380753,2.414080941057721,1.145433818975169,1.2620092209401932,1.1107563696359566,5.410228357444069,-2.3087469963146336,0.798148131937642,-3.709277224756462
seed 132
Initial fitness values: [np.float64(13.051187390509734), np.float64(13.051080782112466), np.float64(12.782419554834734), np.float64(12.70581911378369), np.float64(12.397675894552192), np.float64(12.18411973475324), np.float64(12.0779316642083), np.float64(11.995446191928401), np.float64(11.995446191928401), np.float64(11.917675169983653)]
Final fitness values: [np.float64(10.620082691094336), np.float64(10.62008220356704), np.float64(10.620081759740215), np.float64(10.62007982244154), np.float64(10.62007982244154), np.float64(10.62007982244154), np.float64(10.620075547605653), np.float64(10.620075547605653), np.float64(10.620075547605653), np.float64(10.620075119173677)]
HOF ITEM
10.620075119173677
-3.2976584871971095,1.5786844960125188,-0.48260863518246494,4.548087242637585,-3.3447083601903738,5.6233874371185655,1.7864371278544655,2.723796748413781,-0.5667805834224697,-2.0159880362568288,2.7798245192482254,-0.4455310365636378,2.30019035694705,2.0076777224111138,1.928615928315423
HOF ITEM
10.620075546235006
-3.2976584871971095,1.5786844960125188,-0.48260863518246494,4.504369082347366,-3.4304294106834727,5.656263283205167,1.7864371278544655,2.4702642029733566,-0.5667805834224697,-2.0159880362568288,2.7798245192482254,-0.4455310365636378,2.343798901257604,2.079907714145834,1.928615928315423
HOF ITEM
10.620075547605653
-3.2976584871971095,1.5786844960125188,-0.48260863518246494,4.572841881593531,-3.363506596588742,5.286617013125176,1.7864371278544655,2.4702642029733566,-0.5667805834224697,-2.0159880362568288,2.7798245192482254,-0.4455310365636378,2.299848468946987,2.332652224155912,1.7215177520505407
HOF ITEM
10.620075547605653
-3.2976584871971095,1.5786844960125188,-0.48260863518246494,4.572841881593531,-3.363506596588742,5.286617013125176,1.7864371278544655,2.4702642029733566,-0.4159446008683818,-2.0159880362568288,2.7798245192482254,-0.4455310365636378,2.6617096147283545,2.332652224155912,1.70677765643372
HOF ITEM
10.620075547605653
-3.2976584871971095,1.5786844960125188,-0.48260863518246494,4.572841881593531,-3.363506596588742,5.286617013125176,1.7864371278544655,2.4702642029733566,-0.5667805834224697,-2.0159880362568288,2.7798245192482254,-0.4455310365636378,2.299848468946987,2.0076777224111138,1.928615928315423
seed 133
Initial fitness values: [np.float64(14.197271282776962), np.float64(12.884953748366256), np.float64(12.884953748366256), np.float64(12.636613673336551), np.float64(12.571292248167754), np.float64(12.571292248167754), np.float64(12.509077718264589), np.float64(12.413291901653597), np.float64(12.413291901653597), np.float64(12.413291901653597)]
Final fitness values: [np.float64(10.757909994434208), np.float64(10.757863795410266), np.float64(10.757863795410266), np.float64(10.750949665572772), np.float64(10.750949665572772), np.float64(10.75026903034954), np.float64(10.75026903034954), np.float64(10.746765626233785), np.float64(10.746765626233785), np.float64(10.745628317387826)]
HOF ITEM
10.745628317387826
-1.060613609663296,1.3666816197587643,4.0752101677473185,1.4296132098535863,0.6451665166685501,5.966184442926129,-0.007175871048091476,2.89494893035535,2.2770506565131283,3.993101558969529,2.476072495547497,-0.943796049675927,0.3236818531177349,1.4724801493370214,-5.066590280131808
HOF ITEM
10.746765626233785
-1.060613609663296,1.3666816197587643,4.0752101677473185,1.4296132098535863,0.542194902337238,5.966184442926129,-0.007175871048091476,2.89494893035535,2.2770506565131283,3.993101558969529,2.3806078678449154,-0.8873795713094155,0.40982384489494805,1.8831425571635874,-5.219577224439921
HOF ITEM
10.746765626233785
-1.060613609663296,1.3666816197587643,4.0752101677473185,1.4296132098535863,0.542194902337238,5.966184442926129,-0.007175871048091476,2.89494893035535,2.2770506565131283,4.073495646907218,2.3806078678449154,-0.8873795713094155,0.40982384489494805,1.8831425571635874,-5.219577224439921
HOF ITEM
10.746765626233785
-1.060613609663296,1.3666816197587643,4.0752101677473185,1.4296132098535863,0.542194902337238,5.966184442926129,-0.007175871048091476,2.89494893035535,2.2770506565131283,4.073495646907218,2.406504616638022,-0.8873795713094155,0.40982384489494805,1.8831425571635874,-5.219577224439921
HOF ITEM
10.75026903034954
-1.060613609663296,1.3666816197587643,4.0752101677473185,1.4296132098535863,0.542194902337238,5.966184442926129,-0.007175871048091476,2.89494893035535,2.2770506565131283,4.073495646907218,2.3806078678449154,-0.610617262784913,0.40982384489494805,1.4724801493370214,-5.066590280131808
seed 134
Initial fitness values: [np.float64(13.787445853592521), np.float64(13.776131409967016), np.float64(12.981341199052713), np.float64(12.900285985228614), np.float64(12.539195950011836), np.float64(12.44896195226207), np.float64(12.369837562010964), np.float64(12.369837562010964), np.float64(12.354724972026235), np.float64(12.296672324686451)]
Final fitness values: [np.float64(12.274142134874907), np.float64(12.274142134874907), np.float64(12.274142134874907), np.float64(12.274142134874907), np.float64(12.274142134874907), np.float64(12.274142134874907), np.float64(12.274138409747945), np.float64(12.274083217089226), np.float64(12.274083217089226), np.float64(12.274082348088532)]
HOF ITEM
12.274082348088532
-5.042560034114534,-3.459240788140676,-5.923584142472761,-1.307158528269611,-4.225968193757313,3.4745566534022276,-3.7251789931413737,2.0986424356782325,0.486626500516957,-5.695190630862086,2.5620592438689296,0.9297687818239213,2.430856869136979,2.928015270408704,-4.1317324213586195
HOF ITEM
12.274083217089226
-5.042560034114534,-3.3665049587328717,-5.923584142472761,-1.307158528269611,-4.225968193757313,3.355782852016813,-3.7251789931413737,2.0986424356782325,0.486626500516957,-5.695190630862086,2.5620592438689296,0.9297687818239213,2.430856869136979,2.928015270408704,-4.1317324213586195
HOF ITEM
12.274083217089226
-5.042560034114534,-3.3665049587328717,-5.923584142472761,-1.307158528269611,-4.225968193757313,3.355782852016813,-3.7251789931413737,2.0986424356782325,0.486626500516957,-5.695190630862086,2.5620592438689296,0.8258034087040664,2.430856869136979,3.0,-4.1317324213586195
HOF ITEM
12.274083217089226
-5.042560034114534,-3.459240788140676,-5.923584142472761,-1.307158528269611,-4.225968193757313,3.355782852016813,-3.7251789931413737,2.0986424356782325,0.486626500516957,-5.742881072238235,2.4358765095830677,0.8258034087040664,2.430856869136979,3.0,-4.1317324213586195
HOF ITEM
12.274083217089226
-5.042560034114534,-3.459240788140676,-5.923584142472761,-1.307158528269611,-4.225968193757313,3.355782852016813,-3.7251789931413737,2.0986424356782325,0.486626500516957,-5.695190630862086,2.5620592438689296,0.9297687818239213,2.430856869136979,3.0,-4.1317324213586195
seed 135
Initial fitness values: [np.float64(14.64043116465421), np.float64(13.815856589202347), np.float64(13.490063324396072), np.float64(13.256003317718392), np.float64(13.256003317718392), np.float64(12.90943972452106), np.float64(12.56345063747466), np.float64(12.435507465540718), np.float64(12.345211555602662), np.float64(12.123554959645835)]
Final fitness values: [np.float64(10.87331561772977), np.float64(10.873146216628303), np.float64(10.872936870818995), np.float64(10.86887694050633), np.float64(10.867818179579967), np.float64(10.867818179579967), np.float64(10.867818179579967), np.float64(10.865421762744234), np.float64(10.865421762744234), np.float64(10.865377446076694)]
HOF ITEM
10.865377446076694
2.6831405147450704,-0.043721988752641716,-2.3848636651795774,-1.431284851648491,1.2669120251394745,-5.810958689205771,2.577589013243973,1.3104080672438885,3.5501997435328474,5.466166926191871,0.45656545599327913,3.5169364017953466,1.2563968806512325,2.8555899165004686,-0.4573256490536904
HOF ITEM
10.865419277215388
2.6831405147450704,-0.043721988752641716,-2.3848636651795774,-1.431284851648491,1.2669120251394745,-5.810958689205771,2.577589013243973,1.3104080672438885,3.5501997435328474,5.466166926191871,0.5918675720659239,3.4826246616769634,1.2563968806512325,2.8555899165004686,-0.4573256490536904
HOF ITEM
10.865421762744234
2.6831405147450704,-0.043721988752641716,-2.3848636651795774,-1.431284851648491,1.2669120251394745,-5.810958689205771,2.577589013243973,1.3104080672438885,3.5501997435328474,5.466166926191871,0.5918675720659239,3.5169364017953466,1.2563968806512325,2.8555899165004686,-0.4573256490536904
HOF ITEM
10.86597903504226
2.6831405147450704,-0.043721988752641716,-2.523264406383263,-1.7605480817057193,1.227490314383316,-5.767172957350095,3.061253820070304,0.830133172206101,3.5501997435328474,5.2722266030766,0.31869650948535566,3.4826246616769634,1.2563968806512325,2.8806976644857762,-0.4573256490536904
HOF ITEM
10.866387252708645
2.6831405147450704,-0.043721988752641716,-2.039265722794924,-1.431284851648491,1.2669120251394745,-5.574562286533347,2.4910634184432663,1.3104080672438885,3.38118164297662,5.385776349196167,0.6330878899417998,3.5169364017953466,1.2563968806512325,2.8555899165004686,-0.4573256490536904
seed 136
Initial fitness values: [np.float64(13.37442758852033), np.float64(13.37442758852033), np.float64(13.326291242878229), np.float64(13.326291242878229), np.float64(13.32006862224945), np.float64(13.32006862224945), np.float64(13.317481264545004), np.float64(13.304340539951394), np.float64(13.304340539951394), np.float64(13.304340539951394)]
Final fitness values: [np.float64(12.470891097574908), np.float64(12.470891424670352), np.float64(12.470891424670352), np.float64(12.454380320048937), np.float64(12.454380320048937), np.float64(12.454380320048937), np.float64(12.454380320048937), np.float64(12.454380320048937), np.float64(12.451804586020321), np.float64(12.451804586020321)]
HOF ITEM
12.451804586020321
-6.33812122076892,-2.0446953529534926,0.22146825677201207,5.8656770901903315,2.3575372134524937,-6.125464650986564,-5.002479388982341,1.8721561289660924,2.5733966831724087,-2.0688974009439245,0.23263700341090235,1.1367572192395745,1.7872841229664953,1.9276266784436689,2.1339555009191855
HOF ITEM
12.454380320048937
-6.325835199503989,-2.0446953529534926,0.3925482327838763,6.171591498966126,2.528886220077306,-6.1381268948035625,-5.002479388982341,1.8721561289660924,2.5733966831724087,-2.0688974009439245,0.3671048903771415,1.1367572192395745,1.7872841229664953,1.8786905890694525,2.300804327849553
HOF ITEM
12.454380320048937
-6.325835199503989,-2.0446953529534926,0.3925482327838763,6.171591498966126,2.528886220077306,-6.1381268948035625,-5.002479388982341,1.8721561289660924,2.5733966831724087,-2.0688974009439245,0.3671048903771415,1.1367572192395745,1.7872841229664953,1.9276266784436689,1.9798593949757708
HOF ITEM
12.454380320048937
-6.325835199503989,-2.0446953529534926,0.3925482327838763,6.171591498966126,2.528886220077306,-6.1381268948035625,-5.002479388982341,1.8721561289660924,2.5733966831724087,-2.0688974009439245,0.3671048903771415,1.1367572192395745,1.7872841229664953,1.8786905890694525,1.9798593949757708
HOF ITEM
12.454380320048937
-6.325835199503989,-2.0446953529534926,0.3925482327838763,6.171591498966126,2.528886220077306,-6.1381268948035625,-5.002479388982341,1.8721561289660924,2.5733966831724087,-2.0688974009439245,0.3671048903771415,1.1367572192395745,1.7872841229664953,1.9276266784436689,2.300804327849553
seed 137
Initial fitness values: [np.float64(15.122922053364261), np.float64(13.860961965906185), np.float64(13.36923250837733), np.float64(13.051055160305742), np.float64(12.427551504058908), np.float64(12.082107652395795), np.float64(11.828610351685331), np.float64(11.272232511997165), np.float64(11.18876542681315), np.float64(11.188748198528659)]
Final fitness values: [np.float64(10.70364296712611), np.float64(10.70364296712611), np.float64(10.70364296712611), np.float64(10.70364296712611), np.float64(10.70364296712611), np.float64(10.70364296712611), np.float64(10.70364296712611), np.float64(10.70364296712611), np.float64(10.70364296712611), np.float64(10.70364296712611)]
HOF ITEM
10.70364296712611
0.8897227746208235,0.7309465287265334,0.1607853190836502,-2.0146806397567145,-0.8467267546733339,1.8883436499039739,6.9434522393923395,0.7771253236762583,5.277975077181333,0.981737715152514,3.0,-0.5688701205752875,1.547376327360924,1.7193670707702147,-1.874834307374698
HOF ITEM
10.703643326190738
0.8897227746208235,0.7309465287265334,0.1607853190836502,-2.0146806397567145,-0.8467267546733339,1.8883436499039739,6.9434522393923395,0.7771253236762583,5.261592082928848,0.981737715152514,3.0,-0.5688701205752875,1.547376327360924,1.7193670707702147,-1.874834307374698
HOF ITEM
10.703644333089162
0.8897227746208235,0.7309465287265334,0.1607853190836502,-2.0146806397567145,-0.8467267546733339,1.8883436499039739,6.972944161521238,0.7771253236762583,5.277975077181333,0.981737715152514,3.0,-0.5688701205752875,1.547376327360924,1.7193670707702147,-1.874834307374698
HOF ITEM
10.70364551154263
0.8897227746208235,0.7309465287265334,0.1607853190836502,-2.0146806397567145,-0.8467267546733339,1.8883436499039739,7.0,0.7771253236762583,5.277975077181333,0.981737715152514,3.0,-0.5688701205752875,1.547376327360924,1.7193670707702147,-1.874834307374698
HOF ITEM
10.703645829100386
0.8897227746208235,0.7309465287265334,0.1607853190836502,-2.0146806397567145,-0.8467267546733339,1.8883436499039739,7.0,0.7771253236762583,5.261592082928848,0.981737715152514,3.0,-0.5688701205752875,1.547376327360924,1.7193670707702147,-1.874834307374698
seed 138
Initial fitness values: [np.float64(13.781028882880772), np.float64(13.781028882880772), np.float64(13.199877823093919), np.float64(12.564116685018602), np.float64(12.31985732403042), np.float64(12.31985732403042), np.float64(12.068039185408463), np.float64(12.024073289519603), np.float64(11.957548283881431), np.float64(11.925314526206607)]
Final fitness values: [np.float64(10.675391402864074), np.float64(10.675391402864074), np.float64(10.675391402864074), np.float64(10.675391402864074), np.float64(10.675391402864074), np.float64(10.675391402864074), np.float64(10.675391402864074), np.float64(10.675391402864074), np.float64(10.675391402864074), np.float64(10.675391402864074)]
HOF ITEM
10.675391402864074
-5.46369429475931,1.5433914679637906,-1.065524196482676,-1.3363771696148121,0.6201957092266127,2.7529989498354968,-4.154171530057113,2.1128620683882673,1.8622821467706212,-0.23367301431041881,2.9375200549695677,-3.5467542281076803,-4.987897108072706,2.189825361688941,-0.9339782361220388
HOF ITEM
10.675391402864074
-5.46369429475931,1.5433914679637906,-1.065524196482676,-1.3363771696148121,0.6201957092266127,2.7529989498354968,-4.154171530057113,2.1128620683882673,1.8622821467706212,-0.23367301431041881,2.9375200549695677,-3.703069692776093,-4.987897108072706,2.189825361688941,-0.9339782361220388
HOF ITEM
10.675488168492043
-5.46369429475931,1.5433914679637906,-1.065524196482676,-1.3976277305984408,0.8708491088837658,2.7529989498354968,-4.154171530057113,2.1128620683882673,2.080033565713085,-0.23367301431041881,2.9375200549695677,-3.703069692776093,-5.281122688673059,2.189825361688941,-0.845091273526593
HOF ITEM
10.67549865090536
-5.46369429475931,1.5433914679637906,-1.065524196482676,-1.3363771696148121,0.6201957092266127,2.7529989498354968,-4.154171530057113,2.1128620683882673,1.8622821467706212,-0.23367301431041881,2.974609195329185,-3.5467542281076803,-4.987897108072706,2.1845267908445685,-0.896612160201566
HOF ITEM
10.675581442202226
-5.46369429475931,1.5433914679637906,-1.065524196482676,-1.3363771696148121,0.6201957092266127,2.8718233624104217,-4.154171530057113,2.1128620683882673,1.8622821467706212,-0.23367301431041881,2.9375200549695677,-3.5467542281076803,-4.987897108072706,2.189825361688941,-0.9339782361220388
seed 139
Initial fitness values: [np.float64(14.325339158828639), np.float64(13.785050845934755), np.float64(13.721503285000834), np.float64(13.700431181066746), np.float64(13.543405638113684), np.float64(13.543405638113684), np.float64(13.485790880071653), np.float64(13.469168000417234), np.float64(13.452530915407873), np.float64(13.440700107030809)]
Final fitness values: [np.float64(10.865055689792644), np.float64(10.796365124640651), np.float64(10.796365124640651), np.float64(10.796365124640651), np.float64(10.796362443015997), np.float64(10.796357222686881), np.float64(10.796357222686881), np.float64(10.79635666834717), np.float64(10.79635666834717), np.float64(10.79635666834717)]
HOF ITEM
10.79635666834717
-0.24690042187799655,1.1495407958682093,4.424696746194595,-1.8266580689190048,0.41612087527048797,1.0754742386058738,4.497838983316867,0.589946566368042,-2.9829561436458336,2.500524324453441,3.0,-1.405896987339576,0.46106802165866834,2.748637205107353,-0.9939978208124457
HOF ITEM
10.79635666834717
-0.24690042187799655,1.1495407958682093,4.424696746194595,-1.8266580689190048,0.41612087527048797,1.0754742386058738,4.497838983316867,0.589946566368042,-2.9829561436458336,2.7139748235913093,2.784052856335939,-1.405896987339576,0.46106802165866834,2.748637205107353,-0.9939978208124457
HOF ITEM
10.79635666834717
-0.24690042187799655,1.1495407958682093,4.424696746194595,-1.8266580689190048,0.41612087527048797,1.0754742386058738,4.497838983316867,0.589946566368042,-2.9829561436458336,2.500524324453441,2.784052856335939,-1.405896987339576,0.46106802165866834,2.748637205107353,-0.9939978208124457
HOF ITEM
10.79635666834717
-0.24690042187799655,1.1495407958682093,4.424696746194595,-1.8266580689190048,0.41612087527048797,1.0754742386058738,4.497838983316867,0.589946566368042,-2.9829561436458336,2.500524324453441,3.0,-1.391562363431507,0.46106802165866834,2.748637205107353,-0.9939978208124457
HOF ITEM
10.796357222686881
-0.24690042187799655,1.1495407958682093,4.424696746194595,-1.8266580689190048,0.41612087527048797,1.0754742386058738,4.532840865397657,0.589946566368042,-2.9829561436458336,2.7139748235913093,3.0,-1.391562363431507,0.46106802165866834,2.748637205107353,-0.9939978208124457
best parameter set
fitness 10.60131801715183 seed 132
-3.2981908250959804,1.58420657322212,-0.4826108585608607,4.548089494595082,-3.3447033639662433,5.623391021784707,1.7864371278544655,2.723796748413781,-0.5667805834224697,-2.0157942831868176,2.7782874764040497,-0.4458914549944051,2.30019035694705,2.0076777224111138,1.928615928315423
