seeds are [270 271 272 273 274 275 276 277 278 279]
seed 270
Initial fitness values: [np.float64(14.409714765528783), np.float64(13.831281000429572), np.float64(13.495611720328178), np.float64(13.495611720328178), np.float64(13.495611720328178), np.float64(13.488178042389508), np.float64(13.463942854793066), np.float64(13.43628071620706), np.float64(13.431768769241192), np.float64(13.4089382885518)]
Final fitness values: [np.float64(12.214699945757392), np.float64(12.214699945757392), np.float64(12.214699945757392), np.float64(12.213668263914226), np.float64(12.213668263914226), np.float64(12.213668163948558), np.float64(12.213668163948558), np.float64(12.213668163948558), np.float64(12.176058024279815), np.float64(12.176058024279815)]
HOF ITEM
12.176058024279815
-1.4479311503396282,-1.968772030279334,-0.48647286971676307,3.567538938971649,0.9907211258473203,4.383639969788271,-0.7670913451478913,0.4074634555474972,-3.822953588361288,-0.34547609256513834,1.9260849976464585,0.784153860363188,1.9733836954794202,0.5538893043641533,5.044337456657981,-2.628189858085533,1.7828027165482663,2.6561728898144668
HOF ITEM
12.184672316144837
-1.4479311503396282,-1.725702727611477,-0.4031137472386004,3.480567525296057,0.9907211258473203,4.383639969788271,-0.7670913451478913,0.4074634555474972,-3.6997183788690298,-0.34547609256513834,1.9260849976464585,0.784153860363188,1.9733836954794202,0.5538893043641533,5.044337456657981,-2.498899093769964,2.117401336608458,2.6517703824218826
HOF ITEM
12.213668134248366
-1.4479311503396282,-1.725702727611477,-0.4031137472386004,3.480567525296057,0.9907211258473203,4.383639969788271,-0.7670913451478913,0.4074634555474972,-3.6997183788690298,-0.34547609256513834,2.0080433700638896,0.784153860363188,1.9733836954794202,0.5538893043641533,5.044337456657981,-2.48150094958992,2.117401336608458,2.6517703824218826
HOF ITEM
12.213668163948558
-1.4479311503396282,-1.725702727611477,-0.4031137472386004,3.480567525296057,0.9907211258473203,4.383639969788271,-0.7670913451478913,0.4074634555474972,-3.6997183788690298,-0.34547609256513834,2.0080433700638896,0.784153860363188,1.9733836954794202,0.5538893043641533,5.044337456657981,-2.498899093769964,2.117401336608458,2.6517703824218826
HOF ITEM
12.213668263914226
-1.4479311503396282,-1.725702727611477,-0.4031137472386004,3.480567525296057,0.9907211258473203,4.383639969788271,-0.7670913451478913,0.4074634555474972,-3.6997183788690298,-0.34547609256513834,2.0080433700638896,0.784153860363188,1.9733836954794202,0.5538893043641533,5.044337456657981,-2.48150094958992,2.2395023556858566,2.6517703824218826
seed 271
Initial fitness values: [np.float64(12.92924633655593), np.float64(12.92924633655593), np.float64(12.36673404198255), np.float64(12.36673404198255), np.float64(12.352252649826262), np.float64(12.303472037490438), np.float64(12.303472037490438), np.float64(12.303472037490438), np.float64(12.302116696571664), np.float64(12.295386344815713)]
Final fitness values: [np.float64(12.263831254344598), np.float64(12.263831254344598), np.float64(12.263831254344598), np.float64(12.263831254344598), np.float64(12.263831254344598), np.float64(12.263831254344598), np.float64(12.263831254344598), np.float64(12.263831254344598), np.float64(12.263831254344598), np.float64(12.263831254344598)]
HOF ITEM
12.263831254344598
-5.364151438287891,-1.2163378974291734,2.7169693337783305,-5.907976813755148,0.29051432821619855,-2.143690479278363,-4.607745932293962,2.062936194574077,-4.4470221611517555,-7.0,1.4645966170566753,2.6928708912644774,6.129046565770875,2.39071078559762,-0.7071393608516677,1.3668749020087179,0.34728816200936474,3.1832653368313277
HOF ITEM
12.263831254344598
-5.364151438287891,-1.2163378974291734,2.7169693337783305,-5.907976813755148,0.29051432821619855,-2.143690479278363,-4.607745932293962,2.062936194574077,-4.4470221611517555,-7.0,1.4645966170566753,2.6928708912644774,6.129046565770875,2.19880503239422,-0.22060305939149383,1.3668749020087179,0.34728816200936474,3.1832653368313277
HOF ITEM
12.263831254344598
-5.364151438287891,-1.2163378974291734,2.7169693337783305,-5.907976813755148,0.29051432821619855,-2.143690479278363,-4.607745932293962,2.062936194574077,-4.4470221611517555,-7.0,1.4645966170566753,2.6928708912644774,6.129046565770875,2.39071078559762,-0.22060305939149383,1.3668749020087179,0.34728816200936474,3.1832653368313277
HOF ITEM
12.263831254344598
-5.364151438287891,-1.2163378974291734,2.7169693337783305,-5.907976813755148,0.29051432821619855,-2.143690479278363,-4.607745932293962,2.062936194574077,-4.4470221611517555,-7.0,1.4645966170566753,2.6928708912644774,6.129046565770875,2.19880503239422,-0.7071393608516677,1.3668749020087179,0.34728816200936474,3.1832653368313277
HOF ITEM
12.263877007509269
-5.364151438287891,-1.2163378974291734,2.7169693337783305,-5.907976813755148,0.29051432821619855,-2.143690479278363,-4.607745932293962,2.062936194574077,-4.4470221611517555,-7.0,1.5474311804431289,2.6928708912644774,6.129046565770875,2.19880503239422,-0.7071393608516677,1.3668749020087179,0.34728816200936474,3.1832653368313277
seed 272
Initial fitness values: [np.float64(14.449017687651198), np.float64(14.215896737490539), np.float64(13.324756335818144), np.float64(12.367338409235487), np.float64(12.367338409235487), np.float64(11.818948333078339), np.float64(11.406611064792097), np.float64(11.406611064792097), np.float64(11.406611064792097), np.float64(11.13193950158889)]
Final fitness values: [np.float64(10.580409672302057), np.float64(10.580409672302057), np.float64(10.578796067471622), np.float64(10.57786820147706), np.float64(10.57786820147706), np.float64(10.531990047826755), np.float64(10.531990047826755), np.float64(10.531990047826755), np.float64(10.531990047826755), np.float64(10.51212567271007)]
HOF ITEM
10.51212567271007
-6.722362056136214,1.5598541678685984,0.8010308009427289,6.549780327280064,4.446267346643708,-2.016649817082254,-5.574432089809006,1.8365823560842816,-1.063596630971392,-5.778266839917142,2.1599823645706757,7.0,5.472033203983953,1.40430758872462,-4.404932625234814,-1.2629465585784911,0.1425716641395368,2.2502041547886704
HOF ITEM
10.531990047826755
-6.722362056136214,1.5598541678685984,0.8010308009427289,6.549780327280064,4.446267346643708,-2.016649817082254,-5.574432089809006,1.8365823560842816,-1.063596630971392,-5.778266839917142,2.1599823645706757,7.0,5.294355767880273,1.40430758872462,-4.404932625234814,-1.2629465585784911,0.1425716641395368,1.9455467836090543
HOF ITEM
10.531990047826755
-6.722362056136214,1.5598541678685984,0.8010308009427289,6.549780327280064,4.446267346643708,-2.016649817082254,-5.574432089809006,1.8365823560842816,-1.063596630971392,-5.778266839917142,2.1599823645706757,6.998487319770679,5.294355767880273,1.40430758872462,-4.404932625234814,-1.2629465585784911,0.1425716641395368,1.9455467836090543
HOF ITEM
10.531990047826755
-6.722362056136214,1.5598541678685984,0.8010308009427289,6.549780327280064,4.446267346643708,-2.016649817082254,-5.574432089809006,1.8365823560842816,-1.063596630971392,-5.778266839917142,2.1599823645706757,7.0,5.472033203983953,1.40430758872462,-4.404932625234814,-1.2629465585784911,0.1425716641395368,1.9455467836090543
HOF ITEM
10.531990047826755
-6.722362056136214,1.5598541678685984,0.8010308009427289,6.549780327280064,4.446267346643708,-2.016649817082254,-5.574432089809006,1.8365823560842816,-1.063596630971392,-6.051905464871911,2.1599823645706757,7.0,5.472033203983953,1.40430758872462,-4.404932625234814,-1.2629465585784911,0.1425716641395368,1.9455467836090543
seed 273
Initial fitness values: [np.float64(14.505773750130926), np.float64(14.362278276759165), np.float64(13.347055693394733), np.float64(13.347055693394733), np.float64(12.668957202860897), np.float64(12.668957202860897), np.float64(12.551902910318976), np.float64(12.442889451185765), np.float64(12.442889451185765), np.float64(12.442889451185765)]
Final fitness values: [np.float64(12.276010592968309), np.float64(12.276010592968309), np.float64(12.275993517930893), np.float64(12.275993517930893), np.float64(12.275870804590612), np.float64(12.275870804590612), np.float64(12.275870804590612), np.float64(12.275870784573982), np.float64(12.275870784573982), np.float64(12.275870784573982)]
HOF ITEM
12.275870784573982
-4.985816961164726,-3.619664782692939,-4.7956307887220495,-0.3450693447016664,-1.9987549587300157,1.2430018800809295,-1.2619665258044386,1.3740024263882702,-6.8642649710437595,-1.7250262762056505,2.764274477815421,3.889264248176432,-3.7369143260321755,2.1059024530235573,-0.5267976557068335,4.196215396724066,2.897194715533293,-2.1831357160827483
HOF ITEM
12.275870784573982
-4.985816961164726,-3.619664782692939,-4.7956307887220495,-0.3450693447016664,-1.9987549587300157,1.2430018800809295,-1.2619665258044386,1.3740024263882702,-6.8642649710437595,-1.4911130493045879,2.764274477815421,3.889264248176432,-3.7369143260321755,2.1059024530235573,-0.5267976557068335,4.196215396724066,2.897194715533293,-2.1831357160827483
HOF ITEM
12.275870804590612
-4.985816961164726,-3.619664782692939,-4.7956307887220495,-0.3450693447016664,-1.9987549587300157,1.2430018800809295,-1.2619665258044386,1.3740024263882702,-6.85747887212059,-1.7250262762056505,2.764274477815421,3.889264248176432,-3.7369143260321755,2.1059024530235573,-0.5267976557068335,4.2150421396315325,2.7386390247397023,-2.299003745676692
HOF ITEM
12.275870804590612
-4.985816961164726,-3.619664782692939,-4.7956307887220495,-0.3450693447016664,-1.9987549587300157,1.2430018800809295,-1.2619665258044386,1.3740024263882702,-6.85747887212059,-1.7250262762056505,2.9810612063177007,3.9950923603695654,-3.7369143260321755,2.1059024530235573,-0.5267976557068335,4.2150421396315325,2.7386390247397023,-2.299003745676692
HOF ITEM
12.275870804590612
-4.985816961164726,-3.953530946676142,-4.7956307887220495,-0.3450693447016664,-1.9987549587300157,1.2430018800809295,-1.2619665258044386,1.3740024263882702,-6.85747887212059,-1.7250262762056505,2.764274477815421,3.889264248176432,-3.7369143260321755,2.1059024530235573,-0.5267976557068335,4.2150421396315325,2.7386390247397023,-2.299003745676692
seed 274
Initial fitness values: [np.float64(13.724300233132821), np.float64(13.227081527732805), np.float64(12.787935602843351), np.float64(11.919119020272678), np.float64(11.693450143912111), np.float64(11.583997154903033), np.float64(11.488696815580596), np.float64(11.475229507615742), np.float64(11.394299228750517), np.float64(11.394299228750517)]
Final fitness values: [np.float64(11.005881745331171), np.float64(11.005881745331171), np.float64(11.005881745331171), np.float64(11.005881745331171), np.float64(11.005881745331171), np.float64(11.005881745331171), np.float64(11.005881745331171), np.float64(11.005877424149856), np.float64(11.005877424149856), np.float64(11.005816542330288)]
HOF ITEM
11.005816542330288
6.608068295261811,-1.0312999503904179,3.0203790058921243,-2.819744103695829,-5.535978598525588,0.22070487576691197,5.12978051919264,0.0,-3.3348683302563016,5.312392037911843,2.816036675678343,-3.674954599922677,1.3232495357991767,2.9438926969643613,-0.43646389359504567,1.4299911671704122,2.047351315421021,-2.9619346768202393
HOF ITEM
11.005849814191137
6.608068295261811,-1.0312999503904179,2.8191573417044964,-2.7323816083886965,-5.535978598525588,0.22070487576691197,5.12978051919264,0.0,-3.3348683302563016,5.312392037911843,3.0,-4.038437790445018,1.3232495357991767,2.9438926969643613,-0.43646389359504567,1.4299911671704122,2.047351315421021,-2.9619346768202393
HOF ITEM
11.005877424149856
6.608068295261811,-1.0312999503904179,3.0203790058921243,-2.819744103695829,-5.535978598525588,0.22070487576691197,5.12978051919264,0.027271018223104643,-3.131874439540938,5.312392037911843,3.0,-4.038437790445018,1.3232495357991767,2.9438926969643613,-0.43646389359504567,1.4299911671704122,2.047351315421021,-2.9619346768202393
HOF ITEM
11.005881745331171
6.608068295261811,-1.0312999503904179,2.8191573417044964,-2.819744103695829,-5.535978598525588,0.22070487576691197,5.12978051919264,0.0,-3.3348683302563016,5.312392037911843,2.816036675678343,-3.674954599922677,1.3232495357991767,2.9438926969643613,-0.43646389359504567,1.4299911671704122,2.047351315421021,-2.9619346768202393
HOF ITEM
11.005881745331171
6.608068295261811,-1.0312999503904179,2.8191573417044964,-2.819744103695829,-5.535978598525588,0.22070487576691197,5.12978051919264,0.0,-3.3348683302563016,5.312392037911843,3.0,-3.674954599922677,1.3232495357991767,2.9438926969643613,-0.43646389359504567,1.4299911671704122,2.047351315421021,-2.9619346768202393
seed 275
Initial fitness values: [np.float64(13.404450082075089), np.float64(13.404450082075089), np.float64(13.306650409610976), np.float64(13.306650409610976), np.float64(13.3030590390638), np.float64(13.281460818093631), np.float64(13.281460818093631), np.float64(13.281243936221262), np.float64(13.275864734440663), np.float64(13.2754855696773)]
Final fitness values: [np.float64(11.147965974269873), np.float64(11.141577592886728), np.float64(11.126726477961187), np.float64(11.126726477961187), np.float64(11.126726428235784), np.float64(11.126726428235784), np.float64(11.051706719231031), np.float64(11.051706719231031), np.float64(11.051706669362895), np.float64(11.05148754748619)]
HOF ITEM
11.05148754748619
-4.0410109862822985,1.1412565862003354,2.191848513999393,3.4372036638847696,4.223950809174763,-4.37462806810775,5.6056252066560015,2.890081877716988,-3.9658586829526485,-5.4868348446597075,2.4607261255262487,6.205225162703241,0.4319047779780307,1.559754611908326,-2.455013349948748,-1.90010664384371,1.324699671224962,-6.300724492236545
HOF ITEM
11.051706669362895
-4.0410109862822985,1.1412565862003354,2.191848513999393,3.4372036638847696,4.223950809174763,-4.37462806810775,5.6056252066560015,2.890081877716988,-3.9658586829526485,-5.4868348446597075,2.4607261255262487,6.205225162703241,0.4319047779780307,1.8358487723219956,-2.3113460678769493,-1.90010664384371,1.324699671224962,-6.210824410286155
HOF ITEM
11.051706719231031
-4.0410109862822985,1.1412565862003354,2.191848513999393,3.4372036638847696,4.223950809174763,-4.37462806810775,5.6056252066560015,2.890081877716988,-3.9658586829526485,-5.4868348446597075,2.4607261255262487,6.205225162703241,0.41916658519807143,2.031572789922921,-2.3113460678769493,-1.90010664384371,1.324699671224962,-6.210824410286155
HOF ITEM
11.051706719362368
-4.0410109862822985,1.1412565862003354,2.191848513999393,3.4372036638847696,4.223950809174763,-4.37462806810775,5.6056252066560015,2.651292951700099,-3.9075342233424837,-5.4868348446597075,2.4607261255262487,6.205225162703241,0.4319047779780307,2.031572789922921,-2.3113460678769493,-1.90010664384371,1.324699671224962,-6.210824410286155
HOF ITEM
11.05363024239901
-4.0410109862822985,1.1412565862003354,2.191848513999393,3.4372036638847696,4.433463823003002,-4.1581178974340265,5.6056252066560015,2.651292951700099,-3.9075342233424837,-5.544207552572135,2.4607261255262487,6.205225162703241,0.4319047779780307,1.559754611908326,-2.455013349948748,-1.90010664384371,1.324699671224962,-6.210824410286155
seed 276
Initial fitness values: [np.float64(14.464529381782075), np.float64(14.032889356793243), np.float64(13.327903754978545), np.float64(12.773145895624523), np.float64(12.773145895624523), np.float64(12.626621146844746), np.float64(12.245728230338655), np.float64(12.245728230338655), np.float64(11.914778084449384), np.float64(11.914778084449384)]
Final fitness values: [np.float64(10.070308545279497), np.float64(10.070308545279497), np.float64(9.820316455739453), np.float64(9.820316455739453), np.float64(9.820316455739453), np.float64(9.785449272646375), np.float64(9.687955962466576), np.float64(9.687955962466576), np.float64(9.683009247827915), np.float64(9.683009247827915)]
HOF ITEM
9.683009247827915
1.5683416214332246,0.2998600451788164,0.3612915762875832,2.304390658737471,5.390653559868363,0.8450197027302206,-4.149802108094802,2.415652390060492,0.3132521945169986,-5.057635624158724,1.650589368814549,1.746297082083536,-1.2675790015701462,1.7647127749026785,-0.3633613646130829,0.9932683268348597,2.543976446324174,-0.9310655114795543
HOF ITEM
9.687955962466576
1.5683416214332246,0.2998600451788164,0.3612915762875832,2.304390658737471,5.390653559868363,0.8450197027302206,-4.149802108094802,2.415652390060492,0.3132521945169986,-5.057635624158724,1.650589368814549,1.746297082083536,-1.4153179383449275,1.7647127749026785,-0.3633613646130829,0.9932683268348597,2.543976446324174,-0.9310655114795543
HOF ITEM
9.715258106718139
1.5683416214332246,0.2835068530667094,0.3612915762875832,2.304390658737471,5.390653559868363,0.8450197027302206,-4.149802108094802,2.415652390060492,0.3132521945169986,-5.057635624158724,1.650589368814549,1.746297082083536,-1.4153179383449275,1.7647127749026785,-0.3633613646130829,0.9932683268348597,2.543976446324174,-0.9310655114795543
HOF ITEM
9.785449272646375
1.5683416214332246,0.2835068530667094,0.5226424614184392,2.4740571625513983,5.390653559868363,0.8041236884148939,-4.149802108094802,2.415652390060492,0.3132521945169986,-5.057635624158724,1.650589368814549,1.746297082083536,-1.2675790015701462,1.7647127749026785,-0.3633613646130829,0.9932683268348597,2.5463997131878573,-0.8459146594935802
HOF ITEM
9.789332134377613
1.5683416214332246,0.2835068530667094,0.5226424614184392,2.4740571625513983,5.390653559868363,0.8041236884148939,-4.149802108094802,2.415652390060492,0.3132521945169986,-5.057635624158724,1.650589368814549,1.746297082083536,-1.4153179383449275,1.7647127749026785,-0.3633613646130829,0.9932683268348597,2.5463997131878573,-0.8459146594935802
seed 277
Initial fitness values: [np.float64(14.231352578931634), np.float64(12.186086163876032), np.float64(12.186086163876032), np.float64(12.186086163876032), np.float64(12.149803286779898), np.float64(12.140593248323528), np.float64(12.140055244509298), np.float64(12.138773256110916), np.float64(12.138440311901949), np.float64(12.137594309828241)]
Final fitness values: [np.float64(11.008006612198006), np.float64(11.008006612198006), np.float64(11.008006612198006), np.float64(10.999275319841459), np.float64(10.999275319841459), np.float64(10.999275319841459), np.float64(10.999275319841459), np.float64(10.999275319841457), np.float64(10.999275319841457), np.float64(10.999275319841457)]
HOF ITEM
10.999275319841457
-4.929680527442092,1.1512500467084257,-3.3915502033439835,-5.234583045396924,1.2400299658979086,5.072101996153147,-2.7781189419694745,1.2754720204165533,-3.8537087369407743,3.1667986259462344,2.1502115229670595,-3.637103594789042,-6.563789879431216,2.1975583677553914,-3.3431894001134137,6.221378357963911,0.544016517146901,-7.0
HOF ITEM
10.999275319841459
-4.929680527442092,1.1512500467084257,-3.3915502033439835,-5.234583045396924,1.2400299658979086,5.072101996153147,-2.7781189419694745,1.2754720204165533,-3.8537087369407743,3.6129442539115573,2.1502115229670595,-3.637103594789042,-6.563789879431216,2.1975583677553914,-3.3431894001134137,6.221378357963911,0.544016517146901,-6.636475604991259
HOF ITEM
10.999275319841459
-4.929680527442092,1.1512500467084257,-3.3915502033439835,-5.234583045396924,1.2400299658979086,5.072101996153147,-2.7781189419694745,1.2754720204165533,-3.8537087369407743,3.6129442539115573,2.304858384224378,-3.637103594789042,-6.563789879431216,2.1975583677553914,-3.3431894001134137,6.221378357963911,0.544016517146901,-6.636475604991259
HOF ITEM
10.999275319841459
-4.929680527442092,1.1512500467084257,-3.3915502033439835,-5.234583045396924,1.2400299658979086,5.072101996153147,-2.7781189419694745,1.2754720204165533,-3.8537087369407743,3.1667986259462344,2.1502115229670595,-3.637103594789042,-6.563789879431216,2.1975583677553914,-3.3431894001134137,6.221378357963911,0.544016517146901,-6.636475604991259
HOF ITEM
10.999275328468261
-4.929680527442092,1.1512500467084257,-3.3915502033439835,-5.234583045396924,1.2400299658979086,5.072101996153147,-2.7781189419694745,1.2754720204165533,-3.8537087369407743,3.338852344828561,2.1502115229670595,-3.637103594789042,-6.248217502309042,2.1975583677553914,-3.3431894001134137,6.221378357963911,0.38413537195148867,-6.258510924671769
seed 278
Initial fitness values: [np.float64(14.874192429674542), np.float64(14.153084114341258), np.float64(12.583891112038348), np.float64(12.583891112038348), np.float64(12.37668557416716), np.float64(12.320647384965403), np.float64(12.320647384965403), np.float64(12.320647080853146), np.float64(12.320647080853146), np.float64(12.29955744686016)]
Final fitness values: [np.float64(12.291761203137485), np.float64(12.291761203137485), np.float64(12.291761203137485), np.float64(12.291761203137485), np.float64(12.291761203137485), np.float64(12.291761203137485), np.float64(12.291761203137485), np.float64(12.291761203137485), np.float64(12.291761203137485), np.float64(12.291761203137485)]
HOF ITEM
12.29170808284889
-4.752708040625048,-3.354672299052019,1.8334176144040948,3.071164324081302,1.1011939562873705,0.2844998634609748,-3.524321134619223,2.1426066284994283,-0.7278939978158592,1.8958761217128488,0.4423711495537599,-1.416576362095819,4.694152018458105,0.45806656424039255,-6.748091148535634,6.271392276076606,0.11689124530682193,5.361495515618133
HOF ITEM
12.291761203137485
-4.752708040625048,-3.386698593403716,1.720497411964988,3.071164324081302,1.2950486586217704,0.2844998634609748,-3.524321134619223,2.1426066284994283,-0.7278939978158592,1.8958761217128488,0.4423711495537599,-1.416576362095819,4.694152018458105,0.45806656424039255,-6.748091148535634,6.271392276076606,0.11689124530682193,5.361495515618133
HOF ITEM
12.291761203137485
-4.752708040625048,-3.480056049847226,1.720497411964988,3.071164324081302,1.2950486586217704,0.2844998634609748,-3.524321134619223,2.1426066284994283,-0.7278939978158592,1.8958761217128488,0.4423711495537599,-1.416576362095819,4.694152018458105,0.45806656424039255,-6.748091148535634,6.271392276076606,0.11689124530682193,5.361495515618133
HOF ITEM
12.291782833298319
-4.752708040625048,-3.386698593403716,1.720497411964988,3.071164324081302,1.2950486586217704,0.2844998634609748,-3.524321134619223,2.1426066284994283,-0.7278939978158592,1.8958761217128488,0.4423711495537599,-1.3213831161437857,4.694152018458105,0.45806656424039255,-6.748091148535634,6.271392276076606,0.11689124530682193,5.361495515618133
HOF ITEM
12.291782833298319
-4.752708040625048,-3.480056049847226,1.720497411964988,3.071164324081302,1.2950486586217704,0.2844998634609748,-3.524321134619223,2.1426066284994283,-0.7278939978158592,1.8958761217128488,0.4423711495537599,-1.3213831161437857,4.694152018458105,0.45806656424039255,-6.748091148535634,6.271392276076606,0.11689124530682193,5.361495515618133
seed 279
Initial fitness values: [np.float64(15.041674069673931), np.float64(13.814069244195121), np.float64(13.814069244195121), np.float64(12.504520316475988), np.float64(12.03839547233449), np.float64(11.56266387886469), np.float64(11.448719680340032), np.float64(11.448719680340032), np.float64(11.357789572409061), np.float64(11.264688642653674)]
Final fitness values: [np.float64(10.672047582184092), np.float64(10.672047582184092), np.float64(10.672047582184092), np.float64(10.672047582184092), np.float64(10.672047582184092), np.float64(10.672047582184092), np.float64(10.672047582184092), np.float64(10.672047582184092), np.float64(10.672047582184092), np.float64(10.672047582184092)]
HOF ITEM
10.672047582184092
-3.9053647211702605,1.5523585545936425,3.721517257253308,-1.7491211983974542,2.4066604753927123,-3.4606119092641117,4.564508748869908,1.454946585009704,-6.884866453722745,-2.7462793245409984,2.068799727451855,3.639955107454606,-2.982759732920665,2.5760151240325606,-5.161839082877338,-0.7688520756049217,1.3811372164067697,-4.540441575178534
HOF ITEM
10.672047582184092
-3.9053647211702605,1.5523585545936425,3.721517257253308,-1.7491211983974542,2.4066604753927123,-3.4606119092641117,4.564508748869908,1.454946585009704,-7.0,-2.7462793245409984,2.068799727451855,3.639955107454606,-2.982759732920665,2.5760151240325606,-5.161839082877338,-0.7688520756049217,1.3811372164067697,-4.540441575178534
HOF ITEM
10.67204758218412
-3.9053647211702605,1.5523585545936425,3.721517257253308,-1.7491211983974542,2.4066604753927123,-3.4606119092641117,4.708177964882761,1.454946585009704,-7.0,-2.7462793245409984,2.068799727451855,3.639955107454606,-2.982759732920665,2.5760151240325606,-5.161839082877338,-0.7688520756049217,1.3811372164067697,-4.540441575178534
HOF ITEM
10.672047582184147
-3.9053647211702605,1.5523585545936425,3.721517257253308,-1.7491211983974542,2.4066604753927123,-3.4606119092641117,4.708177964882761,1.6166608827242197,-6.884866453722745,-2.7462793245409984,2.068799727451855,3.639955107454606,-2.982759732920665,2.5760151240325606,-5.161839082877338,-0.7688520756049217,1.3811372164067697,-4.540441575178534
HOF ITEM
10.672047582184147
-3.9053647211702605,1.5523585545936425,3.721517257253308,-1.7491211983974542,2.4066604753927123,-3.4606119092641117,4.564508748869908,1.6166608827242197,-6.884866453722745,-2.7462793245409984,2.068799727451855,3.639955107454606,-2.982759732920665,2.5760151240325606,-5.161839082877338,-0.7688520756049217,1.3811372164067697,-4.540441575178534
best parameter set
fitness 9.527951902498028 seed 276
1.5662598251296824,0.2657836448766279,0.3623074333118679,2.2974973537778607,5.396970499375646,0.8445864502388877,-4.149802141638928,2.415649701910506,0.31846957847533536,-5.060270845931576,1.652822468424569,1.7336343319699803,-1.4134279973325614,1.7669237427876738,-0.42579962460244847,0.9588475871317079,2.537438171291207,-0.9380975784712631
