seeds are [370 371 372 373 374 375 376 377 378 379]
seed 370
Initial fitness values: [np.float64(13.727165722093746), np.float64(13.727165722093746), np.float64(13.691604091672382), np.float64(13.662127484816082), np.float64(13.662127484816082), np.float64(13.545165733788352), np.float64(13.497251087825443), np.float64(13.497251087825443), np.float64(13.491905474582392), np.float64(13.35733979341978)]
Final fitness values: [np.float64(12.239085955793266), np.float64(12.22415113697209), np.float64(12.2240673911391), np.float64(12.223871675100916), np.float64(12.223871675100916), np.float64(12.223863571984218), np.float64(12.223863571984218), np.float64(12.223863571984218), np.float64(12.223863571984218), np.float64(12.223863571984218)]
HOF ITEM
12.223863571984218
-2.939657574332135,1.364712194419434,6.977115022676531,-6.330305756941285,4.267308364134062,4.758446255852743,-5.966127117873605,0.6287074448930398,2.629002305085549,-1.105631025014103,3.0,3.5598993639717524,-1.571722196738699,1.2233789898446201,-3.111334364469968
HOF ITEM
12.223871675100916
-2.939657574332135,1.364712194419434,6.977115022676531,-6.330305756941285,4.267308364134062,4.758446255852743,-5.584429766696454,0.6287074448930398,2.629002305085549,-1.105631025014103,3.0,3.5598993639717524,-1.571722196738699,1.2233789898446201,-3.111334364469968
HOF ITEM
12.2240673911391
-2.939657574332135,1.364712194419434,6.977115022676531,-6.330305756941285,4.267308364134062,4.758446255852743,-5.966127117873605,1.3585479628273587,3.522900886022194,-1.105631025014103,3.0,3.5598993639717524,-1.571722196738699,1.2233789898446201,-3.111334364469968
HOF ITEM
12.22407662159128
-2.939657574332135,1.364712194419434,6.977115022676531,-6.330305756941285,4.267308364134062,4.758446255852743,-5.584429766696454,1.3585479628273587,3.522900886022194,-1.105631025014103,3.0,3.5598993639717524,-1.571722196738699,1.2233789898446201,-3.111334364469968
HOF ITEM
12.22410989299463
-2.939657574332135,1.364712194419434,6.977115022676531,-6.330305756941285,4.267308364134062,4.758446255852743,-5.584429766696454,0.6287074448930398,3.522900886022194,-1.105631025014103,3.0,3.5598993639717524,-1.571722196738699,1.2233789898446201,-3.111334364469968
seed 371
Initial fitness values: [np.float64(13.05657313000591), np.float64(13.047705595948747), np.float64(12.806309286591109), np.float64(12.778869933735146), np.float64(12.568060961007971), np.float64(12.30575854185897), np.float64(11.836787847354952), np.float64(11.472528669357517), np.float64(11.21559208637575), np.float64(11.21559208637575)]
Final fitness values: [np.float64(10.81899741557743), np.float64(10.81899741557743), np.float64(10.81899741557743), np.float64(10.81899741557743), np.float64(10.81899741557743), np.float64(10.81899741557743), np.float64(10.742298211768983), np.float64(10.742298211768983), np.float64(10.742298211768983), np.float64(10.700319925468389)]
HOF ITEM
10.700319925468389
1.356324973971583,0.4857551302125127,5.201560995181565,1.6225152367622666,-5.13051232165772,-2.900889987830605,0.22920049875181914,2.084764849143273,-6.340327196554671,3.39559812994161,1.5613338045243372,-5.5280594209536,0.9284113526397676,2.470492074829087,-1.9841802272608562
HOF ITEM
10.742298211768983
1.356324973971583,0.4857551302125127,5.201560995181565,1.6225152367622666,-5.13051232165772,-2.900889987830605,0.22920049875181914,1.7252418510267917,-6.340327196554671,3.39559812994161,1.5613338045243372,-5.5280594209536,0.9284113526397676,2.470492074829087,-1.9841802272608562
HOF ITEM
10.742298267909693
1.356324973971583,0.4857551302125127,5.201560995181565,1.6225152367622666,-5.13051232165772,-2.900889987830605,0.22920049875181914,1.7252418510267917,-6.340327196554671,3.395617099390392,1.5613338045243372,-5.5280594209536,0.9284113526397676,2.470492074829087,-1.9841802272608562
HOF ITEM
10.742367900238484
1.356324973971583,0.4857551302125127,5.201560995181565,1.6225152367622666,-5.13051232165772,-2.900889987830605,0.22920049875181914,1.7252418510267917,-6.340327196554671,3.39559812994161,1.5613338045243372,-5.5280594209536,0.9284113526397676,2.468771477918086,-1.9841802272608562
HOF ITEM
10.742367956381113
1.356324973971583,0.4857551302125127,5.201560995181565,1.6225152367622666,-5.13051232165772,-2.900889987830605,0.22920049875181914,1.7252418510267917,-6.340327196554671,3.395617099390392,1.5613338045243372,-5.5280594209536,0.9284113526397676,2.468771477918086,-1.9841802272608562
seed 372
Initial fitness values: [np.float64(15.005095134490531), np.float64(13.608596557123198), np.float64(13.263236704868172), np.float64(13.23592067489398), np.float64(13.115325055291514), np.float64(12.95390380427985), np.float64(12.766478315656853), np.float64(12.614367006924583), np.float64(12.522225688145976), np.float64(12.489234934325955)]
Final fitness values: [np.float64(11.11536537943908), np.float64(11.11536537943908), np.float64(11.11536537943908), np.float64(11.11239220288332), np.float64(11.111161997813275), np.float64(11.110168079003191), np.float64(11.107509759941095), np.float64(11.107509759941095), np.float64(11.107509759941095), np.float64(11.107509759941095)]
HOF ITEM
11.107509759941095
4.467435225271969,-0.6065371329247219,-1.83305523594843,-3.7613795940437877,6.727064487966701,0.6987681587975452,1.3171296601335456,2.8578243252893887,6.578875637972287,-2.2797909920938046,1.8044312008683836,-3.347233616170662,1.880687263026352,1.6015963771085244,-2.6354080543436975
HOF ITEM
11.107968478331962
4.467435225271969,-0.6065371329247219,-2.2610605550680885,-3.7613795940437877,6.727064487966701,0.67772529349138,1.3171296601335456,2.6743700624275224,6.578875637972287,-2.2797909920938046,1.8044312008683836,-3.347233616170662,1.880687263026352,1.4741407218777063,-2.453774000446739
HOF ITEM
11.108269536643476
4.467435225271969,-0.6065371329247219,-1.83305523594843,-3.7613795940437877,6.727064487966701,0.6736107438014756,1.3171296601335456,2.8578243252893887,6.578875637972287,-2.2797909920938046,1.8044312008683836,-3.347233616170662,1.880687263026352,1.6015963771085244,-2.6354080543436975
HOF ITEM
11.108857067194188
4.467435225271969,-0.6065371329247219,-2.2610605550680885,-3.7613795940437877,6.727064487966701,0.6987681587975452,1.3171296601335456,2.6743700624275224,6.578875637972287,-2.915788784701621,1.4079690935525877,-3.347233616170662,1.8665670496027533,1.6015963771085244,-2.453774000446739
HOF ITEM
11.108936486733485
4.467435225271969,-0.6065371329247219,-1.83305523594843,-3.7613795940437877,6.727064487966701,0.6987681587975452,1.3171296601335456,2.8578243252893887,6.578875637972287,-2.2797909920938046,1.8044312008683836,-3.347233616170662,1.880687263026352,1.6015963771085244,-2.453774000446739
seed 373
Initial fitness values: [np.float64(13.961258355709052), np.float64(12.898233272066621), np.float64(12.898233272066621), np.float64(12.609413815932866), np.float64(12.430430680124989), np.float64(12.224907323161652), np.float64(11.690104686804387), np.float64(11.454729414841525), np.float64(11.382881781901924), np.float64(11.148840897654498)]
Final fitness values: [np.float64(10.568330607779576), np.float64(10.567966780767515), np.float64(10.567966780767515), np.float64(10.567966780767515), np.float64(10.567966780767515), np.float64(10.54463470822755), np.float64(10.54463470822755), np.float64(10.54463470822755), np.float64(10.543969656108631), np.float64(10.528420155316548)]
HOF ITEM
10.528420155316548
-4.432093926559868,1.5932633973787294,-0.1618590994077576,2.2418450671755976,0.5774195160197285,4.803854392231434,-3.110354213570991,2.3999494506834678,0.5729368955476208,5.536033056801164,0.0,4.3971170304762595,5.8873757099470625,1.2922441715482562,5.378561239224545
HOF ITEM
10.53043780713322
-4.432093926559868,1.5932633973787294,-0.6629421558383317,1.9991065625250013,0.42832185785384613,4.669988710184383,-3.110354213570991,2.3999494506834678,0.5729368955476208,5.566003845637392,0.0,4.3971170304762595,5.799085746937772,1.2478486361449241,5.510239597981161
HOF ITEM
10.543027409644347
-4.432093926559868,1.5932633973787294,-0.29260843977117207,2.3093820292761613,0.7417193124031463,4.646460272155251,-3.110354213570991,2.3999494506834678,0.5729368955476208,5.427282090509499,0.0,4.3971170304762595,5.799085746937772,1.2153741788519135,5.278825670885486
HOF ITEM
10.543969656108631
-4.432093926559868,1.5932633973787294,-0.38472131473380666,2.2418450671755976,0.5774195160197285,4.669988710184383,-3.110354213570991,2.3999494506834678,0.5729368955476208,5.427282090509499,0.0,4.3971170304762595,5.799085746937772,1.1307774279814968,5.378561239224545
HOF ITEM
10.544634708226718
-4.432093926559868,1.5932633973787294,-0.38472131473380666,2.2418450671755976,0.5774195160197285,4.791582180090961,-3.110354213570991,2.3999494506834678,0.5729368955476208,5.427282090509499,0.0,4.3971170304762595,5.799085746937772,1.1307774279814968,5.510239597981161
seed 374
Initial fitness values: [np.float64(14.614154979660004), np.float64(13.987450611638721), np.float64(13.858535637993965), np.float64(13.76163807937765), np.float64(13.76163807937765), np.float64(13.76163807937765), np.float64(13.534002122436998), np.float64(13.456271446549085), np.float64(13.284940478425035), np.float64(13.167654115200712)]
Final fitness values: [np.float64(11.316980493080187), np.float64(11.316980388983158), np.float64(11.316980388983158), np.float64(11.316980388983158), np.float64(11.316980388983158), np.float64(11.316980388983158), np.float64(11.292447374350964), np.float64(11.292447374350964), np.float64(11.288465912491517), np.float64(11.288465912491517)]
HOF ITEM
11.288465912491517
6.631952269205978,-1.1093631629927554,-7.0,2.5973324647583245,-0.8640462389103806,3.97455900374731,1.5274359258965766,1.3159165482707886,1.5166856707075151,2.2742845497139137,0.6038405828160243,1.6552014368113512,-1.0106300423779477,2.1622071657822994,0.90442916007309
HOF ITEM
11.288466416391929
6.631952269205978,-1.1093631629927554,-7.0,2.5973324647583245,-0.8640462389103806,3.97455900374731,1.5274359258965766,1.3159165482707886,1.5166856707075151,2.2742845497139137,0.6038405828160243,1.6552014368113512,-1.0106300423779477,2.1622071657822994,1.1371177086967224
HOF ITEM
11.290929649655538
6.631952269205978,-1.1093631629927554,-6.9347760686995334,2.703131453348166,-0.6555497864942492,4.226383243970958,1.5274359258965766,1.3159165482707886,1.5166856707075151,2.2742845497139137,0.6038405828160243,1.6552014368113512,-1.4311757386491912,2.15790823800436,1.1371177086967224
HOF ITEM
11.292446785788448
6.631952269205978,-1.1093631629927554,-7.0,2.355970458131319,-0.9450181716001154,3.97455900374731,1.5274359258965766,1.3159165482707886,1.5166856707075151,2.2742845497139137,0.6038405828160243,1.6552014368113512,-1.0106300423779477,2.1622071657822994,0.90442916007309
HOF ITEM
11.292447374350964
6.631952269205978,-1.1093631629927554,-7.0,2.355970458131319,-0.9450181716001154,3.97455900374731,1.5274359258965766,1.3159165482707886,1.5166856707075151,2.2742845497139137,0.6038405828160243,1.6552014368113512,-1.0106300423779477,2.1622071657822994,1.1371177086967224
seed 375
Initial fitness values: [np.float64(14.280192564347988), np.float64(12.698050775662702), np.float64(12.698050775662702), np.float64(12.056875311611233), np.float64(11.945866848122662), np.float64(11.810867735762592), np.float64(11.462067995382094), np.float64(11.118469384318887), np.float64(11.10068354242403), np.float64(11.061260368695153)]
Final fitness values: [np.float64(10.698808607000043), np.float64(10.698808607000043), np.float64(10.698804139502647), np.float64(10.698804139502647), np.float64(10.69878868663045), np.float64(10.69878868663045), np.float64(10.69878868663045), np.float64(10.69878868663045), np.float64(10.69878868663045), np.float64(10.69878868663045)]
HOF ITEM
10.69878868663045
-4.396581162261916,1.5274318771330428,0.7571457589446207,-1.3525406922915932,-6.783734148826597,0.6410277744015986,-0.3195915193232861,2.607857834922597,-1.7965702957004122,0.5714286184373105,1.216561522680467,-4.212876123640423,-3.7540321509677117,2.366583461700999,-6.987093951807697
HOF ITEM
10.69878868663045
-4.396581162261916,1.5274318771330428,0.7571457589446207,-1.3525406922915932,-6.783734148826597,0.6410277744015986,-0.39182950671940225,3.0,-1.9557960917464716,0.5714286184373105,1.216561522680467,-4.212876123640423,-3.7540321509677117,2.366583461700999,-6.987093951807697
HOF ITEM
10.69878868663045
-4.396581162261916,1.5274318771330428,0.7571457589446207,-1.3525406922915932,-6.783734148826597,0.6410277744015986,-0.39182950671940225,2.700850505561462,-1.9557960917464716,0.5714286184373105,1.216561522680467,-4.212876123640423,-3.7540321509677117,2.366583461700999,-6.987093951807697
HOF ITEM
10.698804139502647
-4.396581162261916,1.5274318771330428,0.7571457589446207,-1.3525406922915932,-6.783734148826597,0.6410277744015986,-0.39182950671940225,2.700850505561462,-2.099735135292057,0.9949386675930726,1.216561522680467,-4.212876123640423,-3.7540321509677117,2.366583461700999,-6.987093951807697
HOF ITEM
10.698804139502647
-4.396581162261916,1.5274318771330428,0.7571457589446207,-1.3525406922915932,-6.783734148826597,0.6410277744015986,-0.39182950671940225,3.0,-1.9557960917464716,0.9949386675930726,1.216561522680467,-4.212876123640423,-3.7540321509677117,2.366583461700999,-6.987093951807697
seed 376
Initial fitness values: [np.float64(14.067934115909667), np.float64(13.43092643418976), np.float64(13.423587240541003), np.float64(13.19966911225369), np.float64(12.936097381055305), np.float64(12.706124811292922), np.float64(12.370729496206176), np.float64(12.37044374458534), np.float64(12.014056089975051), np.float64(12.014056089975051)]
Final fitness values: [np.float64(10.686881577117996), np.float64(10.686881577117996), np.float64(10.686864790263273), np.float64(10.686770564700321), np.float64(10.686768059345022), np.float64(10.68674278802328), np.float64(10.686693775075403), np.float64(10.686693673787547), np.float64(10.6866625042779), np.float64(10.68665732612521)]
HOF ITEM
10.68665732612521
-2.411932259686943,1.5536542656079402,6.469931611026778,1.3123914032707742,3.849410418657267,-5.5114812824941914,-6.560911017104911,2.5211997307301655,-4.890059100756126,-2.5206788664613597,0.7122089251375624,0.8481676454293683,-1.1639002167589945,3.0,-0.45061040470451635
HOF ITEM
10.6866625042779
-2.411932259686943,1.5536542656079402,6.375670164316598,1.1537872603299162,3.85825276619373,-5.5114812824941914,-6.907742942979357,2.5211997307301655,-4.722057121124439,-2.3851688946218883,0.524371123826071,1.2831961301731285,-1.1639002167589945,3.0,-0.45061040470451635
HOF ITEM
10.686664253113111
-2.411932259686943,1.5536542656079402,6.375670164316598,1.1537872603299162,3.85825276619373,-5.58654849493426,-7.0,2.5211997307301655,-4.759730354074099,-2.6610572391239598,0.720210280263399,1.2831961301731285,-1.1639002167589945,3.0,-0.45061040470451635
HOF ITEM
10.686680539538525
-2.411932259686943,1.5536542656079402,6.375670164316598,1.1537872603299162,3.85825276619373,-5.5114812824941914,-6.907742942979357,2.5211997307301655,-4.722057121124439,-2.3851688946218883,0.555267218936025,1.508561281954806,-1.1639002167589945,3.0,-0.45061040470451635
HOF ITEM
10.686685819036947
-2.411932259686943,1.5536542656079402,7.0,1.2659006599402645,3.85825276619373,-5.5114812824941914,-6.907742942979357,2.5211997307301655,-4.722057121124439,-2.3851688946218883,0.524371123826071,1.508561281954806,-1.1639002167589945,3.0,-0.45061040470451635
seed 377
Initial fitness values: [np.float64(14.318577513403062), np.float64(14.316707488877547), np.float64(14.12447905553138), np.float64(13.789456668640437), np.float64(13.618201482662819), np.float64(13.490100383520145), np.float64(13.324614996254462), np.float64(13.140504489677769), np.float64(12.94049108406219), np.float64(12.684155611788675)]
Final fitness values: [np.float64(11.192616019819013), np.float64(11.192616019819013), np.float64(11.192616019819013), np.float64(11.192616019819013), np.float64(11.192616019819013), np.float64(11.192616019819013), np.float64(11.192616019819013), np.float64(11.192616019819013), np.float64(11.192616019819013), np.float64(11.192616019819013)]
HOF ITEM
11.192616019819013
6.3885206281671785,-1.0009235518518507,-7.0,-6.1843536983784855,-0.8220760597077034,-1.5405690810436923,2.254377530735199,0.2630110741401461,-4.519601223031546,0.7778232736118244,2.1188168709744244,-4.762617790231719,7.0,0.6986828972386189,-6.266758803858721
HOF ITEM
11.192637014024138
6.3885206281671785,-1.0009235518518507,-7.0,-6.1843536983784855,-0.8220760597077034,-1.5405690810436923,2.254377530735199,0.2630110741401461,-4.519601223031546,0.7778232736118244,2.1188168709744244,-4.762617790231719,7.0,0.2006448782744829,-6.266758803858721
HOF ITEM
11.192642542662371
6.3885206281671785,-1.0009235518518507,-7.0,-6.1843536983784855,-0.8220760597077034,-1.5405690810436923,2.254377530735199,0.2630110741401461,-4.519601223031546,0.7778232736118244,2.1188168709744244,-4.762617790231719,6.809953053899623,0.2006448782744829,-5.7446106290300705
HOF ITEM
11.192938891740534
6.3885206281671785,-1.0009235518518507,-7.0,-6.1843536983784855,-0.8220760597077034,-1.6903974397710766,2.254377530735199,0.2630110741401461,-4.4095144804742334,0.7778232736118244,2.1188168709744244,-4.762617790231719,6.809953053899623,0.2006448782744829,-5.7446106290300705
HOF ITEM
11.192978466345187
6.3885206281671785,-1.0009235518518507,-7.0,-6.1843536983784855,-0.8220760597077034,-1.5405690810436923,2.254377530735199,0.2630110741401461,-4.599704569472429,0.7778232736118244,2.1188168709744244,-4.762617790231719,7.0,0.7325483050892307,-6.266758803858721
seed 378
Initial fitness values: [np.float64(14.939734386628903), np.float64(13.13207840531692), np.float64(12.833163936275765), np.float64(12.700435837971652), np.float64(12.700435837971652), np.float64(12.666489304667701), np.float64(12.54266547351472), np.float64(12.54266547351472), np.float64(12.513201969755245), np.float64(12.513201969755245)]
Final fitness values: [np.float64(12.320571891746944), np.float64(12.320428378254935), np.float64(12.320428378254935), np.float64(12.320428378254935), np.float64(12.320428378254935), np.float64(12.320428378254935), np.float64(12.320428378254935), np.float64(12.320324086059438), np.float64(12.320324086059438), np.float64(12.320324086059438)]
HOF ITEM
12.320324086059438
-5.512912783743037,-2.0194728551622814,-2.5848480468998942,-2.02106470666965,-0.11458549151649068,1.6758872124643418,4.2697575646328945,1.894710165751786,2.5722348397426584,-4.371326706119204,2.0445907605275173,-1.4547056863615788,6.087431482719948,0.0,6.037053724508615
HOF ITEM
12.320324086059438
-5.512912783743037,-2.0194728551622814,-2.5848480468998942,-2.02106470666965,-0.11458549151649068,1.6758872124643418,4.2697575646328945,1.5753832696365877,2.5722348397426584,-4.371326706119204,2.0445907605275173,-1.4547056863615788,6.087431482719948,0.0,6.037053724508615
HOF ITEM
12.320324086059438
-5.512912783743037,-2.0194728551622814,-2.5848480468998942,-2.02106470666965,-0.11458549151649068,1.6758872124643418,4.2697575646328945,1.5797627273094457,2.5722348397426584,-4.371326706119204,2.0445907605275173,-1.4547056863615788,6.087431482719948,0.0,6.037053724508615
HOF ITEM
12.320428378254935
-5.512912783743037,-2.0194728551622814,-2.5848480468998942,-2.02106470666965,-0.11458549151649068,1.6758872124643418,4.2697575646328945,1.5797627273094457,2.5722348397426584,-4.371326706119204,2.0445907605275173,-1.4547056863615788,6.087431482719948,0.0,5.587058376156305
HOF ITEM
12.320428378254935
-5.512912783743037,-2.0194728551622814,-2.5848480468998942,-2.02106470666965,-0.11458549151649068,1.6758872124643418,4.2697575646328945,1.5753832696365877,2.5722348397426584,-4.371326706119204,2.0445907605275173,-1.4547056863615788,6.087431482719948,0.0,5.587058376156305
seed 379
Initial fitness values: [np.float64(13.2291013897241), np.float64(13.2291013897241), np.float64(13.2291013897241), np.float64(12.4179691921776), np.float64(12.294456000537703), np.float64(10.962977259301072), np.float64(10.962977259301072), np.float64(10.946258708540483), np.float64(10.946258708540483), np.float64(10.850621946153092)]
Final fitness values: [np.float64(10.702926109091996), np.float64(10.702926109091996), np.float64(10.702926109091996), np.float64(10.702926109091996), np.float64(10.70058852126398), np.float64(10.70058852126398), np.float64(10.70058852126398), np.float64(10.70058828889726), np.float64(10.70058828889726), np.float64(10.70058828889726)]
HOF ITEM
10.70058828889726
-6.9116908108715505,1.5563631514010523,2.183575567535709,-4.679392048767474,2.419910270758026,3.9640582471048593,-2.4920792011480772,0.7790658508783898,0.7329558009595276,-5.740742922035691,1.820842914363795,-0.9275373628057564,3.8697758289814383,2.2659073009000856,5.059843937665854
HOF ITEM
10.70058828889726
-6.9116908108715505,1.5563631514010523,2.183575567535709,-4.679392048767474,2.419910270758026,3.9640582471048593,-2.4920792011480772,0.7790658508783898,0.7329558009595276,-5.740742922035691,1.820842914363795,-0.9275373628057564,4.186088264181863,2.2659073009000856,5.059843937665854
HOF ITEM
10.70058852126398
-6.9116908108715505,1.5563631514010523,2.183575567535709,-4.679392048767474,2.419910270758026,3.9640582471048593,-2.509270203734815,0.7790658508783898,0.7329558009595276,-5.740742922035691,1.820842914363795,-0.9275373628057564,4.186088264181863,2.2659073009000856,5.059843937665854
HOF ITEM
10.70058852126398
-6.9116908108715505,1.5563631514010523,2.183575567535709,-4.679392048767474,2.419910270758026,3.9640582471048593,-2.509270203734815,0.7790658508783898,0.7329558009595276,-5.740742922035691,1.820842914363795,-0.9275373628057564,3.8697758289814383,2.2659073009000856,5.059843937665854
HOF ITEM
10.700596108500378
-6.9116908108715505,1.5563631514010523,2.183575567535709,-4.679392048767474,2.419910270758026,3.9640582471048593,-2.532330080002349,0.6468686557938235,0.7329558009595276,-5.740742922035691,1.820842914363795,-0.9275373628057564,3.8697758289814383,2.2659073009000856,5.059843937665854
best parameter set
fitness 9.672028393993797 seed 371
1.100762644069344,0.6369352221421549,4.14479246942873,2.735301007695343,-5.302606726788092,-2.6957010651890227,0.473029209888953,2.4393730359094166,-6.315502962469692,3.417549808180737,1.5804815120254554,-5.540107075178756,0.9131437732862233,2.9991333930194113,-2.656608112436827
