seeds are [150 151 152 153 154 155 156 157 158 159]
seed 150
Initial fitness values: [np.float64(14.253730064306685), np.float64(13.665540377888524), np.float64(13.149077503628613), np.float64(13.036848852202258), np.float64(12.922890082386715), np.float64(12.734423679196322), np.float64(12.603514541608646), np.float64(12.215049108314854), np.float64(11.832814257698285), np.float64(11.746010171082514)]
Final fitness values: [np.float64(10.571281983595368), np.float64(10.571281983595368), np.float64(10.571281983595368), np.float64(10.571281983595368), np.float64(10.571281983595368), np.float64(10.571281983595368), np.float64(10.571281983595368), np.float64(10.571281983595368), np.float64(10.571281983595368), np.float64(10.571281983595368)]
HOF ITEM
10.571281983595368
-2.9370665011787827,1.4912426227329407,-0.38025362346024716,-2.9554420783435424,-6.006103354987978,-3.3490894603013515,-1.640595868278059,2.781803651107364,-1.607646319080594,5.619789044933824,1.0253013794705854,2.6562079455539904,-0.1261289440011515,1.5545637505366239,-2.2229976999360215,-3.1032835413727202,3.0,-1.7547750556435888
HOF ITEM
10.5712819835965
-2.9370665011787827,1.4912426227329407,-0.38025362346024716,-2.9554420783435424,-6.006103354987978,-3.3490894603013515,-1.640595868278059,2.781803651107364,-1.607646319080594,5.619789044933824,1.0253013794705854,2.6562079455539904,-0.1261289440011515,1.5545637505366239,-2.2229976999360215,-3.365411305612377,3.0,-1.7547750556435888
HOF ITEM
10.572983275111437
-2.9370665011787827,1.4912426227329407,-0.4190556694693103,-2.886834067888187,-6.006103354987978,-3.3490894603013515,-1.640595868278059,2.781803651107364,-1.5430154209336193,5.619789044933824,0.5037560918129502,2.6562079455539904,0.5900170367992308,1.4918227524711147,-2.2229976999360215,-3.1032835413727202,3.0,-1.7547750556435888
HOF ITEM
10.582790087885733
-2.9370665011787827,1.4912426227329407,-0.38025362346024716,-2.9554420783435424,-6.006103354987978,-3.3490894603013515,-1.640595868278059,2.781803651107364,-1.607646319080594,5.619789044933824,1.0253013794705854,2.6562079455539904,-0.1261289440011515,1.4918227524711147,-2.2229976999360215,-3.1032835413727202,3.0,-1.7547750556435888
HOF ITEM
10.58279008788688
-2.9370665011787827,1.4912426227329407,-0.38025362346024716,-2.9554420783435424,-6.006103354987978,-3.3490894603013515,-1.640595868278059,2.781803651107364,-1.607646319080594,5.619789044933824,1.0253013794705854,2.6562079455539904,-0.1261289440011515,1.4918227524711147,-2.2229976999360215,-3.365411305612377,3.0,-1.7547750556435888
seed 151
Initial fitness values: [np.float64(14.460771069079092), np.float64(13.797233395966385), np.float64(13.476875413333852), np.float64(12.693282750231823), np.float64(12.144203678541265), np.float64(11.980543676528965), np.float64(11.936276519930109), np.float64(11.41167517899481), np.float64(11.41167517899481), np.float64(11.375408949696025)]
Final fitness values: [np.float64(9.961085375346421), np.float64(9.961085375346421), np.float64(9.961085375346421), np.float64(9.961085375346421), np.float64(9.961085375346421), np.float64(9.961085375346421), np.float64(9.961085375346421), np.float64(9.961085375346421), np.float64(9.961085375346421), np.float64(9.961085375346421)]
HOF ITEM
9.961085375346421
-4.54821415170725,1.5918455292086182,0.7984638074504282,-2.0677788126976067,-4.231105925627144,-0.2675733765918876,-5.442383835232965,1.9299696837991336,0.4323007372295242,4.177883440981308,2.946442416047891,2.386643248099933,-3.2829889818534643,2.337290917960396,-0.4937362335531175,-4.489741804409321,2.0323566996326843,3.1512968811706052
HOF ITEM
9.961085375346421
-4.54821415170725,1.5918455292086182,0.7984638074504282,-2.0677788126976067,-4.231105925627144,-0.2675733765918876,-5.442383835232965,1.9299696837991336,0.4323007372295242,4.534168314237674,2.946442416047891,2.386643248099933,-3.2829889818534643,2.337290917960396,-0.4937362335531175,-4.489741804409321,2.0323566996326843,3.1512968811706052
HOF ITEM
9.961085375346421
-4.54821415170725,1.5918455292086182,0.7984638074504282,-2.0677788126976067,-4.231105925627144,-0.2675733765918876,-5.442383835232965,1.9299696837991336,0.4323007372295242,4.393920427108634,2.5324891753031604,2.386643248099933,-3.2829889818534643,2.337290917960396,-0.4937362335531175,-4.489741804409321,2.0323566996326843,3.1512968811706052
HOF ITEM
9.961085375346421
-4.54821415170725,1.5918455292086182,0.7984638074504282,-2.0677788126976067,-4.231105925627144,-0.2675733765918876,-5.442383835232965,1.9299696837991336,0.4323007372295242,4.177883440981308,2.5324891753031604,2.386643248099933,-3.2829889818534643,2.337290917960396,-0.4937362335531175,-4.489741804409321,2.0323566996326843,3.1512968811706052
HOF ITEM
9.961085375346421
-4.54821415170725,1.5918455292086182,0.7984638074504282,-2.0677788126976067,-4.231105925627144,-0.2675733765918876,-5.442383835232965,1.9299696837991336,0.4323007372295242,4.393920427108634,2.946442416047891,2.386643248099933,-3.2829889818534643,2.337290917960396,-0.4937362335531175,-4.489741804409321,2.0323566996326843,3.1512968811706052
seed 152
Initial fitness values: [np.float64(14.62793900518605), np.float64(13.790121760563514), np.float64(13.790121760563514), np.float64(12.373959990218337), np.float64(12.373959990218337), np.float64(11.86841475546684), np.float64(11.736352634009844), np.float64(11.32662762096698), np.float64(11.32662762096698), np.float64(11.312065938197998)]
Final fitness values: [np.float64(10.651623363750108), np.float64(10.651623363750108), np.float64(10.651623363750108), np.float64(10.651623363750108), np.float64(10.651623363750108), np.float64(10.651623363750108), np.float64(10.651623363750108), np.float64(10.651623363750108), np.float64(10.651623363750108), np.float64(10.651623363750108)]
HOF ITEM
10.651623363750108
-4.617718161538023,1.408506989099024,6.981914662153999,0.8801961230452614,-2.0961455789706283,0.9710665453976532,6.590450210362396,1.9320548590071014,3.632463740207521,-3.3581725016901753,2.2806319080359714,5.592154775268064,-1.8112490897408964,1.7316294296694528,-5.439850413690283,6.116068027765397,2.1028267064487416,-4.604570160109661
HOF ITEM
10.651623363750108
-4.617718161538023,1.408506989099024,6.981914662153999,0.8801961230452614,-2.0961455789706283,0.9710665453976532,6.825169779703353,2.1665152054417964,3.632463740207521,-3.3581725016901753,2.2806319080359714,5.592154775268064,-1.8112490897408964,1.7316294296694528,-5.439850413690283,6.116068027765397,2.1028267064487416,-4.277192145518375
HOF ITEM
10.651623363750108
-4.617718161538023,1.408506989099024,6.981914662153999,0.8801961230452614,-2.0961455789706283,0.9710665453976532,6.565075716119231,2.1665152054417964,3.632463740207521,-3.3581725016901753,2.2806319080359714,5.592154775268064,-1.8112490897408964,1.7316294296694528,-5.439850413690283,6.116068027765397,2.3587231282544416,-4.277192145518375
HOF ITEM
10.651623363750108
-4.617718161538023,1.408506989099024,6.981914662153999,0.8801961230452614,-2.0961455789706283,0.9710665453976532,6.565075716119231,2.1665152054417964,3.632463740207521,-3.3581725016901753,2.2806319080359714,5.592154775268064,-1.8112490897408964,1.7316294296694528,-5.439850413690283,6.196255235744248,2.3587231282544416,-4.277192145518375
HOF ITEM
10.651623363750108
-4.617718161538023,1.408506989099024,6.981914662153999,0.8801961230452614,-2.0961455789706283,0.9710665453976532,6.565075716119231,2.1665152054417964,3.632463740207521,-3.3581725016901753,2.2806319080359714,5.592154775268064,-1.8112490897408964,1.7316294296694528,-5.439850413690283,6.116068027765397,2.1028267064487416,-4.277192145518375
seed 153
Initial fitness values: [np.float64(12.943480592858695), np.float64(12.943266988045114), np.float64(12.468358603254238), np.float64(11.635028567827424), np.float64(11.411986403138847), np.float64(11.411986403138847), np.float64(11.306759226551103), np.float64(11.260484103731478), np.float64(11.14332796169919), np.float64(10.77249440189064)]
Final fitness values: [np.float64(10.628428778122165), np.float64(10.628428778122165), np.float64(10.628428778122165), np.float64(10.628428778122165), np.float64(10.628428778122165), np.float64(10.628428778122165), np.float64(10.628428778122165), np.float64(10.628428778122165), np.float64(10.628428778122165), np.float64(10.628428778122165)]
HOF ITEM
10.628428778122165
-4.643828557962448,1.556217205586403,-0.009609339273158934,1.9193698604854945,3.96289359827217,0.5105881182377552,-1.568423631583397,1.670009199688562,3.048189461061088,3.405293384317789,2.4237390430829686,-6.224010449030841,6.998363916879397,1.3684861578871441,3.4839268299863497,-3.42375076421515,2.3113475156978507,-1.004011088811487
HOF ITEM
10.628428778122165
-4.643828557962448,1.556217205586403,-0.009609339273158934,1.9193698604854945,3.96289359827217,0.5105881182377552,-1.568423631583397,1.670009199688562,3.048189461061088,3.405293384317789,2.3128469214609075,-6.228745523438838,6.998363916879397,1.3684861578871441,3.4839268299863497,-3.42375076421515,2.3113475156978507,-1.004011088811487
HOF ITEM
10.628428778122165
-4.643828557962448,1.556217205586403,-0.009609339273158934,1.9193698604854945,3.96289359827217,0.5105881182377552,-1.568423631583397,1.670009199688562,3.048189461061088,3.405293384317789,2.4237390430829686,-6.228745523438838,7.0,1.3684861578871441,3.4839268299863497,-3.42375076421515,2.3113475156978507,-1.004011088811487
HOF ITEM
10.628428778122165
-4.643828557962448,1.556217205586403,-0.009609339273158934,1.9193698604854945,3.96289359827217,0.5105881182377552,-1.568423631583397,1.670009199688562,3.048189461061088,3.405293384317789,2.4237390430829686,-6.228745523438838,6.998363916879397,1.3684861578871441,3.4839268299863497,-3.42375076421515,2.3113475156978507,-1.004011088811487
HOF ITEM
10.628428778122165
-4.643828557962448,1.556217205586403,-0.009609339273158934,1.9193698604854945,3.96289359827217,0.5105881182377552,-1.568423631583397,1.670009199688562,3.048189461061088,3.405293384317789,2.3128469214609075,-6.224010449030841,6.998363916879397,1.3684861578871441,3.4839268299863497,-3.42375076421515,2.3113475156978507,-1.004011088811487
seed 154
Initial fitness values: [np.float64(15.971828575601053), np.float64(14.010027244273722), np.float64(14.010027244273722), np.float64(13.263017464989918), np.float64(12.848302593564524), np.float64(12.848302593564524), np.float64(12.774367603641316), np.float64(12.59052189202261), np.float64(12.56759623750804), np.float64(12.35285088928628)]
Final fitness values: [np.float64(12.13922729812617), np.float64(12.13922729812617), np.float64(12.06167554908204), np.float64(12.06167554908204), np.float64(12.06167554908204), np.float64(12.06167554908204), np.float64(12.06167548276595), np.float64(12.06167548276595), np.float64(12.06167548276595), np.float64(12.06167548276595)]
HOF ITEM
12.06167548276595
-2.7569722151556784,-3.2412447375618916,4.1396423352383716,6.255314092212823,6.3192625905211335,2.9374008900998057,-1.5831780455026003,2.149659933292103,-0.37041510290031193,-2.1693643804150486,2.1455932134557214,-2.9460069685161594,5.342198845795072,0.24425639346910213,-1.1462417194300507,-1.7241055395977194,1.600551532801703,-0.7608431182184767
HOF ITEM
12.06167554908204
-2.7569722151556784,-3.2412447375618916,4.1396423352383716,6.255314092212823,6.3192625905211335,2.9374008900998057,-1.5831780455026003,2.149659933292103,-0.37041510290031193,-2.1693643804150486,2.1455932134557214,-2.9460069685161594,5.342198845795072,0.24425639346910213,-1.1637866604443858,-1.7241055395977194,1.600551532801703,-0.7608431182184767
HOF ITEM
12.07231334703184
-2.7569722151556784,-3.2412447375618916,4.1396423352383716,6.255314092212823,6.3192625905211335,2.9374008900998057,-1.5831780455026003,2.149659933292103,-0.37041510290031193,-2.1693643804150486,2.1455932134557214,-3.1225192408020397,5.342198845795072,0.24425639346910213,-1.1637866604443858,-1.7241055395977194,1.600551532801703,-0.7608431182184767
HOF ITEM
12.087707342419376
-2.7674699562684024,-3.2412447375618916,4.130546191659259,6.447247509734854,6.698917846194512,3.1059865562413553,-1.5831780455026003,2.149659933292103,-0.46225858967070366,-2.201408851850417,1.8921654577976201,-3.1225192408020397,5.501564776209171,0.43049747033046226,-1.1462417194300507,-1.7241055395977194,1.5638424601609837,-0.7608431182184767
HOF ITEM
12.087707342419376
-2.7674699562684024,-3.1332268061559545,4.130546191659259,6.447247509734854,6.698917846194512,3.1059865562413553,-1.5831780455026003,2.149659933292103,-0.46225858967070366,-2.201408851850417,1.8921654577976201,-3.1225192408020397,5.501564776209171,0.43049747033046226,-1.1462417194300507,-1.7241055395977194,1.5638424601609837,-0.7608431182184767
seed 155
Initial fitness values: [np.float64(13.808210423234849), np.float64(13.626297414088286), np.float64(13.626297414088286), np.float64(13.471267285639474), np.float64(13.320911978923608), np.float64(13.150006658562331), np.float64(13.048270229428077), np.float64(12.572180500948706), np.float64(12.482034548623009), np.float64(12.482034548623009)]
Final fitness values: [np.float64(10.59054000633972), np.float64(10.588566920610305), np.float64(10.588566920610305), np.float64(10.588566920610257), np.float64(10.588566920610257), np.float64(10.588561057396289), np.float64(10.588561057396289), np.float64(10.588561056724659), np.float64(10.588557400937896), np.float64(10.588557400937896)]
HOF ITEM
10.588557400937896
-4.36941409606428,1.5935287054759357,-0.564724971497647,-4.138642520487596,2.9813988972610646,-4.089028495385131,-3.3235075508742784,2.3965627050352487,-3.055674029941075,2.6562567042318386,1.4196098408988904,-5.631364447057609,4.886626090817317,2.0401134946686885,-2.3171331721133126,-1.447471253978075,3.0,-2.1213228549904923
HOF ITEM
10.588561056724659
-4.36941409606428,1.5935287054759357,-0.564724971497647,-4.138642520487596,2.426441005541084,-4.089028495385131,-3.3235075508742784,2.3965627050352487,-3.055674029941075,2.4530101467819785,1.0303580405661035,-5.446989665170424,4.886626090817317,2.0401134946686885,-3.059919492016439,-1.447471253978075,3.0,-2.1213228549904923
HOF ITEM
10.588561056724659
-4.36941409606428,1.5935287054759357,-0.564724971497647,-4.138642520487596,2.426441005541084,-4.089028495385131,-3.3235075508742784,2.3965627050352487,-3.055674029941075,2.4530101467819785,1.0303580405661035,-5.446989665170424,4.886626090817317,2.0401134946686885,-3.059919492016439,-1.447471253978075,3.0,-1.6498126324537246
HOF ITEM
10.588561057017655
-4.36941409606428,1.5935287054759357,-0.564724971497647,-4.138642520487596,2.426441005541084,-4.089028495385131,-3.3235075508742784,2.3965627050352487,-3.055674029941075,2.6562567042318386,1.0303580405661035,-5.446989665170424,4.886626090817317,2.0401134946686885,-3.059919492016439,-1.447471253978075,3.0,-1.6498126324537246
HOF ITEM
10.588561057396289
-4.36941409606428,1.5935287054759357,-0.564724971497647,-4.138642520487596,2.426441005541084,-4.089028495385131,-3.3235075508742784,2.3965627050352487,-3.055674029941075,2.4530101467819785,1.365678596306343,-5.6208804994846435,4.91935947075846,2.3565933000410535,-2.3171331721133126,-1.5875350886235307,2.926885398493421,-3.051067659736606
seed 156
Initial fitness values: [np.float64(13.747699628074152), np.float64(13.266089218758694), np.float64(13.029266310874915), np.float64(13.029266310874915), np.float64(12.994964904409034), np.float64(12.685502736251115), np.float64(12.653110369218838), np.float64(12.49853983723852), np.float64(12.49853983723852), np.float64(12.231071574511601)]
Final fitness values: [np.float64(10.660543567187254), np.float64(10.660543567187254), np.float64(10.660543567187254), np.float64(10.660543567187254), np.float64(10.660543567187254), np.float64(10.660543567187254), np.float64(10.660543567187254), np.float64(10.660543567187254), np.float64(10.660543567187254), np.float64(10.660543567187254)]
HOF ITEM
10.660543567187254
-5.082889670491031,1.390649091501413,4.192725129017701,6.364272523828621,6.103034897183617,-0.37566431274306067,4.364772921059057,0.9429642766239474,6.241287960806922,-3.780854334256387,2.156689123329555,3.821505085303573,-0.5617550385657603,0.0,0.15344875478564987,1.7262289424330624,1.3241134445747447,-2.9987648884607507
HOF ITEM
10.660543583628787
-5.082889670491031,1.390649091501413,4.192725129017701,6.364272523828621,6.103034897183617,-0.37566431274306067,4.364772921059057,0.9429642766239474,6.241287960806922,-3.780854334256387,2.156689123329555,3.821505085303573,-0.5617550385657603,0.0,0.15344875478564987,1.536112765149568,1.3241134445747447,-2.9987648884607507
HOF ITEM
10.660543643548332
-5.082889670491031,1.390649091501413,4.192725129017701,6.364272523828621,6.103034897183617,-0.37566431274306067,4.364772921059057,0.9429642766239474,6.241287960806922,-3.780854334256387,2.156689123329555,3.821505085303573,-0.5617550385657603,0.0,0.15344875478564987,1.536112765149568,1.2671010403437755,-2.9987648884607507
HOF ITEM
10.66054378532488
-5.082889670491031,1.390649091501413,4.192725129017701,6.364272523828621,6.103034897183617,-0.37566431274306067,4.364772921059057,0.9429642766239474,6.144008585274024,-3.780854334256387,2.156689123329555,3.821505085303573,-0.5617550385657603,0.0,0.15344875478564987,1.536112765149568,1.2671010403437755,-2.9987648884607507
HOF ITEM
10.660543818859544
-5.082889670491031,1.390649091501413,4.192725129017701,6.364272523828621,6.103034897183617,-0.37566431274306067,4.287938081674721,0.9429642766239474,5.862667943890542,-3.780854334256387,2.156689123329555,3.821505085303573,-0.5617550385657603,0.0,0.15344875478564987,1.762268257341721,1.3241134445747447,-2.365006013030778
seed 157
Initial fitness values: [np.float64(14.096316071932462), np.float64(13.500655968478455), np.float64(13.379310838007715), np.float64(12.82328731916802), np.float64(12.743392915431484), np.float64(12.653898674907428), np.float64(12.557091993238215), np.float64(12.493962069832849), np.float64(12.473716906078149), np.float64(12.473716906078149)]
Final fitness values: [np.float64(12.304016886000081), np.float64(12.304016886000081), np.float64(12.299453695322985), np.float64(12.299453695322985), np.float64(12.299433242164113), np.float64(12.299433242164113), np.float64(12.299399579475033), np.float64(12.299399579475033), np.float64(12.299399579475033), np.float64(12.299022769916434)]
HOF ITEM
12.299022769916434
-2.8467454848702234,-2.091197011934422,6.918350147277422,-2.7697769948017377,-4.58389916511416,-5.374353003128144,-4.8964874130367395,3.0,0.7895885640042629,-6.808743069611618,2.857917169212832,-5.674385051788367,-1.7065250295555452,2.1146846756511515,-1.0598532175976603,1.568123700543237,1.9515119328618955,-0.40201361058401697
HOF ITEM
12.299399579475033
-2.8467454848702234,-2.091197011934422,6.652324490676702,-2.7526666589842477,-4.585558056937655,-5.374353003128144,-4.398266878201216,3.0,0.7895885640042629,-7.0,3.0,-5.99263896115272,-1.7065250295555452,2.1146846756511515,-1.0598532175976603,1.568123700543237,2.493676716461448,-0.40201361058401697
HOF ITEM
12.299399579475033
-2.8467454848702234,-2.091197011934422,6.652324490676702,-2.7526666589842477,-4.585558056937655,-5.374353003128144,-4.398266878201216,3.0,0.7895885640042629,-7.0,3.0,-5.99263896115272,-1.7065250295555452,2.1146846756511515,-1.0598532175976603,1.568123700543237,2.493676716461448,-0.5325111910952061
HOF ITEM
12.29939957947506
-2.8467454848702234,-2.091197011934422,6.652324490676702,-2.7526666589842477,-4.585558056937655,-5.374353003128144,-4.398266878201216,3.0,0.7895885640042629,-7.0,3.0,-5.99263896115272,-1.7065250295555452,2.1146846756511515,-1.0598532175976603,1.5098661485741813,2.45909109339983,-0.5325111910952061
HOF ITEM
12.299399579519708
-2.8467454848702234,-2.091197011934422,6.652324490676702,-2.7526666589842477,-4.585558056937655,-5.374353003128144,-4.398266878201216,3.0,0.7895885640042629,-7.0,3.0,-5.99263896115272,-1.7065250295555452,2.1146846756511515,-1.0598532175976603,1.568123700543237,2.1631247779568588,-0.40201361058401697
seed 158
Initial fitness values: [np.float64(13.805168850838157), np.float64(13.569141658479781), np.float64(12.992018010847026), np.float64(12.855654120309008), np.float64(12.52107292274135), np.float64(12.52107292274135), np.float64(12.49996578662045), np.float64(12.49996578662045), np.float64(12.49996578662045), np.float64(12.476061605742498)]
Final fitness values: [np.float64(12.322016029388013), np.float64(12.322015950217693), np.float64(12.321391788653086), np.float64(12.321390583958873), np.float64(12.321390552386742), np.float64(12.321388760338714), np.float64(12.321388675986853), np.float64(12.321388675986853), np.float64(12.321388672911263), np.float64(12.321385795448814)]
HOF ITEM
12.321385795448814
-4.194450841662968,-3.8495865487960237,6.328562865091417,1.2960289947154795,-1.9232049357933507,-6.782892945012884,-5.992941908571823,0.9891018357521604,7.0,6.028989604708452,0.5554444618114176,1.711130323722039,-3.3775536961729973,2.175027371831287,-4.340765756548074,0.7848751625189504,2.198473114809898,-5.32810256100681
HOF ITEM
12.321388672911263
-4.194450841662968,-3.8495865487960237,6.358124041991332,1.6915786321564463,-1.9232049357933507,-6.782892945012884,-5.992941908571823,0.9891018357521604,7.0,5.890168927187506,0.6638108045502832,1.711130323722039,-3.3775536961729973,2.175027371831287,-4.340765756548074,1.132214035977084,1.724794170550117,-4.506335578710494
HOF ITEM
12.32138867355378
-4.194450841662968,-3.8495865487960237,6.358124041991332,1.6915786321564463,-1.9232049357933507,-6.782892945012884,-5.737877448635884,0.9891018357521604,7.0,5.890168927187506,0.1625660086550169,1.711130323722039,-3.3775536961729973,2.175027371831287,-4.340765756548074,1.132214035977084,1.724794170550117,-4.506335578710494
HOF ITEM
12.32138867457384
-4.194450841662968,-3.8495865487960237,6.358124041991332,1.6915786321564463,-1.9232049357933507,-6.782892945012884,-5.737877448635884,1.1038338524018014,7.0,5.890168927187506,0.1625660086550169,1.711130323722039,-3.3775536961729973,2.175027371831287,-4.340765756548074,1.132214035977084,1.724794170550117,-4.506335578710494
HOF ITEM
12.321388674966913
-4.194450841662968,-3.8495865487960237,6.358124041991332,1.6915786321564463,-1.9232049357933507,-6.782892945012884,-5.737877448635884,0.9891018357521604,7.0,5.890168927187506,0.1625660086550169,2.0959595443851167,-3.3775536961729973,2.175027371831287,-4.340765756548074,1.132214035977084,1.724794170550117,-4.506335578710494
seed 159
Initial fitness values: [np.float64(13.292408987369308), np.float64(13.094942063973983), np.float64(13.030133263734305), np.float64(12.917397721673186), np.float64(12.714882680928417), np.float64(12.482457737893364), np.float64(12.482457737893364), np.float64(12.241762608640123), np.float64(11.280364408286802), np.float64(11.280364408286802)]
Final fitness values: [np.float64(10.261910705082252), np.float64(10.261690502246372), np.float64(10.259815007640313), np.float64(10.259815007640313), np.float64(10.259592181613225), np.float64(10.25952087840357), np.float64(10.230391413166377), np.float64(10.233938123948397), np.float64(10.233938123948397), np.float64(10.233938123948397)]
HOF ITEM
10.230391413166377
-5.793512856191311,1.5984213964020162,3.477801473451125,7.0,-6.146568786487115,-3.0413121704389923,0.7959424664255192,0.0,2.865990897090083,2.2567366094035957,1.5068867294773052,2.8479311068392015,-4.537367564935419,2.039649232108026,-0.6012740660467502,2.5876706213562275,1.4281930548958857,-1.0233695625708288
HOF ITEM
10.233938123948397
-5.793512856191311,1.5984213964020162,3.477801473451125,7.0,-6.604965431886464,-2.8425411976887793,0.7959424664255192,0.0,2.865990897090083,2.2567366094035957,1.5068867294773052,2.8479311068392015,-4.537367564935419,2.039649232108026,-0.6012740660467502,2.5876706213562275,1.4281930548958857,-1.0233695625708288
HOF ITEM
10.233938126579018
-5.793512856191311,1.5984213964020162,3.477801473451125,7.0,-6.604965431886464,-2.8425411976887793,0.7959424664255192,0.0,2.865990897090083,2.077014751191656,1.402030803227511,2.8479311068392015,-4.537367564935419,2.039649232108026,-0.6012740660467502,2.5876706213562275,1.4281930548958857,-1.0233695625708288
HOF ITEM
10.257979826196372
-5.793512856191311,1.5984213964020162,2.915259168095161,6.891381881974993,-6.604965431886464,-2.481764484605121,0.4475561791242995,0.0,2.3438406874747617,2.077014751191656,1.402030803227511,2.7066305699074373,-4.537367564935419,2.039649232108026,-0.5654572442209485,2.6879835315849188,0.8255950389930515,-0.9989955871045849
HOF ITEM
10.257979826223432
-5.793512856191311,1.5984213964020162,2.915259168095161,6.891381881974993,-6.604965431886464,-2.481764484605121,0.4475561791242995,0.0,2.3438406874747617,2.077014751191656,1.402030803227511,2.7066305699074373,-4.537367564935419,2.039649232108026,-0.5654572442209485,2.759163818770974,0.8255950389930515,-0.9989955871045849
best parameter set
fitness 9.931199004597879 seed 151
-4.5482396592052305,1.5876708898796208,0.7982908746646907,-2.0676150357153915,-4.230660858198578,-0.2680106262953703,-5.442383393739303,1.9299674792014465,0.4327202192892841,4.534168314237674,2.946442416047891,2.386643248099933,-3.2820711358081414,2.337884752873102,-0.49915218520526733,-4.489813138416261,2.0323562147529923,3.1513283518484174
