seeds are [470 471 472 473 474 475 476 477 478 479]
seed 470
Initial fitness values: [np.float64(13.927413170876507), np.float64(13.432206360294623), np.float64(13.432206360294623), np.float64(13.053931669280447), np.float64(12.690107430836782), np.float64(12.444322684602296), np.float64(12.442424766945402), np.float64(12.040775865460994), np.float64(11.717123784126), np.float64(11.717123784126)]
Final fitness values: [np.float64(10.439117689691127), np.float64(10.439117689691127), np.float64(10.439117689691127), np.float64(10.439117689691127), np.float64(10.434207604342006), np.float64(10.434207604342006), np.float64(10.434207604342006), np.float64(10.434207604342006), np.float64(10.434207604342006), np.float64(10.434207604342006)]
HOF ITEM
10.434207604342006
1.1732175480538716,0.26021940311824715,3.4832907553898056,-5.256572087708783,0.7509375660159637,0.11624568466407402,-5.076739262166198,2.848606041067292,4.308235065581518,0.07220446183671764,2.9768424103199114,5.616550855691361,1.112721302346584,0.38293341176625806,-6.422705207454872
HOF ITEM
10.434207604342006
1.1732175480538716,0.26021940311824715,3.4832907553898056,-5.256572087708783,0.7509375660159637,0.11624568466407402,-5.359394240511214,2.848606041067292,4.308235065581518,0.07220446183671764,2.9768424103199114,5.616550855691361,1.112721302346584,0.38293341176625806,-6.422705207454872
HOF ITEM
10.436147610131355
1.1732175480538716,0.26021940311824715,3.4044051044021693,-5.256572087708783,0.7509375660159637,0.11624568466407402,-5.359394240511214,2.848606041067292,4.308235065581518,0.07220446183671764,2.9768424103199114,5.616550855691361,1.112721302346584,0.38293341176625806,-6.422705207454872
HOF ITEM
10.437180699527289
1.1732175480538716,0.26021940311824715,3.4832907553898056,-5.256572087708783,0.7509375660159637,0.11791178095514014,-5.076739262166198,2.848606041067292,4.308235065581518,0.07220446183671764,2.9768424103199114,5.616550855691361,1.112721302346584,0.38293341176625806,-6.422705207454872
HOF ITEM
10.439117689691127
1.1732175480538716,0.26021940311824715,3.4044051044021693,-5.256572087708783,0.7509375660159637,0.11791178095514014,-5.359394240511214,2.848606041067292,4.308235065581518,0.07220446183671764,2.9768424103199114,5.616550855691361,1.112721302346584,0.38293341176625806,-6.422705207454872
seed 471
Initial fitness values: [np.float64(15.139996664482812), np.float64(13.685223095355713), np.float64(12.522605500485051), np.float64(12.522605500485051), np.float64(12.491374855801308), np.float64(12.173118920850762), np.float64(12.06258003433019), np.float64(11.749084573908805), np.float64(11.749084573908805), np.float64(11.44090209348555)]
Final fitness values: [np.float64(11.182128327544513), np.float64(11.182128327544513), np.float64(11.182128327544513), np.float64(11.182128327544513), np.float64(11.182128327544513), np.float64(11.182128327544513), np.float64(11.182128327544513), np.float64(11.182128327544513), np.float64(11.182128327544513), np.float64(11.182128327544513)]
HOF ITEM
11.182128327544513
7.0,-1.1010483729450966,-6.42002727245227,3.9743735875394237,6.109383787370935,4.998627582805952,4.728603869413648,0.3419380158837342,-0.16882377182531288,1.146641194945639,2.3125751603860576,-1.8699355587483475,-4.897320816193864,2.2790737267351857,-5.25154783362924
HOF ITEM
11.182128328112926
7.0,-1.1010483729450966,-6.42002727245227,3.9743735875394237,6.109383787370935,4.998619347373109,4.728603869413648,0.3419380158837342,-0.16882377182531288,1.146641194945639,2.3125751603860576,-1.8699355587483475,-4.897320816193864,2.2790737267351857,-5.25154783362924
HOF ITEM
11.18212941698331
7.0,-1.1010483729450966,-6.42002727245227,3.9743735875394237,6.109383787370935,4.998627582805952,4.728603869413648,0.3419380158837342,-0.16882377182531288,1.146641194945639,2.3125751603860576,-1.8699355587483475,-4.403264588116599,2.2734092958799645,-5.25154783362924
HOF ITEM
11.182230880438285
7.0,-1.1010483729450966,-6.42002727245227,3.9743735875394237,6.109383787370935,4.998627582805952,4.728603869413648,0.3419380158837342,-0.17772968094886968,1.146641194945639,2.3125751603860576,-1.8699355587483475,-4.897320816193864,2.2790737267351857,-5.25154783362924
HOF ITEM
11.182230881005559
7.0,-1.1010483729450966,-6.42002727245227,3.9743735875394237,6.109383787370935,4.998619347373109,4.728603869413648,0.3419380158837342,-0.17772968094886968,1.146641194945639,2.3125751603860576,-1.8699355587483475,-4.897320816193864,2.2790737267351857,-5.25154783362924
seed 472
Initial fitness values: [np.float64(14.469473024021232), np.float64(13.751673239115997), np.float64(13.751673239115997), np.float64(13.64975497930146), np.float64(13.64975497930146), np.float64(13.032020406279486), np.float64(12.646684129546598), np.float64(12.27243693129965), np.float64(11.852142716584037), np.float64(11.680353462114793)]
Final fitness values: [np.float64(10.61063684278735), np.float64(10.610574911606186), np.float64(10.610574911606186), np.float64(10.610574911606186), np.float64(10.610405951465076), np.float64(10.61037406334424), np.float64(10.610373853596215), np.float64(10.610373082855547), np.float64(10.610372046209632), np.float64(10.610372046209632)]
HOF ITEM
10.610372046209632
-3.473062967966472,1.5821670626969762,3.1791022514016865,-3.096976363281846,-6.934332949720519,0.5549045632344203,1.0167377754702476,0.734332648281761,-1.2225997126226216,1.2727709455760357,1.039003273293202,-2.451813786779339,-2.6085057236583933,2.73152197318237,-6.924089995923881
HOF ITEM
10.610372318247219
-3.473062967966472,1.5821670626969762,3.1791022514016865,-3.062441575965659,-6.934332949720519,0.5549045632344203,1.0167377754702476,0.734332648281761,-1.2225997126226216,1.2727709455760357,1.039003273293202,-2.2380346718850928,-2.6085057236583933,2.73152197318237,-6.924089995923881
HOF ITEM
10.610372728915447
-3.473062967966472,1.5821670626969762,3.1791022514016865,-3.062441575965659,-6.934332949720519,0.5549045632344203,1.0167377754702476,0.734332648281761,-1.0914776176551149,1.2727709455760357,1.027523978994775,-2.2380346718850928,-2.6085057236583933,2.73152197318237,-6.924089995923881
HOF ITEM
10.610373082855547
-3.473062967966472,1.5821670626969762,3.1791022514016865,-3.062441575965659,-6.934332949720519,0.5549045632344203,1.0167377754702476,0.7444076617500676,-1.0914776176551149,1.2727709455760357,1.027523978994775,-2.2380346718850928,-2.6085057236583933,2.73152197318237,-6.924089995923881
HOF ITEM
10.61037381093824
-3.473062967966472,1.5821670626969762,3.1791022514016865,-3.096976363281846,-6.934332949720519,0.5549045632344203,1.0167377754702476,0.734332648281761,-1.2225997126226216,1.2727709455760357,1.027523978994775,-2.2653523600841514,-2.6085057236583933,2.73152197318237,-6.924089995923881
seed 473
Initial fitness values: [np.float64(13.768945574087445), np.float64(13.382933482561327), np.float64(13.222216476763876), np.float64(13.132119425291796), np.float64(12.94679706139245), np.float64(12.73335622065278), np.float64(12.346535744343369), np.float64(12.063788378185862), np.float64(12.063788378185862), np.float64(11.87941619629952)]
Final fitness values: [np.float64(10.698632027859556), np.float64(10.698632027859556), np.float64(10.698632027849044), np.float64(10.698598619956416), np.float64(10.698598619956416), np.float64(10.698598619956416), np.float64(10.698598619956416), np.float64(10.698598619956416), np.float64(10.698598619956416), np.float64(10.698598619956416)]
HOF ITEM
10.698598619956416
-4.100522172766752,1.6415467548176133,7.0,0.8848748826010641,0.6646697483672959,3.7814254906081777,-0.8285827664397685,2.9630304050720673,4.083901751603726,5.978586192013548,1.68428685027809,-1.8922346572184228,-2.981266531075244,2.4891321450556414,-2.6870928875322355
HOF ITEM
10.698598619956416
-4.100522172766752,1.6415467548176133,7.0,0.8848748826010641,0.6646697483672959,3.7814254906081777,-0.8285827664397685,2.8271058775233935,3.851345424574351,5.978586192013548,1.68428685027809,-1.8922346572184228,-2.981266531075244,2.4891321450556414,-2.6870928875322355
HOF ITEM
10.698598619956416
-4.100522172766752,1.6415467548176133,7.0,0.8848748826010641,0.6646697483672959,3.7814254906081777,-0.8285827664397685,2.8271058775233935,4.083901751603726,5.949758018759661,1.68428685027809,-1.8922346572184228,-2.981266531075244,2.4891321450556414,-2.6870928875322355
HOF ITEM
10.698598619956416
-4.100522172766752,1.6415467548176133,7.0,0.8848748826010641,0.6646697483672959,3.7814254906081777,-0.8285827664397685,2.8271058775233935,4.083901751603726,5.978586192013548,1.68428685027809,-1.8922346572184228,-2.981266531075244,2.4891321450556414,-2.6870928875322355
HOF ITEM
10.698598619956416
-4.100522172766752,1.6415467548176133,7.0,0.8848748826010641,0.6646697483672959,3.7814254906081777,-0.8285827664397685,2.9630304050720673,3.851345424574351,5.978586192013548,1.68428685027809,-1.8922346572184228,-2.981266531075244,2.4891321450556414,-2.6870928875322355
seed 474
Initial fitness values: [np.float64(14.948257497585953), np.float64(13.306797664643716), np.float64(13.22975778730587), np.float64(13.203256041425316), np.float64(12.831627728079336), np.float64(12.136512678160578), np.float64(12.138528825525263), np.float64(12.138488468346402), np.float64(12.109342991589724), np.float64(12.109342991589724)]
Final fitness values: [np.float64(10.665936576372387), np.float64(10.665936576372387), np.float64(10.664963841683457), np.float64(10.664963841683457), np.float64(10.6649635428852), np.float64(10.662621014630997), np.float64(10.662620966358219), np.float64(10.662620744318119), np.float64(10.662620744314617), np.float64(10.662620744314617)]
HOF ITEM
10.662620744314617
-6.060969748849898,1.5651007461827608,-0.941444108373685,-6.4127642806007685,1.2355041534086555,-1.6682145694513426,6.149920654864219,0.0,-4.47104120919422,-5.147662904883432,1.9663121408285982,-2.868006697830214,0.13696708066913937,1.6520232702262256,-2.4021051830040467
HOF ITEM
10.662620744318119
-6.060969748849898,1.5651007461827608,-0.941444108373685,-6.4127642806007685,1.2355041534086555,-1.6682145694513426,6.149920654864219,0.0,-4.47104120919422,-5.147662904883432,1.9663121408285982,-2.868006697830214,0.13696708066913937,1.6520232702262256,-2.6414206392128725
HOF ITEM
10.662620744360709
-6.060969748849898,1.5651007461827608,-0.941444108373685,-6.4127642806007685,1.2355041534086555,-1.6682145694513426,6.149920654864219,0.0,-4.47104120919422,-5.147662904883432,1.9663121408285982,-2.868006697830214,0.0888742909776204,1.6520232702262256,-2.358858910102853
HOF ITEM
10.662620744361648
-6.060969748849898,1.5651007461827608,-0.941444108373685,-6.4127642806007685,1.2355041534086555,-1.6682145694513426,6.149920654864219,0.0,-4.47104120919422,-5.147662904883432,1.9663121408285982,-2.868006697830214,0.0888742909776204,1.6520232702262256,-2.4021051830040467
HOF ITEM
10.662620744616403
-6.060969748849898,1.5651007461827608,-0.941444108373685,-6.4127642806007685,1.2355041534086555,-1.6682145694513426,6.149920654864219,0.0,-4.3836270425728,-5.147662904883432,1.9663121408285982,-2.868006697830214,0.13696708066913937,1.6520232702262256,-2.358858910102853
seed 475
Initial fitness values: [np.float64(14.80671662830905), np.float64(14.198463402645794), np.float64(13.411300212924417), np.float64(12.869953772483399), np.float64(12.869953772483399), np.float64(12.625893894929739), np.float64(12.625893894929739), np.float64(12.438285488884057), np.float64(12.438285488884057), np.float64(12.438285488884057)]
Final fitness values: [np.float64(12.317105798484448), np.float64(12.317105798484448), np.float64(12.317105798484448), np.float64(12.317105798484448), np.float64(12.317105798484448), np.float64(12.317105798484448), np.float64(12.317105783767737), np.float64(12.317105783767737), np.float64(12.317105783767737), np.float64(12.317105783767737)]
HOF ITEM
12.317105783767737
-5.346263653598004,-2.7159700677132297,-2.7760950915772447,5.10913434889939,3.5944465192264174,2.195200710901519,1.4272482135643503,1.1618631073358439,-2.38850834784228,3.5073640096177234,1.9156772147800356,-5.241961353632255,-4.81555682487878,2.050694740517115,-6.195423717095795
HOF ITEM
12.317105783767737
-5.346263653598004,-3.013895792317235,-2.7760950915772447,5.10913434889939,3.5944465192264174,2.195200710901519,1.4272482135643503,1.1618631073358439,-2.38850834784228,3.5073640096177234,1.9156772147800356,-5.241961353632255,-4.81555682487878,2.050694740517115,-6.195423717095795
HOF ITEM
12.317105798484448
-5.346263653598004,-3.013895792317235,-2.7760950915772447,5.10913434889939,3.5944465192264174,2.195200710901519,1.4272482135643503,1.1618631073358439,-1.9499600069781138,3.5073640096177234,1.9156772147800356,-5.241961353632255,-4.81555682487878,2.050694740517115,-6.195423717095795
HOF ITEM
12.317105798484448
-5.346263653598004,-2.7159700677132297,-2.7760950915772447,5.10913434889939,3.5944465192264174,2.195200710901519,1.4272482135643503,1.1618631073358439,-1.9499600069781138,3.5073640096177234,1.9156772147800356,-5.264448760733164,-4.81555682487878,2.050694740517115,-6.195423717095795
HOF ITEM
12.317105798484448
-5.346263653598004,-2.7159700677132297,-2.7760950915772447,5.10913434889939,3.5944465192264174,2.195200710901519,1.4272482135643503,1.1618631073358439,-1.9499600069781138,3.5073640096177234,1.9156772147800356,-5.241961353632255,-4.81555682487878,2.050694740517115,-6.195423717095795
seed 476
Initial fitness values: [np.float64(15.859418320810699), np.float64(14.107237309016837), np.float64(13.472342227546434), np.float64(13.472342227546434), np.float64(13.433071063856662), np.float64(13.375496086264016), np.float64(13.375496086264016), np.float64(13.144604799165657), np.float64(13.144604799165657), np.float64(12.8699566638949)]
Final fitness values: [np.float64(11.767004513765977), np.float64(11.716316329490397), np.float64(11.716316329490397), np.float64(11.716316329490397), np.float64(11.716316329490397), np.float64(11.71594539009146), np.float64(11.71594539009146), np.float64(11.71594539009146), np.float64(11.71594539009146), np.float64(11.715496754867397)]
HOF ITEM
11.715496754867397
-4.074909772486532,1.5311858286177722,-2.2105640233182213,0.06724280758805368,6.213755306618232,5.317021241316427,-2.3269916561347586,1.5962724602057632,7.0,-1.4852639075030227,2.1248050599757904,7.0,4.953004407043425,1.9047390698235498,-3.6444545203949996
HOF ITEM
11.71594539009146
-4.074909772486532,1.5372052150258222,-2.2105640233182213,0.06724280758805368,6.213755306618232,5.515597986405443,-2.3269916561347586,1.5962724602057632,7.0,-1.4852639075030227,2.1248050599757904,7.0,4.790800671844884,2.2693471615443634,-3.8255968824558377
HOF ITEM
11.71594539009146
-4.074909772486532,1.5372052150258222,-2.2105640233182213,0.06724280758805368,6.213755306618232,5.515597986405443,-2.3269916561347586,1.5962724602057632,7.0,-1.4852639075030227,2.1248050599757904,7.0,4.953004407043425,2.1354245080679215,-3.8255968824558377
HOF ITEM
11.71594539009146
-4.074909772486532,1.5372052150258222,-2.2105640233182213,0.06724280758805368,6.213755306618232,5.515597986405443,-2.3269916561347586,1.5962724602057632,7.0,-1.4852639075030227,2.1248050599757904,7.0,4.953004407043425,2.3115414038914417,-3.9280577376570314
HOF ITEM
11.71594539009146
-4.074909772486532,1.5372052150258222,-2.2105640233182213,0.06724280758805368,6.213755306618232,5.515597986405443,-2.3269916561347586,1.5962724602057632,7.0,-1.4852639075030227,2.1248050599757904,7.0,4.953004407043425,2.3115414038914417,-3.8255968824558377
seed 477
Initial fitness values: [np.float64(14.565597781516399), np.float64(13.990205680747948), np.float64(12.017703565617273), np.float64(11.907681286550684), np.float64(11.846802614028288), np.float64(11.296337564316216), np.float64(11.296337564316216), np.float64(11.216852001843472), np.float64(11.216852001843472), np.float64(10.907500404375275)]
Final fitness values: [np.float64(10.58831706408368), np.float64(10.58831706408368), np.float64(10.58831706408368), np.float64(10.573606061723664), np.float64(10.573606061723664), np.float64(10.573606061723664), np.float64(10.569134994494322), np.float64(10.569134994494322), np.float64(10.569134994494322), np.float64(10.569134994494322)]
HOF ITEM
10.569134994494322
0.3661868168234158,0.6380483768242059,-1.9680544570699015,1.83637130316936,-5.546823247489291,-6.820425007932403,2.048461786163489,2.1118614880918885,1.093431528961887,0.6006912462008154,3.0,-0.5169431618029748,-1.6602004490919606,2.1186517859952096,5.402356116869969
HOF ITEM
10.569654869421596
0.3661868168234158,0.6380483768242059,-1.9680544570699015,1.8565458069963905,-5.546823247489291,-6.820425007932403,2.048461786163489,2.1118614880918885,1.093431528961887,0.6006912462008154,3.0,-0.5169431618029748,-1.6602004490919606,2.1186517859952096,5.402356116869969
HOF ITEM
10.57100933635419
0.3661868168234158,0.6380483768242059,-1.9680544570699015,1.83637130316936,-5.576660837718371,-6.820425007932403,2.048461786163489,2.1118614880918885,1.093431528961887,0.6006912462008154,3.0,-0.5169431618029748,-1.6602004490919606,2.1186517859952096,5.402356116869969
HOF ITEM
10.572568046012083
0.3661868168234158,0.6380483768242059,-1.9680544570699015,1.83637130316936,-5.576660837718371,-6.820425007932403,2.048461786163489,2.1118614880918885,0.99745483557899,0.6006912462008154,3.0,-0.5169431618029748,-1.6602004490919606,2.1186517859952096,5.402356116869969
HOF ITEM
10.573606061723664
0.3661868168234158,0.6380483768242059,-1.9680544570699015,1.8565458069963905,-5.576660837718371,-6.820425007932403,2.048461786163489,2.1118614880918885,1.093431528961887,0.6006912462008154,3.0,-0.5169431618029748,-1.6602004490919606,2.1186517859952096,5.402356116869969
seed 478
Initial fitness values: [np.float64(15.226847896849648), np.float64(13.787315124231693), np.float64(13.387416774277726), np.float64(13.359723214294572), np.float64(13.131216096184271), np.float64(13.08013743001978), np.float64(12.948466095989504), np.float64(12.943280678832632), np.float64(12.776763813152698), np.float64(12.776763813152698)]
Final fitness values: [np.float64(11.223783596146825), np.float64(11.223746746325645), np.float64(11.221917488356858), np.float64(11.221002847641783), np.float64(11.220516158433218), np.float64(11.220516158433218), np.float64(11.220516158433218), np.float64(11.220516158433218), np.float64(11.220516158433218), np.float64(11.220387987061208)]
HOF ITEM
11.220387987061208
7.0,-1.106830793944668,0.7689360859307854,-2.083263027829321,6.581013175143811,6.231827243638965,0.6091467610276173,1.3270301724984228,-1.3042122547570856,0.762016972158944,2.2334663947666535,-5.26355112299119,6.44283742056328,2.5304171845611605,-2.6919181845237623
HOF ITEM
11.220493880290743
7.0,-1.106830793944668,0.7689360859307854,-2.083263027829321,6.581013175143811,6.215588438221613,0.35729511798419433,1.4481613149554116,-1.2261303675400845,0.762016972158944,2.2334663947666535,-5.26355112299119,6.535786823455041,2.5304171845611605,-2.765938942575586
HOF ITEM
11.220516158433218
7.0,-1.106830793944668,0.7689360859307854,-2.083263027829321,6.581013175143811,6.215588438221613,0.35729511798419433,1.4308499000312518,-1.2261303675400845,0.762016972158944,2.2334663947666535,-5.26355112299119,6.44283742056328,2.2354518871177995,-2.6919181845237623
HOF ITEM
11.220516158433218
7.0,-1.106830793944668,0.7689360859307854,-2.083263027829321,6.581013175143811,6.215588438221613,0.35729511798419433,1.4308499000312518,-1.2261303675400845,0.762016972158944,2.2334663947666535,-5.26355112299119,6.540976876827816,2.5304171845611605,-2.6919181845237623
HOF ITEM
11.220516158433218
7.0,-1.106830793944668,0.7689360859307854,-2.083263027829321,6.581013175143811,6.215588438221613,0.35729511798419433,1.4308499000312518,-1.2261303675400845,0.762016972158944,2.2334663947666535,-5.26355112299119,6.44283742056328,2.5304171845611605,-2.765938942575586
seed 479
Initial fitness values: [np.float64(14.526317593140828), np.float64(13.457450686693434), np.float64(13.457450686693434), np.float64(13.449844086842996), np.float64(13.395346177958976), np.float64(13.286398385439785), np.float64(13.286398385439785), np.float64(13.228839833540915), np.float64(13.111991744976436), np.float64(13.017841806597469)]
Final fitness values: [np.float64(10.893973408348705), np.float64(10.892504591235335), np.float64(10.892504591235335), np.float64(10.892504591235335), np.float64(10.89249954457581), np.float64(10.89249954457581), np.float64(10.89249954457581), np.float64(10.89249954457581), np.float64(10.89249954457581), np.float64(10.89249954457581)]
HOF ITEM
10.89249954457581
-0.18038112775674012,1.115145018039744,5.818353216541567,4.503493864388797,3.174503888393422,4.517617920802239,4.518937607270689,0.0,-4.671565397478642,5.063324799331782,2.2835337437947465,3.2897599930326624,0.4050277475801808,2.3960079216673393,-1.5169850943886227
HOF ITEM
10.89249954457581
-0.18038112775674012,1.115145018039744,5.818353216541567,4.503493864388797,3.174503888393422,4.517617920802239,4.518937607270689,0.0,-4.671565397478642,5.063324799331782,2.2835337437947465,3.466202525255695,0.4050277475801808,2.3960079216673393,-1.5169850943886227
HOF ITEM
10.89249954457581
-0.18038112775674012,1.115145018039744,5.818353216541567,4.503493864388797,3.174503888393422,4.517617920802239,4.518937607270689,0.0,-4.671565397478642,5.6220569521341925,2.2835337437947465,3.2897599930326624,0.4050277475801808,2.3960079216673393,-1.5169850943886227
HOF ITEM
10.89249954457581
-0.18038112775674012,1.115145018039744,5.818353216541567,4.503493864388797,3.174503888393422,4.517617920802239,4.518937607270689,0.0,-4.671565397478642,5.6220569521341925,2.2835337437947465,3.466202525255695,0.4050277475801808,2.3960079216673393,-1.5169850943886227
HOF ITEM
10.892504591235335
-0.18038112775674012,1.115145018039744,5.818353216541567,4.503493864388797,3.174503888393422,4.517617920802239,4.518937607270689,0.0,-4.344080197231101,5.6220569521341925,2.2835337437947465,3.0658239286013873,0.4050277475801808,2.3960079216673393,-1.5169850943886227
best parameter set
fitness 10.401361382912055 seed 477
0.32931647980279327,0.6663634243245008,-2.0276427484656603,1.9228728878353234,-5.620076767939224,-6.751903952626817,2.0062604055499142,2.083154228034929,1.1035371086346473,0.5936222504690056,2.9997749933304108,-0.4953469333948387,-1.6935056824789927,2.177953269138758,5.4093570443544685
