seeds are [920 921 922 923 924 925 926 927 928 929]
seed 920
Initial fitness values: [np.float64(30.39680321187761), np.float64(29.271614422562386), np.float64(28.86112641740045), np.float64(27.70462543904319), np.float64(27.70462543904319), np.float64(27.349843659737537), np.float64(27.284059444731195), np.float64(26.75899151673857), np.float64(26.672524648639296), np.float64(25.984123483096415)]
Final fitness values: [np.float64(24.299753987058985), np.float64(24.299753987058985), np.float64(24.299753987058985), np.float64(24.299753987058985), np.float64(24.299753987058985), np.float64(24.299753987058985), np.float64(24.299753987058985), np.float64(24.299753987058985), np.float64(24.295704179942028), np.float64(24.295704179942028)]
HOF ITEM
24.295704179942028
6.7987184484359995,-1.0716469944750084,-1.6523623265898537,-2.9421810075590105,0.33926241408902275,-3.018677794725021,-5.0240656507532435,2.7629695026585424,-4.453858136698266,0.9077745471600913,2.025477148057772,-3.175075540740332,5.779055446299243,1.7559100547487456,-2.9531910715011347
HOF ITEM
24.299753987058985
6.7987184484359995,-1.0775119279218652,-1.6523623265898537,-2.9912430214444017,0.33926241408902275,-3.018677794725021,-5.0240656507532435,2.192581662731549,-4.8395038340361705,0.9077745471600913,2.025477148057772,-3.175075540740332,5.779055446299243,1.7559100547487456,-2.9887558731374346
HOF ITEM
24.299753987059805
6.7987184484359995,-1.0775119279218652,-1.6523623265898537,-2.9912430214444017,0.33926241408902275,-3.018677794725021,-5.0240656507532435,2.192581662731549,-4.8395038340361705,0.9077745471600913,2.025477148057772,-3.175075540740332,5.779055446299243,1.7559100547487456,-3.0741859642237657
HOF ITEM
24.29975398821953
6.7987184484359995,-1.0775119279218652,-1.6523623265898537,-2.9912430214444017,0.33926241408902275,-3.018677794725021,-5.0240656507532435,2.192581662731549,-4.8395038340361705,0.9077745471600913,2.025477148057772,-3.175075540740332,5.440726112946402,1.7559100547487456,-2.9887558731374346
HOF ITEM
24.300429054082244
6.7987184484359995,-1.0775119279218652,-1.6523623265898537,-2.9912430214444017,0.33926241408902275,-3.018677794725021,-5.0240656507532435,2.192581662731549,-4.997046320801851,0.9077745471600913,2.025477148057772,-3.175075540740332,5.843186404669635,1.525728249233519,-3.0741859642237657
seed 921
Initial fitness values: [np.float64(31.150891887262258), np.float64(28.190909011587415), np.float64(27.784538897069087), np.float64(27.784538897069087), np.float64(26.506099218087677), np.float64(26.506099218087677), np.float64(26.05611348974207), np.float64(26.056112829493106), np.float64(26.004964028095834), np.float64(25.952728964496647)]
Final fitness values: [np.float64(25.45481661256346), np.float64(25.45481661256346), np.float64(25.45481661256346), np.float64(25.45481661256346), np.float64(25.454811816717456), np.float64(25.454811816717456), np.float64(25.454811816717456), np.float64(25.454811816717456), np.float64(25.454811816717456), np.float64(25.454811816717456)]
HOF ITEM
25.454811816717456
-2.1196342883535126,-1.4839109266330506,-3.7242800944277565,5.651286915959375,6.45478579892247,-1.9526081466170297,-0.8677595150762223,1.7683670404528349,2.1267811858752013,-0.9895023412949076,0.9613705321444619,1.0568884540241001,1.7500533739623307,3.0,-6.061158836508786
HOF ITEM
25.454811816717456
-2.1196342883535126,-1.4839109266330506,-3.7242800944277565,5.651286915959375,6.45478579892247,-1.9526081466170297,-0.8677595150762223,1.7683670404528349,2.1267811858752013,-0.9895023412949076,0.9613705321444619,1.0568884540241001,1.7500533739623307,3.0,-6.20262315084043
HOF ITEM
25.45481661256346
-2.1196342883535126,-1.4747999676837047,-3.7242800944277565,5.651286915959375,6.45478579892247,-1.9526081466170297,-0.8677595150762223,1.7683670404528349,2.1267811858752013,-0.9895023412949076,0.9613705321444619,1.0568884540241001,1.7500533739623307,3.0,-6.177864354981559
HOF ITEM
25.45481661256346
-2.1196342883535126,-1.4747999676837047,-3.7242800944277565,5.651286915959375,6.45478579892247,-1.9526081466170297,-0.8677595150762223,1.7683670404528349,2.1267811858752013,-0.9895023412949076,0.9613705321444619,1.0568884540241001,1.7500533739623307,3.0,-6.20262315084043
HOF ITEM
25.45481661256346
-2.1196342883535126,-1.4747999676837047,-3.7242800944277565,5.651286915959375,6.45478579892247,-1.9526081466170297,-0.8677595150762223,1.7683670404528349,2.1267811858752013,-0.9895023412949076,0.9613705321444619,1.0568884540241001,1.7500533739623307,3.0,-6.061158836508786
seed 922
Initial fitness values: [np.float64(29.792226898693364), np.float64(27.882119653347722), np.float64(26.51798330582259), np.float64(26.438123869627486), np.float64(26.208216848067003), np.float64(25.21079942994544), np.float64(24.808582791298857), np.float64(24.64875759175174), np.float64(23.792739592812058), np.float64(23.792739592812058)]
Final fitness values: [np.float64(23.202182148474503), np.float64(23.202182148474503), np.float64(23.202182148474503), np.float64(23.202182148474503), np.float64(23.202182148474503), np.float64(23.191420700112754), np.float64(23.191420700112754), np.float64(23.191420700112754), np.float64(23.191420700112754), np.float64(23.191420700112754)]
HOF ITEM
23.191420700112754
-3.9039094547224473,1.583623912437573,6.63077223848987,4.9457607299564295,5.02114297549197,-0.2944612472919218,3.705966147203646,0.2726631905391241,5.774474524417099,-2.9453124250152976,2.5440804551793876,-4.580428911834724,0.03426328954844683,0.9873332146594755,-1.5565742302824237
HOF ITEM
23.191756224562436
-3.9039094547224473,1.583623912437573,6.63077223848987,4.9457607299564295,5.02114297549197,-0.2944612472919218,3.705966147203646,0.2330870805296726,5.3674803342062605,-2.9453124250152976,2.5440804551793876,-4.580428911834724,0.03426328954844683,0.9873332146594755,-1.5565742302824237
HOF ITEM
23.192029812924552
-3.9039094547224473,1.583623912437573,6.63077223848987,4.9457607299564295,5.02114297549197,-0.2944612472919218,3.705966147203646,0.2726631905391241,5.774474524417099,-2.9453124250152976,2.5440804551793876,-4.580428911834724,0.03426328954844683,0.9873332146594755,-1.69744460264877
HOF ITEM
23.192087873787184
-3.9039094547224473,1.583623912437573,6.542971653545212,4.9457607299564295,4.861469874029302,-0.47016913317573006,3.5498807925083358,0.2330870805296726,5.3674803342062605,-2.9453124250152976,2.5440804551793876,-4.580428911834724,0.03426328954844683,1.1154143127124436,-2.265164143709718
HOF ITEM
23.197647246547394
-3.9039094547224473,1.583623912437573,6.63077223848987,4.9457607299564295,5.02114297549197,-0.2944612472919218,3.5499354266807357,0.2726631905391241,5.74040996878065,-2.9453124250152976,2.5440804551793876,-4.580428911834724,0.6483214608998318,0.9613097324720911,-2.257130386307863
seed 923
Initial fitness values: [np.float64(29.05864836904085), np.float64(28.977596161399045), np.float64(28.2838292741092), np.float64(27.594386800488046), np.float64(26.711394765224885), np.float64(26.471076349224603), np.float64(26.372115861450183), np.float64(26.097629239549327), np.float64(26.097629239549327), np.float64(25.91162795490916)]
Final fitness values: [np.float64(25.68534609939024), np.float64(25.68534609939024), np.float64(25.68297624915912), np.float64(25.68297624915912), np.float64(25.68284698804354), np.float64(25.68284698804354), np.float64(25.675810920278305), np.float64(25.67004711558663), np.float64(25.67004711558663), np.float64(25.67004711558663)]
HOF ITEM
25.67004711558663
-2.506290928160932,-3.9840043306201784,-5.655768554227963,-5.78003593501518,1.7113779787951025,1.9487951548046096,-6.05388740008286,3.0,4.2059762185195435,5.3428510474543,0.0,2.4490683544267937,-1.9581172718828428,2.2821376414162327,-7.0
HOF ITEM
25.67004711558663
-2.506290928160932,-3.8463482050309064,-5.655768554227963,-5.78003593501518,1.7113779787951025,1.9487951548046096,-6.05388740008286,3.0,4.2059762185195435,5.3428510474543,0.0,2.4490683544267937,-1.9581172718828428,2.2821376414162327,-7.0
HOF ITEM
25.67004711558663
-2.506290928160932,-3.8463482050309064,-5.655768554227963,-5.78003593501518,1.7113779787951025,1.9487951548046096,-5.950976868509113,3.0,4.2059762185195435,5.3428510474543,0.0,2.4490683544267937,-1.9581172718828428,2.2821376414162327,-7.0
HOF ITEM
25.675810920278305
-2.506290928160932,-3.9840043306201784,-5.638027659049439,-5.872749778198453,1.8060782779042805,1.9487951548046096,-5.950976868509113,3.0,4.3646471362459085,5.3428510474543,0.0,2.3792407255287094,-1.9581172718828428,2.276253732235038,-7.0
HOF ITEM
25.675810920278305
-2.506290928160932,-3.9840043306201784,-5.638027659049439,-5.872749778198453,1.8060782779042805,1.9487951548046096,-6.05388740008286,3.0,4.3646471362459085,5.3428510474543,0.0,2.3792407255287094,-1.9581172718828428,2.276253732235038,-7.0
seed 924
Initial fitness values: [np.float64(29.35508358873074), np.float64(29.35508358873074), np.float64(27.91900943556528), np.float64(26.841652744362285), np.float64(26.26533332652606), np.float64(26.10150839718812), np.float64(25.72909057673037), np.float64(25.45564169049709), np.float64(25.39150389570048), np.float64(25.16291438041048)]
Final fitness values: [np.float64(24.356734071575215), np.float64(24.356734071575215), np.float64(24.356734071575215), np.float64(24.356734071575215), np.float64(24.356734071575215), np.float64(24.356734071575215), np.float64(24.356734071575215), np.float64(24.356734071575215), np.float64(24.356734071575215), np.float64(24.356734071575215)]
HOF ITEM
24.356734071575215
1.8257000517979811,0.1464964634979318,1.4017925454568565,6.743889973429832,-1.8428309249044101,-4.659830406977209,2.3823351410913283,1.015698576709909,2.3090097675862165,6.635045010282386,1.2509233291777393,3.5547754463225,-4.713986937493491,2.301881361208861,4.974609559877974
HOF ITEM
24.356736082196015
1.8257000517979811,0.1464964634979318,1.4017925454568565,6.743889973429832,-1.8428309249044101,-4.659830406977209,2.3823351410913283,1.015698576709909,2.3090097675862165,6.635045010282386,1.35793902845142,3.848285593795534,-4.713986937493491,2.301881361208861,4.974609559877974
HOF ITEM
24.356736224784882
1.8257000517979811,0.1464964634979318,1.4017925454568565,6.743889973429832,-1.8428309249044101,-4.659830406977209,2.3823351410913283,1.015698576709909,2.3090097675862165,6.635045010282386,1.35793902845142,3.5547754463225,-4.713986937493491,2.301881361208861,4.974609559877974
HOF ITEM
24.357356228173668
1.8257000517979811,0.1464964634979318,1.4017925454568565,6.743889973429832,-1.8428309249044101,-4.659830406977209,2.3823351410913283,1.015698576709909,2.3090097675862165,6.635045010282386,1.2509233291777393,3.848285593795534,-4.713986937493491,2.301881361208861,4.84877967478452
HOF ITEM
24.357357126878917
1.8257000517979811,0.1464964634979318,1.4017925454568565,6.743889973429832,-1.8428309249044101,-4.659830406977209,2.3823351410913283,1.015698576709909,2.3090097675862165,6.635045010282386,1.2509233291777393,3.5547754463225,-4.713986937493491,2.301881361208861,4.84877967478452
seed 925
Initial fitness values: [np.float64(29.306736882897404), np.float64(28.86749750688902), np.float64(28.664161542695734), np.float64(27.03972251622231), np.float64(27.033305633181598), np.float64(26.59191663961913), np.float64(26.53416000952536), np.float64(26.249229180882395), np.float64(26.056014191993818), np.float64(26.0403406455652)]
Final fitness values: [np.float64(23.41084864532937), np.float64(23.410848645329263), np.float64(23.410848645313024), np.float64(23.410743019005444), np.float64(23.410743019005444), np.float64(23.405023463955285), np.float64(23.405023463955285), np.float64(23.402250709742702), np.float64(23.39683242690845), np.float64(23.3584777155073)]
HOF ITEM
23.3584777155073
-3.16026476260376,1.5673142905509254,-4.865743722949948,-0.501240789667404,5.034783279776714,1.9567682595701745,-1.8571053557199033,2.8461939471695095,4.9796700300677745,0.601751819997399,2.5966831159278274,-4.345891830224946,2.0556286947742866,2.234109504687181,6.066430001076944
HOF ITEM
23.39683242690845
-3.16026476260376,1.5594029470460617,-4.28176859012111,-0.501240789667404,4.791610701172711,1.9039134925536356,-1.8571053557199033,2.8461939471695095,4.724048052364804,1.1046800776053178,3.0,-5.128386720713197,1.878646828717253,2.234109504687181,5.827173139297939
HOF ITEM
23.402056018907153
-3.16026476260376,1.5594029470460617,-4.28176859012111,-0.501240789667404,5.034783279776714,1.9039134925536356,-1.8571053557199033,2.8461939471695095,4.9796700300677745,0.5313513985419883,2.5966831159278274,-4.469770338223026,1.878646828717253,2.234109504687181,5.827173139297939
HOF ITEM
23.402127709632286
-3.16026476260376,1.5594029470460617,-4.4636267000437275,-0.501240789667404,5.034783279776714,1.766650044002227,-1.8571053557199033,2.8461939471695095,4.9796700300677745,0.5313513985419883,2.5966831159278274,-4.469770338223026,1.878646828717253,2.234109504687181,5.827173139297939
HOF ITEM
23.40212770964808
-3.16026476260376,1.5594029470460617,-4.4636267000437275,-0.501240789667404,5.034783279776714,1.766650044002227,-1.8571053557199033,2.8461939471695095,4.9796700300677745,1.1046800776053178,3.0,-5.070788325696733,1.878646828717253,2.234109504687181,5.827173139297939
seed 926
Initial fitness values: [np.float64(31.22605660381482), np.float64(29.523046994258287), np.float64(28.606690788943773), np.float64(28.429996763713447), np.float64(27.777853627497574), np.float64(27.777853627497574), np.float64(27.765306765097154), np.float64(27.765306765097154), np.float64(27.702607763153907), np.float64(27.702607763153907)]
Final fitness values: [np.float64(27.536524819582525), np.float64(27.536498498885763), np.float64(27.527728000148105), np.float64(27.527728000148105), np.float64(27.527728000148105), np.float64(27.456961660211434), np.float64(27.456961660211434), np.float64(27.456961660211434), np.float64(27.45695801927888), np.float64(27.413155909828802)]
HOF ITEM
27.413155909828802
-3.143031121020392,-2.6694592555688184,6.574704913754392,-0.8919601862917654,2.94120595010716,5.334597799622753,-4.3559482032522086,2.935071871176061,6.811857642059694,0.9809123205666075,0.0,-3.788801821819605,-4.686831474909464,1.880998436378702,0.1355846040335515
HOF ITEM
27.423680917118606
-3.1552713909431986,-2.6160519845504093,6.574704913754392,-0.8874241001850375,2.9378688687062486,5.2404549896238475,-4.5537751316858674,2.935071871176061,6.811857642059694,1.1063448410630086,0.0,-3.638090269013066,-4.686831474909464,1.8546565831183568,0.11062942052577837
HOF ITEM
27.45695801927888
-3.143031121020392,-2.35058835424472,6.574704913754392,-0.8249240921194824,3.002989272152326,5.2404549896238475,-4.3559482032522086,2.935071871176061,6.811857642059694,1.4017046058618736,0.0,-3.7818869715748686,-4.686831474909464,1.5208301295883788,0.08253387584316359
HOF ITEM
27.456961660211434
-3.143031121020392,-2.6694592555688184,6.574704913754392,-0.8249240921194824,3.002989272152326,5.2404549896238475,-4.3559482032522086,2.807125456224541,6.811857642059694,1.4017046058618736,0.0,-3.7818869715748686,-4.686831474909464,1.5208301295883788,0.08253387584316359
HOF ITEM
27.456961660211434
-3.143031121020392,-2.6694592555688184,6.574704913754392,-0.8249240921194824,3.002989272152326,5.2404549896238475,-4.3559482032522086,2.935071871176061,6.811857642059694,1.4017046058618736,0.0,-3.7818869715748686,-4.686831474909464,1.5208301295883788,0.08253387584316359
seed 927
Initial fitness values: [np.float64(29.290118115001576), np.float64(28.135265268896006), np.float64(27.454858376366467), np.float64(27.454858376366467), np.float64(27.454858376366467), np.float64(25.73524185798004), np.float64(25.73524185798004), np.float64(25.735241857979567), np.float64(25.735241857979567), np.float64(25.681978828381727)]
Final fitness values: [np.float64(23.671413424967938), np.float64(23.671413424967938), np.float64(23.671413424967938), np.float64(23.671413424967938), np.float64(23.671413424967938), np.float64(23.6714134246535), np.float64(23.6714134246535), np.float64(23.6714134246535), np.float64(23.6714134246535), np.float64(23.6714134246535)]
HOF ITEM
23.6714134246535
-4.887693947577309,1.4499572950571917,4.400712067164512,-0.8712282158991518,5.434358271622,4.523162013673963,-3.5879333416244408,2.1655483082805556,6.570823314520926,4.260376754628041,2.4157744509021546,6.604425218817922,-0.40548627725589337,2.2145954423797836,2.2883910118209996
HOF ITEM
23.6714134246535
-4.887693947577309,1.4499572950571917,4.400712067164512,-0.8712282158991518,5.434358271622,4.523162013673963,-3.5879333416244408,2.1655483082805556,6.570823314520926,4.260376754628041,2.4157744509021546,6.965504145538563,-0.40548627725589337,2.2145954423797836,2.2883910118209996
HOF ITEM
23.6714134246535
-4.887693947577309,1.4499572950571917,4.400712067164512,-0.8712282158991518,5.434358271622,4.523162013673963,-3.5879333416244408,2.1655483082805556,6.570823314520926,4.260376754628041,2.143406593270779,6.604425218817922,-0.40548627725589337,2.2145954423797836,2.2883910118209996
HOF ITEM
23.6714134246535
-4.887693947577309,1.4499572950571917,4.400712067164512,-0.8712282158991518,5.434358271622,4.523162013673963,-3.5879333416244408,2.1655483082805556,6.570823314520926,4.150621897429865,2.143406593270779,6.604425218817922,-0.40548627725589337,2.2145954423797836,2.2883910118209996
HOF ITEM
23.671413424967938
-4.887693947577309,1.4499572950571917,4.400712067164512,-0.8712282158991518,5.434358271622,4.523162013673963,-3.5879333416244408,2.1655483082805556,6.570823314520926,4.150621897429865,2.143406593270779,6.965504145538563,-0.40548627725589337,2.33125558898021,2.2883910118209996
seed 928
Initial fitness values: [np.float64(31.018237246487175), np.float64(28.380228620640967), np.float64(26.620126095365517), np.float64(26.432913206022327), np.float64(26.28844621579109), np.float64(25.484335628323457), np.float64(25.06911748089092), np.float64(24.58838917781955), np.float64(24.46140682432682), np.float64(23.623801581668022)]
Final fitness values: [np.float64(23.303670575249416), np.float64(23.303313098696513), np.float64(23.303313098696513), np.float64(23.303313098696513), np.float64(23.303313098696513), np.float64(23.30320359688842), np.float64(23.30320359688842), np.float64(23.30320359688842), np.float64(23.30320359688842), np.float64(23.30320359688842)]
HOF ITEM
23.30320359688842
-5.677862129540091,1.3929972668866988,6.080054526686407,0.6070389839167899,-0.9694344552126964,2.5173985220985076,2.501924042090496,2.7785842121830244,-2.0794317428701454,0.14586473196019725,2.5251647088298306,-4.61207820107021,-4.760630521486805,2.017119069599517,-3.0713127701820686
HOF ITEM
23.30320359688842
-5.677862129540091,1.3929972668866988,6.080054526686407,0.6070389839167899,-0.9694344552126964,2.5173985220985076,2.501924042090496,3.0,-2.0794317428701454,0.14586473196019725,2.5251647088298306,-4.61207820107021,-4.760630521486805,2.017119069599517,-3.0713127701820686
HOF ITEM
23.30320359688842
-5.677862129540091,1.3929972668866988,6.080054526686407,0.6070389839167899,-0.9694344552126964,2.5173985220985076,2.2704049503409713,2.7785842121830244,-2.0794317428701454,0.14586473196019725,2.2818447272842524,-4.61207820107021,-4.760630521486805,2.017119069599517,-3.0713127701820686
HOF ITEM
23.30320359688842
-5.677862129540091,1.3929972668866988,6.080054526686407,0.6070389839167899,-0.9694344552126964,2.5173985220985076,2.4982831820088625,2.7785842121830244,-1.6653464724859433,0.14586473196019725,2.2255443630659464,-4.61207820107021,-4.760630521486805,2.017119069599517,-3.0713127701820686
HOF ITEM
23.30320359688842
-5.677862129540091,1.3929972668866988,6.080054526686407,0.6070389839167899,-0.9694344552126964,2.5173985220985076,2.2704049503409713,2.7785842121830244,-2.0794317428701454,0.14586473196019725,2.5251647088298306,-4.61207820107021,-4.760630521486805,2.017119069599517,-3.0713127701820686
seed 929
Initial fitness values: [np.float64(27.830538972169812), np.float64(27.255502194741236), np.float64(27.254930530905217), np.float64(27.24459421267765), np.float64(27.06096809480065), np.float64(27.06053684039127), np.float64(27.06053684039127), np.float64(27.001424197490884), np.float64(26.504425448078244), np.float64(26.504405331469798)]
Final fitness values: [np.float64(25.757146103406555), np.float64(25.757146103406555), np.float64(25.757146103406555), np.float64(25.757146103406555), np.float64(25.757146103406555), np.float64(25.757146103406555), np.float64(25.757146103406555), np.float64(25.757146103406555), np.float64(25.75713768024016), np.float64(25.75713768024016)]
HOF ITEM
25.75713768024016
-4.332657322189849,-2.604898368906644,-0.5161584693045157,-7.0,-0.1975603368448054,2.3300700532660406,-4.668867058630042,2.16765606385342,-1.2844739878166291,0.38280612958760063,1.06699970915308,0.6299598248092657,-3.3721892405199374,2.130758278837496,-2.9444176584819965
HOF ITEM
25.75713768024016
-4.332657322189849,-2.8407872456634142,-0.5161584693045157,-7.0,-0.1975603368448054,2.3300700532660406,-4.668867058630042,2.16765606385342,-1.2844739878166291,0.38280612958760063,1.06699970915308,0.6299598248092657,-3.3721892405199374,2.130758278837496,-2.9444176584819965
HOF ITEM
25.757139103701213
-4.332657322189849,-2.604898368906644,-0.5161584693045157,-7.0,-0.1975603368448054,2.3300700532660406,-4.729761327048248,2.16765606385342,-1.2844739878166291,0.46285900431115906,1.1141127095310743,0.45222183314137904,-3.3721892405199374,2.130758278837496,-2.9444176584819965
HOF ITEM
25.757146103406555
-4.332657322189849,-2.9731629104404487,-0.5161584693045157,-7.0,-0.1975603368448054,2.3300700532660406,-4.668867058630042,2.16765606385342,-1.2844739878166291,0.46285900431115906,1.16887769786141,0.6299598248092657,-3.3721892405199374,2.130758278837496,-2.9444176584819965
HOF ITEM
25.757146103406555
-4.332657322189849,-2.604898368906644,-0.5161584693045157,-7.0,-0.1975603368448054,2.3300700532660406,-4.668867058630042,2.16765606385342,-1.2844739878166291,0.46285900431115906,1.16887769786141,0.6299598248092657,-3.3721892405199374,2.130758278837496,-2.9444176584819965
best parameter set
fitness 23.166117699790057 seed 922
-3.9031532065110546,1.5870906653108405,6.543043752281977,4.94568576439124,4.861876391333289,-0.470604237600683,3.549883302363599,0.23311399408874062,5.367478344070967,-2.9451739178083165,2.5435330561973153,-4.579857518864696,0.03426383553672543,1.1154209108792759,-2.2651641303205725
