seeds are [650 651 652 653 654 655 656 657 658 659]
seed 650
Initial fitness values: [np.float64(13.393171442183375), np.float64(13.352730516589553), np.float64(13.123631397142974), np.float64(11.526109154604354), np.float64(11.526109154604354), np.float64(11.36704676802286), np.float64(11.204933991682127), np.float64(11.204933991682127), np.float64(11.079149696621826), np.float64(11.068501748929666)]
Final fitness values: [np.float64(10.687750798290867), np.float64(10.687750798290867), np.float64(10.687750798290867), np.float64(10.687750798290867), np.float64(10.687750798290867), np.float64(10.687750798290867), np.float64(10.687750798290867), np.float64(10.687750798290867), np.float64(10.687750798290867), np.float64(10.687750798290867)]
HOF ITEM
10.687750798290867
0.1277433416716061,1.041826026567055,-4.244043304564778,-0.8370981286606566,6.773759705416641,2.016804389537418,1.6999084168134984,1.6872200201962413,-0.42179725479060487,0.7202537110876706,3.0,7.0,5.154876875033761,1.6538193395302618,6.3804417340115975,0.4896462897340237,0.0,-6.400872904505284
HOF ITEM
10.687750882942574
0.1277433416716061,1.041826026567055,-4.244043304564778,-0.8370981286606566,6.773759705416641,2.016804389537418,1.6999084168134984,1.6872200201962413,-0.42179725479060487,0.7202537110876706,3.0,7.0,5.154876875033761,1.6538193395302618,6.108124072925234,0.4896462897340237,0.0,-6.400872904505284
HOF ITEM
10.687751060852616
0.1277433416716061,1.041826026567055,-4.244043304564778,-0.8370981286606566,6.773759705416641,2.016804389537418,1.6999084168134984,1.6872200201962413,-0.42179725479060487,0.7202537110876706,3.0,7.0,5.413078683867455,1.6538193395302618,6.3804417340115975,0.4896462897340237,0.0,-6.400872904505284
HOF ITEM
10.687751082806583
0.1277433416716061,1.041826026567055,-4.244043304564778,-0.8370981286606566,6.773759705416641,2.016804389537418,1.6999084168134984,1.6872200201962413,-0.42179725479060487,0.7202537110876706,3.0,7.0,5.413078683867455,1.6538193395302618,6.108124072925234,0.4896462897340237,0.0,-6.400872904505284
HOF ITEM
10.68775110044846
0.1277433416716061,1.041826026567055,-4.244043304564778,-0.8370981286606566,6.773759705416641,2.016804389537418,1.6999084168134984,1.6872200201962413,-0.42179725479060487,0.7202537110876706,3.0,7.0,5.520850969438254,1.6538193395302618,6.3804417340115975,0.4896462897340237,0.0,-6.400872904505284
seed 651
Initial fitness values: [np.float64(13.562732206467896), np.float64(13.562732206467896), np.float64(13.497985599594678), np.float64(13.489331121865751), np.float64(13.479458695345242), np.float64(13.475592288889649), np.float64(13.471721206952074), np.float64(13.471721206952074), np.float64(13.47171537239575), np.float64(13.471007655700035)]
Final fitness values: [np.float64(10.715901937468733), np.float64(10.715873068142312), np.float64(10.715873041623599), np.float64(10.715015975915211), np.float64(10.71352914639789), np.float64(10.71352914639789), np.float64(10.71352914639789), np.float64(10.71351061562412), np.float64(10.71351061562412), np.float64(10.713510615615379)]
HOF ITEM
10.713510615615379
-6.994667919090309,1.555130162570926,5.901040186423268,4.644099068433852,-4.645411837240669,-2.016086640037902,-5.905516123709397,1.7814781514143923,-1.3692297236793707,0.8749871712825246,0.8228213305152307,4.266190661991717,1.378194399100971,0.984665172463436,-2.0431102219384663,6.782642258575062,0.656755996066084,0.7261972907613852
HOF ITEM
10.71351061561612
-6.994667919090309,1.555130162570926,5.901040186423268,4.644099068433852,-4.645411837240669,-2.016086640037902,-5.905516123709397,1.7814781514143923,-1.3692297236793707,0.8749871712825246,0.8228213305152307,4.266190661991717,1.378194399100971,0.984665172463436,-2.0431102219384663,6.673266813266136,0.656755996066084,0.7261972907613852
HOF ITEM
10.71351061562412
-6.994667919090309,1.555130162570926,5.901040186423268,4.644099068433852,-4.645411837240669,-2.016086640037902,-5.905516123709397,1.7814781514143923,-1.3692297236793707,0.8749871712825246,0.8228213305152307,4.266190661991717,1.378194399100971,0.984665172463436,-2.0431102219384663,6.6290291388521725,0.6562517906259299,1.3752799151771204
HOF ITEM
10.713529146389881
-6.994667919090309,1.555130162570926,5.901040186423268,4.644099068433852,-4.645411837240669,-2.016086640037902,-5.905516123709397,1.7814781514143923,-1.3692297236793707,0.8749871712825246,0.8692837975173777,4.266190661991717,1.378194399100971,0.984665172463436,-2.0431102219384663,6.673266813266136,0.656755996066084,0.7261972907613852
HOF ITEM
10.713529146390217
-6.994667919090309,1.555130162570926,5.901040186423268,4.644099068433852,-4.645411837240669,-2.016086640037902,-5.905516123709397,1.7814781514143923,-1.3692297236793707,0.8749871712825246,0.8692837975173777,4.266190661991717,1.378194399100971,0.984665172463436,-2.0431102219384663,6.6290291388521725,0.656755996066084,0.7261972907613852
seed 652
Initial fitness values: [np.float64(13.664433964199262), np.float64(12.592684024088214), np.float64(12.592684024088214), np.float64(12.592684024088214), np.float64(12.519290490613542), np.float64(12.338801378060031), np.float64(12.338801378060031), np.float64(12.338801378060031), np.float64(12.338801378060031), np.float64(12.338801378060031)]
Final fitness values: [np.float64(12.316355270401278), np.float64(12.316355270399738), np.float64(12.316355270399738), np.float64(12.3163552703991), np.float64(12.3163552703991), np.float64(12.3163552703991), np.float64(12.3163552703991), np.float64(12.3163552703991), np.float64(12.3163552703991), np.float64(12.3163552703991)]
HOF ITEM
12.3163552703991
-1.9019945633150703,-3.2312857013930762,3.467506359281683,2.7163313559176006,0.4057210817009898,-0.3563055239547728,5.977596062488214,2.0188674416200723,4.855129912733163,-0.7183822265180752,2.167144514499154,1.6674304139358143,3.432935371192573,1.9363420140264216,0.11589445375585958,1.5907031290745623,0.459014595671326,-3.348879139559419
HOF ITEM
12.3163552703991
-1.9019945633150703,-3.2312857013930762,3.467506359281683,2.7163313559176006,0.4057210817009898,-0.3563055239547728,5.977596062488214,1.9444187847855952,4.855129912733163,-0.7183822265180752,2.167144514499154,1.6674304139358143,3.432935371192573,1.9363420140264216,0.11589445375585958,1.5907031290745623,0.459014595671326,-3.348879139559419
HOF ITEM
12.3163552703991
-1.9019945633150703,-3.2312857013930762,3.467506359281683,2.7163313559176006,0.4057210817009898,-0.3563055239547728,6.618497202611984,2.0188674416200723,4.892946817936088,-0.7183822265180752,2.167144514499154,1.6674304139358143,3.432935371192573,1.9363420140264216,0.11589445375585958,1.5907031290745623,0.459014595671326,-3.348879139559419
HOF ITEM
12.3163552703991
-1.9019945633150703,-3.2312857013930762,3.467506359281683,2.7163313559176006,0.4057210817009898,-0.3563055239547728,6.618497202611984,1.9444187847855952,4.855129912733163,-0.7183822265180752,2.167144514499154,1.6674304139358143,3.432935371192573,1.9363420140264216,0.11589445375585958,1.5907031290745623,0.459014595671326,-3.348879139559419
HOF ITEM
12.3163552703991
-1.9019945633150703,-3.2312857013930762,3.467506359281683,2.7163313559176006,0.4057210817009898,-0.3563055239547728,5.977596062488214,2.0188674416200723,4.892946817936088,-0.7183822265180752,2.167144514499154,1.6674304139358143,3.432935371192573,1.9363420140264216,0.11589445375585958,1.5907031290745623,0.459014595671326,-3.348879139559419
seed 653
Initial fitness values: [np.float64(14.74115692357593), np.float64(14.178319667176241), np.float64(12.639477928924121), np.float64(11.417587410967299), np.float64(11.417587410967299), np.float64(11.417587410967299), np.float64(11.233366793251864), np.float64(11.233366793251864), np.float64(11.204916983072543), np.float64(11.141023022356586)]
Final fitness values: [np.float64(9.983338915516951), np.float64(9.983338915516951), np.float64(9.983338915516951), np.float64(9.983338915516951), np.float64(9.9741618071022), np.float64(9.9741618071022), np.float64(9.933514515216904), np.float64(9.933514515216904), np.float64(9.933514515216904), np.float64(9.933514515216904)]
HOF ITEM
9.933514515216904
2.9757510093883055,-0.41655680917862253,-0.1822415629331537,4.433132899369399,-1.0524777112276298,-5.29774785030511,1.0083700814970695,1.8966414639518023,5.356841076306734,0.614391953602865,1.965906843028874,-0.36752938458874584,5.9657834997418515,0.7881891611385501,3.467300497021584,0.4815608500532194,0.8965491843867827,-1.538374565301258
HOF ITEM
9.93984143362137
2.9757510093883055,-0.41655680917862253,-0.1822415629331537,4.433132899369399,-1.0524777112276298,-5.29774785030511,1.0083700814970695,1.8966414639518023,5.356841076306734,0.6185205286768755,1.8837759147687398,-0.36752938458874584,5.9657834997418515,0.7881891611385501,3.467300497021584,0.4815608500532194,0.8965491843867827,-1.538374565301258
HOF ITEM
9.940949632169573
2.9757510093883055,-0.41655680917862253,-0.1822415629331537,4.433132899369399,-1.0524777112276298,-5.29774785030511,1.0083700814970695,1.8966414639518023,5.356841076306734,0.614391953602865,1.8837759147687398,-0.37151910940379906,5.9657834997418515,0.7881891611385501,3.467300497021584,0.4815608500532194,0.8965491843867827,-1.538374565301258
HOF ITEM
9.944204570723624
2.9757510093883055,-0.41655680917862253,-0.1822415629331537,4.433132899369399,-1.0524777112276298,-5.29774785030511,1.0083700814970695,1.8966414639518023,5.356841076306734,0.614391953602865,1.965906843028874,-0.36752938458874584,5.9657834997418515,0.4184223428870185,3.467300497021584,0.4815608500532194,0.8965491843867827,-1.538374565301258
HOF ITEM
9.9741618071022
2.9757510093883055,-0.41655680917862253,0.2309908119326199,4.433132899369399,-1.0524777112276298,-4.961846931631102,1.0083700814970695,1.8782596512925982,5.356841076306734,0.6185205286768755,1.8837759147687398,-0.37151910940379906,5.9657834997418515,0.4184223428870185,3.467300497021584,0.4972945012483539,0.7877118576744064,-1.5655787206899565
seed 654
Initial fitness values: [np.float64(14.51442493059096), np.float64(13.687369487635417), np.float64(12.425200391027055), np.float64(12.403839139591426), np.float64(12.3248722576748), np.float64(11.458863646304566), np.float64(11.18652040607103), np.float64(11.18652040607103), np.float64(11.04823018484507), np.float64(10.784364570015192)]
Final fitness values: [np.float64(10.501011613509755), np.float64(10.501011613509755), np.float64(10.501011613509755), np.float64(10.501011613509755), np.float64(10.497929768624177), np.float64(10.497929768624177), np.float64(10.497929768624177), np.float64(10.497929768624177), np.float64(10.497929768624177), np.float64(10.497929768624177)]
HOF ITEM
10.497929768624177
0.6794768290953875,0.7999008214259014,-5.306554942959206,-6.4444570081496115,-0.20691939855817568,-0.6836072006424845,1.9570450295147255,0.7762186167586688,1.3695581155395342,2.5220931104768423,1.2867742571694647,0.5353613382317934,0.4283271134011951,2.280610793136718,-4.912699061880596,3.7192229187849835,2.5865970429959075,-0.523396855671265
HOF ITEM
10.497929768624177
0.6794768290953875,0.7999008214259014,-5.306554942959206,-6.4444570081496115,-0.20691939855817568,-0.6836072006424845,1.9570450295147255,0.7762186167586688,1.3695581155395342,2.5220931104768423,1.2867742571694647,0.5353613382317934,0.4283271134011951,2.280610793136718,-4.912699061880596,4.113035649091903,2.5865970429959075,-0.41587086396654593
HOF ITEM
10.497929768624177
0.6794768290953875,0.7999008214259014,-5.306554942959206,-6.4444570081496115,-0.20691939855817568,-0.6836072006424845,1.9570450295147255,0.7762186167586688,1.3695581155395342,2.5220931104768423,1.2867742571694647,0.5353613382317934,0.4283271134011951,2.280610793136718,-4.912699061880596,4.113035649091903,2.5865970429959075,-0.523396855671265
HOF ITEM
10.497929768624177
0.6794768290953875,0.7999008214259014,-5.306554942959206,-6.4444570081496115,-0.20691939855817568,-0.6836072006424845,1.9570450295147255,0.7762186167586688,1.3695581155395342,2.5220931104768423,1.2867742571694647,0.5353613382317934,0.4283271134011951,2.280610793136718,-4.912699061880596,3.7192229187849835,2.5865970429959075,-0.41587086396654593
HOF ITEM
10.498032415842092
0.6794768290953875,0.7999008214259014,-5.306554942959206,-6.4444570081496115,-0.20691939855817568,-0.6836072006424845,1.9570450295147255,0.7762186167586688,1.3695581155395342,2.5220931104768423,1.2867742571694647,0.46578305262146,0.4283271134011951,2.280610793136718,-4.912699061880596,3.7192229187849835,2.071455917165869,-0.20705839619373959
seed 655
Initial fitness values: [np.float64(13.88090435548712), np.float64(13.796898116224044), np.float64(11.411987525679308), np.float64(11.411987525679308), np.float64(10.591436241211696), np.float64(10.567167898303012), np.float64(10.567167898303012), np.float64(10.473998463441749), np.float64(10.152078894335665), np.float64(10.152078894335665)]
Final fitness values: [np.float64(9.20590334858201), np.float64(9.20590334858201), np.float64(9.20590334858201), np.float64(9.20590334858201), np.float64(9.20590334858201), np.float64(9.20590334858201), np.float64(9.20590334858201), np.float64(9.17902056810334), np.float64(9.17902056810334), np.float64(9.177298650350366)]
HOF ITEM
9.177298650350366
-2.038160705911866,1.1884528713702918,-5.417679562726308,0.7448489508845557,1.7708504014071924,-3.7832856491954003,3.633768294179236,0.7807932055741108,4.0127177331166,-1.7198672244782205,3.0,-4.17641315718631,1.4171256064197024,2.048568352992171,4.717921637998017,-1.176859826863992,2.5793107458062714,-1.9803155094286709
HOF ITEM
9.177299871822287
-2.038160705911866,1.1884528713702918,-5.417679562726308,0.7448489508845557,1.7708504014071924,-3.7832856491954003,3.633768294179236,0.7807932055741108,4.0127177331166,-1.7198672244782205,3.0,-4.17641315718631,1.3469717787857345,2.048568352992171,4.717921637998017,-1.176859826863992,2.5793107458062714,-1.9803155094286709
HOF ITEM
9.177830478093723
-2.038160705911866,1.1884528713702918,-5.417679562726308,0.7448489508845557,1.7747883239808737,-3.7832856491954003,3.730593360935767,0.7807932055741108,4.0127177331166,-1.7198672244782205,3.0,-4.17641315718631,1.3469717787857345,2.048568352992171,4.717921637998017,-1.176859826863992,2.5793107458062714,-1.9803155094286709
HOF ITEM
9.17839865944937
-2.043165633428857,1.1884528713702918,-5.417679562726308,0.7448489508845557,1.7747883239808737,-3.7832856491954003,3.730593360935767,0.7807932055741108,3.7668680872146023,-1.7198672244782205,3.0,-4.17641315718631,1.3469717787857345,2.048568352992171,4.461639231048326,-1.176859826863992,2.6045598406596686,-1.9803155094286709
HOF ITEM
9.179020020330805
-2.043165633428857,1.1884528713702918,-5.417679562726308,0.7448489508845557,1.7747883239808737,-3.7832856491954003,3.730593360935767,0.7807932055741108,4.0127177331166,-1.7198672244782205,3.0,-4.17641315718631,1.4171256064197024,2.048568352992171,4.461639231048326,-1.176859826863992,2.6045598406596686,-1.9803155094286709
seed 656
Initial fitness values: [np.float64(14.240831979061596), np.float64(13.8855412196792), np.float64(13.07896836410138), np.float64(12.656596879592001), np.float64(12.656596879592001), np.float64(12.637189677098052), np.float64(12.562266864765244), np.float64(12.447690342718996), np.float64(12.391398365866387), np.float64(12.391398365866387)]
Final fitness values: [np.float64(12.359686313876452), np.float64(12.359686313876452), np.float64(12.359686313876452), np.float64(12.359686313876452), np.float64(12.359686313876452), np.float64(12.359686313876452), np.float64(12.359686313876452), np.float64(12.359686313876452), np.float64(12.359686313876452), np.float64(12.359686313876452)]
HOF ITEM
12.359686313876452
-5.744577052253131,-2.967047886774047,-6.239803312321687,-5.72923695634223,-4.5331715285213985,-2.785380048172051,-1.976428049813549,2.239955319356069,-2.919225547752995,-1.9757240857566178,2.500603815349007,-1.5311622302137673,-4.559433383981657,2.0021879795581126,-1.0760951546751247,5.3107929514618295,1.2146007337290916,-6.6322009821250925
HOF ITEM
12.359686313876452
-5.744577052253131,-2.967047886774047,-6.239803312321687,-5.72923695634223,-4.5331715285213985,-2.785380048172051,-1.976428049813549,2.239955319356069,-2.919225547752995,-2.1135643326902067,2.409348463829576,-1.5311622302137673,-4.559433383981657,2.0021879795581126,-1.0760951546751247,5.3107929514618295,1.2146007337290916,-6.512750919610624
HOF ITEM
12.359686313876452
-5.744577052253131,-2.967047886774047,-6.239803312321687,-5.72923695634223,-4.5331715285213985,-2.785380048172051,-1.976428049813549,2.239955319356069,-2.919225547752995,-2.1135643326902067,2.500603815349007,-1.5311622302137673,-4.559433383981657,2.0021879795581126,-1.0760951546751247,5.3107929514618295,1.2146007337290916,-6.6322009821250925
HOF ITEM
12.359686313876452
-5.744577052253131,-2.967047886774047,-6.239803312321687,-5.72923695634223,-4.5331715285213985,-2.785380048172051,-1.976428049813549,2.239955319356069,-2.919225547752995,-2.1135643326902067,2.500603815349007,-1.5311622302137673,-4.559433383981657,2.0021879795581126,-1.0760951546751247,5.3107929514618295,1.2146007337290916,-6.512750919610624
HOF ITEM
12.359686313876452
-5.744577052253131,-2.967047886774047,-6.239803312321687,-5.72923695634223,-4.5331715285213985,-2.785380048172051,-1.976428049813549,2.239955319356069,-2.919225547752995,-1.9757240857566178,2.409348463829576,-1.5311622302137673,-4.559433383981657,2.0021879795581126,-1.0760951546751247,5.3107929514618295,1.2146007337290916,-6.512750919610624
seed 657
Initial fitness values: [np.float64(13.767601316630767), np.float64(13.676788417700664), np.float64(13.676788417700664), np.float64(13.669112115716242), np.float64(13.658920629398168), np.float64(13.649701089495878), np.float64(13.64768218819897), np.float64(13.641382409116892), np.float64(13.62996366190003), np.float64(13.62996366190003)]
Final fitness values: [np.float64(11.265046688126551), np.float64(11.263049595073575), np.float64(11.262427146751866), np.float64(11.254441100088984), np.float64(11.254441100088984), np.float64(11.254115770978839), np.float64(11.252474027654532), np.float64(11.25104311925779), np.float64(11.251043106079937), np.float64(11.250486917501393)]
HOF ITEM
11.250486917501393
6.689962443007615,-1.0571776388423424,-5.055360787495281,-4.124650924168689,1.450268866855391,2.502748373019285,1.2663943738545222,2.211996181713743,-0.4673091739527275,-1.0453636997179878,3.0,-0.8128752584685586,3.7152140795258726,2.1029823633920834,0.5193783176444924,-1.8115895796348762,2.0639504603675065,3.8039140060661305
HOF ITEM
11.250992166399149
6.689962443007615,-1.0571776388423424,-5.055360787495281,-3.8664938252907946,1.450268866855391,3.1512955602772084,1.2663943738545222,2.211996181713743,-0.4673091739527275,-1.0453636997179878,3.0,-0.6960175407824164,3.7152140795258726,2.0532109004427004,0.5193783176444924,-1.5669618890532346,1.715606351371727,4.2049879354690205
HOF ITEM
11.251043106079937
6.689962443007615,-1.0571776388423424,-4.952823420808509,-3.8664938252907946,1.450268866855391,3.1512955602772084,1.2663943738545222,2.211996181713743,-0.4673091739527275,-1.0453636997179878,3.0,-0.6960175407824164,3.7152140795258726,1.8848433884519624,0.3710698075021862,-1.6873430889477288,2.187739164998823,3.965202482836757
HOF ITEM
11.251043118264953
6.689962443007615,-1.0571776388423424,-4.952823420808509,-3.8664938252907946,1.450268866855391,3.1512955602772084,1.2663943738545222,2.211996181713743,-0.4673091739527275,-1.0453636997179878,3.0,-0.6960175407824164,3.7152140795258726,2.03921946318348,0.5193783176444924,-1.6873430889477288,2.187739164998823,3.965202482836757
HOF ITEM
11.25104311925779
6.689962443007615,-1.0571776388423424,-4.952823420808509,-3.8664938252907946,1.450268866855391,3.1512955602772084,1.2663943738545222,2.211996181713743,-0.4673091739527275,-1.0453636997179878,3.0,-0.6960175407824164,3.7152140795258726,2.03921946318348,0.3710698075021862,-1.6873430889477288,2.187739164998823,3.965202482836757
seed 658
Initial fitness values: [np.float64(13.90961059170651), np.float64(13.883541540686549), np.float64(13.838154688559012), np.float64(13.670543273988791), np.float64(13.670543273988791), np.float64(13.670543273988791), np.float64(13.661860222767384), np.float64(13.646574895173622), np.float64(13.645077846073688), np.float64(13.63530950910701)]
Final fitness values: [np.float64(13.245591613426978), np.float64(13.245591613426978), np.float64(13.245591613426978), np.float64(13.245591613426978), np.float64(13.20688299249673), np.float64(13.20688299249673), np.float64(13.150141459185637), np.float64(13.134053687475072), np.float64(13.134053687475072), np.float64(13.123906338739394)]
HOF ITEM
13.123906338739394
0.17319401012035604,-3.106841818961437,-2.1670880217335102,-6.019698727483668,-2.7311162467876278,3.3742624106095933,1.8336259450288102,0.6089342096071678,4.415265129599952,-3.5248844157625774,2.052108327691651,2.8249907402121885,0.7279803436487184,0.5775158302621918,-2.4446274384661164,5.273276696830881,2.9026241031742392,-1.532850271567882
HOF ITEM
13.130277426126224
0.23760830138688208,-3.324398666846884,-2.1670880217335102,-6.114690232848675,-2.762934088861602,3.58380893058118,2.1634583225771857,0.5411498289872543,4.609795945464413,-3.5248844157625774,2.052108327691651,2.8249907402121885,0.7279803436487184,0.6729851577552416,-2.117806769225319,5.273276696830881,3.0,-1.2048203004796696
HOF ITEM
13.134053687475072
0.1780300112134211,-3.106841818961437,-2.1670880217335102,-6.019698727483668,-2.7311162467876278,3.3742624106095933,1.8336259450288102,0.6089342096071678,4.415265129599952,-3.5248844157625774,2.0765196749573676,2.87076905163079,0.7434254014825338,0.5775158302621918,-2.707805205595983,5.273276696830881,2.9026241031742392,-1.532850271567882
HOF ITEM
13.134053687475072
0.1780300112134211,-3.106841818961437,-2.1670880217335102,-6.019698727483668,-2.7311162467876278,3.3742624106095933,1.8336259450288102,0.6089342096071678,4.415265129599952,-3.5248844157625774,2.0765196749573676,2.87076905163079,0.7434254014825338,0.5775158302621918,-2.707805205595983,5.1224334462137255,2.9026241031742392,-1.532850271567882
HOF ITEM
13.136044943780963
0.17319401012035604,-3.324398666846884,-2.1670880217335102,-6.019698727483668,-2.7311162467876278,3.3742624106095933,1.8336259450288102,0.6089342096071678,4.415265129599952,-3.5248844157625774,2.0765196749573676,2.87076905163079,0.7434254014825338,0.5775158302621918,-2.707805205595983,5.273276696830881,2.9026241031742392,-1.532850271567882
seed 659
Initial fitness values: [np.float64(14.53936877613961), np.float64(13.529272829944986), np.float64(13.50757493141375), np.float64(12.687769889673616), np.float64(12.67673591464796), np.float64(12.585416010286059), np.float64(12.585416010286059), np.float64(12.576171808634362), np.float64(12.491491744254109), np.float64(12.449910984121034)]
Final fitness values: [np.float64(12.294601373711822), np.float64(12.294587083639675), np.float64(12.294587083639675), np.float64(12.293940717907129), np.float64(12.293502978706806), np.float64(12.293502978706806), np.float64(12.292412667981491), np.float64(12.292412667981491), np.float64(12.292412667981491), np.float64(12.292407340174215)]
HOF ITEM
12.292407340174215
-3.66683533040302,-2.068842437561775,-0.0733459177824134,6.6463750201503435,5.535858823934708,5.5667524520170275,2.0502619554713517,1.764238310085074,-6.516613223364262,-2.3695858087254766,2.110783442189358,0.5762588053974443,4.450211967377215,0.9257222009142966,3.482909950760038,5.366195817537584,0.8109058450514757,-0.04073252211354181
HOF ITEM
12.292408114103589
-3.66683533040302,-2.068842437561775,-0.0733459177824134,6.6463750201503435,5.535858823934708,5.5667524520170275,2.0502619554713517,1.764238310085074,-6.516613223364262,-2.3695858087254766,2.110783442189358,0.5762588053974443,4.826517610072569,0.8533736501654242,3.2195621490111934,5.239002431883591,0.9258803281874967,0.13127811626406083
HOF ITEM
12.292408609931607
-3.66683533040302,-2.12921391553965,-0.0733459177824134,6.6463750201503435,5.535858823934708,5.5667524520170275,2.0502619554713517,1.9909387185560714,-6.499875315756256,-2.3695858087254766,2.110783442189358,0.5762588053974443,4.450211967377215,0.8973576410034886,3.482909950760038,5.470829788503598,0.8109058450514757,-0.04073252211354181
HOF ITEM
12.2924126679761
-3.66683533040302,-2.068842437561775,-0.0733459177824134,6.6463750201503435,5.535858823934708,5.5667524520170275,2.0502619554713517,1.764238310085074,-6.516613223364262,-2.3695858087254766,2.110783442189358,0.5762588053974443,4.450211967377215,0.8533736501654242,3.482909950760038,5.239002431883591,0.8109058450514757,-0.04073252211354181
HOF ITEM
12.292412667981491
-3.66683533040302,-2.068842437561775,-0.0733459177824134,6.6463750201503435,5.535858823934708,5.5667524520170275,2.0502619554713517,1.764238310085074,-6.516613223364262,-2.3695858087254766,2.110783442189358,0.5762588053974443,4.450211967377215,0.8533736501654242,3.482909950760038,5.239002431883591,0.9258803281874967,0.13127811626406083
best parameter set
fitness 8.841451706570655 seed 655
-2.039652800327457,1.156552093202742,-5.413266932005113,0.7758399638178941,1.7438246173102416,-3.787725002939627,3.731486628071439,0.7842630632392421,4.012301254504677,-1.7369039090832756,2.995002547805648,-4.177093415202892,1.3469730562781286,2.048570846689229,4.717921174356814,-1.1623675437729168,2.7826540388169256,-1.9945680458840918
