seeds are [370 371 372 373 374 375 376 377 378 379]
seed 370
Initial fitness values: [np.float64(14.428191128179586), np.float64(12.923473506915236), np.float64(12.923473506915236), np.float64(12.923473506722846), np.float64(12.920375914997749), np.float64(12.895329088838471), np.float64(12.868618736114273), np.float64(12.848059708091478), np.float64(12.822895353492184), np.float64(12.735675726796755)]
Final fitness values: [np.float64(12.091903748178273), np.float64(12.091895882214994), np.float64(12.091895882183552), np.float64(12.091895882102692), np.float64(12.091895882102692), np.float64(12.091895882102692), np.float64(12.091895882102692), np.float64(12.090762917593818), np.float64(12.090762917593818), np.float64(12.090762917593816)]
HOF ITEM
12.090762917593816
-6.4984981219280975,-2.1741293892721836,5.797782991963558,-6.432197688170351,0.6322437454738425,-2.088860811117923,4.357615571638784,0.6625907352642061,2.6600098320142367,0.5888734092511219,1.740635162190606,2.143770591270942,-6.239445094941802,1.725441915298621,2.2873217901732024,-5.289010232564198,1.8399190455785328,-0.5346542831703983
HOF ITEM
12.090762917593818
-6.4984981219280975,-1.8475923097991673,5.797782991963558,-6.432197688170351,0.6322437454738425,-2.088860811117923,4.357615571638784,0.6625907352642061,2.6600098320142367,0.5888734092511219,1.6173844939406496,1.860725110816343,-6.239445094941802,1.725441915298621,2.2873217901732024,-5.289010232564198,1.8399190455785328,-0.5346542831703983
HOF ITEM
12.090762917593818
-6.4984981219280975,-1.8475923097991673,5.797782991963558,-6.432197688170351,0.6322437454738425,-2.088860811117923,4.357615571638784,0.6625907352642061,2.6600098320142367,0.5888734092511219,1.740635162190606,1.860725110816343,-6.239445094941802,1.725441915298621,2.2873217901732024,-5.289010232564198,1.8399190455785328,-0.5346542831703983
HOF ITEM
12.090762917593818
-6.4984981219280975,-1.8475923097991673,5.797782991963558,-6.432197688170351,0.6322437454738425,-2.088860811117923,4.357615571638784,0.6625907352642061,2.6600098320142367,0.5888734092511219,1.740635162190606,2.143770591270942,-6.239445094941802,1.725441915298621,2.2873217901732024,-5.289010232564198,1.8399190455785328,-0.5346542831703983
HOF ITEM
12.090762917593818
-6.4984981219280975,-1.8475923097991673,5.797782991963558,-6.432197688170351,0.6322437454738425,-2.088860811117923,4.357615571638784,0.6625907352642061,2.6600098320142367,0.6672700963596192,1.6173844939406496,1.860725110816343,-6.239445094941802,1.725441915298621,2.2873217901732024,-5.289010232564198,1.8399190455785328,-0.5346542831703983
seed 371
Initial fitness values: [np.float64(14.937258641573544), np.float64(14.65936822330936), np.float64(14.38660610580771), np.float64(13.318904280425754), np.float64(13.035613034283134), np.float64(12.891420173188893), np.float64(12.809299485370355), np.float64(12.621458653701042), np.float64(12.621458653701042), np.float64(12.412343218921409)]
Final fitness values: [np.float64(9.342666942408808), np.float64(9.342666942408808), np.float64(9.342666942408808), np.float64(9.342666942408808), np.float64(9.342666942408808), np.float64(9.342666942408808), np.float64(9.342666942408808), np.float64(9.342666942408808), np.float64(9.342666942408808), np.float64(9.342666942408808)]
HOF ITEM
9.342666942408808
0.6046171536813236,0.8006988916180456,-3.771646463447353,-4.324654713088362,3.1511165338054714,-2.221777613040229,0.8467389004235785,2.4516035100274567,-0.5861165921940605,-4.953168659864432,0.988605468665209,6.448978031593214,-4.03709037510457,2.501899279403084,2.8363612669907536,4.592962393152048,0.14203121829209836,4.459111751489757
HOF ITEM
9.352975560461996
0.6046171536813236,0.8006988916180456,-3.771646463447353,-4.324654713088362,3.1479808264456506,-2.227980861343949,0.8467389004235785,2.812580967590921,-0.5861165921940605,-5.261645265523293,1.2745190674129747,6.448978031593214,-4.03709037510457,2.501899279403084,2.761661115709405,4.592962393152048,0.14203121829209836,4.459111751489757
HOF ITEM
9.368111180624375
0.6046171536813236,0.8006988916180456,-3.771646463447353,-4.35807962139505,3.1511165338054714,-2.1910945350137907,0.8467389004235785,2.4516035100274567,-0.5861165921940605,-4.743083575049183,0.988605468665209,6.448978031593214,-4.019803995351545,2.6397514907661397,2.8363612669907536,4.461787573245365,0.14203121829209836,4.459111751489757
HOF ITEM
9.377935976947962
0.6046171536813236,0.7983504806527176,-3.771646463447353,-4.297000889188366,3.1511165338054714,-2.221777613040229,0.8467389004235785,2.4516035100274567,-0.5861165921940605,-4.987762799176653,0.988605468665209,6.448978031593214,-4.291936772068356,2.501899279403084,2.8363612669907536,4.592962393152048,0.14203121829209836,4.298963152954952
HOF ITEM
9.379876357442264
0.6046171536813236,0.8006988916180456,-3.771646463447353,-4.324654713088362,3.1511165338054714,-2.221777613040229,0.8467389004235785,2.4516035100274567,-0.5861165921940605,-4.953168659864432,0.988605468665209,6.448978031593214,-4.03709037510457,2.501899279403084,2.977162391846433,4.592962393152048,0.14203121829209836,4.459111751489757
seed 372
Initial fitness values: [np.float64(14.26676876339428), np.float64(13.075168442131755), np.float64(12.881831088593465), np.float64(12.742230057351412), np.float64(12.642713415094244), np.float64(12.606025666304317), np.float64(12.525622403998877), np.float64(12.525622403998877), np.float64(12.411814940812045), np.float64(12.338082374200336)]
Final fitness values: [np.float64(10.334149625291447), np.float64(10.330160611458178), np.float64(10.326804125887959), np.float64(10.326804125887959), np.float64(10.326804125887959), np.float64(10.326804125887959), np.float64(10.326804125887959), np.float64(10.326804125887959), np.float64(10.326804125887959), np.float64(10.326804125887959)]
HOF ITEM
10.326804125887959
2.7286574656960947,-0.09706375242542195,0.2501352648951663,-5.824664687305298,0.3154763217215681,-1.7974974002207107,0.5964965130238028,3.0,4.723734806007177,6.90478333170171,0.5177051882220858,6.829152749668544,2.2956662380959942,0.0,-1.512426624809828,1.1676673629793253,2.1993250055030766,-0.5903940933582795
HOF ITEM
10.326808664204965
2.7286574656960947,-0.09706375242542195,0.2501352648951663,-5.824664687305298,0.3154763217215681,-1.7974974002207107,0.5964965130238028,3.0,4.723734806007177,6.90478333170171,0.5912976974313255,6.829152749668544,2.2956662380959942,0.0,-1.512426624809828,1.1676673629793253,2.1993250055030766,-0.5903940933582795
HOF ITEM
10.326810072639123
2.7286574656960947,-0.09706375242542195,0.2501352648951663,-5.824664687305298,0.3154763217215681,-1.7974974002207107,0.5964965130238028,3.0,4.723734806007177,6.90478333170171,0.5912976974313255,6.30953859666703,2.2956662380959942,0.0,-1.512426624809828,1.1676673629793253,2.1993250055030766,-0.5903940933582795
HOF ITEM
10.326907814383405
2.7286574656960947,-0.09706375242542195,0.2501352648951663,-5.7462551917306035,0.3154763217215681,-1.7974974002207107,0.5964965130238028,3.0,4.723734806007177,6.90478333170171,0.5177051882220858,6.829152749668544,2.2956662380959942,0.0,-1.512426624809828,1.1676673629793253,2.1993250055030766,-0.5903940933582795
HOF ITEM
10.32740849310039
2.7286574656960947,-0.09706375242542195,0.2501352648951663,-5.795553405315283,0.3154763217215681,-1.7974974002207107,0.5964965130238028,3.0,4.232149180628122,6.90478333170171,0.6671004838076174,6.829152749668544,2.2956662380959942,0.0,-1.5461390404797783,1.1676673629793253,2.1993250055030766,-0.5903940933582795
seed 373
Initial fitness values: [np.float64(14.025739663081211), np.float64(14.025739663081211), np.float64(13.822424175180643), np.float64(13.794752419154772), np.float64(13.730874082805414), np.float64(13.641017169864403), np.float64(13.641017169864403), np.float64(13.42854902383657), np.float64(13.423844121811467), np.float64(13.302260957096532)]
Final fitness values: [np.float64(12.292989190180576), np.float64(12.292989190180576), np.float64(12.292989190180576), np.float64(12.292989190180576), np.float64(12.292989190180576), np.float64(12.292989190180576), np.float64(12.292989190180576), np.float64(12.292989190180576), np.float64(12.292989190180576), np.float64(12.292989190180576)]
HOF ITEM
12.292989190180576
1.0627762953690754,-3.3930019240576845,0.8699483090687556,0.060065774732787236,1.1471033785346503,4.683819770239442,0.9459446233726428,2.1202919210750593,-0.6504028126746816,4.952540403308281,2.0295856386161666,6.956275006647329,5.852013733977341,0.028856224532273954,-0.8725518883536909,6.3851903901007425,0.6310383097184065,-4.931941033766738
HOF ITEM
12.292989194128998
1.0627762953690754,-3.3930019240576845,0.8699483090687556,0.060065774732787236,1.1471033785346503,4.683819770239442,0.9459446233726428,2.1202919210750593,-0.6504028126746816,4.952540403308281,2.0295856386161666,6.956275006647329,5.852013733977341,0.028856224532273954,-0.8725518883536909,6.3851903901007425,0.6310383097184065,-4.825476746379584
HOF ITEM
12.292992450468008
1.0627762953690754,-3.3930019240576845,0.8699483090687556,0.060065774732787236,1.1471033785346503,4.683819770239442,0.9459446233726428,2.1202919210750593,-0.6504028126746816,4.952540403308281,2.0295856386161666,6.956275006647329,5.852013733977341,0.028856224532273954,-0.8725518883536909,6.3851903901007425,0.7451903546281415,-5.026817017071425
HOF ITEM
12.293300142781733
1.0627762953690754,-3.3930019240576845,0.8699483090687556,0.060065774732787236,1.1471033785346503,4.750726273545088,0.9459446233726428,2.1202919210750593,-0.6504028126746816,4.944849185456672,2.0295856386161666,6.956275006647329,6.004106576066391,0.0,-0.8725518883536909,6.1682452492912105,0.8476258145660207,-4.790026006896351
HOF ITEM
12.293380428667867
1.0627762953690754,-3.11109605021265,0.8699483090687556,0.06680247916608822,1.1471033785346503,4.8413370624867,0.9459446233726428,2.1202919210750593,-0.6504028126746816,4.952540403308281,1.6598081740205897,6.956275006647329,6.276277621191143,0.0,-0.8725518883536909,6.3851903901007425,0.5146114934867342,-5.109120371723648
seed 374
Initial fitness values: [np.float64(14.594842703795692), np.float64(13.15309606362431), np.float64(12.432952212961718), np.float64(11.6892823522084), np.float64(11.352474973023547), np.float64(11.267329205596964), np.float64(11.216684818045081), np.float64(11.214811648556315), np.float64(11.116329745552036), np.float64(11.049824009172065)]
Final fitness values: [np.float64(10.608716653720856), np.float64(10.608716653720856), np.float64(10.608716653720856), np.float64(10.608716653720856), np.float64(10.602330325582614), np.float64(10.602330325582614), np.float64(10.602330325582614), np.float64(10.602330325582006), np.float64(10.602296720269639), np.float64(10.602296720269639)]
HOF ITEM
10.602296720269639
-4.373933269600184,1.5690495507099302,1.9585424129179023,2.5040558475701817,6.973735206042777,4.880109520259622,-0.5974988383163289,1.3800509599143944,-1.6420986899434404,-3.0471264481473352,2.375478434501448,4.066022813410588,3.2938751553791623,0.25640233936580914,4.835420422732436,6.63413236387813,1.0571315548913425,-3.464237049095617
HOF ITEM
10.602330325582006
-4.373933269600184,1.5690495507099302,1.9585424129179023,2.5040558475701817,6.973735206042777,4.880109520259622,-0.5974988383163289,1.3800509599143944,-1.5317408089904743,-3.0471264481473352,2.375478434501448,4.066022813410588,3.2938751553791623,0.25640233936580914,4.835420422732436,6.314038506838362,1.0571315548913425,-3.464237049095617
HOF ITEM
10.602330325582614
-4.373933269600184,1.5690495507099302,1.9585424129179023,2.5040558475701817,6.973735206042777,4.880109520259622,-0.5974988383163289,1.3800509599143944,-1.5317408089904743,-3.0471264481473352,2.375478434501448,4.066022813410588,3.2938751553791623,0.25640233936580914,4.835420422732436,6.63413236387813,1.0571315548913425,-3.464237049095617
HOF ITEM
10.602451207401622
-4.373933269600184,1.5690495507099302,1.9585424129179023,2.5040558475701817,6.973735206042777,4.880109520259622,-0.5974988383163289,1.3800509599143944,-1.212664967530733,-3.0471264481473352,2.375478434501448,4.066022813410588,3.2938751553791623,0.25640233936580914,4.835420422732436,6.63413236387813,1.0571315548913425,-3.464237049095617
HOF ITEM
10.608716653720856
-4.373933269600184,1.5690495507099302,1.9585424129179023,2.5350305973694356,6.973735206042777,4.660905684654317,-0.6431177363389093,0.9667592206447266,-1.6420986899434404,-3.0471264481473352,2.375478434501448,4.066022813410588,3.3192305306289294,0.18985351569521922,4.835420422732436,6.314038506838362,1.0571315548913425,-3.464237049095617
seed 375
Initial fitness values: [np.float64(14.068514813637846), np.float64(14.068514813637846), np.float64(13.63972702978516), np.float64(13.38519393397246), np.float64(12.921584937374453), np.float64(12.808891753080706), np.float64(12.215158573670093), np.float64(12.215158573670093), np.float64(11.99880561277112), np.float64(11.99880561277112)]
Final fitness values: [np.float64(10.600246949542571), np.float64(10.600246949542571), np.float64(10.600246949542571), np.float64(10.600246949542571), np.float64(10.600246949542571), np.float64(10.600246938547622), np.float64(10.600246938547622), np.float64(10.600246938547617), np.float64(10.600246938547617), np.float64(10.600246938547617)]
HOF ITEM
10.600246938547617
-3.4339665959185366,1.578627684861872,4.212169055697469,-6.52623619544656,-2.332516621050053,-4.174545459561666,4.090029130943531,1.4443872669349727,-3.2737026566378757,2.8009105004866357,2.7476740243511673,-4.697454943120482,-2.2255410690668906,2.7568090863029386,-1.6171030531460444,-0.7725647883081783,1.4471700399275185,-3.3133916274828703
HOF ITEM
10.600246938547617
-3.4339665959185366,1.578627684861872,4.212169055697469,-6.52623619544656,-2.332516621050053,-4.174545459561666,4.090029130943531,1.4443872669349727,-3.2737026566378757,2.5574099878394505,2.7476740243511673,-4.697454943120482,-2.2255410690668906,2.7568090863029386,-1.6171030531460444,-0.7725647883081783,1.4471700399275185,-3.3133916274828703
HOF ITEM
10.600246938547617
-3.4339665959185366,1.578627684861872,4.212169055697469,-6.52623619544656,-2.332516621050053,-4.174545459561666,4.090029130943531,1.4443872669349727,-3.2737026566378757,2.5574099878394505,2.7476740243511673,-4.117020312822583,-2.2255410690668906,2.7568090863029386,-1.6171030531460444,-0.7725647883081783,1.4471700399275185,-3.3133916274828703
HOF ITEM
10.60024693854762
-3.4339665959185366,1.578627684861872,4.212169055697469,-6.52623619544656,-2.332516621050053,-4.174545459561666,4.164270653330595,1.4443872669349727,-3.2737026566378757,2.5574099878394505,2.7476740243511673,-4.117020312822583,-2.2255410690668906,2.7568090863029386,-1.6171030531460444,-0.7725647883081783,1.4471700399275185,-3.3133916274828703
HOF ITEM
10.600246938547622
-3.4339665959185366,1.578627684861872,4.212169055697469,-6.52623619544656,-2.332516621050053,-4.174545459561666,4.164270653330595,1.7800676089918324,-3.5033568189677404,2.8009105004866357,2.7476740243511673,-4.117020312822583,-2.2255410690668906,2.7568090863029386,-1.6171030531460444,-0.7725647883081783,1.4471700399275185,-3.3133916274828703
seed 376
Initial fitness values: [np.float64(14.374504796719085), np.float64(14.35595098099341), np.float64(13.282731911840015), np.float64(13.197654428240531), np.float64(12.27215441799131), np.float64(12.271672545850983), np.float64(12.271099611095522), np.float64(12.157274367404826), np.float64(12.020149463559072), np.float64(12.020149463559072)]
Final fitness values: [np.float64(10.72252371486785), np.float64(10.72252371486785), np.float64(10.722241374194752), np.float64(10.722226644472554), np.float64(10.722226644472554), np.float64(10.722226570264178), np.float64(10.722225019663691), np.float64(10.722205161589699), np.float64(10.722204286876984), np.float64(10.722202881390285)]
HOF ITEM
10.722202881390285
-7.0,1.566704991152048,4.728932507836275,7.0,6.073960299429528,-2.097253100571685,-3.161908466239719,1.7842991964461286,-1.5340878745667872,0.2754299041104532,2.5154692084141486,4.496904718914198,5.832609819189136,1.8599487438285591,5.916984064893916,-5.737489316168561,1.8082504570077211,-0.5064479259830551
HOF ITEM
10.722204286876984
-7.0,1.566704991152048,4.734381576451463,7.0,6.073960299429528,-2.0843777823791916,-3.371189687341545,1.7842991964461286,-1.5340878745667872,0.2754299041104532,3.0,4.496904718914198,5.819714397748249,1.6463622727249727,5.795515041507413,-5.737489316168561,1.8082504570077211,-0.5064479259830551
HOF ITEM
10.722204881175639
-7.0,1.566704991152048,4.580754814384625,6.685096957274481,5.967321305094502,-2.097253100571685,-3.0965372946160947,1.6155404207615265,-2.165569674726604,-0.29302301033294476,2.501591586249123,4.455365921557344,5.6383907043473105,2.3003290744910143,5.916984064893916,-5.737489316168561,1.8082504570077211,-0.5064479259830551
HOF ITEM
10.722205161589699
-7.0,1.566704991152048,4.728932507836275,7.0,6.073960299429528,-2.0843777823791916,-3.371189687341545,1.7842991964461286,-1.5340878745667872,0.16114468536218401,3.0,4.496904718914198,5.819714397748249,1.8599487438285591,5.916984064893916,-5.737489316168561,1.8082504570077211,-0.5064479259830551
HOF ITEM
10.722205161589699
-7.0,1.566704991152048,4.728932507836275,7.0,6.073960299429528,-2.0843777823791916,-3.371189687341545,1.7842991964461286,-1.5340878745667872,0.2754299041104532,2.5154692084141486,4.496904718914198,5.832609819189136,1.8599487438285591,5.916984064893916,-5.737489316168561,1.8082504570077211,-0.5064479259830551
seed 377
Initial fitness values: [np.float64(15.075425388488235), np.float64(14.982526890340047), np.float64(13.575704940805053), np.float64(13.55593042754264), np.float64(13.413098412491996), np.float64(13.413098412491996), np.float64(13.372595983557357), np.float64(13.354745301380804), np.float64(13.163208391822174), np.float64(13.083314848716949)]
Final fitness values: [np.float64(9.995512894241426), np.float64(9.994993515643367), np.float64(9.994993515643367), np.float64(9.994993515643367), np.float64(9.994993036833513), np.float64(9.994039578848469), np.float64(9.994039578848469), np.float64(9.994039578848469), np.float64(9.994039578848469), np.float64(9.994039578848469)]
HOF ITEM
9.994039578848469
-4.807033115083003,1.5978565127879572,-2.4567031269310813,5.392103284189374,-4.63368879104251,1.8984312285273912,-3.531557052488518,2.26781788758982,-0.7576398624790707,0.39915958288742265,0.3689444319256723,0.9349878909414745,0.24281802809695127,0.4102054017724796,3.9347833547642472,2.7971869336839736,3.0,-4.273639500935257
HOF ITEM
9.994049048435937
-4.807033115083003,1.5978565127879572,-2.2031290081883337,5.392103284189374,-4.63368879104251,1.733188171967341,-3.531557052488518,2.26781788758982,-0.7576398624790707,0.39915958288742265,0.3689444319256723,0.9349878909414745,0.24281802809695127,0.4102054017724796,3.9347833547642472,2.7971869336839736,3.0,-4.273639500935257
HOF ITEM
9.994049048817617
-4.807033115083003,1.5978565127879572,-2.2031290081883337,5.392103284189374,-4.63368879104251,1.8984312285273912,-3.531557052488518,2.26781788758982,-0.7576398624790707,0.39915958288742265,0.3689444319256723,0.9349878909414745,0.24281802809695127,0.4102054017724796,3.9347833547642472,2.7971869336839736,3.0,-4.273639500935257
HOF ITEM
9.994993036833513
-4.807033115083003,1.5978565127879572,-2.2031290081883337,5.392103284189374,-4.63368879104251,1.733188171967341,-3.531557052488518,2.26781788758982,-0.7576398624790707,0.39915958288742265,0.3689444319256723,1.0373320596786892,0.24281802809695127,0.4102054017724796,3.9347833547642472,2.7971869336839736,3.0,-4.273639500935257
HOF ITEM
9.994993515643367
-4.807033115083003,1.5978565127879572,-2.2031290081883337,5.392103284189374,-4.63368879104251,1.8984312285273912,-3.531557052488518,2.26781788758982,-0.7576398624790707,0.39915958288742265,0.3689444319256723,1.0373320596786892,0.24281802809695127,0.4102054017724796,3.9347833547642472,2.7971869336839736,3.0,-4.273639500935257
seed 378
Initial fitness values: [np.float64(13.69520848006141), np.float64(13.69520848006141), np.float64(13.456831547312614), np.float64(13.345750484465556), np.float64(13.33004873574761), np.float64(13.33004873574761), np.float64(13.323978209675627), np.float64(13.311861701712616), np.float64(13.304928761926336), np.float64(13.304928761926336)]
Final fitness values: [np.float64(10.840681436752734), np.float64(10.840681436752734), np.float64(10.840500260108268), np.float64(10.840500260108268), np.float64(10.840500259807088), np.float64(10.840446548276837), np.float64(10.840431809725334), np.float64(10.840422433501022), np.float64(10.83981653120914), np.float64(10.839758190506803)]
HOF ITEM
10.839758190506803
1.9140071800162095,0.26051433088335313,0.7078283714879485,-0.14844261827697575,-4.363335551061933,4.143205679445391,4.371776128854969,2.697790428144637,3.2454722122450126,1.2102752862727195,3.0,1.0555284328895838,5.993527021761606,1.291296008325751,-2.6449354549972055,-2.8018010207918476,0.46005409644948336,0.5062424205937077
HOF ITEM
10.839758190587716
1.9140071800162095,0.26051433088335313,0.7078283714879485,-0.14844261827697575,-4.363335551061933,4.143205679445391,4.371776128854969,2.697790428144637,3.2454722122450126,1.2102752862727195,3.0,1.0555284328895838,5.993527021761606,1.291296008325751,-2.6408508061037113,-2.8018010207918476,0.46005409644948336,0.5062424205937077
HOF ITEM
10.83981653120914
1.9140071800162095,0.26051433088335313,0.7078283714879485,-0.14844261827697575,-4.363335551061933,4.143205679445391,4.371776128854969,2.697790428144637,3.2454722122450126,1.2102752862727195,3.0,1.0555284328895838,5.993527021761606,1.291296008325751,-2.6449354549972055,-2.606592283711339,0.0,0.5820796573592185
HOF ITEM
10.840044442520696
1.9140071800162095,0.26051433088335313,0.7078283714879485,-0.14844261827697575,-5.122488686944184,4.020366574336302,4.062341482137558,2.575444816834282,3.7775436853491122,1.2102752862727195,3.0,1.0542823024474668,6.254419596920186,1.3171249210670568,-2.1745030684122244,-2.640226775490744,0.5827469350198782,0.5062424205937077
HOF ITEM
10.840167300786758
1.9140071800162095,0.26051433088335313,0.7078283714879485,-0.14844261827697575,-4.708328728160232,4.020366574336302,4.062341482137558,2.2883250988651027,3.7775436853491122,1.2102752862727195,3.0,1.0555284328895838,6.257738969069597,1.5340649592241868,-2.2137816096040304,-2.8018010207918476,0.46005409644948336,0.5062424205937077
seed 379
Initial fitness values: [np.float64(15.1253391260484), np.float64(14.0475955418204), np.float64(12.541805405311198), np.float64(11.67422084028699), np.float64(11.53947515593536), np.float64(11.411900209004804), np.float64(11.256586544349638), np.float64(11.19058491757742), np.float64(11.19058491757742), np.float64(11.132533158899493)]
Final fitness values: [np.float64(10.553634256279507), np.float64(10.553628831499813), np.float64(10.553628831499813), np.float64(10.553628831499813), np.float64(10.553628831499813), np.float64(10.553628831499813), np.float64(10.5439832787055), np.float64(10.5439832787055), np.float64(10.532677175490354), np.float64(10.532677175490354)]
HOF ITEM
10.532677175490354
0.14866055219182445,0.9955630378360368,-1.594702644651126,-5.818542470961087,-6.5568204580346165,1.4954436857123845,-1.3285719543140533,1.3819549317106419,0.9827973681465707,0.712431080214802,2.445380890291371,5.036006743563723,3.3268392107246245,0.23684524751289043,1.305200604886186,1.809453221752007,1.97990183844452,0.7670343854691536
HOF ITEM
10.538370994173965
0.14866055219182445,0.9955630378360368,-1.608513314963981,-5.818542470961087,-6.412457689750481,1.4954436857123845,-1.3285719543140533,1.3207118651622065,1.0072316822130898,0.712431080214802,2.3913498851739554,5.036006743563723,3.3268392107246245,0.23684524751289043,1.305200604886186,1.7132612859698881,1.97990183844452,1.010711539959579
HOF ITEM
10.5439832787055
0.14157230132152496,0.9955630378360368,-1.6971486161475473,-6.074331030633519,-6.424023565164041,1.4954436857123845,-1.3285719543140533,1.0174805611955828,0.8012746346188239,0.712431080214802,2.3913498851739554,5.036006743563723,3.3268392107246245,0.23684524751289043,1.353415179550485,1.9822011487217153,2.236817327279788,0.7399214519873558
HOF ITEM
10.549618427566916
0.14866055219182445,0.9955630378360368,-1.4631891201493006,-5.818542470961087,-6.412457689750481,1.4954436857123845,-1.3285719543140533,1.3207118651622065,1.0072316822130898,0.712431080214802,2.4938104228899602,5.173732520019676,3.3268392107246245,0.23684524751289043,1.305200604886186,1.351740997992899,1.97990183844452,1.010711539959579
HOF ITEM
10.553628831499813
0.14866055219182445,0.9955630378360368,-1.608513314963981,-5.818542470961087,-6.424023565164041,1.4954436857123845,-1.3285719543140533,0.8725307401853684,1.0072316822130898,0.712431080214802,2.3913498851739554,5.036006743563723,3.3268392107246245,0.23684524751289043,1.305200604886186,1.7132612859698881,1.97990183844452,1.010711539959579
best parameter set
fitness 9.066320806043981 seed 371
0.4424075409802502,0.9153994298681934,-3.749128808035873,-4.3307184587518,3.1481596643862275,-2.2423948747510267,0.8025425491285949,2.709435840190787,-0.5966243221557946,-4.746345367222794,0.9930727598054505,6.468961491925485,-4.019803995351545,2.6397514907661397,2.8142874362635584,4.448587764069286,0.1369645426785725,4.470343530886537
