seeds are [810 811 812 813 814 815 816 817 818 819]
seed 810
Initial fitness values: [np.float64(13.124467025661005), np.float64(13.087524786627315), np.float64(12.731270377774457), np.float64(12.599744672407327), np.float64(12.574094048660578), np.float64(12.468773518507078), np.float64(12.184634156554129), np.float64(12.092468393069048), np.float64(12.084803164218863), np.float64(11.97803075958477)]
Final fitness values: [np.float64(11.307296009872807), np.float64(11.307296009872807), np.float64(11.307296009872807), np.float64(11.307296009872807), np.float64(11.307296009872807), np.float64(11.307296009872807), np.float64(11.307296009872807), np.float64(11.307296009872807), np.float64(11.307296009872807), np.float64(11.307296009872807)]
HOF ITEM
11.307296009872807
4.1106622268306525,-1.0569636567894445,0.506810661961895,-2.2798824651420895,3.579935112760602,2.7806107779813565,1.2808347248564422,1.7726788741072501,5.678591501124828,5.887271215039984,1.0496037136197542,5.496459570640918,-1.1514680243086548,3.0,3.2245347868548806
HOF ITEM
11.307560751614371
4.1106622268306525,-1.0569636567894445,0.506810661961895,-2.2798824651420895,3.579935112760602,2.7806107779813565,1.2808347248564422,1.7726788741072501,5.678591501124828,5.887271215039984,1.0496037136197542,5.496459570640918,-1.1514680243086548,3.0,3.275956639154029
HOF ITEM
11.307637773842794
4.1106622268306525,-1.0569636567894445,0.506810661961895,-2.2798824651420895,3.579935112760602,2.7806107779813565,1.2808347248564422,1.7726788741072501,5.678591501124828,5.887271215039984,1.0496037136197542,5.010937886186746,-1.1514680243086548,3.0,3.2245347868548806
HOF ITEM
11.308181593937073
4.1106622268306525,-1.0569636567894445,0.506810661961895,-2.2798824651420895,3.579935112760602,2.7806107779813565,1.2808347248564422,1.7726788741072501,5.678591501124828,5.887271215039984,1.496316862712507,5.010937886186746,-1.1514680243086548,3.0,3.2245347868548806
HOF ITEM
11.30820897390816
4.1106622268306525,-1.0569636567894445,0.506810661961895,-2.2798824651420895,3.579935112760602,2.7806107779813565,1.2808347248564422,1.7726788741072501,5.678591501124828,6.347480112876834,1.0496037136197542,5.496459570640918,-1.1514680243086548,3.0,3.275956639154029
seed 811
Initial fitness values: [np.float64(14.241480002763142), np.float64(14.241480002763142), np.float64(13.985090105436136), np.float64(12.554432640636778), np.float64(12.554432640636778), np.float64(12.290675252650445), np.float64(11.19442513691079), np.float64(10.86229454008622), np.float64(10.738693377528561), np.float64(10.727741861410596)]
Final fitness values: [np.float64(9.976663015516877), np.float64(9.976663015516877), np.float64(9.976663015516877), np.float64(9.976663015516877), np.float64(9.976663015516877), np.float64(9.976663015516877), np.float64(9.976663015516877), np.float64(9.976663015516877), np.float64(9.976663015516877), np.float64(9.976663015516877)]
HOF ITEM
9.976663015516877
-3.9679756586971715,1.5854297714838317,-3.5397337139482854,5.162424506353671,6.977338731619844,-5.237017112633126,-2.654992844300067,2.5132550332713426,3.4863664782945065,-1.2514824319053357,1.3697834008670318,-2.9383132531868026,0.42439852822070234,0.34263854032715707,2.777181344693561
HOF ITEM
9.97759146127551
-3.9679756586971715,1.5854297714838317,-3.5397337139482854,5.17266313206293,6.637525854554718,-5.237017112633126,-2.654992844300067,2.528731175896551,3.134775831822453,-1.2514824319053357,1.1719834022207418,-2.9383132531868026,0.13941021463508374,0.34263854032715707,2.4513378786604805
HOF ITEM
9.982423982431818
-3.9679756586971715,1.5854297714838317,-3.5397337139482854,5.162424506353671,6.977338731619844,-5.237017112633126,-2.654992844300067,2.5132550332713426,3.4695556617561487,-1.2514824319053357,1.3697834008670318,-3.1492680221324427,0.6691900053258758,0.34263854032715707,3.014921431082275
HOF ITEM
9.982580451187426
-3.9679756586971715,1.5854297714838317,-3.5397337139482854,5.162424506353671,6.977338731619844,-5.237017112633126,-2.654992844300067,2.5132550332713426,3.4863664782945065,-1.5224930617632035,1.9171830942315102,-2.9383132531868026,0.42439852822070234,0.34263854032715707,2.777181344693561
HOF ITEM
9.988730630378416
-3.9679756586971715,1.5854297714838317,-3.5397337139482854,5.162424506353671,6.977338731619844,-5.237017112633126,-2.654992844300067,2.558774685116982,3.4863664782945065,-1.2514824319053357,1.3697834008670318,-3.04923370469253,0.38203231048083697,0.34263854032715707,2.777181344693561
seed 812
Initial fitness values: [np.float64(13.799962372147203), np.float64(13.799962372147203), np.float64(13.627232186124699), np.float64(13.496985887305454), np.float64(12.287653889076717), np.float64(12.212369646325214), np.float64(12.122841893018947), np.float64(11.673805673917775), np.float64(11.461827518832308), np.float64(11.429253490685316)]
Final fitness values: [np.float64(9.777158325012474), np.float64(9.777158325012474), np.float64(9.775058711536756), np.float64(9.775058711536756), np.float64(9.775055733744736), np.float64(9.775055733744736), np.float64(9.756293057050987), np.float64(9.734250739515197), np.float64(9.727341795401552), np.float64(9.727341795401552)]
HOF ITEM
9.727341795401552
-4.6929151536208735,1.613703639481707,-3.7971398709422015,3.4142957256212716,4.860605372496297,-1.5809161178201951,-3.373003338336897,2.325735096864146,1.5610432689085636,7.0,2.488894905623682,-6.191287807484619,-6.362838566737958,1.9958174197880527,1.7772427059072264
HOF ITEM
9.72734381550527
-4.6929151536208735,1.613703639481707,-3.7971398709422015,3.4142957256212716,4.860605372496297,-1.5809161178201951,-3.373003338336897,2.325735096864146,1.5610432689085636,7.0,2.488894905623682,-6.191287807484619,-6.0211816424144455,1.9958174197880527,1.7772427059072264
HOF ITEM
9.734250101592814
-4.6929151536208735,1.613703639481707,-3.7971398709422015,3.4142957256212716,4.860605372496297,-1.5809161178201951,-3.373003338336897,2.325735096864146,1.5610432689085636,7.0,2.715514042569471,-6.191287807484619,-6.0211816424144455,1.9958174197880527,1.7316586209311047
HOF ITEM
9.734250739515197
-4.6929151536208735,1.613703639481707,-3.7971398709422015,3.4142957256212716,4.860605372496297,-1.5809161178201951,-3.373003338336897,2.325735096864146,1.5610432689085636,7.0,2.715514042569471,-6.9003930894517564,-5.9876174219402944,1.9958174197880527,1.7316586209311047
HOF ITEM
9.734250739515197
-4.6929151536208735,1.613703639481707,-3.7971398709422015,3.4142957256212716,4.860605372496297,-1.5809161178201951,-3.373003338336897,2.325735096864146,1.5610432689085636,7.0,3.0,-6.9003930894517564,-5.9876174219402944,1.9958174197880527,1.7316586209311047
seed 813
Initial fitness values: [np.float64(14.277891042741206), np.float64(13.810241243121554), np.float64(13.056452181226867), np.float64(13.046262352329581), np.float64(12.602508472618341), np.float64(12.501675786772314), np.float64(12.436228876175136), np.float64(12.436228876175136), np.float64(12.302116372402978), np.float64(12.251737015440442)]
Final fitness values: [np.float64(11.194519679774261), np.float64(11.194519679774261), np.float64(11.1902801765297), np.float64(11.1902801765297), np.float64(11.18604294276679), np.float64(11.180685696959937), np.float64(11.180685696959937), np.float64(11.180685696959937), np.float64(11.180685696959937), np.float64(11.180685696959937)]
HOF ITEM
11.180685696959937
-0.9249732854976749,0.4554136805542055,4.043573474997093,3.7473657598741497,-2.366433014600025,5.1953669484462,-1.6110300652106426,1.8540034522014246,-5.371584698796317,-0.18999966294197349,0.19132039012873994,-2.8403433054823677,-3.4594608107252456,1.8362908342232451,-4.840011774955702
HOF ITEM
11.183520742167039
-0.9249732854976749,0.4554136805542055,4.043573474997093,3.7473657598741497,-2.366433014600025,5.1953669484462,-1.6110300652106426,1.8540034522014246,-5.371584698796317,-0.18999966294197349,0.19132039012873994,-2.8403433054823677,-3.5640222836057176,1.8362908342232451,-4.840011774955702
HOF ITEM
11.18604294276679
-0.9249732854976749,0.4554136805542055,4.043573474997093,3.7473657598741497,-2.366433014600025,5.1953669484462,-1.6110300652106426,1.8540034522014246,-5.371584698796317,-0.18999966294197349,0.19132039012873994,-2.8403433054823677,-3.5640222836057176,1.7138725331907174,-4.840011774955702
HOF ITEM
11.18760750902266
-0.9249732854976749,0.4554136805542055,4.043573474997093,3.7473657598741497,-2.366433014600025,5.1953669484462,-1.6110300652106426,1.8540034522014246,-5.371584698796317,-0.18999966294197349,0.19132039012873994,-2.8403433054823677,-3.5640222836057176,1.686652256411984,-4.840011774955702
HOF ITEM
11.189660089428584
-0.9249732854976749,0.4554136805542055,4.043573474997093,3.7473657598741497,-2.1233262479249198,5.42233030891431,-1.6110300652106426,1.8540034522014246,-5.265175480249068,-0.18999966294197349,0.19132039012873994,-2.8403433054823677,-3.6335801645887873,1.8931961061114362,-4.840011774955702
seed 814
Initial fitness values: [np.float64(14.753045984651953), np.float64(13.632275410565125), np.float64(13.038491892198543), np.float64(13.038491892198543), np.float64(11.877396108257162), np.float64(11.608479695342128), np.float64(11.608479695342128), np.float64(11.57261942365819), np.float64(11.567813616361963), np.float64(11.541381462165516)]
Final fitness values: [np.float64(11.138172703919363), np.float64(11.102657708730225), np.float64(11.102657708730225), np.float64(11.102657708730225), np.float64(11.102348427323655), np.float64(11.102348113993104), np.float64(11.102348113993104), np.float64(11.102348113993104), np.float64(11.102348113993104), np.float64(11.102348113993104)]
HOF ITEM
11.102348113993104
6.607477039285092,-1.0353536378473085,-3.8273335982266796,-1.9616491644287959,3.8143365437206604,5.856828528261037,1.3387099008223489,2.663219956182033,4.538356250351908,1.2041021259635705,3.0,-0.6848658943122763,1.7709836462474713,2.9608425831362224,-5.235349406679901
HOF ITEM
11.102348427323655
6.607477039285092,-1.0353536378473085,-3.8273335982266796,-1.9616491644287959,3.8143365437206604,5.856828528261037,1.3387099008223489,2.663219956182033,4.538356250351908,1.2041021259635705,3.0,-0.6848658943122763,1.7709836462474713,2.9608425831362224,-5.1597731343888595
HOF ITEM
11.102348477761337
6.607477039285092,-1.0353536378473085,-3.8273335982266796,-1.9616491644287959,3.8143365437206604,5.856828528261037,1.3387099008223489,2.663219956182033,4.538356250351908,1.2041021259635705,3.0,-0.6848658943122763,1.7709836462474713,2.9608425831362224,-5.148115939705385
HOF ITEM
11.102358384047172
6.607477039285092,-1.0353536378473085,-3.8273335982266796,-1.9616491644287959,3.8143365437206604,5.887593828326642,1.3387099008223489,2.663219956182033,4.538356250351908,1.2041021259635705,3.0,-0.6848658943122763,1.7709836462474713,2.9608425831362224,-5.235349406679901
HOF ITEM
11.10235868788567
6.607477039285092,-1.0353536378473085,-3.8273335982266796,-1.9616491644287959,3.8143365437206604,5.887593828326642,1.3387099008223489,2.663219956182033,4.538356250351908,1.2041021259635705,3.0,-0.6848658943122763,1.7709836462474713,2.9608425831362224,-5.1597731343888595
seed 815
Initial fitness values: [np.float64(14.586763095919613), np.float64(13.49287254110046), np.float64(13.40652781961212), np.float64(13.366258009624982), np.float64(13.259695775877155), np.float64(13.259695775877155), np.float64(13.235891573994873), np.float64(13.192267110340435), np.float64(13.088988767649694), np.float64(13.086867713597254)]
Final fitness values: [np.float64(10.825181430671927), np.float64(10.825181430671927), np.float64(10.802671846244944), np.float64(10.802671846244944), np.float64(10.796582594763402), np.float64(10.733519359450709), np.float64(10.733242458302534), np.float64(10.713184661022526), np.float64(10.713184661022526), np.float64(10.703268914610636)]
HOF ITEM
10.703268914610636
-0.26614921347898657,1.0075068792247488,3.3794135811625208,6.495614902761959,5.040585596530477,-0.8518919536478582,2.014232359482038,1.8605445144505417,3.344985657222706,-6.6073532519935885,3.0,2.286484836664937,0.38236789824388784,2.1374978819648613,-0.5206244834968391
HOF ITEM
10.713051748348745
-0.30775904149865385,0.9841983563330441,3.169753928778205,6.318729831644354,4.980112172934041,-0.6495999772508528,2.105454906775949,2.0340527394213015,3.2657377263354563,-7.0,2.9453110830287113,1.7966531310053195,0.38236789824388784,2.1374978819648613,-0.5547134108573528
HOF ITEM
10.713184661022526
-0.30775904149865385,0.9841983563330441,3.169753928778205,6.318729831644354,4.980112172934041,-0.6495999772508528,2.105454906775949,2.0340527394213015,3.853051609805784,-7.0,2.9453110830287113,1.7966531310053195,0.38236789824388784,2.1374978819648613,-0.5547134108573528
HOF ITEM
10.715213089662223
-0.30775904149865385,0.9841983563330441,3.169753928778205,6.318729831644354,4.980112172934041,-0.6495999772508528,2.014232359482038,1.8605445144505417,3.853051609805784,-7.0,2.9453110830287113,1.7966531310053195,0.38236789824388784,2.1374978819648613,-0.5547134108573528
HOF ITEM
10.71581113001515
-0.30775904149865385,0.9841983563330441,3.3712232423663946,6.495614902761959,5.022073551118157,-0.6495999772508528,2.105454906775949,2.0340527394213015,3.853051609805784,-7.0,2.9453110830287113,2.5123660172242186,0.34684568000471416,1.9599193411760734,-0.5592672138222801
seed 816
Initial fitness values: [np.float64(14.05117551567582), np.float64(13.59071261847645), np.float64(13.348844352651884), np.float64(11.926180502402692), np.float64(11.753223750215675), np.float64(11.753223750215675), np.float64(11.55185464614924), np.float64(11.400404723372002), np.float64(11.400404723372002), np.float64(11.38663809171796)]
Final fitness values: [np.float64(10.580580078704195), np.float64(10.580580078704195), np.float64(10.580580078704195), np.float64(10.580580078704195), np.float64(10.580580078704195), np.float64(10.580580078704195), np.float64(10.580580078704195), np.float64(10.580580078704195), np.float64(10.580580078704195), np.float64(10.580580078704195)]
HOF ITEM
10.580580078704195
-4.408956321546127,1.5806446506456635,-6.65629352022425,-1.8732919630678937,2.2301083862562407,-2.4184825951980207,-3.089002707210562,2.3928481932362207,3.6115615359978626,1.879507035664788,1.19106608780528,0.5191209299796037,-1.604549265144758,1.948475659105721,4.914932384986029
HOF ITEM
10.580826184639205
-4.408956321546127,1.5806446506456635,-6.65629352022425,-1.8732919630678937,2.2301083862562407,-2.4184825951980207,-3.089002707210562,2.3928481932362207,3.6115615359978626,1.815983951804753,1.19106608780528,0.5191209299796037,-1.604549265144758,1.963776226677425,4.914932384986029
HOF ITEM
10.580830535813208
-4.408956321546127,1.5806446506456635,-6.65629352022425,-1.8732919630678937,2.2301083862562407,-2.4184825951980207,-3.089002707210562,2.3928481932362207,3.6115615359978626,1.879507035664788,1.19106608780528,0.8741615526350067,-1.604549265144758,1.948475659105721,4.811097662325415
HOF ITEM
10.580830752965777
-4.408956321546127,1.5806446506456635,-6.65629352022425,-1.8732919630678937,2.2301083862562407,-2.4184825951980207,-3.089002707210562,2.3928481932362207,3.6115615359978626,1.879507035664788,1.19106608780528,0.5191209299796037,-1.604549265144758,1.948475659105721,4.811097662325415
HOF ITEM
10.580930123527764
-4.408956321546127,1.5806446506456635,-6.670108001996083,-1.8732919630678937,2.2301083862562407,-2.4184825951980207,-3.089002707210562,2.3928481932362207,3.6115615359978626,1.879507035664788,1.19106608780528,0.5191209299796037,-1.604549265144758,1.948475659105721,4.914932384986029
seed 817
Initial fitness values: [np.float64(14.688640134082469), np.float64(13.916272426385362), np.float64(12.063791623814293), np.float64(11.69716859345779), np.float64(11.69716859345779), np.float64(11.647862127170233), np.float64(11.44357918660624), np.float64(11.384779138296304), np.float64(11.271202520614382), np.float64(11.168853997630926)]
Final fitness values: [np.float64(11.029381028085437), np.float64(11.025246680090703), np.float64(11.025246680090703), np.float64(11.011065635663906), np.float64(11.008682217676851), np.float64(11.008682217676851), np.float64(11.007232745863748), np.float64(11.007232745863748), np.float64(11.004853719641673), np.float64(11.004853719641673)]
HOF ITEM
11.004853719641673
5.8064678952826725,-0.8956381270152786,0.7879669294601506,-5.961612156087697,2.4971064760091424,0.5111948574290087,-0.714818973533927,1.5811565127989837,4.642877424671663,1.907076757690063,0.4348071172293165,1.4921896078567367,1.2578672531743345,2.396101842074751,-0.7758512702410447
HOF ITEM
11.007232745863748
5.802985785016799,-0.8956381270152786,0.7879669294601506,-5.961612156087697,2.4971064760091424,0.5111948574290087,-0.714818973533927,1.5811565127989837,4.642877424671663,1.907076757690063,0.4348071172293165,1.4921896078567367,1.2578672531743345,2.396101842074751,-0.7758512702410447
HOF ITEM
11.008682217676851
5.8064678952826725,-0.8956381270152786,0.7879669294601506,-5.961612156087697,2.4971064760091424,0.5111948574290087,-0.714818973533927,1.5811565127989837,4.642877424671663,1.967486078892191,0.4348071172293165,1.4921896078567367,1.2578672531743345,2.396101842074751,-0.7758512702410447
HOF ITEM
11.009117913302465
5.8064678952826725,-0.8956381270152786,0.7879669294601506,-5.961612156087697,2.4971064760091424,0.5111948574290087,-0.5209828377713461,1.5811565127989837,4.676013451900053,2.1251642926415055,0.4348071172293165,1.7224339131546151,1.2578672531743345,2.396101842074751,-0.7758512702410447
HOF ITEM
11.010618748027804
5.8064678952826725,-0.8956381270152786,0.7879669294601506,-5.961612156087697,2.405340804266242,0.5111948574290087,-0.714818973533927,1.5811565127989837,4.477732830546612,1.907076757690063,0.4348071172293165,1.2359054282873525,1.2578672531743345,2.396101842074751,-0.7758512702410447
seed 818
Initial fitness values: [np.float64(13.04867410390156), np.float64(13.04867410390156), np.float64(13.009030578044296), np.float64(12.9421930089964), np.float64(12.9421930089964), np.float64(12.83517999770536), np.float64(12.141950630382444), np.float64(12.141950630382444), np.float64(12.141670607297002), np.float64(12.141274527690271)]
Final fitness values: [np.float64(10.68164178643886), np.float64(10.681638229896155), np.float64(10.681580749670195), np.float64(10.681580749670195), np.float64(10.681571598815676), np.float64(10.681571598815676), np.float64(10.68153900974646), np.float64(10.681461720452802), np.float64(10.681461720452802), np.float64(10.681447527453441)]
HOF ITEM
10.681447527453441
-6.456740296514686,1.5666996401582791,-4.2154897260704205,-0.6610733848295691,-3.3812224895359044,3.4307898379681347,3.804067471123604,0.0,-1.6457188986880702,-5.208242009654823,1.9000540715110965,-0.5020152163573376,5.136401983016625,2.5760136177104105,-2.5244121641221935
HOF ITEM
10.681461720452802
-6.456740296514686,1.5666996401582791,-4.38975065496347,-0.6610733848295691,-3.3812224895359044,3.4307898379681347,3.804067471123604,0.0,-1.6457188986880702,-5.208242009654823,1.9000540715110965,-0.5020152163573376,5.136401983016625,2.5760136177104105,-2.5244121641221935
HOF ITEM
10.681461720452802
-6.456740296514686,1.5666996401582791,-4.38975065496347,-0.6610733848295691,-3.3812224895359044,3.4307898379681347,3.804067471123604,0.0,-1.6457188986880702,-5.208242009654823,1.9000540715110965,-0.5020152163573376,5.136401983016625,2.5760136177104105,-2.134346683875431
HOF ITEM
10.68153900974646
-6.456740296514686,1.5666996401582791,-4.2154897260704205,-0.6610733848295691,-3.3812224895359044,3.4307898379681347,3.938040052587687,0.0,-1.6457188986880702,-5.208242009654823,1.9000540715110965,-0.5020152163573376,5.136401983016625,2.5760136177104105,-2.134346683875431
HOF ITEM
10.68153900974646
-6.456740296514686,1.5666996401582791,-4.2154897260704205,-0.6610733848295691,-3.3812224895359044,3.4307898379681347,3.938040052587687,0.0,-1.6457188986880702,-5.208242009654823,1.9000540715110965,-0.5020152163573376,5.136401983016625,2.5760136177104105,-2.5244121641221935
seed 819
Initial fitness values: [np.float64(13.486979732937176), np.float64(13.486979732937176), np.float64(13.321598464091943), np.float64(13.287568194974407), np.float64(13.092124434196803), np.float64(13.092124434196803), np.float64(12.724906364760473), np.float64(12.724906364760473), np.float64(12.246510337263226), np.float64(12.185325899212936)]
Final fitness values: [np.float64(10.36664462123818), np.float64(10.36664462123818), np.float64(10.36664462123818), np.float64(10.36664462123818), np.float64(10.366312021313078), np.float64(10.36631202125388), np.float64(10.36631202125388), np.float64(10.36631202125388), np.float64(10.36631202125388), np.float64(10.36631202125388)]
HOF ITEM
10.36631202125388
-1.764440391151538,1.2692762339021597,-3.754801941646158,-4.565217081537102,-2.4682142779379226,3.627798896245561,-4.136896886183053,2.6598814977688896,-1.1458488890469034,-0.78946290686149,2.20695957929751,-1.3475540992482464,5.799555119808703,1.7694437184679996,-6.430241282832701
HOF ITEM
10.36631202125388
-1.764440391151538,1.2692762339021597,-3.754801941646158,-4.565217081537102,-2.4682142779379226,3.627798896245561,-4.136896886183053,2.6598814977688896,-1.1458488890469034,-0.78946290686149,2.20695957929751,-1.3475540992482464,5.527997135472431,1.7694437184679996,-6.321974758909668
HOF ITEM
10.36631202125388
-1.764440391151538,1.2692762339021597,-3.754801941646158,-4.565217081537102,-2.4682142779379226,3.627798896245561,-4.136896886183053,2.6598814977688896,-1.1458488890469034,-0.78946290686149,2.20695957929751,-1.3475540992482464,5.527997135472431,1.7694437184679996,-6.430241282832701
HOF ITEM
10.366312021313078
-1.764440391151538,1.2692762339021597,-3.754801941646158,-4.565217081537102,-2.4682142779379226,3.627798896245561,-3.919244286512919,2.6598814977688896,-1.1458488890469034,-0.78946290686149,2.20695957929751,-1.3475540992482464,5.799555119808703,2.5531420535922984,-6.321974758909668
HOF ITEM
10.366312021313078
-1.764440391151538,1.2692762339021597,-3.754801941646158,-4.565217081537102,-2.4682142779379226,3.627798896245561,-3.919244286512919,2.6598814977688896,-1.1458488890469034,-0.78946290686149,2.20695957929751,-1.3475540992482464,5.527997135472431,1.7694437184679996,-6.321974758909668
best parameter set
fitness 9.626193543510869 seed 812
-4.686642756750601,1.5900537372445003,-3.77812082804837,3.4098020498046018,4.864650258332124,-1.5995075617028194,-3.379511117285964,2.3362062121459153,1.5585650897535044,7.0,2.488894905623682,-6.191287807484619,-6.362838641633646,1.9958637090939177,1.7814349441904982
