seeds are [560 561 562 563 564 565 566 567 568 569]
seed 560
Initial fitness values: [np.float64(14.938270820952646), np.float64(13.389439411218884), np.float64(13.053813058546128), np.float64(12.993691575046052), np.float64(12.500801640921305), np.float64(12.500801640921305), np.float64(12.478343834386648), np.float64(12.367327505943233), np.float64(12.343156542744342), np.float64(12.343155693601954)]
Final fitness values: [np.float64(12.289798039297796), np.float64(12.289798039297796), np.float64(12.289797301549253), np.float64(12.289094934770294), np.float64(12.289094934770294), np.float64(12.289050532044365), np.float64(12.28886508638763), np.float64(12.28886508638763), np.float64(12.28885319969614), np.float64(12.288851569511616)]
HOF ITEM
12.288851569511616
2.850766661255383,-3.7062366491403145,-4.139312615831283,-0.9575745228507303,0.351387262128613,7.0,4.688204351965423,2.384245102944371,-3.132115537875892,1.2660347702847448,2.1033330948533218,1.3296267784580973,6.73019185068839,1.4651410777995502,3.048705576592246,1.628643663927594,3.0,1.083763844910324
HOF ITEM
12.288853199215447
2.850766661255383,-3.7062366491403145,-4.139312615831283,-0.9575745228507303,0.351387262128613,7.0,4.688204351965423,2.384245102944371,-3.132115537875892,1.2660347702847448,2.1033330948533218,1.3296267784580973,6.724568275052543,1.4651410777995502,3.361006640519775,1.628643663927594,3.0,0.7407609771226251
HOF ITEM
12.28885319969614
2.850766661255383,-3.7062366491403145,-4.139312615831283,-0.9575745228507303,0.351387262128613,7.0,4.688204351965423,2.384245102944371,-3.132115537875892,1.2660347702847448,2.1033330948533218,1.3296267784580973,6.73019185068839,1.4651410777995502,3.361006640519775,1.628643663927594,3.0,0.7407609771226251
HOF ITEM
12.2888532051177
2.850766661255383,-3.7062366491403145,-4.139312615831283,-0.9575745228507303,0.351387262128613,7.0,4.688204351965423,2.384245102944371,-3.132115537875892,1.2660347702847448,2.1033330948533218,1.3296267784580973,6.73019185068839,1.4651410777995502,3.048705576592246,1.628643663927594,3.0,0.7407609771226251
HOF ITEM
12.288853217348867
2.850766661255383,-3.7062366491403145,-4.139312615831283,-0.9575745228507303,0.351387262128613,7.0,4.688204351965423,2.384245102944371,-3.132115537875892,1.2660347702847448,2.1033330948533218,1.3296267784580973,6.724568275052543,1.570586655479129,3.361006640519775,1.628643663927594,3.0,0.7407609771226251
seed 561
Initial fitness values: [np.float64(14.287018624710202), np.float64(13.861924017488704), np.float64(13.413285106233262), np.float64(13.361930973197236), np.float64(13.114419416878597), np.float64(13.059854750433924), np.float64(12.862501791411072), np.float64(12.862501791411072), np.float64(12.691315604960133), np.float64(12.653045412452263)]
Final fitness values: [np.float64(9.67173889921476), np.float64(9.67173889921476), np.float64(9.67173889921476), np.float64(9.67173889921476), np.float64(9.67173889921476), np.float64(9.67173889921476), np.float64(9.671738413092301), np.float64(9.671738413092301), np.float64(9.671738413092301), np.float64(9.671738413092301)]
HOF ITEM
9.671738413092301
-5.716959469711609,1.3175496758522156,2.3034024179229653,-2.701046889720366,4.4339260329103904,5.583761762366804,-1.9425371236116529,0.32305693882650227,2.280077950259987,4.427464002545117,3.0,-2.5901245756461315,1.5281972290239976,0.5483196229142424,-0.19089283980859564,-4.935901944826339,2.0057980047298694,-3.3304857943982005
HOF ITEM
9.671738413092301
-5.716959469711609,1.3175496758522156,2.3034024179229653,-2.701046889720366,4.4339260329103904,5.583761762366804,-1.9425371236116529,0.32305693882650227,2.280077950259987,4.427464002545117,3.0,-2.912019772868022,1.5281972290239976,0.5483196229142424,-0.19089283980859564,-4.935901944826339,2.0057980047298694,-3.3304857943982005
HOF ITEM
9.671738413092301
-5.716959469711609,1.3175496758522156,2.3034024179229653,-2.701046889720366,4.4339260329103904,5.583761762366804,-1.9425371236116529,0.32305693882650227,2.280077950259987,4.427464002545117,3.0,-2.869486769545014,1.5281972290239976,0.5483196229142424,-0.19089283980859564,-4.935901944826339,2.0057980047298694,-3.3304857943982005
HOF ITEM
9.671738413092301
-5.716959469711609,1.3175496758522156,2.3034024179229653,-2.701046889720366,4.4339260329103904,5.583761762366804,-1.9425371236116529,0.32305693882650227,2.280077950259987,3.989399939716548,3.0,-2.869486769545014,1.5281972290239976,0.5483196229142424,-0.19089283980859564,-4.935901944826339,2.0057980047298694,-3.3304857943982005
HOF ITEM
9.67173889921476
-5.716959469711609,1.3175496758522156,2.3034024179229653,-2.701046889720366,4.4339260329103904,5.583761762366804,-1.9425371236116529,0.32305693882650227,2.280077950259987,4.253890105086306,3.0,-2.912019772868022,1.5281972290239976,0.5483196229142424,-0.0790210832125054,-4.935901944826339,2.0057980047298694,-3.3304857943982005
seed 562
Initial fitness values: [np.float64(14.028438847376648), np.float64(13.909988545107117), np.float64(13.28341311776361), np.float64(13.28341311776361), np.float64(13.276791363688282), np.float64(13.230348438604612), np.float64(13.147296544284973), np.float64(13.147296544284973), np.float64(13.147296544284973), np.float64(13.146465871926392)]
Final fitness values: [np.float64(13.13046426338502), np.float64(13.13046426338502), np.float64(13.130464018330713), np.float64(13.130463886696045), np.float64(13.130463886696045), np.float64(13.130463886696045), np.float64(13.129265334563796), np.float64(13.129265334563796), np.float64(13.129265334563796), np.float64(13.129265334563796)]
HOF ITEM
13.129265334563796
7.0,-1.3831864745977327,6.755497271796956,-2.9048027836459,0.5968123383102197,1.4230894997570347,4.700129047427599,0.8138494620548221,-4.311910985095892,-6.987573985790233,0.4839679209602776,-0.658542028608468,1.8611087825396433,0.9066170351170714,-4.406697562749328,3.6745271545042373,0.966253629714185,-5.147060852497689
HOF ITEM
13.129265364535438
7.0,-1.3831864745977327,6.755497271796956,-2.9048027836459,0.5968123383102197,1.4230894997570347,4.700129047427599,0.8138494620548221,-4.311910985095892,-7.0,0.4839679209602776,-0.658542028608468,1.8611087825396433,0.9066170351170714,-4.406697562749328,3.6745271545042373,0.966253629714185,-5.147060852497689
HOF ITEM
13.12989957593151
6.7756207960150485,-1.4166037273581904,6.755497271796956,-2.6437385873572445,0.5968123383102197,1.4230894997570347,4.700129047427599,1.0872443569282766,-4.479804112957985,-7.0,0.4839679209602776,-0.658542028608468,1.8611087825396433,0.9066170351170714,-4.344115322430634,3.532489989550729,0.966253629714185,-4.966313734482959
HOF ITEM
13.130220057687254
7.0,-1.4168664491099507,6.755497271796956,-2.9048027836459,0.8479640878601189,1.6362227569461145,4.700129047427599,0.9607524946845014,-4.311910985095892,-6.759474394009633,0.769902248334746,-0.658542028608468,1.8611087825396433,0.8898479803862689,-4.778798874523409,3.6745271545042373,0.9296575248659916,-5.147060852497689
HOF ITEM
13.13034690175359
7.0,-1.4168664491099507,6.755497271796956,-2.404699424895351,0.8479640878601189,1.6362227569461145,4.700129047427599,0.8108012463988499,-4.34378185166923,-6.759474394009633,0.769902248334746,-0.658542028608468,1.8611087825396433,0.9066170351170714,-5.042493796692093,3.6745271545042373,0.966253629714185,-5.147060852497689
seed 563
Initial fitness values: [np.float64(12.478266719851232), np.float64(12.478266719851232), np.float64(12.18732965030777), np.float64(12.18732965030777), np.float64(12.18732965030777), np.float64(12.154574079024277), np.float64(12.088864333244157), np.float64(12.088864333244157), np.float64(12.088864333244157), np.float64(12.088696297393808)]
Final fitness values: [np.float64(12.068533888401078), np.float64(12.068533888401078), np.float64(12.068533888401078), np.float64(12.068533888401078), np.float64(12.068533888401078), np.float64(12.068533888401078), np.float64(12.068533888401078), np.float64(12.068533888401078), np.float64(12.068533888401078), np.float64(12.068533888401078)]
HOF ITEM
12.068533888401078
-4.33941173819829,-1.192518887973829,-3.167730477226657,5.724231468282483,3.9838930005688513,2.054657720966854,5.172941982798676,0.0,-1.1275735949113113,-3.745917575225387,2.098021598222228,-0.14490417547883983,-3.2075623980334385,1.8386719061335448,-0.6755989711791974,-2.1726952816609093,1.481527372890219,5.220949599719156
HOF ITEM
12.068565259322314
-4.33941173819829,-1.192518887973829,-3.167730477226657,5.724231468282483,3.9838930005688513,2.054657720966854,5.172941982798676,0.0,-1.1275735949113113,-3.745917575225387,2.098021598222228,-0.14490417547883983,-3.2075623980334385,1.8386719061335448,-0.6755989711791974,-2.1726952816609093,1.481527372890219,5.115253902311998
HOF ITEM
12.068577607146954
-4.33941173819829,-1.192518887973829,-3.167730477226657,5.724231468282483,3.9838930005688513,2.036157797436926,5.172941982798676,0.0,-1.1275735949113113,-3.745917575225387,2.098021598222228,-0.14490417547883983,-3.2075623980334385,1.8386719061335448,-0.6755989711791974,-2.1726952816609093,1.481527372890219,5.220949599719156
HOF ITEM
12.06858217124318
-4.33941173819829,-1.192518887973829,-3.167730477226657,5.724231468282483,3.9838930005688513,2.054657720966854,5.172941982798676,0.0,-1.1275735949113113,-3.745917575225387,2.098021598222228,-0.14490417547883983,-3.2075623980334385,1.8386719061335448,-0.6755989711791974,-2.384560616098974,1.481527372890219,5.115253902311998
HOF ITEM
12.068609564247758
-4.33941173819829,-1.192518887973829,-3.167730477226657,5.724231468282483,3.9838930005688513,2.036157797436926,5.172941982798676,0.0,-1.1275735949113113,-3.745917575225387,2.098021598222228,-0.14490417547883983,-3.2075623980334385,1.8386719061335448,-0.6755989711791974,-2.1726952816609093,1.481527372890219,5.115253902311998
seed 564
Initial fitness values: [np.float64(14.414999035343396), np.float64(13.458353672259442), np.float64(13.14778383468123), np.float64(13.089335446509049), np.float64(12.990726980148272), np.float64(12.930848562823833), np.float64(12.698078418878444), np.float64(12.63575855648285), np.float64(12.587520736461553), np.float64(12.533479044669084)]
Final fitness values: [np.float64(12.288550349270757), np.float64(12.288470322972177), np.float64(12.288470322972177), np.float64(12.288470322972177), np.float64(12.288470320932744), np.float64(12.288463660782595), np.float64(12.288403734828126), np.float64(12.288400673151054), np.float64(12.288396738046782), np.float64(12.288396738046782)]
HOF ITEM
12.288396738046782
-3.1581091563802834,-2.090212454403932,4.616674903551528,-3.6084250488813594,-7.0,-3.4357963891397825,2.9873717251547696,1.2071329112082818,1.901367305203619,-1.4969022733310966,1.4067312380084405,-5.461860522989359,-1.9268346876266322,2.1196832999625554,-0.4531149425092253,-2.080174480051792,2.1015238513853474,-0.6965504377865619
HOF ITEM
12.288397049912033
-3.1581091563802834,-2.090212454403932,4.616674903551528,-3.6084250488813594,-7.0,-3.4357963891397825,2.577863902319338,1.2071329112082818,1.901367305203619,-1.4969022733310966,1.4067312380084405,-5.304558531764646,-1.9268346876266322,2.1196832999625554,-0.4531149425092253,-2.080174480051792,2.1015238513853474,-0.6965504377865619
HOF ITEM
12.288400673151054
-3.1581091563802834,-2.090212454403932,4.616674903551528,-3.61675902327714,-7.0,-3.4357963891397825,2.651972803999815,1.2071329112082818,2.1161804635045787,-1.4969022733310966,1.4067312380084405,-5.304558531764646,-1.9268346876266322,2.1196832999625554,-0.4531149425092253,-2.080174480051792,2.1015238513853474,-0.6965504377865619
HOF ITEM
12.288400673769475
-3.1581091563802834,-2.090212454403932,4.616674903551528,-3.61675902327714,-7.0,-3.4357963891397825,2.651972803999815,1.2071329112082818,1.901367305203619,-1.4969022733310966,1.4067312380084405,-5.304558531764646,-1.9268346876266322,2.1196832999625554,-0.4531149425092253,-2.080174480051792,2.1015238513853474,-0.6965504377865619
HOF ITEM
12.288400675249576
-3.1581091563802834,-2.090212454403932,4.616674903551528,-3.61675902327714,-7.0,-3.4357963891397825,2.9873717251547696,1.2071329112082818,1.901367305203619,-1.4969022733310966,1.4067312380084405,-5.304558531764646,-1.9268346876266322,2.1196832999625554,-0.4531149425092253,-2.080174480051792,2.1015238513853474,-0.6965504377865619
seed 565
Initial fitness values: [np.float64(13.997907658167227), np.float64(13.564432381019202), np.float64(13.564432381019202), np.float64(13.314793212136593), np.float64(13.314793212136593), np.float64(12.960469567946786), np.float64(12.797352305858272), np.float64(12.74478046882382), np.float64(12.74478046882382), np.float64(12.631838171644384)]
Final fitness values: [np.float64(10.187431772321203), np.float64(10.135231020841658), np.float64(10.135231020841658), np.float64(10.135231020841658), np.float64(9.871226740130211), np.float64(9.871226740130211), np.float64(9.871226740130211), np.float64(9.851883030769612), np.float64(9.790692701737635), np.float64(9.790692701737635)]
HOF ITEM
9.790692701737635
-6.134608213683891,1.3799416827997757,-5.172207876815776,5.582287573761588,7.0,-4.582653575909836,1.4611585754016194,0.0,4.428005751012201,6.773749871179134,2.031911173734836,-5.704158912995092,5.42288039245442,1.64187451089801,-1.3141180246992605,-5.023995709317108,1.9241271955089765,-1.231314164931845
HOF ITEM
9.818373367351882
-6.134608213683891,1.3799416827997757,-5.077381978961557,5.62844098603748,6.398591385743376,-4.646022807215347,1.578994308802729,0.0,4.5392810544984,6.773749871179134,2.031911173734836,-5.704158912995092,5.42288039245442,2.057775830886268,-1.4383738668642274,-5.023995709317108,1.9241271955089765,-1.2376756315920068
HOF ITEM
9.851883030769612
-6.134608213683891,1.3799416827997757,-5.172207876815776,5.582287573761588,7.0,-4.582653575909836,1.7444925547520809,0.0,4.671607326318813,6.992108873294831,2.031911173734836,-5.704158912995092,5.687951866274207,2.153709908356888,-1.3141180246992605,-5.023995709317108,1.9241271955089765,-1.231314164931845
HOF ITEM
9.851883030769612
-6.134608213683891,1.3799416827997757,-5.172207876815776,5.582287573761588,7.0,-4.582653575909836,1.7444925547520809,0.0,4.671607326318813,6.992108873294831,2.4233620910982516,-5.704158912995092,5.687951866274207,1.64187451089801,-1.3141180246992605,-5.023995709317108,1.9241271955089765,-1.231314164931845
HOF ITEM
9.851883030769612
-6.134608213683891,1.3799416827997757,-5.172207876815776,5.582287573761588,7.0,-4.582653575909836,1.7444925547520809,0.0,4.671607326318813,6.992108873294831,2.031911173734836,-5.704158912995092,5.42288039245442,1.64187451089801,-1.3141180246992605,-5.023995709317108,1.9241271955089765,-1.231314164931845
seed 566
Initial fitness values: [np.float64(14.155059070266738), np.float64(13.858151797784943), np.float64(13.2286190695428), np.float64(13.2286190695428), np.float64(13.138859903564997), np.float64(13.02833805983851), np.float64(13.022071521192306), np.float64(12.715062819803999), np.float64(11.88418634894396), np.float64(11.680932563654572)]
Final fitness values: [np.float64(9.195109701901712), np.float64(9.195109701901712), np.float64(9.195109701901712), np.float64(9.195109701901712), np.float64(9.195109701901712), np.float64(9.18069925188627), np.float64(9.18069925188627), np.float64(9.18069925188627), np.float64(9.18069925188627), np.float64(9.18069925188627)]
HOF ITEM
9.18069925188627
-0.513452952412679,0.9227145575856626,-2.640207901156249,-3.3257867848262963,-7.0,-6.433208457999798,-0.09358412698674641,2.7220762893463775,-3.7496777562489885,-0.5793591660029532,2.7429400010437393,-2.9471775466755643,5.728307781950481,2.249067125925231,-0.9163778471678392,3.067701909081529,1.6161500732787444,-2.103848870756762
HOF ITEM
9.18069925188627
-0.513452952412679,0.9227145575856626,-2.640207901156249,-3.3257867848262963,-7.0,-6.433208457999798,-0.09358412698674641,2.7220762893463775,-3.7496777562489885,-0.5793591660029532,2.7429400010437393,-2.9471775466755643,5.5308640079246985,1.9634632104915153,-0.9163778471678392,3.067701909081529,1.6161500732787444,-2.103848870756762
HOF ITEM
9.190106017844778
-0.513452952412679,0.9227145575856626,-2.640207901156249,-3.344460070286536,-7.0,-6.335466550353154,-0.09358412698674641,2.7220762893463775,-3.7496777562489885,-0.5785303215737008,2.7429400010437393,-2.9471775466755643,5.828365751791118,2.314897891384867,-0.9163778471678392,3.067701909081529,1.581380820798547,-2.103848870756762
HOF ITEM
9.195107679035006
-0.513452952412679,0.9227145575856626,-2.640207901156249,-3.344460070286536,-7.0,-6.335466550353154,-0.09358412698674641,2.7220762893463775,-3.7496777562489885,-0.5793591660029532,2.7429400010437393,-2.9471775466755643,5.728307781950481,2.249067125925231,-0.9163778471678392,3.067701909081529,1.581380820798547,-2.103848870756762
HOF ITEM
9.195109701901712
-0.513452952412679,0.9227145575856626,-2.640207901156249,-3.344460070286536,-7.0,-6.335466550353154,-0.09358412698674641,2.7220762893463775,-3.7496777562489885,-0.5793591660029532,2.7429400010437393,-2.9471775466755643,5.5308640079246985,1.9634632104915153,-0.9163778471678392,3.067701909081529,1.6161500732787444,-2.103848870756762
seed 567
Initial fitness values: [np.float64(14.276962910718067), np.float64(14.276962910718067), np.float64(13.059388266538061), np.float64(13.059388266538061), np.float64(12.807743901388006), np.float64(12.485615621798262), np.float64(12.485615621798262), np.float64(12.460144949008749), np.float64(12.386754834556271), np.float64(12.31230590538095)]
Final fitness values: [np.float64(10.682168145758363), np.float64(10.682168145758363), np.float64(10.682168145758363), np.float64(10.679965428282577), np.float64(10.675725653008971), np.float64(10.674755290483207), np.float64(10.67420261815554), np.float64(10.67420261815554), np.float64(10.673254213497492), np.float64(10.673254213497492)]
HOF ITEM
10.673254213497492
-2.672115953664212,1.565899417211884,-6.719108830026099,-0.49601035812850736,-3.171857122090717,-0.13692162496524812,6.092798143882857,1.3465545963428425,5.643992338517275,-1.3844942071420914,3.0,0.4703115899256557,-0.19256873003217356,1.8453740012854507,-2.1219190262642456,5.257296608221276,2.9697691634978707,2.9830407480129515
HOF ITEM
10.67420261815554
-2.672115953664212,1.565899417211884,-6.271300786651091,-0.49601035812850736,-3.171857122090717,-0.13692162496524812,5.619048167454055,1.7843411213423406,5.652218780010424,-1.3844942071420914,3.0,0.4703115899256557,-0.19256873003217356,1.8453740012854507,-2.732147951067687,5.257296608221276,3.0,3.0199184992831634
HOF ITEM
10.67420261815554
-2.672115953664212,1.565899417211884,-6.271300786651091,-0.49601035812850736,-3.171857122090717,-0.13692162496524812,5.619048167454055,1.7843411213423406,5.652218780010424,-1.3844942071420914,3.0,0.4703115899256557,-0.19256873003217356,1.8453740012854507,-2.732147951067687,5.257296608221276,3.0,2.912611376458631
HOF ITEM
10.674202620318864
-2.672115953664212,1.565899417211884,-6.271300786651091,-0.49601035812850736,-3.171857122090717,-0.13692162496524812,6.092798143882857,1.3465545963428425,5.643992338517275,-1.3844942071420914,3.0,0.4703115899256557,-0.19256873003217356,1.8453740012854507,-2.732147951067687,5.257296608221276,3.0,2.912611376458631
HOF ITEM
10.674202631523002
-2.672115953664212,1.565899417211884,-6.271300786651091,-0.49601035812850736,-3.171857122090717,-0.13692162496524812,5.619048167454055,1.3465545963428425,5.643992338517275,-1.3844942071420914,3.0,0.4703115899256557,-0.19256873003217356,1.8453740012854507,-2.732147951067687,5.257296608221276,3.0,2.912611376458631
seed 568
Initial fitness values: [np.float64(14.481719091488031), np.float64(13.604447430367287), np.float64(13.453097969135325), np.float64(12.962334761302492), np.float64(12.670228245543782), np.float64(12.428229384055028), np.float64(12.2380070849251), np.float64(12.119666479615052), np.float64(12.119666479615052), np.float64(12.119666479615052)]
Final fitness values: [np.float64(12.021840929947292), np.float64(12.021840929947292), np.float64(12.021840929947292), np.float64(12.014999123978475), np.float64(12.014999123978475), np.float64(12.014999123978475), np.float64(12.014626943340204), np.float64(12.014626943340204), np.float64(12.014626943340204), np.float64(12.014626943340204)]
HOF ITEM
12.014626943340204
-3.0946011096537567,-0.7059160742606458,-6.685330549520522,-5.608829862094023,-2.6310115081023335,0.36948621380739655,-1.9225735442840861,1.9508004660666562,-0.5344565835576248,-5.494288253900832,1.7235776618807852,0.47450654667825276,-6.242107798295722,2.4690207234228794,7.0,0.25554836379861456,0.050616038783960676,5.942539146744062
HOF ITEM
12.014626943340204
-3.0946011096537567,-0.7059160742606458,-6.685330549520522,-5.608829862094023,-2.6310115081023335,0.36948621380739655,-1.9225735442840861,1.9508004660666562,-0.5344565835576248,-5.494288253900832,1.7235776618807852,0.47450654667825276,-6.224203173895012,2.4690207234228794,7.0,0.25554836379861456,0.050616038783960676,5.942539146744062
HOF ITEM
12.014637242649995
-3.0946011096537567,-0.7059160742606458,-6.685330549520522,-5.608829862094023,-2.6310115081023335,0.36948621380739655,-1.9225735442840861,1.9508004660666562,-0.5344565835576248,-5.494288253900832,1.7235776618807852,0.47450654667825276,-6.242107798295722,2.4690207234228794,6.976583289366629,0.25554836379861456,0.050616038783960676,5.942539146744062
HOF ITEM
12.014730127233848
-3.0946011096537567,-0.7059160742606458,-6.685330549520522,-5.608829862094023,-2.6310115081023335,0.36948621380739655,-1.9225735442840861,1.9508004660666562,-0.5344565835576248,-5.494288253900832,1.7235776618807852,0.47450654667825276,-6.224203173895012,2.4690207234228794,6.976583289366629,0.393858760172861,0.050616038783960676,5.942539146744062
HOF ITEM
12.014906523449733
-3.0946011096537567,-0.7059160742606458,-6.685330549520522,-5.608829862094023,-2.6310115081023335,0.36948621380739655,-1.9225735442840861,1.9508004660666562,-0.5344565835576248,-5.494288253900832,1.7235776618807852,0.47450654667825276,-6.242107798295722,2.4690207234228794,7.0,0.25554836379861456,0.19756562705765549,6.275962799358539
seed 569
Initial fitness values: [np.float64(14.209971841148423), np.float64(12.686339058598143), np.float64(12.540435860546152), np.float64(12.11708015446317), np.float64(12.076916724778435), np.float64(11.888573343700447), np.float64(11.885476980899472), np.float64(11.86919718665228), np.float64(11.825768076153059), np.float64(11.686633806591814)]
Final fitness values: [np.float64(10.127742243368187), np.float64(10.127194191453453), np.float64(10.127194191453453), np.float64(10.112117694869182), np.float64(10.112117694869182), np.float64(10.112117694869182), np.float64(10.1106088377752), np.float64(10.110284838670477), np.float64(10.110284838670477), np.float64(10.110277351138361)]
HOF ITEM
10.110277351138361
-3.1819581333638993,2.1254020267270657,1.3760529370571588,-4.017575197241699,6.343855101670747,3.1848008390320532,4.3661148632130145,0.71451311142449,2.633775185770174,-1.5944350862962697,0.16410738018268684,-1.9008341668109818,-7.0,2.9253895524510565,-4.661616609798588,-1.9935257699847613,2.4036982340144903,6.147271354007963
HOF ITEM
10.110284838670477
-3.1819581333638993,2.1254020267270657,1.3760529370571588,-4.017575197241699,6.343855101670747,3.1848008390320532,4.3661148632130145,0.71451311142449,2.633775185770174,-1.5944350862962697,0.16410738018268684,-1.9008341668109818,-7.0,2.9253895524510565,-4.6756244738616255,-1.9935257699847613,2.4036982340144903,6.147271354007963
HOF ITEM
10.110293221116033
-3.1819581333638993,2.1254020267270657,1.3760529370571588,-4.017575197241699,6.343855101670747,3.1848008390320532,4.3661148632130145,1.0497518543721365,2.633775185770174,-1.5944350862962697,0.16410738018268684,-1.9008341668109818,-7.0,2.9253895524510565,-4.6756244738616255,-1.9935257699847613,2.4036982340144903,6.147271354007963
HOF ITEM
10.110293264092615
-3.1819581333638993,2.1254020267270657,1.3760529370571588,-4.017575197241699,6.343855101670747,3.1848008390320532,4.3661148632130145,1.0497518543721365,2.6884079497885525,-1.5944350862962697,0.16410738018268684,-1.9008341668109818,-7.0,2.9253895524510565,-4.6756244738616255,-1.9935257699847613,2.4036982340144903,6.147271354007963
HOF ITEM
10.110472645306546
-3.1819581333638993,2.1254020267270657,1.3760529370571588,-4.017575197241699,6.343855101670747,3.1848008390320532,4.3661148632130145,1.0497518543721365,2.6884079497885525,-1.5944350862962697,0.4071803236771847,-1.5138254581840798,-6.825016983908616,2.9253895524510565,-4.661616609798588,-1.9935257699847613,2.4036982340144903,6.147271354007963
best parameter set
fitness 8.963917095750368 seed 566
-0.5125226278897045,0.913982501163552,-2.670916877529204,-3.2862883140311885,-6.985455800062244,-6.421493366918835,-0.09208596762824355,2.7758014858832176,-3.7314106185962563,-0.568622541119768,2.7545637123049356,-2.960986061643058,5.728307781950481,2.249067125925231,-0.9163778471678392,3.068439418723523,1.6173262632934848,-2.103418480669383
