seeds are [370 371 372 373 374 375 376 377 378 379]
seed 370
Initial fitness values: [np.float64(28.56152823070416), np.float64(28.56152823070416), np.float64(28.491639604109217), np.float64(28.439170777192313), np.float64(28.439170777192313), np.float64(28.208674653688693), np.float64(28.112166939731814), np.float64(28.112166939731814), np.float64(28.112166939731814), np.float64(27.892432817748386)]
Final fitness values: [np.float64(26.038464801478547), np.float64(26.038464801478547), np.float64(26.038464801478547), np.float64(26.038464801478547), np.float64(26.028255975698343), np.float64(25.997814292096894), np.float64(25.997814292096894), np.float64(25.91213049857456), np.float64(25.91213049857456), np.float64(25.91213049857456)]
HOF ITEM
25.91213049857456
-2.966865809426601,1.1612168349593344,7.0,-6.011214551124422,4.035875828113136,4.919817975919034,-1.5709686247156363,0.7153017731415605,4.257581591003501,-1.1219739294414832,3.0,3.2663583500966196,-1.6486463298862457,1.2107577841927206,-4.177297008515472
HOF ITEM
25.926882788964598
-2.9754497963496482,1.2945271329861392,7.0,-6.006609199613345,3.879496000563678,4.766984056551822,-1.9620613473158601,0.5949263542956725,4.193912402931976,-1.1561152896689475,3.0,3.1408873446685073,-1.6486463298862457,1.245057126533227,-4.4371492408004425
HOF ITEM
25.927257947769007
-2.9754497963496482,1.2945271329861392,7.0,-6.006609199613345,3.879496000563678,4.766984056551822,-1.9620613473158601,0.5949263542956725,4.494012765687039,-1.1561152896689475,3.0,3.1408873446685073,-1.6486463298862457,1.245057126533227,-4.4371492408004425
HOF ITEM
25.938295869674842
-2.9754497963496482,1.2945271329861392,6.753933495454044,-6.006609199613345,3.879496000563678,4.766984056551822,-1.9620613473158601,0.5949263542956725,4.193912402931976,-1.1561152896689475,3.0,3.1408873446685073,-1.6486463298862457,1.245057126533227,-4.4371492408004425
HOF ITEM
25.94000884781121
-2.9754497963496482,1.2945271329861392,6.753933495454044,-6.006609199613345,3.893547861934365,4.766984056551822,-2.0493982108383295,0.5949263542956725,4.494012765687039,-1.1561152896689475,3.0,3.2663583500966196,-1.6486463298862457,1.245057126533227,-4.4371492408004425
seed 371
Initial fitness values: [np.float64(27.243625017195168), np.float64(27.226199329081645), np.float64(27.00393041398147), np.float64(26.697860069081962), np.float64(26.589381041051617), np.float64(26.259840804490423), np.float64(25.835924385673056), np.float64(25.31462423513375), np.float64(25.20459643551921), np.float64(24.52238425643367)]
Final fitness values: [np.float64(23.600462867354416), np.float64(23.599633606308156), np.float64(23.599633606308156), np.float64(23.57718952915768), np.float64(23.57718952915768), np.float64(23.57718952915768), np.float64(23.576037768945703), np.float64(23.571016076053542), np.float64(23.571016076053542), np.float64(23.571016076053542)]
HOF ITEM
23.571016076053542
0.9055952189111367,0.6989982230738444,6.375445324325953,1.024501569401505,-4.901098540372192,-2.878843462141718,0.15339823168885003,0.0,-6.762189804344981,2.8269231141545297,1.4966312436845934,-4.185132674238597,0.8406087654034842,2.4450231109360243,-1.7826132929851828
HOF ITEM
23.571979184845944
0.9055952189111367,0.6989982230738444,6.375445324325953,1.024501569401505,-4.901098540372192,-2.878843462141718,-0.039038434739327915,0.16807309022706604,-6.762189804344981,2.8269231141545297,1.4966312436845934,-4.185132674238597,0.8406087654034842,2.4450231109360243,-1.7826132929851828
HOF ITEM
23.572185997961654
0.9055952189111367,0.6989982230738444,6.634469707791836,1.024501569401505,-4.901098540372192,-2.878843462141718,-0.039038434739327915,0.0,-7.0,2.9137317474558566,1.4966312436845934,-4.028632391649651,0.8406087654034842,2.4450231109360243,-1.7826132929851828
HOF ITEM
23.572222087602096
0.9055952189111367,0.6989982230738444,6.634469707791836,1.024501569401505,-4.901098540372192,-2.878843462141718,-0.039038434739327915,0.0,-7.0,2.9137317474558566,1.4966312436845934,-3.8594122508432873,0.8406087654034842,2.4450231109360243,-1.7826132929851828
HOF ITEM
23.57222519869228
0.9055952189111367,0.6989982230738444,6.634469707791836,1.024501569401505,-4.901098540372192,-2.878843462141718,-0.039038434739327915,0.0,-6.866598296159815,2.9137317474558566,1.4966312436845934,-3.8594122508432873,0.8406087654034842,2.4450231109360243,-1.7826132929851828
seed 372
Initial fitness values: [np.float64(31.140696928386525), np.float64(28.508682241255237), np.float64(27.663201766396877), np.float64(27.663201766396877), np.float64(27.378552140198636), np.float64(27.055970661557012), np.float64(26.763189035772555), np.float64(26.087887805256393), np.float64(26.087887805256393), np.float64(25.873539064379823)]
Final fitness values: [np.float64(24.301029685614118), np.float64(24.301029685614118), np.float64(24.301029685614118), np.float64(24.301029685614118), np.float64(24.301029685614118), np.float64(24.301029685614118), np.float64(24.301029685614118), np.float64(24.301029685614118), np.float64(24.301029685614118), np.float64(24.29876803570809)]
HOF ITEM
24.29876803570809
4.125709441108258,-0.5618862430653476,-2.307298327917364,-4.005367915009944,6.332015805092095,0.28726935278263493,1.2329963389274106,2.4803250809321935,6.81065611966073,-2.176730304975612,1.5907788005821346,-2.907498244410993,1.7162554335515887,1.66450708801906,-1.9562265036884863
HOF ITEM
24.301029685614118
4.125709441108258,-0.5618862430653476,-2.307298327917364,-3.875238518862965,6.332015805092095,0.0971764856737316,1.2329963389274106,2.4803250809321935,6.696011172164945,-2.176730304975612,1.4263954857734602,-2.907498244410993,1.7162554335515887,1.3351817188249175,-1.8447460108386426
HOF ITEM
24.302068532123585
4.125709441108258,-0.5618862430653476,-2.307298327917364,-3.875238518862965,6.332015805092095,0.0971764856737316,1.2329963389274106,2.4803250809321935,6.696011172164945,-2.176730304975612,1.3182530120837885,-2.907498244410993,1.7162554335515887,1.3351817188249175,-1.8447460108386426
HOF ITEM
24.307946641670156
4.125709441108258,-0.5618862430653476,-2.307298327917364,-3.875238518862965,6.332015805092095,0.05310820044502361,1.2329963389274106,2.4803250809321935,6.696011172164945,-2.176730304975612,1.2211666052688726,-2.907498244410993,1.7162554335515887,1.3351817188249175,-1.8447460108386426
HOF ITEM
24.311568430542668
4.125709441108258,-0.5618862430653476,-2.307298327917364,-3.875238518862965,6.332015805092095,0.0971764856737316,1.2329963389274106,2.4803250809321935,6.696011172164945,-2.176730304975612,1.4263954857734602,-2.878541308699625,1.7162554335515887,1.241513031689051,-2.3184240217606695
seed 373
Initial fitness values: [np.float64(29.064066825145588), np.float64(27.015952795471478), np.float64(26.979384842935367), np.float64(26.519936726664778), np.float64(26.202295144184763), np.float64(25.840917967016527), np.float64(25.081891354803986), np.float64(24.595932196451994), np.float64(24.595932196451994), np.float64(24.074263092658523)]
Final fitness values: [np.float64(23.070883795069133), np.float64(23.070883795069133), np.float64(22.974148286654614), np.float64(22.974148286654614), np.float64(22.971773080576785), np.float64(22.971773080576785), np.float64(22.971773080576785), np.float64(22.969564515744846), np.float64(22.969564515744846), np.float64(22.869557558578236)]
HOF ITEM
22.869557558578236
-4.435266155643122,1.5845881450358597,-1.0034575294969628,1.4994469166477313,-0.14742223753395392,5.173123321685615,-3.1143315599168355,2.3583006613835944,0.5980420854802702,5.4401946206196214,0.0,5.003885176735384,5.703608228982813,1.8119977731342034,6.060766460303946
HOF ITEM
22.969564515744846
-4.435266155643122,1.5677942306577433,-0.6082886295034897,1.6925873532574873,0.14888607814416713,5.404249165496852,-3.1143315599168355,2.3583006613835944,0.5980420854802702,5.6792228718471565,0.0,4.967892859539016,5.751150813832293,1.8119977731342034,6.060766460303946
HOF ITEM
22.969564515744846
-4.435266155643122,1.5677942306577433,-0.6082886295034897,1.6925873532574873,0.14888607814416713,5.404249165496852,-3.1143315599168355,2.3583006613835944,0.5980420854802702,5.6792228718471565,0.0,4.967892859539016,5.703608228982813,1.8119977731342034,6.060766460303946
HOF ITEM
22.969564515744846
-4.435266155643122,1.5677942306577433,-0.6082886295034897,1.6925873532574873,0.14888607814416713,5.404249165496852,-3.1143315599168355,2.3583006613835944,0.5980420854802702,5.6792228718471565,0.0,4.967892859539016,5.751150813832293,1.8119977731342034,5.613642496770824
HOF ITEM
22.97003161967995
-4.435266155643122,1.5677942306577433,-0.6082886295034897,1.6925873532574873,0.14888607814416713,5.242139298703806,-3.1143315599168355,2.3583006613835944,0.5980420854802702,5.6792228718471565,0.0,4.967892859539016,5.703608228982813,1.8119977731342034,6.060766460303946
seed 374
Initial fitness values: [np.float64(30.30471285389892), np.float64(29.073061290410326), np.float64(28.819707060142154), np.float64(28.629276102923335), np.float64(28.629276102923335), np.float64(28.629276102923335), np.float64(28.288903672594245), np.float64(28.175775593884794), np.float64(27.905866541017744), np.float64(27.699584534209166)]
Final fitness values: [np.float64(24.547911691604508), np.float64(24.547911691604508), np.float64(24.547911685447147), np.float64(24.547911685447147), np.float64(24.336874537278817), np.float64(24.268735882346515), np.float64(24.268735882346515), np.float64(24.267422324527264), np.float64(24.243524251567532), np.float64(24.24207387578149)]
HOF ITEM
24.24207387578149
6.5094887127987695,-1.0902004033716062,-5.700344879864091,3.400353591801782,-3.080685095703292,5.359594890169191,1.4702799733998604,1.4249035296567778,1.1697237590870055,1.9669581991122378,0.665894378776704,1.0130121526562024,-1.3844088846008502,0.4497371506905481,1.0995288943848396
HOF ITEM
24.243524251567532
6.502120332471882,-1.0902004033716062,-5.700344879864091,3.400353591801782,-3.080685095703292,5.359594890169191,1.4702799733998604,1.4249035296567778,1.1697237590870055,1.9669581991122378,0.665894378776704,1.0130121526562024,-1.3844088846008502,0.4497371506905481,1.1882800556207282
HOF ITEM
24.264161347220156
6.616568179966075,-1.103132835618334,-5.35895349677311,3.400353591801782,-3.080685095703292,5.5822488534628905,1.4702799733998604,1.4249035296567778,1.1697237590870055,1.9794620574085364,0.665894378776704,1.0130121526562024,-1.2419536803166813,0.2515287240163422,1.521696720770712
HOF ITEM
24.267422324527264
6.5094887127987695,-1.0902004033716062,-5.700344879864091,3.400353591801782,-3.080685095703292,5.5822488534628905,1.4702799733998604,1.4249035296567778,1.1697237590870055,1.9794620574085364,0.665894378776704,1.0130121526562024,-1.3844088846008502,0.4497371506905481,1.0995288943848396
HOF ITEM
24.26742232465731
6.5094887127987695,-1.0902004033716062,-5.700344879864091,3.400353591801782,-3.080685095703292,5.5822488534628905,1.4702799733998604,1.4249035296567778,1.1697237590870055,1.9794620574085364,0.665894378776704,1.0130121526562024,-1.3844088846008502,0.4497371506905481,1.1882800556207282
seed 375
Initial fitness values: [np.float64(29.98793815002844), np.float64(26.83953277019787), np.float64(26.83953277019787), np.float64(25.627236328684116), np.float64(25.43932261839029), np.float64(25.1896199601873), np.float64(24.566953530168732), np.float64(23.96296952976588), np.float64(23.953794167369814), np.float64(23.88370474061292)]
Final fitness values: [np.float64(23.269834026733875), np.float64(23.269834026733875), np.float64(23.254991906069087), np.float64(23.254991906069087), np.float64(23.254991906069087), np.float64(23.254991906068877), np.float64(23.254991906068877), np.float64(23.254991906068764), np.float64(23.254991906068764), np.float64(23.254991906068764)]
HOF ITEM
23.254991906068764
-4.577995468925291,1.5759503639502064,1.1231547796980255,-0.8461207032919348,-6.609642002183517,0.7976622592638513,1.0920448612172677,2.806215329778475,-2.333516412546673,0.9841171034182231,2.0948903104396326,-2.9305327081316834,-3.9333244424338973,2.3314608060073403,-7.0
HOF ITEM
23.254991906068877
-4.577995468925291,1.5759503639502064,1.1231547796980255,-0.8461207032919348,-6.609642002183517,0.7976622592638513,1.1642828486133838,2.71322265913961,-2.1742906165006137,0.9841171034182231,2.0752903019322413,-2.9305327081316834,-3.9333244424338973,2.3314608060073403,-7.0
HOF ITEM
23.254991906068877
-4.577995468925291,1.5759503639502064,1.1231547796980255,-0.8461207032919348,-6.609642002183517,0.7976622592638513,1.0920448612172677,2.806215329778475,-2.333516412546673,0.9841171034182231,2.0752903019322413,-2.9305327081316834,-3.9333244424338973,2.3314608060073403,-7.0
HOF ITEM
23.254991906069087
-4.577995468925291,1.5759503639502064,1.1231547796980255,-0.8461207032919348,-6.609642002183517,0.7976622592638513,1.0920448612172677,2.806215329778475,-2.333516412546673,0.8628238497718181,2.0948903104396326,-2.9305327081316834,-3.9333244424338973,2.3314608060073403,-7.0
HOF ITEM
23.25499190606946
-4.577995468925291,1.5759503639502064,1.1231547796980255,-0.8461207032919348,-6.609642002183517,0.7976622592638513,1.0920448612172677,2.806215329778475,-2.333516412546673,0.8628238497718181,2.0752903019322413,-2.9305327081316834,-3.9333244424338973,2.3314608060073403,-7.0
seed 376
Initial fitness values: [np.float64(29.543348677101154), np.float64(28.267765750762113), np.float64(28.261016097592826), np.float64(27.84766391821177), np.float64(27.309866875655043), np.float64(26.933124202329406), np.float64(26.23349519836968), np.float64(26.232539998587455), np.float64(25.636046797569573), np.float64(25.636046797569573)]
Final fitness values: [np.float64(21.82317410513142), np.float64(21.82317410513142), np.float64(21.812244284524215), np.float64(21.812244284524215), np.float64(21.792224215657892), np.float64(21.742319245800175), np.float64(21.742319245800175), np.float64(21.73449961197836), np.float64(21.734499263501423), np.float64(21.734499263501423)]
HOF ITEM
21.734499263501423
-2.627052885121478,1.2818657678774676,5.818227573028622,1.48973657830705,1.5130930893594046,-1.2574622326008726,-6.345972069313809,2.37247566311428,-4.021755508522745,-3.4305621777663275,2.366430062272087,2.8455363675840846,-1.5392950281738191,2.67018363012851,-0.49556318046979425
HOF ITEM
21.73449961197836
-2.627052885121478,1.2818657678774676,5.818227573028622,1.48973657830705,1.5130930893594046,-1.2574622326008726,-6.345972069313809,2.37247566311428,-4.433070615567412,-3.4305621777663275,2.366430062272087,2.8455363675840846,-1.5392950281738191,2.67018363012851,-0.49556318046979425
HOF ITEM
21.735473935059947
-2.627052885121478,1.2818657678774676,5.641993089050916,1.48973657830705,1.5130930893594046,-1.2574622326008726,-6.345972069313809,2.37247566311428,-4.021755508522745,-3.4305621777663275,2.366430062272087,2.8455363675840846,-1.5392950281738191,2.67018363012851,-0.49556318046979425
HOF ITEM
21.73587996220155
-2.627052885121478,1.2818657678774676,5.818227573028622,1.1228467444702823,1.5130930893594046,-1.2574622326008726,-6.345972069313809,2.37247566311428,-3.8706808262725394,-3.386294779064115,2.366430062272087,2.8455363675840846,-1.5392950281738191,2.67018363012851,-0.49556318046979425
HOF ITEM
21.74142213214959
-2.627052885121478,1.2818657678774676,5.641993089050916,0.8494039252354553,1.4994347338992826,-1.2574622326008726,-5.941569644966883,2.37247566311428,-4.662727456762283,-3.4305621777663275,2.369172088375652,2.450263840844621,-1.5392950281738191,2.6217300064969153,-0.49556318046979425
seed 377
Initial fitness values: [np.float64(29.723902288051715), np.float64(29.720209214458517), np.float64(29.342351098000115), np.float64(28.88233137528561), np.float64(28.34737728120864), np.float64(28.09562366808966), np.float64(27.860088052831742), np.float64(27.35314014562981), np.float64(26.44107720378864), np.float64(26.44107720378864)]
Final fitness values: [np.float64(24.046504996373418), np.float64(24.04650499507808), np.float64(24.045875860385078), np.float64(24.04587585899035), np.float64(24.04587585899035), np.float64(24.04587585899035), np.float64(24.04587585899035), np.float64(24.04587585899035), np.float64(24.04587585899035), np.float64(24.04587585899035)]
HOF ITEM
24.04587585899035
6.784227193252674,-1.0698003658861763,-7.0,-6.314929440374999,-1.0377414193501546,-1.8803359662042898,2.404410639674291,0.43460686053382863,-5.272831494296258,0.7778232736118244,2.085801688515444,-4.568235720298736,6.987755968943847,1.138230718214483,-6.653788384031811
HOF ITEM
24.045875860385078
6.784227193252674,-1.0698003658861763,-7.0,-6.314929440374999,-1.0377414193501546,-1.8803359662042898,2.404410639674291,0.43460686053382863,-5.272831494296258,0.7778232736118244,2.085801688515444,-4.568235720298736,6.817881086110506,1.138230718214483,-6.653788384031811
HOF ITEM
24.046356175574065
6.784227193252674,-1.0698003658861763,-7.0,-6.314929440374999,-1.0377414193501546,-1.8803359662042898,2.404410639674291,0.43460686053382863,-5.3529348407371415,0.7778232736118244,2.085801688515444,-4.568235720298736,6.987755968943847,1.172096126065095,-6.653788384031811
HOF ITEM
24.04650499507808
6.784227193252674,-1.0698003658861763,-7.0,-6.314929440374999,-1.0377414193501546,-1.8061940750398462,2.404410639674291,0.43460686053382863,-5.272831494296258,0.7778232736118244,2.085801688515444,-4.568235720298736,6.987755968943847,1.138230718214483,-6.653788384031811
HOF ITEM
24.046504996373418
6.784227193252674,-1.0698003658861763,-7.0,-6.314929440374999,-1.0377414193501546,-1.8061940750398462,2.404410639674291,0.43460686053382863,-5.272831494296258,0.7778232736118244,2.085801688515444,-4.568235720298736,6.817881086110506,1.138230718214483,-6.653788384031811
seed 378
Initial fitness values: [np.float64(30.944566955047545), np.float64(27.392014136190138), np.float64(26.804563065356792), np.float64(26.543714993426075), np.float64(26.543714993426075), np.float64(26.47700049848241), np.float64(26.23365181467831), np.float64(26.23365181467831), np.float64(26.175747726063346), np.float64(26.175747726063346)]
Final fitness values: [np.float64(25.797175362533046), np.float64(25.79689330726794), np.float64(25.79689330726794), np.float64(25.79689330726794), np.float64(25.79689330726794), np.float64(25.79689330726794), np.float64(25.79689330726794), np.float64(25.79668830721953), np.float64(25.79668830721953), np.float64(25.79668830721953)]
HOF ITEM
25.79668830721953
-5.512912783743037,-2.0194728551622814,-2.5848480468998942,-2.02106470666965,-0.11458549151649068,1.6758872124643418,4.2697575646328945,1.894710165751786,2.5722348397426584,-4.371326706119204,2.0445907605275173,-1.4547056863615788,6.087431482719948,0.0,6.037053724508615
HOF ITEM
25.79668830721953
-5.512912783743037,-2.0194728551622814,-2.5848480468998942,-2.02106470666965,-0.11458549151649068,1.6758872124643418,4.2697575646328945,1.5753832696365877,2.5722348397426584,-4.371326706119204,2.0445907605275173,-1.4547056863615788,6.087431482719948,0.0,6.037053724508615
HOF ITEM
25.79668830721953
-5.512912783743037,-2.0194728551622814,-2.5848480468998942,-2.02106470666965,-0.11458549151649068,1.6758872124643418,4.2697575646328945,1.5797627273094457,2.5722348397426584,-4.371326706119204,2.0445907605275173,-1.4547056863615788,6.087431482719948,0.0,6.037053724508615
HOF ITEM
25.79689330726794
-5.512912783743037,-2.0194728551622814,-2.5848480468998942,-2.02106470666965,-0.11458549151649068,1.6758872124643418,4.2697575646328945,1.5797627273094457,2.5722348397426584,-4.371326706119204,2.0445907605275173,-1.4547056863615788,6.087431482719948,0.0,5.587058376156305
HOF ITEM
25.79689330726794
-5.512912783743037,-2.0194728551622814,-2.5848480468998942,-2.02106470666965,-0.11458549151649068,1.6758872124643418,4.2697575646328945,1.5753832696365877,2.5722348397426584,-4.371326706119204,2.0445907605275173,-1.4547056863615788,6.087431482719948,0.0,5.587058376156305
seed 379
Initial fitness values: [np.float64(27.68105722066714), np.float64(27.68105722066714), np.float64(27.68105722066714), np.float64(27.1389695856792), np.float64(26.009355046667103), np.float64(26.009355046667103), np.float64(24.82759455335501), np.float64(24.82759455335501), np.float64(24.72718275220266), np.float64(24.40135618562429)]
Final fitness values: [np.float64(22.116003625434875), np.float64(22.066956340721188), np.float64(22.066956340721188), np.float64(22.066956340721188), np.float64(22.06553527989697), np.float64(22.033860298208204), np.float64(21.953037299796488), np.float64(21.953037299796488), np.float64(21.921851941604622), np.float64(21.83984925831124)]
HOF ITEM
21.83984925831124
-1.8545430238300018,1.435023145354839,2.3782142678099145,1.605624393461443,1.9828087438615276,0.084767271770774,-2.4966903260612954,2.2073312093920365,-5.100813568675609,-0.8326599823646157,2.5455996823535636,-1.8652047476716547,5.984031756752798,2.9737949232477905,-3.319804705784145
HOF ITEM
21.921851941604622
-1.8545430238300018,1.435023145354839,2.3782142678099145,1.5790332708953443,1.9828087438615276,0.084767271770774,-2.566515449333556,2.2073312093920365,-5.100813568675609,-0.8326599823646157,2.5289074093371164,-1.8652047476716547,5.958581523658665,2.9220795080027595,-3.319804705784145
HOF ITEM
21.92980930937484
-1.8545430238300018,1.4057459569993314,2.3782142678099145,1.5790332708953443,1.9828087438615276,0.084767271770774,-2.566515449333556,2.2073312093920365,-5.100813568675609,-0.8326599823646157,2.5289074093371164,-1.8652047476716547,5.958581523658665,2.9853361369493667,-3.5836306124923514
HOF ITEM
21.944622067511308
-1.8545430238300018,1.435023145354839,2.3782142678099145,1.5790332708953443,1.9828087438615276,0.084767271770774,-2.566515449333556,2.2073312093920365,-5.100813568675609,-0.8326599823646157,2.5455996823535636,-1.8652047476716547,5.984031756752798,2.9737949232477905,-3.7912566103204726
HOF ITEM
21.944622067511308
-1.8545430238300018,1.435023145354839,2.3782142678099145,1.5790332708953443,1.9828087438615276,0.084767271770774,-2.566515449333556,2.2073312093920365,-5.100813568675609,-0.8326599823646157,2.5455996823535636,-1.8652047476716547,5.984031756752798,2.9737949232477905,-3.319804705784145
best parameter set
fitness 21.5595750785705 seed 376
-2.630752968828204,1.2507989842228735,5.818215121164372,1.4897347652662698,1.5092997122160876,-1.2535736559056556,-6.345972069313809,2.37247566311428,-4.021828160742018,-3.432319858322428,2.366880515267332,2.845963128612627,-1.5541506972191301,2.733820409372783,-0.49999270516146177
