seeds are [60 61 62 63 64 65 66 67 68 69]
seed 60
Initial fitness values: [np.float64(14.131488092592107), np.float64(13.71473064956294), np.float64(13.632388307921262), np.float64(13.460524185668525), np.float64(13.370924925721921), np.float64(13.370924925721921), np.float64(12.977750685557998), np.float64(12.547228247843512), np.float64(12.142683684701584), np.float64(12.113833485982786)]
Final fitness values: [np.float64(10.644501940849533), np.float64(10.644301218682603), np.float64(10.644301218682603), np.float64(10.644301218682603), np.float64(10.644301218682603), np.float64(10.64396442748122), np.float64(10.643250084135817), np.float64(10.643250084135817), np.float64(10.643250053017518), np.float64(10.642832367669888)]
HOF ITEM
10.642832367669888
-5.4404602651083795,1.5634747494055694,1.427549101427178,-1.791251767162342,4.337583503526524,-3.5586736555241916,0.6594041149226478,1.8116746721250718,1.7164518276018201,-2.0833484260138015,1.631051439321123,2.8577668772176334,-3.9070112382686712,1.4896839643451838,2.8668371924291582,-4.183396915067217,2.1163299426448594,-0.4622003377631662
HOF ITEM
10.642832377157509
-5.4404602651083795,1.5634747494055694,1.427549101427178,-1.791251767162342,4.337583503526524,-3.5586736555241916,0.6594041149226478,1.8116746721250718,1.7164518276018201,-2.0833484260138015,1.631051439321123,2.399300507788054,-3.9070112382686712,1.4896839643451838,2.8668371924291582,-4.183396915067217,2.1163299426448594,-0.4622003377631662
HOF ITEM
10.643250053017518
-5.4404602651083795,1.5634747494055694,1.0457584992397135,-1.5407848400831532,4.337583503526524,-3.9044787764301656,1.0426335004220808,2.1615783061979674,1.3841464178408533,-2.056828941187682,2.2485974157129283,2.399300507788054,-3.9070112382686712,1.4896839643451838,2.8668371924291582,-4.183396915067217,2.1163299426448594,-0.4622003377631662
HOF ITEM
10.643250062394365
-5.4404602651083795,1.5634747494055694,1.0457584992397135,-1.5407848400831532,4.337583503526524,-3.9044787764301656,0.9512662698963962,2.1615783061979674,1.3841464178408533,-2.056828941187682,1.631051439321123,2.399300507788054,-3.9070112382686712,1.4896839643451838,2.8668371924291582,-4.183396915067217,2.1163299426448594,-0.4622003377631662
HOF ITEM
10.643250084135817
-5.4404602651083795,1.5634747494055694,1.0457584992397135,-1.5407848400831532,4.337583503526524,-3.9044787764301656,1.0426335004220808,1.973216088086942,1.1873981826556157,-2.291755513635382,1.631051439321123,2.399300507788054,-3.9070112382686712,1.4896839643451838,2.8668371924291582,-4.183396915067217,2.1163299426448594,-0.4622003377631662
seed 61
Initial fitness values: [np.float64(14.059140659277402), np.float64(13.803295430487632), np.float64(13.295521827828575), np.float64(13.295521827828575), np.float64(12.984015728278788), np.float64(12.951756878468608), np.float64(12.932024079457085), np.float64(12.597139605927051), np.float64(12.597139605927051), np.float64(12.17143587887581)]
Final fitness values: [np.float64(10.826400888438112), np.float64(10.826400888438112), np.float64(10.825500088886495), np.float64(10.826400888438112), np.float64(10.826400888438112), np.float64(10.826400888438112), np.float64(10.826400888438112), np.float64(10.81245867098424), np.float64(10.81245867098424), np.float64(10.79211300935348)]
HOF ITEM
10.79211300935348
-1.583445215737054,0.7156406101083111,7.0,-0.4137194480189983,1.6707215164836087,1.0259381592532508,4.52274303513603,2.7058822306210892,-4.4524798016449285,2.8993002936930585,1.6002563846455382,-1.6784600141040427,-1.3542581351358114,2.9482316250686513,7.0,-0.39975750729503984,0.30359312483499945,-5.40247437203631
HOF ITEM
10.81245867098424
-1.583445215737054,0.7156406101083111,7.0,-0.4137194480189983,1.661378447893209,1.0259381592532508,4.811106586796707,2.7058822306210892,-4.4524798016449285,2.8993002936930585,1.0744010859078381,-1.6784600141040427,-1.3542581351358114,2.9482316250686513,7.0,-0.39975750729503984,0.30359312483499945,-5.437056559835698
HOF ITEM
10.81245867098424
-1.583445215737054,0.7156406101083111,7.0,-0.4137194480189983,1.661378447893209,1.0259381592532508,4.52274303513603,2.7058822306210892,-4.4524798016449285,2.8993002936930585,1.0744010859078381,-1.6784600141040427,-1.3542581351358114,2.9482316250686513,7.0,-0.39975750729503984,0.30359312483499945,-5.437056559835698
HOF ITEM
10.81245867098424
-1.583445215737054,0.7156406101083111,7.0,-0.4137194480189983,1.661378447893209,1.0259381592532508,4.811106586796707,2.7058822306210892,-4.414625224268172,2.8993002936930585,1.0744010859078381,-1.6784600141040427,-1.3542581351358114,2.9482316250686513,7.0,-0.39975750729503984,0.30359312483499945,-5.437056559835698
HOF ITEM
10.812458672017694
-1.583445215737054,0.7156406101083111,7.0,-0.4137194480189983,1.661378447893209,1.0259381592532508,4.811106586796707,2.7058822306210892,-4.414625224268172,2.8993002936930585,1.2278054252082573,-1.6784600141040427,-1.3542581351358114,2.9482316250686513,7.0,-0.39975750729503984,0.30359312483499945,-5.437056559835698
seed 62
Initial fitness values: [np.float64(14.821580543239918), np.float64(13.89789264132416), np.float64(12.88028856333008), np.float64(12.4940415027973), np.float64(11.963706999372121), np.float64(11.85032098685294), np.float64(11.45341167276111), np.float64(11.182604479828731), np.float64(11.178839451732808), np.float64(11.151518878576901)]
Final fitness values: [np.float64(10.408889733653398), np.float64(10.408889733653398), np.float64(10.40824255583472), np.float64(10.40824255583472), np.float64(10.40824255583472), np.float64(10.40824255583472), np.float64(10.408226615259775), np.float64(10.408226615259775), np.float64(10.408226615259775), np.float64(10.40822661523259)]
HOF ITEM
10.40822661523259
-0.02243916856019018,1.0879633684187278,5.727231898774796,-5.75440142088444,-2.665051682585817,-5.545866896145599,6.148999818248787,0.892306679632631,-6.925202999345938,5.444737742384169,0.7098733525292343,2.899140917680489,0.28231222476380885,1.0871734680888838,4.080938808028852,0.6160661014466001,3.0,-0.4952243624195637
HOF ITEM
10.408226615259775
-0.02243916856019018,1.0879633684187278,5.727231898774796,-5.75440142088444,-2.665051682585817,-5.545866896145599,6.148999818248787,0.8968665870160862,-6.677652350865883,5.7067588308718395,0.7098733525292343,3.2486208913215298,0.28231222476380885,1.0871734680888838,4.080938808028852,0.6160661014466001,3.0,-0.4952243624195637
HOF ITEM
10.408226615284667
-0.02243916856019018,1.0879633684187278,5.727231898774796,-5.75440142088444,-2.665051682585817,-5.545866896145599,6.148999818248787,0.8968665870160862,-6.925202999345938,5.7067588308718395,0.7098733525292343,2.899140917680489,0.28231222476380885,1.0871734680888838,4.080938808028852,0.6160661014466001,3.0,-0.4952243624195637
HOF ITEM
10.408226615284741
-0.02243916856019018,1.0879633684187278,5.727231898774796,-5.75440142088444,-2.665051682585817,-5.545866896145599,6.148999818248787,0.8968665870160862,-6.677652350865883,5.7067588308718395,0.7098733525292343,2.899140917680489,0.28231222476380885,1.0871734680888838,4.080938808028852,0.6160661014466001,3.0,-0.4952243624195637
HOF ITEM
10.408226615326857
-0.02243916856019018,1.0879633684187278,5.727231898774796,-5.75440142088444,-2.665051682585817,-5.545866896145599,6.148999818248787,0.892306679632631,-6.925202999345938,5.444737742384169,1.1146361940496399,3.2486208913215298,0.28231222476380885,1.0871734680888838,4.080938808028852,0.6160661014466001,3.0,-0.4952243624195637
seed 63
Initial fitness values: [np.float64(15.322376927598954), np.float64(13.90320352597266), np.float64(13.837938483158187), np.float64(13.130084760179797), np.float64(13.130084760179797), np.float64(13.130084760179797), np.float64(12.146141771724926), np.float64(12.143403502998012), np.float64(12.141421644062069), np.float64(12.138243063501612)]
Final fitness values: [np.float64(10.99470158591254), np.float64(10.99470158591254), np.float64(10.994701584996132), np.float64(10.994701584996132), np.float64(10.994701584996132), np.float64(10.994701584825663), np.float64(10.994701584825663), np.float64(10.994701584825663), np.float64(10.994611003066046), np.float64(10.994611003066046)]
HOF ITEM
10.994611003066046
-4.3057185600734,1.1297961547639321,-6.603769790791468,-2.0881366145252107,3.814164244055407,-4.079335643098641,-4.95014839920681,2.3726368462723717,-0.2746986677817276,0.659349314132389,1.7163167408964712,-2.5082824402381365,4.814575543328125,0.359954960164055,-2.4162284191127648,-2.9734901926954085,1.2022712273165772,-3.5032497869652905
HOF ITEM
10.99470153061131
-4.3057185600734,1.1297961547639321,-6.603769790791468,-2.1664569277258154,3.814164244055407,-4.079335643098641,-4.95014839920681,2.3726368462723717,-0.2746986677817276,0.659349314132389,1.7163167408964712,-2.5082824402381365,4.814575543328125,0.359954960164055,-2.4162284191127648,-2.9734901926954085,1.2022712273165772,-3.5032497869652905
HOF ITEM
10.994701584825663
-4.3057185600734,1.1297961547639321,-6.603769790791468,-2.1664569277258154,3.814164244055407,-4.079335643098641,-4.95014839920681,2.3726368462723717,-0.2746986677817276,0.6362554970008312,1.5600208673660945,-2.643718515164161,4.611169258343127,0.359954960164055,-2.6782530741593784,-2.9734901926954085,1.2022712273165772,-3.5032497869652905
HOF ITEM
10.994701584996132
-4.3057185600734,1.1297961547639321,-6.603769790791468,-2.1664569277258154,3.814164244055407,-4.079335643098641,-4.95014839920681,2.3726368462723717,-0.2746986677817276,0.659349314132389,1.5600208673660945,-2.643718515164161,4.611169258343127,0.359954960164055,-2.6782530741593784,-2.9734901926954085,1.2022712273165772,-3.5032497869652905
HOF ITEM
10.99470158591254
-4.3057185600734,1.1297961547639321,-6.603769790791468,-2.1664569277258154,3.814164244055407,-4.079335643098641,-4.95014839920681,2.3726368462723717,-0.2746986677817276,0.6362554970008312,1.6317803718938044,-2.643718515164161,4.611169258343127,0.359954960164055,-2.6782530741593784,-2.9734901926954085,1.2022712273165772,-3.5032497869652905
seed 64
Initial fitness values: [np.float64(14.208962180993598), np.float64(14.159661824763193), np.float64(13.803250080001455), np.float64(13.730347561476185), np.float64(13.281243250369823), np.float64(13.183687380921015), np.float64(13.141176134266924), np.float64(13.141176134266924), np.float64(13.129608294165399), np.float64(13.084012194784316)]
Final fitness values: [np.float64(9.537942717151589), np.float64(9.537942717151589), np.float64(9.537942717151589), np.float64(9.537942717151589), np.float64(9.537942717151589), np.float64(9.537942717151589), np.float64(9.537942717151589), np.float64(9.537942717151589), np.float64(9.537942717151589), np.float64(9.537942717151589)]
HOF ITEM
9.537942717151589
6.321664100108743,-1.112286500977015,-1.4591455459631502,-1.2223181418712898,2.7546463487437913,-1.8754651404082012,2.43537949280114,1.012020076052643,7.0,-1.249046551259235,3.0,5.903363285470325,-4.382570707348651,0.2865262025520776,2.0115661473411692,0.8699692917037442,0.8871711023503546,-1.2662105636162297
HOF ITEM
9.538336254820873
6.321664100108743,-1.112286500977015,-1.4591455459631502,-1.2223181418712898,2.7546463487437913,-1.8754651404082012,2.43537949280114,1.012020076052643,7.0,-1.249046551259235,3.0,5.903363285470325,-4.359459328110196,0.2865262025520776,2.0115661473411692,0.8699692917037442,0.8871711023503546,-1.2662105636162297
HOF ITEM
9.548134959936856
6.321664100108743,-1.112286500977015,-1.4591455459631502,-0.9738472507720008,2.7546463487437913,-1.8754651404082012,2.43537949280114,1.012020076052643,7.0,-1.2252768264601297,3.0,5.903363285470325,-4.144543856752974,0.2865262025520776,2.2924211236607417,0.8699692917037442,0.8871711023503546,-1.2662105636162297
HOF ITEM
9.591478943636345
6.77445253415817,-1.112286500977015,-1.8786181901307604,-1.2977016046374645,2.7589366433803195,-1.8754651404082012,2.43537949280114,1.1182540560605612,6.972990444072064,-1.1592473752347938,2.9278453988453133,5.63933154717347,-4.359459328110196,0.3287324552871752,1.8713540359178396,0.8699692917037442,1.251143067820942,-1.3562330449639302
HOF ITEM
9.61866623368923
6.321664100108743,-1.112286500977015,-1.4591455459631502,-1.2223181418712898,2.7546463487437913,-1.8754651404082012,2.43537949280114,1.012020076052643,6.917615793959953,-1.249046551259235,3.0,5.903363285470325,-4.382570707348651,0.2865262025520776,2.0115661473411692,0.8699692917037442,0.9680619125091317,-1.1192666268841256
seed 65
Initial fitness values: [np.float64(13.972354041418454), np.float64(13.624672079722346), np.float64(13.436944780789961), np.float64(13.339765935827923), np.float64(13.194763867824753), np.float64(13.11539979630349), np.float64(12.883678843335836), np.float64(12.732303735940036), np.float64(12.675487281050888), np.float64(12.378019831521659)]
Final fitness values: [np.float64(10.867396042448528), np.float64(10.867396042448528), np.float64(10.867396042448528), np.float64(10.867396042448528), np.float64(10.867396042448528), np.float64(10.867396042448528), np.float64(10.867396042448528), np.float64(10.867396042448528), np.float64(10.867396042448528), np.float64(10.867396042448528)]
HOF ITEM
10.867396042448528
3.7351438339602434,-0.39307715019887113,4.368669704164955,3.37929811738101,3.2109269082648355,-2.461453153783048,1.634088196368308,0.8270920694978663,-1.4821139307926539,2.1742254838256083,0.564854761261766,-0.9660466994651262,1.0894291644650265,3.0,-4.688087618350127,2.714209925179951,1.706441806607612,-5.911208476399916
HOF ITEM
10.870781043468506
3.7351438339602434,-0.39307715019887113,4.485783830242347,3.4406444740997486,3.2109269082648355,-2.461453153783048,1.7334388789679798,0.8270920694978663,-1.8614264407384287,2.615535007547667,0.564854761261766,-0.9660466994651262,1.0894291644650265,3.0,-4.688087618350127,2.714209925179951,1.706441806607612,-5.911208476399916
HOF ITEM
10.870782133928428
3.7351438339602434,-0.39307715019887113,4.485783830242347,3.4406444740997486,3.2109269082648355,-2.461453153783048,1.7334388789679798,0.8270920694978663,-1.8614264407384287,2.615535007547667,0.564854761261766,-0.9660466994651262,1.0894291644650265,3.0,-4.688087618350127,2.714209925179951,1.706441806607612,-5.950864584596255
HOF ITEM
10.877971564572977
3.7351438339602434,-0.39307715019887113,4.485783830242347,3.4406444740997486,3.2109269082648355,-2.461453153783048,1.7334388789679798,0.8270920694978663,-1.8614264407384287,2.615535007547667,0.564854761261766,-0.8284436381237708,1.0894291644650265,3.0,-4.688087618350127,2.714209925179951,1.706441806607612,-5.950864584596255
HOF ITEM
10.87881438782309
3.7351438339602434,-0.39307715019887113,4.485783830242347,3.4406444740997486,3.2109269082648355,-2.461453153783048,1.7334388789679798,0.7007778804097339,-1.6289211583456624,2.615535007547667,0.191087335833231,-0.831384891936026,1.0894291644650265,3.0,-4.688087618350127,2.5209582918464606,1.6844920009568538,-6.150424181884096
seed 66
Initial fitness values: [np.float64(13.769469753282463), np.float64(13.600633352819067), np.float64(12.906309874436982), np.float64(12.906309874436982), np.float64(12.624764785436533), np.float64(12.469996131086253), np.float64(12.469996131086253), np.float64(12.469898372157576), np.float64(12.469898372157576), np.float64(12.39385920778079)]
Final fitness values: [np.float64(12.296297357431945), np.float64(12.296297357431945), np.float64(12.296297357431945), np.float64(12.292363591243785), np.float64(12.292363591230478), np.float64(12.292363591230478), np.float64(12.292041987139884), np.float64(12.292041987139884), np.float64(12.290747865954222), np.float64(12.290747865954222)]
HOF ITEM
12.290747865954222
-4.6270200534833235,-2.7019583835890413,2.0567760974785743,2.427418832741938,-5.692742652921283,-5.827677792746232,-3.424584023656293,2.1059250425573737,-0.8930963128683375,-1.5149288577718687,1.6398488331166712,-0.7641626802362873,1.7865893895547007,0.21441446281506968,-1.1488279305612425,0.4867156726564825,1.7228279565031088,-1.4764960452833864
HOF ITEM
12.292041982953624
-4.6270200534833235,-2.7019583835890413,2.0567760974785743,2.427418832741938,-5.692742652921283,-5.827677792746232,-3.424584023656293,2.1059250425573737,-0.8930963128683375,-1.6343654085990655,1.6398488331166712,-0.9296492481044102,1.731087927439725,0.21441446281506968,-1.567911282196612,0.49782519525569113,1.8234939759378692,-1.533751387747094
HOF ITEM
12.292041982966929
-4.6270200534833235,-3.2560347681052733,2.0567760974785743,2.427418832741938,-5.692742652921283,-5.827677792746232,-3.424584023656293,2.1059250425573737,-0.8930963128683375,-1.6343654085990655,1.6398488331166712,-0.9296492481044102,1.731087927439725,0.21441446281506968,-1.567911282196612,0.49782519525569113,1.8234939759378692,-1.533751387747094
HOF ITEM
12.292041987139884
-4.6270200534833235,-2.7019583835890413,2.0567760974785743,2.427418832741938,-5.692742652921283,-5.827677792746232,-3.424584023656293,2.1059250425573737,-0.8930963128683375,-1.6343654085990655,1.6398488331166712,-0.9296492481044102,1.731087927439725,0.21441446281506968,-1.567911282196612,0.4867156726564825,1.7228279565031088,-1.4764960452833864
HOF ITEM
12.292041987146026
-4.6270200534833235,-2.7325996647334416,2.0567760974785743,2.427418832741938,-5.692742652921283,-5.827677792746232,-3.424584023656293,2.1059250425573737,-0.8930963128683375,-1.6343654085990655,1.6398488331166712,-0.9296492481044102,1.731087927439725,0.21441446281506968,-1.567911282196612,0.4867156726564825,1.7228279565031088,-1.4764960452833864
seed 67
Initial fitness values: [np.float64(13.879963843807722), np.float64(13.687089947092469), np.float64(13.064505486130924), np.float64(13.062963885490065), np.float64(12.923899535233913), np.float64(12.830280014135731), np.float64(12.69333000485792), np.float64(12.689083629618137), np.float64(12.664895971763082), np.float64(12.459030943751007)]
Final fitness values: [np.float64(12.298801472699465), np.float64(12.298801472699465), np.float64(12.298801472699465), np.float64(12.298801472699465), np.float64(12.298801472699465), np.float64(12.298787404641063), np.float64(12.298787404641063), np.float64(12.298786467249858), np.float64(12.298786467249858), np.float64(12.298786467249858)]
HOF ITEM
12.298786467249858
-2.8571631744250814,-2.822410537406201,3.0104166910433343,-6.970906611244399,2.5024744979526212,-2.833909759864734,0.1572904630684242,1.8272284367481815,-4.493463149979913,0.7886124594832354,2.0889371187943873,6.56086393365293,-2.7800659716519256,2.6886115586211305,1.82674357905959,-1.6414804022280876,2.0647155247808753,-0.4829482016678237
HOF ITEM
12.298786467249858
-2.8571631744250814,-2.5962458628104668,3.0104166910433343,-6.970906611244399,2.5024744979526212,-2.833909759864734,0.1572904630684242,1.8272284367481815,-4.493463149979913,0.7886124594832354,2.0889371187943873,6.56086393365293,-2.7800659716519256,2.6886115586211305,1.82674357905959,-1.6414804022280876,2.0647155247808753,-0.4829482016678237
HOF ITEM
12.298786467252402
-2.8571631744250814,-2.5962458628104668,3.0104166910433343,-6.970906611244399,2.5024744979526212,-2.833909759864734,0.1572904630684242,1.8272284367481815,-4.493463149979913,0.7658937436589436,2.0889371187943873,6.56086393365293,-2.7800659716519256,2.6886115586211305,1.82674357905959,-1.6414804022280876,2.0647155247808753,-0.4829482016678237
HOF ITEM
12.298786472396733
-2.8571631744250814,-2.822410537406201,3.0104166910433343,-6.970906611244399,2.5024744979526212,-2.833909759864734,0.1572904630684242,1.8272284367481815,-4.709295527868432,0.7658937436589436,2.0889371187943873,6.793800850305756,-2.7800659716519256,2.6886115586211305,1.82674357905959,-1.6414804022280876,2.0647155247808753,-0.4829482016678237
HOF ITEM
12.298787345228835
-2.8571631744250814,-2.822410537406201,3.0104166910433343,-6.970906611244399,2.5024744979526212,-2.833909759864734,0.1572904630684242,1.8272284367481815,-4.709295527868432,0.7658937436589436,2.0889371187943873,6.793800850305756,-2.731955001393112,2.6886115586211305,1.82674357905959,-1.6414804022280876,2.0647155247808753,-0.4829482016678237
seed 68
Initial fitness values: [np.float64(14.145115912882844), np.float64(13.499381766765586), np.float64(13.499381766765586), np.float64(13.499381766765586), np.float64(13.465688167980469), np.float64(13.357294236485538), np.float64(13.294978942662757), np.float64(13.181515326939046), np.float64(13.02573869953872), np.float64(12.965889669884648)]
Final fitness values: [np.float64(10.607681796354504), np.float64(10.607681796354504), np.float64(10.60397962519168), np.float64(10.602751935360333), np.float64(10.602751935360333), np.float64(10.602751935360333), np.float64(10.60271835588131), np.float64(10.60271835588131), np.float64(10.602716697226917), np.float64(10.60264930738313)]
HOF ITEM
10.60264930738313
-3.394579984445501,1.5878660075954312,-3.1017307897637845,2.5216548527042093,-2.3254412281735832,4.603396349709116,-2.1089945757487816,2.7634372955987336,-0.44780443450071106,3.525201658840997,2.5279223831940776,3.429172520758128,1.2210293575292066,0.8077136890219221,-5.090089987034907,-1.2787068913002198,2.1529176450611978,-3.8616104570692213
HOF ITEM
10.602716697226917
-3.394579984445501,1.5878660075954312,-3.1017307897637845,2.1165535409327405,-2.3254412281735832,4.384011093364729,-2.1089945757487816,2.7634372955987336,-0.44780443450071106,3.638505826470102,2.5279223831940776,3.354171007424652,1.0450358024588962,0.8077136890219221,-5.176687411892202,-1.4164481048387443,2.115418301244354,-3.4944319245820163
HOF ITEM
10.602717943254836
-3.394579984445501,1.5878660075954312,-3.1017307897637845,2.1165535409327405,-2.764503144060471,4.384011093364729,-2.1089945757487816,2.7634372955987336,-0.44780443450071106,3.638505826470102,2.5279223831940776,3.354171007424652,1.0450358024588962,0.8077136890219221,-5.176687411892202,-1.4164481048387443,2.115418301244354,-3.4944319245820163
HOF ITEM
10.602718345854704
-3.394579984445501,1.5878660075954312,-3.1017307897637845,2.1165535409327405,-2.764503144060471,5.037441830251959,-2.1089945757487816,2.7634372955987336,-0.44780443450071106,3.638505826470102,2.5279223831940776,3.354171007424652,1.0450358024588962,0.8077136890219221,-5.176687411892202,-1.4164481048387443,2.115418301244354,-3.8616104570692213
HOF ITEM
10.60271835588131
-3.394579984445501,1.5878660075954312,-3.1017307897637845,2.1165535409327405,-2.764503144060471,5.037441830251959,-2.1089945757487816,2.7634372955987336,-0.44780443450071106,3.638505826470102,2.5279223831940776,3.354171007424652,1.0450358024588962,0.8077136890219221,-5.176687411892202,-1.4164481048387443,2.115418301244354,-3.4944319245820163
seed 69
Initial fitness values: [np.float64(14.288802744233905), np.float64(13.655610933745756), np.float64(13.46072440455234), np.float64(13.380649286008305), np.float64(13.289465150316971), np.float64(13.215731385747937), np.float64(12.920088415714517), np.float64(12.908210325076652), np.float64(12.652646232007896), np.float64(12.502420671850528)]
Final fitness values: [np.float64(10.16326849945662), np.float64(10.16326849945662), np.float64(10.16326849945662), np.float64(10.161193996651622), np.float64(10.161193996651622), np.float64(10.16072608353904), np.float64(10.16072608353904), np.float64(10.160553644002668), np.float64(10.160380818547832), np.float64(10.159861848736755)]
HOF ITEM
10.159861848736755
-6.197668317969111,1.5808870737199907,-5.726157955654948,-0.7332956218807025,-5.37367449378541,-5.942874161286612,-2.7521815702569508,2.341117737587263,0.9134220800451942,-2.422643049619249,0.0,-5.632699717331861,-4.9592350433629875,1.940779281535124,-0.6056429158124459,6.385960473893314,0.0,6.862222642658888
HOF ITEM
10.160186763822699
-6.197668317969111,1.5808870737199907,-5.764551778283498,-0.7332956218807025,-5.37367449378541,-5.942874161286612,-2.9177079605430802,2.636311367388178,0.6518170867002121,-2.422643049619249,0.0,-5.543694934626139,-4.9592350433629875,1.940779281535124,-0.6056429158124459,6.385960473893314,0.052779295565086704,6.64434784913047
HOF ITEM
10.160348688425639
-6.197668317969111,1.5808870737199907,-5.764551778283498,-0.628764502422823,-5.226044106351154,-5.942874161286612,-2.9177079605430802,2.636311367388178,0.3409873031877468,-2.422643049619249,0.0,-5.543694934626139,-4.9592350433629875,1.940779281535124,-0.6056429158124459,6.385960473893314,0.052779295565086704,6.64434784913047
HOF ITEM
10.160380818547832
-6.197668317969111,1.5808870737199907,-5.764551778283498,-0.7332956218807025,-5.37367449378541,-5.942874161286612,-2.9177079605430802,2.636311367388178,0.6518170867002121,-2.422643049619249,0.0,-5.543694934626139,-4.9592350433629875,1.940779281535124,-0.6056429158124459,6.512960969349659,0.052779295565086704,6.0833942606598
HOF ITEM
10.160521212178462
-6.197668317969111,1.5808870737199907,-5.764551778283498,-0.628764502422823,-5.226044106351154,-5.942874161286612,-2.9177079605430802,2.636311367388178,0.3409873031877468,-2.422643049619249,0.0,-5.464642434924173,-4.9592350433629875,1.940779281535124,-0.6056429158124459,6.385960473893314,0.052779295565086704,6.64434784913047
best parameter set
fitness 8.547062058222648 seed 64
6.330244965703174,-1.0772387800412078,-1.5755620478282355,-1.2640149313335591,2.7967077792689174,-1.7577222583471852,2.397631605344304,1.0864407545492445,6.854223512819746,-1.23981617424982,2.95239234747424,5.859296193732852,-4.382748537762045,0.2878716208602581,2.0574350564006534,0.8534100493995614,1.334491491905903,-1.14277677532073
