seeds are [880 881 882 883 884 885 886 887 888 889]
seed 880
Initial fitness values: [np.float64(14.685031405223562), np.float64(13.963552128213129), np.float64(13.328465727886991), np.float64(13.328464173046326), np.float64(13.326745430308955), np.float64(13.316551197404573), np.float64(13.296671503427646), np.float64(13.296671503427646), np.float64(13.296671168040293), np.float64(12.986384249145889)]
Final fitness values: [np.float64(10.99395316566226), np.float64(10.99395316566226), np.float64(10.993953152881351), np.float64(10.993953118467909), np.float64(10.993953118467909), np.float64(10.993953118467909), np.float64(10.980136468369574), np.float64(10.980136468369574), np.float64(10.980136437950351), np.float64(10.980136437950351)]
HOF ITEM
10.980136437950351
-3.938916180064598,1.1849420795813215,-2.580744111155626,-4.14978306080593,-5.692695486799349,-4.690400127472203,-1.8140481835115931,1.2631557583712374,2.077828875759446,-6.59439775186424,2.4972894783552384,-0.3306941675434785,4.190708328207286,0.8647713100996777,-0.5687646680819725
HOF ITEM
10.980136442546574
-3.938916180064598,1.1849420795813215,-2.580744111155626,-4.14978306080593,-5.692695486799349,-4.690400127472203,-1.8140481835115931,1.2631557583712374,2.077828875759446,-6.775897524684119,2.4972894783552384,-0.3306941675434785,4.206504297945723,0.8647713100996777,-0.5687646680819725
HOF ITEM
10.980136442546574
-3.938916180064598,1.1849420795813215,-2.580744111155626,-4.14978306080593,-5.692695486799349,-4.690400127472203,-1.8140481835115931,1.2631557583712374,2.077828875759446,-6.59439775186424,2.4972894783552384,-0.3306941675434785,4.206504297945723,0.8647713100996777,-0.5687646680819725
HOF ITEM
10.980136462071432
-3.938916180064598,1.1849420795813215,-2.580744111155626,-4.14978306080593,-5.692695486799349,-4.690400127472203,-1.8140481835115931,1.2631557583712374,2.077828875759446,-6.59439775186424,2.4972894783552384,-0.3306941675434785,4.281116459375685,0.8647713100996777,-0.5687646680819725
HOF ITEM
10.980136468369574
-3.938916180064598,1.1849420795813215,-2.580744111155626,-4.14978306080593,-5.692695486799349,-4.690400127472203,-1.8140481835115931,1.2631557583712374,2.077828875759446,-6.23095468012154,2.4972894783552384,-0.3306941675434785,4.190708328207286,0.8647713100996777,-0.39763383970458605
seed 881
Initial fitness values: [np.float64(14.320574999988564), np.float64(13.430703186916162), np.float64(13.039975422789807), np.float64(12.654639713629953), np.float64(12.52594000273104), np.float64(12.470723033615789), np.float64(12.424294971802484), np.float64(12.424294971802484), np.float64(12.14418043719824), np.float64(12.053197640481654)]
Final fitness values: [np.float64(10.865750834942187), np.float64(10.865750834942187), np.float64(10.863095107872597), np.float64(10.855275639476627), np.float64(10.825829251603285), np.float64(10.822653914925377), np.float64(10.822653914925377), np.float64(10.822653914925377), np.float64(10.822653914925377), np.float64(10.822653914925377)]
HOF ITEM
10.822653914925377
0.5780524430405032,0.8364170359654572,0.10346616467939607,-1.9038461868183627,4.294866588580747,4.134365471479873,0.9041769155770192,2.8601791466947586,5.6582869613959454,6.907165040839772,0.0,-5.946364052121917,3.5895341959458573,1.2011527658937327,-3.707292955244022
HOF ITEM
10.822653940484305
0.5780524430405032,0.8364170359654572,0.10346616467939607,-1.9038461868183627,4.294866588580747,4.134365471479873,0.9041769155770192,2.8601791466947586,5.6582869613959454,6.907165040839772,0.0,-5.9254802257525965,3.5895341959458573,1.2011527658937327,-3.707292955244022
HOF ITEM
10.822653980797464
0.5780524430405032,0.8364170359654572,0.10346616467939607,-1.9038461868183627,4.294866588580747,4.134365471479873,0.9041769155770192,2.8601791466947586,5.6582869613959454,6.907165040839772,0.0,-5.946364052121917,3.5895341959458573,1.2011527658937327,-3.410880621735134
HOF ITEM
10.822657051424539
0.5780524430405032,0.8364170359654572,0.10346616467939607,-1.9038461868183627,4.294866588580747,4.134365471479873,0.9041769155770192,2.8601791466947586,5.6582869613959454,6.907165040839772,0.027144568953095072,-5.578961590193037,3.1639778908465566,1.2011527658937327,-3.707292955244022
HOF ITEM
10.822661267144463
0.5780524430405032,0.8364170359654572,0.10346616467939607,-1.9038461868183627,4.294866588580747,4.134365471479873,0.9041769155770192,2.8601791466947586,5.6582869613959454,6.907165040839772,0.0,-5.946364052121917,3.5895341959458573,1.6651331938976366,-3.707292955244022
seed 882
Initial fitness values: [np.float64(13.56104545463504), np.float64(13.56104545463504), np.float64(13.197105572744908), np.float64(13.197105572744908), np.float64(12.866143127878075), np.float64(11.620960919700575), np.float64(11.620960919700575), np.float64(11.507858558898526), np.float64(11.479886413387623), np.float64(11.400610407422349)]
Final fitness values: [np.float64(11.177366881645755), np.float64(11.177366881645755), np.float64(11.177366881645755), np.float64(11.169223107716542), np.float64(11.169221196245818), np.float64(11.16910097930419), np.float64(11.168881181312685), np.float64(11.168881181312685), np.float64(11.168870380600108), np.float64(11.168870380600108)]
HOF ITEM
11.168870380600108
5.938146379591571,-0.9248073645868693,-4.92426231832317,-3.1167895330319233,1.1285099143731734,5.025340084189676,1.3299807836893933,2.405372507415128,3.73366413314137,5.387889056748731,1.9225594904786747,-4.479843590133254,4.559699935101335,2.2301830492948764,-2.1567080404385472
HOF ITEM
11.168870380600108
5.938146379591571,-0.9248073645868693,-4.92426231832317,-3.1167895330319233,1.1285099143731734,5.025340084189676,1.3299807836893933,2.405372507415128,3.73366413314137,5.620201055532608,2.1029738478582467,-4.479843590133254,4.559699935101335,2.2301830492948764,-2.1567080404385472
HOF ITEM
11.168876477570986
5.938146379591571,-0.9248073645868693,-4.92426231832317,-3.1167895330319233,1.1285099143731734,5.254563378306391,1.3299807836893933,2.405372507415128,3.73366413314137,5.620201055532608,2.1029738478582467,-4.479843590133254,4.136452632729593,2.2301830492948764,-2.1567080404385472
HOF ITEM
11.168878962029407
5.938146379591571,-0.9248073645868693,-4.92426231832317,-3.1167895330319233,1.1285099143731734,5.36546999415679,1.3299807836893933,2.405372507415128,3.73366413314137,5.387889056748731,1.9225594904786747,-4.470178117179747,4.136452632729593,2.2301830492948764,-2.1567080404385472
HOF ITEM
11.168881181312685
5.938146379591571,-0.9248073645868693,-4.92426231832317,-3.1167895330319233,1.1285099143731734,5.476145790494024,1.3299807836893933,2.405372507415128,3.73366413314137,5.387889056748731,1.9225594904786747,-4.470178117179747,4.136452632729593,2.2301830492948764,-2.1567080404385472
seed 883
Initial fitness values: [np.float64(13.50469353845593), np.float64(13.50469353845593), np.float64(13.501567678019079), np.float64(13.429279136498806), np.float64(13.4032998462807), np.float64(13.381587138316265), np.float64(13.372428793713429), np.float64(13.319430393534885), np.float64(13.31800248963688), np.float64(13.282598072726127)]
Final fitness values: [np.float64(9.992678223408927), np.float64(9.884269581371477), np.float64(9.884269581371477), np.float64(9.822947944561523), np.float64(9.822947944561523), np.float64(9.822121526536076), np.float64(9.822121526536076), np.float64(9.821673210936412), np.float64(9.819813030647774), np.float64(9.819813030647774)]
HOF ITEM
9.819813030647774
-2.4774561457331474,1.2777590545621693,3.1929760166844896,-2.0556651854964128,3.028241842007737,3.765596538826342,2.0509447435222046,0.5330493747361974,-5.0307241236224405,-1.4574645716554322,2.09028306673943,-1.0069096810978049,-5.354553001683658,2.788551750136759,1.4945203379791732
HOF ITEM
9.821673210936412
-2.4774561457331474,1.2777590545621693,3.1929760166844896,-1.9423110680231894,3.028241842007737,3.765596538826342,2.0509447435222046,0.339595733749243,-5.0307241236224405,-1.4574645716554322,2.09028306673943,-1.0069096810978049,-5.149148545289818,2.788551750136759,1.4945203379791732
HOF ITEM
9.821673210936412
-2.4774561457331474,1.2777590545621693,3.1929760166844896,-1.9423110680231894,3.028241842007737,3.765596538826342,2.0509447435222046,0.339595733749243,-5.0307241236224405,-1.4574645716554322,2.09028306673943,-1.0069096810978049,-5.354553001683658,2.788551750136759,1.4945203379791732
HOF ITEM
9.821676501687326
-2.4774561457331474,1.2777590545621693,3.1929760166844896,-1.9423110680231894,3.028241842007737,3.765596538826342,2.0509447435222046,0.339595733749243,-4.5340671313013425,-1.4574645716554322,2.09028306673943,-1.0069096810978049,-5.354553001683658,2.788551750136759,1.4945203379791732
HOF ITEM
9.822121526536076
-2.4774561457331474,1.2777590545621693,3.1929760166844896,-1.9423110680231894,3.028241842007737,3.765596538826342,2.0509447435222046,0.5330493747361974,-5.0307241236224405,-1.4574645716554322,2.09028306673943,-1.0069096810978049,-5.354553001683658,2.788551750136759,1.4945203379791732
seed 884
Initial fitness values: [np.float64(14.786882739646257), np.float64(13.59019134555233), np.float64(13.58039760129522), np.float64(13.199064539826667), np.float64(12.995115191629337), np.float64(12.90852821403727), np.float64(12.825034531685304), np.float64(12.616151738727012), np.float64(12.581487553861177), np.float64(12.468719467013294)]
Final fitness values: [np.float64(12.346088050044814), np.float64(12.345682457642285), np.float64(12.345682457642285), np.float64(12.345560222365181), np.float64(12.344844092352295), np.float64(12.339155774831763), np.float64(12.339155774831763), np.float64(12.334836006173196), np.float64(12.331725082127356), np.float64(12.331725082127356)]
HOF ITEM
12.331725082127356
-2.5676449603259983,-3.9346652348564675,4.6797373946070895,-0.16044793901230353,-2.2604410446464156,0.43367707073426065,-2.7331286824984913,2.788471240176494,-5.003415369557031,-1.4284408579141155,1.907404176005642,-0.536163394139752,-5.8361206657400615,0.46348252227695835,1.817418169844816
HOF ITEM
12.331961545693835
-2.5676449603259983,-3.9346652348564675,4.6797373946070895,-0.16044793901230353,-2.2604410446464156,0.43367707073426065,-2.7331286824984913,2.788471240176494,-5.003415369557031,-1.4284408579141155,1.907404176005642,-0.536163394139752,-5.8361206657400615,0.46348252227695835,1.8383955382895234
HOF ITEM
12.334417716942603
-2.567272979294417,-4.0,4.779056967960069,-0.18845515749383915,-2.0617975141513547,0.5844923912469526,-2.3493855476482564,2.8460773125312326,-5.267796462239434,-1.4284408579141155,1.907404176005642,-0.536163394139752,-5.8361206657400615,0.46348252227695835,1.6169327970828
HOF ITEM
12.334776331474018
-2.567272979294417,-4.0,4.779056967960069,-0.18845515749383915,-2.0617975141513547,0.5844923912469526,-2.3963055798171395,2.637827920369974,-4.787058747618106,-1.4284408579141155,1.907404176005642,-0.536163394139752,-5.8361206657400615,0.46348252227695835,1.6169327970828
HOF ITEM
12.334836006173196
-2.567272979294417,-4.0,4.779056967960069,-0.18845515749383915,-2.0617975141513547,0.5844923912469526,-2.3493855476482564,2.637827920369974,-4.787058747618106,-1.4284408579141155,1.907404176005642,-0.536163394139752,-5.8361206657400615,0.46348252227695835,1.6169327970828
seed 885
Initial fitness values: [np.float64(13.554270872715945), np.float64(13.297222755046443), np.float64(13.182960112553555), np.float64(12.538436753270481), np.float64(12.528137495381106), np.float64(12.313571915033954), np.float64(12.111472928559197), np.float64(11.680420606624738), np.float64(11.680420606624738), np.float64(11.680420606624738)]
Final fitness values: [np.float64(11.018482452831462), np.float64(11.02141254313192), np.float64(11.02141254313192), np.float64(11.02141254313192), np.float64(11.02141254313192), np.float64(11.02141254313192), np.float64(11.02141254313192), np.float64(11.02141254313192), np.float64(11.02141254313192), np.float64(11.02141254313192)]
HOF ITEM
11.018482452831462
3.7690572016435313,-0.5000682460263256,-5.59280172748447,-4.947733204983975,3.4609143666700124,-1.7880896756650038,1.1225895894296096,3.0,6.1599248744657915,0.39882230210984526,0.03825336551707306,-2.848041936662408,1.3037541645242159,2.799322467493275,-2.1203957819790955
HOF ITEM
11.02141254313192
3.7690572016435313,-0.5000682460263256,-5.59280172748447,-4.947733204983975,3.4609143666700124,-1.7880896756650038,1.1225895894296096,3.0,6.1599248744657915,0.39882230210984526,0.03825336551707306,-2.848041936662408,1.3037541645242159,2.858563395425582,-2.1203957819790955
HOF ITEM
11.023237714707225
3.7690572016435313,-0.5000682460263256,-5.59280172748447,-4.947733204983975,3.4609143666700124,-1.7880896756650038,1.1225895894296096,3.0,6.1599248744657915,0.39882230210984526,0.03825336551707306,-2.866994612620043,1.3037541645242159,2.858563395425582,-2.1203957819790955
HOF ITEM
11.026759942485636
3.7690572016435313,-0.5000682460263256,-5.59280172748447,-4.947733204983975,3.4609143666700124,-1.7880896756650038,1.1225895894296096,3.0,6.1599248744657915,0.39882230210984526,0.03825336551707306,-2.866994612620043,1.3145015819864854,2.858563395425582,-2.1203957819790955
HOF ITEM
11.031125468625193
3.7690572016435313,-0.5000682460263256,-5.59280172748447,-4.947733204983975,3.4609143666700124,-1.7880896756650038,1.1225895894296096,3.0,6.1599248744657915,0.39882230210984526,0.03825336551707306,-2.848041936662408,1.3145015819864854,2.858563395425582,-2.1203957819790955
seed 886
Initial fitness values: [np.float64(14.89844968613372), np.float64(13.510863768695808), np.float64(13.510863768695808), np.float64(13.276940559605007), np.float64(12.820817808920157), np.float64(12.820817808920157), np.float64(12.820817808920157), np.float64(12.639994915810469), np.float64(12.638415975570334), np.float64(12.639994915810469)]
Final fitness values: [np.float64(12.453473681560489), np.float64(12.441620473996492), np.float64(12.434452537986205), np.float64(12.434452537986205), np.float64(12.43088184270278), np.float64(12.43088184270278), np.float64(12.404383529478622), np.float64(12.404383529478622), np.float64(12.404383529478622), np.float64(12.40438334657317)]
HOF ITEM
12.40438334657317
-6.192466877815489,-2.9867190435670468,0.22397022764827332,-4.971648050218762,0.779704808256238,4.635213243321196,-4.872175867496178,1.891992702917301,5.788476609889715,0.9333109238982427,0.0,2.508855958164124,5.923314795147914,0.4752423476861137,6.091584874371159
HOF ITEM
12.404383529359805
-6.192466877815489,-2.9867190435670468,0.22397022764827332,-4.971648050218762,0.779704808256238,4.635213243321196,-4.872175867496178,1.891992702917301,5.788476609889715,0.9333109238982427,0.0,2.508855958164124,5.923314795147914,0.7516497717099997,6.221138459914955
HOF ITEM
12.404383529478622
-6.192466877815489,-2.9867190435670468,0.22397022764827332,-4.971648050218762,0.779704808256238,4.635213243321196,-4.872175867496178,1.891992702917301,5.788476609889715,0.9333109238982427,0.0,2.508855958164124,5.923314795147914,0.7516497717099997,6.091584874371159
HOF ITEM
12.40438357120513
-6.192466877815489,-2.5855713587790685,0.22397022764827332,-4.971648050218762,0.779704808256238,4.635213243321196,-4.872175867496178,1.891992702917301,5.788476609889715,0.9333109238982427,0.0,2.508855958164124,5.923314795147914,0.7516497717099997,6.221138459914955
HOF ITEM
12.404383571323947
-6.192466877815489,-2.5855713587790685,0.22397022764827332,-4.971648050218762,0.779704808256238,4.635213243321196,-4.872175867496178,1.891992702917301,5.788476609889715,0.9333109238982427,0.0,2.508855958164124,5.923314795147914,0.7516497717099997,6.091584874371159
seed 887
Initial fitness values: [np.float64(14.204147782533056), np.float64(14.204147782533056), np.float64(13.169665138645891), np.float64(12.973027401678888), np.float64(12.852711933202944), np.float64(12.604955358177593), np.float64(12.545429500451123), np.float64(12.520573029776566), np.float64(12.158236871228405), np.float64(12.15581132808361)]
Final fitness values: [np.float64(10.636671551642523), np.float64(10.636671551642523), np.float64(10.636246292374995), np.float64(10.636246292374995), np.float64(10.636246292374995), np.float64(10.63592782979058), np.float64(10.634855610691504), np.float64(10.634855597152335), np.float64(10.632964803205443), np.float64(10.632964803205443)]
HOF ITEM
10.632964803205443
-3.6416990187710523,1.5749719984331025,-3.3361616934272464,-6.092569944531608,-0.2800640052127753,7.0,-2.3312859102867387,2.6579679453810967,5.291194384000543,5.678288036368949,0.09888643051240478,-1.5017438160625445,-5.947070840401763,0.20058544667995423,-0.5876094274352683
HOF ITEM
10.633255105713317
-3.6416990187710523,1.5749719984331025,-3.3361616934272464,-6.092569944531608,-0.2800640052127753,7.0,-2.3312859102867387,2.6579679453810967,5.291194384000543,5.678288036368949,0.5826554813916973,-1.5576769598508342,-5.947070840401763,0.20058544667995423,-0.5876094274352683
HOF ITEM
10.633255137068362
-3.6416990187710523,1.5749719984331025,-3.3361616934272464,-6.092569944531608,-0.2800640052127753,7.0,-2.3312859102867387,2.6579679453810967,5.291194384000543,5.678288036368949,0.5826554813916973,-1.5017438160625445,-5.947070840401763,0.20058544667995423,-0.5876094274352683
HOF ITEM
10.633446458145349
-3.6416990187710523,1.5749719984331025,-3.332484420849869,-6.092569944531608,-0.2800640052127753,7.0,-2.3312859102867387,2.6579679453810967,5.291194384000543,5.568099768928994,0.5826554813916973,-1.5017438160625445,-5.947070840401763,0.23156527824817705,-0.5876094274352683
HOF ITEM
10.633448942040522
-3.6416990187710523,1.5749719984331025,-3.332484420849869,-6.092569944531608,-0.2800640052127753,7.0,-2.3312859102867387,2.6579679453810967,5.291194384000543,5.678288036368949,0.5826554813916973,-1.5576769598508342,-5.947070840401763,0.20058544667995423,-0.5876094274352683
seed 888
Initial fitness values: [np.float64(13.732295762010393), np.float64(13.731886816425797), np.float64(13.525644729791686), np.float64(13.119764144535496), np.float64(13.119762592591504), np.float64(12.779603907763748), np.float64(12.719456637584917), np.float64(12.549129762047178), np.float64(12.492451553286823), np.float64(12.39802070082865)]
Final fitness values: [np.float64(12.290584665628506), np.float64(12.290584665628506), np.float64(12.290584651459149), np.float64(12.290584651459149), np.float64(12.290584638254598), np.float64(12.290584638254598), np.float64(12.290584638254598), np.float64(12.290584638254598), np.float64(12.290584617489085), np.float64(12.290584617489085)]
HOF ITEM
12.290584617489085
2.933440256951724,-2.696251240059444,2.723028920647349,-6.034025513509079,-5.781577960107304,3.1457953987229224,3.9421466622235894,2.5380222710517866,0.13152130495755324,1.2141720137317107,2.113391644526484,-0.45979534229578894,2.8247922470122906,2.646758094480688,-3.3302669996042686
HOF ITEM
12.290584638254598
2.933440256951724,-3.4010843523138634,2.723028920647349,-5.720685858693188,-5.781577960107304,3.1457953987229224,3.890279535174712,2.5998796943019724,0.1344996481626206,1.2141720137317107,2.113391644526484,-0.45979534229578894,2.8247922470122906,2.590959046335906,-2.76684445428517
HOF ITEM
12.290584638254598
2.933440256951724,-3.4010843523138634,2.723028920647349,-5.720685858693188,-5.781577960107304,3.1457953987229224,3.993454675726178,2.5998796943019724,0.1344996481626206,1.2141720137317107,2.113391644526484,-0.45979534229578894,2.8247922470122906,2.590959046335906,-2.76684445428517
HOF ITEM
12.290584638254598
2.933440256951724,-2.696251240059444,2.723028920647349,-5.720685858693188,-5.781577960107304,3.1457953987229224,3.993454675726178,2.5998796943019724,0.1344996481626206,1.2141720137317107,2.113391644526484,-0.45979534229578894,2.8247922470122906,2.590959046335906,-2.76684445428517
HOF ITEM
12.290584638254598
2.933440256951724,-2.696251240059444,2.723028920647349,-5.720685858693188,-5.781577960107304,3.1457953987229224,3.890279535174712,2.5998796943019724,0.1344996481626206,1.2141720137317107,2.113391644526484,-0.45979534229578894,2.8247922470122906,2.590959046335906,-2.76684445428517
seed 889
Initial fitness values: [np.float64(15.779347527003813), np.float64(14.203077770703985), np.float64(12.610328573069493), np.float64(12.610328573069493), np.float64(12.610328573069493), np.float64(12.495924261492574), np.float64(12.495924261492574), np.float64(12.495924261492574), np.float64(12.495924157817496), np.float64(12.495924157817496)]
Final fitness values: [np.float64(12.452017165144861), np.float64(12.452017165144861), np.float64(12.452017165144861), np.float64(12.452017165144861), np.float64(12.452017165144861), np.float64(12.452017165144861), np.float64(12.452017165144861), np.float64(12.452017165144861), np.float64(12.452017165144861), np.float64(12.452017165144861)]
HOF ITEM
12.452017165144861
-6.2291561886018885,-3.0265830858240044,-2.6505728030183815,2.5332164411339217,5.379367572545652,-3.2963653053632247,1.5089565341955302,1.8552322483429071,3.965013226100058,-5.424567933369451,1.902006725920854,-3.4660267334401937,-2.9362431145593595,2.9673919633238826,4.037275998829914
HOF ITEM
12.452017165144861
-6.2291561886018885,-3.0265830858240044,-2.6505728030183815,2.5332164411339217,5.379367572545652,-3.2963653053632247,1.5089565341955302,1.8552322483429071,3.8170023692049995,-5.424567933369451,1.902006725920854,-3.4660267334401937,-2.521869418698709,3.0,4.264281347677137
HOF ITEM
12.452017165144861
-6.2291561886018885,-3.0265830858240044,-2.6505728030183815,2.5332164411339217,5.379367572545652,-3.2963653053632247,1.5089565341955302,1.8552322483429071,3.965013226100058,-5.424567933369451,1.902006725920854,-3.4660267334401937,-2.9362431145593595,3.0,4.037275998829914
HOF ITEM
12.452017165144861
-6.2291561886018885,-3.0265830858240044,-2.6505728030183815,2.5332164411339217,5.379367572545652,-3.2963653053632247,1.5089565341955302,1.8552322483429071,3.965013226100058,-5.424567933369451,1.902006725920854,-3.4660267334401937,-2.9362431145593595,3.0,4.264281347677137
HOF ITEM
12.452017165144861
-6.2291561886018885,-3.0265830858240044,-2.6505728030183815,2.5332164411339217,5.379367572545652,-3.2963653053632247,1.5089565341955302,1.8552322483429071,3.8170023692049995,-5.424567933369451,1.902006725920854,-3.4660267334401937,-2.521869418698709,2.9673919633238826,4.037275998829914
best parameter set
fitness 9.472848035451621 seed 883
-2.4773274494634077,1.1654423690378442,3.3376902677770905,-2.054673217348528,3.0198273140184,3.65840267746389,2.064040788283897,0.5322648339967987,-5.033336895466654,-1.5040696890884209,2.15258568500666,-0.9913637917767688,-5.354553001683658,2.788551750136759,1.5652383766224294
