seeds are [360 361 362 363 364 365 366 367 368 369]
seed 360
Initial fitness values: [np.float64(31.7668932475197), np.float64(28.26873210080764), np.float64(27.92403428198259), np.float64(26.942206594996186), np.float64(26.428663333048643), np.float64(26.428663333048643), np.float64(26.189359569009465), np.float64(26.1305808526256), np.float64(26.10126280649277), np.float64(26.10071894808788)]
Final fitness values: [np.float64(24.939778817213984), np.float64(24.939778817213984), np.float64(24.939778817213984), np.float64(24.939778817213984), np.float64(24.939778817213984), np.float64(24.939778817213984), np.float64(24.939778817213984), np.float64(24.939778817213984), np.float64(24.939778817213984), np.float64(24.939778817213984)]
HOF ITEM
24.939778817213984
-1.251597392961248,1.0476721267252065,6.551404305081677,6.350067892666506,3.1966567953623546,0.44913315804252574,3.1692404673049883,0.4352172838142473,1.9185930223895353,6.307321238452545,1.5666984946146563,0.4963834701500135,-3.7767994314401863,2.597229246366764,3.2194733102115642,0.49274541227461416,0.31516369752828033,-5.790751163929932
HOF ITEM
24.939778817213984
-1.251597392961248,1.0476721267252065,6.551404305081677,6.350067892666506,3.1966567953623546,0.44913315804252574,3.1692404673049883,0.4352172838142473,1.9185930223895353,6.307321238452545,1.5666984946146563,0.49335147932283285,-3.7767994314401863,2.597229246366764,3.2194733102115642,0.49274541227461416,0.31516369752828033,-5.790751163929932
HOF ITEM
24.9397909774058
-1.251597392961248,1.0476721267252065,6.551404305081677,6.350067892666506,3.1966567953623546,0.44913315804252574,3.1692404673049883,0.47022735449187936,1.9185930223895353,6.307321238452545,1.5666984946146563,0.49335147932283285,-3.7767994314401863,2.597229246366764,3.2194733102115642,0.49274541227461416,0.31516369752828033,-5.790751163929932
HOF ITEM
24.9397909774058
-1.251597392961248,1.0476721267252065,6.551404305081677,6.350067892666506,3.1966567953623546,0.44913315804252574,3.1692404673049883,0.47022735449187936,1.9185930223895353,6.307321238452545,1.5666984946146563,0.4963834701500135,-3.7767994314401863,2.597229246366764,3.2194733102115642,0.49274541227461416,0.31516369752828033,-5.790751163929932
HOF ITEM
24.93979097740656
-1.251597392961248,1.0476721267252065,6.551404305081677,6.350067892666506,3.1966567953623546,0.44913315804252574,3.1692404673049883,0.47022735449187936,1.9185930223895353,6.307321238452545,1.2566524274787645,0.4963834701500135,-3.7767994314401863,2.597229246366764,3.2194733102115642,0.49274541227461416,0.31516369752828033,-5.790751163929932
seed 361
Initial fitness values: [np.float64(28.164327405640353), np.float64(27.225419941575403), np.float64(26.738128678711544), np.float64(26.18390541380577), np.float64(26.034235353076426), np.float64(26.03430975982685), np.float64(25.91177298692437), np.float64(24.971052860144763), np.float64(24.696175148883697), np.float64(24.64428675952553)]
Final fitness values: [np.float64(23.204812868965853), np.float64(23.204812868965853), np.float64(23.20481286887695), np.float64(23.20481286887695), np.float64(23.204812868856433), np.float64(23.20481286885239), np.float64(23.204812868843046), np.float64(23.204812868729494), np.float64(23.20481286872498), np.float64(23.20481286871544)]
HOF ITEM
23.20481286871544
-5.087096395059007,1.3910963719732157,6.15995254426783,6.896320296577947,-2.944918892728973,-3.6763987620643577,-3.886115123786665,2.157008063781526,-0.8963931598353809,5.615846594179237,1.080183801560159,-6.344151820272805,7.0,1.0777991485340068,-3.919091854031812,5.339643265251977,1.0975179527463303,-0.9205191894734015
HOF ITEM
23.204812868724847
-5.087096395059007,1.3910963719732157,6.15995254426783,6.896320296577947,-2.944918892728973,-3.6763987620643577,-3.886115123786665,2.157008063781526,-0.8963931598353809,5.651061586236355,1.4459859549931886,-6.344151820272805,7.0,1.0777991485340068,-3.919091854031812,5.8810701253608695,1.0975179527463303,-0.9205191894734015
HOF ITEM
23.20481286872498
-5.087096395059007,1.3910963719732157,6.15995254426783,6.896320296577947,-2.944918892728973,-3.6763987620643577,-3.886115123786665,2.157008063781526,-0.8963931598353809,5.651300578361369,1.4459859549931886,-6.344151820272805,7.0,1.0777991485340068,-3.919091854031812,5.8810701253608695,1.0975179527463303,-1.1373498252466072
HOF ITEM
23.20481286872498
-5.087096395059007,1.3910963719732157,6.15995254426783,6.896320296577947,-2.944918892728973,-3.6763987620643577,-3.886115123786665,2.157008063781526,-0.8963931598353809,5.651061586236355,1.4459859549931886,-6.344151820272805,7.0,1.0777991485340068,-3.919091854031812,5.8810701253608695,1.0975179527463303,-1.1373498252466072
HOF ITEM
23.204812868729494
-5.087096395059007,1.3910963719732157,6.15995254426783,6.896320296577947,-2.944918892728973,-3.6763987620643577,-3.886115123786665,2.157008063781526,-0.8963931598353809,5.651300578361369,1.4459859549931886,-6.344151820272805,7.0,1.0777991485340068,-3.919091854031812,5.339643265251977,1.0975179527463303,-0.9205191894734015
seed 362
Initial fitness values: [np.float64(30.96209315670307), np.float64(28.65465580786775), np.float64(28.333200078271663), np.float64(28.333200078271663), np.float64(28.274748705218947), np.float64(27.98829214231493), np.float64(27.767238633042), np.float64(27.111118958713455), np.float64(27.0390848568566), np.float64(26.830254463383138)]
Final fitness values: [np.float64(25.89260585250868), np.float64(25.892516209488754), np.float64(25.891240629819432), np.float64(25.891240629819432), np.float64(25.89014337944069), np.float64(25.89014337944069), np.float64(25.89012304035422), np.float64(25.886808663456403), np.float64(25.886808663456403), np.float64(25.88543386393536)]
HOF ITEM
25.88543386393536
-5.681992268117992,-3.4972040493741656,0.5294859557455504,-2.107576394540692,1.8945353599711692,-4.515219484895195,-4.98106166170832,1.9881884000630532,-4.548698597229859,1.4791760135887888,0.2598973028887468,3.307625936381512,1.4189658513654775,2.8939668179147677,0.9736245871370303,5.72858380975386,0.0,4.356215420835432
HOF ITEM
25.886187264187047
-5.681992268117992,-3.6556866047612857,0.5294859557455504,-2.107576394540692,1.8945353599711692,-4.515219484895195,-4.98106166170832,1.9881884000630532,-4.548698597229859,1.8593706564457844,0.0,3.2742183898335635,1.7326301627546732,2.812718267606875,0.9736245871370303,6.083677378965146,0.0,4.571247099354459
HOF ITEM
25.886808663456403
-5.681992268117992,-3.6556866047612857,0.5294859557455504,-2.107576394540692,1.8945353599711692,-4.515219484895195,-4.98106166170832,1.9881884000630532,-4.548698597229859,1.195010317339991,0.2598973028887468,3.2742183898335635,1.7326301627546732,2.8939668179147677,0.9736245871370303,6.083677378965146,0.0,4.571247099354459
HOF ITEM
25.886858061294497
-5.681992268117992,-4.0,0.5294859557455504,-2.107576394540692,1.7746139475594032,-4.515219484895195,-4.98106166170832,1.9881884000630532,-4.548698597229859,1.7907480479692388,0.2598973028887468,3.2742183898335635,1.7326301627546732,2.8939668179147677,0.9736245871370303,6.083677378965146,0.0,4.168027616564953
HOF ITEM
25.886858061294497
-5.681992268117992,-4.0,0.5294859557455504,-2.107576394540692,1.7746139475594032,-4.515219484895195,-4.98106166170832,1.9881884000630532,-4.548698597229859,1.7907480479692388,0.2598973028887468,3.2742183898335635,1.7326301627546732,2.8939668179147677,0.796734815692193,6.083677378965146,0.0,4.168027616564953
seed 363
Initial fitness values: [np.float64(28.14183499277754), np.float64(28.14183499277754), np.float64(28.14183499277754), np.float64(27.03929435315532), np.float64(27.03929435315532), np.float64(26.730687374972526), np.float64(26.499510047698806), np.float64(25.456976720483983), np.float64(25.251307142869788), np.float64(25.251307142869788)]
Final fitness values: [np.float64(23.673161671158315), np.float64(23.673161671158315), np.float64(23.65629295710631), np.float64(23.65629295710631), np.float64(23.65629295710631), np.float64(23.65629295710631), np.float64(23.65629295710631), np.float64(23.65629295710631), np.float64(23.65629295710631), np.float64(23.65629295710631)]
HOF ITEM
23.65629295710631
-3.147430596335475,1.5235119574605562,1.5182321610473217,4.148312692279172,0.039932219603703176,3.7759411584553684,1.1977318635341758,1.0865876051287882,-2.1684949135487623,0.22076691865478015,1.1393491274282166,1.1532095663636368,1.906001677630468,3.0,-1.7773583297127713,-2.260218349227554,2.679468439269017,-5.874201038210828
HOF ITEM
23.65646273848325
-3.147430596335475,1.5235119574605562,1.5182321610473217,4.148312692279172,0.039932219603703176,3.7759411584553684,1.5533332863658016,1.0865876051287882,-2.1684949135487623,0.22076691865478015,1.1393491274282166,1.1532095663636368,1.906001677630468,3.0,-1.7773583297127713,-2.260218349227554,2.679468439269017,-5.874201038210828
HOF ITEM
23.65647030241297
-3.147430596335475,1.5235119574605562,1.5182321610473217,4.148312692279172,0.039932219603703176,3.7759411584553684,1.5533332863658016,1.0865876051287882,-1.6713493566518989,0.22076691865478015,1.1393491274282166,1.1532095663636368,1.906001677630468,3.0,-1.7773583297127713,-2.260218349227554,2.679468439269017,-5.874201038210828
HOF ITEM
23.658510036756002
-3.147430596335475,1.5235119574605562,1.5182321610473217,4.148312692279172,0.039932219603703176,3.7759411584553684,1.1977318635341758,1.0865876051287882,-2.1684949135487623,0.22076691865478015,1.299850842417251,1.1532095663636368,1.906001677630468,3.0,-1.7773583297127713,-2.260218349227554,2.679468439269017,-5.874201038210828
HOF ITEM
23.65853135729201
-3.147430596335475,1.5235119574605562,1.5182321610473217,4.148312692279172,0.039932219603703176,3.7759411584553684,1.1977318635341758,1.0865876051287882,-1.6713493566518989,0.22076691865478015,1.299850842417251,1.1532095663636368,1.7364064605596135,2.9579245923872604,-1.3035338222969668,-2.260218349227554,2.679468439269017,-5.874201038210828
seed 364
Initial fitness values: [np.float64(34.23193244921387), np.float64(29.868979478361084), np.float64(28.505014469345056), np.float64(27.23761012992626), np.float64(27.23761012992626), np.float64(27.23761012992626), np.float64(27.024316433794564), np.float64(26.848444349928673), np.float64(26.241114241272655), np.float64(26.241114241272655)]
Final fitness values: [np.float64(25.291063898942973), np.float64(25.291063898942973), np.float64(25.291063898942973), np.float64(25.291063898942973), np.float64(25.291063898942973), np.float64(25.291063898942973), np.float64(25.291063898942973), np.float64(25.291063898942973), np.float64(25.290486902907556), np.float64(25.289080313240493)]
HOF ITEM
25.289080313240493
-3.9944522773433992,-1.9143427591007232,-4.914477441233036,-5.260403303346367,-4.1062375337090256,0.36386714890537586,-2.918729153774041,1.7481788240403402,-0.8547434791934444,-3.339484298516639,1.907437023468998,-3.1048547299679368,1.1578729982723834,2.269573201387864,-4.2355209255872,0.5220896791543441,0.1905342935074941,-3.026612795900464
HOF ITEM
25.2904194632816
-3.9944522773433992,-1.8746032405523136,-4.914477441233036,-5.260403303346367,-4.1062375337090256,0.7111335720575337,-2.918729153774041,1.7481788240403402,-0.8547434791934444,-3.339484298516639,1.907437023468998,-3.1048547299679368,1.1578729982723834,2.247007614572906,-4.158087624866407,0.5220896791543441,0.08545326368454793,-3.026612795900464
HOF ITEM
25.290486902907556
-3.9944522773433992,-1.8746032405523136,-4.914477441233036,-5.260403303346367,-4.1062375337090256,0.7111335720575337,-2.918729153774041,1.7481788240403402,-0.8547434791934444,-3.339484298516639,1.907437023468998,-3.1048547299679368,1.1578729982723834,2.247007614572906,-4.158087624866407,0.5220896791543441,0.0,-3.026612795900464
HOF ITEM
25.291063898942973
-3.9944522773433992,-1.613545808817096,-4.914477441233036,-5.260403303346367,-4.1062375337090256,0.9556436364944317,-2.918729153774041,1.7481788240403402,-0.8547434791934444,-3.339484298516639,1.907437023468998,-3.1048547299679368,1.1578729982723834,2.269573201387864,-4.158854906900856,0.5220896791543441,0.08545326368454793,-3.026612795900464
HOF ITEM
25.29106389894304
-3.9944522773433992,-1.613545808817096,-4.914477441233036,-5.260403303346367,-4.1062375337090256,0.9556436364944317,-2.918729153774041,1.7481788240403402,-0.8547434791934444,-3.339484298516639,1.907437023468998,-3.1048547299679368,0.931647242794827,2.269573201387864,-4.158854906900856,0.5220896791543441,0.08545326368454793,-3.026612795900464
seed 365
Initial fitness values: [np.float64(30.315765784293834), np.float64(28.532600453956363), np.float64(28.384150276566157), np.float64(28.27152915208783), np.float64(28.259288045698902), np.float64(28.231964282960615), np.float64(28.205830269265523), np.float64(28.205830269265523), np.float64(28.17848025442891), np.float64(28.17848025442891)]
Final fitness values: [np.float64(25.491567160269565), np.float64(25.491564639868916), np.float64(25.491564639868916), np.float64(25.45362597265851), np.float64(25.446148595768936), np.float64(25.446148595768936), np.float64(25.446148595761496), np.float64(25.446148595761496), np.float64(25.446148595761496), np.float64(25.446148595761496)]
HOF ITEM
25.446148595761496
-1.4436841167688603,1.5035506239574445,4.999320152632469,-4.390581879470218,4.835121067018833,4.753083319881492,5.02455772951015,2.231922514568914,-4.354604481814567,-6.1017766518456975,1.990289693335955,1.7550283266370799,-0.5065972836231472,0.6863430446846912,-5.294549467785049,1.368921169502923,0.4412381518739634,3.531774230174934
HOF ITEM
25.446148595768936
-1.4436841167688603,1.5035506239574445,4.999320152632469,-4.390581879470218,4.835121067018833,4.753083319881492,5.02455772951015,2.231922514568914,-4.354604481814567,-5.802291124502828,1.990289693335955,1.7550283266370799,-0.5065972836231472,0.6863430446846912,-5.294549467785049,1.368921169502923,0.4412381518739634,3.531774230174934
HOF ITEM
25.44615111081432
-1.4436841167688603,1.5035506239574445,4.999320152632469,-4.389282022483029,4.835121067018833,4.753083319881492,5.02455772951015,2.231922514568914,-4.354604481814567,-5.802291124502828,1.990289693335955,1.7550283266370799,-0.5065972836231472,0.6863430446846912,-5.294549467785049,1.368921169502923,0.4412381518739634,3.531774230174934
HOF ITEM
25.4536259726509
-1.4463387186118193,1.5035506239574445,4.999320152632469,-4.389282022483029,4.835121067018833,4.753083319881492,5.02455772951015,2.231922514568914,-4.354604481814567,-6.1017766518456975,1.990289693335955,1.7550283266370799,-0.5065972836231472,0.6863430446846912,-5.294549467785049,1.368921169502923,0.4412381518739634,3.531774230174934
HOF ITEM
25.45362597265851
-1.4463387186118193,1.5035506239574445,4.999320152632469,-4.389282022483029,4.835121067018833,4.753083319881492,5.02455772951015,2.231922514568914,-4.354604481814567,-5.802291124502828,1.990289693335955,1.7550283266370799,-0.5065972836231472,0.6863430446846912,-5.294549467785049,1.368921169502923,0.4412381518739634,3.531774230174934
seed 366
Initial fitness values: [np.float64(28.79698946059022), np.float64(27.14836672065064), np.float64(26.497831245712668), np.float64(25.302784618628706), np.float64(25.30277666527792), np.float64(25.30277666527792), np.float64(25.168946717889394), np.float64(25.093278657054416), np.float64(24.656193341019055), np.float64(24.6060955723872)]
Final fitness values: [np.float64(22.005600902779136), np.float64(22.005600902779136), np.float64(22.005600902779136), np.float64(22.005600902779136), np.float64(22.005600902779136), np.float64(22.005600902779136), np.float64(22.005600902779136), np.float64(22.00351286680979), np.float64(22.00351286680979), np.float64(22.00351286680979)]
HOF ITEM
22.00351286680979
-3.199574603068589,1.2992940362155054,-4.9607412141198495,0.8891175280652281,2.7481905427943163,-4.970081756305232,6.605190873485224,2.7070805029785188,6.428902008338807,3.1350286185075227,0.6219694213538948,2.0574905096123617,-3.753962445035448,1.9070035451637652,1.4787988054801329,-2.078734171930328,2.1412217017895956,-0.8614592802210478
HOF ITEM
22.003525481879908
-3.199574603068589,1.2992940362155054,-4.9607412141198495,0.8891175280652281,2.7481905427943163,-4.970081756305232,6.721712569002174,2.875811051598506,6.428902008338807,3.0582498973105467,0.6219694213538948,2.0574905096123617,-3.753962445035448,1.9070035451637652,1.4787988054801329,-2.078734171930328,2.1412217017895956,-0.8614592802210478
HOF ITEM
22.003525481879908
-3.199574603068589,1.2992940362155054,-4.9607412141198495,0.8891175280652281,2.7481905427943163,-4.970081756305232,6.296151512304746,2.875811051598506,6.428902008338807,3.0582498973105467,0.6219694213538948,2.0574905096123617,-3.753962445035448,1.9070035451637652,1.4787988054801329,-2.078734171930328,2.1412217017895956,-0.8614592802210478
HOF ITEM
22.00492380997674
-3.199574603068589,1.2992940362155054,-4.9607412141198495,0.8891175280652281,2.7481905427943163,-4.970081756305232,6.605190873485224,2.7070805029785188,6.428902008338807,3.1350286185075227,0.6219694213538948,2.0574905096123617,-3.753962445035448,1.9070035451637652,1.4424868088676415,-2.078734171930328,2.1412217017895956,-0.8614592802210478
HOF ITEM
22.004936920882493
-3.199574603068589,1.2992940362155054,-4.9607412141198495,0.8891175280652281,2.7481905427943163,-4.970081756305232,6.721712569002174,2.875811051598506,6.428902008338807,3.0582498973105467,0.6219694213538948,2.0574905096123617,-3.753962445035448,1.9070035451637652,1.4424868088676415,-2.078734171930328,2.1412217017895956,-0.8614592802210478
seed 367
Initial fitness values: [np.float64(31.216060791091817), np.float64(29.28023866518482), np.float64(28.748312126462995), np.float64(28.45563666584076), np.float64(28.44545211996236), np.float64(28.152428366829774), np.float64(28.283682843295402), np.float64(28.27552925517123), np.float64(28.237625826110367), np.float64(28.19991560841549)]
Final fitness values: [np.float64(23.302662403797658), np.float64(23.302662152632593), np.float64(23.302662152537504), np.float64(23.302662152632546), np.float64(23.302653593962575), np.float64(23.302653593962575), np.float64(23.3026535939625), np.float64(23.30265346893595), np.float64(23.302653410003636), np.float64(23.302653410003636)]
HOF ITEM
23.302653410003636
-5.58807901897827,1.5730345560736156,7.0,2.8228754165160095,-5.792732828133917,5.162172224767982,-4.726346897783744,2.088685249576462,-3.6855260857626932,2.2292480980474445,1.0076030332462667,-5.485807009275884,0.9048821772521585,2.121617105258517,2.6622006117709645,3.0749218657187622,1.5097822243917198,-2.7305058154730175
HOF ITEM
23.30265341000366
-5.58807901897827,1.5730345560736156,7.0,2.8228754165160095,-5.792732828133917,5.162172224767982,-4.726346897783744,2.088685249576462,-3.6855260857626932,2.2292480980474445,1.0076030332462667,-5.485807009275884,0.9048821772521585,2.121617105258517,2.7467807626606544,3.0749218657187622,1.4049223912303548,-2.7305058154730175
HOF ITEM
23.302653468935933
-5.58807901897827,1.5730345560736156,7.0,2.8228754165160095,-5.792732828133917,5.177167297206184,-4.726346897783744,2.088685249576462,-3.6855260857626932,2.1673279374297736,0.967715028455608,-5.485807009275884,0.9048821772521585,2.1977755227190356,2.7467807626606544,2.6511809261800847,1.4049223912303548,-2.5416233004177577
HOF ITEM
23.302653468935933
-5.58807901897827,1.5730345560736156,7.0,2.8228754165160095,-5.792732828133917,5.177167297206184,-4.726346897783744,2.088685249576462,-3.6855260857626932,2.1673279374297736,0.967715028455608,-5.485807009275884,0.9048821772521585,2.387826494044735,2.7467807626606544,2.6511809261800847,1.4049223912303548,-2.5416233004177577
HOF ITEM
23.30265346893595
-5.58807901897827,1.5730345560736156,7.0,2.8228754165160095,-5.792732828133917,5.177167297206184,-4.726346897783744,2.088685249576462,-3.6855260857626932,2.1673279374297736,0.967715028455608,-5.485807009275884,0.9048821772521585,2.387826494044735,2.7467807626606544,2.6511809261800847,1.4049223912303548,-2.7305058154730175
seed 368
Initial fitness values: [np.float64(29.760034437879654), np.float64(29.255643556701596), np.float64(27.73078849185618), np.float64(27.19680401533354), np.float64(26.90591508855598), np.float64(26.641169419843273), np.float64(26.450347095268743), np.float64(26.450347095268743), np.float64(26.390772258163885), np.float64(26.048853524714005)]
Final fitness values: [np.float64(25.221757974165076), np.float64(25.221757974165076), np.float64(25.221525433143924), np.float64(25.221525433143924), np.float64(25.221430998753515), np.float64(25.221430998753515), np.float64(25.221430998753515), np.float64(25.221430998753515), np.float64(25.221368327359162), np.float64(25.221368327359162)]
HOF ITEM
25.221368327359162
6.6226841859822105,-1.007454137986759,-0.04776612274271317,6.16885050537297,-5.049154483626948,-3.403548768298975,2.3483146044227605,2.2054417141629203,4.068101648479962,3.7185878155253933,2.3663909883474363,-5.295575524085948,1.571218953776977,1.4970695338292097,-1.3179038923036166,3.4031724277646647,1.5728924754126228,-3.2668886511001154
HOF ITEM
25.221368327359162
6.6226841859822105,-1.007454137986759,-0.04776612274271317,6.16885050537297,-5.049154483626948,-3.403548768298975,2.3483146044227605,2.2054417141629203,4.068101648479962,3.436973573523393,2.3663909883474363,-5.420142228544192,1.571218953776977,1.4970695338292097,-1.3179038923036166,3.4031724277646647,1.5728924754126228,-3.2668886511001154
HOF ITEM
25.221430998753515
6.6226841859822105,-1.007454137986759,-0.05786632146098836,6.16885050537297,-5.049154483626948,-3.403548768298975,2.3483146044227605,2.2054417141629203,4.068101648479962,3.7185878155253933,2.3663909883474363,-5.420142228544192,1.571218953776977,1.4970695338292097,-1.3179038923036166,3.468895638760951,1.5615452277478057,-3.2668886511001154
HOF ITEM
25.221430998753515
6.6226841859822105,-1.007454137986759,-0.05786632146098836,6.16885050537297,-5.049154483626948,-3.403548768298975,2.3483146044227605,2.2054417141629203,4.068101648479962,3.559863130474947,2.3663909883474363,-5.295575524085948,1.571218953776977,1.4970695338292097,-1.3179038923036166,3.468895638760951,1.5615452277478057,-3.2668886511001154
HOF ITEM
25.221430998753515
6.6226841859822105,-1.007454137986759,-0.05786632146098836,6.16885050537297,-5.049154483626948,-3.403548768298975,2.3483146044227605,2.2054417141629203,4.068101648479962,3.559863130474947,2.3663909883474363,-5.420142228544192,1.571218953776977,1.4970695338292097,-1.3179038923036166,3.468895638760951,1.5615452277478057,-3.2668886511001154
seed 369
Initial fitness values: [np.float64(30.00939492587179), np.float64(27.446279039871776), np.float64(27.175060048377002), np.float64(26.981256185822343), np.float64(26.058763594310662), np.float64(25.964401426302704), np.float64(25.872956988552758), np.float64(25.872956988552758), np.float64(25.778563646236712), np.float64(25.778563646236712)]
Final fitness values: [np.float64(25.750707556202276), np.float64(25.750707556202276), np.float64(25.750093892764685), np.float64(25.750093892764685), np.float64(25.750093892764685), np.float64(25.750093892764685), np.float64(25.750093892764685), np.float64(25.750093892764685), np.float64(25.744715370608393), np.float64(25.740439093147735)]
HOF ITEM
25.740439093147735
2.4120401645210108,-3.5074657457313885,-5.987555069842076,-6.500679488182517,-0.4014046488377101,-3.852176860547886,3.4454269164760034,2.7530150656953256,-6.316549487684843,1.235207420806951,2.101215224516741,5.679366642656509,4.587797558180279,0.5975594872321457,-3.330289693191062,5.661032458903671,0.7131484603456228,1.703501178080604
HOF ITEM
25.744715370608393
2.4120401645210108,-3.884737582687332,-5.9309866466058185,-6.513623353413519,-0.4014046488377101,-3.5597840707089348,3.8960190697616754,2.7530150656953256,-6.673416811188806,1.235207420806951,2.101215224516741,5.679366642656509,4.613579815859877,0.8610405429546928,-3.7586278952031114,5.555717121663509,0.30989179124367666,1.6201882433538919
HOF ITEM
25.74998762835661
2.4120401645210108,-3.572352858448428,-5.9309866466058185,-6.513623353413519,-0.4014046488377101,-3.7366215202931268,3.8960190697616754,2.460873450873934,-6.49077733098786,1.235207420806951,2.101215224516741,5.679366642656509,4.613579815859877,0.4128496476379573,-3.325384429486414,5.555717121663509,0.7131484603456228,1.6081510070291163
HOF ITEM
25.750093892764685
2.4120401645210108,-3.5266260211442964,-5.9309866466058185,-6.513623353413519,-0.4014046488377101,-3.7366215202931268,3.8960190697616754,2.7530150656953256,-6.673416811188806,1.235207420806951,2.101215224516741,5.679366642656509,4.613579815859877,0.4128496476379573,-3.325384429486414,5.555717121663509,0.7131484603456228,1.2097468010359569
HOF ITEM
25.750093892764685
2.4120401645210108,-3.572352858448428,-5.9309866466058185,-6.513623353413519,-0.4014046488377101,-3.7366215202931268,3.8960190697616754,2.7530150656953256,-6.673416811188806,1.235207420806951,2.101215224516741,5.679366642656509,4.613579815859877,0.4128496476379573,-3.325384429486414,5.555717121663509,0.7131484603456228,1.2097468010359569
best parameter set
fitness 21.687261850737585 seed 366
-3.385513300774426,1.4925511231049955,-4.861113469013227,0.9567821881123116,2.6800285862021798,-5.069501449434092,6.721712569002174,2.875811051598506,6.428902008338807,3.058073426229742,0.6216129037085997,2.0575146968014146,-3.590896292541234,2.217504901970158,1.4815070111708386,-2.222575562098558,2.22144374212563,-0.8078416965640821
