seeds are [350 351 352 353 354 355 356 357 358 359]
seed 350
Initial fitness values: [np.float64(5.428663534969742), np.float64(4.989654239655037), np.float64(4.989654239655037), np.float64(4.8558883006794735), np.float64(4.776429692220595), np.float64(4.705180555647164), np.float64(4.54881655453627), np.float64(4.548155431856264), np.float64(4.496198844100906), np.float64(4.41621658118297)]
Final fitness values: [np.float64(4.2663543720040575), np.float64(4.266349292943097), np.float64(4.266349292943097), np.float64(4.266349292943097), np.float64(4.266349292943097), np.float64(4.266349292943097), np.float64(4.266349292943097), np.float64(4.263951628286345), np.float64(4.263951628286345), np.float64(4.263096878647784)]
HOF ITEM
4.263096878647784
-2.004582168286747,1.4929127257071215,-1.5796191536520963,-5.585903027186464,-6.2884959146066794,-2.2904793277063846,5.02311893840253,1.941518828208136,-1.9104935845081932,-1.0087485915491665,2.7426286596600753,-3.5151507952375014
HOF ITEM
4.263096878647784
-2.004582168286747,1.4929127257071215,-1.5796191536520963,-5.585903027186464,-6.2884959146066794,-2.2904793277063846,5.472327526906031,1.941518828208136,-1.9104935845081932,-1.0087485915491665,2.7426286596600753,-3.5151507952375014
HOF ITEM
4.263951628286345
-2.004582168286747,1.4929127257071215,-1.5796191536520963,-5.52041612398395,-6.2884959146066794,-2.2904793277063846,5.02311893840253,1.941518828208136,-1.9104935845081932,-1.0087485915491665,2.7426286596600753,-3.5151507952375014
HOF ITEM
4.263951628286345
-2.004582168286747,1.4929127257071215,-1.5796191536520963,-5.52041612398395,-6.2884959146066794,-2.2904793277063846,5.079432496242283,2.2733215091649472,-1.9104935845081932,-1.0087485915491665,2.7426286596600753,-3.5151507952375014
HOF ITEM
4.263951628286345
-2.004582168286747,1.4929127257071215,-1.5796191536520963,-5.52041612398395,-6.2884959146066794,-2.2904793277063846,5.472327526906031,1.941518828208136,-1.9104935845081932,-1.0087485915491665,2.7426286596600753,-3.5151507952375014
seed 351
Initial fitness values: [np.float64(5.564113186831278), np.float64(5.44700618443057), np.float64(5.243038102176968), np.float64(5.148881167490638), np.float64(5.104999058586246), np.float64(5.100837672241561), np.float64(5.0459626217393065), np.float64(5.008378706495683), np.float64(4.997119247809364), np.float64(4.989412234619472)]
Final fitness values: [np.float64(4.318172642070699), np.float64(4.318172641964987), np.float64(4.31817263792057), np.float64(4.31817263792057), np.float64(4.31817263792057), np.float64(4.318172637897188), np.float64(4.318172637897188), np.float64(4.318172637897188), np.float64(4.318172637897188), np.float64(4.318172637897188)]
HOF ITEM
4.318172637897188
0.7543380925343933,0.7836597367765549,-1.9046910289908572,-3.2749348009256836,-5.871191364294718,-6.469723792002971,4.360455452187364,1.7727115991889995,-2.8661279653009544,0.9261194664219083,2.837989066811788,-0.6779413845223016
HOF ITEM
4.31817263792057
0.7543380925343933,0.7836597367765549,-1.9046910289908572,-3.2749348009256836,-5.871191364294718,-6.469723792002971,4.360455452187364,1.7727115991889995,-3.0764016154151053,0.9261194664219083,2.837989066811788,-0.6779413845223016
HOF ITEM
4.318172637932529
0.7543380925343933,0.7836597367765549,-1.9046910289908572,-3.2749348009256836,-5.871191364294718,-6.469723792002971,4.360455452187364,1.7727115991889995,-3.2039074589979455,0.9261194664219083,2.837989066811788,-0.6779413845223016
HOF ITEM
4.318172641964987
0.7543380925343933,0.7836597367765549,-1.9046910289908572,-3.2749348009256836,-5.871191364294718,-6.469723792002971,4.174320754318071,1.7727115991889995,-2.8661279653009544,0.9261194664219083,2.837989066811788,-0.6779413845223016
HOF ITEM
4.318172642034925
0.7543380925343933,0.7836597367765549,-1.9046910289908572,-3.2749348009256836,-5.871191364294718,-6.469723792002971,4.174320754318071,1.7727115991889995,-3.0764016154151053,0.9261194664219083,2.837989066811788,-0.6779413845223016
seed 352
Initial fitness values: [np.float64(5.957938226367551), np.float64(5.908753670984002), np.float64(5.7870121127401895), np.float64(5.444368236613264), np.float64(4.596162057620797), np.float64(4.596162057620797), np.float64(4.574016219541992), np.float64(4.400518332477576), np.float64(4.390784247121772), np.float64(4.390784247121772)]
Final fitness values: [np.float64(4.289148687213844), np.float64(4.289148687213844), np.float64(4.289148687213769), np.float64(4.289148687213769), np.float64(4.289148687213769), np.float64(4.289148687213769), np.float64(4.289148687213769), np.float64(4.289148687213769), np.float64(4.289148687213769), np.float64(4.289148687213769)]
HOF ITEM
4.289148687213769
-3.362883698946775,1.5602438929420426,2.024138235917576,3.909693972054657,5.807069814232421,4.544620801173237,1.9282571272752718,1.9755017130739756,-2.399698455087375,-2.222939183098975,2.596681162908555,-2.2963884366969216
HOF ITEM
4.289148687213844
-3.362883698946775,1.5602438929420426,2.024138235917576,3.909693972054657,5.807069814232421,4.544620801173237,1.9282571272752718,1.9755017130739756,-1.9326664700540799,-2.222939183098975,2.596681162908555,-2.2963884366969216
HOF ITEM
4.289148687214891
-3.362883698946775,1.5602438929420426,2.024138235917576,3.909693972054657,5.807069814232421,4.544620801173237,2.2433462897614493,1.9755017130739756,-2.399698455087375,-2.222939183098975,2.596681162908555,-2.2963884366969216
HOF ITEM
4.289148687214898
-3.362883698946775,1.5602438929420426,2.024138235917576,3.909693972054657,5.807069814232421,4.544620801173237,2.2433462897614493,1.9755017130739756,-1.9326664700540799,-2.222939183098975,2.596681162908555,-2.2963884366969216
HOF ITEM
4.28914868721491
-3.362883698946775,1.5602438929420426,2.024138235917576,3.909693972054657,5.807069814232421,4.544620801173237,2.2433462897614493,1.9755017130739756,-1.4684357978636435,-2.222939183098975,2.596681162908555,-2.2963884366969216
seed 353
Initial fitness values: [np.float64(5.446790198907744), np.float64(5.278145212931138), np.float64(5.136056494506884), np.float64(5.098185948951907), np.float64(4.957953917095908), np.float64(4.957953917095908), np.float64(4.926612799059052), np.float64(4.9264378996929725), np.float64(4.851078890116009), np.float64(4.655471198177323)]
Final fitness values: [np.float64(4.283611913463538), np.float64(4.283060088551403), np.float64(4.283060088551403), np.float64(4.283060088551403), np.float64(4.283060088551403), np.float64(4.283060088551403), np.float64(4.283060088551403), np.float64(4.282570530590464), np.float64(4.282570530590464), np.float64(4.282570530590464)]
HOF ITEM
4.282570530590464
-6.076652997095098,1.573239977139283,-1.5890612677813898,2.492894542319948,-2.105395453846687,1.1267820915944735,2.3037805764916,0.0,-4.608955914825487,-5.689183806307405,1.9857266785874557,-6.856906748943808
HOF ITEM
4.282574444123879
-6.076652997095098,1.573239977139283,-1.5890612677813898,2.492894542319948,-2.105395453846687,1.1267820915944735,2.3037805764916,0.0,-5.161976783560527,-5.689183806307405,1.9857266785874557,-6.856906748943808
HOF ITEM
4.283043581580198
-6.076652997095098,1.573239977139283,-1.5890612677813898,2.492894542319948,-2.105395453846687,1.1267820915944735,2.017469425262643,0.0,-4.608955914825487,-5.689183806307405,1.9857266785874557,-6.856906748943808
HOF ITEM
4.283060088551403
-6.076652997095098,1.573239977139283,-1.5890612677813898,2.492894542319948,-2.105395453846687,1.1267820915944735,2.017469425262643,0.0,-5.161976783560527,-5.689183806307405,1.9857266785874557,-6.856906748943808
HOF ITEM
4.283062367328553
-6.076652997095098,1.573239977139283,-1.5890612677813898,2.492894542319948,-2.105395453846687,1.1267820915944735,2.017469425262643,0.0,-5.269505040947565,-5.689183806307405,1.9857266785874557,-6.856906748943808
seed 354
Initial fitness values: [np.float64(5.7218925571722465), np.float64(5.609472566697503), np.float64(4.707662539903446), np.float64(4.707662266849157), np.float64(4.707662266849157), np.float64(4.6704418632844735), np.float64(4.537699753515948), np.float64(4.537675085591727), np.float64(4.482724552235846), np.float64(4.472975152712406)]
Final fitness values: [np.float64(4.2883222676702), np.float64(4.2883222676702), np.float64(4.288322263966943), np.float64(4.288322263960768), np.float64(4.288322263960768), np.float64(4.288322263960768), np.float64(4.288321668823537), np.float64(4.288321668823537), np.float64(4.288321668823537), np.float64(4.288321668823537)]
HOF ITEM
4.288321668823537
0.2551177348266397,1.0003420480607086,0.8812276571829031,-1.7116497029951407,6.6833512078748045,-2.5531761154297556,-2.3676333994658605,2.933005038426727,-5.009517952394637,0.7580117918759246,2.9075431139125603,-0.46410462496083543
HOF ITEM
4.288322263960768
0.2551177348266397,1.0003420480607086,0.8812276571829031,-1.8815567674203744,6.6833512078748045,-2.5531761154297556,-2.3676333994658605,2.933005038426727,-5.009517952394637,0.7580117918759246,2.9075431139125603,-0.46410462496083543
HOF ITEM
4.288322263964401
0.2551177348266397,1.0003420480607086,0.8812276571829031,-1.8815567674203744,6.6833512078748045,-2.5531761154297556,-2.4024542708578625,2.933005038426727,-5.009517952394637,0.7580117918759246,2.9075431139125603,-0.46410462496083543
HOF ITEM
4.288322263965538
0.2551177348266397,1.0003420480607086,0.8812276571829031,-1.8815567674203744,6.6833512078748045,-2.5531761154297556,-2.3676333994658605,3.0,-5.009517952394637,0.7580117918759246,2.9075431139125603,-0.46410462496083543
HOF ITEM
4.288322263966943
0.2551177348266397,1.0003420480607086,0.8812276571829031,-1.8815567674203744,6.6833512078748045,-2.5531761154297556,-2.4024542708578625,3.0,-5.009517952394637,0.7580117918759246,2.9075431139125603,-0.46410462496083543
seed 355
Initial fitness values: [np.float64(5.688835840186444), np.float64(5.677850297161419), np.float64(4.847909481435374), np.float64(4.7720351776304355), np.float64(4.612234965765047), np.float64(4.612234965765047), np.float64(4.3533539016787834), np.float64(4.3533539016787834), np.float64(4.3533539016787834), np.float64(4.353329639407565)]
Final fitness values: [np.float64(4.241007418916984), np.float64(4.241007418916984), np.float64(4.241007418916984), np.float64(4.241000498488786), np.float64(4.241000498488786), np.float64(4.240792570358648), np.float64(4.240792570358648), np.float64(4.240780169067943), np.float64(4.240780169067943), np.float64(4.240780169067943)]
HOF ITEM
4.240780169067943
-4.433270484474249,1.587448637064059,1.0434652122953578,-1.7313839788696237,-2.621697046139777,4.760073472315208,1.9671358688735638,0.20981343742460945,-5.058435819382899,-3.7566974711743737,2.36947626771617,-6.926193176438274
HOF ITEM
4.2407830899957055
-4.433270484474249,1.587448637064059,1.0434652122953578,-1.7313839788696237,-2.621697046139777,4.760073472315208,1.9671358688735638,0.25928027621827837,-5.058435819382899,-3.7566974711743737,2.36947626771617,-6.926193176438274
HOF ITEM
4.240792570358648
-4.433270484474249,1.587448637064059,1.0434652122953578,-1.7313839788696237,-2.621697046139777,4.760073472315208,2.2500484588785463,0.20981343742460945,-5.058435819382899,-3.7566974711743737,2.36947626771617,-6.926193176438274
HOF ITEM
4.240792632943055
-4.433270484474249,1.587448637064059,1.0434652122953578,-1.7313839788696237,-2.621697046139777,4.760073472315208,2.2500484588785463,0.20981343742460945,-4.776549235761575,-3.7566974711743737,2.36947626771617,-6.926193176438274
HOF ITEM
4.240985010436578
-4.433270484474249,1.587448637064059,1.0434652122953578,-1.4390222891046176,-2.7388411268144646,4.625608946158062,1.489791598075502,0.09816086054187104,-5.165673365365546,-3.7566974711743737,2.36947626771617,-6.926193176438274
seed 356
Initial fitness values: [np.float64(5.986892732908183), np.float64(4.955539756144985), np.float64(4.8641503845705465), np.float64(4.581161112599384), np.float64(4.581161112599384), np.float64(4.543031957866959), np.float64(4.456312816979072), np.float64(4.435276613558978), np.float64(4.435276602256556), np.float64(4.433572894521998)]
Final fitness values: [np.float64(4.313391528416701), np.float64(4.313391528416701), np.float64(4.313391528416701), np.float64(4.313391528416701), np.float64(4.313391528416701), np.float64(4.313391528416701), np.float64(4.313391528416701), np.float64(4.313391528416701), np.float64(4.313331124964618), np.float64(4.312913934748197)]
HOF ITEM
4.312913934748197
0.9351068959997142,0.7117038643555559,2.029074148385916,5.914027992176098,-0.4369809181314015,-5.384157625280305,5.555939543513116,1.850279268671638,-2.794899464573631,0.9981124400068468,2.9955385887400046,-0.5731121316599016
HOF ITEM
4.313331124964618
0.9351068959997142,0.7117038643555559,1.986080515168809,5.865742002577384,-0.4410928880519495,-5.384157625280305,5.636411636779232,1.8263379073054193,-2.9428169878941977,0.9981124400068468,2.998401134422294,-0.5731121316599016
HOF ITEM
4.313391528416701
0.9351068959997142,0.7117038643555559,2.029074148385916,5.914027992176098,-0.4369809181314015,-5.384157625280305,5.626155820243348,1.850279268671638,-3.1177638181392395,0.9981124400068468,2.998401134422294,-0.5731121316599016
HOF ITEM
4.313391528416701
0.9351068959997142,0.7117038643555559,2.029074148385916,5.914027992176098,-0.4369809181314015,-5.384157625280305,5.626155820243348,1.850279268671638,-3.066647830759461,0.9981124400068468,2.998401134422294,-0.5731121316599016
HOF ITEM
4.313391528416701
0.9351068959997142,0.7117038643555559,2.029074148385916,5.914027992176098,-0.4369809181314015,-5.384157625280305,5.52341865767431,1.850279268671638,-2.794899464573631,0.9981124400068468,2.998401134422294,-0.5731121316599016
seed 357
Initial fitness values: [np.float64(6.066228422231838), np.float64(5.932305916665551), np.float64(5.254730058915359), np.float64(5.254730058915359), np.float64(5.130481551095004), np.float64(4.9824557189850065), np.float64(4.9795392465782395), np.float64(4.941049543091831), np.float64(4.929627572286555), np.float64(4.9282715741953345)]
Final fitness values: [np.float64(4.927535222115209), np.float64(4.927535222115209), np.float64(4.927535222115209), np.float64(4.927535222115209), np.float64(4.927528682627262), np.float64(4.9275286826272575), np.float64(4.9275286826272575), np.float64(4.9275286826272575), np.float64(4.9275286826272575), np.float64(4.9275286826272575)]
HOF ITEM
4.9275286826272575
-3.4609401518894365,1.946887890899153,6.870759887713445,2.2459772893694945,0.1635215981156126,5.417723135444081,6.067007568541045,1.605873002277035,-6.816955832320414,-6.762717383907765,2.7813572938945925,-4.685062247991092
HOF ITEM
4.9275286826272575
-3.4609401518894365,1.946887890899153,6.870759887713445,2.2459772893694945,0.1635215981156126,5.417723135444081,5.98143155964319,1.505746880946878,-7.0,-6.857718092693035,2.7813572938945925,-4.685062247991092
HOF ITEM
4.9275286826272575
-3.4609401518894365,1.946887890899153,6.870759887713445,2.2459772893694945,0.1635215981156126,5.417723135444081,5.98143155964319,1.605873002277035,-7.0,-6.762717383907765,2.7813572938945925,-4.685062247991092
HOF ITEM
4.9275286826272575
-3.4609401518894365,1.946887890899153,6.870759887713445,2.2459772893694945,0.1635215981156126,5.417723135444081,5.98143155964319,1.605873002277035,-7.0,-6.857718092693035,2.7813572938945925,-4.685062247991092
HOF ITEM
4.9275286826272575
-3.4609401518894365,1.946887890899153,6.870759887713445,2.2459772893694945,0.1635215981156126,5.417723135444081,6.067007568541045,1.605873002277035,-7.0,-6.762717383907765,2.7813572938945925,-4.685062247991092
seed 358
Initial fitness values: [np.float64(5.53429106030599), np.float64(5.53429106030599), np.float64(5.53429106030599), np.float64(5.359701626794401), np.float64(5.269283864430646), np.float64(5.228040720362956), np.float64(5.180486132069051), np.float64(5.180486132069051), np.float64(5.143675283642981), np.float64(5.143675283642981)]
Final fitness values: [np.float64(4.284179478617509), np.float64(4.284179478617509), np.float64(4.28392246335608), np.float64(4.28392246335608), np.float64(4.28392246335608), np.float64(4.28392246335608), np.float64(4.283912391662114), np.float64(4.283912391662114), np.float64(4.283912187116337), np.float64(4.283912187116337)]
HOF ITEM
4.283912187116337
-5.948859936643312,1.5849905281366559,-1.9158505103153842,1.5028672436591324,-6.058000424929251,-5.267759390334294,-2.694304378751949,1.958580771459696,-1.81890848119864,-5.1284203705569,1.9926473532260904,-3.816270974703374
HOF ITEM
4.283912391662114
-5.948859936643312,1.5849905281366559,-1.9158505103153842,1.5028672436591324,-6.058000424929251,-5.267759390334294,-2.694304378751949,1.958580771459696,-1.75776271897511,-5.1284203705569,1.9926473532260904,-3.816270974703374
HOF ITEM
4.283920974752081
-5.948859936643312,1.5849905281366559,-1.9158505103153842,1.5028672436591324,-6.058000424929251,-5.267759390334294,-2.2835403582766878,1.7643035124777195,-2.146478734277007,-5.1284203705569,1.9926473532260904,-3.816270974703374
HOF ITEM
4.28392246335608
-5.948859936643312,1.5849905281366559,-1.9158505103153842,1.5028672436591324,-6.058000424929251,-5.267759390334294,-2.694304378751949,2.0727641078866044,-1.81890848119864,-5.1284203705569,1.9926473532260904,-3.816270974703374
HOF ITEM
4.283922542451264
-5.948859936643312,1.5849905281366559,-1.9158505103153842,1.5028672436591324,-6.058000424929251,-5.267759390334294,-2.694304378751949,2.0727641078866044,-1.75776271897511,-5.1284203705569,1.9926473532260904,-3.816270974703374
seed 359
Initial fitness values: [np.float64(5.459478415922331), np.float64(5.331390025093361), np.float64(5.281572379662494), np.float64(4.924906959342724), np.float64(4.839253592985246), np.float64(4.833727679076667), np.float64(4.724496773235483), np.float64(4.719995468823935), np.float64(4.655314998678298), np.float64(4.652306753435283)]
Final fitness values: [np.float64(4.507880414499299), np.float64(4.5078717332561435), np.float64(4.507871657985988), np.float64(4.507871657985988), np.float64(4.507870231905917), np.float64(4.507856256617821), np.float64(4.507851379379659), np.float64(4.5078513793783515), np.float64(4.507851378807698), np.float64(4.507843613575015)]
HOF ITEM
4.506772800751451
3.2521245949295845,-0.7290417291792676,-5.3138161157586135,-6.226508864600288,4.974616503062341,-6.234886726481681,6.120599747216729,1.1300973082638954,-5.2170816767770525,1.248193744564202,2.4551770261183066,-0.5897710250164796
HOF ITEM
4.507843613575015
3.2521245949295845,-0.7290417291792676,-5.3138161157586135,-5.545443548129139,3.849632862142391,-6.240127146965302,5.95147232751659,1.0405590263903002,-5.238024476112533,1.248193744564202,2.4544003545484574,-0.5897710250164796
HOF ITEM
4.50785137841916
3.2521245949295845,-0.7290417291792676,-5.3138161157586135,-5.545443548129139,3.9998192287337404,-6.240127146965302,5.751418897025959,0.9519953076476464,-4.944786547844202,1.248193744564202,2.4544003545484574,-0.5897710250164796
HOF ITEM
4.507851378807698
3.2521245949295845,-0.7290417291792676,-5.3138161157586135,-5.545443548129139,3.9998192287337404,-6.240127146965302,5.95147232751659,0.9519953076476464,-4.944786547844202,1.248193744564202,2.4544003545484574,-0.5897710250164796
HOF ITEM
4.5078513793783515
3.2521245949295845,-0.7290417291792676,-5.3138161157586135,-5.545443548129139,3.9998192287337404,-6.240127146965302,5.751418897025959,1.4417359783572183,-5.450318604112551,1.248193744564202,2.4544003545484574,-0.5897710250164796
best parameter set
fitness 4.2392330018264985 seed 355
-4.432764237244384,1.5858981064408526,1.0434409521762702,-1.4390032810334532,-2.739090901022476,4.625839845580647,1.4897919043079793,0.09816439474273128,-5.165673363772996,-3.7568791686788985,2.3699684632695366,-6.925906807373124
