seeds are [110 111 112 113 114 115 116 117 118 119]
seed 110
Initial fitness values: [np.float64(5.779486484989774), np.float64(5.292932869535827), np.float64(5.292932869535827), np.float64(5.044018393588704), np.float64(4.8054836702651), np.float64(4.635800689233998), np.float64(4.523210020917928), np.float64(4.523210020917928), np.float64(4.48769009911212), np.float64(4.48769009911212)]
Final fitness values: [np.float64(4.283704883351236), np.float64(4.283704883351236), np.float64(4.283704883351236), np.float64(4.283704883274858), np.float64(4.283704883274858), np.float64(4.274485548278645), np.float64(4.267456141072328), np.float64(4.265226900675918), np.float64(4.265226900675918), np.float64(4.261908608789702)]
HOF ITEM
4.261908608789702
-3.8365338586621793,1.5955857865572385,-3.724507263293028,-5.231754380897542,-6.745122150964924,-1.041896001357549,5.956701808135393,0.46325022276809386,-6.899996343491884,-2.9259062801325735,2.5618538723345208,-5.414156273242209
HOF ITEM
4.2652251922720446
-3.8365338586621793,1.5955857865572385,-3.724507263293028,-5.411856360428572,-6.861085314352265,-1.1324435940538322,6.044734675815785,0.3516054245327142,-6.760839913646999,-2.9259062801325735,2.5618538723345208,-5.414156273242209
HOF ITEM
4.265226900675918
-3.8365338586621793,1.5955857865572385,-3.724507263293028,-5.411856360428572,-6.861085314352265,-1.1324435940538322,5.956701808135393,0.46325022276809386,-6.899996343491884,-2.9259062801325735,2.5618538723345208,-5.414156273242209
HOF ITEM
4.265226901299036
-3.8365338586621793,1.5955857865572385,-3.724507263293028,-5.411856360428572,-6.861085314352265,-1.1324435940538322,5.956701808135393,0.46325022276809386,-6.280636057243343,-2.9259062801325735,2.5618538723345208,-5.414156273242209
HOF ITEM
4.267442741478295
-3.8365338586621793,1.5837091027673986,-3.881588120528538,-5.231754380897542,-6.745122150964924,-1.041896001357549,6.044734675815785,0.3516054245327142,-6.6549346222480334,-2.9259062801325735,2.596813793447833,-5.414156273242209
seed 111
Initial fitness values: [np.float64(5.050066267908775), np.float64(5.050066267908775), np.float64(4.904744999982801), np.float64(4.871379101510826), np.float64(4.724353703569051), np.float64(4.6756565818021585), np.float64(4.659759702843594), np.float64(4.638709235952828), np.float64(4.600955355988862), np.float64(4.574143258072338)]
Final fitness values: [np.float64(4.519941762782368), np.float64(4.519941762782368), np.float64(4.519941762782368), np.float64(4.519941762782368), np.float64(4.519941762782368), np.float64(4.519941762782368), np.float64(4.519941762782368), np.float64(4.519941762782368), np.float64(4.519941762782368), np.float64(4.519941762782368)]
HOF ITEM
4.519941762782368
2.4219309545929697,-0.40090386059641914,0.182168219536894,-5.831682569148671,-3.7386169124182738,1.7466069022834059,1.4492647390028597,1.1874963646346974,-5.98898239248837,0.7290932781522089,2.269956657288433,-4.989411831429318
HOF ITEM
4.5199424738594525
2.4219309545929697,-0.40090386059641914,0.182168219536894,-5.831682569148671,-3.7386169124182738,1.7466069022834059,1.4492647390028597,1.1874963646346974,-5.7564604314257375,0.7290932781522089,2.269956657288433,-4.989411831429318
HOF ITEM
4.5200128195816305
2.4219309545929697,-0.40090386059641914,0.31413797522425524,-5.360696562180374,-3.7386169124182738,1.7466069022834059,1.4492647390028597,1.1874963646346974,-5.98898239248837,0.7290932781522089,2.269956657288433,-4.989411831429318
HOF ITEM
4.520013819058286
2.4219309545929697,-0.40090386059641914,0.31413797522425524,-5.360696562180374,-3.7386169124182738,1.7466069022834059,1.4492647390028597,1.1874963646346974,-5.7564604314257375,0.7290932781522089,2.269956657288433,-4.989411831429318
HOF ITEM
4.520021510340891
2.4219309545929697,-0.40090386059641914,0.31413797522425524,-5.360696562180374,-3.7386169124182738,1.7466069022834059,1.4492647390028597,1.1346699805333862,-5.98898239248837,0.7290932781522089,2.269956657288433,-4.989411831429318
seed 112
Initial fitness values: [np.float64(5.245949234766664), np.float64(5.1184687135039955), np.float64(4.815223475908452), np.float64(4.815223475908452), np.float64(4.680231448964012), np.float64(4.680230670989965), np.float64(4.609644537651526), np.float64(4.590645459491631), np.float64(4.446670653481208), np.float64(4.419383964786658)]
Final fitness values: [np.float64(4.293530257130691), np.float64(4.291831588127601), np.float64(4.290631672154701), np.float64(4.290631672154701), np.float64(4.290631672154701), np.float64(4.288337217679075), np.float64(4.288337217679075), np.float64(4.288337217679075), np.float64(4.288327810450003), np.float64(4.288302441740186)]
HOF ITEM
4.288302441740186
0.09364711484750969,1.0551987791857171,-3.1222676974334127,-6.956570908864214,4.550487755298077,-2.8302499157995618,-2.6720930398463723,2.3522275280465705,-0.517987111096416,0.6673767970763254,3.0,-0.8492302867302458
HOF ITEM
4.288321078993068
0.09364711484750969,1.0551987791857171,-3.1222676974334127,-6.9505585874408915,4.471869285895976,-2.8302499157995618,-2.6021553400224056,2.5436407718094394,-0.37287580330281356,0.6673767970763254,3.0,-0.8492302867302458
HOF ITEM
4.288327810450003
0.09364711484750969,1.0551987791857171,-3.1222676974334127,-7.0,4.435911735191474,-2.8302499157995618,-2.6021553400224056,2.704505000716846,-0.2958158764086263,0.6673767970763254,3.0,-0.8492302867302458
HOF ITEM
4.288328924125926
0.09364711484750969,1.0551987791857171,-3.1222676974334127,-7.0,4.435911735191474,-2.8302499157995618,-2.6021553400224056,2.4843575629647643,-0.2958158764086263,0.6673767970763254,3.0,-0.8492302867302458
HOF ITEM
4.288328956942749
0.09364711484750969,1.0551987791857171,-3.1222676974334127,-7.0,4.435911735191474,-2.8302499157995618,-2.6096516071443943,2.5503610923340427,-0.2958158764086263,0.6673767970763254,3.0,-0.8492302867302458
seed 113
Initial fitness values: [np.float64(5.868199922550701), np.float64(5.633730629699032), np.float64(5.398180354929294), np.float64(5.1837181686262515), np.float64(5.002828901984202), np.float64(4.787207575133143), np.float64(4.787207575133143), np.float64(4.787207575133143), np.float64(4.5049062676041665), np.float64(4.4197452673738)]
Final fitness values: [np.float64(4.298238708874547), np.float64(4.298238708874547), np.float64(4.298238708874547), np.float64(4.298238708874547), np.float64(4.298238708874547), np.float64(4.298238708874547), np.float64(4.298238708874547), np.float64(4.298238708874547), np.float64(4.298238708874547), np.float64(4.298238708874547)]
HOF ITEM
4.298238708874547
-6.748439013636838,1.5647625655106414,-1.3103894590580518,-0.15789566706985328,-6.435785558907278,-1.06966971557887,-1.3292582639158836,0.5998193005013173,-4.197262811832346,-6.408442342749793,1.8476689900740595,-6.371361406120628
HOF ITEM
4.298238931946168
-6.748439013636838,1.5647625655106414,-1.3103894590580518,-0.15789566706985328,-6.435785558907278,-1.06966971557887,-1.3292582639158836,0.5998193005013173,-4.039617671126228,-6.408442342749793,1.8476689900740595,-6.371361406120628
HOF ITEM
4.2982473406288415
-6.748439013636838,1.5647625655106414,-1.3103894590580518,-0.15789566706985328,-6.435785558907278,-1.06966971557887,-1.2314897632349329,0.5262364194004847,-4.342720269478722,-6.408442342749793,1.8476689900740595,-6.371361406120628
HOF ITEM
4.298247499431374
-6.748439013636838,1.5647625655106414,-1.3103894590580518,-0.15789566706985328,-6.435785558907278,-1.06966971557887,-1.2314897632349329,0.5262364194004847,-4.197262811832346,-6.408442342749793,1.8476689900740595,-6.371361406120628
HOF ITEM
4.298247699732211
-6.748439013636838,1.5647625655106414,-1.3103894590580518,-0.15789566706985328,-6.435785558907278,-1.06966971557887,-1.2314897632349329,0.5262364194004847,-4.039617671126228,-6.408442342749793,1.8476689900740595,-6.371361406120628
seed 114
Initial fitness values: [np.float64(5.896758027662467), np.float64(5.614565458820306), np.float64(5.347313243763955), np.float64(5.094535567096349), np.float64(5.094535567096349), np.float64(5.08350513719706), np.float64(5.065640154852021), np.float64(5.065640154852021), np.float64(5.065640154852021), np.float64(5.051757101695198)]
Final fitness values: [np.float64(4.515111568690741), np.float64(4.515111568690741), np.float64(4.515111568690741), np.float64(4.515111568690741), np.float64(4.515111568690741), np.float64(4.515111568690741), np.float64(4.515111568690741), np.float64(4.515111568690741), np.float64(4.515111568690741), np.float64(4.515111568690741)]
HOF ITEM
4.515111568690741
6.464901646038581,-1.596761152109158,-0.16075961802561828,-2.487612546353207,3.1148880789404223,4.461440998227891,-3.4413594725775436,2.116573039836728,0.0,0.9455891015257156,2.3891871959499946,-4.135703887673073
HOF ITEM
4.515111568690741
6.464901646038581,-1.596761152109158,-0.16075961802561828,-2.487612546353207,3.1148880789404223,4.461440998227891,-3.492272313536657,3.0,0.0,0.9455891015257156,2.3891871959499946,-4.135703887673073
HOF ITEM
4.515111568690741
6.464901646038581,-1.596761152109158,-0.16075961802561828,-2.487612546353207,3.1148880789404223,4.461440998227891,-3.66151194433765,3.0,0.0,0.9455891015257156,2.3891871959499946,-4.135703887673073
HOF ITEM
4.515111568690741
6.464901646038581,-1.596761152109158,-0.16075961802561828,-2.487612546353207,3.1148880789404223,4.461440998227891,-3.66151194433765,2.546115392022792,0.0,0.9455891015257156,2.3891871959499946,-4.135703887673073
HOF ITEM
4.515111568690741
6.464901646038581,-1.596761152109158,-0.16075961802561828,-2.487612546353207,3.1148880789404223,4.461440998227891,-3.66151194433765,2.2831452961292267,0.0,0.9455891015257156,2.3891871959499946,-4.135703887673073
seed 115
Initial fitness values: [np.float64(5.939551732207793), np.float64(5.445133529577816), np.float64(5.385539995360415), np.float64(5.25583199614587), np.float64(5.1881811833339455), np.float64(5.1843585715459515), np.float64(5.166809638685937), np.float64(5.104191494031454), np.float64(5.104191494031454), np.float64(5.099818278184162)]
Final fitness values: [np.float64(4.511295723801608), np.float64(4.511295723801608), np.float64(4.510800099359878), np.float64(4.510800099359878), np.float64(4.510711885489322), np.float64(4.510647719510336), np.float64(4.510256718203595), np.float64(4.510256718203595), np.float64(4.510077689939747), np.float64(4.509849489414242)]
HOF ITEM
4.509849489414242
3.29567842606077,-0.7445322641329359,-0.8140950690481155,5.612598018841275,7.0,-6.519002636412323,-0.6054097425116671,2.6878090196551523,-4.292712666921891,1.2610579093589138,2.4459207612496985,-0.4574984774825326
HOF ITEM
4.509861116942776
3.29567842606077,-0.7445322641329359,-0.8140950690481155,5.612598018841275,7.0,-6.519002636412323,-0.6292115211046264,2.6878090196551523,-4.292712666921891,1.2610579093589138,2.4459207612496985,-0.4574984774825326
HOF ITEM
4.510015572682496
3.2953219277623464,-0.7445322641329359,-0.9592732053342443,5.612598018841275,7.0,-6.685460726111731,-0.5641342717075005,2.6878090196551523,-4.292712666921891,1.2610579093589138,2.4459207612496985,-0.4574984774825326
HOF ITEM
4.510077689939747
3.2953219277623464,-0.7445322641329359,-0.8140950690481155,5.612598018841275,7.0,-6.559070988257651,-0.7071475154130383,2.6878090196551523,-4.292712666921891,1.2610579093589138,2.4459207612496985,-0.4574984774825326
HOF ITEM
4.510091163572321
3.2953219277623464,-0.7445322641329359,-0.882943420062792,5.612598018841275,7.0,-6.579543433420851,-0.6360396828044096,2.856182082831622,-4.468322929746092,1.2610579093589138,2.4459207612496985,-0.4574984774825326
seed 116
Initial fitness values: [np.float64(5.331796671029374), np.float64(5.049352913867367), np.float64(5.006320841593492), np.float64(4.895508632809086), np.float64(4.784993302485448), np.float64(4.784993302485448), np.float64(4.618523362454507), np.float64(4.618523362454507), np.float64(4.618503151586605), np.float64(4.615182801591592)]
Final fitness values: [np.float64(4.385125679668597), np.float64(4.385125679668597), np.float64(4.385125679668597), np.float64(4.385125679668597), np.float64(4.385125679668597), np.float64(4.385125679668597), np.float64(4.38444018323816), np.float64(4.38444018323816), np.float64(4.38444018323816), np.float64(4.38444018323816)]
HOF ITEM
4.38444018323816
2.0568493968837256,0.21306830390746098,-2.6950799677310244,-5.964978441323466,-0.7775745007048658,3.5777413764230728,0.3803982464868084,2.3639365510880417,-1.2638055694369075,0.9454775297703303,3.0,-5.866705794231719
HOF ITEM
4.384607609695687
2.0568493968837256,0.21306830390746098,-2.6950799677310244,-5.964978441323466,-0.7775745007048658,3.5777413764230728,0.3803982464868084,2.3639365510880417,-1.2232369553256044,0.9454775297703303,3.0,-5.866705794231719
HOF ITEM
4.384966859352874
2.0568493968837256,0.21306830390746098,-2.6950799677310244,-5.964978441323466,-0.7775745007048658,3.5777413764230728,0.3803982464868084,2.2031931817939667,-1.2638055694369075,0.9454775297703303,3.0,-5.866705794231719
HOF ITEM
4.385125679668597
2.0568493968837256,0.21306830390746098,-2.6950799677310244,-5.964978441323466,-0.7775745007048658,3.5777413764230728,0.3803982464868084,2.2031931817939667,-1.2232369553256044,0.9454775297703303,3.0,-5.866705794231719
HOF ITEM
4.385239175993153
2.0568493968837256,0.21306830390746098,-2.6950799677310244,-5.964978441323466,-0.7775745007048658,3.5777413764230728,0.4793892455052496,2.3801524171564488,-1.1292484605252524,0.9454775297703303,3.0,-5.866705794231719
seed 117
Initial fitness values: [np.float64(5.831926377096471), np.float64(5.593452585082073), np.float64(5.156146696260174), np.float64(5.077939285071553), np.float64(4.960291347381058), np.float64(4.960291347381058), np.float64(4.905391870250856), np.float64(4.905391870250856), np.float64(4.898804426445325), np.float64(4.854290494846707)]
Final fitness values: [np.float64(4.536673341764388), np.float64(4.536673341764388), np.float64(4.536673341764388), np.float64(4.536216159060588), np.float64(4.536096297449996), np.float64(4.536096297449996), np.float64(4.535571873559666), np.float64(4.535571873559666), np.float64(4.535472537494993), np.float64(4.535472537494993)]
HOF ITEM
4.535472537494993
6.830439076259225,-1.6689296225480659,-2.3692706008669573,-2.2581728128920524,1.9349118222415886,1.6770936874926223,1.8135423356970475,2.3165125254708725,-1.53427792509929,0.8684924770982756,2.0541566361482855,-3.633505617130517
HOF ITEM
4.535571873559666
6.830439076259225,-1.6689296225480659,-2.3692706008669573,-2.2581728128920524,1.9349118222415886,1.6770936874926223,1.8135423356970475,2.2850177664123215,-1.53427792509929,0.8684924770982756,2.0541566361482855,-3.633505617130517
HOF ITEM
4.535739995121414
6.830439076259225,-1.6689296225480659,-2.3692706008669573,-2.2581728128920524,2.0333754095729493,1.6770936874926223,1.8135423356970475,2.3165125254708725,-1.53427792509929,0.8684924770982756,2.0541566361482855,-3.633505617130517
HOF ITEM
4.5357441344922655
6.830439076259225,-1.6689296225480659,-2.3692706008669573,-2.3394522277676986,1.9349118222415886,1.6770936874926223,1.8135423356970475,2.3165125254708725,-1.53427792509929,0.8684924770982756,2.0541566361482855,-3.633505617130517
HOF ITEM
4.535830162768054
6.830439076259225,-1.6689296225480659,-2.3692706008669573,-2.2581728128920524,2.0333754095729493,1.6770936874926223,1.8135423356970475,2.2850177664123215,-1.53427792509929,0.8684924770982756,2.0541566361482855,-3.633505617130517
seed 118
Initial fitness values: [np.float64(5.387987426720647), np.float64(5.387987426720647), np.float64(5.319163421550102), np.float64(5.251275343719477), np.float64(5.20989837804273), np.float64(5.188463603248841), np.float64(5.188463603248841), np.float64(5.188463603248841), np.float64(5.169415986826618), np.float64(5.169415986826618)]
Final fitness values: [np.float64(4.264480823301379), np.float64(4.264480823301379), np.float64(4.26448082329356), np.float64(4.2644807051172995), np.float64(4.260656748081109), np.float64(4.260656748081107), np.float64(4.260430837357697), np.float64(4.260405116095953), np.float64(4.260405116095953), np.float64(4.260372779217773)]
HOF ITEM
4.260372779217773
-0.645605190000949,1.2870528948666693,6.821759049846109,-6.7913479715886895,6.348677863265082,-0.5765188079125223,2.8105434969832275,0.8054097014169599,-3.4443140642301,0.2592926708253635,2.8686584630026304,-0.45136900683525477
HOF ITEM
4.260375998080294
-0.645605190000949,1.2870528948666693,6.713601231502074,-7.0,6.373466707420393,-0.5873544343721688,2.4093067877869636,1.1511853004323356,-3.4443140642301,0.2592926708253635,2.8686584630026304,-0.45136900683525477
HOF ITEM
4.260404754255447
-0.645605190000949,1.2870528948666693,6.713601231502074,-6.764895351460364,6.283681707144736,-0.5765188079125223,2.4093067877869636,0.8466474904891879,-3.0993876420880064,0.2592926708253635,2.8686584630026304,-0.45136900683525477
HOF ITEM
4.260405116095942
-0.645605190000949,1.2870528948666693,6.821759049846109,-7.0,6.373466707420393,-0.5873544343721688,2.4093067877869636,1.1511853004323356,-3.0993876420880064,0.2592926708253635,2.8686584630026304,-0.45136900683525477
HOF ITEM
4.260405116095953
-0.645605190000949,1.2870528948666693,6.821759049846109,-7.0,6.373466707420393,-0.5873544343721688,2.4093067877869636,1.1511853004323356,-3.4443140642301,0.2592926708253635,2.8686584630026304,-0.45136900683525477
seed 119
Initial fitness values: [np.float64(5.653095511225969), np.float64(5.144965018029177), np.float64(5.099742025219836), np.float64(4.989656872007426), np.float64(4.978415515473209), np.float64(4.859713378400906), np.float64(4.738098701031202), np.float64(4.738098701031202), np.float64(4.641685462334469), np.float64(4.641685462334469)]
Final fitness values: [np.float64(4.315606645751075), np.float64(4.315606645751075), np.float64(4.3153788658432735), np.float64(4.3153788658432735), np.float64(4.315353496398447), np.float64(4.315353496398447), np.float64(4.315353496398447), np.float64(4.315353496398447), np.float64(4.315353496398447), np.float64(4.315353496398447)]
HOF ITEM
4.315353496398447
0.7344096216188223,0.7953314911100849,2.4766813644814945,-2.2044537193760214,-6.550636646409491,-5.048084566128043,1.6355190982808367,0.305445587755338,-6.070925347038035,0.8784756769850616,2.8464826536301797,-1.431546751787273
HOF ITEM
4.3153788658432735
0.7344096216188223,0.7953314911100849,2.4040948565142672,-2.2044537193760214,-6.550636646409491,-5.048084566128043,1.8029040850601348,0.305445587755338,-6.070925347038035,0.8784756769850616,2.8464826536301797,-1.431546751787273
HOF ITEM
4.315399656694442
0.7344096216188223,0.7953314911100849,2.4040948565142672,-2.2044537193760214,-6.550636646409491,-5.048084566128043,1.8029040850601348,0.2985679858605555,-6.070925347038035,0.8784756769850616,2.8464826536301797,-1.431546751787273
HOF ITEM
4.315494664723135
0.7344096216188223,0.7953314911100849,2.4766813644814945,-2.2044537193760214,-6.550636646409491,-5.048084566128043,1.6355190982808367,0.21796739298646295,-6.070925347038035,0.8784756769850616,2.8464826536301797,-1.431546751787273
HOF ITEM
4.3155859100653515
0.7344096216188223,0.7953314911100849,2.4040948565142672,-2.2044537193760214,-6.550636646409491,-5.048084566128043,1.7406466934790907,0.305445587755338,-6.070925347038035,0.8784756769850616,2.8464826536301797,-1.431546751787273
best parameter set
fitness 4.235533916832143 seed 110
-3.8327701362375195,1.58760286176163,-3.7259696492583765,-5.23055537533027,-6.7515276615509014,-1.0351518074668369,5.956701542742709,0.46325009149122326,-6.899996343491884,-2.929895025043966,2.5622642291285316,-5.4070554326474145
