seeds are [930 931 932 933 934 935 936 937 938 939]
seed 930
Initial fitness values: [np.float64(6.254738635974829), np.float64(6.254738635974829), np.float64(5.7093394387599465), np.float64(5.475353178994472), np.float64(4.994991878852346), np.float64(4.923419026790329), np.float64(4.621432279352323), np.float64(4.527740609078946), np.float64(4.510726385437279), np.float64(4.44186776219)]
Final fitness values: [np.float64(4.306067556947758), np.float64(4.30564714222847), np.float64(4.30564714222847), np.float64(4.30564714222847), np.float64(4.30564714222847), np.float64(4.30564714222847), np.float64(4.30564714222847), np.float64(4.30564714222847), np.float64(4.30564714222847), np.float64(4.30564714222847)]
HOF ITEM
4.30564714222847
0.6213934016902706,0.8420000898724345,-1.1080809601647954,-6.0001457950062065,0.6064140897148812,3.2538164332374104,5.48478372448212,1.9535033161460775,-0.7146861003273002,0.7270864067800719,3.0,-3.993312692225339
HOF ITEM
4.30564714222847
0.6213934016902706,0.8420000898724345,-1.1080809601647954,-6.0001457950062065,0.6064140897148812,3.2538164332374104,6.127849748865702,1.9535033161460775,-0.945173740197794,0.7270864067800719,3.0,-3.993312692225339
HOF ITEM
4.30564714222847
0.6213934016902706,0.8420000898724345,-1.1080809601647954,-6.0001457950062065,0.6064140897148812,3.2538164332374104,5.415879690108286,2.0831081530712057,-1.6393650299443938,0.7270864067800719,3.0,-3.993312692225339
HOF ITEM
4.30564714222847
0.6213934016902706,0.8420000898724345,-1.1080809601647954,-6.0001457950062065,0.6064140897148812,3.2538164332374104,5.48478372448212,2.0831081530712057,-1.6393650299443938,0.7270864067800719,3.0,-3.993312692225339
HOF ITEM
4.30564714222847
0.6213934016902706,0.8420000898724345,-1.1080809601647954,-6.0001457950062065,0.6064140897148812,3.2538164332374104,5.48478372448212,1.9535033161460775,-0.945173740197794,0.7270864067800719,3.0,-3.993312692225339
seed 931
Initial fitness values: [np.float64(5.70665294303501), np.float64(5.504836486676566), np.float64(4.968378979301763), np.float64(4.952434877418938), np.float64(4.810601201316503), np.float64(4.657082189867019), np.float64(4.657082189867019), np.float64(4.621896001633271), np.float64(4.526328576457182), np.float64(4.513612237701501)]
Final fitness values: [np.float64(4.2992012508948), np.float64(4.2986280372116825), np.float64(4.298460339452614), np.float64(4.298460339452614), np.float64(4.298368750332131), np.float64(4.298368750332131), np.float64(4.298368750332131), np.float64(4.298368750332131), np.float64(4.298368750332131), np.float64(4.298368750332131)]
HOF ITEM
4.298368750332131
-1.4732628620654618,1.389265130787283,-0.30212696164406166,-0.8781543810991483,4.793687032246139,5.7783932538302185,-1.1528120643050457,3.0,-5.037839498326349,-0.7739849372968169,2.5488899869251593,-5.537974354768973
HOF ITEM
4.298371971669839
-1.4732628620654618,1.389265130787283,-0.30212696164406166,-0.8781543810991483,4.793687032246139,5.7783932538302185,-1.1528120643050457,3.0,-5.18373454645583,-0.7739849372968169,2.5488899869251593,-5.537974354768973
HOF ITEM
4.298460339452614
-1.4732628620654618,1.3794746420754374,-0.30212696164406166,-0.8781543810991483,4.793687032246139,5.7783932538302185,-1.1528120643050457,3.0,-5.037839498326349,-0.7739849372968169,2.5488899869251593,-5.537974354768973
HOF ITEM
4.298461616969139
-1.4732628620654618,1.3794746420754374,-0.30212696164406166,-0.8781543810991483,4.793687032246139,5.7783932538302185,-1.1528120643050457,3.0,-5.093350386833435,-0.7739849372968169,2.5488899869251593,-5.537974354768973
HOF ITEM
4.2986280372116825
-1.4732628620654618,1.389265130787283,-0.30212696164406166,-0.8781543810991483,4.793687032246139,5.7783932538302185,-1.1736553263089327,3.0,-5.037839498326349,-0.7739849372968169,2.5488899869251593,-5.537974354768973
seed 932
Initial fitness values: [np.float64(5.560779817837879), np.float64(5.1006161831853), np.float64(4.979712022359385), np.float64(4.96803746944488), np.float64(4.424760071238282), np.float64(4.424760071238282), np.float64(4.424760066646675), np.float64(4.424760066646675), np.float64(4.4193556593425924), np.float64(4.412513425662489)]
Final fitness values: [np.float64(4.283947185040777), np.float64(4.283947185040777), np.float64(4.2839421444936745), np.float64(4.2839421444936745), np.float64(4.2839421444936745), np.float64(4.283898210989841), np.float64(4.283898210989841), np.float64(4.283898210989841), np.float64(4.283898062943816), np.float64(4.283898062943816)]
HOF ITEM
4.283898062943816
0.298917719067897,0.9725786504385141,5.76149445970665,-1.3709949255079792,-5.685597907367817,-2.6382592237327867,5.259622238942969,0.0,-3.022467333523792,0.6576919687456968,2.9157571688907526,-2.6106102690978377
HOF ITEM
4.283898210989841
0.298917719067897,0.9725786504385141,5.76149445970665,-1.3709949255079792,-5.685597907367817,-2.6382592237327867,5.2763157156455165,0.0,-3.022467333523792,0.6576919687456968,2.9157571688907526,-2.6106102690978377
HOF ITEM
4.283898392662195
0.298917719067897,0.9725786504385141,5.76149445970665,-1.3709949255079792,-5.685597907367817,-2.6382592237327867,5.2763157156455165,0.0,-2.6847868969666373,0.6576919687456968,2.9157571688907526,-2.6106102690978377
HOF ITEM
4.283899182127536
0.298917719067897,0.9725786504385141,5.76149445970665,-1.3709949255079792,-5.685597907367817,-2.6382592237327867,5.372387082659972,0.0,-2.6847868969666373,0.6576919687456968,2.9157571688907526,-2.6106102690978377
HOF ITEM
4.283899785847198
0.298917719067897,0.9725786504385141,5.76149445970665,-1.3709949255079792,-5.685597907367817,-2.6382592237327867,5.479153238024688,0.0,-3.141139936364581,0.6576919687456968,2.9157571688907526,-2.6106102690978377
seed 933
Initial fitness values: [np.float64(5.604736078095685), np.float64(5.604736078095685), np.float64(5.254292544129624), np.float64(5.211166744694615), np.float64(5.20895676302172), np.float64(5.20895676302172), np.float64(5.1554991176118135), np.float64(5.1554991176118135), np.float64(5.147217685000584), np.float64(5.147217685000584)]
Final fitness values: [np.float64(4.871546788748974), np.float64(4.871115481408205), np.float64(4.870759306456421), np.float64(4.870759306456421), np.float64(4.870759306456421), np.float64(4.870759306456421), np.float64(4.870759306456421), np.float64(4.870759306456421), np.float64(4.870673321632276), np.float64(4.870554826007112)]
HOF ITEM
4.870554826007112
4.587942509533754,-1.1875435806949002,-3.5456781389457,-2.399851286304226,-1.1355137199920378,-0.8955321224826416,-1.712574202186395,2.773279092084342,-6.867634849314008,-0.9919259378609224,0.0,-6.952712636526271
HOF ITEM
4.870673321632276
4.587942509533754,-1.1875435806949002,-3.5456781389457,-2.399851286304226,-1.1355137199920378,-0.8955321224826416,-1.712574202186395,2.773279092084342,-6.846711163758726,-0.9919259378609224,0.0,-6.971496958918141
HOF ITEM
4.870759306456421
4.587942509533754,-1.1875435806949002,-3.5456781389457,-2.399851286304226,-1.1355137199920378,-0.8955321224826416,-1.712574202186395,2.773279092084342,-6.716457087963704,-0.9919259378609224,0.0,-6.971496958918141
HOF ITEM
4.87081136934864
4.587942509533754,-1.1875435806949002,-3.5456781389457,-2.399851286304226,-1.1355137199920378,-0.8955321224826416,-1.712574202186395,2.773279092084342,-6.645114813215311,-0.9919259378609224,0.0,-6.971496958918141
HOF ITEM
4.8708938320344695
4.587942509533754,-1.1875435806949002,-3.5456781389457,-2.399851286304226,-1.1355137199920378,-0.8986783786371138,-1.712574202186395,2.773279092084342,-6.716457087963704,-0.9919259378609224,0.0,-6.690856629180977
seed 934
Initial fitness values: [np.float64(5.024492763192754), np.float64(5.024492763192754), np.float64(4.831435837528031), np.float64(4.782099980087912), np.float64(4.7518576680668065), np.float64(4.7518576680668065), np.float64(4.69315414933528), np.float64(4.572030561894375), np.float64(4.572030561894375), np.float64(4.572030561894375)]
Final fitness values: [np.float64(4.446526897643405), np.float64(4.446526897643405), np.float64(4.446526897643405), np.float64(4.446526897643405), np.float64(4.446526897643405), np.float64(4.446526897643405), np.float64(4.446526897643405), np.float64(4.446526897643405), np.float64(4.446526897643405), np.float64(4.446526897643405)]
HOF ITEM
4.446526897643405
-0.41617920131764946,1.4985771726546042,-0.7517177679180554,3.2567493322009278,3.037086810462421,-1.145581339847749,-0.79902091803236,2.1383169099125463,-1.151466275294643,0.3298795240266168,0.4085803649406022,-7.0
HOF ITEM
4.446581727863354
-0.41617920131764946,1.4985771726546042,-0.7517177679180554,3.2567493322009278,3.037086810462421,-1.145581339847749,-0.79902091803236,2.1383169099125463,-1.151466275294643,0.3298795240266168,0.4085803649406022,-6.65799277552765
HOF ITEM
4.447914495875582
-0.41617920131764946,1.4985771726546042,-0.6822136140594471,3.244534449686685,3.037086810462421,-1.145581339847749,-0.79902091803236,2.1383169099125463,-1.2180940975452543,0.3605903868548327,0.41597948419398534,-6.403705368205343
HOF ITEM
4.448192102827789
-0.41617920131764946,1.4985771726546042,-0.6822136140594471,3.244534449686685,3.037086810462421,-1.145581339847749,-0.79902091803236,2.1383169099125463,-1.2180940975452543,0.3605903868548327,0.41597948419398534,-6.65799277552765
HOF ITEM
4.44829684565366
-0.41617920131764946,1.4985771726546042,-0.6822136140594471,3.244534449686685,3.037086810462421,-1.145581339847749,-0.79902091803236,2.1383169099125463,-1.2180940975452543,0.3605903868548327,0.41597948419398534,-6.679235740330913
seed 935
Initial fitness values: [np.float64(5.322751414930815), np.float64(5.1298459421537235), np.float64(5.048594588627537), np.float64(4.974403466588454), np.float64(4.974403466588454), np.float64(4.9595634459487545), np.float64(4.8951463770391195), np.float64(4.8951463770391195), np.float64(4.870997017155161), np.float64(4.843436678683197)]
Final fitness values: [np.float64(4.523892370185307), np.float64(4.523892370185307), np.float64(4.523892321216409), np.float64(4.523827571905441), np.float64(4.523827571905441), np.float64(4.52382753282204), np.float64(4.52382753282204), np.float64(4.5234784100541265), np.float64(4.5234784100541265), np.float64(4.523463461769129)]
HOF ITEM
4.523463461769129
2.716467471705749,-0.5306864116902498,-1.175966792757259,-7.0,6.4989426301119595,-1.0927037884800563,-5.408019373035063,1.5515297597070932,-3.8711947925469294,1.1796260557965976,2.207571014447381,-0.8058212186766993
HOF ITEM
4.523478343677501
2.716467471705749,-0.5306864116902498,-1.175966792757259,-7.0,6.344347550206383,-1.0927037884800563,-5.746722176035955,1.5515297597070932,-3.8711947925469294,1.1796260557965976,2.207571014447381,-0.8058212186766993
HOF ITEM
4.5234783436775015
2.716467471705749,-0.5306864116902498,-1.175966792757259,-7.0,6.344347550206383,-1.0927037884800563,-5.746722176035955,1.613422908261359,-3.8711947925469294,1.1796260557965976,2.207571014447381,-0.8058212186766993
HOF ITEM
4.52347841005412
2.716467471705749,-0.5306864116902498,-1.175966792757259,-7.0,6.344347550206383,-1.0927037884800563,-5.408019373035063,1.5515297597070932,-4.88224414093016,1.1796260557965976,2.207571014447381,-0.8058212186766993
HOF ITEM
4.5234784100541265
2.716467471705749,-0.5306864116902498,-1.175966792757259,-7.0,6.344347550206383,-1.0927037884800563,-5.746722176035955,1.613422908261359,-4.88224414093016,1.1796260557965976,2.207571014447381,-0.8058212186766993
seed 936
Initial fitness values: [np.float64(6.383835605070776), np.float64(5.626002880880208), np.float64(5.411734043700691), np.float64(5.258338523314652), np.float64(5.131362586019705), np.float64(5.116733723763929), np.float64(5.097569593114439), np.float64(5.0823430388965845), np.float64(4.969609318508274), np.float64(4.902590952801879)]
Final fitness values: [np.float64(4.265361257238474), np.float64(4.26536094440206), np.float64(4.265360896620069), np.float64(4.265360896620069), np.float64(4.265360870819963), np.float64(4.265339155441591), np.float64(4.265331995126836), np.float64(4.265331995126836), np.float64(4.265331863868422), np.float64(4.265331863868422)]
HOF ITEM
4.265331863868422
-5.567470995408926,1.5793615313339397,-6.315174065164906,-0.2123075924182835,6.137436004002941,-0.8050511325157198,-3.2133971364927385,1.5830217358643563,-1.5214143857591256,-4.853979546737793,2.0970555086455684,-5.028482595005324
HOF ITEM
4.265331995126836
-5.567470995408926,1.5793615313339397,-6.315174065164906,-0.2123075924182835,6.137436004002941,-0.8050511325157198,-3.2133971364927385,1.5937040203400943,-1.5214143857591256,-4.853979546737793,2.0970555086455684,-5.028482595005324
HOF ITEM
4.265332301817715
-5.567470995408926,1.5793615313339397,-6.315174065164906,-0.2123075924182835,6.137436004002941,-0.8050511325157198,-3.2133971364927385,1.5830217358643563,-1.4718194894534067,-4.853979546737793,2.0970555086455684,-5.028482595005324
HOF ITEM
4.265332317434245
-5.567470995408926,1.5793615313339397,-6.315174065164906,-0.2123075924182835,6.137436004002941,-0.8050511325157198,-3.2133971364927385,1.5844429563904014,-1.4718194894534067,-4.853979546737793,2.0970555086455684,-5.028482595005324
HOF ITEM
4.265332431210085
-5.567470995408926,1.5793615313339397,-6.315174065164906,-0.2123075924182835,6.137436004002941,-0.8050511325157198,-3.2133971364927385,1.5937040203400943,-1.4718194894534067,-4.853979546737793,2.0970555086455684,-5.028482595005324
seed 937
Initial fitness values: [np.float64(6.7284632690305735), np.float64(6.125538011164172), np.float64(5.951588408068509), np.float64(5.22721197075712), np.float64(5.12284985518494), np.float64(4.722359976736), np.float64(4.722359976736), np.float64(4.722359976736), np.float64(4.701711666092462), np.float64(4.687250431075185)]
Final fitness values: [np.float64(4.508114488280614), np.float64(4.508114488280614), np.float64(4.508114488280614), np.float64(4.508114488280614), np.float64(4.508114488280614), np.float64(4.508114488280614), np.float64(4.508001993663995), np.float64(4.50726367373159), np.float64(4.50726367373159), np.float64(4.50726367373159)]
HOF ITEM
4.50726367373159
6.1426933389147,-1.526061258135933,3.6515225493008536,-0.6530161349942201,-4.336000987915328,-3.390878567871586,5.615548566737499,2.3535350492698304,-3.655245838820295,1.2483059797581815,2.5320859883709375,-1.1217387062257647
HOF ITEM
4.50726367373159
6.1426933389147,-1.526061258135933,3.6515225493008536,-0.6530161349942201,-4.336000987915328,-3.390878567871586,5.620924072970018,2.445704965072351,-3.619489546626585,1.2483059797581815,2.5320859883709375,-1.1217387062257647
HOF ITEM
4.50726367373159
6.1426933389147,-1.526061258135933,3.6515225493008536,-0.6530161349942201,-4.336000987915328,-3.390878567871586,5.620924072970018,2.282499487544637,-3.655245838820295,1.2483059797581815,2.5320859883709375,-1.1217387062257647
HOF ITEM
4.50726367373159
6.1426933389147,-1.526061258135933,3.6515225493008536,-0.6530161349942201,-4.336000987915328,-3.390878567871586,5.620924072970018,2.3535350492698304,-3.51655772030404,1.2483059797581815,2.5320859883709375,-1.1217387062257647
HOF ITEM
4.50726367373159
6.1426933389147,-1.526061258135933,3.6515225493008536,-0.6530161349942201,-4.336000987915328,-3.390878567871586,5.620924072970018,2.3535350492698304,-3.655245838820295,1.2483059797581815,2.5320859883709375,-1.1217387062257647
seed 938
Initial fitness values: [np.float64(6.786790956425523), np.float64(6.003693919393904), np.float64(5.7349380304358695), np.float64(5.3098475958570255), np.float64(5.266660827481839), np.float64(5.125737145348435), np.float64(5.106036739199193), np.float64(5.094495175933709), np.float64(5.089346241506162), np.float64(5.080704542105551)]
Final fitness values: [np.float64(5.054646316199884), np.float64(5.054666087144492), np.float64(5.053427873787799), np.float64(5.053427873787799), np.float64(5.053396278748694), np.float64(5.053358403450055), np.float64(5.053272548311046), np.float64(5.053272548311046), np.float64(5.0532602034656104), np.float64(5.0532602034656104)]
HOF ITEM
5.0532602034656104
7.0,-1.0288998035637262,-0.6916824026247701,5.015369174230561,4.972816354599182,-7.0,3.283440656487887,0.28947249496360133,-2.5309125695105834,1.7730626576398048,1.2780773966826862,-2.6004082668485693
HOF ITEM
5.053261008883671
7.0,-1.0288998035637262,-0.4564517415227467,5.015369174230561,4.898635107764008,-6.926572867717469,3.250460718482961,0.32100788486875764,-2.5309125695105834,1.7730626576398048,1.2780773966826862,-2.6004082668485693
HOF ITEM
5.0532627140388335
7.0,-1.0288998035637262,-0.4564517415227467,5.015369174230561,4.898635107764008,-7.0,3.283440656487887,0.28947249496360133,-2.5309125695105834,1.7730626576398048,1.2780773966826862,-2.6004082668485693
HOF ITEM
5.05326428192499
7.0,-1.0288998035637262,-0.6476285355533993,5.159745992320178,4.898635107764008,-7.0,3.250460718482961,0.32100788486875764,-2.5309125695105834,1.7730626576398048,1.2780773966826862,-2.6055329666946725
HOF ITEM
5.053265819181048
7.0,-1.0288998035637262,-0.42667702123759027,5.015369174230561,4.972816354599182,-7.0,3.283440656487887,0.28947249496360133,-2.5309125695105834,1.7730626576398048,1.2780773966826862,-2.6004082668485693
seed 939
Initial fitness values: [np.float64(5.767884527566261), np.float64(5.521186721830028), np.float64(4.731310638800476), np.float64(4.731310638800476), np.float64(4.301689278486689), np.float64(4.301689278486689), np.float64(4.301689278486689), np.float64(4.292253414788929), np.float64(4.292253414788929), np.float64(4.290096330678481)]
Final fitness values: [np.float64(4.261839522835486), np.float64(4.261839522835486), np.float64(4.261839522835486), np.float64(4.261839522835486), np.float64(4.261839522835486), np.float64(4.261820465663527), np.float64(4.2618159123644075), np.float64(4.2618159123644075), np.float64(4.2618159123644075), np.float64(4.2618159123644075)]
HOF ITEM
4.2618159123644075
-0.7557397067728719,1.2988578094833112,-5.793816429189038,-3.92781607860029,1.6064719442923143,-0.9371956187808845,-1.6377890746791557,3.0,-5.187740959883817,-0.05601462682384817,2.796679547365484,-4.323389947602107
HOF ITEM
4.261820465663527
-0.7557397067728719,1.2988578094833112,-5.793816429189038,-3.92781607860029,1.6064719442923143,-0.9371956187808845,-1.6377890746791557,3.0,-4.963068149142623,-0.05601462682384817,2.796679547365484,-4.323389947602107
HOF ITEM
4.261839522835486
-0.7557397067728719,1.2988578094833112,-5.793816429189038,-3.92781607860029,1.6064719442923143,-0.9371956187808845,-1.5996103068880658,3.0,-5.187740959883817,-0.05601462682384817,2.796679547365484,-4.323389947602107
HOF ITEM
4.261840753811181
-0.7557397067728719,1.2988578094833112,-5.793816429189038,-3.92781607860029,1.6064719442923143,-0.9371956187808845,-1.5996103068880658,3.0,-5.121365771580607,-0.05601462682384817,2.796679547365484,-4.323389947602107
HOF ITEM
4.261844041394727
-0.7557397067728719,1.2988578094833112,-5.793816429189038,-3.92781607860029,1.6064719442923143,-0.9371956187808845,-1.5996103068880658,3.0,-4.963068149142623,-0.05601462682384817,2.796679547365484,-4.323389947602107
best parameter set
fitness 4.256959584321448 seed 939
-0.7561169019757004,1.3003506662385829,-5.791360232189572,-3.9277834241277922,1.6064408143938511,-0.9396533306558823,-1.6377707512674842,3.0,-4.96306844672349,-0.05515304043529493,2.796983396023404,-4.325952828178833
