seeds are [330 331 332 333 334 335 336 337 338 339]
seed 330
Initial fitness values: [np.float64(3.2305066797771897), np.float64(3.1603524374787626), np.float64(2.6790752361506778), np.float64(2.6790752361506778), np.float64(2.6332312581322945), np.float64(2.540010610478287), np.float64(2.538896403444951), np.float64(2.5249078274871426), np.float64(2.4087951831864336), np.float64(2.4087951831864336)]
Final fitness values: [np.float64(2.3651047614065), np.float64(2.3651047614065), np.float64(2.3651047614065), np.float64(2.3651047614065), np.float64(2.3651047614065), np.float64(2.3651047614065), np.float64(2.3651047614065), np.float64(2.3651047614065), np.float64(2.3651047614065), np.float64(2.3651047614065)]
HOF ITEM
2.3651047614065
-1.7373201704764654,1.4179706172484203,-4.239800801084439,1.5714711892431732,2.69221761890581,0.4450975490621853,-0.495064577624089,0.5987422266821545,-2.4744493261885547,-1.0301136408955278,2.3319704143198368,-4.662245156494508
HOF ITEM
2.365175899429473
-1.7373201704764654,1.4179706172484203,-4.239800801084439,1.5714711892431732,2.69221761890581,0.4450975490621853,-0.5284104814370782,0.5987422266821545,-2.2144369477142845,-1.0301136408955278,2.3319704143198368,-4.662245156494508
HOF ITEM
2.365322098836902
-1.7373201704764654,1.4179706172484203,-4.288506165045459,1.5714711892431732,2.96907986182278,0.4450975490621853,-0.7020372651332965,1.0231365673725383,-2.4744493261885547,-1.0301136408955278,2.3319704143198368,-4.662245156494508
HOF ITEM
2.3655554720909286
-1.7373201704764654,1.4179706172484203,-4.239800801084439,1.5714711892431732,2.69221761890581,0.4450975490621853,-0.495064577624089,0.5987422266821545,-2.403817288455817,-1.0301136408955278,2.3319704143198368,-4.662245156494508
HOF ITEM
2.3658570476683014
-1.7373201704764654,1.4179706172484203,-4.239800801084439,1.5714711892431732,2.69221761890581,0.4450975490621853,-0.495064577624089,0.62194876252589,-2.403817288455817,-1.0301136408955278,2.3319704143198368,-4.662245156494508
seed 331
Initial fitness values: [np.float64(3.408125380084348), np.float64(3.1857057738244783), np.float64(3.0791517692089454), np.float64(2.842554096253718), np.float64(2.822751117322545), np.float64(2.8032658319404), np.float64(2.717525896887043), np.float64(2.717525896887043), np.float64(2.5473394868019916), np.float64(2.488961835113586)]
Final fitness values: [np.float64(2.3613955761614327), np.float64(2.3613955761614327), np.float64(2.3613955761614327), np.float64(2.3613955761614327), np.float64(2.3613955761614327), np.float64(2.3611366075097764), np.float64(2.3606910281488522), np.float64(2.359511769559388), np.float64(2.359304477329901), np.float64(2.359304477329901)]
HOF ITEM
2.359304477329901
-4.402941793150645,1.5830034951781358,-1.138031996685399,-3.7637655206442475,-6.693674134360349,-5.977414316660379,-2.1369446534454983,0.5758207335146305,-3.0694237207010504,-3.17918654266038,2.372555237804991,-1.062587619437152
HOF ITEM
2.359511769559388
-4.402941793150645,1.5830034951781358,-1.138031996685399,-3.7637655206442475,-6.693674134360349,-5.977414316660379,-2.1369446534454983,0.5652165421261584,-3.060555883581464,-3.17918654266038,2.372555237804991,-1.062587619437152
HOF ITEM
2.359637323447471
-4.402941793150645,1.5830034951781358,-1.138031996685399,-3.7637655206442475,-6.693674134360349,-5.977414316660379,-2.1369446534454983,0.5652165421261584,-3.2899483055496974,-3.17918654266038,2.372555237804991,-1.062587619437152
HOF ITEM
2.3603201840290007
-4.402941793150645,1.5830034951781358,-1.138031996685399,-3.1163933719624666,-6.612931505472294,-5.977414316660379,-2.1369446534454983,0.5758207335146305,-3.0694237207010504,-3.17918654266038,2.372555237804991,-1.062587619437152
HOF ITEM
2.3606910281488522
-4.402941793150645,1.5830034951781358,-1.138031996685399,-3.1163933719624666,-6.612931505472294,-5.977414316660379,-2.1369446534454983,0.5652165421261584,-3.060555883581464,-3.17918654266038,2.372555237804991,-1.062587619437152
seed 332
Initial fitness values: [np.float64(2.9254681610131508), np.float64(2.9254681610131508), np.float64(2.8874162986324037), np.float64(2.8081831851488572), np.float64(2.5567193598249913), np.float64(2.540148438453632), np.float64(2.4538978684676245), np.float64(2.4166806692834917), np.float64(2.4166806692834917), np.float64(2.414663363329077)]
Final fitness values: [np.float64(2.385161366233287), np.float64(2.385161366233287), np.float64(2.3851612840096768), np.float64(2.3851612840096768), np.float64(2.3851612387627186), np.float64(2.3851612387627186), np.float64(2.3851612387627186), np.float64(2.3851612387627186), np.float64(2.385121146671901), np.float64(2.385121127363689)]
HOF ITEM
2.385121127363689
0.06038336517861817,1.0649580463909218,-2.824603820509398,-6.805858699227246,6.3936789148466655,3.356057784478537,5.360830741313814,2.1994061624190775,-4.051761008509737,0.39958991858700477,2.958328260115573,-5.626224808925697
HOF ITEM
2.385121146671901
0.06038336517861817,1.0649580463909218,-2.824603820509398,-6.5913803120526735,6.3936789148466655,3.356057784478537,5.696350388862795,1.8175495084665474,-4.051761008509737,0.39958991858700477,2.958328260115573,-5.626224808925697
HOF ITEM
2.385121146671901
0.06038336517861817,1.0649580463909218,-2.824603820509398,-6.5913803120526735,6.3936789148466655,3.356057784478537,5.360830741313814,2.1994061624190775,-4.051761008509737,0.39958991858700477,2.958328260115573,-5.626224808925697
HOF ITEM
2.3851612387627186
0.06038336517861817,1.0649580463909218,-2.824603820509398,-6.805858699227246,7.0,3.356057784478537,5.6499049309162075,1.8175495084665474,-4.051761008509737,0.39958991858700477,2.9562635029760997,-5.626224808925697
HOF ITEM
2.3851612387627186
0.06038336517861817,1.0649580463909218,-2.824603820509398,-6.805858699227246,7.0,3.356057784478537,5.696350388862795,2.1124165128948316,-4.051761008509737,0.39958991858700477,2.9562635029760997,-5.626224808925697
seed 333
Initial fitness values: [np.float64(3.0300895892698314), np.float64(3.001497417752617), np.float64(3.001497417752617), np.float64(2.958350028490844), np.float64(2.9348002359911876), np.float64(2.9348002359911876), np.float64(2.8953856146477497), np.float64(2.8948622725669253), np.float64(2.8928423443073967), np.float64(2.892591254538911)]
Final fitness values: [np.float64(2.512576723743753), np.float64(2.512576723743753), np.float64(2.5105122757640075), np.float64(2.5105122757640075), np.float64(2.5105122757640075), np.float64(2.5105122757640075), np.float64(2.5105122757640075), np.float64(2.510311187468827), np.float64(2.510311187468827), np.float64(2.510311187468827)]
HOF ITEM
2.510311187468827
0.7983257836510756,0.5606766656432884,1.9786559001139317,5.801520075961414,3.2220789519492494,5.510621870146699,6.746730714717028,2.7513714336571717,-6.523838566166316,0.25086821582095903,2.0856572398823094,-5.705560071697105
HOF ITEM
2.510311187468827
0.7983257836510756,0.5606766656432884,1.9786559001139317,5.801520075961414,3.2220789519492494,5.510621870146699,6.845316424339509,2.8023071264671064,-6.367543364774582,0.25086821582095903,2.0856572398823094,-5.705560071697105
HOF ITEM
2.510311187468827
0.7983257836510756,0.5606766656432884,1.9786559001139317,5.801520075961414,3.2220789519492494,5.510621870146699,6.746730714717028,2.8388491219989356,-6.523838566166316,0.25086821582095903,2.0856572398823094,-5.705560071697105
HOF ITEM
2.510311187468827
0.7983257836510756,0.5606766656432884,1.9786559001139317,5.801520075961414,3.2220789519492494,5.510621870146699,7.0,2.7513714336571717,-6.523838566166316,0.25086821582095903,2.0856572398823094,-5.705560071697105
HOF ITEM
2.510311187468827
0.7983257836510756,0.5606766656432884,1.9786559001139317,5.801520075961414,3.2220789519492494,5.510621870146699,6.746730714717028,3.0,-6.523838566166316,0.25086821582095903,2.0856572398823094,-5.705560071697105
seed 334
Initial fitness values: [np.float64(3.2378906060247976), np.float64(3.122671187872382), np.float64(2.9843701423105173), np.float64(2.8688629734683553), np.float64(2.819343425456423), np.float64(2.819343425456423), np.float64(2.8193376318170795), np.float64(2.819220606014664), np.float64(2.818729464191855), np.float64(2.818729464191855)]
Final fitness values: [np.float64(2.8180059130589807), np.float64(2.818005912991188), np.float64(2.8180059120356376), np.float64(2.8180059120356376), np.float64(2.818005911984079), np.float64(2.818000767104789), np.float64(2.818000767104789), np.float64(2.818000767104789), np.float64(2.818000767077847), np.float64(2.817999279967987)]
HOF ITEM
2.817999279967987
3.3131740060506556,-0.14441191493873354,5.906207155836782,-5.555684021285002,5.260669097395651,-3.491805000792367,-5.597150960279926,2.0362818391971187,-3.107675950080152,1.7284942912957697,1.3336145294889208,-5.427839972736212
HOF ITEM
2.818000767077847
3.3131740060506556,-0.14441191493873354,6.363869103649238,-5.553654926795748,5.183628329482372,-3.491805000792367,-5.597150960279926,2.115228204695601,-2.4098725594063133,1.7284942912957697,1.3336145294889208,-5.427839972736212
HOF ITEM
2.818000767102192
3.3131740060506556,-0.14441191493873354,6.363869103649238,-5.460939720846537,5.183628329482372,-3.491805000792367,-5.8586944451423015,2.115228204695601,-3.107675950080152,1.7284942912957697,1.3336145294889208,-5.427839972736212
HOF ITEM
2.818000767102194
3.3131740060506556,-0.14441191493873354,6.363869103649238,-5.460939720846537,5.183628329482372,-3.491805000792367,-5.597150960279926,2.115228204695601,-3.107675950080152,1.7284942912957697,1.3336145294889208,-5.427839972736212
HOF ITEM
2.8180007671023803
3.3131740060506556,-0.14441191493873354,6.363869103649238,-5.467113725226935,5.183628329482372,-3.491805000792367,-5.597150960279926,2.115228204695601,-3.107675950080152,1.7284942912957697,1.3336145294889208,-5.427839972736212
seed 335
Initial fitness values: [np.float64(3.4274539132756323), np.float64(3.3388586617782083), np.float64(3.129801185080387), np.float64(2.9458879965311713), np.float64(2.883738863637962), np.float64(2.8014305236645907), np.float64(2.6498925797687187), np.float64(2.6498925797687187), np.float64(2.59085220154344), np.float64(2.59085220154344)]
Final fitness values: [np.float64(2.381580316932185), np.float64(2.3815803112813025), np.float64(2.3815803112813025), np.float64(2.3783651768078613), np.float64(2.3783651768078613), np.float64(2.3783651768078613), np.float64(2.374636710796696), np.float64(2.3746367104960386), np.float64(2.37463667827926), np.float64(2.37463667827926)]
HOF ITEM
2.37463667827926
-1.1346939968942564,1.3851501275770408,3.8132795116442724,-2.340301195779855,1.4383371460459817,3.850487766604698,6.461607652182161,0.38721520725266684,-2.6502563218588353,-0.19554571144920474,2.792593533868085,-2.1473178265737927
HOF ITEM
2.374636678807496
-1.1346939968942564,1.3851501275770408,3.8132795116442724,-2.340301195779855,1.4383371460459817,3.850487766604698,6.461607652182161,0.38721520725266684,-2.561378691814021,-0.19554571144920474,2.792593533868085,-2.1473178265737927
HOF ITEM
2.3746367104960386
-1.1346939968942564,1.3851501275770408,3.8132795116442724,-2.340301195779855,1.4383371460459817,3.850487766604698,6.461607652182161,0.4392250938541292,-2.6502563218588353,-0.19554571144920474,2.792593533868085,-2.1473178265737927
HOF ITEM
2.374636710796696
-1.1346939968942564,1.3851501275770408,3.8132795116442724,-2.340301195779855,1.4383371460459817,3.850487766604698,6.461607652182161,0.4392250938541292,-2.561378691814021,-0.19554571144920474,2.792593533868085,-2.1473178265737927
HOF ITEM
2.3746367133826016
-1.1346939968942564,1.3851501275770408,3.8132795116442724,-2.340301195779855,1.4383371460459817,3.850487766604698,6.891912148474113,0.38721520725266684,-2.6502563218588353,-0.19554571144920474,2.792593533868085,-2.1473178265737927
seed 336
Initial fitness values: [np.float64(3.278283347908238), np.float64(3.0850747319400496), np.float64(2.591693032679093), np.float64(2.591693032679093), np.float64(2.591666973300803), np.float64(2.5788825788775434), np.float64(2.569358214015689), np.float64(2.569358214015689), np.float64(2.55677002163674), np.float64(2.55677002163674)]
Final fitness values: [np.float64(2.546132583488685), np.float64(2.546132583488685), np.float64(2.546132583488685), np.float64(2.546132583488685), np.float64(2.546132583488685), np.float64(2.546132583488685), np.float64(2.546132583488685), np.float64(2.546132583488685), np.float64(2.5461162772082426), np.float64(2.5461162772082426)]
HOF ITEM
2.5461162772082426
2.97806728743621,-0.6321460922464404,1.8704184734091833,-4.692511658511889,-5.265959505017456,-4.673215810877799,1.6020892327428888,2.508794027565308,-4.8761826441682885,1.1926546122094082,2.3938428600170054,-0.9654450248462233
HOF ITEM
2.546132583488685
2.97806728743621,-0.6321460922464404,1.8704184734091833,-4.692511658511889,-5.265959505017456,-4.673215810877799,1.65789641604251,2.284088684009434,-4.8761826441682885,1.1926546122094082,2.3938428600170054,-0.9654450248462233
HOF ITEM
2.546132768317525
2.97806728743621,-0.6321460922464404,1.8704184734091833,-4.692511658511889,-5.265959505017456,-4.673215810877799,1.65789641604251,2.284088684009434,-4.742965551321004,1.1926546122094082,2.3938428600170054,-0.9654450248462233
HOF ITEM
2.546150086894702
2.97806728743621,-0.6321460922464404,1.8704184734091833,-4.5022443825352365,-5.265959505017456,-4.673215810877799,1.65789641604251,2.284088684009434,-4.8761826441682885,1.1926546122094082,2.3938428600170054,-0.9654450248462233
HOF ITEM
2.5461531519037885
2.97806728743621,-0.6321460922464404,1.8704184734091833,-4.472341513644257,-5.265959505017456,-4.673215810877799,1.65789641604251,2.284088684009434,-4.8761826441682885,1.1926546122094082,2.3938428600170054,-0.9654450248462233
seed 337
Initial fitness values: [np.float64(3.149798482718716), np.float64(3.0741940951734708), np.float64(2.851440558296747), np.float64(2.7675213513985346), np.float64(2.6803015027167554), np.float64(2.6343259902675724), np.float64(2.633860690605254), np.float64(2.524110531227865), np.float64(2.5544230720860144), np.float64(2.5544230720860144)]
Final fitness values: [np.float64(2.4345956257852865), np.float64(2.4298900079937438), np.float64(2.4298900079937438), np.float64(2.4298900079937438), np.float64(2.429324979013759), np.float64(2.4292592514906888), np.float64(2.429240512509131), np.float64(2.4292404623598616), np.float64(2.429240451047467), np.float64(2.4292402911737643)]
HOF ITEM
2.4292402911737643
1.5797466287212831,0.4230453964892224,3.4017830955542476,-2.028610171956405,0.07237378649690601,-4.687719799250522,4.638758537710851,1.5938204832752303,-0.19859489115244677,1.1493285759721583,3.0,-0.45556789057585084
HOF ITEM
2.429240309639992
1.5797466287212831,0.4230453964892224,3.368763718579973,-2.1908438021204435,0.07237378649690601,-4.687719799250522,4.638758537710851,1.4311317979968794,-0.19859489115244677,1.1493285759721583,3.0,-0.45556789057585084
HOF ITEM
2.4292403724073193
1.5797466287212831,0.4230453964892224,3.0204238091216227,-2.1908438021204435,-0.12417117901290839,-4.889418548049189,4.621624742908145,2.0088001371601987,-0.3611340630270419,1.1493285759721583,3.0,-0.45556789057585084
HOF ITEM
2.429240447739427
1.5797466287212831,0.4230453964892224,3.4017830955542476,-2.028610171956405,0.06672283390329703,-4.687719799250522,4.638758537710851,2.0088001371601987,-0.7073679973691306,1.1493285759721583,3.0,-0.45556789057585084
HOF ITEM
2.429240451047467
1.5797466287212831,0.4230453964892224,3.0204238091216227,-1.7676982795105471,-0.12417117901290839,-4.889418548049189,4.621624742908145,2.0088001371601987,-0.6018646050098113,1.1493285759721583,3.0,-0.45556789057585084
seed 338
Initial fitness values: [np.float64(3.4000420171089534), np.float64(2.993982452988245), np.float64(2.98250938698195), np.float64(2.820365907152671), np.float64(2.6801297638671038), np.float64(2.6778678988190765), np.float64(2.5842646585096007), np.float64(2.5842646585096007), np.float64(2.4978401381339728), np.float64(2.4940121997198306)]
Final fitness values: [np.float64(2.3836921524495387), np.float64(2.383690949797813), np.float64(2.383690949797813), np.float64(2.3836909472104275), np.float64(2.3836909472104275), np.float64(2.3836909472104275), np.float64(2.3836909472104275), np.float64(2.3836628618061084), np.float64(2.3836628618061084), np.float64(2.3836624624184273)]
HOF ITEM
2.3836624624184273
-5.671217801608359,1.6182054987482148,3.751213972573425,-2.163293231425253,0.5710531438948646,-2.181372265135272,-3.5641096414294338,0.9881897659509169,-3.261194055978448,-4.380563382783603,2.076260628912712,-0.5115719616019513
HOF ITEM
2.3836628618061084
-5.671217801608359,1.6182054987482148,3.751213972573425,-2.163293231425253,0.5710531438948646,-2.181372265135272,-3.5641096414294338,0.9881897659509169,-3.6867207269980153,-4.380563382783603,2.076260628912712,-0.5115719616019513
HOF ITEM
2.383690505501255
-5.671217801608359,1.6187531536084077,3.8055167873403777,-2.163293231425253,0.5710531438948646,-2.181372265135272,-3.5641096414294338,1.0339053345812352,-3.0535416339663843,-4.380563382783603,2.076260628912712,-0.5115719616019513
HOF ITEM
2.3836909472104275
-5.671217801608359,1.6187531536084077,3.8055167873403777,-2.163293231425253,0.5710531438948646,-2.181372265135272,-3.5641096414294338,0.9881897659509169,-3.261194055978448,-4.380563382783603,2.076260628912712,-0.5115719616019513
HOF ITEM
2.383690949797813
-5.671217801608359,1.6187531536084077,3.8055167873403777,-2.163293231425253,0.5710531438948646,-2.181372265135272,-3.5641096414294338,0.9881897659509169,-3.363448982095659,-4.380563382783603,2.076260628912712,-0.5115719616019513
seed 339
Initial fitness values: [np.float64(2.8982531635892315), np.float64(2.8982531635892315), np.float64(2.85481416382186), np.float64(2.853126870547835), np.float64(2.8510376934206), np.float64(2.847116827182637), np.float64(2.844518116274003), np.float64(2.844518116274003), np.float64(2.840195607099442), np.float64(2.8365586862886016)]
Final fitness values: [np.float64(2.805447009195677), np.float64(2.805447009195677), np.float64(2.805447009195677), np.float64(2.805447008948607), np.float64(2.805447008948607), np.float64(2.805447008948607), np.float64(2.805447008948607), np.float64(2.805447008948607), np.float64(2.805447008948607), np.float64(2.805447008948607)]
HOF ITEM
2.805447008948607
6.753645018070618,-0.9907440007131584,3.2756480329209765,-4.700811208919789,3.5204224317514803,-5.699026144276856,4.366557986044884,2.3325614235105245,-0.9022400674558619,1.7903293509573657,1.287805508010093,-5.821732760626899
HOF ITEM
2.805447008948607
6.753645018070618,-0.9907440007131584,3.2756480329209765,-4.700811208919789,3.5204224317514803,-5.699026144276856,3.96183667850613,2.3325614235105245,-1.1685960165610194,1.7903293509573657,1.287805508010093,-5.821732760626899
HOF ITEM
2.805447008948607
6.753645018070618,-0.9907440007131584,3.2756480329209765,-4.700811208919789,3.5204224317514803,-5.699026144276856,4.366557986044884,2.3325614235105245,-1.0280067349607485,1.7903293509573657,1.287805508010093,-5.821732760626899
HOF ITEM
2.805447008948607
6.753645018070618,-0.9907440007131584,3.2756480329209765,-4.700811208919789,3.5204224317514803,-5.699026144276856,3.96183667850613,2.3325614235105245,-1.0280067349607485,1.7903293509573657,1.287805508010093,-5.821732760626899
HOF ITEM
2.805447008948607
6.753645018070618,-0.9907440007131584,3.2756480329209765,-4.700811208919789,3.5204224317514803,-5.699026144276856,3.96183667850613,2.3325614235105245,-0.9022400674558619,1.7903293509573657,1.287805508010093,-5.821732760626899
best parameter set
fitness 2.357500136457319 seed 331
-4.402835710236137,1.5863819046453114,-1.1381129641617889,-3.763817729353503,-6.693453155351991,-5.977755261481563,-2.1369948311743463,0.5651887674177211,-3.2899982012104845,-3.1793568397486474,2.372755130785695,-1.062932563018394
