seeds are [370 371 372 373 374 375 376 377 378 379]
seed 370
Initial fitness values: [np.float64(5.626167320133153), np.float64(5.463021251590685), np.float64(5.423546178074793), np.float64(5.201977811437027), np.float64(5.201977811437027), np.float64(5.201977811437027), np.float64(5.124324038437644), np.float64(5.040261315330415), np.float64(5.012160225165918), np.float64(4.956895414706335)]
Final fitness values: [np.float64(4.306405468444771), np.float64(4.306405468444771), np.float64(4.306405468444771), np.float64(4.306405468444771), np.float64(4.306405468444771), np.float64(4.306405468444771), np.float64(4.306405468444771), np.float64(4.306405468444771), np.float64(4.306405468444771), np.float64(4.306405468444771)]
HOF ITEM
4.306405468444771
-6.962213775245419,1.5689998715760998,-5.53710647447242,2.6642511189888265,0.5432553673689625,-2.3092437181568464,-3.3227227991933033,3.0,-1.6258350955086833,-6.445491782429438,1.801693730192541,-5.06874706569627
HOF ITEM
4.306405468444771
-6.962213775245419,1.5689998715760998,-5.53710647447242,2.6642511189888265,0.5432553673689625,-2.3092437181568464,-3.230553699431924,3.0,-1.6258350955086833,-6.445491782429438,1.801693730192541,-5.06874706569627
HOF ITEM
4.306405468444771
-6.962213775245419,1.5689998715760998,-5.53710647447242,2.6642511189888265,0.5432553673689625,-2.3092437181568464,-3.3338039452701125,3.0,-1.6258350955086833,-6.445491782429438,1.801693730192541,-5.06874706569627
HOF ITEM
4.306405468444771
-6.962213775245419,1.5689998715760998,-5.53710647447242,2.6642511189888265,0.5432553673689625,-2.3092437181568464,-3.3712118508623266,3.0,-1.6258350955086833,-6.445491782429438,1.801693730192541,-5.06874706569627
HOF ITEM
4.308033748467979
-6.962213775245419,1.5689998715760998,-5.53710647447242,2.6642511189888265,0.5432553673689625,-2.3146798336841106,-3.226569365269149,3.0,-1.9273018173745224,-6.445491782429438,1.801693730192541,-5.06874706569627
seed 371
Initial fitness values: [np.float64(6.126022929075771), np.float64(6.0849817890347255), np.float64(4.940981306846105), np.float64(4.940981306846105), np.float64(4.940981306846105), np.float64(4.8941413688544495), np.float64(4.726802689486661), np.float64(4.726802689486661), np.float64(4.669950535284408), np.float64(4.546720732272556)]
Final fitness values: [np.float64(4.360227416176103), np.float64(4.360227416176103), np.float64(4.360227416176103), np.float64(4.360227416176103), np.float64(4.360227416176103), np.float64(4.360227416176103), np.float64(4.360227416176103), np.float64(4.360227416176103), np.float64(4.360227416176103), np.float64(4.360227416176103)]
HOF ITEM
4.359585141074769
0.9344314079622196,0.6953080937234273,-2.3811077705993378,-1.459008338631239,-5.327159458766501,-4.391253180110384,6.552819905902805,2.136446414736331,-6.563031571042349,0.8868498037716777,2.693344957153794,-1.9116113669559296
HOF ITEM
4.360227416176103
0.9344314079622196,0.6953080937234273,-2.3698434281072114,-1.459008338631239,-5.327159458766501,-4.391253180110384,6.552819905902805,2.3081580091263696,-6.739337054047037,0.8868498037716777,2.6917188555954707,-1.9116113669559296
HOF ITEM
4.360227416176103
0.9344314079622196,0.6953080937234273,-2.3698434281072114,-1.459008338631239,-5.327159458766501,-4.391253180110384,6.183594385667666,1.9274901687608712,-6.739337054047037,0.8868498037716777,2.6917188555954707,-1.9116113669559296
HOF ITEM
4.360227416176103
0.9344314079622196,0.6953080937234273,-2.3698434281072114,-1.459008338631239,-5.327159458766501,-4.391253180110384,6.183594385667666,2.3081580091263696,-6.739337054047037,0.8868498037716777,2.6917188555954707,-1.9116113669559296
HOF ITEM
4.360227416176103
0.9344314079622196,0.6953080937234273,-2.3698434281072114,-1.459008338631239,-5.327159458766501,-4.391253180110384,6.552819905902805,1.9274901687608712,-6.739337054047037,0.8868498037716777,2.6917188555954707,-1.9116113669559296
seed 372
Initial fitness values: [np.float64(6.126116184975638), np.float64(5.883970684698547), np.float64(4.625347663152171), np.float64(4.625347663152171), np.float64(4.625347663152171), np.float64(4.625347663152171), np.float64(4.6191824242851425), np.float64(4.5567639802941695), np.float64(4.550415587781715), np.float64(4.546128980285584)]
Final fitness values: [np.float64(4.526579720146979), np.float64(4.526579720146979), np.float64(4.526579720146979), np.float64(4.526579720146979), np.float64(4.526567566527989), np.float64(4.526567566527989), np.float64(4.526567566527989), np.float64(4.526567566527989), np.float64(4.526567566527989), np.float64(4.526567566527989)]
HOF ITEM
4.526567566527989
6.5408036402455,-1.6231814741707418,1.1531887678269117,5.418720888777974,2.78587111994877,-0.7418623261822135,4.102807120787647,1.0889709552503108,-7.0,1.1920448063001372,2.1757966907974975,-1.0752121488145383
HOF ITEM
4.526567573528082
6.5408036402455,-1.6231814741707418,1.1531887678269117,5.418720888777974,2.78587111994877,-0.7418623261822135,4.102807120787647,1.0889709552503108,-6.874849931423949,1.1920448063001372,2.1757966907974975,-1.0752121488145383
HOF ITEM
4.526579720146979
6.5408036402455,-1.6231814741707418,1.1531887678269117,5.418720888777974,2.78587111994877,-0.7418623261822135,4.1832817611991,1.0889709552503108,-7.0,1.1920448063001372,2.1757966907974975,-1.0752121488145383
HOF ITEM
4.526601080418567
6.5408036402455,-1.6231814741707418,1.1531887678269117,5.418720888777974,2.78587111994877,-0.7418623261822135,4.398835469572235,1.0889709552503108,-7.0,1.1920448063001372,2.1757966907974975,-1.0752121488145383
HOF ITEM
4.526604272170968
6.5408036402455,-1.6231814741707418,1.1531887678269117,5.418720888777974,2.78587111994877,-0.7418623261822135,4.4471471773819164,1.0889709552503108,-7.0,1.1920448063001372,2.1757966907974975,-1.0752121488145383
seed 373
Initial fitness values: [np.float64(5.301780376298682), np.float64(5.259318190956542), np.float64(4.786575764922265), np.float64(4.784714590870558), np.float64(4.607118736006578), np.float64(4.607118736006578), np.float64(4.4929360445340585), np.float64(4.4929360445340585), np.float64(4.480540065556201), np.float64(4.4757018774651165)]
Final fitness values: [np.float64(4.36418494160576), np.float64(4.36418494160576), np.float64(4.36418494160576), np.float64(4.36418494160576), np.float64(4.36418494160576), np.float64(4.36418494160576), np.float64(4.36418494160576), np.float64(4.36418494160576), np.float64(4.36418494160576), np.float64(4.36418494160576)]
HOF ITEM
4.36418494160576
1.6378772603249963,0.3993720128454269,5.053040800379128,0.07157302378065489,4.6221253521768455,3.7004428870376533,6.2433266090274175,2.891617718564261,-5.999174906633884,1.1498759888439058,3.0,-0.6673051216863757
HOF ITEM
4.36418494160576
1.6378772603249963,0.3993720128454269,5.053040800379128,0.07157302378065489,4.6221253521768455,3.7004428870376533,6.021007377939832,3.0,-5.833848043529615,1.1498759888439058,3.0,-0.6673051216863757
HOF ITEM
4.36418494160576
1.6378772603249963,0.3993720128454269,5.053040800379128,0.07157302378065489,4.6221253521768455,3.7004428870376533,6.021007377939832,3.0,-6.084557356865596,1.1498759888439058,3.0,-0.6673051216863757
HOF ITEM
4.36418494160576
1.6378772603249963,0.3993720128454269,5.053040800379128,0.07157302378065489,4.6221253521768455,3.7004428870376533,6.021007377939832,3.0,-6.243282713271579,1.1498759888439058,3.0,-0.6673051216863757
HOF ITEM
4.36418494160576
1.6378772603249963,0.3993720128454269,5.053040800379128,0.07157302378065489,4.6221253521768455,3.7004428870376533,6.021007377939832,3.0,-5.794347371146308,1.1498759888439058,3.0,-0.6673051216863757
seed 374
Initial fitness values: [np.float64(6.06856907382618), np.float64(5.476968650319588), np.float64(5.164854590829439), np.float64(5.164854590829439), np.float64(4.987597905615918), np.float64(4.8382729229194155), np.float64(4.738132751833993), np.float64(4.669570854563119), np.float64(4.667543451979874), np.float64(4.554662830573642)]
Final fitness values: [np.float64(4.270617932856982), np.float64(4.270617932856981), np.float64(4.270617932856981), np.float64(4.270617932856981), np.float64(4.270613106598484), np.float64(4.27061310659848), np.float64(4.27061310659848), np.float64(4.270610078604146), np.float64(4.270610078604146), np.float64(4.270610078604146)]
HOF ITEM
4.270610078604146
-5.4665479207778835,1.5898753756695525,7.0,-3.2996579168320226,-3.3900625459859253,2.7687253403573537,3.9835040351022633,1.4312057538563419,-1.5902856710796254,-4.818604784794368,2.1095498557177454,-5.671866176655966
HOF ITEM
4.270610078604146
-5.4665479207778835,1.5898753756695525,7.0,-3.2996579168320226,-3.3900625459859253,2.7687253403573537,4.101850650358152,1.4312057538563419,-1.5902856710796254,-4.818604784794368,2.1095498557177454,-5.671866176655966
HOF ITEM
4.270610078604146
-5.4665479207778835,1.5898753756695525,7.0,-3.2996579168320226,-3.3900625459859253,2.7687253403573537,3.9835040351022633,1.215013055484599,-1.4702685318999098,-4.818604784794368,2.1095498557177454,-5.671866176655966
HOF ITEM
4.270610078604146
-5.4665479207778835,1.5898753756695525,7.0,-3.2996579168320226,-3.3900625459859253,2.7687253403573537,3.9835040351022633,1.513614638222671,-0.9424280170056722,-4.818604784794368,2.1095498557177454,-5.671866176655966
HOF ITEM
4.270610078604146
-5.4665479207778835,1.5898753756695525,7.0,-3.2996579168320226,-3.3900625459859253,2.7687253403573537,3.9835040351022633,1.564957251893136,-0.9424280170056722,-4.818604784794368,2.1095498557177454,-5.671866176655966
seed 375
Initial fitness values: [np.float64(6.015523733536746), np.float64(5.943406694112323), np.float64(5.472666983117154), np.float64(5.472666983117154), np.float64(5.179937456305401), np.float64(5.10392007520376), np.float64(5.089665027177621), np.float64(5.089665027177621), np.float64(5.089663289172407), np.float64(5.067930319647685)]
Final fitness values: [np.float64(4.239428672552806), np.float64(4.239427399999099), np.float64(4.239426225732583), np.float64(4.239426146158667), np.float64(4.239422983344415), np.float64(4.239422983344415), np.float64(4.239422182474128), np.float64(4.239416356646976), np.float64(4.239416356646976), np.float64(4.2394158186572835)]
HOF ITEM
4.2394158186572835
-4.436903690971416,1.583546257405208,1.6913607382268943,-4.5051000052278924,-2.9783763112334545,-5.822655629220882,2.184226542305916,2.4197624647218894,-2.2649106620046253,-3.157208063454903,2.387621188295956,-0.47850527337576715
HOF ITEM
4.239416025174027
-4.436903690971416,1.583546257405208,1.6913607382268943,-4.552484125979431,-2.9783763112334545,-5.822655629220882,2.824021593197052,2.0172332466090546,-2.2649106620046253,-3.157208063454903,2.387621188295956,-0.47850527337576715
HOF ITEM
4.239416356646976
-4.436903690971416,1.583546257405208,1.6913607382268943,-4.633568435363587,-2.9783763112334545,-5.822655629220882,2.4510984310435755,2.0559478143978414,-1.9608926681335732,-3.157208063454903,2.387621188295956,-0.47850527337576715
HOF ITEM
4.239416356646976
-4.436903690971416,1.583546257405208,1.6913607382268943,-4.633568435363587,-2.9783763112334545,-5.822655629220882,2.4510984310435755,2.0172332466090546,-2.2649106620046253,-3.157208063454903,2.387621188295956,-0.47850527337576715
HOF ITEM
4.2394189101855355
-4.436903690971416,1.583546257405208,1.80043214790514,-4.640751337921799,-2.9783763112334545,-5.822655629220882,2.797655320130241,2.1915915088529943,-2.1269514340430313,-3.157208063454903,2.387621188295956,-0.47850527337576715
seed 376
Initial fitness values: [np.float64(5.81487925415728), np.float64(5.12403213080661), np.float64(5.12403213080661), np.float64(4.948358415422519), np.float64(4.788819072591724), np.float64(4.705728458929107), np.float64(4.688152482968357), np.float64(4.591224012443661), np.float64(4.531615709391475), np.float64(4.421584013913867)]
Final fitness values: [np.float64(4.252400618421783), np.float64(4.252400618421783), np.float64(4.252400618421783), np.float64(4.252400618421783), np.float64(4.252400618421783), np.float64(4.252400618421783), np.float64(4.252400618421783), np.float64(4.252400618421783), np.float64(4.252400618421783), np.float64(4.252400618421783)]
HOF ITEM
4.252400618421783
-1.515666012192927,1.4551835335954175,0.23658616028566332,-0.3930217843758452,-6.837154545395918,-4.798692763405643,1.1439095839994806,0.2779547335349443,-0.7507765419124612,-0.5111049111091758,2.7064216228895184,-2.169861461990966
HOF ITEM
4.25279343970706
-1.515666012192927,1.4551835335954175,0.23658616028566332,-0.3930217843758452,-6.837154545395918,-4.798692763405643,1.1439095839994806,0.2681142370121883,-0.7507765419124612,-0.5111049111091758,2.7064216228895184,-2.169861461990966
HOF ITEM
4.2531574241247245
-1.515666012192927,1.4551835335954175,0.23658616028566332,-0.9432514578960782,-7.0,-4.798692763405643,0.8867685400627838,0.2779547335349443,-0.7507765419124612,-0.5111049111091758,2.7064216228895184,-2.169861461990966
HOF ITEM
4.25334236211391
-1.515666012192927,1.4551835335954175,0.23658616028566332,-0.3930217843758452,-6.837154545395918,-4.798692763405643,1.1439095839994806,0.2549653674695098,-0.7507765419124612,-0.5111049111091758,2.7064216228895184,-2.169861461990966
HOF ITEM
4.253510534726063
-1.515666012192927,1.4551835335954175,0.23658616028566332,-0.6716229400145737,-6.837154545395918,-4.700528723588316,1.1523433229928874,0.2779547335349443,-0.7507765419124612,-0.5111049111091758,2.7064216228895184,-2.169861461990966
seed 377
Initial fitness values: [np.float64(5.469773103830105), np.float64(5.469773103830105), np.float64(5.2997977238838025), np.float64(5.049925057796011), np.float64(5.049925057796011), np.float64(4.989365178025739), np.float64(4.632132884505535), np.float64(4.632132884505535), np.float64(4.561826367739581), np.float64(4.410691939622117)]
Final fitness values: [np.float64(4.27029620298834), np.float64(4.27029620298834), np.float64(4.27029620298834), np.float64(4.27029620298834), np.float64(4.265891081968361), np.float64(4.265872906900698), np.float64(4.265416334113139), np.float64(4.265348347281046), np.float64(4.264269596215614), np.float64(4.264269596215614)]
HOF ITEM
4.264269596215614
0.3284161814059574,0.9550270624325048,-2.0503240414590977,4.975672296711121,4.277928986578897,-6.943904143946649,0.004872056598327637,2.630771795932752,-5.1294244847810395,0.7768591000598888,2.807502997281118,-0.470342880278828
HOF ITEM
4.265348347281046
0.3284161814059574,0.9550270624325048,-2.0503240414590977,5.072156789853059,4.278584266737928,-6.943904143946649,0.004872056598327637,2.4472600781847995,-4.854043769436048,0.7768591000598888,2.807502997281118,-0.470342880278828
HOF ITEM
4.265390228747789
0.3284161814059574,0.9550270624325048,-2.0503240414590977,5.072156789853059,4.278584266737928,-6.943904143946649,0.004872056598327637,2.4472600781847995,-5.0145504536306635,0.7768591000598888,2.807502997281118,-0.470342880278828
HOF ITEM
4.265403301028466
0.3284161814059574,0.9550270624325048,-2.0503240414590977,5.072156789853059,4.278584266737928,-6.943904143946649,0.004872056598327637,2.4472600781847995,-5.0704251356775245,0.7768591000598888,2.807502997281118,-0.470342880278828
HOF ITEM
4.265416334113139
0.3284161814059574,0.9550270624325048,-2.0503240414590977,5.072156789853059,4.278584266737928,-6.943904143946649,0.004872056598327637,2.4472600781847995,-5.1294244847810395,0.7768591000598888,2.807502997281118,-0.470342880278828
seed 378
Initial fitness values: [np.float64(5.544527036953187), np.float64(5.370651582581738), np.float64(5.231724813054188), np.float64(5.015131994220702), np.float64(4.837776561974172), np.float64(4.531354916422537), np.float64(4.527632927001984), np.float64(4.527632927001984), np.float64(4.481914343266551), np.float64(4.425847987882188)]
Final fitness values: [np.float64(4.3131283097475634), np.float64(4.313112673719588), np.float64(4.313112651432972), np.float64(4.313112651432972), np.float64(4.313112651432972), np.float64(4.31308192213133), np.float64(4.31308192213133), np.float64(4.31308192213133), np.float64(4.31308192213133), np.float64(4.31308192213133)]
HOF ITEM
4.31308192213133
0.7219042088602996,0.7919853720261429,6.446597049329781,3.500243759456444,-4.8683583819347795,-0.5086619865618701,3.7725529876634325,0.8807882493849618,-6.4004087972718535,0.7455661831356237,2.901534741040375,-3.8855380734490197
HOF ITEM
4.313081943372065
0.7219042088602996,0.7919853720261429,6.446597049329781,3.500243759456444,-4.8683583819347795,-0.5086619865618701,3.7725529876634325,0.8807882493849618,-6.34291226602806,0.7455661831356237,2.901534741040375,-3.8855380734490197
HOF ITEM
4.313112651432972
0.7219042088602996,0.7919853720261429,6.446597049329781,3.500243759456444,-4.8683583819347795,-0.5086619865618701,3.6791311957462076,0.8807882493849618,-6.34291226602806,0.7455661831356237,2.901534741040375,-3.8855380734490197
HOF ITEM
4.313112673719588
0.7219042088602996,0.7919853720261429,6.446597049329781,3.500243759456444,-4.8683583819347795,-0.5086619865618701,3.6791311957462076,0.8807882493849618,-6.4004087972718535,0.7455661831356237,2.901534741040375,-3.8855380734490197
HOF ITEM
4.3131283097475634
0.7219042088602996,0.7919853720261429,6.446597049329781,3.500243759456444,-4.8683583819347795,-0.5086619865618701,3.6791311957462076,0.8683736146181769,-6.34291226602806,0.7455661831356237,2.901534741040375,-3.8855380734490197
seed 379
Initial fitness values: [np.float64(5.5978445546569855), np.float64(5.5978445546569855), np.float64(5.217995710771941), np.float64(4.585150785544713), np.float64(4.585150785544713), np.float64(4.462590735716589), np.float64(4.462590735716589), np.float64(4.462590735716589), np.float64(4.462554174746858), np.float64(4.459413994409647)]
Final fitness values: [np.float64(4.3772088022354385), np.float64(4.3772088022354385), np.float64(4.374619590911818), np.float64(4.374619590911818), np.float64(4.374619590120774), np.float64(4.323494254252763), np.float64(4.323494254252763), np.float64(4.323494254252763), np.float64(4.301894923814859), np.float64(4.2980375548932646)]
HOF ITEM
4.2980375548932646
-5.431814186469495,1.5774117517367217,1.8046855708795762,7.0,-5.043694012507717,-2.85104126489573,5.619106463042641,0.6411273032256761,-3.4192135779820356,-4.940990136238148,2.094223805396346,-6.928608572764137
HOF ITEM
4.301894923814859
-5.431814186469495,1.5132669941438623,1.7456402727464797,7.0,-5.117820489971743,-2.85104126489573,5.320212416883373,0.6206898422976621,-2.374234342009098,-4.973739646597093,2.094223805396346,-7.0
HOF ITEM
4.301894926788684
-5.431814186469495,1.5132669941438623,1.7456402727464797,7.0,-5.117820489971743,-2.85104126489573,5.320212416883373,0.6206898422976621,-2.9591726943248777,-4.973739646597093,2.094223805396346,-7.0
HOF ITEM
4.310457616361636
-5.431814186469495,1.5054997203479863,1.7456402727464797,6.9751133358925514,-5.043694012507717,-2.85104126489573,5.508887862013207,0.6411273032256761,-2.9591726943248777,-4.973739646597093,2.094223805396346,-6.892920757605487
HOF ITEM
4.313656306798313
-5.431814186469495,1.5054997203479863,1.8046855708795762,6.645406768933666,-5.435109716015286,-2.85104126489573,5.508887862013207,0.6411273032256761,-2.9591726943248777,-4.973739646597093,2.094223805396346,-6.892920757605487
best parameter set
fitness 4.239387735474375 seed 375
-4.436915276131781,1.5835513609329708,1.8004321477728846,-4.640751337902864,-2.9783763244559256,-5.822655615891345,2.797655320130241,2.1915915088529943,-2.1269514340430313,-3.157196299588906,2.3876209276939844,-0.47850572257689983
