seeds are [600 601 602 603 604 605 606 607 608 609]
seed 600
Initial fitness values: [np.float64(5.606235781175377), np.float64(5.419338495878392), np.float64(5.170705492100366), np.float64(5.13975132462087), np.float64(4.985554602295252), np.float64(4.965085055625337), np.float64(4.857349692585788), np.float64(4.721222910089192), np.float64(4.721222910089192), np.float64(4.661487181058625)]
Final fitness values: [np.float64(4.2631853906333745), np.float64(4.2631853906333745), np.float64(4.2623221146426165), np.float64(4.2623221146426165), np.float64(4.262311689218192), np.float64(4.2623116891240045), np.float64(4.262104025698365), np.float64(4.262093598702798), np.float64(4.262093598702798), np.float64(4.261973223543774)]
HOF ITEM
4.261973223543774
-0.9094730378682992,1.3386959950924935,0.6045714570459017,-2.294348815357335,5.712755419628959,5.249870253601186,6.05990424644985,0.3962573237996486,-7.0,-0.13824593162835602,2.8343588047087467,-4.115272131041079
HOF ITEM
4.26198344689347
-0.9094730378682992,1.3386959950924935,0.6045714570459017,-2.2621289609502915,5.712755419628959,5.249870253601186,6.05990424644985,0.3962573237996486,-7.0,-0.13824593162835602,2.8343588047087467,-4.115272131041079
HOF ITEM
4.262093567292262
-0.9094730378682992,1.3386959950924935,0.6045714570459017,-2.294348815357335,5.6928197684520185,5.249870253601186,6.05990424644985,0.44976279833744354,-7.0,-0.13824593162835602,2.8343588047087467,-4.115272131041079
HOF ITEM
4.262093598702798
-0.9094730378682992,1.3386959950924935,0.6045714570459017,-2.294348815357335,5.6928197684520185,5.249870253601186,6.05990424644985,0.3962573237996486,-7.0,-0.13824593162835602,2.8343588047087467,-4.115272131041079
HOF ITEM
4.26210399319695
-0.9094730378682992,1.3386959950924935,0.6045714570459017,-2.2621289609502915,5.6928197684520185,5.249870253601186,6.05990424644985,0.44976279833744354,-6.223578522083909,-0.13824593162835602,2.8343588047087467,-4.115272131041079
seed 601
Initial fitness values: [np.float64(6.293691621951544), np.float64(5.797173883904375), np.float64(5.281970638929067), np.float64(5.1430983259004925), np.float64(4.746932244794202), np.float64(4.746932244794202), np.float64(4.746932244794202), np.float64(4.746932244794202), np.float64(4.534027354443024), np.float64(4.599913662740548)]
Final fitness values: [np.float64(4.274779386184916), np.float64(4.257538651386377), np.float64(4.257538651386377), np.float64(4.257538651386377), np.float64(4.257536598100522), np.float64(4.257536598100522), np.float64(4.257536598100522), np.float64(4.257536598100522), np.float64(4.257536598100522), np.float64(4.257536189456884)]
HOF ITEM
4.257536189456884
-2.249221873357943,1.5269445439004081,4.374466776213994,-5.3437177632623785,-3.493515647258198,-1.0139744962766986,-4.646928311688964,0.42002545438478134,0.0,-1.118733437760108,2.8699204219945,-2.1182520175311748
HOF ITEM
4.257536189456884
-2.249221873357943,1.5269445439004081,4.374466776213994,-5.3437177632623785,-3.493515647258198,-1.0139744962766986,-4.721791698471352,0.2244813369691665,0.0,-1.118733437760108,2.8699204219945,-2.1182520175311748
HOF ITEM
4.257536598100522
-2.249221873357943,1.5269445439004081,4.374466776213994,-5.80198476024009,-3.493515647258198,-1.0139744962766986,-4.721791698471352,0.2244813369691665,0.0,-1.118733437760108,2.8699204219945,-2.1182520175311748
HOF ITEM
4.257536598100522
-2.249221873357943,1.5269445439004081,4.374466776213994,-5.80198476024009,-3.493515647258198,-1.0139744962766986,-4.646928311688964,0.2244813369691665,0.0,-1.118733437760108,2.8699204219945,-2.1182520175311748
HOF ITEM
4.257536598100522
-2.249221873357943,1.5269445439004081,4.374466776213994,-5.80198476024009,-3.493515647258198,-1.0139744962766986,-4.646928311688964,0.42002545438478134,0.0,-1.118733437760108,2.8699204219945,-2.1182520175311748
seed 602
Initial fitness values: [np.float64(5.871726871867952), np.float64(5.431491485845433), np.float64(5.088173963949075), np.float64(5.088173963949075), np.float64(5.061231284196374), np.float64(4.972084551460352), np.float64(4.972084551460352), np.float64(4.933707429757775), np.float64(4.786922737784588), np.float64(4.786922737784588)]
Final fitness values: [np.float64(4.270553913019042), np.float64(4.270553913019042), np.float64(4.270553913019042), np.float64(4.270553913019042), np.float64(4.270553913019042), np.float64(4.270553913019042), np.float64(4.270553913019042), np.float64(4.270553913019042), np.float64(4.270553913019042), np.float64(4.270553913019042)]
HOF ITEM
4.270553913019042
-1.949325268068382,1.5239434022310576,-4.496026365839685,0.1314922394069637,-2.955658799579612,-5.108262813010726,6.356318364321742,2.2154550848000962,-0.7284368603954663,-0.8313799962956216,3.0,-2.1667875785269413
HOF ITEM
4.270553913019042
-1.949325268068382,1.5239434022310576,-4.496026365839685,0.1314922394069637,-2.955658799579612,-5.108262813010726,7.0,2.1277035079912583,-1.0511068504852068,-0.8313799962956216,3.0,-2.1667875785269413
HOF ITEM
4.270553913019042
-1.949325268068382,1.5239434022310576,-4.496026365839685,0.1314922394069637,-2.955658799579612,-5.108262813010726,7.0,2.087572157060376,-1.457038187872886,-0.8313799962956216,3.0,-2.1667875785269413
HOF ITEM
4.270553913019042
-1.949325268068382,1.5239434022310576,-4.496026365839685,0.1314922394069637,-2.955658799579612,-5.108262813010726,7.0,2.087572157060376,-0.9934117432310303,-0.8313799962956216,3.0,-2.1667875785269413
HOF ITEM
4.270553913019042
-1.949325268068382,1.5239434022310576,-4.496026365839685,0.1314922394069637,-2.955658799579612,-5.108262813010726,7.0,2.087572157060376,-1.0511068504852068,-0.8313799962956216,3.0,-2.1667875785269413
seed 603
Initial fitness values: [np.float64(5.201424227305556), np.float64(5.119822008349777), np.float64(5.035107458727397), np.float64(5.020196255361241), np.float64(4.850246499005013), np.float64(4.755472876053311), np.float64(4.755472876053311), np.float64(4.737822542899846), np.float64(4.660530461445351), np.float64(4.603496545260842)]
Final fitness values: [np.float64(4.254906029973284), np.float64(4.254906029973284), np.float64(4.254906029973284), np.float64(4.254906029973284), np.float64(4.254906029973284), np.float64(4.254906029973284), np.float64(4.254906029973284), np.float64(4.254906029973284), np.float64(4.254906029973284), np.float64(4.254906029973284)]
HOF ITEM
4.254906029973284
-2.697795648525712,1.5570115669235067,-3.0021565755854267,0.8295684742563298,-0.6127627640642493,-4.0882701116934745,1.0472050822310082,2.8054553713289825,-3.2773656407235188,-1.464026398877899,2.8856418646429636,-0.9549465620013383
HOF ITEM
4.254906029973284
-2.697795648525712,1.5570115669235067,-3.0021565755854267,0.8295684742563298,-0.6127627640642493,-4.0882701116934745,1.0472050822310082,2.9028384790645654,-3.0964934006662803,-1.464026398877899,2.8856418646429636,-0.9549465620013383
HOF ITEM
4.254906029973284
-2.697795648525712,1.5570115669235067,-3.0021565755854267,0.8295684742563298,-0.6127627640642493,-4.0882701116934745,1.0472050822310082,2.9018055136158827,-3.2773656407235188,-1.464026398877899,2.8856418646429636,-0.9549465620013383
HOF ITEM
4.254906029973284
-2.697795648525712,1.5570115669235067,-3.0021565755854267,0.8295684742563298,-0.6127627640642493,-4.0882701116934745,1.1796193160641049,3.0,-3.2773656407235188,-1.464026398877899,2.8856418646429636,-0.9549465620013383
HOF ITEM
4.254906029973284
-2.697795648525712,1.5570115669235067,-3.0021565755854267,0.8295684742563298,-0.6127627640642493,-4.0882701116934745,1.0472050822310082,3.0,-3.2773656407235188,-1.464026398877899,2.8856418646429636,-0.9549465620013383
seed 604
Initial fitness values: [np.float64(5.997278969013738), np.float64(5.498364753853326), np.float64(5.463311699270664), np.float64(4.654886027058134), np.float64(4.59688869457804), np.float64(4.481478659678622), np.float64(4.37583290286619), np.float64(4.37583290286619), np.float64(4.334238677599023), np.float64(4.327275742685929)]
Final fitness values: [np.float64(4.2260916736519105), np.float64(4.2260916736519105), np.float64(4.2252512758480885), np.float64(4.2252512758480885), np.float64(4.2252512758480885), np.float64(4.2252512758480885), np.float64(4.2252512758480885), np.float64(4.2252512758480885), np.float64(4.223597775635911), np.float64(4.223597775635911)]
HOF ITEM
4.223597775635911
-4.000889902136826,1.5891171866142146,2.126601955627267,-1.9489942561338323,1.6141710292818818,5.787409006566085,-4.1936292150419705,2.0670407331442013,-4.056365383106723,-3.0185996882926527,2.5068553030724705,-4.141454584848536
HOF ITEM
4.2252512758480885
-4.000889902136826,1.5891171866142146,2.126601955627267,-1.9489942561338323,1.6141710292818818,5.787409006566085,-4.1936292150419705,2.042500307100926,-4.056365383106723,-3.0185996882926527,2.5068553030724705,-4.141454584848536
HOF ITEM
4.225254872076836
-4.000889902136826,1.5891171866142146,2.126601955627267,-1.9489942561338323,1.6141710292818818,5.787409006566085,-4.1936292150419705,2.042500307100926,-4.182771891590711,-3.0185996882926527,2.5068553030724705,-4.141454584848536
HOF ITEM
4.22525689145926
-4.000889902136826,1.5891171866142146,2.126601955627267,-1.9489942561338323,1.6141710292818818,5.787409006566085,-4.1936292150419705,2.042500307100926,-4.030860340330411,-3.0185996882926527,2.5068553030724705,-4.141454584848536
HOF ITEM
4.2260864428700735
-4.000889902136826,1.5891171866142146,2.126601955627267,-1.9489942561338323,1.6141710292818818,5.787409006566085,-4.108350531407577,2.042500307100926,-4.056365383106723,-3.0185996882926527,2.5068553030724705,-4.141454584848536
seed 605
Initial fitness values: [np.float64(5.727519156427693), np.float64(5.30566289968979), np.float64(5.269829875360091), np.float64(5.198998672732807), np.float64(5.072720984788619), np.float64(5.031815823556267), np.float64(5.011900047745424), np.float64(4.965334249994505), np.float64(4.9482103033042435), np.float64(4.847938417942433)]
Final fitness values: [np.float64(4.266424634975975), np.float64(4.266424634975975), np.float64(4.266424634975975), np.float64(4.266424634975975), np.float64(4.266424634975975), np.float64(4.266424634975975), np.float64(4.266424634975975), np.float64(4.266424634975975), np.float64(4.266424634975975), np.float64(4.266424634975975)]
HOF ITEM
4.266424634975975
-1.9123954629388347,1.4642017020504297,-1.3794920861870699,-5.2210746666624726,-4.580777482728557,0.12944549640658917,5.775971741139725,2.196440711997046,-6.146931588765998,-0.9711687083014198,2.7542622595067567,-4.2349076402740256
HOF ITEM
4.266424634975975
-1.9123954629388347,1.4642017020504297,-1.3794920861870699,-5.2210746666624726,-4.580777482728557,0.12944549640658917,5.775971741139725,2.5232098536792247,-6.119516655115605,-0.9711687083014198,2.7542622595067567,-4.2349076402740256
HOF ITEM
4.266424634975975
-1.9123954629388347,1.4642017020504297,-1.3794920861870699,-5.2210746666624726,-4.580777482728557,0.12944549640658917,5.775971741139725,2.196440711997046,-6.119516655115605,-0.9711687083014198,2.7542622595067567,-4.2349076402740256
HOF ITEM
4.2664246349759765
-1.9123954629388347,1.4642017020504297,-1.3794920861870699,-5.2210746666624726,-4.580777482728557,0.12944549640658917,5.775971741139725,1.6717264533091167,-6.461078488486714,-0.9711687083014198,2.7542622595067567,-4.2349076402740256
HOF ITEM
4.2664469790813175
-1.9123954629388347,1.4642017020504297,-1.2054252174452633,-4.790111195439271,-4.580777482728557,0.12944549640658917,5.6973018786580765,2.294927931466291,-6.119516655115605,-0.9711687083014198,2.7542622595067567,-4.2349076402740256
seed 606
Initial fitness values: [np.float64(5.443284653073345), np.float64(5.3657417986159714), np.float64(5.060483466928623), np.float64(5.020047362970586), np.float64(5.009177273426884), np.float64(4.980662089211341), np.float64(4.977051967766753), np.float64(4.953287678604911), np.float64(4.905323656065802), np.float64(4.905323656065802)]
Final fitness values: [np.float64(4.527763360151142), np.float64(4.527763360151142), np.float64(4.527763360151142), np.float64(4.527763360151142), np.float64(4.527763360151142), np.float64(4.527763360151142), np.float64(4.527763360151142), np.float64(4.527763360151142), np.float64(4.527763360151142), np.float64(4.527763360151142)]
HOF ITEM
4.527763360151142
5.64638575791923,-1.4410228218655639,-0.7889754901337858,-3.1796900259145815,-5.1159401677262695,-0.004129990153630608,2.2147688731873125,0.8839561465187632,-4.772440769674467,0.7275025543882246,2.070717423043231,-4.749717407031017
HOF ITEM
4.527764378631045
5.64638575791923,-1.4410228218655639,-0.7889754901337858,-3.1796900259145815,-5.1159401677262695,-0.004129990153630608,2.2147688731873125,0.8839561465187632,-4.789256053600571,0.7275025543882246,2.070717423043231,-4.749717407031017
HOF ITEM
4.527950536689876
5.64638575791923,-1.4410228218655639,-0.8269363225639933,-3.1796900259145815,-5.1159401677262695,-0.004129990153630608,2.2147688731873125,0.9232584739616707,-4.763817501906042,0.7275025543882246,2.070717423043231,-4.749717407031017
HOF ITEM
4.528503040919961
5.64638575791923,-1.4410228218655639,-0.7889754901337858,-3.1796900259145815,-5.1159401677262695,-0.004129990153630608,2.287772001270199,0.8703231309908316,-4.405192882497826,0.7275025543882246,2.070717423043231,-4.749717407031017
HOF ITEM
4.528863423652046
5.64638575791923,-1.4410228218655639,-0.7889754901337858,-3.1796900259145815,-5.109790528880172,-0.004129990153630608,2.2147688731873125,0.8821229630671982,-4.772440769674467,0.7275025543882246,2.070717423043231,-4.749717407031017
seed 607
Initial fitness values: [np.float64(6.292683868209664), np.float64(5.922729367198214), np.float64(5.349541810817481), np.float64(4.830045079057851), np.float64(4.581667587954082), np.float64(4.41787111278833), np.float64(4.405376427210684), np.float64(4.3372435842650505), np.float64(4.3193303076681495), np.float64(4.3096216412444734)]
Final fitness values: [np.float64(4.279942464634598), np.float64(4.279942464634598), np.float64(4.279942464634598), np.float64(4.279942464634598), np.float64(4.279942464634598), np.float64(4.279942464634598), np.float64(4.279942464634598), np.float64(4.279942464634598), np.float64(4.279942464634598), np.float64(4.276300648637938)]
HOF ITEM
4.276300648637938
-0.889464706125745,1.3151963802512594,6.747097826790324,0.017793316960228206,0.6705700223845844,4.579787115386331,6.607821699786132,2.272805883995698,-5.484109717087813,-0.0962420500250316,2.7798692413394277,-3.400846779106878
HOF ITEM
4.279942464634598
-0.889464706125745,1.303063860392292,6.747097826790324,0.017793316960228206,0.6705700223845844,4.579787115386331,6.749631986027961,2.5699620811893626,-5.264769918105654,-0.0962420500250316,2.7798692413394277,-3.400846779106878
HOF ITEM
4.279942464634598
-0.889464706125745,1.303063860392292,6.747097826790324,0.017793316960228206,0.6705700223845844,4.579787115386331,6.749631986027961,2.5188510114159084,-5.264769918105654,-0.0962420500250316,2.7798692413394277,-3.400846779106878
HOF ITEM
4.279942464634598
-0.889464706125745,1.303063860392292,6.747097826790324,0.017793316960228206,0.6705700223845844,4.579787115386331,7.0,2.5188510114159084,-5.264769918105654,-0.0962420500250316,2.7798692413394277,-3.400846779106878
HOF ITEM
4.279942464634598
-0.889464706125745,1.303063860392292,6.747097826790324,0.017793316960228206,0.6705700223845844,4.579787115386331,6.749631986027961,2.5188510114159084,-5.713471591723013,-0.0962420500250316,2.7798692413394277,-3.400846779106878
seed 608
Initial fitness values: [np.float64(5.976285283420239), np.float64(5.604366733707794), np.float64(5.231805460308062), np.float64(5.096602661472513), np.float64(4.883187950165103), np.float64(4.848341137040567), np.float64(4.7289642334490205), np.float64(4.498616088982815), np.float64(4.498616088982815), np.float64(4.498616088982815)]
Final fitness values: [np.float64(4.241057316835924), np.float64(4.241057316835924), np.float64(4.241057316835924), np.float64(4.241057316835924), np.float64(4.241057316835924), np.float64(4.241057316835924), np.float64(4.241057316835924), np.float64(4.241057316835924), np.float64(4.241057316835924), np.float64(4.241057148411502)]
HOF ITEM
4.241057148411502
-3.7804039304092685,1.5813028822051667,-3.2423804059917067,-5.43685903181763,1.571651791649391,-0.2102818036712476,2.126405864348862,0.20145406195123775,-4.016187851608394,-2.6547659566043436,2.5947941943170743,-2.6079613750349746
HOF ITEM
4.241057316835924
-3.7804039304092685,1.5813028822051667,-3.2423804059917067,-5.43685903181763,1.571651791649391,-0.2102818036712476,2.262425315862142,0.20145406195123775,-4.016187851608394,-2.6547659566043436,2.5947941943170743,-2.6079613750349746
HOF ITEM
4.241057340880378
-3.7804039304092685,1.5813028822051667,-3.2423804059917067,-5.43685903181763,1.571651791649391,-0.2102818036712476,2.262425315862142,0.24521205781295494,-4.016187851608394,-2.6547659566043436,2.5947941943170743,-2.6079613750349746
HOF ITEM
4.2410573579742445
-3.7804039304092685,1.5813028822051667,-3.2423804059917067,-5.43685903181763,1.571651791649391,-0.2102818036712476,2.262425315862142,0.2579602311869049,-4.016187851608394,-2.6547659566043436,2.5947941943170743,-2.6079613750349746
HOF ITEM
4.2410573650309225
-3.7804039304092685,1.5813028822051667,-3.2423804059917067,-5.43685903181763,1.571651791649391,-0.2102818036712476,2.3057025474618924,0.20145406195123775,-4.016187851608394,-2.6547659566043436,2.5947941943170743,-2.6079613750349746
seed 609
Initial fitness values: [np.float64(4.912018679390604), np.float64(4.824669008808744), np.float64(4.746264876211327), np.float64(4.629378692778246), np.float64(4.6068266732988725), np.float64(4.587080620879711), np.float64(4.512500046369224), np.float64(4.512500046369224), np.float64(4.508389377933511), np.float64(4.444659178577333)]
Final fitness values: [np.float64(4.368674178541058), np.float64(4.365192042182016), np.float64(4.365192042182016), np.float64(4.364942589936401), np.float64(4.364942589936401), np.float64(4.364794830053808), np.float64(4.364332777053017), np.float64(4.36323021069161), np.float64(4.36323021069161), np.float64(4.36323021069161)]
HOF ITEM
4.36323021069161
1.9055317477015465,0.27799967509782675,4.801152341671404,1.3604292496225634,-0.16372390965608793,-0.9162995206382043,0.3530662649645611,2.353217532567748,-1.1032265043867375,1.1875259842740487,3.0,-0.6217140721221983
HOF ITEM
4.364246899331032
1.9055317477015465,0.27799967509782675,4.845431986610633,1.3604292496225634,-0.16372390965608793,-0.9162995206382043,0.3530662649645611,2.501455255413562,-1.13254306805499,1.1875259842740487,3.0,-0.6217140721221983
HOF ITEM
4.364332777053017
1.9055317477015465,0.27799967509782675,4.801152341671404,1.3604292496225634,-0.16372390965608793,-0.9162995206382043,0.3530662649645611,2.353217532567748,-1.0432944631509449,1.1875259842740487,3.0,-0.6217140721221983
HOF ITEM
4.364794830053808
1.9055317477015465,0.27799967509782675,4.801152341671404,1.2872734813157265,-0.16372390965608793,-0.9034423969914013,0.3530662649645611,2.4325066635398866,-1.0432944631509449,1.1875259842740487,3.0,-0.6217140721221983
HOF ITEM
4.364844822377582
1.9055317477015465,0.27799967509782675,4.801152341671404,1.2872734813157265,-0.16372390965608793,-0.8043009692189571,0.3530662649645611,2.353217532567748,-1.2761704344809393,1.1875259842740487,3.0,-0.6392681819037832
best parameter set
fitness 4.220886187906066 seed 604
-4.0002590057125245,1.5881285942132388,2.1265776980684516,-1.9489580816075303,1.6141547172371058,5.787413369238625,-4.19367380364277,2.0670475417873293,-4.056366023424788,-3.019216096394888,2.5070122545646676,-4.141400196373682
