seeds are [210 211 212 213 214 215 216 217 218 219]
seed 210
Initial fitness values: [np.float64(5.752294258094105), np.float64(5.6528185455687066), np.float64(5.266430153130915), np.float64(5.108141284485937), np.float64(5.053304572897282), np.float64(5.000602502987951), np.float64(4.968771649063772), np.float64(4.928028865866761), np.float64(4.928025849472755), np.float64(4.928025241642238)]
Final fitness values: [np.float64(4.262695178455024), np.float64(4.262695178455024), np.float64(4.262695178455024), np.float64(4.262695178455024), np.float64(4.262695178455024), np.float64(4.262695178455024), np.float64(4.262695178455024), np.float64(4.262695178455024), np.float64(4.262695178455024), np.float64(4.262695178455024)]
HOF ITEM
4.262695178455024
-5.2821911155517896,1.5783942207049362,3.4855380055466867,3.9131853162338315,-1.0104646758363403,0.08274025511619965,1.3264335415117239,3.0,-2.4505504256090354,-4.163039934053663,2.157881136679615,-1.8240434526649683
HOF ITEM
4.262695178455024
-5.2821911155517896,1.5783942207049362,3.4855380055466867,3.9131853162338315,-1.0104646758363403,0.08274025511619965,1.3264335415117239,2.6425108258383023,-2.4505504256090354,-4.163039934053663,2.157881136679615,-1.8240434526649683
HOF ITEM
4.262695178455024
-5.2821911155517896,1.5783942207049362,3.4855380055466867,3.9131853162338315,-1.0104646758363403,0.08274025511619965,1.3837596608485152,2.789452649494934,-2.4505504256090354,-4.163039934053663,2.157881136679615,-1.8240434526649683
HOF ITEM
4.262695178455024
-5.2821911155517896,1.5783942207049362,3.4855380055466867,3.9131853162338315,-1.0104646758363403,0.08274025511619965,1.3264335415117239,3.0,-2.1955431821457294,-4.163039934053663,2.157881136679615,-1.8240434526649683
HOF ITEM
4.262695178455024
-5.2821911155517896,1.5783942207049362,3.4855380055466867,3.9131853162338315,-1.0104646758363403,0.08274025511619965,1.3837596608485152,2.6425108258383023,-2.4505504256090354,-4.163039934053663,2.157881136679615,-1.8240434526649683
seed 211
Initial fitness values: [np.float64(6.20489375109271), np.float64(5.339640633475544), np.float64(5.259802904337169), np.float64(5.116784458245588), np.float64(4.762101456712156), np.float64(4.762101456712156), np.float64(4.668920088548635), np.float64(4.668920088548635), np.float64(4.668884122569578), np.float64(4.665742602311369)]
Final fitness values: [np.float64(4.647104272317018), np.float64(4.647104272317018), np.float64(4.647104272317018), np.float64(4.647104272317018), np.float64(4.647104272317018), np.float64(4.647104272317018), np.float64(4.647104272317018), np.float64(4.647104272317018), np.float64(4.647104272317018), np.float64(4.647104272317018)]
HOF ITEM
4.647104272317018
-2.1331366032479386,1.542820288945796,-3.9464477203744543,-5.139709650325915,-4.0680818439508855,-2.2038103439945993,-3.618892046228642,2.7396530129214094,-2.89513671454772,-1.623349313469418,0.8689101586638338,-5.656750439115641
HOF ITEM
4.647189226090042
-2.1331366032479386,1.542820288945796,-3.9464477203744543,-5.139709650325915,-4.0680818439508855,-2.2038103439945993,-3.618892046228642,2.7396530129214094,-2.89513671454772,-1.623349313469418,0.8689101586638338,-5.614973417851542
HOF ITEM
4.647868551755351
-2.1331366032479386,1.545897978454182,-3.9464477203744543,-5.139709650325915,-4.0680818439508855,-2.2038103439945993,-3.618892046228642,2.7396530129214094,-2.89513671454772,-1.623349313469418,0.8689101586638338,-5.614973417851542
HOF ITEM
4.647883172849619
-2.1331366032479386,1.542820288945796,-3.9464477203744543,-5.146568171620707,-4.0680818439508855,-2.3172803028916507,-3.618892046228642,2.7396530129214094,-2.89513671454772,-1.5766465218225385,0.8689101586638338,-5.3910229224468305
HOF ITEM
4.64827785162111
-2.1331366032479386,1.542820288945796,-3.9464477203744543,-5.139709650325915,-4.0680818439508855,-2.2038103439945993,-3.6813804497034663,2.7396530129214094,-3.0145658040268266,-1.623349313469418,0.8689101586638338,-5.713515820569635
seed 212
Initial fitness values: [np.float64(4.900179491772638), np.float64(4.899779368575794), np.float64(4.727450422616997), np.float64(4.727449841056716), np.float64(4.608899812330284), np.float64(4.608899812330284), np.float64(4.460049792018863), np.float64(4.43873391079298), np.float64(4.347499443319485), np.float64(4.347499443319485)]
Final fitness values: [np.float64(4.252585959130126), np.float64(4.252577316666827), np.float64(4.252577316666827), np.float64(4.252572131478596), np.float64(4.252569930708164), np.float64(4.252569898299807), np.float64(4.252569898299807), np.float64(4.252560919906395), np.float64(4.252550457866006), np.float64(4.252550457866006)]
HOF ITEM
4.252550457866006
-1.9873903708235197,1.5073072820788556,-3.09268388340261,-4.919373128310971,0.7593709290025181,-4.923807817622856,-1.5794649561296954,2.1300080030301887,-6.095272481163213,-0.7920050329971741,2.8634927886623776,-0.5108590932515342
HOF ITEM
4.252560919906395
-1.9873903708235197,1.5073072820788556,-3.09268388340261,-4.919373128310971,0.7593709290025181,-4.923807817622856,-1.624135616570461,2.047839036117156,-5.813422292114886,-0.7920050329971741,2.8634927886623776,-0.5108590932515342
HOF ITEM
4.252569898299807
-1.9873903708235197,1.5073072820788556,-3.09268388340261,-5.007147248418675,0.7593709290025181,-4.923807817622856,-1.5794649561296954,2.1300080030301887,-6.095272481163213,-0.7920050329971741,2.8634927886623776,-0.5108590932515342
HOF ITEM
4.252569930708164
-1.9873903708235197,1.5073072820788556,-3.09268388340261,-5.007147248418675,0.7593709290025181,-4.923807817622856,-1.5794649561296954,2.1300080030301887,-5.813422292114886,-0.7920050329971741,2.8634927886623776,-0.5108590932515342
HOF ITEM
4.2525701483677025
-1.9873903708235197,1.5073072820788556,-3.09268388340261,-5.007147248418675,0.7593709290025181,-4.923807817622856,-1.5794649561296954,2.1300080030301887,-4.839023913878103,-0.7920050329971741,2.8634927886623776,-0.5108590932515342
seed 213
Initial fitness values: [np.float64(5.644736863769591), np.float64(5.488491743077981), np.float64(5.18529329147347), np.float64(5.158566926300545), np.float64(5.031608358603062), np.float64(5.031608358603062), np.float64(5.004406710651532), np.float64(4.890288197694458), np.float64(4.890288197694458), np.float64(4.839388161324081)]
Final fitness values: [np.float64(4.241353180657082), np.float64(4.24132967745711), np.float64(4.241324689189878), np.float64(4.24132253174961), np.float64(4.241321944773485), np.float64(4.241320149539038), np.float64(4.241318973433823), np.float64(4.241318973433823), np.float64(4.241318973433823), np.float64(4.241318973433823)]
HOF ITEM
4.241318973433823
-3.540963186823357,1.5911078234772602,4.248210295573564,-6.120123459568092,-4.433203328798596,-5.5920380352596,-4.742440647907654,0.20374818499698155,0.0,-2.2595928736243023,2.6935366091487336,-0.5610208687460789
HOF ITEM
4.241318973433823
-3.540963186823357,1.5911078234772602,4.248210295573564,-6.120123459568092,-4.433203328798596,-5.5920380352596,-5.475728836251071,0.3094260474626619,0.0,-2.2595928736243023,2.6935366091487336,-0.5610208687460789
HOF ITEM
4.241318973433823
-3.540963186823357,1.5911078234772602,4.248210295573564,-6.120123459568092,-4.433203328798596,-5.5920380352596,-4.742440647907654,0.3094260474626619,0.0,-2.2595928736243023,2.6935366091487336,-0.5610208687460789
HOF ITEM
4.241319158956666
-3.540963186823357,1.5911078234772602,4.4311786123734445,-5.38674866055786,-4.433203328798596,-5.5920380352596,-4.59333064199377,0.3094260474626619,0.0,-2.2595928736243023,2.6935366091487336,-0.5610208687460789
HOF ITEM
4.24132003922375
-3.540963186823357,1.5911078234772602,4.39168609191576,-5.756936770172053,-4.433203328798596,-5.5920380352596,-4.742440647907654,0.3094260474626619,0.0,-2.2595928736243023,2.6935366091487336,-0.5610208687460789
seed 214
Initial fitness values: [np.float64(5.796956475959551), np.float64(5.514376253130289), np.float64(5.3225439380322435), np.float64(5.297053915380726), np.float64(5.291079034905003), np.float64(5.251539108646155), np.float64(5.212197015747005), np.float64(5.207056888470667), np.float64(5.155398858293861), np.float64(5.0637872491597955)]
Final fitness values: [np.float64(4.298454124534935), np.float64(4.297469124281334), np.float64(4.297469124281334), np.float64(4.297469124281334), np.float64(4.297469124281334), np.float64(4.297469124281334), np.float64(4.297469124281334), np.float64(4.297469124281334), np.float64(4.297469124281334), np.float64(4.297469124281334)]
HOF ITEM
4.297469124281334
0.9138300487100658,0.6954401470210508,0.021450836271342394,-2.2390623136557726,-3.7510875991352037,-4.962392055182435,-3.5256109921081564,3.0,-1.482468037787097,0.9774954100291257,2.8399533826579644,-0.5805112378362166
HOF ITEM
4.297469124281337
0.9138300487100658,0.6954401470210508,0.021450836271342394,-2.2390623136557726,-3.7510875991352037,-4.962392055182435,-3.2024905907022014,3.0,-1.482468037787097,0.9774954100291257,2.8399533826579644,-0.5805112378362166
HOF ITEM
4.298035241346389
0.9138300487100658,0.6954401470210508,-0.18865006069486298,-2.3605856826420353,-3.7510875991352037,-4.961247181157667,-3.9383564081760447,3.0,-1.1276034257000043,0.9774954100291257,2.8399533826579644,-0.5805112378362166
HOF ITEM
4.298384937472155
0.9138300487100658,0.6954401470210508,0.3231890898144161,-1.95387619324508,-3.7510875991352037,-4.962392055182435,-3.620064854857968,3.0,-1.482468037787097,0.9774954100291257,2.8399533826579644,-0.5805112378362166
HOF ITEM
4.298454124534935
0.9362904482803457,0.6954401470210508,0.021450836271342394,-2.2390623136557726,-3.792620321748515,-4.962392055182435,-3.5256109921081564,3.0,-1.9636362373553027,0.9774954100291257,2.8085052215466684,-0.5805112378362166
seed 215
Initial fitness values: [np.float64(5.965404600926528), np.float64(5.6408551104078235), np.float64(5.28259148254565), np.float64(5.184136085790812), np.float64(4.923169650208715), np.float64(4.72355208000441), np.float64(4.72355208000441), np.float64(4.450179164515674), np.float64(4.439038205089106), np.float64(4.43504309361097)]
Final fitness values: [np.float64(4.252578878842979), np.float64(4.252578878842979), np.float64(4.252578873120905), np.float64(4.252578873120905), np.float64(4.252578867358536), np.float64(4.252578830793023), np.float64(4.252578830793023), np.float64(4.252578830793023), np.float64(4.252578830793023), np.float64(4.252578830793023)]
HOF ITEM
4.252578830793023
-4.965586652217106,1.5827850669054857,1.7681971374794225,-5.006689189723436,4.1835743315979395,-2.484145526905636,-2.8351849105194677,1.3760403373470371,-7.0,-3.6914313585992695,2.255841913800714,-0.4648582634360013
HOF ITEM
4.252578831823575
-4.965586652217106,1.5827850669054857,1.7681971374794225,-5.012623743188391,4.1835743315979395,-2.484145526905636,-2.8351849105194677,1.3760403373470371,-6.64527067206839,-3.6914313585992695,2.255841913800714,-0.4648582634360013
HOF ITEM
4.252578867358536
-4.965586652217106,1.5827850669054857,1.7681971374794225,-5.006689189723436,4.1835743315979395,-2.484145526905636,-2.8351849105194677,1.0020077582624722,-7.0,-3.6914313585992695,2.255841913800714,-0.4648582634360013
HOF ITEM
4.252578873120905
-4.965586652217106,1.5827850669054857,1.7681971374794225,-5.006689189723436,4.1835743315979395,-2.484145526905636,-2.632669522428465,1.3760403373470371,-7.0,-3.6914313585992695,2.255841913800714,-0.4648582634360013
HOF ITEM
4.252578874957736
-4.965586652217106,1.5827850669054857,1.7681971374794225,-5.006689189723436,4.1835743315979395,-2.484145526905636,-2.8351849105194677,0.9335378501309585,-7.0,-3.6914313585992695,2.255841913800714,-0.4648582634360013
seed 216
Initial fitness values: [np.float64(5.9003513411057185), np.float64(5.8853873628110325), np.float64(5.396448357407301), np.float64(5.162956818809199), np.float64(5.1332323190268205), np.float64(4.946862813544144), np.float64(4.920335921717304), np.float64(4.888870231517504), np.float64(4.816344657070815), np.float64(4.813959166877234)]
Final fitness values: [np.float64(4.417203014963912), np.float64(4.417203014963912), np.float64(4.417202627476652), np.float64(4.393697023256348), np.float64(4.3866178988736015), np.float64(4.386615694042496), np.float64(4.367668369589932), np.float64(4.365375988277599), np.float64(4.365375988277599), np.float64(4.3653755227991)]
HOF ITEM
4.3653755227991
1.7126370204967634,0.36172432052288306,5.739570495956506,-5.490354331979782,-5.7699062162406145,-6.61830783547677,0.38579947108493395,2.0254777798532886,-6.126598103564843,1.162257542492729,3.0,-0.5976637365553084
HOF ITEM
4.365375757032648
1.7126370204967634,0.36172432052288306,5.739570495956506,-5.499922122855573,-5.7699062162406145,-6.61830783547677,0.38579947108493395,2.021424285829864,-6.906729582266494,1.162257542492729,3.0,-0.5976637365553084
HOF ITEM
4.365375985739773
1.7126370204967634,0.36172432052288306,5.739570495956506,-5.490354331979782,-5.7699062162406145,-6.61830783547677,0.38579947108493395,1.9250600272407512,-6.658686513082266,1.162257542492729,3.0,-0.5976637365553084
HOF ITEM
4.365375988277599
1.7126370204967634,0.36172432052288306,5.739570495956506,-5.490354331979782,-5.7699062162406145,-6.61830783547677,0.38579947108493395,1.9250600272407512,-6.561457477681093,1.162257542492729,3.0,-0.5976637365553084
HOF ITEM
4.365382524879905
1.7126370204967634,0.36172432052288306,5.739570495956506,-5.490354331979782,-5.7699062162406145,-6.61830783547677,0.9962799744080032,1.8148549612135965,-6.561457477681093,1.162257542492729,3.0,-0.5976637365553084
seed 217
Initial fitness values: [np.float64(5.5828932157926054), np.float64(5.3846613015299285), np.float64(4.93169513961466), np.float64(4.893057101548218), np.float64(4.733871663295334), np.float64(4.592349188088548), np.float64(4.592349188088548), np.float64(4.567879257697166), np.float64(4.566260448797472), np.float64(4.4980534868652615)]
Final fitness values: [np.float64(4.310574782920243), np.float64(4.310344648091126), np.float64(4.310344648091126), np.float64(4.310344648091126), np.float64(4.310344648091126), np.float64(4.310344648091126), np.float64(4.310344648091126), np.float64(4.309430970733095), np.float64(4.309430970733095), np.float64(4.309430970733095)]
HOF ITEM
4.309430970733095
0.8007756864439802,0.7619703055709851,4.930086975827389,3.1444947591128103,-5.719415922115926,-3.338306417617855,4.676685156339117,0.0,0.0,0.8729413291493395,2.9734210745097953,-2.1650267022850933
HOF ITEM
4.309430970733095
0.8007756864439802,0.7619703055709851,4.930086975827389,3.1444947591128103,-5.719415922115926,-3.338306417617855,4.676685156339117,0.21560388922821275,0.0,0.8729413291493395,2.9734210745097953,-2.1650267022850933
HOF ITEM
4.309430970733095
0.8007756864439802,0.7619703055709851,4.930086975827389,3.1444947591128103,-5.719415922115926,-3.338306417617855,4.537036085296869,0.21560388922821275,0.0,0.8729413291493395,2.9734210745097953,-2.1650267022850933
HOF ITEM
4.309430970733095
0.8007756864439802,0.7619703055709851,4.930086975827389,3.1444947591128103,-5.719415922115926,-3.338306417617855,4.6716909467725465,0.0,0.0,0.8729413291493395,2.9734210745097953,-2.1650267022850933
HOF ITEM
4.310344648091126
0.8007756864439802,0.7619703055709851,4.930086975827389,3.1444947591128103,-5.719415922115926,-3.338306417617855,4.620356972905432,0.21560388922821275,0.0,0.8725407177700445,2.9734210745097953,-2.1650267022850933
seed 218
Initial fitness values: [np.float64(5.701388568645842), np.float64(5.111141047221013), np.float64(5.111141047221013), np.float64(5.02029332522757), np.float64(4.9970731818229375), np.float64(4.890675776869767), np.float64(4.816729188301698), np.float64(4.807419411737621), np.float64(4.774416168044315), np.float64(4.756875001612337)]
Final fitness values: [np.float64(4.495019471819334), np.float64(4.4950169967342735), np.float64(4.4950169967342735), np.float64(4.4950169967342735), np.float64(4.494589879606288), np.float64(4.494589879606288), np.float64(4.4945898682744785), np.float64(4.484402536638147), np.float64(4.484402536638147), np.float64(4.47659041311254)]
HOF ITEM
4.47659041311254
1.9064304371383365,0.2243508177351248,-3.4776338879424964,-6.034377626168669,2.329316252430093,-2.697922245725407,3.4371159236811843,1.5313256817562462,-2.1061185537157825,1.1471727846806063,2.7320696079801765,-1.043108712225274
HOF ITEM
4.483015954530738
1.9064304371383365,0.2243508177351248,-3.4776338879424964,-6.034377626168669,2.2122623580888314,-2.697922245725407,3.0212594936592674,1.887709828408847,-2.0981949067246544,1.1471727846806063,2.832093973299008,-1.043108712225274
HOF ITEM
4.484402536638147
1.9064304371383365,0.2243508177351248,-3.4776338879424964,-6.034377626168669,2.4221381840137646,-2.715223221677368,3.4371159236811843,1.5313256817562462,-2.1061185537157825,1.1471727846806063,2.7320696079801765,-1.043108712225274
HOF ITEM
4.484402577462235
1.9064304371383365,0.2243508177351248,-3.4776338879424964,-6.034377626168669,2.4221381840137646,-2.715223221677368,3.4371159236811843,1.887709828408847,-2.1061185537157825,1.1471727846806063,2.7320696079801765,-1.043108712225274
HOF ITEM
4.484432508228338
1.9064304371383365,0.2243508177351248,-3.4776338879424964,-6.417239566199231,2.4221381840137646,-2.715223221677368,3.4371159236811843,1.5313256817562462,-2.1061185537157825,1.1471727846806063,2.7320696079801765,-1.043108712225274
seed 219
Initial fitness values: [np.float64(5.495736218181367), np.float64(5.4377405060589), np.float64(4.344991321551985), np.float64(4.311206874284801), np.float64(4.311206874284801), np.float64(4.311206874284801), np.float64(4.310290126366379), np.float64(4.308791002566718), np.float64(4.308791002566718), np.float64(4.308791002566718)]
Final fitness values: [np.float64(4.25694088722525), np.float64(4.25694088722525), np.float64(4.25694088722525), np.float64(4.25694088722525), np.float64(4.25694088722525), np.float64(4.25694088722525), np.float64(4.25694088722525), np.float64(4.25694088722525), np.float64(4.25694088722525), np.float64(4.25694088722525)]
HOF ITEM
4.25694088722525
-2.3324220776728617,1.5465333077256416,-0.19781647195156027,-5.915618389944896,-0.33085134601130595,3.2946911779475543,3.1888079109865424,0.46327875463281853,-7.0,-1.2540612950429497,3.0,-3.735696057577577
HOF ITEM
4.256940887379741
-2.3324220776728617,1.5465333077256416,-0.19781647195156027,-5.915618389944896,-0.33085134601130595,3.2946911779475543,3.1888079109865424,0.46327875463281853,-6.9103815471244445,-1.2540612950429497,3.0,-3.735696057577577
HOF ITEM
4.2569408874919175
-2.3324220776728617,1.5465333077256416,-0.19781647195156027,-5.915618389944896,-0.33085134601130595,3.2946911779475543,3.1888079109865424,0.46327875463281853,-6.850000797446457,-1.2540612950429497,3.0,-3.735696057577577
HOF ITEM
4.256940888130062
-2.3324220776728617,1.5465333077256416,-0.19781647195156027,-5.915618389944896,-0.33085134601130595,3.2946911779475543,3.1888079109865424,0.46327875463281853,-6.562321991135587,-1.2540612950429497,3.0,-3.735696057577577
HOF ITEM
4.256940888984603
-2.3324220776728617,1.5465333077256416,-0.19781647195156027,-5.915618389944896,-0.33085134601130595,3.2946911779475543,3.1888079109865424,0.46327875463281853,-6.273560868485178,-1.2540612950429497,3.0,-3.735696057577577
best parameter set
fitness 4.23917998150209 seed 213
-3.539618766198682,1.5881071646472422,4.391632462248631,-5.756974864971467,-4.433195964736647,-5.5920887561510995,-4.742440647907654,0.3094260474626619,0.0,-2.2594796379365993,2.695043152671989,-0.5609964662789229
