seeds are [20 21 22 23 24 25 26 27 28 29]
seed 20
Initial fitness values: [np.float64(6.1994660442913165), np.float64(5.1102412450529435), np.float64(5.04532264446017), np.float64(4.8681796751355595), np.float64(4.815619858778126), np.float64(4.7509877882949025), np.float64(4.721477432928861), np.float64(4.672627217927873), np.float64(4.672464335636779), np.float64(4.635671784107771)]
Final fitness values: [np.float64(4.507397333660047), np.float64(4.507396950631586), np.float64(4.507396901348526), np.float64(4.507396889265191), np.float64(4.507396889265191), np.float64(4.507396889265191), np.float64(4.507396889265191), np.float64(4.507396889265191), np.float64(4.507396658133375), np.float64(4.5073965050982245)]
HOF ITEM
4.5073965050982245
3.9078163738105745,-0.9583512495516278,2.5147709068988973,-7.0,4.205893009821126,-0.6674014947859777,-3.8727648589033348,0.0,-4.464368115087799,1.27580115641817,2.4464843535367407,-0.47229018356401936
HOF ITEM
4.507396658133375
3.9078163738105745,-0.9583512495516278,2.5147709068988973,-6.902611861133823,4.205893009821126,-0.6674014947859777,-3.8727648589033348,0.0,-4.353466850864475,1.27580115641817,2.4464843535367407,-0.47229018356401936
HOF ITEM
4.507396879322213
3.9078163738105745,-0.9583512495516278,2.5147709068988973,-6.7750445618847195,4.205893009821126,-0.6674014947859777,-3.8185238470346787,0.0,-4.480173252948006,1.27580115641817,2.4464843535367407,-0.47229018356401936
HOF ITEM
4.507396889265191
3.9078163738105745,-0.9583512495516278,2.5147709068988973,-6.7750445618847195,4.205893009821126,-0.6674014947859777,-3.8727648589033348,0.0,-4.480173252948006,1.27580115641817,2.4464843535367407,-0.47229018356401936
HOF ITEM
4.507396893362724
3.9078163738105745,-0.9583512495516278,2.5147709068988973,-6.7750445618847195,4.205893009821126,-0.6674014947859777,-3.8727648589033348,0.0,-4.662647634640997,1.27580115641817,2.4464843535367407,-0.47229018356401936
seed 21
Initial fitness values: [np.float64(5.315740012002671), np.float64(5.112378061761014), np.float64(5.112378061761014), np.float64(4.945675818841399), np.float64(4.945118821266534), np.float64(4.72766234199045), np.float64(4.673150504500896), np.float64(4.550135576572908), np.float64(4.550135576572908), np.float64(4.471493430113011)]
Final fitness values: [np.float64(4.3387797157272106), np.float64(4.3387797157272106), np.float64(4.3387797157272106), np.float64(4.3387797157272106), np.float64(4.338744599281915), np.float64(4.338744599281915), np.float64(4.338744599281915), np.float64(4.29161571888601), np.float64(4.29161571888601), np.float64(4.291547269383949)]
HOF ITEM
4.291547269383949
0.6067467183554538,0.8349165743531147,3.1013788809972467,0.45836196376888233,3.4362748244527284,3.54853739491546,-3.450923787409851,2.98491954349007,-3.5958841483800583,0.8282630650452204,2.6866299066448978,-1.1759819828802933
HOF ITEM
4.29161571888601
0.6067467183554538,0.8349165743531147,3.1013788809972467,0.45836196376888233,3.4362748244527284,3.54853739491546,-3.400448160171066,2.98491954349007,-3.6780717814117896,0.8282630650452204,2.6866299066448978,-1.1759819828802933
HOF ITEM
4.29161571888601
0.6067467183554538,0.8349165743531147,3.1013788809972467,0.45836196376888233,3.4362748244527284,3.54853739491546,-3.450923787409851,2.98491954349007,-3.6780717814117896,0.8282630650452204,2.6866299066448978,-1.1759819828802933
HOF ITEM
4.29161571888601
0.6067467183554538,0.8349165743531147,3.1013788809972467,0.45836196376888233,3.4362748244527284,3.54853739491546,-3.450923787409851,3.0,-3.6780717814117896,0.8282630650452204,2.6866299066448978,-1.1759819828802933
HOF ITEM
4.29161571888601
0.6067467183554538,0.8349165743531147,3.1013788809972467,0.45836196376888233,3.4362748244527284,3.54853739491546,-3.400448160171066,3.0,-3.6780717814117896,0.8282630650452204,2.6866299066448978,-1.1759819828802933
seed 22
Initial fitness values: [np.float64(5.95260362803609), np.float64(5.718110945441854), np.float64(5.456482061785881), np.float64(5.157043920335016), np.float64(5.137977018767012), np.float64(5.133079502697676), np.float64(5.109625300668522), np.float64(5.10813745750109), np.float64(5.10621969625755), np.float64(5.104867109649116)]
Final fitness values: [np.float64(4.46550242265627), np.float64(4.46550242265627), np.float64(4.46550242265627), np.float64(4.464976347887097), np.float64(4.464976347887097), np.float64(4.464976347887097), np.float64(4.464976347887097), np.float64(4.464976347887097), np.float64(4.464976347887097), np.float64(4.464976347887097)]
HOF ITEM
4.464976347887097
5.380399533701459,-0.9924413476510262,-1.6838528129965669,6.098346545944183,5.383299033716039,-2.5174528053430083,0.0570779299864702,3.0,-1.1778295099215474,1.190198150260111,0.49591292463323966,-4.286947255255072
HOF ITEM
4.46550242265627
5.380399533701459,-0.9924413476510262,-1.6838528129965669,6.098346545944183,5.383299033716039,-2.5174528053430083,0.0570779299864702,3.0,-1.1778295099215474,1.190198150260111,0.49591292463323966,-4.212821462953412
HOF ITEM
4.465826851887204
5.354890957847154,-0.9924413476510262,-1.6838528129965669,6.098346545944183,5.383299033716039,-2.5174528053430083,0.0570779299864702,3.0,-1.1778295099215474,1.190198150260111,0.49591292463323966,-4.212821462953412
HOF ITEM
4.4666628609119545
5.380399533701459,-0.9924413476510262,-1.6838528129965669,6.098346545944183,5.383299033716039,-2.5174528053430083,0.06136164525263064,3.0,-1.1778295099215474,1.190198150260111,0.49591292463323966,-4.212821462953412
HOF ITEM
4.467287655263369
5.404853878734203,-0.9924413476510262,-1.6838528129965669,6.098346545944183,5.383299033716039,-2.5174528053430083,0.0570779299864702,3.0,-1.1778295099215474,1.190198150260111,0.49591292463323966,-4.212821462953412
seed 23
Initial fitness values: [np.float64(6.264361576206749), np.float64(5.540876469144112), np.float64(4.769963203868224), np.float64(4.7655213390108795), np.float64(4.7655213390108795), np.float64(4.7271049422544476), np.float64(4.689196984556352), np.float64(4.673060031501127), np.float64(4.643260306820832), np.float64(4.612110271567084)]
Final fitness values: [np.float64(4.512256498836431), np.float64(4.512256498836431), np.float64(4.512256498836431), np.float64(4.512256498836431), np.float64(4.512228449951409), np.float64(4.512228449951409), np.float64(4.512228449951409), np.float64(4.512228449951409), np.float64(4.5114442185579975), np.float64(4.5114442185579975)]
HOF ITEM
4.5114442185579975
7.0,-1.6919112752571883,4.559128764506439,3.595200200602128,2.8844603268607574,1.2705405975056119,2.086685951600148,0.9820563281962014,-5.159345726399506,1.2701376519474568,2.279679570788796,-0.581110913589428
HOF ITEM
4.512228449951409
7.0,-1.6919112752571883,4.559128764506439,3.2910975600776804,2.8844603268607574,1.2705405975056119,2.0507335890995417,1.1412885789011114,-5.148506026863208,1.2701376519474568,2.279679570788796,-0.5683104288211908
HOF ITEM
4.512229747157775
7.0,-1.6919112752571883,4.559128764506439,3.2910975600776804,2.8844603268607574,1.2705405975056119,2.0507335890995417,1.1412885789011114,-5.123038062664573,1.2701376519474568,2.279679570788796,-0.5683104288211908
HOF ITEM
4.512246098281684
7.0,-1.6919112752571883,4.559128764506439,3.2910975600776804,2.8844603268607574,1.2705405975056119,2.0507335890995417,1.147463147791636,-5.348995219977522,1.2701376519474568,2.279679570788796,-0.5683104288211908
HOF ITEM
4.512255205694058
7.0,-1.6919112752571883,4.559128764506439,3.2910975600776804,2.8844603268607574,1.2705405975056119,2.0507335890995417,1.147463147791636,-5.148506026863208,1.2701376519474568,2.279679570788796,-0.5683104288211908
seed 24
Initial fitness values: [np.float64(6.121148782692459), np.float64(6.021920583299704), np.float64(5.777852236311459), np.float64(5.040146991805926), np.float64(5.038648898013826), np.float64(5.03577276633999), np.float64(4.956075784329931), np.float64(4.723326662481978), np.float64(4.723325927552022), np.float64(4.722389407958808)]
Final fitness values: [np.float64(4.253994145142049), np.float64(4.253960612400018), np.float64(4.253948580933356), np.float64(4.253948580933356), np.float64(4.2539410247003495), np.float64(4.2539410247003495), np.float64(4.253928869960736), np.float64(4.253926319986021), np.float64(4.253913513820424), np.float64(4.253913513820424)]
HOF ITEM
4.253913513820424
-1.7391479127691563,1.4675693089628437,6.218217764001609,0.3179038076923618,-2.1002440950126338,-4.871283373844715,-2.265795710965776,2.738454733464941,-1.3748583293502632,-0.5788851664807741,2.8126146393502283,-0.47440670611046043
HOF ITEM
4.253916730551376
-1.7391479127691563,1.4675693089628437,6.046233770222119,-0.28918665086548934,-2.1002440950126338,-4.871283373844715,-2.4338355765969504,2.738454733464941,-1.3748583293502632,-0.5788851664807741,2.8126146393502283,-0.47440670611046043
HOF ITEM
4.253925814343723
-1.7391479127691563,1.4675693089628437,6.03506913753442,-0.28918665086548934,-2.1002440950126338,-4.871283373844715,-2.4338355765969504,2.738454733464941,-1.2215481789165412,-0.5788851664807741,2.8126146393502283,-0.47440670611046043
HOF ITEM
4.253926319986021
-1.7391479127691563,1.4675693089628437,6.046233770222119,-0.28918665086548934,-2.1002440950126338,-4.871283373844715,-2.4338355765969504,2.738454733464941,-1.2215481789165412,-0.5788851664807741,2.8126146393502283,-0.47440670611046043
HOF ITEM
4.253928869960736
-1.7391479127691563,1.4675693089628437,5.74021204945272,-0.26171317411959905,-2.1002440950126338,-4.871283373844715,-2.265795710965776,2.738454733464941,-1.3748583293502632,-0.5788851664807741,2.8126146393502283,-0.47440670611046043
seed 25
Initial fitness values: [np.float64(6.100710305386869), np.float64(6.100710305386869), np.float64(5.577687841064112), np.float64(5.1926556066030205), np.float64(4.951888330207329), np.float64(4.943963964221391), np.float64(4.8177405740710775), np.float64(4.785522486873699), np.float64(4.716309052045174), np.float64(4.712298698261365)]
Final fitness values: [np.float64(4.565978446310677), np.float64(4.565978446310677), np.float64(4.565978446310677), np.float64(4.565978446310677), np.float64(4.565978446310677), np.float64(4.565978446310677), np.float64(4.565978446310677), np.float64(4.565978446310677), np.float64(4.565978446310677), np.float64(4.565978446310677)]
HOF ITEM
4.565978446310677
5.708799927020421,-1.4599200078625583,-3.033420486476193,6.465303710573192,1.3475386705090688,-1.1756197172486615,2.1897153235006503,1.002310978180728,-6.055004388216668,0.2415526930256648,1.808748006984968,-6.86017502033574
HOF ITEM
4.566090948181772
5.708799927020421,-1.4599200078625583,-3.033420486476193,6.465303710573192,1.3475386705090688,-1.1756197172486615,2.1897153235006503,1.002310978180728,-6.427156487443021,0.2415526930256648,1.808748006984968,-6.86017502033574
HOF ITEM
4.566556854490161
5.708799927020421,-1.4599200078625583,-3.033420486476193,6.465303710573192,1.3475386705090688,-1.1756197172486615,2.1897153235006503,1.00120603369401,-6.427156487443021,0.2415526930256648,1.808748006984968,-6.86017502033574
HOF ITEM
4.566997884092916
5.495568470965982,-1.404356991494052,-3.033420486476193,6.465303710573192,1.3475386705090688,-1.1756197172486615,2.1897153235006503,1.00120603369401,-6.427156487443021,0.2415526930256648,1.808748006984968,-6.86017502033574
HOF ITEM
4.567023625803621
5.495568470965982,-1.404356991494052,-3.033420486476193,6.465303710573192,1.3475386705090688,-1.1756197172486615,2.1897153235006503,1.00120603369401,-6.143635990697744,0.2415526930256648,1.808748006984968,-6.86017502033574
seed 26
Initial fitness values: [np.float64(6.308442670179824), np.float64(5.92216845963663), np.float64(5.092709265734291), np.float64(4.8033413841902926), np.float64(4.8033413841902926), np.float64(4.706681567233042), np.float64(4.587351218262965), np.float64(4.587351218262965), np.float64(4.579346360787106), np.float64(4.551674027330446)]
Final fitness values: [np.float64(4.5095955883522745), np.float64(4.5095955883522745), np.float64(4.5095955883522745), np.float64(4.5095200837047145), np.float64(4.5095200837047145), np.float64(4.5095200837047145), np.float64(4.507085739599604), np.float64(4.507085739599604), np.float64(4.507085739599604), np.float64(4.507085739599604)]
HOF ITEM
4.507085739599604
3.083096026957261,-0.6585971839443205,4.166990601865198,4.630357982126971,1.3575726132232389,-1.6787500463110088,-5.87992010839447,0.03729801466639123,0.0,1.2526269783450703,2.5028198630028475,-0.4983175328564088
HOF ITEM
4.507085739599604
3.083096026957261,-0.6585971839443205,4.166990601865198,4.630357982126971,1.3575726132232389,-1.6787500463110088,-5.87992010839447,0.0,0.0,1.2526269783450703,2.5028198630028475,-0.4983175328564088
HOF ITEM
4.507085739599604
3.083096026957261,-0.6585971839443205,4.166990601865198,4.630357982126971,1.3575726132232389,-1.6787500463110088,-6.1204140751745255,0.0,0.0,1.2526269783450703,2.5028198630028475,-0.4983175328564088
HOF ITEM
4.507085739599604
3.083096026957261,-0.6585971839443205,4.166990601865198,4.630357982126971,1.3575726132232389,-1.6787500463110088,-6.1204140751745255,0.03729801466639123,0.0,1.2526269783450703,2.5028198630028475,-0.4983175328564088
HOF ITEM
4.5095200837047145
3.083096026957261,-0.6585971839443205,4.166990601865198,4.669858689170546,1.3575726132232389,-1.6787500463110088,-6.2591279726137765,0.0,0.0,1.2526269783450703,2.5205251686587835,-0.4983175328564088
seed 27
Initial fitness values: [np.float64(5.486743594897122), np.float64(5.069447996910417), np.float64(5.069447996910417), np.float64(5.060873284428379), np.float64(4.943328915013263), np.float64(4.747490227232349), np.float64(4.747490227232349), np.float64(4.747490227232349), np.float64(4.710821837818959), np.float64(4.703962159391533)]
Final fitness values: [np.float64(4.251461157410618), np.float64(4.250798594735812), np.float64(4.250798594735812), np.float64(4.247255587388822), np.float64(4.247000847804842), np.float64(4.244849466410562), np.float64(4.244849466410562), np.float64(4.244741722574375), np.float64(4.243633682061792), np.float64(4.243520642225736)]
HOF ITEM
4.243520642225736
-0.7931559493145076,1.3141126025908538,-0.17736539216344752,-1.0217351190613841,0.635697462247456,-2.1081906162498942,-1.642226619306365,2.787904980827947,-1.4878336560702523,0.13963150674656447,2.706149678811407,-0.54297443340303
HOF ITEM
4.243633682061792
-0.7931559493145076,1.3141126025908538,-0.17736539216344752,-1.0217351190613841,0.635697462247456,-2.1081906162498942,-1.642226619306365,2.777124212802973,-1.4878336560702523,0.13963150674656447,2.706149678811407,-0.54297443340303
HOF ITEM
4.244741722574375
-0.7931559493145076,1.307491927394446,-0.17736539216344752,-1.0217351190613841,0.635697462247456,-2.1081906162498942,-1.642226619306365,2.787904980827947,-1.4878336560702523,0.13963150674656447,2.706149678811407,-0.54297443340303
HOF ITEM
4.244849466410562
-0.7931559493145076,1.307491927394446,-0.17736539216344752,-1.0217351190613841,0.635697462247456,-2.1081906162498942,-1.642226619306365,2.777124212802973,-1.4878336560702523,0.13963150674656447,2.706149678811407,-0.54297443340303
HOF ITEM
4.245544065688145
-0.7931559493145076,1.307491927394446,-0.17736539216344752,-0.9952040509099008,0.635697462247456,-2.1081906162498942,-1.642226619306365,2.787904980827947,-1.4878336560702523,0.13963150674656447,2.706149678811407,-0.54297443340303
seed 28
Initial fitness values: [np.float64(5.6314612771697), np.float64(5.091014756330788), np.float64(5.091014756330788), np.float64(5.073536782222337), np.float64(5.073536782222337), np.float64(5.052962205432653), np.float64(5.052962205432653), np.float64(5.052962205432653), np.float64(5.05293519119129), np.float64(5.048313297542598)]
Final fitness values: [np.float64(4.505684676383759), np.float64(4.505684676383759), np.float64(4.505684676383759), np.float64(4.505666553291389), np.float64(4.505666553291389), np.float64(4.505666553291389), np.float64(4.505666553291389), np.float64(4.505666553291389), np.float64(4.505666553291389), np.float64(4.505666553291389)]
HOF ITEM
4.505666553291389
5.922980841231863,-1.4847163751357813,0.7005063029839195,-5.291356176230837,-6.676476736934944,-1.8387038109756313,-3.348442883954362,1.8553480766689718,0.0,0.9468386042793011,2.414078919083167,-4.313320229976064
HOF ITEM
4.505666553291389
5.922980841231863,-1.4847163751357813,0.7005063029839195,-5.291356176230837,-6.676476736934944,-1.8387038109756313,-3.348442883954362,1.7490382515270548,0.0,0.9468386042793011,2.414078919083167,-4.313320229976064
HOF ITEM
4.505666553291389
5.922980841231863,-1.4847163751357813,0.7005063029839195,-5.291356176230837,-6.676476736934944,-1.8387038109756313,-2.8114650765913836,1.7490382515270548,0.0,0.9468386042793011,2.414078919083167,-4.313320229976064
HOF ITEM
4.505666553291389
5.922980841231863,-1.4847163751357813,0.7005063029839195,-5.291356176230837,-6.676476736934944,-1.8387038109756313,-2.8114650765913836,1.8553480766689718,0.0,0.9468386042793011,2.414078919083167,-4.313320229976064
HOF ITEM
4.505670429109059
5.922980841231863,-1.4847163751357813,0.6838326210513196,-5.307825830375678,-6.676476736934944,-1.8387038109756313,-2.694777516495474,1.7490382515270548,0.0,0.9468386042793011,2.414078919083167,-4.313320229976064
seed 29
Initial fitness values: [np.float64(5.96856657145546), np.float64(5.644945015234121), np.float64(5.250131405195544), np.float64(5.086812599884892), np.float64(5.086812599884892), np.float64(5.084006416072495), np.float64(5.055629272314324), np.float64(5.055629272314324), np.float64(5.054600633291985), np.float64(5.03630115873867)]
Final fitness values: [np.float64(4.522856285782227), np.float64(4.522856285782227), np.float64(4.522626662453357), np.float64(4.522626662453357), np.float64(4.522626662453357), np.float64(4.522626662453357), np.float64(4.522626662453357), np.float64(4.522626662453357), np.float64(4.522626662453357), np.float64(4.522626662453357)]
HOF ITEM
4.522626662453357
3.301178418049567,-0.7667446074233546,-4.567702495486755,-2.9413103251647144,0.9259533220727383,-4.902694857816342,4.641553413582993,2.3966768586251193,-4.900522175001657,1.2191868808811008,2.2830961024405387,-0.6972970431073838
HOF ITEM
4.522626662453357
3.301178418049567,-0.7667446074233546,-4.567702495486755,-2.9413103251647144,0.9259533220727383,-4.902694857816342,4.641553413582993,2.6166800494986657,-5.289317548499363,1.2191868808811008,2.2830961024405387,-0.6972970431073838
HOF ITEM
4.522626662453357
3.301178418049567,-0.7667446074233546,-4.567702495486755,-2.9413103251647144,0.9259533220727383,-4.902694857816342,4.641553413582993,2.6166800494986657,-5.354467471854537,1.2191868808811008,2.2830961024405387,-0.6972970431073838
HOF ITEM
4.522626662453357
3.301178418049567,-0.7667446074233546,-4.567702495486755,-2.9413103251647144,0.9259533220727383,-4.902694857816342,4.995134056062098,2.6166800494986657,-5.354467471854537,1.2191868808811008,2.2830961024405387,-0.6972970431073838
HOF ITEM
4.522626662453357
3.301178418049567,-0.7667446074233546,-4.567702495486755,-2.9413103251647144,0.9259533220727383,-4.902694857816342,4.641553413582993,2.584668863946677,-5.289317548499363,1.2191868808811008,2.2830961024405387,-0.6972970431073838
best parameter set
fitness 4.2334996277286026 seed 27
-0.7947395883629509,1.3187531566631965,-0.17877631862335597,-1.019774740631368,0.6338972120630699,-2.106495012943949,-1.641947148402232,2.777593315393079,-1.4882512149010194,0.14025746348878784,2.7164141550113827,-0.547197773874985
