seeds are [750 751 752 753 754 755 756 757 758 759]
seed 750
Initial fitness values: [np.float64(3.659459631874989), np.float64(3.2176765536045053), np.float64(3.1681761770688004), np.float64(2.709200252494992), np.float64(2.709200252494992), np.float64(2.7091790280511505), np.float64(2.604903815759738), np.float64(2.604903815759738), np.float64(2.5875124637368554), np.float64(2.5802787132185783)]
Final fitness values: [np.float64(2.3917947337053302), np.float64(2.3917946610679577), np.float64(2.3917946610679577), np.float64(2.3917909029377444), np.float64(2.3917908796536054), np.float64(2.3917908796536054), np.float64(2.3917908167085766), np.float64(2.3917908167085766), np.float64(2.391790813922266), np.float64(2.3917908135507258)]
HOF ITEM
2.3917908135507258
-7.0,1.5652091419286958,6.858045823569122,-4.285410808454894,-2.755314004250491,0.3005004170542747,-3.7966905548766126,0.5196630747081792,-3.97424752450923,-6.1107513655271335,1.7938461256153606,-2.7529567060359574
HOF ITEM
2.391790813922266
-7.0,1.5652091419286958,6.858045823569122,-4.285410808454894,-2.755314004250491,0.3005004170542747,-3.7966905548766126,0.5196630747081792,-4.118465397066479,-6.1107513655271335,1.7938461256153606,-2.7529567060359574
HOF ITEM
2.3917908167085766
-7.0,1.5652091419286958,6.858045823569122,-4.285410808454894,-2.755314004250491,0.3005004170542747,-3.807645912729572,0.5196630747081792,-4.118465397066479,-6.1107513655271335,1.7938461256153606,-2.7529567060359574
HOF ITEM
2.3917908623186355
-7.0,1.5652091419286958,6.858045823569122,-4.285410808454894,-2.755314004250491,0.3005004170542747,-3.60587404742639,0.44116466063825793,-3.703381185961009,-6.1107513655271335,1.7938461256153606,-2.7529567060359574
HOF ITEM
2.3917908796536054
-7.0,1.5652091419286958,6.858045823569122,-4.285410808454894,-2.755314004250491,0.3005004170542747,-3.7966905548766126,0.44116466063825793,-3.97424752450923,-6.1107513655271335,1.7938461256153606,-2.7529567060359574
seed 751
Initial fitness values: [np.float64(3.1979817416385288), np.float64(3.1979817416385288), np.float64(3.105188479663459), np.float64(2.860972280430743), np.float64(2.8482115957451115), np.float64(2.8482115957451115), np.float64(2.831120358160567), np.float64(2.8205691605931777), np.float64(2.8205691605931777), np.float64(2.8131584115426946)]
Final fitness values: [np.float64(2.5585729314930026), np.float64(2.5585729314930026), np.float64(2.5585729314930026), np.float64(2.55853846257948), np.float64(2.55853846257948), np.float64(2.55853846257948), np.float64(2.55853846257948), np.float64(2.55853846257948), np.float64(2.55853846257948), np.float64(2.55853846257948)]
HOF ITEM
2.55853846257948
3.943029902970071,-0.9997057630763497,2.8854350200855303,-0.8538820890943671,-2.7176956748387324,-1.5392974677317999,4.486517813984224,3.0,-1.0758934679434822,1.1601953252331814,2.184825184145351,-1.2758701641880974
HOF ITEM
2.55853846257948
3.943029902970071,-0.9997057630763497,2.8854350200855303,-0.8538820890943671,-2.7176956748387324,-1.5392974677317999,4.486517813984224,3.0,-0.9597864710846378,1.1601953252331814,2.184825184145351,-1.2758701641880974
HOF ITEM
2.55853846257948
3.943029902970071,-0.9997057630763497,2.8854350200855303,-0.8538820890943671,-2.7176956748387324,-1.5392974677317999,4.425965882030181,2.8931730330032592,-0.9597864710846378,1.1601953252331814,2.184825184145351,-1.2758701641880974
HOF ITEM
2.55853846257948
3.943029902970071,-0.9997057630763497,2.8854350200855303,-0.8538820890943671,-2.7176956748387324,-1.5392974677317999,4.425965882030181,3.0,-0.977273321838544,1.1601953252331814,2.184825184145351,-1.2758701641880974
HOF ITEM
2.55853846257948
3.943029902970071,-0.9997057630763497,2.8854350200855303,-0.8538820890943671,-2.7176956748387324,-1.5392974677317999,4.25388041868095,2.8614471735450477,-0.977273321838544,1.1601953252331814,2.184825184145351,-1.2758701641880974
seed 752
Initial fitness values: [np.float64(3.1572214229807933), np.float64(3.004555799212001), np.float64(2.8404004258516764), np.float64(2.76343885214758), np.float64(2.7292894374925405), np.float64(2.721965851580314), np.float64(2.716135828391205), np.float64(2.66357660121181), np.float64(2.6590541722748613), np.float64(2.6590541722748613)]
Final fitness values: [np.float64(2.5486914891518584), np.float64(2.5486914891518584), np.float64(2.5486914891518584), np.float64(2.548685118110397), np.float64(2.548669442221617), np.float64(2.548669442221617), np.float64(2.5485690216348935), np.float64(2.5484789570935993), np.float64(2.5484789570935993), np.float64(2.5484736821711067)]
HOF ITEM
2.5484736821711067
4.394055156092739,-1.1188421634268635,-4.972301337468036,-6.4316077697812135,3.460701808998974,-2.2145948108855857,-2.122980385934994,0.13130851738670324,-5.4962937966503675,1.122888816559451,2.5057799273321857,-2.3599207681135765
HOF ITEM
2.5484789570935993
4.394055156092739,-1.1188421634268635,-4.972301337468036,-6.375660220194967,3.460701808998974,-2.2145948108855857,-1.9321883264238164,0.39354639089108917,-5.40411239527031,1.122888816559451,2.5057799273321857,-2.3599207681135765
HOF ITEM
2.5484824895671148
4.394055156092739,-1.1188421634268635,-4.972301337468036,-6.375660220194967,3.460701808998974,-2.2145948108855857,-2.128119985454372,0.39354639089108917,-5.40411239527031,1.122888816559451,2.5057799273321857,-2.3599207681135765
HOF ITEM
2.5485217103565816
4.394055156092739,-1.1188421634268635,-4.972301337468036,-6.553948664565868,3.1408445113442567,-2.2145948108855857,-2.128119985454372,0.9722802211542347,-5.4507856695192265,1.122888816559451,2.5057799273321857,-2.3599207681135765
HOF ITEM
2.548523778255852
4.394055156092739,-1.1188421634268635,-4.972301337468036,-6.553948664565868,3.1408445113442567,-2.2145948108855857,-1.8439132872476645,0.39354639089108917,-5.4507856695192265,1.122888816559451,2.5057799273321857,-2.3599207681135765
seed 753
Initial fitness values: [np.float64(3.0292915304768626), np.float64(3.0292232966892687), np.float64(2.878769366259893), np.float64(2.7564441776117388), np.float64(2.7346750609414747), np.float64(2.7330818389124416), np.float64(2.714833223231724), np.float64(2.7095898769887654), np.float64(2.691698954933287), np.float64(2.6303623560897837)]
Final fitness values: [np.float64(2.5630023871208363), np.float64(2.5630023871208363), np.float64(2.5630023871208363), np.float64(2.5630023871208363), np.float64(2.5630023871208363), np.float64(2.5630023871208363), np.float64(2.5630023871208363), np.float64(2.5630023871208363), np.float64(2.5630023871208363), np.float64(2.56298401299231)]
HOF ITEM
2.56298401299231
4.2638443974105105,-1.0970973897250818,-3.6918150563229526,-1.3339120879457385,-6.694248232120042,-6.040920385412455,6.913621630073973,0.49844235364822087,-3.265210555009092,0.9799349474302579,2.09840882159672,-2.7108582271133073
HOF ITEM
2.5630023871208363
4.2638443974105105,-1.0970973897250818,-3.6918150563229526,-1.3339120879457385,-6.694248232120042,-6.040920385412455,6.913621630073973,0.6851669456655707,-2.9149370880508494,0.9799349474302579,2.09840882159672,-2.7108582271133073
HOF ITEM
2.5630030411505804
4.2638443974105105,-1.0970973897250818,-3.6918150563229526,-1.3339120879457385,-6.694248232120042,-6.040920385412455,6.9888916234588985,0.6851669456655707,-2.9780488753732235,0.9799349474302579,2.09840882159672,-2.7108582271133073
HOF ITEM
2.5630030557018046
4.2638443974105105,-1.0970973897250818,-3.6918150563229526,-1.3339120879457385,-6.694248232120042,-6.040920385412455,6.9888916234588985,0.6851669456655707,-2.9149370880508494,0.9799349474302579,2.09840882159672,-2.7108582271133073
HOF ITEM
2.5630045381376214
4.2638443974105105,-1.0970973897250818,-3.6918150563229526,-1.3339120879457385,-6.694248232120042,-6.040920385412455,6.913621630073973,0.7455762266554239,-2.9780488753732235,0.9799349474302579,2.09840882159672,-2.7108582271133073
seed 754
Initial fitness values: [np.float64(2.8678048196396757), np.float64(2.7326264022124205), np.float64(2.710124423491223), np.float64(2.6412698587625725), np.float64(2.612945743005132), np.float64(2.501117280275471), np.float64(2.501117280275471), np.float64(2.4276731076625633), np.float64(2.4276731076625633), np.float64(2.4135198398300135)]
Final fitness values: [np.float64(2.3719921429431157), np.float64(2.371992141344756), np.float64(2.371992141344756), np.float64(2.371992141344756), np.float64(2.371992141344756), np.float64(2.371992141344756), np.float64(2.371992141344756), np.float64(2.371992141344756), np.float64(2.371992141344756), np.float64(2.371992141344756)]
HOF ITEM
2.371992141344756
-0.9842716250769818,1.3529021685103828,-4.728769446731841,2.7109782416059462,-0.3420243092711121,-3.481442256237391,4.456312194278137,2.274626500076473,-7.0,-0.1734545912524215,2.8428939292824946,-3.822095862856781
HOF ITEM
2.371992141344756
-0.9842716250769818,1.3529021685103828,-4.728769446731841,2.7109782416059462,-0.3420243092711121,-3.481442256237391,4.378308501493281,2.2229845616832766,-6.995426384152411,-0.1734545912524215,2.8428939292824946,-3.822095862856781
HOF ITEM
2.371992141344756
-0.9842716250769818,1.3529021685103828,-4.728769446731841,2.7109782416059462,-0.3420243092711121,-3.481442256237391,4.456312194278137,2.2229845616832766,-6.995426384152411,-0.1734545912524215,2.8428939292824946,-3.822095862856781
HOF ITEM
2.371992141344756
-0.9842716250769818,1.3529021685103828,-4.728769446731841,2.7109782416059462,-0.3420243092711121,-3.481442256237391,4.456312194278137,2.2229845616832766,-7.0,-0.1734545912524215,2.8428939292824946,-3.822095862856781
HOF ITEM
2.371992141344756
-0.9842716250769818,1.3529021685103828,-4.728769446731841,2.7109782416059462,-0.3420243092711121,-3.481442256237391,4.378308501493281,2.2229845616832766,-7.0,-0.1734545912524215,2.8428939292824946,-3.822095862856781
seed 755
Initial fitness values: [np.float64(3.226275322059822), np.float64(2.906697606363715), np.float64(2.8281229769846665), np.float64(2.7410328492229414), np.float64(2.725933335436296), np.float64(2.725933335436296), np.float64(2.7117027765641692), np.float64(2.698210916025051), np.float64(2.5473539207638476), np.float64(2.526566696997026)]
Final fitness values: [np.float64(2.3925923956305932), np.float64(2.3925923956305932), np.float64(2.392582864148166), np.float64(2.392582864148166), np.float64(2.3925811887245456), np.float64(2.3925811887245456), np.float64(2.3925811887245456), np.float64(2.3925811887245456), np.float64(2.3925811887245456), np.float64(2.3925811887245456)]
HOF ITEM
2.3925811887245456
-7.0,1.5712105847350057,-2.275961193409303,3.549643119671491,-1.549633709788626,-0.15956792591360547,-2.804169845537813,0.8223164702011951,-1.803224941967201,-6.784146517919633,1.7930945583895845,-6.830237432124805
HOF ITEM
2.392582864148166
-7.0,1.5712105847350057,-2.275961193409303,3.549643119671491,-1.549633709788626,-0.15956792591360547,-2.804169845537813,0.8223164702011951,-1.9038489534203045,-6.784146517919633,1.7930945583895845,-6.830237432124805
HOF ITEM
2.3925834102347605
-7.0,1.5712105847350057,-2.275961193409303,3.549643119671491,-1.549633709788626,-0.15956792591360547,-2.804169845537813,0.8223164702011951,-1.9389679338217913,-6.784146517919633,1.7930945583895845,-6.830237432124805
HOF ITEM
2.39258995731926
-7.0,1.5712105847350057,-2.275961193409303,3.549643119671491,-1.549633709788626,-0.15956792591360547,-2.8444393032386395,0.8223164702011951,-1.803224941967201,-6.784146517919633,1.7930945583895845,-6.830237432124805
HOF ITEM
2.3925917962568835
-7.0,1.5712105847350057,-2.275961193409303,3.549643119671491,-1.549633709788626,-0.15956792591360547,-2.8444393032386395,0.8223164702011951,-1.9038489534203045,-6.784146517919633,1.7930945583895845,-6.830237432124805
seed 756
Initial fitness values: [np.float64(2.9874066745708476), np.float64(2.9874066745708476), np.float64(2.905462684066858), np.float64(2.836987402671019), np.float64(2.836987402671019), np.float64(2.833106060977574), np.float64(2.83082184377591), np.float64(2.801648291360726), np.float64(2.79919382352708), np.float64(2.7955350853538334)]
Final fitness values: [np.float64(2.5733908940218546), np.float64(2.5643456880880393), np.float64(2.562478078836146), np.float64(2.5555094693961875), np.float64(2.5512025400326994), np.float64(2.5467091668176183), np.float64(2.546563046746309), np.float64(2.544443206144517), np.float64(2.5441708488086707), np.float64(2.541768060056043)]
HOF ITEM
2.541768060056043
4.659923087880958,-1.1710849992997352,6.356492656101595,-1.2942140787791083,7.0,-0.08713167953036152,-1.510453212889516,2.5754115618073525,-0.832233981544108,1.3006857310109163,2.6277739608385544,-0.45267831003480924
HOF ITEM
2.541811158237315
4.378189424027503,-1.0925027085944328,6.260196860869351,-1.1233691634708831,7.0,-0.3911988242600669,-1.5382755574967075,2.2378473690020666,-0.6735147618801254,1.3006857310109163,2.657833393079638,-0.45267831003480924
HOF ITEM
2.5441708488086707
4.378189424027503,-1.0925027085944328,6.354322515852685,-1.1233691634708831,7.0,-0.3911988242600669,-1.5382755574967075,2.2378473690020666,-0.8801485237988754,1.3006857310109163,2.670647343904307,-0.45267831003480924
HOF ITEM
2.54444284843047
4.6332283026860095,-1.1710849992997352,6.344483775412757,-1.2942140787791083,6.947048158080003,-0.38519338183182117,-1.5382755574967075,2.30204415902898,-0.5457338581161829,1.3006857310109163,2.620469003905758,-0.45267831003480924
HOF ITEM
2.544443206144517
4.6332283026860095,-1.1710849992997352,6.344483775412757,-0.9814298127454546,6.947048158080003,-0.38519338183182117,-1.5382755574967075,2.30204415902898,-0.5457338581161829,1.3006857310109163,2.620469003905758,-0.45267831003480924
seed 757
Initial fitness values: [np.float64(3.4142213400468826), np.float64(3.2297747960777587), np.float64(3.1134855587996633), np.float64(3.1134855587996633), np.float64(3.0506626364580955), np.float64(3.0475141107474886), np.float64(3.000972415824194), np.float64(2.9224618472376775), np.float64(2.8624886265787897), np.float64(2.8624886265787897)]
Final fitness values: [np.float64(2.635102107122268), np.float64(2.635102107122268), np.float64(2.635102107122268), np.float64(2.635102107122268), np.float64(2.635102107122268), np.float64(2.635102107122268), np.float64(2.635102107122268), np.float64(2.635102107122268), np.float64(2.635102107122268), np.float64(2.635102107122268)]
HOF ITEM
2.635102107122268
-0.8640960740786687,1.5594400643434636,2.660147974096967,4.488599287924386,3.2052461893925455,0.06484076179130624,-1.1587083866184416,3.0,-4.2894838380542835,0.44672933587491137,0.5057122831607646,-3.6181635338475413
HOF ITEM
2.6351024840759822
-0.8640960740786687,1.5594400643434636,2.660147974096967,4.488599287924386,3.2052461893925455,0.06484076179130624,-1.1587083866184416,3.0,-4.343971450463639,0.44672933587491137,0.5057122831607646,-3.6181635338475413
HOF ITEM
2.635160093264608
-0.8640960740786687,1.5594400643434636,2.660147974096967,4.488599287924386,3.210247122343962,0.06484076179130624,-1.1587083866184416,3.0,-4.699148739280166,0.44672933587491137,0.5057122831607646,-3.6181635338475413
HOF ITEM
2.6352796637799343
-0.8640960740786687,1.5594400643434636,2.660147974096967,4.488599287924386,3.2052461893925455,0.06484076179130624,-1.1587083866184416,3.0,-4.092608576294273,0.44672933587491137,0.5057122831607646,-3.557745425987214
HOF ITEM
2.635328869769056
-0.8640960740786687,1.5594400643434636,2.660147974096967,4.488599287924386,3.2052461893925455,0.06484076179130624,-1.1587083866184416,3.0,-4.205669804452574,0.44672933587491137,0.5057122831607646,-3.6181635338475413
seed 758
Initial fitness values: [np.float64(3.1092475816085274), np.float64(2.8175131405643774), np.float64(2.7040445264600503), np.float64(2.6603047311168697), np.float64(2.606566387474536), np.float64(2.574665415974464), np.float64(2.5501344735248965), np.float64(2.527323812754665), np.float64(2.5195827515919533), np.float64(2.5084764651264297)]
Final fitness values: [np.float64(2.4357598586589795), np.float64(2.4357598586589795), np.float64(2.4357598586589795), np.float64(2.4357598586589795), np.float64(2.4357598586589795), np.float64(2.4357598586589795), np.float64(2.4357598586589795), np.float64(2.4357598586589795), np.float64(2.4357598586589795), np.float64(2.4357598586589795)]
HOF ITEM
2.4357598586589795
1.7450139373551654,0.3452582452531971,5.132418881610199,-2.8171636544216003,0.8469866016420593,-0.09846018449361336,4.014087874815537,2.2292969904709827,-6.2649399021639764,1.166610029823933,3.0,-0.5858114296242584
HOF ITEM
2.4357598586589795
1.7450139373551654,0.3452582452531971,5.132418881610199,-2.8171636544216003,0.8469866016420593,-0.09846018449361336,3.955500388497866,2.2292969904709827,-5.914597488542472,1.166610029823933,3.0,-0.5858114296242584
HOF ITEM
2.4357598586589795
1.7450139373551654,0.3452582452531971,5.132418881610199,-2.8171636544216003,0.8469866016420593,-0.09846018449361336,3.9545250108101198,2.2292969904709827,-5.914597488542472,1.166610029823933,3.0,-0.5858114296242584
HOF ITEM
2.4357598586589795
1.7450139373551654,0.3452582452531971,5.132418881610199,-2.8171636544216003,0.8469866016420593,-0.09846018449361336,3.9545250108101198,2.2292969904709827,-6.2649399021639764,1.166610029823933,3.0,-0.5858114296242584
HOF ITEM
2.4357598586589795
1.7450139373551654,0.3452582452531971,5.132418881610199,-2.8171636544216003,0.8469866016420593,-0.09846018449361336,3.955500388497866,2.2292969904709827,-6.2649399021639764,1.166610029823933,3.0,-0.5858114296242584
seed 759
Initial fitness values: [np.float64(3.2210858888127145), np.float64(3.028471439355899), np.float64(2.8449313043968587), np.float64(2.8449313043968587), np.float64(2.8367325882685215), np.float64(2.7998900383335776), np.float64(2.7998900383335776), np.float64(2.7998900383335776), np.float64(2.7977968225349663), np.float64(2.791761031953892)]
Final fitness values: [np.float64(2.777907214705733), np.float64(2.7778990195079114), np.float64(2.7778990195079114), np.float64(2.7778988498298194), np.float64(2.77488919543283), np.float64(2.77488919543283), np.float64(2.7557167667051345), np.float64(2.748391763438098), np.float64(2.740408127963485), np.float64(2.714190966846588)]
HOF ITEM
2.714190966846588
4.915923266864414,-0.7049766292240092,6.57054162564894,-2.920075699525397,1.6812026053525422,1.117792881497137,6.344925611005433,1.7985151322316246,-0.6240651551441033,1.3098379808279101,2.0379494891144554,-0.7316768623193615
HOF ITEM
2.740408127963485
4.677806853625569,-0.7049766292240092,5.917616239064469,-2.936957737145134,1.6812026053525422,0.9353794939588983,6.836802098704952,1.8145568859444112,-0.30608385965272955,1.2691505543669723,1.6793216186786732,-0.7416140967163156
HOF ITEM
2.7449424547532324
4.287037159500499,-0.7049766292240092,5.835874593926813,-2.7668871807088338,1.6812026053525422,0.7554139877285189,6.896310302449448,2.003139543925487,-0.3055788051751731,1.2691505543669723,1.6961979235631537,-0.6782349243109601
HOF ITEM
2.747108999130618
4.2082347288106,-0.7049766292240092,6.57054162564894,-2.936957737145134,1.7748702946365773,0.8567966019348595,6.436160262516888,1.9340997419969634,-0.35185779079891943,1.3098379808279101,1.6681650365193659,-0.768509057561754
HOF ITEM
2.7477590602774455
4.870171572045669,-0.7049766292240092,6.1806705522065535,-2.9708646209076566,1.929015203335762,0.6208029059729241,6.289356092390482,2.037269990146251,-0.029574778842113597,1.4341054583946056,1.6476968416118432,-0.8801299691486004
best parameter set
fitness 2.3710801320900616 seed 754
-0.9845720256393606,1.3530520482075603,-4.7287497836094925,2.710959464954963,-0.3420055216331907,-3.4814619307442434,4.456312194278137,2.274626500076473,-7.0,-0.17300192847475931,2.8427488952128304,-3.8221426090096227
