seeds are [590 591 592 593 594 595 596 597 598 599]
seed 590
Initial fitness values: [np.float64(5.802410554640425), np.float64(5.360480106034387), np.float64(5.001291217632482), np.float64(4.9385027714694525), np.float64(4.903553932161487), np.float64(4.720465906895455), np.float64(4.698027636633255), np.float64(4.595467447198162), np.float64(4.595467447198162), np.float64(4.5915181913625585)]
Final fitness values: [np.float64(4.52777207503007), np.float64(4.52777207503007), np.float64(4.52777207503007), np.float64(4.52777207503007), np.float64(4.527772075029815), np.float64(4.527772075029815), np.float64(4.527772075029815), np.float64(4.52777207329353), np.float64(4.52777207329353), np.float64(4.52777207329353)]
HOF ITEM
4.52777207329353
4.818356922545136,-1.2505448070731668,2.763183946238647,-5.499407794185941,-0.13695684367923258,6.024368702934175,3.330162518263653,1.9833044421277028,-6.741000841816096,0.6776894178268293,2.1962400659850516,-5.691890476036079
HOF ITEM
4.527772075029815
4.818356922545136,-1.2505448070731668,2.763183946238647,-5.499407794185941,-0.13695684367923258,6.024368702934175,3.4847941565400156,1.9820682754471677,-6.741000841816096,0.6776894178268293,2.1962400659850516,-5.691890476036079
HOF ITEM
4.52777207503007
4.818356922545136,-1.2505448070731668,2.763183946238647,-5.499407794185941,-0.13695684367923258,6.024368702934175,3.4847941565400156,1.9820682754471677,-6.515233865528707,0.6776894178268293,2.1962400659850516,-5.691890476036079
HOF ITEM
4.52777207503009
4.818356922545136,-1.2505448070731668,2.763183946238647,-5.499407794185941,-0.13695684367923258,6.024368702934175,3.4847941565400156,1.9820682754471677,-6.498953962282077,0.6776894178268293,2.1962400659850516,-5.691890476036079
HOF ITEM
4.527772075041921
4.818356922545136,-1.2505448070731668,2.763183946238647,-5.499407794185941,-0.13695684367923258,6.024368702934175,3.4847941565400156,1.9833044421277028,-6.741000841816096,0.6776894178268293,2.1962400659850516,-5.691890476036079
seed 591
Initial fitness values: [np.float64(5.362157825171865), np.float64(5.109848716385171), np.float64(5.062472135114268), np.float64(5.050538038941656), np.float64(5.01100446331568), np.float64(4.920548232613998), np.float64(4.790083815727909), np.float64(4.790083815727909), np.float64(4.727026637167627), np.float64(4.675735306053866)]
Final fitness values: [np.float64(4.259486370062071), np.float64(4.2593764966065155), np.float64(4.2593764966065155), np.float64(4.2593764966065155), np.float64(4.2593764966065155), np.float64(4.2593764966065155), np.float64(4.2593764966065155), np.float64(4.2593764966065155), np.float64(4.257202133944758), np.float64(4.257202133944758)]
HOF ITEM
4.257202133944758
-2.9914540370643907,1.5398969542702654,-5.552399614583982,-3.0833001865502125,1.1803371658554391,-2.8107731430051186,-7.0,2.2872362217191196,-1.322064559156766,-1.8739320281062182,2.6061093102967274,-2.364871126022219
HOF ITEM
4.2593764966065155
-2.9914540370643907,1.5398969542702654,-5.552399614583982,-3.0833001865502125,1.1803371658554391,-2.8107731430051186,-7.0,2.2872362217191196,-0.9632574978460314,-1.8739320281062182,2.6061093102967274,-2.364871126022219
HOF ITEM
4.259383805857519
-2.9914540370643907,1.5398969542702654,-5.553530488835926,-3.182642034061926,1.1803371658554391,-2.8107731430051186,-7.0,2.6646449906834997,-1.266708716454974,-1.8739320281062182,2.6061093102967274,-2.364871126022219
HOF ITEM
4.259486370062071
-2.9914540370643907,1.5398969542702654,-5.552399614583982,-3.0833001865502125,1.2055056911779614,-2.8107731430051186,-7.0,2.2872362217191196,-0.9632574978460314,-1.8739320281062182,2.6061093102967274,-2.364871126022219
HOF ITEM
4.259875762297727
-2.9914540370643907,1.5398969542702654,-5.552399614583982,-3.1589482365342203,1.2055056911779614,-2.8107731430051186,-7.0,2.2872362217191196,-0.9632574978460314,-1.8739320281062182,2.6061093102967274,-2.364871126022219
seed 592
Initial fitness values: [np.float64(6.270069771862019), np.float64(5.429937408357163), np.float64(5.475461200496313), np.float64(5.473280012321343), np.float64(5.433572274169183), np.float64(5.3937851252496705), np.float64(5.348150272404607), np.float64(5.292099012832134), np.float64(5.150964997138011), np.float64(5.150964997138011)]
Final fitness values: [np.float64(4.279342688994367), np.float64(4.279342688994367), np.float64(4.2781899905686975), np.float64(4.273986299420294), np.float64(4.273986299420294), np.float64(4.273986299420294), np.float64(4.271681696949198), np.float64(4.271681696949198), np.float64(4.269727084539729), np.float64(4.269727084539729)]
HOF ITEM
4.269727084539729
-1.074629550379084,1.3507410471599663,4.714780097220699,4.750152192953649,0.6915962170112819,5.634342830189493,2.680494186392098,0.0,-1.375100591551725,-0.38294420833889187,2.6676057377341356,-5.173104768705256
HOF ITEM
4.271373766877943
-1.074629550379084,1.3726236503146567,4.871192520478216,4.750152192953649,0.6915962170112819,5.726407529456213,2.7667996735546385,0.1200983879602466,-2.027982761876419,-0.38294420833889187,2.6676057377341356,-5.173104768705256
HOF ITEM
4.271681696949198
-1.074629550379084,1.3507410471599663,4.871192520478216,4.750152192953649,0.6915962170112819,5.726407529456213,3.0378807749107963,0.0,-2.027982761876419,-0.38294420833889187,2.6676057377341356,-5.173104768705256
HOF ITEM
4.272045866362004
-1.074629550379084,1.3507410471599663,4.871192520478216,4.750152192953649,0.6915962170112819,5.726407529456213,3.0378807749107963,0.0,-1.8311437501763672,-0.38294420833889187,2.6676057377341356,-5.173104768705256
HOF ITEM
4.272423620288476
-1.074629550379084,1.3507410471599663,4.871192520478216,4.750152192953649,0.6915962170112819,5.726407529456213,3.0378807749107963,0.0,-1.7546629123560298,-0.38294420833889187,2.6676057377341356,-5.173104768705256
seed 593
Initial fitness values: [np.float64(5.852657980280277), np.float64(5.747616162920314), np.float64(5.114497713277627), np.float64(5.024142356809833), np.float64(5.0130891703705105), np.float64(4.852098844687934), np.float64(4.7883598018843445), np.float64(4.671416394338885), np.float64(4.671416394338885), np.float64(4.537780960674102)]
Final fitness values: [np.float64(4.243577945960388), np.float64(4.243577943986228), np.float64(4.243577772848271), np.float64(4.243577772848271), np.float64(4.243577772848271), np.float64(4.243577772848271), np.float64(4.243577772848271), np.float64(4.243577772848271), np.float64(4.243577772848271), np.float64(4.243577772848271)]
HOF ITEM
4.243577772848271
-3.0074964724825155,1.575651699084471,7.0,-3.831848550543385,-0.17778523994886952,-3.1000263922692786,-2.819084190806496,2.636180486244427,-3.7045168861810027,-1.7336954561139932,2.80455763859188,-0.4718436128791784
HOF ITEM
4.243577774210177
-3.0074964724825155,1.575651699084471,7.0,-3.831848550543385,-0.17778523994886952,-3.1000263922692786,-2.971664821668737,2.636180486244427,-3.5762949071733536,-1.7336954561139932,2.80455763859188,-0.4718436128791784
HOF ITEM
4.243577776543852
-3.0074964724825155,1.575651699084471,7.0,-3.831848550543385,-0.17778523994886952,-3.1000263922692786,-2.971664821668737,2.636180486244427,-3.5376927626714845,-1.7336954561139932,2.80455763859188,-0.4718436128791784
HOF ITEM
4.2435777799640295
-3.0074964724825155,1.575651699084471,7.0,-3.831848550543385,-0.17778523994886952,-3.1000263922692786,-2.819084190806496,2.636180486244427,-3.5762949071733536,-1.7336954561139932,2.80455763859188,-0.4718436128791784
HOF ITEM
4.243577782291186
-3.0074964724825155,1.575651699084471,7.0,-3.831848550543385,-0.17778523994886952,-3.1000263922692786,-2.819084190806496,2.636180486244427,-3.5376927626714845,-1.7336954561139932,2.80455763859188,-0.4718436128791784
seed 594
Initial fitness values: [np.float64(5.408407071712457), np.float64(5.290835955232241), np.float64(4.891216677075563), np.float64(4.782122325125953), np.float64(4.66548075395955), np.float64(4.604073474846496), np.float64(4.5678129463886465), np.float64(4.529955393908791), np.float64(4.354231086473004), np.float64(4.354231086473004)]
Final fitness values: [np.float64(4.286154202901393), np.float64(4.286151265489151), np.float64(4.286151265489151), np.float64(4.286135705583947), np.float64(4.286135705583947), np.float64(4.286135046436975), np.float64(4.286135046436975), np.float64(4.286134092901741), np.float64(4.286134092901741), np.float64(4.286134082888958)]
HOF ITEM
4.286134082888958
0.3099190934279185,0.9747563842549934,4.8392740347792715,-7.0,-4.870929595996279,1.6936761183901277,-5.136472160798923,0.08590231600943218,-5.122950854571977,0.4822315070129564,2.9242090138965686,-6.009010679907158
HOF ITEM
4.286134092901741
0.3099190934279185,0.9747563842549934,4.8392740347792715,-7.0,-4.870929595996279,1.6936761183901277,-5.142382739310537,0.08590231600943218,-5.122950854571977,0.4822315070129564,2.9242090138965686,-6.009010679907158
HOF ITEM
4.2861350209401
0.3099190934279185,0.9747563842549934,4.8392740347792715,-7.0,-4.870929595996279,1.6936761183901277,-5.1319310253268355,0.3269641831098418,-5.3204997650480195,0.4822315070129564,2.9242090138965686,-6.009010679907158
HOF ITEM
4.286135046436975
0.3099190934279185,0.9747563842549934,4.8392740347792715,-7.0,-4.870929595996279,1.6936761183901277,-5.136472160798923,0.3269641831098418,-5.411167431111027,0.4822315070129564,2.9242090138965686,-6.009010679907158
HOF ITEM
4.286135052442498
0.3099190934279185,0.9747563842549934,4.8392740347792715,-7.0,-4.870929595996279,1.6936761183901277,-5.142382739310537,0.3269641831098418,-5.411167431111027,0.4822315070129564,2.9242090138965686,-6.009010679907158
seed 595
Initial fitness values: [np.float64(6.196975293581282), np.float64(5.537790730718716), np.float64(4.640685792723364), np.float64(4.586740929675969), np.float64(4.3627782544226985), np.float64(4.354974739959339), np.float64(4.354974739959339), np.float64(4.333079841005938), np.float64(4.333079841005938), np.float64(4.323612724686576)]
Final fitness values: [np.float64(4.266868875773194), np.float64(4.266868875773194), np.float64(4.266868875773194), np.float64(4.266868875773194), np.float64(4.266868875773194), np.float64(4.266868875773194), np.float64(4.266868875773194), np.float64(4.266868875773194), np.float64(4.266868875773194), np.float64(4.266868875773194)]
HOF ITEM
4.266868875773194
-3.019012070236733,1.5544835734091744,4.128732040522796,-7.0,6.208951082956634,6.056998708588792,5.871753110986336,1.826775961320367,-2.8134647897371674,-1.8407204050269503,2.69691465165927,-1.7920688957793305
HOF ITEM
4.266868875773194
-3.019012070236733,1.5544835734091744,4.128732040522796,-7.0,6.208951082956634,6.056998708588792,5.522596008662633,1.920165769778609,-2.8134647897371674,-1.8407204050269503,2.69691465165927,-1.7920688957793305
HOF ITEM
4.266868875773194
-3.019012070236733,1.5544835734091744,4.128732040522796,-7.0,6.208951082956634,6.056998708588792,5.871753110986336,1.9487411295318355,-2.8134647897371674,-1.8407204050269503,2.69691465165927,-1.7920688957793305
HOF ITEM
4.266868875773194
-3.019012070236733,1.5544835734091744,4.128732040522796,-7.0,6.208951082956634,6.056998708588792,5.871753110986336,1.9487411295318355,-2.6633666732114927,-1.8407204050269503,2.69691465165927,-1.7920688957793305
HOF ITEM
4.266868875773194
-3.019012070236733,1.5544835734091744,4.128732040522796,-7.0,6.208951082956634,6.056998708588792,5.871753110986336,1.826775961320367,-2.8458250657197808,-1.8407204050269503,2.69691465165927,-1.7920688957793305
seed 596
Initial fitness values: [np.float64(6.326033011877289), np.float64(5.872555142381831), np.float64(5.18214136851266), np.float64(4.931379797492386), np.float64(4.927765855609666), np.float64(4.927765855609666), np.float64(4.853011186583922), np.float64(4.853011186583922), np.float64(4.853011186583922), np.float64(4.822254837129454)]
Final fitness values: [np.float64(4.2678621882765455), np.float64(4.26785934720106), np.float64(4.26785934720106), np.float64(4.26785934720106), np.float64(4.26785934720106), np.float64(4.26785934720106), np.float64(4.26785934720106), np.float64(4.26785934720106), np.float64(4.26785934720106), np.float64(4.26785934720106)]
HOF ITEM
4.26785934720106
0.13370760323118983,1.0370267886798017,-1.0843107501914713,-3.7364414613111903,-4.052801119638172,-5.169007934779593,-1.5019714426615591,3.0,-3.2674926145087397,0.6844272761164459,2.8202216378672422,-0.5897506724107082
HOF ITEM
4.2678621882765455
0.13370760323118983,1.0370267886798017,-1.0843107501914713,-3.7364414613111903,-4.052801119638172,-5.169007934779593,-1.5019714426615591,2.9997225608223985,-3.2674926145087397,0.6844272761164459,2.8202216378672422,-0.5897506724107082
HOF ITEM
4.268174533301998
0.13370760323118983,1.0370267886798017,-1.0843107501914713,-3.7364414613111903,-4.052801119638172,-5.169007934779593,-1.5019714426615591,3.0,-3.090151060174942,0.6844272761164459,2.8202216378672422,-0.5897506724107082
HOF ITEM
4.268177352407942
0.13370760323118983,1.0370267886798017,-1.0843107501914713,-3.7364414613111903,-4.052801119638172,-5.169007934779593,-1.5019714426615591,2.9997225608223985,-3.090151060174942,0.6844272761164459,2.8202216378672422,-0.5897506724107082
HOF ITEM
4.268317333294008
0.13370760323118983,1.0370267886798017,-1.0843107501914713,-4.136881457747652,-4.228066930621894,-5.265275193949754,-1.5019714426615591,3.0,-3.090151060174942,0.6844272761164459,2.8202216378672422,-0.5897506724107082
seed 597
Initial fitness values: [np.float64(5.8543422551238), np.float64(5.515577538800086), np.float64(4.645345145182048), np.float64(4.543547914366966), np.float64(4.5008360740898254), np.float64(4.497283873521052), np.float64(4.438849494714462), np.float64(4.438849494714462), np.float64(4.438849494714462), np.float64(4.390193308033863)]
Final fitness values: [np.float64(4.238466559255549), np.float64(4.238466559255549), np.float64(4.238466559255549), np.float64(4.238466559255549), np.float64(4.238466559255549), np.float64(4.238466559255549), np.float64(4.238466559255549), np.float64(4.238466559255549), np.float64(4.238466559255549), np.float64(4.238466559255549)]
HOF ITEM
4.238466559255549
-4.175865773632884,1.591898311824126,3.746415203243549,1.6814479156687034,-1.2594883971822086,6.156876759491862,-0.8254110743116841,0.4570887681274084,-1.2373520922859853,-3.45090275058904,2.457823681465548,-7.0
HOF ITEM
4.2385515221478425
-4.175865773632884,1.591898311824126,3.746415203243549,1.6814479156687034,-1.2594883971822086,6.156876759491862,-0.8007242161968147,0.4570887681274084,-1.2373520922859853,-3.45090275058904,2.457823681465548,-7.0
HOF ITEM
4.239190453107856
-4.175865773632884,1.591898311824126,3.746415203243549,1.6814479156687034,-1.2594883971822086,6.156876759491862,-0.8254110743116841,0.4570887681274084,-1.3921898835651783,-3.45090275058904,2.457823681465548,-7.0
HOF ITEM
4.239237341985798
-4.175865773632884,1.591898311824126,3.746415203243549,1.6814479156687034,-1.2594883971822086,6.156876759491862,-0.8254110743116841,0.5797164279996101,-1.2373520922859853,-3.45090275058904,2.457823681465548,-7.0
HOF ITEM
4.239361447473444
-4.175865773632884,1.591898311824126,3.746415203243549,1.6556685213395115,-1.2594883971822086,6.156876759491862,-0.8254110743116841,0.4570887681274084,-1.5180832105706954,-3.45090275058904,2.457823681465548,-7.0
seed 598
Initial fitness values: [np.float64(5.7937213535902465), np.float64(5.569367513872983), np.float64(5.204213761959973), np.float64(5.131723188480091), np.float64(5.084223408855747), np.float64(5.0739126873815215), np.float64(5.072086922061282), np.float64(5.060625358379159), np.float64(5.060625358379159), np.float64(5.060003294230014)]
Final fitness values: [np.float64(4.52245828445707), np.float64(4.52245828445707), np.float64(4.52245828445707), np.float64(4.52245828445707), np.float64(4.52245828445707), np.float64(4.52245828445707), np.float64(4.52245828445707), np.float64(4.52245828445707), np.float64(4.52245828445707), np.float64(4.52245828445707)]
HOF ITEM
4.52245828445707
6.108321555106104,-1.5352583583569794,5.207779248033,0.021929304753352252,-3.2017338342300246,0.1293272847784529,6.897822702363281,2.664148954219366,-4.1211306109968175,1.0176793623539857,2.2618346255001773,-2.886971880930109
HOF ITEM
4.52245828445707
6.108321555106104,-1.5352583583569794,5.207779248033,0.021929304753352252,-3.2017338342300246,0.1293272847784529,6.546555060856194,2.7081978749053928,-3.7818772334898845,1.0176793623539857,2.2618346255001773,-2.886971880930109
HOF ITEM
4.52245828445707
6.108321555106104,-1.5352583583569794,5.207779248033,0.021929304753352252,-3.2017338342300246,0.1293272847784529,6.897822702363281,2.7081978749053928,-3.7818772334898845,1.0176793623539857,2.2618346255001773,-2.886971880930109
HOF ITEM
4.52245828445707
6.108321555106104,-1.5352583583569794,5.207779248033,0.021929304753352252,-3.2017338342300246,0.1293272847784529,6.837634657507013,2.664148954219366,-4.1211306109968175,1.0176793623539857,2.2618346255001773,-2.886971880930109
HOF ITEM
4.52245828445707
6.108321555106104,-1.5352583583569794,5.207779248033,0.021929304753352252,-3.2017338342300246,0.1293272847784529,6.897822702363281,2.7081978749053928,-4.1211306109968175,1.0176793623539857,2.2618346255001773,-2.886971880930109
seed 599
Initial fitness values: [np.float64(5.811970357527746), np.float64(5.036592860271357), np.float64(5.035594377744729), np.float64(5.001350009786283), np.float64(5.001350009786283), np.float64(4.954253691335389), np.float64(4.954253691335389), np.float64(4.938936267112246), np.float64(4.901380219466557), np.float64(4.840392239636715)]
Final fitness values: [np.float64(4.527824988755973), np.float64(4.527824988755973), np.float64(4.527824988755973), np.float64(4.527824988755973), np.float64(4.52671621514016), np.float64(4.52671621514016), np.float64(4.52669826484704), np.float64(4.5266980569521), np.float64(4.526682450381478), np.float64(4.522324181265861)]
HOF ITEM
4.522324181265861
5.95601770147679,-1.5052474838042833,-2.676214344062912,-2.203918127424658,6.867311014162189,-2.0266018737589984,4.466176104009884,0.468535601624804,-1.085970063692641,1.215922938988047,2.269269421293106,-0.9948692859062817
HOF ITEM
4.526682212963344
5.95601770147679,-1.5052474838042833,-2.676214344062912,-2.315338213117693,6.867311014162189,-2.0266018737589984,5.094144338291885,0.5368263041336288,-1.085970063692641,1.215922938988047,2.2411199042479275,-0.9948692859062817
HOF ITEM
4.52668223641103
5.95601770147679,-1.5052474838042833,-2.676214344062912,-2.315338213117693,6.867311014162189,-2.0266018737589984,5.094144338291885,0.5368263041336288,-1.8149992705388458,1.215922938988047,2.2411199042479275,-0.9948692859062817
HOF ITEM
4.526682450381478
5.95601770147679,-1.5052474838042833,-2.676214344062912,-2.315338213117693,6.867311014162189,-2.0266018737589984,4.751571094744333,0.4363391319279044,-1.085970063692641,1.215922938988047,2.2411199042479275,-0.9948692859062817
HOF ITEM
4.526691043526414
5.95601770147679,-1.5052474838042833,-2.676214344062912,-2.5590403336180496,6.533160458442,-2.0266018737589984,4.93172368411258,0.49756721606559595,-1.8597277266332246,1.215922938988047,2.2411199042479275,-0.9948692859062817
best parameter set
fitness 4.234380019274984 seed 591
-3.006548072720447,1.5796147982256528,-5.5523648820907585,-3.0579961049353446,1.1802349707750115,-2.8108417960973613,-7.0,2.2872362217191196,-0.9791070180414081,-1.858233585310884,2.7288145487902176,-2.371706694617286
