seeds are [770 771 772 773 774 775 776 777 778 779]
seed 770
Initial fitness values: [np.float64(3.1173241062546087), np.float64(3.1173241062546087), np.float64(3.021828418956528), np.float64(2.9401559840370983), np.float64(2.9401559840370983), np.float64(2.8346814089162753), np.float64(2.804886184925884), np.float64(2.7960713371343404), np.float64(2.7909020314936144), np.float64(2.7728076448404053)]
Final fitness values: [np.float64(2.512200840990287), np.float64(2.5121117301083284), np.float64(2.511926136836861), np.float64(2.511883833700092), np.float64(2.5118272698046864), np.float64(2.511645653026606), np.float64(2.5104968437225983), np.float64(2.5104968437225983), np.float64(2.5100849075375007), np.float64(2.510060479113454)]
HOF ITEM
2.510060479113454
2.8263298607699565,-0.07680332893012783,-0.20415428610700642,0.3501471974976997,4.0066847601419635,-6.443447220704601,6.498708987395962,1.7115475735063514,-1.263162877894207,1.292234390944554,3.0,-0.4530852525954774
HOF ITEM
2.5100849075375007
2.8263298607699565,-0.07680332893012783,-0.11905545145618274,0.3501471974976997,3.741202869890986,-6.429029875215526,6.498708987395962,1.7115475735063514,-1.263162877894207,1.292234390944554,3.0,-0.4530852525954774
HOF ITEM
2.5100867377366827
2.8263298607699565,-0.07680332893012783,-0.40805447784499715,0.3795625939821912,4.080216410298294,-6.613433403174532,6.720911820067145,1.7115475735063514,-1.2890514629518068,1.292234390944554,3.0,-0.4530852525954774
HOF ITEM
2.5100867377366827
2.8263298607699565,-0.07680332893012783,-0.40805447784499715,0.3795625939821912,4.080216410298294,-6.613433403174532,6.720911820067145,1.8364572214430832,-1.2890514629518068,1.292234390944554,3.0,-0.4530852525954774
HOF ITEM
2.5101082456342954
2.8263298607699565,-0.07680332893012783,-0.09393545134442721,0.30801095162761105,3.7842313462392667,-6.443447220704601,6.498708987395962,1.7115475735063514,-1.263162877894207,1.292234390944554,3.0,-0.4530852525954774
seed 771
Initial fitness values: [np.float64(3.0622126909290355), np.float64(2.9168977665500693), np.float64(2.8509842298453343), np.float64(2.8150267703973952), np.float64(2.793832177407351), np.float64(2.79382104257164), np.float64(2.6635206973676944), np.float64(2.6635206973676944), np.float64(2.6635206973676944), np.float64(2.568191820097964)]
Final fitness values: [np.float64(2.3614651355288636), np.float64(2.3614651355288636), np.float64(2.3614651355288636), np.float64(2.361464516270222), np.float64(2.361464516270222), np.float64(2.3614625194827665), np.float64(2.361462152383176), np.float64(2.3614616499871772), np.float64(2.3614553484704173), np.float64(2.3614553484704173)]
HOF ITEM
2.3614553484704173
-2.771453187976853,1.5679778299666425,0.9335356362007861,-2.8574031678845255,5.43777068962502,-3.8570463774139117,-2.4629870295169747,0.7204709818669299,-0.7949982502904651,-1.5074324318748458,2.8181196192356976,-0.4555657413890991
HOF ITEM
2.361459647101065
-2.771453187976853,1.5679778299666425,0.9335356362007861,-2.914645447907067,5.680099988899939,-3.8570463774139117,-3.049988764209097,0.7250935415126337,-0.874278599569355,-1.5074324318748458,2.8181196192356976,-0.4555657413890991
HOF ITEM
2.3614614266794893
-2.771453187976853,1.5679778299666425,0.9335356362007861,-3.026594576352368,5.855112196518424,-3.8570463774139117,-2.4629870295169747,0.8507467608606201,-1.2152506145698796,-1.5074324318748458,2.8181196192356976,-0.4555657413890991
HOF ITEM
2.361461483963211
-2.771453187976853,1.5679778299666425,0.9335356362007861,-2.8798933504320616,5.855112196518424,-3.8570463774139117,-2.372128507557062,0.7204709818669299,-0.9529702215850873,-1.5074324318748458,2.8181196192356976,-0.4555657413890991
HOF ITEM
2.3614615570677895
-2.771453187976853,1.5679778299666425,0.9335356362007861,-3.026594576352368,5.855112196518424,-3.8570463774139117,-2.0844154037047113,0.7204709818669299,-1.2577006488289886,-1.5074324318748458,2.8181196192356976,-0.4555657413890991
seed 772
Initial fitness values: [np.float64(3.0171023161046726), np.float64(2.933303761540552), np.float64(2.8857611467807414), np.float64(2.8832187298013707), np.float64(2.856407240538963), np.float64(2.832989468236206), np.float64(2.77700662533023), np.float64(2.751126976570159), np.float64(2.7505795004760465), np.float64(2.5904742371323897)]
Final fitness values: [np.float64(2.387101729797092), np.float64(2.387101729797092), np.float64(2.387101729797092), np.float64(2.386064546998568), np.float64(2.386064546998568), np.float64(2.386064546998568), np.float64(2.386064546998568), np.float64(2.386064546998568), np.float64(2.386064546998568), np.float64(2.386064546998568)]
HOF ITEM
2.386064546998568
-4.560528903691021,1.6742688732308644,-0.0559088853652858,2.7939644997903526,-3.890079703298087,-7.0,-1.8301168467665896,0.5864423927699102,-1.7331072153554676,-3.2728822657186907,2.376024456515456,-0.7683179091145668
HOF ITEM
2.3867062677774395
-4.560528903691021,1.6742688732308644,-0.0559088853652858,2.7939644997903526,-3.890079703298087,-7.0,-1.8301168467665896,0.5864423927699102,-2.2459646406690745,-3.2728822657186907,2.376024456515456,-0.7683179091145668
HOF ITEM
2.387101729797092
-4.560528903691021,1.6742688732308644,-0.11043224294584841,2.7939644997903526,-3.890079703298087,-7.0,-1.5494601229408127,0.5864423927699102,-1.7331072153554676,-3.2728822657186907,2.376024456515456,-0.7683179091145668
HOF ITEM
2.38710222161158
-4.560528903691021,1.6742688732308644,-0.11043224294584841,2.7939644997903526,-3.890079703298087,-7.0,-1.5494601229408127,0.5864423927699102,-1.743631664683216,-3.2728822657186907,2.376024456515456,-0.7683179091145668
HOF ITEM
2.3871039906186717
-4.560528903691021,1.6742688732308644,-0.11043224294584841,2.7939644997903526,-3.890079703298087,-7.0,-1.5494601229408127,0.5864423927699102,-1.7825251287082255,-3.2728822657186907,2.376024456515456,-0.7683179091145668
seed 773
Initial fitness values: [np.float64(3.4685872989454047), np.float64(3.1372973822565298), np.float64(3.1298340175584447), np.float64(3.0554675551370054), np.float64(2.946343776948823), np.float64(2.8605650798620177), np.float64(2.8321779305039936), np.float64(2.8321779235462277), np.float64(2.827879617268257), np.float64(2.8276129301582573)]
Final fitness values: [np.float64(2.806096565480849), np.float64(2.806096565480849), np.float64(2.806096436503574), np.float64(2.806096436503574), np.float64(2.806075933944501), np.float64(2.806075933944501), np.float64(2.806075933944501), np.float64(2.8060758619006227), np.float64(2.8060758619006227), np.float64(2.8060758619006227)]
HOF ITEM
2.8060758619006227
4.9308433483275556,-0.6248147691545705,-0.09483696971698835,-6.158817012497442,1.7482900837543267,-7.0,-1.6650511856435346,0.7737527115502185,0.0,1.760263958554491,1.3250576558272988,-6.11377257366318
HOF ITEM
2.8060758619006227
4.9308433483275556,-0.6248147691545705,-0.09483696971698835,-6.158817012497442,1.7482900837543267,-7.0,-1.6650511856435346,0.0,0.0,1.760263958554491,1.3250576558272988,-6.11377257366318
HOF ITEM
2.8060758619006227
4.9308433483275556,-0.6248147691545705,-0.09483696971698835,-6.158817012497442,1.7482900837543267,-7.0,-1.3559491678417253,0.13918679603767298,0.0,1.760263958554491,1.3250576558272988,-6.11377257366318
HOF ITEM
2.8060758619006227
4.9308433483275556,-0.6248147691545705,-0.09483696971698835,-6.158817012497442,1.7482900837543267,-7.0,-1.3559491678417253,0.5216094559229663,0.0,1.760263958554491,1.3250576558272988,-6.11377257366318
HOF ITEM
2.8060758619006227
4.9308433483275556,-0.6248147691545705,-0.09483696971698835,-6.158817012497442,1.7482900837543267,-7.0,-1.6650511856435346,0.5216094559229663,0.0,1.760263958554491,1.3250576558272988,-6.11377257366318
seed 774
Initial fitness values: [np.float64(3.203886011055514), np.float64(2.942446051998588), np.float64(2.942446051998588), np.float64(2.761951764067578), np.float64(2.585187958516325), np.float64(2.585187958516325), np.float64(2.4466711798565655), np.float64(2.436523820582196), np.float64(2.436523820582196), np.float64(2.436523820582196)]
Final fitness values: [np.float64(2.373044852056906), np.float64(2.373044852056906), np.float64(2.372860622326433), np.float64(2.372860622326433), np.float64(2.372850929179567), np.float64(2.372837117824736), np.float64(2.3728356873496934), np.float64(2.3728356873496934), np.float64(2.3728356873496934), np.float64(2.372831479308244)]
HOF ITEM
2.372831479308244
-5.287707928914713,1.5652658354175917,-1.4827631972861302,-4.342902695613941,5.931570791490138,1.9256478847438705,-0.5530334984709138,2.9277179364625545,-6.182176587805249,-4.307829584608123,2.153376534681267,-2.9851484305441955
HOF ITEM
2.3728335648624044
-5.287707928914713,1.5652658354175917,-1.4827631972861302,-3.965080828413814,5.868335827529994,1.9256478847438705,0.028921882116428932,2.9277179364625545,-6.099830927737034,-4.307829584608123,2.153376534681267,-2.9851484305441955
HOF ITEM
2.372833991914454
-5.287707928914713,1.5652658354175917,-1.4827631972861302,-4.693398697046364,5.810567232542627,1.9256478847438705,0.028921882116428932,2.9277179364625545,-5.888879145745854,-4.307829584608123,2.153376534681267,-2.9851484305441955
HOF ITEM
2.3728356873496934
-5.287707928914713,1.5652658354175917,-1.4827631972861302,-4.342902695613941,5.761691003167527,1.9256478847438705,-0.5446737288918138,2.9277179364625545,-6.044606989689709,-4.307829584608123,2.153376534681267,-2.9851484305441955
HOF ITEM
2.3728356873496934
-5.287707928914713,1.5652658354175917,-1.4827631972861302,-4.342902695613941,5.761691003167527,1.9256478847438705,-0.40947971980484327,3.0,-5.888879145745854,-4.307829584608123,2.153376534681267,-2.9851484305441955
seed 775
Initial fitness values: [np.float64(3.254487103476219), np.float64(3.0173835256545014), np.float64(2.903764264497298), np.float64(2.877371151185473), np.float64(2.8413784942381626), np.float64(2.8163166895508054), np.float64(2.814468138771738), np.float64(2.814468138771738), np.float64(2.736731454714013), np.float64(2.736731454714013)]
Final fitness values: [np.float64(2.3639284481409026), np.float64(2.3639284481409026), np.float64(2.3639284481409026), np.float64(2.3638291379177554), np.float64(2.363620955694551), np.float64(2.363540608880843), np.float64(2.3635362131731235), np.float64(2.3635336276989047), np.float64(2.3635294306521946), np.float64(2.3635294306521946)]
HOF ITEM
2.3635294306521946
-1.6214935172764893,1.4728824552433772,2.3594515329600525,3.0518255125209324,5.821905990922357,-0.7416565747268604,2.691440332016042,2.7655903372150012,-4.591386600329515,-0.4771615570560455,2.8449316498093067,-0.4701335219138106
HOF ITEM
2.3635333949126593
-1.6214935172764893,1.4728824552433772,2.3594515329600525,3.0518255125209324,5.812217491689328,-0.7416565747268604,2.7639819888982062,3.0,-4.786806730842613,-0.4771615570560455,2.8449316498093067,-0.4701335219138106
HOF ITEM
2.3635333949126593
-1.6214935172764893,1.4728824552433772,2.3594515329600525,3.0518255125209324,5.812217491689328,-0.7416565747268604,2.7639819888982062,3.0,-4.647177610100599,-0.4771615570560455,2.8449316498093067,-0.4701335219138106
HOF ITEM
2.3635336276989047
-1.6214935172764893,1.4728824552433772,2.3428237695100163,2.4644326424745966,5.821905990922357,-0.7311426931231368,2.691440332016042,3.0,-4.76010935411886,-0.4771615570560455,2.8449316498093067,-0.4701335219138106
HOF ITEM
2.3635336276989047
-1.6214935172764893,1.4728824552433772,2.3428237695100163,2.4644326424745966,5.821905990922357,-0.7311426931231368,2.691440332016042,2.7655903372150012,-4.591386600329515,-0.4771615570560455,2.8449316498093067,-0.4701335219138106
seed 776
Initial fitness values: [np.float64(3.5986629725897674), np.float64(3.2556085825520418), np.float64(2.927949427455574), np.float64(2.9016520432628887), np.float64(2.854596885128305), np.float64(2.810843898927698), np.float64(2.7980041493542815), np.float64(2.7942918290399685), np.float64(2.7845671623859367), np.float64(2.7730776501380046)]
Final fitness values: [np.float64(2.446577239528075), np.float64(2.4465115463237908), np.float64(2.4465115463237908), np.float64(2.4464912947242334), np.float64(2.4464912947242334), np.float64(2.4464391806146883), np.float64(2.4464391806146883), np.float64(2.4464391806146883), np.float64(2.4464391806146883), np.float64(2.4464391806146883)]
HOF ITEM
2.4464391806146883
6.5979965145043025,-1.1879251227372467,-4.79728324654958,-0.6965077783524942,-0.3475381877422895,-4.319454624521782,0.05252038463009398,3.0,-6.917779931918444,0.8218011109121279,0.4000823076835085,-6.722456860820329
HOF ITEM
2.446450154029047
6.5979965145043025,-1.1879251227372467,-4.79728324654958,-0.6965077783524942,-0.3475381877422895,-4.319454624521782,0.05252038463009398,3.0,-6.917779931918444,0.8218011109121279,0.4000823076835085,-6.709762012816474
HOF ITEM
2.4464777004155405
6.5979965145043025,-1.1879251227372467,-4.79728324654958,-0.6965077783524942,-0.3475381877422895,-4.319454624521782,0.05252038463009398,3.0,-6.661489404271584,0.8218011109121279,0.4000823076835085,-6.663551013670688
HOF ITEM
2.446483732262945
6.5979965145043025,-1.1879251227372467,-4.79728324654958,-0.6965077783524942,-0.3475381877422895,-4.319454624521782,0.05252038463009398,3.0,-6.767191949424947,0.8218011109121279,0.4000823076835085,-6.663551013670688
HOF ITEM
2.4464912947242334
6.5979965145043025,-1.1879251227372467,-4.79728324654958,-0.6965077783524942,-0.3475381877422895,-4.319454624521782,0.05252038463009398,3.0,-6.917779931918444,0.8218011109121279,0.4000823076835085,-6.663551013670688
seed 777
Initial fitness values: [np.float64(3.3381919492225522), np.float64(3.0458234049189468), np.float64(2.8613833487756937), np.float64(2.634900180096532), np.float64(2.5571917844356666), np.float64(2.501067362494191), np.float64(2.499127776524321), np.float64(2.4495462776309305), np.float64(2.4495462776309305), np.float64(2.4159175610693393)]
Final fitness values: [np.float64(2.3791151367032883), np.float64(2.3791151367032883), np.float64(2.3791151367032883), np.float64(2.3791151367032883), np.float64(2.3791151367032883), np.float64(2.3791151367032883), np.float64(2.3791151367032883), np.float64(2.3791151367032883), np.float64(2.3755179201811423), np.float64(2.3755179201811423)]
HOF ITEM
2.3755179201811423
-2.927740661686982,1.563357335813857,1.0314894276308064,6.153713232747205,-5.3831766611663445,-7.0,1.9887791030121327,2.9492328688605545,-1.3839141826675503,-1.8128200882497623,2.834892442080386,-3.0124405960557485
HOF ITEM
2.3755179201811423
-2.927740661686982,1.563357335813857,1.0314894276308064,6.153713232747205,-5.3831766611663445,-7.0,1.9887791030121327,2.9962448360607112,-1.5114340064930059,-1.8128200882497623,2.834892442080386,-3.0124405960557485
HOF ITEM
2.3791151367032883
-2.9020622340637847,1.563357335813857,1.0314894276308064,6.1450285119307155,-5.3831766611663445,-7.0,1.7997146959962085,2.46867477956655,-1.128267208495962,-1.8128200882497623,2.6936499272919194,-3.0252704618973008
HOF ITEM
2.3791151367032883
-2.9020622340637847,1.563357335813857,1.0314894276308064,6.1450285119307155,-5.3831766611663445,-7.0,3.0811009685061963,2.9479929623258605,-1.3839141826675503,-1.8128200882497623,2.6936499272919194,-3.0252704618973008
HOF ITEM
2.3791151367032883
-2.9020622340637847,1.563357335813857,1.0314894276308064,6.1450285119307155,-5.3831766611663445,-7.0,2.133778778465705,2.9492328688605545,-1.3839141826675503,-1.8128200882497623,2.6936499272919194,-3.0252704618973008
seed 778
Initial fitness values: [np.float64(3.372216247919266), np.float64(2.8927100081875583), np.float64(2.8915506675830045), np.float64(2.8915506675830045), np.float64(2.8739579425124475), np.float64(2.8582691384551486), np.float64(2.84032350684425), np.float64(2.837728198077982), np.float64(2.8251201291664705), np.float64(2.8176462365216786)]
Final fitness values: [np.float64(2.795913764292199), np.float64(2.7959137087444006), np.float64(2.7959136642984195), np.float64(2.7959136642984195), np.float64(2.7959136642984195), np.float64(2.7959136642984195), np.float64(2.7959136642984195), np.float64(2.795913450792808), np.float64(2.795913450792808), np.float64(2.795913450792808)]
HOF ITEM
2.795913450792808
6.88070755200816,-1.0195740859509639,0.5451570330337614,-3.4913677174951165,1.0034941074088044,-6.9396999211616786,-1.744313777698313,1.0933847860465224,0.0,1.7122078253524686,1.3414888374519438,-1.997287052213394
HOF ITEM
2.7959136642984195
6.88070755200816,-1.0195740859509639,0.5451570330337614,-3.4913677174951165,0.9846938913267825,-6.9396999211616786,-1.744313777698313,0.9441831205637669,0.0,1.7122078253524686,1.3414888374519438,-1.997287052213394
HOF ITEM
2.7959136642984195
6.88070755200816,-1.0195740859509639,0.5451570330337614,-3.4913677174951165,0.9846938913267825,-6.9396999211616786,-1.744313777698313,1.2207595770355006,0.0,1.7122078253524686,1.3414888374519438,-1.997287052213394
HOF ITEM
2.7959136642984195
6.88070755200816,-1.0195740859509639,0.5451570330337614,-3.4913677174951165,0.9846938913267825,-6.9396999211616786,-1.744313777698313,1.0933847860465224,0.0,1.7122078253524686,1.3414888374519438,-1.997287052213394
HOF ITEM
2.7959136725892195
6.88070755200816,-1.0195740859509639,0.5657155957831517,-4.0936288636304035,0.9453550120531878,-6.9396999211616786,-1.5239357230443473,1.0933847860465224,0.0,1.7122078253524686,1.3414888374519438,-1.997287052213394
seed 779
Initial fitness values: [np.float64(3.2823944640948173), np.float64(2.9554137331819126), np.float64(2.949939300518981), np.float64(2.8114601377392496), np.float64(2.7423365637792063), np.float64(2.7301735006601726), np.float64(2.681807596039673), np.float64(2.674191403014909), np.float64(2.6719478392772853), np.float64(2.655896123550642)]
Final fitness values: [np.float64(2.486552608083395), np.float64(2.486552608083395), np.float64(2.486552378972993), np.float64(2.486552370507349), np.float64(2.486552370507349), np.float64(2.4865523406184256), np.float64(2.486552335910897), np.float64(2.486552335910897), np.float64(2.486552333574128), np.float64(2.486552328482098)]
HOF ITEM
2.486552328482098
2.6427041474483977,-0.022808581533480674,6.615659455628623,-7.0,2.2939408509431543,1.5047263831084294,-1.0424072570213467,2.0254072623544146,-4.681872939941618,1.2589450201031296,3.0,-0.6061926941221607
HOF ITEM
2.4865523318864753
2.6427041474483977,-0.022808581533480674,6.615659455628623,-7.0,2.2939408509431543,1.5047263831084294,-0.9891707767282217,2.1783465571489073,-4.975739261540609,1.2589450201031296,3.0,-0.6061926941221607
HOF ITEM
2.486552333574128
2.6427041474483977,-0.022808581533480674,6.615659455628623,-7.0,2.2939408509431543,1.5047263831084294,-0.899164265979254,2.5353559916507273,-4.681872939941618,1.2589450201031296,3.0,-0.6061926941221607
HOF ITEM
2.486552335910897
2.6427041474483977,-0.022808581533480674,6.615659455628623,-7.0,2.2939408509431543,1.5047263831084294,-1.2337930670801018,2.0254072623544146,-4.681872939941618,1.2589450201031296,3.0,-0.6061926941221607
HOF ITEM
2.4865523360909716
2.6427041474483977,-0.022808581533480674,6.615659455628623,-7.0,2.2939408509431543,1.5047263831084294,-0.899164265979254,2.69787424941696,-4.681872939941618,1.2589450201031296,3.0,-0.6061926941221607
best parameter set
fitness 2.359975611712683 seed 771
-2.7699251920237438,1.5674475367451999,0.9335983679592124,-3.0265900838064,5.85518301026114,-3.857011466183489,-2.0843580725961606,0.7204709770043812,-1.25766942914641,-1.5064745691063022,2.8234738270187294,-0.4555312452374318
