seeds are [570 571 572 573 574 575 576 577 578 579]
seed 570
Initial fitness values: [np.float64(5.994666995753567), np.float64(5.993283953243342), np.float64(5.547079751196176), np.float64(5.394954481430548), np.float64(5.149985378180321), np.float64(5.149985378180321), np.float64(4.604711903458711), np.float64(4.600374557810177), np.float64(4.563248891949458), np.float64(4.445251201912164)]
Final fitness values: [np.float64(4.120304628681327), np.float64(4.120304628681327), np.float64(4.116066929899773), np.float64(4.116066929899773), np.float64(4.116066929899773), np.float64(4.116066929899773), np.float64(4.116066929899773), np.float64(4.116066929899773), np.float64(4.116066929899773), np.float64(4.116066929899773)]
HOF ITEM
4.116066929899773
-2.8800362588537465,1.460919785210658,-1.558435185316828,-0.14810658848724664,2.5946510519869808,1.0898442401872257,-4.352919360583564,2.6638053620164603,-5.843872641859123,-1.8430838995543124,2.373846818033901,-2.4199211651751975
HOF ITEM
4.120304628681327
-2.8800362588537465,1.460919785210658,-1.775853760558152,-0.14810658848724664,2.5946510519869808,0.9883917582004017,-4.352919360583564,2.6638053620164603,-5.843872641859123,-1.8430838995543124,2.373846818033901,-2.5288638511657777
HOF ITEM
4.120304628682417
-2.8800362588537465,1.460919785210658,-1.775853760558152,-0.14810658848724664,2.5946510519869808,0.9883917582004017,-4.015559332571068,2.6638053620164603,-5.843872641859123,-1.8430838995543124,2.373846818033901,-2.5288638511657777
HOF ITEM
4.1203046292125345
-2.8800362588537465,1.460919785210658,-1.775853760558152,-0.14810658848724664,2.5946510519869808,0.9883917582004017,-3.5848710112456064,2.6638053620164603,-5.843872641859123,-1.8430838995543124,2.373846818033901,-2.5288638511657777
HOF ITEM
4.120324286207702
-2.8800362588537465,1.460919785210658,-1.775853760558152,-0.14810658848724664,2.5946510519869808,0.9883917582004017,-4.352919360583564,2.6638053620164603,-5.892934577647863,-1.8430838995543124,2.373846818033901,-2.5288638511657777
seed 571
Initial fitness values: [np.float64(5.753990510329671), np.float64(5.408135350387282), np.float64(5.366804345850255), np.float64(5.1827045194799695), np.float64(5.065594428338137), np.float64(4.973694520411103), np.float64(4.792799954649503), np.float64(4.58588762936073), np.float64(4.489153317362942), np.float64(4.428477965675663)]
Final fitness values: [np.float64(4.248438443141905), np.float64(4.248438440473766), np.float64(4.2484384324099835), np.float64(4.24840528056594), np.float64(4.2483985949703165), np.float64(4.2483985949703165), np.float64(4.248398348418615), np.float64(4.248392982126292), np.float64(4.248392982126292), np.float64(4.248388562655087)]
HOF ITEM
4.248388562655087
-2.5865037279247356,1.5512607180890516,4.181340927749119,1.4024878386922237,1.5617184310522743,-4.542486387385105,0.8508474554485911,1.4897725258723025,-4.2755252619009685,-1.3356273405583161,2.8262036913986335,-0.45076520378286367
HOF ITEM
4.248388934351745
-2.5865037279247356,1.5512607180890516,4.181340927749119,0.8184642407947573,1.5617184310522743,-4.530156826756201,1.2365502232950747,1.2838085783022453,-4.000964396263055,-1.3356273405583161,2.8262036913986335,-0.45076520378286367
HOF ITEM
4.248389353078269
-2.5865037279247356,1.5512607180890516,4.181340927749119,0.8184642407947573,1.5617184310522743,-4.542486387385105,0.8508474554485911,1.4305065872685103,-4.2755252619009685,-1.3356273405583161,2.8262036913986335,-0.45076520378286367
HOF ITEM
4.248390785790612
-2.5865037279247356,1.5512607180890516,4.181340927749119,0.9731723490361595,1.9218699407475521,-4.262472802012944,1.4173395574685324,1.4674412199560898,-4.000964396263055,-1.3356273405583161,2.8262036913986335,-0.45076520378286367
HOF ITEM
4.248392193881047
-2.5865037279247356,1.5512607180890516,4.198770655434526,1.4934263772102983,1.5617184310522743,-4.6620138237837905,0.8508474554485911,1.4897725258723025,-4.2755252619009685,-1.3356273405583161,2.8262036913986335,-0.45076520378286367
seed 572
Initial fitness values: [np.float64(6.121974686272873), np.float64(5.609086223373424), np.float64(5.5057988277713035), np.float64(5.240248077029271), np.float64(5.204932797347225), np.float64(5.036031401825706), np.float64(5.028712016765097), np.float64(5.023807515935386), np.float64(4.988127314689786), np.float64(4.973197123501236)]
Final fitness values: [np.float64(4.515267749626255), np.float64(4.51417073634822), np.float64(4.5140689789075035), np.float64(4.513748142815803), np.float64(4.513748142815803), np.float64(4.513748142815803), np.float64(4.513748142815803), np.float64(4.513748142815803), np.float64(4.513748142815803), np.float64(4.513748142815803)]
HOF ITEM
4.513748142815803
6.447923666930766,-1.5916454367727957,1.4957692674371543,0.4254269596657999,-2.5237489576277716,-5.5260159783489256,0.5858290490947806,3.0,-0.7048615168563638,1.279643597787798,2.31546991030478,-0.48979437383547697
HOF ITEM
4.5140689789075035
6.447923666930766,-1.5916454367727957,1.4957692674371543,0.4254269596657999,-2.5237489576277716,-5.53570380705197,0.5858290490947806,3.0,-0.7048615168563638,1.279643597787798,2.31546991030478,-0.48979437383547697
HOF ITEM
4.51417073634822
6.447923666930766,-1.5916454367727957,1.4957692674371543,0.4254269596657999,-2.5237489576277716,-5.53570380705197,0.5858290490947806,3.0,-0.8442778402397422,1.279643597787798,2.31546991030478,-0.48979437383547697
HOF ITEM
4.514333723825702
6.447923666930766,-1.5916454367727957,1.4957692674371543,0.5802718641485237,-2.449563759449515,-5.53570380705197,0.5858290490947806,3.0,-0.8442778402397422,1.279643597787798,2.31546991030478,-0.48979437383547697
HOF ITEM
4.5144845919303584
6.447923666930766,-1.5916454367727957,1.4957692674371543,0.4254269596657999,-2.5237489576277716,-5.5260159783489256,0.5858290490947806,3.0,-0.8442778402397422,1.279643597787798,2.31546991030478,-0.48979437383547697
seed 573
Initial fitness values: [np.float64(6.028227021479946), np.float64(5.76862223562947), np.float64(5.399588734060051), np.float64(5.050590526759633), np.float64(5.050587857038367), np.float64(5.004184410608019), np.float64(4.996890834363092), np.float64(4.972037553067096), np.float64(4.949963666563777), np.float64(4.949963666563777)]
Final fitness values: [np.float64(4.395918023723396), np.float64(4.395917936745045), np.float64(4.395890947994909), np.float64(4.393889487878112), np.float64(4.393889487878112), np.float64(4.393889487878112), np.float64(4.393124724096291), np.float64(4.393124724096291), np.float64(4.393124572304288), np.float64(4.393124572193985)]
HOF ITEM
4.393124572193985
2.0620036609597094,0.20804014525854297,2.054458017365924,-3.9729460141573,6.006389943947857,-0.16721000500427027,6.997552270218682,0.5237184035574076,-3.3526482158931112,1.2121105661846114,3.0,-0.4901400081550599
HOF ITEM
4.393124572304288
2.0620036609597094,0.20804014525854297,2.054458017365924,-3.9729460141573,6.006389943947857,-0.16721000500427027,6.997552270218682,0.7435866556632795,-3.421896105379299,1.2121105661846114,3.0,-0.4901400081550599
HOF ITEM
4.393124724093697
2.0620036609597094,0.20804014525854297,2.054458017365924,-4.154711015121225,6.006389943947857,-0.16721000500427027,6.997552270218682,0.5214416483203778,-3.3526482158931112,1.2121105661846114,3.0,-0.4901400081550599
HOF ITEM
4.393124724096057
2.0620036609597094,0.20804014525854297,2.054458017365924,-4.154711015121225,6.006389943947857,-0.16721000500427027,6.997552270218682,0.5237184035574076,-3.421896105379299,1.2121105661846114,3.0,-0.4901400081550599
HOF ITEM
4.393124724096291
2.0620036609597094,0.20804014525854297,2.054458017365924,-4.154711015121225,6.006389943947857,-0.16721000500427027,6.997552270218682,0.5237184035574076,-3.3526482158931112,1.2121105661846114,3.0,-0.4901400081550599
seed 574
Initial fitness values: [np.float64(6.599830895143654), np.float64(6.3392969864304725), np.float64(5.65159386743478), np.float64(5.249893502115274), np.float64(5.249893502115274), np.float64(5.175450524582874), np.float64(4.830968886475448), np.float64(4.830968886475448), np.float64(4.767174193709892), np.float64(4.5913741218978155)]
Final fitness values: [np.float64(4.304537731623656), np.float64(4.304537731623656), np.float64(4.304537731623656), np.float64(4.2975971550053815), np.float64(4.2975971550053815), np.float64(4.2975971550053815), np.float64(4.2975971550053815), np.float64(4.297400295032902), np.float64(4.2957697412380895), np.float64(4.295679152807038)]
HOF ITEM
4.295679152807038
-2.1007255947816685,1.455981957716968,3.2209167422225295,0.16116175096704588,-5.5579825609419675,-4.677868894895521,3.5651665344845402,0.0,-3.85746559769652,-0.9591202771829902,2.5695835664631628,-1.107028404888483
HOF ITEM
4.2957697412380895
-2.1007255947816685,1.455981957716968,3.2209167422225295,0.16116175096704588,-5.5579825609419675,-4.677868894895521,3.5651665344845402,0.01320177993522217,-4.1794153030796775,-0.9591202771829902,2.5695835664631628,-1.107028404888483
HOF ITEM
4.297387178218207
-2.1007255947816685,1.455981957716968,3.131090411634598,0.04509130165148509,-5.5579825609419675,-4.677868894895521,3.793392972421009,0.0,-4.3702136811310215,-0.9591202771829902,2.5695835664631628,-1.107028404888483
HOF ITEM
4.297400295032902
-2.1007255947816685,1.455981957716968,3.131090411634598,0.04509130165148509,-5.5579825609419675,-4.677868894895521,3.793392972421009,0.0,-3.85746559769652,-0.9591202771829902,2.5695835664631628,-1.107028404888483
HOF ITEM
4.297550678305861
-2.1007255947816685,1.455981957716968,3.131090411634598,0.04509130165148509,-5.5579825609419675,-4.677868894895521,3.7549423255172916,0.033971680155861265,-4.056648000629285,-0.9591202771829902,2.5695835664631628,-1.107028404888483
seed 575
Initial fitness values: [np.float64(5.932611025133973), np.float64(5.655130701010563), np.float64(5.556563751995554), np.float64(5.168529190226936), np.float64(5.107609932822399), np.float64(5.107571243237516), np.float64(5.078917351651839), np.float64(5.078917351651839), np.float64(5.014273707858919), np.float64(4.947212911320979)]
Final fitness values: [np.float64(4.271995898234023), np.float64(4.268550044388734), np.float64(4.268550044388734), np.float64(4.26762037548246), np.float64(4.26762037548246), np.float64(4.26762037548246), np.float64(4.266650882064209), np.float64(4.266650882064209), np.float64(4.266650882064209), np.float64(4.266650882064209)]
HOF ITEM
4.266650882064209
-4.446696545322247,1.3855781108929943,-0.7029221426361845,-3.9698472135408824,-0.3481208831068659,3.27960343986873,-2.3273805148019244,0.23427547474158888,-2.5053882953699222,-3.516290885104526,2.3265628933977824,-4.031022666764677
HOF ITEM
4.266688433956562
-4.446696545322247,1.3855781108929943,-0.7029221426361845,-3.9698472135408824,-0.3481208831068659,3.27960343986873,-2.3273805148019244,0.23427547474158888,-2.612371734675979,-3.516290885104526,2.3265628933977824,-4.031022666764677
HOF ITEM
4.2670859888546415
-4.446696545322247,1.3855781108929943,-0.7029221426361845,-3.9698472135408824,-0.3481208831068659,3.27960343986873,-2.3273805148019244,0.4881566182751387,-2.612371734675979,-3.516290885104526,2.3265628933977824,-4.031022666764677
HOF ITEM
4.26762037548246
-4.446696545322247,1.3855781108929943,-0.7029221426361845,-3.9698472135408824,-0.17017375627541437,3.3538058908613473,-2.1535800640919094,0.4881566182751387,-2.612371734675979,-3.516290885104526,2.3265628933977824,-4.031022666764677
HOF ITEM
4.2676700328584385
-4.446696545322247,1.3855781108929943,-0.7029221426361845,-3.9698472135408824,-0.17017375627541437,3.3538058908613473,-2.1535800640919094,0.4881566182751387,-2.5053882953699222,-3.516290885104526,2.3265628933977824,-4.031022666764677
seed 576
Initial fitness values: [np.float64(6.620999988721461), np.float64(6.125117824857622), np.float64(5.331941014549091), np.float64(5.301635929369082), np.float64(5.271696901314819), np.float64(5.25064466961296), np.float64(5.209276978172316), np.float64(5.0706401743475285), np.float64(4.953288519358571), np.float64(4.905872069795238)]
Final fitness values: [np.float64(4.532134781823536), np.float64(4.532134781823536), np.float64(4.532134781823536), np.float64(4.532134781823536), np.float64(4.531082096963788), np.float64(4.531082096963788), np.float64(4.531082096963788), np.float64(4.530404219991665), np.float64(4.529817936734516), np.float64(4.52981792468333)]
HOF ITEM
4.52981792468333
2.820978430964557,-0.5827648166036206,-4.297822983376337,-4.9777348738278615,0.5663961091022924,2.549116610033883,5.302386659812326,1.232362105532804,-3.10867136776441,0.5289911277681509,2.1462751230576544,-6.341480533730307
HOF ITEM
4.529817936734516
2.820978430964557,-0.5827648166036206,-4.297822983376337,-4.9777348738278615,0.5663961091022924,2.549116610033883,5.302386659812326,1.4890440960109124,-2.893943343732473,0.5289911277681509,2.1462751230576544,-6.341480533730307
HOF ITEM
4.529985197371523
2.8150418128203287,-0.5827648166036206,-4.297822983376337,-4.957295029615604,0.8944634624945634,2.549116610033883,5.326100943629551,0.9454659406929669,-2.893943343732473,0.5289911277681509,2.1462751230576544,-6.341480533730307
HOF ITEM
4.53033008352439
2.8150418128203287,-0.5827648166036206,-4.297822983376337,-4.9777348738278615,0.7752400491709289,2.549116610033883,5.302386659812326,1.232362105532804,-3.10867136776441,0.5289911277681509,2.1462751230576544,-6.341480533730307
HOF ITEM
4.530404219955751
2.8150418128203287,-0.5827648166036206,-4.297822983376337,-4.911974509676969,0.7752400491709289,2.549116610033883,5.302386659812326,1.232362105532804,-3.10867136776441,0.5289911277681509,2.1462751230576544,-6.341480533730307
seed 577
Initial fitness values: [np.float64(5.544073149362266), np.float64(5.235792327679792), np.float64(5.1680137772791905), np.float64(5.086998419544944), np.float64(5.086998419544944), np.float64(5.086998419544944), np.float64(5.070996887629091), np.float64(5.070996887629091), np.float64(5.070996887629091), np.float64(5.048190876692744)]
Final fitness values: [np.float64(4.394841479592795), np.float64(4.394841293883247), np.float64(4.39484126640113), np.float64(4.393679074246268), np.float64(4.393604785305848), np.float64(4.393604757644392), np.float64(4.393604757644392), np.float64(4.393604757644392), np.float64(4.391253854583875), np.float64(4.390675351125471)]
HOF ITEM
4.390675351125471
2.30916814666922,0.11997290446731249,-4.346881030998024,-6.1465605845455515,-2.6312835416547977,-3.310901430992148,-4.887073999369541,2.3176119309230083,-4.681765679008453,1.2037323366677457,3.0,-1.270372938763296
HOF ITEM
4.390675378786927
2.30916814666922,0.11997290446731249,-4.346881030998024,-6.1465605845455515,-2.6312835416547977,-3.310901430992148,-4.643492867159786,2.3176119309230083,-4.681765679008453,1.2037323366677457,3.0,-1.270372938763296
HOF ITEM
4.391253854583875
2.30916814666922,0.11997290446731249,-4.346881030998024,-6.1465605845455515,-2.6173062650257597,-3.310901430992148,-4.643492867159786,2.3176119309230083,-4.681765679008453,1.2037323366677457,3.0,-1.270372938763296
HOF ITEM
4.392307673866021
2.30916814666922,0.11997290446731249,-4.346881030998024,-6.1465605845455515,-2.6765898887938118,-3.310901430992148,-4.643492867159786,2.3176119309230083,-4.723237764751546,1.2037323366677457,3.0,-1.270372938763296
HOF ITEM
4.392410407635677
2.30916814666922,0.11997290446731249,-4.346881030998024,-6.1465605845455515,-2.6173062650257597,-3.310901430992148,-4.643492867159786,2.3176119309230083,-4.681765679008453,1.2037323366677457,3.0,-1.264176686629572
seed 578
Initial fitness values: [np.float64(5.869521227284791), np.float64(5.8005727943197725), np.float64(5.26338374737449), np.float64(5.025967742243006), np.float64(4.801971688389907), np.float64(4.716439842639191), np.float64(4.507701218963107), np.float64(4.507701218963107), np.float64(4.463307800639413), np.float64(4.459443707100027)]
Final fitness values: [np.float64(4.138946830527015), np.float64(4.138946830527015), np.float64(4.138946830527015), np.float64(4.131958304919308), np.float64(4.131958304919308), np.float64(4.131958304919308), np.float64(4.131958304919308), np.float64(4.125337084786803), np.float64(4.125337084786803), np.float64(4.125337084786803)]
HOF ITEM
4.125337084786803
-3.56172957184805,1.2215484768618536,-2.108610783225825,2.636172388413071,2.7174054920308803,4.4967508837335615,-3.6727357809239165,2.3790896057556976,-0.49899754497698445,-3.3759013963821545,1.9697119473037223,-7.0
HOF ITEM
4.131958304919308
-3.56172957184805,1.115523987328642,-2.108610783225825,2.636172388413071,2.7174054920308803,4.4967508837335615,-3.6727357809239165,2.3790896057556976,-0.49899754497698445,-3.3759013963821545,1.9697119473037223,-7.0
HOF ITEM
4.135285875198013
-3.7216585001127402,1.2929477050454115,-2.3209193541472497,2.636172388413071,3.3601409531129485,4.60239774079564,-3.6727357809239165,2.3658541139038283,-0.44066399267178635,-3.4384855537023724,1.9697119473037223,-7.0
HOF ITEM
4.135315095917779
-3.7216585001127402,1.2929477050454115,-2.265649077696372,2.636172388413071,3.240082684568724,4.60239774079564,-3.6727357809239165,2.3658541139038283,-0.44066399267178635,-3.4384855537023724,1.9697119473037223,-7.0
HOF ITEM
4.138946830527015
-3.699734272113974,1.2929477050454115,-2.265649077696372,2.636172388413071,3.240082684568724,4.60239774079564,-3.6727357809239165,2.3658541139038283,-0.49899754497698445,-3.4384855537023724,1.9697119473037223,-7.0
seed 579
Initial fitness values: [np.float64(5.824302393064494), np.float64(5.457328034274804), np.float64(5.410434200946309), np.float64(5.2467347955505), np.float64(4.992506499022298), np.float64(4.992506499022298), np.float64(4.5954622320262075), np.float64(4.592865209156943), np.float64(4.558117573958792), np.float64(4.546490408678038)]
Final fitness values: [np.float64(4.33494621467464), np.float64(4.334946203416315), np.float64(4.3341942817413255), np.float64(4.3341942817413255), np.float64(4.334194270862401), np.float64(4.3341730299329155), np.float64(4.3341730299329155), np.float64(4.3341730299329155), np.float64(4.334173019657916), np.float64(4.334173019657916)]
HOF ITEM
4.334173019657916
1.3025584829443944,0.5442520949494665,3.3551696974626184,-7.0,5.397743574388079,1.8780573142879924,-4.333681593805368,2.6516709589882352,-3.8549193527437113,1.0906536523656756,3.0,-0.5421047617104594
HOF ITEM
4.334173019657916
1.3025584829443944,0.5442520949494665,3.3551696974626184,-7.0,5.397743574388079,1.8780573142879924,-4.708746747184085,2.6516709589882352,-3.8549193527437113,1.0906536523656756,3.0,-0.5421047617104594
HOF ITEM
4.33417302472723
1.3025584829443944,0.5442520949494665,3.3551696974626184,-7.0,5.397743574388079,1.8780573142879924,-4.333681593805368,2.6516709589882352,-3.5343595086243615,1.0906536523656756,3.0,-0.5421047617104594
HOF ITEM
4.33417302472723
1.3025584829443944,0.5442520949494665,3.3551696974626184,-7.0,5.397743574388079,1.8780573142879924,-4.37827671166771,2.9474041975085545,-3.5343595086243615,1.0906536523656756,3.0,-0.5421047617104594
HOF ITEM
4.3341730299329155
1.3025584829443944,0.5442520949494665,3.3551696974626184,-7.0,5.397743574388079,1.8780573142879924,-4.37827671166771,2.6516709589882352,-3.286222389992123,1.0906536523656756,3.0,-0.5421047617104594
best parameter set
fitness 4.085549374218374 seed 578
-3.555244194958973,1.1507544967788998,-2.1078912259420495,2.6257806014499283,2.728355412505042,4.500905994587663,-3.672334832350952,2.378881679999712,-0.46658629101867194,-3.378314129584808,1.9537235166093585,-6.991227740714686
