seeds are [190 191 192 193 194 195 196 197 198 199]
seed 190
Initial fitness values: [np.float64(6.305061914623522), np.float64(6.2992409142776475), np.float64(5.8686709475930385), np.float64(5.263281459767192), np.float64(5.218700068227777), np.float64(4.949466417448178), np.float64(4.949466417448178), np.float64(4.917963884957862), np.float64(4.798531495866689), np.float64(4.539956343416244)]
Final fitness values: [np.float64(4.27605937326152), np.float64(4.27605937326152), np.float64(4.2737660676729154), np.float64(4.2737660676729154), np.float64(4.2737660676729154), np.float64(4.2737660676729154), np.float64(4.2737554570841265), np.float64(4.27345840722764), np.float64(4.273412310977654), np.float64(4.273401674087633)]
HOF ITEM
4.273401674087633
-0.7811286411993459,1.3123614603042384,5.118242152604045,-1.9816958923303156,5.825122244073319,5.48074947294838,-0.7285474532053493,1.9287397146707685,-1.4979183212856233,0.12849161451355678,2.775126463371543,-1.0314341162070986
HOF ITEM
4.273412310977654
-0.7811286411993459,1.3123614603042384,5.118242152604045,-1.9816958923303156,5.825122244073319,5.48074947294838,-0.7202444316084896,1.8186071472552543,-1.4979183212856233,0.12849161451355678,2.775126463371543,-1.0314341162070986
HOF ITEM
4.273413381955185
-0.7811286411993459,1.3123614603042384,5.118242152604045,-1.9816958923303156,5.825122244073319,5.48074947294838,-0.7285474532053493,1.8186071472552543,-1.4979183212856233,0.12849161451355678,2.775126463371543,-1.0314341162070986
HOF ITEM
4.27345840722764
-0.7811286411993459,1.3123614603042384,5.118242152604045,-1.9816958923303156,5.825122244073319,5.48074947294838,-0.9229196657943338,1.8186071472552543,-1.4979183212856233,0.12849161451355678,2.775126463371543,-1.0314341162070986
HOF ITEM
4.273753884656423
-0.7811286411993459,1.3123614603042384,5.118242152604045,-1.9816958923303156,5.828319124829427,5.48074947294838,-0.7202444316084896,1.9287397146707685,-1.4979183212856233,0.12849161451355678,2.775126463371543,-1.0314341162070986
seed 191
Initial fitness values: [np.float64(6.554648607807389), np.float64(4.670604774497627), np.float64(4.569913910674127), np.float64(4.541234018193014), np.float64(4.383207270529203), np.float64(4.383207270529203), np.float64(4.353783595571308), np.float64(4.287076506929342), np.float64(4.337849308089961), np.float64(4.322357298163775)]
Final fitness values: [np.float64(4.250328935909108), np.float64(4.250328935909108), np.float64(4.247907957945352), np.float64(4.246549067886011), np.float64(4.24654846857176), np.float64(4.24131746143256), np.float64(4.24131746143256), np.float64(4.241144187290468), np.float64(4.241144187290468), np.float64(4.241144187290468)]
HOF ITEM
4.241144187290468
-3.4815883846664577,1.5789223843342681,-0.13772821056976153,4.952693080613153,6.798889635197577,-2.7459827980663065,-2.236091070969383,2.8884267228414906,-2.423276967124914,-2.1908909410270145,2.758844724763495,-0.4895041147561457
HOF ITEM
4.241191262995018
-3.4815883846664577,1.5789223843342681,-0.13772821056976153,4.952693080613153,6.798889635197577,-2.7459827980663065,-2.236091070969383,2.8884267228414906,-2.0860937312246093,-2.1908909410270145,2.758844724763495,-0.4895041147561457
HOF ITEM
4.241315784939379
-3.4815883846664577,1.5789223843342681,-0.1398134139124103,4.952693080613153,6.798889635197577,-2.7459827980663065,-2.236091070969383,2.8884267228414906,-2.423276967124914,-2.1908909410270145,2.758844724763495,-0.4895041147561457
HOF ITEM
4.241316494991038
-3.4815883846664577,1.5789223843342681,-0.1398134139124103,4.952693080613153,6.798889635197577,-2.7459827980663065,-2.236091070969383,2.8884267228414906,-2.26643435593454,-2.1908909410270145,2.758844724763495,-0.4895041147561457
HOF ITEM
4.24131746143256
-3.4815883846664577,1.5789223843342681,-0.1398134139124103,4.952693080613153,6.798889635197577,-2.7459827980663065,-2.236091070969383,2.8884267228414906,-2.0860937312246093,-2.1908909410270145,2.758844724763495,-0.4895041147561457
seed 192
Initial fitness values: [np.float64(5.770375404664854), np.float64(5.475236652243529), np.float64(5.27054780602733), np.float64(5.197468671171336), np.float64(5.029374887257876), np.float64(4.857722258989062), np.float64(4.857722258989062), np.float64(4.857722258989062), np.float64(4.857722258989062), np.float64(4.704177389458568)]
Final fitness values: [np.float64(4.274563536533879), np.float64(4.274563536533879), np.float64(4.274563536533879), np.float64(4.274563536533879), np.float64(4.274563536533879), np.float64(4.274563536533879), np.float64(4.274563536533879), np.float64(4.274563536533879), np.float64(4.27391823031349), np.float64(4.273918230271502)]
HOF ITEM
4.273918230271502
0.056619942829645005,1.0678634227395194,3.889429192287938,-6.950184033644695,-3.7594545016190875,-0.8024350926914989,4.620046706109619,0.42880129858674765,-4.068812425265966,0.5485292028505973,2.894111753763792,-2.532498887020664
HOF ITEM
4.27391823031349
0.056619942829645005,1.0678634227395194,3.889429192287938,-6.950184033644695,-3.7594545016190875,-0.8024350926914989,4.620046706109619,0.42880129858674765,-4.049462652858659,0.5485292028505973,2.894111753763792,-2.532498887020664
HOF ITEM
4.273918266829792
0.056619942829645005,1.0678634227395194,3.889429192287938,-6.950184033644695,-3.7594545016190875,-0.8024350926914989,4.8493978810201375,0.42880129858674765,-4.068812425265966,0.5485292028505973,2.894111753763792,-2.532498887020664
HOF ITEM
4.274563489006798
0.05619224475091314,1.0678634227395194,3.889429192287938,-6.686077615566669,-3.7594545016190875,-0.8024350926914989,4.620046706109619,0.42880129858674765,-4.049462652858659,0.5485292028505973,2.894111753763792,-2.532498887020664
HOF ITEM
4.274563536533879
0.05619224475091314,1.0678634227395194,3.889429192287938,-6.686077615566669,-3.7594545016190875,-0.8024350926914989,4.8493978810201375,0.42880129858674765,-4.068812425265966,0.5485292028505973,2.894111753763792,-2.532498887020664
seed 193
Initial fitness values: [np.float64(5.600924938819494), np.float64(5.600924938819494), np.float64(5.393333328293094), np.float64(4.810561887257785), np.float64(4.759838917477704), np.float64(4.759838917477704), np.float64(4.440466809132756), np.float64(4.440466809132756), np.float64(4.440466809132756), np.float64(4.391662077331377)]
Final fitness values: [np.float64(4.164585563173789), np.float64(4.164585563173789), np.float64(4.164585563173789), np.float64(4.164585563173789), np.float64(4.164585563173789), np.float64(4.158699403791595), np.float64(4.158699403791595), np.float64(4.158699403791595), np.float64(4.130868277221451), np.float64(4.130868277221451)]
HOF ITEM
4.130868277221451
-2.106074122132233,1.4010575850910096,-1.1731706764716967,2.2515564755514195,4.868856347381143,5.603002932416382,-1.7019776556571298,3.0,-3.9722409890146197,-1.5421836276672396,2.3081665973889156,-6.422022536361973
HOF ITEM
4.143508433410425
-2.106074122132233,1.4010575850910096,-1.1731706764716967,2.2515564755514195,4.868856347381143,5.603002932416382,-1.6392749466977319,3.0,-3.9722409890146197,-1.5421836276672396,2.3081665973889156,-6.422022536361973
HOF ITEM
4.143736362341475
-2.106074122132233,1.4010575850910096,-1.1731706764716967,2.2515564755514195,4.868856347381143,5.603002932416382,-1.6392749466977319,3.0,-4.05337176161477,-1.5421836276672396,2.3081665973889156,-6.422022536361973
HOF ITEM
4.158699403791595
-2.106074122132233,1.4010575850910096,-1.1731706764716967,2.0134460949466577,4.549259431985967,5.603002932416382,-1.7019776556571298,3.0,-3.9722409890146197,-1.5421836276672396,2.3081665973889156,-6.422022536361973
HOF ITEM
4.159703296800978
-2.106074122132233,1.4010575850910096,-1.1731706764716967,2.2515564755514195,4.868856347381143,5.603002932416382,-1.6392749466977319,2.622778309202181,-4.242721278989791,-1.5421836276672396,2.3081665973889156,-6.422022536361973
seed 194
Initial fitness values: [np.float64(6.522933597857495), np.float64(5.235160521993505), np.float64(5.157481085545305), np.float64(4.912851138554984), np.float64(4.66429481363591), np.float64(4.66429481363591), np.float64(4.606059964492108), np.float64(4.49986694609895), np.float64(4.380358217298968), np.float64(4.380358217298968)]
Final fitness values: [np.float64(4.257011188963336), np.float64(4.257011019745889), np.float64(4.257011019745889), np.float64(4.257004372872714), np.float64(4.256980303591712), np.float64(4.256980303591712), np.float64(4.256980303591712), np.float64(4.256980303591712), np.float64(4.256877862099614), np.float64(4.256877862099614)]
HOF ITEM
4.256877862099614
-2.024933347237241,1.507131623785784,1.4464563116122395,3.5377098552213133,5.080638687158669,1.0699377622970712,5.56555580630387,0.01398067796402086,-3.4435006784430375,-0.8441774722351794,2.7939471620944847,-0.7179465372239108
HOF ITEM
4.256980303591712
-2.024933347237241,1.507131623785784,1.1994477693124879,3.394570131129281,5.080638687158669,0.8520786920957998,5.56555580630387,0.22258089830521838,-3.5389652549674726,-0.8441774722351794,2.7939471620944847,-0.7179465372239108
HOF ITEM
4.25698030576842
-2.024933347237241,1.507131623785784,1.1994477693124879,3.394570131129281,5.080638687158669,0.8520786920957998,5.56555580630387,0.22258089830521838,-3.540948735736005,-0.8441774722351794,2.7939471620944847,-0.7179465372239108
HOF ITEM
4.256980547534894
-2.024933347237241,1.507131623785784,1.1994477693124879,3.394570131129281,5.080638687158669,0.8520786920957998,5.56555580630387,0.22258089830521838,-3.790081092420559,-0.8441774722351794,2.7939471620944847,-0.7179465372239108
HOF ITEM
4.256980708974739
-2.024933347237241,1.507131623785784,1.1994477693124879,3.394570131129281,5.080638687158669,0.8520786920957998,5.556761888066449,0.22258089830521838,-3.5389652549674726,-0.8441774722351794,2.7939471620944847,-0.7179465372239108
seed 195
Initial fitness values: [np.float64(5.912070127492736), np.float64(5.463665816871238), np.float64(5.412691780344192), np.float64(5.4106732956038925), np.float64(5.023654985808605), np.float64(5.023654985808605), np.float64(4.978504085387924), np.float64(4.7236780123056965), np.float64(4.669585840477925), np.float64(4.553262572589837)]
Final fitness values: [np.float64(4.2600979166347965), np.float64(4.2600979166347965), np.float64(4.259916870507772), np.float64(4.2599151945296665), np.float64(4.2599151945296665), np.float64(4.2599151945296665), np.float64(4.2599151945296665), np.float64(4.259896945610331), np.float64(4.259892599965668), np.float64(4.259892599965668)]
HOF ITEM
4.259892599965668
-4.997907144718219,1.5761120526474495,-3.319632208754714,-4.279065161323593,-1.9036281036366152,-6.974078065706945,0.3001904098109419,0.5344967618603089,-5.1074806008109075,-3.728699764258021,2.217442549086824,-0.47165747870790264
HOF ITEM
4.259896945610331
-4.997907144718219,1.5761120526474495,-3.319632208754714,-4.483949866424883,-1.9459384223838807,-6.974078065706945,-0.012162004428637352,0.5344967618603089,-5.1074806008109075,-3.728699764258021,2.217442549086824,-0.47165747870790264
HOF ITEM
4.259903159012216
-4.997907144718219,1.5761120526474495,-3.319632208754714,-4.352508148628131,-1.9036281036366152,-6.974078065706945,-0.012162004428637352,0.26877229263555746,-5.1074806008109075,-3.728699764258021,2.217442549086824,-0.47165747870790264
HOF ITEM
4.259905482957132
-4.997907144718219,1.5761120526474495,-3.319632208754714,-4.483949866424883,-1.9263632705200866,-6.974078065706945,-0.012162004428637352,0.5344967618603089,-5.1074806008109075,-3.728699764258021,2.217442549086824,-0.47165747870790264
HOF ITEM
4.2599093805722
-4.997907144718219,1.5761120526474495,-3.308094926969433,-4.3912577474289085,-1.9263632705200866,-6.972587125392046,-0.012162004428637352,0.5767602076610476,-5.179741920178548,-3.728699764258021,2.217442549086824,-0.47165747870790264
seed 196
Initial fitness values: [np.float64(5.941860614121906), np.float64(5.864292145543881), np.float64(5.30584774652824), np.float64(5.234768232526107), np.float64(5.234768203415383), np.float64(5.230525674492525), np.float64(5.1885925391761285), np.float64(5.1885925391761285), np.float64(5.1885925391761285), np.float64(5.181309694865465)]
Final fitness values: [np.float64(5.095026741554797), np.float64(5.086120390959822), np.float64(5.0807782776619455), np.float64(5.072180451158186), np.float64(5.072180372752351), np.float64(5.067677054597419), np.float64(5.067530681490904), np.float64(5.063558101847876), np.float64(5.040399843406721), np.float64(5.040399843406721)]
HOF ITEM
5.040399843406721
-3.0230426537268285,1.7899741820942237,3.831950751568412,-3.1109149911519323,0.025599567465646067,-5.40802217442627,1.8644201770427942,2.4497258530967874,-3.622721863551341,-1.5091339462928746,1.3327178191183875,-0.9575604409776323
HOF ITEM
5.0436585518824595
-3.0230426537268285,1.7899741820942237,3.887387253568164,-2.622347713356461,-0.3883741175983094,-5.317058759955109,1.8985303905590067,2.562166595530341,-3.5907846444320186,-1.4482524484429282,1.3602513837607073,-1.22375054106644
HOF ITEM
5.047863525145753
-3.0230426537268285,1.7899741820942237,3.497083788812132,-3.1109149911519323,0.3310273350662172,-5.740861177632273,1.3631712033550796,2.3726277336563504,-3.4817219752877717,-1.4436574162770515,1.353130227774527,-1.2095338311738264
HOF ITEM
5.047907623261539
-3.0230426537268285,1.7899741820942237,3.497083788812132,-3.1109149911519323,-0.1291004308703357,-5.740861177632273,1.3631712033550796,2.3726277336563504,-3.4817219752877717,-1.4436574162770515,1.353130227774527,-1.2095338311738264
HOF ITEM
5.058737032979404
-3.0230426537268285,1.7899741820942237,4.156464599929059,-3.1109149911519323,0.3310273350662172,-5.786649801032535,2.078158219248293,2.6858118136317546,-3.8897683908996217,-1.4174478462117042,1.366898545005563,-1.3575270853607617
seed 197
Initial fitness values: [np.float64(5.609897267192378), np.float64(5.492754333549845), np.float64(5.208952752251873), np.float64(5.0881455208176165), np.float64(5.0853001011243535), np.float64(5.08502037169009), np.float64(5.076170261015631), np.float64(5.07336479235882), np.float64(5.0733200408032415), np.float64(5.0732939254962)]
Final fitness values: [np.float64(5.056569352765745), np.float64(5.056569352765745), np.float64(5.056569352765745), np.float64(5.056569352765745), np.float64(5.0563441575225845), np.float64(5.0563441575225845), np.float64(5.05623328221327), np.float64(5.05623328221327), np.float64(5.056019541038891), np.float64(5.056019541038891)]
HOF ITEM
5.056019541038891
7.0,-1.0300653039857566,4.587396723820948,-6.628102680949694,2.351123965827312,-1.6594054242211858,4.783895288240244,1.7368887673726332,-4.906746635171214,1.7834188405052296,1.2785949647510084,-3.8125717741532354
HOF ITEM
5.056060413269027
7.0,-1.0300653039857566,4.587396723820948,-6.628102680949694,2.159126357226539,-1.6594054242211858,5.492791856470606,1.7368887673726332,-4.906746635171214,1.7834188405052296,1.2785949647510084,-3.8125717741532354
HOF ITEM
5.056195548098293
7.0,-1.0300653039857566,4.587396723820948,-6.884136271356945,2.3992659427605427,-1.8615134255240149,5.255569516728073,1.5943136213229754,-4.621261089417883,1.7858409274978173,1.2785949647510084,-3.9346973960626204
HOF ITEM
5.056224372648849
7.0,-1.0300653039857566,5.14786116119958,-7.0,2.3992659427605427,-1.6594054242211858,5.255569516728073,1.6782442689461792,-4.680918499172125,1.7858409274978173,1.2785949647510084,-3.9346973960626204
HOF ITEM
5.056226813992073
7.0,-1.0300653039857566,4.851520310639219,-7.0,2.408209387440151,-1.6594054242211858,5.255569516728073,1.6782442689461792,-4.621261089417883,1.7858409274978173,1.2785949647510084,-3.9346973960626204
seed 198
Initial fitness values: [np.float64(5.932564585805609), np.float64(5.282288087198628), np.float64(5.1289981986500655), np.float64(5.01240261312449), np.float64(5.01240261312449), np.float64(4.970206672293218), np.float64(4.899015263523666), np.float64(4.597361547042723), np.float64(4.547099509467719), np.float64(4.547099509467719)]
Final fitness values: [np.float64(4.254491644428063), np.float64(4.254491644428063), np.float64(4.254491644428063), np.float64(4.254491644428063), np.float64(4.254491644428063), np.float64(4.254491644428063), np.float64(4.254491644428063), np.float64(4.254491644428063), np.float64(4.254491644428063), np.float64(4.254491644428063)]
HOF ITEM
4.254491644428063
-4.974679090907966,1.5805039412471171,-0.28744714774907354,5.46855444748086,1.6205531710497931,2.8744649560777527,-0.061654635486531884,0.8756129107978432,-3.7173422344992435,-4.346259510077761,2.2362605140821934,-6.50337625855656
HOF ITEM
4.25449236475973
-4.974679090907966,1.5805039412471171,-0.28744714774907354,5.46855444748086,1.6205531710497931,2.8744649560777527,-0.061654635486531884,0.8756129107978432,-3.4871829443329863,-4.346259510077761,2.2362605140821934,-6.50337625855656
HOF ITEM
4.2545275423599795
-4.974679090907966,1.5805039412471171,-0.28744714774907354,5.46855444748086,1.6205531710497931,2.8744649560777527,0.09995273885899697,0.8756129107978432,-3.7173422344992435,-4.346259510077761,2.2362605140821934,-6.50337625855656
HOF ITEM
4.254528271852062
-4.974679090907966,1.5805039412471171,-0.28744714774907354,5.46855444748086,1.6205531710497931,2.8744649560777527,0.09995273885899697,0.8756129107978432,-3.390757023058447,-4.346259510077761,2.2362605140821934,-6.50337625855656
HOF ITEM
4.254535357854566
-4.974679090907966,1.5805039412471171,-0.28744714774907354,5.46855444748086,1.6205531710497931,2.8744649560777527,0.09995273885899697,0.8927195741900225,-3.7173422344992435,-4.346259510077761,2.2362605140821934,-6.50337625855656
seed 199
Initial fitness values: [np.float64(5.994923708766129), np.float64(5.682846144029614), np.float64(5.3971647427108795), np.float64(5.315044793550502), np.float64(5.1848047061518105), np.float64(4.883967229006105), np.float64(4.765461571293113), np.float64(4.765461571293113), np.float64(4.765461571293113), np.float64(4.740093611194336)]
Final fitness values: [np.float64(4.4589674509422546), np.float64(4.4589674509422546), np.float64(4.458905254109062), np.float64(4.458888111143281), np.float64(4.458888111143281), np.float64(4.458888111143281), np.float64(4.458888111143281), np.float64(4.458888111143281), np.float64(4.458653113415957), np.float64(4.458653113415957)]
HOF ITEM
4.458653113415957
2.8692684182919344,-0.1074891110547519,5.277627039629781,-0.18396256088053464,-1.9170254506941278,1.46467576204833,0.5191722968014529,3.0,-5.103666149711315,1.1566612899368522,3.0,-2.9216550028221957
HOF ITEM
4.458753007442837
2.8692684182919344,-0.1074891110547519,5.149620194273246,-0.18396256088053464,-1.9170254506941278,1.46467576204833,0.5191722968014529,3.0,-5.103666149711315,1.1566612899368522,3.0,-2.9216550028221957
HOF ITEM
4.4587717024879385
2.8692684182919344,-0.1074891110547519,5.277627039629781,-0.18396256088053464,-1.9170254506941278,1.46467576204833,0.5594779149785515,3.0,-5.33311418141247,1.1566612899368522,3.0,-2.9216550028221957
HOF ITEM
4.458888111143281
2.8692684182919344,-0.1074891110547519,5.149620194273246,-0.18396256088053464,-1.9170254506941278,1.46467576204833,0.5594779149785515,3.0,-5.33311418141247,1.1566612899368522,3.0,-2.9216550028221957
HOF ITEM
4.458893028438828
2.8692684182919344,-0.1074891110547519,5.149620194273246,-0.18396256088053464,-1.9170254506941278,1.46467576204833,0.5594779149785515,3.0,-5.073235824176319,1.1566612899368522,3.0,-2.9216550028221957
best parameter set
fitness 4.129805318056272 seed 193
-2.105885392422976,1.4010428623136344,-1.1730673741389557,2.251535619944154,4.868877399208035,5.602899441169922,-1.7019936754461915,3.0,-3.972240703957619,-1.542381491677875,2.308240805543107,-6.42208351806731
