seeds are [490 491 492 493 494 495 496 497 498 499]
seed 490
Initial fitness values: [np.float64(5.35972432883907), np.float64(5.35972432883907), np.float64(5.031709040169064), np.float64(5.024299922115295), np.float64(4.962886561522005), np.float64(4.93601441693149), np.float64(4.852989138183642), np.float64(4.852989138183642), np.float64(4.736249071077333), np.float64(4.632886612944904)]
Final fitness values: [np.float64(4.509865245074407), np.float64(4.509865245074407), np.float64(4.509865245074407), np.float64(4.509864428349191), np.float64(4.509864428349191), np.float64(4.509864428349191), np.float64(4.509864428349191), np.float64(4.509864428349191), np.float64(4.509864428349191), np.float64(4.509864428349191)]
HOF ITEM
4.509864428349191
5.247822609227703,-1.334848254193277,1.64026995964669,-7.0,0.9311142722270843,6.463373018814767,-2.06999493343283,2.666080001221607,-2.894613899667418,0.8367948597076186,2.3919623770597167,-5.391151455363492
HOF ITEM
4.509865245074407
5.247822609227703,-1.334848254193277,1.64026995964669,-7.0,0.9311142722270843,6.463373018814767,-2.06999493343283,2.6394068065659617,-2.894613899667418,0.8367948597076186,2.3919623770597167,-5.391151455363492
HOF ITEM
4.509867184353531
5.247822609227703,-1.334848254193277,1.64026995964669,-7.0,0.9311142722270843,6.463373018814767,-2.06999493343283,2.6394068065659617,-2.9866243378121684,0.8367948597076186,2.3919623770597167,-5.391151455363492
HOF ITEM
4.5098688346492395
5.247822609227703,-1.334848254193277,1.64026995964669,-7.0,0.9311142722270843,6.463373018814767,-2.111982219624879,2.5370697717960544,-2.894613899667418,0.8367948597076186,2.3919623770597167,-5.391151455363492
HOF ITEM
4.509872490974413
5.247822609227703,-1.334848254193277,1.64026995964669,-7.0,0.9311142722270843,6.463373018814767,-2.06999493343283,2.4426899364340167,-2.8517218511304163,0.8367948597076186,2.3919623770597167,-5.391151455363492
seed 491
Initial fitness values: [np.float64(5.614581613327527), np.float64(5.460391696942587), np.float64(5.35112576233295), np.float64(5.196579329859658), np.float64(5.121552254169718), np.float64(5.104654163462324), np.float64(5.104348640919856), np.float64(5.070954233262971), np.float64(5.070954233262971), np.float64(5.070954233262971)]
Final fitness values: [np.float64(4.5280410804816835), np.float64(4.5234902737870115), np.float64(4.5234902737870115), np.float64(4.5234902737870115), np.float64(4.5234902737870115), np.float64(4.523205844561581), np.float64(4.523205844561581), np.float64(4.523205844561581), np.float64(4.523205842701637), np.float64(4.523205842701637)]
HOF ITEM
4.523205842701637
3.4731498024430776,-0.8292715502721428,-3.2484076396086716,4.381384114604272,6.1915424693600905,-2.2577215295599715,5.8209868067508905,1.4220727697647426,-3.300146084517777,1.1692479956626747,2.2418891885748455,-1.237316654662473
HOF ITEM
4.523205844561581
3.4731498024430776,-0.8292715502721428,-3.2484076396086716,4.381384114604272,6.1915424693600905,-2.2577215295599715,5.945561112112065,1.8188995796136078,-3.1615016557649613,1.1692479956626747,2.2418891885748455,-1.237316654662473
HOF ITEM
4.523205844561581
3.4731498024430776,-0.8292715502721428,-3.2484076396086716,4.381384114604272,6.1915424693600905,-2.2577215295599715,5.945561112112065,1.8188995796136078,-3.2823659293741216,1.1692479956626747,2.2418891885748455,-1.237316654662473
HOF ITEM
4.523205844561581
3.4731498024430776,-0.8292715502721428,-3.2484076396086716,4.381384114604272,6.1915424693600905,-2.2577215295599715,5.945561112112065,1.8188995796136078,-3.300146084517777,1.1692479956626747,2.2418891885748455,-1.237316654662473
HOF ITEM
4.523490272256569
3.4731498024430776,-0.8292715502721428,-3.2484076396086716,4.346586240424804,6.377254301890012,-2.2577215295599715,5.8209868067508905,1.4220727697647426,-3.2823659293741216,1.1692479956626747,2.2418891885748455,-1.2163332270782738
seed 492
Initial fitness values: [np.float64(5.6706563569924615), np.float64(5.303497704400016), np.float64(5.041299080025967), np.float64(4.468471114355275), np.float64(4.468471114355275), np.float64(4.46830942206565), np.float64(4.459268324416843), np.float64(4.452629767577383), np.float64(4.447479583025982), np.float64(4.426683221281021)]
Final fitness values: [np.float64(4.268112696924175), np.float64(4.268112696924175), np.float64(4.268112696924175), np.float64(4.268014806418789), np.float64(4.2680050422466795), np.float64(4.267860929567403), np.float64(4.264916417816629), np.float64(4.264777233162386), np.float64(4.264620939034839), np.float64(4.264620939034839)]
HOF ITEM
4.264620939034839
-0.6013177005230126,1.2691308829856975,-0.7992966219421987,-0.9309622048840306,5.8129469231152076,2.21558327926804,-0.8926153866701445,1.6589974490177188,-3.58181109880844,0.1615069985784535,2.8415440780559917,-2.5854781374205773
HOF ITEM
4.26462235423346
-0.6013177005230126,1.2691308829856975,-0.7992966219421987,-0.9309622048840306,5.8129469231152076,2.21558327926804,-0.9541384180724487,1.3178244059511086,-3.7714115876669028,0.1615069985784535,2.8415440780559917,-2.5854781374205773
HOF ITEM
4.264777233162386
-0.6013177005230126,1.2691308829856975,-0.7992966219421987,-0.8576739074553683,5.945403733907131,2.21558327926804,-1.3127314525521876,1.553273599380013,-3.9237372754223867,0.1615069985784535,2.8415440780559917,-2.5854781374205773
HOF ITEM
4.264786026147517
-0.6013177005230126,1.2691308829856975,-0.7992966219421987,-0.8576739074553683,5.945403733907131,2.21558327926804,-1.3127314525521876,1.553273599380013,-3.7714115876669028,0.1615069985784535,2.8415440780559917,-2.5854781374205773
HOF ITEM
4.264916417816629
-0.6013177005230126,1.2691308829856975,-0.7992966219421987,-0.8576739074553683,5.945403733907131,2.21558327926804,-1.3127314525521876,1.2997139114926235,-4.163047662672369,0.1615069985784535,2.8415440780559917,-2.5854781374205773
seed 493
Initial fitness values: [np.float64(6.137266690278462), np.float64(6.021577773713748), np.float64(5.275875082300724), np.float64(4.747594289920409), np.float64(4.646047373442226), np.float64(4.630194002718459), np.float64(4.630194002718459), np.float64(4.630194002718459), np.float64(4.6296898786320355), np.float64(4.603872300214177)]
Final fitness values: [np.float64(4.381230699629857), np.float64(4.381230699629857), np.float64(4.381230699629857), np.float64(4.381230699629857), np.float64(4.381230699629857), np.float64(4.381230699629857), np.float64(4.381228271193896), np.float64(4.3803953939835365), np.float64(4.3803953939835365), np.float64(4.3803953939835365)]
HOF ITEM
4.3803953939835365
1.548795784010218,0.4175455723194863,-1.5279543682953678,4.949309481437083,-2.9384674888756552,-5.447322850722993,4.721805304361657,0.39186836714008355,-2.279242279348794,0.9647530629618444,2.8809962690172313,-3.4750166322187157
HOF ITEM
4.380714103865248
1.548795784010218,0.4175455723194863,-1.5279543682953678,4.949309481437083,-2.9384674888756552,-5.447322850722993,4.83730543782815,0.39186836714008355,-2.7480418784748903,0.9647530629618444,2.8809962690172313,-3.4668293680154147
HOF ITEM
4.380715380625045
1.548795784010218,0.4175455723194863,-1.5279543682953678,4.949309481437083,-2.9384674888756552,-5.447322850722993,4.810030119762489,0.39186836714008355,-2.279242279348794,0.9647530629618444,2.8809962690172313,-3.4750166322187157
HOF ITEM
4.380910205421111
1.5567730123521715,0.4175455723194863,-1.4415288043731078,5.046368055409142,-2.9384674888756552,-5.447322850722993,4.721805304361657,0.39186836714008355,-2.279242279348794,0.9647530629618444,2.8809962690172313,-3.4750166322187157
HOF ITEM
4.38122817489197
1.5567730123521715,0.4175455723194863,-1.4415288043731078,5.046368055409142,-2.9384674888756552,-5.447322850722993,4.83730543782815,0.39186836714008355,-2.7480418784748903,0.9647530629618444,2.8809962690172313,-3.4750166322187157
seed 494
Initial fitness values: [np.float64(5.869037445173078), np.float64(5.593120947244248), np.float64(5.271707762462161), np.float64(4.636291823476668), np.float64(4.575435569417928), np.float64(4.410125217010151), np.float64(4.410125217010151), np.float64(4.364056859045581), np.float64(4.364056859045581), np.float64(4.364038999951592)]
Final fitness values: [np.float64(4.2626527502719025), np.float64(4.2626527502719025), np.float64(4.2626527502719025), np.float64(4.2626527502719025), np.float64(4.2626527502719025), np.float64(4.2626527502719025), np.float64(4.2626527502719025), np.float64(4.262652750271734), np.float64(4.262652750271734), np.float64(4.262652750271641)]
HOF ITEM
4.262652750271641
-0.8027963885550806,1.321430855551655,-1.8562400873436735,-1.9047555960717235,0.04967585777635147,-0.9376056868811762,5.071260474372141,2.15951062759674,-6.756229418432268,0.10593052252856525,2.8414665944706172,-1.2243895920593917
HOF ITEM
4.262652750271734
-0.8027963885550806,1.321430855551655,-1.8562400873436735,-1.9047555960717235,0.04967585777635147,-0.9376056868811762,5.259790747657951,1.7774918253770653,-6.756229418432268,0.10593052252856525,2.8414665944706172,-1.2243895920593917
HOF ITEM
4.262652750271734
-0.8027963885550806,1.321430855551655,-1.8562400873436735,-1.9047555960717235,0.04967585777635147,-0.9376056868811762,5.259790747657951,1.7774918253770653,-6.990610679402444,0.10593052252856525,2.8414665944706172,-1.2243895920593917
HOF ITEM
4.2626527502719025
-0.8027963885550806,1.321430855551655,-1.8562400873436735,-1.9047555960717235,0.04967585777635147,-0.9376056868811762,5.0836175292005175,1.7774918253770653,-6.990610679402444,0.10593052252856525,2.8414665944706172,-1.2243895920593917
HOF ITEM
4.2626527502719025
-0.8027963885550806,1.321430855551655,-1.8562400873436735,-1.9047555960717235,0.04967585777635147,-0.9376056868811762,5.0836175292005175,1.7774918253770653,-6.392095131520916,0.10593052252856525,2.8414665944706172,-1.2243895920593917
seed 495
Initial fitness values: [np.float64(5.238643801419709), np.float64(5.198914169412327), np.float64(5.113176069185667), np.float64(5.0796672941445005), np.float64(5.0796672941445005), np.float64(5.052957631760499), np.float64(4.907051515131337), np.float64(4.803599921598128), np.float64(4.803599921598128), np.float64(4.755351086150066)]
Final fitness values: [np.float64(4.272257761887327), np.float64(4.272262712233462), np.float64(4.272262712233462), np.float64(4.2722614854119385), np.float64(4.27226088206319), np.float64(4.27226088206319), np.float64(4.27225788874196), np.float64(4.27225788874196), np.float64(4.272257888065606), np.float64(4.2722576413590385)]
HOF ITEM
4.2722576413590385
-5.674964057220842,1.5792499789190644,7.0,-2.8616703201879203,-0.15330946077376878,4.26606062139841,0.02564525464801448,0.7900251021120478,-6.6959844640650745,-4.850302536854611,2.0574515743321293,-3.962351660635163
HOF ITEM
4.272257761887327
-5.674964057220842,1.5792499789190644,7.0,-2.851390056347725,-0.15330946077376878,4.26606062139841,0.47939024437642036,1.2259764055554976,-5.980086184479842,-4.850302536854611,2.0574515743321293,-3.962351660635163
HOF ITEM
4.272257888062879
-5.674964057220842,1.5792499789190644,7.0,-2.840830406460307,-0.15330946077376878,4.26606062139841,0.23849305476851412,1.1002785716877337,-6.840714115688932,-4.850302536854611,2.0574515743321293,-3.962351660635163
HOF ITEM
4.272257888062884
-5.674964057220842,1.5792499789190644,7.0,-2.840830406460307,-0.15330946077376878,4.26606062139841,0.23849305476851412,1.1002785716877337,-6.517936046493887,-4.850302536854611,2.0574515743321293,-3.962351660635163
HOF ITEM
4.272257888065606
-5.674964057220842,1.5792499789190644,7.0,-2.840830406460307,-0.15330946077376878,4.26606062139841,0.23849305476851412,1.1467064056114602,-6.840714115688932,-4.850302536854611,2.0574515743321293,-3.962351660635163
seed 496
Initial fitness values: [np.float64(5.328698863699206), np.float64(5.27269738069748), np.float64(5.076998605258826), np.float64(5.076998605258826), np.float64(4.86739017257873), np.float64(4.827450312300083), np.float64(4.743815730881586), np.float64(4.743815730881586), np.float64(4.73695532146642), np.float64(4.677793029762422)]
Final fitness values: [np.float64(4.456195878610791), np.float64(4.455771142611783), np.float64(4.455771142611783), np.float64(4.4553635466837145), np.float64(4.450051561912888), np.float64(4.449138074477818), np.float64(4.444950690422345), np.float64(4.444950690422345), np.float64(4.427727674812118), np.float64(4.427727674812118)]
HOF ITEM
4.427727674812118
3.6386774894019807,-0.3491858867721528,4.157570242323985,1.593018608250916,-2.745900386462544,3.027867006833625,0.5704163618231767,3.0,-1.9012764575889187,1.068710139739745,3.0,-5.399629980057906
HOF ITEM
4.436599248991465
3.511022204452605,-0.30299696417488187,4.157570242323985,1.5233881303315069,-2.935457857993703,2.907042292075965,0.5148361835989647,2.757776578051784,-2.06624105095388,1.068710139739745,3.0,-5.4530298218770055
HOF ITEM
4.44048435946724
3.511022204452605,-0.30299696417488187,4.157570242323985,1.5233881303315069,-2.935457857993703,2.916540857781425,0.5148361835989647,2.757776578051784,-2.06624105095388,1.068710139739745,3.0,-5.4530298218770055
HOF ITEM
4.444950690422345
3.511022204452605,-0.30299696417488187,4.157570242323985,1.5233881303315069,-2.935457857993703,2.916540857781425,0.5148361835989647,3.0,-1.625806651538757,1.068710139739745,3.0,-5.4530298218770055
HOF ITEM
4.445750304135447
3.6386774894019807,-0.3491858867721528,4.157570242323985,1.5233881303315069,-2.935457857993703,2.907042292075965,0.5148361835989647,3.0,-1.9012764575889187,1.068710139739745,3.0,-5.4530298218770055
seed 497
Initial fitness values: [np.float64(4.987605971439921), np.float64(4.987605971439921), np.float64(4.62933676586116), np.float64(4.537363219418321), np.float64(4.4759095833456835), np.float64(4.383751530181026), np.float64(4.383751530181026), np.float64(4.383751530181026), np.float64(4.383717599436894), np.float64(4.38023538056144)]
Final fitness values: [np.float64(4.252732677613208), np.float64(4.252732677613208), np.float64(4.252732677613208), np.float64(4.252732677613199), np.float64(4.252732677613182), np.float64(4.252732677613182), np.float64(4.252732677613182), np.float64(4.252732677613182), np.float64(4.252732677613182), np.float64(4.252732677613182)]
HOF ITEM
4.252732677613182
-3.2321195813086474,1.5942904220018277,-5.5588930398604015,-4.374644764216465,3.4864387261652694,-3.0871981294848654,5.505984978571018,1.6872171043698962,-0.5439649370663632,-2.032183697340361,2.8965113694643163,-2.12230942160632
HOF ITEM
4.252732677613182
-3.2321195813086474,1.5942904220018277,-5.5588930398604015,-4.374644764216465,3.4864387261652694,-3.0871981294848654,5.608621131824338,1.6872171043698962,-0.3133413442965847,-2.032183697340361,2.8965113694643163,-2.12230942160632
HOF ITEM
4.252732677613182
-3.2321195813086474,1.5942904220018277,-5.5588930398604015,-4.374644764216465,3.4864387261652694,-3.0871981294848654,5.505984978571018,1.6872171043698962,-0.6244203307865703,-2.032183697340361,2.8965113694643163,-2.12230942160632
HOF ITEM
4.252732677613182
-3.2321195813086474,1.5942904220018277,-5.5588930398604015,-4.374644764216465,3.4864387261652694,-3.0871981294848654,5.608621131824338,1.6872171043698962,-0.5439649370663632,-2.032183697340361,2.8965113694643163,-2.12230942160632
HOF ITEM
4.252732677613182
-3.2321195813086474,1.5942904220018277,-5.5588930398604015,-4.374644764216465,3.4864387261652694,-3.0871981294848654,5.608621131824338,1.6872171043698962,-0.6244203307865703,-2.032183697340361,2.8965113694643163,-2.12230942160632
seed 498
Initial fitness values: [np.float64(5.619375215473971), np.float64(5.619375215473971), np.float64(5.324315389485751), np.float64(5.193709394793514), np.float64(5.159768261981304), np.float64(5.140273183849719), np.float64(5.124055538647311), np.float64(5.1014957826284295), np.float64(5.0937302075002915), np.float64(5.09224135763533)]
Final fitness values: [np.float64(4.565446824892327), np.float64(4.5619027892751784), np.float64(4.5523346249349235), np.float64(4.5523346249349235), np.float64(4.531678514569467), np.float64(4.531659120227831), np.float64(4.531659120227831), np.float64(4.531659120227831), np.float64(4.531649683438026), np.float64(4.531649680321673)]
HOF ITEM
4.531649680321673
3.9430704793102764,-1.0063341750220667,5.656749118973612,-2.0008689597117346,-5.983486217815935,-4.937347975232009,2.2896783125453957,1.2989498390988392,-5.153188223391039,1.1641769663629533,2.2018963742735576,-1.1762637081524636
HOF ITEM
4.531649683438026
3.9430704793102764,-1.0063341750220667,5.656749118973612,-2.0008689597117346,-5.983486217815935,-4.937347975232009,2.2896783125453957,1.2989498390988392,-5.099657499884037,1.1641769663629533,2.2018963742735576,-1.1762637081524636
HOF ITEM
4.531651241351776
3.9430704793102764,-1.0063341750220667,5.633981278579426,-2.045738790503284,-5.983486217815935,-4.937347975232009,2.2896783125453957,1.199753930208431,-5.153188223391039,1.1641769663629533,2.2018963742735576,-1.1762637081524636
HOF ITEM
4.531659120227831
3.9430704793102764,-1.0063341750220667,5.576894123833676,-2.0008689597117346,-5.983486217815935,-4.937347975232009,2.2896783125453957,1.2989498390988392,-5.153188223391039,1.1641769663629533,2.2018963742735576,-1.1762637081524636
HOF ITEM
4.531659123603227
3.9430704793102764,-1.0063341750220667,5.576894123833676,-2.0008689597117346,-5.983486217815935,-4.937347975232009,2.2896783125453957,1.2989498390988392,-5.099657499884037,1.1641769663629533,2.2018963742735576,-1.1762637081524636
seed 499
Initial fitness values: [np.float64(5.365983003041725), np.float64(5.127916810822127), np.float64(5.092328668437277), np.float64(5.010796489155416), np.float64(4.974049346743074), np.float64(4.602122341868817), np.float64(4.538787104250688), np.float64(4.35810169616682), np.float64(4.300667048294194), np.float64(4.256258895584784)]
Final fitness values: [np.float64(4.124616686281052), np.float64(4.124616686281052), np.float64(4.124616686281052), np.float64(4.124616686281052), np.float64(4.124616686281052), np.float64(4.124616686281052), np.float64(4.118877070271853), np.float64(4.118877070271853), np.float64(4.117843149489456), np.float64(4.115779965107205)]
HOF ITEM
4.115779965107205
-2.6012552591259173,1.3619201071791125,-1.4006690248961795,1.1638293230055898,0.5662900858734472,-4.597761957396494,-4.6210645339322625,2.7517970729052976,-2.0475692507082934,-1.4109838089071676,2.2848691131773022,-0.5440534315924045
HOF ITEM
4.117843149489456
-2.6012552591259173,1.3619201071791125,-1.4006690248961795,1.1638293230055898,0.3404807098521805,-4.782458507006176,-4.6210645339322625,2.7517970729052976,-2.0475692507082934,-1.4109838089071676,2.2848691131773022,-0.5440534315924045
HOF ITEM
4.118282503430381
-2.6012552591259173,1.3619201071791125,-1.4006690248961795,1.1207180039235505,0.6207791992759621,-4.557661345802935,-4.991306071332242,2.7517970729052976,-2.627883787539161,-1.4109838089071676,2.2848691131773022,-0.5440534315924045
HOF ITEM
4.118877070271853
-2.6012552591259173,1.3619201071791125,-1.4006690248961795,0.9754155351456735,0.5662900858734472,-4.498545706220277,-4.4484453085577025,2.7517970729052976,-2.627883787539161,-1.4109838089071676,2.2676203435528692,-0.5440534315924045
HOF ITEM
4.1233022720528085
-2.6012552591259173,1.3619201071791125,-1.4006690248961795,0.9754155351456735,0.5662900858734472,-4.498545706220277,-4.774913755221821,2.7517970729052976,-2.627883787539161,-1.4109838089071676,2.2848691131773022,-0.5440534315924045
best parameter set
fitness 4.111198729901997 seed 499
-2.602152936525525,1.3618061207285401,-1.4010514792992086,0.9757541839742369,0.5659453084656443,-4.498157124883086,-4.774913755221821,2.7517970729052976,-2.6279050180725885,-1.4100312444967202,2.2848361598383216,-0.5424059334681396
