seeds are [260 261 262 263 264 265 266 267 268 269]
seed 260
Initial fitness values: [np.float64(3.434778284340651), np.float64(3.2572107817524407), np.float64(3.119201205613039), np.float64(3.080831352046977), np.float64(3.043459216849535), np.float64(3.00634163259062), np.float64(2.98147335396199), np.float64(2.942238419811104), np.float64(2.9298981084499363), np.float64(2.9085559962226855)]
Final fitness values: [np.float64(2.370844714346659), np.float64(2.370844714346659), np.float64(2.3676073445988424), np.float64(2.3676073445988424), np.float64(2.3676073445988424), np.float64(2.3676073445988424), np.float64(2.3676073445988424), np.float64(2.3676073445988424), np.float64(2.3676073445988424), np.float64(2.3676073445988424)]
HOF ITEM
2.3676073445988424
-2.9898489756251347,1.5594041522460045,-2.4591372153314475,1.5776642282657423,0.005076045880601399,1.994848117591122,3.403652859560339,2.3440567371583976,-1.6603442500123353,-2.023863761174691,2.823611174996791,-5.675481988628518
HOF ITEM
2.3676073445988424
-2.9898489756251347,1.5594041522460045,-2.4591372153314475,1.5776642282657423,0.005076045880601399,1.994848117591122,2.919246210893573,2.26326205288755,-1.8647604596748075,-2.023863761174691,2.823611174996791,-5.675481988628518
HOF ITEM
2.3676073445988424
-2.9898489756251347,1.5594041522460045,-2.4591372153314475,1.5776642282657423,0.005076045880601399,1.994848117591122,3.115023797572139,2.26326205288755,-1.545527781839645,-2.023863761174691,2.823611174996791,-5.675481988628518
HOF ITEM
2.3676073445988424
-2.9898489756251347,1.5594041522460045,-2.4591372153314475,1.5776642282657423,0.005076045880601399,1.994848117591122,3.619175539474838,2.26326205288755,-1.8647604596748075,-2.023863761174691,2.823611174996791,-5.675481988628518
HOF ITEM
2.3676073445988424
-2.9898489756251347,1.5594041522460045,-2.4591372153314475,1.5776642282657423,0.005076045880601399,1.994848117591122,3.203877458196187,2.26326205288755,-1.8647604596748075,-2.023863761174691,2.823611174996791,-5.675481988628518
seed 261
Initial fitness values: [np.float64(3.0780258223391326), np.float64(3.0780258223391326), np.float64(2.942309709514055), np.float64(2.942309709514055), np.float64(2.920313395161694), np.float64(2.8808726798002224), np.float64(2.867695902221886), np.float64(2.8614752781462016), np.float64(2.8343202728434775), np.float64(2.8343202728434775)]
Final fitness values: [np.float64(2.546964316872266), np.float64(2.546964316872266), np.float64(2.5418625925839433), np.float64(2.5418625925839433), np.float64(2.5416433043277453), np.float64(2.5416433043277453), np.float64(2.5416433043277453), np.float64(2.5416433043277453), np.float64(2.5416433043277453), np.float64(2.5416433043277453)]
HOF ITEM
2.5416433043277453
-4.113070730558623,2.005471498395187,4.318755934918093,3.777600033763319,0.6710032482728187,0.10779770356558292,-5.3718582200441185,2.272681051859581,-4.7577614060236275,-2.6124977145192525,0.6580519051282699,-4.220169668973926
HOF ITEM
2.5416433043885065
-4.113070730558623,2.005471498395187,4.318755934918093,3.777600033763319,0.6710032482728187,0.10779770356558292,-5.3718582200441185,2.2735332374631905,-4.7577614060236275,-2.6124977145192525,0.6580519051282699,-4.220169668973926
HOF ITEM
2.5418625925839433
-4.113070730558623,2.005471498395187,4.318755934918093,3.777600033763319,0.6710032482728187,0.10779770356558292,-5.3718582200441185,2.272681051859581,-4.7577614060236275,-2.6124977145192525,0.6580519051282699,-4.182993533770648
HOF ITEM
2.5418625926447063
-4.113070730558623,2.005471498395187,4.318755934918093,3.777600033763319,0.6710032482728187,0.10779770356558292,-5.3718582200441185,2.2735332374631905,-4.7577614060236275,-2.6124977145192525,0.6580519051282699,-4.182993533770648
HOF ITEM
2.5421539458498867
-4.113070730558623,2.005471498395187,4.318755934918093,3.777600033763319,0.6710032482728187,0.10779770356558292,-4.908514818612954,2.272681051859581,-4.487433466162878,-2.6124977145192525,0.6580519051282699,-4.071297928138333
seed 262
Initial fitness values: [np.float64(3.7224661019566105), np.float64(3.0901309487812467), np.float64(2.9284565455471614), np.float64(2.9284565455471614), np.float64(2.8355135758714907), np.float64(2.829711556713545), np.float64(2.819521790884817), np.float64(2.8014464329105415), np.float64(2.7964091426619433), np.float64(2.784786875788935)]
Final fitness values: [np.float64(2.550767139275618), np.float64(2.550767139275618), np.float64(2.550767139275618), np.float64(2.550767139275618), np.float64(2.550767139275618), np.float64(2.550767139275618), np.float64(2.550767139275618), np.float64(2.550767139275618), np.float64(2.5506731601916024), np.float64(2.550671346955855)]
HOF ITEM
2.550671346955855
5.477847188090535,-1.4031272914427357,0.6464942750455477,-5.3784903567731,-0.8261345216773595,-0.8135889924821398,1.5369126261686048,2.587579118810293,-4.218357401243555,1.2372748918176397,2.3699423363375165,-0.8321817476009341
HOF ITEM
2.5506731601916024
5.477847188090535,-1.4031272914427357,0.6464942750455477,-5.3784903567731,-0.8261345216773595,-0.8135889924821398,1.5369126261686048,2.587579118810293,-4.093543949547633,1.2372748918176397,2.3699423363375165,-0.8321817476009341
HOF ITEM
2.5507009392906914
5.477847188090535,-1.4031272914427357,0.6464942750455477,-5.3784903567731,-0.8261345216773595,-0.8135889924821398,1.3700068368385554,2.587579118810293,-4.485842571876905,1.2372748918176397,2.3699423363375165,-0.8321817476009341
HOF ITEM
2.550730783782149
5.477847188090535,-1.4031272914427357,0.6464942750455477,-5.3784903567731,-0.8261345216773595,-0.8135889924821398,1.4660140788978535,2.3266237319666403,-3.966775463196033,1.2371014641011382,2.3699423363375165,-0.8321817476009341
HOF ITEM
2.550767139275618
5.477847188090535,-1.4031272914427357,0.6464942750455477,-5.3784903567731,-0.8261345216773595,-0.8135889924821398,1.5369126261686048,2.2123955828172797,-4.218357401243555,1.2372748918176397,2.3699423363375165,-0.8321817476009341
seed 263
Initial fitness values: [np.float64(3.0609177701751955), np.float64(2.9133662362763753), np.float64(2.8687733777567517), np.float64(2.8111098445020213), np.float64(2.628515747600871), np.float64(2.568080846602177), np.float64(2.5229501995309622), np.float64(2.5229501995309622), np.float64(2.5229501995309622), np.float64(2.494515540123813)]
Final fitness values: [np.float64(2.4175080174771333), np.float64(2.415079311362655), np.float64(2.415079311362655), np.float64(2.415079311362655), np.float64(2.4150503024108936), np.float64(2.4150503024108936), np.float64(2.4150503024108936), np.float64(2.4117434611130246), np.float64(2.4117434430243203), np.float64(2.411743435317232)]
HOF ITEM
2.411743435317232
1.175507096800911,0.6074442688424299,-1.6543053194545407,-4.759523735273896,3.114161758154346,3.970784926791795,4.769946607285258,0.32793344505185507,-2.423214617374814,0.8383739313199231,3.0,-5.084846428735879
HOF ITEM
2.4117434430243203
1.175507096800911,0.6074442688424299,-1.6543053194545407,-4.7548061004447675,3.114161758154346,3.970784926791795,4.769946607285258,0.32793344505185507,-2.6397119732983017,0.8383739313199231,3.0,-5.084846428735879
HOF ITEM
2.4117434611130246
1.175507096800911,0.6074442688424299,-1.6543053194545407,-4.7548061004447675,3.114161758154346,3.970784926791795,4.769946607285258,0.32793344505185507,-2.423214617374814,0.8383739313199231,3.0,-5.084846428735879
HOF ITEM
2.4117437134213886
1.175507096800911,0.6074442688424299,-1.6543053194545407,-4.7548061004447675,3.114161758154346,3.970784926791795,5.00342075128571,0.32793344505185507,-2.6397119732983017,0.8383739313199231,3.0,-5.084846428735879
HOF ITEM
2.4139143167321704
1.175507096800911,0.6074442688424299,-1.6543053194545407,-4.962961012487275,3.4082227996427283,3.977759117073989,5.00342075128571,0.23441794775192532,-2.6397119732983017,0.8383739313199231,3.0,-5.084846428735879
seed 264
Initial fitness values: [np.float64(3.246188748882853), np.float64(2.895031271717526), np.float64(2.89264458119487), np.float64(2.89264458119487), np.float64(2.881257942171408), np.float64(2.863486755573305), np.float64(2.8616280056556485), np.float64(2.851880245659999), np.float64(2.8329153275888066), np.float64(2.82676753273135)]
Final fitness values: [np.float64(2.4009684023632576), np.float64(2.4009684023632576), np.float64(2.4009684023632576), np.float64(2.4009684023632576), np.float64(2.4009684023632576), np.float64(2.4009684023632576), np.float64(2.4009684023632576), np.float64(2.4009684023632576), np.float64(2.4009684023632576), np.float64(2.4009684023632576)]
HOF ITEM
2.4009684023632576
0.5311661976231792,0.9009350923894685,0.2377584491146168,-2.4073432078463255,0.0031008739672634955,0.33957360655770785,1.927280570447114,3.0,-0.743185179310743,0.8407799693110368,2.9035056847257246,-1.1194738427134072
HOF ITEM
2.4009684023632576
0.5311661976231792,0.9009350923894685,0.2377584491146168,-2.4073432078463255,0.0031008739672634955,0.33957360655770785,1.9897973638040751,2.9145169480715087,-0.6667293166678888,0.8407799693110368,2.9035056847257246,-1.1194738427134072
HOF ITEM
2.4009684023632576
0.5311661976231792,0.9009350923894685,0.2377584491146168,-2.4073432078463255,0.0031008739672634955,0.33957360655770785,1.7658452390246882,3.0,-0.678420357549448,0.8407799693110368,2.9035056847257246,-1.1194738427134072
HOF ITEM
2.4009684023632576
0.5311661976231792,0.9009350923894685,0.2377584491146168,-2.4073432078463255,0.0031008739672634955,0.33957360655770785,1.9897973638040751,2.9546792163034037,-0.6667293166678888,0.8407799693110368,2.9035056847257246,-1.1194738427134072
HOF ITEM
2.4009684023632576
0.5311661976231792,0.9009350923894685,0.2377584491146168,-2.4073432078463255,0.0031008739672634955,0.33957360655770785,1.9897973638040751,2.9546792163034037,-0.6023448869193424,0.8407799693110368,2.9035056847257246,-1.1194738427134072
seed 265
Initial fitness values: [np.float64(3.504965598872325), np.float64(3.3645484681782554), np.float64(3.224392001652621), np.float64(2.8977923279844378), np.float64(2.6896576265443963), np.float64(2.6896576265443963), np.float64(2.6881046571849634), np.float64(2.6452354668875357), np.float64(2.5954890889253193), np.float64(2.5866075349289592)]
Final fitness values: [np.float64(2.3955441676809324), np.float64(2.3955163354993756), np.float64(2.3955163354993756), np.float64(2.395516300494971), np.float64(2.395357344938735), np.float64(2.395357344938735), np.float64(2.395357344938735), np.float64(2.395357344938735), np.float64(2.395357344938735), np.float64(2.395357344938735)]
HOF ITEM
2.395357344938735
0.46938952609512175,0.9001249746271259,4.926569973941358,-2.624012376641291,0.5842650813639706,5.5152851766265245,0.031187121739552542,2.1802093890401655,-7.0,0.617508778180762,2.8693286011394457,-4.406121139871057
HOF ITEM
2.395357419554128
0.46938952609512175,0.9001249746271259,4.926569973941358,-2.624012376641291,0.5842650813639706,5.5152851766265245,0.031187121739552542,2.1802093890401655,-6.758675047539134,0.617508778180762,2.8693286011394457,-4.406121139871057
HOF ITEM
2.3953666425464872
0.46938952609512175,0.9001249746271259,4.926569973941358,-2.624012376641291,0.5842650813639706,5.5152851766265245,0.09610805747734766,2.1802093890401655,-7.0,0.617508778180762,2.8693286011394457,-4.406121139871057
HOF ITEM
2.3954645985262166
0.46938952609512175,0.9001249746271259,4.926569973941358,-2.84165835472146,0.5842650813639706,5.5152851766265245,0.09610805747734766,1.979436373650979,-6.898820804726083,0.617508778180762,2.8693286011394457,-4.406121139871057
HOF ITEM
2.395516300494971
0.46938952609512175,0.9001249746271259,4.926569973941358,-2.624012376641291,0.5842650813639706,5.5152851766265245,0.09610805747734766,1.7628123353148832,-7.0,0.617508778180762,2.8693286011394457,-4.406121139871057
seed 266
Initial fitness values: [np.float64(3.202177839091907), np.float64(3.150195033874343), np.float64(2.9626274681141718), np.float64(2.9168263187301706), np.float64(2.898106815134201), np.float64(2.8895729222585187), np.float64(2.881387890484276), np.float64(2.881387890484276), np.float64(2.8481301359167492), np.float64(2.8038983898286993)]
Final fitness values: [np.float64(2.3656321914592704), np.float64(2.3656321914592704), np.float64(2.3656321914592704), np.float64(2.3656321914592704), np.float64(2.3656321914592704), np.float64(2.3656321914592704), np.float64(2.3656321914592704), np.float64(2.3656321914592704), np.float64(2.3656256480993054), np.float64(2.3656256480993054)]
HOF ITEM
2.3656256480993054
-5.056607684840491,1.5846883250731556,2.314569469437893,-2.700934706310653,-0.24370902504389394,-0.7147097019925321,4.484935190194526,3.0,-0.41379277792898406,-3.8048624273104217,2.1997248794199153,-0.6947225508039505
HOF ITEM
2.3656256480993054
-5.056607684840491,1.5846883250731556,2.314569469437893,-2.700934706310653,-0.24370902504389394,-0.7147097019925321,4.484935190194526,2.899987747868455,-0.3735188991987274,-3.8048624273104217,2.1997248794199153,-0.6947225508039505
HOF ITEM
2.3656256480993054
-5.056607684840491,1.5846883250731556,2.314569469437893,-2.700934706310653,-0.24370902504389394,-0.7147097019925321,4.398983305142622,3.0,-0.41379277792898406,-3.8048624273104217,2.1997248794199153,-0.6947225508039505
HOF ITEM
2.3656321914592704
-5.056607684840491,1.5846883250731556,2.314569469437893,-2.6700585332647995,-0.24370902504389394,-0.7147097019925321,4.135834125632432,3.0,-0.41379277792898406,-3.8048624273104217,2.1997248794199153,-0.6947225508039505
HOF ITEM
2.3656321914592704
-5.056607684840491,1.5846883250731556,2.314569469437893,-2.6700585332647995,-0.24370902504389394,-0.7147097019925321,4.484935190194526,2.899987747868455,-0.41379277792898406,-3.8048624273104217,2.1997248794199153,-0.6947225508039505
seed 267
Initial fitness values: [np.float64(2.5733629493008343), np.float64(2.5733629493008343), np.float64(2.5733629493008343), np.float64(2.5135968966166664), np.float64(2.4826845662515784), np.float64(2.4550341143694516), np.float64(2.4261645395459164), np.float64(2.4261645395459164), np.float64(2.4060197934922387), np.float64(2.4042732895546903)]
Final fitness values: [np.float64(2.368310145516276), np.float64(2.368310145516276), np.float64(2.368310145516276), np.float64(2.368310145516276), np.float64(2.3682450021489405), np.float64(2.3682429052759946), np.float64(2.3682429052759946), np.float64(2.3682429052759946), np.float64(2.3682429052759946), np.float64(2.3682429052759946)]
HOF ITEM
2.3682429052759946
-5.175096665475027,1.5836047487036784,3.0155618523639993,1.9826007794222371,-2.2488197852069085,-2.461386970296334,0.6299289219829856,0.5408247361708663,-0.9726413538234329,-3.9403362611379618,2.1578980972714623,-0.8184814693702221
HOF ITEM
2.3682431532568162
-5.175096665475027,1.5836047487036784,3.0155618523639993,1.9826007794222371,-2.2488197852069085,-2.461386970296334,0.7797604510838347,0.5139331919183532,-0.9726413538234329,-3.9403362611379618,2.1578980972714623,-0.8184814693702221
HOF ITEM
2.368243757546846
-5.175096665475027,1.5836047487036784,3.0155618523639993,1.9826007794222371,-2.2488197852069085,-2.461386970296334,0.6299289219829856,0.5408247361708663,-0.8355728523739996,-3.9403362611379618,2.1578980972714623,-0.8184814693702221
HOF ITEM
2.3682450021489405
-5.175096665475027,1.5836047487036784,3.0155618523639993,1.9826007794222371,-2.2488197852069085,-2.461386970296334,0.6299289219829856,0.5139331919183532,-0.9726413538234329,-3.9403362611379618,2.1578980972714623,-0.8184814693702221
HOF ITEM
2.3682452478103175
-5.175096665475027,1.5836047487036784,3.0155618523639993,1.9826007794222371,-2.2488197852069085,-2.461386970296334,0.6299289219829856,0.5139331919183532,-1.0223383652361835,-3.9403362611379618,2.1578980972714623,-0.8184814693702221
seed 268
Initial fitness values: [np.float64(3.271432525749614), np.float64(3.0591664923218813), np.float64(2.8839247500159635), np.float64(2.8715014654401463), np.float64(2.846848922580284), np.float64(2.843966963788449), np.float64(2.8410150060552226), np.float64(2.8367306666213805), np.float64(2.822823300509203), np.float64(2.8148782390476557)]
Final fitness values: [np.float64(2.804411154382004), np.float64(2.8044047306129922), np.float64(2.804389962855112), np.float64(2.804389962855112), np.float64(2.804389502855818), np.float64(2.804389502855818), np.float64(2.8043819450628176), np.float64(2.8043819450628176), np.float64(2.8043819450628176), np.float64(2.8043802807886373)]
HOF ITEM
2.8043802807886373
5.180359548074016,-0.6849987851961366,-1.0122608339913814,-5.272053328819602,3.4033848538422586,-1.4075951653722711,-6.990274497955276,1.021110013623964,0.0,1.6207024140204016,1.319825711411037,-4.617617893133176
HOF ITEM
2.8043819450628176
5.180359548074016,-0.6849987851961366,-1.0122608339913814,-4.722074928806564,3.4033848538422586,-1.4075951653722711,-7.0,0.9209378596609692,0.0,1.6207024140204016,1.319825711411037,-4.617617893133176
HOF ITEM
2.8043819450628176
5.180359548074016,-0.6849987851961366,-1.0122608339913814,-4.722074928806564,3.4033848538422586,-1.4075951653722711,-7.0,1.1609427865062107,0.0,1.6207024140204016,1.319825711411037,-4.617617893133176
HOF ITEM
2.804388335541804
5.180359548074016,-0.6849987851961366,-1.0122608339913814,-5.055823868477562,3.358492060245658,-1.4075951653722711,-7.0,1.1609427865062107,0.0,1.6207024140204016,1.319825711411037,-4.617617893133176
HOF ITEM
2.804388335541804
5.180359548074016,-0.6849987851961366,-1.0122608339913814,-5.055823868477562,3.358492060245658,-1.4075951653722711,-7.0,0.9209378596609692,0.0,1.6207024140204016,1.319825711411037,-4.617617893133176
seed 269
Initial fitness values: [np.float64(3.1789176108813373), np.float64(3.0853887604564516), np.float64(3.0278964295016686), np.float64(2.815926769343167), np.float64(2.814675060542676), np.float64(2.78347969409383), np.float64(2.7782237898862183), np.float64(2.743312251080911), np.float64(2.6014167998767275), np.float64(2.5633948784398246)]
Final fitness values: [np.float64(2.359214983076745), np.float64(2.3591231235667482), np.float64(2.3591231235667482), np.float64(2.3591231235667482), np.float64(2.3591231235667482), np.float64(2.3591231235667482), np.float64(2.3591231235667482), np.float64(2.3591231235667482), np.float64(2.358290143912524), np.float64(2.358290143912524)]
HOF ITEM
2.358290143912524
-4.171763396448176,1.599875924676876,0.777076393480288,-2.8303004056946133,-4.037496397140798,-5.153447362911985,-3.81450640951298,1.902454798826309,-5.157114214184078,-2.8915844468881526,2.503650448947821,-0.5747748733068778
HOF ITEM
2.3591231235667482
-4.171763396448176,1.599875924676876,0.777076393480288,-2.9645775137128525,-4.165496451548343,-5.153447362911985,-3.81450640951298,1.8853558198652356,-5.157114214184078,-2.8915844468881526,2.503650448947821,-0.5898249967198609
HOF ITEM
2.359179403327997
-4.171763396448176,1.599875924676876,0.6395989243049116,-3.268021732865097,-4.165496451548343,-5.153447362911985,-3.81450640951298,1.8887859261204933,-5.17202064285599,-2.8915844468881526,2.503650448947821,-0.5898249967198609
HOF ITEM
2.359214496093129
-4.171763396448176,1.599875924676876,0.777076393480288,-2.9645775137128525,-4.165496451548343,-5.153447362911985,-3.8708326830205917,1.8853558198652356,-4.898727326813022,-2.8915844468881526,2.503650448947821,-0.5898249967198609
HOF ITEM
2.359214983076745
-4.171763396448176,1.599875924676876,0.777076393480288,-2.9645775137128525,-4.165496451548343,-5.153447362911985,-3.8708326830205917,1.8853558198652356,-5.157114214184078,-2.8915844468881526,2.503650448947821,-0.5898249967198609
best parameter set
fitness 2.353966343613469 seed 269
-4.168645407823657,1.58990473672605,0.7770621966663689,-2.9645672278244852,-4.165447213035055,-5.153529849161047,-3.8144677155262015,1.8854043485007579,-5.157143798944583,-2.8949172504264893,2.5019884281058027,-0.5895831220762622
