seeds are [870 871 872 873 874 875 876 877 878 879]
seed 870
Initial fitness values: [np.float64(3.0103649420488674), np.float64(2.8550852112138836), np.float64(2.8550852112138836), np.float64(2.7004620989460566), np.float64(2.643039535100425), np.float64(2.5514470896566763), np.float64(2.4808251991903902), np.float64(2.454797679150435), np.float64(2.38375949719455), np.float64(2.3837580419829507)]
Final fitness values: [np.float64(2.367135161318676), np.float64(2.3670938536453727), np.float64(2.3670938536453727), np.float64(2.367070569489133), np.float64(2.367070569489133), np.float64(2.367070569489133), np.float64(2.367070569489133), np.float64(2.3670347739709454), np.float64(2.3670347739709454), np.float64(2.366930844097743)]
HOF ITEM
2.366930844097743
-2.2940520472709824,1.5481103938282923,-5.702684789292707,-2.6356074993237555,4.942527810371206,0.6177378413502339,3.708579510854057,2.3311599492476187,-7.0,-1.35679320431528,2.8826845507318923,-5.768305973462418
HOF ITEM
2.367026255499721
-2.2940520472709824,1.5481103938282923,-5.702684789292707,-2.996774673576198,4.934099514126594,0.6177378413502339,3.708579510854057,2.737557533115575,-7.0,-1.35679320431528,2.8826845507318923,-5.768305973462418
HOF ITEM
2.3670347739709454
-2.2940520472709824,1.5481103938282923,-5.702684789292707,-2.8193530930933393,5.137273194601174,0.6177378413502339,3.708579510854057,2.737557533115575,-7.0,-1.35679320431528,2.8826845507318923,-5.768305973462418
HOF ITEM
2.3670347739709454
-2.2940520472709824,1.5481103938282923,-5.702684789292707,-2.8193530930933393,5.137273194601174,0.6177378413502339,3.4981811378465126,2.737557533115575,-7.0,-1.35679320431528,2.8826845507318923,-5.768305973462418
HOF ITEM
2.3670347739709454
-2.2940520472709824,1.5481103938282923,-5.702684789292707,-2.8193530930933393,5.137273194601174,0.6177378413502339,3.4981811378465126,2.737557533115575,-6.994356298283422,-1.35679320431528,2.8826845507318923,-5.768305973462418
seed 871
Initial fitness values: [np.float64(3.318349351897506), np.float64(3.210486185779261), np.float64(2.9433199839294693), np.float64(2.9433199839294693), np.float64(2.925532525406994), np.float64(2.8790802641490654), np.float64(2.8686645008775136), np.float64(2.8686645008775136), np.float64(2.851844201487597), np.float64(2.851844201487597)]
Final fitness values: [np.float64(2.830955702528848), np.float64(2.830955702528848), np.float64(2.830864634948731), np.float64(2.830864634948731), np.float64(2.8308022371609196), np.float64(2.8308017072177263), np.float64(2.830461985077984), np.float64(2.830461985077984), np.float64(2.8304608929482558), np.float64(2.830458954216369)]
HOF ITEM
2.830458954216369
1.4989195622400608,0.6521115795383411,0.9048698935886506,0.5861671835640565,5.060905094910409,-7.0,3.8644021130823596,3.0,-4.551455413507,1.5632959675920846,1.3160405770844668,-3.656684888477852
HOF ITEM
2.830459493480932
1.4989195622400608,0.6521115795383411,1.3243436935089923,0.4264984693015705,4.770175873213762,-6.5581237963639225,3.682833356998011,3.0,-4.505025955676853,1.5632959675920846,1.3160405770844668,-3.656684888477852
HOF ITEM
2.8304608929482558
1.4989195622400608,0.6521115795383411,1.3243436935089923,0.5861671835640565,4.770175873213762,-6.617526522862744,3.8750723741908977,3.0,-4.541708135595811,1.5632959675920846,1.3160405770844668,-3.656684888477852
HOF ITEM
2.830461985077984
1.4989195622400608,0.6521115795383411,0.9048698935886506,0.5861671835640565,4.770175873213762,-6.804294416618035,3.6978717410396706,3.0,-4.541708135595811,1.5632959675920846,1.3160405770844668,-3.656684888477852
HOF ITEM
2.830461985077984
1.4989195622400608,0.6521115795383411,0.9048698935886506,0.5861671835640565,4.770175873213762,-6.804294416618035,3.601698969504958,3.0,-4.541708135595811,1.5632959675920846,1.3160405770844668,-3.656684888477852
seed 872
Initial fitness values: [np.float64(3.0482862543047897), np.float64(3.0482862543047897), np.float64(2.7619517640676507), np.float64(2.7619517640676277), np.float64(2.7619517640676277), np.float64(2.7619517640676277), np.float64(2.7619517640676277), np.float64(2.7619517640676268), np.float64(2.761951764067475), np.float64(2.7619517640627054)]
Final fitness values: [np.float64(2.3667965044575725), np.float64(2.3667965044575725), np.float64(2.3667965044575725), np.float64(2.3667965044575725), np.float64(2.3667965044575725), np.float64(2.3667965044575725), np.float64(2.3667965044575725), np.float64(2.3667965044575725), np.float64(2.3667965044575725), np.float64(2.3667965044575725)]
HOF ITEM
2.3667965044575725
-4.479695466492462,1.616783774198661,-2.893670609354628,-1.4739522476960079,0.8824595759765391,-1.6404245624970344,5.763125195619237,2.0994977931167242,-5.555189290068901,-3.266803158935568,2.3750658498225525,-1.3561628606474807
HOF ITEM
2.3667965044575725
-4.479695466492462,1.616783774198661,-2.893670609354628,-1.4739522476960079,0.8824595759765391,-1.6404245624970344,5.763125195619237,1.704662360787736,-5.506408376409994,-3.266803158935568,2.3750658498225525,-1.3561628606474807
HOF ITEM
2.3667965044575725
-4.479695466492462,1.616783774198661,-2.893670609354628,-1.4739522476960079,0.8824595759765391,-1.6404245624970344,5.763125195619237,1.704662360787736,-5.555189290068901,-3.266803158935568,2.3750658498225525,-1.3561628606474807
HOF ITEM
2.3667965044575725
-4.479695466492462,1.616783774198661,-2.893670609354628,-1.4739522476960079,0.8824595759765391,-1.6404245624970344,5.763125195619237,2.0994977931167242,-5.506408376409994,-3.266803158935568,2.3750658498225525,-1.3561628606474807
HOF ITEM
2.3667965044575725
-4.479695466492462,1.616783774198661,-2.893670609354628,-1.4739522476960079,0.8824595759765391,-1.6404245624970344,5.763125195619237,2.0994977931167242,-5.382807594845799,-3.266803158935568,2.3750658498225525,-1.3561628606474807
seed 873
Initial fitness values: [np.float64(2.896640441516816), np.float64(2.896640441516816), np.float64(2.896640441516816), np.float64(2.816249549613767), np.float64(2.816249549613767), np.float64(2.808662274362631), np.float64(2.7859880153237238), np.float64(2.7643271224568045), np.float64(2.7643271224568045), np.float64(2.6625691531655207)]
Final fitness values: [np.float64(2.370244281719826), np.float64(2.3692433772130355), np.float64(2.3692433772130355), np.float64(2.3692433772130355), np.float64(2.3692433772130355), np.float64(2.3692292787803035), np.float64(2.3691990905495923), np.float64(2.3691487536362392), np.float64(2.3691487536362392), np.float64(2.369141111959706)]
HOF ITEM
2.369141111959706
-5.2174830013009394,1.5764044537902775,-0.9182294222238104,-0.28314750065351807,4.371626188577158,4.529123631741909,6.296900543182043,1.7394573865348912,-0.8773910830535128,-4.470927909119995,2.145826769186742,-4.968457773833637
HOF ITEM
2.3691487536362392
-5.2174830013009394,1.5764044537902775,-0.9182294222238104,-0.2238132361459113,4.397413705316166,4.529123631741909,6.380551105641077,1.9973681562098924,-1.0487462534979937,-4.470927909119995,2.145826769186742,-4.968457773833637
HOF ITEM
2.3691487536362392
-5.2174830013009394,1.5764044537902775,-0.9182294222238104,-0.2238132361459113,4.397413705316166,4.529123631741909,6.208804538275176,2.0392216007356416,-1.0487462534979937,-4.470927909119995,2.145826769186742,-4.968457773833637
HOF ITEM
2.369163754096569
-5.2174830013009394,1.5764044537902775,-0.9182294222238104,-0.2238132361459113,4.371626188577158,4.529123631741909,6.998658448010302,2.2743699386059775,-0.5522910356762509,-4.470927909119995,2.145826769186742,-4.968457773833637
HOF ITEM
2.3691990905495923
-5.2174830013009394,1.5764044537902775,-0.9182294222238104,-0.32859792819398215,4.2446828360786295,4.529123631741909,6.380551105641077,1.9973681562098924,-0.7551240147742676,-4.470927909119995,2.145826769186742,-4.968457773833637
seed 874
Initial fitness values: [np.float64(3.5075239369908515), np.float64(3.348976428849293), np.float64(3.2575525366975207), np.float64(2.8710417538446977), np.float64(2.7577947086366317), np.float64(2.6463023913387715), np.float64(2.6458844314992156), np.float64(2.4148636253271203), np.float64(2.4148636253271203), np.float64(2.407790603733093)]
Final fitness values: [np.float64(2.393937471161388), np.float64(2.393937471161388), np.float64(2.393937471161388), np.float64(2.393937471161388), np.float64(2.393937471161388), np.float64(2.393937471161388), np.float64(2.393937471161388), np.float64(2.3939352462929055), np.float64(2.3939352462929055), np.float64(2.3939352462929055)]
HOF ITEM
2.393379968645289
-7.0,1.5652732241390237,5.012731175792848,6.114630238282189,-1.4155380302867073,4.0483607188997395,-0.19004996508168664,0.9779460007393583,-6.695985526662138,-6.723973832036666,1.795090427996824,-6.429833011535632
HOF ITEM
2.3939352462929055
-6.979251233640651,1.5652732241390237,5.170250283348825,6.114630238282189,-1.2184119147028785,4.4670878308838,0.01926277977117033,1.0701494931087328,-6.912971482910058,-6.723973832036666,1.795090427996824,-6.525224382867304
HOF ITEM
2.393935246293862
-6.979251233640651,1.5652732241390237,5.170250283348825,6.114630238282189,-1.2184119147028785,4.4670878308838,0.01926277977117033,1.0701494931087328,-6.774965219975765,-6.723973832036666,1.795090427996824,-6.525224382867304
HOF ITEM
2.393937471161388
-6.979251233640651,1.5652732241390237,5.170250283348825,6.114630238282189,-1.2184119147028785,4.4670878308838,0.01926277977117033,0.6547650216553762,-6.774965219975765,-6.723973832036666,1.795090427996824,-6.525224382867304
HOF ITEM
2.3939375096671607
-6.979251233640651,1.5652732241390237,5.170250283348825,6.114630238282189,-1.2184119147028785,4.4670878308838,0.010322288372038722,0.6547650216553762,-6.774965219975765,-6.723973832036666,1.795090427996824,-6.525224382867304
seed 875
Initial fitness values: [np.float64(3.387863716068469), np.float64(3.0419459215533458), np.float64(2.947237846531117), np.float64(2.8464946520914425), np.float64(2.845485274619035), np.float64(2.8094044283836563), np.float64(2.738189732660274), np.float64(2.705341665981093), np.float64(2.643602741113469), np.float64(2.531039332064542)]
Final fitness values: [np.float64(2.377524296333148), np.float64(2.3775242956518565), np.float64(2.3775242932102922), np.float64(2.377523938567126), np.float64(2.3775239353244815), np.float64(2.3775239353244815), np.float64(2.3775239342810166), np.float64(2.3775239338664096), np.float64(2.3775239338664096), np.float64(2.377523933325747)]
HOF ITEM
2.377523933325747
-5.620242238325584,1.597140579936629,7.0,-3.750449758060248,-3.0772750582316255,-0.7568163177665156,-2.033902675616605,1.0126111205118402,-3.624700590103769,-4.537230421010858,2.0788524087685887,-2.0666464628955694
HOF ITEM
2.3775239338242806
-5.620242238325584,1.597140579936629,7.0,-3.750449758060248,-3.0772750582316255,-0.7568163177665156,-2.033902675616605,1.1254573041393097,-3.624700590103769,-4.537230421010858,2.0788524087685887,-2.0666464628955694
HOF ITEM
2.3775239338664096
-5.620242238325584,1.597140579936629,7.0,-3.750449758060248,-3.0772750582316255,-0.7568163177665156,-2.033902675616605,1.1254573041393097,-3.3695914297173384,-4.537230421010858,2.0788524087685887,-2.0666464628955694
HOF ITEM
2.3775239339650143
-5.620242238325584,1.597140579936629,7.0,-3.750449758060248,-3.0772750582316255,-0.7568163177665156,-1.9897458870195839,1.0126111205118402,-3.624700590103769,-4.537230421010858,2.0788524087685887,-2.0666464628955694
HOF ITEM
2.3775239340530248
-5.620242238325584,1.597140579936629,7.0,-3.750449758060248,-3.0772750582316255,-0.7568163177665156,-2.033902675616605,1.1254573041393097,-2.6777440537326274,-4.537230421010858,2.0788524087685887,-2.0666464628955694
seed 876
Initial fitness values: [np.float64(3.7931804213592315), np.float64(3.3830523309175096), np.float64(3.344317162461202), np.float64(3.24974346952267), np.float64(3.049572943096761), np.float64(2.975930213404709), np.float64(2.8431312341765373), np.float64(2.819916584659257), np.float64(2.7915042975152913), np.float64(2.686565611878183)]
Final fitness values: [np.float64(2.490760599291974), np.float64(2.490760599291974), np.float64(2.4884748359526583), np.float64(2.4884748359526583), np.float64(2.4884748359526583), np.float64(2.4884748359526583), np.float64(2.4691480065980764), np.float64(2.4691480065980764), np.float64(2.4691480065980764), np.float64(2.4691480065980764)]
HOF ITEM
2.4691480065980764
-5.28955126252948,1.832480730864157,5.584378888765795,6.3739116230447666,-0.8618200884087686,3.4414772655000716,-6.093640167811551,2.245045888633079,-3.0436072948349913,-4.412648858284961,2.1576456704777613,-5.788242637279603
HOF ITEM
2.47020367093881
-5.28955126252948,1.832480730864157,5.584378888765795,6.3739116230447666,-0.8618200884087686,3.4414772655000716,-6.093640167811551,2.245045888633079,-2.6327693342509257,-4.412648858284961,2.1576456704777613,-5.788242637279603
HOF ITEM
2.486633628014383
-5.246938279972167,1.832480730864157,5.697144298598437,6.3739116230447666,-0.658092225961505,3.589953786871988,-5.951514238865418,2.2847353417644247,-2.573584365097956,-4.412648858284961,1.9841105318779464,-5.788242637279603
HOF ITEM
2.4866336280159427
-5.246938279972167,1.832480730864157,5.697144298598437,6.3739116230447666,-0.658092225961505,3.589953786871988,-5.951514238865418,2.2923467252389504,-2.573584365097956,-4.412648858284961,1.9841105318779464,-5.788242637279603
HOF ITEM
2.4866336280206625
-5.246938279972167,1.832480730864157,5.697144298598437,6.3739116230447666,-0.658092225961505,3.589953786871988,-6.069577314859501,2.2847353417644247,-2.573584365097956,-4.412648858284961,1.9841105318779464,-5.788242637279603
seed 877
Initial fitness values: [np.float64(3.2797809233344752), np.float64(3.0203628021939046), np.float64(3.00763375215367), np.float64(3.00763375215367), np.float64(2.8704687119624057), np.float64(2.8704687119624057), np.float64(2.8704687119624057), np.float64(2.8699356327944243), np.float64(2.8656317947276317), np.float64(2.8640632914086943)]
Final fitness values: [np.float64(2.852234555949056), np.float64(2.8506375575350384), np.float64(2.850188232019873), np.float64(2.8500559917018697), np.float64(2.849830032511777), np.float64(2.849830032511777), np.float64(2.8493978189749942), np.float64(2.8473861243359417), np.float64(2.8473861243359417), np.float64(2.846998288001021)]
HOF ITEM
2.846998288001021
-3.3357486164398256,1.7938931080757021,2.9354131206187244,-2.1442663003342575,4.667265951193436,-6.504556207014679,-6.550950249195332,1.205040575417259,-2.416982077671086,-1.6387820913902251,1.3258327005120523,-2.333238637235388
HOF ITEM
2.8473859748909955
-3.3357486164398256,1.8156729966702876,3.317761877762003,-2.1442663003342575,5.081495958326119,-6.504556207014679,-6.550950249195332,1.205040575417259,-2.416982077671086,-1.6387820913902251,1.3258327005120523,-2.333238637235388
HOF ITEM
2.847385986514894
-3.3357486164398256,1.8156729966702876,3.317761877762003,-2.1442663003342575,5.042354902057571,-6.504556207014679,-6.550950249195332,1.205040575417259,-2.416982077671086,-1.6387820913902251,1.3258327005120523,-2.333238637235388
HOF ITEM
2.8473861243359417
-3.3357486164398256,1.8156729966702876,3.317761877762003,-2.1442663003342575,4.667265951193436,-6.504556207014679,-6.550950249195332,1.205040575417259,-2.416982077671086,-1.6387820913902251,1.3258327005120523,-2.333238637235388
HOF ITEM
2.847386507414422
-3.3357486164398256,1.8156729966702876,3.6236555521327003,-1.6285384389117952,5.034897980053787,-5.992575209468794,-5.945703488393743,0.8445843122470984,-2.2439354830286713,-1.6387820913902251,1.3258327005120523,-2.333238637235388
seed 878
Initial fitness values: [np.float64(3.3719478530754308), np.float64(3.022048082730843), np.float64(3.0135718084335275), np.float64(2.7619517640614664), np.float64(2.7619517640614664), np.float64(2.5663768251986485), np.float64(2.5491913311730983), np.float64(2.4558060979574337), np.float64(2.4442751894833576), np.float64(2.4442751894833576)]
Final fitness values: [np.float64(2.364342955031332), np.float64(2.364342955031332), np.float64(2.364342955031332), np.float64(2.36434294231839), np.float64(2.36434294231839), np.float64(2.357433182041987), np.float64(2.357433182041987), np.float64(2.357433182041987), np.float64(2.3574331666889394), np.float64(2.3574331666889394)]
HOF ITEM
2.3574331666889394
-3.632848322894736,1.5866163043157957,4.343890831083341,0.5853269806174857,-0.289471439747726,5.049403221671346,4.277413828373304,0.7681796344382088,-6.5878155449110665,-2.6578820393608833,2.6445949294949322,-4.824912861235241
HOF ITEM
2.357433182041987
-3.632848322894736,1.5866163043157957,4.343890831083341,0.5853269806174857,-0.289471439747726,5.049403221671346,3.9560752097695904,0.7681796344382088,-6.5878155449110665,-2.6578820393608833,2.6445949294949322,-4.824912861235241
HOF ITEM
2.357433182056294
-3.632848322894736,1.5866163043157957,4.343890831083341,0.5853269806174857,-0.289471439747726,5.049403221671346,3.9560752097695904,0.7681796344382088,-7.0,-2.6578820393608833,2.6445949294949322,-4.824912861235241
HOF ITEM
2.3583175157806178
-3.632848322894736,1.5866163043157957,4.495856604465986,0.7015997136163404,-0.289471439747726,5.049403221671346,3.6958515543462034,0.48453029464228276,-6.5878155449110665,-2.6578820393608833,2.6445949294949322,-4.824912861235241
HOF ITEM
2.358375072681352
-3.632848322894736,1.5866163043157957,4.343890831083341,0.7337581822721082,-0.289471439747726,5.049403221671346,4.277413828373304,0.7681796344382088,-6.5878155449110665,-2.6578820393608833,2.6445949294949322,-4.824912861235241
seed 879
Initial fitness values: [np.float64(3.17821708525334), np.float64(3.177991937002465), np.float64(3.015055756129868), np.float64(2.901773128134664), np.float64(2.851980461257596), np.float64(2.8519795004874364), np.float64(2.851308240050364), np.float64(2.8505548883603966), np.float64(2.8456065908201644), np.float64(2.8456065908201644)]
Final fitness values: [np.float64(2.373229299285473), np.float64(2.3729757039743014), np.float64(2.3729757039743014), np.float64(2.3729603095169898), np.float64(2.370366393277787), np.float64(2.3703632787258506), np.float64(2.3696583026268705), np.float64(2.3696503621940543), np.float64(2.3696503621940543), np.float64(2.3696321083084504)]
HOF ITEM
2.3696321083084504
-2.8713443485088184,1.5860106496070594,4.709673276567552,-2.772416370785271,-0.9142210817346785,-5.0175552173335065,0.6044024306431437,1.631488507218177,-2.6640086314730453,-1.5926535674096207,2.8961324946484064,-0.45888373508156216
HOF ITEM
2.3696503619307334
-2.8713443485088184,1.5860106496070594,5.418384145816118,-2.9222885623875805,-1.1331813543345353,-4.949955729807542,0.6044024306431437,1.6328263289925216,-3.04191019157713,-1.5926535674096207,2.8961324946484064,-0.4603937065962593
HOF ITEM
2.3696503621771843
-2.8713443485088184,1.5860106496070594,5.418384145816118,-2.9222885623875805,-1.1331813543345353,-4.949955729807542,0.5173810249626507,1.6328263289925216,-2.6640086314730453,-1.5926535674096207,2.8961324946484064,-0.4603937065962593
HOF ITEM
2.3696503621940543
-2.8713443485088184,1.5860106496070594,5.418384145816118,-2.9222885623875805,-1.1331813543345353,-4.949955729807542,0.5173810249626507,1.6328263289925216,-3.04191019157713,-1.5926535674096207,2.8961324946484064,-0.4603937065962593
HOF ITEM
2.369650569762908
-2.8713443485088184,1.5860106496070594,5.408646912793705,-2.9222885623875805,-1.1331813543345353,-4.949955729807542,0.5173810249626507,1.6156308475543895,-2.359316944523138,-1.5926535674096207,2.8961324946484064,-0.4603937065962593
best parameter set
fitness 2.3559021132308677 seed 878
-3.6331377488663277,1.587871195682618,4.343956848848285,0.7337096175575618,-0.2876273747467858,5.047541704507957,4.277413829804015,0.7681796374460081,-6.5878155449110665,-2.6575618766864495,2.6442569470193025,-4.8268209077002595
