seeds are [610 611 612 613 614 615 616 617 618 619]
seed 610
Initial fitness values: [np.float64(6.426567735377464), np.float64(5.832124691297288), np.float64(5.021829590225853), np.float64(5.0202900814552205), np.float64(4.801390587272317), np.float64(4.754748639992891), np.float64(4.617955763184353), np.float64(4.563946682208773), np.float64(4.563039364411388), np.float64(4.527764836158859)]
Final fitness values: [np.float64(4.400957539223478), np.float64(4.400957539223478), np.float64(4.400957539218615), np.float64(4.393679352970715), np.float64(4.393679352970715), np.float64(4.393679352956232), np.float64(4.378558672183227), np.float64(4.378558672183227), np.float64(4.378558672183227), np.float64(4.378558672178363)]
HOF ITEM
4.378558672178363
1.72277771256633,0.34456603644366773,-5.529678624049884,-1.366648553757221,0.4849279022727322,1.8816829083978157,6.910528398614277,1.7661627027904176,-6.7399176071442435,0.8373580551208372,2.9830597530121366,-7.0
HOF ITEM
4.378558672181594
1.72277771256633,0.34456603644366773,-5.529678624049884,-1.366648553757221,0.4849279022727322,1.8816829083978157,7.0,1.523927427902739,-6.590480183466817,0.8373580551208372,2.9830597530121366,-7.0
HOF ITEM
4.378558672183227
1.72277771256633,0.34456603644366773,-5.529678624049884,-1.366648553757221,0.4849279022727322,1.8816829083978157,6.910528398614277,1.523927427902739,-6.359971834846315,0.8373580551208372,2.9830597530121366,-7.0
HOF ITEM
4.378560380689876
1.72277771256633,0.34456603644366773,-5.529678624049884,-1.5241800957886746,0.4849279022727322,1.9006527314909423,6.910528398614277,1.523927427902739,-6.359971834846315,0.8373580551208372,2.9830597530121366,-7.0
HOF ITEM
4.381378347609104
1.72277771256633,0.34456603644366773,-5.529678624049884,-1.366648553757221,0.4849279022727322,1.8816829083978157,6.910528398614277,1.7661627027904176,-6.7399176071442435,0.8373580551208372,2.9813207880631696,-7.0
seed 611
Initial fitness values: [np.float64(6.097198116223779), np.float64(4.959827580973382), np.float64(4.959827580973382), np.float64(4.750674304049312), np.float64(4.750674304049312), np.float64(4.638145161032337), np.float64(4.638145161032337), np.float64(4.610176437361923), np.float64(4.579194745343884), np.float64(4.512361714752623)]
Final fitness values: [np.float64(4.289831601049375), np.float64(4.289831601049375), np.float64(4.289831601049375), np.float64(4.289831601049375), np.float64(4.289831601049375), np.float64(4.289830578621958), np.float64(4.28765885492963), np.float64(4.287652468774378), np.float64(4.287650353770859), np.float64(4.287649284553563)]
HOF ITEM
4.287649284553563
-5.96560309666771,1.5609604704914044,2.7621456816013126,5.356470458749211,-5.41519420578417,-1.3022706594099551,-0.2962131842663306,0.5552700914195166,-0.2246855554351492,-5.51083674101718,1.975948336037723,-6.305608377163388
HOF ITEM
4.287650353770859
-5.96560309666771,1.5609604704914044,2.7621456816013126,5.356470458749211,-5.41519420578417,-1.3022706594099551,-0.2962131842663306,0.5552700914195166,-0.20833101455524886,-5.51083674101718,1.975948336037723,-6.305608377163388
HOF ITEM
4.287652468774378
-5.96560309666771,1.5609604704914044,2.7621456816013126,5.356470458749211,-5.41519420578417,-1.3022706594099551,-0.2101929835649365,0.5552700914195166,-0.20833101455524886,-5.51083674101718,1.975948336037723,-6.305608377163388
HOF ITEM
4.287657952463326
-5.96560309666771,1.5609604704914044,2.7621456816013126,5.356470458749211,-5.41519420578417,-1.3022706594099551,-0.2962131842663306,0.42040629660241374,-0.20833101455524886,-5.51083674101718,1.975948336037723,-6.305608377163388
HOF ITEM
4.28765885492963
-5.96560309666771,1.5609604704914044,2.7621456816013126,5.356470458749211,-5.41519420578417,-1.3022706594099551,-0.2101929835649365,0.42040629660241374,-0.20833101455524886,-5.51083674101718,1.975948336037723,-6.305608377163388
seed 612
Initial fitness values: [np.float64(6.149955475688887), np.float64(5.877198457127294), np.float64(5.720664855533155), np.float64(5.174626468079515), np.float64(5.136909586966938), np.float64(4.9616381900250985), np.float64(4.9409330079771685), np.float64(4.936698987135427), np.float64(4.928987935796474), np.float64(4.928561941920469)]
Final fitness values: [np.float64(4.927530706306154), np.float64(4.927530706306154), np.float64(4.927530706306154), np.float64(4.927530706306154), np.float64(4.927530706306154), np.float64(4.927530706306154), np.float64(4.927530706306154), np.float64(4.927530706306154), np.float64(4.927530706306154), np.float64(4.927530706306154)]
HOF ITEM
4.927530706306154
-3.7927056767120018,1.547264053074831,7.0,-7.0,-3.5876812473923034,-2.442094553154216,7.0,0.8665162950870338,-5.456657943034723,-7.0,2.5913761928013597,-1.18994643852678
HOF ITEM
4.927530706306154
-3.7927056767120018,1.7557984884029083,7.0,-7.0,-3.5876812473923034,-2.442094553154216,7.0,0.8665162950870338,-5.86121548399284,-6.817489254648542,2.6100434145820457,-1.18994643852678
HOF ITEM
4.927530706306154
-3.7927056767120018,1.8071715684103205,7.0,-7.0,-3.5876812473923034,-2.442094553154216,7.0,0.7952001888123922,-5.86121548399284,-6.124781446761578,2.6100434145820457,-1.18994643852678
HOF ITEM
4.927530706306154
-3.7927056767120018,1.4641033144614481,7.0,-7.0,-3.5876812473923034,-2.442094553154216,7.0,0.8665162950870338,-5.86121548399284,-6.278855387783635,2.6100434145820457,-1.18994643852678
HOF ITEM
4.927530706306154
-3.7927056767120018,1.4641033144614481,7.0,-7.0,-3.5876812473923034,-2.442094553154216,7.0,0.8665162950870338,-5.86121548399284,-7.0,2.6100434145820457,-1.18994643852678
seed 613
Initial fitness values: [np.float64(5.908566578710211), np.float64(5.566320731858229), np.float64(5.123329487868983), np.float64(5.011994474053628), np.float64(4.943711805569289), np.float64(4.926518689161666), np.float64(4.836288867698833), np.float64(4.810160321196756), np.float64(4.730729344271438), np.float64(4.694161261476239)]
Final fitness values: [np.float64(4.503774523008657), np.float64(4.503774516859983), np.float64(4.503774516859983), np.float64(4.503774516859983), np.float64(4.503774516859983), np.float64(4.503774438734421), np.float64(4.503774438127047), np.float64(4.503774438127047), np.float64(4.503774438127047), np.float64(4.503774436627632)]
HOF ITEM
4.503774436627632
4.543597882288649,-1.1435481978043667,4.234371719123365,-3.8939632663287926,-0.8088278081721244,-5.650267263411695,1.154267368615249,2.765012186913728,-1.1228083043986086,1.297847945043297,2.5927341207978896,-0.4559633246222141
HOF ITEM
4.503774438127047
4.543597882288649,-1.1435481978043667,4.234371719123365,-3.8935532520296285,-0.8088278081721244,-5.650267263411695,1.154267368615249,2.765012186913728,-1.1228083043986086,1.297847945043297,2.5927341207978896,-0.4559633246222141
HOF ITEM
4.503774438335901
4.543597882288649,-1.1435481978043667,4.234371719123365,-3.8935532520296285,-0.8088278081721244,-5.650267263411695,1.154267368615249,2.764364673322517,-1.1228083043986086,1.297847945043297,2.5927341207978896,-0.4559633246222141
HOF ITEM
4.503774438523562
4.543597882288649,-1.1435481978043667,4.234371719123365,-3.8935532520296285,-0.8088278081721244,-5.650267263411695,1.1530087651571759,2.765012186913728,-1.1228083043986086,1.297847945043297,2.5927341207978896,-0.4559633246222141
HOF ITEM
4.503774438734421
4.543597882288649,-1.1435481978043667,4.234371719123365,-3.8935532520296285,-0.8088278081721244,-5.650267263411695,1.1530087651571759,2.764364673322517,-1.1228083043986086,1.297847945043297,2.5927341207978896,-0.4559633246222141
seed 614
Initial fitness values: [np.float64(5.710853094789254), np.float64(5.594016302178205), np.float64(5.245657153492125), np.float64(5.107678338718959), np.float64(5.067882892129203), np.float64(5.06079568820512), np.float64(5.06079568820512), np.float64(5.03135626240823), np.float64(4.982380063507916), np.float64(4.982380063507916)]
Final fitness values: [np.float64(4.270870110738576), np.float64(4.270870110738576), np.float64(4.268906587648058), np.float64(4.268906587648058), np.float64(4.267481914668094), np.float64(4.266898310232917), np.float64(4.266898310232917), np.float64(4.266898310232917), np.float64(4.266898310232917), np.float64(4.266843032889394)]
HOF ITEM
4.266843032889394
-0.5272537167377261,1.2465574792601914,6.626111235604375,2.4478504566190553,4.580009758114213,5.540928543928836,-0.6909028449638919,1.3413174621840418,-1.2282381809334895,0.2849081425042067,2.81138210833063,-1.1891209614987466
HOF ITEM
4.266898310232917
-0.5272537167377261,1.2465574792601914,6.443772786398835,2.4478504566190553,4.580009758114213,5.507693610587466,-0.6909028449638919,1.3413174621840418,-0.8029353113289857,0.2849081425042067,2.81138210833063,-1.1891209614987466
HOF ITEM
4.267161918336255
-0.5272537167377261,1.2465574792601914,6.443772786398835,2.4478504566190553,4.580009758114213,5.507693610587466,-0.6909028449638919,1.3413174621840418,-1.0262771090353335,0.2849081425042067,2.81138210833063,-1.1891209614987466
HOF ITEM
4.26747075441837
-0.5272537167377261,1.2465574792601914,6.626111235604375,2.2819774110101876,4.580009758114213,5.540928543928836,-0.6909028449638919,1.3413174621840418,-1.2282381809334895,0.2849081425042067,2.81138210833063,-1.1891209614987466
HOF ITEM
4.267481914668094
-0.5272537167377261,1.2465574792601914,6.443772786398835,2.4478504566190553,4.580009758114213,5.507693610587466,-0.6909028449638919,1.3413174621840418,-1.2282381809334895,0.2849081425042067,2.81138210833063,-1.1891209614987466
seed 615
Initial fitness values: [np.float64(6.025074410930834), np.float64(5.9960726805954), np.float64(5.468907861762162), np.float64(5.16361027696188), np.float64(5.1346867194667185), np.float64(5.052909067454315), np.float64(4.824876779052571), np.float64(4.824876779052571), np.float64(4.760820680770111), np.float64(4.7302418920203255)]
Final fitness values: [np.float64(4.2429524290077065), np.float64(4.2429524290077065), np.float64(4.2429524290077065), np.float64(4.242952371387922), np.float64(4.24295228172056), np.float64(4.242952281715552), np.float64(4.242952273218981), np.float64(4.242952189751525), np.float64(4.242952051084725), np.float64(4.242952051065956)]
HOF ITEM
4.242952051065956
-3.408107981247356,1.5871427884402312,7.0,-3.4391779842724035,6.582546735381954,-7.0,-1.483777985260983,2.631367233526335,-4.102097934127636,-2.122391360248532,2.7312156043303197,-0.45133247818631683
HOF ITEM
4.242952051084725
-3.408107981247356,1.5871427884402312,7.0,-3.4391779842724035,6.582546735381954,-7.0,-1.685835239842968,2.299062526148766,-3.5963401983167627,-2.122391360248532,2.7312156043303197,-0.45133247818631683
HOF ITEM
4.242952051084955
-3.408107981247356,1.5871427884402312,7.0,-3.4391779842724035,6.582546735381954,-7.0,-1.685835239842968,2.299062526148766,-4.047509811257676,-2.122391360248532,2.7312156043303197,-0.45133247818631683
HOF ITEM
4.242952070056111
-3.408107981247356,1.5871427884402312,6.9396399323560365,-4.057301299201393,6.60221135948898,-6.980821071628044,-1.7428000709316867,2.3977641894953305,-4.047509811257676,-2.122391360248532,2.7312156043303197,-0.45133247818631683
HOF ITEM
4.24295207005782
-3.408107981247356,1.5871427884402312,6.9396399323560365,-4.057301299201393,6.60221135948898,-6.980821071628044,-1.7428000709316867,2.631367233526335,-4.047509811257676,-2.122391360248532,2.7312156043303197,-0.45133247818631683
seed 616
Initial fitness values: [np.float64(5.535380770169322), np.float64(5.391628480276266), np.float64(5.126532123402831), np.float64(5.101221720739822), np.float64(5.086126435975048), np.float64(5.076457124628474), np.float64(5.076457029649708), np.float64(5.069744194387185), np.float64(5.059007513124337), np.float64(5.053432922562299)]
Final fitness values: [np.float64(4.506832376059409), np.float64(4.506821686148959), np.float64(4.506771149832602), np.float64(4.506762735984162), np.float64(4.506762735984162), np.float64(4.506461763104273), np.float64(4.506423226139921), np.float64(4.506147920148265), np.float64(4.505957043979086), np.float64(4.505957043979086)]
HOF ITEM
4.505957043979086
4.8633535612440495,-1.2354924351766352,-5.134275211028668,-1.3125195072181206,7.0,-2.1613178529801322,-4.536840649078823,0.29523353056957435,-1.2857857339974428,1.1179611406642547,2.483540458075838,-2.5509496960234483
HOF ITEM
4.505960191867249
4.8633535612440495,-1.2354924351766352,-5.134275211028668,-1.3125195072181206,7.0,-2.1613178529801322,-4.619779686609638,0.29523353056957435,-1.2857857339974428,1.1179611406642547,2.483540458075838,-2.5509496960234483
HOF ITEM
4.506064819290066
4.8633535612440495,-1.2354924351766352,-5.134275211028668,-1.3125195072181206,7.0,-2.1613178529801322,-4.348199695192301,0.29523353056957435,-1.635258167378185,1.1179611406642547,2.483540458075838,-2.5509496960234483
HOF ITEM
4.506073985833321
4.8633535612440495,-1.2354924351766352,-5.134275211028668,-1.3125195072181206,7.0,-2.1613178529801322,-4.536840649078823,0.29523353056957435,-1.635258167378185,1.1179611406642547,2.483540458075838,-2.5509496960234483
HOF ITEM
4.5061002307381
4.8633535612440495,-1.2354924351766352,-5.134275211028668,-1.3125195072181206,7.0,-2.1613178529801322,-5.474791804079235,0.31311206518811446,-1.635258167378185,1.1179611406642547,2.483540458075838,-2.5509496960234483
seed 617
Initial fitness values: [np.float64(5.800821089467156), np.float64(5.444343542725041), np.float64(4.893136048634516), np.float64(4.790664903520601), np.float64(4.704910165663369), np.float64(4.479839772620388), np.float64(4.459951891823034), np.float64(4.431868469091674), np.float64(4.383689175669936), np.float64(4.348743383531301)]
Final fitness values: [np.float64(4.254517269535153), np.float64(4.254517269535153), np.float64(4.254517269535153), np.float64(4.252955016816429), np.float64(4.252945543234543), np.float64(4.252945543234543), np.float64(4.252945543234543), np.float64(4.252945543234543), np.float64(4.252945543234543), np.float64(4.247720383623123)]
HOF ITEM
4.247720383623123
-2.606536720207525,1.548769262935965,2.1794431252853137,-0.8428973019375086,3.3787686877904584,2.205012257163428,-2.8501471529253593,2.787409539514905,-6.6823524436909505,-1.391859518596345,2.694394093745571,-0.8578207042770463
HOF ITEM
4.252945543234543
-2.606536720207525,1.548769262935965,2.27351257352737,-0.8428973019375086,3.543277448063189,2.3350662581781068,-2.8501471529253593,2.787409539514905,-6.374123077765785,-1.391859518596345,2.694394093745571,-0.8578207042770463
HOF ITEM
4.252945551246262
-2.606536720207525,1.548769262935965,2.27351257352737,-0.8428973019375086,3.543277448063189,2.3350662581781068,-2.8501471529253593,2.7607191554602317,-6.374123077765785,-1.391859518596345,2.694394093745571,-0.8578207042770463
HOF ITEM
4.252955008811256
-2.606536720207525,1.548769262935965,2.27351257352737,-0.8428973019375086,3.543277448063189,2.3350662581781068,-2.8501471529253593,2.787409539514905,-5.985120451180001,-1.391859518596345,2.694394093745571,-0.8578207042770463
HOF ITEM
4.252955016816429
-2.606536720207525,1.548769262935965,2.27351257352737,-0.8428973019375086,3.543277448063189,2.3350662581781068,-2.8501471529253593,2.7607191554602317,-5.985120451180001,-1.391859518596345,2.694394093745571,-0.8578207042770463
seed 618
Initial fitness values: [np.float64(6.066199862885741), np.float64(5.546923021798547), np.float64(4.977285582786969), np.float64(4.961863781086306), np.float64(4.959382495335573), np.float64(4.773654969372311), np.float64(4.773654969372311), np.float64(4.542254541350701), np.float64(4.401125964981277), np.float64(4.3570909270303915)]
Final fitness values: [np.float64(4.2746280402729955), np.float64(4.2746280402729955), np.float64(4.2746280402729955), np.float64(4.2746280402729955), np.float64(4.2746280402729955), np.float64(4.2746280402729955), np.float64(4.2746280402729955), np.float64(4.2746280402729955), np.float64(4.2746280402729955), np.float64(4.2746280402729955)]
HOF ITEM
4.2746280402729955
-3.688408121525136,1.5231662329130577,-0.8077763657495611,3.676396620444438,5.725925471913543,-0.6081356371236017,-1.9297913150681574,0.24358934473704452,-1.118824007432449,-2.4439779312274923,2.5379241835344555,-0.882328722229032
HOF ITEM
4.274684569706029
-3.688408121525136,1.5231662329130577,-0.8077763657495611,3.676396620444438,5.725925471913543,-0.6081356371236017,-1.9297913150681574,0.24358934473704452,-1.1251970625410668,-2.4439779312274923,2.5379241835344555,-0.882328722229032
HOF ITEM
4.2761205385899945
-3.688408121525136,1.5231662329130577,-0.7964129712867851,3.802651228898215,5.757814850927488,-0.6081356371236017,-1.9297913150681574,0.24358934473704452,-1.118824007432449,-2.4439779312274923,2.5379241835344555,-0.882328722229032
HOF ITEM
4.276484495803732
-3.688408121525136,1.5231662329130577,-0.8077763657495611,3.8633120903405582,5.943160950923583,-0.6081356371236017,-1.9297913150681574,0.12339230654811674,-1.118824007432449,-2.4439779312274923,2.5379241835344555,-0.882328722229032
HOF ITEM
4.276902728274184
-3.688408121525136,1.5231662329130577,-0.8077763657495611,3.676396620444438,5.725925471913543,-0.6081356371236017,-1.9297913150681574,0.24358934473704452,-1.118824007432449,-2.4439779312274923,2.5543084182287705,-0.882328722229032
seed 619
Initial fitness values: [np.float64(5.436332471307187), np.float64(5.42937737730758), np.float64(5.23292783235153), np.float64(5.23292783235153), np.float64(5.11166244254097), np.float64(5.11166244254097), np.float64(5.102959814278317), np.float64(5.083505238652071), np.float64(5.063061419344072), np.float64(5.056379354706259)]
Final fitness values: [np.float64(4.5170143648038374), np.float64(4.516977427725742), np.float64(4.513481331537988), np.float64(4.513481331537988), np.float64(4.513428339265522), np.float64(4.512532040983429), np.float64(4.512454219155071), np.float64(4.511621234507859), np.float64(4.511543340698377), np.float64(4.511543340698377)]
HOF ITEM
4.511543340698377
3.6703651361279297,-0.8753326974723898,6.006998480020418,0.21995373275942143,2.4162975242849614,-4.036851848372467,-4.031171148485077,0.5320349289955475,-4.501669507462705,1.281915003800383,2.5749668824122183,-0.454355147726624
HOF ITEM
4.511543357074154
3.6703651361279297,-0.8753326974723898,6.000917534051886,0.21995373275942143,2.4162975242849614,-4.036851848372467,-5.229108120301733,0.5950160401157899,-4.501669507462705,1.281915003800383,2.5749668824122183,-0.454355147726624
HOF ITEM
4.511543393101012
3.6703651361279297,-0.8753326974723898,6.006998480020418,0.21995373275942143,2.4162975242849614,-4.036851848372467,-4.031171148485077,0.5950160401157899,-4.501669507462705,1.281915003800383,2.5749668824122183,-0.454355147726624
HOF ITEM
4.511621175120174
3.6703651361279297,-0.8753326974723898,6.000917534051886,0.21995373275942143,2.360162200771155,-4.138883335173458,-4.031171148485077,0.5950160401157899,-4.622538634384903,1.281915003800383,2.5749668824122183,-0.454355147726624
HOF ITEM
4.511621202637788
3.6703651361279297,-0.8753326974723898,6.000917534051886,0.21995373275942143,2.360162200771155,-4.138883335173458,-4.031171148485077,0.667837962320676,-4.501669507462705,1.281915003800383,2.5749668824122183,-0.454355147726624
best parameter set
fitness 4.229009924642771 seed 617
-2.5633934495384882,1.5549773969312795,2.288284018518508,-0.8341638076911493,3.5412050264293766,2.3198518342807586,-2.850147377944588,2.787399934203971,-5.98514339133368,-1.342085034099319,2.777189493901336,-0.8553413840140459
