seeds are [350 351 352 353 354 355 356 357 358 359]
seed 350
Initial fitness values: [np.float64(3.0256387748807634), np.float64(2.7858268640367103), np.float64(2.7858268640367103), np.float64(2.727299550961811), np.float64(2.66835216745027), np.float64(2.5644183412981265), np.float64(2.5644183412981265), np.float64(2.512512344259042), np.float64(2.48736575928702), np.float64(2.4774514227193896)]
Final fitness values: [np.float64(2.36855254702927), np.float64(2.368470185121004), np.float64(2.368470185121004), np.float64(2.368419187606732), np.float64(2.3684024191212236), np.float64(2.3682600620057324), np.float64(2.3680918839191873), np.float64(2.3680918839191873), np.float64(2.3680918839191873), np.float64(2.3680839896861823)]
HOF ITEM
2.3680839896861823
-2.192299887254752,1.538405667161858,-0.9956522574309735,-5.960675064898863,-5.853235319926565,-2.310286028456537,4.391194866341518,0.0,-2.8772331186537103,-1.0985525638098237,2.975216410369053,-3.0744650753609495
HOF ITEM
2.3680918839191873
-2.192299887254752,1.538405667161858,-0.9956522574309735,-5.960675064898863,-5.853235319926565,-2.310286028456537,4.391194866341518,0.059463905576385756,-2.8772331186537103,-1.0985525638098237,2.975216410369053,-3.0744650753609495
HOF ITEM
2.368092652334621
-2.192299887254752,1.538405667161858,-0.9956522574309735,-5.960675064898863,-5.853235319926565,-2.310286028456537,4.391194866341518,0.059463905576385756,-2.4871953780692664,-1.0985525638098237,2.975216410369053,-3.0744650753609495
HOF ITEM
2.368097084330838
-2.192299887254752,1.538405667161858,-0.9956522574309735,-5.960675064898863,-5.853235319926565,-2.310286028456537,4.593877118030042,0.059463905576385756,-2.8772331186537103,-1.0985525638098237,2.975216410369053,-3.0744650753609495
HOF ITEM
2.368107896964748
-2.192299887254752,1.538405667161858,-0.9602264991653099,-5.816278818779249,-5.853235319926565,-2.310286028456537,4.593877118030042,1.01136022766164,-2.8772331186537103,-1.0985525638098237,2.975216410369053,-3.0744650753609495
seed 351
Initial fitness values: [np.float64(3.128805867236412), np.float64(3.0650593262828782), np.float64(2.9268989686302067), np.float64(2.8798407308347596), np.float64(2.8581089483660347), np.float64(2.8484379683271817), np.float64(2.8109886759466733), np.float64(2.8108399871654384), np.float64(2.783139520612192), np.float64(2.7803966459816696)]
Final fitness values: [np.float64(2.4135339179674595), np.float64(2.4135120356297657), np.float64(2.4135120356297657), np.float64(2.4134038857118236), np.float64(2.4134038857118236), np.float64(2.4134038857118236), np.float64(2.4134038857118236), np.float64(2.4133898158661147), np.float64(2.4133898158661147), np.float64(2.4133898158661147)]
HOF ITEM
2.4133898158661147
1.2697497855653659,0.5559330149928281,-1.6722104665397806,-2.9403063783021564,-5.947849005194243,-6.771773860821769,1.9473721820525782,0.6449230326383709,-4.325019747572427,1.0726683577418108,2.9487809385304953,-0.6589560577508272
HOF ITEM
2.4134038857118236
1.2697497855653659,0.5559330149928281,-1.6722104665397806,-2.9403063783021564,-5.947849005194243,-6.771773860821769,1.9473721820525782,0.6449230326383709,-4.180464543573717,1.0726683577418108,2.9487809385304953,-0.6589560577508272
HOF ITEM
2.41341338401093
1.2697497855653659,0.5559330149928281,-1.6722104665397806,-2.9403063783021564,-5.947849005194243,-6.771773860821769,1.9473721820525782,0.6449230326383709,-4.093497129720536,1.0726683577418108,2.9487809385304953,-0.6589560577508272
HOF ITEM
2.4135120356297657
1.2697497855653659,0.5559330149928281,-1.6722104665397806,-2.9403063783021564,-5.947849005194243,-6.771773860821769,1.9473721820525782,0.6449230326383709,-4.325019747572427,1.0726683577418108,2.9517851852070205,-0.6589560577508272
HOF ITEM
2.413524421252763
1.2697497855653659,0.5559330149928281,-1.6722104665397806,-2.9403063783021564,-5.947849005194243,-6.771773860821769,1.9473721820525782,0.6449230326383709,-4.180464543573717,1.0726683577418108,2.9517851852070205,-0.6589560577508272
seed 352
Initial fitness values: [np.float64(3.3908132640659407), np.float64(3.36374393616675), np.float64(3.255921850290325), np.float64(2.768831389363301), np.float64(2.768831389363301), np.float64(2.6417949935112794), np.float64(2.570928864838267), np.float64(2.445464105486142), np.float64(2.445464105486142), np.float64(2.432483160035212)]
Final fitness values: [np.float64(2.378585197787097), np.float64(2.378585197787097), np.float64(2.378585197787097), np.float64(2.378585197787097), np.float64(2.378585197787097), np.float64(2.378585197787097), np.float64(2.378585197787097), np.float64(2.378585197787097), np.float64(2.378585197787097), np.float64(2.378585197787097)]
HOF ITEM
2.378585197787097
-0.3216874865880758,1.1993887043828833,2.176718077150262,3.184780713800482,5.484535224383607,4.346558119856998,3.5818298719573836,1.7709704931009147,-1.4132866894304301,0.38309065189014047,2.9244181432687024,-1.983679683956693
HOF ITEM
2.3785852027702203
-0.3216874865880758,1.1993887043828833,2.176718077150262,3.184780713800482,5.484535224383607,4.346558119856998,3.8969190344435614,1.7709704931009147,-1.4132866894304301,0.38309065189014047,2.9244181432687024,-1.983679683956693
HOF ITEM
2.378585202777905
-0.3216874865880758,1.1993887043828833,2.176718077150262,3.184780713800482,5.484535224383607,4.346558119856998,3.8969190344435614,1.7709704931009147,-1.3878736602959707,0.38309065189014047,2.9244181432687024,-1.983679683956693
HOF ITEM
2.3785852028322223
-0.3216874865880758,1.1993887043828833,2.176718077150262,3.184780713800482,5.484535224383607,4.346558119856998,3.8969190344435614,1.7709704931009147,-1.2245227351625816,0.38309065189014047,2.9244181432687024,-1.983679683956693
HOF ITEM
2.3785852028434755
-0.3216874865880758,1.1993887043828833,2.176718077150262,3.184780713800482,5.484535224383607,4.346558119856998,3.8969190344435614,1.7709704931009147,-1.193779763304286,0.38309065189014047,2.9244181432687024,-1.983679683956693
seed 353
Initial fitness values: [np.float64(3.044898159895065), np.float64(2.9540834877767055), np.float64(2.866845869852365), np.float64(2.833483863559084), np.float64(2.7601170236437653), np.float64(2.7601170236437653), np.float64(2.759805821407457), np.float64(2.7534170870725667), np.float64(2.7071338541340833), np.float64(2.7047591953766466)]
Final fitness values: [np.float64(2.3905860794775604), np.float64(2.390357345095267), np.float64(2.390357345095267), np.float64(2.390357345095267), np.float64(2.390357345087546), np.float64(2.390357345087546), np.float64(2.390357337996889), np.float64(2.390357337996889), np.float64(2.390357337996889), np.float64(2.390357337996889)]
HOF ITEM
2.390357337996889
-5.906073254881707,1.5331667928371127,-1.5120331367857076,1.7582736990365622,-3.5419032416267435,0.6158458350640922,1.4165875407740363,0.9333291686348907,-6.046305462659845,-5.537893342382116,1.984381662677271,-7.0
HOF ITEM
2.390357338015389
-5.906073254881707,1.5331667928371127,-1.5120331367857076,1.7582736990365622,-3.5419032416267435,0.6158458350640922,1.4165875407740363,0.9333291686348907,-5.8137963639525605,-5.537893342382116,1.984381662677271,-7.0
HOF ITEM
2.39035734507344
-5.906073254881707,1.5331667928371127,-1.5120331367857076,1.7582736990365622,-3.5419032416267435,0.6158458350640922,1.5232268202542083,0.9333291686348907,-6.046305462659845,-5.537893342382116,1.984381662677271,-7.0
HOF ITEM
2.390357345087546
-5.906073254881707,1.5331667928371127,-1.5120331367857076,1.7582736990365622,-3.5419032416267435,0.6158458350640922,1.5232268202542083,0.9333291686348907,-5.8137963639525605,-5.537893342382116,1.984381662677271,-7.0
HOF ITEM
2.390357345095267
-5.906073254881707,1.5331667928371127,-1.5120331367857076,1.7582736990365622,-3.5419032416267435,0.6158458350640922,1.5232268202542083,0.9333291686348907,-5.706268106565522,-5.537893342382116,1.984381662677271,-7.0
seed 354
Initial fitness values: [np.float64(3.182627937716082), np.float64(3.0811586132002287), np.float64(2.645423404090524), np.float64(2.6454232840614527), np.float64(2.6454232840614527), np.float64(2.6207780947445105), np.float64(2.5450560224894456), np.float64(2.545045179455065), np.float64(2.498125448556275), np.float64(2.4913448143063177)]
Final fitness values: [np.float64(2.387928597827526), np.float64(2.387928597827526), np.float64(2.387928597827526), np.float64(2.3879285299096407), np.float64(2.3879285299096407), np.float64(2.3879285299096407), np.float64(2.387928401539828), np.float64(2.387928383079714), np.float64(2.387928401539828), np.float64(2.3879284007932324)]
HOF ITEM
2.387928383079714
0.23647853947681274,0.9977827657342707,-0.662578230264869,-1.6570406215489677,6.609303657424988,-2.5882400381324975,1.84684178442348,2.9332419393756513,-3.5520134388176308,0.7478845958221967,2.963387193914856,-0.5040821557508574
HOF ITEM
2.3879284007932324
0.23647853947681274,0.9977827657342707,-0.662578230264869,-1.6441847606356355,6.609303657424988,-2.5882400381324975,1.84684178442348,2.978886653757903,-3.5520134388176308,0.7478845958221967,2.963387193914856,-0.5040821557508574
HOF ITEM
2.3879284007932324
0.23647853947681274,0.9977827657342707,-0.662578230264869,-1.6441847606356355,6.609303657424988,-2.5882400381324975,1.84684178442348,2.9938628687480384,-3.5520134388176308,0.7478845958221967,2.963387193914856,-0.5040821557508574
HOF ITEM
2.3879284007932324
0.23647853947681274,0.9977827657342707,-0.662578230264869,-1.6441847606356355,6.609303657424988,-2.5882400381324975,1.84684178442348,2.9332419393756513,-3.5520134388176308,0.7478845958221967,2.963387193914856,-0.5040821557508574
HOF ITEM
2.387928401539828
0.23647853947681274,0.9977827657342707,-0.662578230264869,-1.6441847606356355,6.609303657424988,-2.5882400381324975,1.721461869632098,2.9938628687480384,-3.5520134388176308,0.7478845958221967,2.963387193914856,-0.5040821557508574
seed 355
Initial fitness values: [np.float64(3.1701379541340238), np.float64(3.1335654291353645), np.float64(2.7365968278685826), np.float64(2.6729072190637986), np.float64(2.5927467817812913), np.float64(2.589115624161139), np.float64(2.421037462032584), np.float64(2.421037462032584), np.float64(2.421037462032584), np.float64(2.4210228825712834)]
Final fitness values: [np.float64(2.362573734426178), np.float64(2.362573734426178), np.float64(2.362573734426178), np.float64(2.3625737335321926), np.float64(2.3625737335321926), np.float64(2.3625737330650365), np.float64(2.3625737330650365), np.float64(2.3625737330650365), np.float64(2.3625737330650365), np.float64(2.3625737330650365)]
HOF ITEM
2.3625737330650365
-4.466123065134057,1.6037713968500942,0.9978372260242611,-1.2171299468246461,-2.7388411268144646,4.605467812163627,6.632432167692716,0.6640717189353899,-4.509971022774451,-3.7822191269354595,2.36947626771617,-6.932592986318209
HOF ITEM
2.3625737335272854
-4.466123065134057,1.6037713968500942,0.9978372260242611,-1.2171299468246461,-2.7388411268144646,4.605467812163627,6.41468775509979,0.6640717189353899,-4.228084439153127,-3.7822191269354595,2.36947626771617,-6.932592986318209
HOF ITEM
2.3625737335321926
-4.466123065134057,1.6037713968500942,0.9978372260242611,-1.2171299468246461,-2.7388411268144646,4.605467812163627,6.41468775509979,0.6640717189353899,-4.509971022774451,-3.7822191269354595,2.36947626771617,-6.932592986318209
HOF ITEM
2.362573734426178
-4.466123065134057,1.6037713968500942,0.9978372260242611,-1.2171299468246461,-2.7388411268144646,4.605467812163627,6.632432167692716,0.6146048801417209,-4.509971022774451,-3.7822191269354595,2.36947626771617,-6.932592986318209
HOF ITEM
2.362573734520251
-4.466123065134057,1.6037713968500942,0.9978372260242611,-1.2171299468246461,-2.7388411268144646,4.605467812163627,6.611560435912883,0.6146048801417209,-4.753379438504297,-3.7822191269354595,2.36947626771617,-6.932592986318209
seed 356
Initial fitness values: [np.float64(3.3111886255254572), np.float64(2.7832625720558632), np.float64(2.751049142436338), np.float64(2.5674541311420347), np.float64(2.5674541311420347), np.float64(2.4949728573325514), np.float64(2.4949728573325514), np.float64(2.4900594305636936), np.float64(2.475554831472633), np.float64(2.4721337184288097)]
Final fitness values: [np.float64(2.4057660951666344), np.float64(2.4057660951666344), np.float64(2.405756819236853), np.float64(2.405756819236853), np.float64(2.404878471066138), np.float64(2.4043638462716768), np.float64(2.4043638462716768), np.float64(2.4043638462716768), np.float64(2.4043638462716768), np.float64(2.4043638462716768)]
HOF ITEM
2.4043638462716768
1.0539014060957508,0.65591846473692,3.5731999745202567,5.974472841991871,-0.9359738435585977,-7.0,4.722145372058592,2.5906092665082827,-3.2220116379478374,1.034416328821093,3.0,-0.4611275759816355
HOF ITEM
2.4043638462716768
1.0539014060957508,0.65591846473692,3.5731999745202567,5.974472841991871,-0.9359738435585977,-7.0,4.9505298145726275,2.5906092665082827,-3.574546249221882,1.034416328821093,3.0,-0.4611275759816355
HOF ITEM
2.4043638462716768
1.0539014060957508,0.65591846473692,3.5731999745202567,5.974472841991871,-0.9359738435585977,-7.0,5.439790829179064,2.5205191558929667,-3.4545164579731074,1.034416328821093,3.0,-0.4611275759816355
HOF ITEM
2.4043638462716768
1.0539014060957508,0.65591846473692,3.5731999745202567,5.974472841991871,-0.9359738435585977,-7.0,5.439790829179064,2.5205191558929667,-3.574546249221882,1.034416328821093,3.0,-0.4611275759816355
HOF ITEM
2.4043638462716768
1.0539014060957508,0.65591846473692,3.5731999745202567,5.974472841991871,-0.9359738435585977,-7.0,4.9505298145726275,2.5906092665082827,-3.4545164579731074,1.034416328821093,3.0,-0.4611275759816355
seed 357
Initial fitness values: [np.float64(3.4686955642804893), np.float64(3.2449551145141218), np.float64(2.90237517981734), np.float64(2.90237517981734), np.float64(2.8276733225298725), np.float64(2.6862687979472546), np.float64(2.6246451418408374), np.float64(2.6246451418408374), np.float64(2.5524986613434812), np.float64(2.5524986613434812)]
Final fitness values: [np.float64(2.434705954506235), np.float64(2.434705954506235), np.float64(2.434705954506235), np.float64(2.434705954506235), np.float64(2.434705954506235), np.float64(2.434705954506235), np.float64(2.434705954506235), np.float64(2.4347059208583897), np.float64(2.4347059208583897), np.float64(2.4347059208583897)]
HOF ITEM
2.4347059208583897
1.6595819323164631,0.3894101216450146,3.1592543660222536,2.151211875902202,-1.096768482557739,-5.664427951893018,2.833057092383989,2.8971493426304167,-6.650039851882109,1.1635424981659448,3.0,-0.4567626403005061
HOF ITEM
2.4347059208583897
1.6595819323164631,0.3894101216450146,3.1592543660222536,2.151211875902202,-1.096768482557739,-5.664427951893018,2.8889909368284292,2.8228648459141255,-6.788237032318444,1.1635424981659448,3.0,-0.4567626403005061
HOF ITEM
2.4347059208583897
1.6595819323164631,0.3894101216450146,3.1592543660222536,2.151211875902202,-1.096768482557739,-5.664427951893018,2.8889909368284292,2.8971493426304167,-6.650039851882109,1.1635424981659448,3.0,-0.4567626403005061
HOF ITEM
2.4347059349494486
1.6595819323164631,0.3894101216450146,3.1631729622329416,2.151211875902202,-1.096768482557739,-5.664427951893018,2.682909442564524,2.7295311896227408,-6.788237032318444,1.1635424981659448,3.0,-0.4567626403005061
HOF ITEM
2.4347059349494486
1.6595819323164631,0.3894101216450146,3.1631729622329416,2.151211875902202,-1.096768482557739,-5.664427951893018,2.833057092383989,2.8228648459141255,-6.367484578177959,1.1635424981659448,3.0,-0.4567626403005061
seed 358
Initial fitness values: [np.float64(3.0955152756823843), np.float64(3.0955152756823843), np.float64(3.0955152756823843), np.float64(3.0068312642883592), np.float64(2.941460615990258), np.float64(2.910099762220889), np.float64(2.8746626689879813), np.float64(2.8746626689879813), np.float64(2.8746626689879813), np.float64(2.874478548451491)]
Final fitness values: [np.float64(2.3884807089459867), np.float64(2.3884807089459867), np.float64(2.387643957556029), np.float64(2.387643957556029), np.float64(2.387643957556029), np.float64(2.387643957556029), np.float64(2.387643957556029), np.float64(2.387643957556029), np.float64(2.387643957556029), np.float64(2.387643957556029)]
HOF ITEM
2.387643957556029
-6.366960050059357,1.5791700273199354,-1.8058403513457228,0.9186733550401703,-5.5000457512518075,-4.961065074907731,-3.6176496485233898,2.4010788685428914,-0.3195152715312447,-5.457706246687613,1.9142773910260693,-2.983890835319997
HOF ITEM
2.387643957556029
-6.366960050059357,1.5791700273199354,-1.8058403513457228,0.9186733550401703,-5.5000457512518075,-4.961065074907731,-3.4266449011156084,2.8770197314622226,-0.21343073490569048,-5.457706246687613,1.9142773910260693,-2.983890835319997
HOF ITEM
2.387643957556029
-6.366960050059357,1.5791700273199354,-1.8058403513457228,0.9186733550401703,-5.5000457512518075,-4.961065074907731,-3.6176496485233898,2.8770197314622226,-0.3195152715312447,-5.457706246687613,1.9142773910260693,-2.983890835319997
HOF ITEM
2.387643957556029
-6.366960050059357,1.5791700273199354,-1.8058403513457228,0.9186733550401703,-5.5000457512518075,-4.961065074907731,-3.4266449011156084,2.8770197314622226,-0.8045626094668888,-5.457706246687613,1.9142773910260693,-2.983890835319997
HOF ITEM
2.387643957556029
-6.366960050059357,1.5791700273199354,-1.8058403513457228,0.9186733550401703,-5.5000457512518075,-4.961065074907731,-3.6176496485233898,2.8770197314622226,-0.8045626094668888,-5.457706246687613,1.9142773910260693,-2.983890835319997
seed 359
Initial fitness values: [np.float64(3.0504759443281975), np.float64(2.9891020905438395), np.float64(2.9145700875998615), np.float64(2.7698110296481255), np.float64(2.7244927278690283), np.float64(2.7208900307996107), np.float64(2.6665075861733722), np.float64(2.659324492251595), np.float64(2.6250447314671197), np.float64(2.6142919877025355)]
Final fitness values: [np.float64(2.5479547255243045), np.float64(2.5479545842263818), np.float64(2.546739904359863), np.float64(2.546739904359863), np.float64(2.5467395927298773), np.float64(2.5466096813072916), np.float64(2.54660907753928), np.float64(2.5466090775337475), np.float64(2.5466089233411893), np.float64(2.544256963792294)]
HOF ITEM
2.544256963792294
3.246011611315816,-0.7059345898975644,-6.022532072439407,-6.40223775990934,6.037611983132693,-6.929871786890101,4.857182401723526,1.1982542616936873,-5.469709186111393,1.2666561197172694,2.6602995188704077,-0.5897710250164796
HOF ITEM
2.5462657585044033
3.2581929112914865,-0.7059345898975644,-6.022532072439407,-6.098964433479759,6.05685220412141,-6.929871786890101,4.974190768531486,1.5019069895263342,-5.37512857339244,1.2666561197172694,2.6468056804830136,-0.5897710250164796
HOF ITEM
2.546608899340426
3.2581929112914865,-0.7059345898975644,-6.022532072439407,-6.40223775990934,6.19571707545804,-6.929871786890101,4.334388871015387,1.1779254883491703,-4.96152699072319,1.2666561197172694,2.6602995188704077,-0.5897710250164796
HOF ITEM
2.5466089233287734
3.2581929112914865,-0.7059345898975644,-6.022532072439407,-6.77513796704967,6.037611983132693,-6.929871786890101,4.974190768531486,1.1779254883491703,-4.96152699072319,1.2666561197172694,2.6602995188704077,-0.5897710250164796
HOF ITEM
2.5466089233323803
3.2581929112914865,-0.7059345898975644,-6.022532072439407,-6.77513796704967,6.037611983132693,-6.929871786890101,4.919495628427912,1.1779254883491703,-4.96152699072319,1.2666561197172694,2.6602995188704077,-0.5897710250164796
best parameter set
fitness 2.356962689263061 seed 355
-4.463539330556737,1.5863952317484498,0.9976445304192253,-1.216971789780671,-2.7404482279669753,4.607108883110792,6.63243216774751,0.664071719226559,-4.509971022774451,-3.785130930639365,2.3738940762601772,-6.930446318552318
