seeds are [410 411 412 413 414 415 416 417 418 419]
seed 410
Initial fitness values: [np.float64(3.0501815101492253), np.float64(2.9310107099777034), np.float64(2.746241674508627), np.float64(2.7251457921137265), np.float64(2.666879880304548), np.float64(2.666879880304548), np.float64(2.6553130430853145), np.float64(2.644701683844773), np.float64(2.629516218179462), np.float64(2.629516218179462)]
Final fitness values: [np.float64(2.462687020816971), np.float64(2.4626849784820317), np.float64(2.4626849784820317), np.float64(2.4626849784820317), np.float64(2.4626849784816622), np.float64(2.4626849784816622), np.float64(2.4626849784816622), np.float64(2.4626848671267547), np.float64(2.4626848671263), np.float64(2.4626848671263)]
HOF ITEM
2.4626848671263
2.2393784066054043,0.1367806995469144,3.125675377867325,1.568833876700245,6.574464754916656,-3.371619595252241,3.5366286234501416,2.18273168905665,-5.678489241884308,1.2343978239939513,3.0,-0.4529008175023067
HOF ITEM
2.4626848671263
2.2393784066054043,0.1367806995469144,3.125675377867325,1.568833876700245,6.574464754916656,-3.371619595252241,3.5366286234501416,2.18273168905665,-5.563076649455275,1.2343978239939513,3.0,-0.4529008175023067
HOF ITEM
2.4626848671267547
2.2393784066054043,0.1367806995469144,3.125675377867325,1.568833876700245,6.574464754916656,-3.371619595252241,3.5366286234501416,2.648838368509402,-5.563076649455275,1.2343978239939513,3.0,-0.4529008175023067
HOF ITEM
2.4626848671267547
2.2393784066054043,0.1367806995469144,3.125675377867325,1.568833876700245,6.574464754916656,-3.371619595252241,3.5366286234501416,2.648838368509402,-5.75923551148362,1.2343978239939513,3.0,-0.4529008175023067
HOF ITEM
2.462684972281644
2.2393784066054043,0.1367806995469144,3.125675377867325,1.3444082998934617,6.545951542861566,-3.371619595252241,3.5366286234501416,2.236581698454092,-5.29559264176422,1.2343978239939513,3.0,-0.4529008175023067
seed 411
Initial fitness values: [np.float64(3.398230717312532), np.float64(3.398230717312532), np.float64(2.963440385304123), np.float64(2.859456349612914), np.float64(2.859456349612914), np.float64(2.7874892943639527), np.float64(2.7874892943639527), np.float64(2.7762772998220515), np.float64(2.739772889059573), np.float64(2.739772889059573)]
Final fitness values: [np.float64(2.3775731841573764), np.float64(2.3775731841573764), np.float64(2.3775731841573764), np.float64(2.3775731841573764), np.float64(2.3763436152754975), np.float64(2.3763436152754975), np.float64(2.3763436152754975), np.float64(2.3763067431508036), np.float64(2.3746913192519914), np.float64(2.3746913192519914)]
HOF ITEM
2.3746913192519914
-0.5321018344095538,1.232349102225346,3.0916146543394705,1.4782646312584684,5.496298975764683,4.408350138739447,-0.30085400072605806,2.2439141872993593,-1.785667665964844,0.2644767455774535,2.7454582226476854,-1.3830805979259044
HOF ITEM
2.3763067431508036
-0.5321018344095538,1.232349102225346,3.0916146543394705,1.128733744867021,5.4280741484318,4.408350138739447,-0.30085400072605806,2.2439141872993593,-2.0792477567223204,0.2644767455774535,2.7454582226476854,-1.3830805979259044
HOF ITEM
2.3763436152754975
-0.5321018344095538,1.232349102225346,3.0916146543394705,1.128733744867021,5.4280741484318,4.408350138739447,-0.30085400072605806,2.2439141872993593,-2.0029660769996287,0.2644767455774535,2.7454582226476854,-1.3830805979259044
HOF ITEM
2.3775731841573764
-0.5321018344095538,1.232349102225346,3.0916146543394705,1.128733744867021,5.4280741484318,4.408350138739447,-0.30085400072605806,1.7656510982348739,-2.0792477567223204,0.2644767455774535,2.7454582226476854,-1.3830805979259044
HOF ITEM
2.3775956930514033
-0.5321018344095538,1.232349102225346,3.0916146543394705,1.128733744867021,5.4280741484318,4.408350138739447,-0.30085400072605806,1.7656510982348739,-2.0029660769996287,0.2644767455774535,2.7454582226476854,-1.3830805979259044
seed 412
Initial fitness values: [np.float64(3.073383785175302), np.float64(3.042545595411963), np.float64(2.773436216721146), np.float64(2.7413626279355237), np.float64(2.6963168865315454), np.float64(2.6899556587706535), np.float64(2.651546185313954), np.float64(2.651546185313954), np.float64(2.649974494290298), np.float64(2.640687282258825)]
Final fitness values: [np.float64(2.5308391835671156), np.float64(2.5308391835671156), np.float64(2.5308391835671156), np.float64(2.5307647278738683), np.float64(2.5307647278738683), np.float64(2.5307647278738683), np.float64(2.5305141032629805), np.float64(2.5305141032629805), np.float64(2.530324529887492), np.float64(2.530324529887492)]
HOF ITEM
2.530324529887492
3.198773147387654,-0.20722861890446184,6.7951655588235695,4.556942791764164,0.8282557126917603,-1.1171148019706507,4.97357763147311,0.4128096725708958,-2.1728336811933584,1.307346207098164,3.0,-0.5085101393077217
HOF ITEM
2.530460310240854
3.198773147387654,-0.20722861890446184,6.7951655588235695,4.591185094216844,0.8282557126917603,-1.1171148019706507,5.230773440166005,0.5253765390011195,-2.3776562015945366,1.307346207098164,3.0,-0.5085101393077217
HOF ITEM
2.5304741873878935
3.198773147387654,-0.20722861890446184,6.7951655588235695,4.591185094216844,0.8282557126917603,-1.1171148019706507,4.936289373927738,0.5253765390011195,-2.3437536507587757,1.307346207098164,3.0,-0.5085101393077217
HOF ITEM
2.5304743136323955
3.198773147387654,-0.20722861890446184,6.7951655588235695,4.591185094216844,0.8282557126917603,-1.1171148019706507,4.936289373927738,0.5253765390011195,-2.3776562015945366,1.307346207098164,3.0,-0.5085101393077217
HOF ITEM
2.5304956872517534
3.198773147387654,-0.20722861890446184,6.788378958066801,4.591185094216844,0.8282557126917603,-1.1171148019706507,5.537859359219849,0.4798898960836739,-2.3776562015945366,1.307346207098164,3.0,-0.5085101393077217
seed 413
Initial fitness values: [np.float64(3.5091929599518883), np.float64(3.151998403390837), np.float64(3.151998403390837), np.float64(2.964991746354843), np.float64(2.9021253395395434), np.float64(2.854100349551725), np.float64(2.854100349551725), np.float64(2.840005058393348), np.float64(2.831113122903779), np.float64(2.831113122903779)]
Final fitness values: [np.float64(2.812411579831144), np.float64(2.812411579831144), np.float64(2.8119556926195317), np.float64(2.811697534920997), np.float64(2.8114578882298282), np.float64(2.810291465369775), np.float64(2.809520384044956), np.float64(2.806173655893428), np.float64(2.8060446841729325), np.float64(2.8060446841729325)]
HOF ITEM
2.8060446841729325
3.4193153145639803,-0.18609251720697054,-4.505309352587182,-0.7636761308824777,6.395196636069344,-2.876058584726442,0.4709380039569519,2.38245756327858,-2.2637970106775795,1.2457194991369958,1.3573469764029358,-3.8653597879663497
HOF ITEM
2.8060491187617584
3.4193153145639803,-0.18609251720697054,-4.505309352587182,-0.9619734631898593,6.14992034850534,-2.876058584726442,0.4709380039569519,2.38245756327858,-2.2637970106775795,1.2457194991369958,1.3573469764029358,-3.8653597879663497
HOF ITEM
2.8060674108592156
3.4193153145639803,-0.18609251720697054,-4.505309352587182,-0.7636761308824777,6.14992034850534,-2.876058584726442,0.4709380039569519,2.38245756327858,-2.1336412474460604,1.2457194991369958,1.3573469764029358,-3.8653597879663497
HOF ITEM
2.8060710891433702
3.4193153145639803,-0.18609251720697054,-4.505309352587182,-0.8545268067493698,6.423991179539777,-2.876058584726442,0.4709380039569519,2.2212696266239957,-2.1336412474460604,1.2457194991369958,1.3573469764029358,-3.8653597879663497
HOF ITEM
2.8061732402993185
3.4193153145639803,-0.18609251720697054,-4.505309352587182,-0.7636761308824777,6.395196636069344,-2.876058584726442,0.3800525024533392,2.38245756327858,-2.095972757728414,1.2457194991369958,1.3573469764029358,-3.8653597879663497
seed 414
Initial fitness values: [np.float64(3.5979705406006373), np.float64(3.4815544828040363), np.float64(3.0275106956451845), np.float64(2.8704715137613217), np.float64(2.8469011962617516), np.float64(2.8183240460587173), np.float64(2.8183240460587173), np.float64(2.8128463012864824), np.float64(2.8122681411971495), np.float64(2.808040952583476)]
Final fitness values: [np.float64(2.564055609251998), np.float64(2.564055609251998), np.float64(2.5636137174630056), np.float64(2.5636137174630056), np.float64(2.5636082607377357), np.float64(2.5636082607377357), np.float64(2.5636082607377357), np.float64(2.5636082607377357), np.float64(2.563596920906477), np.float64(2.5635904029258008)]
HOF ITEM
2.5635904029258008
3.979349727088323,-1.0453645035593557,3.1487241571670115,-5.254072997326715,-6.5666808881715975,-2.5864264577960054,-5.917787911952369,0.0027300728460651117,0.0,0.92091404771902,2.3060500852958374,-3.477122656599267
HOF ITEM
2.563596920906477
3.979349727088323,-1.0453645035593557,3.1487241571670115,-5.254072997326715,-6.5666808881715975,-2.5864264577960054,-5.917787911952369,0.0027300728460651117,-0.014085426631126784,0.92091404771902,2.3060500852958374,-3.477122656599267
HOF ITEM
2.563603164047888
3.979349727088323,-1.0453645035593557,3.724359705571637,-4.967502194202981,-6.5666808881715975,-2.5864264577960054,-6.0229972844006445,0.0027300728460651117,0.0,0.92091404771902,2.3060500852958374,-3.477122656599267
HOF ITEM
2.5636082607377357
3.979349727088323,-1.0453645035593557,3.670716383985099,-5.254072997326715,-6.5666808881715975,-2.5864264577960054,-6.0229972844006445,0.21563277712480292,0.0,0.92091404771902,2.3060500852958374,-3.477122656599267
HOF ITEM
2.5636082607377357
3.979349727088323,-1.0453645035593557,3.670716383985099,-5.254072997326715,-6.5666808881715975,-2.5864264577960054,-6.0229972844006445,0.0027300728460651117,0.0,0.92091404771902,2.3060500852958374,-3.477122656599267
seed 415
Initial fitness values: [np.float64(3.340210360650999), np.float64(3.259460737050545), np.float64(3.18381067269961), np.float64(2.916784477743752), np.float64(2.8425490692811204), np.float64(2.7998143883050233), np.float64(2.799498842256951), np.float64(2.77713046865016), np.float64(2.772501096129604), np.float64(2.749841091849956)]
Final fitness values: [np.float64(2.4893671825972365), np.float64(2.442246911425894), np.float64(2.442246911425894), np.float64(2.434226960171662), np.float64(2.4340282174288985), np.float64(2.4340282174288985), np.float64(2.4340282174288985), np.float64(2.4340282174288985), np.float64(2.4340282174288985), np.float64(2.4307412775908412)]
HOF ITEM
2.4307412775908412
6.03769206621989,-1.0263546985585215,-3.7087793329386853,7.0,5.599798764290108,-4.731071457233802,0.051105070847817596,2.1294638636983687,-4.737451662950774,0.5573278305692109,0.0,-5.897587270338157
HOF ITEM
2.4338795387914605
6.03769206621989,-1.0263546985585215,-3.7087793329386853,7.0,5.599798764290108,-4.731071457233802,0.051105070847817596,2.1294638636983687,-4.576625186929548,0.5573278305692109,0.0,-4.967801833767255
HOF ITEM
2.4340282174288985
6.03769206621989,-1.0263546985585215,-3.7087793329386853,7.0,5.599798764290108,-4.731071457233802,0.051105070847817596,2.1294638636983687,-4.737451662950774,0.5573278305692109,0.0,-4.967801833767255
HOF ITEM
2.434226960171662
6.03769206621989,-1.0263546985585215,-3.7087793329386853,7.0,5.599798764290108,-4.731071457233802,0.051105070847817596,2.1294638636983687,-4.878149418928114,0.5573278305692109,0.0,-4.967801833767255
HOF ITEM
2.436373957143251
6.03769206621989,-1.0263546985585215,-3.7087793329386853,7.0,5.599798764290108,-4.731071457233802,0.051105070847817596,2.202852990195976,-4.291876197830435,0.5573278305692109,0.0,-4.967801833767255
seed 416
Initial fitness values: [np.float64(2.920641843002977), np.float64(2.920641843002977), np.float64(2.9023069989418766), np.float64(2.7161990693673177), np.float64(2.7111236286119897), np.float64(2.7111236286119897), np.float64(2.694045011327693), np.float64(2.644404190804865), np.float64(2.613326976855534), np.float64(2.5885869834863633)]
Final fitness values: [np.float64(2.372223860663104), np.float64(2.372223860663104), np.float64(2.372223860663104), np.float64(2.372223860663104), np.float64(2.372223860663104), np.float64(2.372223860663104), np.float64(2.372223860663104), np.float64(2.372223860663104), np.float64(2.372223860663104), np.float64(2.372223860663104)]
HOF ITEM
2.372223860663104
-5.453210118505999,1.5845750712744142,-6.306251021683768,-4.44290694995778,3.2801132582219843,-2.8489718133198694,2.0450164448847774,2.2013438378774133,-1.4108606683716813,-4.493767667804837,2.096276348932474,-3.0473871318043524
HOF ITEM
2.372223860663104
-5.453210118505999,1.5845750712744142,-6.306251021683768,-4.44290694995778,3.2801132582219843,-2.8489718133198694,2.0860216590758127,2.509359689874069,-1.4108606683716813,-4.493767667804837,2.096276348932474,-3.0473871318043524
HOF ITEM
2.372223860663104
-5.453210118505999,1.5845750712744142,-6.306251021683768,-4.44290694995778,3.2801132582219843,-2.8489718133198694,1.4639786615282686,2.135584501309065,-1.4632641521368313,-4.493767667804837,2.096276348932474,-3.0473871318043524
HOF ITEM
2.372223860663104
-5.453210118505999,1.5845750712744142,-6.306251021683768,-4.44290694995778,3.2801132582219843,-2.8489718133198694,2.0450164448847774,2.135584501309065,-1.4108606683716813,-4.493767667804837,2.096276348932474,-3.0473871318043524
HOF ITEM
2.372223860663104
-5.453210118505999,1.5845750712744142,-6.306251021683768,-4.44290694995778,3.2801132582219843,-2.8489718133198694,2.0450164448847774,2.509359689874069,-1.4108606683716813,-4.493767667804837,2.096276348932474,-3.0473871318043524
seed 417
Initial fitness values: [np.float64(3.5646835417683276), np.float64(3.0413668346914706), np.float64(3.0413668346914706), np.float64(2.7940912755485847), np.float64(2.726449393371601), np.float64(2.726449393371601), np.float64(2.679707410223645), np.float64(2.6175721198149233), np.float64(2.6001359493191107), np.float64(2.593941011389438)]
Final fitness values: [np.float64(2.3569929216531795), np.float64(2.3569929216471133), np.float64(2.3569929216471133), np.float64(2.3569730782631355), np.float64(2.3569730782549865), np.float64(2.356973078251359), np.float64(2.356973078251359), np.float64(2.356973078251359), np.float64(2.3569578759792584), np.float64(2.3569578759792584)]
HOF ITEM
2.3569578759792584
-4.1978623256175815,1.593530920957229,2.4236814654055103,-5.113094902315202,-3.573821313335736,0.5330671297678368,5.970234696742855,0.6236318615490054,-7.0,-3.180537011887717,2.4590391773513915,-3.603133357286314
HOF ITEM
2.356973078251359
-4.1978623256175815,1.593530920957229,2.4236814654055103,-5.375188542017581,-3.573821313335736,0.5330671297678368,5.691811380482716,0.6236318615490054,-7.0,-3.180537011887717,2.4590391773513915,-3.603133357286314
HOF ITEM
2.3569730782549865
-4.1978623256175815,1.593530920957229,2.4236814654055103,-5.375188542017581,-3.573821313335736,0.5330671297678368,5.7864707734193495,0.6236318615490054,-7.0,-3.180537011887717,2.4590391773513915,-3.603133357286314
HOF ITEM
2.3569730782631355
-4.1978623256175815,1.593530920957229,2.4236814654055103,-5.375188542017581,-3.573821313335736,0.5330671297678368,5.691811380482716,0.6792167716185158,-7.0,-3.180537011887717,2.4590391773513915,-3.603133357286314
HOF ITEM
2.3569730782649474
-4.1978623256175815,1.593530920957229,2.4236814654055103,-5.375188542017581,-3.573821313335736,0.5330671297678368,5.7864707734193495,0.6792167716185158,-7.0,-3.180537011887717,2.4590391773513915,-3.603133357286314
seed 418
Initial fitness values: [np.float64(3.581179852366685), np.float64(3.367103221968942), np.float64(2.9894101925645726), np.float64(2.9177412115163746), np.float64(2.8455136728811037), np.float64(2.811257742237675), np.float64(2.7950816924552004), np.float64(2.7356229819481066), np.float64(2.718234593713908), np.float64(2.635259046815223)]
Final fitness values: [np.float64(2.4026473919978644), np.float64(2.4026393913096777), np.float64(2.4026345823896484), np.float64(2.4026261276511116), np.float64(2.4026261240469404), np.float64(2.4026261240469404), np.float64(2.4026260782785043), np.float64(2.402622148026583), np.float64(2.4025834035723053), np.float64(2.4024628080855948)]
HOF ITEM
2.4024628080855948
0.7734082454194035,0.7890209000224507,4.981628383588956,-2.037771440117598,-0.4913623198510416,-5.203987653268642,-6.787958252695036,0.8919141570205689,-5.9668622576262536,0.9580296126386393,2.970135311052831,-0.4556713415814798
HOF ITEM
2.402583365269982
0.7734082454194035,0.7890209000224507,5.174691550139065,-2.037771440117598,-0.47061415881987906,-5.203987653268642,-6.720140383588275,0.36642649707559355,-5.809600440340126,0.9580296126386393,2.970135311052831,-0.4556713415814798
HOF ITEM
2.4025834034899987
0.7734082454194035,0.7890209000224507,5.174691550139065,-2.037771440117598,-0.47061415881987906,-5.203987653268642,-6.720140383588275,0.8919141570205689,-5.9668622576262536,0.9580296126386393,2.970135311052831,-0.4556713415814798
HOF ITEM
2.4025834035723053
0.7734082454194035,0.7890209000224507,5.174691550139065,-2.037771440117598,-0.47061415881987906,-5.203987653268642,-6.787958252695036,0.8919141570205689,-5.9668622576262536,0.9580296126386393,2.970135311052831,-0.4556713415814798
HOF ITEM
2.4026209587049756
0.7734082454194035,0.7890209000224507,4.981628383588956,-2.4284688185713827,-0.4913623198510416,-5.203987653268642,-6.720140383588275,0.36642649707559355,-5.809600440340126,0.9580296126386393,2.943406551227431,-0.4556713415814798
seed 419
Initial fitness values: [np.float64(2.925662995967726), np.float64(2.925398792940239), np.float64(2.863635133235642), np.float64(2.827955626340481), np.float64(2.812637190726602), np.float64(2.7859285704524677), np.float64(2.7414946181874997), np.float64(2.736626723132784), np.float64(2.7270624441014943), np.float64(2.705672756519197)]
Final fitness values: [np.float64(2.547734382734806), np.float64(2.547733077226164), np.float64(2.547733077226164), np.float64(2.547733077226164), np.float64(2.547733077226164), np.float64(2.547733077226164), np.float64(2.547730674580446), np.float64(2.547730674580446), np.float64(2.547730674580446), np.float64(2.547730674580446)]
HOF ITEM
2.547730674580446
6.8610593989693065,-1.668292337657228,1.0770001057152672,-6.608192031629171,2.8152489075378817,6.378384261347231,-3.2709336349059406,0.0,0.0,0.8428513106859854,2.3212791145444553,-4.93075123147956
HOF ITEM
2.547730674580446
6.8610593989693065,-1.668292337657228,1.0770001057152672,-6.608192031629171,2.8152489075378817,6.378384261347231,-3.0248831419686817,0.0,0.0,0.8428513106859854,2.3212791145444553,-4.93075123147956
HOF ITEM
2.547730674580446
6.8610593989693065,-1.668292337657228,1.0770001057152672,-6.608192031629171,2.8152489075378817,6.378384261347231,-3.0744143990189943,0.0,0.0,0.8428513106859854,2.3212791145444553,-4.93075123147956
HOF ITEM
2.547733077226164
6.8610593989693065,-1.668292337657228,1.0770001057152672,-6.843965463268752,2.8152489075378817,6.378384261347231,-3.0248831419686817,0.16689486886102456,0.0,0.8428513106859854,2.3212791145444553,-4.93075123147956
HOF ITEM
2.547733077226164
6.8610593989693065,-1.668292337657228,1.0770001057152672,-6.843965463268752,2.8152489075378817,6.378384261347231,-3.2709336349059406,0.16689486886102456,0.0,0.8428513106859854,2.3212791145444553,-4.93075123147956
best parameter set
fitness 2.35403352366407 seed 417
-4.196400086123975,1.5876362448965018,2.4237009307219646,-5.375233224439663,-3.574828487271805,0.5342336799027584,5.691811380482716,0.6792167715922468,-7.0,-3.1821084306176743,2.45997317230211,-3.6018809448529034
