seeds are [780 781 782 783 784 785 786 787 788 789]
seed 780
Initial fitness values: [np.float64(5.902503550562222), np.float64(5.902503550562222), np.float64(5.455469457335113), np.float64(5.436908932064026), np.float64(5.436908932064026), np.float64(5.217535913546617), np.float64(4.934252958718059), np.float64(4.934252958718059), np.float64(4.831653420469583), np.float64(4.811541934425483)]
Final fitness values: [np.float64(4.404870674655514), np.float64(4.399987331708865), np.float64(4.399987331708865), np.float64(4.399987331708865), np.float64(4.399987331708865), np.float64(4.399987331708865), np.float64(4.399987331708865), np.float64(4.399987331708865), np.float64(4.399987331708865), np.float64(4.399987331708865)]
HOF ITEM
4.399987331708865
1.7192586296518053,0.08596460685434842,4.907139005232429,4.9210358676636385,-4.635256438572981,-0.8145667907823578,0.43427020978993547,2.5357087754666545,-0.20537715849516164,0.4749094171073847,1.8796364032394035,-4.172670202975515
HOF ITEM
4.400515561479782
1.5819477458581663,0.31351948788819495,4.907139005232429,5.065913590502648,-4.635256438572981,-1.1264231272689493,0.43427020978993547,2.5357087754666545,-0.20537715849516164,0.4749094171073847,1.8796364032394035,-3.9657338703229783
HOF ITEM
4.402853002304744
1.7192586296518053,0.08596460685434842,4.926446335579356,4.9210358676636385,-4.635256438572981,-0.8145667907823578,0.43427020978993547,2.5357087754666545,-0.20537715849516164,0.4749094171073847,1.8796364032394035,-4.172670202975515
HOF ITEM
4.404870674655514
1.9467202076488657,0.08596460685434842,4.926446335579356,4.9210358676636385,-4.635256438572981,-0.8145667907823578,0.43427020978993547,2.289145943236488,-0.20537715849516164,0.5102604916379319,1.8796364032394035,-4.172670202975515
HOF ITEM
4.406098646634916
1.9467202076488657,0.08596460685434842,4.926446335579356,4.9210358676636385,-4.46030141554191,-0.8969968662391539,0.4405834152840495,2.289145943236488,-0.20537715849516164,0.53046437961368,1.8358729785328203,-3.972644382743301
seed 781
Initial fitness values: [np.float64(5.870120488073553), np.float64(5.624280901340184), np.float64(5.489214103014225), np.float64(5.240510862901214), np.float64(5.154497961735981), np.float64(5.154497961735981), np.float64(5.141303980892055), np.float64(5.141303980892055), np.float64(5.134227430250895), np.float64(5.133554273835376)]
Final fitness values: [np.float64(4.2754074731376335), np.float64(4.2754074731376335), np.float64(4.2754074731376335), np.float64(4.2754074731376335), np.float64(4.274580312186076), np.float64(4.274580312186076), np.float64(4.269870551943217), np.float64(4.269120363644459), np.float64(4.265849461316485), np.float64(4.265849461316485)]
HOF ITEM
4.265849461316485
-5.407345561967423,1.5681227066545218,3.8929090150689345,1.386758053794563,-1.0222640028823653,1.0233770335142314,-3.2981996763002632,2.0903160733987325,-6.3233874968428765,-4.308071238221258,2.124446603076697,-1.894795830482985
HOF ITEM
4.265935508196776
-5.407345561967423,1.5681227066545218,3.8587807784365533,1.386758053794563,-1.0222640028823653,1.0233770335142314,-3.2981996763002632,2.0903160733987325,-6.3233874968428765,-4.308071238221258,2.124446603076697,-1.894795830482985
HOF ITEM
4.2686554657910545
-5.407345561967423,1.5681227066545218,3.8587807784365533,1.386758053794563,-1.0222640028823653,1.0233770335142314,-3.0962172824367724,2.0903160733987325,-6.3233874968428765,-4.308071238221258,2.124446603076697,-1.894795830482985
HOF ITEM
4.268831356345246
-5.407345561967423,1.5681227066545218,3.8929090150689345,1.386758053794563,-1.0222640028823653,1.0233770335142314,-3.0962172824367724,2.0903160733987325,-6.3233874968428765,-4.308071238221258,2.124446603076697,-1.894795830482985
HOF ITEM
4.269120363644459
-5.407345561967423,1.5681227066545218,3.8929090150689345,1.3239029163709877,-1.0222640028823653,1.0233770335142314,-3.0962172824367724,2.0903160733987325,-6.3233874968428765,-4.308071238221258,2.124446603076697,-1.894795830482985
seed 782
Initial fitness values: [np.float64(5.98295203475222), np.float64(5.699527522504245), np.float64(5.492124245509595), np.float64(5.254852127068309), np.float64(4.777788117601798), np.float64(4.703757217880066), np.float64(4.602602351236818), np.float64(4.570622981410858), np.float64(4.485203626444822), np.float64(4.437830503343612)]
Final fitness values: [np.float64(4.2751505870190165), np.float64(4.275144993414991), np.float64(4.275141862922331), np.float64(4.275119346874634), np.float64(4.260923129733784), np.float64(4.260923129733784), np.float64(4.260855463680701), np.float64(4.260783747321106), np.float64(4.260783747321106), np.float64(4.260776592913953)]
HOF ITEM
4.260776592913953
-1.0531514569894007,1.380492312721224,-6.698739491666425,-3.7957476066594,5.386094516260285,-4.1747488364710374,-3.3804158498466315,0.05552690401812935,-5.121867378832996,-0.12228073525204489,2.87488502468494,-2.1651310247971907
HOF ITEM
4.260776638258281
-1.0531514569894007,1.380492312721224,-6.698739491666425,-3.7957476066594,5.386094516260285,-4.1747488364710374,-3.3804158498466315,0.05552690401812935,-4.822544352299627,-0.12228073525204489,2.87488502468494,-2.1651310247971907
HOF ITEM
4.260783747321106
-1.0531514569894007,1.380492312721224,-6.698739491666425,-3.7957476066594,5.386094516260285,-4.1747488364710374,-3.3804158498466315,0.15818624092036804,-4.761291282242713,-0.12228073525204489,2.87488502468494,-2.1651310247971907
HOF ITEM
4.260783819015533
-1.0531514569894007,1.380492312721224,-6.698739491666425,-3.7957476066594,5.386094516260285,-4.1747488364710374,-3.3804158498466315,0.15818624092036804,-4.308289874041004,-0.12228073525204489,2.87488502468494,-2.1651310247971907
HOF ITEM
4.260811770970079
-1.0531514569894007,1.380492312721224,-6.698739491666425,-3.7957476066594,5.541204837251797,-4.1747488364710374,-3.3804158498466315,0.05552690401812935,-5.121867378832996,-0.12228073525204489,2.87488502468494,-2.1651310247971907
seed 783
Initial fitness values: [np.float64(6.202606088921048), np.float64(5.647754273095314), np.float64(5.517444013937075), np.float64(5.165514801599675), np.float64(4.843032589607661), np.float64(4.682613642489296), np.float64(4.515355316358213), np.float64(4.475018418675051), np.float64(4.475018418675051), np.float64(4.475007910680834)]
Final fitness values: [np.float64(4.3471062059791015), np.float64(4.3471062059791015), np.float64(4.343583068656457), np.float64(4.343583068656457), np.float64(4.343583068656457), np.float64(4.3415677720294745), np.float64(4.3415677720294745), np.float64(4.3415677720294745), np.float64(4.3415677720294745), np.float64(4.3415677720294745)]
HOF ITEM
4.3415677720294745
1.1207842287477983,0.6004831465084289,-0.6418364053234198,-1.4544069602937255,3.141909038548747,1.9256744884194523,-2.7304249935171683,2.8463605515688806,-5.972555610521372,0.9225121649301075,2.7533280357538032,-2.24162867520305
HOF ITEM
4.341567776703673
1.1207842287477983,0.6004831465084289,-0.6418364053234198,-1.4544069602937255,3.141909038548747,1.9256744884194523,-2.67744577910084,2.8463605515688806,-5.972555610521372,0.9225121649301075,2.7533280357538032,-2.24162867520305
HOF ITEM
4.341889116465149
1.1207842287477983,0.6004831465084289,-0.6418364053234198,-1.4666543051856864,3.141909038548747,1.9256744884194523,-2.5139691431176634,2.8463605515688806,-6.099619497873275,0.9225121649301075,2.7533280357538032,-2.24162867520305
HOF ITEM
4.342775516640301
1.1207842287477983,0.6004831465084289,-0.399894365919211,-1.3332610082273368,3.327695689685317,2.1679020146884906,-2.67744577910084,2.8463605515688806,-5.972555610521372,0.9225121649301075,2.7533280357538032,-2.24162867520305
HOF ITEM
4.343583064104619
1.1207842287477983,0.6004831465084289,-0.399894365919211,-1.3332610082273368,3.2875127136555076,2.1679020146884906,-2.7304249935171683,2.8463605515688806,-5.972555610521372,0.9225121649301075,2.7533280357538032,-2.24162867520305
seed 784
Initial fitness values: [np.float64(6.022281255161292), np.float64(5.296352174675318), np.float64(5.284028639527801), np.float64(5.126516402362096), np.float64(4.885886072163055), np.float64(4.885886072163055), np.float64(4.555523914313716), np.float64(4.456278509178902), np.float64(4.376643344105208), np.float64(4.376643344105208)]
Final fitness values: [np.float64(4.247241670722833), np.float64(4.247239878200455), np.float64(4.247239533793617), np.float64(4.247239533793617), np.float64(4.24723953323957), np.float64(4.24723932690873), np.float64(4.24723932690873), np.float64(4.247239326595864), np.float64(4.247239326595864), np.float64(4.247239326595864)]
HOF ITEM
4.247239326595864
-3.0208531611140677,1.583136869697595,5.029330620028168,-1.5008058086372529,-5.352975404306139,1.650738390684093,4.945854789376437,0.18778544458158275,-6.5159909766222786,-2.0939687549246537,2.8353411409408804,-6.449441250684081
HOF ITEM
4.24723932690873
-3.0208531611140677,1.583136869697595,5.029330620028168,-1.5008058086372529,-5.352975404306139,1.650738390684093,4.945854789376437,0.18778544458158275,-6.363872314595383,-2.0939687549246537,2.8353411409408804,-6.449441250684081
HOF ITEM
4.247239327256069
-3.0208531611140677,1.583136869697595,5.029330620028168,-1.5008058086372529,-5.352975404306139,1.650738390684093,4.945854789376437,0.18778544458158275,-6.218333871897329,-2.0939687549246537,2.8353411409408804,-6.449441250684081
HOF ITEM
4.24723953323957
-3.0208531611140677,1.583136869697595,5.029330620028168,-1.5008058086372529,-5.352975404306139,1.650738390684093,5.091218678383412,0.18778544458158275,-6.5159909766222786,-2.0939687549246537,2.8353411409408804,-6.449441250684081
HOF ITEM
4.247239533502123
-3.0208531611140677,1.583136869697595,5.029330620028168,-1.5008058086372529,-5.352975404306139,1.650738390684093,5.091218678383412,0.18778544458158275,-6.363872314595383,-2.0939687549246537,2.8353411409408804,-6.449441250684081
seed 785
Initial fitness values: [np.float64(5.967991134956016), np.float64(5.826364454288619), np.float64(5.464068307523634), np.float64(5.09488876937302), np.float64(4.7867200078283725), np.float64(4.71922851269348), np.float64(4.405371495403713), np.float64(4.405371495403713), np.float64(4.387095760213532), np.float64(4.364070050028547)]
Final fitness values: [np.float64(4.24221262753757), np.float64(4.24221262753757), np.float64(4.24221262753757), np.float64(4.24221262753757), np.float64(4.24221262753757), np.float64(4.24221262753757), np.float64(4.24221262753757), np.float64(4.24221262753757), np.float64(4.24221262753757), np.float64(4.24221262753757)]
HOF ITEM
4.24221262753757
-3.9471595369904606,1.5997515069505392,3.166080389038431,-2.5543868688425815,-2.7008810443239404,3.4626188189095086,6.306760654189586,2.3280924215416454,-7.0,-3.0633046539131614,2.5429166485794736,-5.619903574358153
HOF ITEM
4.24221262753757
-3.9471595369904606,1.5997515069505392,3.166080389038431,-2.5543868688425815,-2.7008810443239404,3.4626188189095086,6.749408954837468,2.4205608627215716,-7.0,-3.0633046539131614,2.5429166485794736,-5.619903574358153
HOF ITEM
4.24221262753757
-3.9471595369904606,1.5997515069505392,3.166080389038431,-2.5543868688425815,-2.7008810443239404,3.4626188189095086,6.749408954837468,1.9899173054747314,-7.0,-3.0633046539131614,2.5429166485794736,-5.619903574358153
HOF ITEM
4.24221262753757
-3.9471595369904606,1.5997515069505392,3.166080389038431,-2.5543868688425815,-2.7008810443239404,3.4626188189095086,6.831751490444001,2.4205608627215716,-7.0,-3.0633046539131614,2.5429166485794736,-5.619903574358153
HOF ITEM
4.24221262753757
-3.9471595369904606,1.5997515069505392,3.166080389038431,-2.5543868688425815,-2.7008810443239404,3.4626188189095086,6.749408954837468,2.3185190268156513,-7.0,-3.0633046539131614,2.5429166485794736,-5.619903574358153
seed 786
Initial fitness values: [np.float64(5.6091241197225745), np.float64(5.313285655968883), np.float64(4.930489081599173), np.float64(4.907614519805254), np.float64(4.824612991129191), np.float64(4.765044018308769), np.float64(4.653526466234117), np.float64(4.547719939957956), np.float64(4.506510396120641), np.float64(4.506510396120641)]
Final fitness values: [np.float64(4.308390381783358), np.float64(4.308390381783358), np.float64(4.30838681724682), np.float64(4.307910535111938), np.float64(4.307910535111938), np.float64(4.307907368640404), np.float64(4.307907368478693), np.float64(4.307897597023519), np.float64(4.307892971482841), np.float64(4.307892971482841)]
HOF ITEM
4.307892971482841
0.9147343428114967,0.7173787777744309,6.247366842816438,-6.239378217431064,3.5733080644271173,-7.0,-5.746356235271967,0.7166237776239663,-1.3022463644841247,0.9962615317116716,2.9886641648527683,-0.4502515224194764
HOF ITEM
4.307892994095717
0.9147343428114967,0.7173787777744309,6.096267000230976,-6.10733353179146,3.6387551107950333,-6.9491432129779875,-5.916363673222435,0.17296594607371021,-1.3022463644841247,0.9962615317116716,2.9886641648527683,-0.4502515224194764
HOF ITEM
4.307897597023519
0.9147343428114967,0.7173787777744309,6.019029925481362,-6.0445610581614515,3.4093139956221163,-7.0,-5.763325052969989,0.17296594607371021,-0.5977683994204293,0.9962615317116716,2.9886641648527683,-0.4502515224194764
HOF ITEM
4.307897597024688
0.9147343428114967,0.7173787777744309,6.019029925481362,-6.0445610581614515,3.4093139956221163,-7.0,-5.746356235271967,0.22183346725981568,-0.5977683994204293,0.9962615317116716,2.9886641648527683,-0.4502515224194764
HOF ITEM
4.307897597139516
0.9147343428114967,0.7173787777744309,6.019029925481362,-6.0445610581614515,3.4093139956221163,-7.0,-5.746356235271967,0.22183346725981568,-0.8172013882103532,0.9962615317116716,2.9886641648527683,-0.4502515224194764
seed 787
Initial fitness values: [np.float64(5.863473869226285), np.float64(5.863473869226285), np.float64(5.249595319243053), np.float64(4.491739413432462), np.float64(4.481987432523416), np.float64(4.348831255642262), np.float64(4.348831255642262), np.float64(4.348831255642262), np.float64(4.326151446743017), np.float64(4.337574086429956)]
Final fitness values: [np.float64(4.289343593576428), np.float64(4.2892982295111395), np.float64(4.289295599375093), np.float64(4.289295599375093), np.float64(4.289295599375093), np.float64(4.289295599375093), np.float64(4.285756710636969), np.float64(4.266656523229472), np.float64(4.266656523229472), np.float64(4.266656523229472)]
HOF ITEM
4.266656523229472
-1.8996175027160818,1.4613651060854422,-2.0963726512148275,-2.3207683225257494,2.4237633481378915,0.9083568300103453,5.138277564770245,0.0,-3.9911120306326255,-0.8468047617843559,2.792456863621623,-2.5907628542258583
HOF ITEM
4.285756710636969
-1.978241202949166,1.4964820621001687,-2.0963726512148275,-2.1833349708328043,2.4237633481378915,0.9083568300103453,5.138277564770245,0.0,-3.9911120306326255,-0.8859452231148417,2.9904256909362963,-2.5907628542258583
HOF ITEM
4.285802128077329
-1.978241202949166,1.4964820621001687,-2.0963726512148275,-2.3207683225257494,2.4237633481378915,0.9083568300103453,5.138277564770245,0.009229544483945905,-3.9911120306326255,-0.8859452231148417,2.9904256909362963,-2.5907628542258583
HOF ITEM
4.285803491010187
-1.978241202949166,1.4964820621001687,-2.0963726512148275,-2.3207683225257494,2.4237633481378915,0.9083568300103453,5.138277564770245,0.0,-3.9911120306326255,-0.8859452231148417,2.9904256909362963,-2.5907628542258583
HOF ITEM
4.289292060726614
-1.8996175027160818,1.4613651060854422,-2.0963726512148275,-2.3207683225257494,2.4237633481378915,0.9083568300103453,5.1876144751579725,0.009229544483945905,-3.9911120306326255,-0.8859452231148417,2.6133192904725773,-2.5907628542258583
seed 788
Initial fitness values: [np.float64(5.817296226553722), np.float64(5.501872751864932), np.float64(5.379744469208957), np.float64(5.15654006261328), np.float64(4.963475825533413), np.float64(4.811599865409845), np.float64(4.811599865409845), np.float64(4.702552889732145), np.float64(4.702556484115883), np.float64(4.6391892342403285)]
Final fitness values: [np.float64(4.524112463737124), np.float64(4.524085712172158), np.float64(4.524084688938588), np.float64(4.524062939253023), np.float64(4.524062939253023), np.float64(4.524034993770644), np.float64(4.524034993770644), np.float64(4.524034993770644), np.float64(4.524029312536639), np.float64(4.524026949628596)]
HOF ITEM
4.524026949628596
4.135734662286597,-1.017518818816904,-4.998883178148391,-7.0,2.8219368836298067,2.003683641680768,-0.9348765650069992,0.2326604604758605,-2.4547979791504377,0.8963215189407973,2.698104230958877,-6.4462439703106496
HOF ITEM
4.524029312536639
4.135734662286597,-1.017518818816904,-4.998883178148391,-7.0,2.7221923376676,2.003683641680768,-0.9225638084056476,0.0,-2.4547979791504377,0.8963215189407973,2.698104230958877,-6.4462439703106496
HOF ITEM
4.524034993770644
4.135734662286597,-1.017518818816904,-4.998883178148391,-7.0,2.7221923376676,2.003683641680768,-0.9225638084056476,0.0,-2.7491353465824186,0.8963215189407973,2.698104230958877,-6.4462439703106496
HOF ITEM
4.524039871998529
4.135734662286597,-1.017518818816904,-4.998883178148391,-7.0,2.628160479731976,2.003683641680768,-0.9225638084056476,0.0,-2.4547979791504377,0.8963215189407973,2.698104230958877,-6.4462439703106496
HOF ITEM
4.52404611307594
4.135734662286597,-1.017518818816904,-4.998883178148391,-7.0,2.628160479731976,2.003683641680768,-0.9225638084056476,0.0,-2.7491353465824186,0.8963215189407973,2.698104230958877,-6.4462439703106496
seed 789
Initial fitness values: [np.float64(6.129487637677313), np.float64(5.749647354376665), np.float64(5.606952106334498), np.float64(5.3547904736315886), np.float64(4.91896698876811), np.float64(4.75588105520437), np.float64(4.679088256048044), np.float64(4.679088256048044), np.float64(4.679078136460713), np.float64(4.631398035718685)]
Final fitness values: [np.float64(4.506810221874398), np.float64(4.506810221874398), np.float64(4.506810221874398), np.float64(4.506810221874398), np.float64(4.506770248366236), np.float64(4.506770248366236), np.float64(4.506770248366236), np.float64(4.506767074775518), np.float64(4.506767074775518), np.float64(4.506767074775518)]
HOF ITEM
4.506767074775518
2.840735308079779,-0.5566215343423055,7.0,-2.9119983124226696,-4.701284813890432,0.16377385569919256,-3.2884094591199298,0.2126570873728913,-1.941290079632814,0.9353082412966542,2.523382953739267,-4.329747715834695
HOF ITEM
4.506770248366236
2.840735308079779,-0.5566215343423055,7.0,-2.9119983124226696,-4.701284813890432,0.16377385569919256,-3.6434170014041336,0.2126570873728913,-1.941290079632814,0.9353082412966542,2.523382953739267,-4.329747715834695
HOF ITEM
4.506780707649859
2.840735308079779,-0.5566215343423055,6.9615895826893,-2.9119983124226696,-4.701284813890432,0.16377385569919256,-3.6434170014041336,0.2126570873728913,-1.941290079632814,0.9353082412966542,2.523382953739267,-4.329747715834695
HOF ITEM
4.506788639733049
2.840735308079779,-0.5566215343423055,6.803410104975391,-2.951885552082414,-4.701284813890432,0.16377385569919256,-3.988261663346367,0.0,-1.5339893988599222,0.9353082412966542,2.523382953739267,-4.329747715834695
HOF ITEM
4.50680655188007
2.840735308079779,-0.5566215343423055,7.0,-2.770978366755788,-4.701284813890432,0.16377385569919256,-3.6434170014041336,0.39084075858462286,-1.8024670548117943,0.9353082412966542,2.523382953739267,-4.329747715834695
best parameter set
fitness 4.235016695809922 seed 785
-3.9453145080065104,1.5885944895759487,3.1661133846716494,-2.554373871975476,-2.70090965645353,3.46276661538801,6.749408954837468,2.3185190268156513,-7.0,-3.0653915765628845,2.5439296529718254,-5.619804835719857
