seeds are [710 711 712 713 714 715 716 717 718 719]
seed 710
Initial fitness values: [np.float64(3.4639220071196473), np.float64(3.211915344632883), np.float64(2.738417092025597), np.float64(2.738417092025597), np.float64(2.6157575222844183), np.float64(2.6157575222844183), np.float64(2.58076948276082), np.float64(2.5604222159447128), np.float64(2.5479079359643837), np.float64(2.5230878931818124)]
Final fitness values: [np.float64(2.444336509556533), np.float64(2.444336509556533), np.float64(2.4443351414089842), np.float64(2.4443105323582413), np.float64(2.444247040456854), np.float64(2.444247040456854), np.float64(2.444232502805301), np.float64(2.444232502805301), np.float64(2.4442320913844586), np.float64(2.444196511915776)]
HOF ITEM
2.444196511915776
1.743726095788755,0.35698199722150964,-1.6694537291092493,-6.989066699420568,1.4851522559186272,5.582388897147945,-2.501711361514099,1.4880509328869989,-3.4807881579181164,0.8662513945788723,3.0,-6.729254192949462
HOF ITEM
2.4442320913844586
1.743726095788755,0.35698199722150964,-1.6694537291092493,-7.0,1.4851522559186272,5.582388897147945,-2.501711361514099,1.292343603293904,-3.1610173143566427,0.8662513945788723,3.0,-6.729254192949462
HOF ITEM
2.444232502805301
1.743726095788755,0.35698199722150964,-1.6694537291092493,-6.989066699420568,1.4851522559186272,5.582388897147945,-2.501711361514099,1.292343603293904,-3.1610173143566427,0.8662513945788723,3.0,-6.729254192949462
HOF ITEM
2.4442436552794824
1.743726095788755,0.35698199722150964,-1.6694537291092493,-6.844998862028218,1.4851522559186272,5.582388897147945,-2.457340216800096,1.292343603293904,-3.1610173143566427,0.8662513945788723,3.0,-6.729254192949462
HOF ITEM
2.4442466290424227
1.743726095788755,0.35698199722150964,-1.6694537291092493,-7.0,1.4851522559186272,5.580600744745334,-2.501711361514099,1.292343603293904,-3.1610173143566427,0.8662513945788723,3.0,-6.729254192949462
seed 711
Initial fitness values: [np.float64(3.547803058317931), np.float64(3.046570177731989), np.float64(2.8936414477255834), np.float64(2.8355726010844045), np.float64(2.8024771423404466), np.float64(2.8024771423404466), np.float64(2.781541415993769), np.float64(2.640954528829675), np.float64(2.640954528829675), np.float64(2.640954528829675)]
Final fitness values: [np.float64(2.418345353384739), np.float64(2.418345353384739), np.float64(2.418345353384739), np.float64(2.418345353384739), np.float64(2.418345353384739), np.float64(2.418345353384739), np.float64(2.410560628794913), np.float64(2.4098372008533047), np.float64(2.4098372008533047), np.float64(2.4098372008533047)]
HOF ITEM
2.4098372008533047
0.3950472724835657,0.9237615119904411,6.4931922111701805,2.4365370544241682,-0.5714211685039714,6.562407569719962,2.547002943740925,3.0,-2.503941383751811,0.40795761589901536,2.7414395889427094,-6.597752776340467
HOF ITEM
2.409979867896509
0.3950472724835657,0.9237615119904411,6.4931922111701805,2.4365370544241682,-0.5714211685039714,6.5666684867508325,2.5337015664827733,3.0,-2.8404075692174113,0.40795761589901536,2.7414395889427094,-6.597752776340467
HOF ITEM
2.409979867896509
0.3950472724835657,0.9237615119904411,6.4931922111701805,2.4365370544241682,-0.5714211685039714,6.5666684867508325,2.547002943740925,3.0,-2.503941383751811,0.40795761589901536,2.7414395889427094,-6.597752776340467
HOF ITEM
2.4105605705603064
0.3950472724835657,0.9237615119904411,6.837824672147415,2.4365370544241682,-0.5714211685039714,6.5666684867508325,2.422780708013015,2.3288521117264436,-2.6631702927181493,0.40795761589901536,2.7414395889427094,-6.597752776340467
HOF ITEM
2.410560628794913
0.3950472724835657,0.9237615119904411,6.837824672147415,2.4365370544241682,-0.5714211685039714,6.5666684867508325,2.547002943740925,3.0,-2.490143177520813,0.40795761589901536,2.7414395889427094,-6.597752776340467
seed 712
Initial fitness values: [np.float64(3.471223999205919), np.float64(3.134013835070493), np.float64(3.0999923735279378), np.float64(3.0883288733604752), np.float64(3.0633314804624483), np.float64(2.7546678033709586), np.float64(2.7546678033709586), np.float64(2.713404563420312), np.float64(2.6997507650652723), np.float64(2.6997507650652723)]
Final fitness values: [np.float64(2.5445812647883077), np.float64(2.5445812647883077), np.float64(2.5445812647883077), np.float64(2.5445811052759426), np.float64(2.5445811052759426), np.float64(2.5445811052759426), np.float64(2.5445811052759426), np.float64(2.5445811052759426), np.float64(2.544568782960299), np.float64(2.544551049478849)]
HOF ITEM
2.544551049478849
4.172284213982884,-1.05067748205296,-6.3928691968354,-6.97372965928319,2.8307265390904206,-2.9111941576001037,5.344886038150028,2.695568182001513,-5.1248948466292825,1.0580911017325751,2.4590948186147283,-3.0076613512427643
HOF ITEM
2.544568782960299
4.172284213982884,-1.05067748205296,-6.3928691968354,-6.761428052809358,2.573741848750139,-2.9111941576001037,5.344886038150028,3.0,-4.780204226518518,1.0580911017325751,2.4590948186147283,-3.0076613512427643
HOF ITEM
2.544568782960299
4.172284213982884,-1.05067748205296,-6.3928691968354,-6.761428052809358,2.573741848750139,-2.9111941576001037,4.915696563662381,2.756447260464069,-5.000672167494189,1.0580911017325751,2.4590948186147283,-3.0076613512427643
HOF ITEM
2.5445753111985354
4.172284213982884,-1.05067748205296,-6.3928691968354,-6.97372965928319,2.3918228248068725,-2.9111941576001037,4.915696563662381,2.842259503384753,-5.1248948466292825,1.0580911017325751,2.4590948186147283,-3.0076613512427643
HOF ITEM
2.5445811052759426
4.172284213982884,-1.05067748205296,-6.3928691968354,-6.761428052809358,2.3918228248068725,-2.9111941576001037,5.344886038150028,2.8824407691158056,-5.1248948466292825,1.0580911017325751,2.4590948186147283,-3.0076613512427643
seed 713
Initial fitness values: [np.float64(3.346771264414194), np.float64(3.099153695837849), np.float64(2.9676058478398124), np.float64(2.806236946710729), np.float64(2.7884298075311134), np.float64(2.7649977766678946), np.float64(2.734658310206032), np.float64(2.6968351254781515), np.float64(2.6968351254781515), np.float64(2.604932566302594)]
Final fitness values: [np.float64(2.426078476249492), np.float64(2.426078321790234), np.float64(2.426078321790234), np.float64(2.426078241274524), np.float64(2.426078241274524), np.float64(2.426078241274523), np.float64(2.426078083255696), np.float64(2.426078083255696), np.float64(2.4260775766998326), np.float64(2.4260775766998077)]
HOF ITEM
2.4260775766998077
1.4838097250258733,0.4617856810312355,-2.986962889572079,-3.829185221264459,4.638032900585473,0.2215681158841324,-3.7504347375762928,2.7198616380745926,-3.939586393295115,1.0170824392482767,3.0,-2.756143213346406
HOF ITEM
2.4260775766998086
1.4838097250258733,0.4617856810312355,-2.986962889572079,-3.829185221264459,4.638032900585473,0.2215681158841324,-3.7504347375762928,2.7038558525110474,-3.939586393295115,1.0170824392482767,3.0,-2.756143213346406
HOF ITEM
2.4260775766998326
1.4838097250258733,0.4617856810312355,-2.986962889572079,-3.829185221264459,4.638032900585473,0.2215681158841324,-3.583692184360457,2.7198616380745926,-3.939586393295115,1.0170824392482767,3.0,-2.756143213346406
HOF ITEM
2.426078083255696
1.4838097250258733,0.4617856810312355,-2.986962889572079,-3.8266554865112665,4.638032900585473,0.2215681158841324,-3.583692184360457,2.7198616380745926,-3.939586393295115,1.0170824392482767,3.0,-2.756143213346406
HOF ITEM
2.4260780832557067
1.4838097250258733,0.4617856810312355,-2.986962889572079,-3.8266554865112665,4.638032900585473,0.2215681158841324,-3.583692184360457,2.7038558525110474,-3.939586393295115,1.0170824392482767,3.0,-2.756143213346406
seed 714
Initial fitness values: [np.float64(3.0021259422976043), np.float64(2.9707579588482673), np.float64(2.8894525028710953), np.float64(2.762032087042308), np.float64(2.762032087042308), np.float64(2.7618583325731736), np.float64(2.7618583325731736), np.float64(2.758028688540115), np.float64(2.756419346079703), np.float64(2.750109365391231)]
Final fitness values: [np.float64(2.3674936644356617), np.float64(2.367493352513952), np.float64(2.3669077185251144), np.float64(2.3669077185251144), np.float64(2.366847492447362), np.float64(2.366847492433715), np.float64(2.3663094458582687), np.float64(2.3663094458582687), np.float64(2.366309445844812), np.float64(2.366309445844812)]
HOF ITEM
2.366309445844812
-3.1119434652114086,1.5743693062529711,2.2571637011760926,-2.835165951072175,2.033723578806868,4.0669340603307855,1.8263942714976165,2.0051681667523757,-4.342202763447871,-1.9454031513590437,2.775524993253326,-2.2478110308569277
HOF ITEM
2.3663094458582687
-3.1119434652114086,1.5743693062529711,2.2571637011760926,-2.835165951072175,2.033723578806868,4.0669340603307855,1.1640342501807583,2.0051681667523757,-4.342202763447871,-1.9454031513590437,2.775524993253326,-2.2478110308569277
HOF ITEM
2.366325360840235
-3.1119434652114086,1.5743693062529711,2.2571637011760926,-2.9835397403964707,2.033723578806868,4.0669340603307855,0.7179125600032796,2.4586984870204804,-4.777970959604339,-1.9454031513590437,2.775524993253326,-2.2478110308569277
HOF ITEM
2.366335229127243
-3.1119434652114086,1.5743693062529711,2.2571637011760926,-2.8202625584002328,2.033723578806868,4.0669340603307855,1.1640342501807583,2.4586984870204804,-4.342202763447871,-1.9454031513590437,2.775524993253326,-2.2478110308569277
HOF ITEM
2.3663352291273414
-3.1119434652114086,1.5743693062529711,2.2571637011760926,-2.8202625584002328,2.033723578806868,4.0669340603307855,1.8263942714976165,2.0051681667523757,-4.342202763447871,-1.9454031513590437,2.775524993253326,-2.2478110308569277
seed 715
Initial fitness values: [np.float64(3.617873914333842), np.float64(3.159624994151227), np.float64(2.965534638338906), np.float64(2.965534638338906), np.float64(2.6831583638556467), np.float64(2.6809393463040796), np.float64(2.6348414254188515), np.float64(2.6100376981487754), np.float64(2.4292525988562725), np.float64(2.3542520251527748)]
Final fitness values: [np.float64(2.2494464536322067), np.float64(2.2494464536322067), np.float64(2.2494464536322067), np.float64(2.2494464536322067), np.float64(2.2494464536322067), np.float64(2.2494464536322067), np.float64(2.2494464536322067), np.float64(2.2494464536322067), np.float64(2.2494464536322067), np.float64(2.2494464536322067)]
HOF ITEM
2.2494464536322067
-3.1887268672986493,1.1287490497494632,-1.3006642639959676,-2.451002969648416,-6.78049235966241,-5.578229587644436,-3.2039077040341755,2.503168279850527,-4.817730298903338,-2.313615700284233,1.7452605439979576,-1.6908894965803536
HOF ITEM
2.249467664331981
-3.1887268672986493,1.1287490497494632,-1.3006642639959676,-2.451002969648416,-6.78049235966241,-5.578229587644436,-3.2039077040341755,2.503168279850527,-4.829921622167783,-2.313615700284233,1.7452605439979576,-1.6908894965803536
HOF ITEM
2.249471213167704
-3.1887268672986493,1.1287490497494632,-1.3006642639959676,-2.451002969648416,-6.78049235966241,-5.578229587644436,-3.2039077040341755,2.503168279850527,-4.831975960140146,-2.313615700284233,1.7452605439979576,-1.6908894965803536
HOF ITEM
2.2501631742049204
-3.1887268672986493,1.1287490497494632,-1.3006642639959676,-2.451002969648416,-6.78049235966241,-5.578229587644436,-3.2039077040341755,2.503168279850527,-4.571256845838724,-2.313615700284233,1.7452605439979576,-1.6908894965803536
HOF ITEM
2.250713995999393
-3.1887268672986493,1.1287490497494632,-1.3006642639959676,-2.451002969648416,-6.78049235966241,-5.542784438646338,-3.9695359003792534,2.503168279850527,-4.817730298903338,-2.313615700284233,1.7452605439979576,-1.718868108427073
seed 716
Initial fitness values: [np.float64(3.227205958621576), np.float64(3.1953783113389247), np.float64(3.014384792258161), np.float64(2.9300270990935298), np.float64(2.8886308742824833), np.float64(2.8375262158336816), np.float64(2.8258633880208253), np.float64(2.8117049482873053), np.float64(2.7922572812604542), np.float64(2.7922572812604542)]
Final fitness values: [np.float64(2.5394273961018623), np.float64(2.5389811543647065), np.float64(2.5389811543647065), np.float64(2.5389811543647065), np.float64(2.5389267134424234), np.float64(2.5387061073792143), np.float64(2.538704440465253), np.float64(2.538704440465253), np.float64(2.5386670782561707), np.float64(2.5386670782561707)]
HOF ITEM
2.5386670782561707
3.3821330047448845,-0.7652821694748168,5.2068410445386295,-1.676709503358601,2.2275404304832453,0.3881933785126198,0.17734307517592626,0.07425020325260212,-5.941442402769159,1.2712556745118184,2.6130191999456462,-0.509685974908764
HOF ITEM
2.5386793030631196
3.3821330047448845,-0.7652821694748168,5.2068410445386295,-1.7707088761743106,2.2275404304832453,0.3881933785126198,-0.11869322688311953,0.36218059778247436,-5.941442402769159,1.2712556745118184,2.6130191999456462,-0.509685974908764
HOF ITEM
2.538679317453859
3.3821330047448845,-0.7652821694748168,5.2068410445386295,-1.7707088761743106,2.2275404304832453,0.3881933785126198,-0.11869322688311953,0.36218059778247436,-5.962099660284167,1.2712556745118184,2.6130191999456462,-0.509685974908764
HOF ITEM
2.5386988687197327
3.3821330047448845,-0.7652821694748168,5.2068410445386295,-1.676709503358601,2.2275404304832453,0.3881933785126198,-0.060384438481675594,0.4440235377911796,-5.9911626328813625,1.2712556745118184,2.6130191999456462,-0.509685974908764
HOF ITEM
2.5387002658575097
3.3821330047448845,-0.7652821694748168,5.2068410445386295,-1.676709503358601,2.2275404304832453,0.3881933785126198,-0.11869322688311953,0.07425020325260212,-5.941442402769159,1.2712556745118184,2.6130191999456462,-0.509685974908764
seed 717
Initial fitness values: [np.float64(3.5055388795617164), np.float64(3.1682654242453623), np.float64(2.6923404393012267), np.float64(2.59593439059813), np.float64(2.533781457069993), np.float64(2.533676077645123), np.float64(2.519885728631582), np.float64(2.4926100157822075), np.float64(2.4862499171265613), np.float64(2.4862499171265613)]
Final fitness values: [np.float64(2.42538165176094), np.float64(2.4251599835417497), np.float64(2.4251599835417497), np.float64(2.42248861712659), np.float64(2.42248861712659), np.float64(2.42248861712659), np.float64(2.422247563033546), np.float64(2.4220721262889615), np.float64(2.422036011789251), np.float64(2.422036011789251)]
HOF ITEM
2.422036011789251
1.3875624559706063,0.5021724091402783,-3.898984478064053,-1.7927085609324125,1.0323721927534688,2.5894497219730424,6.0716796656204854,1.4537464669801756,-2.1605421423351476,0.8343773203693235,3.0,-5.991305050843937
HOF ITEM
2.4220360119209303
1.3875624559706063,0.5021724091402783,-3.898984478064053,-1.7927085609324125,1.0323721927534688,2.5894497219730424,6.0716796656204854,1.397668906712376,-2.1605421423351476,0.8343773203693235,3.0,-5.991305050843937
HOF ITEM
2.4220720184866145
1.3875624559706063,0.5021724091402783,-3.898984478064053,-1.8007925972118635,0.9788376711083735,2.5894497219730424,6.0716796656204854,1.397668906712376,-2.1605421423351476,0.8343773203693235,3.0,-5.991305050843937
HOF ITEM
2.4220720186164373
1.3875624559706063,0.5021724091402783,-3.898984478064053,-1.8007925972118635,0.9788376711083735,2.5894497219730424,6.002185643490211,1.397668906712376,-2.1605421423351476,0.8343773203693235,3.0,-5.991305050843937
HOF ITEM
2.4220721262889615
1.3875624559706063,0.5021724091402783,-3.898984478064053,-1.8007925972118635,0.9788376711083735,2.5894497219730424,6.002185643490211,1.02585587950874,-1.3351222029126026,0.8343773203693235,3.0,-5.991305050843937
seed 718
Initial fitness values: [np.float64(3.3842505723518523), np.float64(3.2493127784866), np.float64(2.900111184932812), np.float64(2.821682160581564), np.float64(2.673027910868912), np.float64(2.64594585592309), np.float64(2.6430372401634212), np.float64(2.623136719287004), np.float64(2.6172882933366592), np.float64(2.6023125519556025)]
Final fitness values: [np.float64(2.4748685179956844), np.float64(2.474125050096351), np.float64(2.474125050096351), np.float64(2.474125050096351), np.float64(2.474122778218023), np.float64(2.474122778218023), np.float64(2.474122778218023), np.float64(2.4741225711305734), np.float64(2.474122531818426), np.float64(2.474122531818426)]
HOF ITEM
2.474122531818426
2.4005770186857744,0.07330618637185779,-0.9413717388522607,-4.778506528341651,0.4444964450792258,-5.295036467546778,3.9536037415860013,1.2608114101693144,-1.0898066698455506,1.2505306589636564,3.0,-0.45819010105891955
HOF ITEM
2.4741225332245067
2.4005770186857744,0.07330618637185779,-0.9413717388522607,-4.778506528341651,0.4444964450792258,-5.295036467546778,3.9536037415860013,1.2608114101693144,-1.3993823460461345,1.2505306589636564,3.0,-0.45819010105891955
HOF ITEM
2.4741225710154415
2.4005770186857744,0.07330618637185779,-0.9413717388522607,-4.778506528341651,0.4444964450792258,-5.295036467546778,3.9536037415860013,1.0346328103874245,-1.0898066698455506,1.2505306589636564,3.0,-0.45819010105891955
HOF ITEM
2.4741225711305734
2.4005770186857744,0.07330618637185779,-0.9413717388522607,-4.778506528341651,0.4444964450792258,-5.295036467546778,3.9536037415860013,1.0346328103874245,-1.0943966317106397,1.2505306589636564,3.0,-0.45819010105891955
HOF ITEM
2.4741227338034717
2.4005770186857744,0.07330618637185779,-0.9413717388522607,-4.897713440545773,0.4444964450792258,-5.295036467546778,3.9536037415860013,1.0346328103874245,-1.3993823460461345,1.2505306589636564,3.0,-0.45819010105891955
seed 719
Initial fitness values: [np.float64(3.122898041408296), np.float64(3.032330295835818), np.float64(2.9177862937911847), np.float64(2.8004400337089197), np.float64(2.709826770358213), np.float64(2.671334070589421), np.float64(2.560803977926792), np.float64(2.5607418829083963), np.float64(2.5141891022746905), np.float64(2.4662152240636233)]
Final fitness values: [np.float64(2.344943405330393), np.float64(2.344943405330393), np.float64(2.344943405330393), np.float64(2.344943405330393), np.float64(2.344943405330393), np.float64(2.344943405330393), np.float64(2.344943405330393), np.float64(2.344943405330393), np.float64(2.344943405330393), np.float64(2.3437310558937794)]
HOF ITEM
2.3437310558937794
-2.531594384925467,1.3064179517208856,-4.116929285690751,-4.720612239913529,-3.032256908107752,-1.376205787513296,-1.9851623400343434,2.4564882910915395,-1.7134387509213798,-1.6688066634122374,2.0793046114486438,-2.905299446743201
HOF ITEM
2.344943405330393
-2.531594384925467,1.3064179517208856,-4.112969646029893,-4.720612239913529,-3.032256908107752,-1.3607701702857464,-1.9851623400343434,2.4564882910915395,-1.4610686766687255,-1.6688066634122374,2.0793046114486438,-2.905299446743201
HOF ITEM
2.345154376656618
-2.531594384925467,1.3064179517208856,-4.112969646029893,-4.720612239913529,-3.032256908107752,-1.3607701702857464,-1.9851623400343434,2.4947207123662785,-1.4268895035733904,-1.6679848788544556,2.0793046114486438,-2.905299446743201
HOF ITEM
2.3451618945948027
-2.531594384925467,1.3064179517208856,-4.112969646029893,-4.720612239913529,-3.032256908107752,-1.3607701702857464,-1.9851623400343434,2.4564882910915395,-1.4430385762087303,-1.6688066634122374,2.0793046114486438,-2.905299446743201
HOF ITEM
2.345601174880751
-2.531594384925467,1.3064179517208856,-4.112969646029893,-4.720612239913529,-3.032256908107752,-1.3607701702857464,-1.9922790738833631,2.4564882910915395,-1.4610686766687255,-1.6688066634122374,2.0793046114486438,-2.905299446743201
best parameter set
fitness 2.235308577199709 seed 715
-3.2023017326312337,1.1344822355462565,-1.2778467995046263,-2.4586048725992535,-6.762064775566534,-5.5191071641436045,-3.9695407334441684,2.5031625541353892,-4.8174613910381705,-2.3132701371260764,1.7907555892996692,-1.7036227503957997
