seeds are [510 511 512 513 514 515 516 517 518 519]
seed 510
Initial fitness values: [np.float64(5.335006562288366), np.float64(5.335006562288366), np.float64(5.211282255500427), np.float64(5.11043414457696), np.float64(5.058691037775331), np.float64(5.034307953346217), np.float64(5.029877019548328), np.float64(4.9414102635663335), np.float64(4.798458270754695), np.float64(4.798458270754695)]
Final fitness values: [np.float64(4.343502982024239), np.float64(4.340992427618369), np.float64(4.340992427618369), np.float64(4.340989383394258), np.float64(4.340981632580888), np.float64(4.340980959372751), np.float64(4.34097988268609), np.float64(4.340979774736006), np.float64(4.340979256014462), np.float64(4.340978151596992)]
HOF ITEM
4.340978151596992
1.401283377099025,0.501273426869825,4.86340838159883,1.874590720514999,5.480529512387712,-7.0,6.021070628737022,2.265608722162226,-7.0,1.1154308425888844,3.0,-0.4517453924010026
HOF ITEM
4.340978325884765
1.401283377099025,0.501273426869825,5.088035650488028,1.807718844875482,5.129228445902681,-7.0,5.772598276203463,1.9414060336775136,-7.0,1.1154308425888844,3.0,-0.4517453924010026
HOF ITEM
4.3409787210433635
1.401283377099025,0.501273426869825,5.167798766248197,1.807718844875482,4.981844607007491,-7.0,6.056300271815688,1.9724370256368355,-7.0,1.1154308425888844,3.0,-0.4517453924010026
HOF ITEM
4.3409787968890985
1.401283377099025,0.501273426869825,5.088035650488028,1.3166825656177004,5.025524422316208,-7.0,5.688232534637212,1.5234414367379847,-7.0,1.1154308425888844,3.0,-0.4517453924010026
HOF ITEM
4.340979014745805
1.401283377099025,0.501273426869825,5.088035650488028,1.807718844875482,5.040907131512355,-6.978925079493664,5.772598276203463,1.8004768990263074,-6.847279293364433,1.1154308425888844,3.0,-0.4517453924010026
seed 511
Initial fitness values: [np.float64(5.922831725548219), np.float64(5.922831725548219), np.float64(5.022590282678818), np.float64(4.880821091267773), np.float64(4.880821091267773), np.float64(4.563937145683387), np.float64(4.563937145683387), np.float64(4.466268104210849), np.float64(4.466268104210849), np.float64(4.357374731079327)]
Final fitness values: [np.float64(4.24661623420061), np.float64(4.24627933593496), np.float64(4.24627933593496), np.float64(4.24627933593496), np.float64(4.24627933593496), np.float64(4.24627933593496), np.float64(4.246080611414641), np.float64(4.246080611414641), np.float64(4.246080611414641), np.float64(4.246080611414641)]
HOF ITEM
4.246080611414641
-3.0823504245000297,1.5646138174510744,-5.869564537808855,-2.006009139410397,-0.18453209246493554,-1.0146571131277509,-0.7410738681841578,0.4871746879268385,-6.303097688475832,-2.0965992276426113,2.66070910585457,-4.532042403838511
HOF ITEM
4.24627933593496
-3.0823504245000297,1.5646138174510744,-5.869564537808855,-2.006009139410397,-0.18453209246493554,-1.0146571131277509,-0.7472971060581188,0.4871746879268385,-6.303097688475832,-2.0965992276426113,2.66070910585457,-4.532042403838511
HOF ITEM
4.246290343147393
-3.0823504245000297,1.5646138174510744,-5.869564537808855,-2.006009139410397,-0.18453209246493554,-1.0146571131277509,-0.7472971060581188,0.4853687401536993,-6.303097688475832,-2.0965992276426113,2.66070910585457,-4.532042403838511
HOF ITEM
4.246613902190205
-3.0823504245000297,1.5646138174510744,-5.869564537808855,-2.018753883609971,-0.18453209246493554,-1.0146571131277509,-0.7472971060581188,0.4853687401536993,-6.3232665514162605,-2.0965992276426113,2.66070910585457,-4.532042403838511
HOF ITEM
4.24661623420061
-3.0823504245000297,1.5646138174510744,-5.869564537808855,-2.018753883609971,-0.18453209246493554,-1.0146571131277509,-0.7472971060581188,0.4853687401536993,-6.303097688475832,-2.0965992276426113,2.66070910585457,-4.532042403838511
seed 512
Initial fitness values: [np.float64(6.456705625421268), np.float64(5.507627352404364), np.float64(5.507627352404364), np.float64(5.399443829018816), np.float64(5.180297043916758), np.float64(5.140730015073757), np.float64(5.108979296908382), np.float64(5.013409654429329), np.float64(4.835676680265498), np.float64(4.830556039459122)]
Final fitness values: [np.float64(4.267520990080282), np.float64(4.267520990080282), np.float64(4.26752099008028), np.float64(4.26752099008028), np.float64(4.26752099008028), np.float64(4.26752099008028), np.float64(4.26752099008028), np.float64(4.26752099008028), np.float64(4.26752099008028), np.float64(4.26752099008028)]
HOF ITEM
4.26752099008028
-1.0228194650663969,1.3802140855994802,0.7415766634911959,5.019294815797942,1.5092369577346925,-0.7801798035675106,5.512973134571942,1.734895381604602,-2.2741159058211666,-0.06300675638526723,2.981610874692344,-1.778919146505006
HOF ITEM
4.267520990080282
-1.0228194650663969,1.3802140855994802,0.7415766634911959,5.019294815797942,1.5092369577346925,-0.7801798035675106,5.512973134571942,1.734895381604602,-2.296438180391383,-0.06300675638526723,2.981610874692344,-1.778919146505006
HOF ITEM
4.267520990080289
-1.0228194650663969,1.3802140855994802,0.7415766634911959,5.019294815797942,1.5092369577346925,-0.7801798035675106,5.512973134571942,1.734895381604602,-2.482006843805786,-0.06300675638526723,2.981610874692344,-1.778919146505006
HOF ITEM
4.267520990080289
-1.0228194650663969,1.3802140855994802,0.7415766634911959,5.019294815797942,1.5092369577346925,-0.7801798035675106,5.512973134571942,1.734895381604602,-2.4857313850317135,-0.06300675638526723,2.981610874692344,-1.778919146505006
HOF ITEM
4.2675209900820095
-1.0228194650663969,1.3802140855994802,0.7415766634911959,5.019294815797942,1.5092369577346925,-0.7801798035675106,5.153960957195048,1.7449762960117554,-2.296438180391383,-0.06300675638526723,2.981610874692344,-1.778919146505006
seed 513
Initial fitness values: [np.float64(5.859762607016519), np.float64(5.57269238999304), np.float64(5.095815594611462), np.float64(5.086574456456512), np.float64(4.718071876725761), np.float64(4.660530901085651), np.float64(4.636618959956865), np.float64(4.636618959956865), np.float64(4.57394763110354), np.float64(4.57394763110354)]
Final fitness values: [np.float64(4.490493613232475), np.float64(4.490493613232475), np.float64(4.490492888393581), np.float64(4.4663181889875645), np.float64(4.453612123005356), np.float64(4.4501988151955025), np.float64(4.4501988151955025), np.float64(4.4501988151955025), np.float64(4.43744673518496), np.float64(4.433038420206055)]
HOF ITEM
4.433038420206055
1.980191655492689,0.26314676338046017,6.056709328854601,-5.9359462091056026,-4.522318528024677,-0.11860346831232334,-6.449614486049489,0.4908719092632495,-2.276565887337281,1.045963703271359,2.9796583394974507,-3.866137412482476
HOF ITEM
4.433595819650759
1.980191655492689,0.26314676338046017,6.41659054074586,-5.706787834865963,-4.67284450533746,-0.14231278672712175,-6.917124941529924,0.22857547838495967,-2.384044800002906,1.037209579778702,3.0,-3.969793678545592
HOF ITEM
4.4374455954184855
1.980191655492689,0.26314676338046017,6.012887081818435,-5.782771268125904,-4.528924676467223,-0.14231278672712175,-6.669168802985806,0.1265373935841963,-2.02491503144709,1.0534203642015905,3.0,-3.866137412482476
HOF ITEM
4.437446473110795
1.980191655492689,0.26314676338046017,6.056709328854601,-5.782771268125904,-4.528924676467223,-0.14231278672712175,-6.590682132855622,0.14990227457069558,-2.384044800002906,1.0534203642015905,3.0,-3.866137412482476
HOF ITEM
4.43744673518496
1.980191655492689,0.26314676338046017,6.056709328854601,-5.782771268125904,-4.528924676467223,-0.14231278672712175,-6.917124941529924,0.14990227457069558,-2.384044800002906,1.0534203642015905,3.0,-3.866137412482476
seed 514
Initial fitness values: [np.float64(5.744994649262085), np.float64(5.74429649432703), np.float64(5.3978397626132395), np.float64(5.216459555824751), np.float64(5.080010162451332), np.float64(5.080010162451332), np.float64(5.068659093510869), np.float64(4.890600582167012), np.float64(4.802632715442023), np.float64(4.729031617945412)]
Final fitness values: [np.float64(4.2782747090458155), np.float64(4.2782747090458155), np.float64(4.278008325568201), np.float64(4.278008325568201), np.float64(4.278008325568201), np.float64(4.278008325568201), np.float64(4.277626050189278), np.float64(4.276639346317838), np.float64(4.276639346317838), np.float64(4.276565101909682)]
HOF ITEM
4.276565101909682
-0.14038186336396213,1.1407144757353205,2.7079037699034316,-1.1872982371828869,-7.0,-4.412885536757891,1.9717694319308225,0.9160865815197938,-2.1052779056297797,0.46709218713548467,2.9088025547661744,-2.2350955923363376
HOF ITEM
4.276639346317838
-0.14038186336396213,1.1407144757353205,2.686905969333683,-1.1872982371828869,-7.0,-4.412885536757891,1.9717694319308225,1.2241829279925354,-2.1052779056297797,0.46709218713548467,2.9088025547661744,-2.2350955923363376
HOF ITEM
4.277626050189278
-0.14038186336396213,1.1407144757353205,2.7079037699034316,-1.2412404748048822,-7.0,-4.412885536757891,2.079066251915738,0.9160865815197938,-2.1052779056297797,0.46709218713548467,2.9088025547661744,-2.2350955923363376
HOF ITEM
4.27774682925918
-0.14038186336396213,1.1302887658772305,2.686905969333683,-1.1872982371828869,-6.818482136180419,-4.260476035757194,1.9717694319308225,1.2241829279925354,-2.1052779056297797,0.46709218713548467,2.9088025547661744,-2.2058690659911275
HOF ITEM
4.277752047998959
-0.14038186336396213,1.1302887658772305,2.686905969333683,-1.234940825475164,-6.818482136180419,-4.260476035757194,1.9717694319308225,1.2241829279925354,-2.1052779056297797,0.46709218713548467,2.9088025547661744,-2.2058690659911275
seed 515
Initial fitness values: [np.float64(6.061325177347166), np.float64(5.366320099175486), np.float64(5.026550711473234), np.float64(4.919411423652082), np.float64(4.721417632701112), np.float64(4.676093102687798), np.float64(4.627351589503483), np.float64(4.618127499301362), np.float64(4.618127499301362), np.float64(4.618127499301362)]
Final fitness values: [np.float64(4.516291962414283), np.float64(4.516291962414283), np.float64(4.516291962414283), np.float64(4.516291328728375), np.float64(4.516291328728375), np.float64(4.516291328728375), np.float64(4.516291328728375), np.float64(4.516291328728375), np.float64(4.516291328728375), np.float64(4.516291328728375)]
HOF ITEM
4.516291328728375
2.6840839015557356,-0.5073182478242214,-2.528117069303409,-1.3211127823741524,4.196709333431933,0.3804408305376443,4.88160650369902,0.9796264983525939,-1.124107468288321,1.050145711586014,2.4441927555117355,-2.498589089798025
HOF ITEM
4.516291360672698
2.6840839015557356,-0.5073182478242214,-2.528117069303409,-1.3211127823741524,4.196709333431933,0.3804408305376443,4.88160650369902,0.9796264983525939,-1.250178066072557,1.050145711586014,2.4441927555117355,-2.498589089798025
HOF ITEM
4.516291496893363
2.6840839015557356,-0.5073182478242214,-2.528117069303409,-1.3211127823741524,4.196709333431933,0.3804408305376443,4.783034397238576,0.9796264983525939,-1.124107468288321,1.050145711586014,2.4441927555117355,-2.498589089798025
HOF ITEM
4.516291962414283
2.6840839015557356,-0.5073182478242214,-2.528117069303409,-1.176944454434721,4.316762654841126,0.3804408305376443,4.88160650369902,0.8361391666107548,-1.250178066072557,1.050145711586014,2.4441927555117355,-2.498589089798025
HOF ITEM
4.516292114586838
2.6840839015557356,-0.5073182478242214,-2.528117069303409,-1.176944454434721,4.316762654841126,0.3804408305376443,4.88160650369902,0.8361391666107548,-1.124107468288321,1.050145711586014,2.4441927555117355,-2.498589089798025
seed 516
Initial fitness values: [np.float64(5.57871908110385), np.float64(5.432408284450821), np.float64(5.241840300437989), np.float64(5.1709650028184635), np.float64(5.15817200239063), np.float64(4.936442792707329), np.float64(4.732074792759402), np.float64(4.662787577516627), np.float64(4.611300172667688), np.float64(4.611300172667688)]
Final fitness values: [np.float64(4.301166060951462), np.float64(4.301163957335135), np.float64(4.301163957335135), np.float64(4.301163957335135), np.float64(4.3011556944993234), np.float64(4.3011556944993234), np.float64(4.301151935862814), np.float64(4.301151813747106), np.float64(4.301146974062709), np.float64(4.299942014480976)]
HOF ITEM
4.299942014480976
0.5555653894453398,0.8711954356259872,6.316974269550747,4.3371044698008445,5.11595889531446,-2.640972461225522,-1.3051092510138076,2.717125943600207,-2.0209311421032323,0.8746587588356866,2.90072363743363,-0.4503091618588316
HOF ITEM
4.301146974062709
0.5555653894453398,0.8659092130490903,7.0,4.648612558406847,5.292525815505574,-2.640972461225522,-1.5943405616234303,2.976979460878314,-1.993460911127082,0.8746587588356866,2.90072363743363,-0.4503091618588316
HOF ITEM
4.301147669915138
0.5555653894453398,0.8659092130490903,7.0,4.648612558406847,5.292525815505574,-2.640972461225522,-1.5943405616234303,3.0,-1.9217145380652612,0.8746587588356866,2.90072363743363,-0.4503091618588316
HOF ITEM
4.301147951489206
0.5555653894453398,0.8659092130490903,7.0,4.648612558406847,5.271502811008443,-2.640972461225522,-1.537960800132589,3.0,-1.7149879872291267,0.8746587588356866,2.90072363743363,-0.4503091618588316
HOF ITEM
4.301148095138448
0.5555653894453398,0.8659092130490903,7.0,4.648612558406847,5.292525815505574,-2.640972461225522,-1.5943405616234303,2.976979460878314,-1.9217145380652612,0.8746587588356866,2.90072363743363,-0.4503091618588316
seed 517
Initial fitness values: [np.float64(6.149321787050761), np.float64(5.923991237707196), np.float64(5.700823669239274), np.float64(5.492294409949763), np.float64(5.265805796012474), np.float64(5.258764347933637), np.float64(5.230124568759345), np.float64(5.184649685955075), np.float64(5.184649685955075), np.float64(5.166911148690816)]
Final fitness values: [np.float64(4.2975494971371715), np.float64(4.2975494971371715), np.float64(4.2975494971371715), np.float64(4.2975494971371715), np.float64(4.2975494971371715), np.float64(4.2975494971371715), np.float64(4.2975494971371715), np.float64(4.2975494971371715), np.float64(4.2975494971371715), np.float64(4.2975494971371715)]
HOF ITEM
4.2975494971371715
0.4774276471486564,0.5994150726514482,0.8755091247178868,0.49765970388594305,-3.4659250379447806,-2.7300553807291177,0.19971224990742248,2.0143601936707465,-0.5349160811734293,0.5775793694930641,1.8936587056418703,-1.4831071711563901
HOF ITEM
4.299947639160615
0.4774276471486564,0.5994150726514482,0.8755091247178868,0.49765970388594305,-3.4659250379447806,-2.7300553807291177,0.19971224990742248,1.9345046819688183,-0.5349160811734293,0.5775793694930641,1.8936587056418703,-1.4831071711563901
HOF ITEM
4.30041791268683
0.4774276471486564,0.5994150726514482,1.0619291735933454,0.49765970388594305,-3.5528986251623853,-2.702459294631692,0.16499537703499834,2.0143601936707465,-0.5349160811734293,0.5775793694930641,1.8936587056418703,-1.4831071711563901
HOF ITEM
4.301145142874571
0.4774276471486564,0.6848171137509851,0.8088262565260399,0.4169919898331165,-3.4659250379447806,-2.7300553807291177,0.19971224990742248,2.0143601936707465,-0.5349160811734293,0.5775793694930641,1.8936587056418703,-1.4831071711563901
HOF ITEM
4.302785142000468
0.4774276471486564,0.5994150726514482,1.1339376175748677,0.49765970388594305,-3.38409225752357,-2.702459294631692,0.16499537703499834,1.9345046819688183,-0.6545419224063882,0.5775793694930641,1.8936587056418703,-1.359694886288056
seed 518
Initial fitness values: [np.float64(6.019678874102233), np.float64(5.794197370870382), np.float64(5.238984062795915), np.float64(5.175506596640103), np.float64(5.169405357221099), np.float64(5.140466641908653), np.float64(4.994567836768988), np.float64(4.994567836768988), np.float64(4.926165306526605), np.float64(4.872528026274523)]
Final fitness values: [np.float64(4.2763389840868395), np.float64(4.2763389840868395), np.float64(4.2763389840868395), np.float64(4.2763389840868395), np.float64(4.276331971867311), np.float64(4.276331971867311), np.float64(4.276331971867311), np.float64(4.276294749210152), np.float64(4.276294749210152), np.float64(4.27629474921015)]
HOF ITEM
4.27629474921015
-0.49261846577314017,1.2568467010548023,0.8207154807562742,-7.0,5.486850380834301,3.5013767707557357,3.717543210860987,2.2202102259773495,-2.3394286159392603,0.2609428130664804,2.893438076168993,-2.302511445180521
HOF ITEM
4.276294749210152
-0.49261846577314017,1.2568467010548023,0.8207154807562742,-7.0,5.486850380834301,3.5013767707557357,3.300936114624671,2.2202102259773495,-2.3394286159392603,0.2609428130664804,2.893438076168993,-2.302511445180521
HOF ITEM
4.276331971867311
-0.49261846577314017,1.2568467010548023,0.8207154807562742,-7.0,5.47024261324803,3.5013767707557357,3.300936114624671,2.28794186490345,-2.4141215100621363,0.2609428130664804,2.893438076168993,-2.302511445180521
HOF ITEM
4.276331971867311
-0.49261846577314017,1.2568467010548023,0.8207154807562742,-7.0,5.47024261324803,3.5013767707557357,3.300936114624671,2.28794186490345,-2.3078098867859422,0.2609428130664804,2.893438076168993,-2.302511445180521
HOF ITEM
4.276331971867311
-0.49261846577314017,1.2568467010548023,0.8207154807562742,-7.0,5.47024261324803,3.5013767707557357,3.217658797899015,2.28794186490345,-2.3078098867859422,0.2609428130664804,2.893438076168993,-2.302511445180521
seed 519
Initial fitness values: [np.float64(6.173650752416739), np.float64(6.006872109129846), np.float64(5.071370928101474), np.float64(4.857588469247568), np.float64(4.677802484000026), np.float64(4.633996011161847), np.float64(4.523236853850225), np.float64(4.399717191985632), np.float64(4.399717191985632), np.float64(4.3382446225088565)]
Final fitness values: [np.float64(4.253012467119856), np.float64(4.253012467119856), np.float64(4.253010625853593), np.float64(4.25301059006771), np.float64(4.25301059006771), np.float64(4.253009284790775), np.float64(4.253009284790775), np.float64(4.253009284790775), np.float64(4.253009284790775), np.float64(4.253009284790775)]
HOF ITEM
4.253009284790775
-4.661569086693959,1.5965609941508097,2.2690948066646603,5.504298033157138,-2.512567450832561,-0.5608758317554129,4.620620814173451,0.3874079221273947,-1.949563876449941,-3.800271196858459,2.3053392325864626,-4.711813615937677
HOF ITEM
4.25301059006771
-4.661569086693959,1.5965609941508097,2.2690948066646603,5.504298033157138,-2.512567450832561,-0.5608758317554129,4.814144936566849,0.3874079221273947,-1.949563876449941,-3.800271196858459,2.3053392325864626,-4.711813615937677
HOF ITEM
4.253010625853593
-4.661569086693959,1.5965609941508097,2.2690948066646603,5.504298033157138,-2.512567450832561,-0.5608758317554129,4.814144936566849,0.3874079221273947,-1.8965018298145075,-3.800271196858459,2.3053392325864626,-4.711813615937677
HOF ITEM
4.253011333369436
-4.661569086693959,1.5965609941508097,2.2690948066646603,5.504298033157138,-2.512567450832561,-0.5608758317554129,4.814144936566849,0.4097451032281726,-1.949563876449941,-3.800271196858459,2.3053392325864626,-4.711813615937677
HOF ITEM
4.2530116315576745
-4.661569086693959,1.5965609941508097,2.2690948066646603,5.504298033157138,-2.512567450832561,-0.5608758317554129,5.070432630514022,0.3874079221273947,-2.548224400586624,-3.800271196858459,2.3053392325864626,-4.711813615937677
best parameter set
fitness 4.238968002975012 seed 511
-3.081382196559668,1.5763746821136255,-5.869349063035501,-2.0145997216857725,-0.1886906851112012,-1.0149577464445017,-0.7533550904421773,0.47898672479272747,-6.303114762290037,-2.091388531886636,2.676426654047966,-4.532009427780438
