seeds are [820 821 822 823 824 825 826 827 828 829]
seed 820
Initial fitness values: [np.float64(3.03294741532832), np.float64(2.8265678598450497), np.float64(2.7044285814312596), np.float64(2.6401699780983447), np.float64(2.6401699780983447), np.float64(2.6240466007352485), np.float64(2.5932786055974786), np.float64(2.5932786055974786), np.float64(2.591936935790402), np.float64(2.5832719035646976)]
Final fitness values: [np.float64(2.5475197900657394), np.float64(2.5475197900657394), np.float64(2.5475197900657394), np.float64(2.5475197900657394), np.float64(2.5475197900657394), np.float64(2.5475197900657394), np.float64(2.5475197900657394), np.float64(2.5475197900657394), np.float64(2.5475197900657394), np.float64(2.5475197900657394)]
HOF ITEM
2.5475197900657394
2.9923859870569562,-0.602706723672542,-4.282073053258155,-5.206663553302096,-1.9847684703521187,-4.387181749612341,6.645352963143297,2.5702564779699695,-2.8925125654196204,1.247606186461906,2.7046210864310836,-0.7702572604841698
HOF ITEM
2.5475197900657394
2.9923859870569562,-0.602706723672542,-4.282073053258155,-5.206663553302096,-1.9847684703521187,-4.387181749612341,6.595693715228609,2.5702564779699695,-2.572232200875144,1.247606186461906,2.7046210864310836,-0.7702572604841698
HOF ITEM
2.5475197900657394
2.9923859870569562,-0.602706723672542,-4.282073053258155,-5.206663553302096,-1.9847684703521187,-4.387181749612341,6.645352963143297,2.446919774362325,-2.572232200875144,1.247606186461906,2.7046210864310836,-0.7702572604841698
HOF ITEM
2.5475197900657394
2.9923859870569562,-0.602706723672542,-4.282073053258155,-5.206663553302096,-1.9847684703521187,-4.387181749612341,6.595693715228609,2.446919774362325,-2.572232200875144,1.247606186461906,2.7046210864310836,-0.7702572604841698
HOF ITEM
2.5475197900657394
2.9923859870569562,-0.602706723672542,-4.282073053258155,-5.206663553302096,-1.9847684703521187,-4.387181749612341,6.645352963143297,2.5702564779699695,-2.572232200875144,1.247606186461906,2.7046210864310836,-0.7702572604841698
seed 821
Initial fitness values: [np.float64(2.9909918921628105), np.float64(2.9909918921628105), np.float64(2.7439005474029714), np.float64(2.7365315433483226), np.float64(2.6361392633027623), np.float64(2.6042761891742923), np.float64(2.6038357832223893), np.float64(2.593307901892801), np.float64(2.5920237572122917), np.float64(2.5822354533862946)]
Final fitness values: [np.float64(2.539182025076787), np.float64(2.539182025076787), np.float64(2.539182025076787), np.float64(2.539182025076787), np.float64(2.539182025076787), np.float64(2.539182025076787), np.float64(2.539182025076787), np.float64(2.539182025076787), np.float64(2.539182025076787), np.float64(2.539182025076787)]
HOF ITEM
2.539182025076787
3.503344419631469,-0.817995673208257,6.045543619150195,3.9969780058987134,6.8090993921781715,-0.21734345243193098,2.7653788941788684,2.614100192248099,-6.791901121210767,1.2708550411618738,2.492932086037757,-0.4543139974532684
HOF ITEM
2.539182025076787
3.503344419631469,-0.817995673208257,6.045543619150195,3.9969780058987134,6.8090993921781715,-0.21734345243193098,3.157099868844519,2.7277190387523564,-6.606077787637923,1.2708550411618738,2.492932086037757,-0.4543139974532684
HOF ITEM
2.539182025076787
3.503344419631469,-0.817995673208257,6.045543619150195,3.9969780058987134,6.8090993921781715,-0.21734345243193098,2.7653788941788684,2.6972459629653427,-6.948754135602204,1.2708550411618738,2.492932086037757,-0.4543139974532684
HOF ITEM
2.539182025076787
3.503344419631469,-0.817995673208257,6.045543619150195,3.9969780058987134,6.8090993921781715,-0.21734345243193098,2.7653788941788684,2.7277190387523564,-6.791901121210767,1.2708550411618738,2.492932086037757,-0.4543139974532684
HOF ITEM
2.539182025076787
3.503344419631469,-0.817995673208257,6.045543619150195,3.9969780058987134,6.8090993921781715,-0.21734345243193098,2.6474015565184743,2.614100192248099,-6.791901121210767,1.2708550411618738,2.492932086037757,-0.4543139974532684
seed 822
Initial fitness values: [np.float64(3.0784288487740405), np.float64(2.996503295227827), np.float64(2.716995320768355), np.float64(2.7168663072326975), np.float64(2.6919238339228375), np.float64(2.666239302554205), np.float64(2.659142117396417), np.float64(2.652849140209871), np.float64(2.652849140209871), np.float64(2.6197263170122382)]
Final fitness values: [np.float64(2.543364871617112), np.float64(2.543364871617112), np.float64(2.543338599290382), np.float64(2.543338599290382), np.float64(2.5431826370476065), np.float64(2.543182094453793), np.float64(2.543182094453793), np.float64(2.543093878485478), np.float64(2.543093878485478), np.float64(2.543093878485478)]
HOF ITEM
2.543093878485478
3.5955513213000407,-0.8341188538551504,-6.938611351780952,-0.9164298158475783,-1.877871882608084,-1.3879392478375165,2.5909753671759965,2.2605233794797943,-4.825209699831849,0.8575188025411586,2.6120852466858975,-6.284489454639942
HOF ITEM
2.5430939673821156
3.5955513213000407,-0.8341188538551504,-6.938611351780952,-0.9164298158475783,-1.877871882608084,-1.3879392478375165,2.5909753671759965,2.2605233794797943,-4.900416691906119,0.8575188025411586,2.6120852466858975,-6.284489454639942
HOF ITEM
2.543182094453793
3.5955513213000407,-0.8341188538551504,-6.938611351780952,-1.2449595000266724,-1.877871882608084,-1.1622535108148218,2.5909753671759965,2.2605233794797943,-5.4975477113893225,0.8575188025411586,2.6120852466858975,-6.284489454639942
HOF ITEM
2.5431826370476065
3.5955513213000407,-0.8341188538551504,-6.938611351780952,-1.2449595000266724,-1.877871882608084,-1.1622535108148218,2.5909753671759965,2.2605233794797943,-4.900416691906119,0.8575188025411586,2.6120852466858975,-6.284489454639942
HOF ITEM
2.5431827313079074
3.5955513213000407,-0.8341188538551504,-6.938611351780952,-1.2449595000266724,-1.877871882608084,-1.1622535108148218,2.5909753671759965,2.2605233794797943,-4.825209699831849,0.8575188025411586,2.6120852466858975,-6.284489454639942
seed 823
Initial fitness values: [np.float64(3.0990528648316116), np.float64(3.0990528648316116), np.float64(2.8857284144315267), np.float64(2.823718825386825), np.float64(2.7422179236471695), np.float64(2.7422179236471695), np.float64(2.6609932940487813), np.float64(2.643794910828867), np.float64(2.4737017638039127), np.float64(2.4737017638039127)]
Final fitness values: [np.float64(2.373291269745446), np.float64(2.373291269745446), np.float64(2.373291269745446), np.float64(2.373291269745446), np.float64(2.3732808614084036), np.float64(2.3732808614084036), np.float64(2.3732808614084036), np.float64(2.3732808614084036), np.float64(2.3732769753243224), np.float64(2.3732759370286547)]
HOF ITEM
2.3732759370286547
-0.49433463005768563,1.2447970824365813,0.4714873757752587,-6.733902683592483,-2.5605390997149557,-3.070286498722563,5.454154989951747,1.187633090485391,0.0,0.34649236472213124,2.887667347892019,-0.6588411273933993
HOF ITEM
2.3732769753243224
-0.49433463005768563,1.2447970824365813,0.4714873757752587,-6.763264519254182,-2.5605390997149557,-3.070286498722563,5.454154989951747,1.187633090485391,0.0,0.34649236472213124,2.887667347892019,-0.6588411273933993
HOF ITEM
2.373278028857913
-0.49433463005768563,1.2447970824365813,0.4714873757752587,-6.721025755780281,-2.5605390997149557,-3.070286498722563,5.454154989951747,0.8391069931498547,0.0,0.34649236472213124,2.887667347892019,-0.6588411273933993
HOF ITEM
2.3732808614084036
-0.49433463005768563,1.2447970824365813,0.4714873757752587,-6.875494491763707,-2.5605390997149557,-3.070286498722563,5.781548673623374,1.187633090485391,0.0,0.34649236472213124,2.887667347892019,-0.6588411273933993
HOF ITEM
2.3732808614084036
-0.49433463005768563,1.2447970824365813,0.4714873757752587,-6.875494491763707,-2.5605390997149557,-3.070286498722563,5.781548673623374,1.3007196021125296,0.0,0.34649236472213124,2.887667347892019,-0.6588411273933993
seed 824
Initial fitness values: [np.float64(3.2011191429200916), np.float64(3.1761332205911494), np.float64(3.091047949800244), np.float64(2.8837414132433414), np.float64(2.8211053840763234), np.float64(2.8157494872565296), np.float64(2.783196930031848), np.float64(2.766189022369405), np.float64(2.7591965553770974), np.float64(2.734833446962061)]
Final fitness values: [np.float64(2.5494059435082743), np.float64(2.5494059435082743), np.float64(2.5494059435082743), np.float64(2.5492427749645428), np.float64(2.5492427749645428), np.float64(2.549227573854206), np.float64(2.549227573854206), np.float64(2.549227573854206), np.float64(2.549227573854206), np.float64(2.549137473278451)]
HOF ITEM
2.549137473278451
6.0542703591789175,-1.5167753774701926,-3.9209128581357864,-2.8991497850422547,3.850559348598034,-2.6108549137621924,1.6180078620561291,1.835568607798581,-2.508632424823384,1.1931544265771055,2.265119123789498,-1.3313443941833196
HOF ITEM
2.549227573854206
6.0542703591789175,-1.5167753774701926,-3.9209128581357864,-3.032562659581117,3.850559348598034,-2.6108549137621924,1.1989345615226574,1.8036124179389628,-2.508632424823384,1.1931544265771055,2.265119123789498,-1.3313443941833196
HOF ITEM
2.5492296018474994
6.0542703591789175,-1.5167753774701926,-3.9209128581357864,-3.032562659581117,3.850559348598034,-2.6108549137621924,1.1989345615226574,1.8036124179389628,-2.687565432882976,1.1931544265771055,2.265119123789498,-1.3313443941833196
HOF ITEM
2.54923617039782
6.0542703591789175,-1.5167753774701926,-3.9209128581357864,-3.032562659581117,3.850559348598034,-2.6108549137621924,1.1989345615226574,1.693773985524833,-3.1151712608394204,1.1931544265771055,2.265119123789498,-1.3313443941833196
HOF ITEM
2.5492407449088184
6.0542703591789175,-1.5167753774701926,-3.9209128581357864,-3.032562659581117,3.850559348598034,-2.6108549137621924,1.1989345615226574,1.8036124179389628,-3.1151712608394204,1.1931544265771055,2.265119123789498,-1.3313443941833196
seed 825
Initial fitness values: [np.float64(2.9897071000896798), np.float64(2.945822713763721), np.float64(2.9425520116444748), np.float64(2.8516192001335288), np.float64(2.8516192001335288), np.float64(2.8446833272133336), np.float64(2.8375351296998472), np.float64(2.8360038342626273), np.float64(2.834096727590627), np.float64(2.82969973278593)]
Final fitness values: [np.float64(2.8054171613605234), np.float64(2.8054119924276346), np.float64(2.8054118069422165), np.float64(2.805411480874204), np.float64(2.8054112113692398), np.float64(2.8054110168237765), np.float64(2.805410638659583), np.float64(2.8054103961740555), np.float64(2.8054102927746056), np.float64(2.8054099122240794)]
HOF ITEM
2.8054099122240794
6.834115083669375,-1.0068941818961397,7.0,-5.0640390657217385,-6.099476441914483,-3.3712250933112213,-3.0060065042917805,0.4705550817891566,-1.4365708120411727,1.014756490460906,1.2870847619511463,-6.41376168514075
HOF ITEM
2.8054102715923097
6.834115083669375,-1.0068941818961397,7.0,-5.1548436733521275,-6.099476441914483,-3.3712250933112213,-3.0060065042917805,0.2466866725271589,-2.2445728235324567,1.014756490460906,1.2870847619511463,-6.41376168514075
HOF ITEM
2.8054102927746056
6.834115083669375,-1.0068941818961397,7.0,-5.0640390657217385,-6.099476441914483,-3.3712250933112213,-3.0060065042917805,0.3367859185654264,-1.6518551883121588,1.014756490460906,1.2870847619511463,-6.41376168514075
HOF ITEM
2.8054103961740555
6.834115083669375,-1.0068941818961397,7.0,-5.0640390657217385,-6.099476441914483,-3.3712250933112213,-3.0060065042917805,0.4705550817891566,-1.6518551883121588,1.014756490460906,1.2870847619511463,-6.41376168514075
HOF ITEM
2.8054104720835022
6.834115083669375,-1.0068941818961397,7.0,-5.0640390657217385,-6.099476441914483,-3.3712250933112213,-2.977538970346122,0.6376587291204268,-1.6518551883121588,1.014756490460906,1.2870847619511463,-6.41376168514075
seed 826
Initial fitness values: [np.float64(3.091307177304212), np.float64(3.091307177304212), np.float64(3.0715198074987535), np.float64(3.0312760946536406), np.float64(2.9998056667298965), np.float64(2.999752521553044), np.float64(2.945070473262944), np.float64(2.929546966435363), np.float64(2.921680626408203), np.float64(2.8954865249478514)]
Final fitness values: [np.float64(2.437314287175268), np.float64(2.437314287175268), np.float64(2.4369891663633663), np.float64(2.4369891663633663), np.float64(2.4369891663633663), np.float64(2.4369891663633663), np.float64(2.4369891663633663), np.float64(2.4352328767964266), np.float64(2.4352328767964266), np.float64(2.4352328767964266)]
HOF ITEM
2.4352328767964266
-3.8688626563421784,1.389829825395858,-3.6809345099980137,-2.7025006142970835,2.408844602536574,1.4771079886664364,-1.9617060374804434,3.0,-5.3418735207096235,-2.9540434873613455,2.421507001051334,-4.651843666928302
HOF ITEM
2.4352328767964266
-3.8688626563421784,1.389829825395858,-3.6809345099980137,-2.7025006142970835,2.408844602536574,1.4771079886664364,-2.042902516795529,2.8568998008560875,-5.3418735207096235,-2.9540434873613455,2.421507001051334,-4.651843666928302
HOF ITEM
2.4369891663633663
-3.6794706001380226,1.389829825395858,-3.379938996751131,-2.511284268992472,2.408844602536574,1.8588316907352098,-2.042902516795529,2.8568998008560875,-5.3418735207096235,-2.8613338724575414,2.263763461548291,-4.736993740146769
HOF ITEM
2.4370602689705283
-3.6794706001380226,1.389829825395858,-3.379938996751131,-2.511284268992472,2.3089910686733695,1.8588316907352098,-2.042902516795529,2.8568998008560875,-5.3418735207096235,-2.8613338724575414,2.263763461548291,-4.736993740146769
HOF ITEM
2.437219104911067
-3.6794706001380226,1.389829825395858,-3.379938996751131,-2.511284268992472,2.408844602536574,1.8588316907352098,-2.0147715755193025,2.8568998008560875,-5.3418735207096235,-2.8613338724575414,2.263763461548291,-4.736993740146769
seed 827
Initial fitness values: [np.float64(3.4689896451369053), np.float64(3.0420422926452266), np.float64(2.983985727671798), np.float64(2.7468852636869334), np.float64(2.6586441707088686), np.float64(2.6586441707088686), np.float64(2.534225405813129), np.float64(2.534225405813129), np.float64(2.497184991481241), np.float64(2.497184991481241)]
Final fitness values: [np.float64(2.3831729031926407), np.float64(2.383172537925863), np.float64(2.383172537925863), np.float64(2.383172537925863), np.float64(2.383172537925863), np.float64(2.383172537925863), np.float64(2.383172537925863), np.float64(2.383172537925863), np.float64(2.383172537925863), np.float64(2.383172537925863)]
HOF ITEM
2.383172537925863
-0.6640518016814194,1.2750368469447233,-0.5138482148974817,-0.39778707396321517,2.6992842052577815,6.834971835533673,2.513108386780501,0.0,-5.799378057034408,-0.16907247236265727,2.7548970367296275,-6.880738194266893
HOF ITEM
2.3831729031926407
-0.6640518016814194,1.2750368469447233,-0.5138482148974817,-0.39778707396321517,2.6992842052577815,6.834971835533673,2.513108386780501,0.0,-5.757452524133808,-0.16907247236265727,2.7548970367296275,-6.880738194266893
HOF ITEM
2.3831904613959227
-0.6640518016814194,1.2750368469447233,-0.34201022347523696,-0.39778707396321517,2.6992842052577815,7.0,2.513108386780501,0.0,-5.799378057034408,-0.16907247236265727,2.7548970367296275,-6.880738194266893
HOF ITEM
2.3831908241289965
-0.6640518016814194,1.2750368469447233,-0.34201022347523696,-0.39778707396321517,2.6992842052577815,7.0,2.513108386780501,0.0,-5.757452524133808,-0.16907247236265727,2.7548970367296275,-6.880738194266893
HOF ITEM
2.383192510901148
-0.6640518016814194,1.2750368469447233,-0.34201022347523696,-0.39778707396321517,2.6992842052577815,7.0,2.513108386780501,0.0,-5.582717235222161,-0.16907247236265727,2.7548970367296275,-6.880738194266893
seed 828
Initial fitness values: [np.float64(3.4601392968659503), np.float64(3.114821079027624), np.float64(2.8956991535279704), np.float64(2.811401997123122), np.float64(2.68602733531867), np.float64(2.5067295378556245), np.float64(2.5067295378556245), np.float64(2.488619262524997), np.float64(2.488619262524997), np.float64(2.488619262524997)]
Final fitness values: [np.float64(2.3329987952243902), np.float64(2.3329987952243902), np.float64(2.3329987952243902), np.float64(2.3329987952243902), np.float64(2.3329987952243902), np.float64(2.3329987952243902), np.float64(2.3329987952243902), np.float64(2.3329987952243902), np.float64(2.3329987952243902), np.float64(2.3329987952243902)]
HOF ITEM
2.3329987952243902
-3.439865380468953,1.5530468598026814,3.8575444594507537,2.3496514623227744,1.800742094006599,4.845904149112648,-2.674097520378707,1.786572887031242,-5.6322932927706555,-2.5076805582180084,2.2460261294959576,-3.1273605574617926
HOF ITEM
2.3330093945173065
-3.439865380468953,1.5530468598026814,3.8575444594507537,2.3496514623227744,1.800742094006599,4.845904149112648,-2.674097520378707,1.786572887031242,-5.7186525679374505,-2.5076805582180084,2.2460261294959576,-3.1273605574617926
HOF ITEM
2.334800808667964
-3.439865380468953,1.5530468598026814,3.8575444594507537,2.3496514623227744,1.800742094006599,4.845904149112648,-2.7008850527818127,1.8607617749925116,-5.6322932927706555,-2.5076805582180084,2.2460261294959576,-3.1273605574617926
HOF ITEM
2.3348482696351853
-3.439865380468953,1.5530468598026814,3.8575444594507537,2.3496514623227744,1.800742094006599,4.845904149112648,-2.7008850527818127,1.8607617749925116,-5.7186525679374505,-2.5076805582180084,2.2460261294959576,-3.1273605574617926
HOF ITEM
2.335030994725032
-3.439865380468953,1.5530468598026814,3.8575444594507537,2.3496514623227744,1.800742094006599,4.845904149112648,-2.7008850527818127,1.8607617749925116,-5.909202309632154,-2.5076805582180084,2.2460261294959576,-3.1273605574617926
seed 829
Initial fitness values: [np.float64(3.5949817852796633), np.float64(3.213503922580544), np.float64(2.948880346387889), np.float64(2.9411317202781104), np.float64(2.8877890606846277), np.float64(2.8877890606846277), np.float64(2.87629145090445), np.float64(2.87629145090445), np.float64(2.8712466018953817), np.float64(2.859823475645923)]
Final fitness values: [np.float64(2.3755251052942388), np.float64(2.375519099244319), np.float64(2.375519099244319), np.float64(2.373836274062704), np.float64(2.3738358759511975), np.float64(2.373826051244052), np.float64(2.373824494463592), np.float64(2.373818308334717), np.float64(2.373818308334717), np.float64(2.373818308334717)]
HOF ITEM
2.373818308334717
-0.890180212354221,1.3506057901040995,-5.944022375040753,-2.8296132422944034,6.144974215442917,-5.876408156825531,0.8174801472667179,0.7755113024201084,-5.720394246748085,0.07407143807070675,2.8591109463448108,-0.7773021116530108
HOF ITEM
2.3738183811596683
-0.890180212354221,1.3506057901040995,-5.944022375040753,-2.7205905124682515,6.246816431116003,-5.876408156825531,0.8174801472667179,0.7755113024201084,-5.423731621560853,0.07407143807070675,2.8591109463448108,-0.7773021116530108
HOF ITEM
2.373818391537762
-0.890180212354221,1.3506057901040995,-5.944022375040753,-2.7205905124682515,6.246816431116003,-5.876408156825531,0.8174801472667179,0.7755113024201084,-5.720394246748085,0.07407143807070675,2.8591109463448108,-0.7773021116530108
HOF ITEM
2.373819129206944
-0.890180212354221,1.3506057901040995,-5.944022375040753,-2.7205905124682515,6.116528938764218,-5.876408156825531,0.9311540320258401,0.7755113024201084,-5.720394246748085,0.07407143807070675,2.8591109463448108,-0.7773021116530108
HOF ITEM
2.3738194482078043
-0.890180212354221,1.3506057901040995,-5.944022375040753,-2.9126677460362256,6.014722183685768,-5.876408156825531,0.8174801472667179,0.6661243228525169,-5.746431114073493,0.07407143807070675,2.8591109463448108,-0.7773021116530108
best parameter set
fitness 2.3301162826670225 seed 828
-3.441202933536789,1.556905959317402,3.859783111289397,2.3471060452852326,1.800888246966156,4.846064737174997,-2.6942146635044453,1.8610296096014753,-5.6322822455133,-2.5128797916290733,2.2437393162435018,-3.1265229360301126
