seeds are [540 541 542 543 544 545 546 547 548 549]
seed 540
Initial fitness values: [np.float64(5.292899761764131), np.float64(5.292899761764131), np.float64(5.147228854617543), np.float64(5.029059717883667), np.float64(5.029059717883667), np.float64(5.029059717883667), np.float64(5.01262395579357), np.float64(4.994464324946901), np.float64(4.931509649288939), np.float64(4.905322169957865)]
Final fitness values: [np.float64(4.527037474213969), np.float64(4.527037474213969), np.float64(4.527037474213969), np.float64(4.527037474213969), np.float64(4.527037474213969), np.float64(4.527037474213969), np.float64(4.527037470857016), np.float64(4.527037470857016), np.float64(4.527037470857016), np.float64(4.527037470857016)]
HOF ITEM
4.527037470857016
3.5948808144476225,-0.880016962063813,-4.4408862330813745,-2.7793634273186427,4.081441839309749,2.265555440052733,4.37805670637184,1.2097414796362105,-0.5946093139021812,0.607522547050249,2.1917419559831233,-6.191185533553481
HOF ITEM
4.527037474213969
3.5948808144476225,-0.880016962063813,-4.4408862330813745,-2.7793634273186427,4.081441839309749,2.265555440052733,4.37805670637184,1.0515161142115028,-0.5946093139021812,0.607522547050249,2.1917419559831233,-6.191185533553481
HOF ITEM
4.527037474665718
3.5948808144476225,-0.880016962063813,-4.4408862330813745,-2.7793634273186427,4.081441839309749,2.265555440052733,4.37805670637184,1.0515161142115028,-0.5606071684916797,0.607522547050249,2.1917419559831233,-6.191185533553481
HOF ITEM
4.527037477447028
3.5948808144476225,-0.880016962063813,-4.4408862330813745,-2.7793634273186427,4.081441839309749,2.265555440052733,4.505995342702422,1.0515161142115028,-0.5946093139021812,0.607522547050249,2.1917419559831233,-6.191185533553481
HOF ITEM
4.52703747807952
3.5948808144476225,-0.880016962063813,-4.4408862330813745,-2.7793634273186427,4.081441839309749,2.265555440052733,4.523637493980746,1.0515161142115028,-0.5636709274306879,0.607522547050249,2.1917419559831233,-6.191185533553481
seed 541
Initial fitness values: [np.float64(5.778902204331862), np.float64(5.375773400427584), np.float64(5.087768753960286), np.float64(5.087768753960286), np.float64(5.063952565605918), np.float64(5.063952565605918), np.float64(5.054132506231079), np.float64(5.047916055758828), np.float64(5.047916055758828), np.float64(5.043978469403456)]
Final fitness values: [np.float64(4.503409389179473), np.float64(4.503406607784375), np.float64(4.503157994115237), np.float64(4.503157994107648), np.float64(4.503155404352378), np.float64(4.503155377223743), np.float64(4.503155377223743), np.float64(4.503155377223743), np.float64(4.503155377223743), np.float64(4.503155377223743)]
HOF ITEM
4.503155377223743
5.32855236647456,-1.3507127451324183,5.073749692544213,-4.723429501777184,1.6055617011708463,1.2191877990306625,4.292688911041277,1.7957308900836872,0.0,1.2752414988586098,2.475197436865261,-0.6811394913775098
HOF ITEM
4.503155377223743
5.32855236647456,-1.3507127451324183,5.073749692544213,-4.723429501777184,1.6055617011708463,1.2191877990306625,4.346160617596898,1.6020578263841199,0.0,1.2752414988586098,2.475197436865261,-0.6811394913775098
HOF ITEM
4.503155377223743
5.32855236647456,-1.3507127451324183,5.073749692544213,-4.723429501777184,1.6055617011708463,1.2191877990306625,4.346160617596898,1.6984095048856875,0.0,1.2752414988586098,2.475197436865261,-0.6811394913775098
HOF ITEM
4.503155377223743
5.32855236647456,-1.3507127451324183,5.073749692544213,-4.723429501777184,1.6055617011708463,1.2191877990306625,4.346160617596898,1.7957308900836872,0.0,1.2752414988586098,2.475197436865261,-0.6811394913775098
HOF ITEM
4.503155377224316
5.32855236647456,-1.3507127451324183,5.073749692544213,-4.723429501777184,1.6055617011708463,1.2191877990306625,4.346160617596898,1.7957308900836872,-0.16369537143155968,1.2752414988586098,2.475197436865261,-0.6811394913775098
seed 542
Initial fitness values: [np.float64(5.639650495516969), np.float64(5.566566355935353), np.float64(5.370092521217556), np.float64(5.136024002860606), np.float64(5.11727465886427), np.float64(5.112155482530069), np.float64(5.085967044075936), np.float64(5.069375210288772), np.float64(5.069375210288772), np.float64(5.064690996399066)]
Final fitness values: [np.float64(4.529027789871232), np.float64(4.529027789871232), np.float64(4.529024395014066), np.float64(4.529018210335197), np.float64(4.529018210335197), np.float64(4.529018210335197), np.float64(4.528638971763742), np.float64(4.528062272508832), np.float64(4.528062272508832), np.float64(4.528062272508832)]
HOF ITEM
4.528062272508832
3.81303502528238,-0.9407362936302903,6.964253748721359,-1.5271777294167233,-4.559210457210817,-2.4934238178467876,-0.0848491705667823,1.200012611023117,0.0,1.1118837768988568,2.2313668141406735,-1.8339934509544245
HOF ITEM
4.528626917672588
3.7576143758692275,-0.9407362936302903,7.0,-1.2234266502841447,-4.3335061229250895,-2.4934238178467876,0.3293203495971157,1.200012611023117,0.0,1.1118837768988568,2.193873951667418,-1.6734519731299982
HOF ITEM
4.528629978480829
3.7576143758692275,-0.9407362936302903,6.964253748721359,-1.2234266502841447,-4.3335061229250895,-2.4934238178467876,-0.0848491705667823,1.200012611023117,0.0,1.1118837768988568,2.193873951667418,-1.6734519731299982
HOF ITEM
4.528629978480829
3.7576143758692275,-0.9407362936302903,6.964253748721359,-1.2234266502841447,-4.3335061229250895,-2.4934238178467876,0.3293203495971157,1.200012611023117,0.0,1.1118837768988568,2.193873951667418,-1.6734519731299982
HOF ITEM
4.528638971763742
3.7576143758692275,-0.9407362936302903,7.0,-1.0839102788274342,-4.3335061229250895,-2.4934238178467876,-0.0848491705667823,1.200012611023117,0.0,1.1118837768988568,2.193873951667418,-1.6734519731299982
seed 543
Initial fitness values: [np.float64(6.378386551688255), np.float64(5.982311832880198), np.float64(5.982311832880198), np.float64(5.646882737910001), np.float64(5.646882737910001), np.float64(5.486065574835045), np.float64(5.097572182862685), np.float64(4.7832201063959525), np.float64(4.7832201063959525), np.float64(4.703428265535248)]
Final fitness values: [np.float64(4.531023050711328), np.float64(4.531023050711328), np.float64(4.531023050711328), np.float64(4.531023050711328), np.float64(4.531023050711328), np.float64(4.5310230459845275), np.float64(4.5310230459845275), np.float64(4.5310230459845275), np.float64(4.5310230459845275), np.float64(4.5310230459845275)]
HOF ITEM
4.5310230459845275
2.6285222323778736,-0.5109601486471359,1.7195851742316464,-4.105670161589969,-3.0937489465672563,-1.4586667982865968,5.433715595858067,1.0925087871176895,-6.30295927472985,1.0699237803609247,2.1140177167157677,-1.5567783856429669
HOF ITEM
4.531023050711328
2.6285222323778736,-0.5109601486471359,1.7195851742316464,-4.105670161589969,-3.0937489465672563,-1.4586667982865968,5.501551992382326,1.0925087871176895,-6.30295927472985,1.0699237803609247,2.1140177167157677,-1.5567783856429669
HOF ITEM
4.531023070852063
2.6285222323778736,-0.5109601486471359,1.7195851742316464,-4.105670161589969,-3.0937489465672563,-1.4586667982865968,5.501551992382326,1.33872214676163,-6.30295927472985,1.0699237803609247,2.1140177167157677,-1.5567783856429669
HOF ITEM
4.5310230708538395
2.6285222323778736,-0.5109601486471359,1.7195851742316464,-4.105670161589969,-3.0937489465672563,-1.4586667982865968,5.501551992382326,1.33872214676163,-5.597129592234032,1.0699237803609247,2.1140177167157677,-1.5567783856429669
HOF ITEM
4.531023071526809
2.6285222323778736,-0.5109601486471359,1.7195851742316464,-4.105670161589969,-3.0937489465672563,-1.4586667982865968,5.330984507406167,1.4702126241760498,-6.376221050088628,1.0699237803609247,2.1140177167157677,-1.5567783856429669
seed 544
Initial fitness values: [np.float64(6.166459712874817), np.float64(5.641214354015132), np.float64(4.748718447657263), np.float64(4.748718447657263), np.float64(4.522017856195831), np.float64(4.522017856195831), np.float64(4.455654141996794), np.float64(4.404955999974275), np.float64(4.345316158712941), np.float64(4.345316158712941)]
Final fitness values: [np.float64(4.265007055996687), np.float64(4.265007055996687), np.float64(4.265007055996687), np.float64(4.264947693190898), np.float64(4.264947693190898), np.float64(4.264947693190898), np.float64(4.264947693190898), np.float64(4.264947693190898), np.float64(4.264947693190898), np.float64(4.264947693190898)]
HOF ITEM
4.264947693190898
-4.803583922557134,1.6099497855777702,3.516233245906909,5.476376300202092,-2.537869149266608,-4.134258372494017,-0.02723664219969049,2.733411414007267,-7.0,-3.5650603264488403,2.3015415939609727,-0.9370323752725964
HOF ITEM
4.264947693190898
-4.803583922557134,1.6099497855777702,3.516233245906909,5.476376300202092,-2.537869149266608,-4.134258372494017,-0.02912470174102974,2.733411414007267,-7.0,-3.5650603264488403,2.3015415939609727,-0.9370323752725964
HOF ITEM
4.265007055996687
-4.803583922557134,1.6099497855777702,3.5229924323485644,5.476376300202092,-2.537869149266608,-4.134258372494017,-0.02912470174102974,2.733411414007267,-7.0,-3.5650603264488403,2.3015415939609727,-0.9370323752725964
HOF ITEM
4.265007055996687
-4.803583922557134,1.6099497855777702,3.5229924323485644,5.476376300202092,-2.537869149266608,-4.134258372494017,0.16183445086331005,2.9777376712795913,-7.0,-3.5650603264488403,2.3015415939609727,-0.9370323752725964
HOF ITEM
4.265007055996687
-4.803583922557134,1.6099497855777702,3.5229924323485644,5.476376300202092,-2.537869149266608,-4.134258372494017,-0.02723664219969049,3.0,-7.0,-3.5650603264488403,2.3015415939609727,-0.9370323752725964
seed 545
Initial fitness values: [np.float64(5.622770524171855), np.float64(5.3033911662646), np.float64(4.848837842367719), np.float64(4.825255342433104), np.float64(4.693791576560191), np.float64(4.646142975940312), np.float64(4.646142975940312), np.float64(4.64614296789633), np.float64(4.635434222259524), np.float64(4.629703965314907)]
Final fitness values: [np.float64(4.522092107406705), np.float64(4.522092107406705), np.float64(4.522092107406705), np.float64(4.522092107406705), np.float64(4.522092086183502), np.float64(4.522092086183502), np.float64(4.522092086183502), np.float64(4.522092086183502), np.float64(4.522083437047998), np.float64(4.522076930262031)]
HOF ITEM
4.522076930262031
6.1143389953407805,-1.5326403687203054,3.063792494146158,2.44235455172112,-5.647986753015073,-4.882549445969662,4.404240564190346,0.9618595952682828,-4.464369954401916,1.1867765721810228,2.178665291536217,-1.2762645867361555
HOF ITEM
4.522083437047998
6.1143389953407805,-1.5326403687203054,3.063792494146158,2.44235455172112,-5.647986753015073,-4.882549445969662,4.518798100845438,0.9319305521608583,-4.464369954401916,1.1867765721810228,2.178665291536217,-1.2762645867361555
HOF ITEM
4.522092086183502
6.1143389953407805,-1.5326403687203054,3.063792494146158,2.44235455172112,-5.647986753015073,-4.882549445969662,4.404240564190346,0.9319305521608583,-4.464369954401916,1.1867765721810228,2.178665291536217,-1.2762645867361555
HOF ITEM
4.522092107406705
6.1143389953407805,-1.5326403687203054,3.063792494146158,2.44235455172112,-5.647986753015073,-4.882549445969662,4.404240564190346,0.9319305521608583,-4.519320531839474,1.1867765721810228,2.178665291536217,-1.2762645867361555
HOF ITEM
4.5220921651502435
6.1143389953407805,-1.5326403687203054,3.063792494146158,2.44235455172112,-5.647986753015073,-4.882549445969662,4.404240564190346,0.9319305521608583,-4.686192857285222,1.1867765721810228,2.178665291536217,-1.2762645867361555
seed 546
Initial fitness values: [np.float64(5.7670925874760215), np.float64(5.7577745437314976), np.float64(5.141704846963248), np.float64(4.68779859326092), np.float64(4.466972084198595), np.float64(4.430262094927595), np.float64(4.389376881576418), np.float64(4.381113688442025), np.float64(4.305481791592165), np.float64(4.298851520191578)]
Final fitness values: [np.float64(4.238353471031453), np.float64(4.238353471031428), np.float64(4.238350070983149), np.float64(4.238350070983149), np.float64(4.238350070982977), np.float64(4.238350070982977), np.float64(4.23835007098287), np.float64(4.23835007098287), np.float64(4.2383486173572855), np.float64(4.2381677120490595)]
HOF ITEM
4.2381677120490595
-4.137124106961154,1.5946923419058132,3.5567048255110665,-5.026369672895957,1.3489063317399719,3.379221735268032,6.8126045146123975,0.8221281167003008,-2.311692306323496,-2.963730959390807,2.5083001050016245,-1.8601422545831865
HOF ITEM
4.2383363023195075
-4.047378998842088,1.5946923419058132,3.5567048255110665,-5.796633545208116,1.3489063317399719,3.379221735268032,6.8126045146123975,0.3070844676925144,-2.56198526442167,-2.871721904135814,2.525580292743615,-1.8601422545831865
HOF ITEM
4.2383486173572855
-4.047378998842088,1.5946923419058132,3.5567048255110665,-5.3100857915095885,1.3489063317399719,3.379221735268032,6.569693798858674,1.218572906359514,-2.56198526442167,-2.871721904135814,2.525580292743615,-1.8601422545831865
HOF ITEM
4.2383486173572855
-4.047378998842088,1.5946923419058132,3.5567048255110665,-5.3100857915095885,1.3489063317399719,3.379221735268032,6.1123809890589555,1.2158238654595692,-2.733794480850895,-2.871721904135814,2.525580292743615,-1.8601422545831865
HOF ITEM
4.23835007098287
-4.047378998842088,1.5946923419058132,3.5567048255110665,-5.265614446060998,1.3489063317399719,3.379221735268032,6.569693798858674,1.218572906359514,-2.664029349796397,-2.871721904135814,2.525580292743615,-1.8601422545831865
seed 547
Initial fitness values: [np.float64(5.647769788581554), np.float64(5.127290263206751), np.float64(4.910167106818253), np.float64(4.710389799851894), np.float64(4.710389799851894), np.float64(4.581714891814828), np.float64(4.581714891814828), np.float64(4.581714891814828), np.float64(4.555014084061746), np.float64(4.555014084061746)]
Final fitness values: [np.float64(4.505761305163666), np.float64(4.505761280224901), np.float64(4.505749792446885), np.float64(4.505749792446885), np.float64(4.505749792446885), np.float64(4.505749675065683), np.float64(4.505749675065683), np.float64(4.505749675065683), np.float64(4.505749675065683), np.float64(4.505749675065683)]
HOF ITEM
4.505749675065683
6.974523470686249,-1.6825121307071609,1.0557681068099776,-5.662244008087871,0.02780401049304132,3.808292537677554,2.639893633687915,0.8525903672132652,-6.591252318898648,1.0250990274779355,2.4505105902040247,-3.5785137429736156
HOF ITEM
4.505749792446885
6.974523470686249,-1.6825121307071609,1.0557681068099776,-5.662244008087871,0.02780401049304132,3.808292537677554,2.639893633687915,0.8525903672132652,-6.145038033187712,1.0250990274779355,2.4505105902040247,-3.5785137429736156
HOF ITEM
4.505750135835944
6.974523470686249,-1.6825121307071609,1.0557681068099776,-5.662244008087871,0.02780401049304132,3.808292537677554,2.639893633687915,0.7412565555513009,-6.145038033187712,1.0250990274779355,2.4505105902040247,-3.5785137429736156
HOF ITEM
4.505750228200135
6.974523470686249,-1.6825121307071609,1.0557681068099776,-5.662244008087871,0.02780401049304132,3.808292537677554,2.639893633687915,0.7412565555513009,-6.509196858561279,1.0250990274779355,2.4505105902040247,-3.5785137429736156
HOF ITEM
4.505750244763585
6.974523470686249,-1.6825121307071609,1.0557681068099776,-5.662244008087871,0.02780401049304132,3.808292537677554,2.639893633687915,0.7412565555513009,-6.591252318898648,1.0250990274779355,2.4505105902040247,-3.5785137429736156
seed 548
Initial fitness values: [np.float64(5.9251608613992035), np.float64(5.379977716689358), np.float64(5.056260375043339), np.float64(5.056260375043339), np.float64(4.830317966336558), np.float64(4.774703318013437), np.float64(4.627258523119949), np.float64(4.586851870614889), np.float64(4.488277483320304), np.float64(4.435517137996726)]
Final fitness values: [np.float64(4.311800026152822), np.float64(4.311800026152822), np.float64(4.311800026152822), np.float64(4.311800026152822), np.float64(4.311665883616519), np.float64(4.311665883616519), np.float64(4.311665883616519), np.float64(4.311665883616519), np.float64(4.311665883616519), np.float64(4.311665883616519)]
HOF ITEM
4.311665883616519
0.5976211567979546,0.848405590506562,-4.430445097359898,-2.363587957014727,-0.02532650692779398,-1.5123131887350563,4.716123420063651,0.006449453711212754,-5.428649181049677,0.7593979809280315,2.8290828594012947,-2.5888220282059
HOF ITEM
4.311763217418756
0.5976211567979546,0.848405590506562,-4.430445097359898,-2.363587957014727,-0.02532650692779398,-1.5123131887350563,4.799212532763107,0.0,-5.428649181049677,0.7593979809280315,2.8290828594012947,-2.5888220282059
HOF ITEM
4.311799579501805
0.5976211567979546,0.848405590506562,-4.430445097359898,-2.363587957014727,-0.02532650692779398,-1.5123131887350563,4.799212532763107,0.006449453711212754,-5.428649181049677,0.7593979809280315,2.8290828594012947,-2.5888220282059
HOF ITEM
4.311800026152822
0.5976211567979546,0.848405590506562,-4.430445097359898,-2.363587957014727,-0.02532650692779398,-1.5123131887350563,4.799212532763107,0.0,-5.428649181049677,0.7593979809280315,2.8290828594012947,-2.5883003763375116
HOF ITEM
4.311827487174383
0.5976211567979546,0.848405590506562,-4.430445097359898,-2.363587957014727,-0.02532650692779398,-1.5123131887350563,4.816866945421732,0.0,-5.428649181049677,0.7593979809280315,2.8290828594012947,-2.5883003763375116
seed 549
Initial fitness values: [np.float64(5.775306002441667), np.float64(5.775306002441667), np.float64(5.421307642961267), np.float64(4.770593176277648), np.float64(4.770593176277648), np.float64(4.55440887754306), np.float64(4.496798926600585), np.float64(4.55440887754306), np.float64(4.5456184491935545), np.float64(4.424322749977385)]
Final fitness values: [np.float64(4.261015006176407), np.float64(4.261015006176407), np.float64(4.261015006176407), np.float64(4.261015006176407), np.float64(4.261015006176407), np.float64(4.261015006176407), np.float64(4.261015006176407), np.float64(4.261015006176407), np.float64(4.261015006176407), np.float64(4.261015006176407)]
HOF ITEM
4.261015006176407
-2.1813117526806063,1.4915723258396647,-0.010137547154355192,-0.2772143791050672,-1.0872193700122428,3.2305546260872395,3.0177878518212187,2.4564045943504893,-6.941446268134755,-1.2144819096770105,2.7957003763968227,-4.519137425371794
HOF ITEM
4.261015006176407
-2.1813117526806063,1.4915723258396647,-0.010137547154355192,-0.2772143791050672,-1.0872193700122428,3.2305546260872395,2.8288731955134745,2.4564045943504893,-6.941446268134755,-1.2144819096770105,2.7957003763968227,-4.519137425371794
HOF ITEM
4.261015006176407
-2.1813117526806063,1.4915723258396647,-0.010137547154355192,-0.2772143791050672,-1.0872193700122428,3.2305546260872395,3.0177878518212187,2.4564045943504893,-6.713675203262382,-1.2144819096770105,2.7957003763968227,-4.519137425371794
HOF ITEM
4.261015006176407
-2.1813117526806063,1.4915723258396647,-0.010137547154355192,-0.2772143791050672,-1.0872193700122428,3.2305546260872395,3.0177878518212187,2.4564045943504893,-6.764493559427964,-1.2144819096770105,2.7957003763968227,-4.519137425371794
HOF ITEM
4.261015006176407
-2.1813117526806063,1.4915723258396647,-0.010137547154355192,-0.2772143791050672,-1.0872193700122428,3.2305546260872395,2.8288731955134745,2.4564045943504893,-6.764493559427964,-1.2144819096770105,2.7957003763968227,-4.519137425371794
best parameter set
fitness 4.234194012151866 seed 546
-4.136214776285056,1.5892830822888717,3.5567254250533393,-5.026369711702196,1.349093664110125,3.379013826092723,6.8126045146123975,0.8221281167003008,-2.311692306323496,-2.9644298629688155,2.508481287329381,-1.86036114531726
