seeds are [340 341 342 343 344 345 346 347 348 349]
seed 340
Initial fitness values: [np.float64(5.516769703749672), np.float64(5.106318229771249), np.float64(5.024247567530267), np.float64(5.024247567530267), np.float64(4.962959642844871), np.float64(4.919285090860489), np.float64(4.830088977744005), np.float64(4.80387792817967), np.float64(4.721232802037642), np.float64(4.6950786052487015)]
Final fitness values: [np.float64(4.3919277729437685), np.float64(4.391803472449078), np.float64(4.3915477895499), np.float64(4.3915477895499), np.float64(4.390922462341717), np.float64(4.390837596395501), np.float64(4.390511131909309), np.float64(4.389655299217219), np.float64(4.389655299217219), np.float64(4.388361612111487)]
HOF ITEM
4.388361612111487
1.6447207311814516,0.37962630684250276,1.6820338716764798,-2.640100938056036,2.6828914638621337,2.329169319345312,-2.473751637540241,2.368161446103568,-5.23782596146051,1.106207317874621,2.817104129986142,-1.1215367768436606
HOF ITEM
4.389354833340923
1.6447207311814516,0.37962630684250276,1.6820338716764798,-2.640100938056036,2.6828914638621337,2.329169319345312,-2.473751637540241,2.0897756292695258,-5.103790346567926,1.106207317874621,2.817104129986142,-1.1215367768436606
HOF ITEM
4.389451684661038
1.6447207311814516,0.37962630684250276,1.6820338716764798,-2.640100938056036,2.6828914638621337,2.329169319345312,-2.4478101632149443,2.0897756292695258,-5.272251265124771,1.106207317874621,2.817104129986142,-1.1215367768436606
HOF ITEM
4.389655299217219
1.6447207311814516,0.37962630684250276,1.6820338716764798,-2.640100938056036,2.6828914638621337,2.329169319345312,-2.4158053949310987,2.0897756292695258,-5.103790346567926,1.106207317874621,2.817104129986142,-1.1215367768436606
HOF ITEM
4.389742407672667
1.6447207311814516,0.37962630684250276,1.6820338716764798,-2.6191084718453665,2.6828914638621337,2.329169319345312,-2.4158053949310987,2.0897756292695258,-5.272251265124771,1.106207317874621,2.817104129986142,-1.1215367768436606
seed 341
Initial fitness values: [np.float64(6.485536032728236), np.float64(6.33123396107027), np.float64(5.254446733557459), np.float64(5.254446733557459), np.float64(5.200846850872871), np.float64(5.058382559149359), np.float64(5.058382559149359), np.float64(5.058382559149359), np.float64(5.0534000976684155), np.float64(5.052859315409657)]
Final fitness values: [np.float64(4.541819458115004), np.float64(4.541819458115004), np.float64(4.541819458115004), np.float64(4.541819458115004), np.float64(4.541819458115004), np.float64(4.541819458115004), np.float64(4.541819458115004), np.float64(4.541819458115004), np.float64(4.538291427010144), np.float64(4.537804522052637)]
HOF ITEM
4.537804522052637
6.087182156987674,-1.5306435186814762,3.86021438007499,5.034070998136964,-6.680160403549322,-2.7362305779823766,6.675383613730896,2.2168003971376384,-0.42637428601490923,0.7218994381321991,2.096076631801616,-4.884265596364888
HOF ITEM
4.538291427010144
5.83929960198651,-1.4836183196376425,3.86021438007499,5.101559605866141,-6.680160403549322,-2.7362305779823766,6.596413858538926,2.1899259456957267,-0.42637428601490923,0.7218994381321991,2.096076631801616,-4.949678812139064
HOF ITEM
4.538291427010144
5.83929960198651,-1.4836183196376425,3.86021438007499,5.101559605866141,-6.680160403549322,-2.7362305779823766,6.596413858538926,2.1295428900227997,-0.42637428601490923,0.7218994381321991,2.096076631801616,-4.949678812139064
HOF ITEM
4.541819458115004
6.131387763435822,-1.5306435186814762,3.86021438007499,5.101559605866141,-6.680160403549322,-2.7362305779823766,6.649122064689571,2.42421434595502,0.0,0.7218994381321991,2.096076631801616,-4.949678812139064
HOF ITEM
4.541819458115004
6.131387763435822,-1.5306435186814762,3.86021438007499,5.101559605866141,-6.680160403549322,-2.7362305779823766,6.621557399872006,2.2511222819381596,-0.9945900322944683,0.7218994381321991,2.096076631801616,-4.949678812139064
seed 342
Initial fitness values: [np.float64(5.228129255628968), np.float64(5.225444369727978), np.float64(5.01986051408628), np.float64(4.842285764161002), np.float64(4.706107373908422), np.float64(4.7060832140165765), np.float64(4.576744742077159), np.float64(4.5431090834855645), np.float64(4.392692175090245), np.float64(4.391822511535479)]
Final fitness values: [np.float64(4.255199769761447), np.float64(4.255199769761447), np.float64(4.255199769761447), np.float64(4.255199769761447), np.float64(4.255199769761447), np.float64(4.255199769761447), np.float64(4.255178622338246), np.float64(4.255178622338246), np.float64(4.255178622338246), np.float64(4.255178622338246)]
HOF ITEM
4.255178622338246
-4.860753315176822,1.5795080624166495,3.8441731251908293,4.7034938422447645,5.613735647826866,-0.6946945613102229,3.97133937816225,0.5056043034000418,-4.8618046428501085,-3.5889409775499708,2.2608388455645523,-0.4626510999109023
HOF ITEM
4.255185133130713
-4.860753315176822,1.5795080624166495,3.8441731251908293,4.607474024299269,5.90650762402752,-0.586182057564565,3.97133937816225,0.5056043034000418,-5.002112531191951,-3.5889409775499708,2.2608388455645523,-0.4626510999109023
HOF ITEM
4.255190599343225
-4.860753315176822,1.5795080624166495,3.8441731251908293,4.267034868051907,5.90650762402752,-0.5350180308665292,3.97133937816225,0.5056043034000418,-5.002112531191951,-3.5889409775499708,2.2608388455645523,-0.4626510999109023
HOF ITEM
4.255191780679732
-4.860753315176822,1.5795080624166495,3.8441731251908293,4.451814027645097,5.90650762402752,-0.5658508995963212,3.772189219393601,0.5056043034000418,-5.002112531191951,-3.5889409775499708,2.2608388455645523,-0.4626510999109023
HOF ITEM
4.255191781309154
-4.860753315176822,1.5795080624166495,3.8441731251908293,4.451814027645097,5.90650762402752,-0.5658508995963212,3.772189219393601,0.5392252856219434,-4.807671498283928,-3.5889409775499708,2.2608388455645523,-0.4626510999109023
seed 343
Initial fitness values: [np.float64(5.707284756658128), np.float64(5.118742064683959), np.float64(4.76835102286317), np.float64(4.76835102286317), np.float64(4.538715985426869), np.float64(4.5098714691672175), np.float64(4.383652729736636), np.float64(4.383652729736636), np.float64(4.34723205267192), np.float64(4.34723205267192)]
Final fitness values: [np.float64(4.239917292925793), np.float64(4.239917292925793), np.float64(4.239917292925793), np.float64(4.239911787038305), np.float64(4.239911783572685), np.float64(4.239911503177743), np.float64(4.239910066196149), np.float64(4.239910050593636), np.float64(4.239909791299396), np.float64(4.239909791299396)]
HOF ITEM
4.239909791299396
-4.481979198247938,1.5881371565143954,-3.1558334812830626,-5.042914025519076,6.981598616146794,1.7220122285752486,-0.4934646930740645,1.1502568629987295,-6.880978647878005,-3.560219473394147,2.381943764215013,-4.352507711134478
HOF ITEM
4.239909791455597
-4.481979198247938,1.5881371565143954,-3.1558334812830626,-5.042914025519076,6.981598616146794,1.7220122285752486,-0.4934646930740645,1.235225305956297,-6.619089430631003,-3.560219473394147,2.381943764215013,-4.352507711134478
HOF ITEM
4.239910037473518
-4.481979198247938,1.5881371565143954,-3.1558334812830626,-4.88893854641782,6.981598616146794,1.7220122285752486,-0.4934646930740645,1.1502568629987295,-6.880978647878005,-3.560219473394147,2.381943764215013,-4.352507711134478
HOF ITEM
4.2399100477466245
-4.481979198247938,1.5881371565143954,-3.1558334812830626,-4.881361598439933,6.981598616146794,1.7220122285752486,-1.0045826825822157,1.235225305956297,-6.619089430631003,-3.560219473394147,2.381943764215013,-4.352507711134478
HOF ITEM
4.239910050593636
-4.481979198247938,1.5881371565143954,-3.1558334812830626,-4.881361598439933,6.981598616146794,1.7220122285752486,-0.4934646930740645,1.1502568629987295,-6.880978647878005,-3.560219473394147,2.381943764215013,-4.352507711134478
seed 344
Initial fitness values: [np.float64(6.403228762870497), np.float64(5.917695472805665), np.float64(5.236078250863282), np.float64(5.236078250863282), np.float64(5.162076788670834), np.float64(4.967474713618152), np.float64(4.8772588328112025), np.float64(4.820979203886483), np.float64(4.761155261566121), np.float64(4.704987401517629)]
Final fitness values: [np.float64(4.427988704847324), np.float64(4.427988704847324), np.float64(4.427988704847324), np.float64(4.427988704847324), np.float64(4.427988704847324), np.float64(4.427988704847324), np.float64(4.427988704847324), np.float64(4.427988704847324), np.float64(4.427988704847324), np.float64(4.427988704847324)]
HOF ITEM
4.427988704847324
6.466135036377153,-1.1461226868484868,-6.368756443764182,5.406332298946162,4.965038267463987,-6.993634094070274,0.1443567924181508,3.0,-1.2107328431114963,0.9064268201476964,1.0812371088574046,-1.3218333004893854
HOF ITEM
4.428195478778033
6.471237884881523,-1.1461226868484868,-6.368756443764182,5.406332298946162,4.965038267463987,-6.993634094070274,0.1443567924181508,2.894491000577312,-1.2107328431114963,0.9064268201476964,1.0812371088574046,-1.3218333004893854
HOF ITEM
4.428828372759959
6.466135036377153,-1.1461226868484868,-6.368756443764182,5.406332298946162,4.965038267463987,-6.993634094070274,0.1443567924181508,2.894491000577312,-1.2107328431114963,0.9064268201476964,1.0812371088574046,-1.3218333004893854
HOF ITEM
4.429040097759381
6.466135036377153,-1.1461226868484868,-6.368756443764182,5.274050719284054,4.859740986665809,-6.993634094070274,0.1443567924181508,2.894491000577312,-1.3964646914897083,0.8564603455200357,1.0812371088574046,-1.2381431375771035
HOF ITEM
4.429350283452201
6.471237884881523,-1.1461226868484868,-6.368756443764182,5.406332298946162,4.965038267463987,-6.993634094070274,0.1443567924181508,3.0,-1.2107328431114963,0.9064268201476964,1.0812371088574046,-1.3218333004893854
seed 345
Initial fitness values: [np.float64(5.732384397931313), np.float64(5.170760550586782), np.float64(5.170760550586782), np.float64(4.922402156316491), np.float64(4.922402156316491), np.float64(4.922402156316491), np.float64(4.856148995854515), np.float64(4.714751543567154), np.float64(4.714751543567154), np.float64(4.714751543567154)]
Final fitness values: [np.float64(4.514457250989367), np.float64(4.512716077168231), np.float64(4.512716077168231), np.float64(4.512716077168231), np.float64(4.512716077168231), np.float64(4.512716077168231), np.float64(4.512716077168231), np.float64(4.512716077168231), np.float64(4.512716077168231), np.float64(4.5127160462159175)]
HOF ITEM
4.5127160462159175
2.8999607388419215,-0.56986450436398,-6.360201186123346,-2.6919787414470164,-2.6963952621936227,-1.110823806620493,3.3214010415733655,2.219309282823241,-0.6498286427316672,0.8947938537464593,2.617939134566807,-5.4044157904312895
HOF ITEM
4.512716077168231
2.8999607388419215,-0.56986450436398,-6.360201186123346,-2.6919787414470164,-2.6963952621936227,-1.110823806620493,3.3214010415733655,2.219309282823241,-0.9235341452442896,0.8947938537464593,2.617939134566807,-5.4044157904312895
HOF ITEM
4.512716110733356
2.8999607388419215,-0.56986450436398,-6.360201186123346,-2.6919787414470164,-2.6963952621936227,-1.110823806620493,3.3214010415733655,2.219309282823241,-1.3411782136668309,0.8947938537464593,2.617939134566807,-5.4044157904312895
HOF ITEM
4.512716481020128
2.8999607388419215,-0.56986450436398,-6.360201186123346,-2.6919787414470164,-2.6963952621936227,-1.110823806620493,3.3214010415733655,2.1382625802432,-1.3411782136668309,0.8947938537464593,2.617939134566807,-5.4044157904312895
HOF ITEM
4.512718446769223
2.8999607388419215,-0.56986450436398,-6.360201186123346,-2.6919787414470164,-2.6963952621936227,-1.110823806620493,3.118818288880003,2.1382625802432,-0.9235341452442896,0.8947938537464593,2.617939134566807,-5.4044157904312895
seed 346
Initial fitness values: [np.float64(5.695023656362025), np.float64(5.335594444848665), np.float64(5.055446665914699), np.float64(5.055446665914699), np.float64(4.685712422950809), np.float64(4.685712422950809), np.float64(4.6177378479581845), np.float64(4.585528998606328), np.float64(4.550813350150322), np.float64(4.502946968750979)]
Final fitness values: [np.float64(4.254996249703993), np.float64(4.254996249703993), np.float64(4.254996249703993), np.float64(4.254996249703993), np.float64(4.254996249703993), np.float64(4.254996249703993), np.float64(4.254996249703993), np.float64(4.254996249703993), np.float64(4.254996249703993), np.float64(4.254996249703993)]
HOF ITEM
4.254996249703993
1.3160717457583069,0.5128374297351231,0.4252783028883148,5.054659123091426,0.807213198832333,-5.915214414076269,0.4610489491401497,2.6674917102360993,-6.608380104029373,1.0346270479489013,2.521784176669432,-0.5689531084816676
HOF ITEM
4.255045470033484
1.3160717457583069,0.5091573626039706,0.4252783028883148,5.054659123091426,0.807213198832333,-5.915214414076269,0.4610489491401497,2.6674917102360993,-6.608380104029373,1.0346270479489013,2.521784176669432,-0.5689531084816676
HOF ITEM
4.2552386924267545
1.3160717457583069,0.5128374297351231,0.4252783028883148,5.054659123091426,0.807213198832333,-5.915214414076269,0.4610489491401497,2.5402425589594877,-6.608380104029373,1.0346270479489013,2.5269338955222658,-0.5689531084816676
HOF ITEM
4.255279325916603
1.3160717457583069,0.5201040506135313,0.4252783028883148,5.054659123091426,0.807213198832333,-5.915214414076269,0.4610489491401497,2.6674917102360993,-6.892917614285112,1.0346270479489013,2.521784176669432,-0.5689531084816676
HOF ITEM
4.255543693755779
1.3160717457583069,0.5091573626039706,0.4252783028883148,5.054659123091426,0.807213198832333,-5.915214414076269,0.4610489491401497,2.5163289121417716,-6.608380104029373,1.0346270479489013,2.521784176669432,-0.5689531084816676
seed 347
Initial fitness values: [np.float64(5.559425512884825), np.float64(5.435860013250885), np.float64(5.068411398167441), np.float64(4.826492657552363), np.float64(4.794026583317508), np.float64(4.794026583317508), np.float64(4.736757199737921), np.float64(4.680702206764423), np.float64(4.680702206764423), np.float64(4.616683826512045)]
Final fitness values: [np.float64(4.524052844901128), np.float64(4.524052844901128), np.float64(4.524052844901128), np.float64(4.524052844901128), np.float64(4.524052844901128), np.float64(4.524052844901128), np.float64(4.524052844901128), np.float64(4.524052844901128), np.float64(4.524052844901128), np.float64(4.524052844901128)]
HOF ITEM
4.524052844901128
3.5329414395294747,-0.8537639174023198,0.20557574447539495,2.5935644493455,0.6042625810938645,3.5795763089364105,4.8948876178913965,0.47775439615727183,-4.562019050073602,0.785584032301601,2.293119186116066,-5.039280621132394
HOF ITEM
4.524064924474065
3.5329414395294747,-0.8537639174023198,0.20557574447539495,2.5935644493455,0.6042625810938645,3.5795763089364105,4.8948876178913965,0.47775439615727183,-5.013292880592027,0.785584032301601,2.293119186116066,-5.039280621132394
HOF ITEM
4.524074263266698
3.5329414395294747,-0.8537639174023198,0.20557574447539495,2.5935644493455,0.6042625810938645,3.5795763089364105,4.8948876178913965,0.47775439615727183,-5.594740780677026,0.785584032301601,2.293119186116066,-5.039280621132394
HOF ITEM
4.524169772963418
3.5329414395294747,-0.8537639174023198,0.20557574447539495,2.5935644493455,0.6042625810938645,3.5795763089364105,4.928638388984406,0.47775439615727183,-4.866772618067926,0.785584032301601,2.293119186116066,-5.039280621132394
HOF ITEM
4.52456592019524
3.5329414395294747,-0.8537639174023198,0.20557574447539495,2.572875842133465,0.5457695177346741,3.5428434101702586,4.8948876178913965,0.47775439615727183,-4.562019050073602,0.785584032301601,2.293119186116066,-5.039280621132394
seed 348
Initial fitness values: [np.float64(5.684630421786114), np.float64(5.288855218143761), np.float64(5.23084076270732), np.float64(5.1433453847469535), np.float64(5.073472092912018), np.float64(5.073472092912018), np.float64(4.9902751563668195), np.float64(4.9902751563668195), np.float64(4.897626539832961), np.float64(4.893470575318689)]
Final fitness values: [np.float64(4.387855025390061), np.float64(4.387855025390061), np.float64(4.387855025390061), np.float64(4.387855025390061), np.float64(4.387855025390061), np.float64(4.38785313425989), np.float64(4.38785313425989), np.float64(4.38785313425989), np.float64(4.38785313425989), np.float64(4.387850893904848)]
HOF ITEM
4.387850893904848
1.915046217062054,0.27062805099398657,5.753344891608824,1.631168781216128,4.2404301315806725,-3.758835349061401,-2.781681725564946,2.4417863677831466,-2.6675428708231887,1.1934155928788073,3.0,-0.44239240461408064
HOF ITEM
4.38785313425989
1.915046217062054,0.27062805099398657,5.753344891608824,1.631168781216128,4.2365784250025005,-3.758835349061401,-2.749489419902372,2.1357174166762,-2.6675428708231887,1.1934155928788073,3.0,-0.44239240461408064
HOF ITEM
4.387854020096681
1.915046217062054,0.27062805099398657,5.789011900381098,1.631168781216128,4.2365784250025005,-3.758835349061401,-2.749489419902372,2.1357174166762,-2.6675428708231887,1.1934155928788073,3.0,-0.44239240461408064
HOF ITEM
4.3878549740627975
1.915046217062054,0.27062805099398657,5.61066982307803,1.518496127097185,4.112158190254391,-3.880601390543958,-2.7908259140475864,2.1357174166762,-2.72680882599452,1.1934155928788073,3.0,-0.44239240461408064
HOF ITEM
4.387855025390061
1.915046217062054,0.27062805099398657,5.753344891608824,1.631168781216128,4.2365784250025005,-3.758835349061401,-2.749489419902372,1.89913068507835,-2.6675428708231887,1.1934155928788073,3.0,-0.44239240461408064
seed 349
Initial fitness values: [np.float64(5.798489007878985), np.float64(5.112798924267972), np.float64(5.112798924267972), np.float64(5.075182828255434), np.float64(5.068077161393843), np.float64(5.059894548567025), np.float64(5.05443251552126), np.float64(5.053207824891661), np.float64(5.0420706870768), np.float64(5.034087024546093)]
Final fitness values: [np.float64(4.509015745095743), np.float64(4.509015745095743), np.float64(4.509003734162215), np.float64(4.509003447963854), np.float64(4.508738685653875), np.float64(4.5083692907466215), np.float64(4.508338988415556), np.float64(4.507888495839438), np.float64(4.507888495839438), np.float64(4.507776866421323)]
HOF ITEM
4.507776866421323
3.9917865779370953,-0.9817052720143008,6.5264856873626655,-0.7166512053877749,1.4476828249460623,-0.3105751168161134,-3.851061711818621,0.9112344639694047,-2.613377199391565,1.2818250700561435,2.56020610410795,-0.514225817185274
HOF ITEM
4.507888495839438
3.9917865779370953,-0.9817052720143008,6.406614378728178,-0.7166512053877749,1.4476828249460623,-0.3105751168161134,-3.8342892916638682,0.45579198810427496,-2.598029620937212,1.2818250700561435,2.56020610410795,-0.514225817185274
HOF ITEM
4.507889152936858
3.9917865779370953,-0.9817052720143008,6.406614378728178,-0.7166512053877749,1.4476828249460623,-0.3105751168161134,-3.866707042948124,0.45579198810427496,-2.598029620937212,1.2818250700561435,2.56020610410795,-0.514225817185274
HOF ITEM
4.507892174207961
3.9917865779370953,-0.9817052720143008,6.406614378728178,-0.7166512053877749,1.4476828249460623,-0.3105751168161134,-3.866707042948124,0.333720006689317,-2.7641118817611545,1.2818250700561435,2.56020610410795,-0.514225817185274
HOF ITEM
4.508099318291391
3.9917865779370953,-0.9817052720143008,6.228393086612104,-0.7166512053877749,1.4476828249460623,-0.3105751168161134,-3.8342892916638682,0.45579198810427496,-2.598029620937212,1.2818250700561435,2.56020610410795,-0.514225817185274
best parameter set
fitness 4.23315899796216 seed 346
1.3013750448737615,0.53445318624371,0.4228271674750468,5.0570938590761605,0.8047638429802015,-5.912781087104508,0.45226011765212054,2.668358803835404,-6.608386881108082,1.0350598273008722,2.5508605390917043,-0.5715289032032962
