seeds are [670 671 672 673 674 675 676 677 678 679]
seed 670
Initial fitness values: [np.float64(3.617651012007406), np.float64(3.2778272071759584), np.float64(3.0654145540507542), np.float64(2.948493199510928), np.float64(2.9007460085387566), np.float64(2.89290441235144), np.float64(2.8782909602218822), np.float64(2.837218365804655), np.float64(2.837218365804655), np.float64(2.834502648207687)]
Final fitness values: [np.float64(2.7358655479381007), np.float64(2.73205673125132), np.float64(2.6759148649807827), np.float64(2.6592137902077004), np.float64(2.6592137902077004), np.float64(2.6544408461064632), np.float64(2.6544408461064632), np.float64(2.6503947544486914), np.float64(2.6433820725281496), np.float64(2.630525291413379)]
HOF ITEM
2.630525291413379
2.237280101006179,-0.2512538844570436,7.0,-6.936622430786324,-0.9128016891754072,-4.827696405621286,6.839050767499203,2.2409929377687394,-3.0591159573578093,1.2230998026015838,1.9012307259130106,-0.5485624225689119
HOF ITEM
2.6405179238584386
2.0298875857924705,-0.181317379754716,6.937042299407516,-6.549100814842306,-1.7625701576442032,-4.721325239007372,6.868328593415354,1.2047269858451823,-3.4357693724994163,1.1998404197369528,1.83196329699323,-0.5619873488394121
HOF ITEM
2.6422941570310705
2.9898610613275767,-0.5924500023740068,7.0,-7.0,-1.4443848703939663,-4.721325239007372,6.821298454599323,2.2837432718621598,-3.3165660655275633,1.2702890143632415,1.8620000994782664,-0.5485624225689119
HOF ITEM
2.6433820725281496
2.3196129926697022,-0.2512538844570436,6.672657489731762,-6.936622430786324,-0.9128016891754072,-4.827696405621286,6.839050767499203,2.62064898961234,-3.538944961374589,1.2230998026015838,1.9012307259130106,-0.5485624225689119
HOF ITEM
2.6436093125431803
2.9963573381129702,-0.5924500023740068,7.0,-7.0,-1.1095343713611223,-4.721325239007372,6.821298454599323,2.2837432718621598,-3.3165660655275633,1.2702890143632415,1.9202476313023584,-0.5485624225689119
seed 671
Initial fitness values: [np.float64(3.3069273874861382), np.float64(2.9363603394979045), np.float64(2.9363603394979045), np.float64(2.837938881900639), np.float64(2.837938881900639), np.float64(2.818827894990532), np.float64(2.8172237654696284), np.float64(2.8089477092931148), np.float64(2.8089477092931148), np.float64(2.8080237743743144)]
Final fitness values: [np.float64(2.793993295839126), np.float64(2.793993295839126), np.float64(2.7938917685723395), np.float64(2.7938917685723395), np.float64(2.7938917685723395), np.float64(2.7938917685723395), np.float64(2.7938917685723395), np.float64(2.793891488516076), np.float64(2.793891488516076), np.float64(2.793891488516076)]
HOF ITEM
2.793891488516076
5.383380971456269,-0.7378240723905283,3.4308865081699422,-6.980307702356287,-5.866626334085211,-5.962672188303925,3.776113591566528,2.4119245809425722,-5.747176569404506,1.5480474212985622,1.359556931160365,-2.5674615500724047
HOF ITEM
2.7938914969502546
5.383380971456269,-0.7378240723905283,3.4222702732490924,-7.0,-5.866626334085211,-5.962672188303925,3.776113591566528,2.4119245809425722,-5.747176569404506,1.5480474212985622,1.359556931160365,-2.5674615500724047
HOF ITEM
2.7938914969502546
5.383380971456269,-0.7378240723905283,3.4222702732490924,-7.0,-5.866626334085211,-5.962672188303925,3.695195747437017,2.4119245809425722,-5.747176569404506,1.5480474212985622,1.359556931160365,-2.5674615500724047
HOF ITEM
2.79389150776455
5.383380971456269,-0.7378240723905283,3.4222702732490924,-6.980307702356287,-5.866626334085211,-5.962672188303925,3.695195747437017,2.4119245809425722,-5.747176569404506,1.5480474212985622,1.359556931160365,-2.5674615500724047
HOF ITEM
2.79389150776455
5.383380971456269,-0.7378240723905283,3.4222702732490924,-6.980307702356287,-5.866626334085211,-5.962672188303925,3.776113591566528,2.4119245809425722,-5.747176569404506,1.5480474212985622,1.359556931160365,-2.5674615500724047
seed 672
Initial fitness values: [np.float64(3.1355405066383475), np.float64(2.8269272979411753), np.float64(2.8269272979411753), np.float64(2.7494432473530903), np.float64(2.749056502023892), np.float64(2.595127996810822), np.float64(2.5033713808107656), np.float64(2.5033713808107656), np.float64(2.460624994250009), np.float64(2.434672481065322)]
Final fitness values: [np.float64(2.3682642543166246), np.float64(2.3682642428610254), np.float64(2.3682642428610254), np.float64(2.3682642428610254), np.float64(2.3682642224533357), np.float64(2.3682642224533357), np.float64(2.3682642224533357), np.float64(2.3682642224533357), np.float64(2.3682642224533357), np.float64(2.3682642224533357)]
HOF ITEM
2.3682642224533357
-2.1427274138639207,1.519807550516744,-5.565578015810082,6.11973747841147,-0.08910882617334318,-5.829664444419089,4.1582912574649,0.928061104151756,-0.07923950228413096,-1.2326365618678685,2.79878764690326,-5.390765002330181
HOF ITEM
2.368264242550641
-2.1427274138639207,1.519807550516744,-5.565578015810082,6.11973747841147,-0.08910882617334318,-5.829664444419089,4.1582912574649,1.101932535043628,-0.2363309873212581,-1.2326365618678685,2.79878764690326,-5.390765002330181
HOF ITEM
2.3682642428610254
-2.1427274138639207,1.519807550516744,-5.565578015810082,6.11973747841147,-0.08910882617334318,-5.829664444419089,4.1582912574649,0.928061104151756,-0.38992870805936825,-1.2326365618678685,2.79878764690326,-5.390765002330181
HOF ITEM
2.368264245060214
-2.1427274138639207,1.519807550516744,-5.565578015810082,6.11973747841147,-0.08910882617334318,-5.829664444419089,4.133006734954976,0.928061104151756,-0.39725253998452653,-1.2326365618678685,2.79878764690326,-5.390765002330181
HOF ITEM
2.36826425203987
-2.1427274138639207,1.519807550516744,-5.454902827203181,6.144242389271023,-0.13185512232272817,-5.786098105601905,4.1582912574649,0.928061104151756,-0.07923950228413096,-1.2326365618678685,2.79878764690326,-5.390765002330181
seed 673
Initial fitness values: [np.float64(3.4928754299471585), np.float64(3.2646980770939416), np.float64(3.0521751072527334), np.float64(2.9875452825455793), np.float64(2.8398002551473205), np.float64(2.804720949221392), np.float64(2.797815744911459), np.float64(2.794803332337546), np.float64(2.7612722433852452), np.float64(2.7591983933408732)]
Final fitness values: [np.float64(2.559510713678608), np.float64(2.559510713678608), np.float64(2.559510713678608), np.float64(2.559510713678608), np.float64(2.559510713678608), np.float64(2.559510713678608), np.float64(2.5562767890831166), np.float64(2.5562767890831166), np.float64(2.5562767890831166), np.float64(2.5562767890831166)]
HOF ITEM
2.5562767890831166
6.753025413451148,-1.6433308620416245,-2.5565593874572565,-5.18929330402661,2.242114217666595,1.927501008007609,6.94522145140873,2.767312082894177,-5.144028049139565,1.036285827346478,2.562741398473366,-3.989265262612993
HOF ITEM
2.5562767890831166
6.753025413451148,-1.6433308620416245,-2.5565593874572565,-5.18929330402661,2.242114217666595,1.927501008007609,6.94522145140873,2.767312082894177,-5.096433306772946,1.036285827346478,2.562741398473366,-3.989265262612993
HOF ITEM
2.5562767890831166
6.753025413451148,-1.6433308620416245,-2.5565593874572565,-5.18929330402661,2.242114217666595,1.927501008007609,6.7632166223044035,2.767312082894177,-5.144028049139565,1.036285827346478,2.562741398473366,-3.989265262612993
HOF ITEM
2.5562767890831166
6.753025413451148,-1.6433308620416245,-2.5565593874572565,-5.18929330402661,2.242114217666595,1.927501008007609,6.7632166223044035,2.767312082894177,-5.053387049109907,1.036285827346478,2.562741398473366,-3.989265262612993
HOF ITEM
2.5562767890831166
6.753025413451148,-1.6433308620416245,-2.5565593874572565,-5.18929330402661,2.242114217666595,1.927501008007609,6.94522145140873,2.767312082894177,-5.053387049109907,1.036285827346478,2.562741398473366,-3.989265262612993
seed 674
Initial fitness values: [np.float64(3.099301024687553), np.float64(3.0944311459324734), np.float64(2.8539033754544274), np.float64(2.8258207498371126), np.float64(2.823945688856922), np.float64(2.8222273040674195), np.float64(2.791754064046203), np.float64(2.7851250187606453), np.float64(2.78464057610503), np.float64(2.7614573565849714)]
Final fitness values: [np.float64(2.5423066918135087), np.float64(2.5422668505088604), np.float64(2.5420325561706747), np.float64(2.5420085825358543), np.float64(2.5417603985476087), np.float64(2.5417603985476087), np.float64(2.5417120665552617), np.float64(2.5416990108230393), np.float64(2.541647855967979), np.float64(2.541647449544454)]
HOF ITEM
2.541647449544454
3.54130845171946,-0.8304311234758323,-2.5606240726613207,-7.0,1.2030777895325375,2.0911136453641808,-6.472114287474545,0.27476782898296115,-1.8024563996158856,0.9892612959763154,2.5601553039990854,-4.144098022238983
HOF ITEM
2.541647855967979
3.54130845171946,-0.8304311234758323,-2.5606240726613207,-7.0,1.2030777895325375,2.0911136453641808,-6.472114287474545,0.3859319631989096,-1.8024563996158856,0.9892612959763154,2.5601553039990854,-4.144098022238983
HOF ITEM
2.541648004718296
3.54130845171946,-0.8304311234758323,-2.5606240726613207,-7.0,1.2030777895325375,2.0911136453641808,-6.497173332676108,0.45495277390653693,-1.8024563996158856,0.9892612959763154,2.5601553039990854,-4.144098022238983
HOF ITEM
2.5416482025448683
3.54130845171946,-0.8304311234758323,-2.5606240726613207,-7.0,1.2030777895325375,2.0911136453641808,-6.865555604961985,0.7690899313408353,-1.8024563996158856,0.9892612959763154,2.5601553039990854,-4.144098022238983
HOF ITEM
2.5416687678636123
3.54130845171946,-0.8304311234758323,-2.5606240726613207,-7.0,1.2030777895325375,2.0911136453641808,-6.472114287474545,0.3859319631989096,-2.0545556598600117,0.9892612959763154,2.5601553039990854,-4.144098022238983
seed 675
Initial fitness values: [np.float64(3.4295473637552893), np.float64(3.1377919624095982), np.float64(2.9272009133747208), np.float64(2.7619517640676277), np.float64(2.7619517640676277), np.float64(2.7619517640676277), np.float64(2.761951764067626), np.float64(2.7619517640675726), np.float64(2.7619517640675726), np.float64(2.761951764067544)]
Final fitness values: [np.float64(2.3676485464668), np.float64(2.3676471595626785), np.float64(2.3676471595626785), np.float64(2.3676471595626705), np.float64(2.3673951249633207), np.float64(2.3669795312518263), np.float64(2.3669795312518263), np.float64(2.3669795312518263), np.float64(2.3669795312518245), np.float64(2.3669795312518245)]
HOF ITEM
2.3669795312518245
-5.141481027066786,1.5864698189739765,2.5385711045520947,-2.2180700599045085,-0.5284535760482116,-0.8741946665789551,6.346950232548081,1.298672933894729,-6.112280561061136,-3.8890651548166297,2.20390690738414,-0.7157362427167172
HOF ITEM
2.3669795312518245
-5.141481027066786,1.5864698189739765,2.5385711045520947,-2.2180700599045085,-0.5284535760482116,-0.8741946665789551,5.967743703089394,1.298672933894729,-6.112280561061136,-3.8890651548166297,2.20390690738414,-0.7157362427167172
HOF ITEM
2.3669795312518254
-5.141481027066786,1.5864698189739765,2.5385711045520947,-2.2180700599045085,-0.5284535760482116,-0.8741946665789551,6.346950232548081,1.0849375905073217,-6.112280561061136,-3.8890651548166297,2.20390690738414,-0.7157362427167172
HOF ITEM
2.3669795312518263
-5.141481027066786,1.5864698189739765,2.5385711045520947,-2.2180700599045085,-0.5284535760482116,-0.8741946665789551,5.967743703089394,1.0849375905073217,-6.495180781556796,-3.8890651548166297,2.20390690738414,-0.7157362427167172
HOF ITEM
2.3669795312518263
-5.141481027066786,1.5864698189739765,2.5385711045520947,-2.2180700599045085,-0.5284535760482116,-0.8741946665789551,5.967743703089394,1.0849375905073217,-6.112280561061136,-3.8890651548166297,2.20390690738414,-0.7157362427167172
seed 676
Initial fitness values: [np.float64(3.2329391584883287), np.float64(3.033885930598168), np.float64(2.8539322792106505), np.float64(2.8425947578999082), np.float64(2.8425947578999082), np.float64(2.8308081543825487), np.float64(2.8308081543825487), np.float64(2.8308081543825487), np.float64(2.8272582958588384), np.float64(2.826351199916722)]
Final fitness values: [np.float64(2.8155672431890792), np.float64(2.8155672431890792), np.float64(2.8155672431890792), np.float64(2.8155672431890792), np.float64(2.8155672431890792), np.float64(2.81556713926998), np.float64(2.815564864490355), np.float64(2.815559763776383), np.float64(2.815559763776383), np.float64(2.8155574364331573)]
HOF ITEM
2.8155574364331573
3.504779103219932,-0.21487040948798014,2.9920122219579306,-3.6259583157163857,7.0,1.1181395384692208,5.963080328068251,1.8551651123335586,-2.3528757425343274,1.6975098552571732,1.324218231389155,-5.497084745230817
HOF ITEM
2.8155596598513206
3.504779103219932,-0.21487040948798014,2.9920122219579306,-3.8731424181744973,7.0,1.1181395384692208,5.677280819390318,1.8236633591878353,-2.083891916331686,1.6975098552571732,1.325239042684605,-5.497084745230817
HOF ITEM
2.8155596598513206
3.504779103219932,-0.21487040948798014,2.9920122219579306,-3.8731424181744973,7.0,1.1181395384692208,5.677280819390318,1.8236633591878353,-2.070994398554947,1.6975098552571732,1.325239042684605,-5.497084745230817
HOF ITEM
2.8155596598513206
3.504779103219932,-0.21487040948798014,2.9920122219579306,-3.8731424181744973,7.0,1.1181395384692208,5.864148404888384,1.8551651123335586,-2.083891916331686,1.6975098552571732,1.325239042684605,-5.497084745230817
HOF ITEM
2.815559763776383
3.504779103219932,-0.21487040948798014,2.9920122219579306,-3.6737737322335264,7.0,1.1181395384692208,5.677280819390318,1.8551651123335586,-2.070994398554947,1.6975098552571732,1.325239042684605,-5.497084745230817
seed 677
Initial fitness values: [np.float64(2.9029166029969593), np.float64(2.9029166029969593), np.float64(2.6536703887572104), np.float64(2.6061742992102945), np.float64(2.5999689980358625), np.float64(2.474371275999275), np.float64(2.474371275999275), np.float64(2.449375488101321), np.float64(2.447877335773774), np.float64(2.446856465750641)]
Final fitness values: [np.float64(2.359874777465122), np.float64(2.3598694296187315), np.float64(2.3598680094580917), np.float64(2.3598585585677547), np.float64(2.359849362568169), np.float64(2.359849362568169), np.float64(2.359849265225816), np.float64(2.359849061926682), np.float64(2.3598446086097082), np.float64(2.3598446086097082)]
HOF ITEM
2.3598446086097082
-2.962326273801943,1.5753662595114302,5.111983579041151,0.030109771691876966,4.028148527996093,-7.0,5.555371587267198,2.8557511025474382,-1.3229441797713253,-1.688593940328082,2.820034056982975,-0.4523036994317376
HOF ITEM
2.359846400972258
-2.962326273801943,1.5753662595114302,4.522988956255517,-0.2900980616473998,4.1017820722351175,-7.0,5.837602796598846,3.0,-1.08374386106275,-1.688593940328082,2.820034056982975,-0.4523036994317376
HOF ITEM
2.3598489251355756
-2.962326273801943,1.5753662595114302,4.60424139503957,-0.38513477527171874,3.7973199012822345,-7.0,6.354778749264631,3.0,-1.08374386106275,-1.688593940328082,2.820034056982975,-0.4523036994317376
HOF ITEM
2.359849042053612
-2.962326273801943,1.5753662595114302,4.582942257389489,-0.2900980616473998,3.7973199012822345,-7.0,5.837602796598846,2.843506831544461,-1.3618257307681678,-1.688593940328082,2.820034056982975,-0.4523036994317376
HOF ITEM
2.359849042053612
-2.962326273801943,1.5753662595114302,4.582942257389489,-0.2900980616473998,3.7973199012822345,-7.0,5.837602796598846,3.0,-1.08374386106275,-1.688593940328082,2.820034056982975,-0.4523036994317376
seed 678
Initial fitness values: [np.float64(3.2680227194056526), np.float64(3.0657777135356596), np.float64(2.9453044241192927), np.float64(2.752923078013633), np.float64(2.752923078013633), np.float64(2.7395822388865643), np.float64(2.6103723674534214), np.float64(2.6103723674534214), np.float64(2.6103723674534214), np.float64(2.5830812358153654)]
Final fitness values: [np.float64(2.3769278311428894), np.float64(2.3769278311428894), np.float64(2.3769278311428894), np.float64(2.3769278311428894), np.float64(2.3769278311428894), np.float64(2.3769272930352385), np.float64(2.3769272930352385), np.float64(2.3769272928459846), np.float64(2.3769272928459846), np.float64(2.3769272928459846)]
HOF ITEM
2.3769272928459846
-5.888128369145316,1.5697638127528264,-0.08782698359026331,6.6249144690595125,2.7671710129303144,-3.112277318356423,1.092415755897214,0.9377705786675542,-6.792986987710781,-4.703541555798831,2.0255647057209054,-1.1257660342977112
HOF ITEM
2.3769272930352385
-5.888128369145316,1.5697638127528264,-0.08782698359026331,6.6249144690595125,2.7671710129303144,-3.112277318356423,1.092415755897214,0.9377705786675542,-6.6399093136836,-4.703541555798831,2.0255647057209054,-1.1257660342977112
HOF ITEM
2.3769273234486934
-5.888128369145316,1.5697638127528264,-0.08782698359026331,6.6249144690595125,2.7671710129303144,-3.112277318356423,0.8126942262665011,0.9948133891197325,-6.7600785456321395,-4.703541555798831,2.0255647057209054,-1.1257660342977112
HOF ITEM
2.376927557574222
-5.888128369145316,1.5697638127528264,-0.08782698359026331,6.6249144690595125,2.7671710129303144,-3.112277318356423,0.9253622868186381,0.9923107702511229,-6.74065138077266,-4.703541555798831,2.0255647057209054,-1.1257660342977112
HOF ITEM
2.3769278311428894
-5.888128369145316,1.5697638127528264,-0.08782698359026331,6.6249144690595125,2.7671710129303144,-3.112277318356423,1.092415755897214,0.9923107702511229,-6.792986987710781,-4.703541555798831,2.0255647057209054,-1.1257660342977112
seed 679
Initial fitness values: [np.float64(3.2715117544554944), np.float64(3.047699220773099), np.float64(2.7990278668228608), np.float64(2.736765033856251), np.float64(2.7131591666228143), np.float64(2.6691742124565927), np.float64(2.5478282347493266), np.float64(2.5464766926321816), np.float64(2.523416229513476), np.float64(2.4719150761298603)]
Final fitness values: [np.float64(2.361528841010476), np.float64(2.3615045013012317), np.float64(2.3615045013012317), np.float64(2.361502859470918), np.float64(2.361502859470918), np.float64(2.361502859470918), np.float64(2.3614940248601544), np.float64(2.361483448856255), np.float64(2.361483412794821), np.float64(2.361483412794821)]
HOF ITEM
2.361483412794821
-3.181740033723455,1.5859823724044622,-0.6436905933364536,-0.09990790576244424,3.234305577068995,-6.234593973034176,-3.0544569783256112,2.5485649466941793,-6.136852605192804,-1.8921809570529904,2.923138752332764,-0.4539031982407262
HOF ITEM
2.361483448856255
-3.181740033723455,1.5859823724044622,-0.6436905933364536,-0.09990790576244424,3.234305577068995,-6.234593973034176,-3.0544569783256112,2.5485649466941793,-6.001332629008215,-1.8921809570529904,2.923138752332764,-0.4539031982407262
HOF ITEM
2.3614906258420527
-3.181740033723455,1.5859823724044622,-0.6436905933364536,-0.25915794571866696,3.004115710150423,-6.234593973034176,-3.0544569783256112,2.5485649466941793,-6.001332629008215,-1.8921809570529904,2.923138752332764,-0.4539031982407262
HOF ITEM
2.3614940248601544
-3.181740033723455,1.5859823724044622,-0.6436905933364536,-0.25915794571866696,2.9871183350294888,-6.234593973034176,-3.0544569783256112,2.5485649466941793,-5.783418180079722,-1.8921809570529904,2.923138752332764,-0.4539031982407262
HOF ITEM
2.361494060151304
-3.181740033723455,1.5859823724044622,-0.6436905933364536,-0.25915794571866696,2.9871183350294888,-6.234593973034176,-3.0544569783256112,2.5485649466941793,-6.001332629008215,-1.8921809570529904,2.923138752332764,-0.4539031982407262
best parameter set
fitness 2.358956880910066 seed 679
-3.181366017648778,1.5845798849572588,-0.6432063229841826,-0.25950008139494796,3.004329623224831,-6.234656108284406,-3.0545753274078056,2.5485021989700045,-6.001593224894363,-1.8969662738438506,2.8329036386290567,-0.4540110433853277
