seeds are [830 831 832 833 834 835 836 837 838 839]
seed 830
Initial fitness values: [np.float64(5.301442158375345), np.float64(5.164960660629072), np.float64(5.164960660629072), np.float64(5.132869749991871), np.float64(5.122542464300788), np.float64(5.091795256790928), np.float64(5.087677745466287), np.float64(5.0531338295078925), np.float64(5.025703503419636), np.float64(5.012042879314228)]
Final fitness values: [np.float64(4.514610993380629), np.float64(4.514610993380629), np.float64(4.514607655206993), np.float64(4.514607588321239), np.float64(4.51460751057227), np.float64(4.514601718379716), np.float64(4.514601718379716), np.float64(4.514600522485296), np.float64(4.514600522485296), np.float64(4.514589354916074)]
HOF ITEM
4.514589354916074
3.9363621101015727,-0.9789784037623034,6.368975056618702,-3.4990254345229075,4.018097425754774,6.184537950971846,-1.2606832533410168,2.184142868338487,0.0,1.129453534927023,2.375142375296612,-1.962949316997545
HOF ITEM
4.514600522485296
3.9363621101015727,-0.9789784037623034,6.368975056618702,-3.4990254345229075,4.018097425754774,6.184537950971846,-1.145923388402457,2.184142868338487,-0.4185339685232046,1.129453534927023,2.375142375296612,-1.962949316997545
HOF ITEM
4.514601718379716
3.9363621101015727,-0.9789784037623034,6.368975056618702,-3.8217180279252347,4.018097425754774,6.184537950971846,-1.17187016735149,2.184142868338487,0.0,1.129453534927023,2.375142375296612,-1.962949316997545
HOF ITEM
4.514601718379716
3.9363621101015727,-0.9789784037623034,6.368975056618702,-3.8217180279252347,4.018097425754774,6.184537950971846,-1.2606832533410168,2.184142868338487,0.0,1.129453534927023,2.375142375296612,-1.962949316997545
HOF ITEM
4.51460191232869
3.9363621101015727,-0.9789784037623034,6.368975056618702,-3.8217180279252347,4.018097425754774,6.184537950971846,-1.17187016735149,2.7742648134637595,-0.01157986447455256,1.129453534927023,2.375142375296612,-1.962949316997545
seed 831
Initial fitness values: [np.float64(5.665398560691877), np.float64(5.52639464867088), np.float64(5.4251078380485875), np.float64(5.11067512254471), np.float64(5.047056883442282), np.float64(4.993992626336877), np.float64(4.993992626336877), np.float64(4.941892627221527), np.float64(4.916973254869643), np.float64(4.902930200740162)]
Final fitness values: [np.float64(4.517263246901255), np.float64(4.517263246901255), np.float64(4.517263246901255), np.float64(4.517263246901255), np.float64(4.517263246901255), np.float64(4.517263246901255), np.float64(4.517263246901255), np.float64(4.517263246901255), np.float64(4.517263246901255), np.float64(4.517263246901255)]
HOF ITEM
4.517263246901255
-4.176653997687827,2.1436635274560376,4.60804699975158,2.8780059396284785,4.0914617703625185,5.631078022840529,-5.607272083067358,2.2826904131450707,-3.296878230264305,-5.003002277230397,2.5051039369408956,-1.9324089429898028
HOF ITEM
4.517263247024048
-4.176653997687827,2.095736663901795,4.60804699975158,2.8780059396284785,4.0914617703625185,5.631078022840529,-5.607272083067358,2.2826904131450707,-3.296878230264305,-5.003002277230397,2.5051039369408956,-1.9324089429898028
HOF ITEM
4.51728416378348
-4.176653997687827,2.1436635274560376,4.60804699975158,2.877859883614268,4.0914617703625185,5.631078022840529,-5.607272083067358,2.2826904131450707,-3.296878230264305,-5.003002277230397,2.5051039369408956,-1.9324089429898028
HOF ITEM
4.517284163787551
-4.190078092188662,2.1436635274560376,4.60804699975158,2.877859883614268,4.0914617703625185,5.631078022840529,-5.607272083067358,2.2826904131450707,-3.296878230264305,-5.003002277230397,2.5051039369408956,-1.9324089429898028
HOF ITEM
4.517284163880951
-4.176653997687827,2.1436635274560376,4.60804699975158,2.877859883614268,4.0914617703625185,5.631078022840529,-5.4905824510557135,2.2826904131450707,-3.296878230264305,-5.003002277230397,2.5051039369408956,-1.9324089429898028
seed 832
Initial fitness values: [np.float64(6.066838206615004), np.float64(5.765433222965712), np.float64(5.060876151111093), np.float64(5.040177341940246), np.float64(4.9381979286619275), np.float64(4.932594932125367), np.float64(4.833538480930283), np.float64(4.833538480930283), np.float64(4.791879084328166), np.float64(4.733635527174654)]
Final fitness values: [np.float64(4.399704034677903), np.float64(4.399614512464108), np.float64(4.393271312911281), np.float64(4.393271312911281), np.float64(4.3878204831737), np.float64(4.387667670791334), np.float64(4.3861254899054), np.float64(4.3861254899054), np.float64(4.385678044262632), np.float64(4.385678044262632)]
HOF ITEM
4.385678044262632
1.7220282133265663,0.34459532417840527,-1.6271371594075095,-2.295925519256364,5.946963548675938,-2.1938684650242037,0.42451954530087543,1.4001069775503,-0.8298628589163405,1.1555652310581446,2.931463567748343,-0.6403228942581274
HOF ITEM
4.385711547515873
1.7220282133265663,0.34459532417840527,-1.6271371594075095,-2.295925519256364,5.946963548675938,-2.1938684650242037,0.42451954530087543,1.4001069775503,-0.6686029035236761,1.1555652310581446,2.931463567748343,-0.6403228942581274
HOF ITEM
4.385716205709926
1.7220282133265663,0.34459532417840527,-1.6271371594075095,-2.295925519256364,5.946963548675938,-2.1938684650242037,0.42451954530087543,1.4001069775503,-0.6481076291735121,1.1555652310581446,2.931463567748343,-0.6403228942581274
HOF ITEM
4.385730119125934
1.7220282133265663,0.34459532417840527,-1.6271371594075095,-2.295925519256364,5.946963548675938,-2.1938684650242037,0.42451954530087543,1.2336100481587349,-0.6481076291735121,1.1555652310581446,2.931463567748343,-0.6403228942581274
HOF ITEM
4.3858018312147244
1.7220282133265663,0.34459532417840527,-1.6271371594075095,-2.5248084477452397,5.946963548675938,-2.1938684650242037,0.4232796910642579,1.2336100481587349,-0.6481076291735121,1.1555652310581446,2.931463567748343,-0.6403228942581274
seed 833
Initial fitness values: [np.float64(5.51514484319325), np.float64(5.242337602256937), np.float64(5.228800431285524), np.float64(5.063652094400022), np.float64(5.050617981434273), np.float64(4.955907905728603), np.float64(4.869176324082591), np.float64(4.851562362963034), np.float64(4.850819419671726), np.float64(4.781716439521213)]
Final fitness values: [np.float64(4.336781109444523), np.float64(4.336781109444523), np.float64(4.336781109444523), np.float64(4.336781043658894), np.float64(4.336781043658894), np.float64(4.336781043658894), np.float64(4.336781043658894), np.float64(4.336781002973723), np.float64(4.3367809952398995), np.float64(4.3367809952398995)]
HOF ITEM
4.3367809952398995
1.366337024535959,0.5164802820149504,6.603376666389519,-3.99162226441097,4.869215925971386,1.7521741066568688,-6.176430216366323,2.8728416599727478,-3.4164421545470662,1.1071763583642826,3.0,-0.4711104448878574
HOF ITEM
4.336781002973723
1.366337024535959,0.5164802820149504,6.603376666389519,-3.99162226441097,4.869215925971386,1.7521741066568688,-5.873230277159942,2.8728416599727478,-3.343447339593267,1.1071763583642826,3.0,-0.4711104448878574
HOF ITEM
4.336781002973723
1.366337024535959,0.5164802820149504,6.603376666389519,-3.99162226441097,4.869215925971386,1.7521741066568688,-6.176430216366323,2.8728416599727478,-3.343447339593267,1.1071763583642826,3.0,-0.4711104448878574
HOF ITEM
4.336781002973723
1.366337024535959,0.5164802820149504,6.603376666389519,-3.99162226441097,4.869215925971386,1.7521741066568688,-5.6783039026789055,2.8728416599727478,-3.343447339593267,1.1071763583642826,3.0,-0.4711104448878574
HOF ITEM
4.336781031000049
1.366337024535959,0.5164802820149504,6.603376666389519,-3.99162226441097,4.869215925971386,1.7521741066568688,-5.963072647724308,2.8728416599727478,-3.1162325681396004,1.1071763583642826,3.0,-0.4711104448878574
seed 834
Initial fitness values: [np.float64(6.027543951600226), np.float64(5.733002413908705), np.float64(5.595719527357473), np.float64(5.0547962164668885), np.float64(5.0547962164668885), np.float64(4.940238250685915), np.float64(4.587118199271283), np.float64(4.587118199271283), np.float64(4.539986571802565), np.float64(4.386639797103742)]
Final fitness values: [np.float64(4.276560101416614), np.float64(4.276560101416598), np.float64(4.27655943738508), np.float64(4.27655943738508), np.float64(4.27655943738508), np.float64(4.27655943738508), np.float64(4.27655943738508), np.float64(4.275948918652691), np.float64(4.275948918652691), np.float64(4.275947858515471)]
HOF ITEM
4.275947858515471
-0.9605717873909904,1.3534207091428503,4.550775119021695,-4.605670298240322,-2.0688249814461517,3.588914934802976,2.9968214060094716,2.2889136013374562,-4.685058291285618,-0.2697694935834406,2.731345427857698,-5.108493639620437
HOF ITEM
4.275948918652691
-0.9605717873909904,1.3534207091428503,4.550775119021695,-4.692220425623746,-2.0688249814461517,3.588914934802976,3.3795642925731295,2.2889136013374562,-4.763788371471586,-0.2697694935834406,2.731345427857698,-5.108493639620437
HOF ITEM
4.275948918652691
-0.9605717873909904,1.3534207091428503,4.550775119021695,-4.692220425623746,-2.0688249814461517,3.588914934802976,2.9968214060094716,2.763255679645326,-5.079310632293384,-0.2697694935834406,2.731345427857698,-5.108493639620437
HOF ITEM
4.275948918652693
-0.9605717873909904,1.3534207091428503,4.550775119021695,-4.692220425623746,-2.0688249814461517,3.588914934802976,2.9968214060094716,2.2889136013374562,-4.685058291285618,-0.2697694935834406,2.731345427857698,-5.108493639620437
HOF ITEM
4.276559437385076
-0.9605717873909904,1.3479066221145526,4.550775119021695,-4.605670298240322,-2.0688249814461517,3.588914934802976,2.9968214060094716,2.763255679645326,-5.079310632293384,-0.2697694935834406,2.731345427857698,-5.108493639620437
seed 835
Initial fitness values: [np.float64(5.856943627924782), np.float64(5.256122513765708), np.float64(4.948980036002205), np.float64(4.8129065686289945), np.float64(4.387302663493665), np.float64(4.387302663493665), np.float64(4.333381328330832), np.float64(4.333381328330832), np.float64(4.324757898818211), np.float64(4.293984487274539)]
Final fitness values: [np.float64(4.2384862281072255), np.float64(4.2384862281072255), np.float64(4.2384862281072255), np.float64(4.2384862281072255), np.float64(4.2384862281072255), np.float64(4.2384862281072255), np.float64(4.2384862281072255), np.float64(4.2384862281072255), np.float64(4.231620409832939), np.float64(4.231620409832939)]
HOF ITEM
4.231620409832939
-1.4654262301689396,1.38293598771221,-2.6926811053240898,0.2908294667911516,-0.006851941385177598,2.111758937556043,0.05921336644358302,0.8076917173010092,-2.9668198727291153,-0.9369375755579034,2.2243524527215346,-5.54982976931899
HOF ITEM
4.2384862281072255
-1.3858884099775952,1.2864114810018565,-2.6926811053240898,0.2908294667911516,0.021675352517201096,2.111758937556043,0.05921336644358302,0.8076917173010092,-2.9668198727291153,-0.9369375755579034,2.1380618739879163,-5.54982976931899
HOF ITEM
4.238632210989624
-1.3858884099775952,1.2864114810018565,-2.6921460998616733,0.2908294667911516,0.021675352517201096,2.111758937556043,0.05921336644358302,0.8076917173010092,-2.9668198727291153,-0.9369375755579034,2.1380618739879163,-5.54982976931899
HOF ITEM
4.238791252390902
-1.3858884099775952,1.2864114810018565,-2.6926811053240898,0.2908294667911516,0.021675352517201096,2.111758937556043,0.05921336644358302,0.8076917173010092,-2.940219713222862,-0.9369375755579034,2.1380618739879163,-5.54982976931899
HOF ITEM
4.238980895463522
-1.3858884099775952,1.2864114810018565,-2.6926811053240898,0.2908294667911516,0.021675352517201096,2.111758937556043,0.05921336644358302,0.7687484099675508,-2.9668198727291153,-0.9369375755579034,2.1380618739879163,-5.54982976931899
seed 836
Initial fitness values: [np.float64(4.96490980476684), np.float64(4.96490980476684), np.float64(4.96490980476684), np.float64(4.623233827490586), np.float64(4.623233827490586), np.float64(4.398217545698619), np.float64(4.310371033541683), np.float64(4.310371033541683), np.float64(4.310371033541683), np.float64(4.306554737101653)]
Final fitness values: [np.float64(4.27515307308016), np.float64(4.27515307308016), np.float64(4.27515307308016), np.float64(4.27515307308016), np.float64(4.27515307308016), np.float64(4.27515307308016), np.float64(4.27515307308016), np.float64(4.27515307308016), np.float64(4.274680362907793), np.float64(4.274680362907793)]
HOF ITEM
4.274680362907793
-5.53932730909018,1.590423692108938,2.280042295816575,-1.0256411999835733,-6.268522836130343,-1.9440022967785113,-0.902057177512024,0.47668535259876393,-5.43587296643223,-4.6874939394199515,2.0899502250954756,-3.9032920151344275
HOF ITEM
4.275151393219288
-5.53932730909018,1.590423692108938,2.280042295816575,-1.1387992668655103,-6.268522836130343,-1.9440022967785113,-1.0924503393386638,0.0,-5.195970091889277,-4.6874939394199515,2.0899502250954756,-3.9032920151344275
HOF ITEM
4.27515307308016
-5.53932730909018,1.590423692108938,2.280042295816575,-1.1387992668655103,-6.268522836130343,-1.9440022967785113,-1.0924503393386638,0.0,-5.43587296643223,-4.6874939394199515,2.0899502250954756,-3.9032920151344275
HOF ITEM
4.2751579058593805
-5.53932730909018,1.590423692108938,2.4054594009924686,-1.0381548259061095,-6.3035794069146505,-1.9440022967785113,-1.0924503393386638,0.47730946084160797,-5.43587296643223,-4.6874939394199515,2.0899502250954756,-3.9389602558516916
HOF ITEM
4.275158124674775
-5.53932730909018,1.590423692108938,2.4054594009924686,-1.0381548259061095,-6.3035794069146505,-1.9440022967785113,-1.0924503393386638,0.47730946084160797,-5.199736460789752,-4.6874939394199515,2.0899502250954756,-3.9389602558516916
seed 837
Initial fitness values: [np.float64(5.544656816494582), np.float64(5.20338281717407), np.float64(5.20338281717407), np.float64(5.138051837903387), np.float64(5.128562689874175), np.float64(5.081920979359446), np.float64(5.081920979359446), np.float64(5.017439275839521), np.float64(5.017439275839521), np.float64(5.004202783252973)]
Final fitness values: [np.float64(4.572783321707039), np.float64(4.572783321707039), np.float64(4.572783321707039), np.float64(4.572783321707039), np.float64(4.572783321707039), np.float64(4.572783321707039), np.float64(4.572783321707039), np.float64(4.572783321707039), np.float64(4.572783321707039), np.float64(4.572783321707039)]
HOF ITEM
4.572783321707039
6.403434227363941,-1.5924804204595575,-2.3574133617006323,2.9785323777863706,1.3165067162359405,-0.04810151974568226,4.421083599039938,0.20771345134447708,-5.198159420124339,0.8153998872657263,1.9835789777124435,-3.752056339704116
HOF ITEM
4.575260781710254
6.403434227363941,-1.5924804204595575,-2.407715936350331,2.9991140811119497,1.2912476374889217,-0.13179167055983665,4.078799175331953,0.33312372572180066,-4.792782148451861,0.8153998872657263,1.9835789777124435,-3.752056339704116
HOF ITEM
4.576849309946022
6.403434227363941,-1.5924804204595575,-2.3574133617006323,2.9785323777863706,1.3165067162359405,-0.04810151974568226,4.6139812601597185,0.20771345134447708,-5.198159420124339,0.8153998872657263,1.9835789777124435,-3.752056339704116
HOF ITEM
4.5798069188401165
6.425812080915105,-1.5924804204595575,-2.3574133617006323,2.9785323777863706,1.3165067162359405,-0.04810151974568226,4.421083599039938,0.20771345134447708,-5.198159420124339,0.8153998872657263,1.9835789777124435,-3.752056339704116
HOF ITEM
4.580401274289651
6.403434227363941,-1.5924804204595575,-2.297874916858426,2.9785323777863706,1.3165067162359405,-0.04810151974568226,4.115869202481991,0.09368453577690136,-5.198159420124339,0.8153998872657263,1.9835789777124435,-3.752056339704116
seed 838
Initial fitness values: [np.float64(6.085652790730444), np.float64(5.890887048714827), np.float64(5.540451864491629), np.float64(5.41278734821341), np.float64(4.7199780607229), np.float64(4.613076838533205), np.float64(4.5948893961637385), np.float64(4.438135297125081), np.float64(4.4353501396359345), np.float64(4.430241446111337)]
Final fitness values: [np.float64(4.3043227303326), np.float64(4.3043227303326), np.float64(4.3043227303326), np.float64(4.3043227303326), np.float64(4.3043227303326), np.float64(4.3043227303326), np.float64(4.3043227303326), np.float64(4.3043227303326), np.float64(4.3043227303326), np.float64(4.3043227303326)]
HOF ITEM
4.3043227303326
0.8562241900141923,0.7421328024929793,-1.5445735956595739,-0.9803676136766419,2.688900861997781,-5.906851113485946,4.998240351636324,2.203408213144529,-3.062129762185526,0.9790292377966965,2.980933066650546,-0.45686135345857765
HOF ITEM
4.3043227303326
0.8562241900141923,0.7421328024929793,-1.5445735956595739,-0.9803676136766419,2.688900861997781,-5.906851113485946,4.998240351636324,2.4867021853921107,-3.062129762185526,0.9790292377966965,2.980933066650546,-0.45686135345857765
HOF ITEM
4.3043227303326
0.8562241900141923,0.7421328024929793,-1.5445735956595739,-0.9803676136766419,2.688900861997781,-5.906851113485946,4.961739184551091,2.4867021853921107,-3.062129762185526,0.9790292377966965,2.980933066650546,-0.45686135345857765
HOF ITEM
4.3043227303326
0.8562241900141923,0.7421328024929793,-1.5445735956595739,-0.9803676136766419,2.688900861997781,-5.906851113485946,4.961739184551091,2.429919416135182,-3.025836973261026,0.9790292377966965,2.980933066650546,-0.45686135345857765
HOF ITEM
4.3043227303326
0.8562241900141923,0.7421328024929793,-1.5445735956595739,-0.9803676136766419,2.688900861997781,-5.906851113485946,4.961739184551091,2.4867021853921107,-3.025836973261026,0.9790292377966965,2.980933066650546,-0.45686135345857765
seed 839
Initial fitness values: [np.float64(6.293934219869589), np.float64(5.96517271460166), np.float64(5.477376725651974), np.float64(5.327327766049642), np.float64(5.171058561958818), np.float64(5.171058561958818), np.float64(4.931918432632244), np.float64(4.931767929664988), np.float64(4.929021105371558), np.float64(4.917417058769018)]
Final fitness values: [np.float64(4.256359433585363), np.float64(4.25603264538811), np.float64(4.25603264538811), np.float64(4.254435151257029), np.float64(4.254347330018252), np.float64(4.254347330018252), np.float64(4.254347330018252), np.float64(4.254319563036948), np.float64(4.254277547230171), np.float64(4.2519636088856005)]
HOF ITEM
4.2519636088856005
-3.2084244508974202,1.583097245324187,4.5170670080224715,-3.5416720538242075,-6.650832533743194,-3.516481041229675,-6.553737163194943,2.365821957021819,-6.948238025287526,-2.0645554497364236,2.772972380363147,-2.6893389227901374
HOF ITEM
4.254054431887672
-3.2084244508974202,1.583097245324187,3.9049724142516746,-3.9396922691164504,-6.6502523341257955,-3.516481041229675,-6.553737163194943,2.365821957021819,-7.0,-2.0645554497364236,2.7684045574342506,-2.6893389227901374
HOF ITEM
4.254246744946826
-3.2084244508974202,1.583097245324187,4.240124341586909,-3.8383853675409045,-6.6502523341257955,-3.516481041229675,-6.553737163194943,2.365821957021819,-7.0,-2.0645554497364236,2.7684045574342506,-2.6893389227901374
HOF ITEM
4.254277547230171
-3.2084244508974202,1.583097245324187,4.282713916315842,-3.8383853675409045,-6.6502523341257955,-3.516481041229675,-6.553737163194943,2.365821957021819,-7.0,-2.0645554497364236,2.7684045574342506,-2.6893389227901374
HOF ITEM
4.254277547230171
-3.2084244508974202,1.583097245324187,4.282713916315842,-3.8383853675409045,-6.6502523341257955,-3.516481041229675,-6.088017163800834,2.365821957021819,-7.0,-2.0645554497364236,2.7684045574342506,-2.6893389227901374
best parameter set
fitness 4.218810601569466 seed 835
-1.3575699495857991,1.3263025938162643,-2.6840270520971865,0.2948365575653021,0.017507198197001344,2.094221153006054,0.037557542130261454,0.7968008373409048,-2.966731094230497,-0.9041094072062943,2.153488271022917,-5.547116454765592
