seeds are [240 241 242 243 244 245 246 247 248 249]
seed 240
Initial fitness values: [np.float64(3.516304001820194), np.float64(3.2918852112066617), np.float64(3.2150779036545085), np.float64(2.832683273948885), np.float64(2.793412010212178), np.float64(2.793412010212178), np.float64(2.6609209991573213), np.float64(2.659272265760738), np.float64(2.6230210832718193), np.float64(2.6145461935549594)]
Final fitness values: [np.float64(2.546044768571585), np.float64(2.546044768571585), np.float64(2.546044768571585), np.float64(2.546044768571585), np.float64(2.546044768571585), np.float64(2.542990241947137), np.float64(2.542990241947137), np.float64(2.542990241947137), np.float64(2.542990241947137), np.float64(2.54120348680312)]
HOF ITEM
2.54120348680312
6.570825274126524,-1.61053067473815,-1.9319742447712114,2.5232492940026514,-0.5116049041596051,1.7526094513695385,3.9142454232808532,2.525757647857686,-0.0469366376335229,0.79080267741616,2.4372167454806997,-6.230933269379888
HOF ITEM
2.542990241947137
6.570825274126524,-1.61053067473815,-1.9319742447712114,2.495032377343959,-0.5116049041596051,1.7339329339549656,4.148976664918743,2.641141969428653,0.0,0.79080267741616,2.4372167454806997,-6.181495798742513
HOF ITEM
2.542990241947137
6.570825274126524,-1.61053067473815,-1.9319742447712114,2.495032377343959,-0.5116049041596051,1.7339329339549656,3.538930154554691,2.525757647857686,0.0,0.79080267741616,2.4372167454806997,-6.181495798742513
HOF ITEM
2.542990241947137
6.570825274126524,-1.61053067473815,-1.9319742447712114,2.495032377343959,-0.5116049041596051,1.7339329339549656,3.538930154554691,2.525757647857686,-0.0469366376335229,0.79080267741616,2.4372167454806997,-6.181495798742513
HOF ITEM
2.542990241947137
6.570825274126524,-1.61053067473815,-1.9319742447712114,2.495032377343959,-0.5116049041596051,1.7339329339549656,3.538930154554691,2.641141969428653,0.0,0.79080267741616,2.4372167454806997,-6.181495798742513
seed 241
Initial fitness values: [np.float64(3.0981180815953975), np.float64(3.0027228513791604), np.float64(2.6674197123042154), np.float64(2.6674197123042154), np.float64(2.5129910746433697), np.float64(2.5129910746433697), np.float64(2.5031281300368944), np.float64(2.469589803229476), np.float64(2.468820005681046), np.float64(2.4659448768221672)]
Final fitness values: [np.float64(2.3647419276321453), np.float64(2.3647419276321453), np.float64(2.3647419276321453), np.float64(2.3647419276321453), np.float64(2.3647419276321453), np.float64(2.3647419276321453), np.float64(2.3647419276321453), np.float64(2.3647419276321453), np.float64(2.3647419276321453), np.float64(2.3646789198778553)]
HOF ITEM
2.3646789198778553
-4.393681571166838,1.6109010947734788,-2.5910644817748176,-7.0,0.8067917575539221,-0.7689927909157159,2.2636285638973526,2.8227837298481226,-6.257723638502621,-3.213538414835152,2.3810241822112683,-1.6711566730876757
HOF ITEM
2.3647419276321453
-4.393681571166838,1.6109010947734788,-2.5910644817748176,-7.0,0.7807174492906168,-0.7689927909157159,2.5773725695929643,2.8227837298481226,-6.257723638502621,-3.213538414835152,2.3810241822112683,-1.6711566730876757
HOF ITEM
2.3647419276321453
-4.393681571166838,1.6109010947734788,-2.5910644817748176,-7.0,0.7807174492906168,-0.7689927909157159,2.518044018915191,3.0,-6.257723638502621,-3.213538414835152,2.3810241822112683,-1.6711566730876757
HOF ITEM
2.3647419276321453
-4.393681571166838,1.6109010947734788,-2.5910644817748176,-7.0,0.7807174492906168,-0.7689927909157159,2.518044018915191,2.8227837298481226,-5.401886224396839,-3.213538414835152,2.3810241822112683,-1.6711566730876757
HOF ITEM
2.3647419276321453
-4.393681571166838,1.6109010947734788,-2.5910644817748176,-7.0,0.7807174492906168,-0.7689927909157159,2.518044018915191,3.0,-5.401886224396839,-3.213538414835152,2.3810241822112683,-1.6711566730876757
seed 242
Initial fitness values: [np.float64(2.880271398287706), np.float64(2.8314347198300798), np.float64(2.8314347198300798), np.float64(2.8239580986497925), np.float64(2.816306972751258), np.float64(2.8115915177541675), np.float64(2.801614256307163), np.float64(2.801614256307163), np.float64(2.801614256307163), np.float64(2.8014313319151793)]
Final fitness values: [np.float64(2.6026958294615463), np.float64(2.5891633462881583), np.float64(2.589163250383976), np.float64(2.5812412416829944), np.float64(2.581218674590755), np.float64(2.581218674590755), np.float64(2.546884443052701), np.float64(2.546884443052701), np.float64(2.5464896875715475), np.float64(2.5464896875715475)]
HOF ITEM
2.5464896875715475
5.221398157883145,-1.3327406680479532,6.4596498997615335,1.5556262621621082,6.9350723927276805,-4.10582836182582,-1.79204270389874,2.3971154540941733,-3.403816035782209,1.2889108908689162,2.4692443346613064,-0.4550122469543456
HOF ITEM
2.5464897554419483
5.221398157883145,-1.3327406680479532,6.4596498997615335,2.085615641989557,6.9350723927276805,-4.10582836182582,-1.79204270389874,2.3971154540941733,-3.403816035782209,1.2889108908689162,2.4692443346613064,-0.4550122469543456
HOF ITEM
2.5468718462509856
5.238454615909565,-1.3327406680479532,5.479115156696857,1.4309541583965724,6.909688226645801,-4.891002771227401,-1.3291215355960837,2.3411959062792116,-3.426809810828198,1.2889108908689162,2.4692443346613064,-0.4550122469543456
HOF ITEM
2.5468751538308214
5.238454615909565,-1.3327406680479532,6.4596498997615335,1.1101729628461523,6.215324239174075,-4.6203034799116685,-1.2346966203195562,2.3411959062792116,-3.426809810828198,1.2889108908689162,2.4692443346613064,-0.4550122469543456
HOF ITEM
2.546878872813951
5.238454615909565,-1.3327406680479532,6.231937183114033,1.111297230606395,6.8696656205645095,-4.578583755160591,-1.35085228157259,2.090853673229011,-3.426809810828198,1.2889108908689162,2.4692443346613064,-0.4550122469543456
seed 243
Initial fitness values: [np.float64(3.0446352319441834), np.float64(2.900274600817485), np.float64(2.8153566775156547), np.float64(2.8153566775156547), np.float64(2.768016608402782), np.float64(2.7185149759714813), np.float64(2.678354874425719), np.float64(2.670083230535721), np.float64(2.6368538096899687), np.float64(2.6368538096899687)]
Final fitness values: [np.float64(2.5405178420283887), np.float64(2.5405178420283887), np.float64(2.5405178420283887), np.float64(2.5405178420283887), np.float64(2.540512918593987), np.float64(2.540512918593987), np.float64(2.5405125514446505), np.float64(2.540494828498349), np.float64(2.540494828498349), np.float64(2.5404946979260083)]
HOF ITEM
2.5404946979260083
6.240973597411356,-1.547810271756277,-5.747572963697771,-6.816275542545069,3.5806786478865558,-1.5239290788209274,0.19870385689609094,3.0,-1.7268536557136696,1.027377982973395,2.493235879227696,-3.7086718707318647
HOF ITEM
2.540494828498349
6.240973597411356,-1.547810271756277,-5.747572963697771,-6.816275542545069,3.5806786478865558,-1.5239290788209274,0.19870385689609094,2.8622541718821015,-1.7268536557136696,1.027377982973395,2.493235879227696,-3.7086718707318647
HOF ITEM
2.5404950400109643
6.240973597411356,-1.547810271756277,-5.747572963697771,-6.816275542545069,3.5806786478865558,-1.5239290788209274,0.19870385689609094,3.0,-1.8837511712131751,1.027377982973395,2.493235879227696,-3.7086718707318647
HOF ITEM
2.5405076149429293
6.240973597411356,-1.547810271756277,-5.747572963697771,-7.0,3.957662740835632,-1.5239290788209274,0.19870385689609094,3.0,-1.8837511712131751,1.027377982973395,2.493235879227696,-3.7086718707318647
HOF ITEM
2.540507616457602
6.240973597411356,-1.547810271756277,-5.747572963697771,-7.0,3.957662740835632,-1.5239290788209274,0.19870385689609094,3.0,-1.8850697144224828,1.027377982973395,2.493235879227696,-3.7086718707318647
seed 244
Initial fitness values: [np.float64(3.3538467331829986), np.float64(3.018445153137966), np.float64(2.995089592603665), np.float64(2.995089592603665), np.float64(2.9270869927794743), np.float64(2.913189937192497), np.float64(2.8385577502810504), np.float64(2.78603828977844), np.float64(2.761276933532332), np.float64(2.6900414483294117)]
Final fitness values: [np.float64(2.5603491762325508), np.float64(2.5603491762325508), np.float64(2.56033085504905), np.float64(2.5563361677082312), np.float64(2.5563361677082312), np.float64(2.555417804493162), np.float64(2.5554173985595527), np.float64(2.553830762209519), np.float64(2.553830762209519), np.float64(2.5538305035042184)]
HOF ITEM
2.5538305035042184
4.575072532781565,-1.1738899003460974,-7.0,0.01227028126184726,6.985958879375678,-3.15402736752394,-1.5282002440697002,0.4984678974431568,-6.627186601807573,0.9755132693282883,2.2822772133337104,-3.3718109559811493
HOF ITEM
2.553830762209519
4.575072532781565,-1.1738899003460974,-7.0,0.01227028126184726,6.985958879375678,-3.15402736752394,-1.5282002440697002,0.4984678974431568,-6.707169690177981,0.9755132693282883,2.2822772133337104,-3.3718109559811493
HOF ITEM
2.5542088492743202
4.575072532781565,-1.1738899003460974,-7.0,0.0966511992952778,6.943124207996802,-3.15402736752394,-1.5282002440697002,0.4984678974431568,-6.627186601807573,0.9755132693282883,2.2822772133337104,-3.3718109559811493
HOF ITEM
2.5547356236379057
4.575072532781565,-1.1738899003460974,-7.0,0.01227028126184726,6.7049744577009385,-3.15402736752394,-1.5282002440697002,0.4984678974431568,-6.707169690177981,0.9755132693282883,2.2822772133337104,-3.3718109559811493
HOF ITEM
2.554761786712718
4.575072532781565,-1.1738899003460974,-6.999445182387264,0.3724875293052209,7.0,-3.15402736752394,-1.6135212837385422,0.01633866797252892,-6.3141503807495685,0.9755132693282883,2.2822772133337104,-3.3718109559811493
seed 245
Initial fitness values: [np.float64(3.007887986536973), np.float64(2.9750121173957087), np.float64(2.9341200275485266), np.float64(2.762189075469151), np.float64(2.7619927959175934), np.float64(2.7619829531329465), np.float64(2.7619518133065704), np.float64(2.7619518127718496), np.float64(2.761951812181409), np.float64(2.7619517640957936)]
Final fitness values: [np.float64(2.3583473702555624), np.float64(2.3583473702555624), np.float64(2.3583473702555615), np.float64(2.3583473702555615), np.float64(2.3583473702555615), np.float64(2.3583473702555615), np.float64(2.3583473702555615), np.float64(2.3583473702555615), np.float64(2.3583473702555615), np.float64(2.3583473702555615)]
HOF ITEM
2.3583473702555615
-3.5807019582310384,1.5868190723211009,-0.9564151417773317,4.315852832058463,1.3008832621349713,-2.0497392270927226,3.19274885547508,2.114296992125571,-4.0856079441400235,-2.374964072258196,2.7220778801142704,-1.739747240617186
HOF ITEM
2.3583473702555615
-3.5807019582310384,1.5868190723211009,-0.9564151417773317,4.315852832058463,1.3008832621349713,-2.0497392270927226,3.572279128429221,1.9717627465122938,-4.012475377624161,-2.374964072258196,2.7220778801142704,-1.739747240617186
HOF ITEM
2.3583473702555615
-3.5807019582310384,1.5868190723211009,-0.9564151417773317,4.315852832058463,1.3008832621349713,-2.0497392270927226,2.6998386458717794,2.4703640361090105,-4.012475377624161,-2.374964072258196,2.7220778801142704,-1.739747240617186
HOF ITEM
2.3583473702555615
-3.5807019582310384,1.5868190723211009,-0.9564151417773317,4.315852832058463,1.3008832621349713,-2.0497392270927226,2.6998386458717794,2.4703640361090105,-4.114558583934088,-2.374964072258196,2.7220778801142704,-1.739747240617186
HOF ITEM
2.3583473702555615
-3.5807019582310384,1.5868190723211009,-0.9564151417773317,4.315852832058463,1.3008832621349713,-2.0497392270927226,3.19274885547508,1.9975841080443364,-4.012475377624161,-2.374964072258196,2.7220778801142704,-1.739747240617186
seed 246
Initial fitness values: [np.float64(2.923992258060648), np.float64(2.9176510471635146), np.float64(2.8974897079522473), np.float64(2.747550946971364), np.float64(2.738815939468638), np.float64(2.7182973486259416), np.float64(2.65803873192423), np.float64(2.5402465569413164), np.float64(2.5402465569413164), np.float64(2.5402465569413164)]
Final fitness values: [np.float64(2.375768824272395), np.float64(2.375768824272395), np.float64(2.375768824272395), np.float64(2.375768824272395), np.float64(2.375768824272395), np.float64(2.375768824272395), np.float64(2.375768824272395), np.float64(2.375768824272395), np.float64(2.375768824272395), np.float64(2.375768824272395)]
HOF ITEM
2.375768824272395
-1.304138451530132,1.4131168833445462,-4.5088717948552475,-0.17750244620522607,-4.32527834397518,-3.1060623526882423,4.658086903481166,2.707351743723926,-5.547387944582274,-0.46279797747556584,2.9170145765662028,-5.0257557722897825
HOF ITEM
2.375768824272395
-1.304138451530132,1.4131168833445462,-4.5088717948552475,-0.17750244620522607,-4.32527834397518,-3.1060623526882423,4.586805736572877,2.9745677635925283,-5.381660385610667,-0.46279797747556584,2.9170145765662028,-5.0257557722897825
HOF ITEM
2.375768824272395
-1.304138451530132,1.4131168833445462,-4.5088717948552475,-0.17750244620522607,-4.32527834397518,-3.1060623526882423,4.658086903481166,2.707351743723926,-5.381660385610667,-0.46279797747556584,2.9170145765662028,-5.0257557722897825
HOF ITEM
2.375768824272395
-1.304138451530132,1.4131168833445462,-4.5088717948552475,-0.17750244620522607,-4.32527834397518,-3.1060623526882423,5.007367212972098,2.707351743723926,-5.381660385610667,-0.46279797747556584,2.9170145765662028,-5.0257557722897825
HOF ITEM
2.375768824272395
-1.304138451530132,1.4131168833445462,-4.5088717948552475,-0.17750244620522607,-4.32527834397518,-3.1060623526882423,5.007367212972098,2.707351743723926,-5.547387944582274,-0.46279797747556584,2.9170145765662028,-5.0257557722897825
seed 247
Initial fitness values: [np.float64(3.3473778678340524), np.float64(3.2501923718865324), np.float64(3.1529179025133462), np.float64(3.080827762618255), np.float64(2.912429441500943), np.float64(2.8914873402348342), np.float64(2.874461930549157), np.float64(2.8533706935412964), np.float64(2.8519232263881316), np.float64(2.8475612451768724)]
Final fitness values: [np.float64(2.555231594724062), np.float64(2.555231594724062), np.float64(2.555231594724062), np.float64(2.555231594724062), np.float64(2.555231594724062), np.float64(2.5551911788323283), np.float64(2.5551911788323283), np.float64(2.555186422167232), np.float64(2.555186422167232), np.float64(2.555186422167232)]
HOF ITEM
2.555186422167232
4.975688021765102,-1.2807443889578445,-5.485121154785862,1.0186579824088862,3.394306504757955,0.30693453150320715,4.0474731803749,2.928224483886235,-0.7173810700496814,0.7334837981763438,2.2101389863032748,-5.36422814349787
HOF ITEM
2.555186422167232
4.975688021765102,-1.2807443889578445,-5.485121154785862,1.0186579824088862,3.394306504757955,0.30693453150320715,3.913537540978747,2.928224483886235,-0.7173810700496814,0.7334837981763438,2.2101389863032748,-5.36422814349787
HOF ITEM
2.5551911788323283
4.975688021765102,-1.2807443889578445,-5.485121154785862,1.008888263599596,3.394306504757955,0.30693453150320715,4.260249272287199,2.860339825171485,-0.7222758135865815,0.7334837981763438,2.2101389863032748,-5.359899615636562
HOF ITEM
2.5551911788323283
4.975688021765102,-1.2807443889578445,-5.485121154785862,1.008888263599596,3.394306504757955,0.30693453150320715,3.913537540978747,2.860339825171485,-0.7222758135865815,0.7334837981763438,2.2101389863032748,-5.359899615636562
HOF ITEM
2.5551911788323283
4.975688021765102,-1.2807443889578445,-5.485121154785862,1.008888263599596,3.394306504757955,0.30693453150320715,4.0474731803749,2.928224483886235,-0.7173810700496814,0.7334837981763438,2.2101389863032748,-5.359899615636562
seed 248
Initial fitness values: [np.float64(3.1759244334351004), np.float64(3.060419548821981), np.float64(2.980977410962663), np.float64(2.8536641509544607), np.float64(2.8396694050937983), np.float64(2.8319105405495315), np.float64(2.8319105405495315), np.float64(2.8179985218744132), np.float64(2.8179985218744132), np.float64(2.8179985218744132)]
Final fitness values: [np.float64(2.8033792396389794), np.float64(2.8033792396389794), np.float64(2.8033792396389794), np.float64(2.8033792297078586), np.float64(2.8033792297078586), np.float64(2.803379227907432), np.float64(2.803379227907432), np.float64(2.803379227907432), np.float64(2.803379227907432), np.float64(2.803379227607775)]
HOF ITEM
2.803379227607775
6.181779304360105,-0.8895033787183527,-0.5757020550763705,-6.210430056623027,7.0,-2.485996481169793,0.6119240555071819,3.0,-4.120783922104394,1.7319647044895556,1.305848681818381,-3.614132706978216
HOF ITEM
2.803379227907432
6.181779304360105,-0.8895033787183527,-0.5757020550763705,-6.210430056623027,7.0,-2.485996481169793,0.6119240555071819,3.0,-3.8110869544209898,1.7319647044895556,1.305848681818381,-3.614132706978216
HOF ITEM
2.8033792280630045
6.181779304360105,-0.8895033787183527,-0.5757020550763705,-6.210430056623027,7.0,-2.485996481169793,0.6119240555071819,3.0,-3.6815773837693935,1.7319647044895556,1.305848681818381,-3.614132706978216
HOF ITEM
2.803379228474583
6.181779304360105,-0.8895033787183527,-0.5757020550763705,-6.210430056623027,7.0,-2.485996481169793,0.6119240555071819,3.0,-3.4029090249526237,1.7319647044895556,1.305848681818381,-3.614132706978216
HOF ITEM
2.8033792289570654
6.181779304360105,-0.8895033787183527,-0.5757020550763705,-6.280151751716832,7.0,-2.485996481169793,0.6119240555071819,3.0,-3.4029090249526237,1.7319647044895556,1.305848681818381,-3.614132706978216
seed 249
Initial fitness values: [np.float64(3.5279273501943096), np.float64(2.884628921551611), np.float64(2.8412945570695136), np.float64(2.7308661816467774), np.float64(2.7308661816040436), np.float64(2.701307513221357), np.float64(2.5558017921582468), np.float64(2.525982248764823), np.float64(2.525982248764823), np.float64(2.519918945870792)]
Final fitness values: [np.float64(2.3984099076661636), np.float64(2.398409898650921), np.float64(2.398409898650921), np.float64(2.3984022212881504), np.float64(2.3984022212881504), np.float64(2.3984022212881504), np.float64(2.3984022212881504), np.float64(2.3984022212881504), np.float64(2.3984021773055293), np.float64(2.3984021773055293)]
HOF ITEM
2.3984021773055293
0.7670112285076351,0.7830707223744213,-2.8564585602292354,-7.0,2.682485873332662,-5.565593930792199,-6.99187918995405,3.0,-3.656755559361896,0.9522545664367165,3.0,-0.4763742918118789
HOF ITEM
2.3984021773055293
0.7670112285076351,0.7830707223744213,-2.8564585602292354,-7.0,2.682485873332662,-5.565593930792199,-7.0,3.0,-3.656755559361896,0.9522545664367165,3.0,-0.4763742918118789
HOF ITEM
2.3984022212881504
0.7670112285076351,0.7830707223744213,-2.8564585602292354,-7.0,2.682485873332662,-5.565593930792199,-6.083026204274519,3.0,-4.133509835536639,0.9522545664367165,3.0,-0.4763742918118789
HOF ITEM
2.3984022212881504
0.7670112285076351,0.7830707223744213,-2.8564585602292354,-7.0,2.682485873332662,-5.565593930792199,-6.99187918995405,3.0,-4.133509835536639,0.9522545664367165,3.0,-0.4763742918118789
HOF ITEM
2.3984022212881504
0.7670112285076351,0.7830707223744213,-2.8564585602292354,-7.0,2.682485873332662,-5.565593930792199,-6.369218048059547,3.0,-4.133509835536639,0.9522545664367165,3.0,-0.4763742918118789
best parameter set
fitness 2.3569315099638413 seed 245
-3.580896859393244,1.5902416595031665,-0.9563499594717803,4.315790697192544,1.3009457170729166,-2.049804724039889,3.19274885547508,1.9975841080443364,-4.012475377624161,-2.375060694254755,2.7218889107149105,-1.7398028445136677
