seeds are [980 981 982 983 984 985 986 987 988 989]
seed 980
Initial fitness values: [np.float64(2.922521766111572), np.float64(2.86137097111029), np.float64(2.8522994233287546), np.float64(2.8282355673689814), np.float64(2.821339472339079), np.float64(2.817289948847537), np.float64(2.8146536334156957), np.float64(2.8117510290257473), np.float64(2.8117510290257473), np.float64(2.8117510290257473)]
Final fitness values: [np.float64(2.807500247734393), np.float64(2.807500247734393), np.float64(2.807500247734393), np.float64(2.806748143540176), np.float64(2.806748143540176), np.float64(2.8065016620033694), np.float64(2.80649858855797), np.float64(2.806492657396202), np.float64(2.8052418323019186), np.float64(2.8052418323019186)]
HOF ITEM
2.8052418323019186
4.726977730036825,-0.5790011248811705,4.81840269364425,-2.498876236801922,-5.23175744086139,-6.341972646037794,3.4577861448902825,0.7798281752139898,-7.0,1.6649277618194185,1.3227752305305092,-3.264447444226923
HOF ITEM
2.8052425524827322
4.726977730036825,-0.5790011248811705,4.984211702882643,-2.1930864731272046,-5.23175744086139,-6.341972646037794,3.4577861448902825,0.7798281752139898,-7.0,1.6649277618194185,1.3227752305305092,-3.264447444226923
HOF ITEM
2.8052429890915818
4.726977730036825,-0.5790011248811705,4.81840269364425,-2.2967520602682217,-5.23175744086139,-6.341972646037794,3.4577861448902825,0.7798281752139898,-7.0,1.6649277618194185,1.3227752305305092,-3.264447444226923
HOF ITEM
2.8059752806109897
4.726977730036825,-0.5790011248811705,4.81840269364425,-2.2967520602682217,-5.531189019386721,-6.540486386858238,3.211704281197923,0.7778075563991209,-7.0,1.6655158640761094,1.3227752305305092,-3.780570615632918
HOF ITEM
2.8059762542119513
4.726977730036825,-0.5790011248811705,4.81840269364425,-2.2967520602682217,-5.531189019386721,-6.540486386858238,4.612618456175733,0.7778075563991209,-7.0,1.6655158640761094,1.3227752305305092,-3.780570615632918
seed 981
Initial fitness values: [np.float64(3.330014728618333), np.float64(3.1952865455881123), np.float64(2.9423711608828613), np.float64(2.882043543753473), np.float64(2.862904290245204), np.float64(2.842071440348927), np.float64(2.823177593917703), np.float64(2.823168339736548), np.float64(2.8152841280824514), np.float64(2.812157227341979)]
Final fitness values: [np.float64(2.8099636259321956), np.float64(2.8099625945053512), np.float64(2.809961803139461), np.float64(2.809961803139461), np.float64(2.8099612272042984), np.float64(2.809961041917245), np.float64(2.809961041917245), np.float64(2.809961041917245), np.float64(2.8099607397743256), np.float64(2.8099607397743256)]
HOF ITEM
2.8099607397743256
4.417918580278245,-0.49104215870849377,7.0,-1.2205372813132884,3.5833719698139133,-4.546899673128799,0.3468187772007392,1.014796439766603,-5.0473587803566655,1.7517521652255645,1.3393264891169705,-5.674348785974415
HOF ITEM
2.8099609979521665
4.417918580278245,-0.49104215870849377,7.0,-1.2205372813132884,3.492085140561999,-4.630842107753238,0.3468187772007392,1.014796439766603,-5.0473587803566655,1.7517521652255645,1.3393264891169705,-5.674348785974415
HOF ITEM
2.809961028775521
4.417918580278245,-0.49104215870849377,7.0,-1.13211704944819,3.492085140561999,-4.630842107753238,0.36597937700010486,0.5832565778072443,-5.0473587803566655,1.7517521652255645,1.3393264891169705,-5.674348785974415
HOF ITEM
2.809961032279218
4.417918580278245,-0.49104215870849377,7.0,-0.8553758983066984,3.492085140561999,-4.630842107753238,0.3468187772007392,1.1292865632519997,-4.872124151235854,1.7517521652255645,1.3393264891169705,-5.674348785974415
HOF ITEM
2.809961041917245
4.417918580278245,-0.49104215870849377,7.0,-0.8553758983066984,3.492085140561999,-4.630842107753238,0.3468187772007392,1.014796439766603,-5.0473587803566655,1.7517521652255645,1.3393264891169705,-5.674348785974415
seed 982
Initial fitness values: [np.float64(3.5097215543143148), np.float64(3.2845908383695592), np.float64(3.049328099487543), np.float64(2.991054914552144), np.float64(2.811213829448689), np.float64(2.792533765692791), np.float64(2.5386480254781536), np.float64(2.5386480254781536), np.float64(2.5189951337478864), np.float64(2.4472555588972638)]
Final fitness values: [np.float64(2.3730289406334446), np.float64(2.3730289406334446), np.float64(2.3730287488270116), np.float64(2.3730287488270116), np.float64(2.3730287487484985), np.float64(2.373027724890447), np.float64(2.373027724890447), np.float64(2.373027724890447), np.float64(2.373027724890447), np.float64(2.373027724890447)]
HOF ITEM
2.373027724890447
-0.8588015609339261,1.340136250860042,0.09930720579245289,-0.6160642116910373,6.845146691533472,-6.336444504633685,-5.061104408844352,3.0,-3.494919899656775,0.1198916655162952,2.955027851232827,-0.4529399382700992
HOF ITEM
2.3730277249122653
-0.8588015609339261,1.340136250860042,0.09930720579245289,-0.6160642116910373,6.845146691533472,-6.336444504633685,-4.783366486538874,3.0,-3.4925099238479156,0.1198916655162952,2.955027851232827,-0.4529399382700992
HOF ITEM
2.3730277249122653
-0.8588015609339261,1.340136250860042,0.09930720579245289,-0.6160642116910373,6.845146691533472,-6.336444504633685,-5.061104408844352,3.0,-3.4925099238479156,0.1198916655162952,2.955027851232827,-0.4529399382700992
HOF ITEM
2.373028479055538
-0.8588015609339261,1.340136250860042,0.41722963473920033,-0.8941781428192457,6.655927970255217,-6.0023548553848975,-4.783366486538874,2.965400871163643,-3.3693561566292356,0.1198916655162952,2.955027851232827,-0.4529399382700992
HOF ITEM
2.3730284837806
-0.8588015609339261,1.340136250860042,0.41722963473920033,-0.8941781428192457,6.655927970255217,-6.0023548553848975,-4.8250370720838385,3.0,-3.5546577599249316,0.1198916655162952,2.955027851232827,-0.4529399382700992
seed 983
Initial fitness values: [np.float64(3.219351740712689), np.float64(2.8489512977949767), np.float64(2.8486929198331383), np.float64(2.644391328182345), np.float64(2.6333113424215187), np.float64(2.61763232394424), np.float64(2.610967141689227), np.float64(2.5863582523700996), np.float64(2.5693978489553455), np.float64(2.5636802238648952)]
Final fitness values: [np.float64(2.4484002050272897), np.float64(2.4484002050272897), np.float64(2.4484002050272897), np.float64(2.4484002050272897), np.float64(2.4484002050272897), np.float64(2.448400201002973), np.float64(2.448400199794624), np.float64(2.4483994480106537), np.float64(2.4483994480106537), np.float64(2.4483994480106537)]
HOF ITEM
2.4483994480106537
1.9242412404920368,0.2644437719961973,2.739928146487114,-6.493757654324162,3.1503024889551687,4.366014377960006,2.5272533417724485,2.2189288713202857,-0.749759039637639,1.1275313811356775,3.0,-1.8564867873553617
HOF ITEM
2.4483995657047863
1.9242412404920368,0.2644437719961973,2.739928146487114,-6.559318160936883,3.1503024889551687,4.366014377960006,2.691322938772968,2.2189288713202857,-0.9594445001646905,1.1275313811356775,3.0,-1.8564867873553617
HOF ITEM
2.4483995670065717
1.9242412404920368,0.2644437719961973,2.739928146487114,-6.559318160936883,3.1503024889551687,4.366014377960006,2.5713789871343735,2.2189288713202857,-0.674348012547947,1.1275313811356775,3.0,-1.8564867873553617
HOF ITEM
2.448399571978368
1.9242412404920368,0.2644437719961973,2.739928146487114,-6.559318160936883,3.1503024889551687,4.366014377960006,2.4440079467753826,2.2189288713202857,-0.674348012547947,1.1275313811356775,3.0,-1.8564867873553617
HOF ITEM
2.4484000559629235
1.9242412404920368,0.2644437719961973,2.739928146487114,-6.8819881936511305,3.1503024889551687,4.366014377960006,2.790630939103944,2.2189288713202857,-0.9594445001646905,1.1275313811356775,3.0,-1.8564867873553617
seed 984
Initial fitness values: [np.float64(3.6941302413290984), np.float64(3.4866610539761416), np.float64(3.4640235357363074), np.float64(3.2831855161543726), np.float64(3.10756419791653), np.float64(3.038097056778569), np.float64(2.9716052457927975), np.float64(2.878138186611336), np.float64(2.8703848143762354), np.float64(2.8655032902376343)]
Final fitness values: [np.float64(2.8280701532509607), np.float64(2.8278389011977447), np.float64(2.8272960241787954), np.float64(2.8272960241787954), np.float64(2.8268065352492417), np.float64(2.826767950422399), np.float64(2.8264884752132398), np.float64(2.82625112911433), np.float64(2.82625112911433), np.float64(2.8248186129621278)]
HOF ITEM
2.8248186129621278
0.9214804185412963,0.938337380112723,-2.1521316843287823,3.184770768320342,3.1855144973379943,-5.521827113417835,1.42399629717326,3.0,-4.0939727214176,1.404818196736066,1.3199708280379414,-3.107936924529095
HOF ITEM
2.8252358537229982
0.9436430096628755,0.9279096218181931,-2.0756356007032144,3.0473631184848236,3.6372350767464123,-5.089455331524911,1.42399629717326,3.0,-4.0939727214176,1.404818196736066,1.3199708280379414,-2.698739638105973
HOF ITEM
2.826051024775685
0.9214804185412963,0.938337380112723,-2.1521316843287823,3.2233042434857104,3.6372350767464123,-5.521827113417835,1.42399629717326,3.0,-4.0939727214176,1.404818196736066,1.3199708280379414,-2.9296331216623286
HOF ITEM
2.8260831038851038
0.9544073331545364,0.9078518176019464,-2.1521316843287823,3.184770768320342,3.3472973968139597,-5.262076451141288,1.42399629717326,2.741329665274267,-3.5279899830819716,1.404818196736066,1.3199708280379414,-3.095881664771982
HOF ITEM
2.8261811274799884
0.9214804185412963,0.938337380112723,-2.1521316843287823,3.2233042434857104,3.1855144973379943,-5.262076451141288,1.42399629717326,3.0,-3.782354208127452,1.404818196736066,1.3199708280379414,-3.107936924529095
seed 985
Initial fitness values: [np.float64(3.4967444584354994), np.float64(3.4950731421872594), np.float64(2.855761880719961), np.float64(2.854227035695561), np.float64(2.850001870211817), np.float64(2.8451548995372233), np.float64(2.845154019244166), np.float64(2.8383362837594994), np.float64(2.8262374877584655), np.float64(2.8257230765762458)]
Final fitness values: [np.float64(2.8054063704958434), np.float64(2.8054063704958434), np.float64(2.8054063704958434), np.float64(2.8054063704958434), np.float64(2.8054063704958434), np.float64(2.8054063704958434), np.float64(2.8054063704958434), np.float64(2.8054063704958434), np.float64(2.8054063704958434), np.float64(2.8054063704958434)]
HOF ITEM
2.8054063704958434
5.4892504690588115,-0.7506966034621162,0.34885143618187825,-1.5136865562399775,-0.32248331799536234,-6.57417246388663,4.553098912557687,3.0,-3.979661773658023,1.7712144388429056,1.308736687932537,-5.943229183811491
HOF ITEM
2.8054063704958434
5.4892504690588115,-0.7506966034621162,0.34885143618187825,-1.5136865562399775,-0.32248331799536234,-6.57417246388663,4.462195124134108,3.0,-3.982735877918497,1.7712144388429056,1.308736687932537,-5.943229183811491
HOF ITEM
2.8054063704958434
5.4892504690588115,-0.7506966034621162,0.34885143618187825,-1.5136865562399775,-0.32248331799536234,-6.57417246388663,4.462195124134108,3.0,-3.979661773658023,1.7712144388429056,1.308736687932537,-5.943229183811491
HOF ITEM
2.805406441341149
5.4892504690588115,-0.7506966034621162,0.34885143618187825,-1.983647286539161,-0.3752478462315029,-6.57417246388663,4.513518112693443,3.0,-3.8998954767322225,1.7712144388429056,1.308736687932537,-5.943229183811491
HOF ITEM
2.80540646815375
5.4892504690588115,-0.7506966034621162,0.11231674969415903,-1.5136865562399775,-0.16327914278710803,-6.57417246388663,4.270581474940742,3.0,-3.979661773658023,1.7712144388429056,1.308736687932537,-5.943229183811491
seed 986
Initial fitness values: [np.float64(3.261543238487728), np.float64(2.9896964401039625), np.float64(2.87790673222718), np.float64(2.8589186043020653), np.float64(2.845642893718737), np.float64(2.8289152120885444), np.float64(2.8289152120885444), np.float64(2.8267095746390334), np.float64(2.8210411073420723), np.float64(2.8199605956518985)]
Final fitness values: [np.float64(2.7968179004000238), np.float64(2.7968179004000238), np.float64(2.7968179004000238), np.float64(2.7915595025051236), np.float64(2.7915595025051236), np.float64(2.7915595025051236), np.float64(2.7915358772057126), np.float64(2.7905118424771915), np.float64(2.790343943759728), np.float64(2.790343943759728)]
HOF ITEM
2.790343943759728
4.65675150593717,-0.5789413705406815,1.8159457828113585,-6.4514032255192975,-1.6520528325740607,-5.681405926722191,-1.0761853234268597,0.5440722915140722,0.0,1.6445206932893253,1.3771045440049128,-1.5366981847509658
HOF ITEM
2.7905118424771915
4.65675150593717,-0.5789413705406815,1.918999560721528,-6.502267410804959,-1.7787872082937504,-5.694765352571326,-2.0774867835063957,0.5440722915140722,0.0,1.6445206932893253,1.3771045440049128,-1.5310866248695905
HOF ITEM
2.7905118424771915
4.65675150593717,-0.5789413705406815,1.918999560721528,-6.502267410804959,-1.7787872082937504,-5.694765352571326,-1.669084755007898,0.5440722915140722,0.0,1.6445206932893253,1.3771045440049128,-1.5310866248695905
HOF ITEM
2.7905118424771915
4.65675150593717,-0.5789413705406815,1.918999560721528,-6.502267410804959,-1.7787872082937504,-5.694765352571326,-1.5106343598679421,0.5440722915140722,0.0,1.6445206932893253,1.3771045440049128,-1.5310866248695905
HOF ITEM
2.7905493068865015
4.65675150593717,-0.5789413705406815,1.918999560721528,-6.227470231900207,-2.0953210667768953,-5.961706601333985,-1.669084755007898,0.5440722915140722,0.0,1.6445206932893253,1.3771045440049128,-1.5310866248695905
seed 987
Initial fitness values: [np.float64(2.5899999875152058), np.float64(2.5899999875152058), np.float64(2.5899999875152058), np.float64(2.5899999875152058), np.float64(2.4499369865630856), np.float64(2.4499369865630856), np.float64(2.427901788228474), np.float64(2.4277692466144893), np.float64(2.4243044168210446), np.float64(2.4180836128753436)]
Final fitness values: [np.float64(2.3631431809726324), np.float64(2.3631431809726324), np.float64(2.3631431809726324), np.float64(2.3631431809726324), np.float64(2.3631431809726324), np.float64(2.3631431809726324), np.float64(2.3631431809726324), np.float64(2.3631431809726324), np.float64(2.3631431809726324), np.float64(2.3631431809726324)]
HOF ITEM
2.3631431809726324
-3.3994781958749023,1.5760062137113666,1.6526026875161666,0.5642004430336957,-5.897938691940309,-4.360735102916059,0.9210298149744802,2.8162300736684025,-4.7437319683832015,-2.1886425065651283,2.751872926616328,-1.635057252237277
HOF ITEM
2.3631431809726324
-3.3994781958749023,1.5760062137113666,1.6526026875161666,0.5642004430336957,-5.897938691940309,-4.360735102916059,0.8460829671840535,3.0,-5.203252740950795,-2.1886425065651283,2.751872926616328,-1.635057252237277
HOF ITEM
2.3631431809726324
-3.3994781958749023,1.5760062137113666,1.6526026875161666,0.5642004430336957,-5.897938691940309,-4.360735102916059,0.9210298149744802,3.0,-4.8200813284867605,-2.1886425065651283,2.751872926616328,-1.635057252237277
HOF ITEM
2.3631431809726324
-3.3994781958749023,1.5760062137113666,1.6526026875161666,0.5642004430336957,-5.897938691940309,-4.360735102916059,0.9210298149744802,3.0,-5.203252740950795,-2.1886425065651283,2.751872926616328,-1.635057252237277
HOF ITEM
2.3631431809726324
-3.3994781958749023,1.5760062137113666,1.6526026875161666,0.5642004430336957,-5.897938691940309,-4.360735102916059,0.8460829671840535,2.8162300736684025,-4.7437319683832015,-2.1886425065651283,2.751872926616328,-1.635057252237277
seed 988
Initial fitness values: [np.float64(3.4562695421490925), np.float64(2.94146578381556), np.float64(2.9253970145375234), np.float64(2.8917307672782897), np.float64(2.844028774363713), np.float64(2.7053730192520895), np.float64(2.7053730192520895), np.float64(2.7053730192520895), np.float64(2.646250569145044), np.float64(2.646250569145044)]
Final fitness values: [np.float64(2.3872674437104515), np.float64(2.3872674437104515), np.float64(2.3872674437104515), np.float64(2.3872674437104515), np.float64(2.3872674437104515), np.float64(2.3872674437104515), np.float64(2.3866463935412603), np.float64(2.3866463935412603), np.float64(2.3866463935412603), np.float64(2.3866463935412603)]
HOF ITEM
2.3866463935412603
-6.582962613570655,1.5684512135262394,7.0,-7.0,2.75602434340906,5.395795260685808,-5.470029099932888,2.7520621488946384,-4.495573350141033,-5.608945814465547,1.8678593716352747,-2.386811840716087
HOF ITEM
2.3866463935412603
-6.582962613570655,1.5684512135262394,7.0,-7.0,2.75602434340906,5.395795260685808,-5.470029099932888,2.7520621488946384,-5.036102070681303,-5.608945814465547,1.8678593716352747,-2.386811840716087
HOF ITEM
2.3866463935412603
-6.582962613570655,1.5684512135262394,7.0,-7.0,2.75602434340906,5.395795260685808,-5.470029099932888,2.9695084027743395,-4.495573350141033,-5.608945814465547,1.8678593716352747,-2.386811840716087
HOF ITEM
2.3872674437104515
-6.582962613570655,1.5684512135262394,7.0,-7.0,2.75602434340906,5.395795260685808,-5.470029099932888,2.9560158626792825,-5.036102070681303,-5.608945814465547,1.8811833384307897,-2.3610873720008034
HOF ITEM
2.3872674437104515
-6.582962613570655,1.5684512135262394,7.0,-7.0,2.75602434340906,5.395795260685808,-5.470029099932888,2.7520621488946384,-4.003497971684988,-5.608945814465547,1.8811833384307897,-2.3610873720008034
seed 989
Initial fitness values: [np.float64(2.8766413394886996), np.float64(2.8766413394886996), np.float64(2.8766413394886996), np.float64(2.815976492632441), np.float64(2.7925139990724603), np.float64(2.613785830918732), np.float64(2.612560021794815), np.float64(2.5797013761933805), np.float64(2.4911590847794054), np.float64(2.4302190295735535)]
Final fitness values: [np.float64(2.372653946582984), np.float64(2.372653946582984), np.float64(2.3724214063673195), np.float64(2.3724214063673195), np.float64(2.3723965284475597), np.float64(2.3723653834305636), np.float64(2.3723653834305636), np.float64(2.3723653834305636), np.float64(2.3723653834305636), np.float64(2.3723653834305636)]
HOF ITEM
2.3723653834305636
-5.6613343361918655,1.5821322224452552,1.640235178501507,-4.1401524553430376,-5.42879829610611,1.6581224658079408,-4.816104371753433,2.230069373254302,-5.174326747023032,-5.151665420652516,2.0809991550845486,-6.605655430137307
HOF ITEM
2.3723653834305636
-5.6613343361918655,1.5821322224452552,1.640235178501507,-4.1401524553430376,-5.42879829610611,1.6581224658079408,-4.732076149143552,2.1892993274510673,-5.174326747023032,-5.151665420652516,2.0809991550845486,-6.605655430137307
HOF ITEM
2.3723653834305636
-5.6613343361918655,1.5821322224452552,1.640235178501507,-4.1401524553430376,-5.42879829610611,1.6581224658079408,-4.816104371753433,2.6071927038870393,-5.174326747023032,-5.151665420652516,2.0809991550845486,-6.605655430137307
HOF ITEM
2.3723653834305636
-5.6613343361918655,1.5821322224452552,1.640235178501507,-4.1401524553430376,-5.42879829610611,1.6581224658079408,-4.732076149143552,2.230069373254302,-5.174326747023032,-5.151665420652516,2.0809991550845486,-6.605655430137307
HOF ITEM
2.3723653834305636
-5.6613343361918655,1.5821322224452552,1.640235178501507,-4.1401524553430376,-5.42879829610611,1.6581224658079408,-4.816104371753433,2.1892993274510673,-5.174326747023032,-5.151665420652516,2.0809991550845486,-6.605655430137307
best parameter set
fitness 2.358129534255656 seed 987
-3.399538849471057,1.5864923256408017,1.652685167679279,0.5641180991701152,-5.89761219147121,-4.3610617352097725,0.8460829671840535,3.0,-5.203252740950795,-2.188315666629072,2.750969511972691,-1.6355499756364518
