seeds are [700 701 702 703 704 705 706 707 708 709]
seed 700
Initial fitness values: [np.float64(3.275967174356781), np.float64(3.0886314578754153), np.float64(2.892887663912144), np.float64(2.876665167632957), np.float64(2.6422007086771124), np.float64(2.6422007086771124), np.float64(2.6020164236664165), np.float64(2.574133421673808), np.float64(2.5244071567760518), np.float64(2.4670485070002925)]
Final fitness values: [np.float64(2.3755724511396052), np.float64(2.3755724511396052), np.float64(2.375569225386211), np.float64(2.3755692122920062), np.float64(2.3755692122920062), np.float64(2.3755692122920062), np.float64(2.3755692122920062), np.float64(2.3755692122920062), np.float64(2.3755692122920062), np.float64(2.3755692122920062)]
HOF ITEM
2.3755692122920062
-5.638275643462211,1.5791209339103154,2.781983121470384,-6.424555075142517,1.1255177440482134,3.3885299818852324,3.8600941041233976,0.3559484675718883,-5.057007559187868,-4.584712836644597,2.052881330026425,-2.154177078648672
HOF ITEM
2.3755692122921928
-5.638275643462211,1.5791209339103154,2.781983121470384,-6.424555075142517,1.1255177440482134,3.3885299818852324,3.8600941041233976,0.3559484675718883,-5.225157179932887,-4.584712836644597,2.052881330026425,-2.154177078648672
HOF ITEM
2.3755692123929024
-5.638275643462211,1.5791209339103154,2.781983121470384,-6.424555075142517,1.1255177440482134,3.3885299818852324,3.55718761759871,0.3559484675718883,-5.057007559187868,-4.584712836644597,2.052881330026425,-2.154177078648672
HOF ITEM
2.3755692123931857
-5.638275643462211,1.5791209339103154,2.781983121470384,-6.424555075142517,1.1255177440482134,3.3885299818852324,3.55718761759871,0.3559484675718883,-5.225157179932887,-4.584712836644597,2.052881330026425,-2.154177078648672
HOF ITEM
2.3755692127164214
-5.638275643462211,1.5791209339103154,2.781983121470384,-6.424555075142517,1.1255177440482134,3.3885299818852324,3.8600941041233976,0.2662646601740855,-5.057007559187868,-4.584712836644597,2.052881330026425,-2.154177078648672
seed 701
Initial fitness values: [np.float64(3.15319024605984), np.float64(2.9366736872205017), np.float64(2.935028908046907), np.float64(2.770545749791033), np.float64(2.7614304289025307), np.float64(2.6870898202999167), np.float64(2.6043381123248937), np.float64(2.5444506574036607), np.float64(2.499771628262077), np.float64(2.4794103871765905)]
Final fitness values: [np.float64(2.3618838718488187), np.float64(2.3618838718488187), np.float64(2.3618838718488187), np.float64(2.3618838718488187), np.float64(2.3618838718488187), np.float64(2.3618838718488187), np.float64(2.3618838718488187), np.float64(2.3618838718488187), np.float64(2.3618838718488187), np.float64(2.3616804892165746)]
HOF ITEM
2.3616804892165746
-2.738914638811106,1.5635597793876963,3.272190387278072,-0.47717301664562767,-1.2645592286362395,-4.542878383905851,5.6743131766770345,2.0221076559474302,-1.5398495083075048,-1.4786093144563845,2.817574706623695,-0.4664047493940444
HOF ITEM
2.3618838718488187
-2.738914638811106,1.5620137692798393,3.713490690487054,-0.5184697555673103,-1.2645592286362395,-4.542878383905851,5.6743131766770345,1.6713565472135776,-1.5398495083075048,-1.4786093144563845,2.817574706623695,-0.4664047493940444
HOF ITEM
2.3618838718488187
-2.738914638811106,1.5620137692798393,3.713490690487054,-0.5184697555673103,-1.2645592286362395,-4.542878383905851,5.507336321123607,2.0221076559474302,-1.5398495083075048,-1.4786093144563845,2.817574706623695,-0.4664047493940444
HOF ITEM
2.3618838718488187
-2.738914638811106,1.5620137692798393,3.713490690487054,-0.5184697555673103,-1.2645592286362395,-4.542878383905851,5.517948489599817,1.6713565472135776,-2.4810265108081757,-1.4786093144563845,2.817574706623695,-0.4664047493940444
HOF ITEM
2.3618838718488187
-2.738914638811106,1.5620137692798393,3.713490690487054,-0.5184697555673103,-1.2645592286362395,-4.542878383905851,5.517948489599817,1.6713565472135776,-1.5398495083075048,-1.4786093144563845,2.817574706623695,-0.4664047493940444
seed 702
Initial fitness values: [np.float64(3.362344576744098), np.float64(3.0833799557018584), np.float64(2.719494679760633), np.float64(2.719253914362399), np.float64(2.6050307439968425), np.float64(2.5855245882229854), np.float64(2.5190353850961147), np.float64(2.5190353850961147), np.float64(2.507438652502569), np.float64(2.507438652502569)]
Final fitness values: [np.float64(2.422940551015932), np.float64(2.422940551015932), np.float64(2.422940551015932), np.float64(2.422940551015932), np.float64(2.422940551015932), np.float64(2.422940551015932), np.float64(2.422940551015932), np.float64(2.422940551015932), np.float64(2.422940551015932), np.float64(2.422940551015932)]
HOF ITEM
2.422940551015932
1.3931603500025107,0.5031599867121965,5.145564908189339,-0.2467656034813211,-6.700865159970502,-4.761376945207365,5.887803096257801,2.097460417493869,-7.0,1.0462651755664214,2.973092456884419,-1.7152025104462194
HOF ITEM
2.422940551015932
1.3931603500025107,0.5031599867121965,5.145564908189339,-0.2467656034813211,-6.700865159970502,-4.761376945207365,6.180434553473671,2.152287585805326,-7.0,1.0462651755664214,2.973092456884419,-1.7152025104462194
HOF ITEM
2.422940551015932
1.3931603500025107,0.5031599867121965,5.145564908189339,-0.2467656034813211,-6.700865159970502,-4.761376945207365,6.008944707422261,2.041892560842138,-7.0,1.0462651755664214,2.973092456884419,-1.7152025104462194
HOF ITEM
2.422940551015932
1.3931603500025107,0.5031599867121965,5.145564908189339,-0.2467656034813211,-6.700865159970502,-4.761376945207365,6.180434553473671,2.041892560842138,-7.0,1.0462651755664214,2.973092456884419,-1.7152025104462194
HOF ITEM
2.422940551015932
1.3931603500025107,0.5031599867121965,5.145564908189339,-0.2467656034813211,-6.700865159970502,-4.761376945207365,6.008944707422261,2.097460417493869,-7.0,1.0462651755664214,2.973092456884419,-1.7152025104462194
seed 703
Initial fitness values: [np.float64(3.2408354407649256), np.float64(2.978850933851771), np.float64(2.798534785493292), np.float64(2.784674021437076), np.float64(2.679554270605574), np.float64(2.5938518396857546), np.float64(2.5725367761217957), np.float64(2.569892623965391), np.float64(2.5257331646740466), np.float64(2.4787078546206924)]
Final fitness values: [np.float64(2.36447414106832), np.float64(2.3631393815833723), np.float64(2.3631393815833723), np.float64(2.3631393815833723), np.float64(2.3631393815833723), np.float64(2.362861624989033), np.float64(2.362861624989033), np.float64(2.362861624989033), np.float64(2.362742586256307), np.float64(2.36264660844127)]
HOF ITEM
2.36264660844127
-4.9305201759201305,1.590050490781241,1.4220327756978388,3.0935650173071303,3.8724600377731386,-4.123179773677261,-5.8060203966839525,2.0784326222877443,-3.547870075230295,-3.650955576177321,2.2498562430752425,-0.4684749183156353
HOF ITEM
2.362742586256307
-4.930771899794961,1.590050490781241,1.3414723419892907,3.0935650173071303,4.02286096556939,-4.210530336241768,-5.968076384592753,2.0784326222877443,-3.8669478836386912,-3.650955576177321,2.2498562430752425,-0.4684749183156353
HOF ITEM
2.3627556116267674
-4.930771899794961,1.590050490781241,1.3414723419892907,3.0935650173071303,4.02286096556939,-4.210530336241768,-5.8060203966839525,2.0784326222877443,-3.547870075230295,-3.650955576177321,2.2498562430752425,-0.4684749183156353
HOF ITEM
2.362861624989033
-4.930771899794961,1.590050490781241,1.4389451672519609,3.0935650173071303,4.02286096556939,-4.210530336241768,-5.8060203966839525,2.0784326222877443,-3.547870075230295,-3.650955576177321,2.2498562430752425,-0.4684749183156353
HOF ITEM
2.3629192957213716
-4.930771899794961,1.590050490781241,1.3414723419892907,3.0935650173071303,4.02286096556939,-4.352031264983295,-5.968076384592753,2.0784326222877443,-3.8669478836386912,-3.650955576177321,2.2498562430752425,-0.4684749183156353
seed 704
Initial fitness values: [np.float64(3.0844557161980113), np.float64(3.081298118800799), np.float64(2.948152285482734), np.float64(2.608305831455498), np.float64(2.480919116345722), np.float64(2.4809191162519757), np.float64(2.4809191162519757), np.float64(2.4641849779578475), np.float64(2.462844054381007), np.float64(2.4581400794427175)]
Final fitness values: [np.float64(2.3908891908794194), np.float64(2.3908891908794194), np.float64(2.3908891908794194), np.float64(2.3908891908794194), np.float64(2.3908891908794194), np.float64(2.3908891908794194), np.float64(2.3908891908794194), np.float64(2.3908891908794194), np.float64(2.390889190515761), np.float64(2.390889190515761)]
HOF ITEM
2.390889190515761
-4.833954863684185,1.382873740592276,-1.954872340873716,0.48408751960554586,6.939001738917848,4.404957439782895,3.0589812076396363,0.0,-5.793511158860314,-4.143973710701966,2.2180915662122187,-5.848391069876362
HOF ITEM
2.3908891908794194
-4.833954863684185,1.382873740592276,-1.954872340873716,0.48408751960554586,6.939001738917848,4.404957439782895,3.0589812076396363,0.0,-5.743750956699783,-4.143973710701966,2.2180915662122187,-5.848391069876362
HOF ITEM
2.3908892656922136
-4.833954863684185,1.382873740592276,-1.954872340873716,0.48408751960554586,6.939001738917848,4.404957439782895,3.067231071337433,0.00430953635041614,-5.713961273789226,-4.143973710701966,2.2180915662122187,-5.848391069876362
HOF ITEM
2.390889293503152
-4.833954863684185,1.382873740592276,-1.954872340873716,0.48408751960554586,6.939001738917848,4.404957439782895,3.1040967089433864,0.0,-5.743750956699783,-4.143973710701966,2.2180915662122187,-5.848391069876362
HOF ITEM
2.3908894088991675
-4.833954863684185,1.382873740592276,-1.954872340873716,0.48408751960554586,6.939001738917848,4.404957439782895,3.1573717234459204,0.0,-5.743750956699783,-4.143973710701966,2.2180915662122187,-5.848391069876362
seed 705
Initial fitness values: [np.float64(3.613294747775342), np.float64(3.2787039090032803), np.float64(3.1457361529966033), np.float64(2.900948520599234), np.float64(2.8117675683334973), np.float64(2.811765016801802), np.float64(2.7759022095784154), np.float64(2.7347583875017154), np.float64(2.654969473891712), np.float64(2.654969473891712)]
Final fitness values: [np.float64(2.432214354617357), np.float64(2.4311311998993004), np.float64(2.4283327665354824), np.float64(2.4283327665354824), np.float64(2.4269950945350627), np.float64(2.4237641114006236), np.float64(2.4237641114006236), np.float64(2.4237641114006236), np.float64(2.423758817545702), np.float64(2.423758817545702)]
HOF ITEM
2.423758817545702
2.4923738859441706,0.045566836285293094,2.618654944025129,1.9943194557248625,1.3582092395898822,-1.3558211897390924,0.5108585165086336,3.0,-5.405806106598952,1.2572116870980374,3.0,-0.515602652567546
HOF ITEM
2.4237641114006236
2.4923738859441706,0.045566836285293094,2.618654944025129,1.9943194557248625,1.3582092395898822,-1.3558211897390924,0.5108585165086336,3.0,-5.364838094885024,1.2572116870980374,3.0,-0.515602652567546
HOF ITEM
2.423794088572938
2.4923738859441706,0.045566836285293094,2.618654944025129,1.9943194557248625,1.3582092395898822,-1.3558211897390924,0.5229793095579596,3.0,-5.364838094885024,1.2572116870980374,3.0,-0.515602652567546
HOF ITEM
2.42380727604361
2.4923738859441706,0.045566836285293094,2.7881020863922292,2.1173857157471203,1.3262181815058502,-1.3558211897390924,0.5022453578365874,3.0,-5.364838094885024,1.2572116870980374,3.0,-0.515602652567546
HOF ITEM
2.423807315726227
2.4923738859441706,0.045566836285293094,2.618654944025129,1.9943194557248625,1.3582092395898822,-1.3558211897390924,0.5108585165086336,3.0,-5.081460979603769,1.2572116870980374,3.0,-0.515602652567546
seed 706
Initial fitness values: [np.float64(3.6222927738854187), np.float64(3.51875184419042), np.float64(3.470651565785144), np.float64(2.9309372753862193), np.float64(2.8620733836477013), np.float64(2.859051428807435), np.float64(2.8496472263499912), np.float64(2.8360796170607503), np.float64(2.836061969755325), np.float64(2.825212143364241)]
Final fitness values: [np.float64(2.7956731834650066), np.float64(2.7956731834650066), np.float64(2.795555796056294), np.float64(2.795461357900283), np.float64(2.794095979423628), np.float64(2.7918575929348837), np.float64(2.791692250555153), np.float64(2.784151019320994), np.float64(2.787523941929641), np.float64(2.784552085357177)]
HOF ITEM
2.784151019320994
5.248790053361563,-0.7023437649772468,-2.8804279171676366,0.5868497291559536,4.445934884106782,1.538327624515562,0.6011290307312968,3.0,-3.2254760871982913,0.5603017807910128,1.3316159797947031,-6.775098485041424
HOF ITEM
2.784552085357177
5.248790053361563,-0.7023437649772468,-2.811449900391192,0.5868497291559536,4.159565763384946,1.571079197741641,0.6011290307312968,3.0,-3.30788309593226,0.573743387986354,1.3316159797947031,-7.0
HOF ITEM
2.787523941929641
5.248790053361563,-0.7023437649772468,-2.729530723340291,0.5868497291559536,4.939480899744904,1.538327624515562,0.6533234081381906,3.0,-3.7670855145183713,0.6056895400818795,1.3316159797947031,-6.571858586420311
HOF ITEM
2.788515282510536
5.248790053361563,-0.7023437649772468,-2.852870948901699,0.4356081870671726,4.296122062536049,1.538327624515562,0.6533234081381906,2.7314688541731122,-3.30788309593226,0.573743387986354,1.3316159797947031,-7.0
HOF ITEM
2.788989408559309
5.191834322121749,-0.7023437649772468,-2.729530723340291,0.5868497291559536,4.879401132354308,1.538327624515562,0.6533234081381906,3.0,-3.7670855145183713,0.6056895400818795,1.3316159797947031,-6.571858586420311
seed 707
Initial fitness values: [np.float64(2.992094884986949), np.float64(2.8727303149751133), np.float64(2.7842948364052655), np.float64(2.680458316814784), np.float64(2.6062121596094423), np.float64(2.5681783332609074), np.float64(2.5453326302763735), np.float64(2.534559729327713), np.float64(2.461195168749386), np.float64(2.461195168749386)]
Final fitness values: [np.float64(2.3693105631879243), np.float64(2.3693105631879243), np.float64(2.369074558453713), np.float64(2.369074558453713), np.float64(2.369074558453713), np.float64(2.3690191829778544), np.float64(2.3689765851106745), np.float64(2.3672398128112806), np.float64(2.3672398128112806), np.float64(2.3672398128112806)]
HOF ITEM
2.3672398128112806
-5.117223671115952,1.57951881592137,3.3972779717109587,-2.0006517497058733,4.917904915634126,2.389489412419324,-4.60900161698966,2.7617516972770426,-2.8749006928559737,-3.8611876156445364,2.1913382070232434,-0.6205837992962134
HOF ITEM
2.3672398128112806
-5.117223671115952,1.57951881592137,3.3972779717109587,-2.0006517497058733,4.917904915634126,2.389489412419324,-4.60900161698966,3.0,-2.8749006928559737,-3.8611876156445364,2.1913382070232434,-0.6205837992962134
HOF ITEM
2.3672398128112806
-5.117223671115952,1.57951881592137,3.3972779717109587,-2.0006517497058733,4.917904915634126,2.389489412419324,-4.60900161698966,2.7617516972770426,-3.068430893329229,-3.8611876156445364,2.1913382070232434,-0.6205837992962134
HOF ITEM
2.368180554564086
-5.117223671115952,1.57951881592137,3.3972779717109587,-2.2423041670824126,4.831900960737859,2.389489412419324,-4.60900161698966,3.0,-3.068430893329229,-3.8611876156445364,2.1913382070232434,-0.6205837992962134
HOF ITEM
2.3683304718529303
-5.117223671115952,1.57951881592137,3.3972779717109587,-1.445483087593584,4.831900960737859,2.389489412419324,-4.60900161698966,2.7617516972770426,-3.068430893329229,-3.8611876156445364,2.1913382070232434,-0.6205837992962134
seed 708
Initial fitness values: [np.float64(3.4974183443345432), np.float64(2.9681431848961335), np.float64(2.8692580352342096), np.float64(2.8378387996373027), np.float64(2.8378387996373027), np.float64(2.829491462360191), np.float64(2.8098026271168255), np.float64(2.8098026271168255), np.float64(2.8067555094587586), np.float64(2.8064049908232986)]
Final fitness values: [np.float64(2.5500364081629465), np.float64(2.5291803711621332), np.float64(2.5162834825366724), np.float64(2.5162834825366724), np.float64(2.5162834825366724), np.float64(2.5162834825366724), np.float64(2.5162834825366724), np.float64(2.5162834825366724), np.float64(2.4964408767652415), np.float64(2.4964408767652415)]
HOF ITEM
2.4964408767652415
5.0008427633092625,-0.9438897517386378,1.6573468293773217,3.698967370745586,0.02212244566907499,-2.9273878134111135,0.01777503401415889,3.0,-6.726607312764377,1.4920342715671395,0.35802275005253326,-6.477608909655716
HOF ITEM
2.5162834825366724
5.0008427633092625,-0.9438897517386378,1.6573468293773217,3.551022964395523,0.02212244566907499,-2.9273878134111135,0.01777503401415889,3.0,-6.461537792241649,1.608357230755778,0.35802275005253326,-6.477608909655716
HOF ITEM
2.516294991462205
5.0008427633092625,-0.9438897517386378,1.6573468293773217,3.551022964395523,0.02212244566907499,-2.9273878134111135,0.01777503401415889,3.0,-6.461537792241649,1.608357230755778,0.35802275005253326,-6.458372288835477
HOF ITEM
2.5179713885766546
5.0008427633092625,-0.9438897517386378,1.099768635079962,3.2427365229429546,0.02212244566907499,-3.1569850158394877,0.01777503401415889,3.0,-6.461537792241649,1.608357230755778,0.35802275005253326,-6.477608909655716
HOF ITEM
2.5179867396773927
5.0008427633092625,-0.9438897517386378,1.099768635079962,3.2427365229429546,0.02212244566907499,-3.1569850158394877,0.01777503401415889,3.0,-6.583526170872451,1.608357230755778,0.35802275005253326,-6.477608909655716
seed 709
Initial fitness values: [np.float64(2.9414149440592317), np.float64(2.9414149440592317), np.float64(2.839186847264154), np.float64(2.839186847264154), np.float64(2.806422314084143), np.float64(2.789615031874703), np.float64(2.644739385488554), np.float64(2.644739385488554), np.float64(2.6408713669742654), np.float64(2.5272882546101907)]
Final fitness values: [np.float64(2.3925929419204817), np.float64(2.3925929419204177), np.float64(2.3925929419204177), np.float64(2.3925929419201397), np.float64(2.3925929419201397), np.float64(2.392592932977264), np.float64(2.392592932977264), np.float64(2.3925929283968106), np.float64(2.3925929283968106), np.float64(2.3925929283968106)]
HOF ITEM
2.3925929283968106
-6.860042189174031,1.5571246664801819,-5.283556975188365,-7.0,7.0,-0.9510773494494296,-2.403165844004736,1.5331766726691394,-1.2631745314297667,-6.159870741023994,1.814019373223881,-3.9421053213414217
HOF ITEM
2.392592928397332
-6.860042189174031,1.5571246664801819,-5.283556975188365,-7.0,7.0,-0.9510773494494296,-2.17999054275114,1.7442470949194175,-1.511392175048579,-6.159870741023994,1.814019373223881,-3.9421053213414217
HOF ITEM
2.3925929329754174
-6.860042189174031,1.5571246664801819,-5.283556975188365,-6.79808493269944,7.0,-0.9510773494494296,-2.6103311352411533,1.5331766726691394,-1.511392175048579,-6.159870741023994,1.814019373223881,-3.9421053213414217
HOF ITEM
2.3925929329757345
-6.860042189174031,1.5571246664801819,-5.283556975188365,-6.79808493269944,7.0,-0.9510773494494296,-2.17999054275114,1.3680577256144484,-1.7360355227627866,-6.159870741023994,1.814019373223881,-3.9421053213414217
HOF ITEM
2.392592932976622
-6.860042189174031,1.5571246664801819,-5.283556975188365,-6.79808493269944,7.0,-0.9510773494494296,-2.403165844004736,1.5331766726691394,-1.2631745314297667,-6.159870741023994,1.814019373223881,-3.9421053213414217
best parameter set
fitness 2.3610796706137513 seed 701
-2.7390477296337594,1.5635922318181283,3.2721904678921385,-0.4771730720557656,-1.264556819275802,-4.542880818460738,5.6743131766770345,2.0221076559474302,-1.5398495083075048,-1.4784664700639505,2.8175961268920338,-0.4665873571226193
