seeds are [940 941 942 943 944 945 946 947 948 949]
seed 940
Initial fitness values: [np.float64(6.106552183716464), np.float64(6.059042776953103), np.float64(5.107847087814015), np.float64(4.705278427476343), np.float64(4.68424251483054), np.float64(4.655745911674117), np.float64(4.642933873557035), np.float64(4.4939318808932125), np.float64(4.4939318808932125), np.float64(4.482424331480496)]
Final fitness values: [np.float64(4.384061622242574), np.float64(4.384061622242574), np.float64(4.384061622242574), np.float64(4.384061622242574), np.float64(4.384061622242574), np.float64(4.384061622242574), np.float64(4.384061622242574), np.float64(4.384061622242574), np.float64(4.3838476190727285), np.float64(4.3838476190727285)]
HOF ITEM
4.3838476190727285
0.7271461410294343,0.7130448463644137,-2.784612764489594,6.5636369202403,3.7491667297178335,-4.7626695424354875,1.8113722689351959,0.5830988831540449,-0.5576902569727935,0.8368438936531404,2.410901010606257,-1.185137878674714
HOF ITEM
4.384061622242574
0.7271461410294343,0.7130448463644137,-2.588338752814267,6.449656561233642,3.3635670786197673,-4.7626695424354875,2.2775317309448004,0.36820562258308637,-0.44398775431783666,0.8368438936531404,2.410901010606257,-1.185137878674714
HOF ITEM
4.386474315409112
0.7271461410294343,0.7130448463644137,-2.588338752814267,6.449656561233642,3.3635670786197673,-4.7626695424354875,2.3112502116101092,0.36820562258308637,-0.44398775431783666,0.8368438936531404,2.410901010606257,-1.185137878674714
HOF ITEM
4.3872485654822775
0.7271461410294343,0.7130448463644137,-2.588338752814267,6.449656561233642,3.3635670786197673,-4.7626695424354875,2.2775317309448004,0.36820562258308637,-0.44398775431783666,0.8368438936531404,2.398998319518162,-1.185137878674714
HOF ITEM
4.387518474351618
0.7271461410294343,0.7130448463644137,-2.588338752814267,6.449656561233642,3.3635670786197673,-4.7626695424354875,2.2775317309448004,0.3646347960393947,-0.44398775431783666,0.8368438936531404,2.398998319518162,-1.185137878674714
seed 941
Initial fitness values: [np.float64(5.48513321936716), np.float64(5.485106033814229), np.float64(5.189092572274613), np.float64(5.026067139604089), np.float64(4.921971932108311), np.float64(4.815727265377802), np.float64(4.70210046752557), np.float64(4.70210046752557), np.float64(4.70210046752557), np.float64(4.6288273435890135)]
Final fitness values: [np.float64(4.287243985305481), np.float64(4.284488412880425), np.float64(4.284488412880425), np.float64(4.27665284132359), np.float64(4.27665284132359), np.float64(4.276546741943685), np.float64(4.276546741943685), np.float64(4.276475161072504), np.float64(4.263423775453079), np.float64(4.263167953133788)]
HOF ITEM
4.263167953133788
-3.012473516308676,1.5623158669091164,-3.808300369034614,-5.739227226830935,1.695102180956827,2.8226891791892132,-1.8751179175279749,1.58874641673833,-1.4548445472705966,-2.111646257553337,2.7261889469966016,-6.080867040379965
HOF ITEM
4.263423775453079
-3.012473516308676,1.5623158669091164,-3.808300369034614,-5.828275980241683,1.8986047509370096,2.8226891791892132,-1.8514117493713242,1.58874641673833,-1.4548445472705966,-2.111646257553337,2.7261889469966016,-6.080867040379965
HOF ITEM
4.263433767349085
-3.012473516308676,1.5623158669091164,-3.808300369034614,-5.828275980241683,1.8986047509370096,2.8226891791892132,-1.8514117493713242,1.58874641673833,-1.3637772206948444,-2.111646257553337,2.7261889469966016,-6.080867040379965
HOF ITEM
4.276124935453536
-3.012473516308676,1.5623158669091164,-3.808300369034614,-6.648696520755863,1.8986047509370096,2.8226891791892132,-1.8751179175279749,1.4860640513364771,-1.3474625213306062,-2.111646257553337,2.709130495248715,-6.080867040379965
HOF ITEM
4.276378955557328
-3.012473516308676,1.5623158669091164,-3.808300369034614,-5.828275980241683,2.278067497538343,2.8226891791892132,-2.035411130445129,1.698390493410208,-1.3637772206948444,-2.111646257553337,2.709130495248715,-6.080867040379965
seed 942
Initial fitness values: [np.float64(5.752280231505434), np.float64(5.324549242077408), np.float64(5.094025733209315), np.float64(5.094025733209315), np.float64(4.946994711879963), np.float64(4.946994711879963), np.float64(4.941431308278572), np.float64(4.940348283574169), np.float64(4.928573039875165), np.float64(4.927723160707586)]
Final fitness values: [np.float64(4.927147057307147), np.float64(4.92714705730713), np.float64(4.926741385298176), np.float64(4.926741385298176), np.float64(4.926741385298176), np.float64(4.926740444212492), np.float64(4.9267332439746605), np.float64(4.9267332439746605), np.float64(4.926662954140106), np.float64(4.9265109745754)]
HOF ITEM
4.9265109745754
-3.398615983605298,1.937757814642254,6.623514454512377,-1.5706324041526918,1.571159841599506,6.751384811081582,-3.5215237778833544,2.388154345297057,-1.6189882508136444,-4.754071776710225,2.8194481314460336,-4.607620303170006
HOF ITEM
4.9266197078199525
-3.3693911817574813,1.9508193408192187,6.630722294394946,-1.4215836498575793,1.626541301018565,6.805318861111756,-3.5215237778833544,2.3762570302091532,-1.6189882508136444,-4.754071776710225,2.8194481314460336,-4.607620303170006
HOF ITEM
4.926662954140106
-3.398615983605298,1.9321148086165612,6.623514454512377,-1.5706324041526918,1.571159841599506,6.751384811081582,-3.476165542844779,2.4565759164673033,-1.6189882508136444,-5.25871688570771,2.8194481314460336,-4.607620303170006
HOF ITEM
4.9266713819663615
-3.3693911817574813,1.9508193408192187,6.630722294394946,-1.8268755770641065,1.571159841599506,6.751384811081582,-3.5215237778833544,2.388154345297057,-2.026994919104537,-4.754071776710225,2.8194481314460336,-4.607620303170006
HOF ITEM
4.926673696783764
-3.398615983605298,1.937757814642254,6.630722294394946,-1.8268755770641065,1.571159841599506,6.751384811081582,-3.5215237778833544,2.388154345297057,-2.026994919104537,-4.754071776710225,2.8194481314460336,-4.607620303170006
seed 943
Initial fitness values: [np.float64(5.73855224952499), np.float64(5.73855224952499), np.float64(5.0878608231867375), np.float64(5.0878608231867375), np.float64(5.019938923750575), np.float64(5.012175304470436), np.float64(5.012175304470436), np.float64(4.946555679795431), np.float64(4.946555679795431), np.float64(4.82069750637009)]
Final fitness values: [np.float64(4.346227329746858), np.float64(4.346220439314662), np.float64(4.346213564858893), np.float64(4.346213564858893), np.float64(4.346213564858893), np.float64(4.346213564858893), np.float64(4.346213564858893), np.float64(4.346213564858893), np.float64(4.346213564858893), np.float64(4.346213564858893)]
HOF ITEM
4.346213564858893
1.4276475220776168,0.4862533588454602,0.7877592254219785,-3.257691720322102,0.5405135493643277,-4.696672300794749,-2.201308500216385,2.0321356230334775,-2.8370807835860963,1.1168768364123185,2.993651411439303,-0.45008915061596433
HOF ITEM
4.346213682435638
1.4276475220776168,0.4862533588454602,0.7877592254219785,-3.257691720322102,0.5405135493643277,-4.696672300794749,-2.201308500216385,2.0321356230334775,-2.8714551658621668,1.1168768364123185,2.993651411439303,-0.45008915061596433
HOF ITEM
4.346213726708271
1.4276475220776168,0.4862533588454602,0.7877592254219785,-3.257691720322102,0.5405135493643277,-4.696672300794749,-2.201308500216385,2.0321356230334775,-2.8847110823306625,1.1168768364123185,2.993651411439303,-0.45008915061596433
HOF ITEM
4.346220439314662
1.4276475220776168,0.4862533588454602,0.7877592254219785,-3.3133377449206804,0.5405135493643277,-4.696672300794749,-2.201308500216385,2.0321356230334775,-2.8847110823306625,1.1168768364123185,2.993651411439303,-0.45008915061596433
HOF ITEM
4.346220803611473
1.4276475220776168,0.4862533588454602,0.7877592254219785,-3.206645994622937,0.5405135493643277,-4.696672300794749,-2.201308500216385,2.0321356230334775,-2.8370807835860963,1.1168768364123185,2.993651411439303,-0.45008915061596433
seed 944
Initial fitness values: [np.float64(5.380091230170983), np.float64(5.048603484012917), np.float64(4.892899191632374), np.float64(4.806049640330498), np.float64(4.806049640330498), np.float64(4.6456765836020875), np.float64(4.645548759632489), np.float64(4.645548759632489), np.float64(4.49044128129718), np.float64(4.448805883092404)]
Final fitness values: [np.float64(4.243478990669297), np.float64(4.243478990669297), np.float64(4.243393490039986), np.float64(4.243393490039986), np.float64(4.243073956186009), np.float64(4.243073956186009), np.float64(4.242913746771432), np.float64(4.242754496726908), np.float64(4.242642833602428), np.float64(4.242642833602428)]
HOF ITEM
4.242642833602428
-2.6189589458549154,1.5592226780240528,5.562817544271601,2.0719783347526364,1.6342368177160178,-2.5001617364062305,-4.9474749716892825,2.5609895059449754,-3.15509587865757,-1.3660762541068037,2.82191581685525,-0.45713738191255004
HOF ITEM
4.242743397955799
-2.6189589458549154,1.5592226780240528,5.714243927724314,1.9984584058816806,1.6342368177160178,-2.5001617364062305,-4.889650366175057,2.5605563560819387,-3.15509587865757,-1.3660762541068037,2.82191581685525,-0.45713738191255004
HOF ITEM
4.242743397955799
-2.6189589458549154,1.5592226780240528,5.714243927724314,1.9984584058816806,1.6342368177160178,-2.5001617364062305,-5.011249330305358,2.5609895059449754,-3.15509587865757,-1.3660762541068037,2.82191581685525,-0.45713738191255004
HOF ITEM
4.242743397955799
-2.6189589458549154,1.5592226780240528,5.714243927724314,1.9984584058816806,1.6342368177160178,-2.5001617364062305,-4.889650366175057,2.5609895059449754,-3.15509587865757,-1.3660762541068037,2.82191581685525,-0.45713738191255004
HOF ITEM
4.242754496726908
-2.6189589458549154,1.5592226780240528,5.714243927724314,1.9984584058816806,1.6342368177160178,-2.5001617364062305,-5.011249330305358,2.5609895059449754,-3.05402743586112,-1.3660762541068037,2.82191581685525,-0.45713738191255004
seed 945
Initial fitness values: [np.float64(5.950212741248902), np.float64(5.730431654872042), np.float64(5.296918226468164), np.float64(5.101005421595698), np.float64(5.035483450451912), np.float64(4.880728829854403), np.float64(4.712345408400574), np.float64(4.712345408400574), np.float64(4.661160855266922), np.float64(4.6307744128332216)]
Final fitness values: [np.float64(4.392730302079562), np.float64(4.392199222039093), np.float64(4.376625943488531), np.float64(4.376625943488531), np.float64(4.368358063205232), np.float64(4.36469269996708), np.float64(4.36469269996708), np.float64(4.364393484972493), np.float64(4.364393484972493), np.float64(4.364393484972493)]
HOF ITEM
4.364393484972493
1.4651867925676014,0.4555283137697134,-0.17751099988573535,-5.824119529062127,5.265724553298706,2.4038451026397882,-1.1177986773350028,0.9199283063846154,0.0,1.0337433776371883,2.97067674690824,-2.2075460787745897
HOF ITEM
4.364393484972493
1.4651867925676014,0.4555283137697134,-0.17751099988573535,-5.824119529062127,5.265724553298706,2.4038451026397882,-1.1177986773350028,1.0726148325175473,0.0,1.0337433776371883,2.97067674690824,-2.2075460787745897
HOF ITEM
4.364393484972493
1.4651867925676014,0.4555283137697134,-0.17751099988573535,-5.824119529062127,5.265724553298706,2.4038451026397882,-1.3762899459374816,0.9199283063846154,0.0,1.0337433776371883,2.97067674690824,-2.2075460787745897
HOF ITEM
4.364561678612622
1.4651867925676014,0.4555283137697134,-0.17751099988573535,-5.588333651810388,5.6166367168901035,2.4038451026397882,-1.3762899459374816,0.9199283063846154,0.0,1.0337433776371883,2.97067674690824,-2.2075460787745897
HOF ITEM
4.364562506469202
1.4651867925676014,0.4555283137697134,-0.17751099988573535,-6.047351214298397,5.6166367168901035,2.4038451026397882,-1.0600652742411634,0.6021290714143533,0.0,1.0337433776371883,2.97067674690824,-2.2075460787745897
seed 946
Initial fitness values: [np.float64(5.749000392929324), np.float64(5.749000392929324), np.float64(5.608248767519608), np.float64(5.478844447763004), np.float64(5.299408147882973), np.float64(5.035313731756727), np.float64(4.9622323125162335), np.float64(4.955593883567042), np.float64(4.838998683042088), np.float64(4.83434627962956)]
Final fitness values: [np.float64(4.4844973402542), np.float64(4.4844973402542), np.float64(4.4844973402542), np.float64(4.4844973402542), np.float64(4.4844973402542), np.float64(4.4844973402542), np.float64(4.4844973402542), np.float64(4.4844973402542), np.float64(4.4844973402542), np.float64(4.4844973402542)]
HOF ITEM
4.4844973402542
4.532109843379891,-0.7568875439059057,1.9910862944804104,1.832568124758954,-5.891082448208773,-3.907913829061066,0.05352056864210697,2.3313891870364736,-1.5061949608186695,-0.37454533664858825,0.26214020882036615,-6.759115847968363
HOF ITEM
4.484563401841513
4.532109843379891,-0.7568875439059057,1.9910862944804104,1.832568124758954,-5.891082448208773,-3.907913829061066,0.05352056864210697,2.3313891870364736,-1.5061949608186695,-0.37454533664858825,0.26214020882036615,-6.735772267702117
HOF ITEM
4.4848228145388855
4.532109843379891,-0.7568875439059057,1.9910862944804104,1.832568124758954,-5.891082448208773,-3.907913829061066,0.05352056864210697,2.3313891870364736,-1.5061949608186695,-0.37454533664858825,0.26214020882036615,-6.6490456180863085
HOF ITEM
4.485284083938811
4.532109843379891,-0.7568875439059057,1.9910862944804104,1.832568124758954,-5.891082448208773,-3.9055301425648867,0.05352056864210697,2.3313891870364736,-1.4710263209544079,-0.37454533664858825,0.26214020882036615,-6.417470498508318
HOF ITEM
4.486476739458125
4.532109843379891,-0.7568875439059057,1.9910862944804104,1.832568124758954,-5.891082448208773,-3.907913829061066,0.05352056864210697,2.3313891870364736,-1.5061949608186695,-0.37454533664858825,0.26214020882036615,-6.947612858680108
seed 947
Initial fitness values: [np.float64(5.71721112386966), np.float64(5.454622503004329), np.float64(5.318614527007114), np.float64(5.150849473567089), np.float64(5.150849473567089), np.float64(5.123627620478283), np.float64(5.120008925018946), np.float64(5.05733074743095), np.float64(5.05733074743095), np.float64(5.022260130667192)]
Final fitness values: [np.float64(4.639307828963235), np.float64(4.639307828963235), np.float64(4.639307828963235), np.float64(4.639307828963235), np.float64(4.639307828963235), np.float64(4.639307828963235), np.float64(4.639307828963235), np.float64(4.639307828963235), np.float64(4.639307828963235), np.float64(4.639307828963235)]
HOF ITEM
4.639307828963235
2.592878563212448,-0.3089197948899999,0.08187105486686563,2.7717902088282416,-0.8105811023700524,-1.3971915947901936,1.6510192872442866,3.0,-2.855831447774463,1.036681514120056,1.314445629394068,-5.282290326078497
HOF ITEM
4.639581815904276
2.592878563212448,-0.3089197948899999,0.08187105486686563,2.7717902088282416,-0.8105811023700524,-1.3971915947901936,1.6510192872442866,3.0,-2.8841342222170607,1.036681514120056,1.314445629394068,-5.282290326078497
HOF ITEM
4.639715329452532
2.592878563212448,-0.3089197948899999,0.08187105486686563,2.7717902088282416,-0.8105811023700524,-1.3971915947901936,1.6510192872442866,3.0,-3.01977977639119,1.036681514120056,1.314445629394068,-5.379457511302019
HOF ITEM
4.641184178681358
2.592878563212448,-0.3089197948899999,0.07607673778053747,2.7717902088282416,-0.8105811023700524,-1.3971915947901936,1.6510192872442866,3.0,-2.855831447774463,1.036681514120056,1.314445629394068,-5.364900193814357
HOF ITEM
4.641778710804639
2.592878563212448,-0.3089197948899999,0.07607673778053747,2.7717902088282416,-0.8105811023700524,-1.3971915947901936,1.6510192872442866,3.0,-2.855831447774463,1.036681514120056,1.314445629394068,-5.377624373176347
seed 948
Initial fitness values: [np.float64(5.383992667141356), np.float64(5.383992667141356), np.float64(5.254941529548758), np.float64(5.169391308470258), np.float64(5.164575706248058), np.float64(5.164575706248058), np.float64(5.164575706248058), np.float64(5.1645715442678855), np.float64(5.1636585421680365), np.float64(5.1636585421680365)]
Final fitness values: [np.float64(5.153424087167015), np.float64(5.153424076042508), np.float64(5.153424076042508), np.float64(5.153424069517348), np.float64(5.153424048857829), np.float64(5.1528927821352255), np.float64(5.152339553036448), np.float64(5.149872126193039), np.float64(5.149872109516159), np.float64(5.148708052903879)]
HOF ITEM
5.148708052903879
-2.2955226699626814,1.7877575309966949,3.8088057738201972,0.8194471045791085,5.587753682970525,-6.7949643804036866,5.196547614923862,1.1507908977708945,-3.40275192185139,-0.636955095044847,1.3139614926311323,-3.0446958884052764
HOF ITEM
5.149854628657657
-2.2955226699626814,1.7504735806915537,3.5844537654335027,0.6619189473923984,5.427392110613924,-7.0,5.044242366132043,0.9276658887318456,-3.40275192185139,-0.636955095044847,1.3139614926311323,-3.345502772893927
HOF ITEM
5.149872107742024
-2.2955226699626814,1.7504735806915537,3.7985114103825546,0.13869080898887962,5.482490969161209,-6.884551515197006,5.5209788325726805,0.6987901400164462,-3.0723266906087634,-0.636955095044847,1.3139614926311323,-3.346939277115987
HOF ITEM
5.1498721094710405
-2.2955226699626814,1.7504735806915537,3.5844537654335027,0.6619189473923984,5.820425603434835,-7.0,5.196547614923862,0.3144225297504568,-3.0723266906087634,-0.636955095044847,1.3139614926311323,-3.346939277115987
HOF ITEM
5.149872109516159
-2.2955226699626814,1.7504735806915537,3.5844537654335027,0.6619189473923984,5.820425603434835,-7.0,5.35104535902978,1.1507908977708945,-3.0723266906087634,-0.636955095044847,1.3139614926311323,-3.346939277115987
seed 949
Initial fitness values: [np.float64(5.449128464019825), np.float64(5.28428476730201), np.float64(5.144536282906465), np.float64(4.707806668629203), np.float64(4.704114406692536), np.float64(4.533828119936987), np.float64(4.511194934315059), np.float64(4.478197633231867), np.float64(4.478197633231867), np.float64(4.393482714094801)]
Final fitness values: [np.float64(4.2658215124366965), np.float64(4.2658215124366965), np.float64(4.265821512273056), np.float64(4.265821512273056), np.float64(4.2645433895157625), np.float64(4.2645433895157625), np.float64(4.2645433895157625), np.float64(4.264543389515753), np.float64(4.26454057060618), np.float64(4.264540570606173)]
HOF ITEM
4.264540570606173
-5.456526310636278,1.5786211898235245,3.8496853147132963,-3.6183699608035376,0.21946933254871648,-3.230629487388251,0.3310048647158552,0.7348524625201369,-6.910394076035352,-4.18760055084879,2.124120901105592,-0.48182589854807983
HOF ITEM
4.26454057060618
-5.456526310636278,1.5786211898235245,3.8496853147132963,-3.6183699608035376,0.21946933254871648,-3.230629487388251,0.3310048647158552,0.7348524625201369,-6.902347960106107,-4.18760055084879,2.124120901105592,-0.48182589854807983
HOF ITEM
4.264542792136533
-5.456526310636278,1.5786211898235245,3.912810029330898,-3.115454251953956,0.21946933254871648,-3.230629487388251,0.058877509393528094,0.7348524625201369,-6.902347960106107,-4.18760055084879,2.124120901105592,-0.48182589854807983
HOF ITEM
4.264542792928298
-5.456526310636278,1.5786211898235245,3.912810029330898,-3.115454251953956,0.21946933254871648,-3.230629487388251,0.3310048647158552,0.7348524625201369,-6.902347960106107,-4.18760055084879,2.124120901105592,-0.48182589854807983
HOF ITEM
4.264543389036923
-5.456526310636278,1.5786211898235245,3.912810029330898,-3.6183699608035376,0.21946933254871648,-3.230629487388251,0.058877509393528094,0.7348524625201369,-6.902347960106107,-4.18760055084879,2.124120901105592,-0.48182589854807983
best parameter set
fitness 4.240457930458318 seed 944
-2.6189615481591155,1.559764486382855,5.714241770038645,1.998460692769004,1.6342449755381794,-2.500170101049824,-5.011249330305358,2.5609895059449754,-3.1550959985234655,-1.3653867859912325,2.821967840733352,-0.45877646551030254
