seeds are [680 681 682 683 684 685 686 687 688 689]
seed 680
Initial fitness values: [np.float64(5.109597386727826), np.float64(5.109597386727826), np.float64(5.066670394676134), np.float64(5.0629861264823415), np.float64(4.895212145207304), np.float64(4.823868120771454), np.float64(4.623309241041772), np.float64(4.607336765123005), np.float64(4.561630454711562), np.float64(4.540672989163287)]
Final fitness values: [np.float64(4.412902901058225), np.float64(4.412743864463003), np.float64(4.4121869144073695), np.float64(4.4121869144073695), np.float64(4.4116531715501415), np.float64(4.4116531715501415), np.float64(4.389213367677848), np.float64(4.389213367677848), np.float64(4.3801483624935145), np.float64(4.377895293883315)]
HOF ITEM
4.377895293883315
0.35030091125074964,0.8242571428502854,-4.761778558834058,0.4104609741266299,1.8765764466363428,0.6629198925121367,3.3428640914298757,1.0738216890716412,-4.189342231339091,0.36453620728483077,2.4443191213918536,-5.093877395971708
HOF ITEM
4.3801483624935145
0.35030091125074964,0.8242571428502854,-4.761778558834058,0.29405845444420475,2.0087139500029236,0.6629198925121367,3.3428640914298757,0.7280412041540182,-4.189342231339091,0.36453620728483077,2.4443191213918536,-5.0463849816491235
HOF ITEM
4.389212622528813
0.35030091125074964,0.8242571428502854,-4.761778558834058,0.4104609741266299,1.8358753393798675,0.6629198925121367,3.3428640914298757,1.0738216890716412,-4.14753214148868,0.36453620728483077,2.4443191213918536,-5.093877395971708
HOF ITEM
4.389213367677848
0.35030091125074964,0.8242571428502854,-4.761778558834058,0.4104609741266299,1.8358753393798675,0.6629198925121367,3.3428640914298757,1.0738216890716412,-4.189342231339091,0.36453620728483077,2.4443191213918536,-5.093877395971708
HOF ITEM
4.389362067417585
0.35030091125074964,0.8242571428502854,-4.761778558834058,0.7403900026229349,2.106940805937362,0.5879518424983582,3.7835373775382903,0.7280412041540182,-4.137068206019095,0.36453620728483077,2.4443191213918536,-5.0463849816491235
seed 681
Initial fitness values: [np.float64(5.912606900551675), np.float64(5.3291923486029384), np.float64(4.731443781329264), np.float64(4.640267431983391), np.float64(4.5436654867290835), np.float64(4.539589774675603), np.float64(4.516930453731895), np.float64(4.443143877133452), np.float64(4.443143877133452), np.float64(4.381372705735052)]
Final fitness values: [np.float64(4.2799254272978295), np.float64(4.279925131692444), np.float64(4.279925131692444), np.float64(4.279925131692444), np.float64(4.279925131692444), np.float64(4.279916728225119), np.float64(4.279916728225119), np.float64(4.279916728225119), np.float64(4.275745529286315), np.float64(4.275745529286315)]
HOF ITEM
4.275745529286315
-0.6294674022165778,1.2601002703102333,4.378666335328616,-5.368671134129104,3.56683058172516,4.478965242582944,3.632041413807843,0.9990218746468411,-4.616170291236649,0.2191907303754661,2.818283291645632,-1.2904606876896902
HOF ITEM
4.275745529290521
-0.6294674022165778,1.2601002703102333,4.378666335328616,-5.368671134129104,3.56683058172516,4.478965242582944,3.632041413807843,0.9990218746468411,-4.591113444523126,0.2191907303754661,2.818283291645632,-1.2904606876896902
HOF ITEM
4.277099985234768
-0.6294674022165778,1.28336545217855,4.378666335328616,-5.653067573420164,3.7045792438086895,4.561727206981218,3.87088572892699,1.1169518667787288,-4.616170291236649,0.2191907303754661,2.8077815299312707,-1.2904606876896902
HOF ITEM
4.279915820729618
-0.6294674022165778,1.2601002703102333,4.378666335328616,-4.939174692910126,3.56683058172516,4.478965242582944,3.2986034680369243,0.5066074908022984,-4.419020280882466,0.2191907303754661,2.8077815299312707,-1.2904606876896902
HOF ITEM
4.279916728201107
-0.6294674022165778,1.2601002703102333,4.378666335328616,-4.939174692910126,3.56683058172516,4.478965242582944,3.2986034680369243,0.9400528657115675,-4.616170291236649,0.2191907303754661,2.8077815299312707,-1.2904606876896902
seed 682
Initial fitness values: [np.float64(5.432613234395297), np.float64(5.411264303081358), np.float64(5.402219607504396), np.float64(5.402219607504396), np.float64(5.380359706020302), np.float64(5.294723749156477), np.float64(5.284168759186488), np.float64(5.2051841715850475), np.float64(5.2051841715850475), np.float64(5.1348692624231385)]
Final fitness values: [np.float64(4.331227642992709), np.float64(4.331227642992709), np.float64(4.331227642992709), np.float64(4.331227642992709), np.float64(4.331227642992628), np.float64(4.331227642992628), np.float64(4.331227642992628), np.float64(4.331227642992628), np.float64(4.331227642992628), np.float64(4.316999090820808)]
HOF ITEM
4.316999090820808
-6.688115594125482,1.5804271489831616,5.961816311554667,2.139509312493221,-2.861651713141116,2.48538605026486,5.55936539267426,0.9961031724915186,-3.1845156466409192,-6.140292924352218,1.8457730813884614,-4.8786151707642045
HOF ITEM
4.331227642992628
-6.688115594125482,1.4945605010532357,6.191949396460343,2.139509312493221,-2.857975893929218,2.48538605026486,5.449832139121201,0.8479662623908477,-3.1845156466409192,-6.140292924352218,1.829009731980838,-4.937730505697075
HOF ITEM
4.331227642992709
-6.688115594125482,1.4945605010532357,6.191949396460343,2.139509312493221,-2.857975893929218,2.48538605026486,5.55936539267426,0.9961031724915186,-3.1323909133776646,-6.140292924352218,1.829009731980838,-4.937730505697075
HOF ITEM
4.331227642992709
-6.688115594125482,1.4945605010532357,6.191949396460343,2.139509312493221,-2.857975893929218,2.48538605026486,5.55936539267426,0.9961031724915186,-3.1845156466409192,-6.140292924352218,1.829009731980838,-4.937730505697075
HOF ITEM
4.33122764299271
-6.688115594125482,1.4945605010532357,6.191949396460343,2.139509312493221,-2.857975893929218,2.48538605026486,5.860919190484927,0.9961031724915186,-3.1845156466409192,-6.140292924352218,1.829009731980838,-4.937730505697075
seed 683
Initial fitness values: [np.float64(5.141460214865183), np.float64(5.141460214865183), np.float64(4.682094016006267), np.float64(4.5251629599549394), np.float64(4.5251629599549394), np.float64(4.5251629599549394), np.float64(4.4925367294431275), np.float64(4.45938739004227), np.float64(4.450665181454827), np.float64(4.450665181454827)]
Final fitness values: [np.float64(4.280054544046486), np.float64(4.280054544046486), np.float64(4.280009392684913), np.float64(4.274774920785827), np.float64(4.274774920785827), np.float64(4.264451082560328), np.float64(4.259050555577174), np.float64(4.256577472031798), np.float64(4.256577472031798), np.float64(4.256574601322365)]
HOF ITEM
4.256574601322365
-2.7231168346069183,1.5552821582514111,5.973022010307542,-4.852944956097479,-4.473362032434619,2.52668783805705,-2.2751271963799846,2.6758855621793596,-2.38460147413959,-1.800496699783065,2.8705224204321027,-6.438467538795099
HOF ITEM
4.256577472031798
-2.7231168346069183,1.5552821582514111,5.973022010307542,-4.852944956097479,-4.473362032434619,2.52668783805705,-2.2751271963799846,2.502166018647681,-2.38460147413959,-1.800496699783065,2.8705224204321027,-6.438467538795099
HOF ITEM
4.25662056017401
-2.7231168346069183,1.5552821582514111,5.973022010307542,-4.852944956097479,-4.473362032434619,2.52668783805705,-2.527691166043849,2.984744059203651,-2.164460865495398,-1.800496699783065,2.8705224204321027,-6.438467538795099
HOF ITEM
4.258983177860022
-2.7231168346069183,1.5509658388174274,5.487570649336598,-5.2978703165482175,-4.473362032434619,2.52668783805705,-2.527691166043849,2.7401739573130546,-2.490698326882996,-1.800496699783065,2.8705224204321027,-6.438467538795099
HOF ITEM
4.259001756986912
-2.7231168346069183,1.5509658388174274,5.487570649336598,-5.213085236674732,-4.473362032434619,2.52668783805705,-2.2751271963799846,2.502166018647681,-2.38460147413959,-1.800496699783065,2.8705224204321027,-6.438467538795099
seed 684
Initial fitness values: [np.float64(5.918694948258388), np.float64(5.139313641835965), np.float64(5.069067826324357), np.float64(4.946977914911812), np.float64(4.937249791348249), np.float64(4.624817788000426), np.float64(4.624817788000426), np.float64(4.624817788000426), np.float64(4.606445179749089), np.float64(4.600145575369126)]
Final fitness values: [np.float64(4.513831406995706), np.float64(4.513831406995706), np.float64(4.513831406995706), np.float64(4.513831406995706), np.float64(4.513831406995706), np.float64(4.513831406995706), np.float64(4.513831406995706), np.float64(4.513831406995706), np.float64(4.513831406995706), np.float64(4.513831406995706)]
HOF ITEM
4.513831406995706
2.6349311143275718,-0.48588266172791206,2.0050065487977786,-3.4571020351158737,-2.54980752782734,1.8122063869687868,5.640184966936226,0.4468231806816796,0.0,0.9141448244622322,2.40818025739394,-3.859541501050947
HOF ITEM
4.513831406995706
2.6349311143275718,-0.48588266172791206,2.0050065487977786,-3.4571020351158737,-2.54980752782734,1.8122063869687868,6.037397419462879,0.4468231806816796,0.0,0.9141448244622322,2.40818025739394,-3.859541501050947
HOF ITEM
4.513831406995706
2.6349311143275718,-0.48588266172791206,2.0050065487977786,-3.4571020351158737,-2.54980752782734,1.8122063869687868,5.5514724856092545,0.4468231806816796,0.0,0.9141448244622322,2.40818025739394,-3.859541501050947
HOF ITEM
4.513831707361243
2.6349311143275718,-0.48588266172791206,2.0050065487977786,-3.4571020351158737,-2.54980752782734,1.8122063869687868,6.037397419462879,0.4468231806816796,-0.10750164129522122,0.9141448244622322,2.40818025739394,-3.859541501050947
HOF ITEM
4.513831966004213
2.6349311143275718,-0.48588266172791206,2.0050065487977786,-3.4571020351158737,-2.54980752782734,1.8122063869687868,5.640184966936226,0.4468231806816796,-0.10750164129522122,0.9141448244622322,2.40818025739394,-3.859541501050947
seed 685
Initial fitness values: [np.float64(5.940109076224216), np.float64(5.892344929774557), np.float64(5.198472306764582), np.float64(4.831985015358796), np.float64(4.831985015358796), np.float64(4.719583869932037), np.float64(4.568068288825194), np.float64(4.5132517125137275), np.float64(4.4749878329339055), np.float64(4.406936256051532)]
Final fitness values: [np.float64(4.248831643120006), np.float64(4.248831643120006), np.float64(4.248831643120006), np.float64(4.248749323861945), np.float64(4.248749323861945), np.float64(4.248749323861945), np.float64(4.248740675203965), np.float64(4.248740675203965), np.float64(4.248740675203965), np.float64(4.248127245203102)]
HOF ITEM
4.248127245203102
-1.8784970530224008,1.5037500944655633,1.143618965475748,1.241381346786711,7.0,3.673151358982796,0.08074323701950321,2.147116114496606,-5.378690815657325,-0.7927915176375172,2.8574664370589717,-2.1749783397417697
HOF ITEM
4.248740675203965
-1.8784970530224008,1.5037500944655633,1.143618965475748,1.2464826669977151,7.0,3.673151358982796,0.08108939031390874,1.7066381075280384,-5.9177415224585035,-0.7927915176375172,2.855594988172363,-2.1749783397417697
HOF ITEM
4.248740831236818
-1.8784970530224008,1.5037500944655633,1.143618965475748,1.2464826669977151,7.0,3.673151358982796,0.08108939031390874,1.7066381075280384,-5.8159377137904125,-0.7927915176375172,2.855594988172363,-2.1749783397417697
HOF ITEM
4.248749168621886
-1.8784970530224008,1.5037500944655633,1.143618965475748,1.241381346786711,7.0,3.673151358982796,0.08108939031390874,1.7066381075280384,-5.9177415224585035,-0.7927915176375172,2.855594988172363,-2.1749783397417697
HOF ITEM
4.248749323861945
-1.8784970530224008,1.5037500944655633,1.143618965475748,1.241381346786711,7.0,3.673151358982796,0.08108939031390874,1.7066381075280384,-5.8159377137904125,-0.7927915176375172,2.855594988172363,-2.1749783397417697
seed 686
Initial fitness values: [np.float64(5.741810866284371), np.float64(5.6541178603697055), np.float64(5.29789666576559), np.float64(4.929027683413114), np.float64(4.929027683413114), np.float64(4.901378524432211), np.float64(4.721576357225329), np.float64(4.552178905027672), np.float64(4.527169576885297), np.float64(4.350936365685164)]
Final fitness values: [np.float64(4.254422511433392), np.float64(4.254422511433392), np.float64(4.254422511433392), np.float64(4.254422511433392), np.float64(4.254422511433392), np.float64(4.254422511433392), np.float64(4.254422511433392), np.float64(4.254422511433392), np.float64(4.254422511433392), np.float64(4.254422511433392)]
HOF ITEM
4.254422511433392
-1.469201358067062,1.4492762074948837,-3.417939043029056,-0.5195236065328125,-2.196406927952958,-6.612532681281358,2.8478037667377736,0.2524642668327597,-6.972989309341121,-0.35974600194978934,2.8193587385776415,-0.54515827366327
HOF ITEM
4.2544226214345215
-1.469201358067062,1.4492762074948837,-3.417939043029056,-0.5195236065328125,-2.196406927952958,-6.612532681281358,2.8478037667377736,0.2524642668327597,-7.0,-0.35974600194978934,2.8193587385776415,-0.54515827366327
HOF ITEM
4.254531899440352
-1.469201358067062,1.4492762074948837,-3.417939043029056,-0.5195236065328125,-2.196406927952958,-6.612532681281358,2.895593881640707,0.2524642668327597,-6.972989309341121,-0.35974600194978934,2.8193587385776415,-0.54515827366327
HOF ITEM
4.254623752674797
-1.469201358067062,1.4492762074948837,-3.5602289626571815,-0.5195236065328125,-2.196406927952958,-6.761101284142554,2.8478037667377736,0.2524642668327597,-6.972989309341121,-0.35974600194978934,2.8193587385776415,-0.54515827366327
HOF ITEM
4.254813114181407
-1.469201358067062,1.4492762074948837,-3.5564331914359677,-0.21044870475230065,-2.196406927952958,-7.0,2.8478037667377736,0.29689055708331386,-6.972989309341121,-0.35974600194978934,2.8193587385776415,-0.54515827366327
seed 687
Initial fitness values: [np.float64(5.934733636033201), np.float64(4.500244309342369), np.float64(4.500244309342369), np.float64(4.46071490429588), np.float64(4.408769554771768), np.float64(4.408050959119368), np.float64(4.408050959119368), np.float64(4.315661134025848), np.float64(4.315661134025848), np.float64(4.315661134025848)]
Final fitness values: [np.float64(4.2546889095267435), np.float64(4.2546889095267435), np.float64(4.2546889095267435), np.float64(4.2546889095267435), np.float64(4.2546889095267435), np.float64(4.254595062554514), np.float64(4.254595062554514), np.float64(4.251534436405471), np.float64(4.248809467007705), np.float64(4.248226210879148)]
HOF ITEM
4.248226210879148
-2.5546207878117397,1.4498324510701295,-4.4723889136695085,2.42213980096584,-4.384030947797701,-6.283275826074884,0.5191550479129915,0.18474817698369309,-3.873213047391805,-1.7833231361560362,2.279522436523971,-4.710329307771603
HOF ITEM
4.248809467007705
-2.5546207878117397,1.4498324510701295,-4.4723889136695085,2.5192361500857454,-4.183416157443441,-6.1787037973099945,0.5191550479129915,0.18474817698369309,-3.865125984153335,-1.7833231361560362,2.279522436523971,-4.710329307771603
HOF ITEM
4.251534436405471
-2.5546207878117397,1.4498324510701295,-4.4723889136695085,2.42213980096584,-4.384030947797701,-6.283275826074884,0.38328691968130935,0.2701503390247288,-3.873213047391805,-1.7833231361560362,2.279522436523971,-4.710329307771603
HOF ITEM
4.252415682557205
-2.5546207878117397,1.4498324510701295,-4.4723889136695085,2.5582853641649437,-4.210259144288502,-6.24946977560062,0.38328691968130935,0.2701503390247288,-3.873213047391805,-1.7833231361560362,2.279522436523971,-4.710329307771603
HOF ITEM
4.254595062554514
-2.5546207878117397,1.4498324510701295,-4.4723889136695085,2.5582853641649437,-4.210259144288502,-6.24946977560062,0.5191550479129915,0.18474817698369309,-3.873213047391805,-1.7833231361560362,2.279522436523971,-4.710329307771603
seed 688
Initial fitness values: [np.float64(5.539918716423937), np.float64(5.539918716423937), np.float64(5.055591665452683), np.float64(4.907744205614928), np.float64(4.907744205614928), np.float64(4.907744205614928), np.float64(4.824866231430221), np.float64(4.728472978240697), np.float64(4.728472978240697), np.float64(4.695747753606472)]
Final fitness values: [np.float64(4.521814126339241), np.float64(4.521814126339241), np.float64(4.521814126339241), np.float64(4.521814126339241), np.float64(4.521799949713358), np.float64(4.521799949713358), np.float64(4.520505747035834), np.float64(4.517495132770952), np.float64(4.517437385294045), np.float64(4.517420236438353)]
HOF ITEM
4.517420236438353
6.221067785036708,-1.5620875170322972,4.045362629773902,0.6555172710557879,-4.257622518446967,2.8122459052549638,1.816437359550075,2.696349727428665,-4.868500773418858,0.5203053177452323,2.1087618347210775,-6.5992360048741165
HOF ITEM
4.517437385294045
6.221067785036708,-1.5620875170322972,4.045362629773902,0.6555172710557879,-4.257622518446967,2.8122459052549638,1.816437359550075,2.696349727428665,-4.723214702644652,0.5203053177452323,2.1087618347210775,-6.5992360048741165
HOF ITEM
4.517495132770952
6.221067785036708,-1.5620875170322972,4.045362629773902,0.650744642389083,-4.257622518446967,2.8122459052549638,1.816437359550075,2.696349727428665,-4.723214702644652,0.5203053177452323,2.1087618347210775,-6.5992360048741165
HOF ITEM
4.51752153279119
6.221067785036708,-1.5620875170322972,3.4255461224067614,0.6555172710557879,-4.257622518446967,2.77578552608781,1.816437359550075,2.3542753938637224,-4.723214702644652,0.5203053177452323,2.1087618347210775,-6.5992360048741165
HOF ITEM
4.518540308773642
6.221067785036708,-1.5620875170322972,4.045362629773902,0.6555172710557879,-4.257622518446967,2.8122459052549638,1.816437359550075,2.4527397144550807,-4.868500773418858,0.5203053177452323,2.1087618347210775,-6.5992360048741165
seed 689
Initial fitness values: [np.float64(5.641085769919205), np.float64(5.357557812514684), np.float64(5.357557812514684), np.float64(5.236862161724735), np.float64(5.149757093102245), np.float64(5.107322133933227), np.float64(5.082111806584093), np.float64(5.082111806584093), np.float64(5.081851120300924), np.float64(5.053181181209849)]
Final fitness values: [np.float64(4.5306811541475405), np.float64(4.530680781263231), np.float64(4.530680781263231), np.float64(4.5306804519091095), np.float64(4.5306804519091095), np.float64(4.5306804519091095), np.float64(4.5306804519091095), np.float64(4.530660613078655), np.float64(4.530660613078655), np.float64(4.530660613078655)]
HOF ITEM
4.530660613078655
3.0216766230921017,-0.669620406574419,4.546800840726349,-4.0927490162398295,4.22924305758011,6.458709872050563,1.054290819980905,1.6199497881938716,-3.1481365796041647,0.996852311066622,2.1535802577217966,-2.4025418166352286
HOF ITEM
4.5306804519091095
3.0216766230921017,-0.669620406574419,4.546800840726349,-4.0927490162398295,4.22924305758011,6.458709872050563,1.054290819980905,1.1646880464935374,-3.1481365796041647,0.996852311066622,2.1535802577217966,-2.4025418166352286
HOF ITEM
4.530680781263231
3.0216766230921017,-0.669620406574419,4.546800840726349,-4.0927490162398295,4.22924305758011,6.458709872050563,0.9330032846720913,1.1646880464935374,-3.1481365796041647,0.996852311066622,2.1535802577217966,-2.4025418166352286
HOF ITEM
4.5306811541475405
3.0216766230921017,-0.669620406574419,4.546800840726349,-4.0927490162398295,4.22924305758011,6.458709872050563,1.054290819980905,1.1646880464935374,-2.9068999720412876,0.996852311066622,2.1535802577217966,-2.4025418166352286
HOF ITEM
4.530681479473893
3.0216766230921017,-0.669620406574419,4.546800840726349,-4.0927490162398295,4.22924305758011,6.458709872050563,0.9330032846720913,1.1646880464935374,-2.9068999720412876,0.996852311066622,2.1535802577217966,-2.4025418166352286
best parameter set
fitness 4.246076394618352 seed 687
-2.5556373273296766,1.4487116540158962,-4.471301104194826,2.421053713576661,-4.382943458315843,-6.284365077939185,0.38336863771686946,0.2702591252654884,-3.873211227349359,-1.782390367347644,2.2796518864916298,-4.711538009172959
