seeds are [460 461 462 463 464 465 466 467 468 469]
seed 460
Initial fitness values: [np.float64(3.039355757187413), np.float64(3.0352772870880194), np.float64(2.888378702127386), np.float64(2.867885545770972), np.float64(2.820488789336899), np.float64(2.7321574109350832), np.float64(2.7031954555152566), np.float64(2.6774004938604508), np.float64(2.6774004938604508), np.float64(2.608017975061627)]
Final fitness values: [np.float64(2.562091980098991), np.float64(2.562091980098991), np.float64(2.562091980098991), np.float64(2.562091980098991), np.float64(2.562085454433137), np.float64(2.562084873190284), np.float64(2.562084873190284), np.float64(2.5620775106577316), np.float64(2.5620775106577316), np.float64(2.5620767379760174)]
HOF ITEM
2.5620767379760174
3.5447666425733675,-0.8677412884400271,-4.354051336251361,-3.3997488551363895,6.341548966675391,-0.5805377245465341,-0.8110233298558356,1.862984466494729,-5.28315274385828,0.8977280656727629,2.1188726842944043,-3.3231176465232592
HOF ITEM
2.5620775106577316
3.5447666425733675,-0.8677412884400271,-4.354051336251361,-3.1459565594143157,6.599913037280756,-0.5805377245465341,-0.8110233298558356,1.862984466494729,-5.28315274385828,0.8977280656727629,2.1188726842944043,-3.3231176465232592
HOF ITEM
2.5620778600633187
3.5447666425733675,-0.8677412884400271,-4.354051336251361,-3.1459565594143157,6.599913037280756,-0.5805377245465341,-0.8166355051196593,1.843710947602234,-5.604107931816007,0.8977280656727629,2.1188726842944043,-3.3231176465232592
HOF ITEM
2.562078039775564
3.5447666425733675,-0.8677412884400271,-4.354051336251361,-3.1459565594143157,6.599913037280756,-0.5805377245465341,-0.8110233298558356,1.843710947602234,-5.329975613593621,0.8977280656727629,2.1188726842944043,-3.3231176465232592
HOF ITEM
2.5620782926259897
3.5447666425733675,-0.8677412884400271,-4.354051336251361,-3.3997488551363895,6.281635170998632,-0.5805377245465341,-0.8166355051196593,1.843710947602234,-5.604107931816007,0.8977280656727629,2.1188726842944043,-3.3231176465232592
seed 461
Initial fitness values: [np.float64(2.937581643738949), np.float64(2.819842182883546), np.float64(2.585113483711177), np.float64(2.531782646623431), np.float64(2.504530913862425), np.float64(2.4782431304421677), np.float64(2.4753036912885613), np.float64(2.4753036912885613), np.float64(2.47484046147811), np.float64(2.463252344025247)]
Final fitness values: [np.float64(2.4085128615002485), np.float64(2.4085128615002485), np.float64(2.407784400697302), np.float64(2.407784400697302), np.float64(2.407783910833609), np.float64(2.4047032570917715), np.float64(2.4039218055246065), np.float64(2.4039218055246065), np.float64(2.4038393660700037), np.float64(2.4038393660700037)]
HOF ITEM
2.4038393660700037
0.8668528270828761,0.737534080669178,-0.47406667012999737,-6.210280401179614,4.050243337114794,5.212945545514407,-1.1027297283677524,0.21690910137422142,-0.360018491532789,0.7290660589350986,2.9318228904534087,-5.144095721602774
HOF ITEM
2.4039217451892636
0.8668528270828761,0.737534080669178,-0.47406667012999737,-6.17381224932318,4.296143148983531,5.208077842126792,-1.1027297283677524,0.21690910137422142,-0.360018491532789,0.7310606969787508,2.9318228904534087,-5.144095721602774
HOF ITEM
2.4039218055246065
0.8668528270828761,0.737534080669178,-0.47406667012999737,-6.17381224932318,4.296143148983531,5.208077842126792,-1.1027297283677524,0.45715692899109023,-0.360018491532789,0.7310606969787508,2.9318228904534087,-5.144095721602774
HOF ITEM
2.4047018522065553
0.8668528270828761,0.7330853552915925,-0.47406667012999737,-6.230138228971693,4.044766972754902,5.212945545514407,-1.1027297283677524,0.46582158762024367,-0.360018491532789,0.7290660589350986,2.9318228904534087,-5.144095721602774
HOF ITEM
2.4047019272878405
0.8668528270828761,0.7330853552915925,-0.47406667012999737,-6.230138228971693,4.044766972754902,5.212945545514407,-1.1027297283677524,0.21690910137422142,-0.360018491532789,0.7290660589350986,2.9318228904534087,-5.144095721602774
seed 462
Initial fitness values: [np.float64(3.0574284853671125), np.float64(2.926365303620475), np.float64(2.500690443730325), np.float64(2.500690443730325), np.float64(2.500690438934326), np.float64(2.4784744334049273), np.float64(2.4784744334049273), np.float64(2.4621792699918186), np.float64(2.4556611460967352), np.float64(2.4556611460967352)]
Final fitness values: [np.float64(2.3891624240352876), np.float64(2.383379476815959), np.float64(2.383379476815959), np.float64(2.3786888603616854), np.float64(2.378686933171635), np.float64(2.3786509550041934), np.float64(2.3786509550041934), np.float64(2.3786509550041934), np.float64(2.3786509550041934), np.float64(2.3786509550041934)]
HOF ITEM
2.3786509550041934
-3.1731021840450135,1.5330919618875216,-1.1750600024731006,-1.9952146856423703,-6.6864474280816335,-0.9708083318419019,2.530089727002903,0.4170492675980158,-3.584304640898419,-2.227768353107878,2.7310465086784435,-5.5305069537459115
HOF ITEM
2.378653105999624
-3.1731021840450135,1.5330919618875216,-1.1750600024731006,-1.9952146856423703,-6.6864474280816335,-0.9708083318419019,2.530089727002903,0.4170492675980158,-3.3199743437461895,-2.227768353107878,2.7310465086784435,-5.5305069537459115
HOF ITEM
2.378686933171635
-3.1731021840450135,1.5330919618875216,-1.1750600024731006,-1.9952146856423703,-6.6864474280816335,-0.9708083318419019,2.63281533729707,0.4170492675980158,-3.584304640898419,-2.227768353107878,2.7310465086784435,-5.5305069537459115
HOF ITEM
2.3786877594432356
-3.1731021840450135,1.5330919618875216,-1.1750600024731006,-1.9952146856423703,-6.6864474280816335,-0.9708083318419019,2.63281533729707,0.4170492675980158,-3.456923800541629,-2.227768353107878,2.7310465086784435,-5.5305069537459115
HOF ITEM
2.37868877340928
-3.1731021840450135,1.5330919618875216,-1.1750600024731006,-1.9952146856423703,-6.6864474280816335,-0.9708083318419019,2.63281533729707,0.4170492675980158,-3.3199743437461895,-2.227768353107878,2.7310465086784435,-5.5305069537459115
seed 463
Initial fitness values: [np.float64(3.4498324722165448), np.float64(3.3402605028820362), np.float64(3.2073776305275477), np.float64(3.0865698324445545), np.float64(2.9908004678813698), np.float64(2.8905578146886644), np.float64(2.8549723337082504), np.float64(2.8391305027215736), np.float64(2.7778681575919304), np.float64(2.7778681575919304)]
Final fitness values: [np.float64(2.370562902791976), np.float64(2.370562902791976), np.float64(2.370562902791976), np.float64(2.370562902791976), np.float64(2.370538835986615), np.float64(2.370538835986615), np.float64(2.370538835986615), np.float64(2.3705362902444556), np.float64(2.370533807576617), np.float64(2.3705303490998864)]
HOF ITEM
2.3705303490998864
-1.1622229846145136,1.4056624661256987,6.391044962759861,-1.7225129260082241,-5.871449411810932,-3.358785122964589,-5.940447704133651,0.2690665733484301,0.0,-0.2027654900406557,2.8695452843051132,-2.1518416167584586
HOF ITEM
2.370533807576617
-1.1622229846145136,1.4056624661256987,6.3449078253274305,-1.646874313764493,-5.871449411810932,-3.358785122964589,-6.1804574442079145,0.22013848411014786,0.0,-0.2027654900406557,2.8695452843051132,-2.1518416167584586
HOF ITEM
2.370533807576617
-1.1622229846145136,1.4056624661256987,6.3449078253274305,-1.646874313764493,-5.871449411810932,-3.358785122964589,-6.147886067814495,0.22013848411014786,0.0,-0.2027654900406557,2.8695452843051132,-2.1518416167584586
HOF ITEM
2.370533807576617
-1.1622229846145136,1.4056624661256987,6.3449078253274305,-1.646874313764493,-5.871449411810932,-3.358785122964589,-6.147886067814495,0.0,0.0,-0.2027654900406557,2.8695452843051132,-2.1518416167584586
HOF ITEM
2.3705362902444556
-1.1622229846145136,1.4056624661256987,6.191972112864191,-1.7225129260082241,-5.871449411810932,-3.358785122964589,-6.088383380128746,0.711656332428686,0.0,-0.2027654900406557,2.8695452843051132,-2.1518416167584586
seed 464
Initial fitness values: [np.float64(3.3199800187658663), np.float64(3.2062751373715512), np.float64(3.012653904154058), np.float64(2.947092057308228), np.float64(2.7247773481869637), np.float64(2.7247773481869637), np.float64(2.6391233784091823), np.float64(2.6391233784091823), np.float64(2.5524250624017464), np.float64(2.410977301692541)]
Final fitness values: [np.float64(2.3722018115601307), np.float64(2.3722018115601307), np.float64(2.3722018115601307), np.float64(2.372166817366714), np.float64(2.3715704606264496), np.float64(2.3715704606264496), np.float64(2.3715704606264496), np.float64(2.3715704606264496), np.float64(2.3715704606264496), np.float64(2.3715704606264496)]
HOF ITEM
2.3715704606264496
-5.286960159515009,1.5705213667724778,0.4654896383580392,5.354487652453391,-3.2146285222011475,-5.475199344324844,2.272391206184703,2.3157017312991224,-5.11627427246589,-4.231254965431508,2.1321028697085085,-2.310013642833198
HOF ITEM
2.3715704606264496
-5.286960159515009,1.5705213667724778,0.4654896383580392,5.354487652453391,-3.2146285222011475,-5.475199344324844,2.272391206184703,2.7091398394540023,-4.737534923943904,-4.231254965431508,2.1321028697085085,-2.310013642833198
HOF ITEM
2.3715704606264496
-5.286960159515009,1.5705213667724778,0.4654896383580392,5.354487652453391,-3.2146285222011475,-5.475199344324844,2.272391206184703,2.7091398394540023,-5.11627427246589,-4.231254965431508,2.1321028697085085,-2.310013642833198
HOF ITEM
2.3715704606264496
-5.286960159515009,1.5705213667724778,0.4654896383580392,5.354487652453391,-3.2146285222011475,-5.475199344324844,2.272391206184703,2.3157017312991224,-4.737534923943904,-4.231254965431508,2.1321028697085085,-2.310013642833198
HOF ITEM
2.3715704606264496
-5.286960159515009,1.5705213667724778,0.4654896383580392,5.354487652453391,-3.2146285222011475,-5.475199344324844,1.98321832973542,2.7091398394540023,-5.11627427246589,-4.231254965431508,2.1321028697085085,-2.310013642833198
seed 465
Initial fitness values: [np.float64(3.399498526707863), np.float64(3.062090656723785), np.float64(2.9649122439631057), np.float64(2.8521386569269014), np.float64(2.851809704593797), np.float64(2.8512514846878148), np.float64(2.8322982311640086), np.float64(2.8322982311640086), np.float64(2.831015006796725), np.float64(2.8275189185484724)]
Final fitness values: [np.float64(2.500332539146652), np.float64(2.500332539146652), np.float64(2.500332539146652), np.float64(2.500332539146652), np.float64(2.500332539146652), np.float64(2.500332539146652), np.float64(2.500332539146652), np.float64(2.500332539146652), np.float64(2.500332539146652), np.float64(2.500332539146652)]
HOF ITEM
2.500332539146652
3.8655770248433026,-0.6804754975797946,-3.6849206825146616,-3.7800579888792436,-6.229246826964996,-6.628006843071109,0.04443455606084376,3.0,-4.479913184163847,1.208820625070965,0.5246508964504032,-6.204707274137407
HOF ITEM
2.500472240569958
3.8655770248433026,-0.6804754975797946,-3.6849206825146616,-3.7800579888792436,-6.229246826964996,-6.628006843071109,0.04443455606084376,3.0,-4.479913184163847,1.208820625070965,0.5259347883074124,-6.204707274137407
HOF ITEM
2.5010077329255087
3.8655770248433026,-0.6804754975797946,-3.6849206825146616,-3.7800579888792436,-6.229246826964996,-6.628006843071109,0.04443455606084376,3.0,-4.479913184163847,1.208820625070965,0.5246508964504032,-6.637478220435634
HOF ITEM
2.501141144443928
3.8655770248433026,-0.6804754975797946,-3.6849206825146616,-3.7800579888792436,-6.229246826964996,-6.628006843071109,0.04443455606084376,3.0,-4.7467995029689645,1.208820625070965,0.5259347883074124,-6.637478220435634
HOF ITEM
2.501438401423017
3.8655770248433026,-0.6804754975797946,-3.6849206825146616,-3.835265520995795,-6.450698024659584,-6.808081354253846,0.04443455606084376,3.0,-4.479913184163847,1.208820625070965,0.5246508964504032,-6.005082254659002
seed 466
Initial fitness values: [np.float64(3.1630873457749527), np.float64(2.8355149820534566), np.float64(2.8231842328432117), np.float64(2.630127756177238), np.float64(2.630127756177238), np.float64(2.57201674232783), np.float64(2.464129642214374), np.float64(2.460539660965366), np.float64(2.455955078365074), np.float64(2.426601835557821)]
Final fitness values: [np.float64(2.3463070190647146), np.float64(2.3463070190647146), np.float64(2.3463070190647146), np.float64(2.3432194945150515), np.float64(2.342497627605063), np.float64(2.342497627605063), np.float64(2.342497627605063), np.float64(2.342497627605063), np.float64(2.3424342093656048), np.float64(2.3424342093656048)]
HOF ITEM
2.3424342093656048
-3.9430622280234218,1.5670280124042386,-5.178276384358533,0.3057420336307113,1.7118562798724002,-5.272173226700312,-3.199400258390889,1.3317644859304745,-3.3243724498703644,-2.719810062712427,2.438982830450535,-0.8922189874680788
HOF ITEM
2.34248503675985
-3.9430622280234218,1.5670280124042386,-5.163583521519648,0.33010421154208125,1.7118562798724002,-5.272173226700312,-3.2591194686138243,1.2422454906148153,-3.3367940003898715,-2.719810062712427,2.438982830450535,-0.8922189874680788
HOF ITEM
2.342497627605063
-3.9430622280234218,1.5670280124042386,-5.178276384358533,0.3057420336307113,1.7118562798724002,-5.272173226700312,-3.199400258390889,1.2422454906148153,-3.402629726471557,-2.719810062712427,2.438982830450535,-0.8922189874680788
HOF ITEM
2.3432194945150515
-3.9430622280234218,1.5645999669666417,-5.178276384358533,0.3057420336307113,1.7118562798724002,-5.272173226700312,-3.199400258390889,1.2422454906148153,-3.402629726471557,-2.719810062712427,2.438982830450535,-0.8922189874680788
HOF ITEM
2.3463070190647146
-3.9430622280234218,1.5670280124042386,-5.178276384358533,0.3057420336307113,1.7118562798724002,-5.272173226700312,-3.115680265472048,1.2422454906148153,-3.402629726471557,-2.719810062712427,2.438982830450535,-0.8922189874680788
seed 467
Initial fitness values: [np.float64(3.547373143305276), np.float64(3.039416900000624), np.float64(2.997354952684913), np.float64(2.806664633472809), np.float64(2.806664633472809), np.float64(2.75851773736548), np.float64(2.75851773736548), np.float64(2.75851773736548), np.float64(2.754874152232814), np.float64(2.701271700356687)]
Final fitness values: [np.float64(2.5347525006629104), np.float64(2.5347525006629104), np.float64(2.534738992729122), np.float64(2.534738992729122), np.float64(2.5347269781061206), np.float64(2.5347269781061206), np.float64(2.534692133302042), np.float64(2.5346634044153236), np.float64(2.534629657252599), np.float64(2.534629657252599)]
HOF ITEM
2.534629657252599
6.125358001425908,-1.518364503274097,1.6064857665479808,0.709558107656303,5.159661261297257,-6.965584343283843,2.136275038951649,1.7901586718898865,-5.628323338540845,1.306283610644246,2.594664691744309,-0.4525221817783356
HOF ITEM
2.534640766146751
6.125358001425908,-1.518364503274097,1.425939549327815,-0.18231438566144909,5.012683246174641,-6.965584343283843,2.3934686676044126,2.102098964378028,-5.178791599312688,1.306283610644246,2.594664691744309,-0.4525221817783356
HOF ITEM
2.534645117178033
6.125358001425908,-1.518364503274097,1.3226007286037234,1.2373108055215154,6.0251072673933255,-7.0,1.9277816956225224,2.0445253084414885,-5.32911716152189,1.306283610644246,2.594664691744309,-0.4525221817783356
HOF ITEM
2.5346473732624597
6.125358001425908,-1.518364503274097,1.3226007286037234,0.09349094374182643,5.084302221692894,-7.0,2.3602991545778984,2.195020680129926,-5.628323338540845,1.306283610644246,2.594664691744309,-0.4525221817783356
HOF ITEM
2.534652318882844
6.125358001425908,-1.518364503274097,1.3226007286037234,0.932005796479912,5.82084452699923,-6.965584343283843,2.493258119569673,2.102098964378028,-5.628323338540845,1.306283610644246,2.594664691744309,-0.4525221817783356
seed 468
Initial fitness values: [np.float64(3.130303764089989), np.float64(3.029729916969985), np.float64(2.796284485960243), np.float64(2.669121750349936), np.float64(2.650431185361139), np.float64(2.594805936165833), np.float64(2.594805936165833), np.float64(2.594805936165833), np.float64(2.592415734271931), np.float64(2.592415734271931)]
Final fitness values: [np.float64(2.5086688409464504), np.float64(2.5086688409464504), np.float64(2.5086688409464504), np.float64(2.5086688409464504), np.float64(2.5086688409464504), np.float64(2.5086688409464504), np.float64(2.5019094667585247), np.float64(2.5019094667585247), np.float64(2.501041396651167), np.float64(2.5006701316124227)]
HOF ITEM
2.5006701316124227
2.754417234775109,-0.06587570983002633,4.168863320296785,0.27155224063467637,-4.799129298868023,-4.961312574521057,6.6837865488185875,2.9287932732268716,-3.3305635864590255,1.2626915646988182,3.0,-0.7246736577305898
HOF ITEM
2.5006701316124227
2.754417234775109,-0.06587570983002633,4.168863320296785,0.27155224063467637,-4.799129298868023,-4.961312574521057,6.6837865488185875,2.0425779374133524,-3.3305635864590255,1.2626915646988182,3.0,-0.7246736577305898
HOF ITEM
2.501041396651167
2.754417234775109,-0.0661821224158681,4.168863320296785,0.27155224063467637,-4.799129298868023,-4.961312574521057,6.6837865488185875,2.0425779374133524,-3.3305635864590255,1.2626915646988182,3.0,-0.7246736577305898
HOF ITEM
2.5010508076226543
2.754417234775109,-0.0661821224158681,4.166569589041637,0.27155224063467637,-4.799129298868023,-4.961312574521057,6.6837865488185875,2.9287932732268716,-3.3305635864590255,1.2626915646988182,3.0,-0.7246736577305898
HOF ITEM
2.5019094667585247
2.754417234775109,-0.0661821224158681,4.166569589041637,0.4627543297839958,-4.799129298868023,-4.961312574521057,6.6837865488185875,2.0425779374133524,-3.3305635864590255,1.2626915646988182,3.0,-0.7246736577305898
seed 469
Initial fitness values: [np.float64(3.1856370968237786), np.float64(3.1856370968237786), np.float64(3.133066921994045), np.float64(3.0294470138674057), np.float64(2.99958611126463), np.float64(2.923494093282853), np.float64(2.8193616097631278), np.float64(2.8193616097631278), np.float64(2.7633303917828056), np.float64(2.7633303917828056)]
Final fitness values: [np.float64(2.373595689030273), np.float64(2.373595689030273), np.float64(2.373595689030273), np.float64(2.373595689030273), np.float64(2.3735403100104477), np.float64(2.3735403100104477), np.float64(2.3735403100104477), np.float64(2.3735403100104477), np.float64(2.3735403100104477), np.float64(2.3735403100104477)]
HOF ITEM
2.3735403100104477
-0.7328644400556242,1.2964585548945764,0.5523862549692131,1.0988919858167958,2.024740427008675,-1.3736418757301305,1.0414478166087584,0.646433040973982,-0.8751940684394377,0.1940509960926515,2.809537232731737,-0.5416166239193465
HOF ITEM
2.373595689030273
-0.7328644400556242,1.2964585548945764,0.5523862549692131,1.0988919858167958,2.024740427008675,-1.3736418757301305,0.9697164754580767,0.646433040973982,-0.6581919774907871,0.1940509960926515,2.809537232731737,-0.5416166239193465
HOF ITEM
2.3738957681602137
-0.7328644400556242,1.2964585548945764,0.5634559446843657,1.2860021366787753,2.1455027174687027,-1.3736418757301305,0.9580063993542534,0.646433040973982,-0.80117955425634,0.1940509960926515,2.809537232731737,-0.5416166239193465
HOF ITEM
2.3740710499137916
-0.7328644400556242,1.2964585548945764,0.5523862549692131,1.0988919858167958,2.024740427008675,-1.3736418757301305,0.9697164754580767,0.7601096974248364,-0.6581919774907871,0.1940509960926515,2.809537232731737,-0.5416166239193465
HOF ITEM
2.37414343502581
-0.7328644400556242,1.2964585548945764,0.7428429994099491,1.0988919858167958,1.8143291678118723,-1.3258767450626934,0.9697164754580767,0.646433040973982,-0.8434619774330103,0.1940509960926515,2.809537232731737,-0.5416166239193465
best parameter set
fitness 2.3385267557062646 seed 466
-3.942073589705111,1.571552422156084,-5.178593278248809,0.305774925305631,1.7118176836349766,-5.27187458726589,-3.199983553687539,1.331801342698301,-3.3243713309633085,-2.720308095664163,2.436148337146854,-0.8911796170790264
