seeds are [960 961 962 963 964 965 966 967 968 969]
seed 960
Initial fitness values: [np.float64(4.935428144164183), np.float64(4.935428144164183), np.float64(4.935428144164183), np.float64(4.930360062616603), np.float64(4.928082776252098), np.float64(4.928082776252098), np.float64(4.928082776252098), np.float64(4.927603279529069), np.float64(4.927546669149542), np.float64(4.927546669149542)]
Final fitness values: [np.float64(4.927546669149542), np.float64(4.927546669149542), np.float64(4.927546669149542), np.float64(4.927546669149542), np.float64(4.927546669149542), np.float64(4.927546669149542), np.float64(4.927546669149542), np.float64(4.927546669149542), np.float64(4.927546669149542), np.float64(4.927546669149542)]
HOF ITEM
4.927546669149542
-3.068396652876361,1.6194373657592895,-4.5115056677036875,1.8326172133269587,-3.5225485029790002,-3.250711857215234,2.250619136369851,2.69210786864372,-4.327167758029798,-4.757158462342707,2.910043811890386,-6.031634811213564
HOF ITEM
4.927546669149542
-3.068396652876361,1.4618784831797809,-4.5115056677036875,1.8326172133269587,-3.5225485029790002,-3.250711857215234,2.455795430313114,2.69210786864372,-4.327167758029798,-4.414785351360748,2.910043811890386,-6.031634811213564
HOF ITEM
4.927546669149542
-3.068396652876361,1.4618784831797809,-4.5115056677036875,1.8326172133269587,-3.5225485029790002,-3.250711857215234,2.250619136369851,2.69210786864372,-4.199009489648893,-4.757158462342707,2.910043811890386,-6.031634811213564
HOF ITEM
4.927546669149542
-3.068396652876361,1.6194373657592895,-4.5115056677036875,1.8326172133269587,-3.5225485029790002,-3.250711857215234,2.455795430313114,2.69210786864372,-4.199009489648893,-4.757158462342707,2.910043811890386,-6.031634811213564
HOF ITEM
4.927546669149542
-3.068396652876361,1.4618784831797809,-4.5115056677036875,1.8326172133269587,-3.5225485029790002,-3.250711857215234,2.455795430313114,2.69210786864372,-4.199009489648893,-4.757158462342707,2.910043811890386,-6.031634811213564
seed 961
Initial fitness values: [np.float64(6.125454581074394), np.float64(5.176146947683389), np.float64(5.1598851172275415), np.float64(5.00931363413355), np.float64(4.971835846653624), np.float64(4.949355972662478), np.float64(4.947941737426524), np.float64(4.905557195277266), np.float64(4.563378457474322), np.float64(4.563378457474322)]
Final fitness values: [np.float64(4.506875845218355), np.float64(4.506875845218355), np.float64(4.506875845218355), np.float64(4.506875845218355), np.float64(4.506614057021724), np.float64(4.506614057021724), np.float64(4.506614057021724), np.float64(4.506614057021724), np.float64(4.506614057021724), np.float64(4.506614057021724)]
HOF ITEM
4.506614057021724
6.268990435609135,-1.5547672587329977,0.46705391893824694,-6.60675195369778,-2.7262591093784545,-2.6507677729354877,-1.3643108726107158,3.0,0.0,1.2600999781859232,2.412878298217931,-0.7997711722382586
HOF ITEM
4.506614057021724
6.268990435609135,-1.5547672587329977,0.46705391893824694,-6.60675195369778,-2.7262591093784545,-2.6507677729354877,-1.3161206779346988,3.0,0.0,1.2600999781859232,2.412878298217931,-0.7997711722382586
HOF ITEM
4.506614057021724
6.268990435609135,-1.5547672587329977,0.46705391893824694,-6.60675195369778,-2.7262591093784545,-2.6507677729354877,-1.3161206779346988,2.7655568870512948,0.0,1.2600999781859232,2.412878298217931,-0.7997711722382586
HOF ITEM
4.506614057021724
6.268990435609135,-1.5547672587329977,0.46705391893824694,-6.60675195369778,-2.7262591093784545,-2.6507677729354877,-1.3643108726107158,2.7655568870512948,0.0,1.2600999781859232,2.412878298217931,-0.7997711722382586
HOF ITEM
4.506618052739775
6.268990435609135,-1.5547672587329977,0.46705391893824694,-6.60675195369778,-2.7262591093784545,-2.6507677729354877,-1.3161206779346988,3.0,-0.0026358780780822433,1.2600999781859232,2.412878298217931,-0.7997711722382586
seed 962
Initial fitness values: [np.float64(6.276288970746676), np.float64(5.652225557632177), np.float64(5.638309759636897), np.float64(4.9502884314072535), np.float64(4.9502884314072535), np.float64(4.9354777783236905), np.float64(4.8887252535897865), np.float64(4.856156091369434), np.float64(4.750600486383585), np.float64(4.689278548668977)]
Final fitness values: [np.float64(4.5046029120460025), np.float64(4.5046029120460025), np.float64(4.5046029120460025), np.float64(4.5046029120460025), np.float64(4.5046029120460025), np.float64(4.504519351645445), np.float64(4.504519351645445), np.float64(4.504519351645445), np.float64(4.504519351645445), np.float64(4.504519351645445)]
HOF ITEM
4.504519351645445
4.0364068304886445,-0.999768397623599,6.173151028845113,4.130827336271107,5.254934366390967,0.5754258496347977,1.6503712402022388,1.487901717858488,-4.548830505836944,1.2815465677917353,2.475173260946988,-0.4595585785828985
HOF ITEM
4.504522054171664
4.0364068304886445,-0.999768397623599,6.173151028845113,4.130827336271107,5.254934366390967,0.5754258496347977,1.6503712402022388,1.487901717858488,-5.037959835227525,1.2815465677917353,2.475173260946988,-0.4595585785828985
HOF ITEM
4.50456807629145
4.0364068304886445,-0.999768397623599,6.173151028845113,4.130827336271107,5.255738392236996,0.5754258496347977,1.5975656834337904,1.514834450246004,-4.605722854189558,1.2815465677917353,2.475173260946988,-0.4595585785828985
HOF ITEM
4.5045772260449795
4.0364068304886445,-0.999768397623599,6.173151028845113,4.130827336271107,5.254934366390967,0.615980384956318,2.03993143721907,1.1818640068061594,-5.037959835227525,1.2815465677917353,2.475173260946988,-0.4595585785828985
HOF ITEM
4.5046029120460025
4.0364068304886445,-0.999768397623599,6.078401813798026,4.130827336271107,5.254934366390967,0.5754258496347977,2.03993143721907,1.173539972442274,-5.037959835227525,1.2815465677917353,2.475173260946988,-0.4595585785828985
seed 963
Initial fitness values: [np.float64(5.863399659812754), np.float64(5.512249683452165), np.float64(5.010870713693273), np.float64(4.52299686227232), np.float64(4.52299686227232), np.float64(4.504739652648535), np.float64(4.484337858750617), np.float64(4.484337858750589), np.float64(4.4555735123527205), np.float64(4.4555735123527205)]
Final fitness values: [np.float64(4.39937006345333), np.float64(4.39937006345333), np.float64(4.39937006345333), np.float64(4.39937006345333), np.float64(4.397381836721646), np.float64(4.397381836721646), np.float64(4.39720150785004), np.float64(4.39720150785004), np.float64(4.39720150785004), np.float64(4.397193043622007)]
HOF ITEM
4.397193043622007
2.085779209874139,0.2010726255747022,3.687835698551257,6.65100097450607,6.436116650716196,-0.5779715869793027,7.0,2.250939201289821,-1.0288363881680165,1.218637002901964,3.0,-0.4640483345561809
HOF ITEM
4.39720150785004
2.085779209874139,0.2010726255747022,3.7812884668710307,6.613813768294208,6.2418447141616324,-0.5779715869793027,6.346345119770953,2.250939201289821,-0.5111818970070476,1.218637002901964,3.0,-0.4640483345561809
HOF ITEM
4.39720150785004
2.085779209874139,0.2010726255747022,3.7812884668710307,6.613813768294208,6.2418447141616324,-0.5779715869793027,6.75402327325334,2.250939201289821,-1.0288363881680165,1.218637002901964,3.0,-0.4640483345561809
HOF ITEM
4.39720150785004
2.085779209874139,0.2010726255747022,3.7812884668710307,6.613813768294208,6.2418447141616324,-0.5779715869793027,6.75402327325334,2.250939201289821,-0.5111818970070476,1.218637002901964,3.0,-0.4640483345561809
HOF ITEM
4.39720150785004
2.085779209874139,0.2010726255747022,3.7812884668710307,6.613813768294208,6.2418447141616324,-0.5779715869793027,6.346345119770953,2.250939201289821,-0.9572278305338494,1.218637002901964,3.0,-0.4640483345561809
seed 964
Initial fitness values: [np.float64(5.6791166371681845), np.float64(5.4485087445275076), np.float64(5.16357719495619), np.float64(4.727676411865463), np.float64(4.727676411865463), np.float64(4.727676411865463), np.float64(4.727676411865463), np.float64(4.655120940966876), np.float64(4.638583301067316), np.float64(4.508280319424143)]
Final fitness values: [np.float64(4.255937979077599), np.float64(4.255937979077599), np.float64(4.255937979077599), np.float64(4.255937979077599), np.float64(4.255937979077599), np.float64(4.255937979077599), np.float64(4.255937966138994), np.float64(4.255937966138994), np.float64(4.255937966138994), np.float64(4.255937966138994)]
HOF ITEM
4.255937966138994
-5.009695502388411,1.591471912156268,1.84932861355002,-2.640197631284295,3.6445823712045917,2.5346160550395003,0.7582868016394743,1.029974746001422,-3.1079833821209846,-3.794073316091349,2.23941820059801,-1.0900670636238121
HOF ITEM
4.25593797089137
-5.009695502388411,1.591471912156268,1.84932861355002,-2.640197631284295,3.6445823712045917,2.5346160550395003,0.9180632733508071,1.029974746001422,-3.1079833821209846,-3.794073316091349,2.23941820059801,-1.0900670636238121
HOF ITEM
4.255937978888667
-5.009695502388411,1.591471912156268,1.84932861355002,-2.640197631284295,3.6445823712045917,2.5346160550395003,0.7582868016394743,1.3112666362467695,-3.1079833821209846,-3.794073316091349,2.23941820059801,-1.0900670636238121
HOF ITEM
4.255937979077599
-5.009695502388411,1.591471912156268,1.84932861355002,-2.640197631284295,3.6445823712045917,2.5346160550395003,0.9180632733508071,1.3112666362467695,-3.1079833821209846,-3.794073316091349,2.23941820059801,-1.0900670636238121
HOF ITEM
4.25593797908347
-5.009695502388411,1.591471912156268,1.84932861355002,-2.640197631284295,3.6445823712045917,2.5346160550395003,0.9180632733508071,1.3112666362467695,-2.6774768171967014,-3.794073316091349,2.23941820059801,-1.0900670636238121
seed 965
Initial fitness values: [np.float64(6.359639488350294), np.float64(6.041412044378935), np.float64(5.630099461860263), np.float64(5.27593319377246), np.float64(5.202662037624248), np.float64(5.09751886467335), np.float64(5.09751886467335), np.float64(5.06669928504169), np.float64(5.064676818857661), np.float64(5.0591394326249794)]
Final fitness values: [np.float64(4.415555154857946), np.float64(4.414587244407155), np.float64(4.414587244407155), np.float64(4.4130262554678845), np.float64(4.409433234262884), np.float64(4.409433234262884), np.float64(4.409433234262884), np.float64(4.409433234262884), np.float64(4.407914473263796), np.float64(4.407914473263796)]
HOF ITEM
4.407914473263796
5.746824134989008,-1.0519870066681263,-3.1026260466785587,4.437161361825813,2.597235341254423,-5.78015894964107,0.05984486494236588,3.0,-3.5162424936386176,1.2438954219706542,0.5561747691341107,-1.9038141790617555
HOF ITEM
4.409433234262884
5.746824134989008,-1.0519870066681263,-3.1026260466785587,4.437161361825813,2.597235341254423,-5.78015894964107,0.05984486494236588,3.0,-3.3751336713908966,1.2438954219706542,0.5561747691341107,-1.8666889893876468
HOF ITEM
4.410430728192036
5.746824134989008,-1.0519870066681263,-3.1026260466785587,4.437161361825813,2.597235341254423,-5.78015894964107,0.05984486494236588,3.0,-3.540926667392891,1.2438954219706542,0.5561747691341107,-1.8666889893876468
HOF ITEM
4.410499688695698
5.746824134989008,-1.0519870066681263,-3.1026260466785587,4.485022511758485,2.4980512345700627,-5.964094952936073,0.05984486494236588,3.0,-3.540926667392891,1.2438954219706542,0.5229859545296925,-1.8666889893876468
HOF ITEM
4.412025832624305
5.746824134989008,-1.0519870066681263,-2.7010519873316903,4.437161361825813,2.6538159979550513,-5.317699536734384,0.05984486494236588,3.0,-3.3751336713908966,1.2438954219706542,0.5561747691341107,-1.8666889893876468
seed 966
Initial fitness values: [np.float64(5.622896724580313), np.float64(5.622896724580313), np.float64(5.069164829372921), np.float64(5.013251745594546), np.float64(4.683667860476587), np.float64(4.525281818982969), np.float64(4.426932447260833), np.float64(4.426932447260833), np.float64(4.3627150842836375), np.float64(4.3627150842836375)]
Final fitness values: [np.float64(4.285548185462584), np.float64(4.285548185462584), np.float64(4.285548185462584), np.float64(4.2855461952281075), np.float64(4.285543648498352), np.float64(4.285543648498352), np.float64(4.285542916000857), np.float64(4.285539233391444), np.float64(4.2855332683276455), np.float64(4.285533266569081)]
HOF ITEM
4.285533266569081
-0.06279129302030459,1.1093367664675364,6.744952395575569,-0.7917224921393083,4.695179036633524,6.24430256884297,0.5733822709582926,3.0,-4.417613794751349,0.5555913550042959,3.0,-1.5286409503250324
HOF ITEM
4.2855332683276455
-0.06279129302030459,1.1093367664675364,6.744952395575569,-0.7917224921393083,4.695179036633524,6.24430256884297,0.5733822709582926,3.0,-4.416145249486966,0.5555913550042959,3.0,-1.5286409503250324
HOF ITEM
4.285538137527134
-0.06279129302030459,1.1093367664675364,6.744952395575569,-0.8869555582314,4.695179036633524,6.24430256884297,0.5281674657153611,3.0,-4.394377682865095,0.5555913550042959,3.0,-1.5286409503250324
HOF ITEM
4.285539233391444
-0.06279129302030459,1.1093367664675364,6.744952395575569,-0.8869555582314,4.695179036633524,6.24430256884297,0.5281674657153611,2.992249651488299,-4.417613794751349,0.5555913550042959,3.0,-1.5286409503250324
HOF ITEM
4.285539260227797
-0.06279129302030459,1.1093367664675364,6.744952395575569,-0.8869555582314,4.695179036633524,6.24430256884297,0.5281674657153611,2.992249651488299,-4.394377682865095,0.5555913550042959,3.0,-1.5286409503250324
seed 967
Initial fitness values: [np.float64(6.057456265568391), np.float64(6.057456265568391), np.float64(5.3425832741749595), np.float64(5.3425832741749595), np.float64(5.315521863471133), np.float64(5.134552897751313), np.float64(5.134552897751313), np.float64(5.118963021393061), np.float64(5.116978662377931), np.float64(5.115250701584313)]
Final fitness values: [np.float64(4.527493411936423), np.float64(4.522026416267353), np.float64(4.501092131018817), np.float64(4.492987497418801), np.float64(4.468078008420305), np.float64(4.467396742520409), np.float64(4.430704007677493), np.float64(4.430704007677493), np.float64(4.430464761450153), np.float64(4.430464761450153)]
HOF ITEM
4.430464761450153
1.4883210003498,0.39101691982036363,3.45077030915836,-2.837252625439682,3.7763435790035897,1.5446254867911573,-5.535775298222283,0.2041071034514434,-0.5789580328440539,1.1045917759164967,2.666852614520911,-0.542016378921949
HOF ITEM
4.43048457918356
1.4883210003498,0.39101691982036363,3.45077030915836,-2.837252625439682,3.7763435790035897,1.5446254867911573,-6.43808167027215,0.6552648782741621,-0.5789580328440539,1.1045917759164967,2.666852614520911,-0.542016378921949
HOF ITEM
4.430704007677493
1.4883210003498,0.39101691982036363,3.45077030915836,-2.837252625439682,3.7763435790035897,1.5446254867911573,-5.535775298222283,0.2041071034514434,-1.1742702417472999,1.1045917759164967,2.666852614520911,-0.542016378921949
HOF ITEM
4.438775819964915
1.4883210003498,0.39101691982036363,3.702724823775524,-2.837252625439682,3.7763435790035897,1.5446254867911573,-5.535775298222283,0.6552648782741621,-0.5789580328440539,1.1045917759164967,2.6157850426205584,-0.5316991088698448
HOF ITEM
4.438850283576042
1.4883210003498,0.39101691982036363,3.702724823775524,-2.837252625439682,3.7763435790035897,1.5446254867911573,-5.535775298222283,0.49700856925359255,-0.9349962114733064,1.1045917759164967,2.6157850426205584,-0.5316991088698448
seed 968
Initial fitness values: [np.float64(5.747552980935941), np.float64(5.747552980935941), np.float64(5.157262292556487), np.float64(5.1552911545691895), np.float64(5.064973542610223), np.float64(5.036418467688865), np.float64(4.9616665673658416), np.float64(4.892151645665761), np.float64(4.827082219164305), np.float64(4.827082219164305)]
Final fitness values: [np.float64(4.523825006125351), np.float64(4.523700706881579), np.float64(4.523640739385618), np.float64(4.523640739385618), np.float64(4.523640739385618), np.float64(4.523599416871573), np.float64(4.523574501457888), np.float64(4.523574501457888), np.float64(4.523530777969926), np.float64(4.523530777969926)]
HOF ITEM
4.523530777969926
4.760687210089488,-1.2299330985762962,2.5445472668487623,-3.68723400554193,0.815554259670073,3.5089553682447017,1.302815099441217,1.2712476710881138,-4.979872097374785,1.0663838731326836,2.305231141475203,-2.460741390865083
HOF ITEM
4.523573408408495
4.760687210089488,-1.2299330985762962,2.5445472668487623,-3.7165086940359715,0.815554259670073,3.5089553682447017,1.302815099441217,1.2712476710881138,-5.16756916177609,1.0663838731326836,2.305231141475203,-2.460741390865083
HOF ITEM
4.523574501457888
4.760687210089488,-1.2299330985762962,2.5445472668487623,-3.7165086940359715,0.815554259670073,3.5089553682447017,1.302815099441217,1.2712476710881138,-4.979872097374785,1.0663838731326836,2.305231141475203,-2.460741390865083
HOF ITEM
4.5235989807531105
4.760687210089488,-1.2299330985762962,2.5445472668487623,-3.68723400554193,0.815554259670073,3.5089553682447017,1.302815099441217,1.137390308367216,-5.257862207424834,1.0663838731326836,2.305231141475203,-2.460741390865083
HOF ITEM
4.523599416871573
4.760687210089488,-1.2299330985762962,2.5445472668487623,-3.68723400554193,0.815554259670073,3.5089553682447017,1.302815099441217,1.137390308367216,-5.16756916177609,1.0663838731326836,2.305231141475203,-2.460741390865083
seed 969
Initial fitness values: [np.float64(6.187777686345143), np.float64(5.968522487134267), np.float64(5.8566001720233505), np.float64(5.502300047215704), np.float64(5.47690595244154), np.float64(5.356449878800058), np.float64(5.243853989740403), np.float64(5.187722330154097), np.float64(5.171859925541327), np.float64(5.080506985137092)]
Final fitness values: [np.float64(4.325977655987776), np.float64(4.32597765441078), np.float64(4.32597765441078), np.float64(4.32597765441078), np.float64(4.32597765441078), np.float64(4.32597765441078), np.float64(4.3259776540415595), np.float64(4.3259776540415595), np.float64(4.3259776540415595), np.float64(4.325977653545962)]
HOF ITEM
4.325977653545962
1.2340870881951356,0.5748678055814089,4.459534058987984,-5.875817511090367,3.743617154835805,-6.011004469005919,1.773536061568726,3.0,-4.3917724035150485,1.079196940528863,3.0,-0.4523614764288888
HOF ITEM
4.3259776540415595
1.2340870881951356,0.5748678055814089,4.459534058987984,-5.621624902206312,3.743617154835805,-6.011004469005919,1.7652958503955527,3.0,-4.3917724035150485,1.079196940528863,3.0,-0.4523614764288888
HOF ITEM
4.3259776540415595
1.2340870881951356,0.5748678055814089,4.459534058987984,-5.621624902206312,3.743617154835805,-6.011004469005919,1.7652958503955527,3.0,-4.589024762961033,1.079196940528863,3.0,-0.4523614764288888
HOF ITEM
4.3259776540415595
1.2340870881951356,0.5748678055814089,4.459534058987984,-5.621624902206312,3.743617154835805,-6.011004469005919,1.773536061568726,3.0,-4.3917724035150485,1.079196940528863,3.0,-0.4523614764288888
HOF ITEM
4.3259776540415595
1.2340870881951356,0.5748678055814089,4.459534058987984,-5.621624902206312,3.743617154835805,-6.011004469005919,1.773536061568726,3.0,-4.589024762961033,1.079196940528863,3.0,-0.4523614764288888
best parameter set
fitness 4.255051186945936 seed 964
-5.009504646657714,1.5914961702559975,1.8492766744213436,-2.640197535539005,3.6445736630834986,2.5346766034427404,0.7582868016113532,1.0299747462181725,-3.1079833821209846,-3.7942653352587894,2.2394379984421966,-1.0899160364741904
