seeds are [620 621 622 623 624 625 626 627 628 629]
seed 620
Initial fitness values: [np.float64(3.1305629068720826), np.float64(3.1305629068720826), np.float64(3.0184941313983833), np.float64(2.761835013615138), np.float64(2.761517043893112), np.float64(2.7609380488878985), np.float64(2.757840739097456), np.float64(2.757840739097456), np.float64(2.738518710910107), np.float64(2.52858312680476)]
Final fitness values: [np.float64(2.3835602046797666), np.float64(2.3835602046797666), np.float64(2.3817605273728746), np.float64(2.3817292990782675), np.float64(2.3817292990782675), np.float64(2.3817292990782675), np.float64(2.3793918270363745), np.float64(2.3793918270363745), np.float64(2.3793918270363745), np.float64(2.3793899279419817)]
HOF ITEM
2.3793899279419817
-5.825665070979885,1.5687770713994889,7.0,-2.0685072522261865,3.6753766005374073,-1.0233113673492051,5.408029028749863,1.304658107080315,3.508488445016484,-6.95212333424281,1.3415930686303588,0.6202272667831192,-5.06726376265928,2.0044995969438406,-4.2363372698939,-4.532797520019598,2.702307948055449,4.9488141603575455
HOF ITEM
2.3793899526087197
-5.825665070979885,1.5687770713994889,7.0,-2.0685072522261865,3.6753766005374073,-1.0233113673492051,5.201129208938476,1.887736882654344,3.098120751214785,-6.95212333424281,1.2571522453985338,0.6202272667831192,-5.06726376265928,2.0044995969438406,-4.2363372698939,-4.532797520019598,2.702307948055449,4.9488141603575455
HOF ITEM
2.379390127693627
-5.825665070979885,1.5687770713994889,7.0,-2.0685072522261865,3.6753766005374073,-1.0233113673492051,5.1009580931550165,1.7541157564851038,3.508488445016484,-6.850805315341566,1.2571522453985338,0.6202272667831192,-5.06726376265928,2.0044995969438406,-4.2363372698939,-4.532797520019598,2.702307948055449,4.9488141603575455
HOF ITEM
2.3793918270363745
-5.825665070979885,1.5687770713994889,7.0,-2.0685072522261865,3.6753766005374073,-1.0233113673492051,5.408029028749863,1.304658107080315,3.508488445016484,-5.993791090915032,1.3415930686303588,0.6202272667831192,-5.06726376265928,2.0044995969438406,-4.2363372698939,-4.532797520019598,2.702307948055449,4.798667322755473
HOF ITEM
2.3793918270363745
-5.825665070979885,1.5687770713994889,7.0,-2.0685072522261865,3.6753766005374073,-1.0233113673492051,5.201129208938476,1.304658107080315,3.508488445016484,-5.993791090915032,1.3415930686303588,0.6202272667831192,-5.06726376265928,2.0044995969438406,-4.2363372698939,-4.532797520019598,2.702307948055449,4.9488141603575455
seed 621
Initial fitness values: [np.float64(3.3357887682009224), np.float64(3.3357887682009224), np.float64(3.1862699649179964), np.float64(3.098673165134544), np.float64(2.953470267118416), np.float64(2.657050528412237), np.float64(2.605500510461888), np.float64(2.605500510461888), np.float64(2.597411001829236), np.float64(2.597411001829236)]
Final fitness values: [np.float64(2.4016004729326146), np.float64(2.4016004729326146), np.float64(2.4015805920851654), np.float64(2.4015805920851654), np.float64(2.401566351333096), np.float64(2.401565899410251), np.float64(2.401565899410251), np.float64(2.401556172505059), np.float64(2.401556172505059), np.float64(2.4015484662380198)]
HOF ITEM
2.4015484662380198
0.41018961092846384,0.8975760220136482,4.179408024697274,-3.913345240818437,1.6328276282122214,-3.223815090724101,0.4340555085675575,2.8327638595558673,-6.84194249135315,-0.25543607501589805,0.3837756610722389,-2.791385156313109,-2.067578675824458,3.0,5.113762336030043,1.8892557783994324,1.9465357873689195,-5.640408495235061
HOF ITEM
2.4015557241779972
0.41018961092846384,0.8975760220136482,4.179408024697274,-3.9259092871116734,1.6328276282122214,-3.223815090724101,0.4340555085675575,2.8327638595558673,-6.84194249135315,-0.25543607501589805,0.3837756610722389,-2.791385156313109,-2.067578675824458,3.0,4.792867394934548,1.8892557783994324,1.9465357873689195,-6.097614720696362
HOF ITEM
2.401555726238118
0.41018961092846384,0.8975760220136482,4.179408024697274,-3.9259092871116734,1.6328276282122214,-3.223815090724101,0.4340555085675575,2.8327638595558673,-6.84194249135315,-0.25543607501589805,0.3837756610722389,-2.791385156313109,-1.9563569576834285,3.0,4.792867394934548,1.8892557783994324,1.9465357873689195,-6.097614720696362
HOF ITEM
2.4015561653431505
0.41018961092846384,0.8975760220136482,4.179408024697274,-3.913345240818437,1.6328276282122214,-3.223815090724101,0.4340555085675575,2.8327638595558673,-6.84194249135315,-0.2245731913140439,0.06200848763584965,-2.3013915174859076,-2.067578675824458,3.0,4.792867394934548,1.8892557783994324,1.9465357873689195,-6.097614720696362
HOF ITEM
2.401556172505059
0.41018961092846384,0.8975760220136482,4.179408024697274,-3.9259092871116734,1.6328276282122214,-3.223815090724101,0.4340555085675575,2.8327638595558673,-6.84194249135315,-0.2245731913140439,0.06200848763584965,-2.3013915174859076,-2.067578675824458,3.0,4.792867394934548,1.8892557783994324,1.9465357873689195,-6.097614720696362
seed 622
Initial fitness values: [np.float64(3.1879137818353676), np.float64(3.056887996209092), np.float64(2.9930743776186417), np.float64(2.8811659518974486), np.float64(2.8661621602694813), np.float64(2.819638633315874), np.float64(2.819638625172052), np.float64(2.8196386006490446), np.float64(2.8194948935872386), np.float64(2.804835573133995)]
Final fitness values: [np.float64(2.3599470858464633), np.float64(2.3599470858464633), np.float64(2.359946713808264), np.float64(2.3599464850454597), np.float64(2.359945557700752), np.float64(2.3599442088506004), np.float64(2.358937056285831), np.float64(2.358937056285831), np.float64(2.358935190637774), np.float64(2.3589342718709903)]
HOF ITEM
2.3589342718709903
-4.670524576880281,1.585920785460432,-5.466982238528545,4.481268468395495,-5.361820681305671,1.4160504951463397,3.9781313285411004,3.0,1.3965502961390523,3.1036229580072385,2.849396478102534,4.675824166502803,-3.38984328820946,2.3297109413232078,-0.46055326021165754,3.328169900717426,0.939440978768355,1.6482660709115953
HOF ITEM
2.358934692801136
-4.670524576880281,1.585920785460432,-5.5303698484528265,4.701933223553844,-5.2053404367147245,1.5714219051481166,4.0244153263584685,2.6527563688136313,0.2601062710804475,2.894633891056276,2.9902649641172663,4.369571272871494,-3.38984328820946,2.3297109413232078,-0.46055326021165754,3.6923073695305915,0.6304659315903878,1.6482660709115953
HOF ITEM
2.358934694110075
-4.670524576880281,1.585920785460432,-5.835618461062091,4.701933223553844,-5.2053404367147245,1.5709844709243064,4.164816329927901,2.645108528640879,0.7088463082858507,3.117270271977454,1.7808795217194844,4.3052169731478545,-3.38984328820946,2.3297109413232078,-0.46055326021165754,3.6923073695305915,0.6304659315903878,1.6482660709115953
HOF ITEM
2.3589351879039855
-4.670524576880281,1.585920785460432,-4.918016663277875,5.148275700538289,-4.84092684395646,1.7085069321836341,4.0244153263584685,2.6527563688136313,0.2601062710804475,2.894633891056276,2.9902649641172663,4.369571272871494,-3.38984328820946,2.3297109413232078,-0.46055326021165754,3.6923073695305915,0.6304659315903878,1.6482660709115953
HOF ITEM
2.358935190637774
-4.670524576880281,1.585920785460432,-5.373465712203067,5.148275700538289,-4.84092684395646,1.7085069321836341,4.0244153263584685,2.645108528640879,0.7088463082858507,2.6351250061730194,2.053540868815416,4.02948172094905,-3.38984328820946,2.3297109413232078,-0.46055326021165754,3.328169900717426,0.6276908483348378,1.4890429128354195
seed 623
Initial fitness values: [np.float64(3.157222308007878), np.float64(2.980656312410596), np.float64(2.95629040534277), np.float64(2.9363231550634077), np.float64(2.913582118810478), np.float64(2.885711414680687), np.float64(2.8183948171735134), np.float64(2.8183948171735134), np.float64(2.8183948171735134), np.float64(2.816444295843543)]
Final fitness values: [np.float64(2.791540367378065), np.float64(2.791523501087723), np.float64(2.791511147521473), np.float64(2.790402189505273), np.float64(2.790402189505273), np.float64(2.790379433679824), np.float64(2.786793184737477), np.float64(2.7866849621907015), np.float64(2.7861577488279745), np.float64(2.7861577488279745)]
HOF ITEM
2.7861577488279745
6.427802273421576,-0.9432534153223554,3.985803910940018,1.8656214249243899,4.658695814925213,1.2148910225395362,1.036843500042725,1.4374371431331192,-3.8241604312512596,5.01694122135195,0.9147671858839408,5.37612384461605,2.7017746574070762,0.27648545207873726,-4.165700872005293,5.726349707402049,2.9350095519718162,-3.6268165970680273
HOF ITEM
2.786499134196383
6.400929631378984,-0.9524527105278975,3.940813124058156,1.8656214249243899,4.608334296680571,1.2148910225395362,1.036843500042725,1.4088848604345816,-3.891599482987624,5.138196136264909,1.3358543435924792,5.499401310324046,2.7768724759936054,0.27648545207873726,-4.165700872005293,5.726349707402049,2.6449435755517685,-3.780344821856564
HOF ITEM
2.786672586084485
6.612484024763226,-0.9923749759782419,3.940813124058156,1.8656214249243899,4.608334296680571,1.2148910225395362,1.036843500042725,1.4088848604345816,-3.891599482987624,5.138196136264909,0.9147671858839408,5.37612384461605,2.7768724759936054,0.27648545207873726,-4.165700872005293,5.726349707402049,2.6449435755517685,-3.6828730604551745
HOF ITEM
2.7866849621907015
6.612484024763226,-0.9923749759782419,3.940813124058156,1.8656214249243899,4.608334296680571,1.2148910225395362,1.036843500042725,1.4088848604345816,-3.891599482987624,5.181313991861044,0.9147671858839408,5.37612384461605,2.7768724759936054,0.27648545207873726,-4.165700872005293,5.726349707402049,2.6449435755517685,-3.6828730604551745
HOF ITEM
2.786705098036924
6.612484024763226,-0.9923749759782419,3.940813124058156,1.8656214249243899,4.638062137451294,1.2148910225395362,1.036843500042725,1.4088848604345816,-3.891599482987624,5.181313991861044,0.9147671858839408,5.37612384461605,2.7768724759936054,0.27648545207873726,-4.165700872005293,5.726349707402049,2.6449435755517685,-3.6828730604551745
seed 624
Initial fitness values: [np.float64(3.543140939012577), np.float64(2.9117726882971735), np.float64(2.666025127151793), np.float64(2.5922403332072643), np.float64(2.5922403332072643), np.float64(2.544154283552106), np.float64(2.5019307948894918), np.float64(2.5019307948894918), np.float64(2.499762458860185), np.float64(2.4937774026749393)]
Final fitness values: [np.float64(2.419368330260501), np.float64(2.419368330260501), np.float64(2.419368330260501), np.float64(2.419368330260501), np.float64(2.419368330260501), np.float64(2.419368330260501), np.float64(2.419368330260501), np.float64(2.419368330260501), np.float64(2.419368330260501), np.float64(2.419368330260501)]
HOF ITEM
2.419368330260501
1.39578978657978,0.5039109532822665,-1.5343290111682777,0.7672400210881222,2.889629465600347,2.980768883240716,1.1143516154604571,3.0,-0.461089600953578,2.898178798441433,2.916874181142598,1.7858571175786975,4.716058908231879,1.1139071463644166,5.22793540001133,5.914581862140657,0.0,-4.061543670663257
HOF ITEM
2.419368330260501
1.39578978657978,0.5039109532822665,-1.5343290111682777,0.7672400210881222,2.889629465600347,2.980768883240716,1.1143516154604571,3.0,-0.461089600953578,2.898178798441433,3.0,2.441249158219472,4.716058908231879,1.1139071463644166,5.22793540001133,5.914581862140657,0.0,-4.061543670663257
HOF ITEM
2.419368330260501
1.39578978657978,0.5039109532822665,-1.5343290111682777,0.7672400210881222,2.889629465600347,2.980768883240716,1.1143516154604571,3.0,-0.461089600953578,3.1049491586735836,2.916874181142598,1.7858571175786975,4.716058908231879,1.1139071463644166,5.22793540001133,5.914581862140657,0.0,-4.061543670663257
HOF ITEM
2.419368330260501
1.39578978657978,0.5039109532822665,-1.5343290111682777,0.7672400210881222,2.889629465600347,2.980768883240716,1.1143516154604571,3.0,-0.461089600953578,3.1049491586735836,3.0,1.7858571175786975,4.716058908231879,1.1139071463644166,5.22793540001133,5.914581862140657,0.0,-4.061543670663257
HOF ITEM
2.419368330260501
1.39578978657978,0.5039109532822665,-1.5343290111682777,0.7672400210881222,2.889629465600347,2.980768883240716,1.1143516154604571,3.0,-0.461089600953578,2.898178798441433,3.0,1.7858571175786975,4.716058908231879,1.1139071463644166,5.22793540001133,5.914581862140657,0.0,-4.061543670663257
seed 625
Initial fitness values: [np.float64(3.1031610376142615), np.float64(2.821772170008181), np.float64(2.816796347402919), np.float64(2.667054827002061), np.float64(2.5009274662407273), np.float64(2.4581517002376323), np.float64(2.4139719171491127), np.float64(2.413932402354289), np.float64(2.413932402354289), np.float64(2.4039450203632957)]
Final fitness values: [np.float64(2.3606367677284843), np.float64(2.3606367677284843), np.float64(2.3605943047858413), np.float64(2.360593731669312), np.float64(2.3605839880373654), np.float64(2.3605839880373654), np.float64(2.3605839613965114), np.float64(2.3605839613965114), np.float64(2.3605839613965114), np.float64(2.36058315127956)]
HOF ITEM
2.36058315127956
-4.749212269728397,1.5856603155129865,6.1252837810221905,3.8069744144440403,-0.1341403829247865,-5.7666106847127,6.284620786193302,1.3646743517185296,2.1750197618902454,-0.22328659781019827,0.19509045598064934,0.21006583702492895,-3.0357508340178088,2.3944357013578483,1.208643622665882,-3.470307518722619,2.271873489164369,-0.4663352408722029
HOF ITEM
2.3605839613965114
-4.749212269728397,1.5856603155129865,6.1252837810221905,3.5248916358595133,-0.1341403829247865,-5.743445192381994,6.2056004680016095,1.5408823879265379,2.1750197618902454,-0.144041465100317,0.565972920985505,0.21006583702492895,-3.0357508340178088,2.3944357013578483,1.208643622665882,-3.470307518722619,2.271873489164369,-0.4663352408722029
HOF ITEM
2.3605839613965114
-4.749212269728397,1.5856603155129865,6.1252837810221905,3.5248916358595133,-0.1341403829247865,-5.743445192381994,6.284620786193302,1.5408823879265379,2.1750197618902454,-0.144041465100317,0.565972920985505,0.21006583702492895,-3.0357508340178088,2.3944357013578483,1.208643622665882,-3.470307518722619,2.271873489164369,-0.4663352408722029
HOF ITEM
2.3605839662789596
-4.749212269728397,1.5856603155129865,6.1252837810221905,3.5248916358595133,-0.1341403829247865,-5.743445192381994,6.284620786193302,1.5408823879265379,2.1750197618902454,-0.144041465100317,0.565972920985505,0.20263189819908703,-3.0357508340178088,2.3944357013578483,1.208643622665882,-3.470307518722619,2.271873489164369,-0.4663352408722029
HOF ITEM
2.3605839662789596
-4.749212269728397,1.5856603155129865,6.1252837810221905,3.5248916358595133,-0.1341403829247865,-5.743445192381994,6.2056004680016095,1.5408823879265379,2.1750197618902454,-0.144041465100317,0.565972920985505,0.20263189819908703,-3.0357508340178088,2.3944357013578483,1.208643622665882,-3.470307518722619,2.271873489164369,-0.4663352408722029
seed 626
Initial fitness values: [np.float64(3.4146059227217735), np.float64(3.0802627985486875), np.float64(2.973086734606081), np.float64(2.8990541772783276), np.float64(2.8962867700005948), np.float64(2.87010460556679), np.float64(2.8690040224990776), np.float64(2.8690040224990776), np.float64(2.865399525675647), np.float64(2.8653925887515754)]
Final fitness values: [np.float64(2.722968500696041), np.float64(2.722968493896369), np.float64(2.711479945277464), np.float64(2.7075143368988526), np.float64(2.676026361414996), np.float64(2.651667895223489), np.float64(2.651667895223489), np.float64(2.6109501124340277), np.float64(2.6039981756179094), np.float64(2.507540269570584)]
HOF ITEM
2.507540269570584
-2.013341460970027,1.5540444076470035,5.326771061727079,-0.24959030311106134,6.166431422956557,-2.5535851813399995,3.2375237073839327,2.826168419039475,-2.5565197865960347,3.072861587804346,0.7955364465614743,-3.282487860667224,3.511359206843047,0.5244590691184299,-7.0,-0.814264783817696,2.1576284946145923,-0.48803859193970633
HOF ITEM
2.550824431970179
-2.013341460970027,1.5540444076470035,5.403650100090243,-0.132604497232574,6.78551350518325,-2.9920789002888903,3.0929192803111345,2.8554879030831386,-2.0224416680161292,2.9575514804714347,0.5252836278360131,-2.5145879952164965,2.8484711390411066,0.45213686679013065,-6.6065923855034665,-0.8298566521270968,2.1542721466489803,-0.5001695898784748
HOF ITEM
2.553153700290844
-2.057288201441707,1.5540444076470035,5.326771061727079,-0.14925861772093185,6.834596811143787,-2.4753144643581795,3.13607502439637,2.4894274371246667,-2.0224416680161292,3.255331737925383,0.24558229351971733,-3.282487860667224,3.511359206843047,0.9137342507550823,-7.0,-0.814264783817696,2.033248472229376,-0.5246968730008211
HOF ITEM
2.569904658516686
-2.0809148114494334,1.7039396372105708,5.755144755536255,0.16403705404838537,6.781773072200386,-3.355830984963796,2.9344034825204446,2.9885890089330656,-2.523331373338347,3.026390583417906,0.5319082038701174,-2.5012779725056533,2.7352505920158308,0.45213686679013065,-6.6065923855034665,-0.8298566521270968,2.554372962584496,-0.5001695898784748
HOF ITEM
2.5756478783672563
-2.013341460970027,1.5540444076470035,5.60681105663459,0.09173469576630497,6.547540288041599,-2.217265005870645,3.2563102056837083,3.0,-1.569474044281519,2.9575514804714347,0.0,-2.7131955252097106,3.1087618636659036,0.3460244701282723,-6.609102092690182,-0.8103225236574277,2.0232633762403327,-0.5378538840904504
seed 627
Initial fitness values: [np.float64(3.419326004418644), np.float64(3.091158889946385), np.float64(2.9835807933784233), np.float64(2.9298726331963563), np.float64(2.9087535443782415), np.float64(2.8373673121226908), np.float64(2.8373673121226908), np.float64(2.837215619672839), np.float64(2.835495409149072), np.float64(2.8330196841569553)]
Final fitness values: [np.float64(2.79937679808983), np.float64(2.7988964528770026), np.float64(2.79886336583047), np.float64(2.7987277147414282), np.float64(2.798374475241176), np.float64(2.7980432274768887), np.float64(2.797926764686748), np.float64(2.797926764686748), np.float64(2.797649653906139), np.float64(2.796292039449047)]
HOF ITEM
2.796292039449047
4.591080112963068,-0.5441468673423512,-1.3000942676013656,-4.959422245851128,2.038217037613587,5.27893069653337,1.682909295124968,1.3523576906525963,-1.943245126594822,3.387004663936012,1.049709999138261,4.108950508325349,4.34460678521567,2.8825464646480605,-0.5684077446567519,2.4593488820846625,1.254416518658035,5.561114993648889
HOF ITEM
2.7963678291632457
4.591080112963068,-0.5441468673423512,-1.3000942676013656,-4.959422245851128,2.038217037613587,5.426035908076893,1.682909295124968,1.3523576906525963,-1.943245126594822,3.387004663936012,1.049709999138261,4.108950508325349,4.401896782431279,2.6035216137714663,-0.5935151559943428,2.5555141185514376,1.144683814080317,5.935279177047644
HOF ITEM
2.7970039969409655
4.591080112963068,-0.5441468673423512,-1.5217641204976098,-4.959422245851128,2.038217037613587,5.5046487563065805,1.682909295124968,1.3678541525753287,-1.943245126594822,3.387004663936012,1.068909903141478,3.9158961904405976,4.401896782431279,2.6035216137714663,-0.5935151559943428,2.5555141185514376,1.4261271576466492,5.935279177047644
HOF ITEM
2.79750952661211
4.591080112963068,-0.5435320318074328,-1.3000942676013656,-4.959422245851128,2.038217037613587,5.002068024880523,1.682909295124968,1.3443903713970151,-1.943245126594822,3.387004663936012,1.068909903141478,4.108950508325349,4.401896782431279,2.6035216137714663,-0.5935151559943428,2.5555141185514376,1.144683814080317,5.449814111200208
HOF ITEM
2.797609016361373
4.591080112963068,-0.5435320318074328,-1.0461363087921307,-4.959422245851128,2.038217037613587,5.002068024880523,1.682909295124968,1.3443903713970151,-1.943245126594822,3.387004663936012,1.068909903141478,4.108950508325349,4.620447861618561,2.6035216137714663,-0.5112231289934839,2.61515684371529,1.144683814080317,5.449814111200208
seed 628
Initial fitness values: [np.float64(3.2146578525394176), np.float64(3.0239278479392615), np.float64(2.9496705941303403), np.float64(2.873709699221802), np.float64(2.873709699221802), np.float64(2.869793772478635), np.float64(2.8403515890503046), np.float64(2.816778155494773), np.float64(2.7471947523079763), np.float64(2.7471947523079763)]
Final fitness values: [np.float64(2.5498039557085654), np.float64(2.5498039557085654), np.float64(2.5498039557085654), np.float64(2.5498039557085654), np.float64(2.5498039557085654), np.float64(2.5498039557085654), np.float64(2.5498039557085654), np.float64(2.5498039557085654), np.float64(2.5498039557085654), np.float64(2.5498039557085654)]
HOF ITEM
2.5498039557085654
-4.36682404743769,1.8080193708695975,-1.202828686493996,-1.5084489243273556,-5.131399343667055,-3.5668852489815204,1.4191275037019597,0.4371269034848164,5.430496165509587,-2.2662306646511308,1.063176684000124,2.6995573098459396,-1.2168539554405007,1.2485058994568,-3.7320936658582227,-3.5487464120150083,2.146650081664548,6.537358820973207
HOF ITEM
2.550539209164164
-4.36682404743769,1.8080193708695975,-1.202828686493996,-1.5084489243273556,-5.131399343667055,-3.5668852489815204,1.4191275037019597,0.4371269034848164,5.430496165509587,-2.2662306646511308,1.063176684000124,2.6995573098459396,-1.2168539554405007,1.2485058994568,-3.7320936658582227,-3.5487464120150083,2.146650081664548,6.645671814854948
HOF ITEM
2.5548818079178837
-4.36682404743769,1.8080193708695975,-1.202828686493996,-1.5084489243273556,-5.131399343667055,-3.5668852489815204,1.4191275037019597,0.4371269034848164,5.430496165509587,-2.2662306646511308,1.063176684000124,2.6995573098459396,-1.2168539554405007,1.2485058994568,-3.7320936658582227,-3.650447372860996,2.146650081664548,6.537358820973207
HOF ITEM
2.5552955220597404
-4.36682404743769,1.8080193708695975,-1.202828686493996,-1.5084489243273556,-5.131399343667055,-3.5668852489815204,1.4191275037019597,0.4371269034848164,5.430496165509587,-2.2662306646511308,1.063176684000124,2.6995573098459396,-1.2168539554405007,1.2485058994568,-3.7320936658582227,-3.650447372860996,2.146650081664548,6.645671814854948
HOF ITEM
2.5568680648634583
-4.36682404743769,1.8080193708695975,-1.202828686493996,-1.5084489243273556,-5.131399343667055,-3.5668852489815204,1.4191275037019597,0.4371269034848164,5.430496165509587,-2.2662306646511308,1.063176684000124,2.6995573098459396,-0.8573211122595604,0.9308793655266412,-4.231295521721463,-3.650447372860996,2.146650081664548,6.537358820973207
seed 629
Initial fitness values: [np.float64(3.2205771446311053), np.float64(3.033933242512691), np.float64(3.033933242512691), np.float64(2.918461826544225), np.float64(2.9055782395580416), np.float64(2.90145949134493), np.float64(2.8919050206625965), np.float64(2.8850338713326216), np.float64(2.8747567658718647), np.float64(2.8669840808369322)]
Final fitness values: [np.float64(2.798833015280829), np.float64(2.798833015280829), np.float64(2.798833015280829), np.float64(2.7988330152808176), np.float64(2.7988328688558717), np.float64(2.798832868842008), np.float64(2.79883243266797), np.float64(2.79883243266797), np.float64(2.79883243266797), np.float64(2.79883243266797)]
HOF ITEM
2.79883243266797
7.0,-1.027959358887526,-3.501150430817114,-4.205048743176321,-3.107495907388819,-6.758779433710255,-4.205510896018504,0.8626694908509474,-0.12438638903530451,5.33578728287632,1.8396276110877485,-5.690522638346796,5.053418169995279,2.740860718837299,0.6076565102233393,1.7735337028563725,1.313610695870523,-5.401235278039633
HOF ITEM
2.79883243266797
7.0,-1.027959358887526,-3.501150430817114,-4.205048743176321,-3.107495907388819,-6.758779433710255,-4.205510896018504,0.8626694908509474,-0.12438638903530451,5.33578728287632,1.8396276110877485,-5.639844720653264,4.96184826933375,2.740860718837299,0.6076565102233393,1.7735337028563725,1.313610695870523,-5.401235278039633
HOF ITEM
2.79883243266797
7.0,-1.027959358887526,-3.501150430817114,-4.205048743176321,-3.107495907388819,-6.758779433710255,-4.205510896018504,0.8626694908509474,-0.12438638903530451,5.33578728287632,1.8396276110877485,-5.690522638346796,4.96184826933375,2.740860718837299,0.6076565102233393,1.7735337028563725,1.313610695870523,-5.401235278039633
HOF ITEM
2.79883243266797
7.0,-1.027959358887526,-3.501150430817114,-4.205048743176321,-3.107495907388819,-6.758779433710255,-4.205510896018504,0.8626694908509474,-0.12438638903530451,5.33578728287632,1.8396276110877485,-5.690522638346796,4.96184826933375,2.740860718837299,0.3201280353429406,1.7735337028563725,1.313610695870523,-5.401235278039633
HOF ITEM
2.7988324326679708
7.0,-1.027959358887526,-3.501150430817114,-4.205048743176321,-3.107495907388819,-6.758779433710255,-4.205510896018504,0.8626694908509474,-0.12438638903530451,5.33578728287632,1.8396276110877485,-6.098052153650697,5.053418169995279,2.740860718837299,0.6076565102233393,1.7735337028563725,1.313610695870523,-5.401235278039633
best parameter set
fitness 2.3586468123938995 seed 622
-4.670457022274446,1.5860436200473076,-5.835618464610538,4.701933199898229,-5.2053404400949885,1.5709844538916131,4.164816329927901,2.645108528640879,0.7088463082858507,3.117270271977454,1.7808795217194844,4.3052169731478545,-3.389911052776822,2.3297142519378973,-0.4603546013859142,3.692307356078725,0.6304659181593196,1.6482660473345512
