seeds are [960 961 962 963 964 965 966 967 968 969]
seed 960
Initial fitness values: [np.float64(5.394365034216018), np.float64(5.394365034216018), np.float64(5.165739122309733), np.float64(5.019574114817243), np.float64(4.746253880927483), np.float64(4.674950526694795), np.float64(4.652766819823279), np.float64(4.592615123034801), np.float64(4.592615123034801), np.float64(4.588572559987522)]
Final fitness values: [np.float64(4.383767083138946), np.float64(4.383767083138946), np.float64(4.383767083138946), np.float64(4.383767083138946), np.float64(4.383767083138946), np.float64(4.383767083138946), np.float64(4.383767083138946), np.float64(4.383767083138946), np.float64(4.383767083138946), np.float64(4.383767083138946)]
HOF ITEM
4.383767083138946
2.3403593912588403,0.11092990296471497,-6.729157914683096,-2.662767725447045,3.4312906443129476,-3.5379813305002377,5.86759831851407,0.0,-4.350286414845428,1.2697094458546947,3.0,5.574692014917357,5.033404395241759,0.0,-2.584770407692326,-2.8962889695487823,2.3378731206383367,3.9845452745394363
HOF ITEM
4.383771329559635
2.3403593912588403,0.11092990296471497,-6.729157914683096,-2.662767725447045,3.4312906443129476,-3.5379813305002377,5.86759831851407,0.0,-4.298612779048032,1.2697094458546947,3.0,5.574692014917357,5.033404395241759,0.0,-2.584770407692326,-2.8962889695487823,2.3378731206383367,3.9845452745394363
HOF ITEM
4.383952425185161
2.3403593912588403,0.11092990296471497,-6.729157914683096,-2.662767725447045,3.4312906443129476,-3.5379813305002377,5.86759831851407,0.0,-4.298612779048032,1.2697094458546947,3.0,5.574692014917357,5.033404395241759,0.0,-2.584770407692326,-2.8962889695487823,2.3378731206383367,3.9946465972565357
HOF ITEM
4.384412558543035
2.3403593912588403,0.11092990296471497,-6.729157914683096,-2.662767725447045,3.4312906443129476,-3.6154115881066518,5.654159339424553,0.0,-4.298612779048032,1.2697094458546947,3.0,5.574692014917357,5.033404395241759,0.0,-2.584770407692326,-2.8962889695487823,2.3378731206383367,3.9089293764067294
HOF ITEM
4.384458824856115
2.3403593912588403,0.11092990296471497,-6.729157914683096,-2.662767725447045,3.4312906443129476,-3.6154115881066518,5.654159339424553,0.0,-4.350286414845428,1.2697094458546947,3.0,5.574692014917357,5.033404395241759,0.0,-2.584770407692326,-2.8962889695487823,2.3378731206383367,3.9089293764067294
seed 961
Initial fitness values: [np.float64(5.68103862166489), np.float64(5.32026686363758), np.float64(5.3100246375186355), np.float64(5.1779087132241814), np.float64(5.1779087132241814), np.float64(5.134692852074487), np.float64(5.090651773650723), np.float64(5.090651773650723), np.float64(5.079408886434155), np.float64(5.02735907514745)]
Final fitness values: [np.float64(4.257402650353946), np.float64(4.257402650353946), np.float64(4.257402650353946), np.float64(4.257402650353946), np.float64(4.257402650353946), np.float64(4.25721865035793), np.float64(4.25721865035793), np.float64(4.25721865035793), np.float64(4.25721865035793), np.float64(4.25721865035793)]
HOF ITEM
4.25721865035793
-4.57904259447745,1.5616433628710853,-2.1531250329819924,0.5519002443305273,-2.2163030176609113,-5.939869866335291,-2.088210449174935,2.2816153249064857,5.230288115384592,4.451232958409354,0.0,0.3292840379918984,6.141290551221352,0.2444066311536281,2.795533042430201,-3.3020644318208157,2.3132222586765034,-0.6270234936316825
HOF ITEM
4.257233593815219
-4.57904259447745,1.5616433628710853,-2.1531250329819924,0.5519002443305273,-2.2163030176609113,-5.939869866335291,-2.088210449174935,2.2816153249064857,5.230288115384592,4.451232958409354,0.0,0.3292840379918984,6.300676114925392,0.21551023157223428,2.795533042430201,-3.3020644318208157,2.3132222586765034,-0.6270234936316825
HOF ITEM
4.257258178467154
-4.57904259447745,1.5616433628710853,-2.1531250329819924,0.5519002443305273,-2.2163030176609113,-5.939869866335291,-2.088210449174935,2.2816153249064857,5.230288115384592,4.451232958409354,0.0,0.3292840379918984,6.141290551221352,0.21551023157223428,2.795533042430201,-3.3020644318208157,2.3132222586765034,-0.6270234936316825
HOF ITEM
4.25736085993569
-4.57904259447745,1.5616433628710853,-2.1531250329819924,0.5519002443305273,-2.2163030176609113,-5.939869866335291,-2.088210449174935,2.2816153249064857,5.230288115384592,4.451232958409354,0.0,0.023279014933757308,6.300676114925392,0.2444066311536281,2.795533042430201,-3.3020644318208157,2.3132222586765034,-0.6270234936316825
HOF ITEM
4.257365919415939
-4.57904259447745,1.5616433628710853,-2.1531250329819924,0.5519002443305273,-2.2163030176609113,-5.939869866335291,-2.088210449174935,2.2816153249064857,5.230288115384592,4.451232958409354,0.22895296745921728,0.3292840379918984,6.141290551221352,0.2444066311536281,2.795533042430201,-3.3020644318208157,2.3132222586765034,-0.6270234936316825
seed 962
Initial fitness values: [np.float64(5.3417632647147215), np.float64(5.138767556959214), np.float64(5.045836235623339), np.float64(5.045836235623339), np.float64(5.026526864830135), np.float64(5.016314134742117), np.float64(4.972015899131994), np.float64(4.970953934309249), np.float64(4.867564018267663), np.float64(4.794159591201574)]
Final fitness values: [np.float64(4.506823543543712), np.float64(4.506820605476554), np.float64(4.506816567060176), np.float64(4.506805137471016), np.float64(4.506789974867854), np.float64(4.506758155329157), np.float64(4.506757476447186), np.float64(4.5067567139162765), np.float64(4.506724477637642), np.float64(4.50646017083246)]
HOF ITEM
4.50646017083246
4.384535875950384,-1.096177198273383,7.0,1.6560791910400532,4.818147342012247,-2.1080217218544375,6.415645684589257,2.0743162532183437,4.146075488014085,3.3713734563869036,2.0324809055670787,2.048264097406791,3.7937308845211586,0.0,-6.784848714481261,1.298273460916867,2.605315814994073,-0.4535345844728427
HOF ITEM
4.506707976548026
4.384535875950384,-1.096177198273383,7.0,2.274823592112364,4.82396562059008,-2.143729194594675,6.415645684589257,2.1328926605690515,4.246911611283564,3.3713734563869036,2.2904074477854683,2.048264097406791,4.108305000195015,0.0,-7.0,1.298273460916867,2.603018823189259,-0.4535345844728427
HOF ITEM
4.506717921844354
4.384535875950384,-1.096177198273383,7.0,2.274823592112364,4.965617768540002,-2.10526354581241,6.292925777534291,0.6983166856455671,4.273935804924965,3.3713734563869036,1.7566862821387441,2.048264097406791,4.108305000195015,0.0,-7.0,1.298273460916867,2.603018823189259,-0.4535345844728427
HOF ITEM
4.506719295387036
4.384535875950384,-1.096177198273383,7.0,2.274823592112364,4.965617768540002,-2.10526354581241,6.292925777534291,0.5162657525009807,4.273935804924965,3.098713720507271,1.3849465792958575,2.048264097406791,4.108305000195015,0.0,-7.0,1.298273460916867,2.603018823189259,-0.4535345844728427
HOF ITEM
4.506724477637642
4.384466010703564,-1.096177198273383,6.685763420965572,1.6560791910400532,4.615062531275419,-2.2191636230482517,6.019927442647272,0.5162657525009807,4.273935804924965,3.098713720507271,1.3510781274550774,2.048264097406791,3.998905962610183,0.0,-7.0,1.298273460916867,2.603018823189259,-0.4535345844728427
seed 963
Initial fitness values: [np.float64(5.879547561421846), np.float64(5.332544142668089), np.float64(5.332544142668089), np.float64(5.237240842176122), np.float64(5.129083519876854), np.float64(4.966843068137338), np.float64(4.960341828598395), np.float64(4.889079847612273), np.float64(4.889079847612273), np.float64(4.887910625730248)]
Final fitness values: [np.float64(4.011923232577756), np.float64(4.011863947388608), np.float64(3.9992081897951537), np.float64(3.994970523538618), np.float64(3.994970523538618), np.float64(3.994970523538618), np.float64(3.994970523538618), np.float64(3.994970523538618), np.float64(3.9701817476661816), np.float64(3.9199711098774817)]
HOF ITEM
3.9199711098774817
0.3099409829311665,1.4180107395114685,4.685153114571529,0.1886854520096139,5.2741973298674,2.8903102996463135,-1.94780160886456,0.4381110856255963,-0.061677882412631634,-2.436412675990293,2.7254789147815055,5.335194822790553,-0.2130789589293091,2.2448816692233877,4.417272483915839,0.8682485284985738,2.201601785525234,-0.6629892140041862
HOF ITEM
3.9701817476661816
0.36194059226516573,1.4180107395114685,4.781135373073422,0.1886854520096139,5.167744817777821,2.9036990495858475,-2.301202922477016,0.6710996296512663,-0.061677882412631634,-2.436412675990293,2.7254789147815055,5.532682607141854,-0.2130789589293091,2.2448816692233877,4.380436265623606,0.8682485284985738,2.0189415483361635,-0.6629892140041862
HOF ITEM
3.994970523538618
0.36194059226516573,1.3000645675375202,4.781135373073422,0.1886854520096139,5.167744817777821,2.9036990495858475,-2.1834542397793104,0.047562253255427844,-0.061677882412631634,-2.436412675990293,2.7254789147815055,5.1648988777118365,-0.2130789589293091,2.2448816692233877,4.240780485954426,0.9274921427846057,2.0189415483361635,-0.8604057342703592
HOF ITEM
3.9992081897951537
0.36194059226516573,1.3000645675375202,4.781135373073422,-0.12119699068815531,5.167744817777821,2.9036990495858475,-2.0794392480088932,0.0,-0.12154312203871925,-2.436412675990293,2.7254789147815055,5.1648988777118365,-0.2130789589293091,2.2448816692233877,4.240780485954426,0.9274921427846057,2.0189415483361635,-0.8604057342703592
HOF ITEM
4.007369956252671
0.36194059226516573,1.4180107395114685,4.781135373073422,0.1886854520096139,5.167744817777821,2.9036990495858475,-2.301202922477016,0.6710996296512663,-0.061677882412631634,-2.436412675990293,2.7254789147815055,5.1648988777118365,-0.2130789589293091,2.2448816692233877,4.240780485954426,0.8682485284985738,2.0189415483361635,-0.6629892140041862
seed 964
Initial fitness values: [np.float64(6.3649166163188), np.float64(5.95890204413041), np.float64(5.276083195967441), np.float64(5.170275400237813), np.float64(5.094147015239806), np.float64(5.0805569157026875), np.float64(4.988007520824151), np.float64(4.908445146449077), np.float64(4.838918665259604), np.float64(4.838918665259604)]
Final fitness values: [np.float64(4.256824698588778), np.float64(4.256824698588778), np.float64(4.255625076981054), np.float64(4.255625076981054), np.float64(4.255625076981054), np.float64(4.25562507698105), np.float64(4.254828138863421), np.float64(4.254828138863421), np.float64(4.25266403060228), np.float64(4.25266403060228)]
HOF ITEM
4.25266403060228
-3.027222895423874,1.5679541399367354,5.446673996608039,3.190158084549419,-3.5151089436850547,-3.166112530358451,-1.87125488987139,2.7917251333619832,-2.3894566118484963,0.5091540945181514,3.0,7.0,6.461261367407129,2.9999769866255686,0.7614076193578146,3.1244060016971984,1.5230706360098536,0.5991036129275868
HOF ITEM
4.254828138863421
-3.027222895423874,1.5679541399367354,5.446673996608039,3.1519950970605333,-3.5151089436850547,-3.030026078696975,-1.87125488987139,2.7796027355792616,-2.3707139782342,0.5810140229228639,3.0,7.0,6.461261367407129,3.0,0.5776305014788055,3.5625806616170608,1.705993922111464,0.7592738527568857
HOF ITEM
4.254828138863421
-3.027222895423874,1.5679541399367354,5.446673996608039,3.1519950970605333,-3.5151089436850547,-3.030026078696975,-1.87125488987139,2.7796027355792616,-2.3707139782342,0.5810140229228639,3.0,7.0,6.44492284075899,3.0,0.5776305014788055,3.5625806616170608,1.705993922111464,0.7592738527568857
HOF ITEM
4.254828139019962
-3.027222895423874,1.5679541399367354,5.446673996608039,3.1519950970605333,-3.5151089436850547,-3.030026078696975,-1.87125488987139,2.7796027355792616,-2.3707139782342,0.5810140229228639,3.0,6.984388232263225,6.461261367407129,2.9999769866255686,0.7614076193578146,3.2848860548695376,1.5230706360098536,0.386770051679638
HOF ITEM
4.254828139019962
-3.027222895423874,1.5679541399367354,5.446673996608039,3.1519950970605333,-3.5151089436850547,-3.030026078696975,-1.87125488987139,2.7796027355792616,-2.3707139782342,0.5810140229228639,3.0,7.0,6.461261367407129,2.9999769866255686,0.7614076193578146,3.2848860548695376,1.5230706360098536,0.386770051679638
seed 965
Initial fitness values: [np.float64(6.181687877053488), np.float64(5.827527400460238), np.float64(5.504099312149085), np.float64(5.261954543559506), np.float64(5.079228572742114), np.float64(5.048792597403345), np.float64(5.048792597403345), np.float64(5.032977670195107), np.float64(5.032977670195107), np.float64(4.849064711845333)]
Final fitness values: [np.float64(4.316082694252215), np.float64(4.315765739050988), np.float64(4.315765739050988), np.float64(4.315765739050942), np.float64(4.315765022342415), np.float64(4.315762309612294), np.float64(4.315728901623383), np.float64(4.315680845756903), np.float64(4.315680845756903), np.float64(4.3156359231860275)]
HOF ITEM
4.3156359231860275
1.1424042544518669,0.6168249714669507,-2.5939653350999126,2.1496618826846787,-6.563497479534827,2.836482231387749,2.5103024891546233,1.4846714721801677,-3.7925837401131517,5.447346276709049,3.0,-6.908997236264745,1.0555470153885949,3.0,-0.4404953552658055,6.348121995413223,1.108157513320471,-6.962283675724426
HOF ITEM
4.315657243864314
1.1424042544518669,0.6168249714669507,-2.8092747713772073,1.6452511878081135,-7.0,2.5567075333103455,2.5103024891546233,1.4846714721801677,-3.9815350371604694,5.4786140498768425,2.9069759350734152,-6.608860277659436,1.0555470153885949,3.0,-0.4404953552658055,5.298221459764367,0.9277710712882892,-7.0
HOF ITEM
4.315668354440723
1.1424042544518669,0.616791450666336,-2.969426141413189,1.731055212272806,-6.560293190538607,2.6286109216400653,2.5103024891546233,1.4846714721801677,-3.892632673860638,5.4786140498768425,2.9069759350734152,-6.608860277659436,1.0555470153885949,3.0,-0.4404953552658055,5.199568936639971,1.124205440391436,-6.962283675724426
HOF ITEM
4.315668752346425
1.1424042544518669,0.616791450666336,-2.969426141413189,1.731055212272806,-6.563497479534827,2.6286109216400653,2.5103024891546233,1.4846714721801677,-3.892632673860638,5.4786140498768425,2.9069759350734152,-6.8769170952081025,1.0555470153885949,3.0,-0.4404953552658055,5.199568936639971,1.124205440391436,-6.962283675724426
HOF ITEM
4.315668774464301
1.1424042544518669,0.616791450666336,-2.969426141413189,1.731055212272806,-6.563497479534827,2.676604215501434,2.5103024891546233,1.4846714721801677,-3.892632673860638,5.4786140498768425,2.9069759350734152,-6.608860277659436,1.0555470153885949,3.0,-0.4404953552658055,5.199568936639971,1.124205440391436,-6.962283675724426
seed 966
Initial fitness values: [np.float64(6.003176806012902), np.float64(5.860696665159498), np.float64(5.377846419702692), np.float64(5.33357818210583), np.float64(5.081442616257769), np.float64(4.982014753508835), np.float64(4.749580033480196), np.float64(4.749580033480196), np.float64(4.678813130044387), np.float64(4.6774298417261875)]
Final fitness values: [np.float64(4.288961653831065), np.float64(4.288961653831065), np.float64(4.288961653831065), np.float64(4.288961653831065), np.float64(4.288961653831065), np.float64(4.288961653831065), np.float64(4.288961653831065), np.float64(4.288961653831065), np.float64(4.288961653831065), np.float64(4.288961653831065)]
HOF ITEM
4.288961653831065
-6.404801473897162,1.5726932124535473,-0.0244234274976996,-5.868957547696798,1.2693187401601236,4.398719886557698,6.074034538439168,0.0,-1.3641213147131839,1.182611758511868,0.6539118654649003,1.2694594026807513,-5.269373848471505,1.9119416487216412,-1.385644477797767,6.01602676273457,1.278814820628873,-3.96335683662213
HOF ITEM
4.288961653831065
-6.404801473897162,1.5726932124535473,-0.0244234274976996,-5.868957547696798,1.2693187401601236,4.398719886557698,6.074034538439168,0.0,-1.3641213147131839,1.182611758511868,0.6539118654649003,1.2694594026807513,-5.269373848471505,1.9119416487216412,-1.385644477797767,6.16100907158602,1.5927107644664267,-3.96335683662213
HOF ITEM
4.288961653831065
-6.404801473897162,1.5726932124535473,-0.0244234274976996,-5.868957547696798,1.2693187401601236,4.398719886557698,6.074034538439168,0.0,-1.3641213147131839,1.182611758511868,0.6539118654649003,1.2694594026807513,-5.269373848471505,1.9119416487216412,-1.385644477797767,5.862148788491792,1.278814820628873,-3.96335683662213
HOF ITEM
4.288961653831065
-6.404801473897162,1.5726932124535473,-0.0244234274976996,-5.868957547696798,1.2693187401601236,4.398719886557698,6.074034538439168,0.0,-1.3641213147131839,1.182611758511868,0.6539118654649003,1.2694594026807513,-5.269373848471505,1.9119416487216412,-1.385644477797767,6.01602676273457,1.5927107644664267,-3.96335683662213
HOF ITEM
4.288961653831065
-6.404801473897162,1.5726932124535473,-0.0244234274976996,-5.868957547696798,1.2693187401601236,4.398719886557698,6.074034538439168,0.0,-1.3641213147131839,1.182611758511868,0.6539118654649003,1.2694594026807513,-5.269373848471505,1.9119416487216412,-1.385644477797767,6.16100907158602,1.278814820628873,-3.96335683662213
seed 967
Initial fitness values: [np.float64(5.788755550782743), np.float64(5.601783790175132), np.float64(5.352666405970142), np.float64(5.228532291355442), np.float64(5.213451672184421), np.float64(5.1761754301110905), np.float64(5.1761754301110905), np.float64(5.031208709605918), np.float64(4.942873088859196), np.float64(4.9428730888591055)]
Final fitness values: [np.float64(4.262091485785178), np.float64(4.246298354933866), np.float64(4.246298354933866), np.float64(4.244337277350516), np.float64(4.244337277350516), np.float64(4.244337277350516), np.float64(4.244337277350516), np.float64(4.244337277350516), np.float64(4.244337277350516), np.float64(4.244337277350516)]
HOF ITEM
4.244337277350516
-3.0157675646333075,1.3255777295084117,0.6411581588505402,-1.5557891119221094,-1.446948777821166,-2.8888246074563115,-2.213305385544023,1.966610162703561,-3.458871388927061,2.106984741277719,1.8515720925487196,-5.490217786468979,0.4259133105918127,0.8764335093593459,5.9848844738993785,4.070753578112686,2.288550517179332,-5.030942574028325
HOF ITEM
4.244337277350516
-3.0157675646333075,1.3255777295084117,0.6411581588505402,-1.5557891119221094,-1.446948777821166,-2.8888246074563115,-2.213305385544023,1.966610162703561,-3.458871388927061,2.106984741277719,1.8515720925487196,-5.490217786468979,0.4259133105918127,0.8764335093593459,5.9848844738993785,4.070753578112686,1.9716401184933168,-5.1117653326641115
HOF ITEM
4.244337277350516
-3.0157675646333075,1.3255777295084117,0.6411581588505402,-1.5557891119221094,-1.446948777821166,-2.8888246074563115,-2.213305385544023,1.966610162703561,-3.458871388927061,2.106984741277719,1.8515720925487196,-5.490217786468979,0.4259133105918127,0.8764335093593459,5.9848844738993785,4.070753578112686,2.288550517179332,-5.1117653326641115
HOF ITEM
4.244337277350516
-3.0157675646333075,1.3255777295084117,0.6411581588505402,-1.5557891119221094,-1.446948777821166,-2.8888246074563115,-2.213305385544023,1.966610162703561,-3.458871388927061,2.106984741277719,1.8515720925487196,-5.490217786468979,0.4259133105918127,0.8764335093593459,5.9848844738993785,4.070753578112686,1.9716401184933168,-5.030942574028325
HOF ITEM
4.244337277350528
-3.0157675646333075,1.3255777295084117,0.6411581588505402,-1.5557891119221094,-1.446948777821166,-2.8888246074563115,-2.213305385544023,1.966610162703561,-3.458871388927061,2.106984741277719,1.8515720925487196,-5.490217786468979,0.4259133105918127,0.8764335093593459,5.9848844738993785,4.070753578112686,1.769333627166966,-5.030942574028325
seed 968
Initial fitness values: [np.float64(6.547864161030395), np.float64(5.805241042754379), np.float64(5.488647434447584), np.float64(4.786283849582964), np.float64(4.786283849582964), np.float64(4.577823705583614), np.float64(4.474881150996553), np.float64(4.321679331814757), np.float64(4.321679331814757), np.float64(4.292344464413872)]
Final fitness values: [np.float64(4.129493148860246), np.float64(4.129493148859806), np.float64(4.129493148859806), np.float64(4.12949314848483), np.float64(4.12949314848483), np.float64(4.12949314848483), np.float64(4.129493148484389), np.float64(4.129493148484389), np.float64(4.129493148484389), np.float64(4.129493148484389)]
HOF ITEM
4.129493148484389
-3.395246145200172,1.263174817420036,3.2102136503179235,-2.4368538289879913,4.506122619320902,1.267098625768707,-4.551900310786405,2.4696964901542775,5.023942502361055,1.2451762228854915,1.7581203056012127,0.7306275479830633,-2.5955585575006475,1.9509910038903742,-3.1343952612573953,-0.6445476525457593,2.8221076822900732,-4.033006391921046
HOF ITEM
4.12949314848483
-3.395246145200172,1.263174817420036,3.2102136503179235,-2.4368538289879913,4.506122619320902,1.267098625768707,-4.551900310786405,2.4696964901542775,5.023942502361055,1.2451762228854915,1.7581203056012127,0.98088813786219,-2.5955585575006475,1.9509910038903742,-3.1343952612573953,-0.6445476525457593,2.8221076822900732,-4.033006391921046
HOF ITEM
4.129493148859806
-3.395246145200172,1.263174817420036,3.2102136503179235,-2.4368538289879913,4.506122619320902,1.267098625768707,-4.551900310786405,2.4696964901542775,5.023942502361055,1.2451762228854915,1.7581203056012127,0.7306275479830633,-2.5955585575006475,1.9509910038903742,-3.1343952612573953,-0.6445476525457593,2.8221076822900732,-4.501027260091765
HOF ITEM
4.129493148860246
-3.395246145200172,1.263174817420036,3.2102136503179235,-2.4368538289879913,4.506122619320902,1.267098625768707,-4.551900310786405,2.4696964901542775,5.023942502361055,1.2451762228854915,1.7581203056012127,0.98088813786219,-2.5955585575006475,1.9509910038903742,-3.1343952612573953,-0.6445476525457593,2.8221076822900732,-4.501027260091765
HOF ITEM
4.129494095002628
-3.395246145200172,1.263174817420036,3.2102136503179235,-2.4368538289879913,4.506122619320902,1.267098625768707,-4.551900310786405,2.4696964901542775,5.023942502361055,1.2451762228854915,1.7581203056012127,0.98088813786219,-2.5955585575006475,1.9509910038903742,-3.1343952612573953,-0.8164694119275592,2.8221076822900732,-4.033006391921046
seed 969
Initial fitness values: [np.float64(6.3997909773597215), np.float64(5.142388359579076), np.float64(5.142388359579076), np.float64(5.1113894282286605), np.float64(4.715977100428493), np.float64(4.615333842193909), np.float64(4.615333842193909), np.float64(4.497371909278598), np.float64(4.445680862416532), np.float64(4.445680862416532)]
Final fitness values: [np.float64(4.236541873652705), np.float64(4.236541873652705), np.float64(4.236541873652705), np.float64(4.236541873652705), np.float64(4.235397236058663), np.float64(4.235397236058663), np.float64(4.235257056081281), np.float64(4.235257056081281), np.float64(4.235103980448677), np.float64(4.234893464640818)]
HOF ITEM
4.234893464640818
-4.250444478337124,1.5885217736554906,6.9990748603998885,5.454025465552954,-2.984024962269733,0.9780999541650112,6.068934200277492,2.435852005734551,-6.560887757333246,-1.354349719409936,2.4149071289332107,2.203951166415638,-2.965286191250982,2.4736993966936116,-0.4597774758908967,5.463853111095718,2.2597071398177526,-4.745299413399054
HOF ITEM
4.235091622865207
-4.250444478337124,1.5885217736554906,7.0,5.679209252173838,-2.923247239695119,0.9780999541650112,6.086134723449573,1.9922870314097147,-6.040520813500476,-1.354349719409936,2.868040802482014,2.420548327722449,-2.965286191250982,2.4715583975487383,-0.4597774758908967,5.463853111095718,2.2597071398177526,-4.745299413399054
HOF ITEM
4.235103980448677
-4.250444478337124,1.5885217736554906,7.0,5.679209252173838,-2.923247239695119,0.9780999541650112,6.086134723449573,1.9922870314097147,-6.040520813500476,-1.354349719409936,2.4024806961556555,2.598599146183267,-2.965286191250982,2.4715583975487383,-0.4597774758908967,5.463853111095718,2.2597071398177526,-4.745299413399054
HOF ITEM
4.235117225195938
-4.250444478337124,1.5885217736554906,7.0,5.388198288003972,-2.984024962269733,0.9780999541650112,6.086134723449573,2.278029119860267,-6.897643193291277,-1.1128482167619052,2.868040802482014,2.4173252097779043,-2.965286191250982,2.4715583975487383,-0.4597774758908967,5.463853111095718,1.9129833272563292,-4.623386082668082
HOF ITEM
4.235124941108743
-4.250444478337124,1.5885217736554906,6.967020640014784,5.454025465552954,-2.984024962269733,0.9623215542046911,6.076941707070885,2.2215731881727088,-6.560887757333246,-0.9827691655948875,2.868040802482014,2.6837097166425066,-2.965286191250982,2.4715583975487383,-0.4597774758908967,5.463853111095718,2.2597071398177526,-4.710275943732995
best parameter set
fitness 3.4262846006128056 seed 963
-0.5786149973214868,1.608708361747834,4.561771182319123,0.366271717791426,5.232421210153364,2.87321289270757,-2.440706178811395,0.7074688757623808,-0.029696788981021564,-2.4501129256493233,2.7308715014385796,5.7137340281670435,-0.12574773245228923,1.1065829800369162,4.36398224292523,0.37481552278146213,2.1492308233111563,-0.6928075935125969
