seeds are [270 271 272 273 274 275 276 277 278 279]
seed 270
Initial fitness values: [np.float64(3.399309886818412), np.float64(3.386037272075904), np.float64(2.902177981389401), np.float64(2.902177981389401), np.float64(2.8572319957699044), np.float64(2.827444567156792), np.float64(2.8065416980430156), np.float64(2.8065416980430156), np.float64(2.7752055308085812), np.float64(2.7729781520957144)]
Final fitness values: [np.float64(2.3584480572459614), np.float64(2.3568086263330255), np.float64(2.3568395253476684), np.float64(2.3568395253476684), np.float64(2.355736825167905), np.float64(2.355498583682877), np.float64(2.355498583682877), np.float64(2.3554984906370713), np.float64(2.3554984906370713), np.float64(2.3554984906370713)]
HOF ITEM
2.3554984906370713
-3.9682261004275743,1.590804137634861,-3.253761492136824,1.027558423414739,4.922686439397388,3.3669019467985386,6.753832817348102,3.0,0.607146798294205,4.397122297652324,0.8467991150535787,1.8760481194372034,-2.905675733031144,2.5647013164017065,-3.3817300720488968,4.881609685508949,1.6139471207274263,-0.10210105880198617
HOF ITEM
2.3554984906370713
-3.9682261004275743,1.590804137634861,-3.253761492136824,1.027558423414739,4.922686439397388,3.3669019467985386,6.741432258111644,3.0,0.607146798294205,4.397122297652324,0.8467991150535787,1.8760481194372034,-2.905675733031144,2.5647013164017065,-3.3817300720488968,4.881609685508949,1.6139471207274263,-0.10210105880198617
HOF ITEM
2.355498583682877
-3.9682261004275743,1.590804137634861,-3.253761492136824,1.027558423414739,4.922686439397388,3.3669019467985386,6.741432258111644,3.0,0.607146798294205,4.397122297652324,0.8467991150535787,1.5657880935522643,-2.905675733031144,2.5647013164017065,-3.3817300720488968,4.92304502986792,2.353514186578895,-0.08307725280352575
HOF ITEM
2.355498583682877
-3.9682261004275743,1.590804137634861,-3.253761492136824,1.027558423414739,4.922686439397388,3.3669019467985386,6.753832817348102,3.0,0.607146798294205,4.397122297652324,0.8467991150535787,1.5657880935522643,-2.905675733031144,2.5647013164017065,-3.3817300720488968,4.881609685508949,1.6139471207274263,-0.10210105880198617
HOF ITEM
2.355498583682877
-3.9682261004275743,1.590804137634861,-3.253761492136824,1.027558423414739,4.922686439397388,3.3669019467985386,6.741432258111644,3.0,0.607146798294205,4.397122297652324,0.8467991150535787,1.5657880935522643,-2.905675733031144,2.5647013164017065,-3.3817300720488968,4.8865978215443135,1.6139471207274263,-0.10210105880198617
seed 271
Initial fitness values: [np.float64(3.2234050202133595), np.float64(3.00413573762257), np.float64(2.8698648071333657), np.float64(2.8661822740841125), np.float64(2.7838126293408445), np.float64(2.604545886164542), np.float64(2.4677650911974043), np.float64(2.4469074663897166), np.float64(2.427845789478006), np.float64(2.427845789478006)]
Final fitness values: [np.float64(2.371160196202319), np.float64(2.371160196202319), np.float64(2.371160196202319), np.float64(2.371160196202319), np.float64(2.371160196202319), np.float64(2.371160196202319), np.float64(2.371160196202319), np.float64(2.371160196202319), np.float64(2.371160196202319), np.float64(2.371160196202319)]
HOF ITEM
2.371160196202319
-5.2921258303830525,1.5819823457346271,2.9200766892252705,-6.436093012071299,0.4250344378697083,-2.2103211492310377,-4.497679898942288,2.1694739358088206,-4.675618681980306,-6.909068872481532,0.8630061499838275,-4.735352785840105,1.7258879556608955,2.8803344361230754,6.620601389693962,-2.152799759711922,0.971356264685591,-5.2101984625649145
HOF ITEM
2.371160196202319
-5.2921258303830525,1.5819823457346271,2.9200766892252705,-6.436093012071299,0.4250344378697083,-2.2103211492310377,-4.497679898942288,2.1694739358088206,-4.675618681980306,-6.909068872481532,0.8630061499838275,-4.735352785840105,1.7258879556608955,2.8587087301591554,6.700399743457079,-2.152799759711922,0.971356264685591,-5.2101984625649145
HOF ITEM
2.371160196202319
-5.2921258303830525,1.5819823457346271,2.9200766892252705,-6.436093012071299,0.4250344378697083,-2.2103211492310377,-4.497679898942288,2.1694739358088206,-4.675618681980306,-6.909068872481532,0.8630061499838275,-4.735352785840105,1.7258879556608955,2.8803344361230754,6.700399743457079,-2.152799759711922,0.971356264685591,-5.2101984625649145
HOF ITEM
2.371160196202319
-5.2921258303830525,1.5819823457346271,2.9200766892252705,-6.436093012071299,0.4250344378697083,-2.2103211492310377,-4.497679898942288,2.1694739358088206,-4.675618681980306,-6.909068872481532,0.8630061499838275,-4.735352785840105,1.7258879556608955,2.8587087301591554,6.620601389693962,-2.152799759711922,0.971356264685591,-5.2101984625649145
HOF ITEM
2.371328091688854
-5.2921258303830525,1.5819823457346271,2.9200766892252705,-6.436093012071299,0.4250344378697083,-2.2103211492310377,-4.497679898942288,2.1694739358088206,-4.675618681980306,-6.909068872481532,0.8630061499838275,-4.735352785840105,1.7258879556608955,2.8803344361230754,6.620601389693962,-2.1751006214720285,0.971356264685591,-5.2101984625649145
seed 272
Initial fitness values: [np.float64(3.5616068441467537), np.float64(3.24950870582863), np.float64(3.019293312743439), np.float64(2.9566561106301372), np.float64(2.90984528024489), np.float64(2.8452207234428113), np.float64(2.836475297578211), np.float64(2.737048120770841), np.float64(2.6590062524744837), np.float64(2.6590062524744837)]
Final fitness values: [np.float64(2.396738211922636), np.float64(2.396738211922636), np.float64(2.396738211922636), np.float64(2.396738211922636), np.float64(2.396738211922636), np.float64(2.396738211922636), np.float64(2.396738211922636), np.float64(2.396738211922636), np.float64(2.396738211922636), np.float64(2.396738211922636)]
HOF ITEM
2.396738211922636
2.9719144837440115,-0.45079552531559086,-4.153922945845399,4.700641690058492,2.383988662122043,-5.743946751649161,3.198010951040761,0.0304895980906552,-3.7484203844775577,1.87602040666092,1.9345473546045655,-2.1776934477116985,1.4578300442969654,0.6352936758134632,-4.129607636802987,0.48604260413709377,2.648999664761822,6.195897374910933
HOF ITEM
2.3968260928565703
2.971132605259827,-0.45079552531559086,-4.153922945845399,4.700641690058492,2.383988662122043,-5.743946751649161,3.198010951040761,0.0304895980906552,-3.7484203844775577,1.87602040666092,1.9345473546045655,-2.1776934477116985,1.4578300442969654,0.6352936758134632,-4.129607636802987,0.48604260413709377,2.648999664761822,6.195897374910933
HOF ITEM
2.3970105251164746
2.9719144837440115,-0.45079552531559086,-4.153922945845399,4.700641690058492,2.383988662122043,-5.743946751649161,3.198010951040761,0.0304895980906552,-3.7484203844775577,1.87602040666092,1.9345473546045655,-2.1776934477116985,1.4578300442969654,0.6352936758134632,-4.340863839798965,0.48604260413709377,2.648999664761822,6.195897374910933
HOF ITEM
2.398899663489539
2.9719144837440115,-0.45079552531559086,-4.153922945845399,4.700641690058492,2.383988662122043,-5.743946751649161,3.198010951040761,0.0304895980906552,-3.7484203844775577,1.87602040666092,1.9688352315914128,-2.2945355444379105,1.4578300442969654,0.6352936758134632,-4.254806781228981,0.48604260413709377,2.648999664761822,6.195897374910933
HOF ITEM
2.3989898744252978
2.9719144837440115,-0.45079552531559086,-4.153922945845399,4.700641690058492,2.383988662122043,-5.743946751649161,3.198010951040761,0.0304895980906552,-3.7484203844775577,1.87602040666092,1.9345473546045655,-2.0660866343880353,1.4578300442969654,0.6352936758134632,-4.129607636802987,0.48604260413709377,2.648999664761822,6.195897374910933
seed 273
Initial fitness values: [np.float64(3.522424867980061), np.float64(3.3871106204729973), np.float64(3.1438675020315117), np.float64(3.0987943671629936), np.float64(3.0854205936168833), np.float64(2.939877215265912), np.float64(2.8589549237934655), np.float64(2.827262371411944), np.float64(2.717913943151272), np.float64(2.680015847693367)]
Final fitness values: [np.float64(2.3802951098516854), np.float64(2.3802565335032178), np.float64(2.380246585328033), np.float64(2.3799185920412143), np.float64(2.3799185920412143), np.float64(2.3798904787530084), np.float64(2.379806726109969), np.float64(2.3797479785388784), np.float64(2.379702707089529), np.float64(2.379581771758655)]
HOF ITEM
2.379581771758655
-5.568005727239709,1.603511040485027,-3.830482071007662,2.0576017951770433,-5.221591950797067,5.752122262792556,2.593794425530845,1.9735492662994143,-4.732979460661979,0.3082032878421258,2.215155923397645,-4.210837924411413,-4.282159706954006,2.0901499025125347,-0.4831854675227609,2.7185426861718565,1.6570407043808029,-0.027359310670428405
HOF ITEM
2.3796981095713745
-5.568005727239709,1.5999290478341686,-4.122366487009309,3.1684188444972707,-5.310041597603155,5.511263789538979,2.4574982865147215,2.166234900636898,-4.394840063395475,0.5749645619818751,2.407761987569699,-3.8530370190328185,-4.282159706954006,2.0901499025125347,-0.4831854675227609,2.748753738581054,1.9214812317298702,-0.09514043433518793
HOF ITEM
2.379702707089529
-5.568005727239709,1.5999290478341686,-4.122366487009309,3.1684188444972707,-5.481614343313123,5.6641659449351565,2.6222654451449015,2.4064124311359745,-4.28995102793338,0.5370373103048862,2.407761987569699,-3.8530370190328185,-4.282159706954006,2.0901499025125347,-0.4831854675227609,2.748753738581054,1.6032502109027669,0.4334612354446862
HOF ITEM
2.379746109760797
-5.568005727239709,1.603511040485027,-4.24442487056481,2.2398367836776334,-5.512029152641758,5.457470912513033,2.885620788657654,2.219140901542458,-3.807698465236559,0.5749645619818751,2.494186161256841,-3.9300726985772485,-4.282159706954006,2.0901499025125347,-0.4831854675227609,3.0193725361878974,1.9214812317298702,0.4961745979183507
HOF ITEM
2.3797479785388767
-5.568005727239709,1.603511040485027,-4.24442487056481,2.4489800675386095,-5.310041597603155,5.511263789538979,2.423721469551407,2.166234900636898,-4.482667929736018,0.5749645619818751,2.3729946768517576,-3.8530370190328185,-4.282159706954006,2.0901499025125347,-0.4831854675227609,3.409471672230995,1.5025818575985752,0.607723846640397
seed 274
Initial fitness values: [np.float64(3.2107933732776295), np.float64(3.140177218411397), np.float64(3.0228540766130796), np.float64(2.8720556042182035), np.float64(2.8032455807193357), np.float64(2.759770522154998), np.float64(2.6271320175639725), np.float64(2.594080908237566), np.float64(2.5921016801621932), np.float64(2.5911139317027345)]
Final fitness values: [np.float64(2.5028994836200154), np.float64(2.5028959136119093), np.float64(2.5028959136119093), np.float64(2.5028959136119093), np.float64(2.5028959136119093), np.float64(2.5028959136119093), np.float64(2.5028959136119093), np.float64(2.5026963734741825), np.float64(2.5026963734741825), np.float64(2.5026963734741825)]
HOF ITEM
2.5026963734741825
6.695908252157553,-1.6207102002742322,-2.3679893382066783,-2.7180655277554067,-2.8772343902320476,5.800723844619779,3.5906806242773466,0.0,-6.095116092620409,6.831968467409776,2.5264596959990344,-3.386281229215967,1.3284802866274543,2.9774456148929738,-0.47501784466881675,3.0339406923211882,2.85594146517962,-1.9930741257094577
HOF ITEM
2.5026963734741825
6.695908252157553,-1.6207102002742322,-2.3679893382066783,-2.7180655277554067,-2.8772343902320476,5.800723844619779,3.5906806242773466,0.0,-6.095116092620409,6.831968467409776,2.5264596959990344,-3.3272686303219787,1.3284802866274543,2.9774456148929738,-0.47501784466881675,3.0339406923211882,2.85594146517962,-1.9930741257094577
HOF ITEM
2.5026963734741825
6.695908252157553,-1.6207102002742322,-2.3679893382066783,-2.7180655277554067,-2.8772343902320476,5.800723844619779,3.5906806242773466,0.0,-6.095116092620409,6.831968467409776,2.5264596959990344,-3.386281229215967,1.3284802866274543,2.9774456148929738,-0.47501784466881675,3.0339406923211882,2.85594146517962,-1.9935222162897086
HOF ITEM
2.5026963734741825
6.695908252157553,-1.6207102002742322,-2.3679893382066783,-2.7180655277554067,-2.8772343902320476,5.800723844619779,3.5906806242773466,0.0,-6.095116092620409,6.63996685107307,2.5264596959990344,-3.437710391457886,1.3284802866274543,2.9774456148929738,-0.47501784466881675,3.0339406923211882,2.85594146517962,-1.9935222162897086
HOF ITEM
2.5027003664929994
6.695908252157553,-1.6207102002742322,-2.3679893382066783,-2.7180655277554067,-2.8772343902320476,5.64072548618173,3.5906806242773466,0.0,-6.095116092620409,6.831968467409776,2.5264596959990344,-3.386281229215967,1.3284802866274543,2.9774456148929738,-0.47501784466881675,3.0339406923211882,2.85594146517962,-1.9930741257094577
seed 275
Initial fitness values: [np.float64(3.4167505179037243), np.float64(3.2265302781556002), np.float64(3.119935454381205), np.float64(2.7774555869682294), np.float64(2.7774555869682294), np.float64(2.6790577944481435), np.float64(2.4369717670409727), np.float64(2.4369717670409727), np.float64(2.4073184845352573), np.float64(2.39450165838057)]
Final fitness values: [np.float64(2.3602253693526816), np.float64(2.3602253693526816), np.float64(2.3602246758760286), np.float64(2.3602246758760286), np.float64(2.3602246758760286), np.float64(2.3602246758760286), np.float64(2.3602246736956847), np.float64(2.3602246736956847), np.float64(2.3602246736956847), np.float64(2.3602246736956847)]
HOF ITEM
2.3602246736956847
-4.057024536651311,1.6112631382019365,0.6156753270248566,-3.849108301220366,-5.813813343515104,-0.47279684575362846,5.77944652463729,1.9076541863748826,-1.0838658427503753,4.930331726069779,0.1907142119073457,-1.066638246456586,-2.7609652338052095,2.534895251852656,-0.4559482773425519,4.379665808956845,2.506582973202453,5.458034480303453
HOF ITEM
2.3602246736956847
-4.057024536651311,1.6112631382019365,0.6156753270248566,-3.849108301220366,-5.813813343515104,-0.47279684575362846,5.77944652463729,1.9076541863748826,-1.0838658427503753,4.930331726069779,0.1907142119073457,-1.066638246456586,-2.7609652338052095,2.534895251852656,-0.4559482773425519,4.379665808956845,2.506582973202453,5.439939473277547
HOF ITEM
2.3602246736956847
-4.057024536651311,1.6112631382019365,0.6156753270248566,-3.849108301220366,-5.813813343515104,-0.47279684575362846,5.77944652463729,1.9076541863748826,-1.0838658427503753,4.930331726069779,0.1907142119073457,-1.066638246456586,-2.7609652338052095,2.534895251852656,-0.4559482773425519,4.435747485415369,2.2359760381821827,5.439939473277547
HOF ITEM
2.3602246736956847
-4.057024536651311,1.6112631382019365,0.6156753270248566,-3.849108301220366,-5.813813343515104,-0.47279684575362846,5.77944652463729,1.9076541863748826,-1.0838658427503753,4.930331726069779,0.1907142119073457,-1.066638246456586,-2.7609652338052095,2.534895251852656,-0.4559482773425519,4.379665808956845,2.506582973202453,5.681138315232966
HOF ITEM
2.3602246736956847
-4.057024536651311,1.6112631382019365,0.6156753270248566,-3.849108301220366,-5.813813343515104,-0.47279684575362846,5.77944652463729,1.9076541863748826,-1.1624171627270272,4.930331726069779,0.1907142119073457,-1.066638246456586,-2.7609652338052095,2.534895251852656,-0.4559482773425519,4.379665808956845,2.506582973202453,5.681138315232966
seed 276
Initial fitness values: [np.float64(3.5184591794362703), np.float64(3.1100520509769796), np.float64(2.9007920790795874), np.float64(2.8172773650269347), np.float64(2.698526398179209), np.float64(2.685923271721653), np.float64(2.625835051383608), np.float64(2.625835051383608), np.float64(2.57433296192195), np.float64(2.5668593812132805)]
Final fitness values: [np.float64(2.3914997428980738), np.float64(2.3914445320360316), np.float64(2.3914445320360316), np.float64(2.3914445320360316), np.float64(2.3914445320360316), np.float64(2.3914445320360316), np.float64(2.3914445320360316), np.float64(2.3914445320360316), np.float64(2.3914445320360316), np.float64(2.3914445320360316)]
HOF ITEM
2.3914445320360316
0.9005022989428175,0.7237369735051453,0.3970718415516775,1.0722460685913913,6.294365147482017,1.5335110955600302,6.592937545929184,0.0,0.11951867173334169,-4.178318893300319,2.3753935552281957,0.6880495492030954,-1.0217672027149813,3.0,-0.36914422726336077,0.9568119478729578,3.0,-1.2029733946015662
HOF ITEM
2.3914997428980738
0.9005022989428175,0.7237369735051453,0.3970718415516775,1.0722460685913913,6.294365147482017,1.5335110955600302,6.764983361630903,0.0,0.11951867173334169,-4.178318893300319,2.3753935552281957,0.6801637775003693,-1.0217672027149813,3.0,-0.36914422726336077,0.9568119478729578,3.0,-1.2029733946015662
HOF ITEM
2.3914998238987293
0.9005022989428175,0.7237369735051453,0.3970718415516775,1.0722460685913913,6.294365147482017,1.5335110955600302,6.592937545929184,0.0,0.11951867173334169,-4.178318893300319,2.3753935552281957,0.6801637775003693,-1.0217672027149813,3.0,-0.36914422726336077,0.9568119478729578,3.0,-1.2029733946015662
HOF ITEM
2.3915001278963035
0.9005022989428175,0.7237369735051453,0.3970718415516775,1.0722460685913913,6.294365147482017,1.5335110955600302,6.764983361630903,0.0,0.11951867173334169,-4.178318893300319,2.3753935552281957,0.6880495492030954,-1.0217672027149813,3.0,-0.36914422726336077,0.9568119478729578,3.0,-1.2029733946015662
HOF ITEM
2.3915023398528557
0.9005022989428175,0.7237369735051453,0.3970718415516775,1.0722460685913913,6.294365147482017,1.5335110955600302,6.764983361630903,0.0,0.11951867173334169,-4.178318893300319,2.3753935552281957,0.6801637775003693,-1.0217672027149813,3.0,-0.37412312181442736,0.9568119478729578,3.0,-1.2029733946015662
seed 277
Initial fitness values: [np.float64(3.4429947620070775), np.float64(3.09664025333264), np.float64(2.734153021508866), np.float64(2.734153021508866), np.float64(2.734153021508866), np.float64(2.596621913189275), np.float64(2.5061054553753497), np.float64(2.4917814243015157), np.float64(2.4917814243015157), np.float64(2.420776129320117)]
Final fitness values: [np.float64(2.3717382092567876), np.float64(2.3717382092567876), np.float64(2.3717382092567876), np.float64(2.3717382092567876), np.float64(2.371738171562161), np.float64(2.371738171562161), np.float64(2.371718162167367), np.float64(2.3717181457564758), np.float64(2.3717181457564758), np.float64(2.371716310243291)]
HOF ITEM
2.371716310243291
-5.579773671232931,1.568629864495699,-3.3273574739109897,-5.715809490585491,0.9645422118111845,5.517361010909247,0.3340654498221818,0.0,-3.368907664995925,0.4331941619827629,0.2838422978386902,-4.379596982762264,-4.711836541924334,2.090826768384109,-3.7234322177301364,5.974541997161459,0.3572945097038766,-6.666738843148292
HOF ITEM
2.3717164674050424
-5.579773671232931,1.568629864495699,-3.3273574739109897,-5.715809490585491,0.9645422118111845,5.517361010909247,0.3340654498221818,0.0,-3.349613706921266,0.4331941619827629,0.2838422978386902,-4.379596982762264,-4.711836541924334,2.090826768384109,-3.7234322177301364,5.974541997161459,0.3572945097038766,-6.666738843148292
HOF ITEM
2.3717177869811312
-5.579773671232931,1.568629864495699,-3.3273574739109897,-5.715809490585491,0.9645422118111845,5.232925889809953,0.3340654498221818,0.0,-3.368907664995925,0.4331941619827629,0.2015773782745216,-4.379596982762264,-4.711836541924334,2.090826768384109,-3.7234322177301364,5.518399475030288,0.3572945097038766,-6.666738843148292
HOF ITEM
2.371717944157737
-5.579773671232931,1.568629864495699,-3.3273574739109897,-5.715809490585491,0.9645422118111845,5.232925889809953,0.3340654498221818,0.0,-3.349613706921266,0.4331941619827629,0.2015773782745216,-4.379596982762264,-4.711836541924334,2.090826768384109,-3.7234322177301364,5.518399475030288,0.3572945097038766,-6.666738843148292
HOF ITEM
2.3717179441577385
-5.579773671232931,1.568629864495699,-3.3273574739109897,-5.715809490585491,0.9645422118111845,5.232925889809953,0.3340654498221818,0.0,-3.349613706921266,0.4331941619827629,0.2015773782745216,-4.379596982762264,-4.711836541924334,2.090826768384109,-3.7234322177301364,5.518399475030288,0.3572945097038766,-6.812904893084604
seed 278
Initial fitness values: [np.float64(3.2588238805014837), np.float64(2.793858574807971), np.float64(2.793858574807971), np.float64(2.756935837520908), np.float64(2.7401874026404958), np.float64(2.7137579371735274), np.float64(2.708807297847101), np.float64(2.697813582719966), np.float64(2.697813582719966), np.float64(2.6430733809309106)]
Final fitness values: [np.float64(2.4774127755486406), np.float64(2.4774127755486406), np.float64(2.4682967373352187), np.float64(2.465691463126248), np.float64(2.4610357060881265), np.float64(2.4610357060881265), np.float64(2.4607635492299975), np.float64(2.458997164590138), np.float64(2.458997164590138), np.float64(2.458997164590138)]
HOF ITEM
2.458997164590138
2.5391017532683757,-0.21458450651262978,1.2085582254466,-2.3867167950233026,3.008780881365176,-2.373363367614462,0.8064616646636069,1.7311868903396046,-2.371475677572106,-3.2555703025765115,0.9958693610297251,5.710297568926501,-1.8674733013633822,1.7883277730719422,-0.7031361224533921,5.285373043164411,0.240401857741964,4.3401003518791414
HOF ITEM
2.459860353432713
2.5391017532683757,-0.21458450651262978,1.2085582254466,-2.3867167950233026,3.124958770248664,-2.2909740428300287,0.8064616646636069,1.7311868903396046,-2.371475677572106,-3.2555703025765115,0.9958693610297251,5.710297568926501,-1.8674733013633822,1.7883277730719422,-0.7031361224533921,5.285373043164411,0.240401857741964,4.3401003518791414
HOF ITEM
2.4605344032804766
2.5391017532683757,-0.21458450651262978,1.2085582254466,-2.375551090471607,3.124958770248664,-2.2909740428300287,0.8064616646636069,1.7311868903396046,-2.371475677572106,-3.0440281105182025,1.5819117429988514,5.710297568926501,-2.2200310219336687,1.7883277730719422,-0.7031361224533921,5.285373043164411,0.240401857741964,4.3401003518791414
HOF ITEM
2.460602318541115
2.5391017532683757,-0.21458450651262978,1.2085582254466,-2.375551090471607,3.124958770248664,-2.2909740428300287,0.8064616646636069,1.7311868903396046,-2.371475677572106,-3.0440281105182025,1.221966577362108,5.710297568926501,-2.2200310219336687,1.7883277730719422,-0.7031361224533921,5.285373043164411,0.240401857741964,4.3401003518791414
HOF ITEM
2.460605886696616
2.5391017532683757,-0.21458450651262978,1.2085582254466,-2.375551090471607,3.124958770248664,-2.2909740428300287,0.8064616646636069,1.7311868903396046,-2.371475677572106,-3.2555703025765115,1.221966577362108,5.710297568926501,-2.2200310219336687,1.7883277730719422,-0.7031361224533921,5.285373043164411,0.240401857741964,4.3401003518791414
seed 279
Initial fitness values: [np.float64(3.7162539113329434), np.float64(3.3852331213409084), np.float64(3.137017240439318), np.float64(3.1113988393219016), np.float64(3.074617564556588), np.float64(2.9861646775451813), np.float64(2.9265569081048035), np.float64(2.871727669823656), np.float64(2.871727669823656), np.float64(2.8662837959404843)]
Final fitness values: [np.float64(2.8038972340302806), np.float64(2.8038972340302806), np.float64(2.803044000344393), np.float64(2.803044000344393), np.float64(2.803044000344393), np.float64(2.803044000344393), np.float64(2.80300361590262), np.float64(2.80300361590262), np.float64(2.80300361590262), np.float64(2.8030032605217885)]
HOF ITEM
2.8030032605217885
5.676024837983468,-0.791778225630316,5.542471486277571,-5.611287455519704,-4.175654182061194,0.7524728433892802,5.157373156221649,0.46320797560072113,-5.490543481504923,-7.0,2.0353375300152106,3.5771217230434793,1.7655855298828125,1.3129343217261278,-4.045307867051035,2.316861736003607,2.9003928004472366,-6.703090248111129
HOF ITEM
2.8030032605217885
5.676024837983468,-0.791778225630316,5.542471486277571,-5.611287455519704,-4.175654182061194,0.7524728433892802,5.157373156221649,0.46320797560072113,-5.490543481504923,-7.0,2.0353375300152106,3.5771217230434793,1.7655855298828125,1.3129343217261278,-4.045307867051035,2.316861736003607,2.9003928004472366,-7.0
HOF ITEM
2.80300361590262
5.676024837983468,-0.791778225630316,5.349782059686603,-5.8426050785807595,-4.175654182061194,0.7524728433892802,5.157373156221649,0.46320797560072113,-5.490543481504923,-7.0,2.2392796043263976,3.5771217230434793,1.7655855298828125,1.3129343217261278,-4.045307867051035,2.316861736003607,2.9003928004472366,-6.703090248111129
HOF ITEM
2.80300361590262
5.676024837983468,-0.791778225630316,5.349782059686603,-5.8426050785807595,-4.175654182061194,0.7524728433892802,5.157373156221649,0.46320797560072113,-5.490543481504923,-7.0,2.0353375300152106,3.5771217230434793,1.7655855298828125,1.3129343217261278,-4.045307867051035,1.8875869568521078,2.9328508983630397,-6.703090248111129
HOF ITEM
2.80300361590262
5.676024837983468,-0.791778225630316,5.349782059686603,-5.8426050785807595,-4.175654182061194,0.7524728433892802,5.157373156221649,0.46320797560072113,-5.490543481504923,-7.0,2.0353375300152106,3.5771217230434793,1.7655855298828125,1.3129343217261278,-4.045307867051035,2.316861736003607,2.9003928004472366,-6.703090248111129
best parameter set
fitness 2.3549171846639387 seed 270
-3.968442557211006,1.590074207287234,-3.253676930096408,1.0277502533824883,4.922932262672542,3.3672126715483626,6.753832817348102,3.0,0.607146798294205,4.397148374218936,0.8468773665760675,1.5657880900428018,-2.9055679818334452,2.5658988071076103,-3.3817651347639406,4.881609685508949,1.6139471207274263,-0.10210105880198617
