seeds are [900 901 902 903 904 905 906 907 908 909]
seed 900
Initial fitness values: [np.float64(5.180251645648099), np.float64(5.154466221862232), np.float64(4.480855746695653), np.float64(4.480855746695653), np.float64(4.480855746695653), np.float64(4.426172446296403), np.float64(4.365688269584963), np.float64(4.3647931370052895), np.float64(4.3647931370052895), np.float64(4.347437096382519)]
Final fitness values: [np.float64(4.235437826843754), np.float64(4.235437826843754), np.float64(4.235209695313815), np.float64(4.235209695313815), np.float64(4.235209695313815), np.float64(4.235209695313815), np.float64(4.235209695313815), np.float64(4.235209695313815), np.float64(4.235209695313815), np.float64(4.235209695313815)]
HOF ITEM
4.23458766054727
-3.2840667673934503,1.5861829683629707,4.55017826978716,-5.916652222530011,0.7913609668512864,-1.7097401002454817,-2.341936208305466,2.647877329004011,-5.578639591506582,4.988106828572706,0.8579961901259994,3.706161828997228,-3.3724441626985957,2.7874069573552105,-0.8660738585964034,-1.164142176491653,2.632650151643032,-0.48616618791733324
HOF ITEM
4.235209695313815
-3.2840667673934503,1.5861829683629707,4.55017826978716,-5.718844242638804,0.7913609668512864,-1.7097401002454817,-2.341936208305466,2.647877329004011,-5.583424431825388,4.832227997029641,0.8579961901259994,3.8096997283707896,-3.3724441626985957,2.841089132308066,-0.8583592995641275,-1.164142176491653,2.603139459775276,-0.23732889063566676
HOF ITEM
4.235209695339092
-3.2840667673934503,1.5861829683629707,4.55017826978716,-5.718844242638804,0.7913609668512864,-1.7097401002454817,-2.341936208305466,2.647877329004011,-5.583424431825388,4.832227997029641,0.8579961901259994,3.8096997283707896,-3.3724441626985957,2.7874069573552105,-0.8583592995641275,-1.164142176491653,2.603139459775276,-0.23732889063566676
HOF ITEM
4.235209701304221
-3.2840667673934503,1.5861829683629707,4.55017826978716,-5.718844242638804,0.7913609668512864,-1.7097401002454817,-2.341936208305466,2.647877329004011,-5.583424431825388,4.931435542918664,0.8579961901259994,3.8096997283707896,-3.3724441626985957,2.841089132308066,-0.8583592995641275,-1.164142176491653,2.603139459775276,-0.23732889063566676
HOF ITEM
4.235209701329499
-3.2840667673934503,1.5861829683629707,4.55017826978716,-5.718844242638804,0.7913609668512864,-1.7097401002454817,-2.341936208305466,2.647877329004011,-5.583424431825388,4.931435542918664,0.8579961901259994,3.8096997283707896,-3.3724441626985957,2.7874069573552105,-0.8583592995641275,-1.164142176491653,2.603139459775276,-0.23732889063566676
seed 901
Initial fitness values: [np.float64(5.005003579143574), np.float64(4.902390260949293), np.float64(4.581898515947304), np.float64(4.581898515947304), np.float64(4.555498188362367), np.float64(4.459006260757179), np.float64(4.430135159875789), np.float64(4.4400825145589335), np.float64(4.340334197242779), np.float64(4.310560267970322)]
Final fitness values: [np.float64(4.275926032699172), np.float64(4.275926032699172), np.float64(4.275926032699172), np.float64(4.275926032699172), np.float64(4.275926032699172), np.float64(4.275926032699172), np.float64(4.275926032699172), np.float64(4.275926032699172), np.float64(4.2759219592811935), np.float64(4.2759219592811935)]
HOF ITEM
4.2759219592811935
-0.013522975909995849,1.0901317426333146,-1.9437437836009825,-4.074544754346298,-3.0815318489862515,3.9470632636190643,6.419236394435044,1.908922812030722,-1.9503885350126604,2.3857543362512326,1.8569606685235518,1.9408672795738258,2.0418917062382453,1.1280810609759357,-6.255784521523304,0.30926194418624886,2.9831930139087675,-6.769432785014179
HOF ITEM
4.275926032699172
-0.013522975909995849,1.0901317426333146,-1.9437437836009825,-4.074544754346298,-3.0815318489862515,3.9470632636190643,6.208208041686503,2.1299136334179996,-1.9503885350126604,2.3857543362512326,1.8569606685235518,1.9621031931197628,2.0418917062382453,1.1280810609759357,-6.255784521523304,0.30926194418624886,2.9831930139087675,-6.769432785014179
HOF ITEM
4.275926032699172
-0.013522975909995849,1.0901317426333146,-1.9437437836009825,-4.074544754346298,-3.0815318489862515,3.9470632636190643,6.208208041686503,1.908922812030722,-1.9503885350126604,2.3857543362512326,1.8569606685235518,1.9621031931197628,2.0418917062382453,1.1280810609759357,-6.255784521523304,0.30926194418624886,2.9831930139087675,-6.769432785014179
HOF ITEM
4.276899839705459
-0.013522975909995849,1.0901317426333146,-1.9437437836009825,-3.931975059048491,-3.0815318489862515,3.9470632636190643,6.208208041686503,1.908922812030722,-1.9503885350126604,2.3857543362512326,1.8569606685235518,1.9621031931197628,2.4459514087831957,0.7838711519979875,-6.255784521523304,0.30926194418624886,2.9831930139087675,-6.769432785014179
HOF ITEM
4.276921754510058
-0.013522975909995849,1.0901317426333146,-1.9437437836009825,-3.931975059048491,-3.0815318489862515,3.9470632636190643,6.3196599815074554,2.1299136334179996,-1.6173483908194908,2.3857543362512326,1.8569606685235518,1.8522717206815313,2.4459514087831957,0.7838711519979875,-6.255784521523304,0.30926194418624886,2.9831930139087675,-6.769432785014179
seed 902
Initial fitness values: [np.float64(5.656273804229287), np.float64(5.327626316577319), np.float64(5.122942441706907), np.float64(4.997197078095379), np.float64(4.9917785216267925), np.float64(4.912423390940734), np.float64(4.825804909293147), np.float64(4.690050971630789), np.float64(4.565565756508574), np.float64(4.542892925256061)]
Final fitness values: [np.float64(4.276802508154167), np.float64(4.276802508154167), np.float64(4.276802508154167), np.float64(4.276802508154167), np.float64(4.276802508154167), np.float64(4.276802508154167), np.float64(4.276802508154167), np.float64(4.276802508154167), np.float64(4.276802508154167), np.float64(4.276802508154167)]
HOF ITEM
4.276802508154167
-5.311012894155874,1.6072504067592581,-0.910212734594152,-2.3369001350589906,2.150515359300866,7.0,-3.9312906467488347,2.621606225723668,-4.083851412707664,5.999030421969264,1.8591442700456549,4.031402867928756,-4.259119031380608,2.1521370991754014,-2.4929482804448218,-0.13803305202652238,2.6011807675109164,-1.6499526165072615
HOF ITEM
4.276802508154167
-5.311012894155874,1.6072504067592581,-0.910212734594152,-2.3369001350589906,2.150515359300866,7.0,-3.621386658840872,2.773319808289942,-4.083851412707664,6.107547908614655,1.8591442700456549,4.031402867928756,-4.259119031380608,2.1521370991754014,-2.4929482804448218,-0.13803305202652238,2.6011807675109164,-1.6499526165072615
HOF ITEM
4.276802508154167
-5.311012894155874,1.6072504067592581,-0.910212734594152,-2.3369001350589906,2.150515359300866,7.0,-3.032051235293505,2.8788240449149707,-4.07277320784124,6.374639183197179,1.981517618158399,4.031402867928756,-4.259119031380608,2.1521370991754014,-2.4929482804448218,-0.13803305202652238,2.6011807675109164,-1.6499526165072615
HOF ITEM
4.276802508154167
-5.311012894155874,1.6072504067592581,-0.910212734594152,-2.3369001350589906,2.150515359300866,7.0,-3.621386658840872,2.773319808289942,-4.083851412707664,5.999030421969264,1.8591442700456549,4.031402867928756,-4.259119031380608,2.1521370991754014,-2.4929482804448218,-0.13803305202652238,2.6011807675109164,-1.6499526165072615
HOF ITEM
4.276802508154167
-5.311012894155874,1.6072504067592581,-0.910212734594152,-2.3369001350589906,2.150515359300866,7.0,-3.9312906467488347,2.621606225723668,-3.915650524917195,5.999030421969264,1.8591442700456549,4.031402867928756,-4.259119031380608,2.1521370991754014,-2.4929482804448218,-0.13803305202652238,2.6011807675109164,-1.6499526165072615
seed 903
Initial fitness values: [np.float64(6.010275129435895), np.float64(5.969599579666441), np.float64(5.588701528059492), np.float64(5.041310044761002), np.float64(5.041310044761002), np.float64(4.857724377660693), np.float64(4.715106894796824), np.float64(4.530297574091803), np.float64(4.530297574091803), np.float64(4.530297574091803)]
Final fitness values: [np.float64(4.277450346331937), np.float64(4.277450346331937), np.float64(4.277450346331937), np.float64(4.277450346331937), np.float64(4.277225946102696), np.float64(4.277225946102696), np.float64(4.27597120566623), np.float64(4.27597120566623), np.float64(4.27597120566623), np.float64(4.2521159088935025)]
HOF ITEM
4.2521159088935025
-3.0457221841368907,1.5731850231793008,6.24290114471831,0.4575609508643795,5.110704112248103,6.70509854369224,4.800295462584683,0.06621214955108333,-0.9383786605250141,-1.8272369997575608,2.5272741921051103,-3.4586640518846865,-0.5758194992613921,1.367773604877079,-4.011706860345204,-1.8327550851716246,2.9243383315269087,-1.6179928233265606
HOF ITEM
4.252332766594783
-3.0457221841368907,1.5731850231793008,6.24290114471831,0.443588603574861,5.110704112248103,6.70509854369224,4.800295462584683,0.06621214955108333,-0.9383786605250141,-1.8272369997575608,2.5272741921051103,-3.4586640518846865,-0.5792653332837165,1.367773604877079,-4.011706860345204,-1.8327550851716246,2.9243383315269087,-1.6179928233265606
HOF ITEM
4.253009476626488
-3.0457221841368907,1.5731850231793008,6.24290114471831,0.443588603574861,5.110704112248103,6.70509854369224,4.800295462584683,0.06621214955108333,-0.9383786605250141,-1.655590095208507,2.670276336748846,-3.4586640518846865,-0.5792653332837165,1.367773604877079,-4.011706860345204,-1.8327550851716246,2.9243383315269087,-1.6179928233265606
HOF ITEM
4.266684359938573
-3.0457221841368907,1.5731850231793008,6.283482519083732,-0.04934412499740046,5.085578574008782,6.70509854369224,4.618805161080156,0.03929006288587928,-0.9383786605250141,-1.609577092403762,2.5540373001329906,-3.4586640518846865,-0.6652304729261187,1.367773604877079,-4.011706860345204,-1.8327550851716246,2.9243383315269087,-1.6179928233265606
HOF ITEM
4.27597120566623
-3.0457221841368907,1.5731850231793008,6.24290114471831,0.23625596592004663,5.085578574008782,6.70509854369224,4.800295462584683,0.0,-0.9383786605250141,-1.655590095208507,2.670276336748846,-3.4586640518846865,-0.5792653332837165,1.367773604877079,-4.011706860345204,-1.8327550851716246,2.9243383315269087,-1.6179928233265606
seed 904
Initial fitness values: [np.float64(5.900378140141635), np.float64(5.643897240025578), np.float64(5.2723007744580155), np.float64(5.158289208393475), np.float64(5.0507722114347136), np.float64(5.015294423527001), np.float64(5.015294423527001), np.float64(4.9987588601395325), np.float64(4.922190905437873), np.float64(4.922024518543006)]
Final fitness values: [np.float64(4.553151690105844), np.float64(4.5530100105749565), np.float64(4.552758295707167), np.float64(4.552758295707167), np.float64(4.552530428674446), np.float64(4.552336021851037), np.float64(4.552335024351731), np.float64(4.551955071468303), np.float64(4.551955071468303), np.float64(4.551877356850922)]
HOF ITEM
4.551877356850922
2.3945925319116457,0.21029532649316435,-5.186659345214985,-6.024472704739109,-0.9565640255952456,4.7472932844680145,1.706948826140706,1.1609048301553264,-4.8176625390768555,-5.918495093784768,1.848898048086782,3.224170861330418,-4.4124915741104855,2.4673494454441807,6.607059445111829,1.7621204174948804,2.5716421981790436,0.4106131633309743
HOF ITEM
4.551906929806691
2.3945925319116457,0.21029532649316435,-5.186659345214985,-6.024472704739109,-0.9565640255952456,4.7472932844680145,1.706948826140706,1.1609048301553264,-4.8176625390768555,-5.918495093784768,1.6277584722475613,3.329671386780197,-4.406367984076842,2.4673494454441807,6.607059445111829,1.8921215831192741,2.728806506810347,0.9655258016643988
HOF ITEM
4.551955071468303
2.3945925319116457,0.21029532649316435,-5.186659345214985,-6.024472704739109,-0.9565640255952456,4.7472932844680145,1.706948826140706,1.1609048301553264,-4.8176625390768555,-5.918495093784768,1.6277584722475613,3.329671386780197,-4.406367984076842,2.4673494454441807,6.799620569134353,1.8921215831192741,2.728806506810347,0.9655258016643988
HOF ITEM
4.5519904229687915
2.3945925319116457,0.21029532649316435,-5.186659345214985,-6.024472704739109,-0.9565640255952456,4.479719133936036,1.706948826140706,1.1609048301553264,-4.784870306266506,-5.520947997204945,1.6277584722475613,3.329671386780197,-4.406367984076842,2.4673494454441807,6.42671432170225,1.8543598490217534,2.728806506810347,1.1318837188051047
HOF ITEM
4.55225554205335
2.3945925319116457,0.21029532649316435,-5.186659345214985,-6.024790494177422,-0.9565640255952456,5.382064021711751,1.706948826140706,1.1609048301553264,-4.9701396493104255,-5.5128180928832435,1.6277584722475613,3.224170861330418,-4.605986291487997,2.3996418247463422,6.335283127267635,1.5417178793563568,2.448132936446172,0.08403188345138707
seed 905
Initial fitness values: [np.float64(5.975858724715754), np.float64(5.608041285491438), np.float64(5.534977131225678), np.float64(5.378862129638932), np.float64(5.2314720116245566), np.float64(5.076785941123672), np.float64(5.076785941123672), np.float64(4.825245551110915), np.float64(4.825245551110915), np.float64(4.718892364313828)]
Final fitness values: [np.float64(4.246718339923633), np.float64(4.246615355375668), np.float64(4.246606891392471), np.float64(4.246606891392471), np.float64(4.246606891392471), np.float64(4.246436095344754), np.float64(4.246436095344754), np.float64(4.246436095344754), np.float64(4.246435299098398), np.float64(4.246431330261777)]
HOF ITEM
4.246431330261777
-2.6939833536973996,1.5658917348627708,-0.8093299869921404,0.872659451141329,6.9736739608947556,-6.946426293806642,-1.9249362495698714,1.0312719293611388,-6.190204389182025,6.201580056648146,0.6656407076272022,-1.601698873115906,-4.108462080748024,1.3332778413214246,6.209761124538886,-1.428085275869388,3.0,-0.4334157153062687
HOF ITEM
4.246435299098398
-2.6939833536973996,1.5658917348627708,-0.8093299869921404,0.872659451141329,7.0,-6.9468201683182125,-1.9249362495698714,1.0312719293611388,-6.207217359604884,6.30028783249879,0.6789587353915876,-1.601698873115906,-3.746748406877292,1.3332778413214246,5.437942024905619,-1.428085275869388,3.0,-0.4334157153062687
HOF ITEM
4.246435332391215
-2.6939833536973996,1.5658917348627708,-0.8093299869921404,0.872659451141329,7.0,-6.9468201683182125,-1.9249362495698714,1.0312719293611388,-6.207217359604884,6.30028783249879,0.6789587353915876,-1.601698873115906,-3.746748406877292,1.3332778413214246,6.017025139678902,-1.428085275869388,3.0,-0.4334157153062687
HOF ITEM
4.246435581163182
-2.6939833536973996,1.5658917348627708,-0.8093299869921404,0.872659451141329,7.0,-6.9468201683182125,-1.9249362495698714,1.0312719293611388,-6.207217359604884,6.148382674376166,1.126673743066903,-1.760081165146237,-4.243844959111266,1.3332778413214246,6.017025139678902,-1.428085275869388,3.0,-0.4334157153062687
HOF ITEM
4.246435676720106
-2.6939833536973996,1.5658917348627708,-0.8093299869921404,0.872659451141329,6.965360644396355,-6.9468201683182125,-1.9249362495698714,1.0312719293611388,-6.207217359604884,6.30028783249879,0.6789587353915876,-1.601698873115906,-3.746748406877292,1.4184376827829759,5.437942024905619,-1.428085275869388,3.0,-0.4334157153062687
seed 906
Initial fitness values: [np.float64(5.851065009866188), np.float64(5.5939563621739525), np.float64(4.926361579794713), np.float64(4.926256766123586), np.float64(4.529772797971756), np.float64(4.343957508613467), np.float64(4.334845079565807), np.float64(4.334845079565807), np.float64(4.3036056436162795), np.float64(4.297199352649223)]
Final fitness values: [np.float64(4.234095139652221), np.float64(4.234095139652221), np.float64(4.234095139652221), np.float64(4.234095139652221), np.float64(4.234095139652221), np.float64(4.234095139652221), np.float64(4.234095139652221), np.float64(4.234095139652221), np.float64(4.234095139652221), np.float64(4.233734250424267)]
HOF ITEM
4.233734250424267
-4.032837588130663,1.5920168135154336,6.059820415579619,4.695683191845197,1.0759332684905691,4.745402977870232,-2.8123796586598226,2.54767613067274,-1.3063076323803713,2.1392408078671177,0.0,1.3274427416320125,4.726450052801645,1.432850273984961,0.6232809991328849,1.1975108674455672,2.903859759187452,1.416145050710546
HOF ITEM
4.234095139652221
-4.032837588130663,1.5920168135154336,6.059820415579619,4.68076922839559,0.9518120967273055,4.532500934885614,-2.8123796586598226,2.54767613067274,-1.3063076323803713,2.1392408078671177,0.0,1.6063090593429685,4.726450052801645,1.432850273984961,0.6232809991328849,0.7048871427196077,2.783325929991949,1.416145050710546
HOF ITEM
4.234095139652221
-4.032837588130663,1.5920168135154336,6.059820415579619,4.68076922839559,0.9518120967273055,4.532500934885614,-2.8123796586598226,2.54767613067274,-1.3063076323803713,2.1392408078671177,0.0,1.6063090593429685,4.726450052801645,1.432850273984961,0.6232809991328849,1.0358614829574682,2.793836906385203,1.416145050710546
HOF ITEM
4.234095139652221
-4.032837588130663,1.5920168135154336,6.059820415579619,4.68076922839559,0.9518120967273055,4.532500934885614,-2.8123796586598226,2.54767613067274,-1.3063076323803713,2.1392408078671177,0.0,1.6063090593429685,4.726450052801645,1.432850273984961,0.6232809991328849,1.1975108674455672,2.717858980874291,1.416145050710546
HOF ITEM
4.234095139652221
-4.032837588130663,1.5920168135154336,6.059820415579619,4.68076922839559,0.9518120967273055,4.532500934885614,-2.8123796586598226,2.54767613067274,-1.3063076323803713,2.1392408078671177,0.0,1.6063090593429685,4.726450052801645,1.432850273984961,0.6232809991328849,1.0358614829574682,2.717858980874291,1.416145050710546
seed 907
Initial fitness values: [np.float64(5.544930556485227), np.float64(5.544930556485227), np.float64(4.9034369759248735), np.float64(4.576837498403886), np.float64(4.576837498403886), np.float64(4.475540724382018), np.float64(4.475540724382018), np.float64(4.376536408462722), np.float64(4.35179233367582), np.float64(4.32962916260537)]
Final fitness values: [np.float64(4.192130727177172), np.float64(4.186505598138767), np.float64(4.186505598138767), np.float64(4.186505598138767), np.float64(4.186505598138767), np.float64(4.173899826315239), np.float64(4.173899826315239), np.float64(4.173899826315239), np.float64(4.172884437897196), np.float64(4.172884437897196)]
HOF ITEM
4.172884437897196
-5.0861715880729825,1.578065491122957,-5.430801256907715,-4.505590062607667,-1.3394537672952256,0.3584483401292463,-2.710576838797875,2.747729606767315,-3.8427588182161387,4.697085486263075,3.0,-0.7789639706897172,-6.879078976108828,2.0519420714522307,5.493391368084703,-4.363252482003941,2.220815006824243,-5.4169577250552265
HOF ITEM
4.172884437897196
-5.0861715880729825,1.578065491122957,-5.430801256907715,-4.505590062607667,-1.3394537672952256,0.3584483401292463,-2.710576838797875,3.0,-3.8427588182161387,4.751020149378641,3.0,-0.7789639706897172,-6.879078976108828,2.0519420714522307,5.493391368084703,-4.363252482003941,2.220815006824243,-5.4169577250552265
HOF ITEM
4.172884437897196
-5.0861715880729825,1.578065491122957,-5.430801256907715,-4.505590062607667,-1.3394537672952256,0.3584483401292463,-2.352427565222392,2.949272062487502,-3.8427588182161387,4.755825379305788,3.0,-0.7789639706897172,-6.879078976108828,2.0519420714522307,5.493391368084703,-4.363252482003941,2.220815006824243,-5.4169577250552265
HOF ITEM
4.173899826315035
-5.0861715880729825,1.5760418295481358,-5.430801256907715,-4.505590062607667,-1.3394537672952256,0.3584483401292463,-3.0835905603407485,3.0,-3.8427588182161387,4.751020149378641,3.0,-1.0358855821839243,-6.791022662361678,2.0519420714522307,5.493391368084703,-4.363252482003941,2.220815006824243,-5.4169577250552265
HOF ITEM
4.173899826315035
-5.0861715880729825,1.5760418295481358,-5.430801256907715,-4.505590062607667,-1.3394537672952256,0.3584483401292463,-2.710576838797875,2.747729606767315,-3.8427588182161387,4.697085486263075,3.0,-1.0358855821839243,-6.791022662361678,2.0519420714522307,5.493391368084703,-4.363252482003941,2.220815006824243,-5.4169577250552265
seed 908
Initial fitness values: [np.float64(5.34719523289489), np.float64(5.228926045909227), np.float64(4.891279220375115), np.float64(4.891279220375115), np.float64(4.802065436277225), np.float64(4.773974664197593), np.float64(4.773974664197593), np.float64(4.771021131507808), np.float64(4.761285989260834), np.float64(4.6373708902276)]
Final fitness values: [np.float64(4.406681315282113), np.float64(4.406681315282113), np.float64(4.406681315282113), np.float64(4.40659628924959), np.float64(4.40659628924959), np.float64(4.40659628924959), np.float64(4.406453014484928), np.float64(4.406380013656514), np.float64(4.40631108211528), np.float64(4.406146574618125)]
HOF ITEM
4.406146574618125
2.306510705007173,0.10665059551787454,4.366936015959629,-3.652224655824204,-5.365460329469454,0.17811186560219264,6.2538175852820865,2.191700780799459,-4.107693322425352,0.029584496784343994,1.2090084582430856,-3.7962792734020163,1.2370629423041613,3.0,-0.44752438470723077,1.59463660286684,2.274631943948074,-5.212477889628583
HOF ITEM
4.40631108211528
2.306510705007173,0.10665059551787454,4.366936015959629,-3.4016410206312226,-5.365460329469454,0.17811186560219264,6.198519844682112,2.1390241926839115,-3.6770593810620253,-0.13465594460558453,0.8395880326434544,-3.7962792734020163,1.2370629423041613,3.0,-0.44752438470723077,1.59463660286684,2.274631943948074,-5.212477889628583
HOF ITEM
4.4063195319177355
2.306510705007173,0.10665059551787454,4.366936015959629,-3.652224655824204,-5.365460329469454,0.17811186560219264,6.3895537395136,2.7381388557298063,-3.6770593810620253,0.20155711058034684,0.6838674283471227,-3.7913290314168844,1.2370629423041613,3.0,-0.44752438470723077,1.59463660286684,2.274631943948074,-5.212477889628583
HOF ITEM
4.406380013656507
2.306510705007173,0.10665059551787454,4.366936015959629,-3.4016410206312226,-5.365460329469454,0.17811186560219264,6.198519844682112,1.6651972666999293,-3.9740908756387663,-0.13465594460558453,0.6238812615640013,-3.7962792734020163,1.2370629423041613,3.0,-0.44752438470723077,1.59463660286684,2.274631943948074,-5.212477889628583
HOF ITEM
4.406380013656514
2.306510705007173,0.10665059551787454,4.366936015959629,-3.4016410206312226,-5.365460329469454,0.17811186560219264,6.617232330314776,1.6651972666999293,-3.9740908756387663,-0.13465594460558453,0.6238812615640013,-3.7962792734020163,1.2370629423041613,3.0,-0.44752438470723077,1.59463660286684,2.274631943948074,-5.212477889628583
seed 909
Initial fitness values: [np.float64(5.390941241509289), np.float64(5.340279055605129), np.float64(5.333087654644681), np.float64(5.150346759081636), np.float64(5.1480455241892535), np.float64(5.1480455241892535), np.float64(5.147910243092691), np.float64(5.147848193800329), np.float64(5.147766384244598), np.float64(5.147563479146922)]
Final fitness values: [np.float64(4.037041724628258), np.float64(4.037041724628258), np.float64(4.035407320629536), np.float64(4.035407320629536), np.float64(4.0177187091181), np.float64(4.0177187091181), np.float64(4.017109520237021), np.float64(4.017109520237021), np.float64(4.017109520237021), np.float64(4.017109520237021)]
HOF ITEM
4.017109520237021
-2.692264667730041,1.1568936265637153,4.097859260902798,2.9207411009918745,-1.5353848072645537,0.6778808699500279,-3.341071954192105,2.6901152947271907,1.9909767272745935,-1.49061198857932,1.5675294667623172,3.41755648138525,2.638279586165712,2.2226270363497074,-4.661984328573588,-0.2618153305023991,1.7139457462512377,-5.393681802184073
HOF ITEM
4.017109520237021
-2.692264667730041,1.1568936265637153,4.097859260902798,2.9207411009918745,-1.5353848072645537,0.6778808699500279,-3.341071954192105,2.6901152947271907,1.9909767272745935,-1.49061198857932,1.5675294667623172,3.41755648138525,2.638279586165712,2.2226270363497074,-5.068749760745482,-0.2618153305023991,1.7139457462512377,-5.393681802184073
HOF ITEM
4.017109520239936
-2.692264667730041,1.1568936265637153,4.097859260902798,2.9207411009918745,-1.5353848072645537,0.6778808699500279,-3.341071954192105,2.6901152947271907,1.9909767272745935,-1.49061198857932,1.5675294667623172,3.41755648138525,2.638279586165712,2.0064289073718955,-4.661984328573588,-0.2618153305023991,1.7139457462512377,-5.393681802184073
HOF ITEM
4.017109520239947
-2.692264667730041,1.1568936265637153,4.097859260902798,2.9207411009918745,-1.5353848072645537,0.6778808699500279,-3.341071954192105,2.6901152947271907,1.9909767272745935,-1.49061198857932,1.5675294667623172,3.41755648138525,2.638279586165712,2.0064289073718955,-5.068749760745482,-0.2618153305023991,1.7139457462512377,-5.393681802184073
HOF ITEM
4.017109520245413
-2.692264667730041,1.1568936265637153,4.097859260902798,2.9207411009918745,-1.5353848072645537,0.6778808699500279,-3.341071954192105,2.6901152947271907,1.9909767272745935,-1.49061198857932,1.5675294667623172,3.41755648138525,2.496349088767637,2.0064289073718955,-4.661984328573588,-0.2618153305023991,1.7139457462512377,-5.393681802184073
best parameter set
fitness 3.9949639509919947 seed 909
-2.6916806904925914,1.1933557325925002,4.08423667459469,2.932036420953523,-1.5379449112126355,0.6759629157694725,-3.341463595903154,2.689328098621282,1.9926641438896577,-1.4911680288583176,1.5700702301145828,3.415569261536074,2.638279586165712,2.2226270363497074,-4.661984328573588,-0.2635669034519124,1.713980322133374,-5.394294821442189
