seeds are [230 231 232 233 234 235 236 237 238 239]
seed 230
Initial fitness values: [np.float64(3.2426216000585417), np.float64(3.1093236725480207), np.float64(3.0937405758494005), np.float64(2.9650071680132664), np.float64(2.90964637220591), np.float64(2.8812883354077066), np.float64(2.8669635340387396), np.float64(2.836062934892965), np.float64(2.82453303405448), np.float64(2.8181462508004893)]
Final fitness values: [np.float64(2.5077194067173965), np.float64(2.5077194067173965), np.float64(2.5052861293519086), np.float64(2.5052861293519086), np.float64(2.5001986564071927), np.float64(2.5001986564071927), np.float64(2.5001986564071927), np.float64(2.5000017132526438), np.float64(2.488620342333996), np.float64(2.488620342333996)]
HOF ITEM
2.488620342333996
5.321840977056457,-0.9053818183829381,-3.4994500580758867,-3.259535215076142,-1.7779385319092538,3.5614855620308905,1.6840449657860417,0.913631761289175,-6.78674234477381,2.6458996084276074,2.236247720571227,-3.520215332712597,0.2967354549381835,2.372064908781633,4.1838854899697555,-1.948915465980113,2.5998415569307913,-5.78258140426831
HOF ITEM
2.490218863731294
5.321840977056457,-0.9053818183829381,-4.067910349079249,-3.259535215076142,-1.8933825398947253,3.6293905042145784,1.6840449657860417,0.7854881861736158,-6.78674234477381,2.6458996084276074,2.236247720571227,-3.7338478547207137,0.35626717348263437,2.3016148575736106,4.1838854899697555,-1.948915465980113,2.4739484961904536,-6.126927708502559
HOF ITEM
2.500001277237576
5.321840977056457,-0.9053818183829381,-4.067910349079249,-3.259535215076142,-1.7779385319092538,3.5614855620308905,1.6840449657860417,0.7854881861736158,-6.78674234477381,1.9145392623627986,2.236247720571227,-3.8283567817097808,0.35626717348263437,2.372064908781633,4.1838854899697555,-1.948915465980113,2.4739484961904536,-5.78258140426831
HOF ITEM
2.5000017132526438
5.321840977056457,-0.9053818183829381,-4.067910349079249,-3.259535215076142,-1.7779385319092538,3.5614855620308905,1.6840449657860417,0.7854881861736158,-6.78674234477381,1.9145392623627986,2.236247720571227,-3.7338478547207137,0.35626717348263437,2.372064908781633,4.1838854899697555,-1.948915465980113,2.4739484961904536,-5.78258140426831
HOF ITEM
2.5001986564071927
5.321840977056457,-0.9053818183829381,-4.067910349079249,-3.259535215076142,-1.7779385319092538,3.5614855620308905,1.6840449657860417,0.7854881861736158,-6.78674234477381,2.6458996084276074,2.236247720571227,-3.7338478547207137,0.35626717348263437,2.372064908781633,4.1838854899697555,-1.948915465980113,2.4739484961904536,-5.78258140426831
seed 231
Initial fitness values: [np.float64(3.168990603238903), np.float64(2.9759703417032326), np.float64(2.8649321318606624), np.float64(2.8231421414037516), np.float64(2.8163764845749206), np.float64(2.812272435962239), np.float64(2.812272435962239), np.float64(2.801421226695658), np.float64(2.8014026269379073), np.float64(2.8014026269379073)]
Final fitness values: [np.float64(2.487047427970605), np.float64(2.452043426567182), np.float64(2.4520434257518726), np.float64(2.45204342567298), np.float64(2.452023629677809), np.float64(2.452023413796849), np.float64(2.452023413796849), np.float64(2.452023413796849), np.float64(2.452003655791475), np.float64(2.4520036557127076)]
HOF ITEM
2.4520036557127076
3.1244608569600825,-0.1918962400456428,-3.4577115409295254,-5.121805579156422,3.800375831241754,5.657586117184617,0.914943822983296,1.550521575168781,0.21078006233389246,4.985134129612259,2.034075502727648,-3.539107532225309,0.9563845356811692,3.0,-6.827357742787685,-6.23939078072806,1.7754080863371084,-0.2320215534177983
HOF ITEM
2.452003655791475
3.1244608569600825,-0.1918962400456428,-3.4577115409295254,-5.121805579156422,3.800375831241754,5.657586117184617,0.914943822983296,1.550521575168781,0.21078006233389246,4.985134129612259,1.841433146758059,-3.539107532225309,0.9563845356811692,3.0,-6.827357742787685,-6.23939078072806,1.7754080863371084,-0.2320215534177983
HOF ITEM
2.452023413796849
3.1244608569600825,-0.1918962400456428,-3.4577115409295254,-5.121805579156422,3.800375831241754,5.657586117184617,0.914943822983296,1.550521575168781,0.21078006233389246,4.985134129612259,2.034075502727648,-3.5926079183896493,0.9563845356811692,3.0,-6.827357742787685,-6.649351257310374,1.7754080863371084,-0.1289920783679928
HOF ITEM
2.452023413796849
3.1244608569600825,-0.1918962400456428,-3.4577115409295254,-5.121805579156422,3.800375831241754,5.657586117184617,0.914943822983296,1.550521575168781,0.21078006233389246,4.985134129612259,2.034075502727648,-3.539107532225309,0.9563845356811692,3.0,-6.827357742787685,-6.649351257310374,1.7754080863371084,-0.1289920783679928
HOF ITEM
2.4520234138756187
3.1244608569600825,-0.1918962400456428,-3.4577115409295254,-5.121805579156422,3.800375831241754,5.657586117184617,0.914943822983296,1.550521575168781,0.21078006233389246,4.985134129612259,1.841433146758059,-3.539107532225309,0.9563845356811692,3.0,-6.827357742787685,-6.649351257310374,1.7754080863371084,-0.1289920783679928
seed 232
Initial fitness values: [np.float64(3.242302032857576), np.float64(2.9454879989446976), np.float64(2.9454879989446976), np.float64(2.925561930571024), np.float64(2.680634254863396), np.float64(2.680634254863396), np.float64(2.617003929725769), np.float64(2.617003929725769), np.float64(2.577671599600449), np.float64(2.5201020812938655)]
Final fitness values: [np.float64(2.3761186737650926), np.float64(2.3761186737650926), np.float64(2.3761186737650926), np.float64(2.3761186737650926), np.float64(2.375701398338003), np.float64(2.3733493090262123), np.float64(2.3736120139864822), np.float64(2.3736120139864822), np.float64(2.3736120139864822), np.float64(2.3736120139864822)]
HOF ITEM
2.3733493090262123
-5.873121195293349,1.5666749290263082,4.977660735068197,-4.226230947109231,5.258916768718104,4.25298679387621,-3.624371200008598,1.3583314575353107,1.1349483644982266,0.6975312310603434,2.67832865154437,-0.3432340568954611,-4.732759114230295,1.9957190762556427,-1.4835961732238694,6.629051209234646,0.9888044585410736,1.138250586796239
HOF ITEM
2.3736120139864822
-5.873121195293349,1.5666749290263082,4.977660735068197,-3.9046014338400243,5.161248030329681,4.203483835857536,-3.6922371103222926,1.6862177306148405,1.112614421352541,1.0787338492679326,2.494841116860976,-0.38495472162775546,-4.732759114230295,1.9957190762556427,-1.4014387435654245,6.681849460726014,1.5479968660870522,1.138250586796239
HOF ITEM
2.3736120139864822
-5.873121195293349,1.5666749290263082,4.977660735068197,-3.9046014338400243,5.161248030329681,4.203483835857536,-3.6922371103222926,1.6862177306148405,1.112614421352541,1.2742594058207226,2.494841116860976,-0.3432340568954611,-4.732759114230295,1.9957190762556427,-1.4014387435654245,6.681849460726014,1.5479968660870522,1.138250586796239
HOF ITEM
2.3736120139864822
-5.873121195293349,1.5666749290263082,4.977660735068197,-3.9046014338400243,5.161248030329681,4.203483835857536,-3.6922371103222926,1.6862177306148405,1.112614421352541,1.2742594058207226,2.639802992129158,-0.3432340568954611,-4.732759114230295,1.9957190762556427,-1.4014387435654245,6.681849460726014,1.5479968660870522,1.138250586796239
HOF ITEM
2.3736120139865515
-5.873121195293349,1.5666749290263082,4.977660735068197,-3.9046014338400243,5.161248030329681,4.203483835857536,-3.6922371103222926,1.6862177306148405,1.112614421352541,1.0787338492679326,2.494841116860976,-0.38495472162775546,-4.732759114230295,1.9957190762556427,-1.4014387435654245,6.424939543933742,1.053069948716498,1.138250586796239
seed 233
Initial fitness values: [np.float64(3.4593089036880276), np.float64(3.436861220527213), np.float64(3.061084916460281), np.float64(3.0610337719487637), np.float64(3.025376036551246), np.float64(2.990812781038019), np.float64(2.9205467729684274), np.float64(2.885419121921392), np.float64(2.874208912003497), np.float64(2.8632281809936684)]
Final fitness values: [np.float64(2.3808655691114957), np.float64(2.3804854007083467), np.float64(2.3804854007083467), np.float64(2.379649707755136), np.float64(2.377044898897668), np.float64(2.3758809098859803), np.float64(2.37271938562299), np.float64(2.37271938562299), np.float64(2.37271938562299), np.float64(2.3615478566166033)]
HOF ITEM
2.3615478566166033
1.1171584209754046,0.6057007844671111,-3.4706216200897004,-5.920723182838581,1.0589803271051712,-5.54428914766127,0.6504328762539463,2.754076310595283,3.7686902796978776,-4.551144125801516,1.6956171168746035,-2.1529312391107944,-0.09566906309166867,3.0,0.9488319849817394,0.9850632173647816,2.543696820548068,-0.5725981124776758
HOF ITEM
2.370799538463704
1.1171584209754046,0.6057007844671111,-3.4706216200897004,-5.920723182838581,1.0589803271051712,-5.552938174218045,0.548172088066495,2.754076310595283,3.4167169359396126,-4.551144125801516,1.6956171168746035,-1.848521039290932,-0.09566906309166867,3.0,1.0229905041049647,0.9936710018878558,2.4503170680116515,-0.5725981124776758
HOF ITEM
2.3708734711701474
1.1171584209754046,0.6057007844671111,-3.4706216200897004,-5.920723182838581,1.0589803271051712,-5.552938174218045,0.548172088066495,2.754076310595283,3.4167169359396126,-4.551144125801516,1.6956171168746035,-2.1529312391107944,-0.09566906309166867,2.656720072696259,1.0229905041049647,0.9936710018878558,2.4503170680116515,-0.5725981124776758
HOF ITEM
2.3709381659887545
1.1171584209754046,0.6057007844671111,-3.4706216200897004,-5.920723182838581,1.0589803271051712,-5.552938174218045,0.548172088066495,2.754076310595283,3.4167169359396126,-4.551144125801516,1.6956171168746035,-1.935192567544238,-0.6761902009224897,2.67070550837903,1.0229905041049647,0.9936710018878558,2.4882264365453635,-0.5725981124776758
HOF ITEM
2.37271938562299
1.1171584209754046,0.6057007844671111,-3.4706216200897004,-5.920723182838581,1.0589803271051712,-5.552938174218045,0.548172088066495,2.754076310595283,3.4167169359396126,-4.551144125801516,1.6956171168746035,-1.848521039290932,-0.6761902009224897,2.656720072696259,1.0229905041049647,0.9936710018878558,2.4503170680116515,-0.5725981124776758
seed 234
Initial fitness values: [np.float64(3.5230963562725526), np.float64(3.1637317348663525), np.float64(3.1637317348663525), np.float64(3.0280694672587067), np.float64(2.995813813782747), np.float64(2.955847744350837), np.float64(2.931148574419483), np.float64(2.9271479884796974), np.float64(2.9271479884796974), np.float64(2.8509173119527897)]
Final fitness values: [np.float64(2.2731148403804395), np.float64(2.2731148403804395), np.float64(2.266373484277828), np.float64(2.2660985638651154), np.float64(2.2660985638651154), np.float64(2.2660985638651154), np.float64(2.2660985638651154), np.float64(2.2660985638651154), np.float64(2.2660985638651154), np.float64(2.2660985638651154)]
HOF ITEM
2.2660985638651154
-6.123666052123654,1.3541822346167514,6.659280668584337,3.277664199878884,-3.22755518007448,0.22045587473688383,-5.284049242464303,1.9226601448857634,-3.8306829890448117,0.2387099204926478,1.5840884100346884,-3.176025064434682,-3.524881266507384,0.7834707332554721,1.518471086910854,5.283859552422843,0.5724657946560998,6.419253111574189
HOF ITEM
2.2660985639531366
-6.123666052123654,1.3541822346167514,6.659280668584337,3.277664199878884,-3.22755518007448,0.22045587473688383,-5.284049242464303,1.9226601448857634,-3.8306829890448117,0.10679472978205112,1.5840884100346884,-3.176025064434682,-3.524881266507384,0.7834707332554721,1.518471086910854,5.283859552422843,0.5724657946560998,6.419253111574189
HOF ITEM
2.2660990059219244
-6.123666052123654,1.3541822346167514,6.659280668584337,3.277664199878884,-3.22755518007448,0.22045587473688383,-5.284049242464303,1.9226601448857634,-3.8306829890448117,0.2387099204926478,1.1121007773013798,-3.176025064434682,-3.524881266507384,0.7834707332554721,1.518471086910854,5.283859552422843,0.5724657946560998,6.419253111574189
HOF ITEM
2.2660992241231654
-6.123666052123654,1.3541822346167514,6.659280668584337,3.277664199878884,-3.22755518007448,0.22045587473688383,-5.284049242464303,1.9226601448857634,-3.8306829890448117,0.10679472978205112,1.1121007773013798,-3.176025064434682,-3.524881266507384,0.7834707332554721,1.518471086910854,5.283859552422843,0.5724657946560998,6.419253111574189
HOF ITEM
2.2661006312519807
-6.123666052123654,1.3541822346167514,6.659280668584337,3.277664199878884,-3.22755518007448,0.22045587473688383,-5.284049242464303,1.9226601448857634,-3.8306829890448117,0.2667499998894908,1.9114170038921574,-2.76999973863124,-3.524881266507384,0.7834707332554721,1.518471086910854,5.130560221833589,0.46927919118567163,6.419253111574189
seed 235
Initial fitness values: [np.float64(3.1556088310098014), np.float64(3.014502724807741), np.float64(2.8884160262502245), np.float64(2.820125389500268), np.float64(2.811038867411968), np.float64(2.715639539965502), np.float64(2.715639539965502), np.float64(2.684894103340736), np.float64(2.6217577403130083), np.float64(2.6217577403129995)]
Final fitness values: [np.float64(2.3827554780843356), np.float64(2.3827554780843356), np.float64(2.382755478083418), np.float64(2.3827554780611173), np.float64(2.3827554780611173), np.float64(2.3827554780611173), np.float64(2.3827554780611173), np.float64(2.3827554780611173), np.float64(2.3827554780611173), np.float64(2.3827554766980024)]
HOF ITEM
2.3827554766980024
-6.128218991870011,1.568411911737356,-2.320901786268926,-0.5391169288818372,-0.6420998033660028,-2.0158151868401983,-0.17798049345025313,1.799150551016004,-3.7618942254079504,4.093430038795852,0.6885239292841238,-2.227255298974607,-4.925849021951682,1.9470767815431118,-0.8986789538890674,2.2832875978568135,1.8301006364371817,1.7937555250989763
HOF ITEM
2.3827554780611173
-6.128218991870011,1.568411911737356,-2.320901786268926,-0.5391169288818372,-0.6420998033660028,-2.0158151868401983,-0.17798049345025313,1.799150551016004,-4.153444476862375,4.093430038795852,0.9186920403732348,-2.26565719996011,-4.925849021951682,1.9470767815431118,-0.8986789538890674,1.783219909303695,2.0194215837356957,1.7937555250989763
HOF ITEM
2.3827554780611173
-6.128218991870011,1.568411911737356,-2.320901786268926,-0.5391169288818372,-0.6420998033660028,-2.0158151868401983,-0.17798049345025313,1.799150551016004,-4.153444476862375,4.093430038795852,0.9186920403732348,-2.26565719996011,-4.925849021951682,1.9470767815431118,-0.8986789538890674,1.8102710402282123,1.8301006364371817,1.7937555250989763
HOF ITEM
2.3827554780611173
-6.128218991870011,1.568411911737356,-2.320901786268926,-0.5391169288818372,-0.6420998033660028,-2.0158151868401983,-0.17798049345025313,1.799150551016004,-4.153444476862375,4.093430038795852,0.9186920403732348,-2.26565719996011,-4.925849021951682,1.9470767815431118,-0.8986789538890674,1.783219909303695,1.8301006364371817,1.450112664990176
HOF ITEM
2.3827554780611173
-6.128218991870011,1.568411911737356,-2.320901786268926,-0.5391169288818372,-0.6420998033660028,-2.0158151868401983,-0.17798049345025313,1.799150551016004,-4.153444476862375,4.093430038795852,0.9186920403732348,-2.26565719996011,-4.925849021951682,1.9470767815431118,-0.8986789538890674,1.8102710402282123,2.0194215837356957,1.7937555250989763
seed 236
Initial fitness values: [np.float64(3.1857844089582876), np.float64(2.9220315746336256), np.float64(2.8351736147659232), np.float64(2.8351736147659232), np.float64(2.8249570971032285), np.float64(2.7861330876447847), np.float64(2.6248467523122745), np.float64(2.6248467523122745), np.float64(2.538703559669565), np.float64(2.5042382865472983)]
Final fitness values: [np.float64(2.3599739814999245), np.float64(2.3599739814999245), np.float64(2.3599739814999245), np.float64(2.3599739814999245), np.float64(2.3599739814999245), np.float64(2.3599739814999245), np.float64(2.3599739814999245), np.float64(2.3599739814999245), np.float64(2.3599739814999245), np.float64(2.3599739814999245)]
HOF ITEM
2.3599739814999245
-3.6806623369905136,1.577779287715851,-2.6368491154688707,-3.0702849988432397,1.957083689616007,-1.562313794502227,3.5562192696466632,2.5952687201186766,5.068253754004349,-1.6946874809591503,2.3993813524416185,-2.735542981205489,3.761290548479103,0.5870983515355925,-0.6795366240755863,-2.446150108398912,2.6363844270214085,-1.1879879106297901
HOF ITEM
2.3599739814999245
-3.6806623369905136,1.577779287715851,-2.6368491154688707,-3.0702849988432397,1.957083689616007,-1.562313794502227,3.5562192696466632,2.5952687201186766,5.2071832140685945,-1.6946874809591503,2.3993813524416185,-2.735542981205489,3.761290548479103,0.5870983515355925,-0.6795366240755863,-2.446150108398912,2.6363844270214085,-1.1879879106297901
HOF ITEM
2.3599741084658
-3.6806623369905136,1.577779287715851,-2.6368491154688707,-3.0702849988432397,1.957083689616007,-1.562313794502227,3.5562192696466632,2.5952687201186766,5.2071832140685945,-1.6946874809591503,2.3993813524416185,-2.735542981205489,4.185160442808667,0.5870983515355925,-0.6795366240755863,-2.446150108398912,2.6363844270214085,-1.1879879106297901
HOF ITEM
2.3599741084658
-3.6806623369905136,1.577779287715851,-2.6368491154688707,-3.0702849988432397,1.957083689616007,-1.562313794502227,3.5562192696466632,2.5952687201186766,5.068253754004349,-1.6946874809591503,2.3993813524416185,-2.735542981205489,4.185160442808667,0.5870983515355925,-0.6795366240755863,-2.446150108398912,2.6363844270214085,-1.1879879106297901
HOF ITEM
2.359974128132674
-3.6806623369905136,1.577779287715851,-2.6368491154688707,-3.0702849988432397,1.957083689616007,-1.562313794502227,3.5562192696466632,2.5952687201186766,5.2071832140685945,-1.6946874809591503,2.3993813524416185,-2.735542981205489,4.185160442808667,0.5870983515355925,-0.520539137422124,-2.446150108398912,2.6363844270214085,-1.1879879106297901
seed 237
Initial fitness values: [np.float64(3.045462174838367), np.float64(2.825090769498469), np.float64(2.825090769498469), np.float64(2.8246297172127757), np.float64(2.8246297172127757), np.float64(2.691282521210825), np.float64(2.6434343588092113), np.float64(2.623432482266681), np.float64(2.615083326091087), np.float64(2.560655021755264)]
Final fitness values: [np.float64(2.3790794922217504), np.float64(2.3789542700392508), np.float64(2.3789542700392508), np.float64(2.378756455580672), np.float64(2.378756455580672), np.float64(2.3783819789748675), np.float64(2.3783819789748675), np.float64(2.3782827479161437), np.float64(2.3782827479161437), np.float64(2.3782827162175177)]
HOF ITEM
2.3782827162175177
0.4588199195334011,0.905311243858579,-1.4288382961406512,-0.2721836952588759,2.8728239965385227,-5.820643427086767,0.15316273366421262,3.0,1.4235395774372341,4.666385743351082,0.9551907105541588,-4.794189023741029,-0.05104523579592252,1.1125282172642632,-1.8491851419543153,0.8333845893280829,2.853968955934846,-0.4591779030146856
HOF ITEM
2.3782827479161437
0.4588199195334011,0.905311243858579,-1.4288382961406512,-0.2721836952588759,2.8728239965385227,-5.820643427086767,0.15316273366421262,3.0,1.4235395774372341,4.666385743351082,0.9144939327182846,-4.794189023741029,-0.05104523579592252,1.1125282172642632,-1.8491851419543153,0.8333845893280829,2.853968955934846,-0.4591779030146856
HOF ITEM
2.378282748083234
0.4588199195334011,0.905311243858579,-1.4288382961406512,-0.2721836952588759,2.8728239965385227,-5.820643427086767,0.15316273366421262,3.0,1.4235395774372341,4.666385743351082,0.9144939327182846,-5.001844550177542,-0.05104523579592252,1.1125282172642632,-1.8491851419543153,0.8333845893280829,2.853968955934846,-0.4591779030146856
HOF ITEM
2.3783819789748675
0.4588199195334011,0.905311243858579,-1.4288382961406512,-0.2721836952588759,2.8728239965385227,-5.820643427086767,0.15316273366421262,3.0,1.4235395774372341,4.666385743351082,0.9551907105541588,-4.794189023741029,-0.05104523579592252,1.1125282172642632,-1.713683459379219,0.8333845893280829,2.853968955934846,-0.4591779030146856
HOF ITEM
2.3783820071050785
0.4588199195334011,0.905311243858579,-1.4288382961406512,-0.2721836952588759,2.8728239965385227,-5.820643427086767,0.15316273366421262,3.0,1.4235395774372341,4.666385743351082,0.9144939327182846,-4.794189023741029,-0.05104523579592252,1.1125282172642632,-1.713683459379219,0.8333845893280829,2.853968955934846,-0.4591779030146856
seed 238
Initial fitness values: [np.float64(3.2474247255309914), np.float64(3.2338829373677322), np.float64(2.9328881559563853), np.float64(2.8824055724514097), np.float64(2.7613398316098685), np.float64(2.7613398316098685), np.float64(2.720378107923457), np.float64(2.6356211003857357), np.float64(2.600224021043894), np.float64(2.5780519251407923)]
Final fitness values: [np.float64(2.5046482122667286), np.float64(2.5046482112334396), np.float64(2.5043406699771174), np.float64(2.5043406699771174), np.float64(2.5043406699771174), np.float64(2.504340669942011), np.float64(2.5043406699257336), np.float64(2.504340631740857), np.float64(2.504340631740857), np.float64(2.50434063092366)]
HOF ITEM
2.50434063092366
4.22611901206666,-1.043959345878986,3.3085454630125404,5.7025100628017436,-0.056920996414976555,-5.157506892226184,6.691203160588743,0.9752790084441805,-2.4952101845005803,6.309348210323341,2.470190270902901,-0.29220722881752076,1.2417991954365313,3.0,-2.022352863783299,3.6568680459950733,0.0,-2.6484231735452095
HOF ITEM
2.50434063092366
4.22611901206666,-1.043959345878986,3.3085454630125404,5.7025100628017436,-0.056920996414976555,-5.157506892226184,6.691203160588743,0.9752790084441805,-2.4952101845005803,6.309348210323341,2.611816442391651,-0.29220722881752076,1.2417991954365313,3.0,-2.022352863783299,3.6568680459950733,0.0,-2.6484231735452095
HOF ITEM
2.504340631740857
4.22611901206666,-1.043959345878986,3.3085454630125404,5.7025100628017436,-0.056920996414976555,-5.157506892226184,6.691203160588743,0.9752790084441805,-2.2968544042264045,6.335382462947023,2.611816442391651,-0.4544616397797048,1.2417991954365313,3.0,-2.022352863783299,3.6568680459950733,0.0,-2.6484231735452095
HOF ITEM
2.504340631740857
4.22611901206666,-1.043959345878986,3.3085454630125404,5.7025100628017436,-0.056920996414976555,-5.157506892226184,6.691203160588743,0.9752790084441805,-2.2968544042264045,6.335382462947023,2.470190270902901,-0.29220722881752076,1.2417991954365313,3.0,-2.022352863783299,3.6568680459950733,0.0,-2.6484231735452095
HOF ITEM
2.504340631740857
4.22611901206666,-1.043959345878986,3.3085454630125404,5.7025100628017436,-0.056920996414976555,-5.157506892226184,6.691203160588743,0.9752790084441805,-2.2968544042264045,6.335382462947023,2.611816442391651,-0.29220722881752076,1.2417991954365313,3.0,-2.022352863783299,3.6568680459950733,0.0,-2.6484231735452095
seed 239
Initial fitness values: [np.float64(2.9241611313486855), np.float64(2.9241611313486855), np.float64(2.8989095863421577), np.float64(2.848020587416492), np.float64(2.8164301188609704), np.float64(2.7756220369221465), np.float64(2.7756220369221465), np.float64(2.683028828933783), np.float64(2.683028828933783), np.float64(2.6444079073133318)]
Final fitness values: [np.float64(2.4055235412052034), np.float64(2.4055235412052034), np.float64(2.4055235412052034), np.float64(2.386363551979812), np.float64(2.386363551979812), np.float64(2.3863634541794707), np.float64(2.3861324806727473), np.float64(2.384875171032736), np.float64(2.3730207485063164), np.float64(2.371136988524641)]
HOF ITEM
2.371136988524641
-4.864766130966434,1.5603863669471512,0.5897995031823271,2.160642029598668,1.871640332525662,-4.832399204329776,-1.780112371221247,1.2770932051964916,4.487383647374801,-1.699081351642153,2.3458532217248256,2.142634583396199,-3.9842901352631817,2.246075478589676,-4.840950353813144,0.5863712285835829,0.0,-6.113730974704409
HOF ITEM
2.3730207485063164
-4.864766130966434,1.5603863669471512,0.5897995031823271,2.160642029598668,1.871640332525662,-4.832399204329776,-1.723298808167466,1.6512426411932764,4.766650506389268,-1.699081351642153,2.3458532217248256,2.142634583396199,-3.9842901352631817,2.246075478589676,-4.46820483877663,0.5863712285835829,0.0,-5.847259551340289
HOF ITEM
2.3730222851351708
-4.864766130966434,1.5603863669471512,0.5897995031823271,2.160642029598668,1.871640332525662,-4.832399204329776,-1.723298808167466,1.6512426411932764,4.766650506389268,-1.699081351642153,2.3458532217248256,2.142634583396199,-3.9842901352631817,2.246075478589676,-4.46820483877663,0.5863712285835829,0.0,-6.113730974704409
HOF ITEM
2.37322828061223
-4.864766130966434,1.5603863669471512,0.5897995031823271,2.160642029598668,1.871640332525662,-4.832399204329776,-1.780112371221247,1.6960469169434522,4.766650506389268,-1.699081351642153,2.3458532217248256,2.142634583396199,-3.9842901352631817,2.246075478589676,-4.46820483877663,0.5863712285835829,0.0,-5.847259551340289
HOF ITEM
2.373229814330404
-4.864766130966434,1.5603863669471512,0.5897995031823271,2.160642029598668,1.871640332525662,-4.832399204329776,-1.780112371221247,1.6960469169434522,4.766650506389268,-1.699081351642153,2.3458532217248256,2.142634583396199,-3.9842901352631817,2.246075478589676,-4.46820483877663,0.5863712285835829,0.0,-6.113730974704409
best parameter set
fitness 2.255314994305768 seed 234
-6.125521004710461,1.3645120717540395,6.655088683436118,3.2818457021903242,-3.2276805632841574,0.2205917622327935,-5.282988613267509,1.9211198364563327,-3.8352091433844486,0.2387099204926478,1.5840884100300126,-3.176025064434682,-3.523690810677175,0.7809722224676315,1.5171896141147407,5.2838595568699525,0.5724657966581597,6.419253112095539
