seeds are [190 191 192 193 194 195 196 197 198 199]
seed 190
Initial fitness values: [np.float64(2.8578006306785104), np.float64(2.8485413240125443), np.float64(2.834080193750866), np.float64(2.819459096078118), np.float64(2.776998469420045), np.float64(2.773901122392494), np.float64(2.7696373271274464), np.float64(2.753799893894607), np.float64(2.747375573386746), np.float64(2.747375573386746)]
Final fitness values: [np.float64(2.556215465322007), np.float64(2.556215465322007), np.float64(2.556215465322007), np.float64(2.556215464925496), np.float64(2.556215464925496), np.float64(2.556215464925496), np.float64(2.556215464925496), np.float64(2.556215464925496), np.float64(2.556215464925496), np.float64(2.556215464925496)]
HOF ITEM
2.556215464925496
2.334955549803169,-0.3528190109208515,6.381603043237456,2.815191399638373,1.3277773503492274,-2.7272814033715918,-4.029840872579703,0.5261438932388957,5.362790318041388,-0.48241811273841595,1.4666662522687883,-0.10149123295152221,0.8426283249229585,2.2206217147368132,-3.6575574103448107,5.838036489580687,0.42172847382405154,3.5467273658443426
HOF ITEM
2.556215465322007
2.334955549803169,-0.3528190109208515,6.381603043237456,2.815191399638373,1.3277773503492274,-2.7272814033715918,-4.029840872579703,0.5261438932388957,5.362790318041388,-0.48241811273841595,1.4545712098672419,-0.10149123295152221,0.8426283249229585,2.2206217147368132,-3.6575574103448107,5.838036489580687,0.42172847382405154,3.5467273658443426
HOF ITEM
2.556215496042603
2.334955549803169,-0.3528190109208515,6.381603043237456,2.815191399638373,1.3277773503492274,-2.7272814033715918,-4.029840872579703,0.5261438932388957,5.362790318041388,-0.5472041751106197,1.4666662522687883,-0.10149123295152221,0.8426283249229585,2.2206217147368132,-3.6575574103448107,5.838036489580687,0.42172847382405154,3.5467273658443426
HOF ITEM
2.5562211645702617
2.334955549803169,-0.3528190109208515,6.450055272588137,2.815191399638373,1.3277773503492274,-2.7272814033715918,-4.029840872579703,0.3797389403179062,5.362790318041388,-0.48241811273841595,1.4666662522687883,-0.3903204323489001,0.8426283249229585,2.2206217147368132,-3.6575574103448107,5.838036489580687,0.42172847382405154,3.5467273658443426
HOF ITEM
2.556229009670719
2.334955549803169,-0.3528190109208515,6.381603043237456,2.815191399638373,1.3277773503492274,-2.7272814033715918,-3.9822629186758673,0.5261438932388957,5.362790318041388,-0.48241811273841595,1.4545712098672419,-0.10149123295152221,0.8426283249229585,2.2206217147368132,-3.6575574103448107,5.838036489580687,0.42172847382405154,3.5467273658443426
seed 191
Initial fitness values: [np.float64(3.545379494051961), np.float64(3.3721699659954805), np.float64(3.34833349241274), np.float64(3.11958758943307), np.float64(3.0428735608673536), np.float64(3.0428735608673536), np.float64(2.9643320369362884), np.float64(2.93769284054466), np.float64(2.925096171885598), np.float64(2.8899144529567478)]
Final fitness values: [np.float64(2.3629923469716196), np.float64(2.3628348156805536), np.float64(2.362466516394849), np.float64(2.362466516394849), np.float64(2.362327276120978), np.float64(2.3616578612105856), np.float64(2.3614699942222233), np.float64(2.3613780118120244), np.float64(2.3612236609328656), np.float64(2.3601264519866882)]
HOF ITEM
2.3601264519866882
-2.202340512266404,1.5321627312742356,-5.455916617679035,-1.488158704975096,2.264754869732952,0.6859498881231963,-0.9889112306519747,2.7605135748573226,-0.4650392326794702,-1.8297762386424616,1.7069893572312638,-0.669587373056208,5.873943913793005,0.1476798384254268,-7.0,-0.9473628730411144,2.2106526450282735,1.1883222651690888
HOF ITEM
2.361165311269411
-2.202340512266404,1.5321627312742356,-6.596692672764879,-1.3987687100933166,2.3659902171313245,0.7484079195938715,-0.9871977700655422,2.7605135748573226,-0.4650392326794702,-1.8618919277881543,1.8870188939845378,-0.6386128830160032,5.821031418645965,0.0,-6.408508701097566,-0.4073731536708064,2.2106526450282735,1.2016000297952265
HOF ITEM
2.3611961038497657
-2.202340512266404,1.5321627312742356,-6.596692672764879,-1.4783514991189088,2.264754869732952,0.6859498881231963,-0.9871977700655422,2.7605135748573226,-0.4650392326794702,-1.8618919277881543,1.8870188939845378,-0.5571916781509344,5.887166760219167,0.1476798384254268,-6.3221179277655075,-0.4073731536708064,2.2106526450282735,1.2016000297952265
HOF ITEM
2.3612236609328656
-2.202340512266404,1.5321627312742356,-6.596692672764879,-1.3987687100933166,2.3659902171313245,0.7484079195938715,-0.9871977700655422,2.7605135748573226,-0.4650392326794702,-1.8618919277881543,1.8870188939845378,-0.5571916781509344,5.887166760219167,0.1476798384254268,-6.3221179277655075,-0.4073731536708064,2.2106526450282735,1.2016000297952265
HOF ITEM
2.3612744794230505
-2.202340512266404,1.5321627312742356,-6.596692672764879,-1.3987687100933166,2.343577081050495,0.6859498881231963,-0.9871977700655422,2.7605135748573226,-0.4650392326794702,-1.8618919277881543,1.8341647754383787,-0.6386128830160032,5.821031418645965,0.0,-6.341845629401997,-0.7538810657750891,2.3855554956666616,1.2016000297952265
seed 192
Initial fitness values: [np.float64(3.216827974884783), np.float64(3.0630098499916363), np.float64(2.965293867619202), np.float64(2.9319163352948037), np.float64(2.8918401075015394), np.float64(2.8388262326325497), np.float64(2.7871350160077357), np.float64(2.6415949548057), np.float64(2.6415949548057), np.float64(2.5574648847321013)]
Final fitness values: [np.float64(2.382760006362326), np.float64(2.382760006362324), np.float64(2.382760006362324), np.float64(2.382760006362324), np.float64(2.382760006362324), np.float64(2.382094222557545), np.float64(2.3820942225492994), np.float64(2.3820942225492994), np.float64(2.3820942225492994), np.float64(2.3820942225492994)]
HOF ITEM
2.3820942225492994
-2.3378339433479383,1.5512839606627384,5.53985306330794,5.014979038305128,3.0137069910869254,0.6885803357111382,2.4814118613578025,0.32137290168947846,5.659120080222485,-1.0183635142076193,2.5049809883420537,4.117341955972776,1.660599495774474,2.6030566289747474,-5.710316422892528,1.988618585484059,2.4342478352411288,6.754470370016816
HOF ITEM
2.3820942225523973
-2.3378339433479383,1.5512839606627384,5.53985306330794,5.014979038305128,3.0137069910869254,0.6885803357111382,2.4814118613578025,0.32137290168947846,5.659120080222485,-1.0183635142076193,2.5049809883420537,4.117341955972776,1.660599495774474,2.415234952208859,-5.710316422892528,1.988618585484059,2.4342478352411288,6.754470370016816
HOF ITEM
2.382094222557545
-2.3378339433479383,1.5512839606627384,5.53985306330794,5.014979038305128,3.0137069910869254,0.6885803357111382,2.4814118613578025,0.32137290168947846,5.659120080222485,-1.0183635142076193,2.5049809883420537,4.117341955972776,1.660599495774474,2.6030566289747474,-5.710316422892528,1.988618585484059,2.440754863314456,6.754470370016816
HOF ITEM
2.3820942225606414
-2.3378339433479383,1.5512839606627384,5.53985306330794,5.014979038305128,3.0137069910869254,0.6885803357111382,2.4814118613578025,0.32137290168947846,5.659120080222485,-1.0183635142076193,2.5049809883420537,4.117341955972776,1.660599495774474,2.415234952208859,-5.710316422892528,1.988618585484059,2.440754863314456,6.754470370016816
HOF ITEM
2.382760006359155
-2.3378339433479383,1.5512839606627384,5.53985306330794,4.733135331982769,2.96150636795916,0.8380536443490065,2.4814118613578025,0.32137290168947846,5.532776561466246,-1.0183635142076193,2.5049809883420537,4.117341955972776,1.660599495774474,2.6030566289747474,-5.710316422892528,1.988618585484059,2.4342478352411288,6.754470370016816
seed 193
Initial fitness values: [np.float64(3.44603845640454), np.float64(3.2706364264694487), np.float64(2.8014756163707357), np.float64(2.578059537855288), np.float64(2.428788459664496), np.float64(2.3956379332154016), np.float64(2.388584320249497), np.float64(2.3098176224373486), np.float64(2.29880801757544), np.float64(2.244493556443266)]
Final fitness values: [np.float64(2.0217875570097896), np.float64(2.0192642460916184), np.float64(2.0192642460916184), np.float64(2.007716115775886), np.float64(2.0041524588065642), np.float64(2.0041524588065642), np.float64(1.99107170116032), np.float64(1.9910717011603192), np.float64(1.9904380277119114), np.float64(1.9904380277119114)]
HOF ITEM
1.9904380277119114
5.800462313460039,-1.4260063463167112,-3.187177358623752,1.2315117214704778,-2.1262381315273085,-1.0379683016042984,-4.420838960105144,2.659139609215872,0.21838531426636187,-1.3433644282839086,2.880096719675183,0.2606601323953081,1.3515654628341565,3.0,-0.43519144550807043,3.2380309677080996,2.661745131812488,-4.575785678149066
HOF ITEM
1.9904380277119114
5.800462313460039,-1.4260063463167112,-3.187177358623752,1.2315117214704778,-2.1262381315273085,-1.0379683016042984,-4.420838960105144,2.659139609215872,0.21838531426636187,-1.3433644282839086,2.880096719675183,0.2606601323953081,1.3515654628341565,3.0,-0.43519144550807043,3.2380309677080996,3.0,-4.575785678149066
HOF ITEM
1.9904380277119114
5.800462313460039,-1.4260063463167112,-3.187177358623752,1.2315117214704778,-2.1262381315273085,-1.0379683016042984,-4.420838960105144,2.659139609215872,0.21838531426636187,-1.3433644282839086,2.880096719675183,0.2606601323953081,1.3515654628341565,3.0,-0.43519144550807043,3.1908260298260838,3.0,-4.575785678149066
HOF ITEM
1.9910717011603192
5.800462313460039,-1.4260063463167112,-3.187177358623752,1.2315117214704778,-2.4194836799429345,-1.0379683016042984,-4.32297726167202,2.659139609215872,0.21838531426636187,-1.3433644282839086,2.880096719675183,0.2606601323953081,1.3515654628341565,3.0,-0.43519144550807043,3.2380309677080996,2.661745131812488,-5.70693785721469
HOF ITEM
1.9910717011603192
5.800462313460039,-1.4260063463167112,-3.187177358623752,1.2315117214704778,-2.4194836799429345,-1.0379683016042984,-4.32297726167202,2.659139609215872,0.21838531426636187,-1.3433644282839086,2.880096719675183,0.2606601323953081,1.3515654628341565,3.0,-0.43519144550807043,3.2380309677080996,3.0,-4.575785678149066
seed 194
Initial fitness values: [np.float64(2.9199142691602225), np.float64(2.9072016815931865), np.float64(2.725424055584238), np.float64(2.675211452387842), np.float64(2.5997982651493485), np.float64(2.5335158994634166), np.float64(2.484267340203282), np.float64(2.409463874796586), np.float64(2.375186766363772), np.float64(2.375186766363772)]
Final fitness values: [np.float64(2.372534367525861), np.float64(2.372534367525861), np.float64(2.372534367525861), np.float64(2.3725326562047746), np.float64(2.3720289463271547), np.float64(2.3720289463271547), np.float64(2.3720289463271547), np.float64(2.3719931873375426), np.float64(2.3719931873375426), np.float64(2.37199308317257)]
HOF ITEM
2.37199308317257
-5.314643429118058,1.5956704346656247,-7.0,-6.400778041639746,-6.003902493680001,-0.3100731853987877,3.415417482747905,0.41689667440463674,1.8238983216251712,3.002671947111014,0.8463338073477125,-1.890351409751362,-4.066910570836435,2.1664127930530883,-0.7819157680019353,-0.6619511413965558,1.8472858744816791,5.204241177663756
HOF ITEM
2.3719931873375426
-5.314643429118058,1.5956704346656247,-7.0,-6.400778041639746,-6.003902493680001,-0.3100731853987877,3.415417482747905,0.41689667440463674,1.8238983216251712,3.002671947111014,0.778415400230774,-1.5704798199163637,-4.066910570836435,2.1664127930530883,-0.7819157680019353,-0.9548921732325266,1.8734101666713325,5.466715271621043
HOF ITEM
2.3720107916150592
-5.314643429118058,1.5956704346656247,-7.0,-6.377156790881526,-6.003902493680001,-0.30352765918110425,3.5311970796121956,0.0,1.3628142373579828,3.4024966743278964,0.8463338073477125,-1.891922980355465,-4.066910570836435,2.1664127930530883,-0.7819157680019353,-0.8010298516542763,1.8368213347394466,5.204241177663756
HOF ITEM
2.3720138244223827
-5.314643429118058,1.5956704346656247,-7.0,-6.377156790881526,-6.003902493680001,-0.3100731853987877,3.482363813878764,0.0,1.3628142373579828,3.132557159618745,0.5380329425942605,-2.087648614758682,-4.066910570836435,2.1664127930530883,-0.7819157680019353,-0.6619511413965558,1.8472858744816791,5.204241177663756
HOF ITEM
2.372015967194679
-5.314643429118058,1.5956704346656247,-7.0,-6.377156790881526,-6.003902493680001,-0.3100731853987877,3.482363813878764,0.0,1.3628142373579828,3.132557159618745,0.778415400230774,-1.5704798199163637,-4.066910570836435,2.1664127930530883,-0.7819157680019353,-0.9548921732325266,1.8734101666713325,5.466715271621043
seed 195
Initial fitness values: [np.float64(3.4167710089109926), np.float64(2.9746604054354644), np.float64(2.771703717771354), np.float64(2.7599155885247995), np.float64(2.631133008361167), np.float64(2.631133008361167), np.float64(2.6011286929533943), np.float64(2.5398337941971594), np.float64(2.5080162979783807), np.float64(2.479458118967781)]
Final fitness values: [np.float64(2.2476877210478783), np.float64(2.2476877210478783), np.float64(2.247656744072639), np.float64(2.247656744072639), np.float64(2.247656744072639), np.float64(2.247656744072639), np.float64(2.247656744072639), np.float64(2.2475401682163954), np.float64(2.2474994134779456), np.float64(2.2474994134779456)]
HOF ITEM
2.2474994134779456
-4.309688736474604,1.5173348462575145,2.2491650426116436,0.4118320597844924,6.995811354056777,5.062419982731149,-3.049882001812496,2.387618158718974,-0.5167345680946427,-3.41862577120932,2.047171524378901,-0.9621423592693696,2.588435234999946,2.048415690767466,-6.098281684907408,-5.6777193159460335,2.2031721142110263,6.085280459068992
HOF ITEM
2.2474994134779456
-4.309688736474604,1.5173348462575145,2.2491650426116436,0.4118320597844924,6.995811354056777,5.062419982731149,-3.049882001812496,2.387618158718974,-0.5167345680946427,-3.41862577120932,2.047171524378901,-0.9621423592693696,2.3524810894815196,2.048415690767466,-6.098281684907408,-5.6777193159460335,2.2031721142110263,6.085280459068992
HOF ITEM
2.2474994134779456
-4.309688736474604,1.5173348462575145,2.2491650426116436,0.4118320597844924,6.995811354056777,5.062419982731149,-3.049882001812496,2.387618158718974,-0.5167345680946427,-3.41862577120932,2.047171524378901,-0.9621423592693696,2.3524810894815196,2.215355441163006,-5.417261828607784,-5.6777193159460335,2.2031721142110263,6.085280459068992
HOF ITEM
2.247504540547742
-4.309688736474604,1.5173348462575145,2.2491650426116436,0.4118320597844924,7.0,5.062419982731149,-3.049882001812496,2.387618158718974,-0.5167345680946427,-3.41862577120932,2.047171524378901,-0.9621423592693696,2.3524810894815196,2.048415690767466,-6.098281684907408,-5.6777193159460335,2.2031721142110263,6.069103093901861
HOF ITEM
2.2475401682163954
-4.309688736474604,1.5173348462575145,2.2491650426116436,0.3600818096158351,7.0,5.062419982731149,-3.049882001812496,2.387618158718974,-0.5167345680946427,-3.41862577120932,2.047171524378901,-0.9621423592693696,2.3524810894815196,2.596966319872,-5.910892783351965,-5.6777193159460335,2.2031721142110263,6.069103093901861
seed 196
Initial fitness values: [np.float64(3.051209607476081), np.float64(2.940990949461174), np.float64(2.940990949461174), np.float64(2.8488244431309644), np.float64(2.8188312473419286), np.float64(2.8188312473419286), np.float64(2.8055810474313088), np.float64(2.803545331771482), np.float64(2.7969291277507615), np.float64(2.794663049849209)]
Final fitness values: [np.float64(2.4776813604417676), np.float64(2.446623787526355), np.float64(2.446623787526355), np.float64(2.4220036996417003), np.float64(2.4220036996417003), np.float64(2.4220023388992216), np.float64(2.4220023388992216), np.float64(2.4219869854826843), np.float64(2.4219869854826843), np.float64(2.42198596832419)]
HOF ITEM
2.42198596832419
6.3006448808808395,-1.1438031616710582,6.615213808614115,-5.864448351057864,1.0612770796096012,0.12160160185970337,2.218701783678629,0.2256850988632289,-1.4644397826269109,-0.008368574782500457,2.3452117985668126,5.193902962909372,0.33159034387472036,3.0,5.046379949959691,0.9744670159366745,0.826253388660363,-0.9981392350374926
HOF ITEM
2.4219869854826843
6.3006448808808395,-1.1438031616710582,6.615213808614115,-5.864448351057864,1.0612770796096012,0.12160160185970337,2.218701783678629,0.2256850988632289,-1.4644397826269109,-0.008368574782500457,2.1095645187215526,5.193902962909372,0.33159034387472036,3.0,5.046379949959691,0.9744670159366745,0.826253388660363,-0.9981392350374926
HOF ITEM
2.4220023388992216
6.3006448808808395,-1.1438031616710582,6.615213808614115,-5.573529658969024,1.0612770796096012,0.12160160185970337,2.218701783678629,0.2256850988632289,-1.4644397826269109,-0.008368574782500457,2.3452117985668126,5.193902962909372,0.33159034387472036,3.0,5.046379949959691,0.9744670159366745,0.826253388660363,-0.9981392350374926
HOF ITEM
2.4220036996417003
6.3006448808808395,-1.1438031616710582,6.615213808614115,-5.573529658969024,1.0612770796096012,0.12160160185970337,2.218701783678629,0.2256850988632289,-1.4644397826269109,-0.008368574782500457,2.1095645187215526,5.193902962909372,0.33159034387472036,3.0,5.046379949959691,0.9744670159366745,0.826253388660363,-0.9981392350374926
HOF ITEM
2.422074656302236
6.3006448808808395,-1.1438031616710582,6.615213808614115,-5.573529658969024,1.0612770796096012,0.12160160185970337,2.218701783678629,0.08767030448969713,-1.4644397826269109,-0.008368574782500457,2.1095645187215526,5.193902962909372,0.33159034387472036,3.0,5.046379949959691,0.9744670159366745,0.826253388660363,-0.9981392350374926
seed 197
Initial fitness values: [np.float64(3.606854266797938), np.float64(3.376248265503947), np.float64(3.127591478219961), np.float64(2.91755243913361), np.float64(2.6418144100279433), np.float64(2.57376541025463), np.float64(2.5572207901273787), np.float64(2.508850060390546), np.float64(2.491086340346766), np.float64(2.490920404206851)]
Final fitness values: [np.float64(2.4343318971104555), np.float64(2.4343318971104555), np.float64(2.434323520336016), np.float64(2.434323520336016), np.float64(2.43432334616352), np.float64(2.4343220176948996), np.float64(2.4343220176948996), np.float64(2.4343220176948996), np.float64(2.4343220176948996), np.float64(2.4343220176948996)]
HOF ITEM
2.4343220176948996
1.6675243799623027,0.3839143657042289,6.663032428071304,3.2660279928093288,4.042086991909138,-2.6392228745504793,5.842619583448727,1.1999367587110852,-6.18903517684069,-2.4995555924548576,2.427550475730867,-5.07620158928324,0.8818981399232505,3.0,-6.122552391215814,3.4765583189032743,1.193764491804454,-2.659669127367165
HOF ITEM
2.4343224647497292
1.6675243799623027,0.3839143657042289,6.892991605194433,3.2660279928093288,4.042086991909138,-2.6392228745504793,5.842619583448727,1.1999367587110852,-6.18903517684069,-2.4995555924548576,2.427550475730867,-5.07620158928324,0.8818981399232505,3.0,-6.122552391215814,3.4765583189032743,1.193764491804454,-2.659669127367165
HOF ITEM
2.43432334616352
1.6675243799623027,0.3839143657042289,6.663032428071304,3.2660279928093288,4.042086991909138,-2.6392228745504793,5.842619583448727,1.1999367587110852,-6.18903517684069,-2.5213570157995857,2.427550475730867,-5.07620158928324,0.8818981399232505,3.0,-6.122552391215814,3.4765583189032743,1.193764491804454,-2.659669127367165
HOF ITEM
2.434323520336016
1.6675243799623027,0.3839143657042289,6.892991605194433,3.2660279928093288,4.042086991909138,-2.6392228745504793,5.842619583448727,1.1999367587110852,-6.18903517684069,-2.5213570157995857,2.427550475730867,-5.07620158928324,0.8818981399232505,3.0,-6.122552391215814,3.4765583189032743,1.193764491804454,-2.659669127367165
HOF ITEM
2.43432511569642
1.6675243799623027,0.3839143657042289,6.892991605194433,3.2660279928093288,4.042086991909138,-2.6392228745504793,5.842619583448727,1.1999367587110852,-6.18903517684069,-2.4995555924548576,2.2707034737793794,-5.07620158928324,0.8818981399232505,3.0,-6.122552391215814,3.4765583189032743,1.193764491804454,-2.659669127367165
seed 198
Initial fitness values: [np.float64(3.5211867080998513), np.float64(3.0068371889188423), np.float64(2.971693579402565), np.float64(2.9171206707158452), np.float64(2.842276791639202), np.float64(2.8067054889280345), np.float64(2.800837315383328), np.float64(2.7818576457349082), np.float64(2.4936974684714706), np.float64(2.4936974684714706)]
Final fitness values: [np.float64(2.3677437620067865), np.float64(2.3677437620067865), np.float64(2.3677437620067865), np.float64(2.3677437620067865), np.float64(2.3677437620067865), np.float64(2.3677437620067865), np.float64(2.3677437620067865), np.float64(2.3677437620067865), np.float64(2.3677437620067865), np.float64(2.3677437620067865)]
HOF ITEM
2.3677437620067865
-6.748884847343113,1.563475050789527,4.293821612618089,4.692255734037844,7.0,5.743296366763175,-4.6253876434500585,1.5718809284384134,0.4222168168479019,-1.9332992974541172,1.9929143695999667,6.090915408870118,-5.696575732643725,1.8436262562689767,-1.9477414951873675,-0.11517052463797639,1.92714910084035,-3.414441215227573
HOF ITEM
2.3677437620067865
-6.748884847343113,1.563475050789527,4.293821612618089,4.692255734037844,7.0,5.743296366763175,-4.6253876434500585,1.5718809284384134,0.4222168168479019,-2.1105535436980256,1.9929143695999667,6.148653807138945,-5.696575732643725,1.8436262562689767,-1.9477414951873675,-0.4963183354506843,2.0302373274618915,-3.2085331553643037
HOF ITEM
2.3677437620067865
-6.748884847343113,1.563475050789527,4.293821612618089,4.692255734037844,7.0,5.743296366763175,-4.6253876434500585,1.5718809284384134,0.4222168168479019,-2.1105535436980256,1.9929143695999667,6.148653807138945,-5.696575732643725,1.8436262562689767,-1.9477414951873675,-0.4963183354506843,2.0302373274618915,-3.7819533504399905
HOF ITEM
2.3677455044881652
-6.748884847343113,1.563475050789527,4.293821612618089,4.692255734037844,7.0,5.743296366763175,-4.6253876434500585,1.5718809284384134,0.4222168168479019,-2.246927958614079,1.8536826851580013,5.93565688455208,-5.696575732643725,1.8436262562689767,-1.9477414951873675,-0.8737258552678548,2.0302373274618915,-3.7819533504399905
HOF ITEM
2.367797326296855
-6.748884847343113,1.563475050789527,4.293821612618089,4.692255734037844,7.0,5.743296366763175,-4.6253876434500585,1.5718809284384134,0.4222168168479019,-2.1105535436980256,1.579129299872154,6.148653807138945,-5.696575732643725,1.8436262562689767,-1.9477414951873675,-0.07918530399910018,2.0302373274618915,-3.032949251779369
seed 199
Initial fitness values: [np.float64(3.2888563296892332), np.float64(3.2166712593718905), np.float64(3.0188034754711834), np.float64(2.962364238020644), np.float64(2.8434256463780647), np.float64(2.8208550852792618), np.float64(2.806431615369843), np.float64(2.8031699349058297), np.float64(2.7689023829988644), np.float64(2.7440202204590953)]
Final fitness values: [np.float64(2.55698490580855), np.float64(2.55698490580855), np.float64(2.556970060503841), np.float64(2.556970060503841), np.float64(2.556970060503841), np.float64(2.5569688569346853), np.float64(2.5567344628450295), np.float64(2.5534593623142796), np.float64(2.5534593623142796), np.float64(2.5534593623142796)]
HOF ITEM
2.5534593623142796
3.3416851024880487,-0.7767323372611912,5.405703220027463,1.1285729475672337,-6.411364353009398,3.9773915018565433,6.006757411465758,0.07214106549504495,0.9273713478566206,1.0001880667972447,1.1908856982132254,-1.0091583192779816,1.2470718369705378,2.3785423303765776,-0.46380144637309967,5.177858401348221,1.4194949922186249,2.902782096671011
HOF ITEM
2.5534599331352728
3.3416851024880487,-0.7767323372611912,5.405703220027463,1.1285729475672337,-6.411364353009398,3.998899302183771,6.006757411465758,0.07214106549504495,0.9273713478566206,1.0001880667972447,1.1908856982132254,-1.0091583192779816,1.2470718369705378,2.3785423303765776,-0.46380144637309967,5.177858401348221,1.4194949922186249,2.902782096671011
HOF ITEM
2.5541733937141498
3.3416851024880487,-0.7767323372611912,5.72649622612524,1.4023174960602693,-6.218159533797686,3.6241678316303196,5.881574628417866,0.20747389307584707,1.2800967126279414,1.077600604287176,1.1908856982132254,-0.9417591585641975,1.2470718369705378,2.292477356077496,-0.46380144637309967,5.111902832146949,1.8017355282800842,2.902782096671011
HOF ITEM
2.5555140851013127
3.3416851024880487,-0.7767323372611912,5.405703220027463,1.1285729475672337,-6.225810298160132,3.998899302183771,6.006757411465758,0.1778202674667234,1.2800967126279414,1.0001880667972447,1.1908856982132254,-0.9417591585641975,1.2470718369705378,2.292477356077496,-0.46380144637309967,5.105082431874841,1.4194949922186249,2.902782096671011
HOF ITEM
2.5556267354091933
3.4901129694627877,-0.8348440218395803,5.405703220027463,1.1285729475672337,-6.411364353009398,3.998899302183771,6.006757411465758,0.1778202674667234,1.2800967126279414,1.0001880667972447,1.1908856982132254,-0.9417591585641975,1.2470718369705378,2.292477356077496,-0.46380144637309967,5.105082431874841,1.4194949922186249,2.902782096671011
best parameter set
fitness 1.9704604684099145 seed 193
5.795720495321174,-1.4258462267746173,-3.1872048772820216,1.2314699454641977,-2.126166943544839,-1.037978730644793,-4.420838960105144,2.659139609215872,0.218977532586807,-1.3462875484829797,2.881965711847573,0.26930109522545,1.3510343914884675,3.0,-0.4207262569335473,3.2380309677080996,2.661745131812488,-4.575785678149066
