seeds are [160 161 162 163 164 165 166 167 168 169]
seed 160
Initial fitness values: [np.float64(3.304231471465118), np.float64(3.017127735528865), np.float64(2.715005759686011), np.float64(2.642452240469758), np.float64(2.604298213398888), np.float64(2.5168793401575686), np.float64(2.4801871799462107), np.float64(2.4798088319567357), np.float64(2.460010310578823), np.float64(2.4590580576983694)]
Final fitness values: [np.float64(2.3604374052570147), np.float64(2.3604111578272935), np.float64(2.3604111578272935), np.float64(2.3604052188613007), np.float64(2.3602009788931433), np.float64(2.3602003265001077), np.float64(2.3601161428166186), np.float64(2.3601161428166186), np.float64(2.3601161428166186), np.float64(2.3600746757319406)]
HOF ITEM
2.3600746757319406
-1.8954423271015994,1.5252683731749652,6.811253251923015,-2.6898159251346936,-1.1155919521218975,3.046421958516046,-1.9716173264628991,1.9031581222962548,1.7547148562354138,3.850384878774859,2.0011793364693764,-4.963222908199672,-0.7071906795483467,2.811897356714248,-0.46551598482306733,-2.162019280736922,2.8371942275376534,4.886686076847245
HOF ITEM
2.360078014872906
-1.8954423271015994,1.5252683731749652,6.811253251923015,-2.6898159251346936,-1.1155919521218975,3.046421958516046,-2.029958044859772,1.9031581222962548,1.4512562728344869,3.430221748248318,1.9270718188522278,-5.238876000542229,-0.7071906795483467,2.811897356714248,-0.46551598482306733,-2.162019280736922,2.8371942275376534,4.886686076847245
HOF ITEM
2.360078014872906
-1.8954423271015994,1.5252683731749652,6.811253251923015,-2.6898159251346936,-1.1155919521218975,3.046421958516046,-2.029958044859772,1.9031581222962548,1.4512562728344869,3.850384878774859,2.0011793364693764,-4.963222908199672,-0.7071906795483467,2.811897356714248,-0.46551598482306733,-2.162019280736922,2.8371942275376534,4.886686076847245
HOF ITEM
2.3600992509075116
-1.8954423271015994,1.5252683731749652,6.573364026427365,-2.6898159251346936,-1.1151919913842463,3.046421958516046,-2.029958044859772,1.9031581222962548,1.4512562728344869,3.430221748248318,1.9270718188522278,-5.238876000542229,-0.7071906795483467,2.811897356714248,-0.46551598482306733,-2.162019280736922,2.8371942275376534,4.886686076847245
HOF ITEM
2.3601010528004576
-1.8954423271015994,1.5252683731749652,6.573364026427365,-2.6898159251346936,-1.1155919521218975,3.046421958516046,-1.9716173264628991,1.9031581222962548,1.7547148562354138,3.430221748248318,1.9270718188522278,-5.238876000542229,-0.7071906795483467,2.811897356714248,-0.46551598482306733,-2.162019280736922,2.8371942275376534,4.886686076847245
seed 161
Initial fitness values: [np.float64(2.934221517037072), np.float64(2.934221517037072), np.float64(2.728095522826082), np.float64(2.728095522826082), np.float64(2.711696548117729), np.float64(2.5415597583418417), np.float64(2.5270486454570076), np.float64(2.484922654151073), np.float64(2.4709965072989273), np.float64(2.3779144790641054)]
Final fitness values: [np.float64(2.3569578436377396), np.float64(2.3569382450461918), np.float64(2.3569382450461918), np.float64(2.3569382450461918), np.float64(2.3569382450461918), np.float64(2.3569382450461918), np.float64(2.3569382450461918), np.float64(2.3569382450461918), np.float64(2.3569382450461918), np.float64(2.3569382450461918)]
HOF ITEM
2.3569382450461918
-4.09308774759001,1.598797873151766,-2.658672389797719,1.8504525338148692,-5.761412265670036,-4.58621345559988,-0.6500220418056079,1.805311453448826,4.026752801166288,-2.7651844624056023,2.5130175821095917,0.46133402725417927,6.241579899962095,2.945566620602178,-1.3016193960489715,-0.43133190481360306,1.608552333786198,4.175287214121427
HOF ITEM
2.3569382450461918
-4.09308774759001,1.598797873151766,-2.658672389797719,1.8504525338148692,-5.761412265670036,-4.58621345559988,-0.6500220418056079,1.805311453448826,4.026752801166288,-2.7651844624056023,2.5130175821095917,0.46133402725417927,6.241579899962095,2.945566620602178,-1.0635043123765788,-0.43133190481360306,1.608552333786198,4.175287214121427
HOF ITEM
2.3569382916441812
-4.09308774759001,1.598797873151766,-2.658672389797719,1.8504525338148692,-5.761412265670036,-4.58621345559988,-0.6500220418056079,1.805311453448826,4.026752801166288,-2.7651844624056023,2.5130175821095917,0.46133402725417927,6.241579899962095,2.945566620602178,-1.0635043123765788,-0.43133190481360306,1.608552333786198,4.170557363596544
HOF ITEM
2.3569471939183257
-4.09308774759001,1.598797873151766,-2.658672389797719,1.8504525338148692,-5.761412265670036,-4.58621345559988,-0.6500220418056079,1.805311453448826,4.026752801166288,-2.7651844624056023,2.5130175821095917,0.46133402725417927,6.241579899962095,2.945566620602178,-1.3016193960489715,-0.43133190481360306,1.8480880884479536,4.175287214121427
HOF ITEM
2.3569471979044154
-4.09308774759001,1.598797873151766,-2.658672389797719,1.8504525338148692,-5.761412265670036,-4.58621345559988,-0.6500220418056079,1.805311453448826,4.026752801166288,-2.7651844624056023,2.5130175821095917,0.46133402725417927,6.241579899962095,2.945566620602178,-1.0635043123765788,-0.43133190481360306,1.8480880884479536,4.170557363596544
seed 162
Initial fitness values: [np.float64(3.121759679686044), np.float64(3.089730250618646), np.float64(2.9378126986389956), np.float64(2.8470911192875263), np.float64(2.8470911191583936), np.float64(2.7615159585908136), np.float64(2.6398412270369356), np.float64(2.6212926645643115), np.float64(2.588503115701242), np.float64(2.498349032787512)]
Final fitness values: [np.float64(2.363369167730796), np.float64(2.363369167730796), np.float64(2.363369167730796), np.float64(2.363369167730796), np.float64(2.3633687743486194), np.float64(2.36336864264016), np.float64(2.36336864264016), np.float64(2.36336864264016), np.float64(2.36336864264016), np.float64(2.36336864264016)]
HOF ITEM
2.36336864264016
-2.5523427469176427,1.5537434436773445,1.2658522458255734,5.724075836607884,2.995966554722393,-0.11683591360813873,-1.3065291985701617,2.8344237832771686,-0.5415775574415057,0.3863976901792805,1.9044285187972452,-5.1633856958725035,3.3264930803635595,2.3580022592196825,-3.553129248790141,3.599908634821033,1.2189546320426417,1.924730478768778
HOF ITEM
2.36336864264016
-2.5523427469176427,1.5537434436773445,1.2658522458255734,5.724075836607884,2.995966554722393,-0.11683591360813873,-1.3065291985701617,2.8344237832771686,-0.5415775574415057,0.3863976901792805,1.9044285187972452,-5.1633856958725035,3.3264930803635595,2.2484824078109638,-3.553129248790141,3.599908634821033,1.2189546320426417,1.924730478768778
HOF ITEM
2.3633687743486194
-2.5523427469176427,1.5537434436773445,1.2658522458255734,5.724075836607884,2.995966554722393,-0.11683591360813873,-1.3065291985701617,2.8344237832771686,-0.5415775574415057,0.3863976901792805,1.9044285187972452,-5.1633856958725035,3.3264930803635595,2.3580022592196825,-3.553129248790141,3.599908634821033,1.2189546320426417,2.2570301733463025
HOF ITEM
2.3633687743486194
-2.5523427469176427,1.5537434436773445,1.2658522458255734,5.724075836607884,2.995966554722393,-0.11683591360813873,-1.3065291985701617,2.8344237832771686,-0.5415775574415057,0.3863976901792805,1.9044285187972452,-5.1633856958725035,3.3264930803635595,2.2484824078109638,-3.553129248790141,3.599908634821033,1.2189546320426417,2.2570301733463025
HOF ITEM
2.363369167730796
-2.5523427469176427,1.5537434436773445,1.2658522458255734,5.724075836607884,2.995966554722393,-0.11683591360813873,-1.3065291985701617,2.8344237832771686,-0.5415775574415057,0.3863976901792805,1.9044285187972452,-5.690710059700371,3.3264930803635595,2.2484824078109638,-3.553129248790141,3.599908634821033,1.2189546320426417,1.924730478768778
seed 163
Initial fitness values: [np.float64(3.0709918157342644), np.float64(2.9806611485757584), np.float64(2.892858268767969), np.float64(2.8802136751386427), np.float64(2.855952760683955), np.float64(2.830217882426834), np.float64(2.829996554103782), np.float64(2.829996554103782), np.float64(2.8251602413396464), np.float64(2.8218316468092137)]
Final fitness values: [np.float64(2.8051807144399836), np.float64(2.805036186311348), np.float64(2.805036186311348), np.float64(2.805036186311348), np.float64(2.805036183887456), np.float64(2.805036183887456), np.float64(2.805036183887456), np.float64(2.805036183887456), np.float64(2.805036183887456), np.float64(2.805036183887456)]
HOF ITEM
2.805036183887456
5.028696885635784,-0.6514065925354873,2.0224717583941687,2.262005774172244,-4.256186672588743,-5.02199947043221,6.804708084573433,1.838037047967186,-0.08245241062693225,5.6385286542794155,1.1419703869443132,-0.1154751830424639,5.718893722097865,0.7690736471916013,5.545883896717504,1.5598203560938773,1.3014522033128473,-6.955411319524551
HOF ITEM
2.805036183887456
5.028696885635784,-0.6514065925354873,2.0224717583941687,2.262005774172244,-4.256186672588743,-5.02199947043221,6.804708084573433,1.7883042969233103,-0.0793910780455026,5.6385286542794155,1.1419703869443132,-0.1154751830424639,5.718893722097865,0.7690736471916013,5.545883896717504,1.5598203560938773,1.3014522033128473,-6.955411319524551
HOF ITEM
2.805036183887456
5.028696885635784,-0.6514065925354873,2.0224717583941687,2.262005774172244,-4.256186672588743,-5.02199947043221,6.804708084573433,1.838037047967186,-0.0793910780455026,5.6385286542794155,1.1419703869443132,-0.1154751830424639,5.718893722097865,0.7690736471916013,5.545883896717504,1.5598203560938773,1.3014522033128473,-6.955411319524551
HOF ITEM
2.805036183887456
5.028696885635784,-0.6514065925354873,2.0224717583941687,2.262005774172244,-4.256186672588743,-5.02199947043221,6.804708084573433,1.7883042969233103,-0.08245241062693225,5.6385286542794155,1.1419703869443132,-0.1154751830424639,5.718893722097865,0.7690736471916013,5.545883896717504,1.5598203560938773,1.3014522033128473,-6.955411319524551
HOF ITEM
2.805036186311348
5.028696885635784,-0.6514065925354873,2.0224717583941687,2.262005774172244,-4.256186672588743,-5.02199947043221,6.804708084573433,1.838037047967186,-0.08245241062693225,5.6385286542794155,1.1419703869443132,0.149809481928799,5.718893722097865,0.7690736471916013,5.545883896717504,1.5598203560938773,1.3014522033128473,-6.955411319524551
seed 164
Initial fitness values: [np.float64(3.3170947604193017), np.float64(2.9167502892344475), np.float64(2.9141664098611146), np.float64(2.9071932122060593), np.float64(2.8839476574910914), np.float64(2.8760612826169356), np.float64(2.8690517683024517), np.float64(2.8672655873540536), np.float64(2.865753342228068), np.float64(2.8657203972230434)]
Final fitness values: [np.float64(2.3928667742476533), np.float64(2.3928667742476533), np.float64(2.3928667742476533), np.float64(2.392862236821639), np.float64(2.3928552658517592), np.float64(2.3928544043161217), np.float64(2.3928544043161217), np.float64(2.3926708011875344), np.float64(2.3926708011875344), np.float64(2.3924655061088145)]
HOF ITEM
2.3924655061088145
-6.81808515768519,1.5544591469853342,-6.1080388428409895,-0.3843636550180592,3.4174882256923294,-1.7615354315580214,0.2328568600942182,2.212303627675892,-6.645521433937668,5.400280266051284,1.1587019252032194,3.2829801314888734,-6.030948299427933,1.8306974437428554,-3.4433344561660864,-2.580448007367839,1.0386364858196844,5.364134516968982
HOF ITEM
2.3924687899785053
-6.81808515768519,1.5544591469853342,-6.1080388428409895,-0.3843636550180592,3.4174882256923294,-1.7615354315580214,0.2328568600942182,2.212303627675892,-6.941940513640822,5.308244174318371,1.1587019252032194,3.2829801314888734,-6.030948299427933,1.8306974437428554,-3.4433344561660864,-2.580448007367839,1.0386364858196844,5.360735550810436
HOF ITEM
2.3925893936607348
-6.81808515768519,1.5544591469853342,-6.1080388428409895,-0.3843636550180592,3.4174882256923294,-1.7615354315580214,0.2328568600942182,2.212303627675892,-6.97460811540964,5.085051863680404,1.05885066963975,2.7358793637850884,-6.030948299427933,1.8306974437428554,-3.4433344561660864,-2.423701067944242,1.0386364858196844,5.670069410381705
HOF ITEM
2.3926708011875344
-6.81808515768519,1.5544591469853342,-6.1080388428409895,-0.3843636550180592,3.4174882256923294,-1.7615354315580214,0.2328568600942182,2.212303627675892,-6.645521433937668,5.400280266051284,1.1587019252032194,3.2829801314888734,-6.030948299427933,1.8306974437428554,-3.4433344561660864,-2.580448007367839,1.0386364858196844,5.1324925606253515
HOF ITEM
2.392841584712026
-6.821069293956333,1.5517209534311858,-6.230253720121765,-0.3843636550180592,3.4174882256923294,-1.7055095361801762,0.23708840628595018,2.212303627675892,-7.0,5.085051863680404,0.9807017545700107,3.0319518389348437,-6.030948299427933,1.8306974437428554,-3.4433344561660864,-2.423701067944242,1.0386364858196844,5.489315408498465
seed 165
Initial fitness values: [np.float64(3.151457108257185), np.float64(3.151457108257185), np.float64(3.001841180801474), np.float64(2.7078260582268747), np.float64(2.7078260582268747), np.float64(2.6404356661972397), np.float64(2.520964465184328), np.float64(2.500075391789534), np.float64(2.4995972809255513), np.float64(2.470122861372196)]
Final fitness values: [np.float64(2.37415461552726), np.float64(2.37415461552726), np.float64(2.3741546153725537), np.float64(2.374154056193433), np.float64(2.374154056193433), np.float64(2.3741540560088197), np.float64(2.3741540560088197), np.float64(2.3741514998518856), np.float64(2.374151499667274), np.float64(2.374151499667274)]
HOF ITEM
2.374151499667274
-0.30388165028710545,1.1894391839116125,-6.340504369270347,0.23654754584655016,-5.538526836090009,4.359558395154608,4.764122285574526,2.855483936895436,2.341260651694383,4.563889919390505,0.4480672657249051,-3.294100127486863,0.470355407507771,2.865567859275042,-0.4563082747963885,4.535966477513506,2.7252292247447074,-2.282247613164537
HOF ITEM
2.3741514998518856
-0.30388165028710545,1.1894391839116125,-6.340504369270347,0.23654754584655016,-5.538526836090009,4.331735920826677,4.387235668502274,2.855483936895436,2.341260651694383,4.563889919390505,0.4480672657249051,-3.294100127486863,0.470355407507771,2.865567859275042,-0.4563082747963885,4.535966477513506,2.9879595897430535,-2.039791737812542
HOF ITEM
2.3741514998518856
-0.30388165028710545,1.1894391839116125,-6.340504369270347,0.23654754584655016,-5.538526836090009,4.331735920826677,4.764122285574526,2.855483936895436,2.341260651694383,4.563889919390505,0.4480672657249051,-3.294100127486863,0.470355407507771,2.865567859275042,-0.4563082747963885,4.535966477513506,2.7252292247447074,-2.282247613164537
HOF ITEM
2.3741514998518856
-0.30388165028710545,1.1894391839116125,-6.340504369270347,0.23654754584655016,-5.538526836090009,4.331735920826677,4.387235668502274,2.855483936895436,2.341260651694383,4.563889919390505,0.4480672657249051,-3.294100127486863,0.470355407507771,2.865567859275042,-0.4563082747963885,4.535966477513506,2.7252292247447074,-2.282247613164537
HOF ITEM
2.3741540560088197
-0.30388165028710545,1.1894391839116125,-6.340504369270347,0.23654754584655016,-5.538526836090009,4.359558395154608,4.387235668502274,2.855483936895436,2.341260651694383,4.563889919390505,0.4480672657249051,-3.3248266506717203,0.470355407507771,2.865567859275042,-0.4563082747963885,4.535966477513506,2.9879595897430535,-2.039791737812542
seed 166
Initial fitness values: [np.float64(2.9684959901148353), np.float64(2.9634869492765703), np.float64(2.8851357676874874), np.float64(2.8714709359372663), np.float64(2.848976648931316), np.float64(2.8316552390550958), np.float64(2.802810756613748), np.float64(2.802810756613748), np.float64(2.765600650881078), np.float64(2.736434461981916)]
Final fitness values: [np.float64(2.3862914374054647), np.float64(2.3862914374054647), np.float64(2.3862914374054647), np.float64(2.3862914374054647), np.float64(2.3862914374054647), np.float64(2.3862914374054647), np.float64(2.3862914374054647), np.float64(2.3862914374054647), np.float64(2.3862914374054647), np.float64(2.3862914374054647)]
HOF ITEM
2.3862914374054647
-2.620049613283257,1.4891590535159562,-5.412817341288423,-2.3392852405749984,6.742946620106643,-4.349914710706932,2.780138651191855,0.46440314702759294,4.747835777560067,-1.3649732416864995,2.2709449868230505,5.4762639941910605,-2.5844630877301027,1.5194299880538242,-3.9022338189569252,6.662500949847837,0.641793888926315,-0.5078624266268799
HOF ITEM
2.3862914884170907
-2.620049613283257,1.4891590535159562,-5.412817341288423,-2.3392852405749984,6.742946620106643,-4.349914710706932,2.780138651191855,0.46440314702759294,4.747835777560067,-1.3649732416864995,2.2709449868230505,5.4762639941910605,-2.5844630877301027,1.5194299880538242,-3.9022338189569252,6.662500949847837,0.4260521184640854,-0.08482698766300906
HOF ITEM
2.386800480253056
-2.620049613283257,1.4394541565432464,-5.1766309323175435,-2.3392852405749984,6.742946620106643,-4.349914710706932,2.780138651191855,0.5206723910892372,4.78997472423112,-1.3649732416864995,2.28237205809244,5.4762639941910605,-2.8399741329353194,1.251986744723133,-3.9022338189569252,6.662500949847837,0.641793888926315,-0.5078624266268799
HOF ITEM
2.3874187077240254
-2.620049613283257,1.4891590535159562,-5.412817341288423,-2.3392852405749984,6.742946620106643,-4.349914710706932,2.8093193248389614,0.46440314702759294,4.747835777560067,-1.3649732416864995,2.28237205809244,5.4762639941910605,-2.5844630877301027,1.5194299880538242,-3.9022338189569252,6.662500949847837,0.641793888926315,-0.5078624266268799
HOF ITEM
2.388484532854556
-2.620049613283257,1.4891590535159562,-5.412817341288423,-2.3392852405749984,6.742946620106643,-4.349914710706932,2.8093193248389614,0.46440314702759294,4.747835777560067,-1.3649732416864995,2.2709449868230505,5.4762639941910605,-2.5844630877301027,1.5194299880538242,-3.9022338189569252,6.662500949847837,0.641793888926315,-0.5078624266268799
seed 167
Initial fitness values: [np.float64(3.18752532800846), np.float64(3.0396971424680674), np.float64(2.9799478733734683), np.float64(2.9138383312992726), np.float64(2.7813090350669363), np.float64(2.532021789047744), np.float64(2.532021789047744), np.float64(2.5319795507527045), np.float64(2.50871211640671), np.float64(2.471865794734695)]
Final fitness values: [np.float64(2.3644261660814467), np.float64(2.364425279045037), np.float64(2.364425279045037), np.float64(2.3643987435515936), np.float64(2.3643987435515936), np.float64(2.3643987435515936), np.float64(2.3623766832342508), np.float64(2.3623766832342508), np.float64(2.3623766832342508), np.float64(2.361430334197396)]
HOF ITEM
2.361430334197396
-1.7435827023592714,1.3168249582523983,3.5068285465963838,0.4842021298444905,-6.609066348505591,1.8572426241121804,1.1264136965590157,0.0,-4.047038562896046,-3.2996834993178434,3.0,-3.358090473045255,-0.6240293275522211,2.4122310746995073,-0.5013045446601729,-1.474934611351376,2.1233963880670346,5.702678294315542
HOF ITEM
2.361670771083504
-1.7435827023592714,1.3168249582523983,3.4991450556284627,0.46626766437434286,-6.833475436960963,1.42790999244099,1.26116813596551,0.0,-4.303176933349633,-3.3390503998206555,2.998329436453433,-3.358090473045255,-0.6240293275522211,2.4122310746995073,-0.5013045446601729,-1.9098387912158308,2.1380974503509966,5.702678294315542
HOF ITEM
2.3617499144034033
-1.7435827023592714,1.3168249582523983,3.4991450556284627,0.46626766437434286,-7.0,1.8533075926799594,1.26116813596551,0.0,-4.419541209546739,-3.3390503998206555,2.998329436453433,-3.358090473045255,-0.6240293275522211,2.4122310746995073,-0.5013045446601729,-1.9098387912158308,2.1380974503509966,5.702678294315542
HOF ITEM
2.3623719980832645
-1.7435827023592714,1.3168249582523983,3.4991450556284627,0.46626766437434286,-6.833475436960963,1.8572426241121804,1.449666822341718,0.0,-4.047038562896046,-3.6009945966241315,2.998329436453433,-3.358090473045255,-0.6240293275522211,2.4122310746995073,-0.5013045446601729,-1.7704306169549269,2.328704111388363,5.702678294315542
HOF ITEM
2.3623766832342508
-1.7435827023592714,1.3168249582523983,3.4991450556284627,0.46626766437434286,-6.833475436960963,1.8572426241121804,1.449666822341718,0.0,-4.047038562896046,-3.6009945966241315,2.998329436453433,-3.358090473045255,-0.6240293275522211,2.4122310746995073,-0.5013045446601729,-1.9098387912158308,2.1380974503509966,5.702678294315542
seed 168
Initial fitness values: [np.float64(3.049024435727601), np.float64(3.023318464773792), np.float64(2.922293452309871), np.float64(2.922293452309871), np.float64(2.884537881687668), np.float64(2.8845378802690056), np.float64(2.8181223335010315), np.float64(2.8181223335010315), np.float64(2.8181223335010315), np.float64(2.80977491583805)]
Final fitness values: [np.float64(2.5440966995982395), np.float64(2.5440966995982395), np.float64(2.5440966995982395), np.float64(2.5440966995982395), np.float64(2.5440966995982324), np.float64(2.5440966995982324), np.float64(2.5440966995982324), np.float64(2.5440966995982324), np.float64(2.5440966995982324), np.float64(2.5440966995982324)]
HOF ITEM
2.5440966995982324
-0.023658601623179502,0.9697765719638775,4.5604664258604775,2.212083296906093,6.347889088473272,3.4649859079749374,0.39705126196677387,2.4526842598476133,6.097195397628883,5.431046003758945,1.1489467856842297,-3.153845884329881,-1.2758511948611864,2.6311556757859123,5.957451262560783,0.7758644855338981,0.5370236365729394,-3.4409012770335905
HOF ITEM
2.5440966995982377
-0.023658601623179502,0.9697765719638775,4.5604664258604775,2.212083296906093,6.347889088473272,3.4649859079749374,0.39705126196677387,2.4526842598476133,6.097195397628883,5.671610494243295,1.1489467856842297,-3.153845884329881,-1.2758511948611864,2.6311556757859123,5.957451262560783,0.7758644855338981,0.5370236365729394,-3.4409012770335905
HOF ITEM
2.5440966995982395
-0.023658601623179502,0.9697765719638775,4.5604664258604775,2.212083296906093,6.347889088473272,3.4649859079749374,0.39705126196677387,2.4526842598476133,6.097195397628883,5.431046003758945,1.4175027071840935,-2.844490799478559,-1.2758511948611864,2.6311556757859123,5.957451262560783,0.7758644855338981,0.5370236365729394,-3.4409012770335905
HOF ITEM
2.5440966995982395
-0.023658601623179502,0.9697765719638775,4.5604664258604775,2.212083296906093,6.347889088473272,3.4649859079749374,0.39705126196677387,2.4526842598476133,6.097195397628883,5.671610494243295,1.4175027071840935,-2.844490799478559,-1.2758511948611864,2.6311556757859123,5.957451262560783,0.7758644855338981,0.5370236365729394,-3.4409012770335905
HOF ITEM
2.5440966995982395
-0.023658601623179502,0.9697765719638775,4.5604664258604775,2.212083296906093,6.347889088473272,3.4649859079749374,0.39705126196677387,2.4526842598476133,6.097195397628883,5.671610494243295,1.4175027071840935,-3.153845884329881,-1.2758511948611864,2.6311556757859123,5.957451262560783,0.7758644855338981,0.5370236365729394,-3.4409012770335905
seed 169
Initial fitness values: [np.float64(3.093058083138605), np.float64(3.044467717682386), np.float64(2.9980805623409585), np.float64(2.8786731136819257), np.float64(2.651914873359682), np.float64(2.651914873359682), np.float64(2.4662412582092785), np.float64(2.4662412582092785), np.float64(2.463031772735158), np.float64(2.445256049703969)]
Final fitness values: [np.float64(2.3613181737616484), np.float64(2.3613181737616484), np.float64(2.3613181737616484), np.float64(2.3613181737616484), np.float64(2.3613181737616484), np.float64(2.3613181737616484), np.float64(2.3613181737616484), np.float64(2.3613181737616484), np.float64(2.358695914770096), np.float64(2.358695914770096)]
HOF ITEM
2.358695914770096
-3.5689177381684924,1.5758635658780316,2.5016741043657436,0.017452248537808107,2.6026118693808264,0.7602501496381446,-2.3683068053573315,2.67934244433208,-1.6926945703311231,-3.208643086667099,2.420657672816429,-5.52470754020504,1.9143362494038287,2.1353375916033683,0.7315631642284355,6.8325766390873754,1.7301057079738695,2.2393894646855164
HOF ITEM
2.3612410079731987
-3.5689177381684924,1.5758635658780316,2.4894690560789203,-0.11139472204027781,2.774600904566989,0.7241197877638917,-2.3683068053573315,2.67934244433208,-1.6926945703311231,-3.089961422776102,1.9239362143908136,-4.917924020016787,2.2139955978080024,2.1353375916033683,1.3561713727839801,6.6202931865531385,1.978740231844539,2.3066193461414324
HOF ITEM
2.3612419209111932
-3.5689177381684924,1.5758635658780316,2.4894690560789203,-0.11139472204027781,2.774600904566989,0.7241197877638917,-2.3683068053573315,2.67934244433208,-1.6926945703311231,-3.089961422776102,1.9239362143908136,-4.973555947928764,2.1906665842604136,2.1353375916033683,0.9914231650236831,6.8325766390873754,1.7326636293322832,2.2393894646855164
HOF ITEM
2.3613172315470035
-3.5689177381684924,1.5758635658780316,2.4894690560789203,-0.11139472204027781,2.774600904566989,0.7241197877638917,-2.3683068053573315,2.67934244433208,-1.6926945703311231,-3.1970361807226886,1.9239362143908136,-4.917924020016787,2.2139955978080024,2.1353375916033683,1.3561713727839801,6.6202931865531385,1.978740231844539,2.3066193461414324
HOF ITEM
2.3613181737616484
-3.5689177381684924,1.5758635658780316,2.4894690560789203,-0.11139472204027781,2.774600904566989,0.7241197877638917,-2.3683068053573315,2.67934244433208,-1.6926945703311231,-3.1970361807226886,1.9239362143908136,-4.973555947928764,2.1906665842604136,2.1353375916033683,0.9948331534643645,6.8325766390873754,1.7326636293322832,2.2393894646855164
best parameter set
fitness 2.347060886460844 seed 160
-1.8928668908200026,1.5047785248061942,6.573371469085118,-2.689817190820971,-1.1150161303599304,3.0458400561029673,-1.9715845157500578,1.9031768152652497,1.754708568017253,3.430221748248318,1.9270718188522278,-5.238876000542229,-0.7127705123751145,2.8108303102815517,-0.46787389279291763,-2.1620246207604823,2.837195150057848,4.88669103650279
