seeds are [800 801 802 803 804 805 806 807 808 809]
seed 800
Initial fitness values: [np.float64(5.544811479060664), np.float64(4.975400580865509), np.float64(4.970315277515039), np.float64(4.888807972480573), np.float64(4.844488959215884), np.float64(4.844488959215884), np.float64(4.731173836758888), np.float64(4.700600785028333), np.float64(4.700600785028333), np.float64(4.669399839308223)]
Final fitness values: [np.float64(4.497714053163937), np.float64(4.497714053163937), np.float64(4.497714053163937), np.float64(4.497714053163937), np.float64(4.496373178742526), np.float64(4.496373178742526), np.float64(4.496373178742526), np.float64(4.496373178742526), np.float64(4.496193487790481), np.float64(4.496193487790481)]
HOF ITEM
4.496193487790481
1.8709432388980767,-0.14438056889500414,-1.929582265492704,-5.095827471723341,5.85328444988437,4.109865956665876,6.927183888789882,2.4601833100862356,3.9197031419903903,4.722595858906307,2.6032161865926238,5.458006130146743,-4.9665621448311335,2.2672309953589926,-3.168701247832292,0.5766877792445333,2.194744979262764,-5.507807593048461
HOF ITEM
4.496373178742526
1.8709432388980767,-0.14438056889500414,-1.929582265492704,-5.095827471723341,5.85328444988437,4.109865956665876,6.895014408589067,2.7657837157008194,3.9197031419903903,4.722595858906307,2.5352357006860107,5.356410061352879,-5.127067526294958,2.344742414701492,-3.2095756305742196,0.5766877792445333,2.194744979262764,-5.507807593048461
HOF ITEM
4.496373178742526
1.8709432388980767,-0.14438056889500414,-1.929582265492704,-5.095827471723341,5.85328444988437,4.109865956665876,6.895014408589067,2.779985375623222,3.9197031419903903,4.722595858906307,2.5352357006860107,5.356410061352879,-5.127067526294958,2.344742414701492,-3.2095756305742196,0.5766877792445333,2.194744979262764,-5.507807593048461
HOF ITEM
4.496373178742526
1.8709432388980767,-0.14438056889500414,-1.929582265492704,-5.095827471723341,5.85328444988437,4.109865956665876,6.895014408589067,2.779985375623222,3.9197031419903903,4.722595858906307,2.5352357006860107,5.356410061352879,-4.9665621448311335,2.344742414701492,-3.2095756305742196,0.5766877792445333,2.194744979262764,-5.507807593048461
HOF ITEM
4.496373178742526
1.8709432388980767,-0.14438056889500414,-1.929582265492704,-5.095827471723341,5.85328444988437,4.109865956665876,6.895014408589067,2.7657837157008194,3.9197031419903903,4.722595858906307,2.6032161865926238,5.356410061352879,-5.127067526294958,2.344742414701492,-3.2095756305742196,0.5766877792445333,2.194744979262764,-5.507807593048461
seed 801
Initial fitness values: [np.float64(6.675986825915218), np.float64(5.884168886269617), np.float64(5.280709129378592), np.float64(4.873405908576117), np.float64(4.873063782053373), np.float64(4.821345390084788), np.float64(4.6841150741674875), np.float64(4.5341367030268245), np.float64(4.510371754574951), np.float64(4.510371754574951)]
Final fitness values: [np.float64(4.252539639961976), np.float64(4.252539639961976), np.float64(4.252539639961976), np.float64(4.252539639961976), np.float64(4.252539639961976), np.float64(4.252539639961976), np.float64(4.252539639961976), np.float64(4.252539639961976), np.float64(4.252539639961976), np.float64(4.252539639961976)]
HOF ITEM
4.252539639961976
-3.154722674167378,1.5491870652852255,-0.265003177764145,-4.103481488706521,1.7635042885567043,-4.418861969712745,1.8764090920738583,0.8410121222668725,2.3810081157978322,-1.8092990306878065,2.3739972338302815,5.03496238150521,-3.3541925605206693,2.8596514911496924,-4.2172011328389285,6.441501223468762,1.5551398593749768,-1.9246221260650889
HOF ITEM
4.252539639961976
-3.154722674167378,1.5491870652852255,-0.265003177764145,-4.103481488706521,1.7635042885567043,-4.418861969712745,1.8764090920738583,0.8410121222668725,2.3810081157978322,-1.8092990306878065,2.3739972338302815,5.03496238150521,-3.3541925605206693,2.8596514911496924,-4.2172011328389285,6.441501223468762,1.5551398593749768,-1.914873321877421
HOF ITEM
4.252539639961976
-3.154722674167378,1.5491870652852255,-0.265003177764145,-4.103481488706521,1.7635042885567043,-4.418861969712745,1.8764090920738583,0.8410121222668725,2.3810081157978322,-1.8092990306878065,2.3739972338302815,5.03496238150521,-3.3541925605206693,2.8596514911496924,-4.2172011328389285,6.441501223468762,1.5551398593749768,-2.3370150096279008
HOF ITEM
4.252539639961976
-3.154722674167378,1.5491870652852255,-0.265003177764145,-4.103481488706521,1.7635042885567043,-4.418861969712745,1.8764090920738583,0.8410121222668725,2.3810081157978322,-1.8092990306878065,2.3739972338302815,5.03496238150521,-3.3541925605206693,2.8596514911496924,-4.2172011328389285,6.441501223468762,1.6450339881189102,-1.914873321877421
HOF ITEM
4.252539639961976
-3.154722674167378,1.5491870652852255,-0.265003177764145,-4.103481488706521,1.7635042885567043,-4.418861969712745,1.8764090920738583,0.8410121222668725,2.3810081157978322,-1.8092990306878065,2.3739972338302815,5.03496238150521,-3.3541925605206693,2.8596514911496924,-4.2172011328389285,6.441501223468762,1.6450339881189102,-1.9246221260650889
seed 802
Initial fitness values: [np.float64(5.67240452472625), np.float64(5.44854075025905), np.float64(5.348380025204665), np.float64(4.982867994770016), np.float64(4.770326498557209), np.float64(4.770326498557209), np.float64(4.770326498557209), np.float64(4.660748001417571), np.float64(4.616918116019112), np.float64(4.587226296605744)]
Final fitness values: [np.float64(4.518058835783707), np.float64(4.518058835521316), np.float64(4.5178625262233485), np.float64(4.5178625262233485), np.float64(4.5178625262233485), np.float64(4.517861946841858), np.float64(4.517859631614416), np.float64(4.517859631614416), np.float64(4.517859631614416), np.float64(4.5178581782099325)]
HOF ITEM
4.5178581782099325
4.278272462553252,-1.0883899076245587,0.5879634045247097,-0.13440782125375894,2.5223046590162124,1.980820221133312,1.2578014428249302,2.3509114165971408,-0.5825616271418395,4.43188969460373,1.2821152325834917,-5.568113219355178,6.3334601615138855,2.0457620914802996,-0.14685169352908878,6.059331259833445,0.7075615566114263,-0.420938888044154
HOF ITEM
4.517858949045794
4.278272462553252,-1.0883899076245587,0.5879634045247097,-0.13440782125375894,2.5223046590162124,1.980820221133312,1.2578014428249302,2.3509114165971408,-0.5825616271418395,4.43188969460373,1.2821152325834917,-5.627447114053826,5.8744856671823875,2.0457620914802996,0.09286835769453178,6.187533670856498,0.7075615566114263,-0.420938888044154
HOF ITEM
4.5178590541154495
4.278272462553252,-1.0883899076245587,0.5879634045247097,-0.13440782125375894,2.5223046590162124,1.980820221133312,1.2578014428249302,2.3509114165971408,-0.5825616271418395,4.355572270088625,1.2821152325834917,-5.568113219355178,6.3334601615138855,2.0457620914802996,-0.14685169352908878,6.326823869914355,0.7093020408904299,-0.420938888044154
HOF ITEM
4.517859261945961
4.278272462553252,-1.0883899076245587,0.5879634045247097,-0.13440782125375894,2.5223046590162124,1.980820221133312,1.2578014428249302,2.3509114165971408,-0.5825616271418395,4.355572270088625,1.2821152325834917,-5.568113219355178,6.3334601615138855,2.0457620914802996,-0.14685169352908878,6.326823869914355,0.7093020408904299,-0.365646086750968
HOF ITEM
4.517859631614416
4.278272462553252,-1.0883899076245587,0.5879634045247097,-0.13440782125375894,2.5223046590162124,1.980820221133312,1.2578014428249302,2.3509114165971408,-0.5825616271418395,4.43188969460373,1.2821152325834917,-5.568113219355178,6.3334601615138855,2.0457620914802996,-0.14685169352908878,6.326823869914355,0.7093020408904299,-0.420938888044154
seed 803
Initial fitness values: [np.float64(6.10020825972237), np.float64(5.53919707633577), np.float64(5.435726560456729), np.float64(5.046359540339168), np.float64(4.815484457676089), np.float64(4.694512077173757), np.float64(4.694512077173757), np.float64(4.622201466523398), np.float64(4.616199421103188), np.float64(4.551139199187874)]
Final fitness values: [np.float64(4.143873854546152), np.float64(4.136187730329764), np.float64(4.136187730329764), np.float64(4.136187730329764), np.float64(4.135378810522996), np.float64(4.118834799357693), np.float64(4.115969711963294), np.float64(4.108010873734843), np.float64(4.108010873734843), np.float64(4.103602907304774)]
HOF ITEM
4.103602907304774
5.375874494939404,-1.3471032899583744,7.0,4.640199400210511,-0.9638864904456689,0.6984135517253722,1.2714068665975484,2.7947757992164193,-1.2911965106291157,-0.7641844068306117,1.4741818788094077,1.0463311824710182,4.928474384466776,1.8016999652257055,5.56879566759335,-1.9461232141331044,2.529262244154006,1.6520071863808516
HOF ITEM
4.105771807540434
5.375874494939404,-1.3471032899583744,7.0,4.640199400210511,-0.9638864904456689,0.6984135517253722,1.2714068665975484,2.826168412938201,-1.2911965106291157,-0.6347820394536431,1.2309866012562343,1.0463311824710182,4.928474384466776,1.5377779965794036,5.56879566759335,-2.023686800688493,2.758124856659073,1.6520071863808516
HOF ITEM
4.106646882762485
5.375874494939404,-1.3471032899583744,7.0,4.640199400210511,-0.9638864904456689,0.6984135517253722,1.2714068665975484,2.826168412938201,-1.2911965106291157,-0.6347820394536431,1.2309866012562343,1.0463311824710182,4.928474384466776,1.373651456499868,5.56879566759335,-2.023686800688493,2.758124856659073,1.6520071863808516
HOF ITEM
4.108010873734843
5.375874494939404,-1.3471032899583744,7.0,4.640199400210511,-0.9638864904456689,0.6984135517253722,1.2714068665975484,2.7947757992164193,-1.2911965106291157,-0.7641844068306117,1.4741818788094077,1.0463311824710182,4.935126908213402,1.5604425122774437,5.56879566759335,-1.9461232141331044,2.497508313884371,1.713635764068574
HOF ITEM
4.109375059695728
5.375874494939404,-1.3471032899583744,7.0,4.640199400210511,-0.9638864904456689,0.6984135517253722,1.2714068665975484,2.826168412938201,-1.2911965106291157,-0.7641844068306117,1.1093771872988758,1.0463311824710182,4.994702470714076,1.5377779965794036,5.56879566759335,-2.023686800688493,2.758124856659073,1.6520071863808516
seed 804
Initial fitness values: [np.float64(5.359208074644897), np.float64(5.359208074644897), np.float64(5.269195399781157), np.float64(5.177603581831008), np.float64(4.903832837850944), np.float64(4.88779673375225), np.float64(4.844331013594351), np.float64(4.621846837166614), np.float64(4.621846837166614), np.float64(4.3179341839930645)]
Final fitness values: [np.float64(3.4390049815962005), np.float64(3.4390049815962005), np.float64(3.4360775283726253), np.float64(3.42591007314999), np.float64(3.42591007314999), np.float64(3.42591007314999), np.float64(3.421909018966578), np.float64(3.421909018966578), np.float64(3.421909018966578), np.float64(3.421909018966578)]
HOF ITEM
3.421909018966578
-1.9074035326349683,1.4871647517182855,-6.134733063979741,-2.366664624312086,1.0164437333285186,0.8436483132978972,1.420959230830841,1.2036945317737984,-6.432879744286553,-5.752006379415848,0.19400089217332545,2.392986595494622,-2.473775995020741,1.628476174853819,2.6693433559082633,-1.2784053645553648,2.4259251446794066,-6.489932909790842
HOF ITEM
3.42591007314999
-1.9074035326349683,1.4871647517182855,-6.134733063979741,-2.366664624312086,1.0164437333285186,0.8365286284842959,1.420959230830841,1.2036945317737984,-6.432879744286553,-5.752006379415848,0.19400089217332545,2.392986595494622,-2.473775995020741,1.628476174853819,2.6693433559082633,-1.2784053645553648,2.4259251446794066,-6.489932909790842
HOF ITEM
3.426901731851334
-1.9074035326349683,1.4871647517182855,-6.134733063979741,-2.366664624312086,1.0164437333285186,0.8365286284842959,1.420959230830841,1.2036945317737984,-6.432879744286553,-5.768006507607872,0.19400089217332545,2.392986595494622,-2.473775995020741,1.628476174853819,2.6693433559082633,-1.2784053645553648,2.4259251446794066,-6.489932909790842
HOF ITEM
3.4310374661507224
-1.9074035326349683,1.4871647517182855,-6.134733063979741,-2.366664624312086,1.0164437333285186,0.8365286284842959,1.420959230830841,1.2036945317737984,-6.432879744286553,-5.752006379415848,0.19400089217332545,2.392986595494622,-2.473775995020741,1.7042445963371202,3.1398655895673833,-1.2784053645553648,2.4259251446794066,-6.489932909790842
HOF ITEM
3.4315618675653354
-1.9074035326349683,1.4871647517182855,-6.134733063979741,-2.366664624312086,1.0164437333285186,0.8365286284842959,1.420959230830841,1.2036945317737984,-6.432879744286553,-5.768006507607872,0.19400089217332545,2.392986595494622,-2.473775995020741,1.7042445963371202,3.1398655895673833,-1.2784053645553648,2.4259251446794066,-6.489932909790842
seed 805
Initial fitness values: [np.float64(5.712056027561383), np.float64(5.6683956155165465), np.float64(5.312187476714104), np.float64(5.304891342889088), np.float64(5.268496340095938), np.float64(5.160522281388439), np.float64(5.119951651468478), np.float64(4.993508063131535), np.float64(4.784668282780283), np.float64(4.665784564883319)]
Final fitness values: [np.float64(4.202085892993418), np.float64(4.20208022774426), np.float64(4.20208022774426), np.float64(4.20208022774426), np.float64(4.20208022774426), np.float64(4.202079436465857), np.float64(4.202079436465857), np.float64(4.202079436465857), np.float64(4.202079436465857), np.float64(4.201278673518081)]
HOF ITEM
4.201278673518081
-3.5470299074739393,1.5867021823413678,3.4664600190109813,-6.065330344350467,2.3283545458081547,4.4589052288662385,-2.309477481043116,2.698526641103271,-1.216428910197291,-6.139060435857855,1.9051467022670294,5.485010181187424,5.202072199147684,2.769547657349156,-5.967191432851238,2.7357411170731547,0.6161244632148204,-6.487142720184788
HOF ITEM
4.202079436465857
-3.5470299074739393,1.5867021823413678,3.4664600190109813,-6.065330344350467,2.3283545458081547,4.450406957600491,-2.309477481043116,2.698526641103271,-1.216428910197291,-5.654393366524359,1.9051467022670294,5.485010181187424,5.175345519164233,2.947272979823088,-5.9988443899043356,2.7357411170731547,0.9476300431888167,-6.487142720184788
HOF ITEM
4.202079436465857
-3.5470299074739393,1.5867021823413678,3.4664600190109813,-6.065330344350467,2.3283545458081547,4.450406957600491,-2.309477481043116,2.698526641103271,-1.216428910197291,-5.654393366524359,1.9051467022670294,5.485010181187424,5.175345519164233,2.947272979823088,-5.967191432851238,2.7357411170731547,0.9476300431888167,-6.487142720184788
HOF ITEM
4.20208022774426
-3.5470299074739393,1.5867021823413678,3.4664600190109813,-6.065330344350467,2.3283545458081547,4.450406957600491,-2.309477481043116,2.698526641103271,-1.216428910197291,-5.654243495216207,1.9051467022670294,5.485010181187424,5.175345519164233,2.947272979823088,-5.9988443899043356,2.7357411170731547,0.9476300431888167,-6.487142720184788
HOF ITEM
4.20208022774426
-3.5470299074739393,1.5867021823413678,3.4664600190109813,-6.065330344350467,2.3283545458081547,4.450406957600491,-2.309477481043116,2.698526641103271,-1.216428910197291,-5.654243495216207,1.9051467022670294,5.485010181187424,5.175345519164233,2.947272979823088,-5.967191432851238,2.7357411170731547,0.9476300431888167,-6.487142720184788
seed 806
Initial fitness values: [np.float64(6.19506105190164), np.float64(5.783696167208152), np.float64(5.361653975915718), np.float64(5.313890609493695), np.float64(5.180811016904588), np.float64(5.1522754020377), np.float64(5.130243074133633), np.float64(5.113011574429979), np.float64(5.080978091949943), np.float64(5.080978091949943)]
Final fitness values: [np.float64(4.4008597881478435), np.float64(4.331648241716235), np.float64(4.331648241716235), np.float64(4.3316478342736655), np.float64(4.328934563365271), np.float64(4.328934563365271), np.float64(4.327524916680971), np.float64(4.305922657838812), np.float64(4.305922657838812), np.float64(4.2986483147398715)]
HOF ITEM
4.2986483147398715
3.018224619953559,-0.1329612172849971,3.9702788537835216,1.9150455886615456,-5.462431867651131,3.220859543950655,5.9403118989091475,1.8031875858969897,1.029272747935564,-5.760263493756406,2.076252302446127,-4.009210063172475,1.3053378701317429,2.2887099158919466,-0.504311900330421,-4.309299211270333,1.0974480952620154,-6.621491657482603
HOF ITEM
4.298648314740451
3.018224619953559,-0.1329612172849971,3.9702788537835216,1.9150455886615456,-5.462431867651131,3.220859543950655,5.9403118989091475,1.739534653477568,1.029272747935564,-5.760263493756406,2.076252302446127,-4.009210063172475,1.3053378701317429,2.2887099158919466,-0.504311900330421,-4.309299211270333,1.0974480952620154,-6.621491657482603
HOF ITEM
4.298654986699068
3.0181335838302115,-0.1329612172849971,3.9702788537835216,1.9150455886615456,-5.462431867651131,3.220859543950655,5.9403118989091475,1.8031875858969897,1.029272747935564,-5.760263493756406,2.076252302446127,-4.009210063172475,1.3053378701317429,2.2887099158919466,-0.504311900330421,-4.309299211270333,1.0974480952620154,-6.621491657482603
HOF ITEM
4.301901408575335
2.983501080245499,-0.1329612172849971,3.9702788537835216,1.9150455886615456,-5.462431867651131,3.220859543950655,5.9403118989091475,1.739534653477568,1.029272747935564,-5.760263493756406,2.076252302446127,-4.009210063172475,1.3053378701317429,2.2887099158919466,-0.504311900330421,-4.309299211270333,1.0974480952620154,-6.621491657482603
HOF ITEM
4.302547318844525
3.018224619953559,-0.1329612172849971,3.9702788537835216,1.9150455886615456,-5.462431867651131,3.220859543950655,5.9403118989091475,1.739534653477568,1.029272747935564,-5.760263493756406,2.076252302446127,-4.009210063172475,1.3053378701317429,2.2887099158919466,-0.504311900330421,-3.997538097726982,1.0974480952620154,-6.621491657482603
seed 807
Initial fitness values: [np.float64(5.613506555841624), np.float64(5.613506555841624), np.float64(5.550488177001165), np.float64(5.403494352913397), np.float64(5.178440866282616), np.float64(5.178440866282616), np.float64(5.178440866282616), np.float64(5.1645272257997865), np.float64(5.154618908041043), np.float64(5.154618908041043)]
Final fitness values: [np.float64(4.2625409825070815), np.float64(4.262525078185037), np.float64(4.262525078185037), np.float64(4.262525078185037), np.float64(4.262525078185037), np.float64(4.262525078185037), np.float64(4.262525078185037), np.float64(4.262509568458324), np.float64(4.262509568458324), np.float64(4.262509568458324)]
HOF ITEM
4.262509568458324
-5.085638560138023,1.5755456334719224,7.0,0.2237166234669012,-0.598703607135232,-3.3637216621108035,6.000858714702254,1.9230288133951214,6.484986355175819,3.2402991312451412,3.0,3.0082182090099217,-4.032716594183,2.1865975232963146,-2.385974900179532,-1.2086468071475804,2.8144085482499714,-0.9894553660035608
HOF ITEM
4.262509568458324
-5.085638560138023,1.5755456334719224,7.0,0.2237166234669012,-0.598703607135232,-3.3637216621108035,6.08341159686587,1.9230288133951214,6.484986355175819,3.2402991312451412,3.0,3.0082182090099217,-4.032716594183,2.1865975232963146,-2.385974900179532,-1.7241463240632304,2.826335087759777,-0.9894553660035608
HOF ITEM
4.262509568458324
-5.085638560138023,1.5755456334719224,7.0,0.2237166234669012,-0.598703607135232,-3.3637216621108035,6.08341159686587,2.1890145734746453,6.484986355175819,3.2402991312451412,3.0,2.4514211497241694,-4.032716594183,2.1865975232963146,-2.385974900179532,-1.2547060528080491,2.8144085482499714,-0.9894553660035608
HOF ITEM
4.262509568458324
-5.085638560138023,1.5755456334719224,7.0,0.2237166234669012,-0.598703607135232,-3.3637216621108035,6.08341159686587,1.9230288133951214,6.484986355175819,3.2402991312451412,3.0,3.0082182090099217,-4.032716594183,2.1865975232963146,-2.385974900179532,-1.2547060528080491,2.8144085482499714,-0.9894553660035608
HOF ITEM
4.262509568458324
-5.085638560138023,1.5755456334719224,7.0,0.2237166234669012,-0.598703607135232,-3.3637216621108035,6.08341159686587,1.9230288133951214,6.484986355175819,3.2402991312451412,3.0,3.0082182090099217,-4.032716594183,2.1865975232963146,-2.385974900179532,-1.2086468071475804,2.8144085482499714,-0.9894553660035608
seed 808
Initial fitness values: [np.float64(6.16566094032639), np.float64(4.961313414167522), np.float64(4.6440013328067185), np.float64(4.6440013328067185), np.float64(4.54222764751003), np.float64(4.537370138791893), np.float64(4.405718644996522), np.float64(4.4056828234494345), np.float64(4.358996708660491), np.float64(4.358996708660491)]
Final fitness values: [np.float64(4.211956000551298), np.float64(4.2043006426301694), np.float64(4.2043006426301694), np.float64(4.200001270130182), np.float64(4.189951250677091), np.float64(4.189951250677091), np.float64(4.189825665476523), np.float64(4.189825323074759), np.float64(4.189825323074759), np.float64(4.166411304284088)]
HOF ITEM
4.166411304284088
-3.9029693597574617,1.9172183027265588,-5.060230714104963,4.464214889895285,5.184668901597654,0.22507134334663556,-3.700590538334403,1.428883855898155,0.03945291260346119,3.6164393480846577,1.2713172689655199,-0.38620478077284626,-3.2829944621029963,2.5841234958013413,-0.7700095232739691,-3.8675728812402754,2.663108815542138,-4.324627139514869
HOF ITEM
4.167066169541283
-3.9029693597574617,1.8084272234029695,-5.039814551070922,4.464214889895285,5.184668901597654,0.07888823569171488,-3.5520853762695164,1.6902984302343824,0.03945291260346119,3.17804155965692,1.2713172689655199,-0.5690577827865934,-3.2829944621029963,2.583124800589488,-0.7700095232739691,-3.871722579333976,2.663108815542138,-4.156379473059663
HOF ITEM
4.189825323074759
-3.9029693597574617,1.773964880410051,-5.060230714104963,4.464214889895285,5.184668901597654,0.07888823569171488,-3.541918834004257,1.31227124587964,0.03945291260346119,3.6164393480846577,1.2713172689655199,-0.38620478077284626,-3.2829944621029963,2.5614883032295293,-0.7700095232739691,-3.4762947788297875,2.663108815542138,-4.156379473059663
HOF ITEM
4.189825323296101
-3.9029693597574617,1.773964880410051,-5.060230714104963,4.464214889895285,5.184668901597654,0.07888823569171488,-3.541918834004257,1.31227124587964,0.03945291260346119,3.6164393480846577,1.3496611371942513,-0.38620478077284626,-3.2829944621029963,2.5614883032295293,-0.7700095232739691,-3.4762947788297875,2.663108815542138,-4.156379473059663
HOF ITEM
4.189825665476523
-3.9029693597574617,1.773964880410051,-5.060230714104963,4.464214889895285,5.184668901597654,0.07888823569171488,-3.541918834004257,1.31227124587964,0.03945291260346119,3.6164393480846577,1.2713172689655199,-0.38620478077284626,-3.2829944621029963,2.5614883032295293,-0.7700095232739691,-3.8675728812402754,2.663108815542138,-4.156379473059663
seed 809
Initial fitness values: [np.float64(5.682563703640543), np.float64(5.682563703640543), np.float64(5.682563703640543), np.float64(5.682563416435504), np.float64(5.305113067464783), np.float64(5.1336441877970564), np.float64(5.1336441877970564), np.float64(5.118884352649932), np.float64(5.110288627234137), np.float64(5.095752516697954)]
Final fitness values: [np.float64(5.053071814107561), np.float64(5.052679481558706), np.float64(5.052679481558706), np.float64(5.052063469271104), np.float64(5.052063469271104), np.float64(5.052063469271104), np.float64(5.051782310202332), np.float64(5.051690943722363), np.float64(5.048119025437544), np.float64(5.048003195658779)]
HOF ITEM
5.048003195658779
5.846623692650743,-0.8238603392093711,5.083557792629334,4.842899148325857,0.8323689723270483,3.637961817041969,4.946962994423373,2.7449800818968733,-2.5719967609516656,6.06533563371181,0.17939033272724425,-0.4681629571494613,1.724683645082237,1.3007404262976205,-2.1572930818434948,4.6622348575375145,2.10212967853734,2.624369405279312
HOF ITEM
5.048119025437544
5.846623692650743,-0.8238603392093711,4.993502532470247,4.469169051612892,0.9183752387674163,3.78160680771362,4.840084825865448,2.7449800818968733,-2.5719967609516656,6.06533563371181,0.17939033272724425,-0.4681629571494613,1.724683645082237,1.3007404262976205,-2.1572930818434948,4.6622348575375145,2.10212967853734,2.624369405279312
HOF ITEM
5.051508199449606
6.0234032783218465,-0.8681506828320129,5.715723970041255,4.469169051612892,0.9183752387674163,4.060555296589964,5.033752779800379,2.1414589728658187,-2.890811077924352,5.790957645109629,0.250646761130697,-0.7971531228481882,1.7424780384734313,1.3007404262976205,-2.5154547074902083,5.096648780394944,1.898391252316731,3.0414918509979367
HOF ITEM
5.051609968232791
5.846623692650743,-0.8238603392093711,5.533509440456966,4.842899148325857,0.8323689723270483,4.181436452067574,4.840084825865448,1.8201808209615484,-2.890811077924352,5.658748299579851,0.2903054908298219,-0.7971531228481882,1.7424780384734313,1.3007404262976205,-2.586366001304384,5.096648780394944,1.9708589045688834,3.231524122492482
HOF ITEM
5.051632604134914
6.158332648346176,-0.8998768455172954,5.105417375644565,5.086077587340159,0.8323689723270483,3.637961817041969,5.101309182851876,2.342638392768642,-3.053883797429638,5.870174593745696,0.250646761130697,-0.7971531228481882,1.7424780384734313,1.3007404262976205,-2.586366001304384,5.096648780394944,1.9468684871235669,2.624369405279312
best parameter set
fitness 3.2913046378676842 seed 804
-1.978309750285426,1.5170261682316062,-6.138084954952478,-2.355441044135826,1.0040114269333873,0.8630670903223091,1.4220956506777735,1.2058685907955264,-6.432514550758579,-5.754363235505493,0.19713506210737525,2.3982222489922704,-2.4834966127853155,1.503476164724838,2.6745492004918123,-1.1735515984333986,2.748567133705347,-6.490725400654202
