seeds are [720 721 722 723 724 725 726 727 728 729]
seed 720
Initial fitness values: [np.float64(6.364348878520004), np.float64(5.857414646494134), np.float64(5.838962028152458), np.float64(5.445727885538501), np.float64(5.370002826290664), np.float64(5.129805942064089), np.float64(4.839289163163848), np.float64(4.839289163163848), np.float64(4.758609543628931), np.float64(4.756435584703885)]
Final fitness values: [np.float64(4.264454372543778), np.float64(4.264448196195896), np.float64(4.264448196195896), np.float64(4.264448196194815), np.float64(4.264448196194815), np.float64(4.264448196194815), np.float64(4.264448196194815), np.float64(4.264448196194815), np.float64(4.264448196194815), np.float64(4.264448196194815)]
HOF ITEM
4.264448196194815
-5.420696939256522,1.5861586208293368,5.61877918053811,0.3040738889966895,-2.1985350734411226,1.37564340221548,2.079157135915388,2.144906410731992,-0.704637154113527,-4.087303205389642,2.1383000710325053,4.855705342522323,-5.66556475069205,3.0,2.8751140815830727,5.2081741219297815,2.5842770195521028,-6.652070281128759
HOF ITEM
4.264448196194815
-5.420696939256522,1.5861586208293368,5.61877918053811,0.3040738889966895,-2.1985350734411226,1.37564340221548,2.079157135915388,2.0055875554016205,-1.1111864947586012,-4.087303205389642,2.1383000710325053,4.855705342522323,-5.940871996629466,3.0,2.8751140815830727,5.098773136338683,2.5842770195521028,-6.998618854623722
HOF ITEM
4.264448196194815
-5.420696939256522,1.5861586208293368,5.61877918053811,0.3040738889966895,-2.1985350734411226,1.37564340221548,2.069041640368773,2.0055875554016205,-1.1111864947586012,-4.087303205389642,2.1383000710325053,4.855705342522323,-5.795005585538768,2.7689702174772752,3.238626992181753,4.8378649630383155,2.6431257230941534,-6.940240575862273
HOF ITEM
4.264448196194815
-5.420696939256522,1.5861586208293368,5.61877918053811,0.3040738889966895,-2.1985350734411226,1.37564340221548,2.079157135915388,2.0055875554016205,-1.1111864947586012,-4.087303205389642,2.1383000710325053,4.855705342522323,-5.795005585538768,2.9023432271424174,3.238626992181753,4.924825996957742,2.526263231272306,-6.656379515316341
HOF ITEM
4.264448196194815
-5.420696939256522,1.5861586208293368,5.61877918053811,0.3040738889966895,-2.1985350734411226,1.37564340221548,2.079157135915388,2.0055875554016205,-1.1111864947586012,-4.087303205389642,2.1383000710325053,4.855705342522323,-5.940871996629466,3.0,2.8751140815830727,5.098773136338683,2.5842770195521028,-6.940240575862273
seed 721
Initial fitness values: [np.float64(5.2715447517536), np.float64(4.807324739637166), np.float64(4.807234443313529), np.float64(4.746859065299738), np.float64(4.605793855121686), np.float64(4.534747613944416), np.float64(4.534747613944416), np.float64(4.472414591849581), np.float64(4.34787550465585), np.float64(4.266946096911113)]
Final fitness values: [np.float64(4.124582362889834), np.float64(4.124582362889834), np.float64(4.124582362889834), np.float64(4.124581058923526), np.float64(4.12458097111341), np.float64(4.12458097111341), np.float64(4.12458097111341), np.float64(4.12458097111341), np.float64(4.12458097111341), np.float64(4.12458097111341)]
HOF ITEM
4.12458097111341
-3.700856845190215,1.3238513860169705,7.0,-2.6398921074043398,4.358554038855802,1.5742207958822854,3.8661731094053815,0.6199819748682843,-6.095539577261548,2.7364455277650497,1.8841438351779523,-6.140261972749976,-5.621296308243047,2.352882889884014,3.6188387772451267,-2.4728621670078987,2.2265539359403776,-0.5170483110122454
HOF ITEM
4.12458097111341
-3.700856845190215,1.3238513860169705,7.0,-2.6398921074043398,4.358554038855802,1.5742207958822854,3.8661731094053815,0.6199819748682843,-6.095539577261548,2.7364455277650497,1.8841438351779523,-5.930821792554525,-5.621296308243047,2.352882889884014,3.6188387772451267,-2.4728621670078987,2.2265539359403776,-0.5170483110122454
HOF ITEM
4.124580971113415
-3.700856845190215,1.3238513860169705,7.0,-2.6398921074043398,4.358554038855802,1.5742207958822854,3.8661731094053815,0.6199819748682843,-6.095539577261548,2.7364455277650497,1.337826613064618,-5.930821792554525,-5.621296308243047,2.352882889884014,3.6188387772451267,-2.4728621670078987,2.2265539359403776,-0.5170483110122454
HOF ITEM
4.124580971113415
-3.700856845190215,1.3238513860169705,7.0,-2.6398921074043398,4.358554038855802,1.5742207958822854,3.8661731094053815,0.6199819748682843,-6.095539577261548,2.7364455277650497,1.337826613064618,-6.140261972749976,-5.621296308243047,2.352882889884014,3.6188387772451267,-2.4728621670078987,2.2265539359403776,-0.5170483110122454
HOF ITEM
4.124581058923526
-3.700856845190215,1.3238513860169705,7.0,-2.6398921074043398,4.358554038855802,1.5742207958822854,4.159129722043544,0.6199819748682843,-6.095539577261548,2.7364455277650497,1.8841438351779523,-6.140261972749976,-5.621296308243047,2.352882889884014,3.6188387772451267,-2.4728621670078987,2.2265539359403776,-0.5170483110122454
seed 722
Initial fitness values: [np.float64(6.157607335407092), np.float64(5.495135901584309), np.float64(5.495135900991934), np.float64(5.3851427848703), np.float64(5.348667894354837), np.float64(5.348667894354837), np.float64(5.2572735750774955), np.float64(5.2572735750774955), np.float64(5.2572735750774955), np.float64(5.249796370815283)]
Final fitness values: [np.float64(4.302534381212769), np.float64(4.302346371696466), np.float64(4.302346371696466), np.float64(4.302346371696466), np.float64(4.302346371446362), np.float64(4.3020540419321645), np.float64(4.301982373247739), np.float64(4.301982373247739), np.float64(4.301950601636111), np.float64(4.299955252149611)]
HOF ITEM
4.299955252149611
-6.763085461383322,1.5691863385299327,0.05352118758596281,3.1871839157919823,5.95344509392298,5.6873860356947095,-0.9297001533623501,1.6113650657714955,-0.47503266884621376,5.140511385951636,2.1488802663586393,4.5320996109009375,3.5775335258159577,2.6017661198549007,-0.49649171837043377,-6.261502566895207,1.8327902137269323,-5.285827655073844
HOF ITEM
4.301950601636111
-6.763085461383322,1.5691863385299327,0.05352118758596281,2.7584074947834853,5.678297794730426,5.6873860356947095,-0.8374210746122941,1.8342269855456377,-0.5833124653993071,5.887186993844955,1.8571368999484978,4.613956523055582,3.5775335258159577,3.0,-0.4282241665744332,-6.261502566895207,1.8327902137269323,-5.268962761608985
HOF ITEM
4.301982373247739
-6.763085461383322,1.5691863385299327,0.05352118758596281,2.64368041266165,5.678297794730426,5.6873860356947095,-0.8374210746122941,1.8342269855456377,-0.5833124653993071,5.629289210362267,2.4778954225578764,4.613956523055582,3.5775335258159577,2.6017661198549007,-0.42924452959606507,-6.261502566895207,1.8327902137269323,-5.268962761608985
HOF ITEM
4.301982373247739
-6.763085461383322,1.5691863385299327,0.05352118758596281,2.64368041266165,5.678297794730426,5.6873860356947095,-0.8374210746122941,1.8342269855456377,-0.5833124653993071,5.629289210362267,2.4778954225578764,4.613956523055582,3.5775335258159577,2.6017661198549007,-0.4282241665744332,-6.261502566895207,1.8327902137269323,-5.268962761608985
HOF ITEM
4.301982373247739
-6.763085461383322,1.5691863385299327,0.05352118758596281,2.64368041266165,5.678297794730426,5.6873860356947095,-0.8374210746122941,1.8342269855456377,-0.5833124653993071,5.887186993844955,1.8571368999484978,4.613956523055582,3.5775335258159577,3.0,-0.4282241665744332,-6.261502566895207,1.8327902137269323,-5.268962761608985
seed 723
Initial fitness values: [np.float64(4.908294566977411), np.float64(4.908294566977411), np.float64(4.829142739885697), np.float64(4.506147688165714), np.float64(4.506147688165714), np.float64(4.4530299076691335), np.float64(4.4530299076691335), np.float64(4.384597453508742), np.float64(4.384597453508742), np.float64(4.384597453508742)]
Final fitness values: [np.float64(4.2598065681390125), np.float64(4.2598065681390125), np.float64(4.256079415825804), np.float64(4.256079415825804), np.float64(4.256079415825804), np.float64(4.256079415669145), np.float64(4.254961721600946), np.float64(4.254961721600946), np.float64(4.254961721535212), np.float64(4.254961721535212)]
HOF ITEM
4.254961721535212
-5.3520466403208244,1.5600147017275,-3.3046908718090355,5.485309216517314,4.596057829926729,-4.4084762521488825,-4.113985767486047,2.1286742302672454,-0.8002153165856145,0.6238172436825858,1.9119519579284294,3.0608955784515945,-2.896764933423556,1.113871198006487,0.5620293773333138,-2.969585467004798,2.61415865512774,-2.0916455914837955
HOF ITEM
4.254961721600946
-5.3520466403208244,1.5600147017275,-3.3046908718090355,5.485309216517314,4.596057829926729,-4.4084762521488825,-4.113985767486047,2.1286742302672454,-0.8002153165856145,0.3398622433330926,1.9119519579284294,3.0608955784515945,-2.896764933423556,1.113871198006487,0.5620293773333138,-2.969585467004798,2.61415865512774,-2.0916455914837955
HOF ITEM
4.2549617216577165
-5.3520466403208244,1.5600147017275,-3.3046908718090355,5.485309216517314,4.596057829926729,-4.4084762521488825,-4.113985767486047,2.1286742302672454,-0.8002153165856145,0.2313026570150173,1.9119519579284294,2.887922656829567,-2.896764933423556,1.113871198006487,0.5620293773333138,-2.969585467004798,2.61415865512774,-2.0916455914837955
HOF ITEM
4.256079415559784
-5.3520466403208244,1.5600147017275,-3.3046908718090355,5.485309216517314,4.596057829926729,-4.4084762521488825,-4.113985767486047,2.1286742302672454,-0.8002153165856145,0.2313026570150173,1.9119519579284294,3.389960764094353,-2.9045467060570718,1.113871198006487,0.5620293773333138,-2.969585467004798,2.61415865512774,-2.0916455914837955
HOF ITEM
4.256079415669145
-5.3520466403208244,1.5600147017275,-3.3046908718090355,5.485309216517314,4.596057829926729,-4.4084762521488825,-4.113985767486047,2.1286742302672454,-0.8002153165856145,0.2313026570150173,1.9119519579284294,2.887922656829567,-2.9045467060570718,1.113871198006487,0.5620293773333138,-2.969585467004798,2.61415865512774,-2.0916455914837955
seed 724
Initial fitness values: [np.float64(5.895780936834095), np.float64(5.824468402547524), np.float64(5.317426257374737), np.float64(5.2356194655995445), np.float64(5.2356194655995445), np.float64(5.222509095720406), np.float64(5.2142365657883385), np.float64(5.189721573735139), np.float64(5.187127396324126), np.float64(5.1368232615931575)]
Final fitness values: [np.float64(4.546444572649296), np.float64(4.546444572649296), np.float64(4.546444572649296), np.float64(4.545776284093316), np.float64(4.545776284093316), np.float64(4.545776284093316), np.float64(4.5457757826803915), np.float64(4.5457757826803915), np.float64(4.5457757826803915), np.float64(4.5457757826803915)]
HOF ITEM
4.5457757826803915
-3.753399166089336,1.7999976119699848,1.728411384652262,-3.2703571204907673,-2.7552873685523798,-4.7986341972443745,4.1837228788898795,0.44175749161163735,-5.129075260475468,-3.12514996363623,0.0,4.6510652542672775,-7.0,2.3093838452527127,4.531274942523554,-2.0780450982342047,0.9599645583379344,-3.530351203084064
HOF ITEM
4.545776284093316
-3.753399166089336,1.7999976119699848,1.728411384652262,-3.2703571204907673,-2.7552873685523798,-4.7986341972443745,4.1837228788898795,0.39911585169309166,-5.129075260475468,-3.12514996363623,0.0,4.6510652542672775,-7.0,2.3093838452527127,4.531274942523554,-2.0780450982342047,0.9599645583379344,-3.530351203084064
HOF ITEM
4.546444067467921
-3.753399166089336,1.7999976119699848,1.728411384652262,-3.262597661691871,-2.7552873685523798,-4.7986341972443745,4.1837228788898795,0.44175749161163735,-5.129075260475468,-3.12514996363623,0.0,4.6510652542672775,-7.0,2.3093838452527127,4.531274942523554,-2.0780450982342047,0.9599645583379344,-3.530351203084064
HOF ITEM
4.546444572649296
-3.753399166089336,1.7999976119699848,1.728411384652262,-3.262597661691871,-2.7552873685523798,-4.7986341972443745,4.1837228788898795,0.39911585169309166,-5.129075260475468,-3.12514996363623,0.0,4.6510652542672775,-7.0,2.3093838452527127,4.531274942523554,-2.0780450982342047,0.9599645583379344,-3.530351203084064
HOF ITEM
4.546444641042523
-3.753399166089336,1.7999976119699848,1.728411384652262,-3.262597661691871,-2.7552873685523798,-4.7986341972443745,3.8260326787696357,0.44175749161163735,-5.127752453089754,-3.12514996363623,0.0,4.6510652542672775,-7.0,2.3093838452527127,4.531274942523554,-2.0780450982342047,0.9599645583379344,-3.530351203084064
seed 725
Initial fitness values: [np.float64(6.052641192094488), np.float64(5.8794893973579185), np.float64(5.609155701402577), np.float64(5.486736538737916), np.float64(5.4216708555173945), np.float64(5.38633542226854), np.float64(5.24068686380709), np.float64(5.24068686380709), np.float64(5.227401774085418), np.float64(5.205139811834206)]
Final fitness values: [np.float64(5.162460853371954), np.float64(5.162460853371954), np.float64(5.162460853371954), np.float64(5.162435522191842), np.float64(5.162435522191842), np.float64(5.1595968954346425), np.float64(5.159584444327227), np.float64(5.159584444327227), np.float64(5.159584444327227), np.float64(5.159582678359701)]
HOF ITEM
5.159582678359701
-5.785178733908155,1.8035063836340852,2.0672757828059383,-1.5591125260136152,-0.3620426833118799,6.6487115557300305,-3.0361327082564378,2.3848495023917544,-3.748249344414062,6.9964088766572115,0.30147180659291267,4.111309590108646,-4.0492446593838425,1.2986868457088971,-3.7824485374992554,4.0387645252169175,0.034666508794251344,5.994606560315695
HOF ITEM
5.159584444327227
-5.785178733908155,1.8035063836340852,2.0672757828059383,-1.5591125260136152,-0.3620426833118799,6.6487115557300305,-3.0361327082564378,2.3848495023917544,-3.557496925563604,6.9964088766572115,0.19945842941155562,4.111309590108646,-4.0492446593838425,1.2986868457088971,-3.7824485374992554,4.0387645252169175,0.034666508794251344,5.994606560315695
HOF ITEM
5.1595968954346425
-5.785178733908155,1.8035063836340852,2.0672757828059383,-1.5591125260136152,-0.3620426833118799,6.6487115557300305,-3.0361327082564378,2.3848495023917544,-3.557496925563604,6.9964088766572115,0.19945842941155562,4.111309590108646,-4.0492446593838425,1.2986868457088971,-3.7824485374992554,4.0387645252169175,0.034666508794251344,5.829283949013505
HOF ITEM
5.160292511736383
-5.769965882880084,1.8035063836340852,1.6409432832930604,-1.5591125260136152,-0.17933827816204032,7.0,-3.0361327082564378,2.41559765124715,-3.5533231491036408,7.0,0.7557643387393751,4.324854341180432,-4.0492446593838425,1.3113725534117513,-4.200273812729626,3.9296159681656304,0.0,6.358047181987727
HOF ITEM
5.160364370758112
-5.769965882880084,1.8035063836340852,1.6409432832930604,-1.5591125260136152,-0.18777475419822248,6.777455198713024,-2.926043039509635,2.3848495023917544,-3.748249344414062,6.860679881269509,0.09909938693968487,4.968708917807367,-4.0492446593838425,1.2986868457088971,-3.940228549677131,3.9637627575502794,0.0,6.358047181987727
seed 726
Initial fitness values: [np.float64(5.288951658973171), np.float64(5.288951658973171), np.float64(5.043305339916159), np.float64(5.000408060479847), np.float64(4.972652080095381), np.float64(4.915131257704489), np.float64(4.860495331965117), np.float64(4.860495331965117), np.float64(4.860495331959429), np.float64(4.857671311034549)]
Final fitness values: [np.float64(4.732446023162673), np.float64(4.732446022237426), np.float64(4.732130651678772), np.float64(4.7321306516510955), np.float64(4.73125935407113), np.float64(4.731259354069479), np.float64(4.731259354069479), np.float64(4.731259354069479), np.float64(4.731259354069479), np.float64(4.731259354069479)]
HOF ITEM
4.731259354069479
6.237815361510336,-1.5682896388877379,2.902286974916802,-2.8661702141368015,1.827027198213768,-2.0543065511941467,-0.01930890800402274,1.0681225891175021,-7.0,6.327096941618938,1.4588575589143553,-3.3944137894983717,0.9825655202173752,1.9557003039233685,2.7415939693875497,1.834159283454392,2.592633257773508,1.4985473006668324
HOF ITEM
4.73125935407113
6.237815361510336,-1.5682896388877379,2.902286974916802,-2.8661702141368015,1.827027198213768,-2.0543065511941467,-0.01930890800402274,1.0681225891175021,-7.0,6.2004004695489625,1.4588575589143553,-3.3944137894983717,0.9825655202173752,1.9557003039233685,2.7415939693875497,1.834159283454392,2.592633257773508,1.4985473006668324
HOF ITEM
4.731259355014146
6.237815361510336,-1.5682896388877379,2.902286974916802,-2.8661702141368015,1.827027198213768,-2.0543065511941467,-0.01930890800402274,1.0681225891175021,-7.0,6.327096941618938,1.0852891312009338,-3.3944137894983717,0.9825655202173752,1.9557003039233685,2.7415939693875497,1.834159283454392,2.592633257773508,1.4985473006668324
HOF ITEM
4.731259355445079
6.237815361510336,-1.5682896388877379,2.902286974916802,-2.8661702141368015,1.827027198213768,-2.0543065511941467,-0.01930890800402274,1.0681225891175021,-7.0,6.2004004695489625,1.0852891312009338,-3.3944137894983717,0.9825655202173752,1.9557003039233685,2.7415939693875497,1.834159283454392,2.592633257773508,1.4985473006668324
HOF ITEM
4.732130651649443
6.237815361510336,-1.5682896388877379,2.902286974916802,-2.8661702141368015,1.827027198213768,-2.0543065511941467,-0.01930890800402274,1.0681225891175021,-7.0,6.327096941618938,1.4588575589143553,-3.3944137894983717,0.9825655202173752,1.8621477098028056,2.7415939693875497,1.834159283454392,2.592633257773508,1.4985473006668324
seed 727
Initial fitness values: [np.float64(5.636493026086326), np.float64(5.636436459148783), np.float64(5.368796668847586), np.float64(5.262647869568745), np.float64(5.172699827428004), np.float64(5.048449427925378), np.float64(4.857134148445988), np.float64(4.857134148445988), np.float64(4.795068292253208), np.float64(4.7112828361912245)]
Final fitness values: [np.float64(4.461902818574968), np.float64(4.461902818574968), np.float64(4.461902818574968), np.float64(4.461902818574968), np.float64(4.461902818574968), np.float64(4.461902818574968), np.float64(4.461902818574968), np.float64(4.461902818574968), np.float64(4.461755651640745), np.float64(4.4615824905456165)]
HOF ITEM
4.460544852063433
-3.2973040371008078,1.2116980651427782,6.326542794612985,2.2086487919277262,-1.2157497728395592,-5.0346744093626885,1.2096557494827707,0.45747473198924204,-4.81538110802845,6.068288833405189,0.8252344043769462,-2.64738743075375,-7.0,2.7645133569986995,-2.676644843846817,-1.1894520839670923,1.2356760708909333,-6.367112070688397
HOF ITEM
4.4615824905456165
-3.2973040371008078,1.2116980651427782,6.288778298869491,2.7522415019714934,-1.2157497728395592,-5.4240205595619555,0.6730750792357358,0.0,-4.275306685579849,6.54818554470055,1.0096756606907757,-3.5381443994213138,-6.37773201148543,2.7645133569986995,-3.0127065222736005,-1.2034457591576535,1.2297953443922616,-5.396146227893934
HOF ITEM
4.461755651640745
-3.2973040371008078,1.2116980651427782,6.288778298869491,2.7522415019714934,-1.2157497728395592,-5.4240205595619555,0.48916318474143416,0.028060927552731665,-4.275306685579849,6.54818554470055,1.0096756606907757,-3.5381443994213138,-6.37773201148543,2.7645133569986995,-3.0127065222736005,-1.2034457591576535,1.2297953443922616,-5.396146227893934
HOF ITEM
4.461902818574968
-3.2973040371008078,1.2116980651427782,6.288778298869491,2.7522415019714934,-1.2157497728395592,-5.4240205595619555,0.6730750792357358,0.0,-4.275306685579849,6.54818554470055,1.0096756606907757,-3.5381443994213138,-6.096202085319643,2.7645133569986995,-3.0127065222736005,-1.2034457591576535,1.2356760708909333,-5.396146227893934
HOF ITEM
4.461902818574968
-3.2973040371008078,1.2116980651427782,6.288778298869491,2.7522415019714934,-1.2157497728395592,-5.4240205595619555,0.6730750792357358,0.0,-4.275306685579849,6.54818554470055,1.0096756606907757,-3.5381443994213138,-6.37773201148543,2.7645133569986995,-3.0127065222736005,-1.2034457591576535,1.2356760708909333,-5.396146227893934
seed 728
Initial fitness values: [np.float64(5.946708482180754), np.float64(5.445418452616394), np.float64(5.383777487725032), np.float64(5.383777487725032), np.float64(5.383777487725032), np.float64(5.369036098852513), np.float64(5.329208068970356), np.float64(5.329208068970356), np.float64(5.323960658751622), np.float64(5.240630907672058)]
Final fitness values: [np.float64(5.105029439342555), np.float64(5.105029439342555), np.float64(5.105029439342555), np.float64(5.105029439342555), np.float64(5.105029439342555), np.float64(5.105029439342555), np.float64(5.105029439342555), np.float64(5.105029439342555), np.float64(5.105029439342555), np.float64(5.105029439342555)]
HOF ITEM
5.105029439342555
-6.511179275442524,1.7051890893630455,-1.5288250053828798,1.9836661983182098,-0.5143168883077606,-5.9617839403567015,6.0575996954569735,2.503844460154536,0.68557221679671,-3.261925929443135,1.0048372329948145,6.178423185893424,-2.1966041923136466,0.39088108488703055,-5.203587218493001,-1.3154486846496818,0.0,2.0593091108161854
HOF ITEM
5.1053529918495055
-6.50371739192405,1.7051890893630455,-1.156436125629076,2.108754130194196,-0.7248981334516571,-5.9617839403567015,6.0575996954569735,2.351974849546215,0.43388010185294246,-3.2241517938062403,1.0048372329948145,6.297236141421467,-1.8125168312913968,0.34834254609126947,-5.20525110904487,-1.1900483042552032,0.0,2.143794555305873
HOF ITEM
5.105849384328279
-6.511179275442524,1.7051890893630455,-1.5288250053828798,2.1106305495445374,-0.5143168883077606,-5.9617839403567015,6.0575996954569735,2.503844460154536,0.43388010185294246,-3.2241517938062403,1.0048372329948145,6.178423185893424,-1.8125168312913968,0.39088108488703055,-5.203587218493001,-1.3154486846496818,0.0,2.0593091108161854
HOF ITEM
5.108150771512205
-6.211381952389681,1.7051890893630455,-1.5288250053828798,1.9836661983182098,-0.182944620393599,-5.908553711361385,6.0575996954569735,2.503844460154536,1.0011251262395444,-3.0631906088772154,1.0048372329948145,6.178423185893424,-2.1966041923136466,0.776106603078891,-4.4726912683732305,-1.0436136507140912,0.0,2.0593091108161854
HOF ITEM
5.108785335235849
-6.511179275442524,1.7051890893630455,-1.5288250053828798,1.834998457133497,-0.6696914487475214,-5.9617839403567015,6.0575996954569735,2.290260205815398,0.68557221679671,-3.261925929443135,1.0048372329948145,6.178423185893424,-2.2681090673924182,0.47446626761256105,-5.203587218493001,-1.3602475538171122,0.0,2.0427903506729383
seed 729
Initial fitness values: [np.float64(5.687257215437005), np.float64(5.292522119579299), np.float64(5.2470714710536654), np.float64(4.974784488169191), np.float64(4.928862007939969), np.float64(4.871467335237846), np.float64(4.829160591132981), np.float64(4.744505186865753), np.float64(4.690171084922057), np.float64(4.669129424008118)]
Final fitness values: [np.float64(4.504264374171738), np.float64(4.504264374171738), np.float64(4.504264374171738), np.float64(4.504264374171738), np.float64(4.504264374171738), np.float64(4.504264374171738), np.float64(4.504249107202373), np.float64(4.503945820266223), np.float64(4.503945820266223), np.float64(4.503945814248984)]
HOF ITEM
4.503945814248984
4.637211126707723,-1.189214489877393,0.3896553256109338,0.029087801066178365,4.935965352932704,-4.590440839425665,4.908780265783473,0.7921362733881949,1.4665715050164438,1.5143860255451569,3.0,-1.5340700561952025,-7.0,1.6220768000169612,-4.644656382822504,1.2813210659317824,2.2352265909604907,-0.4654988803966031
HOF ITEM
4.503945820266223
4.637211126707723,-1.189214489877393,0.3896553256109338,0.029087801066178365,4.935965352932704,-4.590440839425665,4.908780265783473,0.7921362733881949,1.4665715050164438,1.5143860255451569,3.0,-1.5340700561952025,-7.0,1.554097425517106,-4.644656382822504,1.2813210659317824,2.2352265909604907,-0.4654988803966031
HOF ITEM
4.504034432257342
4.637211126707723,-1.189214489877393,0.3896553256109338,0.029087801066178365,4.935965352932704,-4.590440839425665,4.908780265783473,0.7921362733881949,1.4665715050164438,1.4922277879951726,3.0,-1.5340700561952025,-7.0,1.6220768000169612,-4.644656382822504,1.2813210659317824,2.2352265909604907,-0.4654988803966031
HOF ITEM
4.504034438274582
4.637211126707723,-1.189214489877393,0.3896553256109338,0.029087801066178365,4.935965352932704,-4.590440839425665,4.908780265783473,0.7921362733881949,1.4665715050164438,1.4922277879951726,3.0,-1.5340700561952025,-7.0,1.554097425517106,-4.644656382822504,1.2813210659317824,2.2352265909604907,-0.4654988803966031
HOF ITEM
4.504249107202373
4.637211126707723,-1.189214489877393,0.3896553256109338,-0.05756377426313512,4.935965352932704,-4.590440839425665,4.908780265783473,0.7921362733881949,1.4665715050164438,1.5143860255451569,3.0,-1.5340700561952025,-7.0,1.6220768000169612,-4.644656382822504,1.2813210659317824,2.2352265909604907,-0.4654988803966031
best parameter set
fitness 4.115147501042377 seed 721
-3.703200860295635,1.3427698630692808,6.999999832203693,-2.6398919179390905,4.351564966413624,1.5810548386659677,3.866173466226616,0.6199824034847085,-6.095539446052965,2.7364455277650497,1.8841438351779523,-5.930821792554525,-5.621296308243047,2.352882889884014,3.61904824092935,-2.4677285511287907,2.2181483292442477,-0.5271333396618896
