seeds are [520 521 522 523 524 525 526 527 528 529]
seed 520
Initial fitness values: [np.float64(3.2009172895250924), np.float64(3.157723883473933), np.float64(2.984930689688116), np.float64(2.930754775122323), np.float64(2.8066612463675513), np.float64(2.764109298411565), np.float64(2.6062280417730195), np.float64(2.6062280417730195), np.float64(2.6062280417729733), np.float64(2.586071876100493)]
Final fitness values: [np.float64(2.554991753633776), np.float64(2.5549916743964642), np.float64(2.5549915689978695), np.float64(2.5549862435896165), np.float64(2.5549861643454497), np.float64(2.5549861643454497), np.float64(2.5549861643454497), np.float64(2.554986163476438), np.float64(2.5549788371711104), np.float64(2.554941533565267)]
HOF ITEM
2.554941533565267
5.156621101245441,-1.3219176578520326,6.743327239223581,-4.013535672126158,3.96431872229963,3.544036479447089,0.9667736320514567,2.1949231521597548,-3.254425432664447,3.3280201151168063,1.7306796737259487,-7.0,5.329956435694251,0.59001214128046,-2.7246013286160387,3.5380444837572393,2.4178681841327347,-1.2181848729211537
HOF ITEM
2.5549788371711104
5.156621101245441,-1.3219176578520326,6.743327239223581,-4.100259507821539,3.96431872229963,3.544036479447089,0.9667736320514567,2.1949231521597548,-3.254425432664447,3.3280201151168063,0.8843549539173201,-6.818564256340332,5.285733381671844,0.6244581334646626,-2.175331239186261,3.5307539828090646,2.459360596656775,-0.8963496309235205
HOF ITEM
2.554986163476438
5.156621101245441,-1.3219176578520326,6.743327239223581,-4.100259507821539,3.96431872229963,3.544036479447089,0.9667736320514567,2.1949231521597548,-3.254425432664447,3.326627900872866,1.4666212356941084,-7.0,5.329956435694251,0.6244581334646626,-2.175331239186261,3.5380444837572393,2.4178681841327347,-1.1036382819817252
HOF ITEM
2.5549861643454497
5.156621101245441,-1.3219176578520326,6.743327239223581,-4.100259507821539,3.96431872229963,3.544036479447089,0.9667736320514567,2.1949231521597548,-3.254425432664447,3.3280201151168063,1.4666212356941084,-7.0,5.329956435694251,0.6244581334646626,-2.175331239186261,3.5380444837572393,2.4178681841327347,-1.1036382819817252
HOF ITEM
2.5549862435896165
5.156621101245441,-1.3219176578520326,6.743327239223581,-4.100259507821539,3.96431872229963,3.544036479447089,0.9667736320514567,2.1949231521597548,-3.254425432664447,3.326627900872866,1.5865545097051323,-7.0,5.329956435694251,0.6244581334646626,-2.175331239186261,3.5903522894413906,2.4178681841327347,-1.529492092946916
seed 521
Initial fitness values: [np.float64(2.947867111971185), np.float64(2.947867111971185), np.float64(2.834216988599927), np.float64(2.834216988599927), np.float64(2.81869114711548), np.float64(2.80752159091043), np.float64(2.80752159091043), np.float64(2.7556999723320006), np.float64(2.7556999723320006), np.float64(2.7180103091483465)]
Final fitness values: [np.float64(2.5346600001977087), np.float64(2.534559089122356), np.float64(2.534559089122356), np.float64(2.534513212784757), np.float64(2.534174797197026), np.float64(2.534174797197026), np.float64(2.534161209750159), np.float64(2.5341485735545315), np.float64(2.533681283894169), np.float64(2.533068226702879)]
HOF ITEM
2.533068226702879
4.551233373323705,-1.1458443184475706,-3.5135116792190577,-4.5198512055647635,-5.839772232019858,5.705733038311986,3.7418000891905114,1.674765444626247,-2.6975959189516994,3.5263002334665003,0.8836050436522583,-0.430067514675052,1.2967690914978593,2.5998157735723577,-0.4785515033278827,-1.2777143038801004,1.7741656991133312,-5.005144157101387
HOF ITEM
2.5335343068440537
4.551233373323705,-1.1458443184475706,-3.5135116792190577,-4.549524617608323,-5.846622246626736,6.112946391586243,3.7418000891905114,1.674765444626247,-2.6975959189516994,3.728568607800044,1.1684620348305146,-0.430067514675052,1.2967690914978593,2.5998157735723577,-0.4785515033278827,-1.4253209449511806,1.8028165281563076,-4.786243035541825
HOF ITEM
2.533681283894169
4.551233373323705,-1.1458443184475706,-3.5135116792190577,-4.549524617608323,-5.846622246626736,6.112946391586243,3.7418000891905114,1.674765444626247,-2.7612291149927577,3.509692520198201,1.1684620348305146,-0.430067514675052,1.2967690914978593,2.5998157735723577,-0.4785515033278827,-1.4253209449511806,1.8028165281563076,-4.786243035541825
HOF ITEM
2.53389019357835
4.551233373323705,-1.1458443184475706,-3.5135116792190577,-4.549524617608323,-5.846622246626736,5.85152552613054,3.5374301630690335,1.5451799897248715,-3.006965834355139,3.5863792482929973,1.1758091512708388,-0.5240832023410484,1.2967690914978593,2.5998157735723577,-0.4785515033278827,-1.0282296112601146,1.5206627460571862,-5.005144157101387
HOF ITEM
2.534106263176998
4.551233373323705,-1.1458443184475706,-3.5135116792190577,-4.549524617608323,-5.846622246626736,5.93371785461634,3.7418000891905114,1.674765444626247,-2.6975959189516994,3.728568607800044,1.1758091512708388,-0.430067514675052,1.2967690914978593,2.5998157735723577,-0.4785515033278827,-1.0282296112601146,1.413244366496158,-4.925684613809606
seed 522
Initial fitness values: [np.float64(3.526053258324408), np.float64(3.278397997261581), np.float64(2.8727560984005827), np.float64(2.8727560984005827), np.float64(2.7582017871529985), np.float64(2.537062736580606), np.float64(2.5362425735182392), np.float64(2.496048558155869), np.float64(2.496048558155869), np.float64(2.406512596941403)]
Final fitness values: [np.float64(2.365838963082118), np.float64(2.365838963082118), np.float64(2.363753105283429), np.float64(2.363668710020862), np.float64(2.3636094902046976), np.float64(2.363609490204463), np.float64(2.3636094901902007), np.float64(2.36357303093416), np.float64(2.36357303093416), np.float64(2.36357303093416)]
HOF ITEM
2.36357303093416
-1.923673642939761,1.505317071725996,6.555051335825681,-3.428078530199626,3.7905325205555784,3.9943489835789494,-0.8758791851833565,2.8450313988097022,-2.8941243883871928,4.636235335899541,1.9417858024086343,1.4796196096721232,2.2660586621867798,2.5944850121060146,-1.021973112209316,0.80096458413162,2.5036811784666066,6.5739520585535764
HOF ITEM
2.36357303093416
-1.923673642939761,1.505317071725996,6.555051335825681,-3.428078530199626,3.7905325205555784,3.9943489835789494,-0.8758791851833565,2.8450313988097022,-2.8941243883871928,4.636235335899541,1.9417858024086343,1.4796196096721232,2.2660586621867798,2.5944850121060146,-1.112816150721218,0.80096458413162,2.5036811784666066,6.5739520585535764
HOF ITEM
2.36357303093416
-1.923673642939761,1.505317071725996,6.555051335825681,-3.428078530199626,3.7905325205555784,3.9943489835789494,-0.8758791851833565,2.8450313988097022,-2.8941243883871928,4.598293993646676,1.9417858024086343,1.4796196096721232,2.2660586621867798,2.5944850121060146,-1.112816150721218,0.80096458413162,2.5036811784666066,6.5739520585535764
HOF ITEM
2.36357303093416
-1.923673642939761,1.505317071725996,6.555051335825681,-3.428078530199626,3.7905325205555784,3.9943489835789494,-0.8758791851833565,2.8450313988097022,-2.8941243883871928,4.636235335899541,1.9417858024086343,1.4796196096721232,2.2660586621867798,2.5944850121060146,-1.0523790774392936,0.80096458413162,2.5036811784666066,6.5739520585535764
HOF ITEM
2.363573030948417
-1.923673642939761,1.505317071725996,6.555051335825681,-3.428078530199626,3.7905325205555784,3.9943489835789494,-0.8758791851833565,2.8450313988097022,-2.8941243883871928,4.598293993646676,1.9417858024086343,1.4796196096721232,2.2660586621867798,2.2256024567808748,-1.021973112209316,0.80096458413162,2.5036811784666066,6.5739520585535764
seed 523
Initial fitness values: [np.float64(3.0368232582860593), np.float64(2.9563460902735894), np.float64(2.9563460902735894), np.float64(2.925318857257636), np.float64(2.8917416171889143), np.float64(2.8917416171889143), np.float64(2.89108068605452), np.float64(2.8745796952093396), np.float64(2.8731146526217106), np.float64(2.870887386350315)]
Final fitness values: [np.float64(2.836956984730371), np.float64(2.8369497357579174), np.float64(2.8369497279620806), np.float64(2.8369497279620806), np.float64(2.831707852986007), np.float64(2.831707852986007), np.float64(2.831707852986007), np.float64(2.831707843293385), np.float64(2.8317040857454217), np.float64(2.8310433174539646)]
HOF ITEM
2.8310433174539646
-3.892797725256534,1.8099530380358033,6.763440001157966,-2.011454244672966,-1.8160535227328718,6.752557082526563,6.4952315354946935,0.08903511101907338,0.463573422966222,6.703295264657606,0.0,-1.4496136794560242,-2.216460393473729,1.3546232672513785,-1.8553478193177804,6.599778545090123,2.4784716268265714,-5.054025970108733
HOF ITEM
2.8313966725853863
-3.892797725256534,1.8099530380358033,6.760524623382443,-2.011454244672966,-1.7030875887855017,7.0,5.9168567677880946,0.0,0.19171206816905625,6.519792146840986,0.19368737350979898,-1.1340289869290623,-2.216460393473729,1.356249958886796,-1.9145207711406063,6.364269163586901,2.4834273016118904,-4.872778279692486
HOF ITEM
2.831497500530448
-3.892797725256534,1.8099530380358033,6.576745888144588,-2.548492431059345,-1.3545141190795507,6.586487587217531,6.56217720976904,0.08903511101907338,0.39609377005188384,7.0,0.19368737350979898,-1.372742892004784,-2.216460393473729,1.3546232672513785,-1.89483786229838,6.392484815610143,2.4784716268265714,-4.724954226772431
HOF ITEM
2.8317040857454217
-3.892797725256534,1.8099530380358033,6.483566383151541,-2.011454244672966,-2.048630504893819,7.0,6.240108409233815,0.0,0.17732331339124546,6.519792146840986,0.0,-1.323181436091045,-2.216460393473729,1.3546232672513785,-1.9145207711406063,6.9920435734624355,2.128220422025598,-4.872778279692486
HOF ITEM
2.8317042078142496
-3.892797725256534,1.8099530380358033,6.576745888144588,-2.01107606760624,-1.9912815617523139,6.978397835395808,6.482083371867034,0.08903511101907338,-0.10577896448380258,6.321491921709833,0.3088159237881451,-1.4496136794560242,-2.216460393473729,1.3546232672513785,-1.9145207711406063,6.694502190464873,2.4784716268265714,-4.872778279692486
seed 524
Initial fitness values: [np.float64(3.5492525390339553), np.float64(2.7526866774344425), np.float64(2.7289736664789994), np.float64(2.7289736664789994), np.float64(2.610275370071748), np.float64(2.5863402273530216), np.float64(2.534653978624485), np.float64(2.498119553886359), np.float64(2.494806552059745), np.float64(2.4630941744893518)]
Final fitness values: [np.float64(2.37204294483199), np.float64(2.372042943599837), np.float64(2.372042936200396), np.float64(2.372042936200396), np.float64(2.372042936200396), np.float64(2.372028580018368), np.float64(2.372028580018368), np.float64(2.372028580018368), np.float64(2.372028558014338), np.float64(2.3720285579546028)]
HOF ITEM
2.3720285579546028
-0.5301917318356474,1.255870697032523,-4.288750686401607,0.6618630776685502,0.0518511084752748,-6.062715682001818,4.164520574588939,1.772349218254189,-0.5678426306365775,1.9398000077020803,2.6175564729004086,-6.768619567284972,6.697724091935978,1.59168782353814,-3.4174217233374753,0.32568888242060334,2.8706932028856946,-0.6149156302055648
HOF ITEM
2.372028558014338
-0.5301917318356474,1.255870697032523,-4.288750686401607,0.6618630776685502,0.0518511084752748,-6.062715682001818,4.164520574588939,1.772349218254189,-0.5678426306365775,1.9398000077020803,2.6175564729004086,-6.768619567284972,6.89225803479057,1.2438065574676265,-3.4174217233374753,0.32568888242060334,2.8706932028856946,-0.6149156302055648
HOF ITEM
2.3720285797995073
-0.5301917318356474,1.255870697032523,-4.288750686401607,0.6618630776685502,0.0518511084752748,-6.062715682001818,4.541920889761069,2.021585137068131,-0.5678426306365775,2.498504234132148,2.6175564729004086,-6.768619567284972,6.89225803479057,1.59168782353814,-3.406587843919974,0.32568888242060334,2.8706932028856946,-0.6149156302055648
HOF ITEM
2.37202857980997
-0.5301917318356474,1.255870697032523,-4.288750686401607,0.6618630776685502,0.0518511084752748,-6.062715682001818,4.541920889761069,2.021585137068131,-0.5678426306365775,2.498504234132148,3.0,-6.353222428377716,6.697724091935978,1.59168782353814,-3.406587843919974,0.32568888242060334,2.8706932028856946,-0.6149156302055648
HOF ITEM
2.372028579810734
-0.5301917318356474,1.255870697032523,-4.288750686401607,0.6618630776685502,0.0518511084752748,-6.062715682001818,4.164520574588939,2.021585137068131,-0.5678426306365775,1.9398000077020803,3.0,-6.353222428377716,6.697724091935978,1.59168782353814,-3.406587843919974,0.32568888242060334,2.8706932028856946,-0.6149156302055648
seed 525
Initial fitness values: [np.float64(3.377390837935367), np.float64(3.234244149703005), np.float64(2.949388593610419), np.float64(2.8849398315272166), np.float64(2.835541563904672), np.float64(2.7091897810531664), np.float64(2.7091897810531664), np.float64(2.703923390502803), np.float64(2.566992020127658), np.float64(2.566992020127658)]
Final fitness values: [np.float64(2.4028118077800196), np.float64(2.4028118077800196), np.float64(2.4028118077800196), np.float64(2.402811807775098), np.float64(2.402811807775098), np.float64(2.402811807775098), np.float64(2.402811807775098), np.float64(2.4028118077743867), np.float64(2.4028118077743867), np.float64(2.4028118077743867)]
HOF ITEM
2.4028118077743867
0.6776081137898469,0.8160085808799289,-5.060111928037368,-6.9090898276006945,0.2958847326328507,-0.8403492077017677,5.016318211845998,2.683118688128346,6.809076992872318,0.9355231373031863,2.8647287992577004,6.666618341354759,6.34745073559617,1.568763087490244,0.04445138228289375,-5.530378289826122,3.0,2.1330653981489593
HOF ITEM
2.4028118077743867
0.6776081137898469,0.8160085808799289,-5.060111928037368,-6.9090898276006945,0.2958847326328507,-0.8403492077017677,5.490963560793473,2.525886043109155,6.780567574251461,0.9355231373031863,2.8647287992577004,6.666618341354759,6.34745073559617,1.568763087490244,0.04445138228289375,-5.530378289826122,3.0,2.1330653981489593
HOF ITEM
2.4028118077743867
0.6776081137898469,0.8160085808799289,-5.060111928037368,-6.9090898276006945,0.2958847326328507,-0.8403492077017677,5.016318211845998,2.9000294344457123,6.809076992872318,0.9355231373031863,2.8647287992577004,6.666618341354759,6.34745073559617,1.568763087490244,0.04445138228289375,-5.530378289826122,3.0,2.1330653981489593
HOF ITEM
2.4028118077743867
0.6776081137898469,0.8160085808799289,-5.060111928037368,-6.9090898276006945,0.2958847326328507,-0.8403492077017677,5.016318211845998,2.525886043109155,6.809076992872318,0.9355231373031863,2.8647287992577004,6.666618341354759,6.34745073559617,1.568763087490244,0.04445138228289375,-5.530378289826122,3.0,2.1330653981489593
HOF ITEM
2.402811807775098
0.6776081137898469,0.8160085808799289,-5.060111928037368,-6.9090898276006945,0.2958847326328507,-0.8403492077017677,5.016318211845998,2.525886043109155,6.780567574251461,0.9355231373031863,2.8647287992577004,6.666618341354759,6.156003266917508,1.568763087490244,0.04445138228289375,-5.530378289826122,3.0,2.1330653981489593
seed 526
Initial fitness values: [np.float64(3.3494121704983377), np.float64(3.2379712824915496), np.float64(2.6824540022034964), np.float64(2.585680364840041), np.float64(2.5433355610045454), np.float64(2.4850727498130674), np.float64(2.4850727498130674), np.float64(2.4293997777901817), np.float64(2.425005760355435), np.float64(2.425005760355435)]
Final fitness values: [np.float64(2.3534316509127686), np.float64(2.3534316509127686), np.float64(2.3534316509127686), np.float64(2.3534316509127686), np.float64(2.3534316509127686), np.float64(2.3534316509127686), np.float64(2.3534316509127686), np.float64(2.3534316509127686), np.float64(2.3534316509127686), np.float64(2.3534316509127686)]
HOF ITEM
2.3534316509127686
-4.067932671350837,1.586033967349157,2.2438779632449175,-1.7322051038643345,4.402223272498603,-4.51332880327441,-3.2629225968150726,2.484303715996123,-6.184322169414931,5.455768039154035,1.2073893977477934,5.438825153970889,4.746311088103271,0.35009735674706044,-2.2345998537758964,0.3382192061090001,0.47006411272692183,-1.9123032909923148
HOF ITEM
2.3534316515646028
-4.067932671350837,1.586033967349157,2.2438779632449175,-1.7322051038643345,4.402223272498603,-4.51332880327441,-3.2629225968150726,2.484303715996123,-6.184322169414931,6.010070904489089,1.2073893977477934,5.438825153970889,4.746311088103271,0.45133217152576655,-2.2345998537758964,0.3382192061090001,0.47006411272692183,-1.9123032909923148
HOF ITEM
2.3534316516012828
-4.067932671350837,1.586033967349157,2.2438779632449175,-1.7322051038643345,4.402223272498603,-4.51332880327441,-3.2629225968150726,2.484303715996123,-6.184322169414931,5.455768039154035,1.2073893977477934,5.438825153970889,4.746311088103271,0.4770537385887362,-2.2345998537758964,0.3382192061090001,0.47006411272692183,-1.9123032909923148
HOF ITEM
2.353431651601456
-4.067932671350837,1.586033967349157,2.2438779632449175,-1.7322051038643345,4.402223272498603,-4.51332880327441,-3.2629225968150726,2.484303715996123,-6.184322169414931,5.283013792842313,1.2073893977477934,5.438825153970889,4.746311088103271,0.4770537385887362,-2.2345998537758964,0.3382192061090001,0.47006411272692183,-1.9123032909923148
HOF ITEM
2.3534316516017144
-4.067932671350837,1.586033967349157,2.2438779632449175,-1.7322051038643345,4.402223272498603,-4.51332880327441,-3.2629225968150726,2.484303715996123,-6.184322169414931,5.455768039154035,1.2073893977477934,5.438825153970889,4.746311088103271,0.4770537385887362,-2.2731991959042723,0.3382192061090001,0.47006411272692183,-1.9123032909923148
seed 527
Initial fitness values: [np.float64(3.5825987923684024), np.float64(3.2061291441037096), np.float64(3.0442446105150154), np.float64(3.0442446105150154), np.float64(2.966269464657935), np.float64(2.943870499223963), np.float64(2.769836167561395), np.float64(2.740243236356908), np.float64(2.665961048538799), np.float64(2.613144992089747)]
Final fitness values: [np.float64(2.4232951687871207), np.float64(2.4232951687871207), np.float64(2.4232951687871207), np.float64(2.4232951687871207), np.float64(2.4230509070715227), np.float64(2.4230509070715227), np.float64(2.4201155074134326), np.float64(2.4201155074134326), np.float64(2.4201155006166846), np.float64(2.4201155006166846)]
HOF ITEM
2.4201155006166846
0.9211397811874427,0.6934751222628278,3.161652707553104,3.703763610691846,5.606178559384943,-6.764548834800651,0.6606522532227914,2.8363577390811288,-5.198426504964823,0.8843763687112018,2.1069922323243784,6.076599182529365,6.273878922877666,1.6216187104436726,-0.28528448312418847,5.967639043821501,1.6477754631041297,5.281330393911636
HOF ITEM
2.4201155074134326
0.9211397811874427,0.6934751222628278,3.161652707553104,3.703763610691846,5.606178559384943,-6.764548834800651,0.6606522532227914,2.8363577390811288,-5.198426504964823,0.8843763687112018,2.1069922323243784,6.076599182529365,6.273878922877666,1.6216187104436726,-0.1997829382428281,6.167837901182517,1.6477754631041297,5.281330393911636
HOF ITEM
2.4221015310650866
0.9229035568050626,0.6934751222628278,3.161652707553104,3.703763610691846,5.606178559384943,-6.764548834800651,0.6606522532227914,2.8363577390811288,-5.198426504964823,0.8843763687112018,2.1069922323243784,6.076599182529365,6.273878922877666,1.6216187104436726,-0.28528448312418847,5.967639043821501,1.478337609628177,5.281330393911636
HOF ITEM
2.4230509070714517
0.9229035568050626,0.7054451009011461,3.161652707553104,3.703763610691846,5.554681884577357,-6.764548834800651,0.6606522532227914,2.8363577390811288,-5.198426504964823,0.8843763687112018,1.7437958439308163,6.076599182529365,6.273878922877666,1.6216187104436726,-0.2749082709919627,5.967639043821501,1.478337609628177,5.281330393911636
HOF ITEM
2.4230509070715227
0.9229035568050626,0.7054451009011461,3.161652707553104,3.703763610691846,5.554681884577357,-6.764548834800651,0.6606522532227914,2.8363577390811288,-5.198426504964823,0.8843763687112018,1.7437958439308163,6.076599182529365,6.273878922877666,1.6216187104436726,-0.28528448312418847,5.967639043821501,1.478337609628177,5.281330393911636
seed 528
Initial fitness values: [np.float64(3.4165516745980926), np.float64(3.382745723510964), np.float64(2.977692906561532), np.float64(2.9457495684301964), np.float64(2.882155062938982), np.float64(2.8764817291090297), np.float64(2.832995732837814), np.float64(2.8101667079170496), np.float64(2.758082547766763), np.float64(2.703413150329677)]
Final fitness values: [np.float64(2.3619696526773946), np.float64(2.3619696526773946), np.float64(2.3619696526773946), np.float64(2.3619333049427222), np.float64(2.3619333049427222), np.float64(2.3619333049427222), np.float64(2.361928202242037), np.float64(2.3619194607327634), np.float64(2.3619194607327634), np.float64(2.3619194607327634)]
HOF ITEM
2.3619194607327634
-2.0263637661196445,1.5167242692081813,2.9099187394483232,-5.570114417475156,-2.9437209650967064,4.102906871460444,-0.5560576921574109,1.2879302302430804,-2.856585137743653,4.223044612383443,2.7300913614315125,5.625155015303496,-0.8252195005503914,2.8468428239534425,-0.4503594599403783,0.5386083305398905,1.124390060767888,0.826868326093176
HOF ITEM
2.3619194607327634
-2.0263637661196445,1.5167242692081813,2.9099187394483232,-5.570114417475156,-2.9437209650967064,4.102906871460444,-0.5560576921574109,1.2879302302430804,-2.856585137743653,4.223044612383443,2.7300913614315125,5.9177146931489855,-0.8252195005503914,2.8468428239534425,-0.4503594599403783,0.5386083305398905,1.124390060767888,0.826868326093176
HOF ITEM
2.3619194607327634
-2.0263637661196445,1.5167242692081813,2.9099187394483232,-5.570114417475156,-2.9437209650967064,4.102906871460444,-0.5560576921574109,1.2879302302430804,-2.856585137743653,4.223044612383443,2.4740950924889824,5.625155015303496,-0.8252195005503914,2.8468428239534425,-0.4503594599403783,0.5386083305398905,1.124390060767888,0.826868326093176
HOF ITEM
2.361928202242037
-2.0263637661196445,1.5167242692081813,2.9099187394483232,-5.528978780020315,-3.0541721494785485,4.102906871460444,-0.5560576921574109,1.3492552469966699,-2.886384221004794,4.230769074779597,2.7300913614315125,5.9177146931489855,-0.8252195005503914,2.8468428239534425,-0.4503594599403783,0.5386083305398905,1.124390060767888,0.826868326093176
HOF ITEM
2.3619287705004126
-2.0263637661196445,1.5167242692081813,2.9099187394483232,-5.599524868353994,-3.0541721494785485,4.102906871460444,-0.5560576921574109,1.3492552469966699,-2.886384221004794,4.230769074779597,2.7300913614315125,5.9177146931489855,-0.8252195005503914,2.8468428239534425,-0.4503594599403783,0.7393556234043575,1.124390060767888,0.3607670284367865
seed 529
Initial fitness values: [np.float64(3.3168203944640435), np.float64(3.3068514645395117), np.float64(3.2128572523372556), np.float64(2.9867847442591606), np.float64(2.9867847442591606), np.float64(2.8370098748920163), np.float64(2.8830249811877335), np.float64(2.80145517753425), np.float64(2.75854807837635), np.float64(2.7449811741497614)]
Final fitness values: [np.float64(2.4840694414736504), np.float64(2.484056128324812), np.float64(2.484056128324812), np.float64(2.484056015298557), np.float64(2.4840552067312487), np.float64(2.484055093704778), np.float64(2.4840189422601346), np.float64(2.4840189422601346), np.float64(2.4840180060645727), np.float64(2.4840180060645727)]
HOF ITEM
2.4840180060645727
-4.369010689893148,1.224162179704491,3.091267128990056,0.2828930685124585,-4.04055465241959,-1.2952700951055396,3.743120939421168,0.7794200312578745,2.387518637331945,-5.957019576135948,2.3570293567313523,1.788644975989888,-2.063088751351579,0.9504324995153945,-6.53681318379147,4.265250151189997,0.8756780620390986,6.155049906609613
HOF ITEM
2.4840188291908145
-4.369010689893148,1.224162179704491,3.091267128990056,0.2828930685124585,-4.04055465241959,-1.2952700951055396,4.198395453490718,1.0657539678199441,2.68539741933301,-5.994833607282869,2.3570293567313523,1.788644975989888,-2.063088751351579,0.9504324995153945,-6.53681318379147,4.2057570598217335,0.8756780620390986,6.155049906609613
HOF ITEM
2.4840189422601346
-4.369010689893148,1.224162179704491,3.091267128990056,0.2828930685124585,-4.04055465241959,-1.2952700951055396,4.198395453490718,1.0657539678199441,2.68539741933301,-5.994833607282869,2.3570293567313523,1.788644975989888,-2.063088751351579,0.9504324995153945,-6.53681318379147,4.265250151189997,0.8756780620390986,6.155049906609613
HOF ITEM
2.4840204613565575
-4.369010689893148,1.224162179704491,3.091267128990056,0.6474418446824688,-4.04055465241959,-1.3186652909511924,3.743120939421168,0.7794200312578745,2.387518637331945,-5.994833607282869,2.3570293567313523,1.507253535210446,-2.063088751351579,0.9504324995153945,-6.53681318379147,4.2057570598217335,0.8756780620390986,6.155049906609613
HOF ITEM
2.48402057438984
-4.369010689893148,1.224162179704491,3.091267128990056,0.6474418446824688,-4.04055465241959,-1.3186652909511924,3.743120939421168,0.7794200312578745,2.387518637331945,-5.994833607282869,2.3570293567313523,1.507253535210446,-2.063088751351579,0.9504324995153945,-6.53681318379147,4.265250151189997,0.8756780620390986,6.155049906609613
best parameter set
fitness 2.3532499891756835 seed 526
-4.067954346611708,1.586530311909349,2.243859427371525,-1.7322046459723068,4.402223247576174,-4.513311133206683,-3.2628903941049,2.4843300049033563,-6.1843427855591875,5.455768039154035,1.2073893977477934,5.438825153970889,4.746310483253025,0.350097962104488,-2.2346002282997284,0.33821995388100506,0.47005176185660974,-1.9123028790669894
