seeds are [60 61 62 63 64 65 66 67 68 69]
seed 60
Initial fitness values: [np.float64(3.1763702678565773), np.float64(3.1352212333114435), np.float64(3.0258864155844756), np.float64(2.845816816222768), np.float64(2.7904349283952063), np.float64(2.787552939287215), np.float64(2.578523387867947), np.float64(2.5501150693965897), np.float64(2.5099740733403744), np.float64(2.5099740733403744)]
Final fitness values: [np.float64(2.439732225404126), np.float64(2.439732225404126), np.float64(2.439732225404126), np.float64(2.439732225404126), np.float64(2.439732225404126), np.float64(2.439732225404126), np.float64(2.439732225404126), np.float64(2.439732225404126), np.float64(2.439732225404126), np.float64(2.439732225404126)]
HOF ITEM
2.43973192407465
0.6648001165882417,0.6632344859931554,1.8678741252122264,-0.03984214585694233,-2.1415674332515873,0.25943622532323085,0.6668581887953087,2.117472787030331,-2.2415056640127977,6.47213928447763,1.054630106569374,4.821854615381368,1.540117581973491,0.6702432351242464,0.638522676872336,5.714498495637721,1.8370367531922678,1.3131345381225377
HOF ITEM
2.439732225404126
0.6648001165882417,0.6632344859931554,1.8678741252122264,-0.03984214585694233,-2.1415674332515873,0.25943622532323085,0.6668581887953087,2.117472787030331,-2.2415056640127977,6.47213928447763,1.054630106569374,4.800123770483475,1.540117581973491,0.6702432351242464,0.638522676872336,5.903798753558513,1.8370367531922678,1.6193949333431727
HOF ITEM
2.439732225404126
0.6648001165882417,0.6632344859931554,1.8678741252122264,-0.03984214585694233,-2.1415674332515873,0.25943622532323085,0.6668581887953087,2.117472787030331,-2.2415056640127977,6.47213928447763,1.054630106569374,4.800123770483475,1.540117581973491,0.6702432351242464,0.638522676872336,5.771638845792443,1.8370367531922678,1.3131345381225377
HOF ITEM
2.439732225404126
0.6648001165882417,0.6632344859931554,1.8678741252122264,-0.03984214585694233,-2.1415674332515873,0.25943622532323085,0.6668581887953087,2.117472787030331,-2.2415056640127977,6.47213928447763,1.054630106569374,4.800123770483475,1.540117581973491,0.6702432351242464,0.638522676872336,5.771638845792443,1.8370367531922678,1.6193949333431727
HOF ITEM
2.439732225404126
0.6648001165882417,0.6632344859931554,1.8678741252122264,-0.03984214585694233,-2.1415674332515873,0.25943622532323085,0.6668581887953087,2.117472787030331,-2.2415056640127977,6.47213928447763,1.054630106569374,4.800123770483475,1.540117581973491,0.6702432351242464,0.638522676872336,5.903798753558513,1.8370367531922678,1.6546936385721156
seed 61
Initial fitness values: [np.float64(3.1650399682705475), np.float64(2.987497839415702), np.float64(2.950935410538561), np.float64(2.9300226225332344), np.float64(2.8675743755233922), np.float64(2.823045465240119), np.float64(2.823045465240119), np.float64(2.6894553800435093), np.float64(2.6894553800435093), np.float64(2.648540801563671)]
Final fitness values: [np.float64(2.5036751306120237), np.float64(2.5036751306118337), np.float64(2.5036751306118337), np.float64(2.5036751306118337), np.float64(2.5023362713399173), np.float64(2.5023362713399173), np.float64(2.502292797866522), np.float64(2.5022086157165297), np.float64(2.5020134939649203), np.float64(2.5014939461424692)]
HOF ITEM
2.5014939461424692
-1.5964815939184729,1.6689247367276656,6.568534350150311,-1.0635184154861284,1.76086441265221,1.199174044179309,1.2529368419440283,2.9098533388868084,-6.907725706514869,2.090123246064091,1.6585774400554425,-0.5643027357647449,-0.42966669478914743,1.6324749259037248,6.19730694483434,-0.38932827906840983,0.18009641881156338,-4.783492020998128
HOF ITEM
2.50201349396462
-1.5964815939184729,1.6689247367276656,7.0,-1.1363722346072522,1.76086441265221,1.199174044179309,1.556188791121725,2.862348028679889,-6.6575100534778535,2.090123246064091,1.6585774400554425,-0.7283826417762745,-0.42966669478914743,1.6324749259037248,6.19730694483434,-0.38932827906840983,0.18009641881156338,-5.12223075885926
HOF ITEM
2.5020134939646788
-1.5964815939184729,1.6689247367276656,7.0,-1.1363722346072522,1.76086441265221,1.199174044179309,1.556188791121725,2.862348028679889,-6.7293495721974805,2.090123246064091,1.6585774400554425,-0.5643027357647449,-0.42966669478914743,1.6324749259037248,6.19730694483434,-0.38932827906840983,0.18009641881156338,-5.12223075885926
HOF ITEM
2.5020134939649203
-1.5964815939184729,1.6689247367276656,7.0,-1.1363722346072522,1.76086441265221,1.199174044179309,1.897912934603922,3.0,-6.7293495721974805,2.458311246429818,1.6585774400554425,-0.7283826417762745,-0.42966669478914743,1.6324749259037248,6.19730694483434,-0.38932827906840983,0.18009641881156338,-5.12223075885926
HOF ITEM
2.502065991572211
-1.5964815939184729,1.6689247367276656,6.994278130277499,-1.0162713953629305,1.76086441265221,1.199174044179309,1.0986071278738265,2.862348028679889,-6.7293495721974805,2.3901330651167894,1.938128823290666,-0.6544139558586864,-0.42966669478914743,1.6324749259037248,6.19730694483434,-0.38932827906840983,0.18009641881156338,-5.162557821243396
seed 62
Initial fitness values: [np.float64(3.4087890969919643), np.float64(3.3649383109105493), np.float64(2.9499297201696555), np.float64(2.9038950074339667), np.float64(2.821033853488604), np.float64(2.8140860817643025), np.float64(2.6972511102632946), np.float64(2.6972511102632946), np.float64(2.679548308111214), np.float64(2.5922179117339956)]
Final fitness values: [np.float64(2.378093548010475), np.float64(2.378093548010475), np.float64(2.378093548010475), np.float64(2.378093548010475), np.float64(2.378093548010475), np.float64(2.378093548010474), np.float64(2.378093548010474), np.float64(2.378012804777339), np.float64(2.378012804777339), np.float64(2.3779905164196355)]
HOF ITEM
2.3779905164196355
-5.6524293291692365,1.5989961563051462,-0.29511900290218496,1.1657487441399312,0.8110418158464135,5.882317837151761,-1.6181901552764681,2.382288987999758,-3.2031529519982516,5.168536723820072,1.8881240999966038,-5.786920385447854,-4.393299856402644,2.07800979049375,-0.6799353329961608,1.9742957787611324,1.8651040178706442,2.845224539099219
HOF ITEM
2.378012804777339
-5.6524293291692365,1.5989961563051462,-0.29511900290218496,1.1657487441399312,0.8110418158464135,6.121526402418567,-1.6181901552764681,2.382288987999758,-3.2031529519982516,5.168536723820072,1.7847126695843465,-5.428446056169017,-4.393299856402644,2.07800979049375,-0.6799353329961608,1.9742957787611324,1.8651040178706442,2.845224539099219
HOF ITEM
2.378012804777339
-5.6524293291692365,1.5989961563051462,-0.29511900290218496,1.1657487441399312,0.8110418158464135,6.121526402418567,-1.6181901552764681,2.382288987999758,-3.2031529519982516,5.168536723820072,1.8881240999966038,-5.786920385447854,-4.393299856402644,2.07800979049375,-0.6799353329961608,1.9742957787611324,1.8651040178706442,2.845224539099219
HOF ITEM
2.378093548010474
-5.6524293291692365,1.6005136807762508,-0.29511900290218496,1.1657487441399312,0.8110418158464135,5.882317837151761,-1.6181901552764681,2.2165508721116174,-3.2031529519982516,5.149294674184128,1.7847126695843465,-5.428446056169017,-4.393299856402644,2.07800979049375,-0.6799353329961608,2.0844680498907056,1.8651040178706442,3.055575996837545
HOF ITEM
2.378093548010474
-5.6524293291692365,1.6005136807762508,-0.29511900290218496,1.1657487441399312,0.8110418158464135,5.882317837151761,-1.6181901552764681,2.382288987999758,-3.083140941332537,5.149294674184128,1.7847126695843465,-5.428446056169017,-4.393299856402644,2.07800979049375,-0.6799353329961608,2.0844680498907056,1.8651040178706442,3.055575996837545
seed 63
Initial fitness values: [np.float64(3.2433320203259592), np.float64(3.1279530580778276), np.float64(3.004648097476242), np.float64(2.9104047426227817), np.float64(2.8842514044822565), np.float64(2.822227765205927), np.float64(2.822227765205927), np.float64(2.822227765205927), np.float64(2.8115694121189065), np.float64(2.7037033501390386)]
Final fitness values: [np.float64(2.375283795431203), np.float64(2.375283795431203), np.float64(2.375283794851833), np.float64(2.375283794851833), np.float64(2.375283793668122), np.float64(2.375283793668122), np.float64(2.375283793668122), np.float64(2.375283793668122), np.float64(2.375283793668122), np.float64(2.375282522359587)]
HOF ITEM
2.375282522359587
-1.4566807011371794,1.4671316368176992,0.6539184926749113,0.4359851182112553,-2.0678145791199483,1.7742370453287482,5.989726568871737,2.6195735708955765,0.33005114971160676,4.515537197228774,1.0207689509056352,6.749447331923615,-0.3300187848095891,2.9404202753888318,-0.46790293264970995,2.5954713625649455,1.6296974922929002,4.099395003090625
HOF ITEM
2.375283793668122
-1.4566807011371794,1.4671316368176992,0.6539184926749113,0.4359851182112553,-2.0678145791199483,1.7742370453287482,5.989726568871737,2.6205662866733563,0.0769024614715674,4.515537197228774,1.0207689509056352,6.749447331923615,-0.3300187848095891,2.9404202753888318,-0.46790293264970995,2.56049099455562,2.0693868772966937,4.099395003090625
HOF ITEM
2.375283793668122
-1.4566807011371794,1.4671316368176992,0.6539184926749113,0.4359851182112553,-2.0678145791199483,1.7742370453287482,5.989726568871737,2.518380567001366,0.0769024614715674,4.515537197228774,1.0207689509056352,6.749447331923615,-0.3300187848095891,2.9404202753888318,-0.46790293264970995,2.56049099455562,2.0693868772966937,4.099395003090625
HOF ITEM
2.375283794851833
-1.4566807011371794,1.4671316368176992,0.6539184926749113,0.4359851182112553,-2.0678145791199483,1.7742370453287482,5.989726568871737,2.518380567001366,0.0769024614715674,4.515537197228774,1.0207689509056352,6.749447331923615,-0.3300187848095891,2.9404202753888318,-0.46790293264970995,2.56049099455562,2.1239660071430864,4.099395003090625
HOF ITEM
2.375283794851833
-1.4566807011371794,1.4671316368176992,0.6539184926749113,0.4359851182112553,-2.0678145791199483,1.7742370453287482,5.989726568871737,2.6205662866733563,0.0769024614715674,4.515537197228774,1.0207689509056352,6.749447331923615,-0.3300187848095891,2.9404202753888318,-0.46790293264970995,2.56049099455562,2.1239660071430864,4.099395003090625
seed 64
Initial fitness values: [np.float64(3.449081667967035), np.float64(3.1852016813226194), np.float64(2.9004361195918413), np.float64(2.8795554614620826), np.float64(2.833194229630571), np.float64(2.7807443161416003), np.float64(2.773268361427847), np.float64(2.751372699933229), np.float64(2.7219986759352226), np.float64(2.578768632652161)]
Final fitness values: [np.float64(2.377500874516161), np.float64(2.377500874516161), np.float64(2.377500874516161), np.float64(2.377500874516161), np.float64(2.377500874516161), np.float64(2.3773309846850985), np.float64(2.3773309846850985), np.float64(2.3773203857955227), np.float64(2.377330208898724), np.float64(2.3773180156546356)]
HOF ITEM
2.3773180156546356
-6.6545521930707086,1.5641972716512387,3.1370567639291163,0.1877788413897465,-2.911645027833481,6.347878418286713,-4.042380478836654,0.13544016971605333,-3.490609942070323,-4.785419667069358,1.8649595673112132,-4.0325117119543386,-5.394785190357136,1.84783556280493,-0.47971836583525324,-3.133511940766821,1.6696182618304172,7.0
HOF ITEM
2.377319737564102
-6.6545521930707086,1.5641972716512387,3.1370567639291163,0.1877788413897465,-2.911645027833481,6.340421573206978,-4.042380478836654,0.13544016971605333,-3.490609942070323,-4.785419667069358,1.8649595673112132,-4.0325117119543386,-5.394785190357136,1.84783556280493,-0.47971836583525324,-3.133511940766821,1.7636251463108328,7.0
HOF ITEM
2.377320063586186
-6.6545521930707086,1.5641972716512387,3.1370567639291163,0.1877788413897465,-2.911645027833481,6.340421573206978,-4.042380478836654,0.13544016971605333,-3.490609942070323,-4.785419667069358,1.8649595673112132,-4.0325117119543386,-5.394785190357136,1.84783556280493,-0.47971836583525324,-3.133511940766821,1.7636251463108328,6.758765550868602
HOF ITEM
2.3773203857955227
-6.6545521930707086,1.5641972716512387,3.1370567639291163,0.1877788413897465,-2.911645027833481,6.347878418286713,-4.042380478836654,0.13544016971605333,-3.490609942070323,-4.785419667069358,1.8649595673112132,-4.0325117119543386,-5.394785190357136,1.84783556280493,-0.47971836583525324,-3.133511940766821,1.7636251463108328,6.758765550868602
HOF ITEM
2.377330208898724
-6.6545521930707086,1.5641972716512387,3.1370567639291163,0.1877788413897465,-2.911645027833481,6.347878418286713,-4.042380478836654,0.13544016971605333,-3.4046134192524935,-4.785419667069358,1.8649595673112132,-4.0325117119543386,-5.394785190357136,1.84783556280493,-0.47971836583525324,-3.133511940766821,1.6696182618304172,6.758765550868602
seed 65
Initial fitness values: [np.float64(3.304071372362123), np.float64(3.09115955012273), np.float64(3.061708079461399), np.float64(2.934564210308112), np.float64(2.9202759922035026), np.float64(2.8847248871107802), np.float64(2.863428424506113), np.float64(2.8445667672923394), np.float64(2.8420407904239857), np.float64(2.824786104122107)]
Final fitness values: [np.float64(2.5526825849097383), np.float64(2.5525869047172582), np.float64(2.5525869047172582), np.float64(2.5521971119221414), np.float64(2.5521968009630838), np.float64(2.5521968009630838), np.float64(2.5521968009630838), np.float64(2.5521968009630838), np.float64(2.5517120572280994), np.float64(2.5517120572280994)]
HOF ITEM
2.5517120572280994
3.4612538326484583,-0.07763516889604993,3.5538076209470812,-0.6264045412851045,-5.121561618458202,-3.6808570881384792,-1.5593720181968607,1.9051725292939863,-1.1135730091593112,1.3570928282861754,0.6318259525649883,-0.2755670831228462,1.5125269197215292,3.0,-0.6803344642505063,3.0174937476407617,1.128139662266865,-6.306667688950297
HOF ITEM
2.5521968009630838
3.4612538326484583,-0.07763516889604993,3.4932891472574124,-0.3869507742002233,-5.121561618458202,-3.6808570881384792,-1.5593720181968607,1.7824830232992772,-0.9131244119579189,1.3570928282861754,0.8347248133552225,-0.2755670831228462,1.5125269197215292,3.0,-0.6803344642505063,3.0174937476407617,1.1057705238069255,-6.384612096398205
HOF ITEM
2.5521971119221414
3.4612538326484583,-0.07763516889604993,3.4932891472574124,-0.3869507742002233,-5.121561618458202,-3.6808570881384792,-1.5593720181968607,1.7824830232992772,-0.9131244119579189,1.3570928282861754,0.8347248133552225,-0.2755670831228462,1.5125269197215292,3.0,-0.6803344642505063,3.0174937476407617,1.1057705238069255,-6.306667688950297
HOF ITEM
2.5523059517180395
3.4612538326484583,-0.07763516889604993,3.4932891472574124,-0.3869507742002233,-5.121561618458202,-3.6808570881384792,-1.5593720181968607,1.3518481671796763,-0.9131244119579189,1.5068673976748086,0.8347248133552225,-0.2755670831228462,1.5125269197215292,3.0,-0.6803344642505063,3.0174937476407617,1.1777767081598305,-6.384612096398205
HOF ITEM
2.5524251867563836
3.4612538326484583,-0.07763516889604993,3.4932891472574124,-0.3914140369844965,-5.121561618458202,-3.6808570881384792,-1.5006191635266657,1.8469012828136204,-0.9131244119579189,1.3570928282861754,0.8347248133552225,-0.2755670831228462,1.5125269197215292,3.0,-0.6803344642505063,2.852111854690938,1.0927439983771583,-6.306667688950297
seed 66
Initial fitness values: [np.float64(3.4900773352663594), np.float64(3.3214333145701813), np.float64(3.276957568374164), np.float64(3.207843216879238), np.float64(2.901586084914216), np.float64(2.901586084914216), np.float64(2.803625447534073), np.float64(2.7591633636749386), np.float64(2.6678138147449357), np.float64(2.6590984548921397)]
Final fitness values: [np.float64(2.3791807538581624), np.float64(2.3791807538581624), np.float64(2.3791807538581624), np.float64(2.3791807538581624), np.float64(2.3791807538581624), np.float64(2.3791807538581624), np.float64(2.3791807538581624), np.float64(2.3791807538581624), np.float64(2.3791807538581624), np.float64(2.3791807538581624)]
HOF ITEM
2.3791807538581624
-5.877922061067635,1.3518876401943647,2.1995948876336606,-0.2788326118127579,-2.4651498636168254,-3.0563110249492413,-5.000289499864536,1.9706124788526485,-3.735242854341162,-4.3262612121919695,0.3993780985297878,-6.034899457758115,4.705353591479359,0.9988446528534092,-3.2262586757604805,-2.1670117437579415,2.5385345534555697,4.480138667102519
HOF ITEM
2.3791807538581624
-5.877922061067635,1.3518876401943647,2.1995948876336606,-0.2788326118127579,-2.4651498636168254,-3.0563110249492413,-5.000289499864536,1.9706124788526485,-3.735242854341162,-4.3262612121919695,0.3993780985297878,-6.034899457758115,4.705353591479359,0.9988446528534092,-3.2262586757604805,-2.1670117437579415,2.6237257053936927,4.480138667102519
HOF ITEM
2.379180753858352
-5.877922061067635,1.3518876401943647,2.1995948876336606,-0.2788326118127579,-2.4651498636168254,-3.0563110249492413,-5.000289499864536,1.9706124788526485,-3.735242854341162,-4.3262612121919695,0.3993780985297878,-6.034899457758115,4.705353591479359,0.9988446528534092,-2.969920416158754,-2.1670117437579415,2.6237257053936927,4.480138667102519
HOF ITEM
2.3804776631545486
-5.877922061067635,1.3518876401943647,2.1995948876336606,-0.2788326118127579,-2.4573735336624587,-3.0563110249492413,-5.000289499864536,1.9706124788526485,-3.735242854341162,-4.3262612121919695,0.3993780985297878,-6.034899457758115,5.200532634506033,0.9988446528534092,-3.2262586757604805,-2.4871851132966922,2.6237257053936927,4.896081539061752
HOF ITEM
2.3807735009896582
-5.877922061067635,1.3518876401943647,2.203767156818924,-0.2788326118127579,-2.4651498636168254,-3.0563110249492413,-5.000289499864536,1.9706124788526485,-3.735242854341162,-4.3262612121919695,0.3993780985297878,-6.034899457758115,4.532117485809641,1.056667650803594,-3.2262586757604805,-2.153852703618962,2.458979630985402,4.480138667102519
seed 67
Initial fitness values: [np.float64(3.5118532702502523), np.float64(3.0526800326401955), np.float64(3.0526800326401955), np.float64(2.884328999850647), np.float64(2.8709325305987647), np.float64(2.8709325305987647), np.float64(2.8684362806440484), np.float64(2.860059107389461), np.float64(2.860059107389461), np.float64(2.8587898730534747)]
Final fitness values: [np.float64(2.3748156887760734), np.float64(2.374810206765699), np.float64(2.3728259131209786), np.float64(2.3720219980528796), np.float64(2.3720219980528796), np.float64(2.3720108314932427), np.float64(2.3720108314932427), np.float64(2.3720108314932427), np.float64(2.3720108314932427), np.float64(2.3720108314932427)]
HOF ITEM
2.3720108314932427
-4.557022954305124,1.6325036805164006,-0.9619317722643126,6.004670844547341,2.2100089620277363,4.0682531542887705,7.0,2.628437739262336,-4.789573543333979,2.757934037678217,2.4724149593564944,-3.9316936895693333,-3.2535153896498503,2.373904822805531,-0.4714281774885001,-2.0993557247707653,0.6002018363274007,0.9064563398843661
HOF ITEM
2.3720108314932427
-4.557022954305124,1.6325036805164006,-0.9619317722643126,6.004670844547341,2.2100089620277363,4.0682531542887705,7.0,2.8264138288753218,-5.6231023859192835,2.829233863469447,2.3095702704450933,-3.9316936895693333,-3.2535153896498503,2.373904822805531,-0.4714281774885001,-2.0993557247707653,0.6002018363274007,0.9064563398843661
HOF ITEM
2.3720108314932427
-4.557022954305124,1.6325036805164006,-0.9619317722643126,6.004670844547341,2.2100089620277363,4.0682531542887705,7.0,2.8264138288753218,-5.6231023859192835,2.829233863469447,2.3095702704450933,-4.203090411052508,-3.2535153896498503,2.373904822805531,-0.4714281774885001,-2.0993557247707653,0.6002018363274007,0.9064563398843661
HOF ITEM
2.3720108314932427
-4.557022954305124,1.6325036805164006,-0.9619317722643126,6.004670844547341,2.2100089620277363,4.0682531542887705,7.0,2.8264138288753218,-5.6231023859192835,2.757934037678217,2.3095702704450933,-4.203090411052508,-3.2535153896498503,2.373904822805531,-0.4714281774885001,-2.0993557247707653,0.6002018363274007,0.9064563398843661
HOF ITEM
2.3720108314932427
-4.557022954305124,1.6325036805164006,-0.9619317722643126,6.004670844547341,2.2100089620277363,4.0682531542887705,7.0,2.8264138288753218,-5.503585051699023,2.829233863469447,2.3095702704450933,-4.203090411052508,-3.2535153896498503,2.373904822805531,-0.4714281774885001,-2.0993557247707653,0.6002018363274007,0.9064563398843661
seed 68
Initial fitness values: [np.float64(3.452869467237644), np.float64(2.8912227067164133), np.float64(2.891222700000382), np.float64(2.875035169125388), np.float64(2.8550985056647535), np.float64(2.74052668015566), np.float64(2.577946272816132), np.float64(2.577946272816132), np.float64(2.577946272816132), np.float64(2.5376208611056525)]
Final fitness values: [np.float64(2.3913063548855575), np.float64(2.3913063548855575), np.float64(2.3913063548855575), np.float64(2.3913063548855575), np.float64(2.3913063548855575), np.float64(2.3913063548855575), np.float64(2.3913063548855575), np.float64(2.3913062888711547), np.float64(2.3913062888711547), np.float64(2.3913062888711547)]
HOF ITEM
2.3913062888711547
-6.830360650067303,1.5626891312620932,4.1281310727440195,-2.420180657149432,-1.328783796643549,-5.142347873177103,1.6892315083111986,1.7877806953684447,-2.996388184325061,1.735742255104077,2.515801501238446,3.2015756970892597,-6.0438065602372415,1.832302473007724,-3.411211162361975,-1.8416838075947748,1.9896143752871744,-1.1730058085376196
HOF ITEM
2.3913062888711547
-6.830360650067303,1.5626891312620932,4.1281310727440195,-2.420180657149432,-1.328783796643549,-5.142347873177103,1.2572125145679216,1.626841845806164,-2.996388184325061,1.735742255104077,2.2802395255202215,3.2015756970892597,-6.0438065602372415,1.832302473007724,-3.411211162361975,-1.8416838075947748,1.9896143752871744,-1.1730058085376196
HOF ITEM
2.3913063548855575
-6.830360650067303,1.5626891312620932,4.022648839143436,-2.520190925988581,-1.328783796643549,-5.142347873177103,1.656632126633436,1.7877806953684447,-2.8343788231813645,1.98993210981468,1.822843568526547,2.9180517152625995,-6.0438065602372415,1.832302473007724,-3.411211162361975,-1.8416838075947748,1.9896143752871744,-1.1017426924801257
HOF ITEM
2.3913063548855575
-6.830360650067303,1.5626891312620932,4.022648839143436,-2.520190925988581,-1.328783796643549,-5.142347873177103,1.656632126633436,1.7877806953684447,-2.996388184325061,1.735742255104077,2.515801501238446,3.2015756970892597,-6.0438065602372415,1.832302473007724,-3.411211162361975,-1.8416838075947748,1.9896143752871744,-1.1017426924801257
HOF ITEM
2.3913063548855575
-6.830360650067303,1.5626891312620932,4.022648839143436,-2.520190925988581,-1.328783796643549,-5.142347873177103,1.6892315083111986,1.7877806953684447,-2.996388184325061,1.735742255104077,2.515801501238446,3.2015756970892597,-6.0438065602372415,1.832302473007724,-3.411211162361975,-2.092573144241256,1.9296205701322529,-1.1017426924801257
seed 69
Initial fitness values: [np.float64(3.0920693395833942), np.float64(2.8545159003235194), np.float64(2.7497009652653723), np.float64(2.7497009652653723), np.float64(2.727659314839085), np.float64(2.6881356341529288), np.float64(2.658316604114982), np.float64(2.6091520650569553), np.float64(2.6089553546674153), np.float64(2.5488741607385625)]
Final fitness values: [np.float64(2.1122223903806283), np.float64(2.1121778302039846), np.float64(2.1121778302039846), np.float64(2.1121778302039846), np.float64(2.1121778302039846), np.float64(2.1121778302039846), np.float64(2.1121778302039846), np.float64(2.1121778302039846), np.float64(2.1121778302039846), np.float64(2.1121778302039846)]
HOF ITEM
2.1121778302039846
-1.5039757404561658,1.5277544951263113,3.4879035116829207,2.011845310021456,-5.339519183846291,2.9669949150099786,4.890360655820948,1.0061332267106313,5.362104819063498,-4.83832072635449,2.861838826450242,-2.2612093529690913,-0.34908937904459025,2.9492823573820597,-0.5195826413303182,-7.0,2.14869970014934,-6.717250916781489
HOF ITEM
2.1121778302039846
-1.5039757404561658,1.5277544951263113,3.4879035116829207,2.011845310021456,-5.339519183846291,2.9669949150099786,4.890360655820948,1.0061332267106313,5.362104819063498,-5.0029806466844144,2.861838826450242,-2.2612093529690913,-0.34908937904459025,2.9492823573820597,-0.5195826413303182,-7.0,2.14869970014934,-6.717250916781489
HOF ITEM
2.1122223903806283
-1.5039757404561658,1.5277544951263113,3.4879035116829207,2.011845310021456,-5.339519183846291,2.9669949150099786,4.890360655820948,1.0061332267106313,5.362104819063498,-5.0029806466844144,2.861838826450242,-2.26229796799107,-0.34908937904459025,2.9492823573820597,-0.5195826413303182,-7.0,2.14869970014934,-6.717250916781489
HOF ITEM
2.1122223903806283
-1.5039757404561658,1.5277544951263113,3.4879035116829207,2.011845310021456,-5.339519183846291,2.9669949150099786,4.890360655820948,1.0061332267106313,5.362104819063498,-4.83832072635449,2.861838826450242,-2.26229796799107,-0.34908937904459025,2.9492823573820597,-0.5195826413303182,-7.0,2.14869970014934,-6.717250916781489
HOF ITEM
2.1126539576916237
-1.5039757404561658,1.5277544951263113,3.4879035116829207,2.011845310021456,-5.339519183846291,2.9669949150099786,4.982588067124818,0.6584515682491738,5.362104819063498,-5.0029806466844144,2.861838826450242,-2.2612093529690913,-0.34908937904459025,2.9492823573820597,-0.5195826413303182,-7.0,2.14869970014934,-6.717250916781489
best parameter set
fitness 2.0719998812376046 seed 69
-1.4746115582846213,1.4558511333991189,3.4895537514551016,2.010195598894278,-5.338216126848101,2.9656911042996255,4.890361815741058,1.0061364193064324,5.3621047539416695,-5.0029806466844144,2.861838826450242,-2.2610083213882857,-0.3530066157770964,2.9424244655765692,-0.5221763142197562,-7.0,2.14869970014934,-6.7185564953170935
