seeds are [490 491 492 493 494 495 496 497 498 499]
seed 490
Initial fitness values: [np.float64(5.628044957978347), np.float64(5.564658019850043), np.float64(5.098066473420031), np.float64(5.0528886808285325), np.float64(4.768431671025335), np.float64(4.704946877918369), np.float64(4.607508844130339), np.float64(4.582051252278041), np.float64(4.582051252278041), np.float64(4.561343375098839)]
Final fitness values: [np.float64(4.383002114107573), np.float64(4.383002114107573), np.float64(4.382895666325215), np.float64(4.382819705141157), np.float64(4.382819705141157), np.float64(4.382819705141157), np.float64(4.382819705141157), np.float64(4.382819705141157), np.float64(4.382819705141157), np.float64(4.382819705141157)]
HOF ITEM
4.382819705141157
1.9919507770386937,0.23895387140750454,-5.49403540097936,-6.0172935125205935,4.088151624984792,0.9518112128182615,1.2058196962348988,3.0,-0.44779099501205344,4.397771319564663,2.6476259911184967,-2.4636542237284793,-1.598230134894938,0.9684953610479676,4.401927061254327,1.3977392768054548,1.9409233987362644,-3.5295531779489493
HOF ITEM
4.382819705141157
1.9919507770386937,0.23895387140750454,-5.49403540097936,-6.0172935125205935,4.088151624984792,0.9518112128182615,1.2058196962348988,3.0,-0.44779099501205344,4.397771319564663,2.3460107058050426,-2.4636542237284793,-1.598230134894938,0.9684953610479676,4.401927061254327,1.3977392768054548,1.9409233987362644,-3.5295531779489493
HOF ITEM
4.382820461523177
1.9919507770386937,0.23895387140750454,-5.49403540097936,-6.262521793451373,4.088151624984792,0.9518112128182615,1.2058196962348988,3.0,-0.44779099501205344,4.397771319564663,2.3460107058050426,-2.4636542237284793,-1.598230134894938,0.9684953610479676,4.401927061254327,1.3977392768054548,1.9409233987362644,-3.5295531779489493
HOF ITEM
4.382820461523177
1.9919507770386937,0.23895387140750454,-5.49403540097936,-6.262521793451373,4.088151624984792,0.9518112128182615,1.2058196962348988,3.0,-0.44779099501205344,4.397771319564663,2.6476259911184967,-2.4636542237284793,-1.598230134894938,0.9684953610479676,4.401927061254327,1.3977392768054548,1.9409233987362644,-3.5295531779489493
HOF ITEM
4.382821159583829
1.9919507770386937,0.23895387140750454,-5.49403540097936,-6.262521793451373,4.088151624984792,0.9518112128182615,1.2058196962348988,3.0,-0.44779099501205344,4.397771319564663,2.6476259911184967,-2.4636542237284793,-1.598230134894938,0.9684953610479676,4.416013003813189,1.3977392768054548,1.9409233987362644,-3.5295531779489493
seed 491
Initial fitness values: [np.float64(6.124009380097535), np.float64(5.633872433596039), np.float64(5.6271363907690155), np.float64(5.387920163301782), np.float64(4.906353510961439), np.float64(4.817642781376744), np.float64(4.685997639810596), np.float64(4.635305952752606), np.float64(4.580018717742027), np.float64(4.546711422552667)]
Final fitness values: [np.float64(4.511629264427125), np.float64(4.51158633539641), np.float64(4.51158633539641), np.float64(4.51158633539641), np.float64(4.51158633539641), np.float64(4.510347900142035), np.float64(4.510347900142035), np.float64(4.510347900142035), np.float64(4.510116074668908), np.float64(4.510116074668908)]
HOF ITEM
4.510116074668908
4.635546558294616,-1.1988252514287607,1.1051308665436932,-5.107941068783552,0.5105133871937193,-0.8640139114430421,1.1074533614051048,2.221091071072438,-1.8983262845768476,3.843557463834407,0.4246091265891633,-6.267965539238215,-5.304958867370723,1.81363672505454,-0.05786357610391889,2.277339013214905,2.9451262227583057,-2.2041230928555344
HOF ITEM
4.5101161423842715
4.635546558294616,-1.1988252514287607,1.1051308665436932,-5.107941068783552,0.5105133871937193,-0.8640139114430421,1.1074533614051048,2.221091071072438,-1.8983262845768476,3.843557463834407,0.4246091265891633,-5.72010643946609,-5.460318511303726,2.1017193428514513,-0.05786357610391889,2.3962311549354522,2.786790737568098,-1.618460406791994
HOF ITEM
4.5101161423842715
4.635546558294616,-1.1988252514287607,1.1051308665436932,-5.107941068783552,0.5105133871937193,-0.8640139114430421,1.1074533614051048,2.221091071072438,-1.8983262845768476,3.843557463834407,0.4246091265891633,-5.72010643946609,-5.460318511303726,2.1017193428514513,-0.05786357610391889,2.277339013214905,2.9451262227583057,-2.2041230928555344
HOF ITEM
4.510233038439315
4.635546558294616,-1.1988252514287607,1.1051308665436932,-4.9792644022421415,0.5105133871937193,-0.8640139114430421,1.1074533614051048,2.221091071072438,-1.8983262845768476,3.843557463834407,0.2526799717870457,-6.267965539238215,-5.304958867370723,1.81363672505454,-0.05786357610391889,2.6296573696403067,2.9451262227583057,-1.964880657109527
HOF ITEM
4.510240714986116
4.635546558294616,-1.1988252514287607,1.1051308665436932,-4.9792644022421415,0.5105133871937193,-0.8640139114430421,1.1074533614051048,2.221091071072438,-1.8983262845768476,3.9053887436536856,0.2526799717870457,-5.72010643946609,-5.460318511303726,2.1017193428514513,-0.05786357610391889,2.3962311549354522,2.786790737568098,-2.008915374786622
seed 492
Initial fitness values: [np.float64(5.473194122312513), np.float64(5.185817807334424), np.float64(5.038083602901047), np.float64(4.9286692058514685), np.float64(4.9286692058514685), np.float64(4.92680770712044), np.float64(4.9267908853116795), np.float64(4.7550442113443205), np.float64(4.7550442113443205), np.float64(4.7550442113443205)]
Final fitness values: [np.float64(4.2656058704458815), np.float64(4.2656058704458815), np.float64(4.2656058704458815), np.float64(4.2656058704458815), np.float64(4.2656058704458815), np.float64(4.261019682253873), np.float64(4.261019682253873), np.float64(4.261012150155791), np.float64(4.261012150145132), np.float64(4.2599060049965995)]
HOF ITEM
4.2599060049965995
-6.271678024563819,1.5729829427075648,-3.296180248773468,-0.4344912618882136,3.680968493995114,-6.565861293105528,-5.352500532335455,1.9250791908047742,-3.0876075133284417,-0.03216577155665255,1.5190686457136882,-2.898946722833782,2.0904856989181497,0.05764866474239394,-0.8771660687090872,-2.2422837384409418,1.3400056528929336,7.0
HOF ITEM
4.261012150145132
-6.271678024563819,1.5729829427075648,-3.296180248773468,-0.8903878138895932,3.8856426601593697,-6.565861293105528,-5.352500532335455,1.9250791908047742,-3.0876075133284417,-0.03216577155665255,1.6789268827307895,-3.5525458984334057,2.0904856989181497,0.0,-1.0323899174117868,-2.3451762488653807,1.3887839757292624,7.0
HOF ITEM
4.261012150155791
-6.271678024563819,1.5729829427075648,-3.296180248773468,-0.8903878138895932,3.8856426601593697,-6.565861293105528,-5.352500532335455,1.9250791908047742,-3.0876075133284417,-0.03216577155665255,1.5190686457136882,-3.250444816507452,2.0904856989181497,0.0,-1.0323899174117868,-2.3451762488653807,1.3887839757292624,7.0
HOF ITEM
4.261019682243232
-6.271678024563819,1.5729829427075648,-3.296180248773468,-0.8903878138895932,3.8856426601593697,-6.565861293105528,-5.352500532335455,1.9250791908047742,-3.0876075133284417,-0.04189426014058856,1.6789268827307895,-3.250444816507452,2.0904856989181497,0.2382487799405089,-1.0323899174117868,-2.3451762488653807,1.3887839757292624,7.0
HOF ITEM
4.261019682253873
-6.271678024563819,1.5729829427075648,-3.296180248773468,-0.8903878138895932,3.8856426601593697,-6.565861293105528,-5.352500532335455,1.9250791908047742,-3.0876075133284417,-0.03216577155665255,1.5190686457136882,-3.250444816507452,2.0904856989181497,0.2382487799405089,-1.0323899174117868,-2.3451762488653807,1.3887839757292624,7.0
seed 493
Initial fitness values: [np.float64(6.0861298033261875), np.float64(5.74666548232506), np.float64(5.219599617572801), np.float64(5.0437795870179265), np.float64(5.0437795870179265), np.float64(4.963441085210114), np.float64(4.79530444707609), np.float64(4.79530444707609), np.float64(4.79528978349309), np.float64(4.73993018141869)]
Final fitness values: [np.float64(4.39915324724341), np.float64(4.399140223706575), np.float64(4.336188271273802), np.float64(4.311264022808821), np.float64(4.311264022808821), np.float64(4.311251405166342), np.float64(4.301284351608771), np.float64(4.209261303406684), np.float64(4.209261303406684), np.float64(4.206353851478379)]
HOF ITEM
4.206353851478379
5.0658755069515635,-1.3077562787952342,3.25148356899635,-2.6676145408122696,-5.568335426766464,6.61524733649202,-4.847432823065031,2.0146795050272024,-4.719208556813471,-4.911986148463218,2.5137963681021174,-4.061517348025681,1.2751620318168815,2.317220696688111,-0.454566265886152,-4.458974043627951,3.0,5.701142252246391
HOF ITEM
4.209261303406684
5.0658755069515635,-1.3077562787952342,3.5756430694099874,-2.3615329831930967,-5.077519746631336,6.61524733649202,-4.634855549741259,2.124047820155853,-4.69139991557353,-5.074935025685322,2.627602305820667,-4.061517348025681,1.2751620318168815,2.317220696688111,-0.454566265886152,-4.899019889626953,3.0,5.979377598537865
HOF ITEM
4.209261303406684
5.0658755069515635,-1.3077562787952342,3.5756430694099874,-2.3615329831930967,-5.077519746631336,6.61524733649202,-4.634855549741259,2.124047820155853,-4.69139991557353,-5.074935025685322,2.627602305820667,-4.061517348025681,1.2751620318168815,2.317220696688111,-0.454566265886152,-4.701629925221123,3.0,5.979377598537865
HOF ITEM
4.209261303406684
5.0658755069515635,-1.3077562787952342,3.5756430694099874,-2.3615329831930967,-5.077519746631336,6.61524733649202,-4.634855549741259,2.124047820155853,-4.69139991557353,-5.485444560927821,2.6726379693164573,-4.061517348025681,1.2751620318168815,2.317220696688111,-0.454566265886152,-4.701629925221123,3.0,5.979377598537865
HOF ITEM
4.210406154023065
5.0658755069515635,-1.3077562787952342,3.5756430694099874,-2.3615329831930967,-5.077519746631336,6.61524733649202,-4.851206334345301,2.124047820155853,-4.69139991557353,-5.074935025685322,2.627602305820667,-4.061517348025681,1.2751620318168815,2.317220696688111,-0.454566265886152,-4.701629925221123,3.0,5.979377598537865
seed 494
Initial fitness values: [np.float64(5.938155356776207), np.float64(5.424399131753661), np.float64(5.355243474657223), np.float64(5.039554510971012), np.float64(5.039554510971012), np.float64(5.039554510971012), np.float64(4.874334469096141), np.float64(4.874334469096141), np.float64(4.746729433927651), np.float64(4.613228021206568)]
Final fitness values: [np.float64(4.256682839818266), np.float64(4.256682839818266), np.float64(4.256682839818266), np.float64(4.256682839818266), np.float64(4.256682839818266), np.float64(4.256682839818266), np.float64(4.256682839818266), np.float64(4.256682839818266), np.float64(4.256682839818266), np.float64(4.256682839818266)]
HOF ITEM
4.256682839818266
-0.9718275775501252,1.3532995952959053,2.699298113493677,-1.5771678970760112,-0.8553508514084183,0.9270208310058319,3.286161946812922,2.458074340076491,2.56912517216854,0.05885107753449456,2.8331567548387624,3.930613390688941,7.0,0.7150289401628711,-6.2548013796632524,0.6924269810144297,0.29757067117507446,0.014489904699060559
HOF ITEM
4.256682839818266
-0.9718275775501252,1.3532995952959053,2.699298113493677,-1.5771678970760112,-0.8553508514084183,0.9270208310058319,3.286161946812922,2.595768941545399,3.7471693642912527,0.05885107753449456,2.8331567548387624,3.930613390688941,7.0,0.7150289401628711,-6.2548013796632524,0.6924269810144297,0.29757067117507446,0.014489904699060559
HOF ITEM
4.256682839818266
-0.9718275775501252,1.3532995952959053,2.699298113493677,-1.5771678970760112,-0.8553508514084183,0.9270208310058319,3.040722621134584,2.458074340076491,2.56912517216854,0.05885107753449456,2.8331567548387624,3.930613390688941,7.0,0.7150289401628711,-6.2548013796632524,0.6924269810144297,0.29757067117507446,0.014489904699060559
HOF ITEM
4.256682839818266
-0.9718275775501252,1.3532995952959053,2.699298113493677,-1.5771678970760112,-0.8553508514084183,0.9270208310058319,3.040722621134584,2.458074340076491,3.4788232402157955,0.05885107753449456,2.8331567548387624,3.930613390688941,7.0,0.7150289401628711,-6.2548013796632524,0.6924269810144297,0.29757067117507446,0.014489904699060559
HOF ITEM
4.256682839818266
-0.9718275775501252,1.3532995952959053,2.699298113493677,-1.5771678970760112,-0.8553508514084183,0.9270208310058319,3.045325419144938,2.595768941545399,3.7471693642912527,0.05885107753449456,2.8331567548387624,3.930613390688941,7.0,0.7150289401628711,-6.2548013796632524,0.6924269810144297,0.29757067117507446,0.014489904699060559
seed 495
Initial fitness values: [np.float64(6.003995160096524), np.float64(5.299082179887925), np.float64(5.299082179887925), np.float64(5.13343094499044), np.float64(5.13343094499044), np.float64(4.841903560437488), np.float64(4.841903560437488), np.float64(4.783566876646353), np.float64(4.733986664387339), np.float64(4.703452122111669)]
Final fitness values: [np.float64(4.120149034633532), np.float64(4.120149034633532), np.float64(4.115357623093795), np.float64(4.115357623093795), np.float64(4.115328101080052), np.float64(4.115328101080052), np.float64(4.111677284736254), np.float64(4.111677284736254), np.float64(4.111677284736254), np.float64(4.111677284736254)]
HOF ITEM
4.111677284736254
-3.1442641341228024,1.1979982411853582,-6.207433273033484,-0.36927968829077956,0.755226254665941,-4.766692081868371,7.0,0.0,-7.0,5.533703961951906,1.4225267227498257,-2.688170826194298,-3.2822982423833964,2.5360609394491904,6.0820982891541195,-2.3191968607052464,1.6680125076682255,-1.870540720337048
HOF ITEM
4.111677285810801
-3.1442641341228024,1.1979982411853582,-6.207433273033484,-0.36927968829077956,0.755226254665941,-4.766692081868371,7.0,0.0,-6.99532236281721,5.347747366138569,1.4749187096086527,-3.011378143122006,-3.2822982423833964,2.5360609394491904,6.0820982891541195,-2.3191968607052464,1.6680125076682255,-1.870540720337048
HOF ITEM
4.111677285810801
-3.1442641341228024,1.1979982411853582,-6.207433273033484,-0.36927968829077956,0.755226254665941,-4.766692081868371,7.0,0.0,-6.99532236281721,5.347747366138569,1.4225267227498257,-2.688170826194298,-3.2822982423833964,2.5360609394491904,6.0820982891541195,-2.3191968607052464,1.6680125076682255,-1.870540720337048
HOF ITEM
4.111677922211541
-3.1442641341228024,1.1979982411853582,-6.207433273033484,-0.36927968829077956,0.755226254665941,-4.766692081868371,7.0,0.0,-7.0,5.533703961951906,1.4225267227498257,-2.884851220984321,-3.453024791294544,2.5360609394491904,6.0820982891541195,-2.3191968607052464,1.6680125076682255,-1.870540720337048
HOF ITEM
4.114927206020977
-3.460882429879908,1.2517869629255716,-6.207433273033484,-0.44866954028355166,0.7534025408050488,-4.766692081868371,7.0,0.0,-6.99532236281721,5.347747366138569,1.5916519478796674,-3.011378143122006,-3.5674591830124953,2.429004925669601,6.152770326279782,-2.6000136677110066,1.6680125076682255,-1.870540720337048
seed 496
Initial fitness values: [np.float64(6.192073489006127), np.float64(5.105550813436496), np.float64(5.105550813436496), np.float64(4.9793426184571), np.float64(4.77300114261225), np.float64(4.608627231902154), np.float64(4.607458734781142), np.float64(4.595227300058585), np.float64(4.385990515679076), np.float64(4.328209313290085)]
Final fitness values: [np.float64(4.2736969480990155), np.float64(4.2736969480990155), np.float64(4.2736969480990155), np.float64(4.2736969480990155), np.float64(4.2736969480990155), np.float64(4.2736969480990155), np.float64(4.2735392507981755), np.float64(4.2735392507981755), np.float64(4.2735392507981755), np.float64(4.271153185246164)]
HOF ITEM
4.271153185246164
-5.982777029162072,1.5851883493754402,4.217218792292167,0.3869913861048946,-4.673149268904491,-1.9340839271508283,1.1657704699378995,0.0,3.691122042534996,-4.641071551827289,2.0049372755004273,3.5859272012845294,0.1772774796116473,0.03098129364050356,-6.1215674952438395,0.5368490365639726,2.7895383044115087,3.5370337237359695
HOF ITEM
4.2734557984456405
-5.982777029162072,1.5851883493754402,4.217218792292167,0.3869913861048946,-4.621556021263075,-1.9340839271508283,1.5051078345062927,0.0,3.8881333132548757,-4.641071551827289,2.0049372755004273,3.5859272012845294,0.9999984314073678,0.03098129364050356,-6.497990566349511,0.18869642912712026,3.0,3.57494204690225
HOF ITEM
4.2735392507981755
-5.982777029162072,1.5851883493754402,4.217218792292167,0.3869913861048946,-4.621556021263075,-1.9340839271508283,1.5051078345062927,0.0,3.932551722316585,-4.641071551827289,2.0049372755004273,3.5859272012845294,0.7875035493702247,0.03098129364050356,-5.661984950814873,0.5368490365639726,2.9981785387725917,3.57494204690225
HOF ITEM
4.2735392507981755
-5.982777029162072,1.5851883493754402,4.217218792292167,0.3869913861048946,-4.621556021263075,-1.9340839271508283,1.5051078345062927,0.0,3.932551722316585,-4.641071551827289,2.0049372755004273,3.5859272012845294,0.7875035493702247,0.03098129364050356,-5.661984950814873,0.5368490365639726,2.808297414114764,3.5395498727823322
HOF ITEM
4.2735392507981755
-5.982777029162072,1.5851883493754402,4.217218792292167,0.3869913861048946,-4.621556021263075,-1.9340839271508283,1.5051078345062927,0.0,3.932551722316585,-4.641071551827289,2.0049372755004273,3.5859272012845294,0.7875035493702247,0.03098129364050356,-5.661984950814873,0.5368490365639726,2.9981785387725917,3.5395498727823322
seed 497
Initial fitness values: [np.float64(5.8976806016771), np.float64(5.8976806016771), np.float64(5.330154409406631), np.float64(5.1425887077071675), np.float64(4.940585045586387), np.float64(4.898700366333065), np.float64(4.898700366333065), np.float64(4.858938712955634), np.float64(4.745204107621939), np.float64(4.73576671780442)]
Final fitness values: [np.float64(4.2722029523902965), np.float64(4.2722029523902965), np.float64(4.2722029523902965), np.float64(4.27195406415401), np.float64(4.27195406415401), np.float64(4.271954063798774), np.float64(4.271954063798774), np.float64(4.271954063798774), np.float64(4.271954063798774), np.float64(4.271954063798774)]
HOF ITEM
4.271954063798774
-2.707394194953844,1.5627660551089513,4.4105708734712685,-1.0813076658323766,4.948873870845747,-7.0,-5.623454703565113,0.6769141208369763,-6.806062805680172,-1.4345653040585344,2.873008088651099,5.492378218879359,-7.0,2.0645698922995823,-4.664563871693006,0.9860945769561835,2.401035581311719,-4.430504746171082
HOF ITEM
4.27195406415401
-2.707394194953844,1.5627660551089513,4.4105708734712685,-1.0813076658323766,4.948873870845747,-7.0,-5.623454703565113,0.6769141208369763,-6.806062805680172,-1.4345653040585344,2.873008088651099,5.492378218879359,-7.0,2.001627479943169,-4.664563871693006,0.9860945769561835,2.401035581311719,-4.430504746171082
HOF ITEM
4.2722029523902965
-2.707394194953844,1.5627660551089513,4.4105708734712685,-1.2478216293494253,4.87977128658432,-7.0,-5.538995810305272,0.6769141208369763,-6.720566810785874,-1.4345653040585344,2.873008088651099,5.492378218879359,-7.0,2.0645698922995823,-4.852646762143658,0.9860945769561835,2.401035581311719,-4.430504746171082
HOF ITEM
4.27220295239149
-2.707394194953844,1.5627660551089513,4.4105708734712685,-1.2478216293494253,4.87977128658432,-7.0,-5.538995810305272,0.6769141208369763,-6.720566810785874,-1.4345653040585344,2.873008088651099,5.492378218879359,-7.0,2.0645698922995823,-4.852646762143658,0.9860945769561835,2.401035581311719,-4.749650402940585
HOF ITEM
4.272202952937569
-2.707394194953844,1.5627660551089513,4.4105708734712685,-1.2478216293494253,4.87977128658432,-7.0,-5.538995810305272,0.6769141208369763,-6.720566810785874,-1.4345653040585344,2.873008088651099,5.492378218879359,-7.0,2.001627479943169,-4.852646762143658,0.9860945769561835,2.401035581311719,-4.430504746171082
seed 498
Initial fitness values: [np.float64(6.151424096979742), np.float64(5.938949044381784), np.float64(5.600770282985396), np.float64(5.2104376481677805), np.float64(5.2104376481677805), np.float64(5.099690348871839), np.float64(5.099100141161106), np.float64(5.099100141161106), np.float64(5.099093273354219), np.float64(5.096790651852331)]
Final fitness values: [np.float64(4.528800554102231), np.float64(4.527307339135379), np.float64(4.527307338753207), np.float64(4.527307338753207), np.float64(4.527206797527761), np.float64(4.527167729109488), np.float64(4.527167729109488), np.float64(4.526273453762439), np.float64(4.526273453762439), np.float64(4.526273453762439)]
HOF ITEM
4.526273453762439
5.7190093673669,-1.4557934898892744,0.7081594526112109,-6.38724590656745,-6.4039489278928325,-7.0,-6.924773137930418,1.05892338137829,3.1411251365697637,0.9018348332166903,2.3515898584903336,4.1463475516009565,5.938951022276151,0.6717106870159298,2.000597258541993,1.2497217618643943,2.195340118512415,-0.6543573201956193
HOF ITEM
4.526544034173712
5.7190093673669,-1.4557934898892744,0.5180018569590684,-6.429727996817948,-6.4039489278928325,-7.0,-6.696093313077544,1.4272173769867234,3.1411251365697637,0.9018348332166903,2.4988600137230432,4.219552741537157,5.938951022276151,0.6556415586007076,2.0627973913410225,1.2497217618643943,2.195340118512415,-0.6543573201956193
HOF ITEM
4.526569451150688
5.7190093673669,-1.4557934898892744,0.7081594526112109,-6.38724590656745,-6.4039489278928325,-7.0,-6.696093313077544,1.4272173769867234,3.1411251365697637,0.9018348332166903,2.3515898584903336,3.7536645827028465,5.938951022276151,0.8014101029343055,2.0627973913410225,1.2497217618643943,2.195340118512415,-0.6543573201956193
HOF ITEM
4.5265930316540866
5.7190093673669,-1.4557934898892744,0.7081594526112109,-6.38724590656745,-6.4039489278928325,-7.0,-6.924773137930418,1.05892338137829,3.1411251365697637,0.9018348332166903,2.3515898584903336,3.7536645827028465,5.938951022276151,0.8014101029343055,2.000597258541993,1.2497217618643943,2.195340118512415,-0.6543573201956193
HOF ITEM
4.526708826713509
5.7190093673669,-1.4557934898892744,0.5180018569590684,-6.429727996817948,-6.4039489278928325,-7.0,-6.696093313077544,1.4272173769867234,3.3006859918422276,0.8629345100002019,2.4988600137230432,4.219552741537157,5.938951022276151,0.6556415586007076,2.0627973913410225,1.2497217618643943,2.195340118512415,-0.6543573201956193
seed 499
Initial fitness values: [np.float64(5.930794285245842), np.float64(5.280749646730009), np.float64(5.039006524034463), np.float64(4.878375281156409), np.float64(4.878375281156409), np.float64(4.876754324465236), np.float64(4.868776206687398), np.float64(4.828201875297157), np.float64(4.794008306310987), np.float64(4.733158491045032)]
Final fitness values: [np.float64(4.4925914023780535), np.float64(4.4925914023780535), np.float64(4.4925914023780535), np.float64(4.4925914023780535), np.float64(4.4925914023780535), np.float64(4.4925914023780535), np.float64(4.4925914023780535), np.float64(4.4925914023780535), np.float64(4.4925914023780535), np.float64(4.4925914023780535)]
HOF ITEM
4.4925914023780535
4.3661327557190495,-1.1106452102604185,1.5349343494102363,-0.9232024651123636,-4.309705056833595,1.817123147000141,-4.28707242463344,2.0243624026640137,-0.0944417771443371,6.60248138363599,0.7021093556042882,5.811343312436311,2.492363177127501,2.226131127331992,3.1183398648218765,0.6925035136716667,2.191349896822088,-5.708080790565186
HOF ITEM
4.492592427998454
4.3661327557190495,-1.1106452102604185,1.5349343494102363,-0.9232024651123636,-4.309705056833595,1.817123147000141,-3.8856009081307654,2.0243624026640137,-0.0944417771443371,6.60248138363599,0.7021093556042882,5.811343312436311,2.492363177127501,2.226131127331992,3.1183398648218765,0.6925035136716667,2.191349896822088,-5.708080790565186
HOF ITEM
4.493864194741808
4.3661327557190495,-1.1106452102604185,1.561531877844321,-0.9232024651123636,-4.309705056833595,1.817123147000141,-4.28707242463344,2.0243624026640137,-0.0944417771443371,6.60248138363599,0.7021093556042882,5.811343312436311,2.492363177127501,2.226131127331992,3.1183398648218765,0.6925035136716667,2.191349896822088,-5.708080790565186
HOF ITEM
4.493865195766949
4.3661327557190495,-1.1106452102604185,1.561531877844321,-0.9232024651123636,-4.309705056833595,1.817123147000141,-3.8856009081307654,2.0243624026640137,-0.0944417771443371,6.60248138363599,0.7021093556042882,5.811343312436311,2.492363177127501,2.226131127331992,3.1183398648218765,0.6925035136716667,2.191349896822088,-5.708080790565186
HOF ITEM
4.494361800423446
4.3661327557190495,-1.1106452102604185,1.5349343494102363,-0.9232024651123636,-4.309705056833595,1.817123147000141,-4.28707242463344,2.0243624026640137,-0.0944417771443371,6.60248138363599,0.7021093556042882,5.811343312436311,2.492363177127501,2.226131127331992,3.068085274869475,0.6925035136716667,2.191349896822088,-5.708080790565186
best parameter set
fitness 4.065243518269789 seed 495
-3.1105521299871604,1.1242411234889522,-6.196379425077017,-0.4176176249518691,0.8231316323979635,-4.738536062891672,6.9995729692282165,0.0,-6.995355040762328,5.347747366138569,1.4225267227498257,-2.688170826194298,-3.282335252010918,2.5360359748526693,6.081920229008798,-2.2477843733872453,1.7964658745646593,-1.83287979483727
