seeds are [860 861 862 863 864 865 866 867 868 869]
seed 860
Initial fitness values: [np.float64(6.215650541155679), np.float64(5.9825384586881425), np.float64(5.607374217517211), np.float64(5.148149719987085), np.float64(5.127330928608878), np.float64(4.617599448009934), np.float64(4.580108471122317), np.float64(4.4968951401147494), np.float64(4.4968951401147494), np.float64(4.4968951401147494)]
Final fitness values: [np.float64(4.325697491175245), np.float64(4.323768539332823), np.float64(4.323482600120945), np.float64(4.299912963321285), np.float64(4.299912963321285), np.float64(4.299912963321285), np.float64(4.299912963321285), np.float64(4.299912963321285), np.float64(4.295891035545635), np.float64(4.295891035545635)]
HOF ITEM
4.295891035545635
1.4338414277695404,0.4811604028702949,4.960352508310216,0.4977090902359015,-4.6536364323233705,2.674448948867429,0.9086879413666268,2.899594518943516,-3.9988233918135574,6.617091788958736,0.8202301926387534,3.8674659330211334,0.3537180772335582,3.0,0.03404320272366419,2.5367578329108658,1.6882417783092674,1.4083473790580068
HOF ITEM
4.299911518816702
1.4338414277695404,0.4811604028702949,4.960352508310216,0.4977090902359015,-4.6536364323233705,2.674448948867429,0.9086879413666268,2.899594518943516,-3.9988233918135574,6.617091788958736,0.8202301926387534,3.8674659330211334,0.31980446071360474,3.0,0.03404320272366419,2.571406489415673,2.1715036145979174,0.6484862128921466
HOF ITEM
4.29991152601534
1.4338414277695404,0.4811604028702949,4.960352508310216,0.4977090902359015,-4.6536364323233705,2.674448948867429,0.9086879413666268,2.899594518943516,-3.9988233918135574,6.617091788958736,0.8202301926387534,3.8674659330211334,0.31980446071360474,3.0,0.03404320272366419,2.571406489415673,2.1715036145979174,0.6793038295654916
HOF ITEM
4.299911992571898
1.4338414277695404,0.4811604028702949,4.960352508310216,0.4977090902359015,-4.6536364323233705,2.674448948867429,0.9086879413666268,2.899594518943516,-3.9988233918135574,6.617091788958736,0.8202301926387534,3.8674659330211334,0.31980446071360474,3.0,0.03404320272366419,2.388014094870877,2.1715036145979174,0.6793038295654916
HOF ITEM
4.299912867985463
1.4338414277695404,0.4811604028702949,4.960352508310216,0.4977090902359015,-4.6536364323233705,2.674448948867429,0.9086879413666268,2.899594518943516,-3.9988233918135574,6.617091788958736,0.8202301926387534,3.8674659330211334,0.31980446071360474,3.0,0.03404320272366419,2.571406489415673,1.7779485268459538,0.6484862128921466
seed 861
Initial fitness values: [np.float64(5.373969786979474), np.float64(5.373969786979474), np.float64(5.211650396981915), np.float64(5.128901995431349), np.float64(4.9647718265719725), np.float64(4.9647718265719725), np.float64(4.839608553602732), np.float64(4.839608553602732), np.float64(4.839608553602732), np.float64(4.769396711503839)]
Final fitness values: [np.float64(4.5176417278073435), np.float64(4.5176417278073435), np.float64(4.5176417278073435), np.float64(4.5176417278073435), np.float64(4.5176417278073435), np.float64(4.5176417278073435), np.float64(4.5176417278073435), np.float64(4.5176417278073435), np.float64(4.5176417278073435), np.float64(4.517639507457362)]
HOF ITEM
4.517639507457362
4.363648568108024,-1.1059414130868708,-3.705218216669104,-5.97576181024626,-5.78236781535335,5.067319135660273,5.916990739772682,2.585315212939946,-2.001509899715591,1.327550620906299,2.2495193227103267,2.1416422225874685,6.000554865550855,0.7011648922286329,5.096177462312016,1.1777485809794777,1.9950956930960717,2.086953627500458
HOF ITEM
4.5176417278073435
4.363648568108024,-1.1059414130868708,-3.705218216669104,-5.97576181024626,-5.78236781535335,5.067319135660273,5.916990739772682,2.785162315726491,-2.001509899715591,1.327550620906299,2.2495193227103267,2.1416422225874685,6.000554865550855,0.7011648922286329,5.096177462312016,0.9966056077233683,1.9950956930960717,2.086953627500458
HOF ITEM
4.517642044642269
4.363648568108024,-1.1059414130868708,-3.705218216669104,-5.97576181024626,-5.78236781535335,5.067319135660273,6.15537030011561,2.5726323812679497,-2.001509899715591,1.327550620906299,2.2495193227103267,2.1416422225874685,6.000554865550855,0.7011648922286329,5.096177462312016,0.8970280341157546,2.032673467708244,2.086953627500458
HOF ITEM
4.517642087688832
4.363648568108024,-1.1059414130868708,-3.705218216669104,-5.97576181024626,-5.78236781535335,5.067319135660273,5.916990739772682,2.562912076132485,-2.001509899715591,1.327550620906299,2.2495193227103267,2.1416422225874685,6.000554865550855,0.7011648922286329,5.096177462312016,0.9966056077233683,1.8641940242355328,1.8509910970281689
HOF ITEM
4.517642214880528
4.363648568108024,-1.1059414130868708,-3.705218216669104,-5.97576181024626,-5.78236781535335,5.067319135660273,5.916990739772682,2.785162315726491,-2.001509899715591,1.327550620906299,2.2495193227103267,2.1416422225874685,6.000554865550855,0.7011648922286329,5.096177462312016,0.9122516738597057,1.9950956930960717,1.9229806436131982
seed 862
Initial fitness values: [np.float64(6.065032490994671), np.float64(5.79446497552598), np.float64(5.455829774198678), np.float64(5.288261787421786), np.float64(5.216170741327763), np.float64(5.201815951528612), np.float64(4.70476603487997), np.float64(4.70476603487997), np.float64(4.652719096545585), np.float64(4.513456008034646)]
Final fitness values: [np.float64(4.3199428938669175), np.float64(4.3199428938669175), np.float64(4.3199428938669175), np.float64(4.3199428938669175), np.float64(4.3199428938669175), np.float64(4.3199428938669175), np.float64(4.3199428938669175), np.float64(4.3199428938669175), np.float64(4.3199428938669175), np.float64(4.3199428938669175)]
HOF ITEM
4.3199428938669175
-6.2426306382549805,1.6286519983945384,5.945672199097821,5.351356055655704,1.059002621762368,5.2675561388703365,-2.615488649814795,0.7762463648742852,-4.180110253463413,5.834719534189076,0.0,0.8592882391462353,3.5331808885295843,2.1325378302289764,6.504969599586404,-5.491416816738195,1.958850441737118,-4.2205715653734295
HOF ITEM
4.3199428938669175
-6.2426306382549805,1.6286519983945384,5.945672199097821,5.351356055655704,1.059002621762368,5.2675561388703365,-2.615488649814795,0.7762463648742852,-4.180110253463413,5.834719534189076,0.0,0.8592882391462353,3.5331808885295843,2.2303565662808045,6.5431966527341,-5.491416816738195,1.958850441737118,-4.2205715653734295
HOF ITEM
4.3199428938669175
-6.2426306382549805,1.6286519983945384,5.945672199097821,5.351356055655704,1.059002621762368,5.2675561388703365,-2.615488649814795,0.7762463648742852,-4.180110253463413,5.834719534189076,0.0,0.8592882391462353,3.5331808885295843,2.2303565662808045,6.672878646540093,-5.491416816738195,1.958850441737118,-4.2205715653734295
HOF ITEM
4.3199428938669175
-6.2426306382549805,1.6286519983945384,5.945672199097821,5.351356055655704,1.059002621762368,5.2675561388703365,-2.615488649814795,0.7762463648742852,-4.180110253463413,5.834719534189076,0.0,0.8592882391462353,3.5331808885295843,2.2303565662808045,6.504969599586404,-5.491416816738195,1.958850441737118,-4.2205715653734295
HOF ITEM
4.319943828812785
-6.2426306382549805,1.6286519983945384,5.945672199097821,5.351356055655704,1.059002621762368,5.2675561388703365,-2.615488649814795,0.7762463648742852,-4.180110253463413,5.931758114896758,0.0,0.8592882391462353,3.5331808885295843,2.2303565662808045,6.5431966527341,-5.491416816738195,1.958850441737118,-4.2205715653734295
seed 863
Initial fitness values: [np.float64(5.44040212454747), np.float64(5.235523059058513), np.float64(5.235523059058513), np.float64(4.885995616964417), np.float64(4.885995616964417), np.float64(4.724480841958394), np.float64(4.70351687286457), np.float64(4.703511429181286), np.float64(4.588313612526177), np.float64(4.588313612526177)]
Final fitness values: [np.float64(4.251821518857879), np.float64(4.251821518857879), np.float64(4.251821518857879), np.float64(4.251821515623518), np.float64(4.251821515623518), np.float64(4.251821505600655), np.float64(4.251821505600655), np.float64(4.251821505600655), np.float64(4.251821505600655), np.float64(4.251821505600655)]
HOF ITEM
4.251821505600655
-5.112526915582088,1.5839074104382191,5.80445874186435,-5.675045143982362,1.6314681851944686,4.775553905384986,5.94788956903081,0.009157106285220441,5.529948315486094,6.381137823854894,1.227229134027807,0.29795253889853635,-3.8356053557259298,2.200584077456978,-0.48280401617059776,-2.3989215516987286,0.11953849015295279,-7.0
HOF ITEM
4.251821505600655
-5.112526915582088,1.5839074104382191,5.80445874186435,-5.675045143982362,1.6314681851944686,4.775553905384986,5.94788956903081,0.009157106285220441,5.529948315486094,6.381137823854894,0.9130330068127279,0.29795253889853635,-3.8356053557259298,2.200584077456978,-0.48280401617059776,-2.3989215516987286,0.11953849015295279,-7.0
HOF ITEM
4.251821505600655
-5.112526915582088,1.5839074104382191,5.80445874186435,-5.675045143982362,1.6314681851944686,4.775553905384986,5.94788956903081,0.009157106285220441,5.529948315486094,6.381137823854894,1.227229134027807,0.46486907523530907,-3.8356053557259298,2.200584077456978,-0.48280401617059776,-2.3989215516987286,0.11953849015295279,-7.0
HOF ITEM
4.251821515623518
-5.112526915582088,1.5839074104382191,5.80445874186435,-5.675045143982362,1.6314681851944686,4.775553905384986,5.94788956903081,0.009157106285220441,5.591354067560986,6.381137823854894,0.9130330068127279,0.46486907523530907,-3.8356053557259298,2.200584077456978,-0.48280401617059776,-2.3989215516987286,0.11953849015295279,-7.0
HOF ITEM
4.251821515623518
-5.112526915582088,1.5839074104382191,5.80445874186435,-5.675045143982362,1.6314681851944686,4.775553905384986,5.94788956903081,0.009157106285220441,5.591354067560986,6.381137823854894,1.227229134027807,0.46486907523530907,-3.8356053557259298,2.200584077456978,-0.48280401617059776,-2.3989215516987286,0.11953849015295279,-7.0
seed 864
Initial fitness values: [np.float64(5.658492176969844), np.float64(5.541160301327869), np.float64(5.249528346958234), np.float64(4.922133517620014), np.float64(4.915050082834711), np.float64(4.873821973866094), np.float64(4.7765458467661235), np.float64(4.654091920829824), np.float64(4.629416576561409), np.float64(4.43446684269154)]
Final fitness values: [np.float64(4.233727104673644), np.float64(4.233727104673644), np.float64(4.233727104673644), np.float64(4.233727104673644), np.float64(4.233727104673644), np.float64(4.233727104673644), np.float64(4.233727104673644), np.float64(4.233727104673644), np.float64(4.233727104673644), np.float64(4.233727104673644)]
HOF ITEM
4.233727104673644
-1.6226422010439951,1.4686323703338535,4.723999253941676,5.4610574069557645,2.2783958671467333,-4.2309926934615385,-6.04409098257952,1.5555951830652635,-0.9704020406934433,0.5661252108432826,3.0,2.786275950844415,0.3664411282334899,2.257076185509636,-0.2220490270650658,-0.4746050565914575,2.871306238518597,-0.45071826948487137
HOF ITEM
4.233729717020018
-1.6226422010439951,1.4686323703338535,4.723999253941676,5.4610574069557645,2.2783958671467333,-4.2309926934615385,-6.330772625870938,1.1846930958947615,-0.9704020406934433,0.5661252108432826,3.0,2.786275950844415,0.3664411282334899,2.257076185509636,-0.2220490270650658,-0.4746050565914575,2.871306238518597,-0.45071826948487137
HOF ITEM
4.233733991480028
-1.6226422010439951,1.4686323703338535,4.723999253941676,5.4610574069557645,2.2783958671467333,-4.2309926934615385,-6.04409098257952,1.1846930958947615,-0.9704020406934433,0.5661252108432826,3.0,2.786275950844415,0.3664411282334899,2.257076185509636,-0.2220490270650658,-0.4746050565914575,2.871306238518597,-0.45071826948487137
HOF ITEM
4.23373531473671
-1.6226422010439951,1.4686323703338535,4.723999253941676,5.4610574069557645,2.2783958671467333,-4.2309926934615385,-6.04409098257952,1.1846930958947615,-0.9704020406934433,0.697936536158808,3.0,2.786275950844415,0.3664411282334899,2.257076185509636,-0.2220490270650658,-0.4746050565914575,2.871306238518597,-0.45071826948487137
HOF ITEM
4.2337354083811265
-1.6226422010439951,1.4686323703338535,4.723999253941676,5.4610574069557645,2.2783958671467333,-4.2309926934615385,-6.04409098257952,1.1846930958947615,-0.9704020406934433,0.8291928996320547,3.0,2.786275950844415,0.3664411282334899,2.257076185509636,-0.2220490270650658,-0.4746050565914575,2.871306238518597,-0.45071826948487137
seed 865
Initial fitness values: [np.float64(5.646026565772001), np.float64(5.198662822082893), np.float64(5.052963597089082), np.float64(4.993751861038925), np.float64(4.947128108372526), np.float64(4.659271400430862), np.float64(4.523151937068676), np.float64(4.523151937068676), np.float64(4.523151937068676), np.float64(4.489762433116889)]
Final fitness values: [np.float64(4.242642314943803), np.float64(4.242642314943803), np.float64(4.242642314943803), np.float64(4.242642314943803), np.float64(4.242642314943803), np.float64(4.242642314943803), np.float64(4.242642314943803), np.float64(4.242642314943803), np.float64(4.242642314943803), np.float64(4.242642314943803)]
HOF ITEM
4.242642314943803
-3.2252481931811237,1.5834495923159435,-3.6666583763199494,-3.9885092484179734,6.20403054260574,-3.12030861111304,0.06902719286302161,0.9711981687867443,-0.702337919714275,4.664811949692493,1.0302096708696196,-0.8573830902334236,-2.482202736130116,0.9247221613115032,-4.8394038101049635,-1.96973359863666,2.8185130385647827,-0.9334940822202392
HOF ITEM
4.24264231494462
-3.2252481931811237,1.5834495923159435,-3.6666583763199494,-3.9885092484179734,6.20403054260574,-3.12030861111304,0.06902719286302161,0.9711981687867443,-0.702337919714275,4.664811949692493,1.0302096708696196,-1.0882721778970084,-2.482202736130116,0.9247221613115032,-4.8394038101049635,-1.96973359863666,2.8185130385647827,-0.9334940822202392
HOF ITEM
4.242642314960465
-3.2252481931811237,1.5834495923159435,-3.6666583763199494,-3.9885092484179734,6.20403054260574,-3.12030861111304,0.06902719286302161,0.9711981687867443,-0.702337919714275,4.664811949692493,0.9436263429053102,-0.8573830902334236,-2.482202736130116,0.9247221613115032,-4.8394038101049635,-1.96973359863666,2.8185130385647827,-0.9334940822202392
HOF ITEM
4.242642314961424
-3.2252481931811237,1.5834495923159435,-3.6666583763199494,-3.9885092484179734,6.20403054260574,-3.12030861111304,0.06902719286302161,0.9711981687867443,-0.702337919714275,4.147611531008308,1.0302096708696196,-0.8573830902334236,-2.482202736130116,0.9247221613115032,-4.8394038101049635,-1.96973359863666,2.8185130385647827,-0.9334940822202392
HOF ITEM
4.242642314964929
-3.2252481931811237,1.5834495923159435,-3.6666583763199494,-3.9885092484179734,6.20403054260574,-3.12030861111304,0.06902719286302161,0.9711981687867443,-0.702337919714275,4.147611531008308,1.0302096708696196,-1.0882721778970084,-2.482202736130116,0.9247221613115032,-4.8394038101049635,-1.96973359863666,2.8185130385647827,-0.9334940822202392
seed 866
Initial fitness values: [np.float64(5.938158833936497), np.float64(5.700398375320903), np.float64(5.439465482077088), np.float64(5.387511113676972), np.float64(5.314165048666025), np.float64(5.267014801522585), np.float64(5.239462867928369), np.float64(5.222649306395986), np.float64(5.192936976428954), np.float64(5.141564022830909)]
Final fitness values: [np.float64(4.7997573024423685), np.float64(4.7997573024423685), np.float64(4.7997573024423685), np.float64(4.799057807811892), np.float64(4.7815210455049995), np.float64(4.776748064359795), np.float64(4.758530756564262), np.float64(4.687851260347028), np.float64(4.684278870085117), np.float64(4.67881157939497)]
HOF ITEM
4.67881157939497
0.09280259609359548,0.6844707290540166,3.060461557818125,-2.6963967923421897,-0.6004668267585276,4.14566744976443,-2.913216126446573,2.5762261111727267,3.6454079511509643,-3.5612228322887076,2.3858390758612655,2.51582782814221,1.6279108122874555,2.3974002778840835,4.701927205744204,-0.753962765462989,0.9479700782721585,-6.547626939991489
HOF ITEM
4.684278870085117
0.09280259609359548,0.6844707290540166,3.060461557818125,-2.6963967923421897,-0.6004668267585276,4.14566744976443,-2.9142275689110715,2.5762261111727267,3.482181713876593,-3.3166500412435393,2.348695614239039,2.4167096527274006,1.6279108122874555,2.3974002778840835,4.701927205744204,-0.753962765462989,0.9479700782721585,-6.547626939991489
HOF ITEM
4.687851260347028
0.09280259609359548,0.6844707290540166,3.0294394584838744,-2.6963967923421897,-0.6004668267585276,4.14566744976443,-2.9142275689110715,2.5762261111727267,3.482181713876593,-3.3166500412435393,2.348695614239039,2.4167096527274006,1.6279108122874555,2.3974002778840835,4.701927205744204,-0.753962765462989,0.9479700782721585,-6.547626939991489
HOF ITEM
4.715639807555945
0.23893062614561913,0.6844707290540166,2.8325711007613115,-3.036175331918177,-0.6004668267585276,4.245335156752475,-2.809366034278254,2.692929292280123,3.526470402746066,-3.3166500412435393,2.3858390758612655,2.2690084076441277,1.6279108122874555,2.566973245916395,4.830156218290588,-0.753962765462989,0.9479700782721585,-6.498543432082702
HOF ITEM
4.718650213617163
0.09280259609359548,0.6844707290540166,3.060461557818125,-2.6963967923421897,-0.6004668267585276,4.14566744976443,-2.9142275689110715,2.5762261111727267,3.482181713876593,-3.3166500412435393,2.348695614239039,2.4167096527274006,1.6279108122874555,2.3974002778840835,4.830156218290588,-0.753962765462989,0.9479700782721585,-6.547626939991489
seed 867
Initial fitness values: [np.float64(5.915015577069276), np.float64(5.915015577069276), np.float64(5.350670216427101), np.float64(5.272864939150462), np.float64(4.924965266210499), np.float64(4.569150933225147), np.float64(4.498741804049992), np.float64(4.420717850628457), np.float64(4.420717850628457), np.float64(4.398805823332582)]
Final fitness values: [np.float64(4.261693931656678), np.float64(4.261693931656678), np.float64(4.261473761008287), np.float64(4.261473081004379), np.float64(4.261473081004379), np.float64(4.261159605414196), np.float64(4.261159605414196), np.float64(4.261159605414196), np.float64(4.261159605414196), np.float64(4.261159605414196)]
HOF ITEM
4.261159605414196
-1.0881886555392675,1.3826596134173048,0.24337222607274067,2.4131605435677566,0.23897474031046848,1.0872950056383783,5.675261556424652,0.8262983011699161,3.9463396593086095,2.963862101541868,1.1081344310697006,-0.33588413566165026,-0.053032631066168845,2.8692655107901692,-0.5081091152349292,3.520616861050747,0.965441211443043,6.278437206197667
HOF ITEM
4.261206755465823
-1.0881886555392675,1.3826596134173048,0.24337222607274067,2.4131605435677566,0.23897474031046848,1.0872950056383783,6.661032304527174,0.6316169157380516,3.6842461185372595,2.963862101541868,1.1081344310697006,-0.33588413566165026,-0.053032631066168845,2.8692655107901692,-0.5081091152349292,3.520616861050747,0.965441211443043,6.278437206197667
HOF ITEM
4.261260747932241
-1.0881886555392675,1.3826596134173048,0.24337222607274067,2.4131605435677566,0.23897474031046848,1.0872950056383783,5.675261556424652,0.8262983011699161,3.9463396593086095,2.963862101541868,1.1436362723194193,-0.15972326564561815,-0.053032631066168845,2.8692655107901692,-0.5081091152349292,3.520616861050747,0.965441211443043,6.278437206197667
HOF ITEM
4.261275483034005
-1.0881886555392675,1.3826596134173048,0.24337222607274067,2.4131605435677566,0.23897474031046848,1.0872950056383783,6.661032304527174,0.6316169157380516,3.6842461185372595,3.1375493037676447,1.1081344310697006,-0.33588413566165026,-0.053032631066168845,2.8692655107901692,-0.5081091152349292,3.520616861050747,0.965441211443043,6.278437206197667
HOF ITEM
4.261288220119533
-1.0881886555392675,1.3826596134173048,0.24337222607274067,2.4131605435677566,0.23897474031046848,1.0872950056383783,5.675261556424652,0.8262983011699161,3.9463396593086095,2.963862101541868,1.339543743092882,-0.6023935441738103,-0.053032631066168845,2.8692655107901692,-0.5081091152349292,3.520616861050747,0.965441211443043,6.278437206197667
seed 868
Initial fitness values: [np.float64(6.170889534842973), np.float64(5.63631480114791), np.float64(5.621298210119027), np.float64(5.065851584892977), np.float64(5.065851584892563), np.float64(4.7343245781519), np.float64(4.5461058754055825), np.float64(4.5461058754055825), np.float64(4.422015450437483), np.float64(4.422015450437483)]
Final fitness values: [np.float64(4.261662264200195), np.float64(4.261662264200195), np.float64(4.26159959084821), np.float64(4.26159959084821), np.float64(4.26159959084821), np.float64(4.261466432290218), np.float64(4.261466432290218), np.float64(4.261466428184816), np.float64(4.261466428184816), np.float64(4.261466428184816)]
HOF ITEM
4.261466428184816
-2.802396980050671,1.5592524946967705,-3.555704228028811,-0.9039069544070482,4.324612440820648,-6.021361202027173,-1.652716459485929,2.722186332011947,-2.1121981760898434,4.792141519962267,1.182843029811871,6.445891225439664,4.813502765968521,1.5478077640717924,2.2547059977142307,-0.34408450139908614,2.2911286503539214,-1.8049692619395845
HOF ITEM
4.261466432290218
-2.802396980050671,1.5592524946967705,-3.555704228028811,-0.9039069544070482,4.324612440820648,-6.021361202027173,-1.652716459485929,2.722186332011947,-2.1121981760898434,5.0344395717351675,1.182843029811871,6.445891225439664,4.813502765968521,1.5478077640717924,2.2547059977142307,-0.34408450139908614,2.2911286503539214,-1.8049692619395845
HOF ITEM
4.261487489516261
-2.802396980050671,1.5592524946967705,-3.555704228028811,-0.9039069544070482,4.324612440820648,-6.021361202027173,-1.652716459485929,2.722186332011947,-2.1121981760898434,4.792141519962267,1.182843029811871,6.445891225439664,4.813502765968521,1.5478077640717924,2.2547059977142307,-0.34408450139908614,2.2911286503539214,-1.6564264780467566
HOF ITEM
4.261487493621749
-2.802396980050671,1.5592524946967705,-3.555704228028811,-0.9039069544070482,4.324612440820648,-6.021361202027173,-1.652716459485929,2.722186332011947,-2.1121981760898434,5.0344395717351675,1.182843029811871,6.445891225439664,4.813502765968521,1.5478077640717924,2.2547059977142307,-0.34408450139908614,2.2911286503539214,-1.6564264780467566
HOF ITEM
4.26159959084821
-2.802396980050671,1.5592524946967705,-3.555704228028811,-0.9039069544070482,4.324612440820648,-6.021361202027173,-1.652716459485929,2.722186332011947,-2.1121981760898434,4.792141519962267,1.182843029811871,6.445891225439664,4.813502765968521,1.5478077640717924,2.2547059977142307,-0.3215796259101392,2.2911286503539214,-1.8049692619395845
seed 869
Initial fitness values: [np.float64(5.939972222638953), np.float64(5.7789157264265345), np.float64(5.090718804189738), np.float64(4.827687059502081), np.float64(4.602860899592829), np.float64(4.3858633641494364), np.float64(4.3858633641494364), np.float64(4.3302720555445555), np.float64(4.3302720555445555), np.float64(4.3302720555445555)]
Final fitness values: [np.float64(4.317909841889881), np.float64(4.317909841889881), np.float64(4.317909841889881), np.float64(4.317811097243974), np.float64(4.317811097243974), np.float64(4.317811097243974), np.float64(4.30937115328901), np.float64(4.30937115328901), np.float64(4.296493544198747), np.float64(4.294999995186394)]
HOF ITEM
4.294999995186394
-5.534195476490175,1.5715772456613473,1.3739277611045146,6.7558822641923175,2.7177037361575076,-4.742205653008306,2.0612040957131788,0.30503914747808675,-3.3337167256948432,-4.192601311139879,2.1092083148646212,1.8908526690817784,-5.178839776692758,2.269726992719209,-4.488149368941088,4.025927822350453,0.0,-1.9292614959628633
HOF ITEM
4.296480506990223
-5.534195476490175,1.5715772456613473,1.3739277611045146,6.7558822641923175,2.7177037361575076,-4.742205653008306,2.0056942567578115,0.0,-3.3337167256948432,-4.192601311139879,2.1092083148646212,1.8908526690817784,-5.178839776692758,2.269726992719209,-4.30002949564221,3.6669824387610426,0.0,-1.9292614959628633
HOF ITEM
4.296493544198747
-5.534195476490175,1.5715772456613473,1.3739277611045146,6.7558822641923175,2.7177037361575076,-4.742205653008306,2.0056942567578115,0.0,-3.3337167256948432,-4.192601311139879,2.1092083148646212,1.8908526690817784,-4.692132753503681,2.269726992719209,-4.488149368941088,4.025927822350453,0.0,-1.9292614959628633
HOF ITEM
4.296493544198747
-5.534195476490175,1.5715772456613473,1.3739277611045146,6.7558822641923175,2.7177037361575076,-4.742205653008306,2.0056942567578115,0.0,-3.3337167256948432,-4.192601311139879,2.1092083148646212,1.8908526690817784,-5.178839776692758,2.269726992719209,-4.488149368941088,4.025927822350453,0.0,-1.9292614959628633
HOF ITEM
4.3025646112111
-5.534195476490175,1.5715772456613473,1.3739277611045146,6.766461310724428,2.7177037361575076,-4.742205653008306,2.0056942567578115,0.0,-3.3337167256948432,-4.192601311139879,2.1092083148646212,1.8908526690817784,-5.178839776692758,2.269726992719209,-4.30002949564221,3.6669824387610426,0.0,-1.9292614959628633
best parameter set
fitness 4.188453882946275 seed 860
1.2044233855843385,0.5807764984431273,4.902743052694991,0.5003130933269662,-4.653763600597815,2.6741457939875146,0.7912037003524186,2.6670862201527976,-4.043153485300861,6.616675057093748,0.8191038263906961,3.867846595746912,0.34828063272827753,3.0,0.06697204345221093,2.571344251230511,2.1713027061230616,0.6485079152474463
