seeds are [130 131 132 133 134 135 136 137 138 139]
seed 130
Initial fitness values: [np.float64(5.251669902387688), np.float64(5.251669902387688), np.float64(5.026590665496908), np.float64(4.790208674583068), np.float64(4.686554968619042), np.float64(4.686554968619042), np.float64(4.65565674614762), np.float64(4.630053446505953), np.float64(4.5834600825173695), np.float64(4.583454802027289)]
Final fitness values: [np.float64(4.336281533094784), np.float64(4.336281533094784), np.float64(4.336281533094784), np.float64(4.336281533094784), np.float64(4.336281533094784), np.float64(4.336281533094784), np.float64(4.336281533094784), np.float64(4.336281533094784), np.float64(4.336281533094784), np.float64(4.336281533094784)]
HOF ITEM
4.336281533094784
1.3668733613313582,0.513828154869134,4.539216984642303,0.15240224396444796,-3.7970334858243304,3.9966478595259876,5.273124918245945,1.921013048244466,-4.071694920347281,1.1300409909054245,3.0,3.862397844342998,5.409656113688757,1.9355042217941665,-3.2044836260761826,4.096632924245425,2.645977075885719,-2.6303978116009246
HOF ITEM
4.336281533094784
1.3668733613313582,0.513828154869134,4.539216984642303,0.15240224396444796,-3.7970334858243304,3.9966478595259876,5.273124918245945,2.295111552633423,-4.071694920347281,1.1300409909054245,3.0,3.862397844342998,5.409656113688757,1.9355042217941665,-3.535201109377996,4.167604915205523,2.5564570258193244,-2.6303978116009246
HOF ITEM
4.336281533094784
1.3668733613313582,0.513828154869134,4.539216984642303,0.15240224396444796,-3.7970334858243304,3.9966478595259876,5.273124918245945,2.0235672635708317,-4.291359515953128,1.1300409909054245,3.0,3.862397844342998,5.409656113688757,1.9355042217941665,-3.2044836260761826,3.581763707910054,2.645977075885719,-2.6303978116009246
HOF ITEM
4.336281533094784
1.3668733613313582,0.513828154869134,4.539216984642303,0.15240224396444796,-3.7970334858243304,3.9966478595259876,5.273124918245945,1.921013048244466,-4.071694920347281,1.1300409909054245,3.0,3.862397844342998,5.409656113688757,1.9355042217941665,-3.2044836260761826,3.757023964719323,2.4049118018054796,-2.744648611343233
HOF ITEM
4.336281533094784
1.3668733613313582,0.513828154869134,4.539216984642303,0.15240224396444796,-3.7970334858243304,3.9966478595259876,5.273124918245945,1.921013048244466,-4.071694920347281,1.1300409909054245,3.0,3.862397844342998,5.409656113688757,1.9355042217941665,-3.2044836260761826,3.757023964719323,2.645977075885719,-2.6303978116009246
seed 131
Initial fitness values: [np.float64(5.349412042500404), np.float64(5.349412042500404), np.float64(5.333775251610112), np.float64(5.269494068671417), np.float64(5.161779637425948), np.float64(5.080900349080612), np.float64(5.077699053856991), np.float64(5.077699053856991), np.float64(5.077463432838522), np.float64(5.059933356104014)]
Final fitness values: [np.float64(4.185180231994564), np.float64(4.184849731876145), np.float64(4.184849731876145), np.float64(4.1848488638461605), np.float64(4.1848488638461605), np.float64(4.1848488638461605), np.float64(4.1848488638461605), np.float64(4.1848488638461605), np.float64(4.1848488638461605), np.float64(4.1848488638461605)]
HOF ITEM
4.1848488638461605
-3.94743686264903,1.5662452235011652,4.644722815082061,6.454896169915644,2.284624449778017,-1.468914135586153,-3.193675182277648,1.4832848502360836,0.9787447128619645,0.28541685277296563,1.0838166561592466,-2.9904514079628126,2.5402758153425156,3.0,-1.532754081710675,-2.6978038099678643,2.4226086514714678,-0.5667122913312058
HOF ITEM
4.1848488638461605
-3.94743686264903,1.5662452235011652,4.644722815082061,6.454896169915644,2.284624449778017,-1.468914135586153,-3.193675182277648,1.4832848502360836,0.9787447128619645,0.28541685277296563,1.0838166561592466,-2.9904514079628126,2.5402758153425156,3.0,-1.5212999441092327,-2.6978038099678643,2.4226086514714678,-0.5667122913312058
HOF ITEM
4.184849731876145
-3.94743686264903,1.5662452235011652,4.644722815082061,6.454896169915644,2.284624449778017,-1.468914135586153,-3.193675182277648,1.4832848502360836,0.9787447128619645,0.28541685277296563,1.0838166561592466,-3.2719643474012825,2.5402758153425156,3.0,-1.8843015637129852,-2.6978038099678643,2.4226086514714678,-0.5667122913312058
HOF ITEM
4.184849731876145
-3.94743686264903,1.5662452235011652,4.644722815082061,6.454896169915644,2.284624449778017,-1.468914135586153,-3.193675182277648,1.4832848502360836,0.9787447128619645,0.28541685277296563,1.0838166561592466,-3.2719643474012825,2.5402758153425156,3.0,-1.532754081710675,-2.6978038099678643,2.4226086514714678,-0.5667122913312058
HOF ITEM
4.184849731876145
-3.94743686264903,1.5662452235011652,4.644722815082061,6.454896169915644,2.284624449778017,-1.468914135586153,-3.193675182277648,1.4832848502360836,0.9787447128619645,0.28541685277296563,1.0838166561592466,-3.2719643474012825,2.5402758153425156,3.0,-1.5212999441092327,-2.6978038099678643,2.4226086514714678,-0.5667122913312058
seed 132
Initial fitness values: [np.float64(5.509510014030727), np.float64(5.509510014030727), np.float64(5.178990684025785), np.float64(5.150826679123635), np.float64(4.785961971932657), np.float64(4.785961971932657), np.float64(4.612966693660141), np.float64(4.612966693660141), np.float64(4.52820080517014), np.float64(4.508286724846084)]
Final fitness values: [np.float64(4.360057052998209), np.float64(4.360057052998209), np.float64(4.360057052998209), np.float64(4.360057052998209), np.float64(4.360057052998209), np.float64(4.360057052998209), np.float64(4.360057052998209), np.float64(4.360057052998209), np.float64(4.360057052998209), np.float64(4.360057052998209)]
HOF ITEM
4.360057052998209
-1.8718008242930677,1.2065628191251578,0.688395972072445,-2.3002240368608815,5.153520131984787,-5.3502484329877396,-1.357217599635643,2.1025352886988484,-5.529306334609367,-5.096414460717128,1.6095639515660942,1.223187382387496,-2.160027531233936,0.6434681262682606,-2.8818052981743953,0.8867264043307368,2.264467218183192,7.0
HOF ITEM
4.3600675716274475
-1.8718008242930677,1.2065628191251578,0.688395972072445,-2.3002240368608815,5.153520131984787,-5.3502484329877396,-1.357217599635643,2.1025352886988484,-5.529306334609367,-4.6144059376862225,1.6095639515660942,1.318745432181427,-2.0035956572160623,0.6434681262682606,-2.8818052981743953,0.8867264043307368,2.264467218183192,7.0
HOF ITEM
4.360581773573852
-1.8718008242930677,1.2065628191251578,0.688395972072445,-2.3002240368608815,5.153520131984787,-5.3502484329877396,-1.357217599635643,2.1025352886988484,-5.529306334609367,-5.096414460717128,1.6095639515660942,1.3169986618113858,-2.160027531233936,0.6434681262682606,-2.8818052981743953,0.8867264043307368,2.264467218183192,7.0
HOF ITEM
4.361799277265314
-1.8718008242930677,1.2065628191251578,0.688395972072445,-2.3002240368608815,5.153520131984787,-5.3502484329877396,-1.357217599635643,2.1025352886988484,-5.529306334609367,-5.096414460717128,1.6095639515660942,1.223187382387496,-2.160027531233936,0.6434681262682606,-2.8818052981743953,1.0038652222256852,2.1670814806109595,7.0
HOF ITEM
4.362322468242533
-1.8718008242930677,1.2065628191251578,0.688395972072445,-2.3002240368608815,5.153520131984787,-5.3502484329877396,-1.357217599635643,2.1025352886988484,-5.529306334609367,-5.096414460717128,1.6095639515660942,1.3169986618113858,-2.160027531233936,0.6434681262682606,-2.8818052981743953,1.0038652222256852,2.1670814806109595,7.0
seed 133
Initial fitness values: [np.float64(6.616250875149385), np.float64(5.764161947505603), np.float64(5.525786074889962), np.float64(5.385254742952164), np.float64(5.254106154564854), np.float64(5.020101746045838), np.float64(5.020032198528861), np.float64(4.89461968958169), np.float64(4.885391940064824), np.float64(4.863432850842118)]
Final fitness values: [np.float64(3.6021479726581944), np.float64(3.596444102478088), np.float64(3.5959194919587665), np.float64(3.5954492602387575), np.float64(3.595211819398691), np.float64(3.5893599611771787), np.float64(3.5893599611771787), np.float64(3.5893599611771787), np.float64(3.5893599611771787), np.float64(3.5893599611771787)]
HOF ITEM
3.5893599611771787
0.16766074707629827,1.2585347890389795,5.820889708320294,-2.1200907867468826,-1.1300207293140743,2.276894527457489,-0.5999723386860484,1.343340831011441,3.4953568477080483,-3.7892623913960337,2.6077581139928396,6.875844799764839,0.8030129074571419,2.440430216503792,-0.524101875719167,-1.1795437522857781,0.7275687054222971,2.3328269640390227
HOF ITEM
3.589915346446987
0.16766074707629827,1.2585347890389795,5.820889708320294,-2.1125812745245427,-1.1300207293140743,2.276894527457489,-0.5999723386860484,1.343340831011441,3.4953568477080483,-3.7892623913960337,2.6077581139928396,6.875844799764839,0.8030129074571419,2.440430216503792,-0.524101875719167,-1.1795437522857781,0.7275687054222971,2.3328269640390227
HOF ITEM
3.591223920951102
0.16766074707629827,1.2585347890389795,5.820889708320294,-2.1200907867468826,-0.8514959379260056,2.5224274448925463,-0.5999723386860484,1.343340831011441,3.4953568477080483,-3.7892623913960337,2.6077581139928396,6.875844799764839,0.8030129074571419,2.440430216503792,-0.524101875719167,-1.1795437522857781,0.7275687054222971,2.3328269640390227
HOF ITEM
3.5936766019144053
0.16766074707629827,1.2585347890389795,5.820889708320294,-2.1125812745245427,-1.1300207293140743,2.276894527457489,-0.5999723386860484,1.343340831011441,3.6141807105316177,-3.7892623913960337,2.5389935749872103,6.850566339987227,0.8030129074571419,2.460090406632988,-0.524101875719167,-0.3693775486051927,0.6778191592876437,2.338918664670624
HOF ITEM
3.5945705046310983
0.16766074707629827,1.2585347890389795,5.820889708320294,-2.1200907867468826,-0.8514959379260056,2.5224274448925463,-0.5999723386860484,1.343340831011441,3.6141807105316177,-3.7892623913960337,2.6077581139928396,6.874336911526233,0.8030129074571419,2.460090406632988,-0.524101875719167,-0.5818527796644611,0.6490465909709758,2.3328269640390227
seed 134
Initial fitness values: [np.float64(5.865033492441763), np.float64(5.593253786970482), np.float64(5.172327810558158), np.float64(5.169117210105345), np.float64(5.077609371985243), np.float64(5.075450638087423), np.float64(5.047417250418258), np.float64(5.0231752364414675), np.float64(4.872563233107864), np.float64(4.872316346589569)]
Final fitness values: [np.float64(4.550546758623767), np.float64(4.550546758623767), np.float64(4.550546758623767), np.float64(4.542380127246285), np.float64(4.542380127246285), np.float64(4.537346606631442), np.float64(4.537346606631442), np.float64(4.537346606631442), np.float64(4.535256011209631), np.float64(4.535256011209631)]
HOF ITEM
4.535256011209631
6.4178918359217,-1.5878451255409174,6.256805108364056,1.0670251281779326,2.497503579515279,-3.338881687285492,-4.8822739834224285,0.12733568209834034,-3.874085615649224,4.568223521288365,0.6798984677507589,3.9610422128713765,0.52049706343455,1.8470930362261448,-5.708530724836095,2.8012248002085176,1.5015288825847786,4.497798111643805
HOF ITEM
4.537346606631442
6.457800952686627,-1.5878451255409174,6.152517613537446,0.8310544154442335,2.497503579515279,-3.1895261621330975,-5.189481382940898,0.19396949177570338,-3.465907493176796,4.4396855166237446,0.6798984677507589,3.6663535264287286,0.52049706343455,1.8243294247155524,-5.708530724836095,2.8012248002085176,1.5015288825847786,4.609431193420349
HOF ITEM
4.542380127246285
6.4178918359217,-1.5878451255409174,6.256805108364056,1.0670251281779326,2.497503579515279,-3.338881687285492,-4.988796594963772,0.19396949177570338,-3.874085615649224,4.4396855166237446,0.6798984677507589,3.6663535264287286,0.52049706343455,1.8470930362261448,-5.708530724836095,2.8012248002085176,1.5015288825847786,4.497798111643805
HOF ITEM
4.546048876020242
6.4178918359217,-1.5878451255409174,5.875932256091126,0.9254162166535871,2.5374032383411005,-3.3526008399106346,-5.40346518335741,0.0,-4.097804821877982,4.597823674936414,1.1468657488823448,4.45826432200952,0.52049706343455,1.827192078901806,-5.70311111476667,2.8012248002085176,1.5015288825847786,4.497798111643805
HOF ITEM
4.550546758623767
6.457800952686627,-1.5878451255409174,5.875932256091126,0.9254162166535871,2.5374032383411005,-3.3526008399106346,-5.40346518335741,0.0,-4.097804821877982,4.597823674936414,1.1468657488823448,4.45826432200952,0.52049706343455,1.827192078901806,-5.70311111476667,2.8012248002085176,1.5015288825847786,4.497798111643805
seed 135
Initial fitness values: [np.float64(6.268164988842171), np.float64(5.986085035393328), np.float64(5.781977189583651), np.float64(5.654267184834421), np.float64(5.374182587504103), np.float64(5.013876462095219), np.float64(5.013876462095219), np.float64(4.930690026391336), np.float64(4.602146025033356), np.float64(4.360283743313215)]
Final fitness values: [np.float64(4.245004763149069), np.float64(4.244929901725337), np.float64(4.244929901725337), np.float64(4.244808862298198), np.float64(4.244808862298198), np.float64(4.244797944562892), np.float64(4.244747719498566), np.float64(4.244747719498566), np.float64(4.244734548983291), np.float64(4.244730737869052)]
HOF ITEM
4.244730737869052
-2.4379797828068233,1.5410403239223922,-2.13084624700861,-6.311495897539085,3.687827374939584,-0.6747830423860978,0.7104858523977633,1.4484270369303913,-4.845393147309922,-7.0,3.0,2.6230671194707385,1.997207436876124,0.5483525656505781,7.0,-1.2564040856409577,2.804066310641789,-1.394921228495898
HOF ITEM
4.244734548983291
-2.4379797828068233,1.5410403239223922,-2.13084624700861,-6.311495897539085,3.687827374939584,-0.6747830423860978,0.7104858523977633,1.4484270369303913,-4.845393147309922,-7.0,3.0,2.605180136529846,1.997207436876124,0.5483525656505781,7.0,-1.2564040856409577,2.804066310641789,-1.394921228495898
HOF ITEM
4.244747719498566
-2.4379797828068233,1.5410403239223922,-2.13084624700861,-6.406069233359875,3.687827374939584,-0.6747830423860978,0.7104858523977633,1.4484270369303913,-4.845393147309922,-7.0,3.0,2.6230671194707385,1.997207436876124,0.5483525656505781,7.0,-1.2564040856409577,2.804066310641789,-1.394921228495898
HOF ITEM
4.244751186752988
-2.4379797828068233,1.5410403239223922,-2.13084624700861,-6.406069233359875,3.687827374939584,-0.6747830423860978,0.7104858523977633,1.4484270369303913,-4.845393147309922,-7.0,3.0,2.605180136529846,1.997207436876124,0.5483525656505781,7.0,-1.2564040856409577,2.804066310641789,-1.394921228495898
HOF ITEM
4.244797944562892
-2.4379797828068233,1.5410403239223922,-2.13084624700861,-6.311495897539085,3.687827374939584,-0.6747830423860978,0.7104858523977633,1.4484270369303913,-4.845393147309922,-7.0,3.0,2.248207495761242,1.997207436876124,0.5483525656505781,7.0,-1.2564040856409577,2.804066310641789,-1.394921228495898
seed 136
Initial fitness values: [np.float64(6.018861611472149), np.float64(6.018861611472149), np.float64(5.397102957371182), np.float64(5.397102957371182), np.float64(5.377115056215507), np.float64(5.205409454206682), np.float64(5.205409454206682), np.float64(5.159089895870835), np.float64(5.133191402075751), np.float64(5.096461629519018)]
Final fitness values: [np.float64(4.115612250553662), np.float64(4.10356976295409), np.float64(4.09236167739321), np.float64(4.0612302484665435), np.float64(4.0612302484665435), np.float64(4.060398173278098), np.float64(4.050936123390603), np.float64(4.033342617535313), np.float64(4.006259867850224), np.float64(3.9986494611174024)]
HOF ITEM
3.9986494611174024
-5.052065298349468,1.5692738148834997,-1.7936872635083878,0.3478767901768201,3.2561926450766503,3.8021353111468246,-3.7799232382151735,2.2193218248901996,-0.4324824218251588,-6.121050616565785,1.849453320264205,-1.4941090658608185,-5.796755405488844,0.0,-2.252215538445482,-0.14587638168664113,1.1218860904249004,6.763931421743514
HOF ITEM
4.006259867850224
-5.067933812479509,1.5692738148834997,-1.7936872635083878,0.4003476248500909,3.2561926450766503,4.343497422298943,-3.7799232382151735,2.2193218248901996,-0.4491800581460058,-6.121050616565785,1.849453320264205,-1.4941090658608185,-5.796755405488844,0.0,-2.252215538445482,-0.14587638168664113,1.1218860904249004,6.456991359623482
HOF ITEM
4.032556157924582
-5.052065298349468,1.5692738148834997,-2.469530398685728,0.20091989744852204,3.2561926450766503,4.08580384456313,-3.7799232382151735,2.2193218248901996,-0.4324824218251588,-6.121050616565785,1.849453320264205,-1.4941090658608185,-5.4064685480492205,0.0,-3.10453991497781,-0.41302043459334864,1.1644251521967763,6.763931421743514
HOF ITEM
4.032562488800446
-5.052065298349468,1.5692738148834997,-2.469530398685728,0.1739456464754476,3.2561926450766503,3.8502372583642277,-3.7799232382151735,2.2193218248901996,-0.4324824218251588,-6.121050616565785,1.849453320264205,-1.4941090658608185,-5.4064685480492205,0.0,-3.123194318105985,-0.41302043459334864,1.0592370437215322,6.414467852334948
HOF ITEM
4.03331240547856
-5.052065298349468,1.5692738148834997,-2.469530398685728,0.20091989744852204,3.2561926450766503,3.6466594881038557,-3.7799232382151735,2.2193218248901996,-0.4324824218251588,-6.121050616565785,1.849453320264205,-1.4941090658608185,-5.4064685480492205,0.0,-3.10453991497781,-0.1390677654782021,1.1218860904249004,6.763931421743514
seed 137
Initial fitness values: [np.float64(5.787657442750288), np.float64(5.233362454436658), np.float64(5.233362454436658), np.float64(4.956655212001644), np.float64(4.802720894009074), np.float64(4.794064756163636), np.float64(4.68623143129863), np.float64(4.567235492802409), np.float64(4.425546899290904), np.float64(4.412446861472233)]
Final fitness values: [np.float64(4.2202805210077585), np.float64(4.220278475616707), np.float64(4.215843045837884), np.float64(4.214180809159946), np.float64(4.214180809159946), np.float64(4.213035254623535), np.float64(4.156917949536357), np.float64(4.139513457515516), np.float64(4.131880561921914), np.float64(4.131880561921914)]
HOF ITEM
4.131880561921914
-4.536131875395636,1.385859536443715,1.082384859313996,-1.819771699033728,-6.146488706961879,-4.345438936592902,-5.018127609346672,2.1586889629027013,1.193965876705055,-3.231412945046465,2.302188617818284,3.8210943612796555,6.578022069248297,0.770917958698181,6.875198498717687,-1.595845671983064,2.1794738469639547,-0.31759595030670595
HOF ITEM
4.131896006552274
-4.536131875395636,1.385859536443715,1.082384859313996,-1.819771699033728,-6.146488706961879,-4.345438936592902,-4.796524811377379,2.1586889629027013,1.193965876705055,-3.231412945046465,2.302188617818284,3.8210943612796555,6.578022069248297,0.770917958698181,6.875198498717687,-1.595845671983064,2.1794738469639547,-0.31759595030670595
HOF ITEM
4.139421782749093
-4.536131875395636,1.385859536443715,1.082384859313996,-1.825300939568896,-6.146488706961879,-4.345438936592902,-4.796524811377379,2.1586889629027013,1.193965876705055,-3.231412945046465,2.302188617818284,3.8210943612796555,6.578022069248297,0.770917958698181,6.553483764026303,-1.595845671983064,1.7391673403998569,-0.34178451897240303
HOF ITEM
4.139513457515516
-4.536131875395636,1.385859536443715,1.082384859313996,-1.825300939568896,-6.146488706961879,-4.345438936592902,-4.796524811377379,2.1586889629027013,1.193965876705055,-3.231412945046465,2.302188617818284,3.8210943612796555,6.578022069248297,0.770917958698181,6.875198498717687,-1.595845671983064,2.1794738469639547,-0.31759595030670595
HOF ITEM
4.149454946721139
-4.536131875395636,1.385859536443715,1.082384859313996,-1.819771699033728,-5.775007484727988,-4.061291655484833,-5.018127609346672,2.1586889629027013,1.193965876705055,-3.231412945046465,2.302188617818284,3.8210943612796555,6.578022069248297,0.770917958698181,6.875198498717687,-1.595845671983064,2.1794738469639547,-0.31759595030670595
seed 138
Initial fitness values: [np.float64(5.192483109213052), np.float64(5.192483109213052), np.float64(5.139929293659182), np.float64(5.103524635609176), np.float64(5.071689227162523), np.float64(5.071689227162523), np.float64(5.056694010228162), np.float64(5.056694010228162), np.float64(5.056694010228162), np.float64(5.04912054471934)]
Final fitness values: [np.float64(4.707485308168481), np.float64(4.692656597558193), np.float64(4.678070906325484), np.float64(4.678070906325484), np.float64(4.666059092813621), np.float64(4.666059092813621), np.float64(4.66088488852693), np.float64(4.660884877745307), np.float64(4.66088487774452), np.float64(4.66088487774452)]
HOF ITEM
4.66088487774452
5.866543973277047,-1.007800785589651,-4.966181967269899,-5.31279731397115,0.699988461197083,-5.328503966056971,1.5986863596549359,0.8119627683496944,-4.526747311147277,-3.3403875165976986,2.501560232469824,5.820990077534716,5.430159671841504,1.5923478635732689,-5.893721440128191,4.171293747616695,0.15897116152256427,5.287160481420708
HOF ITEM
4.660884877745307
5.866543973277047,-1.007800785589651,-4.966181967269899,-5.31279731397115,0.699988461197083,-5.328503966056971,1.5986863596549359,0.8119627683496944,-4.526747311147277,-3.3403875165976986,2.501560232469824,5.820990077534716,5.430159671841504,1.5923478635732689,-6.096605272723551,4.171293747616695,0.15897116152256427,5.287160481420708
HOF ITEM
4.66088488852693
5.866543973277047,-1.007800785589651,-4.966181967269899,-5.31279731397115,0.699988461197083,-5.328503966056971,1.5986863596549359,0.8119627683496944,-4.526747311147277,-3.3403875165976986,2.501560232469824,5.820990077534716,5.008833551144568,1.5923478635732689,-5.893721440128191,4.171293747616695,0.15897116152256427,5.287160481420708
HOF ITEM
4.664337481654527
5.866543973277047,-1.007800785589651,-4.966181967269899,-5.31279731397115,0.699988461197083,-5.328503966056971,1.5986863596549359,0.8119627683496944,-4.526747311147277,-3.3403875165976986,2.501560232469824,5.820990077534716,5.430159671841504,1.5923478635732689,-5.893721440128191,4.150888596069018,0.15897116152256427,5.287160481420708
HOF ITEM
4.664337481655309
5.866543973277047,-1.007800785589651,-4.966181967269899,-5.31279731397115,0.699988461197083,-5.328503966056971,1.5986863596549359,0.8119627683496944,-4.526747311147277,-3.3403875165976986,2.501560232469824,5.820990077534716,5.430159671841504,1.5923478635732689,-6.096605272723551,4.150888596069018,0.15897116152256427,5.287160481420708
seed 139
Initial fitness values: [np.float64(5.865680833808668), np.float64(5.4492061809342305), np.float64(5.2734080407210495), np.float64(5.120591795496357), np.float64(5.120591795496357), np.float64(5.119917110083515), np.float64(5.10858458760249), np.float64(5.092397948375388), np.float64(5.045485635202798), np.float64(5.045485635202798)]
Final fitness values: [np.float64(4.530322819689088), np.float64(4.530321061392112), np.float64(4.530267080671946), np.float64(4.530237259765457), np.float64(4.530055374477936), np.float64(4.529993626333894), np.float64(4.529993626333894), np.float64(4.529990843223703), np.float64(4.52998629835193), np.float64(4.52996096598784)]
HOF ITEM
4.52996096598784
4.660524509291564,-1.2118968234050842,3.431524112487497,-7.0,-7.0,6.368845934908648,-3.9374761815084796,0.25030644464599167,3.9101235861846235,1.2754035162883695,3.0,-0.19592115866193166,1.2542647688094017,2.1877575976692247,-0.4621319121882517,-5.98638638524589,2.2449042239105226,3.4129889215318125
HOF ITEM
4.52998629835193
4.660524509291564,-1.2118968234050842,3.2715971878451517,-7.0,-7.0,7.0,-4.067906873717928,0.3453573340187298,3.275124031807507,1.5152602480036719,3.0,-0.6346127319083323,1.2542647688094017,2.1877575976692247,-0.4621319121882517,-6.171447759169661,2.314294235181336,3.7665279412240857
HOF ITEM
4.529987740887474
4.660524509291564,-1.2118968234050842,3.2715971878451517,-7.0,-7.0,6.336275280763307,-4.488438492648984,0.3453573340187298,3.1524734780544232,2.8700033848644466,3.0,-0.961457986712706,1.2542647688094017,2.1877575976692247,-0.4621319121882517,-6.224596782662103,1.434632369602042,3.234350838078547
HOF ITEM
4.529987834788014
4.660524509291564,-1.2118968234050842,3.457800307435951,-7.0,-6.712664193553622,6.336275280763307,-3.9374761815084796,0.3534002109298749,3.9101235861846235,1.5067752008500073,3.0,-0.6346127319083323,1.2542647688094017,2.1877575976692247,-0.4621319121882517,-6.489012116554524,1.434632369602042,3.1642770707528705
HOF ITEM
4.529988339807355
4.660524509291564,-1.2118968234050842,3.2715971878451517,-7.0,-7.0,6.245352902376739,-4.488438492648984,0.3453573340187298,3.1524734780544232,2.8700033848644466,2.242716446192997,-0.5406577392475304,1.2542647688094017,2.1877575976692247,-0.4621319121882517,-5.818033595847602,1.6250751034482978,4.002170710000387
best parameter set
fitness 3.57819744427158 seed 133
0.16402432609232212,1.2494303653540666,5.825156447730092,-2.1243691826833033,-0.8511206953380547,2.522063818724113,-0.5974900722482245,1.3450687657657667,3.6135834798919375,-3.7892623913960337,2.6077581139928396,6.870050812605846,0.7979579535811309,2.460169043391632,-0.5238660000665574,-0.5820221199160465,0.6488023316294137,2.3329404162148095
