seeds are [770 771 772 773 774 775 776 777 778 779]
seed 770
Initial fitness values: [np.float64(5.321299914569477), np.float64(4.878271187790065), np.float64(4.8725365003051815), np.float64(4.8725365003051815), np.float64(4.82725685373028), np.float64(4.7934246247837535), np.float64(4.7934246247837535), np.float64(4.750651382480516), np.float64(4.742307878665165), np.float64(4.7029227863326035)]
Final fitness values: [np.float64(4.523549054234173), np.float64(4.523542631997341), np.float64(4.523501218713263), np.float64(4.523501218713263), np.float64(4.523494894922249), np.float64(4.523467073296791), np.float64(4.523467073296791), np.float64(4.523467073296791), np.float64(4.523037377949439), np.float64(4.5227191713946535)]
HOF ITEM
4.5227191713946535
5.6556305074974045,-1.4506958776651369,4.92347670899215,-4.935144034214875,-2.338570318031841,0.8005995883201187,-2.3048532767720604,1.660749148219978,2.663881630770849,5.859438039364202,1.9006027358205555,-4.663762718733453,4.386535028642293,1.4680617873226856,6.9860790414360325,1.0102404390323338,2.210283637668093,-2.7282646323498745
HOF ITEM
4.523037377949439
5.6556305074974045,-1.4506958776651369,4.903848552885492,-4.935144034214875,-2.338570318031841,0.8005995883201187,-1.9055545743985474,1.211914890293609,2.7089951239094407,5.84005288674699,2.344582780906442,-4.574372509360624,4.386535028642293,1.4680617873226856,6.9860790414360325,1.0102404390323338,2.210283637668093,-2.7282646323498745
HOF ITEM
4.523037377949439
5.6556305074974045,-1.4506958776651369,4.903848552885492,-4.935144034214875,-2.338570318031841,0.8005995883201187,-1.9055545743985474,1.211914890293609,2.7089951239094407,5.84005288674699,2.29234805779421,-4.663762718733453,4.386535028642293,1.4680617873226856,6.9860790414360325,1.0102404390323338,2.210283637668093,-2.7282646323498745
HOF ITEM
4.523037377949439
5.6556305074974045,-1.4506958776651369,4.903848552885492,-4.935144034214875,-2.338570318031841,0.8005995883201187,-1.9055545743985474,1.211914890293609,2.7089951239094407,5.859438039364202,1.9006027358205555,-4.663762718733453,4.386535028642293,1.4680617873226856,6.9860790414360325,1.0102404390323338,2.210283637668093,-2.7282646323498745
HOF ITEM
4.523037377949439
5.6556305074974045,-1.4506958776651369,4.903848552885492,-4.935144034214875,-2.338570318031841,0.8005995883201187,-1.9055545743985474,1.211914890293609,2.7089951239094407,5.84005288674699,1.9006027358205555,-4.663762718733453,4.386535028642293,1.4680617873226856,6.9860790414360325,1.0102404390323338,2.210283637668093,-2.7282646323498745
seed 771
Initial fitness values: [np.float64(5.094978436522078), np.float64(5.094978436522078), np.float64(5.094978436522078), np.float64(4.935332784927089), np.float64(4.805910174139118), np.float64(4.5971449273224945), np.float64(4.580707617633495), np.float64(4.434655202228225), np.float64(4.434655202228225), np.float64(4.432292447653555)]
Final fitness values: [np.float64(4.283831048600778), np.float64(4.2779284716587735), np.float64(4.2779284716587735), np.float64(4.2779284716587735), np.float64(4.269656572194842), np.float64(4.269656572194842), np.float64(4.269656490624668), np.float64(4.269656490624668), np.float64(4.269656490624668), np.float64(4.269656490624668)]
HOF ITEM
4.269656490624668
-3.143559368828963,1.597489900225812,-0.07922178271733171,6.303125258927683,5.201858867570592,-4.58404668061358,-0.5669509518789116,0.0,-3.8122347747777727,1.3438118006283752,2.8463168357611615,-3.796643446784644,-1.9829614059332512,2.885556041319884,-2.605794878772657,2.6768675397620436,0.7670304524861458,-5.522314539904367
HOF ITEM
4.2696565721948305
-3.143559368828963,1.597489900225812,-0.07922178271733171,6.303125258927683,5.201858867570592,-4.58404668061358,-0.5669509518789116,0.0,-3.8122347747777727,1.0732461949392558,2.539887007604836,-3.6750265150018855,-1.9829614059332512,2.885556041319884,-2.605794878772657,2.6768675397620436,0.7969094426447912,-5.522314539904367
HOF ITEM
4.269656572194842
-3.143559368828963,1.597489900225812,-0.07922178271733171,6.303125258927683,5.201858867570592,-4.58404668061358,-0.5669509518789116,0.0,-3.8122347747777727,1.3438118006283752,2.8463168357611615,-3.796643446784644,-1.9829614059332512,2.885556041319884,-2.605794878772657,2.6768675397620436,0.7969094426447912,-5.522314539904367
HOF ITEM
4.275230484709133
-3.143559368828963,1.597489900225812,-0.07922178271733171,6.303125258927683,5.201858867570592,-4.58404668061358,-0.5864216100335946,0.0,-3.8122347747777727,1.0732461949392558,2.3408345051522703,-3.6750265150018855,-1.9829614059332512,2.885556041319884,-2.605794878772657,2.6768675397620436,0.7969094426447912,-5.522314539904367
HOF ITEM
4.27523048471495
-3.143559368828963,1.597489900225812,-0.07922178271733171,6.303125258927683,5.201858867570592,-4.58404668061358,-0.5864216100335946,0.0,-3.8122347747777727,1.3438118006283752,2.8463168357611615,-3.6750265150018855,-1.9829614059332512,2.885556041319884,-2.605794878772657,2.6768675397620436,0.7969094426447912,-5.522314539904367
seed 772
Initial fitness values: [np.float64(5.6441067839211065), np.float64(5.392833927885759), np.float64(5.249466836752088), np.float64(5.218181689502068), np.float64(5.112201544296958), np.float64(5.104315791730391), np.float64(5.099394789961545), np.float64(5.086022673801795), np.float64(5.0778508219723895), np.float64(5.075326095020191)]
Final fitness values: [np.float64(4.667156249949214), np.float64(4.667156006127617), np.float64(4.667156006127617), np.float64(4.667156006127617), np.float64(4.667088350520441), np.float64(4.667077506018787), np.float64(4.666467928606551), np.float64(4.666467928606551), np.float64(4.6664678942478), np.float64(4.66641042252389)]
HOF ITEM
4.66641042252389
4.394617553911152,-1.0068214599146648,-1.7620235744099728,6.3774085087345425,-7.0,-1.2074377465078838,6.886495873688811,0.6712553461413657,-4.825951056704759,1.8568544649073504,2.465696698235376,-7.0,1.7157295729477653,1.2996337310335129,-3.8299342694649834,-6.268218875759267,0.0,-0.43455805243851026
HOF ITEM
4.666435675327056
4.389649266526498,-1.0068214599146648,-2.2136023708044865,6.747593768321037,-7.0,-1.425361689616526,6.891310386201347,0.909014214207138,-4.925831741157626,1.8568544649073504,2.465696698235376,-7.0,1.7157295729477653,1.2996337310335129,-3.8299342694649834,-6.258010738375176,0.5400234695770089,-0.31530630956484856
HOF ITEM
4.6664522069077075
4.394617553911152,-1.0068214599146648,-1.7620235744099728,6.3774085087345425,-7.0,-0.8831739994736506,6.900974606522025,0.8450758748291551,-4.825951056704759,1.8568544649073504,2.465696698235376,-7.0,1.7157295729477653,1.2996337310335129,-3.8299342694649834,-6.268218875759267,0.0,-0.43455805243851026
HOF ITEM
4.666457002942088
4.394617553911152,-1.0068214599146648,-1.7620235744099728,6.3774085087345425,-7.0,-1.2074377465078838,7.0,0.8450758748291551,-4.825951056704759,1.8568544649073504,2.465696698235376,-7.0,1.7157295729477653,1.2996337310335129,-3.8299342694649834,-6.268218875759267,0.0,-0.43455805243851026
HOF ITEM
4.666464918659088
4.394617553911152,-1.0068214599146648,-1.7620235744099728,6.3774085087345425,-7.0,-1.425361689616526,6.891310386201347,0.909014214207138,-4.925831741157626,1.8568544649073504,2.465696698235376,-7.0,1.7157295729477653,1.2996337310335129,-3.8299342694649834,-6.375640157573922,0.0,-0.43455805243851026
seed 773
Initial fitness values: [np.float64(5.601424587696984), np.float64(5.42412561557153), np.float64(5.272402074268636), np.float64(5.136835456724202), np.float64(5.134467747618395), np.float64(5.126323178265031), np.float64(5.121421207851244), np.float64(5.10856965369835), np.float64(5.097858879433332), np.float64(5.096562178157357)]
Final fitness values: [np.float64(5.0496788188085215), np.float64(5.047879323582457), np.float64(5.047781377837251), np.float64(5.047491377240576), np.float64(5.047488767736342), np.float64(5.04655277967675), np.float64(5.046552778563487), np.float64(5.046552778563487), np.float64(5.038566801944675), np.float64(5.038566801944675)]
HOF ITEM
5.038566801944675
6.810639959805285,-1.0227002733280814,-5.894629543473378,6.937347983815142,-6.540113694459154,4.510015608202147,6.675456121819859,0.2580293608531498,-1.7419732550555727,5.67421540497824,2.3344475461030085,5.798468050257187,1.7053973874386144,1.3162383416946037,-1.778424914016978,-4.242621217817323,1.1534807508853386,-2.416443552240531
HOF ITEM
5.038774740084896
6.678422234661709,-0.9997948592129097,-5.943017666172786,6.537369539321547,-6.540113694459154,4.510015608202147,6.675456121819859,0.2580293608531498,-1.7419732550555727,5.67421540497824,2.3344475461030085,5.798468050257187,1.7053973874386144,1.3162383416946037,-1.778424914016978,-4.242621217817323,1.1599321740408959,-2.2767269036433464
HOF ITEM
5.044572216093647
6.678422234661709,-0.9997948592129097,-5.9411419235951355,6.537369539321547,-6.351429509696126,4.059295565842632,5.868994836821548,0.984472444632336,-1.744318031439478,5.763505619448265,2.0840227317198363,6.161558375305144,1.7244591118559662,1.295419194194704,-1.6929643745275311,-4.565920119458394,1.1599321740408959,-2.32020955846067
HOF ITEM
5.045294591040136
6.9284026057316295,-1.0227002733280814,-5.76136069442136,6.135564046118322,-6.696317931906347,4.518940335551501,6.44634630521914,1.057289768837744,-1.613207035833886,5.7760247309712485,2.38980096480288,5.762883762479782,1.7307429505991494,1.295419194194704,-1.9777932751822385,-3.912025061488807,1.1599321740408959,-2.773929344566065
HOF ITEM
5.0452946405675165
6.9284026057316295,-1.0227002733280814,-5.76136069442136,6.135564046118322,-6.696317931906347,4.690799785091198,6.313327869363336,1.057289768837744,-1.613207035833886,5.7760247309712485,2.38980096480288,5.762883762479782,1.7307429505991494,1.295419194194704,-1.9777932751822385,-3.912025061488807,1.1599321740408959,-2.49448373508175
seed 774
Initial fitness values: [np.float64(5.7606701737982196), np.float64(5.603511189371835), np.float64(5.527328476249083), np.float64(5.377884961929154), np.float64(5.274194961532576), np.float64(5.194993443411478), np.float64(4.9779407453486995), np.float64(4.860803528361371), np.float64(4.62405732947603), np.float64(4.601555582202501)]
Final fitness values: [np.float64(4.2520089312715195), np.float64(4.252002437961668), np.float64(4.251742164008245), np.float64(4.251399456683373), np.float64(4.251399456683373), np.float64(4.246794302315573), np.float64(4.246794302315573), np.float64(4.246147700809095), np.float64(4.246147700809095), np.float64(4.246147700809095)]
HOF ITEM
4.246147700809095
-4.913352626989858,1.5865915980235878,-2.006897686202757,2.8242045127970274,-4.213270282924274,5.372482281594131,4.024278731264183,1.6293334384994576,0.3688483223441922,-1.4952034551885347,1.239983882180402,-4.364433290198954,-3.633857301166039,2.2694540098532023,-0.4662898081109261,1.5442121405164286,2.1289003967465154,-4.557733699240412
HOF ITEM
4.246147700809095
-4.913352626989858,1.5865915980235878,-2.006897686202757,2.8242045127970274,-4.213270282924274,5.372482281594131,4.024278731264183,1.6293334384994576,0.3688483223441922,-1.4952034551885347,1.239983882180402,-4.364433290198954,-3.633857301166039,2.2694540098532023,-0.4662898081109261,1.3735292399248682,2.4496399340575814,-4.557733699240412
HOF ITEM
4.246149886574049
-4.913352626989858,1.5865915980235878,-2.0481095695887954,2.812898556939413,-4.213270282924274,5.518483144910903,3.3446090571046128,1.6293334384994576,0.3688483223441922,-1.4952034551885347,1.239983882180402,-4.364433290198954,-3.633857301166039,2.2694540098532023,-0.4662898081109261,1.3735292399248682,2.1289003967465154,-4.557733699240412
HOF ITEM
4.246176266449762
-4.913352626989858,1.5865915980235878,-2.0481095695887954,2.7009809468887442,-4.213270282924274,5.372482281594131,4.024278731264183,1.6293334384994576,0.3688483223441922,-1.4952034551885347,1.239983882180402,-4.364433290198954,-3.633857301166039,2.2694540098532023,-0.4662898081109261,1.5442121405164286,2.1289003967465154,-4.557733699240412
HOF ITEM
4.2462238025294265
-4.913352626989858,1.5865915980235878,-2.006897686202757,2.812898556939413,-4.213270282924274,5.518483144910903,3.3446090571046128,1.707474891760883,0.47281858482142414,-1.449940621864533,1.2012437830624116,-4.017420453006372,-3.633857301166039,2.2694540098532023,-0.4662898081109261,1.3735292399248682,2.4496399340575814,-4.557733699240412
seed 775
Initial fitness values: [np.float64(5.542503867212673), np.float64(5.4273000774999876), np.float64(5.0588706641554815), np.float64(4.759461732885857), np.float64(4.632880967295308), np.float64(4.555183684377499), np.float64(4.484647734777086), np.float64(4.446929392444845), np.float64(4.446929392444845), np.float64(4.412569703715866)]
Final fitness values: [np.float64(4.315570616050525), np.float64(4.315570616050525), np.float64(4.3150787203129015), np.float64(4.314758454556657), np.float64(4.314758454520347), np.float64(4.314758454516284), np.float64(4.314758454516284), np.float64(4.314733765171225), np.float64(4.309920550119383), np.float64(4.3025492915946355)]
HOF ITEM
4.3025492915946355
0.49497682444833796,0.9022677400558106,4.871779617735611,-4.136111093244381,-3.678161640256344,-1.6495771769631127,-1.055267192643303,1.7599084569441346,-0.7540617431868922,2.8970288863661335,1.45085801088837,1.8367761266631286,5.074827593290271,2.038969634312622,-6.3418446768832375,0.7930471422261984,3.0,-1.7732262753222647
HOF ITEM
4.306703000705051
0.5030183341727262,0.9022677400558106,4.871779617735611,-4.136111093244381,-3.678161640256344,-1.533059881956119,-1.055267192643303,1.7599084569441346,-1.0753696378228326,3.325232216280588,1.8358324254574736,1.9765601158669548,5.543638893459002,1.8307711951882275,-7.0,0.7930471422261984,3.0,-1.862389563740281
HOF ITEM
4.309854639989442
0.49497682444833796,0.9022677400558106,4.712312806316475,-4.136111093244381,-3.678161640256344,-1.6311294143511739,-1.055267192643303,1.7599084569441346,-0.7540617431868922,2.9962393327320473,1.5880050310130944,1.9765601158669548,5.169765033998525,2.14630931537869,-7.0,0.7930471422261984,3.0,-1.7788061914520927
HOF ITEM
4.309920550119383
0.49497682444833796,0.9022677400558106,4.712312806316475,-4.136111093244381,-3.678161640256344,-1.6311294143511739,-1.055267192643303,1.6287998379444082,-0.7540617431868922,2.7992029449305043,1.5880050310130944,1.9765601158669548,5.171074179636015,2.14630931537869,-7.0,0.7930471422261984,3.0,-1.7788061914520927
HOF ITEM
4.313252801170185
0.5030183341727262,0.9022677400558106,4.871779617735611,-4.136111093244381,-3.678161640256344,-1.5429746817271397,-1.055267192643303,1.7599084569441346,-1.0753696378228326,2.9962393327320473,1.8358324254574736,1.9765601158669548,5.53831341953701,1.8307711951882275,-7.0,0.7930471422261984,3.0,-1.862389563740281
seed 776
Initial fitness values: [np.float64(5.3515721938432295), np.float64(5.3248202707316725), np.float64(5.115304440090423), np.float64(5.112057606258425), np.float64(5.041417932413761), np.float64(5.016538810808162), np.float64(4.960178226100134), np.float64(4.884572397527785), np.float64(4.721564369052734), np.float64(4.721564369052734)]
Final fitness values: [np.float64(4.4728239651436645), np.float64(4.4728239651436645), np.float64(4.4728239651436645), np.float64(4.4728239651436645), np.float64(4.4728239651436645), np.float64(4.469697676504653), np.float64(4.469697676504653), np.float64(4.461479772565561), np.float64(4.461479772565561), np.float64(4.456695638683566)]
HOF ITEM
4.456695638683566
5.855387969941207,-1.4754935069252,2.1858764489643057,-3.011444593878993,-0.1342753900900811,4.910623790872553,3.0696446902453935,2.0272537659954137,-2.7551911761134464,-1.7865732572657882,2.3086374838895,2.0735500143404755,3.202374823111087,1.1733357048726363,-2.136586146756361,0.9271762155368883,2.4032584775030603,-4.538970867966272
HOF ITEM
4.458231737968971
5.855387969941207,-1.4754935069252,2.1858764489643057,-3.011444593878993,-0.1342753900900811,4.910623790872553,3.0696446902453935,2.0272537659954137,-2.7551911761134464,-1.7865732572657882,2.133980913450424,2.0735500143404755,3.202374823111087,1.2778162755081115,-2.150484681966303,0.9271762155368883,2.4032584775030603,-4.538970867966272
HOF ITEM
4.458827631019826
5.855387969941207,-1.4754935069252,2.1858764489643057,-3.011444593878993,-0.1342753900900811,4.910623790872553,3.0696446902453935,2.0272537659954137,-2.7551911761134464,-1.6322693181404173,2.1781278914648268,2.0735500143404755,3.202374823111087,1.1733357048726363,-2.136586146756361,0.9271762155368883,2.4032584775030603,-4.538970867966272
HOF ITEM
4.461479772565561
5.855387969941207,-1.4754935069252,2.1858764489643057,-3.011444593878993,0.13668202042289201,5.158111249985507,3.0696446902453935,2.0313743096862553,-2.8834318702507398,-1.6322693181404173,2.1781278914648268,2.0735500143404755,3.202374823111087,1.1733357048726363,-2.136586146756361,0.9271762155368883,2.4032584775030603,-4.538970867966272
HOF ITEM
4.461862947155222
5.855387969941207,-1.4754935069252,2.1858764489643057,-3.011444593878993,0.13668202042289201,5.158111249985507,3.0696446902453935,2.0272537659954137,-2.8834318702507398,-1.6322693181404173,2.133980913450424,2.0735500143404755,3.202374823111087,1.1733357048726363,-2.136586146756361,0.9271762155368883,2.4032584775030603,-4.538970867966272
seed 777
Initial fitness values: [np.float64(6.0720793732145495), np.float64(5.85461532509062), np.float64(5.601000940190758), np.float64(5.073536651776095), np.float64(5.073536651776095), np.float64(4.65896827683383), np.float64(4.589290958690041), np.float64(4.548080272479927), np.float64(4.546765209508024), np.float64(4.546765209508024)]
Final fitness values: [np.float64(4.443889897456412), np.float64(4.443889897456412), np.float64(4.443889897456412), np.float64(4.443875727553872), np.float64(4.443875727553872), np.float64(4.443875727553872), np.float64(4.443875727553872), np.float64(4.443875727553872), np.float64(4.443875727553872), np.float64(4.443875727553872)]
HOF ITEM
4.443875727553872
2.439231231617577,0.0473790396359525,-6.264022465268002,1.0582709957368306,2.1455847222776963,0.046558626462695686,3.3956840875021386,0.9254634176487666,-2.2252782470617696,5.26735441545281,2.0742879291783516,4.6301313207187675,3.2087494651840927,1.9178874455636816,3.594013310656586,0.9491607286696535,2.9333648051721304,-6.02463938083737
HOF ITEM
4.443889897456412
2.439231231617577,0.0473790396359525,-6.264022465268002,1.0582709957368306,2.1455847222776963,0.046558626462695686,3.3956840875021386,0.9254634176487666,-2.2252782470617696,5.26735441545281,2.0742879291783516,4.223731494509318,3.2087494651840927,1.9139472309829526,3.594013310656586,0.9491607286696535,2.9333648051721304,-6.02463938083737
HOF ITEM
4.443889897456412
2.439231231617577,0.0473790396359525,-6.264022465268002,1.0582709957368306,2.1455847222776963,0.046558626462695686,3.3956840875021386,0.9254634176487666,-2.2252782470617696,5.26735441545281,2.0742879291783516,4.6301313207187675,3.2087494651840927,1.9139472309829526,3.594013310656586,0.9491607286696535,2.9333648051721304,-6.02463938083737
HOF ITEM
4.444000952225732
2.439231231617577,0.0473790396359525,-6.264022465268002,1.0582709957368306,2.1455847222776963,0.046558626462695686,3.3956840875021386,0.9254634176487666,-2.3488225467398327,5.26735441545281,1.8723730491211579,4.223731494509318,3.1560475677030753,1.9178874455636816,3.594013310656586,0.9491607286696535,2.9333648051721304,-6.02463938083737
HOF ITEM
4.44400095385947
2.439231231617577,0.0473790396359525,-6.264022465268002,1.0582709957368306,2.1455847222776963,0.046558626462695686,3.3956840875021386,0.9254634176487666,-2.3488225467398327,5.26735441545281,2.0742879291783516,4.223731494509318,3.1560475677030753,1.9178874455636816,3.594013310656586,0.9491607286696535,2.9333648051721304,-6.02463938083737
seed 778
Initial fitness values: [np.float64(5.795001127536938), np.float64(5.405218998523997), np.float64(5.3121599070759435), np.float64(5.252118748471182), np.float64(5.234423392244111), np.float64(5.063107862234801), np.float64(5.057365753386818), np.float64(5.03947350562712), np.float64(5.038676385856974), np.float64(5.0285329247601585)]
Final fitness values: [np.float64(4.531714688460259), np.float64(4.531325898538563), np.float64(4.531325898538563), np.float64(4.531325898538563), np.float64(4.531325898473165), np.float64(4.531325898473165), np.float64(4.531325898473165), np.float64(4.531325898473165), np.float64(4.531325898473165), np.float64(4.530157971531999)]
HOF ITEM
4.530157971531999
4.278469855975573,-1.1065826360010669,3.414015610206415,-1.3141782499074748,-3.129930983027975,6.613952349046905,7.0,1.3218859905544178,-1.047623920988958,1.3078545064705656,2.1214263864929688,4.232606411490825,6.243051982052587,0.8104024052078626,4.959944864266868,0.8074193274798417,2.486448060415713,-5.199823113151163
HOF ITEM
4.531325898473165
4.278469855975573,-1.1065826360010669,3.414015610206415,-1.3141782499074748,-3.129930983027975,6.613952349046905,7.0,1.3218859905544178,-0.7044817075605869,1.3078545064705656,2.1214263864929688,4.232606411490825,6.394211679038847,0.8801890700930024,4.959944864266868,0.8074193274798417,2.332733500802966,-4.922150646987857
HOF ITEM
4.531325898538563
4.278469855975573,-1.1065826360010669,3.414015610206415,-1.3141782499074748,-3.129930983027975,6.613952349046905,7.0,1.3218859905544178,-0.8841270230507093,1.3078545064705656,2.1214263864929688,4.232606411490825,6.394211679038847,0.8801890700930024,4.959944864266868,0.8074193274798417,2.332733500802966,-4.922150646987857
HOF ITEM
4.531326051546069
4.278469855975573,-1.1065826360010669,3.414015610206415,-1.3141782499074748,-3.129930983027975,6.613952349046905,7.0,0.8941536283435807,-0.7044817075605869,1.3078545064705656,2.1214263864929688,4.232606411490825,6.394211679038847,0.8801890700930024,4.959944864266868,0.8074193274798417,2.332733500802966,-4.922150646987857
HOF ITEM
4.531447558925844
4.278469855975573,-1.1065826360010669,3.414015610206415,-1.3141782499074748,-3.129930983027975,6.691562658525962,6.694522942769237,1.5228074060297443,-0.5897550394356461,1.3078545064705656,2.1214263864929688,4.232606411490825,5.979734992975591,1.0284548912893166,4.972783217485229,0.8074193274798417,2.332733500802966,-4.922150646987857
seed 779
Initial fitness values: [np.float64(5.886224962037163), np.float64(5.379947447868467), np.float64(5.320331684578761), np.float64(5.173854820639985), np.float64(5.071065428863969), np.float64(4.984714717523483), np.float64(4.934621638177127), np.float64(4.934621638177127), np.float64(4.785019257014929), np.float64(4.785019257014929)]
Final fitness values: [np.float64(4.281629797012606), np.float64(4.281629797012606), np.float64(4.281629787052327), np.float64(4.281629787052327), np.float64(4.281629787052327), np.float64(4.281629787052327), np.float64(4.281119897893197), np.float64(4.281119897893197), np.float64(4.281119897893197), np.float64(4.281119897580617)]
HOF ITEM
4.281119897580617
-5.361170083505818,1.550829583364362,-0.18494161701138914,2.3485601657739243,3.1940913114377665,-5.926032642551003,3.5386313140934993,1.996944734394584,-5.725634698740328,-0.8497240834547537,2.162268181330765,3.1637336300468264,-4.76683149271397,2.111018260348228,-5.991235062591465,2.4818928991514566,2.806511539995724,-1.5729368952007823
HOF ITEM
4.281119897893197
-5.361170083505818,1.550829583364362,-0.18494161701138914,2.3485601657739243,3.1940913114377665,-5.926032642551003,3.5386313140934993,1.996944734394584,-5.725634698740328,-0.9013251910330009,2.162268181330765,3.1637336300468264,-4.76683149271397,2.111018260348228,-5.991235062591465,2.4818928991514566,2.877526817373805,-1.6500167582726664
HOF ITEM
4.281119897893197
-5.361170083505818,1.550829583364362,-0.18494161701138914,2.3485601657739243,3.1940913114377665,-5.926032642551003,3.5386313140934993,1.996944734394584,-5.725634698740328,-0.9013251910330009,2.162268181330765,3.1637336300468264,-4.76683149271397,2.111018260348228,-5.991235062591465,2.4818928991514566,2.806511539995724,-1.5729368952007823
HOF ITEM
4.281119904596685
-5.361170083505818,1.550829583364362,-0.18494161701138914,2.3485601657739243,3.1940913114377665,-5.926032642551003,3.778872945414093,1.996944734394584,-5.459897195297606,-0.8497240834547537,2.043491726941272,3.1637336300468264,-4.76683149271397,2.111018260348228,-5.991235062591465,2.4818928991514566,2.806511539995724,-1.5729368952007823
HOF ITEM
4.281119908299089
-5.361170083505818,1.550829583364362,-0.18494161701138914,2.3485601657739243,3.1940913114377665,-5.926032642551003,3.5386313140934993,1.996944734394584,-5.725634698740328,-0.9013251910330009,2.043491726941272,3.1637336300468264,-4.76683149271397,2.111018260348228,-5.991235062591465,2.4818928991514566,2.877526817373805,-1.6500167582726664
best parameter set
fitness 4.244689944134937 seed 774
-4.913241702498701,1.5848771488233666,-2.0068977423594667,2.8242045752846514,-4.213270282857232,5.37248228393756,4.024278731264183,1.6293334384994576,0.3688483223441922,-1.4952287058169909,1.2399504500908642,-4.364433384281556,-3.6339544118319043,2.269784119108504,-0.4662704863518623,1.5442121405164286,2.1289003967465154,-4.557733699240412
