seeds are [780 781 782 783 784 785 786 787 788 789]
seed 780
Initial fitness values: [np.float64(5.903023298942186), np.float64(5.42495217241362), np.float64(5.3859096479674236), np.float64(5.0315044924128305), np.float64(5.024387834125179), np.float64(4.963804578275085), np.float64(4.963804578275085), np.float64(4.833452251567729), np.float64(4.833452251567729), np.float64(4.70579979089297)]
Final fitness values: [np.float64(4.287985352616633), np.float64(4.287985352616633), np.float64(4.287985352616633), np.float64(4.287985352616633), np.float64(4.287985352616633), np.float64(4.2847432727510455), np.float64(4.2847432727510455), np.float64(4.284258776006967), np.float64(4.284258776006967), np.float64(4.284258776006967)]
HOF ITEM
4.284258776006967
-7.0,1.5542274054222396,6.563696922899794,3.5045270326680624,-0.6745473611548092,4.3382316831783605,-4.013680636131346,1.766555071969611,5.20841397699471,2.1997642950974488,0.6274619371602381,-3.0966296017100183,-2.3229214778994782,1.132919610487702,7.0,-6.435606919641427,1.7977557552215686,-4.788113462869622
HOF ITEM
4.284297575187498
-7.0,1.5542274054222396,6.563696922899794,3.5045270326680624,-0.6604329190556114,4.3519809926016135,-4.013680636131346,1.766555071969611,5.20841397699471,2.1997642950974488,0.6274619371602381,-3.0966296017100183,-2.3229214778994782,1.132919610487702,7.0,-6.435606919641427,1.7977557552215686,-4.788113462869622
HOF ITEM
4.2847432727510455
-7.0,1.5542274054222396,6.563696922899794,3.5045270326680624,-0.6745473611548092,4.3382316831783605,-4.013680636131346,1.6485731115295519,5.655071408781005,2.1997642950974488,0.5610721578610993,-3.0966296017100183,-2.2835137711487543,1.132919610487702,7.0,-6.435606919641427,1.7977557552215686,-4.788113462869622
HOF ITEM
4.2847812006427946
-7.0,1.5542274054222396,6.563696922899794,3.5045270326680624,-0.6604329190556114,4.3519809926016135,-4.013680636131346,1.6485731115295519,5.655071408781005,2.1997642950974488,0.5610721578610993,-3.0966296017100183,-2.2835137711487543,1.132919610487702,7.0,-6.435606919641427,1.7977557552215686,-4.788113462869622
HOF ITEM
4.2855404002067825
-7.0,1.5542274054222396,6.563696922899794,3.5045270326680624,-0.6745473611548092,4.3382316831783605,-4.013680636131346,1.6485731115295519,5.20841397699471,2.1997642950974488,0.5610721578610993,-3.0966296017100183,-2.2835137711487543,1.132919610487702,7.0,-6.435606919641427,1.7977557552215686,-4.788113462869622
seed 781
Initial fitness values: [np.float64(6.12345720563196), np.float64(5.91514551649727), np.float64(4.828824386939919), np.float64(4.730745371730574), np.float64(4.632869501501076), np.float64(4.604570503591223), np.float64(4.559993788807727), np.float64(4.558813605435399), np.float64(4.472964824287624), np.float64(4.4686974738566)]
Final fitness values: [np.float64(4.30495678636484), np.float64(4.30495678636484), np.float64(4.30495678636484), np.float64(4.30495678636484), np.float64(4.30495678636484), np.float64(4.30495678636484), np.float64(4.30495678636484), np.float64(4.30495678636484), np.float64(4.30495678636484), np.float64(4.30495678636484)]
HOF ITEM
4.30495678636484
0.8996778680596796,0.7236468655022137,5.291196999996884,-2.2294154217387327,-2.2090998477786727,4.183867969425934,4.3986934854387725,0.0,-3.2284943710806764,1.0152681709861533,2.977791096988976,6.967104068723626,6.48113985349913,0.2525104048136807,3.274793761446878,-1.5753830805367217,0.0,-4.670538894914983
HOF ITEM
4.305053571828907
0.8996778680596796,0.7236468655022137,5.291196999996884,-2.2294154217387327,-2.2090998477786727,4.183867969425934,4.3986934854387725,0.0,-3.3756432984227414,1.0152681709861533,2.977791096988976,6.967104068723626,6.48113985349913,0.2525104048136807,3.274793761446878,-1.5753830805367217,0.0,-4.670538894914983
HOF ITEM
4.305439433970909
0.8996778680596796,0.7236468655022137,5.291196999996884,-2.2294154217387327,-2.2090998477786727,4.183867969425934,4.3986934854387725,0.12049765862511208,-3.2284943710806764,1.0152681709861533,2.977791096988976,6.967104068723626,6.48113985349913,0.2525104048136807,3.0899628675517112,-1.4464638173384359,0.0,-4.670538894914983
HOF ITEM
4.3055182510618355
0.8996778680596796,0.7236468655022137,5.291196999996884,-2.2294154217387327,-2.2947232085799323,4.124567689303345,4.488914292209575,0.04403102005590216,-3.2284943710806764,1.0152681709861533,2.977791096988976,6.967104068723626,6.527930067370622,0.3034559563528583,3.5396928071705616,-1.4379651868949248,0.0,-4.614022003377471
HOF ITEM
4.305568033722555
0.8996778680596796,0.7236468655022137,5.291196999996884,-2.2294154217387327,-2.2090998477786727,4.183867969425934,4.560006819936933,0.0,-3.4753032994232345,1.0152681709861533,2.977791096988976,6.967104068723626,6.4853252948734355,0.2525104048136807,3.274793761446878,-1.5753830805367217,0.0,-4.9972061634051474
seed 782
Initial fitness values: [np.float64(5.458961289908032), np.float64(4.685235719114464), np.float64(4.619772943525032), np.float64(4.362008235489792), np.float64(4.362008235489792), np.float64(4.362008235489792), np.float64(4.351973206161186), np.float64(4.348897514660509), np.float64(4.348897514660509), np.float64(4.333150681578692)]
Final fitness values: [np.float64(4.260442528922493), np.float64(4.260442491670281), np.float64(4.260442362704122), np.float64(4.260442362704122), np.float64(4.260442318049296), np.float64(4.260442318049296), np.float64(4.260442318049296), np.float64(4.260442318049296), np.float64(4.2604405983489375), np.float64(4.2604405983489375)]
HOF ITEM
4.2604405983489375
-1.1629957865336351,1.3939432001105108,5.416027535241741,-4.076842014528972,4.891265085113674,-0.862631343749884,-0.4427730612560589,2.77499427020307,-5.7333293316633425,-0.8538040123373417,2.8995097204804896,-4.0130766294399285,3.016515262790649,0.6006481492952369,7.0,2.602042102091829,2.131185329928779,5.503596628803403
HOF ITEM
4.260442318049296
-1.1629957865336351,1.3939432001105108,5.416027535241741,-4.076842014528972,4.891265085113674,-0.862631343749884,-0.4427730612560589,2.77499427020307,-5.7333293316633425,-0.8538040123373417,2.8995097204804896,-4.0130766294399285,3.016515262790649,0.6006481492952369,7.0,2.602042102091829,2.131185329928779,6.185718601679356
HOF ITEM
4.260442362704122
-1.1629957865336351,1.3939432001105108,5.416027535241741,-4.076842014528972,4.891265085113674,-0.862631343749884,-0.4427730612560589,2.77499427020307,-5.7333293316633425,-0.8538040123373417,2.8995097204804896,-4.1758806827237285,3.016515262790649,0.6006481492952369,7.0,2.602042102091829,2.131185329928779,6.185718601679356
HOF ITEM
4.2604424369699085
-1.1629957865336351,1.3939432001105108,5.416027535241741,-4.418622380261439,4.891265085113674,-0.862631343749884,-0.4427730612560589,2.77499427020307,-5.7333293316633425,-0.6191367574427625,3.0,-4.0130766294399285,3.0322223497332383,0.6006481492952369,7.0,2.602042102091829,2.131185329928779,6.234432986789323
HOF ITEM
4.260442445409882
-1.1629957865336351,1.3939432001105108,5.416027535241741,-4.076842014528972,4.891265085113674,-0.862631343749884,-0.4427730612560589,2.77499427020307,-5.7333293316633425,-0.6191367574427625,3.0,-4.0130766294399285,3.0322223497332383,0.6006481492952369,7.0,2.602042102091829,2.131185329928779,6.234432986789323
seed 783
Initial fitness values: [np.float64(6.30661125037463), np.float64(5.763994297938366), np.float64(5.294586508676953), np.float64(4.875224733248148), np.float64(4.875224733248148), np.float64(4.872165594199455), np.float64(4.872165594199455), np.float64(4.839923908278015), np.float64(4.83960669850925), np.float64(4.794018215434226)]
Final fitness values: [np.float64(4.511648137013187), np.float64(4.51164812746177), np.float64(4.511648127210666), np.float64(4.5069793256082535), np.float64(4.5069793256082535), np.float64(4.5069793256082535), np.float64(4.506543286584245), np.float64(4.506543286584245), np.float64(4.503873103460626), np.float64(4.502043908549737)]
HOF ITEM
4.502043908549737
4.511264472741912,-1.1639941447210023,4.5904641320049375,-3.633562796852788,-5.190014821601869,-0.44676269978010424,3.874700145317494,0.9884937439723681,5.13920568254926,3.970680896085535,1.6425197862899585,1.5805023148466806,1.2896488901986483,2.4243100824150776,-0.42410383759578785,0.3214228532093256,1.3897983104462517,-2.02325156001375
HOF ITEM
4.503873103460626
4.511264472741912,-1.1639941447210023,4.050616328287169,-3.5336377982212346,-5.1850293155647025,-0.40385567594760974,3.874700145317494,0.3504260310556149,5.618563540599226,3.970680896085535,1.905126768469138,1.5907382666795153,1.2896488901986483,2.3366273252535783,-0.42410383759578785,0.3214228532093256,1.3897983104462517,-2.1008260497227687
HOF ITEM
4.505829310556498
4.511264472741912,-1.1639941447210023,3.820072452541489,-3.633562796852788,-5.190014821601869,-0.47474654329016946,3.874700145317494,1.1651480587977607,5.252454256904002,3.895418001737542,1.905126768469138,1.5907382666795153,1.2896488901986483,2.3366273252535783,-0.42410383759578785,0.3214228532093256,1.343394178722406,-2.0950225877307997
HOF ITEM
4.506505021006586
4.511264472741912,-1.1639941447210023,4.050616328287169,-3.59537591470691,-5.190014821601869,-0.44676269978010424,3.874700145317494,0.46056886153653864,5.252454256904002,3.970680896085535,1.905126768469138,1.5907382666795153,1.2896488901986483,2.3366273252535783,-0.42410383759578785,0.3214228532093256,1.3897983104462517,-2.1008260497227687
HOF ITEM
4.506543286584245
4.511264472741912,-1.1639941447210023,4.050616328287169,-3.59537591470691,-5.190014821601869,-0.44676269978010424,3.874700145317494,0.46056886153653864,5.423427972137137,4.096999564578288,1.83190379950928,1.5907382666795153,1.2896488901986483,2.3366273252535783,-0.42410383759578785,0.3214228532093256,1.3897983104462517,-2.1008260497227687
seed 784
Initial fitness values: [np.float64(5.92672255321045), np.float64(5.385490812366081), np.float64(5.297007734025602), np.float64(5.245173896803861), np.float64(5.075291323612029), np.float64(5.075291323612029), np.float64(5.010085539705097), np.float64(4.934532935877171), np.float64(4.934387598805131), np.float64(4.934387598805131)]
Final fitness values: [np.float64(4.324148335634343), np.float64(4.324148335634343), np.float64(4.324148335634343), np.float64(4.324148335634343), np.float64(4.3240877501674255), np.float64(4.3240877501674255), np.float64(4.3240877501674255), np.float64(4.324087750167421), np.float64(4.324087750167421), np.float64(4.324087750167421)]
HOF ITEM
4.324087750167421
-5.945927908115023,1.3559802891662616,-3.685483645888305,5.135654152706686,-1.6228523274522937,0.23347086205184528,-4.882723553010534,1.4792389265432113,-3.7640768177345594,-1.9682415571492482,2.8896964448413427,-7.0,-3.0204889655259826,1.2045282607728731,6.050736202410201,4.650038981099871,1.00821779502193,-2.6134542168919572
HOF ITEM
4.324087750167421
-5.945927908115023,1.3559802891662616,-3.685483645888305,5.135654152706686,-1.6228523274522937,0.23347086205184528,-4.882723553010534,1.4792389265432113,-3.7640768177345594,-2.2581928098264314,2.725770951772137,-7.0,-3.0204889655259826,1.2045282607728731,6.050736202410201,4.650038981099871,1.00821779502193,-2.6134542168919572
HOF ITEM
4.324087750167421
-5.945927908115023,1.3559802891662616,-3.685483645888305,5.135654152706686,-1.6228523274522937,0.23347086205184528,-4.882723553010534,1.4792389265432113,-3.7640768177345594,-1.9682415571492482,2.725770951772137,-7.0,-3.0204889655259826,1.2045282607728731,6.050736202410201,4.650038981099871,1.00821779502193,-2.6134542168919572
HOF ITEM
4.324087750167421
-5.945927908115023,1.3559802891662616,-3.685483645888305,5.135654152706686,-1.6228523274522937,0.23347086205184528,-4.882723553010534,1.4792389265432113,-3.7640768177345594,-2.2581928098264314,2.8896964448413427,-7.0,-3.0204889655259826,1.2045282607728731,6.050736202410201,4.650038981099871,1.00821779502193,-2.6134542168919572
HOF ITEM
4.3240877501674255
-5.945927908115023,1.3559802891662616,-3.685483645888305,5.135654152706686,-1.6228523274522937,0.23347086205184528,-4.882723553010534,1.4792389265432113,-3.7640768177345594,-1.9682415571492482,2.725770951772137,-7.0,-3.0204889655259826,1.2045282607728731,6.050736202410201,4.653244510418398,1.00821779502193,-2.6134542168919572
seed 785
Initial fitness values: [np.float64(5.578655160359059), np.float64(5.100299246855177), np.float64(4.8543998587442605), np.float64(4.713150925631114), np.float64(4.699450715138381), np.float64(4.612261872308742), np.float64(4.540804415775091), np.float64(4.540804415775091), np.float64(4.440613695279758), np.float64(4.440613695279758)]
Final fitness values: [np.float64(4.278536951600032), np.float64(4.278536951600032), np.float64(4.278535689239208), np.float64(4.278535689239208), np.float64(4.278535689239208), np.float64(4.278535689239208), np.float64(4.278535689239208), np.float64(4.278535689239208), np.float64(4.278535689239208), np.float64(4.278535689239208)]
HOF ITEM
4.278535689239208
-5.319935816760876,1.5551311423076402,-1.1456118568623683,3.4352848548412176,4.633734542926158,-5.382468504982236,5.564179143738987,1.4689612449569804,5.041655187533909,-4.008082959210809,2.131395577511979,4.895150120778161,3.757101561883911,2.2513373832154624,6.339080195372815,-0.017716481134988218,0.1707284430036525,-6.658084984984196
HOF ITEM
4.278535689239208
-5.319935816760876,1.5551311423076402,-1.1456118568623683,3.4352848548412176,4.633734542926158,-5.382468504982236,5.564179143738987,1.4689612449569804,5.041655187533909,-4.008082959210809,2.131395577511979,4.895150120778161,3.3900127927109844,2.2513373832154624,6.339080195372815,-0.017716481134988218,0.1707284430036525,-6.658084984984196
HOF ITEM
4.278535689239208
-5.319935816760876,1.5551311423076402,-1.1456118568623683,3.4352848548412176,4.633734542926158,-5.382468504982236,5.564179143738987,1.4689612449569804,5.252985204639753,-4.008082959210809,2.131395577511979,4.895150120778161,3.757101561883911,2.2513373832154624,6.339080195372815,-0.017716481134988218,0.1707284430036525,-6.658084984984196
HOF ITEM
4.278536951600032
-5.319935816760876,1.5551311423076402,-1.1456118568623683,3.4352848548412176,4.633734542926158,-5.382468504982236,5.4704188154310565,1.4689612449569804,5.041655187533909,-4.008082959210809,2.131395577511979,4.895150120778161,3.3900127927109844,2.2513373832154624,6.339080195372815,-0.017716481134988218,0.1707284430036525,-6.870344133597821
HOF ITEM
4.278536951600032
-5.319935816760876,1.5551311423076402,-1.1456118568623683,3.4352848548412176,4.633734542926158,-5.382468504982236,5.4704188154310565,1.4689612449569804,5.041655187533909,-4.008082959210809,2.131395577511979,4.895150120778161,3.3900127927109844,2.2513373832154624,6.660778228162848,-0.017716481134988218,0.1707284430036525,-6.870344133597821
seed 786
Initial fitness values: [np.float64(5.79820116794058), np.float64(5.79820116794058), np.float64(5.792690225150491), np.float64(5.638446508071161), np.float64(5.482029348487782), np.float64(5.482029348487782), np.float64(5.213621868850928), np.float64(5.120243140414014), np.float64(4.7271738550333255), np.float64(4.6188047268030274)]
Final fitness values: [np.float64(4.271242024406133), np.float64(4.271232405192325), np.float64(4.271230103261081), np.float64(4.27121471400136), np.float64(4.271167718198864), np.float64(4.271146773132395), np.float64(4.271146773132395), np.float64(4.270884609924773), np.float64(4.270884609924773), np.float64(4.270884609924773)]
HOF ITEM
4.270884609924773
-0.7059157873037322,1.2857579067495901,-4.35325022295903,-6.002094105736155,6.4412218398264525,1.7104932514801223,2.6337161539377414,0.5263747863292791,-2.5363619182209067,0.5800594536258512,2.2192485598230602,6.606571588087187,-5.626504411288418,3.0,3.2335705332526885,-0.024801585338581233,3.0,-5.448046711841454
HOF ITEM
4.270912923108488
-0.7059157873037322,1.2857579067495901,-4.35325022295903,-6.575398207621128,6.4412218398264525,1.7104932514801223,2.6337161539377414,0.5263747863292791,-2.5363619182209067,0.5800594536258512,2.2192485598230602,6.585418058531026,-5.3852333212142165,3.0,3.053846097668682,-0.024801585338581233,3.0,-5.448046711841454
HOF ITEM
4.270937097869799
-0.7059157873037322,1.2857579067495901,-4.35325022295903,-6.575398207621128,6.789568701229104,1.7104932514801223,2.6337161539377414,0.5263747863292791,-2.5363619182209067,0.5800594536258512,2.2192485598230602,6.606571588087187,-5.626504411288418,3.0,3.2335705332526885,-0.024801585338581233,3.0,-5.448046711841454
HOF ITEM
4.271046204180803
-0.7059157873037322,1.2857579067495901,-4.35325022295903,-6.002094105736155,6.4412218398264525,1.7104932514801223,2.6337161539377414,0.5263747863292791,-2.8534994422228888,0.5800594536258512,2.067764898555091,7.0,-5.3852333212142165,3.0,3.053846097668682,-0.024801585338581233,3.0,-5.448046711841454
HOF ITEM
4.271086473244767
-0.7059157873037322,1.2857579067495901,-4.35325022295903,-6.002094105736155,6.4412218398264525,1.7104932514801223,2.6337161539377414,0.5263747863292791,-2.8534994422228888,0.5800594536258512,2.067764898555091,6.585418058531026,-5.3852333212142165,3.0,3.053846097668682,-0.024801585338581233,3.0,-5.448046711841454
seed 787
Initial fitness values: [np.float64(6.205773059283191), np.float64(5.347061241382759), np.float64(5.291207584413813), np.float64(5.135455191078081), np.float64(5.109502018181176), np.float64(5.109502018181176), np.float64(5.100106872304196), np.float64(5.092917902020789), np.float64(5.088531960950587), np.float64(5.074665546296654)]
Final fitness values: [np.float64(4.523998226468171), np.float64(4.523449066069304), np.float64(4.523449066069304), np.float64(4.523443277074808), np.float64(4.522129013642122), np.float64(4.522129013642122), np.float64(4.522127517833052), np.float64(4.522119665050598), np.float64(4.522119665050598), np.float64(4.522119665050598)]
HOF ITEM
4.522119665050598
3.0068238937162755,-0.6500800677887881,3.796273096668227,-1.244138720430022,3.4123230277552214,-1.9154652983039813,2.516775314204335,1.9858899753915769,6.596161648233516,-1.394291975010535,2.0836165299046066,-6.786682413917916,0.7551563326748626,2.2078479390653096,-4.83063756952813,3.9851350034377826,2.230787592204842,-1.2411042390747287
HOF ITEM
4.522127328812818
3.0068238937162755,-0.6500800677887881,3.740340647227405,-1.244138720430022,3.4123230277552214,-1.9154652983039813,2.516775314204335,1.9858899753915769,6.21827828778127,-1.1844371766753021,2.3064749973585665,-6.690488259667539,0.7551563326748626,2.2078479390653096,-4.83063756952813,3.9851350034377826,2.3978414127244077,-1.1487305964688348
HOF ITEM
4.522127517833052
3.0068238937162755,-0.6500800677887881,3.740340647227405,-1.244138720430022,3.4123230277552214,-1.9154652983039813,2.516775314204335,1.9858899753915769,6.21827828778127,-1.1844371766753021,2.0836165299046066,-6.690488259667539,0.7551563326748626,2.2078479390653096,-4.83063756952813,3.9851350034377826,2.3978414127244077,-1.1487305964688348
HOF ITEM
4.522128862643199
3.0068238937162755,-0.6500800677887881,3.740340647227405,-1.244138720430022,3.4123230277552214,-1.9154652983039813,2.516775314204335,1.9858899753915769,6.21827828778127,-1.2352499142702293,2.0836165299046066,-6.690488259667539,0.7551563326748626,2.2078479390653096,-4.83063756952813,3.9851350034377826,2.3978414127244077,-1.1487305964688348
HOF ITEM
4.522129013642122
3.0068238937162755,-0.6500800677887881,3.740340647227405,-1.244138720430022,3.4123230277552214,-1.9154652983039813,2.516775314204335,1.9858899753915769,6.21827828778127,-1.1844371766753021,2.3064749973585665,-6.303849938229525,0.7551563326748626,2.2078479390653096,-4.83063756952813,3.9851350034377826,2.230787592204842,-1.2411042390747287
seed 788
Initial fitness values: [np.float64(5.7185730924178255), np.float64(5.629987693480469), np.float64(5.513387810000196), np.float64(5.1530049947504155), np.float64(4.912384371945184), np.float64(4.595412639623323), np.float64(4.595412639623323), np.float64(4.535893510195956), np.float64(4.435598114469639), np.float64(4.391269741115584)]
Final fitness values: [np.float64(4.246048914627563), np.float64(4.246048914627563), np.float64(4.246048914627563), np.float64(4.246048914627563), np.float64(4.246048914627563), np.float64(4.246048914627563), np.float64(4.246040018948779), np.float64(4.246040018948779), np.float64(4.246040018948777), np.float64(4.246040018948777)]
HOF ITEM
4.246040018948777
-2.5664623628678016,1.5547705741941997,3.7987461095824138,0.06574899177960758,-3.2282982348519424,-0.1632988740345898,0.27324128949166093,0.9850307212062239,-4.178873367688071,-1.292009485949528,2.8577628568038396,3.2348096826107606,5.1212870702741515,3.0,-2.2122556299803557,3.702141764839721,1.9488091025678538,4.1537242021005
HOF ITEM
4.246040018948779
-2.5664623628678016,1.5547705741941997,3.7987461095824138,0.06574899177960758,-3.2282982348519424,-0.1632988740345898,0.27324128949166093,0.9850307212062239,-4.178873367688071,-1.292009485949528,2.8577628568038396,3.2348096826107606,5.3373667456590175,3.0,-2.2122556299803557,3.702141764839721,1.9488091025678538,4.123059639342021
HOF ITEM
4.246040018948779
-2.5664623628678016,1.5547705741941997,3.7987461095824138,0.06574899177960758,-3.2282982348519424,-0.1632988740345898,0.27324128949166093,0.9850307212062239,-4.178873367688071,-1.292009485949528,2.8577628568038396,3.2348096826107606,5.1212870702741515,3.0,-2.2122556299803557,3.702141764839721,1.9488091025678538,4.123059639342021
HOF ITEM
4.246040018948781
-2.5664623628678016,1.5547705741941997,3.7987461095824138,0.06574899177960758,-3.2282982348519424,-0.1632988740345898,0.27324128949166093,0.9850307212062239,-4.178873367688071,-1.292009485949528,2.8577628568038396,3.2348096826107606,5.1212870702741515,3.0,-2.2122556299803557,3.708638802627381,1.9488091025678538,4.1537242021005
HOF ITEM
4.246040018948781
-2.5664623628678016,1.5547705741941997,3.7987461095824138,0.06574899177960758,-3.2282982348519424,-0.1632988740345898,0.27324128949166093,0.9850307212062239,-4.178873367688071,-1.292009485949528,2.8577628568038396,3.2348096826107606,5.3373667456590175,3.0,-2.2122556299803557,3.708638802627381,1.9488091025678538,4.1537242021005
seed 789
Initial fitness values: [np.float64(5.673146676004753), np.float64(5.25524882657794), np.float64(5.25524882657794), np.float64(5.001051936359559), np.float64(4.828605010508738), np.float64(4.713397877275051), np.float64(4.707803506297983), np.float64(4.66565630233675), np.float64(4.589270823064209), np.float64(4.529391671174127)]
Final fitness values: [np.float64(3.4924517589111947), np.float64(3.4924517589111947), np.float64(3.4924517589111947), np.float64(3.4924517589111947), np.float64(3.4924517589111947), np.float64(3.4924517589111947), np.float64(3.4924517589111947), np.float64(3.4924517589111947), np.float64(3.4924517589111947), np.float64(3.4924517589111947)]
HOF ITEM
3.4924517589111947
-0.4917671552587511,1.1022542948837317,-1.9750371325877563,0.19266088731452577,5.907957540019275,-2.8086717742817884,5.716546165974682,0.0,0.8266740384203205,-5.259482350134908,1.1459637148051736,5.656770343334607,-2.019651097075708,2.4637560822421554,4.6490298436978446,0.3214932182314235,2.5263616388140306,-0.6006662900845946
HOF ITEM
3.4925129940625377
-0.4917671552587511,1.1022542948837317,-1.9750371325877563,0.19266088731452577,5.907957540019275,-2.8086717742817884,5.752362669890331,0.0,0.8266740384203205,-5.259482350134908,1.1459637148051736,5.656770343334607,-2.019651097075708,2.4637560822421554,4.6490298436978446,0.3214932182314235,2.5263616388140306,-0.6006662900845946
HOF ITEM
3.4926850388145585
-0.4917671552587511,1.1022542948837317,-1.9750371325877563,0.19266088731452577,5.907957540019275,-2.8086717742817884,5.716546165974682,0.0,0.8266740384203205,-5.15561712283115,1.1459637148051736,5.656770343334607,-2.019651097075708,2.4637560822421554,4.6490298436978446,0.3214932182314235,2.5263616388140306,-0.6006662900845946
HOF ITEM
3.4949065457330426
-0.4917671552587511,1.1022542948837317,-1.9750371325877563,0.19266088731452577,5.907957540019275,-2.8086717742817884,5.716546165974682,0.0,0.8266740384203205,-5.259482350134908,1.1459637148051736,5.656770343334607,-2.0210613455752413,2.4637560822421554,4.6490298436978446,0.3214932182314235,2.5263616388140306,-0.6006662900845946
HOF ITEM
3.494967802100474
-0.4917671552587511,1.1022542948837317,-1.9750371325877563,0.19266088731452577,5.907957540019275,-2.8086717742817884,5.752362669890331,0.0,0.8266740384203205,-5.259482350134908,1.1459637148051736,5.656770343334607,-2.0210613455752413,2.4637560822421554,4.6490298436978446,0.3214932182314235,2.5263616388140306,-0.6006662900845946
best parameter set
fitness 3.4730644696025816 seed 789
-0.4921342521026209,1.1041136884580383,-1.979780967654139,0.19990759138398073,5.9002518909669135,-2.8054018618891874,5.752099593633486,5.160812860746103e-07,0.8272347717097283,-5.259908269220607,1.1458717846080444,5.664154808921729,-2.0195260932717853,2.463869627073054,4.648564239094736,0.3230917828660949,2.5302388515383685,-0.6030819269528147
