seeds are [320 321 322 323 324 325 326 327 328 329]
seed 320
Initial fitness values: [np.float64(3.2443074055681977), np.float64(3.1253374842269777), np.float64(3.0270547566110486), np.float64(2.912204258504647), np.float64(2.8998124523938866), np.float64(2.8669292636885295), np.float64(2.8669292636885295), np.float64(2.8641009424589714), np.float64(2.8641009424589714), np.float64(2.8641009424589714)]
Final fitness values: [np.float64(2.3817422055747093), np.float64(2.3817422055747093), np.float64(2.381742188377989), np.float64(2.3817392441281235), np.float64(2.3817392441281235), np.float64(2.3817392182226182), np.float64(2.3817392182226182), np.float64(2.3817241320188423), np.float64(2.3816007673164528), np.float64(2.3816007673164528)]
HOF ITEM
2.3816007673164528
-0.8953589485493716,1.3393935752121682,-2.9000541594291667,-5.096230560946656,4.506855411422442,-6.683604624853478,-0.09707920658541154,2.7542726843194183,-3.284893403678774,7.0,2.8532155181348267,3.028457548449034,4.310235831486087,0.0,-3.466176802300499,2.590738760095141,1.4152804035581639,-3.824646081159775
HOF ITEM
2.3816056858303325
-0.8953589485493716,1.3393935752121682,-2.9000541594291667,-5.248073398308261,4.506855411422442,-6.683604624853478,-0.09707920658541154,2.7542726843194183,-3.284893403678774,6.909632047587114,2.8532155181348267,3.028457548449034,4.19160800177956,0.0,-3.466176802300499,2.590738760095141,1.4152804035581639,-3.824646081159775
HOF ITEM
2.3817241320188423
-0.8953589485493716,1.3393935752121682,-2.9000541594291667,-4.851481923615842,4.506855411422442,-6.683604624853478,-0.09707920658541154,2.7542726843194183,-3.284893403678774,6.909632047587114,2.8532155181348267,3.028457548449034,4.160799790795406,0.0,-4.1343026338747855,2.590738760095141,2.0131160055430892,-3.824646081159775
HOF ITEM
2.3817241320188423
-0.8953589485493716,1.3393935752121682,-2.9000541594291667,-4.851481923615842,4.506855411422442,-6.683604624853478,-0.09707920658541154,2.7542726843194183,-3.284893403678774,6.909632047587114,2.5192673549311864,3.028457548449034,4.160799790795406,0.0,-4.1343026338747855,2.590738760095141,2.0131160055430892,-3.824646081159775
HOF ITEM
2.381724171139564
-0.8953589485493716,1.3393935752121682,-2.9000541594291667,-4.851481923615842,4.506855411422442,-6.683604624853478,-0.09707920658541154,2.7542726843194183,-3.284893403678774,6.909632047587114,2.8532155181348267,3.028457548449034,4.19160800177956,0.0,-4.1343026338747855,2.590738760095141,2.0131160055430892,-3.824646081159775
seed 321
Initial fitness values: [np.float64(3.5359326503920547), np.float64(3.5001041335736365), np.float64(3.2737060961246174), np.float64(3.107066152816282), np.float64(2.9904140996701467), np.float64(2.9675303982435888), np.float64(2.9515365346068583), np.float64(2.911731478303534), np.float64(2.8288492886974517), np.float64(2.8644880031326356)]
Final fitness values: [np.float64(2.376411718998657), np.float64(2.376408707112983), np.float64(2.3763325038284373), np.float64(2.3710723151034703), np.float64(2.370973746892239), np.float64(2.370973746892239), np.float64(2.370928116758111), np.float64(2.3709276488023265), np.float64(2.370602113766598), np.float64(2.370602113766598)]
HOF ITEM
2.370602113766598
-3.1439263525687045,1.5610051058224568,0.24289194379552034,-7.0,-2.444906168105744,5.872531354401489,-1.9758878921104341,2.780252835021331,-2.292249802603607,3.0679467582925577,3.0,-3.2288549730705967,0.47457241980543463,2.12778190233841,-1.5425567609010034,-5.314006474703359,2.688867672800376,-1.7457054973243982
HOF ITEM
2.3706107850131213
-3.1439263525687045,1.5610051058224568,0.24289194379552034,-6.986111879501354,-2.444906168105744,5.872531354401489,-1.9758878921104341,2.780252835021331,-2.292249802603607,2.8521249910706414,3.0,-3.789967973419043,-0.6293333362774526,2.5043418761243554,-1.208489150958317,-5.185145873104231,2.944168839884488,-1.9067528496636688
HOF ITEM
2.370744550615865
-3.1439263525687045,1.5610051058224568,0.24289194379552034,-7.0,-2.444906168105744,5.872531354401489,-1.9758878921104341,2.780252835021331,-2.292249802603607,2.7535085141099076,3.0,-3.0591230388264976,-0.46591204612671144,2.287453063109192,-1.208489150958317,-5.688690938107707,3.0,-2.044980125514874
HOF ITEM
2.370895037129597
-3.1439263525687045,1.5610051058224568,0.24289194379552034,-7.0,-2.444906168105744,5.872531354401489,-1.9758878921104341,2.780252835021331,-2.292249802603607,2.7535085141099076,3.0,-3.0591230388264976,-0.6293333362774526,2.287453063109192,-1.208489150958317,-5.688690938107707,3.0,-2.012791374189556
HOF ITEM
2.370895037129597
-3.1439263525687045,1.5610051058224568,0.24289194379552034,-7.0,-2.444906168105744,5.872531354401489,-1.9758878921104341,2.780252835021331,-2.292249802603607,2.7535085141099076,3.0,-3.789967973419043,-0.6293333362774526,2.287453063109192,-1.208489150958317,-5.688690938107707,3.0,-2.012791374189556
seed 322
Initial fitness values: [np.float64(3.426955530566624), np.float64(2.84330521780827), np.float64(2.633846231380407), np.float64(2.6328642579647914), np.float64(2.4322360642135803), np.float64(2.4322360642135803), np.float64(2.4321773063807575), np.float64(2.410545774228977), np.float64(2.4086002414393057), np.float64(2.4032422160219165)]
Final fitness values: [np.float64(2.389865936501666), np.float64(2.3898139000852163), np.float64(2.3898139000852163), np.float64(2.3898139000852163), np.float64(2.3898139000852163), np.float64(2.3898139000852163), np.float64(2.3898139000852163), np.float64(2.3898139000852163), np.float64(2.3898139000852163), np.float64(2.3898139000852163)]
HOF ITEM
2.3898139000852163
-6.655645582146156,1.5619753872676003,-0.6546721439749315,0.474805166328002,2.7736197112696495,6.1423140849605815,3.4380073689624835,0.0,-1.2646256412713357,6.014004489693637,0.8460670682968191,0.000268451019322935,4.830924496733815,2.895697425769998,2.9431172867846302,-6.339380376590298,1.8488317253583961,-6.4772712164911495
HOF ITEM
2.3898139000852163
-6.655645582146156,1.5619753872676003,-0.6546721439749315,0.474805166328002,2.7736197112696495,6.1423140849605815,3.4380073689624835,0.0,-1.2646256412713357,6.014004489693637,0.8460670682968191,0.000268451019322935,5.140323702936413,2.895697425769998,3.1726090486393357,-6.339380376590298,1.8488317253583961,-6.4772712164911495
HOF ITEM
2.3898139000852168
-6.655645582146156,1.5619753872676003,-0.6546721439749315,0.474805166328002,2.7736197112696495,6.1423140849605815,3.4380073689624835,0.0,-1.2646256412713357,5.673148782256815,0.8460670682968191,-0.02648643410920344,4.830924496733815,2.895697425769998,3.1726090486393357,-6.339380376590298,1.8488317253583961,-6.4772712164911495
HOF ITEM
2.389813900085217
-6.655645582146156,1.5619753872676003,-0.6546721439749315,0.474805166328002,2.7736197112696495,6.1423140849605815,3.4380073689624835,0.0,-1.2646256412713357,6.014004489693637,1.2117632912589713,0.000268451019322935,5.140323702936413,2.8456447995812733,3.2679249843299547,-6.339380376590298,1.8488317253583961,-6.4772712164911495
HOF ITEM
2.3898139000852185
-6.655645582146156,1.5619753872676003,-0.6546721439749315,0.474805166328002,2.7736197112696495,6.1423140849605815,3.4380073689624835,0.0,-1.2646256412713357,6.1292898495418875,0.8460670682968191,0.21753033450766107,5.140323702936413,2.895697425769998,3.1726090486393357,-6.339380376590298,1.8488317253583961,-6.4772712164911495
seed 323
Initial fitness values: [np.float64(3.2102228063758402), np.float64(2.8993513579468053), np.float64(2.8088195995905485), np.float64(2.77897202877847), np.float64(2.7104043740970543), np.float64(2.6398881180740323), np.float64(2.6223104214262642), np.float64(2.5698194885588532), np.float64(2.5698194885588532), np.float64(2.529305188640288)]
Final fitness values: [np.float64(2.3835447469820377), np.float64(2.383309055431069), np.float64(2.383309055431069), np.float64(2.383309055431069), np.float64(2.3832830253014574), np.float64(2.3831981383458576), np.float64(2.3831981383458576), np.float64(2.3831981383458576), np.float64(2.3831981383458576), np.float64(2.3831981383458576)]
HOF ITEM
2.3831981383458576
1.2335133405521075,0.4872574705133678,6.197078402818009,0.31653905423615747,-0.30138761648997414,1.3305621504463332,2.0539059515023625,0.9781047738570423,2.2969693239537707,6.765468719733959,2.720680512487662,4.047080697804148,0.9803812976645004,2.3271991766227176,-0.6307020291881249,0.6302483236789946,2.8614105344014744,2.835981613813815
HOF ITEM
2.3831981383458576
1.2335133405521075,0.4872574705133678,6.197078402818009,0.31653905423615747,-0.30138761648997414,1.3305621504463332,2.0539059515023625,0.9781047738570423,2.2969693239537707,6.762223680902523,2.720680512487662,4.047080697804148,0.9803812976645004,2.3271991766227176,-0.6307020291881249,0.6302483236789946,2.8614105344014744,2.835981613813815
HOF ITEM
2.3831981383458576
1.2335133405521075,0.4872574705133678,6.197078402818009,0.31653905423615747,-0.30138761648997414,1.3305621504463332,2.0539059515023625,0.9781047738570423,2.2969693239537707,6.762223680902523,2.720680512487662,4.432966911799266,0.9803812976645004,2.3271991766227176,-0.6307020291881249,0.6302483236789946,2.8614105344014744,2.835981613813815
HOF ITEM
2.383247272112624
1.2335133405521075,0.4872574705133678,6.003809993683092,0.23950012684606625,-0.30138761648997414,1.3305621504463332,2.0539059515023625,1.2830487380111781,2.2969693239537707,6.762223680902523,2.720680512487662,4.432966911799266,0.9803812976645004,2.3271991766227176,-0.6307020291881249,0.6302483236789946,2.8614105344014744,2.835981613813815
HOF ITEM
2.383279342394597
1.2335133405521075,0.4872574705133678,6.197078402818009,0.31653905423615747,-0.30138761648997414,1.3305621504463332,1.9572868145896192,0.9781047738570423,1.8857356277309296,6.765468719733959,2.720680512487662,4.047080697804148,0.9803812976645004,2.3271991766227176,-0.6307020291881249,0.6302483236789946,2.8614105344014744,2.835981613813815
seed 324
Initial fitness values: [np.float64(3.6543535137522793), np.float64(2.9290436287318427), np.float64(2.9290436287318427), np.float64(2.8326860269290375), np.float64(2.779793532967746), np.float64(2.6937225455015916), np.float64(2.653568893579024), np.float64(2.643664069624935), np.float64(2.5828345101501347), np.float64(2.5527965185763994)]
Final fitness values: [np.float64(2.3536429673243804), np.float64(2.3536429673243804), np.float64(2.3536429673243804), np.float64(2.3536429673243804), np.float64(2.3536429673243804), np.float64(2.3536429673243804), np.float64(2.3536429673243804), np.float64(2.3536429673243804), np.float64(2.3536429673243804), np.float64(2.3536429673243804)]
HOF ITEM
2.3536429673243804
-4.334249736393076,1.581849232983077,-2.7947423390865573,3.2949329284930964,-5.004524202826909,-7.0,-3.0503813178220995,2.4250064861008713,-0.4558502371447849,3.7304909343815296,2.9819541173896966,-6.961525686265013,3.3664876467099027,3.0,3.3069595826462344,-2.2901925174262114,0.0,-3.654352259364284
HOF ITEM
2.3536429673243804
-4.334249736393076,1.581849232983077,-2.7947423390865573,3.2949329284930964,-5.004524202826909,-7.0,-3.0503813178220995,2.4250064861008713,-0.4558502371447849,3.7304909343815296,3.0,-7.0,3.40845554470269,3.0,3.012586223327753,-2.2901925174262114,0.0,-3.654352259364284
HOF ITEM
2.3536429673243804
-4.334249736393076,1.581849232983077,-2.7947423390865573,3.2949329284930964,-5.004524202826909,-7.0,-3.0503813178220995,2.4250064861008713,-0.4558502371447849,3.7304909343815296,2.9819541173896966,-6.604400515849846,3.5354742861056723,2.839829187424857,3.012586223327753,-2.2901925174262114,0.0,-3.654352259364284
HOF ITEM
2.3536429673243804
-4.334249736393076,1.581849232983077,-2.7947423390865573,3.2949329284930964,-5.004524202826909,-7.0,-3.0503813178220995,2.4250064861008713,-0.4558502371447849,3.7304909343815296,3.0,-6.961525686265013,3.40845554470269,3.0,3.012586223327753,-2.2901925174262114,0.0,-3.654352259364284
HOF ITEM
2.3536429673243804
-4.334249736393076,1.581849232983077,-2.7947423390865573,3.2949329284930964,-5.004524202826909,-7.0,-3.0503813178220995,2.4250064861008713,-0.4558502371447849,3.7304909343815296,2.9819541173896966,-6.961525686265013,3.40845554470269,3.0,3.012586223327753,-2.2901925174262114,0.0,-3.654352259364284
seed 325
Initial fitness values: [np.float64(3.258086427343728), np.float64(3.0514378247126115), np.float64(2.9445876599681293), np.float64(2.8238593581612195), np.float64(2.815644349083684), np.float64(2.7071320259353815), np.float64(2.6688284445662824), np.float64(2.652837426073089), np.float64(2.6299578463391327), np.float64(2.6132112686151654)]
Final fitness values: [np.float64(2.5522163231960624), np.float64(2.5508151090086133), np.float64(2.5503877485687427), np.float64(2.549802243818119), np.float64(2.547170550842315), np.float64(2.547170550842315), np.float64(2.547170550842315), np.float64(2.545610554964543), np.float64(2.5452567668321375), np.float64(2.5447504455440804)]
HOF ITEM
2.5447504455440804
5.761660279512552,-1.4651036725758877,-1.1181408476223202,0.6022788478316796,5.736307899756253,-1.4018657918001154,5.8399963439312526,0.6194698487078543,4.160092833653494,-4.791588890384299,2.5461915952734406,-4.256705418367978,-1.639022326449202,0.3255723544666699,-4.529818763870757,1.2456717211609638,2.2332426031130126,-0.6962725283308815
HOF ITEM
2.5452430188847823
5.761660279512552,-1.4651036725758877,-1.1181408476223202,0.6022788478316796,5.665291454911662,-1.4018657918001154,5.8399963439312526,0.6194698487078543,4.160092833653494,-4.791588890384299,2.6316953311401043,-4.256705418367978,-1.639022326449202,0.3255723544666699,-4.649885362710036,1.2456717211609638,2.2332426031130126,-0.6962725283308815
HOF ITEM
2.5452567668321375
5.761660279512552,-1.4651036725758877,-1.1181408476223202,0.6022788478316796,5.736307899756253,-1.4018657918001154,5.8399963439312526,0.6194698487078543,4.160092833653494,-4.791588890384299,2.6316953311401043,-4.256705418367978,-1.639022326449202,0.3255723544666699,-4.649885362710036,1.2456717211609638,2.2332426031130126,-0.6962725283308815
HOF ITEM
2.5452573611741744
5.761660279512552,-1.4651036725758877,-1.1181408476223202,0.6022788478316796,5.736307899756253,-1.4018657918001154,5.8399963439312526,0.6194698487078543,4.160092833653494,-4.791588890384299,2.6316953311401043,-4.182147078087648,-1.639022326449202,0.3255723544666699,-4.649885362710036,1.2456717211609638,2.2332426031130126,-0.6962725283308815
HOF ITEM
2.545610554964543
5.761660279512552,-1.4651036725758877,-1.1181408476223202,0.6022788478316796,5.736307899756253,-1.4018657918001154,5.8399963439312526,0.6194698487078543,4.160092833653494,-4.791588890384299,2.6316953311401043,-4.182147078087648,-1.5759434763557931,0.3255723544666699,-4.649885362710036,1.2456717211609638,2.2332426031130126,-0.6962725283308815
seed 326
Initial fitness values: [np.float64(2.804723774068769), np.float64(2.7865747441847164), np.float64(2.6489599332092633), np.float64(2.584298335543766), np.float64(2.513062258709655), np.float64(2.505508499718599), np.float64(2.499009658503783), np.float64(2.473709026192651), np.float64(2.4796804870690985), np.float64(2.465867473927828)]
Final fitness values: [np.float64(2.3435644073547954), np.float64(2.3435644073547954), np.float64(2.3435644073547954), np.float64(2.3435644073547954), np.float64(2.3435644073547954), np.float64(2.3435644073547954), np.float64(2.3420463044855255), np.float64(2.3420463044855255), np.float64(2.3420463044855255), np.float64(2.3420463044855255)]
HOF ITEM
2.3420463044855255
0.6591905147166861,0.834208812899779,-0.20029674340700748,-2.3488299996086495,5.212941686174881,4.839359872204197,0.9764109609191269,0.5832566690968841,0.32434311489548995,1.672143528210496,0.45530212391782554,-2.0420984870440098,-4.004469644792306,2.2536671788459097,-2.130902591450716,0.5361764827867961,2.5168111465947933,-4.763420915575624
HOF ITEM
2.3424934252628287
0.6591905147166861,0.834208812899779,-0.20029674340700748,-2.3488299996086495,5.212941686174881,4.839359872204197,0.9764109609191269,0.5832566690968841,0.32434311489548995,2.143586485635551,0.45530212391782554,-2.0420984870440098,-4.004469644792306,2.2536671788459097,-2.130902591450716,0.5361764827867961,2.5168111465947933,-4.763420915575624
HOF ITEM
2.3435644073547954
0.6591905147166861,0.834208812899779,-0.20029674340700748,-2.3488299996086495,5.212941686174881,4.887200136117561,0.9764109609191269,0.7443270280329599,0.32434311489548995,2.143586485635551,0.45530212391782554,-2.0420984870440098,-4.004469644792306,2.2536671788459097,-2.130902591450716,0.5361764827867961,2.5168111465947933,-4.819961474305565
HOF ITEM
2.343575128236362
0.6591905147166861,0.834208812899779,-0.20029674340700748,-2.3488299996086495,5.212941686174881,4.887200136117561,0.9764109609191269,0.7443270280329599,0.32434311489548995,2.143586485635551,0.45530212391782554,-2.0420984870440098,-4.041129395668633,2.0614193692538922,-2.130902591450716,0.5361764827867961,2.5168111465947933,-4.819961474305565
HOF ITEM
2.343578123291687
0.6591905147166861,0.834208812899779,-0.20029674340700748,-2.3488299996086495,5.212941686174881,4.887200136117561,0.9764109609191269,0.7443270280329599,0.32434311489548995,2.143586485635551,0.4113725914628212,-2.0420984870440098,-4.041129395668633,2.2536671788459097,-2.130902591450716,0.5361764827867961,2.5168111465947933,-4.819961474305565
seed 327
Initial fitness values: [np.float64(3.5863811290736534), np.float64(3.2713651243278723), np.float64(2.791514803603671), np.float64(2.553070292257084), np.float64(2.535131583526032), np.float64(2.529128526775633), np.float64(2.4631526206683594), np.float64(2.449575904717737), np.float64(2.4061784033780027), np.float64(2.4061784033780027)]
Final fitness values: [np.float64(2.3614623555481637), np.float64(2.3614623555451404), np.float64(2.3614623492990985), np.float64(2.3614623492990985), np.float64(2.3614623492990985), np.float64(2.3614623492990985), np.float64(2.3614623465011695), np.float64(2.3614623465011695), np.float64(2.361458213336488), np.float64(2.361458213336488)]
HOF ITEM
2.361458213336488
-2.161735876958603,1.5285828773512469,-1.3189613043084891,4.4545022285689075,-2.7205785131044706,5.8342908003311,5.821574164593263,1.7357340649414117,1.1888217854755772,-0.9190916388540336,2.8323477735317577,0.4538908493844839,4.6749348331582485,2.123158000588767,6.414840002292374,-4.290462535693449,0.564699533773289,6.066631038893407
HOF ITEM
2.3614595055538965
-2.161735876958603,1.5285828773512469,-1.3189613043084891,4.4545022285689075,-2.7205785131044706,5.400482858487712,5.854617730019273,1.7376128811494542,1.1888217854755772,-0.9190916388540336,2.8323477735317577,0.4538908493844839,4.6749348331582485,2.123158000588767,6.414840002292374,-4.290462535693449,0.564699533773289,6.066631038893407
HOF ITEM
2.3614595055538983
-2.161735876958603,1.5285828773512469,-1.3189613043084891,4.4545022285689075,-2.7205785131044706,5.400482858487712,6.094655713300232,1.7357340649414117,1.1888217854755772,-0.9190916388540336,2.8323477735317577,0.4538908493844839,4.6749348331582485,2.123158000588767,6.414840002292374,-4.290462535693449,0.564699533773289,6.066631038893407
HOF ITEM
2.3614603660290614
-2.161735876958603,1.5285828773512469,-1.3189613043084891,4.4545022285689075,-2.6990031566661035,5.8342908003311,5.821574164593263,1.7357340649414117,1.1888217854755772,-0.9190916388540336,2.8323477735317577,0.4538908493844839,4.126393412956944,2.0654901839793074,6.106581356518138,-4.290462535693449,0.8548753646622356,5.834830473526039
HOF ITEM
2.361462346501095
-2.161735876958603,1.5285828773512469,-1.3189613043084891,4.4545022285689075,-2.6990031566661035,5.400482858487712,6.094655713300232,1.7357340649414117,1.1888217854755772,-0.9190916388540336,2.8323477735317577,0.4538908493844839,4.6749348331582485,2.104398894122691,6.106581356518138,-4.290462535693449,0.8548753646622356,5.834830473526039
seed 328
Initial fitness values: [np.float64(3.3942480710448084), np.float64(3.1443269761332546), np.float64(2.8678173528918602), np.float64(2.860057572173238), np.float64(2.683760864865593), np.float64(2.683760864865593), np.float64(2.6529341574276124), np.float64(2.6529341574276124), np.float64(2.5705994233230522), np.float64(2.5705994233230522)]
Final fitness values: [np.float64(2.370850380940098), np.float64(2.370850380940098), np.float64(2.370850380940098), np.float64(2.370850380940098), np.float64(2.3707136531142314), np.float64(2.3707136531142314), np.float64(2.3707136531142314), np.float64(2.368539313663165), np.float64(2.368539313663165), np.float64(2.368491680464359)]
HOF ITEM
2.368491680464359
-0.9341407164281641,1.3514712759336176,3.8922875718623406,-0.3755798794339923,-6.802081191193314,-0.3576931548025133,-0.018211629848332495,2.9520377236876496,-1.1014682305212768,0.05314386419620509,2.659121925880896,2.645765135724773,3.3833135482604084,2.7739317878780745,0.0884579444453569,1.0945618483590107,0.9777557849676622,5.747767042432186
HOF ITEM
2.368539313663165
-0.9341407164281641,1.3514712759336176,3.8922875718623406,-0.3755798794339923,-6.802081191193314,-0.3576931548025133,-0.018211629848332495,2.9520377236876496,-1.1014682305212768,0.05314386419620509,2.659121925880896,2.645765135724773,3.3833135482604084,2.7739317878780745,0.0884579444453569,1.0945618483590107,0.9777557849676622,5.85402154294319
HOF ITEM
2.3706253231886896
-0.9341407164281641,1.3514712759336176,3.8922875718623406,-0.3755798794339923,-6.802081191193314,-0.3291728432664029,-0.018211629848332495,2.9520377236876496,-1.1014682305212768,0.05314386419620509,2.659121925880896,2.645765135724773,3.3833135482604084,2.643791185356327,0.0884579444453569,0.3878212652911942,0.8224685914027796,5.747767042432186
HOF ITEM
2.3706253231886896
-0.9341407164281641,1.3514712759336176,3.8922875718623406,-0.3755798794339923,-6.802081191193314,-0.3291728432664029,-0.018211629848332495,2.9520377236876496,-1.1014682305212768,0.05314386419620509,2.659121925880896,2.645765135724773,3.3833135482604084,2.7739317878780745,0.0884579444453569,0.3878212652911942,0.8224685914027796,5.747767042432186
HOF ITEM
2.3707136531142314
-0.9341407164281641,1.3514712759336176,3.8922875718623406,-0.3755798794339923,-6.802081191193314,-0.3576931548025133,-0.018211629848332495,2.9520377236876496,-1.1014682305212768,0.05314386419620509,2.659121925880896,2.645765135724773,3.3833135482604084,2.643791185356327,0.0884579444453569,0.3878212652911942,0.8224685914027796,5.747767042432186
seed 329
Initial fitness values: [np.float64(3.1552584530505046), np.float64(2.7115815033678268), np.float64(2.7115815033678268), np.float64(2.665098273828419), np.float64(2.610634420001709), np.float64(2.5638392447963154), np.float64(2.530327087765479), np.float64(2.4908481301427714), np.float64(2.4736050969508834), np.float64(2.460361250215848)]
Final fitness values: [np.float64(2.1950412849789642), np.float64(2.194628725224145), np.float64(2.194628725224145), np.float64(2.194393418779557), np.float64(2.1943386115649743), np.float64(2.1939170123497136), np.float64(2.1939170123497136), np.float64(2.1939170123497136), np.float64(2.1939170123497136), np.float64(2.1939170123497136)]
HOF ITEM
2.1939170123497136
-5.035250685248772,1.3734337421004132,6.468825260852314,6.527042800928769,-2.618038472697372,3.8689351304191613,-3.8931182145900167,2.166262567710723,-0.9542926858888319,-1.9285297646420514,0.919810041117341,-3.5840588269662175,-5.144340346888585,2.0288108915086283,0.11917478747188204,-6.44883129077049,2.3557745412327185,-1.2392695550358805
HOF ITEM
2.1939972093733693
-5.035250685248772,1.3734337421004132,6.468825260852314,6.527042800928769,-2.53882668728851,4.024525364840624,-3.8931182145900167,2.166262567710723,-0.9542926858888319,-1.9285297646420514,0.919810041117341,-3.5840588269662175,-5.144340346888585,2.0288108915086283,0.11917478747188204,-6.44883129077049,2.3557745412327185,-1.2392695550358805
HOF ITEM
2.1940729713293785
-5.035250685248772,1.3734337421004132,6.468825260852314,6.527042800928769,-2.618038472697372,4.024525364840624,-3.8931182145900167,2.166262567710723,-0.9542926858888319,-1.9285297646420514,0.919810041117341,-3.5840588269662175,-5.144340346888585,2.0288108915086283,0.11917478747188204,-6.44883129077049,2.3557745412327185,-1.2392695550358805
HOF ITEM
2.194227646936357
-5.035250685248772,1.3734337421004132,6.468825260852314,6.527042800928769,-2.9590153578828624,3.8689351304191613,-3.8931182145900167,2.166262567710723,-0.9542926858888319,-1.9285297646420514,0.919810041117341,-3.5840588269662175,-5.144340346888585,2.0288108915086283,0.11917478747188204,-6.44883129077049,2.3557745412327185,-1.2392695550358805
HOF ITEM
2.1943386115649743
-5.035250685248772,1.3734337421004132,6.468825260852314,6.527042800928769,-2.9590153578828624,4.024525364840624,-3.8931182145900167,2.166262567710723,-0.9542926858888319,-1.9285297646420514,0.919810041117341,-3.5840588269662175,-5.144340346888585,2.0288108915086283,0.11917478747188204,-6.44883129077049,2.3557745412327185,-1.2392695550358805
best parameter set
fitness 2.179136450883649 seed 329
-5.041617237395266,1.3775965271803825,6.466857689942245,6.529010135836902,-2.618020734360211,3.8689176208883915,-3.8874766890155046,2.163432351348435,-0.9617484342590099,-1.9276833471571015,0.9208331291966463,-3.584048770374454,-5.144405833198968,2.0288500266406047,0.12662286796834593,-6.44883129077049,2.3557745412327185,-1.239299979347751
