seeds are [560 561 562 563 564 565 566 567 568 569]
seed 560
Initial fitness values: [np.float64(5.920968302058958), np.float64(5.840922487735612), np.float64(5.247560819969117), np.float64(5.147569954479878), np.float64(5.093559418924495), np.float64(5.0430714244751655), np.float64(4.830868991835948), np.float64(4.830868991835948), np.float64(4.830868991835948), np.float64(4.735844487240208)]
Final fitness values: [np.float64(4.500053307677861), np.float64(4.500053307677861), np.float64(4.498408911960199), np.float64(4.498356833212727), np.float64(4.498356519596685), np.float64(4.498356519596685), np.float64(4.498356519596685), np.float64(4.498356519596685), np.float64(4.498356266995278), np.float64(4.498103352310645)]
HOF ITEM
4.498103352310645
-4.795342837118474,2.007652470753428,3.3911862305579294,6.873009165583012,-1.7939528430843126,-3.7184755481417913,-2.646108941892368,2.4724381802670385,-1.5421088289605784,-3.5408802863107267,2.987977569855516,-6.465943851115029,-3.034877594629015,0.6457586125832202,-5.101535037009295,-5.4920769461640635,2.0997656347894496,7.0
HOF ITEM
4.498356266995278
-4.795342837118474,2.007652470753428,3.3911862305579294,6.873009165583012,-1.7939528430843126,-3.7184755481417913,-2.4537413189725994,2.4724381802670385,-1.5421088289605784,-3.5408802863107267,2.942762544321507,-6.465943851115029,-3.034877594629015,0.6457586125832202,-5.12651366921542,-5.531069064585846,2.0997656347894496,7.0
HOF ITEM
4.498356266995278
-4.795342837118474,2.007652470753428,3.3911862305579294,6.873009165583012,-1.7939528430843126,-3.7184755481417913,-2.4537413189725994,2.4724381802670385,-1.5952728210000025,-3.2576519607948495,2.942762544321507,-6.465943851115029,-3.034877594629015,0.6457586125832202,-5.12651366921542,-5.531069064585846,2.0997656347894496,7.0
HOF ITEM
4.498356519596685
-4.795342837118474,2.007652470753428,3.3911862305579294,6.873009165583012,-1.7939528430843126,-3.7184755481417913,-2.4537413189725994,2.4724381802670385,-1.399974104218615,-3.5408802863107267,2.942762544321507,-6.465943851115029,-3.034877594629015,0.6457586125832202,-5.12651366921542,-5.1170002558463565,2.0997656347894496,7.0
HOF ITEM
4.498356519596685
-4.795342837118474,2.007652470753428,3.3911862305579294,6.873009165583012,-1.7939528430843126,-3.7184755481417913,-2.4537413189725994,2.4724381802670385,-1.399974104218615,-3.480806492177357,2.942762544321507,-6.465943851115029,-3.034877594629015,0.6457586125832202,-5.12651366921542,-5.1170002558463565,2.0997656347894496,7.0
seed 561
Initial fitness values: [np.float64(6.1204873496741), np.float64(5.7356186155790265), np.float64(5.261765369619837), np.float64(4.907011081578688), np.float64(4.897962701921763), np.float64(4.743702775881021), np.float64(4.743702775881021), np.float64(4.69046161815114), np.float64(4.610944876243899), np.float64(4.515795437473474)]
Final fitness values: [np.float64(4.25585485135528), np.float64(4.25585485135528), np.float64(4.25585485135528), np.float64(4.25585485135528), np.float64(4.25585485135528), np.float64(4.25585485135528), np.float64(4.25585485135528), np.float64(4.25585485135528), np.float64(4.25585485135528), np.float64(4.25585485135528)]
HOF ITEM
4.25585485135528
-3.086501289411077,1.5299028190051522,3.114572574830065,-5.588622359575987,-1.7308826159405322,1.6444400393106517,-2.138763543886741,2.549896054750968,-4.4384979047629844,-3.327584525284432,2.1205386067459537,-4.449870071301075,4.510542022999623,0.09638382611521361,3.8046947169886174,1.1152626670390384,0.17057189902709052,-4.80197631943051
HOF ITEM
4.255883687281408
-3.086501289411077,1.5299028190051522,3.114572574830065,-5.629390877650201,-1.7308826159405322,1.6444400393106517,-2.138763543886741,2.549896054750968,-4.4384979047629844,-3.327584525284432,2.1205386067459537,-4.338126767910876,4.510542022999623,0.09638382611521361,3.8046947169886174,1.1152626670390384,0.1556594941470422,-4.80197631943051
HOF ITEM
4.255922034881248
-3.086501289411077,1.5299028190051522,3.114572574830065,-5.588622359575987,-1.7308826159405322,1.6444400393106517,-2.138763543886741,2.549896054750968,-4.4384979047629844,-3.0958017655089174,2.1205386067459537,-4.449870071301075,4.510542022999623,0.09638382611521361,3.8046947169886174,1.1152626670390384,0.17057189902709052,-4.80197631943051
HOF ITEM
4.255935950814884
-3.086501289411077,1.5299028190051522,3.114572574830065,-5.588622359575987,-1.7308826159405322,1.6544827156833368,-2.138763543886741,2.549896054750968,-4.4384979047629844,-3.327584525284432,2.1205386067459537,-4.078239061344611,4.510542022999623,0.09638382611521361,3.8046947169886174,1.171385348135771,0.17057189902709052,-4.962309547128474
HOF ITEM
4.256099161660769
-3.086501289411077,1.5299028190051522,3.114572574830065,-5.588622359575987,-1.7308826159405322,1.6444400393106517,-2.138763543886741,2.549896054750968,-4.4384979047629844,-3.1639347405320497,2.26758494931514,-4.449870071301075,4.510542022999623,0.09638382611521361,3.8046947169886174,0.9649910891673121,0.17057189902709052,-4.792371784649418
seed 562
Initial fitness values: [np.float64(6.0086214581270845), np.float64(5.741381364839256), np.float64(5.256816917287374), np.float64(4.867568058407301), np.float64(4.744210550710296), np.float64(4.649508202123458), np.float64(4.548594518947919), np.float64(4.548594518947919), np.float64(4.543133028383229), np.float64(4.48365817377156)]
Final fitness values: [np.float64(4.43722548742205), np.float64(4.43722548742205), np.float64(4.43722548742205), np.float64(4.43722548742205), np.float64(4.43722548742205), np.float64(4.43722548742205), np.float64(4.43722548742205), np.float64(4.43722548742205), np.float64(4.43722548742205), np.float64(4.43722548742205)]
HOF ITEM
4.43722548742205
2.7251240727859356,-0.05675792884605159,4.747110562720304,2.3155903097142745,-5.984555685476844,4.6201136999469234,7.0,0.4828810870289665,-2.2675812288941795,3.1398044728475414,0.0,-1.9998324638280995,1.2721776321275424,3.0,-0.4534445047116858,-3.984562596200451,3.0,-6.541043543696802
HOF ITEM
4.43722548742205
2.7251240727859356,-0.05675792884605159,4.747110562720304,2.3155903097142745,-5.984555685476844,4.6201136999469234,7.0,0.4828810870289665,-2.2675812288941795,3.1398044728475414,0.0,-1.9998324638280995,1.2721776321275424,3.0,-0.4534445047116858,-3.590584090021754,2.840426006147177,-6.541043543696802
HOF ITEM
4.43722548742205
2.7251240727859356,-0.05675792884605159,4.747110562720304,2.3155903097142745,-5.984555685476844,4.6201136999469234,7.0,0.4828810870289665,-2.2675812288941795,3.1398044728475414,0.0,-1.9998324638280995,1.2721776321275424,3.0,-0.4534445047116858,-3.2284214879490656,3.0,-6.541043543696802
HOF ITEM
4.43722548742205
2.7251240727859356,-0.05675792884605159,4.747110562720304,2.3155903097142745,-5.984555685476844,4.6201136999469234,7.0,0.4828810870289665,-2.2675812288941795,3.1398044728475414,0.0,-1.9998324638280995,1.2721776321275424,3.0,-0.4534445047116858,-3.984562596200451,2.840426006147177,-6.541043543696802
HOF ITEM
4.43722548742205
2.7251240727859356,-0.05675792884605159,4.747110562720304,2.3155903097142745,-5.984555685476844,4.6201136999469234,7.0,0.4828810870289665,-2.2675812288941795,3.1398044728475414,0.0,-1.9998324638280995,1.2721776321275424,3.0,-0.4534445047116858,-3.590584090021754,3.0,-6.541043543696802
seed 563
Initial fitness values: [np.float64(5.607137428447045), np.float64(5.248885201125943), np.float64(5.1772385968148145), np.float64(5.171804243974446), np.float64(5.107545601134832), np.float64(5.073315944100161), np.float64(5.010477093628335), np.float64(4.99209981521483), np.float64(4.99209981521483), np.float64(4.922979439466305)]
Final fitness values: [np.float64(4.365501298938877), np.float64(4.365501298938877), np.float64(4.365497892118132), np.float64(4.36548898655289), np.float64(4.365487635973683), np.float64(4.365481784078465), np.float64(4.36402221897041), np.float64(4.3632960716711064), np.float64(4.363248552244034), np.float64(4.36324841369243)]
HOF ITEM
4.36324841369243
1.5316481205764303,0.4513849571739359,1.6820589052830623,5.649306088932985,-3.004312829445834,3.471703243015066,4.185515919150341,2.8749872374582814,5.322833247663851,6.390940784257649,0.14288015396430992,-2.8156198475182586,1.1457328440080339,3.0,-0.4560711209897159,-4.461227336909974,2.7915604191351577,2.444030266408267
HOF ITEM
4.363248552244034
1.5316481205764303,0.4513849571739359,1.6820589052830623,5.649306088932985,-3.004312829445834,3.471703243015066,4.185515919150341,2.8749872374582814,5.322833247663851,6.390940784257649,0.14288015396430992,-2.8156198475182586,1.1457328440080339,3.0,-0.4560711209897159,-4.418218306856152,2.7266155736124014,2.354886126273722
HOF ITEM
4.3632960716711064
1.5316481205764303,0.4513849571739359,1.6820589052830623,5.649306088932985,-3.4206245456907576,3.471703243015066,4.185515919150341,2.8910799982412514,5.18949824452089,6.390940784257649,0.14288015396430992,-3.0389100760082517,1.1457328440080339,3.0,-0.4560711209897159,-4.418218306856152,2.7266155736124014,2.444030266408267
HOF ITEM
4.3632960716711064
1.5316481205764303,0.4513849571739359,1.6820589052830623,5.649306088932985,-3.4206245456907576,3.471703243015066,4.185515919150341,2.8749872374582814,5.322833247663851,6.390940784257649,0.14288015396430992,-3.0389100760082517,1.1457328440080339,3.0,-0.4560711209897159,-4.461227336909974,2.7915604191351577,2.444030266408267
HOF ITEM
4.3632960716711064
1.5316481205764303,0.4513849571739359,1.6820589052830623,5.649306088932985,-3.4206245456907576,3.471703243015066,4.185515919150341,2.8910799982412514,5.18949824452089,6.390940784257649,0.14288015396430992,-3.0389100760082517,1.1457328440080339,3.0,-0.4560711209897159,-4.461227336909974,2.7915604191351577,2.444030266408267
seed 564
Initial fitness values: [np.float64(5.502301629052588), np.float64(5.363982483188744), np.float64(5.363982483188744), np.float64(5.137732512644801), np.float64(5.0967436319140305), np.float64(5.068417686785468), np.float64(4.904182179331583), np.float64(4.813427109722941), np.float64(4.812506008486192), np.float64(4.812506008486192)]
Final fitness values: [np.float64(4.231289937538439), np.float64(4.231289937538439), np.float64(4.231289937538439), np.float64(4.231289937538439), np.float64(4.231289937538439), np.float64(4.231289937538439), np.float64(4.230868398470022), np.float64(4.230868398470022), np.float64(4.230065959792049), np.float64(4.230065959792049)]
HOF ITEM
4.230065959792049
-5.765657144496194,1.4143877973611287,-0.6941640381237122,0.7187130835361839,-4.939541771224329,-5.274154733499107,1.2872965402434506,2.783453947724961,-0.12259907330376774,-3.8174473931081785,0.6191036991131017,-4.877287495545749,-0.2021077928507018,1.8027683895507174,-1.6916626762434608,-4.670408502928558,1.960243062463455,-1.622604090591536
HOF ITEM
4.230868398470022
-5.765657144496194,1.3886176290530705,-0.6941640381237122,0.7187130835361839,-4.939541771224329,-5.274154733499107,1.2872965402434506,2.783453947724961,-0.12259907330376774,-3.8174473931081785,0.6191036991131017,-4.877287495545749,-0.2021077928507018,1.8027683895507174,-1.6916626762434608,-4.670408502928558,1.960243062463455,-1.622604090591536
HOF ITEM
4.230868398470331
-5.765657144496194,1.3886176290530705,-0.6941640381237122,0.7187130835361839,-4.939541771224329,-5.274154733499107,1.2872965402434506,2.783453947724961,-0.12259907330376774,-3.8174473931081785,0.6191036991131017,-4.877287495545749,-0.2021077928507018,1.8027683895507174,-1.7572399101272835,-4.670408502928558,1.960243062463455,-1.622604090591536
HOF ITEM
4.230948234783028
-5.765657144496194,1.4143877973611287,-0.6941640381237122,0.7187130835361839,-4.939541771224329,-5.274154733499107,1.2872965402434506,2.783453947724961,-0.12259907330376774,-3.8174473931081785,0.6191036991131017,-5.232533413208621,-0.2021077928507018,1.8027683895507174,-1.7572399101272835,-4.670408502928558,1.960243062463455,-1.622604090591536
HOF ITEM
4.231289937472992
-5.765657144496194,1.4143877973611287,-0.7953462130524891,0.7187130835361839,-4.939541771224329,-5.363837764409621,1.3085223555050671,2.6746473302346,-0.4553942596904304,-3.8174473931081785,0.6191036991131017,-5.232533413208621,-0.2021077928507018,2.171513481641107,-1.6966792283147116,-4.670408502928558,1.960243062463455,-1.622604090591536
seed 565
Initial fitness values: [np.float64(6.045577017045239), np.float64(5.7117347651229355), np.float64(5.706489859437257), np.float64(5.445556343623188), np.float64(4.893163084764291), np.float64(4.893163084764291), np.float64(4.753928948792591), np.float64(4.753890765779391), np.float64(4.618001937379386), np.float64(4.618001937379386)]
Final fitness values: [np.float64(4.318144368106938), np.float64(4.318144368106938), np.float64(4.318144368098495), np.float64(4.318144368098495), np.float64(4.310620250976948), np.float64(4.310620250976948), np.float64(4.310620250976948), np.float64(4.310620250856447), np.float64(4.310620250856447), np.float64(4.310620250856447)]
HOF ITEM
4.310620250856447
-3.5100252107402703,1.7524399535801867,6.361375736050433,5.808568806086619,-0.6749839491596621,-0.3829041798649657,5.078792515045569,1.310218871019686,4.736163322132989,1.8641367852947663,3.0,-6.662159460601725,-2.0456865796269046,0.22782962421681946,-4.461593896716729,-2.3108355414444337,1.7540100610011127,6.294248646728795
HOF ITEM
4.310620250856447
-3.5100252107402703,1.7524399535801867,6.361375736050433,5.808568806086619,-0.6749839491596621,-0.3829041798649657,5.078792515045569,1.310218871019686,4.736163322132989,1.7837834330671967,3.0,-6.662159460601725,-2.0456865796269046,0.22782962421681946,-4.461593896716729,-2.3108355414444337,1.7540100610011127,6.294248646728795
HOF ITEM
4.310620250945046
-3.5100252107402703,1.7524399535801867,6.361375736050433,5.808568806086619,-0.6749839491596621,-0.3829041798649657,5.428938297951008,1.310218871019686,4.736163322132989,1.7837834330671967,3.0,-6.662159460601725,-2.0456865796269046,0.22782962421681946,-4.461593896716729,-2.3108355414444337,1.7540100610011127,6.294248646728795
HOF ITEM
4.31062025096671
-3.5100252107402703,1.7524399535801867,6.361375736050433,5.808568806086619,-0.6749839491596621,-0.3829041798649657,5.240619983882146,1.3941400864682705,5.0763778018103345,1.7837834330671967,3.0,-6.662159460601725,-2.0456865796269046,0.22782962421681946,-4.461593896716729,-2.3108355414444337,1.7540100610011127,6.294248646728795
HOF ITEM
4.3106202509700955
-3.5100252107402703,1.7524399535801867,6.361375736050433,5.808568806086619,-0.6749839491596621,-0.3829041798649657,5.240619983882146,1.3941400864682705,4.736163322132989,1.7837834330671967,3.0,-6.662159460601725,-2.0456865796269046,0.22782962421681946,-4.461593896716729,-2.3108355414444337,1.7540100610011127,6.294248646728795
seed 566
Initial fitness values: [np.float64(5.790127615461302), np.float64(5.7401448288979395), np.float64(5.163942916472804), np.float64(5.036457665392798), np.float64(4.535147048144209), np.float64(4.535147048144209), np.float64(4.535147048144209), np.float64(4.369963699396432), np.float64(4.369948942847188), np.float64(4.369948942847188)]
Final fitness values: [np.float64(4.227979007025569), np.float64(4.226986658843403), np.float64(4.226986658793947), np.float64(4.226986658793947), np.float64(4.226986658793947), np.float64(4.226986658793947), np.float64(4.226986658793947), np.float64(4.226986658773426), np.float64(4.226986658773426), np.float64(4.226986658773426)]
HOF ITEM
4.226986658773426
-0.805401325423431,1.009971339781393,-2.077452291321974,-3.5731944720510005,-7.0,-5.479213613888727,-0.2453719981372156,1.9928664827967009,-2.61843737197228,-0.5485032170122273,2.4361553668393445,-1.1263087364602042,4.220824349798657,2.926285709456054,-2.275001119009089,3.3316815600629606,2.1386094837568335,-1.882500478759219
HOF ITEM
4.226986658773426
-0.805401325423431,1.009971339781393,-2.077452291321974,-3.5731944720510005,-7.0,-5.479213613888727,-0.2453719981372156,1.9928664827967009,-2.61843737197228,-0.5485032170122273,2.4361553668393445,-1.1263087364602042,4.220824349798657,2.4688153579015077,-2.275001119009089,3.3316815600629606,2.1386094837568335,-1.882500478759219
HOF ITEM
4.226986658773426
-0.805401325423431,1.009971339781393,-2.077452291321974,-3.5731944720510005,-7.0,-5.479213613888727,-0.2453719981372156,1.9928664827967009,-2.61843737197228,-0.5485032170122273,2.4361553668393445,-1.1263087364602042,3.9849961400535556,2.926285709456054,-2.275001119009089,3.3316815600629606,2.1386094837568335,-1.882500478759219
HOF ITEM
4.226986658773426
-0.805401325423431,1.009971339781393,-2.077452291321974,-3.5731944720510005,-7.0,-5.479213613888727,-0.2453719981372156,1.9928664827967009,-2.61843737197228,-0.5485032170122273,2.4361553668393445,-1.1263087364602042,4.157234410063455,2.926285709456054,-2.275001119009089,3.3316815600629606,2.1386094837568335,-1.882500478759219
HOF ITEM
4.226986658793947
-0.805401325423431,1.009971339781393,-2.077452291321974,-3.5731944720510005,-7.0,-5.479213613888727,-0.2453719981372156,1.9928664827967009,-2.61843737197228,-0.5485032170122273,2.4361553668393445,-1.1263087364602042,3.9849961400535556,2.4688153579015077,-2.275001119009089,3.212881554820145,2.1386094837568335,-1.882500478759219
seed 567
Initial fitness values: [np.float64(5.881792822107582), np.float64(5.393670137929371), np.float64(5.393670137929371), np.float64(5.306867209620419), np.float64(5.20774166579278), np.float64(5.099360891474212), np.float64(5.096089499484746), np.float64(5.087379766936447), np.float64(5.087379766936447), np.float64(5.0683284113800795)]
Final fitness values: [np.float64(4.531666233167099), np.float64(4.531666233167099), np.float64(4.531666233167099), np.float64(4.531666233167099), np.float64(4.531666233167099), np.float64(4.531666233167099), np.float64(4.531666233167099), np.float64(4.531666233167099), np.float64(4.531666233167099), np.float64(4.531666233167099)]
HOF ITEM
4.531666233167099
5.585788920951829,-1.4432668456454494,0.5976311239931771,-3.1161927514153414,0.3573272658884708,-6.328371118502347,6.0746586149431,2.9012821765273813,-1.5428031196053953,3.9106375947031133,0.6221296832729608,1.9437306557351257,0.6253599860832106,2.2093776409525874,-6.120845020920001,4.025526308411262,1.3520715360168305,-3.2033637689916565
HOF ITEM
4.531666233167099
5.585788920951829,-1.4432668456454494,0.5976311239931771,-3.1161927514153414,0.3573272658884708,-6.328371118502347,6.008621770441344,2.9012821765273813,-1.5428031196053953,3.9106375947031133,0.6221296832729608,1.9437306557351257,0.6253599860832106,2.2093776409525874,-6.120845020920001,4.025526308411262,1.3520715360168305,-3.2033637689916565
HOF ITEM
4.531670955977523
5.585788920951829,-1.4432668456454494,0.5976311239931771,-3.1161927514153414,0.3573272658884708,-6.328371118502347,6.008621770441344,2.9012821765273813,-1.5428031196053953,3.9106375947031133,0.6221296832729608,1.9437306557351257,0.6253599860832106,2.2093776409525874,-6.120845020920001,4.025526308411262,1.3394409875462843,-3.2033637689916565
HOF ITEM
4.531742827572255
5.585788920951829,-1.4432668456454494,0.5976311239931771,-3.1161927514153414,0.3573272658884708,-6.328371118502347,6.008621770441344,2.9012821765273813,-1.5428031196053953,3.9106375947031133,0.6221296832729608,2.0944855351571188,0.6253599860832106,2.2093776409525874,-6.120845020920001,4.025526308411262,1.3520715360168305,-3.2033637689916565
HOF ITEM
4.531742827572255
5.585788920951829,-1.4432668456454494,0.5976311239931771,-3.1161927514153414,0.3573272658884708,-6.328371118502347,6.0746586149431,2.9012821765273813,-1.5428031196053953,3.9106375947031133,0.6221296832729608,2.0944855351571188,0.6253599860832106,2.2093776409525874,-6.120845020920001,4.025526308411262,1.3520715360168305,-3.2033637689916565
seed 568
Initial fitness values: [np.float64(6.396045584014768), np.float64(5.363697603817759), np.float64(5.363697603817759), np.float64(5.278821627582255), np.float64(5.268282838512684), np.float64(5.231717095290234), np.float64(5.199918190418655), np.float64(5.199918190418655), np.float64(5.199918190418655), np.float64(5.199877814366543)]
Final fitness values: [np.float64(5.17404532371898), np.float64(5.17404532371898), np.float64(5.174018580637766), np.float64(5.174018580637766), np.float64(5.17344393355409), np.float64(5.172956914359993), np.float64(5.172956914359993), np.float64(5.1729569135085995), np.float64(5.172926541261156), np.float64(5.1729201909355655)]
HOF ITEM
5.1729201909355655
-5.14588872762551,1.7610268557000075,-6.257813190309374,3.216128157975652,-3.062114514683758,0.006021787431164162,-2.7164294216265246,2.8749628854085527,-4.870133215545828,-1.8381933530560695,1.246065348596907,5.326986898538506,5.393023479050046,1.2731242067375044,3.873737577318694,-4.305052543673372,2.1920339342031268,-1.544095322183458
HOF ITEM
5.172926541261156
-5.14588872762551,1.7610268557000075,-6.257813190309374,3.343400384352606,-3.0001348229066545,0.006021787431164162,-2.7451542245217233,2.8749628854085527,-4.870133215545828,-1.8381933530560695,1.246065348596907,5.326986898538506,5.294815010814558,1.2731242067375044,3.873737577318694,-4.305052543673372,2.1920339342031268,-1.544095322183458
HOF ITEM
5.172948794521691
-5.14588872762551,1.7610268557000075,-6.353085256969683,3.5716635170854527,-3.0001348229066545,0.039389811268960066,-2.633880134546003,3.0,-4.870133215545828,-1.8381933530560695,1.246065348596907,5.326986898538506,5.048395475759168,1.209582923542954,3.812884594400834,-4.305052543673372,2.1920339342031268,-1.544095322183458
HOF ITEM
5.172956888613063
-5.14588872762551,1.7610268557000075,-6.257813190309374,3.216128157975652,-3.062114514683758,0.006021787431164162,-2.7164294216265246,2.8749628854085527,-4.870133215545828,-1.8381933530560695,1.246065348596907,5.326986898538506,5.294815010814558,0.7883794020006777,3.807850949043508,-3.3617354304587206,2.6192496849907854,-1.7720134007861634
HOF ITEM
5.172956906923611
-5.14588872762551,1.7610268557000075,-6.257813190309374,3.216128157975652,-3.062114514683758,0.006021787431164162,-2.7164294216265246,2.8749628854085527,-4.870133215545828,-1.8381933530560695,1.246065348596907,5.326986898538506,5.393023479050046,0.7883794020006777,3.873737577318694,-4.094496879818573,2.6192496849907854,-1.7720134007861634
seed 569
Initial fitness values: [np.float64(5.518649383206782), np.float64(5.505467418900839), np.float64(4.93747957936265), np.float64(4.853217639712686), np.float64(4.626745905743258), np.float64(4.468846955081926), np.float64(4.468846955081926), np.float64(4.421854855871747), np.float64(4.421534583425828), np.float64(4.390703042565442)]
Final fitness values: [np.float64(4.250118816542537), np.float64(4.250118816542537), np.float64(4.250114905222929), np.float64(4.250114844453698), np.float64(4.25011484445369), np.float64(4.25011484445369), np.float64(4.25011484445369), np.float64(4.25011484445369), np.float64(4.25011484445369), np.float64(4.25011484445369)]
HOF ITEM
4.25011484445369
-1.9729410310309872,1.5171094355417898,-4.472793185717119,1.6831291926042615,-5.272857231767393,-3.0206813897520948,-0.7698652729209062,3.0,-0.4339379966598792,4.692583102578826,0.5449517618570376,4.698598482639925,4.146313007347823,3.0,1.4047707305864066,6.244995081132386,1.8195892569745604,-0.8493155588736814
HOF ITEM
4.25011484445369
-1.9729410310309872,1.5171094355417898,-4.472793185717119,1.6831291926042615,-5.272857231767393,-3.0206813897520948,-0.7698652729209062,3.0,-0.4339379966598792,4.692583102578826,0.5449517618570376,4.698598482639925,4.146313007347823,3.0,1.4047707305864066,6.244995081132386,1.8195892569745604,-1.0789122608510648
HOF ITEM
4.25011484445369
-1.9729410310309872,1.5171094355417898,-4.472793185717119,1.6831291926042615,-5.272857231767393,-3.0206813897520948,-0.7698652729209062,3.0,-0.4339379966598792,4.692583102578826,0.5449517618570376,4.698598482639925,4.146313007347823,3.0,1.9126421499527777,6.244995081132386,1.8195892569745604,-0.8493155588736814
HOF ITEM
4.25011484445369
-1.9729410310309872,1.5171094355417898,-4.472793185717119,1.6831291926042615,-5.272857231767393,-3.0206813897520948,-0.7698652729209062,3.0,-0.4339379966598792,4.692583102578826,0.5449517618570376,4.698598482639925,4.657751526726015,3.0,1.9126421499527777,6.244995081132386,1.8195892569745604,-0.8493155588736814
HOF ITEM
4.25011484445369
-1.9729410310309872,1.5171094355417898,-4.472793185717119,1.6831291926042615,-5.272857231767393,-3.0206813897520948,-0.7698652729209062,3.0,-0.4339379966598792,4.692583102578826,0.5449517618570376,4.698598482639925,4.146313007347823,3.0,1.9126421499527777,6.32275848842001,1.8195892569745604,-0.8493155588736814
best parameter set
fitness 4.216585476587323 seed 564
-5.764996642768892,1.433880832923058,-0.6953102222823497,0.7226011131962743,-4.937668306477517,-5.270706071102562,1.2872965402434506,2.783453947724961,-0.12259907330376774,-3.8239285929105877,0.6266672917407604,-4.877079004135767,-0.2021077928507018,1.8028259856058644,-1.6916626762434608,-4.6630370279751014,2.0010274034383753,-1.6222268138289477
