seeds are [470 471 472 473 474 475 476 477 478 479]
seed 470
Initial fitness values: [np.float64(6.110436620980459), np.float64(5.645926674552819), np.float64(5.300468036417339), np.float64(5.283693169483328), np.float64(5.05512474554058), np.float64(5.05512474554058), np.float64(5.043508856980008), np.float64(4.993711191717361), np.float64(4.82904189417115), np.float64(4.7200507866554435)]
Final fitness values: [np.float64(4.255374471050461), np.float64(4.255374471050461), np.float64(4.255374471050457), np.float64(4.255362148157971), np.float64(4.255362148157971), np.float64(4.255362146981183), np.float64(4.255356260802948), np.float64(4.255356260802937), np.float64(4.255356260802937), np.float64(4.255356260788732)]
HOF ITEM
4.255356260788732
-5.085577346934886,1.5802226796217027,5.290743926777132,-4.37423129896425,4.625306934275982,3.3146549273196597,6.4734519692303705,1.5575051604226844,-1.5963133113323382,-5.1982273621291215,1.917710112310918,-1.729372503938379,-3.913916242771603,2.2140579571272103,-1.4082693018630172,-0.004921745503176908,2.000365437806484,-1.2714516367828956
HOF ITEM
4.255356260802937
-5.085577346934886,1.5802226796217027,5.290743926777132,-4.37423129896425,4.625306934275982,3.3146549273196597,6.4734519692303705,1.1648311387928516,-1.5963133113323382,-5.1982273621291215,1.917710112310918,-1.729372503938379,-3.913916242771603,2.2140579571272103,-1.4082693018630172,-0.1202318468433316,2.000365437806484,-1.2714516367828956
HOF ITEM
4.255356260802941
-5.085577346934886,1.5802226796217027,5.290743926777132,-4.37423129896425,4.625306934275982,3.3146549273196597,7.0,1.1648311387928516,-1.5963133113323382,-5.1982273621291215,1.917710112310918,-1.729372503938379,-3.913916242771603,2.2140579571272103,-1.4082693018630172,-0.1202318468433316,2.000365437806484,-1.2714516367828956
HOF ITEM
4.255356260802942
-5.085577346934886,1.5802226796217027,5.290743926777132,-4.37423129896425,4.625306934275982,3.3146549273196597,6.2293956792965055,1.1648311387928516,-2.011373840924405,-5.1982273621291215,1.917710112310918,-1.729372503938379,-3.913916242771603,2.2140579571272103,-1.4082693018630172,-0.1202318468433316,2.000365437806484,-1.2714516367828956
HOF ITEM
4.255356260802946
-5.085577346934886,1.5802226796217027,5.290743926777132,-4.37423129896425,4.625306934275982,3.3146549273196597,6.4734519692303705,1.5575051604226844,-2.011373840924405,-5.1982273621291215,1.917710112310918,-1.729372503938379,-3.913916242771603,2.2140579571272103,-1.4082693018630172,-0.1202318468433316,2.000365437806484,-1.2714516367828956
seed 471
Initial fitness values: [np.float64(6.269470351693267), np.float64(6.269470351693267), np.float64(5.793119828518935), np.float64(5.769468944336138), np.float64(5.386939514298424), np.float64(5.074564253965972), np.float64(5.074564253965972), np.float64(4.940410172445432), np.float64(4.940408647808529), np.float64(4.868657972396242)]
Final fitness values: [np.float64(4.2607031248575264), np.float64(4.2607031248575264), np.float64(4.2607031248575264), np.float64(4.2607031248575264), np.float64(4.2607031248575264), np.float64(4.2607031248575264), np.float64(4.2607031248575264), np.float64(4.2607031248575264), np.float64(4.2607031248575264), np.float64(4.260533576059264)]
HOF ITEM
4.260533576059264
-6.711920388793778,1.541755372967125,3.552411310756212,3.955741260187803,4.550679861867398,5.677710202985263,-5.461080984328022,1.8453850890848384,-0.5811861537557502,-1.5835837536911372,1.5254338517140673,-0.7486064107079361,0.3915844731096755,0.9682374600571337,-1.7221983884149739,-6.713148427410923,1.791766758438202,-0.3915799906783238
HOF ITEM
4.2607031248575264
-6.711920388793778,1.541755372967125,3.552411310756212,4.196927082880177,4.550679861867398,5.677710202985263,-5.461080984328022,1.8453850890848384,-0.5811861537557502,-1.5835837536911372,1.5254338517140673,-0.324382342379527,0.3915844731096755,0.9682374600571337,-1.771965159483099,-6.713148427410923,1.791766758438202,-0.3915799906783238
HOF ITEM
4.260703131511995
-6.711920388793778,1.541755372967125,3.552411310756212,4.196927082880177,4.550679861867398,5.677710202985263,-5.461080984328022,1.8453850890848384,-0.5811861537557502,-1.5835837536911372,1.5254338517140673,-0.19205582890100384,0.3915844731096755,0.9682374600571337,-1.771965159483099,-6.713148427410923,1.791766758438202,-0.3915799906783238
HOF ITEM
4.260703133054211
-6.711920388793778,1.541755372967125,3.552411310756212,4.196927082880177,4.550679861867398,5.677710202985263,-5.461080984328022,1.8453850890848384,-0.5811861537557502,-1.5835837536911372,1.7918300881933054,-0.19205582890100384,0.3915844731096755,0.9682374600571337,-1.481133595152869,-6.713148427410923,1.791766758438202,-0.3915799906783238
HOF ITEM
4.260703142747504
-6.711920388793778,1.541755372967125,3.552411310756212,4.196927082880177,4.550679861867398,5.677710202985263,-5.461080984328022,1.8453850890848384,-0.5811861537557502,-1.5835837536911372,1.7918300881933054,-0.19205582890100384,0.3915844731096755,0.9682374600571337,-1.771965159483099,-6.713148427410923,1.791766758438202,-0.3915799906783238
seed 472
Initial fitness values: [np.float64(6.173878529746139), np.float64(5.831929411123117), np.float64(5.154116547226085), np.float64(5.137978561897252), np.float64(5.137978561897252), np.float64(5.085307987217797), np.float64(5.067734688605147), np.float64(5.067734688605147), np.float64(5.064355240752185), np.float64(5.062050142321416)]
Final fitness values: [np.float64(4.861740462577613), np.float64(4.818494393641885), np.float64(4.807808411611637), np.float64(4.807808411611637), np.float64(4.807808411611637), np.float64(4.803850164121117), np.float64(4.794183219573878), np.float64(4.794183219573878), np.float64(4.790181815668275), np.float64(4.731051947804849)]
HOF ITEM
4.731051947804849
5.113411104318991,-0.813579689972044,-3.9557614742405303,-4.828454901185845,0.6754238711419267,-3.2476735667131185,1.4495791824811586,0.4356086187748125,-5.13963017897843,-4.691414496106541,2.416484038939668,1.7994664499286483,2.691362006333576,0.9787558350828687,1.9038535156677427,2.2619540777231966,1.2694404447895808,7.0
HOF ITEM
4.775376864631189
5.0163937104430065,-0.813579689972044,-3.9557614742405303,-4.828454901185845,0.6754238711419267,-3.0142587608696516,1.6020642319772465,0.4356086187748125,-4.703222301613687,-4.763482232474557,2.955862627902325,1.7994664499286483,2.9387664735477563,1.0344570062128733,2.0623614682992755,2.2619540777231966,1.2694404447895808,7.0
HOF ITEM
4.786281828062228
5.024217340229228,-0.813579689972044,-3.9557614742405303,-4.828454901185845,0.6754238711419267,-3.0142587608696516,1.6020642319772465,0.4356086187748125,-4.703222301613687,-4.89906093283144,3.0,2.3227737146952476,2.806279361744222,1.0344570062128733,1.6379364823956741,2.2619540777231966,1.2694404447895808,7.0
HOF ITEM
4.790181815668275
5.074879297461231,-0.813579689972044,-3.9557614742405303,-4.828454901185845,0.6754238711419267,-3.0142587608696516,1.6020642319772465,0.4356086187748125,-4.703222301613687,-4.763482232474557,2.955862627902325,1.7994664499286483,2.9387664735477563,1.0344570062128733,2.113414072580976,2.2619540777231966,1.2694404447895808,6.846158119238031
HOF ITEM
4.790572043642818
5.074879297461231,-0.813579689972044,-3.9557614742405303,-4.828454901185845,0.6754238711419267,-3.0142587608696516,1.6020642319772465,0.4356086187748125,-4.703222301613687,-4.763482232474557,2.955862627902325,1.7994664499286483,2.562270512587384,1.2504468236366066,2.113414072580976,2.2619540777231966,1.2694404447895808,6.846158119238031
seed 473
Initial fitness values: [np.float64(5.381420772488095), np.float64(5.381420772488095), np.float64(5.223189754250479), np.float64(5.0034191229454406), np.float64(4.878519309196334), np.float64(4.872608396158593), np.float64(4.868036142369936), np.float64(4.741202538159168), np.float64(4.74119341702132), np.float64(4.710773779582473)]
Final fitness values: [np.float64(4.500489773556899), np.float64(4.500489773556899), np.float64(4.499709261360437), np.float64(4.499709261360437), np.float64(4.499709261360437), np.float64(4.499492363213767), np.float64(4.499177052637052), np.float64(4.499076196836535), np.float64(4.499076196836535), np.float64(4.499076196836535)]
HOF ITEM
4.499076196836535
6.003899643921915,-1.4870437416733893,-5.9960725776964185,-5.712086978255,-0.6432941789723805,4.807779929108623,5.5993247417331515,0.0,-1.19885523185192,1.3474700646964195,2.6926192901688353,4.4907943214449775,3.8516205736193485,2.7689385001524656,0.535312940394834,-0.16831022560816775,1.0204108260377576,-3.514153684667106
HOF ITEM
4.499177052637052
6.003899643921915,-1.4870437416733893,-5.9960725776964185,-5.712086978255,-0.6432941789723805,4.6207019731067005,5.5993247417331515,0.0,-1.19885523185192,1.3474700646964195,2.6926192901688353,4.4907943214449775,3.8516205736193485,2.7689385001524656,0.535312940394834,-0.16831022560816775,1.0204108260377576,-3.514153684667106
HOF ITEM
4.499202112401966
6.003899643921915,-1.4870437416733893,-5.9960725776964185,-5.712086978255,-0.6432941789723805,4.807779929108623,5.5993247417331515,0.0,-1.19885523185192,1.3474700646964195,2.6926192901688353,4.4907943214449775,3.8516205736193485,2.7689385001524656,0.535312940394834,-0.16831022560816775,1.0204108260377576,-3.7100051748646607
HOF ITEM
4.499328857909486
6.003899643921915,-1.4870437416733893,-5.9960725776964185,-5.712086978255,-0.6432941789723805,4.6207019731067005,5.5993247417331515,0.0,-1.19885523185192,1.3474700646964195,2.6926192901688353,4.4907943214449775,3.8516205736193485,2.7689385001524656,0.535312940394834,-0.16831022560816775,1.0204108260377576,-3.7100051748646607
HOF ITEM
4.499492363213767
6.003899643921915,-1.4870437416733893,-5.9960725776964185,-5.712086978255,-0.6432941789723805,4.6207019731067005,5.643620063545787,0.0,-1.19885523185192,1.3474700646964195,2.6926192901688353,4.4907943214449775,3.8516205736193485,2.7689385001524656,0.535312940394834,-0.16831022560816775,1.0204108260377576,-3.7100051748646607
seed 474
Initial fitness values: [np.float64(5.828328119218045), np.float64(5.417106189128506), np.float64(5.251698416531831), np.float64(5.202551758232449), np.float64(5.180197965615299), np.float64(5.092679953256935), np.float64(5.081494396826472), np.float64(5.062187144964568), np.float64(5.0519665313413675), np.float64(5.040423404499293)]
Final fitness values: [np.float64(4.373377995683844), np.float64(4.373371248026716), np.float64(4.373371248026716), np.float64(4.373359706780571), np.float64(4.373359706780571), np.float64(4.373354549753811), np.float64(4.373354549753811), np.float64(4.373349785611534), np.float64(4.373349785611534), np.float64(4.373342904226623)]
HOF ITEM
4.373342904226623
1.7737615452991058,0.3325710418883147,4.1450150226677716,3.3741731497428478,0.8061753107674348,4.835281024799604,4.925789660872605,0.9884775043339318,-6.763787363436291,4.340285594749327,2.4842290140911327,-5.629174773575605,1.1745474134644134,3.0,-0.45815219303527194,4.771354891999675,2.2283871933905326,4.412416551752308
HOF ITEM
4.373349785611534
1.7737615452991058,0.3325710418883147,4.1450150226677716,3.3741731497428478,0.8061753107674348,4.835281024799604,4.992480733650249,0.9884775043339318,-6.763787363436291,4.340285594749327,2.4842290140911327,-5.292083085874402,1.1745474134644134,3.0,-0.45815219303527194,4.779290346811287,2.4100012055362114,4.265164010036115
HOF ITEM
4.373349785611534
1.7737615452991058,0.3325710418883147,4.1450150226677716,3.3741731497428478,0.8061753107674348,4.835281024799604,4.992480733650249,0.9884775043339318,-6.763787363436291,4.340285594749327,2.4842290140911327,-5.629174773575605,1.1745474134644134,3.0,-0.45815219303527194,4.779290346811287,2.383924410333148,4.412416551752308
HOF ITEM
4.373349785611534
1.7737615452991058,0.3325710418883147,4.1450150226677716,3.3741731497428478,0.8061753107674348,4.835281024799604,4.992480733650249,0.9884775043339318,-6.763787363436291,3.9942659047717006,2.4842290140911327,-5.292083085874402,1.1745474134644134,3.0,-0.45815219303527194,4.771354891999675,2.2283871933905326,4.412416551752308
HOF ITEM
4.373349785611534
1.7737615452991058,0.3325710418883147,4.1450150226677716,3.3741731497428478,0.8061753107674348,4.835281024799604,4.992480733650249,0.9884775043339318,-6.763787363436291,4.340285594749327,2.4842290140911327,-5.629174773575605,1.1745474134644134,3.0,-0.45815219303527194,4.779290346811287,2.4100012055362114,4.265164010036115
seed 475
Initial fitness values: [np.float64(5.207234656273489), np.float64(5.131457204394503), np.float64(5.131457204394503), np.float64(5.065682861617443), np.float64(5.041254635426972), np.float64(5.020866409202629), np.float64(5.020866409202629), np.float64(4.8624351523105815), np.float64(4.8624351523105815), np.float64(4.855174205117613)]
Final fitness values: [np.float64(4.29636843523977), np.float64(4.29636843523977), np.float64(4.29636843523977), np.float64(4.295545534561109), np.float64(4.294208571129605), np.float64(4.294159185923189), np.float64(4.294159185923189), np.float64(4.294115563756618), np.float64(4.294115563756618), np.float64(4.294115563756618)]
HOF ITEM
4.294115563756618
0.5541278412323539,0.8703080973828807,0.5092233603172549,-4.353119915911597,0.8915667096562649,-4.243804960942171,2.4066742366214875,0.8561582687989697,-2.2676142746071823,-4.545547397763272,1.4928710710503184,3.7467187030247344,4.939149306103618,0.2362252385436555,-5.179501978298808,0.87383677293294,2.918336010457874,-0.4502635661683359
HOF ITEM
4.294121134952647
0.5541278412323539,0.8703080973828807,0.5092233603172549,-4.3280992123755295,0.8915667096562649,-4.267673517196531,2.5430378902884563,0.8561582687989697,-2.3418799811668634,-4.4200297621657745,1.4928710710503184,3.7204680114599684,4.939149306103618,0.2362252385436555,-5.179501978298808,0.87383677293294,2.918336010457874,-0.4502635661683359
HOF ITEM
4.294122775108939
0.5541278412323539,0.8703080973828807,0.4375126387502093,-4.418758950782298,0.8915667096562649,-4.267673517196531,2.40178106275967,0.8561582687989697,-2.2676142746071823,-4.303314033089793,1.7974793394585113,3.7604726365769947,4.939149306103618,0.14773631836248557,-5.0211296251265205,0.87383677293294,2.918336010457874,-0.4502635661683359
HOF ITEM
4.294130782962468
0.5541278412323539,0.8703080973828807,0.5092233603172549,-4.353119915911597,0.8915667096562649,-4.267673517196531,2.4066742366214875,0.8561582687989697,-2.2676142746071823,-4.545547397763272,1.4928710710503184,3.7467187030247344,4.939149306103618,0.2362252385436555,-5.179501978298808,0.87383677293294,2.918336010457874,-0.4502635661683359
HOF ITEM
4.294131154391307
0.5541278412323539,0.8703080973828807,0.5092233603172549,-4.353119915911597,0.8915667096562649,-4.267673517196531,2.40178106275967,0.8561582687989697,-2.2676142746071823,-4.545547397763272,1.4928710710503184,3.7467187030247344,4.939149306103618,0.2362252385436555,-5.179501978298808,0.87383677293294,2.918336010457874,-0.4502635661683359
seed 476
Initial fitness values: [np.float64(5.902949510321379), np.float64(5.6200046161040405), np.float64(5.283212622487993), np.float64(5.255933971255106), np.float64(4.84708344618953), np.float64(4.724190666481702), np.float64(4.641273953119209), np.float64(4.492360581151596), np.float64(4.401755296787845), np.float64(4.400638747224448)]
Final fitness values: [np.float64(4.374329703619893), np.float64(4.3743283744501795), np.float64(4.374323967189289), np.float64(4.3743205837293155), np.float64(4.374318381386953), np.float64(4.374318381209806), np.float64(4.374317929404219), np.float64(4.374315675268237), np.float64(4.374315675268237), np.float64(4.374315675091095)]
HOF ITEM
4.374315675091095
-3.871449427658664,1.3034802374838732,-4.492510613894666,-0.4265952300002146,4.315759919665133,1.1966364120622108,3.161304430792663,1.7861050400510239,-4.085027023500845,3.3807124927204866,2.561272215629826,4.555029589236945,-3.072896811209183,2.1109193512075213,-4.254306417290748,4.168762465601491,0.0,1.2598458427457102
HOF ITEM
4.374315675268237
-3.871449427658664,1.3034802374838732,-4.492510613894666,-0.4265952300002146,4.315759919665133,1.1966364120622108,3.381903169849532,1.4118399573470157,-4.295764256427819,3.3807124927204866,2.561272215629826,4.555029589236945,-3.072896811209183,2.1109193512075213,-4.254306417290748,4.168762465601491,0.0,1.2598458427457102
HOF ITEM
4.374315675268237
-3.871449427658664,1.3034802374838732,-4.492510613894666,-0.4265952300002146,4.315759919665133,1.1966364120622108,3.381903169849532,1.4118399573470157,-4.295764256427819,3.4668007399551932,2.561272215629826,4.555029589236945,-3.072896811209183,2.1109193512075213,-4.254306417290748,4.168762465601491,0.0,1.2598458427457102
HOF ITEM
4.374317928270648
-3.871449427658664,1.3034802374838732,-4.492510613894666,-0.4265952300002146,4.315759919665133,1.1966364120622108,3.381903169849532,1.7861050400510239,-4.085027023500845,3.4668007399551932,2.561272215629826,4.555029589236945,-3.072896811209183,2.1109193512075213,-4.254306417290748,4.168762465601491,0.0,1.1540264581341748
HOF ITEM
4.374317928270667
-3.871449427658664,1.3034802374838732,-4.492510613894666,-0.4265952300002146,4.315759919665133,1.1966364120622108,3.161304430792663,1.7861050400510239,-4.085027023500845,3.4668007399551932,2.561272215629826,4.555029589236945,-3.072896811209183,2.1109193512075213,-4.254306417290748,4.168762465601491,0.0,1.1540264581341748
seed 477
Initial fitness values: [np.float64(5.625732508999755), np.float64(5.310391719360119), np.float64(5.159393041576972), np.float64(4.976479234981129), np.float64(4.949459144513392), np.float64(4.877636965047886), np.float64(4.8082839271966495), np.float64(4.654465381626835), np.float64(4.517652929841336), np.float64(4.5064092385044106)]
Final fitness values: [np.float64(4.255199486108054), np.float64(4.255199486108054), np.float64(4.2551957209795415), np.float64(4.2551957209795415), np.float64(4.2551949677180785), np.float64(4.2551949677180785), np.float64(4.2551949677180785), np.float64(4.2551949677180785), np.float64(4.2551949677180785), np.float64(4.2551949677180785)]
HOF ITEM
4.2551949677180785
-2.7796139211541036,1.5663390397481434,-6.731060066365202,-3.192142213003433,-5.410129990098054,-1.5566118708446979,1.6067371015423229,0.775294697091587,-5.595562237663444,6.773271033445484,0.6527230829103614,-1.8241207606423429,-1.521639963623586,2.764400509198098,-0.48734331049984303,5.8986056108548715,2.115895422622639,-3.671126943372868
HOF ITEM
4.2551949677180785
-2.7796139211541036,1.5663390397481434,-6.731060066365202,-3.192142213003433,-5.410129990098054,-1.5566118708446979,1.6067371015423229,0.775294697091587,-5.595562237663444,6.773271033445484,0.6527230829103614,-1.8241207606423429,-1.521639963623586,2.764400509198098,-0.48734331049984303,5.8986056108548715,2.115895422622639,-3.7355495766367466
HOF ITEM
4.2551957209795415
-2.7796139211541036,1.5663390397481434,-6.731060066365202,-3.192142213003433,-5.410129990098054,-1.5566118708446979,1.6067371015423229,0.775294697091587,-5.595562237663444,6.773271033445484,0.8094205254362763,-1.8241207606423429,-1.521639963623586,2.764400509198098,-0.48734331049984303,5.8986056108548715,2.115895422622639,-3.7355495766367466
HOF ITEM
4.2551957209795415
-2.7796139211541036,1.5663390397481434,-6.731060066365202,-3.192142213003433,-5.410129990098054,-1.5566118708446979,1.6067371015423229,0.775294697091587,-5.595562237663444,6.773271033445484,0.8094205254362763,-1.8241207606423429,-1.521639963623586,2.764400509198098,-0.48734331049984303,5.8986056108548715,2.115895422622639,-3.671126943372868
HOF ITEM
4.255199486108054
-2.7796139211541036,1.5663390397481434,-6.731060066365202,-3.192142213003433,-5.410129990098054,-1.5566118708446979,1.6067371015423229,0.775294697091587,-5.719652155747832,6.773271033445484,0.6527230829103614,-1.8241207606423429,-1.521639963623586,2.764400509198098,-0.48734331049984303,5.8986056108548715,2.115895422622639,-3.671126943372868
seed 478
Initial fitness values: [np.float64(5.781576907500843), np.float64(5.695210851081715), np.float64(5.526984027322904), np.float64(5.1180451482910385), np.float64(5.064481241901626), np.float64(5.053018799975367), np.float64(4.854882416695743), np.float64(4.854882416695743), np.float64(4.739394061684415), np.float64(4.730813968536712)]
Final fitness values: [np.float64(4.329315370418686), np.float64(4.329315370418686), np.float64(4.329315370418686), np.float64(4.329315370418686), np.float64(4.329315370418686), np.float64(4.328260382766732), np.float64(4.328260382766732), np.float64(4.328260382766732), np.float64(4.328260382766732), np.float64(4.328260382766732)]
HOF ITEM
4.328260382766732
-2.5473736727434044,1.3612095243776021,4.560991257571879,3.866780420717133,2.06949094296439,-4.984609040919338,5.349920863576319,1.959420257402401,-1.78434961617947,-0.2755196782302256,1.380326560267893,-1.684212119283825,-1.8637706486962657,2.3620629720677693,-6.127134555807127,5.0665785269374375,0.9391655206877498,-3.768455608808063
HOF ITEM
4.328260382766734
-2.5473736727434044,1.3612095243776021,4.560991257571879,3.866780420717133,2.06949094296439,-4.984609040919338,5.349920863576319,1.6885650476716236,-1.78434961617947,-0.2755196782302256,1.380326560267893,-1.684212119283825,-1.8637706486962657,2.3620629720677693,-6.127134555807127,5.0665785269374375,0.9391655206877498,-3.768455608808063
HOF ITEM
4.328260383007353
-2.5473736727434044,1.3612095243776021,4.560991257571879,3.866780420717133,2.06949094296439,-4.984609040919338,5.349920863576319,1.959420257402401,-1.78434961617947,-0.2755196782302256,1.380326560267893,-1.684212119283825,-1.8637706486962657,2.3620629720677693,-6.127134555807127,5.0665785269374375,0.9391655206877498,-3.5071636481247626
HOF ITEM
4.3284424027080615
-2.5473736727434044,1.3612095243776021,4.560991257571879,3.866780420717133,2.0683382156350016,-4.984609040919338,5.349920863576319,1.959420257402401,-1.78434961617947,-0.2755196782302256,1.380326560267893,-1.684212119283825,-1.8637706486962657,2.3620629720677693,-6.127134555807127,5.0665785269374375,0.9391655206877498,-3.768455608808063
HOF ITEM
4.328442402708063
-2.5473736727434044,1.3612095243776021,4.560991257571879,3.866780420717133,2.0683382156350016,-4.984609040919338,5.349920863576319,1.6885650476716236,-1.78434961617947,-0.2755196782302256,1.380326560267893,-1.684212119283825,-1.8637706486962657,2.3620629720677693,-6.127134555807127,5.0665785269374375,0.9391655206877498,-3.768455608808063
seed 479
Initial fitness values: [np.float64(5.8442083037369565), np.float64(5.8442083037369565), np.float64(5.499079549759504), np.float64(5.3297456292658145), np.float64(5.121160636292594), np.float64(4.971171957436699), np.float64(4.9501070944075725), np.float64(4.8671637480427785), np.float64(4.851628739061921), np.float64(4.510969304225407)]
Final fitness values: [np.float64(4.242359333940335), np.float64(4.242359333940335), np.float64(4.242359333940335), np.float64(4.242359333940335), np.float64(4.242359333940335), np.float64(4.242359333940335), np.float64(4.242359333940335), np.float64(4.242359333940335), np.float64(4.242359333940335), np.float64(4.242359333940335)]
HOF ITEM
4.24217984478849
-3.4424697468261387,1.5860140563319625,6.88007718479186,4.703767104088892,5.000393187828122,2.219851446690424,-2.3601988517442,2.743549498395961,-3.6484592224239583,4.45159362466586,1.943072526007401,-4.895843119779244,6.055042975669129,0.6432655965869534,-4.876535843828132,0.7481471213588677,1.5255944913856567,-2.1678484390535986
HOF ITEM
4.242359333940335
-3.4424697468261387,1.5860140563319625,6.88007718479186,4.703767104088892,5.004952656963555,2.219851446690424,-2.3601988517442,2.743549498395961,-3.6484592224239583,4.560740724946758,1.8784708124194485,-4.831393959958412,6.51000959190867,0.46930172009053256,-5.457935040940256,0.5177007155799545,1.1046378743169984,-1.946556141838868
HOF ITEM
4.242359333940335
-3.4424697468261387,1.5860140563319625,6.88007718479186,4.703767104088892,5.004952656963555,2.219851446690424,-2.3601988517442,2.743549498395961,-3.6484592224239583,4.627672498910105,2.1852598738600517,-4.831393959958412,6.51000959190867,0.46930172009053256,-5.457935040940256,0.5177007155799545,1.1046378743169984,-1.946556141838868
HOF ITEM
4.242359333940335
-3.4424697468261387,1.5860140563319625,6.88007718479186,4.703767104088892,5.004952656963555,2.219851446690424,-2.3601988517442,2.743549498395961,-3.6484592224239583,4.462128191299214,2.1852598738600517,-4.831393959958412,6.51000959190867,0.46930172009053256,-5.457935040940256,0.5177007155799545,1.1046378743169984,-1.946556141838868
HOF ITEM
4.242359334725715
-3.4424697468261387,1.5860140563319625,6.88007718479186,4.703767104088892,5.004952656963555,2.219851446690424,-2.3601988517442,2.743549498395961,-3.6484592224239583,4.45159362466586,2.1852598738600517,-4.831393959958412,6.51000959190867,0.46930172009053256,-5.835362449490973,0.5177007155799545,1.1046378743169984,-1.946556141838868
best parameter set
fitness 4.219096777193292 seed 472
4.936619098010244,-0.8423015333494437,-3.214600283324661,-3.993802681306,-0.11769170264729566,-3.796792098911256,0.9784716993754702,0.0010258689025327379,-4.712409665887791,-4.89906093283144,3.0,3.246419841076805,2.820621728549453,1.1065782893214378,1.6353330300726898,0.6990481296926812,2.182013251035842,6.994301712790925
