seeds are [390 391 392 393 394 395 396 397 398 399]
seed 390
Initial fitness values: [np.float64(3.2975184966634554), np.float64(3.0995763711486126), np.float64(2.9560877287804197), np.float64(2.8319217627628457), np.float64(2.801645075449377), np.float64(2.6856610776869987), np.float64(2.646137594000894), np.float64(2.6428155037392633), np.float64(2.6300383531874747), np.float64(2.6097742090631444)]
Final fitness values: [np.float64(2.509477371291797), np.float64(2.5066477435238594), np.float64(2.5044027410926812), np.float64(2.50099803774814), np.float64(2.50099803774814), np.float64(2.5009974096852403), np.float64(2.5009974096852403), np.float64(2.499699527363603), np.float64(2.499699527363603), np.float64(2.49886073927879)]
HOF ITEM
2.49886073927879
0.06985737759188254,0.973358071014406,-3.538361337784452,0.5847020934562319,5.596490886737582,2.476756766183375,4.888678849418645,1.2015055309891378,-0.21413401019431985,0.9493213771146788,2.119901139399373,-5.771428648000445,0.06572367895929364,1.8583208366521222,-6.74624361043205,-0.46636790590963506,1.3481085233547019,5.893981805233406
HOF ITEM
2.4994953039349186
0.06985737759188254,0.973358071014406,-3.538361337784452,0.5847020934562319,5.596490886737582,2.476756766183375,4.764703271917395,1.1435802219845248,0.09871974342952455,0.9493213771146788,2.119901139399373,-6.128352653803758,0.06572367895929364,1.8583208366521222,-6.74624361043205,-1.1655589353760338,1.9958371438899212,5.893981805233406
HOF ITEM
2.4996969962988054
0.06985737759188254,0.973358071014406,-3.5611944476930506,0.5847020934562319,5.596490886737582,2.3988755667141834,4.764703271917395,1.2015055309891378,-0.3660509718750148,0.9493213771146788,2.119901139399373,-6.128352653803758,0.06572367895929364,1.8583208366521222,-6.74624361043205,-1.1655589353760338,1.9958371438899212,5.568806662115301
HOF ITEM
2.499699527363603
0.06985737759188254,0.973358071014406,-3.5611944476930506,0.5847020934562319,5.596490886737582,2.3988755667141834,4.330622822201111,1.1435802219845248,0.09871974342952455,0.9493213771146788,2.119901139399373,-6.128352653803758,0.06572367895929364,1.8583208366521222,-6.74624361043205,-1.1655589353760338,1.9958371438899212,5.568806662115301
HOF ITEM
2.4997341827636994
0.06985737759188254,0.973358071014406,-3.5611944476930506,0.5847020934562319,5.596490886737582,2.3988755667141834,4.330622822201111,1.1435802219845248,0.09871974342952455,0.9493213771146788,2.119901139399373,-6.140056674389231,0.06572367895929364,1.8583208366521222,-6.74624361043205,-1.1655589353760338,1.9958371438899212,5.568806662115301
seed 391
Initial fitness values: [np.float64(3.541160519716957), np.float64(3.095892992363784), np.float64(2.859332100909153), np.float64(2.859332100909153), np.float64(2.8333849058583302), np.float64(2.6632997769563156), np.float64(2.512879508126448), np.float64(2.512879508126448), np.float64(2.512879508126448), np.float64(2.433898907672583)]
Final fitness values: [np.float64(2.3662019207842633), np.float64(2.3662019207842633), np.float64(2.3662019207842633), np.float64(2.366135432623869), np.float64(2.366135432623869), np.float64(2.3659144186693233), np.float64(2.3659144186693233), np.float64(2.3659144186693233), np.float64(2.3659144186693233), np.float64(2.3659144186693233)]
HOF ITEM
2.3659144186693233
-4.642579829862345,1.5662269921701324,-4.404944358830832,-1.0769996370756596,1.4664676444816784,-2.940859929480087,-0.7605877535696933,1.1126956976410427,1.7150494071124576,4.13735976225541,2.0252836766148117,-1.4079992981492613,-3.5567096851677915,2.3006882408943308,-2.350856521422095,6.084367489413212,1.9435379974609006,-2.9898669537435194
HOF ITEM
2.3659144186693233
-4.642579829862345,1.5662269921701324,-4.404944358830832,-1.0769996370756596,1.4664676444816784,-2.940859929480087,-0.7605877535696933,1.1126956976410427,1.7150494071124576,4.13735976225541,1.6679092648580391,-1.4079992981492613,-3.5567096851677915,2.3006882408943308,-2.350856521422095,6.084367489413212,1.9435379974609006,-2.9898669537435194
HOF ITEM
2.3659144186693233
-4.642579829862345,1.5662269921701324,-4.404944358830832,-1.0769996370756596,1.4664676444816784,-2.940859929480087,-0.7605877535696933,1.1126956976410427,1.7150494071124576,3.901653201897667,1.9811101750416453,-1.3399933432004665,-3.5567096851677915,2.3006882408943308,-2.350856521422095,6.175882465510769,1.4318283384983332,-2.926359573651478
HOF ITEM
2.3659144186693233
-4.642579829862345,1.5662269921701324,-4.404944358830832,-1.0769996370756596,1.4664676444816784,-2.940859929480087,-0.7605877535696933,1.1126956976410427,1.7150494071124576,3.901653201897667,1.9811101750416453,-1.3399933432004665,-3.5567096851677915,2.3006882408943308,-2.350856521422095,6.175882465510769,1.5613996540630224,-2.9898669537435194
HOF ITEM
2.3659144186693233
-4.642579829862345,1.5662269921701324,-4.404944358830832,-1.0769996370756596,1.4664676444816784,-2.940859929480087,-0.7605877535696933,1.1126956976410427,1.7150494071124576,3.901653201897667,1.9811101750416453,-1.3399933432004665,-3.5567096851677915,2.3006882408943308,-2.350856521422095,6.084367489413212,1.9435379974609006,-2.9898669537435194
seed 392
Initial fitness values: [np.float64(3.1903007661589227), np.float64(2.600768200114097), np.float64(2.600768200114097), np.float64(2.5364413421315244), np.float64(2.4756187678840424), np.float64(2.4475062777170877), np.float64(2.447506276380932), np.float64(2.437771546488716), np.float64(2.4212392914729737), np.float64(2.4212392914729737)]
Final fitness values: [np.float64(2.3724379581026898), np.float64(2.3724379581026898), np.float64(2.3724379581026898), np.float64(2.3724379581026898), np.float64(2.3724379581026898), np.float64(2.3721907338211823), np.float64(2.3721907338211823), np.float64(2.3697838161476614), np.float64(2.3697838161476614), np.float64(2.3697838161476614)]
HOF ITEM
2.3697838161476614
-0.6864381752125723,1.2973541487577127,5.1956799788601575,1.2053649623425287,-2.357172026545246,0.608724052312784,4.931971668312839,1.2299181286967311,-3.855654159184309,1.381643229189323,1.2448605689756909,-2.960182202610789,4.500263900878051,2.3938905842078597,1.0470926482822294,0.11097353616319452,2.8534835939423457,-2.5583031915690615
HOF ITEM
2.369784928328974
-0.6864381752125723,1.2973541487577127,5.1956799788601575,1.2053649623425287,-2.357172026545246,0.608724052312784,4.931971668312839,1.5588675156356295,-3.855654159184309,1.381643229189323,1.2448605689756909,-3.028425199538051,4.57590126724566,2.3938905842078597,1.0470926482822294,0.11097353616319452,2.8534835939423457,-2.5583031915690615
HOF ITEM
2.369784928328974
-0.6864381752125723,1.2973541487577127,5.1956799788601575,1.2053649623425287,-2.357172026545246,0.608724052312784,4.931971668312839,1.5588675156356295,-3.855654159184309,1.381643229189323,1.2448605689756909,-3.028425199538051,4.672623268935226,2.3938905842078597,1.0470926482822294,0.11097353616319452,2.8534835939423457,-2.5583031915690615
HOF ITEM
2.3698046038675016
-0.6864381752125723,1.2973541487577127,5.221315020268491,1.2053649623425287,-2.357172026545246,0.608724052312784,4.931971668312839,1.2299181286967311,-3.855654159184309,1.381643229189323,1.2448605689756909,-2.960182202610789,4.500263900878051,2.3938905842078597,1.0470926482822294,0.11097353616319452,2.8534835939423457,-2.5583031915690615
HOF ITEM
2.372184897870852
-0.6864381752125723,1.2883585703263212,5.221315020268491,1.2053649623425287,-2.357172026545246,0.608724052312784,4.931971668312839,1.5588675156356295,-3.855654159184309,1.381643229189323,1.2448605689756909,-3.028425199538051,4.672623268935226,2.3938905842078597,1.0470926482822294,0.11097353616319452,2.8534835939423457,-2.5583031915690615
seed 393
Initial fitness values: [np.float64(3.1224969101377362), np.float64(3.0501816182892916), np.float64(2.9278195292397244), np.float64(2.927454757120066), np.float64(2.884255516262471), np.float64(2.884255516262471), np.float64(2.87749331433416), np.float64(2.87749331433416), np.float64(2.871346912999287), np.float64(2.871346912999287)]
Final fitness values: [np.float64(2.7785455486543142), np.float64(2.760476007404752), np.float64(2.7504752809490216), np.float64(2.7092608708197714), np.float64(2.7044104507943922), np.float64(2.5948502336913757), np.float64(2.55467624750551), np.float64(2.464700581397949), np.float64(2.464700581397949), np.float64(2.4520495252941186)]
HOF ITEM
2.4520495252941186
-5.9039170023744045,1.7942904862198608,4.854137909336526,-5.189766425617133,5.109962434026463,-1.7347828916281243,4.186620571903487,0.9432391476037457,-1.463846113828128,3.0202459870480802,1.14600733301504,6.075552719357612,1.7731840861107502,1.7621337196483995,-2.2885388184933313,-4.529103484820449,2.032233506979433,-0.5381210249523225
HOF ITEM
2.464492300185169
-5.9039170023744045,1.683063604330064,5.259057134760695,-4.3655149155292206,4.900330834493263,-2.8344590855415253,3.625804831905603,1.5160173586533785,0.05903178874788209,2.544240832587761,0.6399754161680611,6.1595943358349485,1.7935713895190177,1.5939410120149164,-2.2885388184933313,-4.529103484820449,2.032233506979433,-0.5381210249523225
HOF ITEM
2.464624477214234
-5.9039170023744045,1.683063604330064,5.259057134760695,-4.481753330175204,4.962330236530557,-2.499464618210581,4.186620571903487,0.9432391476037457,-0.8206730133919422,3.0202459870480802,1.198150467811314,6.075552719357612,1.7935713895190177,1.6952178257621233,-2.2885388184933313,-4.529103484820449,2.032233506979433,-0.5381210249523225
HOF ITEM
2.464700581397949
-5.9039170023744045,1.683063604330064,5.259057134760695,-5.099541825659082,5.109962434026463,-2.2786917266891025,4.186620571903487,0.9432391476037457,-1.6071581117273868,3.0202459870480802,1.14600733301504,6.075552719357612,1.7935713895190177,1.5939410120149164,-2.2885388184933313,-4.529103484820449,2.032233506979433,-0.5381210249523225
HOF ITEM
2.464700581397981
-5.9039170023744045,1.683063604330064,5.259057134760695,-5.099541825659082,5.109962434026463,-2.2786917266891025,4.186620571903487,0.9432391476037457,-0.8206730133919422,3.0202459870480802,1.198150467811314,6.075552719357612,1.7935713895190177,1.6952178257621233,-2.8339181100280353,-4.529103484820449,2.032233506979433,-0.5381210249523225
seed 394
Initial fitness values: [np.float64(3.32541007923104), np.float64(3.076033009687296), np.float64(2.945170785336999), np.float64(2.840064479200365), np.float64(2.840064479200365), np.float64(2.817140288029604), np.float64(2.817117362941648), np.float64(2.807549222753158), np.float64(2.807354318815955), np.float64(2.807354318815955)]
Final fitness values: [np.float64(2.541214119433106), np.float64(2.541214119433106), np.float64(2.540004947566543), np.float64(2.540004947566543), np.float64(2.540004947566543), np.float64(2.534946342803215), np.float64(2.534946342803215), np.float64(2.526200890392504), np.float64(2.526030446524389), np.float64(2.5233831493746695)]
HOF ITEM
2.5233831493746695
3.29576678189225,-0.47088670293540047,5.4136680748006585,6.539512912686457,5.213777375851364,3.31621102021919,0.2553812310358428,2.1436568146555794,2.119742582975354,1.427710855003289,0.9352718360998088,2.832675629422397,2.3023763260059456,2.3128825982530605,-5.054804841965669,1.5581445323779506,0.50395751393232,-3.1299255423777628
HOF ITEM
2.5242283901855904
3.29576678189225,-0.47088670293540047,5.4136680748006585,6.539512912686457,5.213777375851364,3.31621102021919,0.2553812310358428,2.1436568146555794,2.119742582975354,1.427710855003289,0.9352718360998088,2.832675629422397,2.2868235729167647,2.2296014403077535,-5.41064732920756,1.5581445323779506,0.50395751393232,-3.246407480463712
HOF ITEM
2.526030446524389
3.29576678189225,-0.47088670293540047,5.4136680748006585,6.539512912686457,5.213777375851364,3.31621102021919,0.2553812310358428,2.1436568146555794,2.119742582975354,1.427710855003289,0.9433810412382138,2.832675629422397,2.3023763260059456,2.3128825982530605,-5.054804841965669,1.5581445323779506,0.50395751393232,-3.246407480463712
HOF ITEM
2.526200890392504
3.29576678189225,-0.47088670293540047,5.4136680748006585,6.539512912686457,5.213777375851364,3.31621102021919,0.2553812310358428,2.1436568146555794,2.119742582975354,1.427710855003289,0.9433810412382138,2.832675629422397,2.3023763260059456,2.3128825982530605,-5.054804841965669,1.5581445323779506,0.50395751393232,-3.1299255423777628
HOF ITEM
2.5314834166007527
3.29576678189225,-0.47088670293540047,5.427306625721933,6.446327521926815,5.182185236445883,3.31621102021919,0.25722722443313456,2.1436568146555794,2.0530003022987744,1.427710855003289,0.9352718360998088,2.691611996899746,2.3443717248266562,2.2372459549444024,-5.73046371455328,1.5581445323779506,0.493600214228045,-3.0813306064622847
seed 395
Initial fitness values: [np.float64(3.430172219569486), np.float64(3.293265790319291), np.float64(2.92794674519444), np.float64(2.8752819914485737), np.float64(2.8576871514728452), np.float64(2.85768715147284), np.float64(2.7690864257437955), np.float64(2.7619385410201778), np.float64(2.747144910581536), np.float64(2.685425801206276)]
Final fitness values: [np.float64(2.3608769896532467), np.float64(2.3608769896532467), np.float64(2.3608769896532467), np.float64(2.3608769896532467), np.float64(2.3608769896532467), np.float64(2.3608769896532467), np.float64(2.3608769896532467), np.float64(2.3608769896532467), np.float64(2.3608769896532467), np.float64(2.360335131584966)]
HOF ITEM
2.360335131584966
-3.4762447022571297,1.5986488153495335,-0.3176705546256705,1.3756061465359264,4.056424462757183,3.803142112072758,5.170008543222847,3.0,-1.492188885547911,-2.154982283228088,2.7058244459292586,2.3166650426729096,1.7162414836871431,0.5216565065372054,-3.6995652584334584,3.2878099345669893,0.7356034704513914,1.5170691359848172
HOF ITEM
2.3608769896532467
-3.4762447022571297,1.5986488153495335,-0.3176705546256705,1.3756061465359264,4.056424462757183,3.803142112072758,4.967037946260158,3.0,-1.5716995780418517,-2.1553637753511294,2.7058244459292586,2.3166650426729096,1.7162414836871431,0.5216565065372054,-3.6995652584334584,2.927164700645751,1.0222769879939542,1.5170691359848172
HOF ITEM
2.3608770992821624
-3.4762447022571297,1.5986488153495335,-0.3176705546256705,1.3756061465359264,4.056424462757183,3.803142112072758,4.967037946260158,3.0,-1.5716995780418517,-2.1553637753511294,2.7058244459292586,2.3166650426729096,1.7162414836871431,0.5216565065372054,-3.6995652584334584,2.9198387811768987,1.317913722986439,1.5170691359848172
HOF ITEM
2.3608806205633597
-3.4762447022571297,1.5986488153495335,-0.3176705546256705,1.3756061465359264,4.056424462757183,3.803142112072758,4.6977675610561045,3.0,-1.683881456815742,-2.1553637753511294,2.7058244459292586,2.3166650426729096,1.7162414836871431,0.5216565065372054,-3.807465160662501,2.927164700645751,0.841818229789837,1.5170691359848172
HOF ITEM
2.3608809664142507
-3.4762447022571297,1.5986488153495335,-0.3176705546256705,1.3756061465359264,4.056424462757183,3.803142112072758,4.967037946260158,3.0,-1.5716995780418517,-2.1553637753511294,2.7058244459292586,2.3166650426729096,1.7162414836871431,0.5216565065372054,-3.794635076419439,2.927164700645751,1.0222769879939542,1.5170691359848172
seed 396
Initial fitness values: [np.float64(3.06086195392408), np.float64(3.0229650223769298), np.float64(2.9388586079910968), np.float64(2.6886799698437427), np.float64(2.5911454481359497), np.float64(2.5911454481359497), np.float64(2.5911454481359497), np.float64(2.5488261475980685), np.float64(2.497318858847997), np.float64(2.474696124661909)]
Final fitness values: [np.float64(2.3643817850116964), np.float64(2.3643817850116964), np.float64(2.3643817850116964), np.float64(2.3643221207035654), np.float64(2.3643221207035654), np.float64(2.3643221207035654), np.float64(2.3643221207035654), np.float64(2.3643221206738896), np.float64(2.3643221206738896), np.float64(2.3643221206738896)]
HOF ITEM
2.3643221206738896
-1.6028057014523165,1.4669394902332302,-3.2344139613458154,-2.0050185612487814,2.514079786762718,-4.604302168930365,-0.5117127055049987,2.85195874503989,-1.341378831193058,-6.363167642567541,2.810466568943998,-4.502688106514304,4.601117536445592,1.3021795776101537,0.7598475720026163,3.7349139759013092,0.3309897191000954,-3.31298633497164
HOF ITEM
2.3643221207035654
-1.6028057014523165,1.4669394902332302,-3.2344139613458154,-2.0050185612487814,2.514079786762718,-4.604302168930365,-0.5117127055049987,2.85195874503989,-1.341378831193058,-6.519009662686306,2.810466568943998,-4.502688106514304,5.518485918363242,1.3021795776101537,0.7598475720026163,3.7349139759013092,0.3309897191000954,-3.31298633497164
HOF ITEM
2.3643221207035654
-1.6028057014523165,1.4669394902332302,-3.2344139613458154,-2.0050185612487814,2.514079786762718,-4.604302168930365,-0.5117127055049987,2.85195874503989,-1.341378831193058,-6.363167642567541,2.810466568943998,-4.502688106514304,5.518485918363242,1.3021795776101537,0.7598475720026163,3.7349139759013092,0.3309897191000954,-3.31298633497164
HOF ITEM
2.3643221207044776
-1.6028057014523165,1.4669394902332302,-3.2344139613458154,-2.0050185612487814,2.514079786762718,-4.604302168930365,-0.5117127055049987,2.85195874503989,-1.341378831193058,-6.363167642567541,2.810466568943998,-4.502688106514304,5.518485918363242,1.3961079535095506,0.7598475720026163,3.7349139759013092,0.3309897191000954,-3.31298633497164
HOF ITEM
2.3643419406598363
-1.6028057014523165,1.4669394902332302,-3.2344139613458154,-2.0050185612487814,2.514079786762718,-4.604302168930365,-0.5117127055049987,2.85195874503989,-1.341378831193058,-6.363167642567541,2.810466568943998,-4.341335629459871,4.601117536445592,1.3961079535095506,0.7598475720026163,3.7349139759013092,0.3309897191000954,-3.31298633497164
seed 397
Initial fitness values: [np.float64(3.1622972753171537), np.float64(3.1566545382979934), np.float64(2.943576538814881), np.float64(2.8286550239572548), np.float64(2.7913670269845325), np.float64(2.729303744540102), np.float64(2.697869449176352), np.float64(2.5980997270248434), np.float64(2.5980997270248434), np.float64(2.4966591469625685)]
Final fitness values: [np.float64(2.3588144492774106), np.float64(2.358812773817405), np.float64(2.358812773817405), np.float64(2.3585649078464783), np.float64(2.3585649078464783), np.float64(2.3585638671749445), np.float64(2.358348686145021), np.float64(2.358348686145021), np.float64(2.3583478747826216), np.float64(2.3583478747826216)]
HOF ITEM
2.3583478747826216
-3.548543399535044,1.5905089281246814,-5.388167278268217,-1.3035563396563956,5.517150581815242,-1.7966531217039734,-2.2573814797161593,2.7471584562236284,-0.46273725598511,3.7706525261528725,1.7665483478073203,6.233295295754588,6.367610739051006,1.2536351223912165,-1.491918725620183,2.8144607693609123,2.6144041895827717,5.858001631528814
HOF ITEM
2.3583486028318745
-3.548543399535044,1.5905089281246814,-5.388167278268217,-1.2061028843669581,5.343258769226063,-1.7966531217039734,-2.2573814797161593,2.7471584562236284,-0.46273725598511,3.7706525261528725,1.7665483478073203,6.2167149753693165,6.274180314898293,1.2536351223912165,-1.8711050213800506,3.7737050843079434,2.568599347347031,6.0783034880714055
HOF ITEM
2.3583486028318745
-3.548543399535044,1.5905089281246814,-5.388167278268217,-1.2061028843669581,5.343258769226063,-1.7966531217039734,-2.2573814797161593,2.7471584562236284,-0.46273725598511,3.7706525261528725,1.7665483478073203,6.2167149753693165,6.388553992725102,1.337213599194693,-1.3679027980248877,3.7737050843079434,2.6144041895827717,6.1277454754575915
HOF ITEM
2.3583486028318745
-3.548543399535044,1.5905089281246814,-5.388167278268217,-1.2061028843669581,5.343258769226063,-1.7966531217039734,-2.2573814797161593,2.7471584562236284,-0.46273725598511,3.7706525261528725,1.7665483478073203,6.2167149753693165,6.274180314898293,1.337213599194693,-1.8711050213800506,3.7737050843079434,2.568599347347031,6.0783034880714055
HOF ITEM
2.358348686145015
-3.548543399535044,1.5905089281246814,-5.388167278268217,-1.3035563396563956,5.071984907291168,-1.7966531217039734,-2.2573814797161593,2.7471584562236284,-0.46273725598511,3.6696641182812386,2.123959231101479,6.2167149753693165,6.388553992725102,1.2536351223912165,-1.491918725620183,3.1350252100712632,2.6144041895827717,6.0783034880714055
seed 398
Initial fitness values: [np.float64(2.765859037388042), np.float64(2.765859037388042), np.float64(2.7619489179721253), np.float64(2.7619252020375527), np.float64(2.7619147445081405), np.float64(2.76184212136957), np.float64(2.7613836002503325), np.float64(2.760485073934465), np.float64(2.7566714039284976), np.float64(2.755848908954201)]
Final fitness values: [np.float64(2.3783529208298897), np.float64(2.3783448835663505), np.float64(2.3783448835663505), np.float64(2.3783448835663505), np.float64(2.3783448835663505), np.float64(2.3783448835663505), np.float64(2.3783448835663505), np.float64(2.3783448835663505), np.float64(2.3783448835663505), np.float64(2.37833171267488)]
HOF ITEM
2.37833171267488
-6.112692483595686,1.5800082794646158,1.2757212526556891,-6.6759781336600765,1.3801695936790488,1.9198116286401943,0.35026730147877827,0.0,-1.842679231849159,6.976673774954501,2.646959125216511,-3.6426418510919167,-0.4233510533243072,2.8082507775082273,-3.654267145036334,-4.9602201884760095,1.9804688962185915,-1.362044863473405
HOF ITEM
2.3783448835663505
-6.112692483595686,1.5800082794646158,1.2757212526556891,-6.873117010622165,1.3801695936790488,1.9198116286401943,0.35026730147877827,0.0,-1.842679231849159,6.746154156381424,2.7365471135713073,-3.9458326294934385,0.11700773491775461,2.3937158959096663,-3.642324343406254,-4.9602201884760095,1.9804688962185915,-1.362044863473405
HOF ITEM
2.3783448835663505
-6.112692483595686,1.5800082794646158,1.2757212526556891,-6.873117010622165,1.3801695936790488,1.9198116286401943,0.35026730147877827,0.0,-1.842679231849159,6.746154156381424,2.642886778709184,-4.000912835379853,0.02368212422034996,2.981178747905273,-3.374405533811091,-4.9602201884760095,1.9804688962185915,-1.362044863473405
HOF ITEM
2.3783448835663505
-6.112692483595686,1.5800082794646158,1.2757212526556891,-6.873117010622165,1.3801695936790488,1.9198116286401943,0.35026730147877827,0.0,-1.842679231849159,6.746154156381424,2.7365471135713073,-3.8994215605048463,0.11700773491775461,2.981178747905273,-3.374405533811091,-4.9602201884760095,1.9804688962185915,-1.362044863473405
HOF ITEM
2.3783448835663505
-6.112692483595686,1.5800082794646158,1.2757212526556891,-6.873117010622165,1.3801695936790488,1.9198116286401943,0.35026730147877827,0.0,-1.842679231849159,6.746154156381424,2.7365471135713073,-3.8994215605048463,0.11700773491775461,2.3937158959096663,-3.642324343406254,-4.9602201884760095,1.9804688962185915,-1.362044863473405
seed 399
Initial fitness values: [np.float64(3.0112186660985376), np.float64(2.9337916160302853), np.float64(2.76300667955874), np.float64(2.654548044150444), np.float64(2.5435109664227116), np.float64(2.5435109664227116), np.float64(2.4324501940271586), np.float64(2.4324501940271586), np.float64(2.2949636447450805), np.float64(2.2949636447450805)]
Final fitness values: [np.float64(2.045174083763899), np.float64(2.045174083763899), np.float64(2.045174083763899), np.float64(2.045174083763899), np.float64(2.045174083763899), np.float64(2.045174083763899), np.float64(2.044949539070692), np.float64(2.044949539070692), np.float64(2.044949539070692), np.float64(2.044949539070692)]
HOF ITEM
2.044949539070692
-3.7227574139855975,1.4168422817799506,5.550654557973732,1.0394099431769646,-0.5753410876077667,3.7541279527555758,-5.622539992947178,1.936458269487314,-0.42111554856618955,-2.5657516568213903,2.098005934433819,4.524102738845299,-3.754252167225812,2.474901778532477,0.4600122115242349,4.6526424465357445,2.1185598332223745,2.348347686223969
HOF ITEM
2.044949539070692
-3.7227574139855975,1.4168422817799506,5.550654557973732,1.0394099431769646,-0.5753410876077667,3.7541279527555758,-5.622539992947178,1.936458269487314,-0.42111554856618955,-2.5657516568213903,2.098005934433819,4.524102738845299,-3.754252167225812,2.474901778532477,0.4600122115242349,4.6526424465357445,2.119849082105993,2.348347686223969
HOF ITEM
2.044949539070692
-3.7227574139855975,1.4168422817799506,5.550654557973732,1.0394099431769646,-0.5753410876077667,3.7541279527555758,-5.622539992947178,1.936458269487314,-0.42111554856618955,-2.5657516568213903,2.098005934433819,4.524102738845299,-3.754252167225812,2.474901778532477,0.4600122115242349,4.415099715497889,2.119849082105993,2.348347686223969
HOF ITEM
2.044949539070692
-3.7227574139855975,1.4168422817799506,5.550654557973732,1.0394099431769646,-0.5753410876077667,3.7541279527555758,-5.622539992947178,1.936458269487314,-0.42111554856618955,-2.5657516568213903,2.098005934433819,4.524102738845299,-3.754252167225812,2.474901778532477,0.4600122115242349,4.415099715497889,2.1185598332223745,2.629420949763447
HOF ITEM
2.044949539070692
-3.7227574139855975,1.4168422817799506,5.550654557973732,1.0394099431769646,-0.5753410876077667,3.7541279527555758,-5.622539992947178,1.936458269487314,-0.42111554856618955,-2.5657516568213903,2.098005934433819,4.524102738845299,-3.754252167225812,2.474901778532477,0.4600122115242349,4.415099715497889,2.1185598332223745,2.348347686223969
best parameter set
fitness 2.0408755759167145 seed 399
-3.7219095529220687,1.4138741929226593,5.550676924089095,1.039398463786574,-0.5753654615164076,3.754141426103962,-5.622542612377473,1.9364602474241255,-0.42100661236985254,-2.566670610495135,2.1002314201599104,4.5241285632880865,-3.7542528518736593,2.474902366176104,0.4612127184133097,4.415099715497889,2.1185598332223745,2.629420949763447
