seeds are [50 51 52 53 54 55 56 57 58 59]
seed 50
Initial fitness values: [np.float64(3.3264911160522446), np.float64(3.078928237085989), np.float64(3.0096644527476926), np.float64(2.7622662203271853), np.float64(2.7616963213778387), np.float64(2.6738326927518123), np.float64(2.672175316286924), np.float64(2.559020085659564), np.float64(2.5428589510971604), np.float64(2.5258205364329447)]
Final fitness values: [np.float64(2.362556820731527), np.float64(2.362554746027835), np.float64(2.3625481338695424), np.float64(2.3625481338695424), np.float64(2.3625473010635702), np.float64(2.3625472960447556), np.float64(2.3625466893636893), np.float64(2.3624276634381727), np.float64(2.3624276634381727), np.float64(2.3624276634381727)]
HOF ITEM
2.3624276634381727
-4.671700727868139,1.575128864256475,3.4582717085184207,-6.690700437873673,-3.888264502259648,-1.7254934374769668,-4.535553302315971,2.150037632079168,4.669534090346399,1.6555897478813943,0.2491017575516482,-1.818805225112695,6.09185878709357,1.2610029670721856,-5.188752726591876,-3.5365726097325245,2.3072581491549853,-1.9013094842598606
HOF ITEM
2.3624276634381727
-4.671700727868139,1.575128864256475,3.4582717085184207,-6.690700437873673,-3.888264502259648,-1.7254934374769668,-4.535553302315971,2.150037632079168,4.669534090346399,1.6555897478813943,0.2491017575516482,-1.818805225112695,6.09185878709357,1.2610029670721856,-5.093086549589394,-3.5365726097325245,2.3072581491549853,-1.9013094842598606
HOF ITEM
2.3625137919455264
-4.671700727868139,1.575128864256475,3.524131126416933,-6.629831932467738,-3.888264502259648,-1.7254934374769668,-4.535553302315971,2.150037632079168,4.669534090346399,1.6555897478813943,0.2491017575516482,-1.5730631321812283,6.3561038559859036,1.250222211689852,-5.093086549589394,-3.5365726097325245,2.3072581491549853,-1.9013094842598606
HOF ITEM
2.362545257342276
-4.671700727868139,1.575128864256475,3.524131126416933,-6.629831932467738,-3.888264502259648,-1.7233972567376226,-4.525300369948858,2.150037632079168,4.669534090346399,1.6555897478813943,0.2491017575516482,-1.0259332944330466,6.09185878709357,1.2610029670721856,-5.093086549589394,-3.5365726097325245,2.3072581491549853,-1.9013094842598606
HOF ITEM
2.362545257342276
-4.671700727868139,1.575128864256475,3.524131126416933,-6.629831932467738,-3.888264502259648,-1.7233972567376226,-4.525300369948858,2.150037632079168,4.669534090346399,1.6555897478813943,0.2491017575516482,-1.0259332944330466,6.09185878709357,1.2610029670721856,-5.188752726591876,-3.5365726097325245,2.3072581491549853,-1.9013094842598606
seed 51
Initial fitness values: [np.float64(3.5010462923835868), np.float64(3.2826452310580714), np.float64(2.6278331238889727), np.float64(2.62775066239577), np.float64(2.5966321387293165), np.float64(2.5737760601627753), np.float64(2.5552491098625016), np.float64(2.499175223733526), np.float64(2.4849241909721487), np.float64(2.445219340046518)]
Final fitness values: [np.float64(2.3511689465700076), np.float64(2.347517188434196), np.float64(2.347517188434196), np.float64(2.345833481133875), np.float64(2.345833481133875), np.float64(2.345540495403644), np.float64(2.3437835674544845), np.float64(2.3403815402541497), np.float64(2.3403815402541497), np.float64(2.3394769151717902)]
HOF ITEM
2.3394769151717902
-4.4085442505211265,1.5933951773354447,2.7216004044228197,0.9352505266828878,-0.528565993651305,-4.247869806464401,-6.9515945293356385,0.5437394397031206,-1.2895744606258108,4.164366344978684,2.061871575457535,-6.063942619267254,-0.19697959364026665,2.1801337614083764,-6.105653160848661,-3.122239276146359,2.4125617382083453,-0.45834382453610073
HOF ITEM
2.3403815402323467
-4.4085442505211265,1.5933951773354447,2.7842580600350284,0.9809491863901956,-0.528565993651305,-4.247869806464401,-6.9515945293356385,0.5437394397031206,-1.2895744606258108,4.164366344978684,2.061871575457535,-5.963270353317194,-0.4187262318963911,2.7662284540456104,-6.036708011702119,-3.122239276146359,2.3984350138872945,-0.45834382453610073
HOF ITEM
2.3403815402323467
-4.4085442505211265,1.5933951773354447,2.7842580600350284,0.9809491863901956,-0.528565993651305,-4.247869806464401,-6.9515945293356385,0.5437394397031206,-1.2895744606258108,4.229950574619343,2.2567527654609494,-5.929641066255398,-0.4187262318963911,2.7662284540456104,-5.539412715501014,-3.122239276146359,2.3984350138872945,-0.45834382453610073
HOF ITEM
2.3403815402541497
-4.4085442505211265,1.5933951773354447,2.7842580600350284,0.9809491863901956,-0.528565993651305,-4.247869806464401,-6.9515945293356385,0.5437394397031206,-1.2895744606258108,4.164366344978684,2.061871575457535,-5.963270353317194,-0.32128650725966307,2.1801337614083764,-6.036708011702119,-3.122239276146359,2.3984350138872945,-0.45834382453610073
HOF ITEM
2.3403815402839436
-4.4085442505211265,1.5933951773354447,2.7842580600350284,0.9809491863901956,-0.528565993651305,-4.247869806464401,-6.9515945293356385,0.5437394397031206,-1.2895744606258108,4.164366344978684,2.2851395829488794,-5.710899685661729,-0.4187262318963911,2.1801337614083764,-5.762655172271953,-3.122239276146359,2.3984350138872945,-0.45834382453610073
seed 52
Initial fitness values: [np.float64(2.914476537647971), np.float64(2.914476537647971), np.float64(2.8884258202771163), np.float64(2.8858821239886794), np.float64(2.866393329139555), np.float64(2.864237504878025), np.float64(2.840487155050999), np.float64(2.8347875972469048), np.float64(2.820527650170961), np.float64(2.820527650170961)]
Final fitness values: [np.float64(2.8036042435202706), np.float64(2.8036042435202706), np.float64(2.8036041016308086), np.float64(2.8036039491258453), np.float64(2.803603831885704), np.float64(2.8036037265039973), np.float64(2.803603545610539), np.float64(2.803603462647576), np.float64(2.8036031305591838), np.float64(2.8036029912448814)]
HOF ITEM
2.8036029912448814
4.831642230273035,-0.6024887129290524,-3.33134347076481,4.558608579795993,-6.026307476221807,1.9896515683664922,3.540730254958893,2.5382711935459077,-2.806762799032963,5.264028133810214,1.354099234567083,2.0363298294186705,1.7449256234285189,1.3306653257711065,-3.4243324109823807,4.878974412473032,2.625365764254367,1.7534447844381424
HOF ITEM
2.8036031305591838
4.831642230273035,-0.6024887129290524,-3.33134347076481,4.558608579795993,-6.026307476221807,1.9896515683664922,3.540730254958893,2.5382711935459077,-2.806762799032963,5.264028133810214,1.733985433649543,2.4641065176880854,1.7449256234285189,1.3306653257711065,-3.4243324109823807,5.038684693556489,2.625365764254367,1.9672046666491567
HOF ITEM
2.8036031305591838
4.831642230273035,-0.6024887129290524,-3.33134347076481,4.558608579795993,-6.026307476221807,1.9896515683664922,3.540730254958893,2.5382711935459077,-2.806762799032963,5.264028133810214,1.733985433649543,2.4641065176880854,1.7449256234285189,1.3306653257711065,-3.4243324109823807,5.038684693556489,2.625365764254367,1.7534447844381424
HOF ITEM
2.8036031646554207
4.831642230273035,-0.6024887129290524,-3.33134347076481,4.558608579795993,-5.629186247656258,1.2782660378587305,3.4300719878550767,2.761805267147741,-2.664229041831498,5.076391322658291,1.354099234567083,2.3726341102073714,1.7449256234285189,1.3306653257711065,-3.4243324109823807,4.197333158576541,2.7503236419975745,1.5257393427496941
HOF ITEM
2.80360329275741
4.831642230273035,-0.6024887129290524,-3.33134347076481,4.558608579795993,-5.629186247656258,1.5466982708928039,3.6258164778303703,2.5382711935459077,-2.591435407348058,5.076391322658291,1.354099234567083,2.0363298294186705,1.7449256234285189,1.3306653257711065,-3.4243324109823807,4.878974412473032,2.625365764254367,1.9672046666491567
seed 53
Initial fitness values: [np.float64(3.3408651582956717), np.float64(2.932106861372893), np.float64(2.932106861372893), np.float64(2.7169482484009366), np.float64(2.679523555849087), np.float64(2.5913216869654234), np.float64(2.419468247928002), np.float64(2.3830840368328454), np.float64(2.336391961468867), np.float64(2.2880098028246607)]
Final fitness values: [np.float64(1.9339826441109036), np.float64(1.9339826441109036), np.float64(1.9339826441109036), np.float64(1.9339826441109036), np.float64(1.9339826441109036), np.float64(1.9339826441109036), np.float64(1.9339826441109036), np.float64(1.9339826441109036), np.float64(1.9339826441109036), np.float64(1.9339826441109036)]
HOF ITEM
1.9339826441109036
-1.3961386242311964,1.562927529556414,6.600429605097688,6.613787461174822,2.1299996963134404,-3.8389380693887363,-6.818855495129118,2.841182531185628,3.685235958555691,-4.346745610616946,1.8353615161834704,4.7387116756803636,5.265192057681407,1.7360250110554951,5.256081947624155,-0.24115522883408647,2.780154910187569,-0.45364711061318863
HOF ITEM
1.933982644110932
-1.3961386242311964,1.562927529556414,6.600429605097688,6.613787461174822,2.1299996963134404,-3.8389380693887363,-6.818855495129118,2.841182531185628,3.685235958555691,-4.346745610616946,1.8353615161834704,4.7387116756803636,5.265192057681407,1.7360250110554951,5.141542148421222,-0.24115522883408647,2.780154910187569,-0.45364711061318863
HOF ITEM
1.9339826441112002
-1.3961386242311964,1.562927529556414,6.600429605097688,6.613787461174822,2.1299996963134404,-3.8389380693887363,-6.818855495129118,2.841182531185628,3.685235958555691,-4.346745610616946,1.8353615161834704,4.7387116756803636,5.265192057681407,2.1317742701608307,5.256081947624155,-0.24115522883408647,2.780154910187569,-0.45364711061318863
HOF ITEM
1.9339826441112002
-1.3961386242311964,1.562927529556414,6.600429605097688,6.613787461174822,2.1299996963134404,-3.8389380693887363,-6.818855495129118,2.841182531185628,3.685235958555691,-4.346745610616946,1.8353615161834704,4.7387116756803636,5.265192057681407,2.1317742701608307,5.141542148421222,-0.24115522883408647,2.780154910187569,-0.45364711061318863
HOF ITEM
1.9340362189899487
-1.3961386242311964,1.562927529556414,6.600429605097688,6.613787461174822,2.1299996963134404,-3.8389380693887363,-6.818855495129118,2.841182531185628,3.685235958555691,-4.346745610616946,1.9855707283978483,4.7387116756803636,5.265192057681407,1.7360250110554951,5.256081947624155,-0.24115522883408647,2.780154910187569,-0.45364711061318863
seed 54
Initial fitness values: [np.float64(3.281404301006874), np.float64(3.1102603650358662), np.float64(3.021320272659798), np.float64(2.881183125486233), np.float64(2.8489971284675963), np.float64(2.813706611018408), np.float64(2.8061688375504668), np.float64(2.5858192805925926), np.float64(2.584420706882442), np.float64(2.584420706882442)]
Final fitness values: [np.float64(2.460849962950099), np.float64(2.460849962950099), np.float64(2.460849962950099), np.float64(2.460849962950099), np.float64(2.460849962950099), np.float64(2.460849962950099), np.float64(2.460849962950099), np.float64(2.4608496945354137), np.float64(2.4608496945354137), np.float64(2.4608496945354137)]
HOF ITEM
2.4608496945354137
2.112726312782238,0.18603896051349045,2.230738030674995,5.812031958104971,-0.43631419095102986,-0.8629546137383052,6.602647248838923,1.2597052183489064,-1.4515741004420801,1.864146782844857,0.7832040146448134,-0.7546435145902088,6.289686919535162,1.247111605333671,3.1881854190266474,1.0393832700590826,2.7104192745778124,-3.0096252894401285
HOF ITEM
2.4608496974966974
2.112726312782238,0.18603896051349045,2.230738030674995,5.812031958104971,-0.43631419095102986,-0.8629546137383052,6.446817197822364,1.2501846966006633,-1.4515741004420801,1.864146782844857,0.7832040146448134,-0.7546435145902088,6.289686919535162,1.247111605333671,3.1881854190266474,1.0393832700590826,2.7104192745778124,-3.0096252894401285
HOF ITEM
2.4608497720756004
2.112726312782238,0.18603896051349045,2.230738030674995,5.812031958104971,-0.43631419095102986,-0.8629546137383052,6.602647248838923,1.2597052183489064,-1.4515741004420801,1.864146782844857,0.7832040146448134,-0.7546435145902088,6.289686919535162,1.247111605333671,2.9158455918764954,1.0393832700590826,2.7104192745778124,-3.0096252894401285
HOF ITEM
2.460849775036877
2.112726312782238,0.18603896051349045,2.230738030674995,5.812031958104971,-0.43631419095102986,-0.8629546137383052,6.446817197822364,1.2501846966006633,-1.4515741004420801,1.864146782844857,0.7832040146448134,-0.7546435145902088,6.289686919535162,1.247111605333671,2.9158455918764954,1.0393832700590826,2.7104192745778124,-3.0096252894401285
HOF ITEM
2.4608499446403096
2.112726312782238,0.18603896051349045,2.230738030674995,5.812031958104971,-0.43631419095102986,-0.8629546137383052,6.602647248838923,1.2597052183489064,-1.4515741004420801,1.864146782844857,0.7832040146448134,-0.7546435145902088,6.75510081719033,1.247111605333671,3.1881854190266474,1.0393832700590826,2.7104192745778124,-3.0096252894401285
seed 55
Initial fitness values: [np.float64(3.0882694059266935), np.float64(3.0401325908197725), np.float64(2.9860234501641028), np.float64(2.9860234501641028), np.float64(2.9203593469656957), np.float64(2.9094728883843013), np.float64(2.889159178609205), np.float64(2.795596925542397), np.float64(2.795596925542397), np.float64(2.795596925542397)]
Final fitness values: [np.float64(2.3860067652578), np.float64(2.3860066509551374), np.float64(2.3860066509551374), np.float64(2.3860066509551374), np.float64(2.3860066509551374), np.float64(2.386006269257352), np.float64(2.386006269257352), np.float64(2.386006269257352), np.float64(2.386005769478227), np.float64(2.386005769478227)]
HOF ITEM
2.386005769478227
-6.5110911905013085,1.5677980315794129,3.2515366828745886,-2.5214794952767603,-3.8031623235649787,2.5484365738041466,3.148311811501828,3.0,3.749748785948567,-2.4043835970413467,0.7247914611189161,-6.811753142871215,-5.248883506918371,1.8804708010805609,-0.49495248504459055,1.310296940407831,1.0361706929787693,0.1544956145204449
HOF ITEM
2.386006240064015
-6.5110911905013085,1.5677980315794129,3.261834821576046,-2.685150372977123,-3.8255139726696075,2.508365587455231,3.0572179805627804,3.0,3.6054037384621704,-2.501163424335563,1.116113286455697,-6.863004093703281,-5.248883506918371,1.8804708010805609,-0.49495248504459055,1.310296940407831,1.1043790879786983,0.1544956145204449
HOF ITEM
2.386006269257352
-6.5110911905013085,1.5677980315794129,3.2515366828745886,-2.685150372977123,-3.8031623235649787,2.5484365738041466,3.0469462102891023,3.0,3.6054037384621704,-2.4043835970413467,1.116113286455697,-6.863004093703281,-5.248883506918371,1.8804708010805609,-0.49495248504459055,1.310296940407831,1.1043790879786983,0.1544956145204449
HOF ITEM
2.386006269257352
-6.5110911905013085,1.5677980315794129,3.2515366828745886,-2.685150372977123,-3.8031623235649787,2.5484365738041466,3.18810907321633,2.8190008542505485,3.6054037384621704,-2.4043835970413467,1.116113286455697,-6.863004093703281,-5.248883506918371,1.8804708010805609,-0.49495248504459055,1.310296940407831,1.1043790879786983,0.1544956145204449
HOF ITEM
2.386006269257352
-6.5110911905013085,1.5677980315794129,3.2515366828745886,-2.685150372977123,-3.8031623235649787,2.5484365738041466,3.0572179805627804,3.0,3.6054037384621704,-2.4043835970413467,1.116113286455697,-6.863004093703281,-5.248883506918371,1.8804708010805609,-0.49495248504459055,1.310296940407831,1.1043790879786983,0.1544956145204449
seed 56
Initial fitness values: [np.float64(3.3083039760368136), np.float64(3.2224909847888323), np.float64(3.0510513312502323), np.float64(2.8861748640279936), np.float64(2.8296821964378025), np.float64(2.8296821964378025), np.float64(2.7754156423438), np.float64(2.7249156610115786), np.float64(2.715978471629187), np.float64(2.70854915201478)]
Final fitness values: [np.float64(2.3776533397165895), np.float64(2.3776225805683433), np.float64(2.3774325666865614), np.float64(2.3774103703554337), np.float64(2.3773577316475727), np.float64(2.3773577316475727), np.float64(2.3773576202145055), np.float64(2.3773576202145055), np.float64(2.3773575719714533), np.float64(2.3773575719714533)]
HOF ITEM
2.3773575719714533
-5.564065201662542,1.5540834171275963,4.451540946574449,-0.819778168985185,-0.046958864397284326,6.431209024852373,-3.4640558955476575,0.0,-4.2003932094362355,-3.5112422281257256,2.3183270447897213,1.5201438824801068,-5.141876930771796,2.391498601084337,3.9979930198979536,-4.998614743872939,2.064145544059692,-5.990459653815079
HOF ITEM
2.3773575719714533
-5.564065201662542,1.5540834171275963,4.451540946574449,-0.819778168985185,-0.046958864397284326,6.431209024852373,-3.4640558955476575,0.0,-4.2003932094362355,-3.5112422281257256,2.3183270447897213,1.5201438824801068,-5.141876930771796,2.2617678570040165,3.838558185643744,-4.998614743872939,2.064145544059692,-5.990459653815079
HOF ITEM
2.3773576202145055
-5.564065201662542,1.5540834171275963,4.451540946574449,-0.819778168985185,-0.046958864397284326,6.431209024852373,-3.4640558955476575,0.0,-4.014623358483196,-3.610284544936873,2.3183270447897213,1.5201438824801068,-5.141876930771796,2.391498601084337,4.3200842039436,-4.998614743872939,2.064145544059692,-5.990459653815079
HOF ITEM
2.3773576202145055
-5.564065201662542,1.5540834171275963,4.451540946574449,-0.819778168985185,-0.046958864397284326,6.431209024852373,-3.4640558955476575,0.0,-4.014623358483196,-3.610284544936873,2.3183270447897213,1.509137856756037,-5.141876930771796,2.391498601084337,4.3200842039436,-4.998614743872939,2.064145544059692,-5.990459653815079
HOF ITEM
2.3773576202145055
-5.564065201662542,1.5540834171275963,4.451540946574449,-0.819778168985185,-0.046958864397284326,6.431209024852373,-3.4640558955476575,0.0,-4.014623358483196,-3.610284544936873,2.3183270447897213,1.509137856756037,-5.141876930771796,2.2617678570040165,3.838558185643744,-4.998614743872939,2.064145544059692,-5.990459653815079
seed 57
Initial fitness values: [np.float64(3.6815892207840806), np.float64(3.3034549281442462), np.float64(2.7177982714640523), np.float64(2.7177982714640523), np.float64(2.679839107834545), np.float64(2.637881075148222), np.float64(2.637881075148222), np.float64(2.6127933823672858), np.float64(2.6097866737923248), np.float64(2.6016948634471215)]
Final fitness values: [np.float64(2.4344735300882774), np.float64(2.4344735300882774), np.float64(2.4343228358002333), np.float64(2.4343228358002333), np.float64(2.433239828193014), np.float64(2.433239828193014), np.float64(2.431451967090908), np.float64(2.4311833846115167), np.float64(2.430336228068743), np.float64(2.430336228068743)]
HOF ITEM
2.430336228068743
1.6003254258890114,0.4114716998436093,-0.6966302703890298,-2.1753118803440348,3.4816008413202093,-0.2912576523238694,2.896930326135929,2.5365239410123785,2.107258462566407,-6.177964737938307,2.6644292906340374,-5.213310804560494,6.716246855276996,1.927375733000607,-1.6693495519915365,1.1302868789771097,3.0,-0.8958862633669014
HOF ITEM
2.430336228068743
1.6003254258890114,0.4114716998436093,-0.6966302703890298,-2.1753118803440348,3.4816008413202093,-0.2912576523238694,2.896930326135929,2.5365239410123785,2.107258462566407,-6.013897761845098,2.6644292906340374,-5.213310804560494,7.0,1.927375733000607,-1.6693495519915365,1.1302868789771097,3.0,-0.8958862633669014
HOF ITEM
2.430336228068743
1.6003254258890114,0.4114716998436093,-0.6966302703890298,-2.1753118803440348,3.4816008413202093,-0.2912576523238694,2.896930326135929,2.5365239410123785,2.107258462566407,-6.177964737938307,2.6644292906340374,-5.213310804560494,7.0,2.087346021258958,-1.6693495519915365,1.1302868789771097,3.0,-0.8958862633669014
HOF ITEM
2.430336228068743
1.6003254258890114,0.4114716998436093,-0.6966302703890298,-2.1753118803440348,3.4816008413202093,-0.2912576523238694,2.896930326135929,2.5365239410123785,2.107258462566407,-6.013897761845098,2.6644292906340374,-5.213310804560494,7.0,2.087346021258958,-1.6693495519915365,1.1302868789771097,3.0,-0.8958862633669014
HOF ITEM
2.431072253256291
1.6128427517810524,0.4065387180875211,-0.6966302703890298,-2.4594465925871067,3.1441342558656173,-0.2912576523238694,2.8111462098071516,2.799321073022166,2.36599295743292,-6.177964737938307,2.6644292906340374,-5.18714418074818,6.716246855276996,1.927375733000607,-1.6693495519915365,1.1302868789771097,3.0,-0.8958862633669014
seed 58
Initial fitness values: [np.float64(3.0960215304996828), np.float64(2.9900410689798136), np.float64(2.973795048337027), np.float64(2.9162755293255644), np.float64(2.865904372770842), np.float64(2.8600123682109584), np.float64(2.80241048399885), np.float64(2.802145680539482), np.float64(2.764455628675499), np.float64(2.703771045888448)]
Final fitness values: [np.float64(2.2498388496834405), np.float64(2.2498388496834405), np.float64(2.2498388496834405), np.float64(2.2498388496834405), np.float64(2.2498388496834405), np.float64(2.2498388496834405), np.float64(2.2487643836993247), np.float64(2.2487643836993247), np.float64(2.2487643836993247), np.float64(2.2487643836993247)]
HOF ITEM
2.2472782757986502
-5.8588417985483545,1.6526368278103638,-3.091092335727762,2.306141153795009,4.242962630774439,-3.5247224973562346,-4.6717377491255885,2.026552503039327,-1.0054081031487827,0.952207057516976,0.0,7.0,-5.252656376739239,1.7530871251850724,4.852789015632964,0.7388294735445563,3.0,-0.1411281928226311
HOF ITEM
2.2487643836993247
-5.8588417985483545,1.6526368278103638,-3.0530682701886755,2.306141153795009,4.375841378066536,-3.5247224973562346,-4.673434219824196,2.033171396013632,-1.0054081031487827,0.7665719877715339,0.0,6.897984016863221,-5.265159267884494,1.7530871251850724,5.142105398296882,0.4351262396957928,2.794562087448801,-0.24446439408771678
HOF ITEM
2.2487643836993247
-5.8588417985483545,1.6526368278103638,-3.0530682701886755,2.306141153795009,4.375841378066536,-3.5247224973562346,-4.673434219824196,2.033171396013632,-1.0054081031487827,0.7665719877715339,0.0,6.897984016863221,-5.265159267884494,1.7530871251850724,5.142105398296882,0.4351262396957928,2.794562087448801,-0.05523866175147438
HOF ITEM
2.249114960360336
-5.8588417985483545,1.6526368278103638,-3.0530682701886755,2.306141153795009,4.375841378066536,-3.5247224973562346,-4.673434219824196,2.033171396013632,-1.0054081031487827,0.7559561786862959,0.0043078745299780985,6.897984016863221,-5.265159267884494,1.7530871251850724,5.142105398296882,0.4351262396957928,2.794562087448801,-0.05523866175147438
HOF ITEM
2.2496421323035944
-5.8588417985483545,1.6526368278103638,-3.0530682701886755,2.306141153795009,4.375841378066536,-3.5247224973562346,-4.673434219824196,2.033171396013632,-1.0054081031487827,0.7665719877715339,0.0043078745299780985,7.0,-5.265159267884494,1.7530871251850724,5.142105398296882,0.4351262396957928,2.794562087448801,-0.05523866175147438
seed 59
Initial fitness values: [np.float64(3.140075776252069), np.float64(2.812258362299533), np.float64(2.7933630736988837), np.float64(2.732806666585403), np.float64(2.668360896183943), np.float64(2.668360896183943), np.float64(2.6344247744891165), np.float64(2.6306043517177846), np.float64(2.6306043517177846), np.float64(2.627038844571616)]
Final fitness values: [np.float64(2.5559190672469527), np.float64(2.5536477677525484), np.float64(2.55099005196796), np.float64(2.550989911173566), np.float64(2.547959385339343), np.float64(2.547362994776461), np.float64(2.547362994776461), np.float64(2.5468647259874464), np.float64(2.5468647259874464), np.float64(2.5468647259874464)]
HOF ITEM
2.5468647259874464
4.076074115040711,-1.019453174772783,-5.632776014762893,2.528465664962626,6.183230520574299,2.1983941312366393,5.373191508306332,1.2033135278993707,7.0,5.959954586848396,2.0069832096762226,3.2174118945350214,1.054607622727145,2.4964261269031556,-3.186024047462984,-6.874584549596063,0.0,3.258567287001416
HOF ITEM
2.5468647259874464
4.076074115040711,-1.019453174772783,-5.632776014762893,2.528465664962626,6.183230520574299,2.1983941312366393,5.373191508306332,1.2033135278993707,7.0,5.959954586848396,2.0069832096762226,3.0735956808830416,1.054607622727145,2.4964261269031556,-3.186024047462984,-6.874584549596063,0.0,3.258567287001416
HOF ITEM
2.5468647259874464
4.076074115040711,-1.019453174772783,-5.632776014762893,2.528465664962626,6.183230520574299,2.1983941312366393,5.373191508306332,1.2033135278993707,7.0,5.959954586848396,1.8019144195158932,3.0735956808830416,1.054607622727145,2.4964261269031556,-3.186024047462984,-6.874584549596063,0.0,3.258567287001416
HOF ITEM
2.5468730841760383
4.076074115040711,-1.019453174772783,-5.632776014762893,2.528465664962626,6.183230520574299,2.1983941312366393,5.373191508306332,1.2033135278993707,7.0,5.959954586848396,1.8019144195158932,3.0735956808830416,1.054607622727145,2.4964261269031556,-3.186024047462984,-7.0,0.0,3.4370866614448903
HOF ITEM
2.5468730841760383
4.076074115040711,-1.019453174772783,-5.632776014762893,2.528465664962626,6.183230520574299,2.1983941312366393,5.373191508306332,1.2033135278993707,7.0,5.959954586848396,2.0069832096762226,3.2174118945350214,1.054607622727145,2.4964261269031556,-3.186024047462984,-7.0,0.0,3.4370866614448903
best parameter set
fitness 1.9227240678280801 seed 53
-1.3936287712771873,1.5443464962321898,6.600387165628314,6.613787904544596,2.1299264144707446,-3.838936923218424,-6.818855495129118,2.841182531185628,3.685529567365811,-4.346752294296299,1.8353620663739074,4.738614514357766,5.265192057681407,1.7360250110554951,5.256081947624155,-0.24827008043976334,2.7780923601730705,-0.4517106487041323
