seeds are [570 571 572 573 574 575 576 577 578 579]
seed 570
Initial fitness values: [np.float64(5.9060200698003005), np.float64(5.7969068963286805), np.float64(5.409249596512944), np.float64(5.327484131232028), np.float64(5.278284692932246), np.float64(5.158668240589388), np.float64(4.971162604810242), np.float64(4.9206045814043105), np.float64(4.858116840749545), np.float64(4.858116840749545)]
Final fitness values: [np.float64(4.5096137082222585), np.float64(4.509523353650257), np.float64(4.509494566606593), np.float64(4.509493274961299), np.float64(4.509488529779402), np.float64(4.508456518202887), np.float64(4.508456518202887), np.float64(4.508456518202887), np.float64(4.508456518202887), np.float64(4.508435393767169)]
HOF ITEM
4.508435393767169
3.62994229349186,-0.8681691472223066,6.161421989401873,-6.50473977120674,6.835450819993232,-2.2386632475090638,5.736180988599573,1.2703819829448832,-6.362500628386641,5.4657232901582375,1.08831528798649,-4.0642527256183865,-0.5137232407209693,3.0,4.510506880295508,1.2686824956268299,2.4215340850250446,-0.45461668079909207
HOF ITEM
4.508455746400166
3.62994229349186,-0.8681691472223066,6.310544969824509,-6.583659456908669,7.0,-2.4978507299533526,6.161919867413688,1.0388951748854471,-6.057180251446696,5.4812391573556,1.08831528798649,-3.9349158743904225,-0.6201266823703133,3.0,4.27712739322272,1.2686824956268299,2.4215340850250446,-0.45461668079909207
HOF ITEM
4.508456078232469
3.62994229349186,-0.8681691472223066,6.310544969824509,-6.48423288210443,6.948915746075563,-2.4978507299533526,5.736180988599573,1.0388951748854471,-6.057180251446696,5.3452808490105745,0.9277533911289901,-3.894901512357847,-0.6201266823703133,3.0,4.24725085477876,1.2686824956268299,2.4215340850250446,-0.45461668079909207
HOF ITEM
4.508456516831295
3.62994229349186,-0.8681691472223066,6.310544969824509,-6.48423288210443,6.948915746075563,-2.4978507299533526,6.13506104087117,1.6276896030520076,-6.057180251446696,5.3452808490105745,0.9277533911289901,-3.9349158743904225,-0.6201266823703133,3.0,4.510506880295508,1.2686824956268299,2.4215340850250446,-0.45461668079909207
HOF ITEM
4.508456516831295
3.62994229349186,-0.8681691472223066,6.310544969824509,-6.48423288210443,6.948915746075563,-2.4978507299533526,6.13506104087117,1.6276896030520076,-6.057180251446696,5.3452808490105745,1.08831528798649,-3.9349158743904225,-0.6201266823703133,3.0,4.510506880295508,1.2686824956268299,2.4215340850250446,-0.45461668079909207
seed 571
Initial fitness values: [np.float64(6.392444500780036), np.float64(6.043769004065765), np.float64(5.652063780474155), np.float64(5.608875405813532), np.float64(5.413392247730798), np.float64(5.208649961996402), np.float64(5.208649961996402), np.float64(5.162015819991957), np.float64(5.067147351125516), np.float64(4.873264473053295)]
Final fitness values: [np.float64(4.262341663087584), np.float64(4.262341663087584), np.float64(4.262341663087584), np.float64(4.262340927727495), np.float64(4.262340927727495), np.float64(4.262340927716749), np.float64(4.26233740949993), np.float64(4.262337288281592), np.float64(4.2623365891939935), np.float64(4.262336589183245)]
HOF ITEM
4.262336589183245
-0.8664280363868408,1.3226926430891128,4.802283529984233,2.850755481132673,-6.237963241882964,4.622386683180571,0.03253129574564345,2.831346854873415,-1.723050206233765,4.718678941257696,0.6484006248873448,-3.0624352356374924,6.290726552513446,1.2245141497096448,-5.111497698407097,6.665414651755096,0.0,3.9972069560105794
HOF ITEM
4.2623365891939935
-0.8664280363868408,1.3226926430891128,4.802283529984233,2.850755481132673,-6.237963241882964,4.622386683180571,0.03253129574564345,2.831346854873415,-1.723050206233765,4.718678941257696,0.6484006248873448,-3.0624352356374924,6.290726552513446,1.2245141497096448,-4.654970784813796,6.665414651755096,0.0,3.9972069560105794
HOF ITEM
4.262337288281592
-0.8664280363868408,1.3226926430891128,4.802283529984233,2.850755481132673,-6.237963241882964,4.622386683180571,0.03253129574564345,2.831346854873415,-1.723050206233765,4.718678941257696,0.6484006248873448,-3.2491498845524496,6.290726552513446,1.2245141497096448,-5.111497698407097,6.665414651755096,0.0,3.9972069560105794
HOF ITEM
4.26233728829234
-0.8664280363868408,1.3226926430891128,4.802283529984233,2.850755481132673,-6.237963241882964,4.622386683180571,0.03253129574564345,2.831346854873415,-1.723050206233765,4.718678941257696,0.6484006248873448,-3.2491498845524496,6.290726552513446,1.2245141497096448,-4.654970784813796,6.665414651755096,0.0,3.9972069560105794
HOF ITEM
4.26233740949993
-0.8664280363868408,1.3226926430891128,4.802283529984233,2.850755481132673,-6.237963241882964,4.622386683180571,0.03253129574564345,2.831346854873415,-1.723050206233765,4.718678941257696,0.6484006248873448,-3.2491498845524496,6.290726552513446,1.2245141497096448,-5.111497698407097,6.740329272093399,0.0,3.9972069560105794
seed 572
Initial fitness values: [np.float64(6.093972076100394), np.float64(5.275463197140955), np.float64(5.275463197140955), np.float64(4.641673365554522), np.float64(4.641673365554522), np.float64(4.622622277073937), np.float64(4.515580962582138), np.float64(4.469086081954885), np.float64(4.397837707842353), np.float64(4.33814304870244)]
Final fitness values: [np.float64(4.229843488892578), np.float64(4.229843488892578), np.float64(4.229654930822541), np.float64(4.229654930822541), np.float64(4.218235505222308), np.float64(4.218235505222305), np.float64(4.218235505222305), np.float64(4.217725474439051), np.float64(4.217725474417534), np.float64(4.217725474417534)]
HOF ITEM
4.217725474417534
-4.553290458427537,1.5917845919411162,3.037628016354798,-1.5318032954645744,1.5798888466031542,0.14137743055590307,-3.450862352615195,2.3512618124869933,-2.4323975875491746,-6.978873987290958,1.335030740393108,1.9154731000681735,3.3381713423331485,1.7225148482637351,-4.571496428430795,6.7979388729461,2.781464716824947,4.293299424831381
HOF ITEM
4.217725474417534
-4.553290458427537,1.5917845919411162,3.037628016354798,-1.5318032954645744,1.5798888466031542,0.14137743055590307,-3.450862352615195,2.3512618124869933,-2.4323975875491746,-6.978873987290958,1.335030740393108,1.9154731000681735,3.3381713423331485,2.2495881822676616,-4.571496428430795,6.7979388729461,2.781464716824947,4.293299424831381
HOF ITEM
4.217725474417534
-4.553290458427537,1.5917845919411162,3.037628016354798,-1.5318032954645744,1.5798888466031542,0.14137743055590307,-3.450862352615195,2.3512618124869933,-2.4323975875491746,-6.978873987290958,1.335030740393108,1.9154731000681735,3.3381713423331485,2.2495881822676616,-4.571496428430795,6.7979388729461,2.66061094330836,4.293299424831381
HOF ITEM
4.217725474417534
-4.553290458427537,1.5917845919411162,3.037628016354798,-1.5318032954645744,1.5798888466031542,0.14137743055590307,-3.450862352615195,2.3512618124869933,-2.4323975875491746,-6.978873987290958,1.335030740393108,1.9154731000681735,3.3381713423331485,1.6956830136374703,-4.571496428430795,6.7979388729461,2.66061094330836,4.293299424831381
HOF ITEM
4.217725474439051
-4.553290458427537,1.5917845919411162,3.037628016354798,-1.5318032954645744,1.5798888466031542,0.14137743055590307,-3.450862352615195,2.3512618124869933,-2.4323975875491746,-6.978873987290958,1.335030740393108,1.9154731000681735,3.3381713423331485,1.3503649642000617,-4.571496428430795,6.697257718264241,2.66061094330836,4.293299424831381
seed 573
Initial fitness values: [np.float64(5.2660072541202405), np.float64(4.771170874337127), np.float64(4.771170874337127), np.float64(4.679222138785498), np.float64(4.625925774159052), np.float64(4.566088469880391), np.float64(4.506352028602486), np.float64(4.475467932713401), np.float64(4.422311198149197), np.float64(4.422311198149197)]
Final fitness values: [np.float64(4.282336406253506), np.float64(4.282336406253506), np.float64(4.282336406253506), np.float64(4.282336406253506), np.float64(4.2820406511317834), np.float64(4.2820406511317834), np.float64(4.280642805732425), np.float64(4.280642805732425), np.float64(4.280621948158158), np.float64(4.280480164190834)]
HOF ITEM
4.280480164190834
-3.2185465576744554,1.5634618583093147,2.2025500636117252,4.313111056923357,4.888894562543797,-5.287396253340888,-2.3398682024535864,2.7252859180307256,-6.467991498346732,5.399372233482023,0.19990888204352353,-6.772504223094682,0.12464633323732993,1.6948150272029325,0.5532377904730983,5.212172024313775,0.601866725604271,1.4685327842086546
HOF ITEM
4.280621948158158
-3.2185465576744554,1.5634618583093147,1.665519394443999,4.201695413510139,5.352357129030367,-5.645793046415712,-2.3398682024535864,2.7252859180307256,-6.467991498346732,5.219606339033311,0.3719017555529493,-6.914832487776954,-0.14731207626257758,1.8958369056120088,0.49577394586813806,5.07431404181141,0.601866725604271,1.4643608904474328
HOF ITEM
4.28064081480678
-3.2185465576744554,1.5634618583093147,1.665519394443999,4.201695413510139,5.352357129030367,-5.645793046415712,-2.3398682024535864,2.7252859180307256,-6.467991498346732,5.469421351960948,0.0,-6.848201119417985,-0.14731207626257758,2.041911949326049,0.8403882261346267,5.123641405169464,0.601866725604271,1.4643608904474328
HOF ITEM
4.280640817185583
-3.2185465576744554,1.5634618583093147,1.665519394443999,4.201695413510139,5.352357129030367,-5.645793046415712,-2.3398682024535864,2.7252859180307256,-6.467991498346732,5.469421351960948,0.0,-6.9332144244820295,-0.14731207626257758,2.041911949326049,0.8403882261346267,5.123641405169464,0.601866725604271,1.4643608904474328
HOF ITEM
4.280640964983187
-3.2185465576744554,1.5634618583093147,1.665519394443999,4.201695413510139,5.352357129030367,-5.645793046415712,-2.3398682024535864,2.7252859180307256,-6.467991498346732,5.399372233482023,0.0,-6.9332144244820295,-0.14731207626257758,2.041911949326049,0.8403882261346267,5.123641405169464,0.5885702069760451,1.4643608904474328
seed 574
Initial fitness values: [np.float64(5.922625401648796), np.float64(5.606356878610174), np.float64(5.536851445917322), np.float64(5.143522306865814), np.float64(5.125613945992502), np.float64(5.125613945992502), np.float64(4.931405166686881), np.float64(4.697602272844465), np.float64(4.598087684695266), np.float64(4.563700159061846)]
Final fitness values: [np.float64(4.328510539396985), np.float64(4.328510539396985), np.float64(4.328510539396985), np.float64(4.328510539396985), np.float64(4.328510539396985), np.float64(4.327815044646687), np.float64(4.327815044646687), np.float64(4.327814843113335), np.float64(4.327814843113335), np.float64(4.32491841726773)]
HOF ITEM
4.32491841726773
-1.0344213536600864,1.2378685377132483,-0.09479343117788684,2.6575782346854395,3.9325388803463386,-3.0897974403734763,-0.19837554354659376,2.476564291363395,-2.3570134090310866,2.7868106579482665,2.830860540944415,4.565737993240001,3.121287831408912,1.6571392286731423,-3.4706980673190504,1.7777003842325771,1.8286907492201911,-4.391275111263942
HOF ITEM
4.327550671134512
-1.0344213536600864,1.2378685377132483,-0.09479343117788684,2.6575782346854395,3.9325388803463386,-3.0897974403734763,-0.19837554354659376,2.4701546379708117,-2.3570134090310866,2.7868106579482665,2.830860540944415,3.891752701970473,3.121287831408912,1.5739649423836026,-3.4706980673190504,1.7777003842325771,2.0065271121062906,-4.343847903831365
HOF ITEM
4.327550671134512
-1.0344213536600864,1.2378685377132483,-0.09479343117788684,2.6575782346854395,3.9325388803463386,-3.0897974403734763,-0.19837554354659376,2.4701546379708117,-2.3570134090310866,3.262533083146127,2.6219102396995364,3.891752701970473,3.121287831408912,1.5739649423836026,-3.4706980673190504,1.7777003842325771,2.0065271121062906,-4.343847903831365
HOF ITEM
4.327813541200496
-1.0344213536600864,1.2378685377132483,-0.09479343117788684,2.6575782346854395,3.9325388803463386,-3.0897974403734763,-0.19837554354659376,2.4701546379708117,-2.3570134090310866,2.7868106579482665,2.830860540944415,3.891752701970473,3.121287831408912,1.5739649423836026,-3.4706980673190504,1.7777003842325771,1.8286907492201911,-4.082076246473873
HOF ITEM
4.327814843113335
-1.0344213536600864,1.2378685377132483,-0.09479343117788684,2.6575782346854395,3.9325388803463386,-3.0897974403734763,-0.19837554354659376,2.4701546379708117,-2.3570134090310866,3.262533083146127,2.6219102396995364,3.9240214873873995,3.121287831408912,1.5739649423836026,-3.4706980673190504,1.7777003842325771,1.8286907492201911,-4.343847903831365
seed 575
Initial fitness values: [np.float64(5.220643273605976), np.float64(5.220643273605976), np.float64(4.6747503133925585), np.float64(4.6747503133925585), np.float64(4.560711857483552), np.float64(4.493238474498711), np.float64(4.4587469966851305), np.float64(4.452738437920708), np.float64(4.430888130023254), np.float64(4.369188588576836)]
Final fitness values: [np.float64(3.8496143343380127), np.float64(3.8496143343380127), np.float64(3.8496143343380127), np.float64(3.8496143343380127), np.float64(3.8496143343380127), np.float64(3.8485782393340235), np.float64(3.8485782393340235), np.float64(3.8485572587488313), np.float64(3.8485572587488313), np.float64(3.8485572587488313)]
HOF ITEM
3.8485572587488313
-2.65903821447733,1.8697186221723556,6.4345971704943565,7.0,1.9830939094903268,1.2865016919935048,0.2952245931472296,0.5004678811167219,-6.5336475552903694,1.3209311783120405,0.05625550542648061,5.209703057509623,-2.50339560923277,1.1349935934917643,1.740146746653875,3.4504661299287696,0.17022316736732326,1.13186692810121
HOF ITEM
3.8485782393340235
-2.65903821447733,1.8697186221723556,6.4345971704943565,7.0,1.9830939094903268,1.2865016919935048,0.2952245931472296,0.5004678811167219,-6.6807626715503945,1.3209311783120405,0.05625550542648061,5.209703057509623,-2.50339560923277,1.1349935934917643,1.740146746653875,3.4504661299287696,0.17022316736732326,1.13186692810121
HOF ITEM
3.8496032536346445
-2.65903821447733,1.8697186221723556,6.4345971704943565,7.0,1.9830939094903268,1.2865016919935048,0.2952245931472296,0.5004678811167219,-6.6807626715503945,1.3209311783120405,0.05625550542648061,5.209703057509623,-2.50339560923277,1.1349935934917643,1.740146746653875,3.1182428459623073,0.17022316736732326,1.13186692810121
HOF ITEM
3.8496143343380127
-2.65903821447733,1.8697186221723556,6.4345971704943565,7.0,1.9830939094903268,1.2865016919935048,0.2952245931472296,0.5004678811167219,-6.5336475552903694,1.3209311783120405,0.05625550542648061,5.209703057509623,-2.50339560923277,1.1349935934917643,1.740146746653875,3.1182428459623073,0.17022316736732326,1.13186692810121
HOF ITEM
3.8536481401160447
-2.65903821447733,1.8697186221723556,6.4345971704943565,7.0,1.9830939094903268,1.2865016919935048,0.2952245931472296,0.5004678811167219,-6.628537874793806,1.3209311783120405,0.05625550542648061,5.209703057509623,-2.50339560923277,1.1382613929257686,1.740146746653875,3.1182428459623073,0.17022316736732326,1.13186692810121
seed 576
Initial fitness values: [np.float64(5.941636161993035), np.float64(5.200357024716525), np.float64(4.761116439620204), np.float64(4.688679603560032), np.float64(4.624772963086569), np.float64(4.5469364824084835), np.float64(4.518094062027951), np.float64(4.459868777661354), np.float64(4.4596254388995105), np.float64(4.350216802315119)]
Final fitness values: [np.float64(4.249276350299622), np.float64(4.249276273589646), np.float64(4.249275549983311), np.float64(4.249274113273289), np.float64(4.249274109918896), np.float64(4.24926546731185), np.float64(4.24926546731185), np.float64(4.24926546731185), np.float64(4.249265462201553), np.float64(4.2492642117664)]
HOF ITEM
4.2492642117664
-1.7524214305704517,1.4858428134485964,3.119780518108765,6.216912217001371,-2.2017689585709554,7.0,5.534562838573446,2.955618132782107,4.371341689491495,-0.5616799105832743,2.8318490712631745,0.4667660819216849,4.1697636532764815,1.93692197553238,4.333246338961011,-7.0,0.0,4.769096798003346
HOF ITEM
4.249265462201553
-1.7524214305704517,1.4858428134485964,3.119780518108765,6.216912217001371,-2.2017689585709554,6.912814954766584,5.534562838573446,2.726653145075456,4.371341689491495,-0.5616799105832743,2.8318490712631745,0.4667660819216849,4.112522022360656,2.1057339650787132,3.5476804797922337,-6.166663366162117,0.0,4.817114127438444
HOF ITEM
4.2492654672575245
-1.7524214305704517,1.4858428134485964,3.119780518108765,6.216912217001371,-2.2017689585709554,6.912814954766584,5.534562838573446,2.726653145075456,4.371341689491495,-0.5616799105832743,2.8318490712631745,0.4667660819216849,3.922446865783714,2.3079426097650986,4.125965247630329,-6.783468519035967,0.0,4.817114127438444
HOF ITEM
4.24926546731185
-1.7524214305704517,1.4858428134485964,3.119780518108765,6.216912217001371,-2.2017689585709554,6.912814954766584,5.534562838573446,2.726653145075456,3.7154905473546025,-0.5616799105832743,2.8318490712631745,0.4667660819216849,3.947399961958649,1.93692197553238,4.125965247630329,-6.783468519035967,0.0,4.817114127438444
HOF ITEM
4.24926546731185
-1.7524214305704517,1.4858428134485964,3.119780518108765,6.216912217001371,-2.2017689585709554,6.912814954766584,4.997458909151359,3.0,4.371341689491495,-0.5616799105832743,2.8318490712631745,0.4667660819216849,3.947399961958649,1.93692197553238,4.125965247630329,-6.783468519035967,0.0,4.817114127438444
seed 577
Initial fitness values: [np.float64(5.811778271338911), np.float64(5.792001956889683), np.float64(5.740490933226901), np.float64(5.563939536135777), np.float64(5.442187800274555), np.float64(5.194026985955874), np.float64(4.959628876131051), np.float64(4.489655153023659), np.float64(4.489655153023659), np.float64(4.489655153023659)]
Final fitness values: [np.float64(4.237237615704987), np.float64(4.237237615704987), np.float64(4.237237615704987), np.float64(4.237237615704987), np.float64(4.237237615704987), np.float64(4.237228449434433), np.float64(4.236914654783314), np.float64(4.236914654783314), np.float64(4.236914654783314), np.float64(4.236912445472402)]
HOF ITEM
4.236912445472402
-2.8531875119871,1.5677119642620982,0.2228707148095431,-6.274243068632827,6.092397565595336,-2.33850242819154,-1.6778553242673142,2.8286909256721686,-2.1243679732979563,-1.7626314281509619,0.0,-2.9861744140383224,-6.362499936697922,3.0,-5.134417811777811,3.5518395700029943,0.0,-6.32745587369584
HOF ITEM
4.236912596263552
-2.8531875119871,1.5677119642620982,0.2228707148095431,-6.271148853036382,6.092397565595336,-2.33850242819154,-1.6778553242673142,2.8286909256721686,-2.1243679732979563,-1.7626314281509619,0.0,-2.9861744140383224,-6.362499936697922,3.0,-5.134417811777811,3.5518395700029943,0.0,-6.32745587369584
HOF ITEM
4.236914654783314
-2.8531875119871,1.5677119642620982,0.2228707148095431,-6.274243068632827,6.092397565595336,-2.33850242819154,-1.6778553242673142,2.8286909256721686,-2.1243679732979563,-1.7626314281509619,0.0,-2.9861744140383224,-6.0192336530193655,3.0,-5.134417811777811,3.5518395700029943,0.0,-6.125184749724506
HOF ITEM
4.236914654783314
-2.8531875119871,1.5677119642620982,0.2228707148095431,-6.274243068632827,6.092397565595336,-2.33850242819154,-1.6778553242673142,2.8286909256721686,-2.1243679732979563,-1.7626314281509619,0.0,-2.9861744140383224,-6.362499936697922,3.0,-5.134417811777811,3.5518395700029943,0.0,-6.125184749724506
HOF ITEM
4.236914805574425
-2.8531875119871,1.5677119642620982,0.2228707148095431,-6.271148853036382,6.092397565595336,-2.33850242819154,-1.6778553242673142,2.8286909256721686,-2.1243679732979563,-1.7626314281509619,0.0,-2.9861744140383224,-6.362499936697922,3.0,-5.134417811777811,3.5518395700029943,0.0,-6.125184749724506
seed 578
Initial fitness values: [np.float64(5.980857055902985), np.float64(5.45536578326475), np.float64(5.296987028287167), np.float64(5.296987028287167), np.float64(5.274900766761597), np.float64(5.160446690796201), np.float64(5.139698122844823), np.float64(5.139528629241314), np.float64(5.131910375712578), np.float64(5.069139983222453)]
Final fitness values: [np.float64(4.271156319043893), np.float64(4.271109446697862), np.float64(4.271102914955112), np.float64(4.27105085908298), np.float64(4.27105085908298), np.float64(4.271050584451752), np.float64(4.271050584451752), np.float64(4.271039755238721), np.float64(4.271028096081622), np.float64(4.271027862968552)]
HOF ITEM
4.271027862968552
-3.2202971339556514,1.3967335701705905,-3.4708940373692307,1.4396582576908286,-5.393259697641231,1.057647019053514,-0.4958668940015657,1.1452333540406194,4.365083794339927,3.7857880227593497,0.7912135219210353,0.9519241817680131,-2.036446527755703,1.7061122328989484,-2.227991921768394,-6.36184056622322,0.13901932942781078,2.6675962680310112
HOF ITEM
4.271028096081622
-3.2202971339556514,1.3967335701705905,-3.4708940373692307,1.4396582576908286,-5.393259697641231,1.057647019053514,-0.4958668940015657,1.1452333540406194,4.365083794339927,3.7857880227593497,0.7912135219210353,0.9519241817680131,-2.036446527755703,1.7061122328989484,-2.227991921768394,-6.310471938847705,0.37913694284691407,2.6675962680310112
HOF ITEM
4.271028256473683
-3.2202971339556514,1.3967335701705905,-3.4708940373692307,1.4396582576908286,-5.393259697641231,1.057647019053514,-0.4958668940015657,1.1452333540406194,4.365083794339927,3.7857880227593497,0.7912135219210353,0.9519241817680131,-2.036446527755703,1.7061122328989484,-2.227991921768394,-6.602924085992326,0.37913694284691407,2.6675962680310112
HOF ITEM
4.271039755238721
-3.2202971339556514,1.3967335701705905,-3.4708940373692307,1.4396582576908286,-5.393259697641231,1.0044483588188509,-0.4958668940015657,1.1452333540406194,4.365083794339927,4.055765209906493,1.0735692427113497,0.9519241817680131,-2.036446527755703,1.7061122328989484,-2.227991921768394,-6.203465151241293,0.37913694284691407,2.6675962680310112
HOF ITEM
4.271050584451752
-3.2202971339556514,1.3967335701705905,-3.472059681746229,1.4396582576908286,-5.393259697641231,1.057647019053514,-0.4958668940015657,1.1452333540406194,4.365083794339927,3.7857880227593497,0.7912135219210353,0.9519241817680131,-2.036446527755703,1.7061122328989484,-2.227991921768394,-6.310471938847705,0.13901932942781078,2.6675962680310112
seed 579
Initial fitness values: [np.float64(5.92117431692188), np.float64(5.1024138384460285), np.float64(5.031156568506343), np.float64(4.8236715339515115), np.float64(4.8236715339515115), np.float64(4.773735873683762), np.float64(4.725461590141682), np.float64(4.583251839568001), np.float64(4.417552573740517), np.float64(4.417543195603699)]
Final fitness values: [np.float64(4.288771574527165), np.float64(4.288771574527165), np.float64(4.288771574527165), np.float64(4.288771574527165), np.float64(4.288771574527165), np.float64(4.288242361266205), np.float64(4.288242361266205), np.float64(4.288242361266205), np.float64(4.288242361266205), np.float64(4.288242361266205)]
HOF ITEM
4.288242361266205
-6.2546637778993475,1.5692158313966575,0.08946702696067534,-2.432437939586911,-2.7868389642740508,1.7117838816692894,-5.188799592031124,1.9269709131789499,-1.8360310605256969,-0.02727233852275257,0.38863066777779326,-6.769614155842724,5.1028369722893885,2.2581659669530616,3.4336126631572497,0.26399285124648314,1.1285563708871267,1.3867838242685326
HOF ITEM
4.288242361266205
-6.2546637778993475,1.5692158313966575,0.08946702696067534,-2.432437939586911,-2.7868389642740508,1.7117838816692894,-5.188799592031124,1.9269709131789499,-1.8360310605256969,-0.02727233852275257,0.38863066777779326,-6.769614155842724,4.838475108419339,2.2581659669530616,3.4336126631572497,0.26399285124648314,1.1285563708871267,1.3867838242685326
HOF ITEM
4.288242361266205
-6.2546637778993475,1.5692158313966575,0.08946702696067534,-2.432437939586911,-2.7868389642740508,1.7117838816692894,-5.188799592031124,1.9269709131789499,-1.8360310605256969,-0.02727233852275257,0.38863066777779326,-6.769614155842724,4.838475108419339,2.1632143392592527,3.4336126631572497,0.26399285124648314,1.1285563708871267,1.3867838242685326
HOF ITEM
4.2882423631023565
-6.2546637778993475,1.5692158313966575,0.08946702696067534,-2.432437939586911,-2.7868389642740508,1.7117838816692894,-5.188799592031124,1.9269709131789499,-1.8360310605256969,-0.02727233852275257,0.38863066777779326,-6.769614155842724,4.697073398829997,2.1632143392592527,3.4336126631572497,0.26399285124648314,1.1026719892799228,0.7518679338921075
HOF ITEM
4.28831904590355
-6.2546637778993475,1.5692158313966575,0.08946702696067534,-2.432437939586911,-2.7868389642740508,1.7117838816692894,-5.188799592031124,1.9269709131789499,-1.8360310605256969,-0.12310231265526736,0.582996239481981,-6.769614155842724,5.1028369722893885,2.2581659669530616,3.4336126631572497,0.26399285124648314,1.1285563708871267,1.3867838242685326
best parameter set
fitness 3.6284528987630384 seed 575
-2.475464714409015,1.8096074776674724,4.509514537000034,5.568665207755533,1.2152478794632582,1.2331369082797066,0.32347893223347546,0.5253423226232764,-6.684179781489592,1.34446800660439,0.013911290697247634,5.201993927421504,-2.1472612615802382,0.7429186498575342,2.2684031117539227,3.1463875874650205,0.18355124438884635,1.114705959457317
