seeds are [620 621 622 623 624 625 626 627 628 629]
seed 620
Initial fitness values: [np.float64(5.578806816773422), np.float64(5.578806816773422), np.float64(5.342085556962241), np.float64(4.93977191616802), np.float64(4.933475762389195), np.float64(4.92911336854262), np.float64(4.92911336854262), np.float64(4.92911336854262), np.float64(4.92911336854262), np.float64(4.929057727429537)]
Final fitness values: [np.float64(4.27611748980771), np.float64(4.27611748980771), np.float64(4.27611748980771), np.float64(4.27611748980771), np.float64(4.27611748980771), np.float64(4.27611748980771), np.float64(4.27611748980771), np.float64(4.27611748980771), np.float64(4.27611748980771), np.float64(4.27611748980771)]
HOF ITEM
4.27611748980771
-5.776770003942235,1.5823975075345496,4.731464265487318,-3.517429502746492,3.7420338321543833,-1.4526226590199711,4.012890772089689,0.35709430794344277,0.8430587569622805,-6.782848882595705,0.6518827284276165,-1.2094308429957432,-5.060116231485759,2.0359640599421382,-4.734111281500948,-3.459721912498212,2.4837538021953223,4.4167789126388755
HOF ITEM
4.27611748980771
-5.776770003942235,1.5823975075345496,4.731464265487318,-3.517429502746492,3.7420338321543833,-1.4526226590199711,4.012890772089689,0.35709430794344277,0.8430587569622805,-6.782848882595705,0.6518827284276165,-1.2094308429957432,-5.060116231485759,2.0359640599421382,-4.734111281500948,-3.4438427738052457,2.6511618361102194,3.8507749862548795
HOF ITEM
4.27611748980771
-5.776770003942235,1.5823975075345496,4.731464265487318,-3.517429502746492,3.7420338321543833,-1.4526226590199711,4.012890772089689,0.35709430794344277,0.8430587569622805,-6.782848882595705,0.6518827284276165,-1.2094308429957432,-5.060116231485759,2.0359640599421382,-4.734111281500948,-3.459721912498212,2.6511618361102194,4.4167789126388755
HOF ITEM
4.27611748980771
-5.776770003942235,1.5823975075345496,4.731464265487318,-3.517429502746492,3.7420338321543833,-1.4526226590199711,4.012890772089689,0.35709430794344277,0.8430587569622805,-6.782848882595705,0.6518827284276165,-1.2094308429957432,-5.060116231485759,2.0359640599421382,-4.734111281500948,-3.459721912498212,2.4837538021953223,3.8507749862548795
HOF ITEM
4.27611748980771
-5.776770003942235,1.5823975075345496,4.731464265487318,-3.517429502746492,3.7420338321543833,-1.4526226590199711,4.012890772089689,0.35709430794344277,0.8430587569622805,-6.782848882595705,0.6518827284276165,-1.2094308429957432,-5.060116231485759,2.0359640599421382,-4.734111281500948,-3.4438427738052457,2.6511618361102194,4.4167789126388755
seed 621
Initial fitness values: [np.float64(5.974377193971949), np.float64(5.974377193971949), np.float64(5.665924014031371), np.float64(5.568216169765983), np.float64(5.249399268463161), np.float64(4.718365548139784), np.float64(4.6259698644527285), np.float64(4.6259698644527285), np.float64(4.6259698644527285), np.float64(4.622115089824285)]
Final fitness values: [np.float64(4.326761489258653), np.float64(4.326761489258653), np.float64(4.32642216011895), np.float64(4.32642216011895), np.float64(4.325912804919797), np.float64(4.321294788662412), np.float64(4.321294788662412), np.float64(4.321294788662412), np.float64(4.321291115622032), np.float64(4.321257701128131)]
HOF ITEM
4.321257701128131
0.709516481533034,0.7707053135950808,4.323657571612943,-4.697968246191144,1.1338330820322324,-3.102570694250595,0.4719023519840333,2.6822795870644254,-6.892875010669283,0.5057655623414762,0.0,-2.3660611067662787,-2.0625763210953636,3.0,4.389810417892034,2.1329812972797417,1.9410228711318491,-5.416436234190202
HOF ITEM
4.321283324645542
0.709516481533034,0.7707053135950808,4.323657571612943,-4.245487635180629,1.1338330820322324,-3.102570694250595,0.4719023519840333,2.6822795870644254,-6.892875010669283,0.660504960583272,0.0,-2.3660611067662787,-2.0625763210953636,3.0,4.068915476796539,2.1329812972797417,1.9410228711318491,-5.416436234190202
HOF ITEM
4.321285642603287
0.709516481533034,0.7707053135950808,4.323657571612943,-4.245487635180629,1.1338330820322324,-3.102570694250595,0.4719023519840333,2.6822795870644254,-6.892875010669283,0.5057655623414762,0.0,-2.3660611067662787,-2.0625763210953636,3.0,4.068915476796539,2.1329812972797417,1.9410228711318491,-5.416436234190202
HOF ITEM
4.321291115622032
0.709516481533034,0.7707053135950808,4.323657571612943,-4.697968246191144,1.1338330820322324,-3.102570694250595,0.4719023519840333,2.6822795870644254,-6.892875010669283,0.660504960583272,0.0,-1.7822585007135134,-2.0625763210953636,3.0,4.068915476796539,2.1329812972797417,1.9410228711318491,-5.416436234190202
HOF ITEM
4.321292468895177
0.709516481533034,0.7707053135950808,4.323657571612943,-4.697968246191144,1.1338330820322324,-3.102570694250595,0.4719023519840333,2.6822795870644254,-6.892875010669283,0.5057655623414762,0.0,-1.7822585007135134,-2.0625763210953636,3.0,4.068915476796539,2.1329812972797417,1.9410228711318491,-5.416436234190202
seed 622
Initial fitness values: [np.float64(5.689469014928452), np.float64(5.538831502847483), np.float64(5.339015814936364), np.float64(5.170724895887641), np.float64(5.146297139556488), np.float64(5.071558682256528), np.float64(5.071558674689476), np.float64(5.071558651903209), np.float64(5.071168336692632), np.float64(5.048760886941718)]
Final fitness values: [np.float64(4.2650649640810245), np.float64(4.265064532066532), np.float64(4.265064522155457), np.float64(4.264450539251959), np.float64(4.264450539251959), np.float64(4.264449618735134), np.float64(4.264448858000041), np.float64(4.264448858000041), np.float64(4.264447836477928), np.float64(4.264446321378711)]
HOF ITEM
4.264446321378711
-5.081752777494747,1.3108129949807958,-5.489730641526848,4.400370589251245,-4.137832542694964,0.2599591791169763,4.478936471404534,2.443258389631915,1.5672152699447255,4.0401839935718336,1.6056937267407227,5.363085971831876,-3.8303372345729825,2.1576719777663285,-0.4600959656928355,2.6559856488607165,2.5510983428330243,0.39563428321076843
HOF ITEM
4.264447711521674
-5.081752777494747,1.3108129949807958,-5.927321436626045,4.873747072603211,-3.943357884789991,0.2599591791169763,4.434432395294106,2.611591257871861,1.5291248269078899,4.625855291010197,1.3904642517408135,5.301999551847257,-3.8303372345729825,2.1576719777663285,-0.4600959656928355,2.7520157800151193,2.5510983428330243,0.39563428321076843
HOF ITEM
4.264447836477928
-5.081752777494747,1.3108129949807958,-5.489730641526848,4.709856134939142,-4.137832542694964,0.2599591791169763,4.478936471404534,2.443258389631915,1.5672152699447255,4.375233107776439,1.6056937267407227,5.301999551847257,-3.8303372345729825,2.1576719777663285,-0.4600959656928355,2.7520157800151193,2.362988134929582,0.7252994636546116
HOF ITEM
4.264447836477928
-5.081752777494747,1.3108129949807958,-5.489730641526848,4.709856134939142,-4.137832542694964,0.2599591791169763,4.478936471404534,2.443258389631915,1.5672152699447255,4.375233107776439,1.6056937267407227,5.2925712929593,-3.8303372345729825,2.1576719777663285,-0.4600959656928355,2.5259462635705505,2.5510983428330243,0.39563428321076843
HOF ITEM
4.264447836485098
-5.081752777494747,1.3108129949807958,-5.489730641526848,4.709856134939142,-4.137832542694964,0.2599591791169763,4.478936471404534,2.443258389631915,1.5672152699447255,4.375233107776439,1.3904642517408135,5.301999551847257,-3.8303372345729825,2.1576719777663285,-0.4600959656928355,2.5259462635705505,2.5510983428330243,0.39563428321076843
seed 623
Initial fitness values: [np.float64(5.603697561361054), np.float64(5.3173347788977745), np.float64(5.281182901639456), np.float64(5.257435056657938), np.float64(5.240114595735437), np.float64(5.240114595735437), np.float64(5.1916765692535805), np.float64(5.1916765692535805), np.float64(5.1916765692535805), np.float64(5.191315053977137)]
Final fitness values: [np.float64(5.086796332019435), np.float64(5.077551449893447), np.float64(5.064503615900768), np.float64(5.039117105909367), np.float64(5.01842364236395), np.float64(5.01842364236395), np.float64(5.01842364236395), np.float64(5.0072553709064955), np.float64(4.930272847303298), np.float64(4.843337916933571)]
HOF ITEM
4.843337916933571
-5.34086603303108,1.5339411149891975,1.3846253495840717,6.210151338907141,0.6820300691553068,0.6517132928776416,-3.8974834356206935,1.6613533942791776,-0.7164533354136824,3.8021315112603085,2.618704992660698,4.934648318966858,5.18495810191221,0.6332419115185854,0.7483604439251305,1.0271074193958099,1.5712610723301474,-3.7740961549368475
HOF ITEM
4.862851019670468
-5.059627961406287,1.5480787104918086,1.6767858845960153,6.231856898123476,0.9924018313233401,0.8066792338575666,-3.645001783946031,1.6783645749576355,-0.7554378768082298,4.145869325021959,2.5869734334156678,4.997068306127577,4.998179023306648,1.144543715078546,1.1650355001041128,0.3386331309011305,1.4466660782431204,-3.973149218023426
HOF ITEM
4.878104245084991
-5.08917704895644,1.4351341225850938,1.5825824776882769,6.712325608728205,1.3066114496453185,0.7282470670734016,-3.7231149373248513,1.5309943150384093,-0.6943005257570158,3.911162957553211,2.4655876485396973,4.997068306127577,4.998179023306648,0.65551318235279,1.8745887078167462,-0.10705106284083121,1.301055815427746,-3.1539383584187703
HOF ITEM
4.892472364792774
-5.08917704895644,1.5565134618768968,1.5825824776882769,6.415298220991523,0.9763498445909813,0.4697709467415868,-3.6864457139252544,1.7520016688578908,-0.7620345351465103,3.8021315112603085,2.14758981395694,4.796289671061664,5.2522685648079985,1.144543715078546,1.1215945436839696,0.4344562931033502,1.4466660782431204,-3.9176913264458153
HOF ITEM
4.903246147503597
-5.08917704895644,1.4436120916866497,1.7367062803351023,6.150701023717139,1.0110230456890994,0.6517132928776416,-3.645001783946031,1.6261714431132188,-0.7554378768082298,3.858500200468088,2.1529657075794786,4.836258730762976,4.938861125437364,1.269750075561975,0.8154921132304576,1.1716746555301505,1.0708092060498358,-3.8892219778076003
seed 624
Initial fitness values: [np.float64(6.320138137890112), np.float64(5.1876555919356955), np.float64(4.806675373162863), np.float64(4.602968997685659), np.float64(4.602968997685659), np.float64(4.595545881044219), np.float64(4.512049974401781), np.float64(4.447712771259903), np.float64(4.447712771259903), np.float64(4.447712771259903)]
Final fitness values: [np.float64(4.29501983337831), np.float64(4.29501983337831), np.float64(4.29501983337831), np.float64(4.29501983337831), np.float64(4.2917255096107105), np.float64(4.2917255096107105), np.float64(4.2917255096107105), np.float64(4.2917255096107105), np.float64(4.2917255096107105), np.float64(4.2917255096107105)]
HOF ITEM
4.2917255096107105
-0.6905527829880855,1.2559608672534925,6.812930083690237,6.797099651331536,-2.8045046032417225,3.4771156399444143,3.066934927430623,2.608846333504391,-0.00989657059008836,2.9040110583136536,2.848612653813836,2.0868941043080027,4.080685782761727,0.5917562417621138,4.877359592113219,-0.38702919503065014,2.3749491476832127,-6.709552330027152
HOF ITEM
4.2917255096107105
-0.6905527829880855,1.2559608672534925,6.812930083690237,6.797099651331536,-2.8045046032417225,3.4771156399444143,3.066934927430623,2.608846333504391,-0.00989657059008836,2.9040110583136536,2.848612653813836,1.7678122187725043,4.080685782761727,0.5917562417621138,4.877359592113219,-0.38702919503065014,2.3749491476832127,-6.709552330027152
HOF ITEM
4.2917255096107105
-0.6905527829880855,1.2559608672534925,6.812930083690237,6.797099651331536,-2.8045046032417225,3.4771156399444143,3.066934927430623,2.608846333504391,-0.00989657059008836,2.9356313625881265,3.0,1.7678122187725043,4.080685782761727,0.5917562417621138,4.877359592113219,-0.38702919503065014,2.3749491476832127,-6.709552330027152
HOF ITEM
4.2917255096107105
-0.6905527829880855,1.2559608672534925,6.812930083690237,6.797099651331536,-2.8045046032417225,3.4771156399444143,3.066934927430623,2.608846333504391,-0.00989657059008836,2.717892664621866,3.0,1.7678122187725043,4.080685782761727,0.5917562417621138,4.877359592113219,-0.38702919503065014,2.3749491476832127,-6.709552330027152
HOF ITEM
4.2917255096107105
-0.6905527829880855,1.2559608672534925,6.812930083690237,6.797099651331536,-2.8045046032417225,3.4771156399444143,3.066934927430623,2.608846333504391,-0.00989657059008836,2.9040110583136536,3.0,1.7678122187725043,4.080685782761727,0.5917562417621138,4.877359592113219,-0.38702919503065014,2.3749491476832127,-6.709552330027152
seed 625
Initial fitness values: [np.float64(5.5133195679961755), np.float64(5.0414727923618825), np.float64(5.0330784870530865), np.float64(4.790320933794302), np.float64(4.445935635562985), np.float64(4.375728537657567), np.float64(4.3373475507721775), np.float64(4.31521197998369), np.float64(4.31521197998369), np.float64(4.3114546446593724)]
Final fitness values: [np.float64(4.208105985010191), np.float64(4.207199859567958), np.float64(4.207199859567958), np.float64(4.2070358011407745), np.float64(4.205427083226391), np.float64(4.205117774553258), np.float64(4.205101505845837), np.float64(4.204555218571653), np.float64(4.204168047427071), np.float64(4.204142906163551)]
HOF ITEM
4.204142906163551
-4.435167608547981,1.5909297403240577,4.476267738545175,4.145340847903532,0.4542623483335071,-4.448844042099283,5.980373506384876,1.4967487949404097,2.219121732260803,1.6089370435010322,0.14467826377277407,0.6672953830726649,-5.163034912734783,2.0057483748504996,2.5889742781023206,-3.156147357221835,2.4064145192748247,-0.4663352408722029
HOF ITEM
4.204168047427071
-4.435167608547981,1.5909297403240577,4.476267738545175,4.145340847903532,0.4542623483335071,-4.448844042099283,6.036892059757149,1.8169368774421935,2.223095018924177,0.9765047204016747,0.47087876778615034,0.3361058598461132,-5.163034912734783,2.0057483748504996,2.5889742781023206,-3.156147357221835,2.4064145192748247,-0.4663352408722029
HOF ITEM
4.204317839352152
-4.435167608547981,1.5909297403240577,4.476267738545175,4.145340847903532,0.4542623483335071,-4.4969256293232664,5.980373506384876,1.4610580272201346,2.219121732260803,1.6089370435010322,0.21315140265036775,0.6672953830726649,-5.268049569424153,2.0057483748504996,2.5889742781023206,-3.156147357221835,2.4064145192748247,-0.4663352408722029
HOF ITEM
4.204330970132508
-4.435167608547981,1.5909297403240577,4.476267738545175,4.145340847903532,0.4542623483335071,-4.4969256293232664,5.980373506384876,1.4610580272201346,2.219121732260803,1.6089370435010322,0.14467826377277407,0.6672953830726649,-5.163034912734783,2.0057483748504996,2.5889742781023206,-3.156147357221835,2.4064145192748247,-0.4663352408722029
HOF ITEM
4.204330970132508
-4.435167608547981,1.5909297403240577,4.476267738545175,4.145340847903532,0.4542623483335071,-4.4969256293232664,5.980373506384876,1.4967487949404097,2.219121732260803,1.6089370435010322,0.14467826377277407,0.6672953830726649,-5.163034912734783,2.0057483748504996,2.5889742781023206,-3.156147357221835,2.4064145192748247,-0.4663352408722029
seed 626
Initial fitness values: [np.float64(6.112049784178833), np.float64(5.561962550466441), np.float64(5.375742818719347), np.float64(5.226749239745398), np.float64(5.20267344008421), np.float64(5.185333513250164), np.float64(5.183232683663999), np.float64(5.183232683663999), np.float64(5.175680009595387), np.float64(5.175668323200473)]
Final fitness values: [np.float64(5.040781596887861), np.float64(5.040781596887861), np.float64(5.04076677425767), np.float64(5.008486655284182), np.float64(4.988754527926569), np.float64(4.988754527926569), np.float64(4.633906680358878), np.float64(4.63390667682068), np.float64(4.494347786731457), np.float64(4.415952939812673)]
HOF ITEM
4.415952939812673
-2.04059217889964,1.2571796661618,6.038524415927329,-0.9127044352527038,5.738988631803803,-2.520534153231601,3.420993915078263,1.9416605105354503,-3.0310480042418018,2.7256182874025177,0.06066464323334808,-1.7143724377314171,3.271499238925848,0.3470653492564626,-6.712117968155808,-0.8906992913945976,2.084545395926966,-0.48242578412425574
HOF ITEM
4.419195033518088
-2.04059217889964,1.2571796661618,5.695188994308494,-0.9484338607768621,6.225818515425924,-2.901787388527981,3.294848154054714,1.875939475063951,-3.0310480042418018,2.284326760963095,0.280357340716201,-1.0292717724288833,2.9660267291743083,0.4033798773693903,-6.397314789138877,-0.8906992913945976,2.056807103186142,-0.48242578412425574
HOF ITEM
4.494325657445794
-2.04059217889964,1.2571796661618,6.2566646089312155,-0.8621616873238455,5.659700239381419,-3.257521564767689,3.751841309615199,1.8128487631507901,-3.0310480042418018,2.299096905642127,0.280357340716201,-1.07397839234376,2.9660267291743083,0.5083749010343681,-7.0,-0.8906992913945976,1.9450938312842647,-0.48242578412425574
HOF ITEM
4.494347786731457
-2.04059217889964,1.2571796661618,6.038524415927329,-0.9127044352527038,5.659700239381419,-3.1250334834201077,3.420993915078263,1.8128487631507901,-3.0310480042418018,2.423580009928348,0.280357340716201,-1.07397839234376,2.9660267291743083,0.5083749010343681,-7.0,-0.8906992913945976,1.9450938312842647,-0.48242578412425574
HOF ITEM
4.515995574387704
-2.0323666575742063,1.3574957383716804,6.0688190907925215,-1.0752005571739787,5.659700239381419,-3.1250334834201077,3.6219734153738368,2.136132845627251,-2.9724449741742642,2.472545305837359,1.2349114765955849,-1.07397839234376,2.8176750772738437,0.06022030295502506,-7.0,-0.8906992913945976,1.9450938312842647,-0.48242578412425574
seed 627
Initial fitness values: [np.float64(6.106110183410671), np.float64(5.536128748137602), np.float64(5.362003913533425), np.float64(5.24890338703686), np.float64(5.195510875744516), np.float64(5.177023438711709), np.float64(5.15911565851791), np.float64(5.126756135665308), np.float64(5.119037772400512), np.float64(5.107141511904394)]
Final fitness values: [np.float64(4.524557170076996), np.float64(4.524557170076996), np.float64(4.5244488080822824), np.float64(4.5244488080822824), np.float64(4.5244488080822824), np.float64(4.5244488080822824), np.float64(4.5244488080822824), np.float64(4.5244488080822824), np.float64(4.5244488080822824), np.float64(4.5244488080822824)]
HOF ITEM
4.5244488080822824
3.216787782661665,-0.7505618311775496,-0.5809884264252091,-6.176847053592682,0.12202739354244282,6.049304443685643,1.2129578362430726,2.244583486674976,-0.6157084099836214,3.4181539131228855,0.0,3.740277900045345,3.5390682445005113,1.857992186711552,-1.2028313271641347,3.0603049366504527,1.295953309610788,4.339198437102781
HOF ITEM
4.524449127737174
3.216787782661665,-0.7505618311775496,-0.5809884264252091,-6.176847053592682,0.12202739354244282,6.094509622639052,1.2129578362430726,2.244583486674976,-0.6157084099836214,3.4181539131228855,0.0,3.740277900045345,3.5390682445005113,1.7879171386545638,-1.2028313271641347,3.0603049366504527,1.2419650392721542,4.299171382188963
HOF ITEM
4.524459841230279
3.216787782661665,-0.7505618311775496,-0.5809884264252091,-6.176847053592682,0.12202739354244282,6.049304443685643,1.2129578362430726,2.244583486674976,-0.6157084099836214,3.4181539131228855,0.0,3.734284718198098,3.5390682445005113,1.857992186711552,-1.2028313271641347,3.0603049366504527,1.295953309610788,4.339198437102781
HOF ITEM
4.524474473722735
3.216787782661665,-0.7505618311775496,-0.5809884264252091,-6.176847053592682,0.12202739354244282,6.049304443685643,1.2129578362430726,2.244583486674976,-0.6157084099836214,3.4181539131228855,0.0,3.740277900045345,3.5390682445005113,1.857992186711552,-0.8638999122975357,2.851705185030791,1.295953309610788,4.311836493311871
HOF ITEM
4.524548399029663
3.216787782661665,-0.7505618311775496,-0.5809884264252091,-6.176847053592682,0.12202739354244282,5.64998231404199,1.2129578362430726,2.245786971378103,-0.6157084099836214,3.4181539131228855,0.0,3.84701799267917,3.592958777025239,1.857992186711552,-1.2028313271641347,2.7619650507279068,0.984220947874891,4.339198437102781
seed 628
Initial fitness values: [np.float64(5.733639014903492), np.float64(5.423576729575185), np.float64(5.3101231943766125), np.float64(5.15342165320064), np.float64(5.15342165320064), np.float64(5.15342165320064), np.float64(5.06026676029146), np.float64(5.054028461310875), np.float64(5.009362152191292), np.float64(5.009362152191292)]
Final fitness values: [np.float64(4.3743087760760755), np.float64(4.3743087760760755), np.float64(4.3743087760760755), np.float64(4.3743087760760755), np.float64(4.3743087760760755), np.float64(4.3743087760760755), np.float64(4.3743087760760755), np.float64(4.3743087760760755), np.float64(4.3743087760760755), np.float64(4.3743087760760755)]
HOF ITEM
4.3743087760760755
-4.286388243967354,1.8334232412920812,-2.0277629145189424,-2.5074598944409097,-4.3385144001250655,-4.0281297844249355,1.6642717280463661,1.2551991714084818,4.578815662087338,-2.116593160582709,0.5587342250957846,2.4912138829080703,0.8973138954613094,0.1914993977063901,-5.383177930599853,-3.3975770370012173,1.8376524363285134,4.06370836744388
HOF ITEM
4.374312346000904
-4.286388243967354,1.8334232412920812,-2.0277629145189424,-2.5074598944409097,-4.3385144001250655,-4.0281297844249355,1.6642717280463661,1.2551991714084818,4.578815662087338,-2.116593160582709,0.5587342250957846,2.4912138829080703,0.8973138954613094,0.1914993977063901,-5.637363406182134,-3.3975770370012173,1.8376524363285134,4.06370836744388
HOF ITEM
4.374319396476299
-4.286388243967354,1.8334232412920812,-2.0277629145189424,-2.5074598944409097,-4.3385144001250655,-4.0281297844249355,1.6642717280463661,1.2551991714084818,4.07972795291758,-2.116593160582709,0.5587342250957846,2.4912138829080703,0.8973138954613094,0.1914993977063901,-5.383177930599853,-3.3975770370012173,1.8376524363285134,4.06370836744388
HOF ITEM
4.374322966400243
-4.286388243967354,1.8334232412920812,-2.0277629145189424,-2.5074598944409097,-4.3385144001250655,-4.0281297844249355,1.6642717280463661,1.2551991714084818,4.07972795291758,-2.116593160582709,0.5587342250957846,2.4912138829080703,0.8973138954613094,0.1914993977063901,-5.637363406182134,-3.3975770370012173,1.8376524363285134,4.06370836744388
HOF ITEM
4.374947093080431
-4.286388243967354,1.8334232412920812,-2.0277629145189424,-2.5074598944409097,-4.3385144001250655,-4.0281297844249355,2.0913672601540827,1.1436760194095463,4.578815662087338,-2.116593160582709,0.5587342250957846,2.4912138829080703,0.8465141032309041,0.1914993977063901,-5.383177930599853,-3.3975770370012173,1.8376524363285134,4.06370836744388
seed 629
Initial fitness values: [np.float64(5.652479217155147), np.float64(5.41051675561527), np.float64(5.41051675561527), np.float64(5.202856951320742), np.float64(5.185755571542174), np.float64(5.175482902147507), np.float64(5.123915576668976), np.float64(5.123915576668976), np.float64(5.060348717388507), np.float64(5.060348717388507)]
Final fitness values: [np.float64(4.309012056509879), np.float64(4.309012056509879), np.float64(4.309012056509879), np.float64(4.309012056509879), np.float64(4.309012056509879), np.float64(4.309012056509879), np.float64(4.309012056509879), np.float64(4.309012056509879), np.float64(4.309012056509879), np.float64(4.309012056509879)]
HOF ITEM
4.309012056509879
-6.530366029050976,1.5973893707483926,6.999075424968673,2.2815437570647936,-1.8749118532788338,-0.3206456309124751,5.815919622617576,2.813783523686275,2.1641226826672733,-5.171817116731582,1.8839682889399874,4.5102942656001215,2.5158683687783165,2.2951067595395704,6.173991165887844,5.13254593875037,2.82882807234314,5.870226470583724
HOF ITEM
4.309012056509879
-6.530366029050976,1.5973893707483926,6.999075424968673,2.2815437570647936,-1.8749118532788338,-0.3206456309124751,5.573569053146685,2.5418426334930713,1.8143722558133684,-5.171817116731582,1.8839682889399874,4.5102942656001215,2.248705738240304,2.6124953409918787,5.778763142691379,5.0424233094254625,2.8127164131846043,5.705773898544535
HOF ITEM
4.309012056509879
-6.530366029050976,1.5973893707483926,6.999075424968673,2.2815437570647936,-1.8749118532788338,-0.3206456309124751,5.573569053146685,2.476482796335249,1.8143722558133684,-5.171817116731582,1.8839682889399874,4.5102942656001215,2.248705738240304,2.6124953409918787,5.778763142691379,5.0424233094254625,2.8127164131846043,5.705773898544535
HOF ITEM
4.309012056509879
-6.530366029050976,1.5973893707483926,6.999075424968673,2.2815437570647936,-1.8749118532788338,-0.3206456309124751,5.573569053146685,2.476482796335249,1.8143722558133684,-5.171817116731582,1.8839682889399874,4.5102942656001215,2.248705738240304,2.6124953409918787,5.670459438719104,5.0424233094254625,2.8127164131846043,5.705773898544535
HOF ITEM
4.309012056509879
-6.530366029050976,1.5973893707483926,6.999075424968673,2.2815437570647936,-1.8749118532788338,-0.3206456309124751,5.573569053146685,2.476482796335249,1.8143722558133684,-5.171817116731582,1.8839682889399874,4.5102942656001215,2.248705738240304,2.6124953409918787,5.670459438719104,5.0424233094254625,2.8127164131846043,5.914058459788368
best parameter set
fitness 4.198649106319882 seed 625
-4.43512393668936,1.5884001986200582,4.476057965758221,4.145624170812249,0.45379691659849125,-4.448291726537738,6.036892059757149,1.8169368774421935,2.223095018924177,0.9764904489832851,0.4708734469492582,0.3360830153556739,-5.163014424630928,2.0057394294365483,2.5890448118909,-3.1561880399110254,2.4069994574529123,-0.4682868509065397
