seeds are [950 951 952 953 954 955 956 957 958 959]
seed 950
Initial fitness values: [np.float64(3.346565431664086), np.float64(3.21953284647007), np.float64(3.0664322444474434), np.float64(2.943380800961079), np.float64(2.937727511047981), np.float64(2.8019055068523357), np.float64(2.6187812843780702), np.float64(2.5326241996997085), np.float64(2.5326241996997085), np.float64(2.488596700168866)]
Final fitness values: [np.float64(2.4465792208356016), np.float64(2.4465792208356016), np.float64(2.4465792208356016), np.float64(2.4465792208356016), np.float64(2.4465792208356016), np.float64(2.4465792208356016), np.float64(2.4465792208356016), np.float64(2.4465792208356016), np.float64(2.4465792208356016), np.float64(2.446278112429128)]
HOF ITEM
2.446278112429128
-3.2686277542388686,1.1710050536102792,-0.30111764618187314,-2.2646053725834974,-5.30057855359734,-5.292359746961601,-0.34308935702373416,2.4420089238619704,-1.9547491425369456,-4.379588396266359,2.759094672048964,1.6510043504128722,-1.271795902798518,2.8147889084326203,2.517381655327282,-1.4951678961253652,1.2596194850671283,-4.873521145815175
HOF ITEM
2.4465792208356016
-3.2686277542388686,1.1710050536102792,-0.30111764618187314,-2.270120554837212,-5.30057855359734,-5.292359746961601,-0.34308935702373416,2.4420089238619704,-1.9547491425369456,-4.571959907868286,2.759094672048964,1.6510043504128722,-1.271795902798518,2.8147889084326203,2.517381655327282,-1.4951678961253652,1.2016539765088485,-4.897869161736733
HOF ITEM
2.446579402004241
-3.2686277542388686,1.1710050536102792,-0.30111764618187314,-2.270120554837212,-5.30057855359734,-5.292359746961601,-0.240123862437168,2.4420089238619704,-1.9547491425369456,-4.571959907868286,2.759094672048964,1.6510043504128722,-1.271795902798518,2.8147889084326203,2.517381655327282,-1.4951678961253652,1.2016539765088485,-4.897869161736733
HOF ITEM
2.446818117642128
-3.2686277542388686,1.1710050536102792,-0.30111764618187314,-2.270120554837212,-5.30057855359734,-5.292359746961601,-0.34308935702373416,2.4420089238619704,-1.9547491425369456,-4.571959907868286,2.759094672048964,1.6510043504128722,-1.271795902798518,2.8147889084326203,2.517381655327282,-1.4951678961253652,1.2187964569326228,-4.897869161736733
HOF ITEM
2.4468182989045277
-3.2686277542388686,1.1710050536102792,-0.30111764618187314,-2.270120554837212,-5.30057855359734,-5.292359746961601,-0.240123862437168,2.4420089238619704,-1.9547491425369456,-4.571959907868286,2.759094672048964,1.6510043504128722,-1.271795902798518,2.8147889084326203,2.517381655327282,-1.4951678961253652,1.2187964569326228,-4.897869161736733
seed 951
Initial fitness values: [np.float64(3.5799500679683223), np.float64(2.9726510568648092), np.float64(2.9726510568648092), np.float64(2.8375088604618917), np.float64(2.8281234621457845), np.float64(2.816892357569372), np.float64(2.8117491153127676), np.float64(2.767711863630442), np.float64(2.767711863630442), np.float64(2.755512706535379)]
Final fitness values: [np.float64(2.4226369832316026), np.float64(2.42258722261867), np.float64(2.421685648754436), np.float64(2.420145697972412), np.float64(2.420145697972412), np.float64(2.419530335782058), np.float64(2.419530335782058), np.float64(2.4192672969110527), np.float64(2.4177907246709394), np.float64(2.417634689540413)]
HOF ITEM
2.417634689540413
6.095140975728196,-1.117280582105549,7.0,2.69892970671936,-0.8000380343608501,-1.6137201390573668,-0.21095623385617424,1.2133714915752523,5.463087076580856,2.0437504518924707,0.6008512428950116,0.5039858057775233,0.2953243868631068,3.0,4.844368790221111,1.1481395467415716,0.505550900956133,-1.653112472642879
HOF ITEM
2.4177907246709394
6.095140975728196,-1.117280582105549,7.0,2.69892970671936,-0.8000380343608501,-1.6137201390573668,-0.21095623385617424,1.0790092197134598,5.463087076580856,2.0437504518924707,0.7921616934528813,0.3552657192292167,0.2953243868631068,3.0,4.844368790221111,1.1481395467415716,0.505550900956133,-1.653112472642879
HOF ITEM
2.417790738418593
6.095140975728196,-1.117280582105549,7.0,2.69892970671936,-0.8000380343608501,-1.6137201390573668,-0.21095623385617424,1.0790092197134598,5.463087076580856,2.0437504518924707,0.8944648634120562,0.3552657192292167,0.2953243868631068,3.0,4.844368790221111,1.1481395467415716,0.505550900956133,-1.653112472642879
HOF ITEM
2.4180542068981294
6.095140975728196,-1.117280582105549,7.0,2.69892970671936,-0.8000380343608501,-1.6137201390573668,-0.5052570306974365,0.5251577066709775,5.5545750069751225,2.0437504518924707,0.7921616934528813,0.3552657192292167,0.2953243868631068,3.0,4.844368790221111,1.1481395467415716,0.505550900956133,-1.653112472642879
HOF ITEM
2.4191116539315916
6.095140975728196,-1.117280582105549,7.0,2.69892970671936,-0.8000380343608501,-1.616067864540874,-0.21095623385617424,1.2133714915752523,5.463087076580856,2.0437504518924707,0.6008512428950116,0.3552657192292167,0.2953243868631068,3.0,4.844368790221111,1.1481395467415716,0.505550900956133,-1.653112472642879
seed 952
Initial fitness values: [np.float64(2.9937784850252465), np.float64(2.9937784850252465), np.float64(2.981409468229404), np.float64(2.9287120939272384), np.float64(2.895114910865214), np.float64(2.8727188829419266), np.float64(2.8587980018890202), np.float64(2.8587980018890202), np.float64(2.8429140897934855), np.float64(2.827996981273295)]
Final fitness values: [np.float64(2.423487491799629), np.float64(2.423487491799629), np.float64(2.423487491799629), np.float64(2.423487491799629), np.float64(2.423487491799629), np.float64(2.422105520781005), np.float64(2.422105520781005), np.float64(2.4221054985906774), np.float64(2.4221054985906774), np.float64(2.4221054985906774)]
HOF ITEM
2.4221054985906774
1.5435048798296505,0.43453594293583886,-1.3146249445160336,-5.604062693505013,-3.1942169574357764,4.011999724734896,1.0811091841963432,3.0,-1.570394770554125,6.0717764724698995,1.250464877726649,-3.41289799943103,2.4512968875030565,1.3984861067504348,-2.2926799503862063,-3.865993670413013,2.4745457003484126,-1.4887172629160186
HOF ITEM
2.422105520781005
1.5435048798296505,0.43453594293583886,-1.3146249445160336,-5.604062693505013,-3.1942169574357764,4.011999724734896,1.0811091841963432,3.0,-1.570394770554125,6.0717764724698995,1.1488098077828754,-3.41289799943103,2.4512968875030565,1.3984861067504348,-2.2926799503862063,-3.865993670413013,2.4745457003484126,-1.4887172629160186
HOF ITEM
2.4223862057751244
1.5435048798296505,0.43453594293583886,-1.3146249445160336,-5.604062693505013,-3.1942169574357764,4.011999724734896,1.0811091841963432,3.0,-1.570394770554125,6.0717764724698995,1.1488098077828754,-3.41289799943103,2.4512968875030565,1.3984861067504348,-2.1555040442386417,-3.862814736093154,2.4745457003484126,-1.4887172629160186
HOF ITEM
2.4226790301780294
1.5435048798296505,0.43453594293583886,-1.3146249445160336,-5.604062693505013,-3.1942169574357764,4.011999724734896,1.0811091841963432,3.0,-1.570394770554125,6.0717764724698995,1.250464877726649,-3.41289799943103,2.4512968875030565,1.3984861067504348,-2.1555040442386417,-3.862814736093154,2.4745457003484126,-1.8766739682806013
HOF ITEM
2.422679043407696
1.5435048798296505,0.43453594293583886,-1.3146249445160336,-5.604062693505013,-3.1942169574357764,4.011999724734896,1.0811091841963432,3.0,-1.570394770554125,6.0717764724698995,1.1488098077828754,-3.41289799943103,2.4512968875030565,1.3984861067504348,-2.1555040442386417,-3.862814736093154,2.4745457003484126,-1.8766739682806013
seed 953
Initial fitness values: [np.float64(3.1738856912057543), np.float64(3.1738856903457697), np.float64(2.9592394382131646), np.float64(2.9501312399457236), np.float64(2.8554037563538666), np.float64(2.8071115058449805), np.float64(2.8071115058449805), np.float64(2.6866132029512584), np.float64(2.6643380847612486), np.float64(2.4971758512297098)]
Final fitness values: [np.float64(2.3890781006676343), np.float64(2.3890781006676343), np.float64(2.3890781006676343), np.float64(2.3890781006676343), np.float64(2.3890781006676343), np.float64(2.3890781006676343), np.float64(2.3890781006676343), np.float64(2.3890781006676343), np.float64(2.3890781006676343), np.float64(2.3890781006676343)]
HOF ITEM
2.3890781006676343
-6.582731177025723,1.5506161929045663,1.671441158695529,-4.962355660516495,-2.063833417930648,-4.725011241313192,-6.268855325794705,1.9141519913704863,-0.6062922670071063,1.670621294590171,0.0,-0.8744846107872745,-5.606618727085821,1.8793573514094892,-2.3873426788843966,4.190991981466504,1.6933284547742278,1.949233149083282
HOF ITEM
2.3890781006676343
-6.582731177025723,1.5506161929045663,1.671441158695529,-4.962355660516495,-2.063833417930648,-4.725011241313192,-6.268855325794705,1.9141519913704863,-0.6062922670071063,1.670621294590171,0.0,-0.8744846107872745,-5.606618727085821,1.8793573514094892,-2.3873426788843966,4.190991981466504,1.9979878544014384,1.9576626403008566
HOF ITEM
2.3890781006676343
-6.582731177025723,1.5506161929045663,1.671441158695529,-4.962355660516495,-2.063833417930648,-4.725011241313192,-6.268855325794705,1.9141519913704863,-0.6062922670071063,1.670621294590171,0.0,-0.8744846107872745,-5.606618727085821,1.8793573514094892,-2.3873426788843966,4.190991981466504,1.9979878544014384,2.377633912083785
HOF ITEM
2.3890781006676343
-6.582731177025723,1.5506161929045663,1.671441158695529,-4.962355660516495,-2.063833417930648,-4.725011241313192,-6.268855325794705,1.9141519913704863,-0.6062922670071063,1.670621294590171,0.0,-0.8744846107872745,-5.606618727085821,1.8793573514094892,-2.3873426788843966,4.190991981466504,1.9979878544014384,1.949233149083282
HOF ITEM
2.3890781006676343
-6.582731177025723,1.5506161929045663,1.671441158695529,-4.962355660516495,-2.063833417930648,-4.725011241313192,-6.268855325794705,1.9141519913704863,-0.6062922670071063,1.670621294590171,0.0,-0.8744846107872745,-5.606618727085821,1.8793573514094892,-2.3873426788843966,4.190991981466504,1.6933284547742278,1.9576626403008566
seed 954
Initial fitness values: [np.float64(3.254314953013426), np.float64(2.974089183289532), np.float64(2.8653993194076994), np.float64(2.86368266411325), np.float64(2.8335032539690808), np.float64(2.8335032539690808), np.float64(2.8270252554134307), np.float64(2.8254580249165304), np.float64(2.825198707313957), np.float64(2.8215569834631586)]
Final fitness values: [np.float64(2.805575248844659), np.float64(2.8055749030660317), np.float64(2.8055744914872838), np.float64(2.8055744914872784), np.float64(2.8055743005372973), np.float64(2.805506232815338), np.float64(2.805506232815338), np.float64(2.8055062116315312), np.float64(2.805506170349613), np.float64(2.805506168652153)]
HOF ITEM
2.805506168652153
7.0,-1.0313932287116365,6.541014373497215,3.8843323059659953,5.851139355221826,-6.866839921595521,4.900087367737383,1.4799671378812378,-4.3876154720772975,4.058900592578075,3.0,0.5575278236441105,3.5610841365161843,1.0951871552313106,-3.146157684819888,1.794289051178057,1.2825092170290784,-7.0
HOF ITEM
2.805506170349613
7.0,-1.0313932287116365,7.0,4.217843410426883,5.502176826901854,-7.0,4.87618029022903,1.513984694508807,-3.9802403261933867,4.058900592578075,2.867632338649578,-0.051362976155638895,3.5610841365161843,1.0951871552313106,-2.5968571055714773,1.794289051178057,1.2825092170290784,-7.0
HOF ITEM
2.8055061711976528
7.0,-1.0313932287116365,6.796153671018769,4.28766500730301,5.614640729220221,-7.0,5.08212351659605,0.0,-5.02539523731225,3.9407102610727427,3.0,-0.051362976155638895,3.5610841365161843,1.0951871552313106,-2.5968571055714773,1.794289051178057,1.2825092170290784,-7.0
HOF ITEM
2.8055061717064813
7.0,-1.0313932287116365,6.796153671018769,4.366512474669337,5.55990834990302,-7.0,4.87618029022903,1.513984694508807,-4.130117789791544,4.264639726206621,2.867632338649578,0.05892484882010442,3.5610841365161843,1.0951871552313106,-2.5474036975875674,1.794289051178057,1.2825092170290784,-7.0
HOF ITEM
2.8055061737123435
7.0,-1.0313932287116365,7.0,4.364551576899222,5.475848223293601,-7.0,4.900087367737383,1.4509987753739395,-4.3876154720772975,4.058900592578075,2.917699053945562,-0.32794923587092933,3.5610841365161843,1.0951871552313106,-2.5968571055714773,1.794289051178057,1.2825092170290784,-7.0
seed 955
Initial fitness values: [np.float64(3.307410222933081), np.float64(3.252364479932885), np.float64(3.091497086544411), np.float64(2.767582248065726), np.float64(2.5071198421820737), np.float64(2.3379521849066345), np.float64(2.3379521849066345), np.float64(2.334362634537191), np.float64(2.3029279002844607), np.float64(2.2813066893199188)]
Final fitness values: [np.float64(2.188595645407574), np.float64(2.188595645407574), np.float64(2.187400931221537), np.float64(2.185326303735665), np.float64(2.185326303735665), np.float64(2.185326303735665), np.float64(2.185326303735665), np.float64(2.185326303735665), np.float64(2.185326303735665), np.float64(2.185326303735665)]
HOF ITEM
2.185326303735665
1.7524247001535649,0.05220430163496166,-0.7497295310721874,-0.6262999039988988,4.258211613652114,3.6761597460862028,5.41305989721935,3.0,5.967809067926145,-6.6818091438213445,1.0247650901548524,3.766129723943557,-4.289583254914748,1.71542309136635,3.414508611037211,0.7845305898283601,2.308682346513523,-3.938801375941689
HOF ITEM
2.185326303735665
1.7524247001535649,0.05220430163496166,-0.7497295310721874,-0.6262999039988988,4.258211613652114,3.6761597460862028,5.217575587418579,3.0,6.215727748273351,-6.6818091438213445,1.0247650901548524,3.766129723943557,-4.289583254914748,1.71542309136635,3.414508611037211,0.7845305898283601,2.308682346513523,-3.938801375941689
HOF ITEM
2.185326303735665
1.7524247001535649,0.05220430163496166,-0.7497295310721874,-0.6262999039988988,4.258211613652114,3.6761597460862028,5.41305989721935,3.0,6.215727748273351,-6.6818091438213445,1.0247650901548524,3.766129723943557,-4.289583254914748,1.71542309136635,3.414508611037211,0.7845305898283601,2.308682346513523,-3.938801375941689
HOF ITEM
2.185326303735665
1.7524247001535649,0.05220430163496166,-0.7497295310721874,-0.6262999039988988,4.258211613652114,3.6761597460862028,5.217575587418579,3.0,5.967809067926145,-6.6818091438213445,1.0247650901548524,3.766129723943557,-4.289583254914748,1.71542309136635,3.414508611037211,0.7845305898283601,2.308682346513523,-3.938801375941689
HOF ITEM
2.187400931221537
1.7524247001535649,0.05220430163496166,-0.7497295310721874,-0.7673114693151026,4.1026670592508685,3.6761597460862028,5.217575587418579,3.0,5.967809067926145,-6.6818091438213445,1.0247650901548524,3.766129723943557,-4.289583254914748,1.71542309136635,3.414508611037211,0.7845305898283601,2.308682346513523,-3.938801375941689
seed 956
Initial fitness values: [np.float64(3.348267235350155), np.float64(3.0392137257129495), np.float64(3.0392137257129495), np.float64(3.026911642165139), np.float64(2.9388811510538133), np.float64(2.929542973563518), np.float64(2.874739343044334), np.float64(2.872178622695383), np.float64(2.6220276535609477), np.float64(2.6220276535609477)]
Final fitness values: [np.float64(2.4751730317203924), np.float64(2.475173030909729), np.float64(2.475173030909729), np.float64(2.475173030909729), np.float64(2.475173030909729), np.float64(2.475173030909729), np.float64(2.475173030909729), np.float64(2.475173030909729), np.float64(2.475173030909729), np.float64(2.475173030909729)]
HOF ITEM
2.475173030909729
-5.798738057034103,1.1903504407120675,-4.90222832684478,-5.626119229705105,-0.349988370385395,4.3157104560030195,-3.57595678847343,1.1274588574095532,-5.234629450877277,5.217953443110133,1.6183649723935276,4.785643949911737,-6.489624088934986,2.002422333835744,-2.9865633150191617,4.733659532561293,0.42929254080447077,3.785851049649788
HOF ITEM
2.475173030909729
-5.798738057034103,1.1903504407120675,-4.90222832684478,-5.626119229705105,-0.349988370385395,4.3157104560030195,-3.57595678847343,1.1274588574095532,-5.234629450877277,5.217953443110133,1.6183649723935276,4.821108260358344,-6.489624088934986,2.002422333835744,-2.9865633150191617,4.733659532561293,0.42929254080447077,3.785851049649788
HOF ITEM
2.47517303116755
-5.798738057034103,1.1903504407120675,-4.90222832684478,-5.626119229705105,-0.349988370385395,4.3157104560030195,-3.57595678847343,1.1274588574095532,-5.234629450877277,5.217953443110133,1.6183649723935276,4.821108260358344,-6.489624088934986,2.002422333835744,-2.9865633150191617,4.613215950677648,0.42929254080447077,3.785851049649788
HOF ITEM
2.47517303116755
-5.798738057034103,1.1903504407120675,-4.90222832684478,-5.626119229705105,-0.349988370385395,4.3157104560030195,-3.57595678847343,1.1274588574095532,-5.234629450877277,5.217953443110133,1.6183649723935276,4.785643949911737,-6.489624088934986,2.002422333835744,-2.9865633150191617,4.613215950677648,0.42929254080447077,3.785851049649788
HOF ITEM
2.4751730313691764
-5.798738057034103,1.1903504407120675,-4.90222832684478,-5.626119229705105,-0.349988370385395,4.3157104560030195,-3.57595678847343,1.1274588574095532,-5.234629450877277,5.217953443110133,1.6183649723935276,4.821108260358344,-6.489624088934986,2.002422333835744,-2.9865633150191617,4.733659532561293,0.42929254080447077,4.0888909686931525
seed 957
Initial fitness values: [np.float64(3.391039485831107), np.float64(3.367071331751701), np.float64(2.8156556885244575), np.float64(2.8156556885244575), np.float64(2.8083058574739765), np.float64(2.650700646010801), np.float64(2.6209254976905063), np.float64(2.615249415730835), np.float64(2.5168013312912163), np.float64(2.460064943372541)]
Final fitness values: [np.float64(2.3390676153108663), np.float64(2.33674568365847), np.float64(2.33674568365847), np.float64(2.335339976446642), np.float64(2.335339976446642), np.float64(2.335339976446642), np.float64(2.328590545986269), np.float64(2.328590545986269), np.float64(2.328590545986269), np.float64(2.328590545986269)]
HOF ITEM
2.328590545986269
5.257458506310411,-0.8981875378921381,-3.672941971668969,-4.324355331018895,-1.9352441605034598,-3.5135706477843116,6.807322108567907,2.502143511255619,-4.6145607713575085,-5.40795616782771,1.1171556704155932,2.076284069017574,0.5191009486295587,2.236864521059261,6.059056529785497,1.2302618922579693,0.9997076223517443,-1.796513086138448
HOF ITEM
2.3329665636385393
5.257458506310411,-0.8981875378921381,-3.672941971668969,-4.324355331018895,-1.9352441605034598,-3.5135706477843116,6.807322108567907,2.502143511255619,-4.6145607713575085,-5.40795616782771,1.1171556704155932,2.086827333793502,0.5191009486295587,2.236864521059261,6.059056529785497,1.2302618922579693,0.9997076223517443,-1.796513086138448
HOF ITEM
2.3334673005228863
5.257458506310411,-0.8981875378921381,-3.672941971668969,-4.324355331018895,-2.000247768638454,-3.5135706477843116,6.807322108567907,2.2471914794545675,-4.741589218915718,-5.123582493357914,0.9534602521145646,2.076284069017574,0.5191009486295587,2.2158518222346353,6.011063724119032,1.1978212991291757,0.9997076223517443,-1.796513086138448
HOF ITEM
2.3353364722193124
5.257458506310411,-0.8981875378921381,-3.672941971668969,-4.324355331018895,-2.000247768638454,-3.5135706477843116,6.807322108567907,2.2471914794545675,-4.741589218915718,-4.875218347994155,0.9534602521145646,2.086827333793502,0.5191009486295587,2.2158518222346353,6.011063724119032,1.1978212991291757,0.9997076223517443,-1.796513086138448
HOF ITEM
2.335339976446642
5.257458506310411,-0.8981875378921381,-3.672941971668969,-4.324355331018895,-2.000247768638454,-3.5135706477843116,6.836239121088667,2.2471914794545675,-4.741589218915718,-5.123582493357914,0.9534602521145646,2.086827333793502,0.5191009486295587,2.2158518222346353,6.011063724119032,1.1978212991291757,0.9997076223517443,-1.796513086138448
seed 958
Initial fitness values: [np.float64(3.3377463209548788), np.float64(3.279395911268164), np.float64(2.8469865969781085), np.float64(2.7969803656983663), np.float64(2.791367189186799), np.float64(2.735837209621095), np.float64(2.712184248507378), np.float64(2.670378910042853), np.float64(2.5704676750294793), np.float64(2.5704676750294793)]
Final fitness values: [np.float64(2.5229437834329347), np.float64(2.5229437834329347), np.float64(2.5116642738015775), np.float64(2.5116642738015775), np.float64(2.5116642738015775), np.float64(2.5032887232790273), np.float64(2.5010024966735207), np.float64(2.4811920111545036), np.float64(2.4811920111545036), np.float64(2.4811920111545036)]
HOF ITEM
2.4811920111545036
4.180308783986507,-0.9710119205931669,0.10528492089850744,0.4724426716149546,0.958402553090627,4.748493276560957,6.2379549365083955,1.996176281606898,-5.815093914851891,1.4614846633936973,2.2207563613582306,2.3524627512988063,4.4718580386959585,0.3413462757534808,4.977332324810431,-0.7018766911380125,1.6671113534141537,-4.187017057457039
HOF ITEM
2.4811920111545036
4.180308783986507,-0.9710119205931669,0.10528492089850744,0.4724426716149546,0.958402553090627,4.748493276560957,6.632977427771396,1.996176281606898,-5.815093914851891,1.4614846633936973,2.2207563613582306,2.3524627512988063,4.4718580386959585,0.3413462757534808,4.977332324810431,-0.7018766911380125,1.6671113534141537,-4.187017057457039
HOF ITEM
2.4904624923491556
4.180308783986507,-0.9710119205931669,0.10528492089850744,0.4724426716149546,0.958402553090627,4.748493276560957,6.632977427771396,1.996176281606898,-5.815093914851891,1.4614846633936973,2.2207563613582306,2.3906625183562964,4.4718580386959585,0.3413462757534808,4.977332324810431,-0.7018766911380125,1.6671113534141537,-4.187017057457039
HOF ITEM
2.498964693259343
4.180308783986507,-0.9647283249221087,0.022035423058765713,0.42885646398496435,0.958402553090627,4.6595294573528125,6.2379549365083955,1.996176281606898,-5.815093914851891,1.4614846633936973,2.323179175316144,2.3524627512988063,4.4718580386959585,0.3413462757534808,5.059212125309726,-0.8989174995356476,1.3949373715542055,-4.251572052609402
HOF ITEM
2.5005234219254286
4.180308783986507,-0.9647283249221087,0.022035423058765713,0.42885646398496435,0.958402553090627,4.6595294573528125,6.2379549365083955,1.996176281606898,-5.815093914851891,1.4614846633936973,2.323179175316144,2.3524627512988063,4.4718580386959585,0.3413462757534808,5.059212125309726,-0.9118135002636766,1.3949373715542055,-4.251572052609402
seed 959
Initial fitness values: [np.float64(3.164950854949563), np.float64(2.7515348050414556), np.float64(2.7515348050414556), np.float64(2.609509202729495), np.float64(2.4398913018926605), np.float64(2.4398913018926605), np.float64(2.4342106888022235), np.float64(2.4278918490516554), np.float64(2.3861089019192265), np.float64(2.3861089019192265)]
Final fitness values: [np.float64(2.3649543663055597), np.float64(2.3649543663055597), np.float64(2.3649543663055597), np.float64(2.3649543663055597), np.float64(2.3649543663055597), np.float64(2.3649543663055597), np.float64(2.3649543663055597), np.float64(2.3649543663055597), np.float64(2.3649543663055597), np.float64(2.3649543663055597)]
HOF ITEM
2.3649543663055597
-4.83540011200473,1.5809426567365161,3.511208044836477,-1.4616135362749518,-5.446194029496292,-3.500894528943591,-3.9931137081431456,2.2549582409691182,-4.5770378769383315,3.3018356130043256,1.8174251915008226,2.581800520869299,2.765521490736722,3.0,4.023238467663431,2.17798996159446,0.45395121819775935,5.1573715377450355
HOF ITEM
2.3649543663055597
-4.83540011200473,1.5809426567365161,3.511208044836477,-1.4616135362749518,-5.446194029496292,-3.500894528943591,-3.9931137081431456,2.2549582409691182,-4.5770378769383315,3.3018356130043256,1.8174251915008226,2.4620037470387035,2.765521490736722,3.0,4.023238467663431,2.17798996159446,0.45395121819775935,5.1573715377450355
HOF ITEM
2.3649543663055597
-4.83540011200473,1.5809426567365161,3.511208044836477,-1.4616135362749518,-5.446194029496292,-3.500894528943591,-3.9931137081431456,2.2549582409691182,-4.5770378769383315,3.3018356130043256,1.8174251915008226,2.6989473904226196,2.765521490736722,3.0,4.023238467663431,2.17798996159446,0.45395121819775935,5.1573715377450355
HOF ITEM
2.3649543663055597
-4.83540011200473,1.5809426567365161,3.511208044836477,-1.4616135362749518,-5.446194029496292,-3.500894528943591,-3.9931137081431456,2.2549582409691182,-4.5770378769383315,3.448050938754612,1.8174251915008226,2.4620037470387035,2.765521490736722,3.0,4.023238467663431,2.17798996159446,0.45395121819775935,5.1573715377450355
HOF ITEM
2.3649543663055597
-4.83540011200473,1.5809426567365161,3.511208044836477,-1.4616135362749518,-5.446194029496292,-3.500894528943591,-3.9931137081431456,2.2549582409691182,-4.5770378769383315,3.448050938754612,1.8174251915008226,2.6989473904226196,2.765521490736722,3.0,4.023238467663431,2.17798996159446,0.45395121819775935,5.1573715377450355
best parameter set
fitness 2.1800364962128027 seed 955
1.7508517567699207,0.05235717239380316,-0.7473448368283694,-0.7700894233384201,4.104840543431859,3.6741561786872556,5.217575587418579,3.0,5.967809067926145,-6.681521704666631,1.0246221333448384,3.7630211799369926,-4.290226442481209,1.7168348371878228,3.413344183320254,0.7824773496397275,2.3110510610646013,-3.9413618589750543
