seeds are [530 531 532 533 534 535 536 537 538 539]
seed 530
Initial fitness values: [np.float64(5.652902897007073), np.float64(5.395919147019004), np.float64(5.201567291048614), np.float64(4.660414352318554), np.float64(4.660414352318554), np.float64(4.50709814372502), np.float64(4.50709814372502), np.float64(4.454142014469179), np.float64(4.420546368206608), np.float64(4.420546368206608)]
Final fitness values: [np.float64(4.332014993678693), np.float64(4.332014993678693), np.float64(4.3188693623250245), np.float64(4.3188693623250245), np.float64(4.3188693623250245), np.float64(4.318492528923848), np.float64(4.318492528923848), np.float64(4.318492528923848), np.float64(4.318492528923848), np.float64(4.318492528923848)]
HOF ITEM
4.318492528923848
-0.9543740940914054,1.1925588508503528,3.5680566270582266,-3.974787766431037,6.221808484070474,0.22161763507346594,3.47886132012499,0.0,-5.584789275683603,-6.010870841105426,0.40239376090985224,5.275731661324787,-0.4583446213664072,2.3594204167484327,-5.52823196269989,3.089641351543173,0.4022429989915089,1.7582266792848298
HOF ITEM
4.3188693623250245
-0.9543740940914054,1.1925588508503528,3.5680566270582266,-3.974787766431037,6.221808484070474,0.22161763507346594,3.4163135426963978,0.0,-5.584789275683603,-6.010870841105426,0.40239376090985224,5.275731661324787,-0.4583446213664072,2.3594204167484327,-5.52823196269989,3.089641351543173,0.4022429989915089,1.7582266792848298
HOF ITEM
4.32930882629562
-0.9543740940914054,1.1925588508503528,3.5364472734933274,-3.9421993487992832,6.221808484070474,0.18983557730751893,3.4163135426963978,0.1004208765033031,-5.438343488849515,-6.161329079054755,0.37095513947524605,5.256619988445236,-0.4583446213664072,2.3594204167484327,-5.52823196269989,3.0563843197369382,0.4921041835419463,1.7582266792848298
HOF ITEM
4.332014993678693
-0.9543740940914054,1.1925588508503528,3.5680566270582266,-3.974787766431037,6.221808484070474,0.22161763507346594,3.47886132012499,0.0,-5.584789275683603,-6.010870841105426,0.40239376090985224,5.275731661324787,-0.4583446213664072,2.3594204167484327,-5.429041763577438,3.089641351543173,0.6876146902925961,1.7582266792848298
HOF ITEM
4.3320164912878365
-0.9543740940914054,1.1925588508503528,3.5680566270582266,-3.974787766431037,6.221808484070474,0.22161763507346594,3.47886132012499,0.0,-5.584789275683603,-6.010870841105426,0.26093311543107256,5.275731661324787,-0.4583446213664072,2.3594204167484327,-5.429041763577438,3.089641351543173,0.6876146902925961,1.7582266792848298
seed 531
Initial fitness values: [np.float64(6.019015204982998), np.float64(5.638177194948987), np.float64(4.601316856311), np.float64(4.543358049712026), np.float64(4.429844450964819), np.float64(4.413867021193942), np.float64(4.406693818430275), np.float64(4.351340603548327), np.float64(4.3471344019835305), np.float64(4.339530646965144)]
Final fitness values: [np.float64(4.255558196878308), np.float64(4.255558196878308), np.float64(4.255558196878308), np.float64(4.255330836885634), np.float64(4.255330836885634), np.float64(4.255330836885634), np.float64(4.2553044547640635), np.float64(4.2553044547640635), np.float64(4.2553044547640635), np.float64(4.2553044547640635)]
HOF ITEM
4.2553044547640635
-1.4276258012405934,1.4292239421423834,-1.622070451591873,0.7484367608182722,-2.3370874385753804,-0.20259953541080242,6.152988326916205,2.0944562110083034,-0.5183338841018315,4.933074420349043,0.716134028454057,1.159001406620024,-0.31958781592544633,2.8170890568051092,-0.47115611115397626,6.352604965174186,2.384569074120017,-6.927642125440933
HOF ITEM
4.2553044547640635
-1.4276258012405934,1.4292239421423834,-1.622070451591873,0.7484367608182722,-2.3370874385753804,-0.20259953541080242,6.212557570586567,1.9461081896679755,-0.5183338841018315,4.933074420349043,0.716134028454057,1.159001406620024,-0.31958781592544633,2.8170890568051092,-0.47115611115397626,6.352604965174186,2.384569074120017,-6.759031898441371
HOF ITEM
4.2553044547640635
-1.4276258012405934,1.4292239421423834,-1.622070451591873,0.7484367608182722,-2.3370874385753804,-0.20259953541080242,6.576500998521364,1.9461081896679755,-0.5183338841018315,4.933074420349043,0.716134028454057,1.159001406620024,-0.31958781592544633,2.8170890568051092,-0.47115611115397626,6.352604965174186,2.384569074120017,-6.927642125440933
HOF ITEM
4.2553044547640635
-1.4276258012405934,1.4292239421423834,-1.622070451591873,0.7484367608182722,-2.3370874385753804,-0.20259953541080242,6.576500998521364,1.9461081896679755,-0.5183338841018315,4.933074420349043,0.716134028454057,1.159001406620024,-0.31958781592544633,2.8170890568051092,-0.47115611115397626,6.34523488305509,2.384569074120017,-6.759031898441371
HOF ITEM
4.2553044547640635
-1.4276258012405934,1.4292239421423834,-1.622070451591873,0.7484367608182722,-2.3370874385753804,-0.20259953541080242,6.152988326916205,2.0944562110083034,-0.5183338841018315,4.933074420349043,0.716134028454057,1.159001406620024,-0.31958781592544633,2.8170890568051092,-0.47115611115397626,6.352604965174186,2.384569074120017,-6.759031898441371
seed 532
Initial fitness values: [np.float64(5.73681699114464), np.float64(5.73681699114464), np.float64(5.382385974726203), np.float64(5.382385974726203), np.float64(5.360506190611879), np.float64(5.16149748754664), np.float64(5.16149748754664), np.float64(5.16149748754664), np.float64(4.844948272490388), np.float64(4.844948272490388)]
Final fitness values: [np.float64(4.2716650835361), np.float64(4.271366444390572), np.float64(4.271366444390572), np.float64(4.271366444390572), np.float64(4.2713153822942544), np.float64(4.271275124023947), np.float64(4.270373913287772), np.float64(4.270373913287772), np.float64(4.270373913287772), np.float64(4.267921407580287)]
HOF ITEM
4.267921407580287
-4.910065977153397,1.3793645369764451,-5.114016606924902,3.167313851076973,6.035752863716159,4.5904795800550104,-1.5112056813806571,1.8764293529695446,4.6845160487763815,-3.3667182743099326,2.7364235975953584,1.2643913909799056,-3.8647610242682835,2.1972718301992247,-2.4828072072125646,-4.782060741990268,1.840736941297195,3.8196626327027534
HOF ITEM
4.270328978313247
-4.910065977153397,1.3793645369764451,-5.103229639677844,3.167313851076973,6.035752863716159,5.026231055525628,-1.5112056813806571,1.9988260803253446,4.6845160487763815,-3.3667182743099326,2.7364235975953584,2.196312082936622,-3.8647610242682835,2.1972718301992247,-2.4789774075719957,-4.982812760165641,2.0136164769848763,3.807973285587729
HOF ITEM
4.270330030896137
-4.910065977153397,1.3793645369764451,-5.114016606924902,3.167313851076973,6.035752863716159,5.026231055525628,-1.5112056813806571,1.9988260803253446,4.6845160487763815,-3.3667182743099326,2.7364235975953584,2.2349998091112275,-3.8647610242682835,2.1972718301992247,-2.4789774075719957,-4.982812760165641,2.0136164769848763,3.807973285587729
HOF ITEM
4.270330354371998
-4.910065977153397,1.3793645369764451,-5.114016606924902,3.167313851076973,6.035752863716159,5.026231055525628,-1.5112056813806571,1.9988260803253446,4.6845160487763815,-3.48554528107247,2.7364235975953584,1.5643443407502837,-3.8647610242682835,2.1972718301992247,-2.4789774075719957,-4.863366584023493,2.0136164769848763,3.6892475287677673
HOF ITEM
4.27033811740194
-4.910065977153397,1.3793645369764451,-5.103229639677844,3.167313851076973,6.035752863716159,5.026231055525628,-1.5112056813806571,1.9988260803253446,4.6845160487763815,-3.3667182743099326,2.6944880766293737,2.2349998091112275,-3.8647610242682835,2.1972718301992247,-2.4789774075719957,-4.982812760165641,1.8151337910224659,3.807973285587729
seed 533
Initial fitness values: [np.float64(5.601767445814022), np.float64(5.601767445814022), np.float64(5.180423111921861), np.float64(5.180423111921861), np.float64(4.861036620541455), np.float64(4.509067454837637), np.float64(4.509067454837637), np.float64(4.4977896006619575), np.float64(4.3971790406505775), np.float64(4.377323096133828)]
Final fitness values: [np.float64(4.264563684985022), np.float64(4.26456171443778), np.float64(4.264561714436837), np.float64(4.264561714436837), np.float64(4.264561714436837), np.float64(4.264561714436837), np.float64(4.262600182988898), np.float64(4.262600122640871), np.float64(4.262600122640871), np.float64(4.262600122640871)]
HOF ITEM
4.262600122640871
-2.0900051321761692,1.4821960687093305,7.0,-0.10187090763874959,2.6434486831124078,3.008307435558459,0.21784643692305197,0.9318057040566725,-0.6388320284849798,-0.8635663594364313,2.7971951734750706,7.0,1.633938451871961,2.8957008304518164,-6.114351557421256,6.513067240174066,0.7083025751099145,-1.3187247539073061
HOF ITEM
4.262600182988898
-2.0900051321761692,1.4821960687093305,7.0,-0.10187090763874959,2.6434486831124078,3.008307435558459,0.21784643692305197,0.9318057040566725,-0.6388320284849798,-0.8635663594364313,2.7971951734750706,7.0,1.4950290139724847,2.3882931211512086,-6.634268775914326,6.513067240174066,0.9308386777540689,-1.3187247539073061
HOF ITEM
4.264561066804298
-2.0900051321761692,1.4821960687093305,6.975724006073709,-0.05130098140224393,2.6434486831124078,2.9313472361147834,0.21784643692305197,1.3661109499249533,-0.6388320284849798,-0.8635663594364313,2.7971951734750706,7.0,1.633938451871961,2.8957008304518164,-6.634268775914326,6.513067240174066,0.9308386777540689,-1.3187247539073061
HOF ITEM
4.264561066804298
-2.0900051321761692,1.4821960687093305,6.975724006073709,-0.05130098140224393,2.6434486831124078,2.9313472361147834,0.21784643692305197,1.3661109499249533,-0.6388320284849798,-0.8635663594364313,2.7971951734750706,7.0,1.633938451871961,2.8957008304518164,-6.114351557421256,6.513067240174066,0.9308386777540689,-1.3187247539073061
HOF ITEM
4.264561067114723
-2.0900051321761692,1.4821960687093305,6.975724006073709,-0.05130098140224393,2.6434486831124078,2.9313472361147834,0.21784643692305197,1.3661109499249533,-0.6388320284849798,-0.8635663594364313,2.7971951734750706,7.0,1.633938451871961,2.3882931211512086,-6.634268775914326,6.513067240174066,0.9308386777540689,-1.3187247539073061
seed 534
Initial fitness values: [np.float64(6.079931754366925), np.float64(5.360227512631622), np.float64(5.285284078863064), np.float64(4.983839654638739), np.float64(4.922508276855945), np.float64(4.910067915770643), np.float64(4.846430208814379), np.float64(4.835094595089426), np.float64(4.785392043014206), np.float64(4.559063052220512)]
Final fitness values: [np.float64(3.9354122237386884), np.float64(3.9351141582212232), np.float64(3.9351141582212232), np.float64(3.934751714972722), np.float64(3.934751714972722), np.float64(3.934751714972722), np.float64(3.934751714972722), np.float64(3.934751714972722), np.float64(3.9345832195509343), np.float64(3.9345832195509343)]
HOF ITEM
3.9345832195509343
-6.9173275179247184,1.368376284351498,3.782617887874178,-5.3972079692705925,6.4423117382332835,5.575919351779861,0.7582432132617825,1.8584846114441205,-4.718981932448721,3.4936155972847573,1.7546340343844824,-4.257496059336646,-6.091286215832438,1.7776640717835952,-2.6957548554937922,-6.631854588288549,1.6916056533482995,5.435832981785328
HOF ITEM
3.9345897349253462
-6.9173275179247184,1.368376284351498,3.782617887874178,-5.019415296023788,6.4423117382332835,5.575919351779861,0.7582432132617825,2.017604824897057,-4.828653205299427,3.4936155972847573,1.7546340343844824,-4.257496059336646,-6.091286215832438,1.7776640717835952,-2.6957548554937922,-6.631854588288549,1.6916056533482995,5.435832981785328
HOF ITEM
3.934751714972722
-6.9173275179247184,1.368376284351498,3.782617887874178,-5.019415296023788,6.4423117382332835,5.575919351779861,0.7582432132617825,2.017604824897057,-4.448289438814831,3.4936155972847573,1.8418571727012942,-4.257496059336646,-6.091286215832438,1.7776640717835952,-2.697076047738965,-6.723714970956373,1.6916056533482995,5.435832981785328
HOF ITEM
3.934751714972722
-6.9173275179247184,1.368376284351498,3.782617887874178,-5.019415296023788,6.4423117382332835,5.575919351779861,0.7582432132617825,2.017604824897057,-4.828653205299427,3.4936155972847573,1.7546340343844824,-4.067936451839103,-6.091286215832438,1.7776640717835952,-2.697076047738965,-6.723714970956373,1.6916056533482995,5.435832981785328
HOF ITEM
3.934751714972722
-6.9173275179247184,1.368376284351498,3.782617887874178,-5.019415296023788,6.4423117382332835,5.575919351779861,0.7582432132617825,2.017604824897057,-4.828653205299427,3.475081415497573,1.7546340343844824,-4.257496059336646,-6.091286215832438,1.7776640717835952,-2.697076047738965,-6.723714970956373,1.6916056533482995,5.435832981785328
seed 535
Initial fitness values: [np.float64(5.405645629946932), np.float64(5.234226026292004), np.float64(5.215148381317725), np.float64(5.176624972501276), np.float64(5.176624972501276), np.float64(5.176624972501276), np.float64(5.176338895868724), np.float64(5.172105618958602), np.float64(5.162687546136156), np.float64(5.162687546136156)]
Final fitness values: [np.float64(4.2523414775886454), np.float64(4.2523414775886454), np.float64(4.2523414775886454), np.float64(4.2523414775886454), np.float64(4.2523414775886454), np.float64(4.2523414775886454), np.float64(4.2523414775886454), np.float64(4.2523414775886454), np.float64(4.2523414775886454), np.float64(4.2523414775886454)]
HOF ITEM
4.2523414775886454
-4.609127235003291,1.5719347052348787,-5.147356518475957,-5.492846897056985,-3.4129330059181506,-6.331855848616144,-3.402325771595563,2.3310688699031643,-1.2577274949503359,-0.4554970481932084,2.89803482252821,5.1232512335988964,0.4256599751940605,0.606261072641244,-0.8569025036772887,-1.232439856809773,0.9175377709942888,1.5213087946943076
HOF ITEM
4.252367187797405
-4.609127235003291,1.5719347052348787,-5.147356518475957,-5.492846897056985,-3.4129330059181506,-6.331855848616144,-3.402325771595563,2.3310688699031643,-1.2577274949503359,-0.4554970481932084,2.89803482252821,5.1232512335988964,0.4256599751940605,0.619189486495829,-0.8569025036772887,-1.232439856809773,0.9175377709942888,1.5213087946943076
HOF ITEM
4.252505758376865
-4.609127235003291,1.5719347052348787,-5.147356518475957,-5.492846897056985,-3.4129330059181506,-6.331855848616144,-3.402325771595563,2.3310688699031643,-1.2577274949503359,-0.4554970481932084,2.89803482252821,5.1232512335988964,0.7554713041006884,0.619189486495829,-0.8569025036772887,-1.232439856809773,0.9175377709942888,1.5213087946943076
HOF ITEM
4.25258524088586
-4.609127235003291,1.5719347052348787,-5.147356518475957,-5.492846897056985,-3.4129330059181506,-6.331855848616144,-3.402325771595563,2.3310688699031643,-1.2577274949503359,-0.1492570615013718,2.8481880537971995,4.87230429261228,0.4256599751940605,0.8029276429106631,-0.8569025036772887,-1.232439856809773,0.9175377709942888,1.5213087946943076
HOF ITEM
4.2536964027134
-4.609127235003291,1.5719347052348787,-5.147356518475957,-5.492846897056985,-3.4129330059181506,-6.331855848616144,-3.402325771595563,2.3310688699031643,-1.2577274949503359,-1.1340271975627791,3.0,5.1232512335988964,0.7554713041006884,0.619189486495829,-0.8569025036772887,-1.1912832700674243,0.9175377709942888,1.5213087946943076
seed 536
Initial fitness values: [np.float64(6.0323160237611635), np.float64(6.149113846186107), np.float64(5.419043399452067), np.float64(5.209145786702679), np.float64(5.1694283314725595), np.float64(5.02395366838883), np.float64(4.79194861214695), np.float64(4.79194861214695), np.float64(4.674671098689799), np.float64(4.6126876330449065)]
Final fitness values: [np.float64(4.093754036072486), np.float64(4.093754036072486), np.float64(4.093754036072486), np.float64(4.093754036072486), np.float64(4.093754036072486), np.float64(4.093754036072486), np.float64(4.093754036072486), np.float64(4.093754036072486), np.float64(4.093754036072486), np.float64(4.093754036072486)]
HOF ITEM
4.093754036072486
-5.250208823576534,1.380114028979393,-1.2624012477573603,2.470044258396014,2.281906124738052,2.1745135703025364,6.376021780847404,0.11639889622894188,2.888537999778591,5.591198391809182,2.395355889266974,-5.353577687846456,-0.5308576921996564,0.688328804942659,5.844025885743543,-4.461994492782533,2.1146003619590075,-4.099319686194146
HOF ITEM
4.094043352994728
-5.250208823576534,1.380114028979393,-1.2624012477573603,2.470044258396014,2.281906124738052,2.1745135703025364,6.376021780847404,0.0,2.7939831659631937,5.591198391809182,2.5909778117625692,-5.353577687846456,-0.5308576921996564,0.688328804942659,5.844025885743543,-4.461994492782533,2.1146003619590075,-4.099319686194146
HOF ITEM
4.0940477064061565
-5.250208823576534,1.380114028979393,-1.2624012477573603,2.470044258396014,2.281906124738052,2.1745135703025364,6.376021780847404,0.007246019481749466,2.888537999778591,5.591198391809182,1.7410779239539298,-5.353577687846456,-0.5308576921996564,0.688328804942659,5.844025885743543,-4.461994492782533,2.1146003619590075,-4.099319686194146
HOF ITEM
4.0940477064061565
-5.250208823576534,1.380114028979393,-1.2624012477573603,2.470044258396014,2.281906124738052,2.1745135703025364,6.376021780847404,0.007246019481749466,2.888537999778591,5.541228043540718,2.395355889266974,-5.353577687846456,-0.5308576921996564,0.688328804942659,5.844025885743543,-4.461994492782533,2.1146003619590075,-4.099319686194146
HOF ITEM
4.0940477064061565
-5.250208823576534,1.380114028979393,-1.2624012477573603,2.470044258396014,2.281906124738052,2.1745135703025364,6.376021780847404,0.007246019481749466,2.888537999778591,5.541228043540718,1.7410779239539298,-5.400343085026488,-0.5308576921996564,0.688328804942659,5.844025885743543,-4.461994492782533,2.1146003619590075,-4.099319686194146
seed 537
Initial fitness values: [np.float64(5.950386201138553), np.float64(5.596850589563969), np.float64(4.856455624872705), np.float64(4.856455624872705), np.float64(4.442675667243183), np.float64(4.442675667243183), np.float64(4.442675667243183), np.float64(4.41677438620749), np.float64(4.323277062235393), np.float64(4.322924851764872)]
Final fitness values: [np.float64(4.241792945968482), np.float64(4.241792945968482), np.float64(4.241792945968482), np.float64(4.241792788133849), np.float64(4.241792788133849), np.float64(4.241792788133849), np.float64(4.241792772033197), np.float64(4.240780428287836), np.float64(4.240780428287836), np.float64(4.239668259878469)]
HOF ITEM
4.239668259878469
-3.836772679072618,1.5838982316479946,-0.2625082844487231,-2.238978601681709,-0.658635874210286,2.856911432560274,-2.578370878215102,2.595058548146744,-0.8274702462164896,0.07316295197125833,1.327895246139528,4.613769462059403,3.390813317797158,0.9916265985386865,-1.294426476879257,2.8516366911650586,1.3036688563732852,0.31928107834329333
HOF ITEM
4.2407803815315726
-3.836772679072618,1.5838982316479946,-0.2625082844487231,-2.238978601681709,-0.658635874210286,2.856911432560274,-2.578370878215102,2.595058548146744,-0.8274702462164896,-0.11068687273701855,1.327895246139528,4.223442017221933,3.6752913079059546,0.9916265985386865,-1.294426476879257,2.8516366911650586,1.7801552944550951,0.300175012054676
HOF ITEM
4.2407803906058446
-3.836772679072618,1.5838982316479946,-0.2625082844487231,-2.238978601681709,-0.658635874210286,2.856911432560274,-2.578370878215102,2.595058548146744,-0.8274702462164896,-0.11068687273701855,1.327895246139528,4.223442017221933,3.6752913079059546,0.9916265985386865,-1.6071498799638984,2.8516366911650586,1.7801552944550951,0.300175012054676
HOF ITEM
4.240780428287836
-3.836772679072618,1.5838982316479946,-0.2625082844487231,-2.238978601681709,-0.658635874210286,2.856911432560274,-2.578370878215102,2.595058548146744,-0.8274702462164896,-0.11068687273701855,1.327895246139528,4.223442017221933,3.519381554930617,0.9916265985386865,-1.294426476879257,3.1409932423614766,1.7801552944550951,0.300175012054676
HOF ITEM
4.240780428287836
-3.836772679072618,1.5838982316479946,-0.2625082844487231,-2.238978601681709,-0.658635874210286,2.856911432560274,-2.578370878215102,2.595058548146744,-0.8274702462164896,-0.11068687273701855,1.327895246139528,4.223442017221933,3.519381554930617,0.9916265985386865,-1.294426476879257,3.1409932423614766,1.7801552944550951,-0.09127903938496948
seed 538
Initial fitness values: [np.float64(6.232407108762348), np.float64(5.650517202504555), np.float64(5.431476703124897), np.float64(5.19277560126107), np.float64(5.038680712957765), np.float64(4.778898544201235), np.float64(4.778898544201235), np.float64(4.750410114562613), np.float64(4.524100288881144), np.float64(4.487038522122823)]
Final fitness values: [np.float64(4.302394002498763), np.float64(4.302394002498763), np.float64(4.302394002498756), np.float64(4.302394002498756), np.float64(4.302394002498756), np.float64(4.302394002498756), np.float64(4.302394002498756), np.float64(4.302394002498756), np.float64(4.302394002498756), np.float64(4.302394002498756)]
HOF ITEM
4.302394002498756
-6.817034278193872,1.5716359749118751,0.7987731148750241,-5.88383730048019,3.835803259351667,-0.8663385856938769,-5.734506608773559,1.8283299874046448,-1.6409777827452832,6.215606184025434,1.5628662372103848,1.6263734660300189,2.7855270025622136,2.479264041825453,2.172086937674266,4.481568048786117,1.611962057454709,-6.230222101294717
HOF ITEM
4.302394002498756
-6.817034278193872,1.5716359749118751,0.7987731148750241,-5.88383730048019,3.835803259351667,-0.8663385856938769,-5.734506608773559,1.8283299874046448,-1.6409777827452832,6.215606184025434,1.5628662372103848,1.409786658728966,2.7855270025622136,2.479264041825453,2.172086937674266,4.481568048786117,1.611962057454709,-6.230222101294717
HOF ITEM
4.302394002498756
-6.817034278193872,1.5716359749118751,0.7987731148750241,-5.88383730048019,3.835803259351667,-0.8663385856938769,-5.734506608773559,1.8283299874046448,-1.6409777827452832,6.311876214160015,1.7679444107553166,1.6263734660300189,2.7855270025622136,2.479264041825453,2.172086937674266,4.481568048786117,1.611962057454709,-6.110232839954002
HOF ITEM
4.302394002498756
-6.817034278193872,1.5716359749118751,0.7987731148750241,-5.88383730048019,3.835803259351667,-0.8663385856938769,-5.734506608773559,1.8283299874046448,-1.6409777827452832,6.215606184025434,1.5628662372103848,1.6263734660300189,2.7855270025622136,2.8915657049246106,2.172086937674266,4.481568048786117,1.611962057454709,-6.110232839954002
HOF ITEM
4.302394002498756
-6.817034278193872,1.5716359749118751,0.7987731148750241,-5.88383730048019,3.835803259351667,-0.8663385856938769,-5.734506608773559,1.8283299874046448,-1.6409777827452832,6.215606184025434,1.5628662372103848,1.409786658728966,2.7855270025622136,2.94213371119724,2.6591186993698805,4.481568048786117,2.183030879234229,-6.110232839954002
seed 539
Initial fitness values: [np.float64(5.644172836677021), np.float64(5.5322590486013485), np.float64(5.2353985889745145), np.float64(5.14396674879303), np.float64(5.14396674879303), np.float64(5.132419773098258), np.float64(5.075127850176777), np.float64(5.075127850176777), np.float64(5.030938477984536), np.float64(5.006907502701282)]
Final fitness values: [np.float64(4.277339296150647), np.float64(4.277339296150647), np.float64(4.276250413640409), np.float64(4.275712712055613), np.float64(4.275712712055613), np.float64(4.260920531502924), np.float64(4.260920531502924), np.float64(4.260920531502924), np.float64(4.260920531502924), np.float64(4.260880707757723)]
HOF ITEM
4.260880707757723
-1.3496014197392125,1.4281106743044916,3.9826833525620193,-6.422406869805533,6.604952656023054,3.8725808921939056,1.6228188049081416,1.1826996707258215,-1.0898907050217643,-1.8160113740937363,0.0,1.2628672675760166,6.678662582246343,2.6120147711677224,3.1926424211843614,-0.27779237008854646,2.7755879089570756,-0.7497982470640255
HOF ITEM
4.2608814999789155
-1.3496014197392125,1.4281106743044916,3.9826833525620193,-6.53323186347706,6.604952656023054,3.8725808921939056,1.6228188049081416,1.1826996707258215,-1.0898907050217643,-1.6148809542424196,0.033679740318827256,1.413159240811238,6.678662582246343,2.232655791671003,3.1926424211843614,-0.27779237008854646,2.7755879089570756,-0.7497982470640255
HOF ITEM
4.260920531502924
-1.3496014197392125,1.4281106743044916,3.9826833525620193,-6.53323186347706,6.604952656023054,3.8725808921939056,1.6228188049081416,1.1826996707258215,-1.1090288133625261,-1.8160113740937363,0.0,1.2628672675760166,6.678662582246343,2.232655791671003,3.0604076890990584,-0.27779237008854646,2.7755879089570756,-0.7497982470640255
HOF ITEM
4.260920531502924
-1.3496014197392125,1.4281106743044916,3.9826833525620193,-6.53323186347706,6.604952656023054,3.8725808921939056,1.6228188049081416,1.1826996707258215,-1.1090288133625261,-1.8160113740937363,0.0,1.2628672675760166,6.678662582246343,2.6120147711677224,3.1926424211843614,-0.27779237008854646,2.7755879089570756,-0.7497982470640255
HOF ITEM
4.260920754393118
-1.3496014197392125,1.4281106743044916,3.9826833525620193,-6.53323186347706,6.604952656023054,3.8725808921939056,1.6228188049081416,1.1826996707258215,-1.1090288133625261,-1.8160113740937363,0.0,1.413159240811238,6.678662582246343,2.6120147711677224,3.1926424211843614,-0.27779237008854646,2.7755879089570756,-0.7497982470640255
best parameter set
fitness 3.932133876921572 seed 534
-6.916644922706889,1.3728928004344652,3.7828730664738295,-5.019415644866182,6.444720486417364,5.5732557994772725,0.7582432132617825,2.017604824897057,-4.828653205299427,3.4936155972847573,1.7546340343844824,-4.257496059336646,-6.0919571990270605,1.7767261239333831,-2.693077490897039,-6.63186429216717,1.691606904208554,5.435846593631079
