seeds are [960 961 962 963 964 965 966 967 968 969]
seed 960
Initial fitness values: [np.float64(2.9782280415639075), np.float64(2.9782280415639075), np.float64(2.908851785105846), np.float64(2.791536191449741), np.float64(2.6822309959446295), np.float64(2.6361159636940075), np.float64(2.6361159636940075), np.float64(2.6189777379085326), np.float64(2.5898232449441583), np.float64(2.592563394714423)]
Final fitness values: [np.float64(2.4668991946278265), np.float64(2.4668991946278265), np.float64(2.4663325597631944), np.float64(2.4663325597631944), np.float64(2.4660537408259753), np.float64(2.4660537408259753), np.float64(2.465153875890877), np.float64(2.465153875890877), np.float64(2.465153875890877), np.float64(2.465153875890877)]
HOF ITEM
2.465153875890877
2.2241425060044575,0.1608275266462096,-6.318028342413815,-2.9015225451056113,3.195094713045486,-3.514326726464575,5.758106026681742,0.0,-4.919025041023504,1.2667898617110054,3.0,5.608753717512914,4.920844465117023,0.969751928595647,-1.3831012059524848,3.9959640866710933,0.5014346363721667,3.9915776531699008
HOF ITEM
2.465227609584197
2.2241425060044575,0.1608275266462096,-6.318028342413815,-2.9015225451056113,3.195094713045486,-3.514326726464575,5.758106026681742,0.0,-4.919025041023504,1.2667898617110054,3.0,5.608753717512914,4.920844465117023,0.969751928595647,-1.3831012059524848,3.9959640866710933,0.5014346363721667,4.001348812536388
HOF ITEM
2.465238958129807
2.2241425060044575,0.1608275266462096,-6.318028342413815,-2.9015225451056113,3.195094713045486,-3.514326726464575,5.758106026681742,0.0,-4.919025041023504,1.2667898617110054,3.0,5.608753717512914,4.998726123301873,0.969751928595647,-1.3953637680118431,3.9959640866710933,0.5014346363721667,4.001348812536388
HOF ITEM
2.465919116710732
2.2241425060044575,0.1608275266462096,-6.318028342413815,-2.9015225451056113,3.195094713045486,-3.514326726464575,5.682216148219288,0.0,-4.55579451648259,1.2667898617110054,3.0,5.608753717512914,4.998726123301873,0.969751928595647,-1.3831012059524848,3.9959640866710933,0.5014346363721667,4.001348812536388
HOF ITEM
2.46593313474402
2.2241425060044575,0.1608275266462096,-6.318028342413815,-2.9015225451056113,3.195094713045486,-3.514326726464575,5.682216148219288,0.0,-4.55579451648259,1.2667898617110054,3.0,5.608753717512914,4.920844465117023,0.969751928595647,-1.3831012059524848,3.9959640866710933,0.5014346363721667,4.001348812536388
seed 961
Initial fitness values: [np.float64(3.171278636405095), np.float64(3.0857403373639647), np.float64(2.974349281985173), np.float64(2.8675436134759567), np.float64(2.865233065038503), np.float64(2.860447956433757), np.float64(2.850415911420758), np.float64(2.8484155778333937), np.float64(2.8416966772812353), np.float64(2.8408579265965206)]
Final fitness values: [np.float64(2.3650051313445957), np.float64(2.364917850953656), np.float64(2.3643586284545055), np.float64(2.3643101155719046), np.float64(2.3641937732967637), np.float64(2.3633138534023077), np.float64(2.3630169641221013), np.float64(2.3625509042719255), np.float64(2.3625509042719255), np.float64(2.3625509042719255)]
HOF ITEM
2.3625509042719255
-4.320779721601067,1.609926655769172,1.2985250703990716,-0.3017847334505338,7.0,-3.714349791230303,-1.4851907684829748,1.6358700865428548,5.04565968958799,6.237567073372639,0.40498011871530326,-0.22804712700491372,5.251591154139375,0.3515863304073654,3.565998161914251,-3.0273673051465413,2.4177702396057006,-0.4614112311259263
HOF ITEM
2.362635500808535
-4.366513350543772,1.609926655769172,1.7315935973948942,-0.3017847334505338,7.0,-3.196217577178521,-1.4851907684829748,1.5764038894576147,4.911445823338142,6.209428867587956,0.12599984363724456,-0.22804712700491372,5.490513087169987,0.5097691501006899,4.146946211836867,-3.071732266737194,2.429127084097955,-0.4614112311259263
HOF ITEM
2.3626582861686503
-4.320779721601067,1.609926655769172,1.2985250703990716,-0.3017847334505338,7.0,-3.714349791230303,-1.4851907684829748,1.6885733520932735,4.89581002241167,6.237567073372639,0.40498011871530326,-0.22804712700491372,5.251591154139375,0.3515863304073654,3.565998161914251,-3.0273673051465413,2.4177702396057006,-0.4614112311259263
HOF ITEM
2.362687490728997
-4.320779721601067,1.609926655769172,1.6748889282473287,-0.646823044771283,6.897255695038844,-3.5359752016381116,-1.568340289744109,1.6885733520932735,4.991015472801661,6.173159419164108,0.23079695762608582,-0.22804712700491372,5.259127857738842,0.2214498950712014,3.9252655998405723,-3.0273673051465413,2.4177702396057006,-0.4614112311259263
HOF ITEM
2.3627109099076913
-4.320779721601067,1.609926655769172,1.7315935973948942,-0.4276497206111418,7.0,-3.5677323587919165,-1.585469798056577,1.6358700865428548,5.04565968958799,6.3561725017379125,0.09060206091868131,-0.20460470847308906,5.1921974914681455,0.39095634289896075,3.565998161914251,-3.0273673051465413,2.4177702396057006,-0.4614112311259263
seed 962
Initial fitness values: [np.float64(3.002546543260647), np.float64(2.877119163861475), np.float64(2.827037489967104), np.float64(2.8266993621347245), np.float64(2.8191302142526036), np.float64(2.8050422184567516), np.float64(2.770658638923068), np.float64(2.770658638923068), np.float64(2.761545666775289), np.float64(2.7472894169496467)]
Final fitness values: [np.float64(2.541764217720969), np.float64(2.5404946719198604), np.float64(2.5404352643893655), np.float64(2.5404352643893655), np.float64(2.5404340429687458), np.float64(2.5403085632431104), np.float64(2.5403085632431104), np.float64(2.5403038842612045), np.float64(2.5403038842612045), np.float64(2.54030114292594)]
HOF ITEM
2.54030114292594
3.6176642412251345,-0.8623461543037709,6.144955542912005,3.029725100903349,5.206352632051594,-1.4558444158926926,5.552576695757592,1.4172813931849302,4.674648836490152,2.489321533904852,1.9386608849583489,0.8347090783831266,5.09433806887975,0.0,-6.5348326718809195,1.2703743175336082,2.4428419852756127,-0.45516056605214533
HOF ITEM
2.540301145283796
3.6176642412251345,-0.8623461543037709,6.144955542912005,3.029725100903349,5.206352632051594,-1.4558444158926926,5.82602406241638,1.4172813931849302,4.674648836490152,2.489321533904852,1.9386608849583489,0.8347090783831266,5.09433806887975,0.0,-6.5348326718809195,1.2703743175336082,2.4428419852756127,-0.45516056605214533
HOF ITEM
2.5403011813085827
3.6176642412251345,-0.8623461543037709,6.144955542912005,3.029725100903349,5.206352632051594,-1.4558444158926926,5.82602406241638,1.1358412191210532,4.674648836490152,2.356744436631295,2.0731772756289732,0.8347090783831266,5.09433806887975,0.0,-6.5348326718809195,1.2703743175336082,2.4428419852756127,-0.45516056605214533
HOF ITEM
2.5403038842612045
3.6176642412251345,-0.8623461543037709,6.496976563607295,3.3926055854591683,5.206352632051594,-1.3530091976833838,5.552576695757592,1.4172813931849302,4.674648836490152,2.489321533904852,1.9386608849583489,0.8347090783831266,5.09433806887975,0.0,-6.5348326718809195,1.2703743175336082,2.4428419852756127,-0.45516056605214533
HOF ITEM
2.5403038952882007
3.6176642412251345,-0.8623461543037709,6.496976563607295,3.3926055854591683,5.206352632051594,-1.3530091976833838,5.82602406241638,1.1358412191210532,4.674648836490152,2.489321533904852,1.9386608849583489,0.8347090783831266,5.09433806887975,0.0,-6.5348326718809195,1.2703743175336082,2.4428419852756127,-0.45516056605214533
seed 963
Initial fitness values: [np.float64(3.27002262584599), np.float64(2.9922292703509616), np.float64(2.9881025294483936), np.float64(2.9412316951056026), np.float64(2.863918058703734), np.float64(2.777814657092818), np.float64(2.762537442754235), np.float64(2.7264365182504147), np.float64(2.718789283369645), np.float64(2.6966309469921237)]
Final fitness values: [np.float64(2.269411038314184), np.float64(2.2693888183280433), np.float64(2.26922686544768), np.float64(2.267490905191695), np.float64(2.251928667787091), np.float64(2.234616604815952), np.float64(2.2182358599874705), np.float64(2.2182358599874705), np.float64(2.2069990385255993), np.float64(2.2069990385255993)]
HOF ITEM
2.2069990385255993
0.5787367236349448,0.8384457401290903,6.316094122869337,1.608559732332148,5.3019751801518975,2.3118770549879883,-1.8137466488615896,1.9654722962198332,0.9284856634333549,-3.5946569556025985,1.9442429814734552,5.3502844777933385,0.2842847231000657,3.0,4.158846318498989,0.8593896211909257,2.6382461725171273,-0.520906733500923
HOF ITEM
2.212065360784055
0.5787367236349448,0.8384457401290903,6.316094122869337,1.3743477285590617,5.3019751801518975,2.3118770549879883,-1.8137466488615896,1.9654722962198332,0.9284856634333549,-3.5946569556025985,1.9442429814734552,5.3502844777933385,0.2842847231000657,3.0,4.158846318498989,0.8593896211909257,2.6620235111846524,-0.520906733500923
HOF ITEM
2.2126123473650496
0.5787367236349448,0.8384457401290903,6.316094122869337,1.3743477285590617,5.3019751801518975,2.3118770549879883,-1.8137466488615896,1.9654722962198332,0.9284856634333549,-3.5946569556025985,1.9442429814734552,5.3502844777933385,0.2842847231000657,3.0,4.158846318498989,0.8593896211909257,2.6382461725171273,-0.520906733500923
HOF ITEM
2.2129328854710435
0.5787367236349448,0.8384457401290903,6.316094122869337,1.608559732332148,5.178333551753866,2.3282360607813404,-1.8137466488615896,1.9654722962198332,0.9284856634333549,-3.5946569556025985,1.9442429814734552,5.3502844777933385,0.2842847231000657,3.0,4.158846318498989,0.8593896211909257,2.6382461725171273,-0.520906733500923
HOF ITEM
2.2149506674475594
0.5787367236349448,0.8384457401290903,6.316094122869337,1.608559732332148,5.178333551753866,2.3282360607813404,-1.8137466488615896,1.9654722962198332,0.9284856634333549,-3.5946569556025985,2.0065453767125825,5.236189694666268,0.2842847231000657,3.0,4.158846318498989,0.8593896211909257,2.6620235111846524,-0.520906733500923
seed 964
Initial fitness values: [np.float64(3.565729177283242), np.float64(3.3280897863128134), np.float64(2.9326903242533753), np.float64(2.877577886515068), np.float64(2.8400874377099252), np.float64(2.8400874377099252), np.float64(2.818724256175551), np.float64(2.807931638112022), np.float64(2.7683010025159467), np.float64(2.759403591924118)]
Final fitness values: [np.float64(2.5143112339435563), np.float64(2.5143112339435563), np.float64(2.5143112339435563), np.float64(2.5143112339435563), np.float64(2.5143112339435563), np.float64(2.5143112339435563), np.float64(2.5143112339435563), np.float64(2.5143112339435563), np.float64(2.5143112339435563), np.float64(2.5143112339435563)]
HOF ITEM
2.5143112339435563
5.8729164615807985,-1.4725597388324363,-2.065067388782806,2.492812978373252,5.584015158580912,4.560777274588562,3.130627567880673,0.3217514188944969,-5.11168525036866,1.5183950572026157,1.4910785512007636,-1.5355479173780104,1.1509041740901214,2.453789682264262,-3.1435433580310295,-3.483091803492683,0.9302117503784902,-0.5060296613577766
HOF ITEM
2.514352732869738
5.8729164615807985,-1.4725597388324363,-2.065067388782806,2.492812978373252,5.584015158580912,4.560777274588562,3.130627567880673,0.3217514188944969,-5.11168525036866,1.5183950572026157,1.4910785512007636,-1.5355479173780104,1.1509041740901214,2.453789682264262,-3.1435433580310295,-3.483091803492683,1.1597469056837613,-0.5060296613577766
HOF ITEM
2.5145270920269227
5.8729164615807985,-1.4725597388324363,-2.065067388782806,2.492812978373252,5.584015158580912,4.560777274588562,3.130627567880673,0.3217514188944969,-5.615554476529199,1.5183950572026157,1.4910785512007636,-1.5355479173780104,1.1509041740901214,2.453789682264262,-3.1435433580310295,-3.483091803492683,0.9302117503784902,-0.5060296613577766
HOF ITEM
2.514770056577407
5.8729164615807985,-1.4725597388324363,-1.5510191902772386,2.495485748037061,5.584015158580912,4.654752000097905,3.130627567880673,0.3217514188944969,-4.9539038251119605,1.5183950572026157,1.451576961384884,-1.6197022816863251,1.1509041740901214,2.464091191796674,-3.1435433580310295,-3.483091803492683,0.9302117503784902,-0.5060296613577766
HOF ITEM
2.514981274709282
5.8729164615807985,-1.4725597388324363,-2.065067388782806,2.495485748037061,5.584015158580912,4.560777274588562,3.130627567880673,0.3217514188944969,-5.11168525036866,1.5183950572026157,1.4910785512007636,-1.5355479173780104,1.1509041740901214,2.453789682264262,-3.1435433580310295,-3.483091803492683,0.9302117503784902,-0.5060296613577766
seed 965
Initial fitness values: [np.float64(3.52387201212146), np.float64(3.241415179618873), np.float64(3.1131523798663845), np.float64(2.9506327112957385), np.float64(2.848894680561618), np.float64(2.8356128507901524), np.float64(2.8356128507901524), np.float64(2.8355553635818573), np.float64(2.833016509227873), np.float64(2.8314564999810647)]
Final fitness values: [np.float64(2.3926096266895165), np.float64(2.3926096266895165), np.float64(2.3926096266895165), np.float64(2.3926096266895165), np.float64(2.3926096266895165), np.float64(2.3926096266895165), np.float64(2.3923143590484335), np.float64(2.3923143590484335), np.float64(2.386921423287818), np.float64(2.386921423287818)]
HOF ITEM
2.386921423287818
0.13475227439812368,1.032691737934482,6.4991702463185375,1.119470996092694,-5.866067001701668,-5.791742484877869,0.38831249282750724,2.8027890414356063,-5.512353084898639,5.466937332165483,2.280407544082494,-0.36953587316939135,5.99256827047392,0.0,-0.37798202288887,4.618299422345157,0.4636938090445921,2.546928297505663
HOF ITEM
2.3880254158609038
0.13475227439812368,1.032691737934482,6.4991702463185375,1.119470996092694,-5.866067001701668,-5.791742484877869,0.38831249282750724,2.8027890414356063,-5.512353084898639,5.466937332165483,2.280407544082494,-0.36953587316939135,5.99256827047392,0.21212935878227387,-0.37798202288887,4.618299422345157,0.4636938090445921,2.546928297505663
HOF ITEM
2.391996601955471
0.13475227439812368,1.023549775076666,6.4991702463185375,1.1066937796706986,-5.866067001701668,-5.791742484877869,0.38831249282750724,2.8027890414356063,-5.512353084898639,5.466937332165483,2.280407544082494,-0.36953587316939135,5.99256827047392,0.0,-0.1769278710281102,4.618299422345157,0.559697046174171,2.546928297505663
HOF ITEM
2.3923143590484335
0.13475227439812368,1.032691737934482,6.4991702463185375,1.119470996092694,-5.866067001701668,-5.791742484877869,0.38831249282750724,2.8027890414356063,-5.500335416356908,5.556980733133258,2.280407544082494,-0.36953587316939135,5.99256827047392,0.0,-0.37798202288887,4.618299422345157,0.4636938090445921,2.546928297505663
HOF ITEM
2.3923206454120303
0.13475227439812368,1.023549775076666,6.4991702463185375,1.1066937796706986,-5.866067001701668,-5.791742484877869,0.38831249282750724,2.8027890414356063,-5.512353084898639,5.466937332165483,2.280407544082494,-0.36953587316939135,5.99256827047392,0.21212935878227387,-0.37798202288887,4.618299422345157,0.559697046174171,2.546928297505663
seed 966
Initial fitness values: [np.float64(3.3656633892768655), np.float64(3.3096906172811096), np.float64(2.997927576717378), np.float64(2.971959246348394), np.float64(2.8640760367973392), np.float64(2.81243027498135), np.float64(2.6710320414510527), np.float64(2.6599040750239764), np.float64(2.636198428893322), np.float64(2.5840221039885254)]
Final fitness values: [np.float64(2.384821522136712), np.float64(2.384820835466037), np.float64(2.384735505636968), np.float64(2.384735505636968), np.float64(2.38473474327298), np.float64(2.3847347432686625), np.float64(2.3847347432671713), np.float64(2.38466674519331), np.float64(2.384666745193309), np.float64(2.384665565287773)]
HOF ITEM
2.384665565287773
-6.257151343396648,1.561355625148483,0.35805167217271866,-6.946730517233236,1.250265052865494,3.6630030464710734,5.796043949043814,0.0,-1.8993038497453674,0.36031610971251726,0.5044461606177386,-0.04539079830570225,-5.0916413901946,1.9245028134026398,-1.1792551116400118,5.914007973317546,1.028265731936962,-4.720842438812492
HOF ITEM
2.38466584503161
-6.257151343396648,1.561355625148483,0.35805167217271866,-6.946730517233236,1.250265052865494,3.6630030464710734,5.796043949043814,0.0,-1.7033196682675031,0.36031610971251726,0.5044461606177386,-0.04539079830570225,-5.0916413901946,1.9245028134026398,-1.1792551116400118,5.914007973317546,1.028265731936962,-4.720842438812492
HOF ITEM
2.384666745193309
-6.257151343396648,1.561355625148483,0.35805167217271866,-6.946730517233236,1.250265052865494,3.6630030464710734,5.971275880452121,0.0,-1.8993038497453674,0.36031610971251726,0.5044461606177386,-0.04539079830570225,-5.0916413901946,1.9245028134026398,-1.1792551116400118,5.914007973317546,1.028265731936962,-4.880512287192463
HOF ITEM
2.38466674519331
-6.257151343396648,1.561355625148483,0.35805167217271866,-6.946730517233236,1.250265052865494,3.6630030464710734,5.971275880452121,0.0,-1.8993038497453674,0.36031610971251726,0.5044461606177386,-0.04539079830570225,-5.0916413901946,1.9245028134026398,-1.1792551116400118,5.914007973317546,1.028265731936962,-4.720842438812492
HOF ITEM
2.384666745193311
-6.257151343396648,1.561355625148483,0.35805167217271866,-6.946730517233236,1.250265052865494,3.6630030464710734,5.971275880452121,0.0,-1.8993038497453674,0.36031610971251726,0.5044461606177386,-0.04539079830570225,-5.0916413901946,1.9245028134026398,-1.1792551116400118,5.914007973317546,1.1987324824492789,-4.880512287192463
seed 967
Initial fitness values: [np.float64(3.185386503055341), np.float64(3.1185766563616513), np.float64(2.9959791112592526), np.float64(2.904541331721994), np.float64(2.904541331721994), np.float64(2.8714624868780607), np.float64(2.8714624341860517), np.float64(2.830068819517017), np.float64(2.830068819517017), np.float64(2.8079183487215396)]
Final fitness values: [np.float64(2.3793483290398934), np.float64(2.3793483290398934), np.float64(2.3793483290398934), np.float64(2.3793483290398934), np.float64(2.3793483290398934), np.float64(2.379346822057288), np.float64(2.379346822057288), np.float64(2.379346822057288), np.float64(2.379346822057288), np.float64(2.379346822057288)]
HOF ITEM
2.379346822057288
-2.7152342258377224,1.3517421410306472,-1.820770706985462,-4.575604941086267,-6.151626263171617,4.33517524136053,-1.6775635102820317,1.7796532041415403,-5.569376692995619,-1.2043882922016462,3.0,-7.0,6.479041373519211,0.32041746816700667,-3.5161300568983846,-0.155024825294867,1.2836355428985537,-3.9420587660280906
HOF ITEM
2.37934682522945
-2.7152342258377224,1.3517421410306472,-1.820770706985462,-4.575604941086267,-6.151626263171617,4.33517524136053,-1.6775635102820317,1.7796532041415403,-5.569376692995619,-1.2043882922016462,3.0,-7.0,6.479041373519211,0.32041746816700667,-3.5161300568983846,-0.155024825294867,1.2836355428985537,-4.135780716250669
HOF ITEM
2.37934688781334
-2.7152342258377224,1.3517421410306472,-1.820770706985462,-4.575604941086267,-6.151626263171617,4.33517524136053,-1.6775635102820317,1.7796532041415403,-5.569376692995619,-1.2043882922016462,3.0,-7.0,6.479041373519211,0.32041746816700667,-3.628090798113486,-0.155024825294867,1.2836355428985537,-3.9420587660280906
HOF ITEM
2.3793468909854996
-2.7152342258377224,1.3517421410306472,-1.820770706985462,-4.575604941086267,-6.151626263171617,4.33517524136053,-1.6775635102820317,1.7796532041415403,-5.569376692995619,-1.2043882922016462,3.0,-7.0,6.479041373519211,0.32041746816700667,-3.628090798113486,-0.155024825294867,1.2836355428985537,-4.135780716250669
HOF ITEM
2.3793482542246576
-2.7152342258377224,1.3517421410306472,-1.820770706985462,-4.575604941086267,-6.151626263171617,4.33517524136053,-1.6775635102820317,1.7796532041415403,-5.569376692995619,-1.2043882922016462,3.0,-7.0,6.479041373519211,0.32041746816700667,-3.5161300568983846,-0.425550415645105,1.2836355428985537,-3.9420587660280906
seed 968
Initial fitness values: [np.float64(3.6587749739990465), np.float64(3.2359555019840016), np.float64(3.100970971111442), np.float64(2.7429827845920736), np.float64(2.7429827845920736), np.float64(2.602879409867147), np.float64(2.570814461295748), np.float64(2.4001558524232762), np.float64(2.4001558524232762), np.float64(2.3873703088944462)]
Final fitness values: [np.float64(2.280455968464568), np.float64(2.2802753744291833), np.float64(2.2802753744291833), np.float64(2.2785800942494667), np.float64(2.2785800942494667), np.float64(2.2785800942494667), np.float64(2.27857802957098), np.float64(2.27857802957098), np.float64(2.27857802957098), np.float64(2.2785780295604514)]
HOF ITEM
2.2785780295604514
-3.3629983183146885,1.2509670025849347,2.9189764419625988,-4.122761883293808,4.407505322984694,1.3392368529580148,-5.056943615734772,2.4680913272180787,4.166504818663389,0.8502334055922681,1.7994093768571944,0.6860109434854013,-2.5656613294173694,2.0550342487574125,-3.047144525073759,0.06299569261486565,2.5385797073551872,-6.011927923739117
HOF ITEM
2.27857802957098
-3.3629983183146885,1.2509670025849347,2.9189764419625988,-4.122761883293808,4.407505322984694,1.3392368529580148,-5.056943615734772,2.4680913272180787,4.166504818663389,0.5013299251836996,1.7994093768571944,0.6860109434854013,-2.5656613294173694,2.0550342487574125,-3.047144525073759,0.06299569261486565,2.5385797073551872,-6.011927923739117
HOF ITEM
2.2785780295712126
-3.3629983183146885,1.2509670025849347,2.9189764419625988,-4.122761883293808,4.407505322984694,1.3392368529580148,-5.056943615734772,2.4680913272180787,4.166504818663389,0.5013299251836996,1.7994093768571944,0.6860109434854013,-2.5656613294173694,2.0550342487574125,-3.047144525073759,0.06299569261486565,2.5385797073551872,-6.398343411030233
HOF ITEM
2.278578029774092
-3.3629983183146885,1.2509670025849347,2.9189764419625988,-4.122761883293808,4.407505322984694,1.3392368529580148,-5.056943615734772,2.4680913272180787,4.166504818663389,0.5013299251836996,1.7994093768571944,0.6860109434854013,-2.5656613294173694,2.0550342487574125,-3.047144525073759,0.06299569261486565,2.513379266753871,-6.011927923739117
HOF ITEM
2.278579551135797
-3.3629983183146885,1.2509670025849347,2.9189764419625988,-4.122761883293808,4.407505322984694,1.3392368529580148,-5.056943615734772,2.4680913272180787,4.166504818663389,0.5013299251836996,1.7994093768571944,0.6860109434854013,-2.5656613294173694,2.0550342487574125,-3.047144525073759,-0.6109186420633562,2.5385797073551872,-6.011927923739117
seed 969
Initial fitness values: [np.float64(3.5552153769851307), np.float64(2.8582212967687113), np.float64(2.8582212967687113), np.float64(2.8582212967687113), np.float64(2.759120990897354), np.float64(2.649255350299968), np.float64(2.649255350299968), np.float64(2.5957283013116097), np.float64(2.5707736303030098), np.float64(2.5707671247782153)]
Final fitness values: [np.float64(2.5346330465667837), np.float64(2.5346330465667837), np.float64(2.5346330465667837), np.float64(2.5346330465667837), np.float64(2.5346330465667837), np.float64(2.53461571176403), np.float64(2.534615699569993), np.float64(2.534615699569993), np.float64(2.5345823429322207), np.float64(2.534191628978666)]
HOF ITEM
2.534191628978666
1.90301355718273,-0.13102238143410194,4.714747351561337,-6.3104429025480835,-3.049404616117622,-3.184204260013761,6.650784220010204,1.0294726536971954,4.9961179361265025,-0.4094211193754317,2.3257504462014826,-5.385918117170775,1.1332308141047607,2.0185599008517703,-1.1970617293175316,1.9320935265729158,2.1238157945523284,4.019995401055162
HOF ITEM
2.534364283900212
1.90301355718273,-0.13102238143410194,4.644529403188237,-6.3104429025480835,-3.049404616117622,-3.184204260013761,6.667984743182284,0.8716497678229115,5.164914385171712,-0.4094211193754317,2.4642792882461078,-5.252230377085591,1.1332308141047607,2.016418901706897,-1.1970617293175316,1.9320935265729158,2.1238157945523284,4.002987870197486
HOF ITEM
2.5345823429322207
1.90301355718273,-0.13102238143410194,5.039852123309565,-6.292118073426047,-3.049404616117622,-3.184204260013761,6.667984743182284,0.661846464432237,5.123739823171759,-0.38967160461261463,1.9600874457119004,-5.169320955863964,1.1332308141047607,2.016418901706897,-1.1970617293175316,1.9320935265729158,2.1238157945523284,4.019995401055162
HOF ITEM
2.534615699569993
1.90301355718273,-0.13102238143410194,4.644529403188237,-6.3104429025480835,-3.049404616117622,-3.184204260013761,6.667984743182284,0.8716497678229115,4.9961179361265025,-0.4094211193754317,2.3133240134239275,-5.169320955863964,1.1332308141047607,2.016418901706897,-1.1970617293175316,1.9320935265729158,2.1238157945523284,4.019995401055162
HOF ITEM
2.53461571176403
1.90301355718273,-0.13102238143410194,4.644529403188237,-6.3104429025480835,-3.049404616117622,-3.184204260013761,6.667984743182284,0.8716497678229115,4.9961179361265025,-0.4094211193754317,2.3133240134239275,-5.2578758235037,1.1332308141047607,2.016418901706897,-1.1970617293175316,1.9320935265729158,2.1238157945523284,4.019995401055162
best parameter set
fitness 1.936593632613025 seed 963
0.46479439267306305,0.8957168029487184,5.880293690573834,1.7823842288597187,5.0862189199405385,2.6822877153175333,-1.8726377794533087,2.2294918679883815,1.9479901314229116,-3.6071681160686104,2.0168055778774177,5.403321780374262,0.41262270075334617,2.953468546657721,4.151024485273831,0.775206914914639,2.436545405274667,-0.5742061966640443
